334.7239519977621	750	4.0	1.3635410944606852	450283	1363.5410944606851	-5.113226706180946	64.858346
335.3411337567192	300	7.382818241042815	0.0	155580	617.1817589571846	-0.15000000000000002	18.412623
335.78791030882377	300	10.93604168893833	0.0	139857	446.77655210448495	0.3	17.596212
337.90005952719736	1850	12.823892470564767	0.0	933276	2112.149218373565	0.30000000000000004	78.955826
341.17995736408136	2850	13.543994633680722	0.0	1472558	3279.8978368840426	1.85	85.928154
343.6652102049791	2850	15.058741792783017	0.0	1224260	2485.252840897705	2.85	94.229141
346.5531732287861	2850	16.170778768976	0.0	1388403	2887.963023807017	2.85	97.582873
350.0068161790378	2850	16.71713581872431	0.0	1638769	3453.6429502516908	2.85	97.908255
352.79197623405787	2850	17.931975763704262	0.0	1348011	2785.1600550200496	2.85	96.808308
355.9417500817937	2850	18.782201915968432	0.0	1429765	3149.77384773583	2.85	94.962414
359.39136342192705	2850	19.3325885758351	0.0	1354548	3449.6133401333327	2.85	95.957675
363.0956986070277	2850	19.628253390734415	0.0	1519951	3704.335185100685	2.85	92.483401
366.33315377794327	2850	20.39079821981882	0.0	1422919	3237.4551709155976	2.85	93.510922
370.275474088417	2850	20.448477909345115	0.0	1578343	3942.320310473706	2.85	91.568178
373.78778404650154	2850	20.936167951260565	0.0	1231445	3512.309958084549	2.85	88.830113
377.7906351026636	2850	20.93331689509853	0.0	1471065	4002.8510561620337	2.85	93.514387
382.52263927006777	2850	20.201312727694326	0.0	1491626	4732.004167404204	2.85	94.650033
386.9431922093994	2850	19.780759788362694	0.0	1358801	4420.55293933163	2.85	92.142023
390.8123087490899	1850	19.911643248672252	0.0	987708	3869.1165396904435	0.8500000000000001	79.995224
394.26913740954024	1850	20.454814588221918	0.0	923755	3456.828660450335	1.85	86.363677
397.3410048916524	1850	21.38294710610975	0.0	891604	3071.8674821121663	1.85	81.773294
400.3756821757599	1850	22.34826982200224	0.0	955231	3034.677284107512	1.85	79.031768
404.12842554782475	1850	22.595526449937314	0.0	968026	3752.743372064923	1.85	73.123347
409.3145582728611	1850	21.40939372490096	0.0	874175	5186.132725036357	1.85	80.700778
413.3799601472249	1850	21.343991850537158	0.0	897976	4065.4018743638	1.85	86.994267
419.4086413593602	1850	19.315310638401865	0.0	905935	6028.681212135293	1.85	89.133614
424.7004053129111	1200	18.023546684850995	0.0	696376	5291.763953550868	0.5499999999999999	80.745588
427.71236931099725	1200	19.011582686764807	0.0	487160	3011.96399808619	1.2	80.893459
433.080062985634	1200	17.643889012128042	0.0	622896	5367.693674636764	1.2	80.053124
436.00759585658074	750	18.716356141181365	0.0	400508	2927.53287094668	0.3	67.821489
438.9555851268839	750	19.76836687087821	0.0	358218	2947.9892703031555	0.75	64.789531
442.3782476319598	750	20.345704365802238	0.0	400322	3422.6625050759726	0.75	60.651768
445.8316104416959	750	20.89234155606619	0.0	369834	3453.3628097360506	0.75	68.369339
449.27706194125	750	21.446890056512103	0.0	412837	3445.4514995540835	0.75	49.996929
452.17536171065206	750	22.548590287110045	0.0	401088	2898.2997694020596	0.75	69.915275
454.7168465941185	750	24.00710540364361	0.0	365161	2541.4848834664353	0.75	60.276519
457.2513769243426	750	25.472575073419545	0.0	321064	2534.5303302240663	0.75	67.040505
460.1398347003552	750	26.584117297406927	0.0	361565	2888.45777601262	0.75	66.788635
462.5460279200966	750	28.177924077665537	0.0	378327	2406.1932197413867	0.75	62.32333
466.54872602658946	1200	28.17522597117269	0.0	587506	4002.6981064928477	0.75	72.886388
470.2350895501023	1200	28.48886244765984	0.0	566904	3686.3635235128477	1.2	86.974261
474.766888938854	1200	27.957063058908155	0.0	641452	4531.799388751684	1.2	75.706383
478.20636894800856	1200	28.51758304975359	0.0	599477	3439.480009154565	1.2	71.343181
484.3009297511988	1200	26.423022246563367	0.0	634861	6094.560803190223	1.2	75.003938
487.3954585470867	750	27.328493450675428	0.0	398987	3094.528795887937	0.3	63.729239
489.98882381665027	750	28.735128181111914	0.0	393804	2593.365269563515	0.75	62.845425
493.82024748374164	1200	28.903704514020518	0.0	538612	3831.4236670913965	0.75	74.51099
498.3874384736363	1200	28.336513524125877	0.0	550906	4567.190989894644	1.2	86.366143

