28756.159580769705	600.0	4.0	0.8007861010336718	247108	800.7861010336718	0.004899818	-15.415722020673437
28756.527235410293	200.0	7.632345359415164	0.0	98617	367.6546405848358	0.004705182	0.2
28756.917813865435	200.0	11.241766904271415	0.0	106476	390.5784551437479	0.004705182	0.2
28757.33392674896	200.0	14.825654020746358	0.0	115230	416.1128835250579	0.004705182	0.2
28757.69878409496	200.0	18.46079667474887	0.0	97658	364.8573459974842	0.004705182	0.2
28758.063641440956	200.0	22.09593932875139	0.0	97658	364.8573459974842	0.004705182	0.2
28758.48139361495	200.0	25.678187154759083	0.0	115792	417.7521739923067	0.004705182	0.2
28758.875466500667	200.0	29.28411426904636	0.0	107674	394.07288571272306	0.004705182	0.2
28759.233460411666	200.0	32.926120358047875	0.0	95305	357.9939109984869	0.004705182	0.2
28759.620973218618	200.0	36.538607551091104	0.0	105425	387.5128069567754	0.008489924	0.2
28759.979142142834	200.0	40.18043862687548	0.0	95365	358.1689242156309	0.004705182	0.2
28760.337243978654	200.0	43.822336791059755	0.0	95342	358.1018358157257	0.004705182	0.2
28760.715988623433	200.0	47.44359214628189	0.0	102419	378.74464477786086	0.0069026067	0.2
28761.031868520615	200.0	51.12771224910215	0.0	80867	315.87989717973494	0.004705182	0.2
28761.353240915923	200.0	54.806339853791044	0.0	82750	321.37239531110424	0.008164878	0.2
28781.048378156815	12000.0	39.11120261290158	0.0	5443841	19695.137240889468	0.17296806	12.0
28781.425165772915	200.0	42.734414996802506	0.0	89871	376.7876160990712	0.004705182	0.2
28792.870722739375	12000.0	35.288858030342396	0.0	4055239	11445.556966460115	0.004705182	12.0
28793.17584290527	200.0	38.983737864446915	0.0	90919	305.12016589547966	0.004705182	0.2
28793.46847634126	200.0	42.6911044284606	0.0	85876	292.63343598631985	0.009079095	0.2
28793.83237055194	200.0	46.32721021777952	0.0	114656	363.89421068106907	0.012736255	0.2
28794.15438482019	200.0	50.005195949530254	0.0	97742	322.0142682492765	0.10448629	0.2
28808.34207011619	12000.0	39.81751065353167	0.0	5141915	14187.685295998577	0.0073468382	12.0
28808.66644307905	200.0	43.49313769066766	0.0	85752	324.37296286401283	0.004705182	0.2
28809.015905364206	200.0	47.14367540551314	0.0	94556	349.4622851545107	0.004705182	0.2
28818.345885824765	8000.0	41.813694944950214	0.0	3253093	9329.98046056293	0.0049170367	8.0
28834.436296570613	12000.0	29.72328419910407	0.0	5138482	16090.41074584614	0.012001635	12.0
28843.63251360767	8000.0	24.527067162047985	0.0	3354913	9196.217037056089	0.004705182	8.0
28843.937633061596	200.0	28.221947708123068	0.0	93993	305.11945392491464	0.03373885	0.2
28844.250153269964	200.0	31.909427499752315	0.0	97083	312.5202083707563	0.17012188	0.2
28844.55524637816	200.0	35.6043343915552	0.0	93982	305.09310819711396	0.14616503	0.2
28853.711895072272	8000.0	30.44768569744253	0.0	3568902	9156.648694112666	0.012051844	8.0
28855.4621364033	1500.0	32.69744436641543	0.0	633700	1750.2413310270983	0.054714203	1.5
28855.77782572049	200.0	36.381755049225745	0.0	89422	315.6893171896878	0.09189963	0.2
28856.143074052587	200.0	40.016506717127896	0.0	108225	365.24833209785027	0.032849234	0.2
28856.454464547605	200.0	43.70511622211101	0.0	87791	311.3904950168849	0.19549525	0.2
28856.803537605836	200.0	47.356043163878574	0.0	102088	349.0730582324356	0.6582534	0.2
28865.554566052026	8000.0	42.605014717688086	0.0	3739359	8751.028446190487	0.760434	8.0
28877.723970853724	12000.0	34.43560991599242	0.0	5257310	12169.404801695664	0.004705182	12.0
28878.039677110857	200.0	38.11990365885905	0.0	101968	315.70625713336324	0.19989602	0.2
28898.334081355988	12000.0	21.82549941372715	0.0	4828747	20294.404245131904	0.0051467144	12.0
28903.789561033198	4000.0	20.370019736517875	0.0	1830641	5455.479677209272	0.054825064	4.0
28908.73367912284	4000.0	19.425901646875797	0.0	1697030	4944.1180896420765	0.026855221	4.0
28914.120723625594	4000.0	18.0388571441211	0.0	1910697	5387.044502754698	0.0055438727	4.0
28927.325813628795	8000.0	8.833767140918917	0.0	3682991	13205.090003202182	0.19833007	8.0
28930.314574057273	1500.0	9.845006712442409	0.0	763847	2988.7604284765066	0.06242082	1.5
28936.280409123985	4000.0	7.879171645733722	0.0	1750852	5965.835066708688	0.008861806	4.0
28939.078798870807	1500.0	9.080781898911576	0.0	808636	2798.3897468221453	0.15694448	1.5

