35628.76745770074	600.0	4.0	1.0709092731829573	247108	1070.9092731829573	0.69449544	-20.818185463659145
35629.24291434235	200.0	7.52454335839599	0.0	98617	475.4566416040101	0.004705182	0.2
35629.74988577092	200.0	11.01757192982456	0.0	106476	506.97142857142853	0.004705182	0.2
35630.29196095889	200.0	14.475496741854634	0.0	115230	542.0751879699249	0.004705182	0.2
35630.763571986456	200.0	18.003885714285712	0.0	97658	471.6110275689223	0.004705182	0.2
35631.235183014025	200.0	21.532274686716793	0.0	97658	471.6110275689223	0.004705182	0.2
35631.77951183608	200.0	24.987945864661654	0.0	115792	544.3288220551378	0.004705182	0.2
35632.29128727468	200.0	28.476170426065163	0.0	107674	511.7754385964912	0.004705182	0.2
35635.94607624711	1500.0	28.821381453634086	0.0	891463	3654.7889724310776	0.004705182	1.5
35638.909233339844	1500.0	29.85822436090226	0.0	763093	2963.1570927318294	0.004705182	1.5
35641.14871684862	1500.0	31.61874085213033	0.0	769316	2239.48350877193	0.004705182	1.5
35643.31830562055	1500.0	33.449152080200506	0.0	744416	2169.5887719298244	0.004705182	1.5
35645.09961649775	1500.0	35.66784120300752	0.0	606092	1781.3108771929826	0.004705182	1.5
35647.27929649775	1500.0	37.48816120300752	0.0	748011	2179.6800000000003	0.004705182	1.5
35650.54311891807	1500.0	38.224338782684505	0.0	754517	3263.8224203230156	0.004705182	1.5
35658.06311891807	1500.0	34.70433878268451	0.0	934743	7519.999999999999	0.004705182	1.5
35660.76780279918	1500.0	35.99965490157473	0.0	735572	2704.683881109781	0.004705182	1.5
35662.977504926836	1500.0	37.789952773915154	0.0	772616	2209.7021276595747	0.004705182	1.5
35665.11768857745	1500.0	39.64976912329925	0.0	747396	2140.1836506159016	0.0052608578	1.5
35667.023441700025	1500.0	41.74401600072194	0.0	662349	1905.7531225773107	0.005251776	1.5
35683.35829342999	8000.0	29.409164270753294	0.0	3690869	16334.851729968643	0.004705182	8.0
35685.60024386482	1500.0	31.167213835926972	0.0	806394	2241.9504348263213	0.0052834996	1.5
35687.850057702184	1500.0	32.91739999856375	0.0	809327	2249.813837363227	0.004705182	1.5
35688.15995967775	200.0	36.60749802299445	0.0	85752	309.90197556929576	0.004705182	0.2
35690.481549843236	1500.0	38.28590785750988	0.0	855209	2321.5901654845647	0.004705182	1.5
35698.748778584544	8000.0	34.01867911620054	0.0	3253093	8267.22874130934	0.004705182	8.0
35702.88594748491	1500.0	33.88151021583809	0.0	794014	4137.168900362452	0.004705182	1.5
35710.15291242918	1500.0	30.614545271575874	0.0	914284	7266.964944262218	0.004705182	1.5
35715.66247450229	1500.0	29.10498319845414	0.0	675709	5509.562073121736	0.004705182	1.5
35721.964088764355	1500.0	26.803368936397202	0.0	707527	6301.614262056939	0.004705182	1.5
35730.5394786923	1500.0	22.22797900845302	0.0	757473	8575.389927944185	0.004705182	1.5
35737.78531155402	1500.0	18.982146146728812	0.0	712239	7245.832861724203	0.083131604	1.5
35738.87005279781	200.0	21.897404902938334	0.0	99865	1084.74124379048	0.5372756	0.2
35746.369719754955	1500.0	18.397737945792542	0.0	755142	7499.666957145794	0.23636316	1.5
35751.10797247962	1500.0	17.659485221133345	0.0	670327	4738.252724659197	0.05237512	1.5
35753.06347484483	1500.0	19.703982855920625	0.0	785519	1955.5023652127202	0.019982357	1.5
35754.76953068474	1500.0	21.997927016008965	0.0	681043	1706.0558399116592	0.16836998	1.5
35756.91777415988	1500.0	23.84968354086235	0.0	866245	2148.2434751466135	0.0321732	1.5
35762.779574912696	4000.0	21.987882788051195	0.0	2142800	5861.800752811157	0.33511782	4.0
35770.42677037884	4000.0	18.340687321908362	0.0	2094647	7647.195466142835	0.6118331	4.0
35773.560870491005	600.0	19.20658720974616	0.0	315398	3134.1001121621975	0.34165677	0.6
35777.86411203858	600.0	18.903345662168608	0.0	302912	4303.241547577553	0.015386371	0.6
35781.96362554135	600.0	18.80383215939747	0.0	329059	4099.5135027711385	0.03988156	0.6
35789.05181726698	1500.0	15.715640433763461	0.0	848035	7088.1917256340075	0.004705182	1.5
35794.76980260678	1500.0	13.997655093963816	0.0	629438	5717.985339799645	0.019741591	1.5
35797.57398950501	600.0	15.193468195741831	0.0	288236	2804.186898221986	0.62693965	0.6
35800.07439472682	600.0	16.6930629739331	0.0	256094	2500.405221808731	0.6816147	0.6
35807.98518122343	1500.0	12.782276477320414	0.0	808636	7910.786496612683	0.014061337	1.5

