8716.168834971928	600.0	4.0	0.82053717924705	247108	820.5371792470501	-15.810743584941003
8718.443717908807	1500.0	5.725117063120434	0.0	732405	2274.882936879566	1.5
8719.388140459847	600.0	8.780694512080915	0.0	288447	944.4225510395205	0.6
8720.306325887828	600.0	11.862509084098146	0.0	279692	918.1854279827684	0.6
8721.34036222422	600.0	14.828472747705565	0.0	318350	1034.036336392583	0.6
8721.713025269735	200.0	18.455809702191424	0.0	97658	372.66304551414123	0.2
8722.775795076815	600.0	21.393039895111443	0.0	327938	1062.7698070799777	0.6
8723.679389008263	600.0	24.489445963663606	0.0	274823	903.5939314478367	0.6
8724.630632312254	600.0	27.538202659674095	0.0	290723	951.2433039895112	0.6
8741.738154718323	12000.0	14.43068025360541	0.0	5088378	17107.522406068685	12.0
8742.097679147215	200.0	18.071155824712086	0.0	95365	359.5244288933262	0.2
8743.014871885413	600.0	21.153963086514345	0.0	285624	917.1927381977395	0.6
8744.871388638487	1500.0	23.29744633344127	0.0	606092	1856.5167530730762	1.5
8745.188417967815	200.0	26.98041700411377	0.0	80867	317.0293293274956	0.2
8745.51096655997	200.0	30.65786841195813	0.0	82750	322.5485921556415	0.2
8745.867595061263	200.0	34.30123991066661	0.0	94377	356.62850129151633	0.2
8751.240356515797	4000.0	32.92847845613335	0.0	1835863	5372.76145453326	4.0
8765.18356679853	12000.0	22.985268173399085	0.0	4055239	13943.210282734264	12.0
8766.550525862858	600.0	25.6183091090716	0.0	330105	1366.9590643274855	0.6
8767.57109315581	600.0	28.597741816121392	0.0	310849	1020.567292950208	0.6
8769.920543757482	1500.0	30.24829121444791	0.0	835711	2349.4506016734845	1.5
8770.844661274752	600.0	33.32417369717844	0.0	310841	924.1175172694716	0.6
8771.198053559074	200.0	36.9707814128559	0.0	100675	353.3922843225445	0.2
8772.089812075003	600.0	40.07902289692725	0.0	298925	891.7585159286479	0.6
8774.492211301058	1500.0	41.67662367087114	0.0	855209	2402.399226056111	1.5
8776.323391056316	1500.0	43.84544391561392	0.0	644861	1831.1797552572175	1.5
8791.094895468601	12000.0	33.07393950332934	0.0	5138482	14771.504412284576	12.0
8801.677201766113	8000.0	26.49163320581738	0.0	3354913	10582.306297511961	8.0
8802.121789513694	200.0	30.047045458235623	0.0	93993	444.5877475817596	0.2
8803.376128770404	600.0	32.792706201526364	0.0	302752	1254.3392567092537	0.6
8803.820673850285	200.0	36.34816112164564	0.0	93982	444.54507988072436	0.2
8817.858605341611	8000.0	26.31022963031879	0.0	3568902	14037.931491326844	8.0
8820.896629804638	600.0	27.272205167293585	0.0	310713	3038.024463025207	0.6
8821.849199177082	200.0	30.319635794847407	0.0	89422	952.5693724461792	0.2
8828.252451089309	1500.0	27.916383882619645	0.0	670327	6403.251912227763	1.5
8828.60965117614	200.0	31.559183795788396	0.0	87791	357.2000868312514	0.2
8829.5893713427	600.0	34.57946362923027	0.0	284947	979.7201665581277	0.6
8829.923243819167	200.0	38.24559115276351	0.0	80403	333.87247646675746	0.2
8830.277055908444	200.0	41.8917790634852	0.0	86718	353.81208927831386	0.2
8830.679019873474	200.0	45.489815098454514	0.0	101968	401.96396503068695	0.2
8847.567765498748	12000.0	32.601069473180424	0.0	4828747	16888.745625274092	12.0
8854.107262972864	4000.0	30.061571999065883	0.0	1830641	6539.497474114537	4.0
8859.858621899954	4000.0	28.31021307197614	0.0	1697030	5751.358927089743	4.0
8860.73867352766	600.0	31.43016144426927	0.0	278938	880.0516277068695	0.6
8871.360071066569	8000.0	24.808763905360333	0.0	3682991	10621.397538908937	8.0
8873.610977509186	1500.0	26.5578574627435	0.0	763847	2250.9064426168356	1.5
8878.667020992852	4000.0	25.501813979076516	0.0	1750852	5056.043483666981	4.0
8899.732780467104	12000.0	8.43605450482585	0.0	5646381	21065.759474250666	12.0

