11132.789655585882	600.0	4.0	0.7204769078744878	247108	720.4769078744878	-13.809538157489756
11133.125260063374	200.0	7.664395522508951	0.0	98617	335.60447749104986	0.2
11133.952883137681	600.0	10.836772448202685	0.0	288447	827.6230743062642	0.6
11135.895029547102	1500.0	12.894626038781164	0.0	718451	1942.1464094215225	1.5
11141.338400300856	4000.0	11.45125528502697	0.0	2069289	5443.370753754191	4.0
11146.229283071223	4000.0	10.560372514660047	0.0	1863995	4890.882770366925	4.0
11148.211309395067	1500.0	12.578346190815541	0.0	737903	1982.026323844506	1.5
11153.604188821313	4000.0	11.18546676456988	0.0	2058614	5392.879426245661	4.0
11158.506569657771	4000.0	10.283085928112406	0.0	1857129	4902.380836457472	4.0
11160.56808255194	1500.0	12.22157303394359	0.0	763093	2061.512894168817	1.5
11167.36274329206	4000.0	9.426912293824182	0.0	2094766	6794.660740119409	4.0
11170.161202232124	1500.0	10.628453353759364	0.0	744416	2798.458940064819	1.5
11172.454529479124	1500.0	12.335126106760686	0.0	606092	2293.3272469986764	1.5
11176.797747332117	4000.0	11.99190825376689	0.0	1805063	4343.2178529937955	4.0
11181.666285467121	4000.0	11.12337011876148	0.0	2157416	4868.53813500541	4.0
11188.21410264119	4000.0	8.575552944694433	0.0	2231719	6547.817174067048	4.0
11189.39205256767	600.0	11.397603018213479	0.0	340687	1177.9499264809556	0.6
11195.877706820627	4000.0	8.91194876525582	0.0	2192675	6485.654252957658	4.0
11196.789493648559	600.0	12.000161937324233	0.0	330105	911.7868279315884	0.6
11202.323301957482	4000.0	10.466353628401118	0.0	2164412	5533.808308923115	4.0
11204.539361103582	1500.0	12.250294482302154	0.0	835711	2216.0591460989626	1.5
11209.731002933733	4000.0	11.058652652151169	0.0	1950922	5191.641830150984	4.0
11214.656955563387	4000.0	10.13270002249692	0.0	1849252	4925.952629654251	4.0
11216.52500650669	1500.0	12.264649079193472	0.0	681795	1868.0509433034472	1.5
11221.422228883717	4000.0	11.367426702167133	0.0	1836837	4897.22237702634	4.0
11226.693443988126	4000.0	10.096211597759051	0.0	1984579	5271.215104408083	4.0
11228.84482988782	1500.0	11.944825698065578	0.0	794014	2151.3858996934714	1.5
11234.28669775451	4000.0	10.502957831372823	0.0	2055338	5441.867866692754	4.0
11236.366515049562	1500.0	12.42314053632259	0.0	675709	2079.817295050235	1.5
11242.382453099544	4000.0	10.40720248634019	0.0	2002600	6015.938049982401	4.0
11244.742703659353	1500.0	12.046951926534165	0.0	757473	2360.250559806025	1.5
11251.868841220703	4000.0	8.920814365183428	0.0	1947068	7126.137561350734	4.0
11253.073263449458	600.0	11.716392136427181	0.0	310713	1204.4222287562482	0.6
11258.6898104901	4000.0	10.099845095786122	0.0	2125133	5616.547040641059	4.0
11260.332617507644	1500.0	12.457038078242263	0.0	670327	1642.8070175438595	1.5
11264.576098302656	4000.0	12.21355728323148	0.0	1785821	4243.4807950107825	4.0
11269.648759414555	4000.0	11.140896171330574	0.0	2096494	5072.661111900907	4.0
11274.393275889879	4000.0	10.396379696006287	0.0	1955307	4744.516475324288	4.0
11276.153172332031	1500.0	12.636483253853568	0.0	691256	1759.8964421527187	1.5
11281.395341671094	4000.0	11.394313914790372	0.0	2094647	5242.169339063197	4.0
11286.7466679067	4000.0	10.042987679184808	0.0	1985434	5351.326235605564	4.0
11289.04913981681	1500.0	11.740515769072449	0.0	657685	2302.4719101123596	1.5
11294.863802315755	4000.0	9.925853270128458	0.0	1697030	5814.66249894399	4.0
11297.464159861907	1500.0	11.32549572397608	0.0	848035	2600.357546152379	1.5
11303.740179765955	4000.0	9.04947581992928	0.0	2171279	6276.0199040468	4.0
11306.02485677041	1500.0	10.764798815475094	0.0	763847	2284.6770044541845	1.5
11308.519135537372	1500.0	12.27052004851298	0.0	769491	2494.278766962115	1.5
11314.982807982267	4000.0	9.80684760361534	0.0	2034636	6463.672444897639	4.0

