12907.268609959538	600.0	4.0	0.6888090911890611	247108	688.8090911890611	0.0052199676	-13.176181823781222
12907.591576298732	200.0	7.677033660805026	0.0	98617	322.966339194974	0.004705182	0.2
12907.933905146012	200.0	11.334704813525914	0.0	106476	342.3288472791106	0.004705182	0.2
12908.297801545878	200.0	14.97080841366142	0.0	115230	363.89639986449447	0.004705182	0.2
12908.618405161411	200.0	18.65020479812756	0.0	97658	320.603615533861	0.004705182	0.2
12908.939008776944	200.0	22.3296011825937	0.0	97658	320.603615533861	0.004705182	0.2
12909.304289796932	200.0	25.964320162606633	0.0	115792	365.2810199870654	0.004705182	0.2
12909.649570200985	200.0	29.619039758553786	0.0	107674	345.2804040528472	0.004705182	0.2
12909.964376643658	200.0	33.304233315881866	0.0	95305	314.80644267192264	0.004705182	0.2
12910.304116103483	200.0	36.96449385605617	0.0	105425	339.73945982569063	0.013372754	0.2
12910.619070370367	200.0	40.64953958917187	0.0	95365	314.95426688429677	0.004705182	0.2
12910.933967971303	200.0	44.33464198823565	0.0	95342	314.89760093622004	0.004705182	0.2
12911.266301438087	200.0	48.0023085214499	0.0	102419	332.3334667857473	0.010336489	0.2
12911.545536447788	200.0	51.723073511748936	0.0	80867	279.23500970096393	0.004705182	0.2
12911.829410674021	200.0	55.439199285516295	0.0	82750	283.87422623263836	0.012132922	0.2
12924.467168198591	12000.0	46.80144176094635	0.0	5443841	12637.75752456995	0.01569301	12.0
12924.743232556377	200.0	50.5253774031607	0.0	89871	276.06435778565583	0.004705182	0.2
12938.513729025613	12000.0	40.75488093392305	0.0	4055239	13770.496469237647	0.004705182	12.0
12938.79697661898	200.0	44.471633340556835	0.0	90919	283.24759336621355	0.004705182	0.2
12939.068950687411	200.0	48.199659272123206	0.0	85876	271.9740684336272	0.024630543	0.2
12951.251989953935	12000.0	40.016620005601105	0.0	5251330	12183.0392665221	0.68125415	12.0
12951.580732935596	200.0	43.687877023940246	0.0	97742	328.7429816608611	0.08508843	0.2
12969.937089204292	12000.0	29.331520755245318	0.0	5141915	18356.356268694926	0.10433361	12.0
12970.219818599367	200.0	33.04879136016863	0.0	85752	282.72939507668667	0.004705182	0.2
12970.523361848282	200.0	36.745248111254654	0.0	94556	303.54324891397505	0.004705182	0.2
12978.2941163032	8000.0	32.97449365633577	0.0	3253093	7770.7544549188815	0.004705182	8.0
12996.866236264426	12000.0	18.402373695108963	0.0	5138482	18572.119961226806	0.06730113	12.0
13010.037382563789	8000.0	9.231227395747261	0.0	3354913	13171.146299361702	0.6950282	8.0
13010.341990963334	200.0	12.92661899620129	0.0	93993	304.60839954597054	0.012750686	0.2
13010.653983316522	200.0	16.614626643014123	0.0	97083	311.99235318716774	0.011210315	0.2
13010.95856543015	200.0	20.310044529387262	0.0	93982	304.58211362685944	0.018214103	0.2
13011.321789039685	200.0	23.94682091985264	0.0	118522	363.2236095346197	0.39901	0.2
13012.916096943381	1500.0	26.352513016154692	0.0	633700	1594.307903697951	0.14286277	1.5
13013.209782348722	200.0	30.05882761081387	0.0	89422	293.6854053408208	0.03922313	0.2
13013.54839994834	200.0	33.72021001119621	0.0	108225	338.6175996176593	0.014267179	0.2
13013.838187868765	200.0	37.430422090770854	0.0	87791	289.787920425354	0.044004887	0.2
13015.545627978689	1500.0	39.72298198084791	0.0	681043	1707.4401099229344	0.5992818	1.5
13015.817761319988	200.0	43.45084863954915	0.0	80403	272.1333412987634	0.5584517	0.2
13028.221384319108	12000.0	35.04722564042854	0.0	5257310	12403.62299912061	0.004705182	12.0
13028.538391742442	200.0	38.730218217095164	0.0	101968	317.0074233333818	0.21198945	0.2
13040.966757517965	12000.0	30.30185244157058	0.0	4828747	12428.365775524584	0.010001255	12.0
13045.832825264171	4000.0	29.435784695365577	0.0	1830641	4866.0677462050035	0.026673079	4.0
13050.391593142172	4000.0	28.877016817364822	0.0	1697030	4558.767878000753	0.013872636	4.0
13056.103402732651	4000.0	27.1652072268853	0.0	1910697	5711.809590479525	0.021638269	4.0
13065.964025065205	8000.0	21.30458489433326	0.0	3682991	9860.622332552039	0.013370414	8.0
13071.65275386152	4000.0	19.61585609801911	0.0	2042818	5688.728796314153	0.18781394	4.0
13078.767113041913	4000.0	16.501496917625374	0.0	1750852	7114.3591803937325	0.004705182	4.0
13083.985228118516	4000.0	15.2833818410229	0.0	2034636	5218.115076602474	0.0483381	4.0

