16610.722546202625	600.0	4.0	0.7647349370464661	247108	764.7349370464661	-14.694698740929322
16611.075813378462	200.0	7.646732824163073	0.0	98617	353.267175836927	0.2
16611.95509846185	600.0	10.767447740773454	0.0	288447	879.2850833896192	0.6
16614.025922313187	1500.0	12.696623889437314	0.0	718451	2070.8238513361393	1.5
16619.839910986746	4000.0	10.8826352158778	0.0	2069289	5813.9886735595155	4.0
16621.887225149367	1500.0	12.835321053261026	0.0	689829	2047.3141626167724	1.5
16627.86498803708	4000.0	10.857558165548934	0.0	2046450	5977.762887712093	4.0
16630.193780861027	1500.0	12.528765341599945	0.0	780303	2328.7928239489893	1.5
16637.846083060587	4000.0	8.876463142040855	0.0	1857129	7652.302199559089	4.0
16639.22008196464	600.0	11.502464237988457	0.0	309937	1373.9989040523967	0.6
16648.232793329084	4000.0	6.489752873545902	0.0	2094766	9012.711364442555	4.0
16648.721175831626	200.0	10.001370371002668	0.0	95342	488.382502543235	0.2
16651.387175355034	1500.0	11.335370847596264	0.0	606092	2665.9995234064027	1.5
16659.003382854444	4000.0	7.71916334818338	0.0	1805063	7616.207499412885	4.0
16660.186064794794	600.0	10.536481407834243	0.0	264113	1182.6819403491377	0.6
16664.11166025363	1500.0	10.610885948995394	0.0	934743	3925.595458838848	1.5
16667.20298282355	1500.0	11.519563379080086	0.0	735572	3091.3225699153086	1.5
16676.31686167074	4000.0	6.405684531889451	0.0	2192675	9113.878847190635	4.0
16676.77346456509	200.0	9.949081637540937	0.0	90919	456.60289434851273	0.2
16679.597033571226	1500.0	11.125512631405332	0.0	662349	2823.569006135605	1.5
16687.1496374657	4000.0	7.572908736930787	0.0	2379358	7552.603894474546	4.0
16688.128541456445	600.0	10.59400474618469	0.0	310841	978.903990746096	0.6
16690.54898969242	1500.0	12.173556510210139	0.0	809327	2420.4482359745516	1.5
16695.552452293763	4000.0	11.170093908863949	0.0	1822097	5003.462601346189	4.0
16700.487474595284	4000.0	10.235071607347447	0.0	1836837	4935.022301516503	4.0
16702.413966479642	1500.0	12.308579722990151	0.0	644861	1926.4918843572962	1.5
16711.276958756094	4000.0	7.4455874465350185	0.0	2068230	8862.992276455132	4.0
16712.62688707249	600.0	10.09565913014002	0.0	302611	1349.9283163950015	0.6
16715.478529085463	1500.0	11.244017117167987	0.0	675709	2851.642012972031	1.5
16723.370032061477	4000.0	7.35251414115429	0.0	2002600	7891.502976013697	4.0
16724.155323093935	600.0	10.567223108695092	0.0	240372	785.2910324591968	0.6
16726.32514961145	1500.0	12.397396591181797	0.0	712239	2169.8265175132956	1.5
16733.7907840898	4000.0	8.931762112829052	0.0	2544033	7465.634478352746	4.0
16734.81838918096	600.0	11.904157021669782	0.0	344336	1027.6050911592706	0.6
16739.93056805953	4000.0	10.791978143100808	0.0	1828568	5112.178878568972	4.0
16742.172299053684	1500.0	12.550247148948761	0.0	785519	2241.730994152047	1.5
16750.80181881095	4000.0	7.920727391681287	0.0	2096494	8629.519757267475	4.0
16752.273830288406	600.0	10.448715914224392	0.0	327462	1472.0114774568933	0.6
16755.309193179168	1500.0	11.413353023462914	0.0	691256	3035.3628907614793	1.5
16764.283419959058	4000.0	6.439126243571578	0.0	2094647	8974.226779891336	4.0
16764.79362277342	200.0	9.928923429209316	0.0	107384	510.2028143622615	0.2
16767.508446750588	1500.0	11.214099452044712	0.0	657685	2714.8239771646054	1.5
16774.087527596213	4000.0	8.635018606418894	0.0	1697030	6579.080845625816	4.0
16774.946616013774	600.0	11.77593018885758	0.0	278938	859.0884175613163	0.6
16781.091111780555	4000.0	9.631434422077444	0.0	2171279	6144.4957667801345	4.0
16783.304576387345	1500.0	11.417969815286835	0.0	763847	2213.4646067906083	1.5
16788.073966523738	4000.0	10.648579678894738	0.0	1750852	4769.390136392098	4.0
16790.312991988478	1500.0	12.409554214154891	0.0	808636	2239.025464739846	1.5

