33613.99817695704	600.0	4.0	0.6694927687490682	247108	669.4927687490682	0.5199944	-12.789855374981363
33614.31343444921	200.0	7.684742507827643	0.0	98617	315.2574921723573	0.004705182	0.2
33614.647440114924	200.0	11.350736842105263	0.0	106476	334.0056657223796	0.004705182	0.2
33615.00232903694	200.0	14.995847920083495	0.0	115230	354.88892202176834	0.004705182	0.2
33615.31529877005	200.0	18.68287818696884	0.0	97658	312.9697331146563	0.004705182	0.2
33615.62826850317	200.0	22.369908453854183	0.0	97658	312.9697331146563	0.004705182	0.2
33615.98449811402	200.0	26.013678842999852	0.0	115792	356.22961085433127	0.004705182	0.2
33616.32136168939	200.0	29.676815267630836	0.0	107674	336.86357536901744	0.004705182	0.2
33631.81839571032	12000.0	18.179781246700703	0.0	6619479	15497.03402093013	0.052208286	12.0
33632.13833881132	200.0	21.85983814570497	0.0	105425	319.9431009957326	0.004705182	0.2
33633.969271386	1500.0	24.028905571025025	0.0	769316	1830.9325746799432	0.96777403	1.5
33634.266265980594	200.0	27.73191097643043	0.0	95342	296.9945945945946	0.004705182	0.2
33636.074181899945	1500.0	29.923995057078585	0.0	606092	1807.915919351846	0.004705182	1.5
33638.29380146516	1500.0	31.704375491861192	0.0	748011	2219.6195652173915	0.004705182	1.5
33640.53203087019	1500.0	33.46614608682686	0.0	754517	2238.2294050343253	0.004705182	1.5
33643.28578087019	1500.0	34.712396086826864	0.0	934743	2753.75	0.004705182	1.5
33660.81568677573	12000.0	21.1824901812915	0.0	5964284	17529.905905535365	0.004705182	12.0
33661.142508091594	200.0	24.855668865427244	0.0	103142	326.82131586425567	0.6326847	0.2
33663.01104490677	1500.0	26.987132050243506	0.0	747396	1868.5368151837392	0.004705182	1.5
33663.29654826449	200.0	30.701628692531234	0.0	85876	285.5033577122688	0.004705182	0.2
33665.411698825454	1500.0	32.586478131564384	0.0	835711	2115.150560966853	0.004705182	1.5
33667.60651860614	1500.0	34.391658350876284	0.0	806394	2194.8197806880953	0.010169912	1.5
33669.809030366705	1500.0	36.18914659031636	0.0	809327	2202.5117605599175	0.004705182	1.5
33671.67708131	1500.0	38.32109564701292	0.0	681795	1868.0509433034472	0.004705182	1.5
33689.79615909794	12000.0	24.20201785907422	0.0	6078444	18119.077787938695	0.0072642565	12.0
33692.056170507436	1500.0	25.942006449578983	0.0	644861	2260.011409495236	0.004705182	1.5
33694.82040723333	1500.0	27.177769723681543	0.0	794014	2764.2367258974414	0.004705182	1.5
33695.2511638519	200.0	30.747013105117873	0.0	103756	430.7566185636713	0.004705182	0.2
33697.37681042981	1500.0	32.6213665272193	0.0	675709	2125.646577898574	0.004705182	1.5
33699.55844080203	1500.0	34.43973615499244	0.0	707527	2181.6303722268635	0.45341924	1.5
33701.888430220024	1500.0	36.10974673700302	0.0	757473	2329.989417989418	0.008591284	1.5
33704.084057064916	1500.0	37.91411989211302	0.0	712239	2195.6268448900028	0.004705182	1.5
33712.41011344475	8000.0	33.58806351227865	0.0	3713878	8326.056379834374	0.038278256	8.0
33723.1376253158	8000.0	26.86055164122669	0.0	4271839	10727.511871051958	0.004705182	8.0
33725.076933269476	1500.0	28.921243687548024	0.0	670327	1939.3079536786631	0.7871499	1.5
33735.23186763823	8000.0	22.766309318794686	0.0	4086583	10154.934368753338	0.024461748	8.0
33740.81178338113	4000.0	21.18639357590001	0.0	2096494	5579.915742894676	0.54487646	4.0
33746.10906575055	4000.0	19.889111206478354	0.0	1955307	5297.282369421653	0.26979843	4.0
33751.68751502449	4000.0	18.310661932534426	0.0	2142800	5578.449273943929	0.14962679	4.0
33757.09068034264	4000.0	16.907496614386933	0.0	2094647	5403.165318147495	0.07679358	4.0
33761.90572543199	4000.0	16.09245152502802	0.0	1985434	4815.04508935891	0.019284474	4.0
33766.35160597873	4000.0	15.646570978291594	0.0	1830641	4445.880546736425	0.21208721	4.0
33771.36698386868	4000.0	14.631193088344107	0.0	1697030	5015.377889947487	0.031839393	4.0
33777.042981412196	4000.0	12.955195544824008	0.0	1910697	5675.997543520099	0.063338876	4.0
33782.19354567643	4000.0	11.804631280586042	0.0	2171279	5150.564264237966	0.025131471	4.0
33787.04181915223	4000.0	10.95635780478311	0.0	2042818	4848.27347580293	0.015203357	4.0
33790.945474972286	4000.0	11.052701984735064	0.0	1750852	3903.655820048046	0.007418182	4.0
33795.46888182968	4000.0	10.52929512734262	0.0	2034636	4523.406857392444	0.05909723	4.0

