9324.33967513422	600.0	4.0	0.7789954563937557	247108	778.9954563937557	-14.979909127875114
9326.49143228996	1500.0	5.848242844262149	0.0	732405	2151.75715573785	1.5
9328.392685052368	1500.0	7.9469900818556285	0.0	643847	1901.2527624065203	1.5
9330.50497046863	1500.0	9.834704665594115	0.0	718451	2112.2854162615135	1.5
9332.633789661388	1500.0	11.705885472835599	0.0	724296	2128.819192758517	1.5
9334.686816186984	1500.0	13.652858947237652	0.0	689829	2053.0265255979457	1.5
9336.92667715327	1500.0	15.412997980953328	0.0	737903	2239.8609662843237	1.5
9339.290644004705	1500.0	17.04903112951817	0.0	780303	2363.9668514351574	1.5
9341.979979021078	1500.0	18.35969611314512	0.0	891463	2689.3350163730497	1.5
9344.293571762055	1500.0	20.04610337216859	0.0	763093	2313.592740976529	1.5
9346.43414020832	1500.0	21.90553492590483	0.0	769316	2140.5684462637637	1.5
9348.502331237749	1500.0	23.837343896475883	0.0	744416	2068.1910294289482	1.5
9350.201085640407	1500.0	26.13858949381843	0.0	606092	1698.7544026574526	1.5
9352.278878218902	1500.0	28.060796915321756	0.0	748011	2077.79257849667	1.5
9354.374047063944	1500.0	29.965628070278605	0.0	754517	2095.16884504315	1.5
9357.03984244425	1500.0	31.29983268997357	0.0	934743	2665.7953803050377	1.5
9359.167541791792	1500.0	33.17213334243116	0.0	735572	2127.6993475424097	1.5
9361.398364932289	1500.0	34.941310201935295	0.0	772616	2230.823140495868	1.5
9363.5589801563	1500.0	36.78069497792485	0.0	747396	2160.6152240104393	1.5
9365.457612870045	1500.0	38.882062264181044	0.0	662349	1898.6327137438082	1.5
9367.68190486145	1500.0	40.65777027277658	0.0	835711	2224.291991404471	1.5
9369.830974427505	1500.0	42.50870070672251	0.0	806394	2149.069566054075	1.5
9371.987569571673	1500.0	44.352105562554954	0.0	809327	2156.595144167549	1.5
9373.816939339786	1500.0	46.5227357944418	0.0	681795	1829.3697681131532	1.5
9376.677654796837	1500.0	47.66202033739035	0.0	855209	2860.7154570514567	1.5
9380.24091869745	1500.0	48.0987564367793	0.0	644861	3563.263900611053	1.5
9384.609843446782	1500.0	47.72983168744605	0.0	794014	4368.924749333243	1.5
9387.651622605874	1500.0	48.688052528354056	0.0	914284	3041.7791590919974	1.5
9389.496567101107	1500.0	50.843108033120934	0.0	675709	1844.94449523312	1.5
9391.424619863285	1500.0	52.91505527094254	0.0	707527	1928.0527621783988	1.5
9393.483131029538	1500.0	54.85654410468944	0.0	757473	2058.5111662531017	1.5
9395.423491484024	1500.0	56.91618365020335	0.0	712239	1940.3604544860912	1.5
9397.077400176213	1500.0	59.262274958014686	0.0	633700	1653.9086921886596	1.5
9400.46242161428	1500.0	59.87725351994605	0.0	755142	1885.0214380686318	1.5
9404.644709138369	1500.0	59.69496599585624	0.0	670327	1682.287524089816	1.5
9408.634728274621	1500.0	59.70494685960366	0.0	785519	1990.0191362525788	1.5
9412.66876539468	1500.0	59.670909739546275	0.0	681043	2034.0371200573838	1.5
9415.367682278027	1500.0	59.60549415629513	0.0	866245	2565.4155832511433	1.5
9419.102050582207	1500.0	59.871125852114986	0.0	691256	2234.3683041801396	1.5
9423.44421895651	1500.0	59.52895747781135	0.0	725845	2342.168374303635	1.5
9426.987091190229	1500.0	59.986085244095236	0.0	811013	2542.8722337161175	1.5
9431.387137197456	1500.0	59.58603923686553	0.0	657685	1900.0460072297076	1.5
9435.089859580148	1500.0	59.88331685417532	0.0	767059	2202.722382690212	1.5
9439.430918804212	1500.0	59.542257630111514	0.0	848035	2341.0592240638043	1.5
9443.16992679367	1500.0	59.8032496406543	0.0	629438	1739.0079894572111	1.5
9446.652211444758	1500.0	59.70998022297866	0.0	763847	2093.2694176756445	1.5
9450.52842838683	1500.0	59.83376328090697	0.0	769491	2376.2169420716923	1.5
9454.521456847422	1500.0	59.840734820315376	0.0	808636	2493.0284605915926	1.5

