6606.821283694064	600.0	4.0	0.9197536213414893	247108	919.7536213414893	0.65942305	-17.795072426829783
6607.2364164411865	200.0	7.584867252877957	0.0	98617	415.13274712204236	0.004705182	0.2
6607.678256634891	200.0	11.143027059173358	0.0	106476	441.8401937046005	0.004705182	0.2
6608.149845777239	200.0	14.671437916825964	0.0	115230	471.5891423473939	0.004705182	0.2
6608.561719529415	200.0	18.25956416464891	0.0	97658	411.87375217705284	0.004705182	0.2
6608.973593281592	200.0	21.847690412471856	0.0	97658	411.87375217705284	0.004705182	0.2
6609.447092283333	200.0	25.374191410730216	0.0	115792	473.49900174164225	0.004705182	0.2
6609.893003671975	200.0	28.92828002208912	0.0	107674	445.9113886410943	0.004705182	0.2
6613.002485852001	1500.0	29.818797842062782	0.0	891463	3109.482180026337	0.004705182	1.5
6615.675724881779	1500.0	31.145558812284946	0.0	763093	2673.2390297778343	0.6900763	1.5
6618.748799069803	1500.0	32.07248462426108	0.0	769316	3073.0741880238675	0.23315755	1.5
6621.961615819323	1500.0	32.859667874741106	0.0	744416	3212.8167495199773	0.004705182	1.5
6624.592306789627	1500.0	34.228976904436784	0.0	606092	2630.6909703043216	0.004705182	1.5
6627.463033998282	1500.0	35.35824969578174	0.0	748011	2870.7272086550493	0.004705182	1.5
6629.298234928786	1500.0	37.52304876527868	0.0	754517	1835.200930503053	0.004705182	1.5
6631.55268796746	1500.0	39.268595726604644	0.0	934743	2254.4530386740335	0.013155757	1.5
6633.343817947105	1500.0	41.4774657469594	0.0	735572	1791.1299796452456	0.010067667	1.5
6643.549326473596	8000.0	35.27195722046806	0.0	4260556	10205.508526491341	0.110970154	8.0
6645.4301450866515	1500.0	37.39113860741181	0.0	747396	1880.8186130562458	0.004705182	1.5
6647.106046600092	1500.0	39.71523709397156	0.0	662349	1675.901513440253	0.027578363	1.5
6660.912849243489	8000.0	29.908434450574518	0.0	3690869	13806.802643397046	0.004705182	8.0
6664.001571581012	1500.0	30.81971211305149	0.0	806394	3088.722337523028	0.004705182	1.5
6667.101237182766	1500.0	31.72004651129788	0.0	809327	3099.665601753609	0.004705182	1.5
6669.073362976661	1500.0	33.747920717403325	0.0	681795	1972.1257938945596	0.00585454	1.5
6671.251777895076	1500.0	35.56950579898841	0.0	855209	2178.4149184149187	0.012980727	1.5
6679.244307729376	8000.0	31.576975964689506	0.0	3253093	7992.529834298901	0.004705182	8.0
6681.170878755117	1500.0	33.65040493894785	0.0	794014	1926.5710257416533	0.004705182	1.5
6683.37715152071	1500.0	35.444132173355335	0.0	914284	2206.2727655925232	0.65444255	1.5
6696.532128292797	8000.0	26.289155401267248	0.0	3811227	13154.976772088085	0.004705182	8.0
6699.182287942239	1500.0	27.638995751824943	0.0	707527	2650.159649442307	0.004705182	1.5
6701.172656316004	1500.0	29.648627378060343	0.0	757473	1990.3683737646002	0.004705182	1.5
6710.3737966451945	8000.0	24.44748704887006	0.0	3568902	9201.140329190286	0.004705182	8.0
6712.159268378217	1500.0	26.662015315846222	0.0	633700	1785.4717330238348	0.009910482	1.5
6723.3716886392185	8000.0	19.449595054845123	0.0	4271839	11212.420261001103	0.2806704	8.0
6725.127218157583	1500.0	21.69406553648109	0.0	670327	1755.5295183640312	0.007449318	1.5
6727.17067818789	1500.0	23.6506055061738	0.0	785519	2043.460030307291	0.059129972	1.5
6732.444221639024	4000.0	22.377062055039286	0.0	2096494	5273.543451134514	0.30057165	4.0
6741.641351323963	8000.0	17.179932370100193	0.0	3739359	9197.129684939095	0.37096345	8.0
6746.802914708628	4000.0	16.01836898543464	0.0	2142800	5161.56338466555	0.5790242	4.0
6753.281756828046	4000.0	13.539526866016365	0.0	2094647	6478.842119418276	0.06263622	4.0
6756.286631842135	1500.0	14.534651851928684	0.0	811013	3004.875014087682	0.011257032	1.5
6763.316020396893	4000.0	11.505263297170426	0.0	1830641	7029.388554758257	0.43576032	4.0
6766.421521198076	1500.0	12.399762495987138	0.0	767059	3105.5008011832865	0.008494983	1.5
6769.774773227337	1500.0	13.046510466725994	0.0	848035	3353.2520292611434	0.25934026	1.5
6776.974888000252	4000.0	9.846395693812402	0.0	2171279	7200.114772913593	0.5404033	4.0
6779.559715021075	1500.0	11.261568672989316	0.0	763847	2584.8270208230856	0.54658216	1.5
6784.299356340318	4000.0	10.521927353746397	0.0	1750852	4739.641319242919	0.15573466	4.0
6789.827374321354	4000.0	8.993909372710894	0.0	2034636	5528.017981035504	0.016027912	4.0

