26509.948404289633	600.0	4.0	0.8160840020106865	247108	816.0840020106865	-15.721680040213732
26512.210088425687	1500.0	5.738315863943551	0.0	732405	2261.6841360564486	1.5
26514.207976460242	1500.0	7.740427829389533	0.0	643847	1997.8880345540185	1.5
26516.42809449498	1500.0	9.52030979464934	0.0	718451	2220.1180347401937	1.5
26518.665623584773	1500.0	11.282780704857299	0.0	724296	2237.529089792043	1.5
26520.66363006441	1500.0	13.284774225221296	0.0	689829	1998.006479636002	1.5
26522.6885189533	1500.0	15.259885336332406	0.0	737903	2024.888888888889	1.5
26524.825161404493	1500.0	17.123242885133987	0.0	780303	2136.6424511984187	1.5
26529.799991154927	4000.0	16.148413134701567	0.0	1857129	4974.82975043242	4.0
26536.476991079526	4000.0	13.47141321010357	0.0	2373154	6676.999924597996	4.0
26542.528057369545	4000.0	11.420346920083993	0.0	2094766	6051.066290019577	4.0
26547.808091313498	4000.0	10.140312976128415	0.0	1761739	5280.033943955578	4.0
26553.968722951537	4000.0	7.9796813380941645	0.0	2131310	6160.63163803425	4.0
26559.09705590614	4000.0	6.851348383489119	0.0	1805063	5128.332954605045	4.0
26566.772132927505	4000.0	4.0	0.8237286378748749	2157416	7675.077021363994	-12.474572757497498
26570.303040424216	1500.0	4.4690925032880315	0.0	934743	3530.907496711968	1.5
26572.84120340018	1500.0	5.930929527323429	0.0	735572	2538.1629759646016	1.5
26575.49182370836	1500.0	7.2803092191448435	0.0	772616	2650.6203081785857	1.5
26578.058532935	1500.0	8.713599992502575	0.0	747396	2566.709226642268	1.5
26580.342276826534	1500.0	10.429856100968129	0.0	662349	2283.743891534447	1.5
26581.26086485634	600.0	13.511268071162572	0.0	280646	918.588029805556	0.6
26582.194061864506	600.0	16.578071062996788	0.0	310841	933.1970081657861	0.6
26584.495504257975	1500.0	18.276628669529416	0.0	809327	2301.4423934673714	1.5
26586.446896558802	1500.0	20.325236368699112	0.0	681795	1951.392300830303	1.5
26591.695255969968	4000.0	19.07687695753417	0.0	1836837	5248.359411164941	4.0
26598.803113081205	4000.0	15.969019846295181	0.0	1984579	7107.85711123899	4.0
26605.948726242743	4000.0	12.823406684758687	0.0	2068230	7145.613161536493	4.0
26612.65633097353	4000.0	10.115801953974993	0.0	2055338	6707.604730783694	4.0
26618.74663108108	4000.0	8.025501846421996	0.0	2165436	6090.300107552996	4.0
26624.61127402201	4000.0	6.160858905496213	0.0	2002600	5864.6429409257835	4.0
26626.960473595118	1500.0	7.8116593323905565	0.0	757473	2349.1995731056563	1.5
26629.174163422675	1500.0	9.597969504833403	0.0	712239	2213.6898275571534	1.5
26631.15257005826	1500.0	11.619562869247641	0.0	633700	1978.4066355857626	1.5
26633.519699352837	1500.0	13.25243357467105	0.0	755142	2367.1292945765913	1.5
26635.638290521987	1500.0	15.133842405523913	0.0	670327	2118.5911691471365	1.5
26638.10720234651	1500.0	16.664930581000526	0.0	785519	2468.911824523389	1.5
26640.258382898108	1500.0	18.51375002940485	0.0	681043	2151.180551595674	1.5
26645.977054843697	4000.0	16.795078083816126	0.0	1955307	5718.671945588726	4.0
26652.085999574385	4000.0	14.686133353128731	0.0	2142800	6108.944730687394	4.0
26658.579162392893	4000.0	12.192970534622392	0.0	2094647	6493.16281850634	4.0
26664.637122417695	4000.0	10.135010509820262	0.0	1985434	6057.96002480213	4.0
26670.058745498267	4000.0	8.713387429249813	0.0	1830641	5421.623080570449	4.0
26674.771255871674	4000.0	8.000877055842238	0.0	1697030	4712.510373407575	4.0
26679.719661317966	4000.0	7.052471609548743	0.0	1910697	4948.4054462934955	4.0
26681.40345270263	1500.0	9.36868022488436	0.0	629438	1683.7913846643842	1.5
26683.6311358659	1500.0	11.140997061614017	0.0	763847	2227.683163270342	1.5
26689.627675529668	4000.0	9.14445739784786	0.0	1750852	5996.539663766158	4.0
26695.793098377053	4000.0	6.979034550461359	0.0	2034636	6165.422847386501	4.0

