26696.44383602754	600.0	4.0	0.650737650489361	247108	650.737650489361	-12.414753009787221
26698.215449042524	1500.0	6.228386985016024	0.0	732405	1771.6130149839767	1.5
26699.78252240338	1500.0	8.661313624159137	0.0	643847	1567.0733608568873	1.5
26701.521906299215	1500.0	10.921929728325201	0.0	718451	1739.383895833935	1.5
26703.27479020948	1500.0	13.169045818055837	0.0	724296	1752.8839102693653	1.5
26707.66419835533	4000.0	12.77963767220803	0.0	1863995	4389.408145847804	4.0
26712.48512357071	4000.0	11.958712456831211	0.0	2046450	4820.925215376819	4.0
26717.25179580796	4000.0	11.192040219583928	0.0	2058614	4766.672237247283	4.0
26721.2405638791	4000.0	11.20327214844382	0.0	1857129	3988.7680711401094	4.0
26726.31542884707	4000.0	10.128407180475286	0.0	2373154	5074.864967968533	4.0
26731.471118390804	4000.0	8.972717636739457	0.0	2094766	5155.68954373583	4.0
26735.857561596058	4000.0	8.586274431483936	0.0	1761739	4386.443205255519	4.0
26741.06027399528	4000.0	7.3835620322629065	0.0	2131310	5202.71239922103	4.0
26745.46351930993	4000.0	6.980316717611089	0.0	1805063	4403.245314651817	4.0
26750.738368773673	4000.0	5.705467253867433	0.0	2157416	5274.849463743656	4.0
26753.073818630404	1500.0	7.370017397133908	0.0	934743	2335.4498567335245	1.5
26754.928686976054	1500.0	9.515149051484684	0.0	735572	1854.8683456492233	1.5
26756.87293912505	1500.0	11.570896902487549	0.0	772616	1944.2521489971346	1.5
26761.617793748475	4000.0	10.826042279062378	0.0	2082556	4744.854623425171	4.0
26766.517102941605	4000.0	9.926733085931483	0.0	2164412	4899.309193130896	4.0
26772.35592588377	4000.0	8.087910143766349	0.0	2379358	5838.822942165134	4.0
26777.23266072818	4000.0	7.211175299356052	0.0	1950922	4876.734844410296	4.0
26781.2645959871	4000.0	7.179240040433111	0.0	1849252	4031.935258922941	4.0
26785.194062805174	4000.0	7.249773222359327	0.0	1822097	3929.466818073785	4.0
26789.32103341735	4000.0	7.122802610185897	0.0	1836837	4126.970612173429	4.0
26794.106057125267	4000.0	6.337778902267452	0.0	1984579	4785.023707918445	4.0
26799.054064868556	4000.0	5.389771158974154	0.0	2068230	4948.007743293298	4.0
26803.85531677082	4000.0	4.588519256714413	0.0	2055338	4801.251902259742	4.0
26805.48746653968	1500.0	6.956369487856918	0.0	675709	1632.1497688574957	1.5
26807.19270442982	1500.0	9.251131597714211	0.0	707527	1705.2378901427053	1.5
26808.998038427708	1500.0	11.445797599827943	0.0	757473	1805.3339978862673	1.5
26813.462092466547	4000.0	10.981743560987526	0.0	1947068	4464.054038840417	4.0
26819.25296579894	4000.0	9.190870228596053	0.0	2544033	5790.873332391474	4.0
26824.018971780115	4000.0	8.424864247421594	0.0	2125133	4766.0059811744595	4.0
26828.131039695385	4000.0	8.312796332150304	0.0	1828568	4112.067915271289	4.0
26832.38919314925	4000.0	8.054642878284488	0.0	1785821	4258.153453865816	4.0
26837.41171451425	4000.0	7.032121513281835	0.0	2096494	5022.5213650026535	4.0
26841.889203089086	4000.0	6.55463293844747	0.0	1955307	4477.488574834366	4.0
26846.69292863331	4000.0	5.75090739422041	0.0	2142800	4803.72554422706	4.0
26851.4884891701	4000.0	4.955346857430413	0.0	2094647	4795.560536789996	4.0
26856.124196039455	4000.0	4.319639988077193	0.0	1985434	4635.70686935322	4.0
26857.71329685689	1500.0	6.730539170638501	0.0	657685	1589.1008174386923	1.5
26859.550938461296	1500.0	8.892897566233284	0.0	767059	1837.641604405217	1.5
26863.981960635447	4000.0	8.461875392085094	0.0	1910697	4431.022174148189	4.0
26869.00637781685	4000.0	7.437458210678359	0.0	2171279	5024.417181406736	4.0
26873.705077250976	4000.0	6.738758776553775	0.0	2042818	4698.699434124584	4.0
26877.74107855017	4000.0	6.702757477357299	0.0	1750852	4036.001299196476	4.0
26882.458460093796	4000.0	5.985375933731479	0.0	2034636	4717.381543625819	4.0

