30933.120588598566	600.0	4.0	1.5684903245237558	247108	1568.4903245237558	0.041145258	-30.769806490475116
30933.794622180372	200.0	7.325966418191402	0.0	98617	674.0335818085988	0.004705182	0.2
30934.51599557093	200.0	10.604593027633461	0.0	106476	721.37339055794	0.004705182	0.2
30935.290099930542	200.0	13.830488668021987	0.0	115230	774.104359611475	0.004705182	0.2
30935.95835683891	200.0	17.16223175965665	0.0	97658	668.256908365334	0.004705182	0.2
30936.626613747274	200.0	20.493974851291316	0.0	97658	668.256908365334	0.004705182	0.2
30937.404103394136	200.0	23.716485204427375	0.0	115792	777.489646863941	0.004705182	0.2
30938.132693108768	200.0	26.987895489797456	0.0	107674	728.5897146299226	0.004705182	0.2
30938.786776385627	200.0	30.333812212935772	0.0	95305	654.0832768616822	0.004705182	0.2
30939.501818927605	200.0	33.618769670958514	0.0	105425	715.0425419772608	0.004705182	0.2
30940.156263623034	200.0	36.96432497552895	0.0	95365	654.444695429561	0.004705182	0.2
30940.810569774676	200.0	40.310018823883745	0.0	95342	654.3061516452075	0.004705182	0.2
30941.5075052464	200.0	43.61308335215722	0.0	102419	696.9354717265267	0.004705182	0.2
30942.074619168547	200.0	47.0459694300128	0.0	80867	567.1139221444168	0.004705182	0.2
30942.65307561008	200.0	50.46751298847978	0.0	82750	578.4564415330171	0.004705182	0.2
30943.068951395653	200.0	54.05163720290701	0.0	94377	415.87578557277243	0.008515797	0.2
30943.42206883378	200.0	57.698519764779036	0.0	89871	353.11743812797965	0.004705182	0.2
30955.678553790178	12000.0	49.442034808381365	0.0	4055239	12256.484956397668	0.004705182	12.0
30956.0204879962	200.0	53.100100602356555	0.0	90919	341.9342060248123	0.05000454	0.2
30958.008690455823	1500.0	55.11189814273504	0.0	662349	1988.2024596215138	0.46968192	1.5
30971.564255071968	12000.0	45.55633352659116	0.0	5251330	13555.564616143884	0.018120596	12.0
30971.87922239321	200.0	49.24136620534772	0.0	97742	314.96732124344544	0.014065859	0.2
30984.57331760222	12000.0	40.547270996339826	0.0	5141915	12694.095209007895	0.004705182	12.0
30984.89977565862	200.0	44.22081293993601	0.0	85752	326.4580564038082	0.00470542	0.2
30985.25153711003	200.0	47.86905148852592	0.0	94556	351.7614514100952	0.004705182	0.2
30994.505343489345	8000.0	42.61524510921276	0.0	3253093	9253.80637931316	0.004705182	8.0
31007.496563647997	12000.0	33.62402495056255	0.0	5138482	12991.220158650214	0.004705182	12.0
31017.247169296505	8000.0	27.87341930205617	0.0	3354913	9750.605648506378	0.004705182	8.0
31017.60209809122	200.0	31.51849050733578	0.0	93993	354.9287947203891	0.033952553	0.2
31017.966065111934	200.0	35.15452348662318	0.0	97083	363.9670207126012	0.48038155	0.2
31018.32096173174	200.0	38.79962686681732	0.0	93982	354.8966198058536	0.11717492	0.2
31028.021216445686	8000.0	33.099372152874075	0.0	3568902	9700.254713943246	0.013873353	8.0
31029.633789981763	1500.0	35.48679861679378	0.0	633700	1612.5735360802928	0.09344084	1.5
31029.930052867585	200.0	39.19053573097498	0.0	89422	296.26288581879743	0.13358846	0.2
31030.271789921302	200.0	42.848798677255104	0.0	108225	341.7370537198827	0.06873615	0.2
31034.715958522534	4000.0	42.40463007602071	0.0	1785821	4444.168601234389	0.25821733	4.0
31035.08966826666	200.0	46.03092033189613	0.0	102088	373.7097441245752	0.6855099	0.2
31046.208421678657	8000.0	38.9121669198981	0.0	3739359	11118.753411998037	0.6780962	8.0
31061.81681850224	12000.0	27.30377009631774	0.0	5257310	15608.396823580355	0.004705182	12.0
31062.152529608473	200.0	30.968058990082827	0.0	101968	335.71110623491427	0.3391543	0.2
31074.30237735251	12000.0	22.818211246044637	0.0	4828747	12149.84774403819	0.046557683	12.0
31079.613617854287	4000.0	21.50697074426922	0.0	1830641	5311.240501775416	0.008598054	4.0
31084.623172510157	4000.0	20.497416088398776	0.0	1697030	5009.5546558704455	0.13480282	4.0
31089.520000024262	4000.0	19.60058857429387	0.0	1910697	4896.827514104907	0.008311059	4.0
31099.22286669858	8000.0	13.897721899977489	0.0	3682991	9702.866674316381	0.01985859	8.0
31105.012351562415	4000.0	12.108237036141828	0.0	2042818	5789.48486383566	0.024116434	4.0
31109.545988833263	4000.0	11.574599765293446	0.0	1750852	4533.637270848384	0.004705182	4.0
31114.777455111707	4000.0	10.343133486849288	0.0	2034636	5231.466278444157	0.09355546	4.0

