24003.84195618923	600.0	4.0	0.8353210430795683	247108	835.3210430795683	0.009495034	-16.106420861591367
24004.22339319372	200.0	7.618562995510555	0.0	98617	381.43700448944503	0.004705182	0.2
24004.628852358874	200.0	11.213103830356289	0.0	106476	405.459165154265	0.004705182	0.2
24005.061069380554	200.0	14.780886808673225	0.0	115230	432.2170216830643	0.004705182	0.2
24005.439575064003	200.0	18.40238112522686	0.0	97658	378.50568344636554	0.004705182	0.2
24005.818080747453	200.0	22.023875441780497	0.0	97658	378.50568344636554	0.004705182	0.2
24006.25201560274	200.0	25.589940586493455	0.0	115792	433.9348552870379	0.004705182	0.2
24006.661136626713	200.0	29.18081956251791	0.0	107674	409.1210239755469	0.004705182	0.2
24007.032450028186	200.0	32.8095061610469	0.0	95305	371.3134014710096	0.004705182	0.2
24007.4346966611	200.0	36.40725952813067	0.0	105425	402.24663291622886	0.007585867	0.2
24007.806193461176	200.0	40.03576272805426	0.0	95365	371.4968000764161	0.004705182	0.2
24008.177619958453	200.0	43.66433623077658	0.0	95342	371.42649727767696	0.004705182	0.2
24008.570678321237	200.0	47.271277867991216	0.0	102419	393.05836278536634	0.0062867315	0.2
24008.897859904962	200.0	50.94409628426784	0.0	80867	327.18158372337376	0.004705182	0.2
24009.230797148255	200.0	54.61115904097813	0.0	82750	332.9372432897125	0.007288728	0.2
24024.053941497135	12000.0	43.78801469209573	0.0	5443841	14823.1443488824	0.32994574	12.0
24024.363974451862	200.0	47.47798173736849	0.0	89871	310.0329547272437	0.004705182	0.2
24036.13509083296	12000.0	39.706865356271486	0.0	4055239	11771.116381097003	0.004705182	12.0
24036.51498651812	200.0	43.326969671112636	0.0	90919	379.8956851588431	0.004705182	0.2
24036.878247903074	200.0	46.96370828615789	0.0	85876	363.26138495474885	0.010601966	0.2
24037.3364399166	200.0	50.50551627263407	0.0	114656	458.1920135238213	0.14484309	0.2
24037.738841219503	200.0	54.10311496972934	0.0	97742	402.4013029047354	0.08022526	0.2
24055.317045903586	12000.0	40.524910285647074	0.0	5141915	17578.204684082266	0.004705182	12.0
24055.685318201096	200.0	44.15663798813683	0.0	85752	368.2722975102427	0.004705182	0.2
24056.083186884778	200.0	47.75876930445157	0.0	94556	397.8686836852611	0.004705182	0.2
24066.743844046112	8000.0	41.098112143117646	0.0	3253093	10660.657161333927	0.004705182	8.0
24082.05902992354	12000.0	29.782926265689262	0.0	5138482	15315.185877428383	0.02821466	12.0
24092.316532095174	8000.0	23.525424094052017	0.0	3354913	10257.502171637243	0.004705182	8.0
24092.673772025122	200.0	27.168184164104556	0.0	93993	357.2399299474606	0.029402994	0.2
24093.040126159147	200.0	30.801830030082986	0.0	97083	366.3541340215688	0.021929912	0.2
24093.39733364371	200.0	34.4446225455222	0.0	93982	357.20748456078906	0.0534673	0.2
24103.349819569245	8000.0	28.492136619986304	0.0	3568902	9952.485925535895	0.008569399	8.0
24105.154026694487	1500.0	30.68792949474185	0.0	633700	1804.2071252444523	0.027472427	1.5
24105.4773311754	200.0	34.36462501383036	0.0	89422	323.3044809114872	0.061191905	0.2
24105.858614555436	200.0	37.983341633790275	0.0	108225	381.2833800400937	0.02446728	0.2
24106.21354673527	200.0	41.62840945395429	0.0	87791	354.93217983597896	0.15422362	0.2
24106.61325235857	200.0	45.22870383065469	0.0	102088	399.7056232996027	0.4879287	0.2
24106.94504778242	200.0	48.89690840680313	0.0	80403	331.795423851559	0.36028445	0.2
24123.31020401025	12000.0	36.531752178974465	0.0	5257310	16365.156227828662	0.004705182	12.0
24123.70177073548	200.0	40.14018545374339	0.0	101968	391.5667252310748	0.069852166	0.2
24140.167295832238	12000.0	27.674660356982475	0.0	4828747	16465.525096760914	0.03508443	12.0
24145.88589283682	4000.0	25.956063352400793	0.0	1830641	5718.597004581681	0.009205268	4.0
24150.677619650116	4000.0	25.164336539106895	0.0	1697030	4791.726813293899	0.012059295	4.0
24156.003814628923	4000.0	23.838141560300244	0.0	1910697	5326.194978806651	0.012669612	4.0
24167.427220113528	8000.0	16.414736075696055	0.0	3682991	11423.405484604187	0.004737484	8.0
24173.834060089524	4000.0	14.007896099698685	0.0	2042818	6406.839975997368	0.12554064	4.0
24181.5430297211	4000.0	10.298926468125469	0.0	1750852	7708.969631573218	0.004705182	4.0
24186.27755215158	1500.0	9.564404037647357	0.0	808636	4734.52243047811	0.49101466	1.5

