22184.996633804723	600.0	4.0	0.9067419442527656	247108	906.7419442527655	0.007360317	-17.534838885055308
22185.406573791763	200.0	7.590060012964473	0.0	98617	409.9399870355268	0.004705182	0.2
22185.8428074032	200.0	11.15382640152228	0.0	106476	436.23361144219314	0.004705182	0.2
22186.308329014144	200.0	14.688304790581938	0.0	115230	465.52161094034255	0.004705182	0.2
22186.71506050318	200.0	18.28157330154946	0.0	97658	406.731489032474	0.004705182	0.2
22187.12179199221	200.0	21.874841812516987	0.0	97658	406.731489032474	0.004705182	0.2
22187.589193869968	200.0	25.407439934759424	0.0	115792	467.4018777575644	0.004705182	0.2
22188.02943559466	200.0	28.967198210066282	0.0	107674	440.2417246931393	0.004705182	0.2
22188.428294721023	200.0	32.56833908370449	0.0	95305	398.85912636179245	0.004705182	0.2
22188.861012032776	200.0	36.13562177195073	0.0	105425	432.7173117537586	0.0062168287	0.2
22189.26007189937	200.0	39.736561905359345	0.0	95365	399.0598665913891	0.004705182	0.2
22189.65905481554	200.0	43.3375789891893	0.0	95342	398.9829161700437	0.004705182	0.2
22190.08171504179	200.0	46.91491876293833	0.0	102419	422.66022625096707	0.0053626425	0.2
22190.432269377572	200.0	50.56436442715848	0.0	80867	350.5543357798549	0.004705182	0.2
22190.789123610888	200.0	54.20751019383979	0.0	82750	356.854233318696	0.005972439	0.2
22209.107476737532	12000.0	39.88915706719353	0.0	5443841	18318.35312664625	0.76173323	12.0
22209.508022447422	200.0	43.488611357302545	0.0	89871	400.5457098909918	0.004705182	0.2
22223.84763777549	12000.0	33.14899602923786	0.0	4055239	14339.615328064683	0.004705182	12.0
22224.24414611952	200.0	36.75248768520705	0.0	90919	396.50834403080876	0.004705182	0.2
22224.62309870976	200.0	40.3735350949675	0.0	85876	378.9525902395509	0.004705182	0.2
22225.102240590917	200.0	43.89439321380739	0.0	114656	479.141881160114	0.004705182	0.2
22225.52250124669	200.0	47.474132558034015	0.0	97742	420.2606557733731	0.14534019	0.2
22243.299340074424	12000.0	33.697293730302576	0.0	5141915	17776.838827731437	0.3515749	12.0
22243.665782797652	200.0	37.33085100707245	0.0	85752	366.44272323013007	0.004705182	0.2
22244.061634068035	200.0	40.93499973669102	0.0	94556	395.8512703814276	0.004705182	0.2
22256.08588183541	8000.0	32.91075196931542	0.0	3253093	12024.247767375598	0.0049987743	8.0
22256.462261486828	200.0	36.53437231789679	0.0	88490	376.3796514186224	0.07271222	0.2
22267.555024490073	8000.0	29.44160931465151	0.0	3354913	11092.76300324528	0.004705182	8.0
22268.00680466856	200.0	32.989829136163955	0.0	93993	451.78017848755286	0.037198883	0.2
22268.470807041802	200.0	36.52582676292225	0.0	97083	464.00237324169984	0.06560297	0.2
22268.922543710858	200.0	40.07409009386587	0.0	93982	451.73666905638925	0.007898647	0.2
22282.230405380902	8000.0	30.76622842382283	0.0	3568902	13307.861670043038	0.0423981	8.0
22284.472650539992	1500.0	32.523983264733864	0.0	633700	2242.2451590889705	0.036487803	1.5
22284.857766977762	200.0	36.138866826961966	0.0	89422	385.1164377719014	0.021286039	0.2
22285.307041054366	200.0	39.68959275036041	0.0	108225	449.2740766015525	0.09342379	0.2
22285.686592363756	200.0	43.31004144096862	0.0	87791	379.5513093917939	0.19475615	0.2
22286.114926407943	200.0	46.881707396781984	0.0	102088	428.3340441866417	0.5379965	0.2
22299.711424942096	8000.0	37.285208862632004	0.0	3739359	13596.498534149974	0.44904116	8.0
22318.722274495896	12000.0	22.274359308832096	0.0	5257310	19010.849553799908	0.2589225	12.0
22325.239914142458	4000.0	19.756719662270434	0.0	2094647	6517.63964656166	0.28442365	4.0
22335.960967689956	8000.0	13.035666114768013	0.0	3189942	10721.053547502423	0.064628646	8.0
22342.005697411005	4000.0	10.990936393721222	0.0	1830641	6044.7297210467905	0.4495729	4.0
22347.542012071317	4000.0	9.454621733411757	0.0	1697030	5536.314660309464	0.020266986	4.0
22350.290677007197	1500.0	10.705956797529451	0.0	848035	2748.664935882307	0.9634677	1.5
22352.35144327264	1500.0	12.645190532090066	0.0	629438	2060.7662654393835	0.006986703	1.5
22358.912912814114	4000.0	10.083720990614747	0.0	2042818	6561.469541475319	0.06279402	4.0
22364.77034888077	4000.0	8.22628492395908	0.0	1750852	5857.436066655668	0.0047234185	4.0
22367.518674239625	1500.0	9.477959565107405	0.0	808636	2748.3253588516745	0.7066436	1.5

