21906.410123232687	600.0	4.0	2.6146035002243733	247108	2614.6035002243734	-51.69207000448746
21943.37465988679	12000.0	4.0	32.9645366541069	5715032	36964.5366541069	-647.290733082138
21943.89140611183	200.0	7.483253774963469	0.0	106476	516.746225036532	0.2
21944.56341790329	600.0	10.81124198350185	0.0	279692	672.0117914616183	0.6
21944.822274614446	200.0	14.552385272345969	0.0	97658	258.85671115588013	0.2
21946.165668767513	1500.0	17.20899111928171	0.0	689829	1343.3941530642614	1.5
21946.45773717254	200.0	20.916922714254355	0.0	115792	292.06840502735747	0.2
21946.73493778608	200.0	24.639722100715286	0.0	107674	277.2006135390674	0.2
21953.131518450442	8000.0	22.24314143635321	0.0	3448932	6396.58066436208	8.0
21969.13122581056	12000.0	10.243434076232807	0.0	5088378	15999.707360120403	12.0
21969.418470632292	200.0	13.956189254501059	0.0	95365	287.24482173174874	0.2
21969.705665471003	200.0	17.668994415791378	0.0	95342	287.19483870967747	0.2
21971.102809375927	1500.0	20.27185051086778	0.0	606092	1397.1439049235994	1.5
21971.358547508356	200.0	24.016112378439935	0.0	80867	255.7381324278438	0.2
21971.618377729068	200.0	27.75628215772686	0.0	82750	259.830220713073	0.2
21971.90347545403	200.0	31.471184432769306	0.0	94377	285.0977249575552	0.2
21972.17878085301	200.0	35.19587903378798	0.0	89871	275.3053989813243	0.2
21984.266876719183	12000.0	27.107783167615292	0.0	4055239	12088.09586617269	12.0
21985.387880253948	600.0	29.986779632851963	0.0	330105	1121.0035347633318	0.6
21986.606878781513	1500.0	32.76778110528944	0.0	662349	1218.998527562525	1.5
21987.169487467818	600.0	36.2051724189831	0.0	280646	562.6086863063315	0.6
21987.784020533174	600.0	39.590639353626216	0.0	310841	614.5330653568781	0.6
21997.914226930712	12000.0	33.46043295608794	0.0	5141915	10130.206397538277	12.0
22004.662620992793	4000.0	30.712038894009666	0.0	1822097	6748.394062078272	4.0
22007.00479098753	1500.0	32.36986889927054	0.0	855209	2342.1699947391285	1.5
22007.300237397074	200.0	36.074422489724405	0.0	101109	295.4464095461326	0.2
22021.068278086117	12000.0	26.306381800681475	0.0	5138482	13768.040689042931	12.0
22030.120207410146	8000.0	21.254452476653704	0.0	3354913	9051.929324027773	8.0
22030.367866804343	200.0	25.00679308245756	0.0	93993	247.6593941961449	0.2
22044.53976504471	12000.0	14.834894842091863	0.0	5411094	14171.898240365697	12.0
22047.712245125676	1500.0	15.662414761122793	0.0	757473	3172.4800809690696	1.5
22049.09679244964	600.0	18.277867437163476	0.0	293409	1384.5473239593175	0.6
22050.558276360047	600.0	20.816383526753874	0.0	310713	1461.483910409604	0.6
22051.035862087832	200.0	24.338797798970848	0.0	89422	477.58572778302675	0.2
22052.38058058947	600.0	26.99407929733132	0.0	284451	1344.7185016395263	0.6
22052.850914608254	200.0	30.523745278546237	0.0	87791	470.3340187850831	0.2
22053.38481556974	200.0	33.98984431706121	0.0	102088	533.900961485022	0.2
22054.920768440297	600.0	36.45389144650044	0.0	327462	1535.9528705607738	0.6
22055.386331714904	200.0	39.98832817189365	0.0	86718	465.56327460679154	0.2
22056.729520732857	600.0	42.645139153942225	0.0	284107	1343.1890179514255	0.6
22066.348050447385	12000.0	37.026609439411914	0.0	4828747	9618.529714530312	12.0
22067.640042972387	1500.0	39.73461691441331	0.0	657685	1291.9925249986054	1.5
22070.61995753151	4000.0	40.754702355288224	0.0	1697030	2979.914559125086	4.0
22070.865692323037	200.0	44.50896756376396	0.0	96988	245.7347915242652	0.2
22084.988164635866	12000.0	34.38649525093353	0.0	5626380	14122.47231283043	12.0
22087.85006364512	1500.0	35.52459624167956	0.0	763847	2861.899009253969	1.5
22091.64205177254	4000.0	35.73260811426131	0.0	1750852	3791.988127418244	4.0
22102.464941017515	12000.0	28.909718869284056	0.0	5646381	10822.889244977256	12.0

