1838.1262391787766	600.0	4.0	1.0371800706919094	247108	1037.1800706919093	-20.143601413838187
1838.5882350147324	200.0	7.538004164043965	0.0	98617	461.9958359560355	0.2
1839.7855429118902	600.0	10.340696266886168	0.0	288447	1197.3078971577982	0.6
1840.948938060295	600.0	13.177301118481576	0.0	279692	1163.3951484045904	0.6
1843.834519815972	1500.0	14.291719362804436	0.0	724296	2885.5817556771412	1.5
1846.5865926383224	1500.0	15.53964654045417	0.0	689829	2752.072822350264	1.5
1849.186201171687	1500.0	16.940038007089633	0.0	737903	2599.6085333645397	1.5
1851.7430095514753	1500.0	18.38322962730111	0.0	780303	2556.8083797885215	1.5
1854.6526578146133	1500.0	19.473581364163053	0.0	891463	2909.6482631380563	1.5
1857.1548388608967	1500.0	20.971400317879798	0.0	763093	2502.1810462832545	1.5
1859.8904179759922	1500.0	22.235821202784223	0.0	769316	2735.5791150955743	1.5
1862.6289278639435	1500.0	23.497311314832793	0.0	744416	2738.5098879514308	1.5
1864.8734455194053	1500.0	25.252793659370987	0.0	606092	2244.5176554618097	1.5
1871.36898925685	4000.0	22.757249921926466	0.0	1805063	6495.543737444523	4.0
1874.1175433805042	1500.0	24.008695798272097	0.0	754517	2748.5541236543695	1.5
1877.5035156610588	1500.0	24.622723517717706	0.0	934743	3385.9722805543893	1.5
1880.1887188635337	1500.0	25.93752031524268	0.0	735572	2685.2032024750256	1.5
1883.0070353618505	1500.0	27.119203816926184	0.0	772616	2818.3164983164984	1.5
1885.7359667813082	1500.0	28.390272397468447	0.0	747396	2728.9314194577355	1.5
1888.1634734267097	1500.0	29.962765752067064	0.0	662349	2427.5066454013822	1.5
1890.8725383002513	1500.0	31.253700878525446	0.0	835711	2709.064873541617	1.5
1896.922311862063	4000.0	29.20392731671394	0.0	1950922	6049.773561811506	4.0
1903.6122510825492	4000.0	26.513988096227703	0.0	1849252	6689.939220486238	4.0
1910.5000403856413	4000.0	23.62619879313541	0.0	1822097	6887.789303092292	4.0
1913.4945527288223	1500.0	24.63168644995451	0.0	855209	2994.5123431808984	1.5
1915.7722089089325	1500.0	26.35403026984418	0.0	644861	2277.656180110332	1.5
1918.5581715492442	1500.0	27.568067629532354	0.0	794014	2785.962640311828	1.5
1921.8467273964527	1500.0	28.27951178232393	0.0	914284	3288.5558472084226	1.5
1924.317559771508	1500.0	29.808679407268645	0.0	675709	2470.8323750552854	1.5
1931.293709898559	4000.0	26.832529280217628	0.0	2002600	6976.150127051022	4.0
1933.7990787198519	1500.0	28.327160458924848	0.0	757473	2505.368821292776	1.5
1940.1537341842047	4000.0	25.972504994571857	0.0	1947068	6354.655464352992	4.0
1942.4388668505815	1500.0	27.68737232819517	0.0	633700	2285.132666376686	1.5
1945.1465902085633	1500.0	28.97964897021344	0.0	755142	2707.7233579817316	1.5
1951.893585475147	4000.0	26.232653703629584	0.0	1828568	6746.995266583852	4.0
1959.2987158363644	4000.0	22.827523342412366	0.0	1785821	7405.130361217218	4.0
1961.7089540854367	1500.0	24.417285093339917	0.0	681043	2410.2382490724485	1.5
1964.5668271763896	1500.0	25.559412002387095	0.0	866245	2857.8730909528203	1.5
1966.8635458199137	1500.0	27.262693358862823	0.0	691256	2296.718643524272	1.5
1969.2711844137327	1500.0	28.855054765043924	0.0	725845	2407.638593818896	1.5
1975.5888678272072	4000.0	26.53737135156968	0.0	1985434	6317.683413474247	4.0
1981.4766072053812	4000.0	24.64963197339552	0.0	1830641	5887.739378174162	4.0
1987.309738826705	4000.0	22.816500352071674	0.0	1697030	5833.1316213238415	4.0
1990.2646773808196	1500.0	23.861561797956917	0.0	848035	2954.938554114756	1.5
1992.2891621735237	1500.0	25.83707700525292	0.0	629438	2024.4847927039973	1.5
1994.6846394195545	1500.0	27.441599759222076	0.0	763847	2395.477246030844	1.5
2000.0720608889949	4000.0	26.05417828978173	0.0	1750852	5387.42146944034	4.0
2002.806002313556	1500.0	27.320236865220583	0.0	808636	2733.941424561146	1.5

