7711.466482401252	600.0	4.0	0.4088935472868991	247108	408.8935472868991	-7.577870945737983
7712.521292114012	1500.0	6.945190287240149	0.0	732405	1054.8097127598512	1.5
7713.458233709346	1500.0	10.008248691905203	0.0	643847	936.9415953349472	1.5
7716.266854407607	4000.0	11.199627993644615	0.0	2050098	2808.6206982605872	4.0
7719.101017767643	4000.0	12.36546463360868	0.0	2069289	2834.1633600359364	4.0
7721.6678064535745	4000.0	13.798675947677152	0.0	1863995	2566.788685931528	4.0
7724.600051266202	4000.0	14.866431135049753	0.0	2046450	2932.244812627398	4.0
7727.549249684293	4000.0	15.917232716958846	0.0	2058614	2949.1984180909076	4.0
7730.217627879035	4000.0	17.248854522216778	0.0	1857129	2668.378194742069	4.0
7733.806854227108	4000.0	17.659628174143872	0.0	2373154	3589.2263480729066	4.0
7737.143294089918	4000.0	18.323188311333812	0.0	2094766	3336.439862810062	4.0
7739.962023431271	4000.0	19.504458969981542	0.0	1761739	2818.7293413522734	4.0
7747.91558696624	4000.0	15.550895435012189	0.0	2131310	7953.56353496935	4.0
7753.767375355398	4000.0	13.699107045853562	0.0	1805063	5851.788389158626	4.0
7754.827752977436	1500.0	16.63872942381668	0.0	754517	1060.3776220368852	1.5
7756.1223062871095	1500.0	19.344176114142247	0.0	934743	1294.553309674433	1.5
7757.158067824885	1500.0	22.30841457636786	0.0	735572	1035.761537774385	1.5
7758.241962285616	1500.0	25.224520115636494	0.0	772616	1083.8944607313688	1.5
7761.027920268058	4000.0	26.43856213319389	0.0	2082556	2785.9579824426055	4.0
7763.946691762465	4000.0	27.519790638786922	0.0	2164412	2918.771494406966	4.0
7767.183071558837	4000.0	28.283410842415087	0.0	2379358	3236.3797963718366	4.0
7769.85110193724	4000.0	29.61538046401161	0.0	1950922	2668.030378403476	4.0
7772.384260163619	4000.0	31.08222223763281	0.0	1849252	2533.158226378802	4.0
7775.056970170298	4000.0	32.40951223095409	0.0	1822097	2672.710006678717	4.0
7777.798377784309	4000.0	33.66810461694315	0.0	1836837	2741.4076140109396	4.0
7780.753849947167	4000.0	34.712632454085906	0.0	1984579	2955.4721628572465	4.0
7783.774211222387	4000.0	35.69227117886585	0.0	2068230	3020.361275220053	4.0
7786.5586033276495	4000.0	36.90787907360269	0.0	2055338	2784.392105263158	4.0
7789.4878612223865	4000.0	37.97862117886586	0.0	2165436	2929.257894736842	4.0
7792.202861222387	4000.0	39.263621178865854	0.0	2002600	2715.0000000000005	4.0
7795.795439053959	4000.0	39.671043347293235	0.0	2290706	3592.5778315726166	4.0
7799.163259808975	4000.0	40.303222592277564	0.0	1947068	3367.820755015672	4.0
7803.539116193469	4000.0	39.92736620778314	0.0	2544033	4375.856384494423	4.0
7806.725805621324	4000.0	40.740676779929004	0.0	2125133	3186.689427854135	4.0
7809.459798618294	4000.0	42.00668378295881	0.0	1828568	2733.992996970192	4.0
7812.131748399676	4000.0	43.33473400157671	0.0	1785821	2671.949781382101	4.0
7815.135358671751	4000.0	44.331123729501506	0.0	2096494	3003.6102720752006	4.0
7817.7797167402605	4000.0	45.68676566099275	0.0	1955307	2644.358068508758	4.0
7820.6699692833145	4000.0	46.79651311793912	0.0	2142800	2890.2525430536316	4.0
7823.497069833319	4000.0	47.96941256793461	0.0	2094647	2827.1005500045085	4.0
7827.931925804754	4000.0	47.534556596498156	0.0	1985434	4434.855971436456	4.0
7832.693348279861	4000.0	46.77313412139147	0.0	1830641	4761.422475106685	4.0
7836.176507905982	4000.0	47.2899744952709	0.0	1697030	3483.1596261205736	4.0
7839.392975742239	4000.0	48.07350665901359	0.0	1910697	3216.46783625731	4.0
7843.037196938505	4000.0	48.42928546274807	0.0	2171279	3644.221196265518	4.0
7844.37107526004	1500.0	51.09540714121324	0.0	763847	1333.8783215348312	1.5
7848.903930056401	4000.0	50.56255234485262	0.0	1750852	4532.854796360619	4.0
7854.426680006243	4000.0	49.03980239500979	0.0	2034636	5522.749949842841	4.0

