20913.75162217945	600.0	4.0	0.7844378719310126	247108	784.4378719310125	-15.08875743862025
20914.714555579296	600.0	7.037066600149663	0.0	309722	962.9333998503369	0.6
20916.629988711895	1500.0	9.121633467555144	0.0	643847	1915.4331325945195	1.5
20918.75809760973	1500.0	10.993524569718135	0.0	718451	2128.10889783701	1.5
20920.90286901692	1500.0	12.84875316252717	0.0	724296	2144.7714071909636	1.5
20922.94938435741	1500.0	14.80223782204326	0.0	689829	2046.5153404839114	1.5
20925.38807836298	1500.0	16.363543816470667	0.0	737903	2438.694005572593	1.5
20928.045941302003	1500.0	17.70568087744401	0.0	780303	2657.8629390266565	1.5
20931.07104010236	1500.0	18.680582077088868	0.0	891463	3025.0988003551447	1.5
20933.672046895532	1500.0	20.0795752839192	0.0	763093	2601.006793169664	1.5
20936.90402022083	1500.0	20.847601958618316	0.0	769316	3231.9733253008835	1.5
20940.056944885433	1500.0	21.694677294015634	0.0	744416	3152.9246646026836	1.5
20942.63887264601	1500.0	23.112749533437718	0.0	606092	2581.9277605779157	1.5
20945.767109695702	1500.0	23.98451248374791	0.0	748011	3128.237049689809	1.5
20948.890130466018	1500.0	24.861491713431313	0.0	754517	3123.020770316596	1.5
20952.74001552349	1500.0	25.01160665596005	0.0	934743	3849.8850574712646	1.5
20955.496981660788	1500.0	26.254640518663006	0.0	735572	2756.966137297044	1.5
20958.07457858977	1500.0	27.67704358968028	0.0	772616	2577.596928982726	1.5
20960.57064809174	1500.0	29.180974087710382	0.0	747396	2496.069501969896	1.5
20962.79179042935	1500.0	30.959831750100523	0.0	662349	2221.1423376098596	1.5
20965.90574730343	1500.0	31.845874876021835	0.0	835711	3113.9568740786885	1.5
20974.55581347041	4000.0	27.195808709039433	0.0	1950922	8650.0661669824	4.0
20981.21497351572	4000.0	24.536648663727654	0.0	1849252	6659.160045311781	4.0
20983.708353750673	1500.0	26.0432684287771	0.0	681795	2493.380234950554	1.5
20986.741729144185	1500.0	27.00989303526307	0.0	855209	3033.375393514029	1.5
20989.01317725599	1500.0	28.738444923458133	0.0	644861	2271.4481118049357	1.5
20991.79149593404	1500.0	29.960126245407075	0.0	794014	2778.3186780510596	1.5
20999.663701648184	4000.0	26.0879205312654	0.0	2055338	7872.205714141673	4.0
21002.548127992508	1500.0	27.203494186942297	0.0	675709	2884.426344323105	1.5
21005.528968169438	1500.0	28.222654010014505	0.0	707527	2980.8401769277903	1.5
21008.185187878647	1500.0	29.566434300806105	0.0	757473	2656.2197092084007	1.5
21010.687563526975	1500.0	31.06405865247688	0.0	712239	2502.3756483292236	1.5
21012.92282243353	1500.0	32.828799745921316	0.0	633700	2235.2589065555653	1.5
21021.072237846107	4000.0	28.679384333345435	0.0	2125133	8149.415412575879	4.0
21028.170291240127	4000.0	25.58133093932403	0.0	1828568	7098.053394021405	4.0
21031.011099604944	1500.0	26.740522574505473	0.0	785519	2840.808364818557	1.5
21033.484713522877	1500.0	28.266908656572074	0.0	681043	2473.613917933398	1.5
21036.665575333005	1500.0	29.08604684644397	0.0	866245	3180.8618101281068	1.5
21039.402400142637	1500.0	30.349222036816066	0.0	691256	2736.8248096279035	1.5
21042.272166891777	1500.0	31.479455287674842	0.0	725845	2869.766749141224	1.5
21051.590174550754	4000.0	26.161447628698916	0.0	1985434	9318.007658975926	4.0
21055.28531815389	1500.0	26.466304025565755	0.0	657685	3695.1436031331596	1.5
21060.16263238718	1500.0	25.58898979227241	0.0	767059	4877.31423329334	1.5
21065.75718633963	1500.0	23.994435839823723	0.0	848035	5594.553952448689	1.5
21068.040022710597	1500.0	25.71159946885534	0.0	629438	2282.8363709683817	1.5
21070.29533410372	1500.0	27.456288075729304	0.0	763847	2255.3113931260345	1.5
21072.566718686245	1500.0	29.18490349320434	0.0	769491	2271.384582524963	1.5
21074.9495818299	1500.0	30.80204034954879	0.0	808636	2382.863143655554	1.5

