16853.04623575733	600.0	4.0	0.9647404224847835	247108	964.7404224847835	-18.69480844969567
16853.47932204448	200.0	7.566913712853562	0.0	98617	433.08628714643754	0.2
16854.59207177595	600.0	10.454163981382026	0.0	288447	1112.749731471536	0.6
16855.673475284722	600.0	13.372760472610096	0.0	279692	1081.4035087719299	0.6
16858.34672984971	1500.0	14.699505907626207	0.0	724296	2673.2545649838885	1.5
16860.896579473767	1500.0	16.149656283566056	0.0	689829	2549.8496240601507	1.5
16863.58100387726	1500.0	17.465231880073976	0.0	737903	2684.424403492085	1.5
16866.347419507503	1500.0	18.698816249829108	0.0	780303	2766.415630244868	1.5
16869.496535142054	1500.0	19.549700615280756	0.0	891463	3149.11563454835	1.5
16872.20370043878	1500.0	20.842535318555704	0.0	763093	2707.1652967250507	1.5
16874.13609675067	1500.0	22.910139006664533	0.0	769316	1932.3963118911724	1.5
16875.743573923133	1500.0	25.30266183420121	0.0	744416	1607.477172463322	1.5
16877.067222225174	1500.0	27.97901353215956	0.0	606092	1323.6483020416538	1.5
16880.851055199422	4000.0	28.195180557911073	0.0	1805063	3783.8329742484866	4.0
16886.692827347826	4000.0	26.35340840950598	0.0	2157416	5841.772148405092	4.0
16893.83348452553	4000.0	23.212751231800375	0.0	2231719	7140.657177705605	4.0
16897.038590437674	4000.0	24.007645319657982	0.0	1835863	3205.1059121423937	4.0
16900.851081155066	4000.0	24.195154602264132	0.0	2192675	3812.4907173938486	4.0
16904.66589256408	4000.0	24.380343193249338	0.0	2082556	3814.811409014798	4.0
16909.229687734663	4000.0	23.81654802266605	0.0	2164412	4563.795170583285	4.0
16914.225967696024	4000.0	22.820268061308926	0.0	2379358	4996.279961357128	4.0
16918.239129496862	4000.0	22.807106260469745	0.0	1950922	4013.1618008391824	4.0
16922.04731920743	4000.0	22.998916549899324	0.0	1849252	3808.1897105704174	4.0
16927.16726662913	4000.0	21.878969128200204	0.0	1822097	5119.94742169912	4.0
16933.762894705218	4000.0	19.283341052112764	0.0	1836837	6595.628076087439	4.0
16936.14876171508	1500.0	20.89747404224847	0.0	644861	2385.8670098642924	1.5
16939.071633179457	1500.0	21.974602577873245	0.0	794014	2922.8714643752237	1.5
16942.425116888728	1500.0	22.62111886860006	0.0	914284	3353.4837092731836	1.5
16944.684816907607	1500.0	24.361418849720803	0.0	675709	2259.70001887926	1.5
16946.13733985284	1500.0	26.908895904486258	0.0	707527	1452.5229452345447	1.5
16947.68675243059	1500.0	29.359483326739195	0.0	757473	1549.412577747063	1.5
16951.543845751312	4000.0	29.502390006015133	0.0	1947068	3857.0933207240632	4.0
16956.364787248185	4000.0	28.681448509141468	0.0	2544033	4820.941496873662	4.0
16960.131613956488	4000.0	28.914621800837953	0.0	2125133	3766.8267083035153	4.0
16967.293793347988	8000.0	25.75244240933801	0.0	3707853	7162.179391499945	8.0
16971.613571366477	4000.0	25.43266439084944	0.0	1785821	4319.778018488567	4.0
16977.02013278777	4000.0	24.02610296955769	0.0	2096494	5406.56142129175	4.0
16982.737155436826	4000.0	22.30908032050095	0.0	1955307	5717.022649056741	4.0
16987.91984046164	4000.0	21.126395295683476	0.0	2142800	5182.685024817473	4.0
16992.327399988524	4000.0	20.718835768799533	0.0	2094647	4407.559526883942	4.0
16996.514984382906	4000.0	20.53125137442083	0.0	1985434	4187.584394378703	4.0
17000.395754651774	4000.0	20.650481105553393	0.0	1830641	3880.770268867435	4.0
17003.999122242345	4000.0	21.047113514979326	0.0	1697030	3603.367590574069	4.0
17007.869412703745	4000.0	21.176823053582194	0.0	1910697	3870.2904613971336	4.0
17012.131584418483	4000.0	20.91465133884246	0.0	2171279	4262.171714739732	4.0
17016.418196103157	4000.0	20.628039654170546	0.0	2042818	4286.611684671917	4.0
17022.253081677747	4000.0	18.793154079578326	0.0	1750852	5834.885574592218	4.0
17029.066153177468	4000.0	15.980082579858404	0.0	2034636	6813.071499719922	4.0

