8271.829989313639	600.0	4.0	0.7248433448045276	247108	724.8433448045276	-13.896866896090552
8273.821244675471	1500.0	6.008744638168088	0.0	732405	1991.2553618319116	1.5
8275.581402553898	1500.0	8.248586759741002	0.0	643847	1760.1578784270873	1.5
8277.536244104629	1500.0	10.293745209009508	0.0	718451	1954.8415507314926	1.5
8279.50633853811	1500.0	12.323650775528844	0.0	724296	1970.0944334806647	1.5
8281.386489240245	1500.0	14.443500073393897	0.0	689829	1880.150702134947	1.5
8284.403649525022	1500.0	15.426339788616762	0.0	737903	3017.160284777135	1.5
8287.71262870516	1500.0	16.11736060847969	0.0	780303	3308.9791801370748	1.5
8291.48160012634	1500.0	16.34838918729774	0.0	891463	3768.971421181947	1.5
8293.87113653743	1500.0	17.958852776210026	0.0	763093	2389.5364110877154	1.5
8296.175115434207	1500.0	19.65487387943152	0.0	769316	2303.978896778506	1.5
8298.407112109728	1500.0	21.422877203911618	0.0	744416	2231.9966755199016	1.5
8300.239234537321	1500.0	23.590754776318434	0.0	606092	1832.1224275931847	1.5
8302.419354442969	1500.0	25.41063487066884	0.0	748011	2180.1199056495925	1.5
8304.150986199773	1500.0	27.679003113865864	0.0	754517	1731.6317568029772	1.5
8306.277131247862	1500.0	29.552858065776444	0.0	934743	2126.1450480894205	1.5
8307.967292549218	1500.0	31.862696764420637	0.0	735572	1690.1613013558072	1.5
8309.738542874145	1500.0	34.091446439492124	0.0	772616	1771.2503249285157	1.5
8311.454586818163	1500.0	36.3754024954756	0.0	747396	1716.0439440165271	1.5
8313.000347819614	1500.0	38.82964149402373	0.0	662349	1545.7610014518618	1.5
8315.013745159116	1500.0	40.81624415452113	0.0	835711	2013.3973395026028	1.5
8316.959318322795	1500.0	42.8706709908427	0.0	806394	1945.5731636784267	1.5
8318.911676911575	1500.0	44.91831240206306	0.0	809327	1952.3585887796414	1.5
8320.568993279418	1500.0	47.26099603422037	0.0	681795	1657.3163678426836	1.5
8322.627498773922	1500.0	49.20249053971487	0.0	855209	2058.5054945054944	1.5
8324.339907505142	1500.0	51.49008180849581	0.0	644861	1712.4087312190652	1.5
8326.511378785783	1500.0	53.31861052785442	0.0	794014	2171.471280641391	1.5
8328.999647063609	1500.0	54.83034225002817	0.0	914284	2488.268277826252	1.5
8330.859497252108	1500.0	56.970492061529086	0.0	675709	1859.8501884990865	1.5
8332.80315759157	1500.0	59.0268317220661	0.0	707527	1943.6603394629835	1.5
8336.103486648117	1500.0	59.72650266552011	0.0	757473	1800.3290565459913	1.5
8340.16077780705	1500.0	59.6692115065883	0.0	712239	1557.2911589318126	1.5
8341.865188488926	1500.0	59.77482208475786	0.0	633700	1394.389421830438	1.5
8346.116434356552	1500.0	59.52357621713215	0.0	755142	1751.2458676257004	1.5
8349.679971530632	1500.0	59.960039043053726	0.0	670327	1563.5371740784287	1.5
8353.70172555228	1500.0	59.6415641831049	0.0	785519	1818.474859948821	1.5
8357.73071467491	1500.0	59.61257506047518	0.0	681043	1528.9891226297173	1.5
8361.653740126361	1500.0	59.68954960902442	0.0	866245	1923.0254514507594	1.5
8365.44423410556	1500.0	59.8990556298253	0.0	691256	3290.493979199123	1.5
8369.401239048857	1500.0	59.94205068652783	0.0	725845	3457.0049432974706	1.5
8373.58442679007	1500.0	59.75886294531443	0.0	811013	3183.1877412133954	1.5
8377.712330646975	1500.0	59.63095908841113	0.0	657685	1627.9038569032982	1.5
8381.597653232364	1500.0	59.74563650302088	0.0	767059	1885.3225853902504	1.5
8385.513322347608	1500.0	59.829967387777515	0.0	848035	1915.6691152433716	1.5
8389.420113468088	1500.0	59.92317626729797	0.0	629438	1406.7911204795469	1.5
8392.422003719299	1500.0	59.733064680445985	0.0	763847	1690.111586851986	1.5
8396.203664488869	1500.0	59.951403910874994	0.0	769491	1781.6607695709865	1.5
8400.571890937343	1500.0	59.58317746240087	0.0	808636	1868.2264484741263	1.5

