33668.540945379566	600.0	4.0	0.582392436910722	247108	582.3924369107219	0.005569697	-11.047848738214439
33668.8214424697	200.0	7.719502909857938	0.0	98617	280.497090142062	0.004705182	0.2
33669.11791760249	200.0	11.423027777071844	0.0	106476	296.47513278609364	0.004705182	0.2
33669.43219039214	200.0	15.108754987420266	0.0	115230	314.27278965157944	0.004705182	0.2
33669.710737750385	200.0	18.830207629164654	0.0	97658	278.54735825561005	0.004705182	0.2
33669.98928510864	200.0	22.551660270909043	0.0	97658	278.54735825561005	0.004705182	0.2
33670.30470049404	200.0	26.236244885511702	0.0	115792	315.4153853973417	0.004705182	0.2
33670.603611266866	200.0	29.937334112683935	0.0	107674	298.910772827772	0.004705182	0.2
33670.87737476785	200.0	33.66357061170551	0.0	95305	273.76350097842385	0.004705182	0.2
33671.171713124604	200.0	37.3692322549493	0.0	105425	294.33835675620725	0.021996148	0.2
33671.445598610895	200.0	41.095346768659944	0.0	95365	273.8854862893593	0.004705182	0.2
33671.71943733615	200.0	44.821508043406446	0.0	95342	273.8387252535007	0.004705182	0.2
33672.007664228826	200.0	48.5332811507281	0.0	102419	288.22689267834	0.018314507	0.2
33672.25207399782	200.0	52.288871381737785	0.0	80867	244.4097689903174	0.004705182	0.2
33672.50031207249	200.0	56.04063330707261	0.0	82750	248.2380746651757	0.019319473	0.2
33683.57380997914	12000.0	48.967135400419664	0.0	5443841	11073.497906652947	0.004705182	12.0
33683.83344644272	200.0	52.707498936842015	0.0	89871	259.63646357764816	0.004705182	0.2
33692.80090344139	12000.0	47.74004193816772	0.0	4055239	8967.456998674297	0.004705182	12.0
33693.11684602512	200.0	51.42409935443566	0.0	90919	315.9425837320574	0.10629462	0.2
33693.41970159239	200.0	55.12124378716617	0.0	85876	302.85556726948346	0.4668406	0.2
33705.541189251664	12000.0	46.999756127896745	0.0	5251330	12121.487659269427	0.005489888	12.0
33705.821114081955	200.0	50.71983129760387	0.0	97742	279.92483029288064	0.022589274	0.2
33717.36926990171	12000.0	43.17167547784639	0.0	5141915	11548.155819757474	0.004705182	12.0
33717.6498593754	200.0	46.89108600416218	0.0	85752	280.58947368421053	0.004721273	0.2
33717.95104300113	200.0	50.58990237843119	0.0	94556	301.1836257309942	0.004705182	0.2
33725.96144033735	8000.0	46.579505042212524	0.0	3253093	8010.397336218667	0.004705182	8.0
33738.362272142476	12000.0	38.17867323708789	0.0	5138482	12400.83180512464	0.004705182	12.0
33746.977454883076	8000.0	33.5634904964863	0.0	3354913	8615.182740601587	0.004705182	8.0
33747.30144995089	200.0	37.239495428668796	0.0	93993	323.99506781750927	0.4293937	0.2
33758.827747580195	12000.0	29.713197799373486	0.0	5411094	11526.297629295306	0.042435184	12.0
33759.0944049784	200.0	33.44654040116098	0.0	93982	266.6573982125124	0.24748747	0.2
33766.05875408244	8000.0	30.482191297118575	0.0	3568902	6964.349104042404	0.004705182	8.0
33774.29845348665	8000.0	26.24249189290646	0.0	3713878	8239.699404212111	0.394797	8.0
33774.617206615505	200.0	29.923738764047535	0.0	89422	318.75312885892606	0.38518238	0.2
33774.98616299504	200.0	33.55478238451277	0.0	108225	368.95637953475955	0.067796454	0.2
33775.30056141976	200.0	37.24038395978894	0.0	87791	314.39842472382605	0.49763182	0.2
33775.653132257125	200.0	40.88781312242286	0.0	102088	352.57083736608485	0.72129124	0.2
33785.18364914772	8000.0	35.35729623183111	0.0	3739359	9530.51689059176	0.71816075	8.0
33797.64711817532	12000.0	26.893827204229922	0.0	5257310	12463.469027601184	0.004705182	12.0
33797.96617104134	200.0	30.574774338211867	0.0	101968	319.0528660180518	0.08743055	0.2
33807.80685369452	12000.0	24.734091685031032	0.0	4828747	9840.682653180838	0.066923566	12.0
33811.36363392557	4000.0	25.177311453985975	0.0	1830641	3556.780231045056	0.017376786	4.0
33815.41992189088	4000.0	25.121023488663653	0.0	1697030	4056.287965322321	0.05120839	4.0
33819.97685010458	4000.0	24.56409527497417	0.0	1910697	4556.928213689482	0.015642716	4.0
33829.22847541349	8000.0	19.312469966062952	0.0	3682991	9251.625308911218	0.0771392	8.0
33834.87685440271	4000.0	17.66409097683221	0.0	2042818	5648.378989230744	0.03920002	4.0
33840.02526858013	4000.0	16.51567679941548	0.0	1750852	5148.414177416729	0.005713902	4.0
33844.68665623849	4000.0	15.85428914105577	0.0	2034636	4661.38765835971	0.09253441	4.0

