9771.672562918398	600.0	4.0	0.4088935472868991	247108	408.8935472868991	-7.577870945737983
9772.164793875118	600.0	7.507769043281509	0.0	309722	492.2309567184914	0.6
9773.10173547045	1500.0	10.570827447946561	0.0	643847	936.9415953349472	1.5
9774.13797281583	1500.0	13.534590102567941	0.0	718451	1036.2373453786197	1.5
9775.181989685885	1500.0	16.49057323251229	0.0	724296	1044.0168700556515	1.5
9777.742912714179	4000.0	17.929650204220838	0.0	1863995	2560.92302829145	4.0
9780.54667803074	4000.0	19.125884887657737	0.0	2046450	2803.765316563101	4.0
9783.43564100825	4000.0	20.236921910150357	0.0	2058614	2888.962977507377	4.0
9788.32259862075	8000.0	19.3499642976484	0.0	3448932	4886.95761250196	8.0
9791.710187951574	4000.0	19.96237496682382	0.0	2373154	3387.589330824579	4.0
9795.005844006519	4000.0	20.66671891187984	0.0	2094766	3295.6560549439782	4.0
9797.82457334787	4000.0	21.847989570527567	0.0	1761739	2818.7293413522734	4.0
9801.21782305882	4000.0	22.454739859578602	0.0	2131310	3393.249710948962	4.0
9810.341398707262	4000.0	17.33116421113694	0.0	1805063	9123.575648441663	4.0
9813.075045458298	1500.0	18.597517460100867	0.0	754517	2733.6467510360753	1.5
9814.369598767973	1500.0	21.302964150426433	0.0	934743	1294.553309674433	1.5
9816.83501752239	4000.0	22.83754539601069	0.0	1835863	2465.4187544157417	4.0
9819.76405803758	4000.0	23.90850488082054	0.0	2192675	2929.0405151901514	4.0
9822.550016020023	4000.0	25.122546898377937	0.0	2082556	2785.9579824426055	4.0
9825.49635998233	4000.0	26.17620293607076	0.0	2164412	2946.343962307175	4.0
9830.472548089649	8000.0	25.20001482875142	0.0	3690869	4976.188107319339	8.0
9835.983033300552	8000.0	23.689529617848702	0.0	3905272	5510.485210902719	8.0
9841.577365172903	8000.0	22.095197745497483	0.0	3805854	5594.331872351216	8.0
9844.195090423746	4000.0	23.477472494655306	0.0	1822097	2617.7252508421766	4.0
9846.69198121322	4000.0	24.980581705181624	0.0	1836837	2496.890789473684	4.0
9851.052366739536	8000.0	24.620196178865832	0.0	3253093	4360.385526315789	8.0
9857.701087922505	8000.0	21.971474995895374	0.0	4274504	6648.721182970461	8.0
9863.44619699557	8000.0	20.22636592283172	0.0	3354913	5745.109073063651	8.0
9866.677195015629	4000.0	20.99536790277229	0.0	2165436	3230.998020059433	4.0
9869.663778952203	4000.0	22.008783966198695	0.0	2002600	2986.5839365735956	4.0
9873.068521418505	4000.0	22.604041499898507	0.0	2290706	3404.742466300187	4.0
9877.894172899832	8000.0	21.778390018569436	0.0	3568902	4825.65148132907	8.0
9881.31063696921	4000.0	22.36192594919182	0.0	2544033	3416.464069377618	4.0
9884.362046470864	4000.0	23.310516447537804	0.0	2125133	3051.4095016540145	4.0
9893.923985512212	8000.0	17.74857740619013	0.0	3707853	9561.939041347676	8.0
9896.985484904098	4000.0	18.68707801430237	0.0	1785821	3061.499391887758	4.0
9900.506944224917	4000.0	19.16561869348571	0.0	2096494	3521.4593208166616	4.0
9903.796640746923	4000.0	19.875922171478933	0.0	1955307	3289.6965220067714	4.0
9909.28950632691	4000.0	18.383056591492053	0.0	2142800	5492.865579986883	4.0
9914.70427999541	4000.0	16.96828292299307	0.0	2094647	5414.773668498983	4.0
9917.294330169636	4000.0	18.37823274876603	0.0	1985434	2590.0501742270403	4.0
9919.688686003674	4000.0	19.98387691472815	0.0	1830641	2394.3558340378795	4.0
9921.914126470176	4000.0	21.75843644822636	0.0	1697030	2225.4404665017896	4.0
9924.409691700623	4000.0	23.262871217780482	0.0	1910697	2495.565230445879	4.0
9929.642291550623	8000.0	22.03027136778048	0.0	3682991	5232.599850000003	8.0
9935.327069641895	8000.0	20.34549327650739	0.0	3954105	5684.7780912730905	8.0
9938.059348260731	4000.0	21.61321465767212	0.0	1750852	2732.2786188352698	4.0
9941.221517147598	4000.0	22.451045770803034	0.0	2034636	3162.1688868690885	4.0

