22544.64318898339	600.0	4.0	0.7844378719310126	247108	784.4378719310125	0.5920031	-15.08875743862025
22545.004319297328	200.0	7.6388696860635	0.0	98617	361.13031393650004	0.004705182	0.2
22545.387853488257	200.0	11.255335495135943	0.0	106476	383.53419092755587	0.004705182	0.2
22545.796342958376	200.0	14.846846025015143	0.0	115230	408.48947012079964	0.004705182	0.2
22546.154739423473	200.0	18.488449559918752	0.0	97658	358.39646509639033	0.004705182	0.2
22546.51313588857	200.0	22.130053094822365	0.0	97658	358.39646509639033	0.004705182	0.2
22546.92322746823	200.0	25.719961515162314	0.0	115792	410.0915796600506	0.004705182	0.2
22547.31017683216	200.0	29.33301215123116	0.0	107674	386.9493639311549	0.004705182	0.2
22547.661865532584	200.0	32.98132345080712	0.0	95305	351.6887004240459	0.004705182	0.2
22548.04240360763	200.0	36.60078537576168	0.0	105425	380.5380750454335	0.00899247	0.2
22548.394263351776	200.0	40.24892563161458	0.0	95365	351.8597441470976	0.004705182	0.2
22548.746057529162	200.0	43.89713145422799	0.0	95342	351.7941773865945	0.004705182	0.2
22549.118026313685	200.0	47.52516266970745	0.0	102419	371.96878452054307	0.007243679	0.2
22549.428556192885	200.0	51.214632790507075	0.0	80867	310.5298792003706	0.004705182	0.2
22549.744453994263	200.0	54.8987349891316	0.0	82750	315.8978013754766	0.008656131	0.2
22567.420338314765	12000.0	41.22285066862864	0.0	5443841	17675.884320502963	0.12441271	12.0
22567.871322834886	200.0	44.77186614850479	0.0	89871	450.98452012383905	0.004705182	0.2
22584.475296785993	12000.0	32.16789219739985	0.0	4055239	16603.97395110494	0.004705182	12.0
22584.921979584942	200.0	35.72120939844845	0.0	90919	446.68279895140154	0.004705182	0.2
22585.348323605915	200.0	39.294865377476484	0.0	85876	426.34402097197017	0.004705182	0.2
22585.820882235814	200.0	42.82230674757501	0.0	114656	472.55862990146863	0.004705182	0.2
22586.21684788891	200.0	46.42634109447874	0.0	97742	395.9656530962724	0.3053231	0.2
22605.5101120647	12000.0	31.133076918687177	0.0	5141915	19293.264175791563	0.4210288	12.0
22605.930285812017	200.0	34.71290317137128	0.0	85752	420.17374731589445	0.004705182	0.2
22606.344989911482	200.0	38.298199071904456	0.0	94556	414.70409946682594	0.004705182	0.2
22617.860151221903	8000.0	30.783037761485396	0.0	3253093	11515.161310419058	0.004705182	8.0
22618.240869118337	200.0	34.402319865049385	0.0	88490	380.7178964360053	0.020511374	0.2
22630.52374242167	8000.0	26.119446561718547	0.0	3354913	12282.873303330836	0.004705182	8.0
22630.993845920926	200.0	29.649343062457827	0.0	93993	470.10349926071956	0.01603076	0.2
22631.476773990238	200.0	33.16641499314704	0.0	97083	482.9280693107832	0.028123239	0.2
22631.946831835692	200.0	36.69635714769557	0.0	93982	470.05784545147986	0.00499568	0.2
22644.957809014697	8000.0	27.68537996869148	0.0	3568902	13010.977179004092	0.07161162	8.0
22647.32169434796	1500.0	29.321494635429023	0.0	633700	2363.885333262458	0.07425537	1.5
22647.76216699919	200.0	32.88102198419826	0.0	89422	440.4726512307576	0.010300122	0.2
22648.278437186385	200.0	36.36475179700217	0.0	108225	516.2701871960899	0.056988224	0.2
22648.712335047363	200.0	39.93085393602613	0.0	87791	433.8978609760399	0.15285753	0.2
22649.20386612494	200.0	43.439322858451874	0.0	102088	491.5310775742612	0.3040114	0.2
22649.607981919453	200.0	47.03520706393926	0.0	80403	404.11579451260997	0.12739328	0.2
22669.298088112108	12000.0	31.345100871282412	0.0	5257310	19690.10619265685	0.28145608	12.0
22669.769999520024	200.0	34.873189463369656	0.0	101968	471.9114079127532	0.06671328	0.2
22684.24907404674	8000.0	24.394114936655473	0.0	3189942	14479.074526714185	0.36209968	8.0
22695.704418252288	4000.0	16.938770731105965	0.0	1830641	11455.344205549512	0.014513922	4.0
22701.468422364334	4000.0	15.174766619060911	0.0	1697030	5764.004112045053	0.004705182	4.0
22706.98977508669	4000.0	13.653413896707175	0.0	1910697	5521.352722353737	0.049169805	4.0
22708.97291689806	1500.0	15.670272085337553	0.0	629438	1983.1418113696218	0.1273787	1.5
22711.399650130264	1500.0	17.24353885313263	0.0	763847	2426.7332322049197	0.27371395	1.5
22716.858715012462	4000.0	15.784473970934432	0.0	1750852	5459.064882198199	0.004705182	4.0
22722.63820562237	4000.0	14.00498336102294	0.0	2034636	5779.490609911493	0.054070786	4.0

