4147.356062996281	600.0	4.0	0.7140370120914719	247108	714.0370120914719	0.004738914	-13.680740241829438
4147.68909741047	200.0	7.666965585810963	0.0	98617	333.03441418903753	0.004705182	0.2
4148.042296679208	200.0	11.31376631707239	0.0	106476	353.199268738574	0.004705182	0.2
4148.417957219957	200.0	14.938105776323809	0.0	115230	375.6605407485808	0.004705182	0.2
4148.748531003594	200.0	18.607531992687385	0.0	97658	330.573783636422	0.004705182	0.2
4149.07910478723	200.0	22.276958209050964	0.0	97658	330.573783636422	0.004705182	0.2
4149.456207324194	200.0	25.899855672086982	0.0	115792	377.1025369639822	0.004705182	0.2
4149.812480456751	200.0	29.54358253952981	0.0	107674	356.2731325571699	0.004705182	0.2
4150.137016843421	200.0	33.2190461528593	0.0	95305	324.5363866705154	0.004705182	0.2
4150.487519425287	200.0	36.8685435709933	0.0	105425	350.50258186599956	0.012010745	0.2
4150.8122097617315	200.0	40.5438532345489	0.0	95365	324.6903364444017	0.004705182	0.2
4151.136841084096	200.0	44.21922191218449	0.0	95342	324.631322364412	0.004705182	0.2
4151.479630782291	200.0	47.87643221399019	0.0	102419	342.78969819429744	0.009288171	0.2
4151.767121721705	200.0	51.588941274575845	0.0	80867	287.49093941434944	0.004705182	0.2
4152.059444118189	200.0	55.29661887809103	0.0	82750	292.32239648481345	0.011041071	0.2
4166.805768674247	12000.0	44.550294322033	0.0	5443841	14746.324556058033	0.0273656	12.0
4167.136036009251	200.0	48.22002698702882	0.0	89871	330.26733500417714	0.004705182	0.2
4180.227718761137	12000.0	39.12834423514294	0.0	4055239	13091.68275188588	0.004705182	12.0
4180.543734076862	200.0	42.81232891941837	0.0	90919	316.01531572457657	0.004705182	0.2
4180.846658341902	200.0	46.50940465437846	0.0	85876	302.92426503991175	0.011792054	0.2
4181.224292192249	200.0	50.131770804031255	0.0	114656	377.6338503471997	0.15388548	0.2
4181.558019234886	200.0	53.79804376139384	0.0	97742	333.7270426374197	0.17784712	0.2
4200.206539846505	12000.0	39.14952314977541	0.0	5141915	18648.520611618424	0.004705182	12.0
4200.525179008852	200.0	42.83088398742804	0.0	85752	318.6391623473754	0.004705182	0.2
4200.868318814745	200.0	46.48774418153525	0.0	94556	343.1398058927888	0.004705182	0.2
4209.8091446232465	8000.0	41.546918373033854	0.0	3253093	8940.825808501393	0.004705182	8.0
4222.27153766954	12000.0	33.08452532674092	0.0	5138482	12462.393046292937	0.0058113555	12.0
4231.117952116568	8000.0	28.23811087971236	0.0	3354913	8846.414447028563	0.004705182	8.0
4231.468372342055	200.0	31.887690654225512	0.0	93993	350.4202254868466	0.16952477	0.2
4247.168980302585	12000.0	20.187082693695764	0.0	5411094	15700.60796052975	0.7111024	12.0
4247.521135518685	200.0	23.834927477594988	0.0	93982	352.1552161007746	0.008885719	0.2
4256.822344647634	8000.0	18.533718348646186	0.0	3568902	9301.2091289488	0.069426246	8.0
4258.503431072066	1500.0	20.852631924214272	0.0	633700	1681.086424431917	0.3515266	1.5
4258.809361875672	200.0	24.546701120607594	0.0	89422	305.9308036066765	0.1412335	0.2
4259.1627997457745	200.0	28.193263250504796	0.0	108225	353.43787010279976	0.010400335	0.2
4259.464609716246	200.0	31.891453280034064	0.0	87791	301.8099704707313	0.48977244	0.2
4261.308314234824	1500.0	34.04774876145566	0.0	681043	1843.7045185784075	0.5994073	1.5
4271.164267248033	8000.0	28.19179574824672	0.0	3739359	9855.953013208944	0.4763585	8.0
4286.071561824483	12000.0	17.28450117179606	0.0	5257310	14907.294576450658	0.03267022	12.0
4286.449817432242	200.0	20.906245564037516	0.0	101968	378.2556077585419	0.13911532	0.2
4295.298284176839	8000.0	16.057778819440042	0.0	3189942	8848.466744597474	0.17608353	8.0
4300.25034430526	4000.0	15.105718691018668	0.0	1830641	4952.060128421373	0.076300986	4.0
4305.311445367432	4000.0	14.044617628847728	0.0	1697030	5061.101062170938	0.008672516	4.0
4311.0733965608	4000.0	12.282666435479296	0.0	1910697	5761.9511933684325	0.009950279	4.0
4313.1634574353975	1500.0	14.192605560880967	0.0	629438	2090.0608745983277	0.03481426	1.5
4319.767036462601	4000.0	11.589026533677009	0.0	2042818	6603.579027203959	0.049598023	4.0
4324.303468250251	4000.0	11.052594746026791	0.0	1750852	4536.431787650217	0.004705182	4.0
4329.416892704454	4000.0	9.939170291824302	0.0	2034636	5113.424454202487	0.10908574	4.0

