29062.07678432392	600.0	4.0	0.8088649645128584	247108	808.8649645128584	-15.577299290257168
29062.44766311459	200.0	7.629121209328049	0.0	98617	370.8787906719513	0.2
29063.378460791795	600.0	10.698323532122776	0.0	288447	930.7976772052724	0.6
29065.577589928125	1500.0	12.499194395796847	0.0	718451	2199.129136325929	1.5
29071.76174906767	4000.0	10.315035256250663	0.0	2069289	6184.159139546183	4.0
29073.89008697874	1500.0	12.186697345182441	0.0	689829	2128.337911068221	1.5
29080.04669599069	4000.0	10.03008833323084	0.0	2046450	6156.6090119516	4.0
29082.43955797309	1500.0	11.6372263508338	0.0	780303	2392.8619823970407	1.5
29087.99155974098	4000.0	10.085224582943114	0.0	1857129	5552.001767890686	4.0
29090.320001419004	1500.0	11.756782904920204	0.0	763093	2328.441678022909	1.5
29096.466425255298	4000.0	9.610359068625593	0.0	2094766	6146.423836294611	4.0
29098.687397357688	1500.0	11.38938696623848	0.0	744416	2220.9721023871152	1.5
29104.998205116386	4000.0	9.07857920753702	0.0	2131310	6310.807758701459	4.0
29107.313492554287	1500.0	10.7632917696378	0.0	748011	2315.2874378992196	1.5
29109.648221925625	1500.0	12.428562398303146	0.0	754517	2334.7293713346535	1.5
29116.417885748808	4000.0	9.658898575118029	0.0	2231719	6769.6638231851175	4.0
29118.707764637966	1500.0	11.369019685957918	0.0	735572	2289.8788891601102	1.5
29125.36479139023	4000.0	8.711992933689523	0.0	2192675	6657.026752268395	4.0
29126.432649094193	600.0	11.644135229728127	0.0	330105	1067.857703961396	0.6
29132.99166415988	4000.0	9.085120164041804	0.0	2164412	6559.015065686322	4.0
29135.611384952295	1500.0	10.465399371624095	0.0	835711	2619.72079241771	1.5
29138.14201155489	1500.0	11.934772769029554	0.0	806394	2530.626602594541	1.5
29143.830405290042	4000.0	10.246379033878092	0.0	1849252	5688.393735151462	4.0
29145.949990220393	1500.0	12.126794103523789	0.0	681795	2119.5849303543046	1.5
29151.5248751414	4000.0	10.551909182517898	0.0	1836837	5574.88492100589	4.0
29153.533576554502	1500.0	12.543207769415927	0.0	644861	2008.7014131019716	1.5
29159.787512635397	4000.0	10.289271688518896	0.0	2068230	6253.936080897031	4.0
29162.59676952452	1500.0	11.480014799397832	0.0	914284	2809.256889121066	1.5
29169.138910444486	4000.0	8.937873879429484	0.0	2165436	6542.140919968347	4.0
29170.122344365933	600.0	11.954439957985192	0.0	302752	983.4339214442912	0.6
29179.6391269469	4000.0	6.43765737701618	0.0	2290706	9516.782580969013	4.0
29180.352426439284	200.0	9.724357884630393	0.0	118522	713.2994923857868	0.2
29183.81848040669	1500.0	10.25830391722457	0.0	633700	3466.053967405824	1.5
29186.164375340097	1500.0	11.91240898381908	0.0	755142	2345.8949334054887	1.5
29191.6341084057	4000.0	10.442675918218432	0.0	1828568	5469.733065600648	4.0
29194.02943806692	1500.0	12.04734625699853	0.0	785519	2395.3296612199033	1.5
29200.286766547353	4000.0	9.790017776563975	0.0	2096494	6257.328480434556	4.0
29202.919143992014	1500.0	11.157640331902636	0.0	866245	2632.377444661339	1.5
29209.26171145738	4000.0	8.815072866539387	0.0	2142800	6342.567465363249	4.0
29210.17013251001	600.0	11.906651813907807	0.0	284107	908.4210526315791	0.6
29216.1338677355	4000.0	9.942916588417972	0.0	1985434	5963.735225489834	4.0
29218.253042993234	1500.0	11.823741330686014	0.0	657685	2119.1752577319585	1.5
29223.594743636593	4000.0	10.482040687325036	0.0	1697030	5341.7006433609795	4.0
29226.245089248034	1500.0	11.831695075884697	0.0	848035	2650.345611440337	1.5
29232.795172311322	4000.0	9.281612012600158	0.0	2171279	6550.083063284538	4.0
29235.14323455872	1500.0	10.933549765199581	0.0	763847	2348.0622474005772	1.5
29237.42504366865	1500.0	12.65174065526879	0.0	769491	2281.809109930791	1.5
29243.326918232735	4000.0	10.749866091182733	0.0	2034636	5901.874564086056	4.0

