16862.01099550191	600.0	4.0	0.6606109022556392	247108	660.6109022556392	-12.612218045112785
16863.811871911683	1500.0	6.199123590225564	0.0	732405	1800.8764097744363	1.5
16865.40467031394	1500.0	8.606325187969924	0.0	643847	1592.798402255639	1.5
16867.172760069578	1500.0	10.838235432330826	0.0	718451	1768.0897556390978	1.5
16868.95458337785	1500.0	13.056412124060149	0.0	724296	1781.8233082706768	1.5
16870.65542219364	1500.0	15.355573308270676	0.0	689829	1700.8388157894738	1.5
16872.47937742262	1500.0	17.53161807928913	0.0	737903	1823.955228981545	1.5
16874.426131011136	1500.0	19.584864490772386	0.0	780303	1946.7535885167465	1.5
16876.638817614006	1500.0	21.37217788790157	0.0	891463	2212.686602870813	1.5
16878.54439895372	1500.0	23.46659654818865	0.0	763093	1905.5813397129189	1.5
16880.464867853243	1500.0	25.54612764866712	0.0	769316	1920.4688995215313	1.5
16882.325594534606	1500.0	27.685400967305902	0.0	744416	1860.726681361217	1.5
16883.839283476063	1500.0	30.171712025851143	0.0	606092	1513.6889414547604	1.5
16885.688676734488	1500.0	32.32231876742417	0.0	748011	1849.3932584269662	1.5
16887.553459703147	1500.0	34.45753579876658	0.0	754517	1864.7829686575992	1.5
16889.844560826743	1500.0	36.16643467517107	0.0	934743	2291.1011235955057	1.5
16891.664530075708	1500.0	38.34646542620596	0.0	735572	1819.9692489651095	1.5
16893.645639023365	1500.0	40.365356478550396	0.0	772616	1981.1089476555628	1.5
16895.659831110836	1500.0	42.35116439107911	0.0	747396	2014.1920874712905	1.5
16897.45392938664	1500.0	44.55706611527281	0.0	662349	1794.098275806295	1.5
16899.696672569124	1500.0	46.314322932792955	0.0	835711	2242.743182479863	1.5
16901.86354605277	1500.0	48.14744944914529	0.0	806394	2166.8734836476565	1.5
16904.530604537256	1500.0	49.480390964656536	0.0	809327	2667.0584844887594	1.5
16907.400415800104	1500.0	50.610579701805534	0.0	681795	2869.8112628510053	1.5
16910.97981327338	1500.0	51.03118222853051	0.0	855209	3579.397473275025	1.5
16913.57983547495	1500.0	52.4311600269634	0.0	644861	2600.02220156711	1.5
16915.47089551943	1500.0	54.54009998248601	0.0	794014	1891.0600444773909	1.5
16917.636278424143	1500.0	56.37471707777027	0.0	914284	2165.3829047157437	1.5
16919.257497560826	1500.0	58.75349794108783	0.0	675709	1621.2191366824431	1.5
16922.451290113713	1500.0	59.559705388199646	0.0	707527	1693.7925528881794	1.5
16926.367906052747	1500.0	59.6430894491664	0.0	757473	1916.615939033249	1.5
16930.4852029635	1500.0	59.52579253841125	0.0	712239	2117.296910755149	1.5
16932.765307368536	1500.0	59.633149517816285	0.0	633700	1892.6430205949657	1.5
16936.533569765754	1500.0	59.86488712059819	0.0	755142	2268.2623972180963	1.5
16940.556053918324	1500.0	59.84240296802819	0.0	670327	2022.4841525700006	1.5
16944.82999499227	1500.0	59.56846189408255	0.0	785519	2273.941073945634	1.5
16948.83168536098	1500.0	59.56677152537447	0.0	681043	1501.6903687080865	1.5
16952.719988468772	1500.0	59.6784684175802	0.0	866245	1888.303107794275	1.5
16956.46813588066	1500.0	59.9303210056921	0.0	691256	1748.1474118880965	1.5
16960.8096283727	1500.0	59.58882851365509	0.0	725845	1841.492492037009	1.5
16964.697769930113	1500.0	59.54064892924738	0.0	811013	2048.179584407705	1.5
16968.70298866403	1500.0	59.53543019533076	0.0	657685	1505.2187339166237	1.5
16972.445223406834	1500.0	59.79319545252934	0.0	767059	1742.2347428014195	1.5
16976.535317841917	1500.0	59.703101017443515	0.0	848035	2090.094435085823	1.5
16980.66518056891	1500.0	59.5732382904506	0.0	629438	1629.862726992921	1.5
16983.99418814532	1500.0	59.61242080814834	0.0	763847	1960.817482302247	1.5
16988.0027370175	1500.0	59.603871935967895	0.0	769491	2008.5488721804513	1.5
16991.609393659102	1500.0	59.99721529436388	0.0	808636	2106.65664160401	1.5

