29813.14828245433	600.0	4.0	0.7406061821219716	247108	740.6061821219716	-14.212123642439431
29813.491920215398	200.0	7.65636223893066	0.0	98617	343.63776106934006	0.2
29814.343040014897	600.0	10.805242439431913	0.0	288447	851.1197994987468	0.6
29816.343711025755	1500.0	12.80457142857143	0.0	718451	2000.6710108604846	1.5
29818.36000776761	1500.0	14.788274686716793	0.0	724296	2016.2967418546366	1.5
29820.284162153577	1500.0	16.864120300751882	0.0	689829	1924.1543859649125	1.5
29822.336835169448	1500.0	18.811447284878863	0.0	737903	2052.673015873016	1.5
29824.98423020457	1500.0	20.164052249762555	0.0	780303	2647.395035116308	1.5
29828.23577935628	1500.0	20.912503098049307	0.0	891463	3251.54915171325	1.5
29831.030627820917	1500.0	22.117654633414972	0.0	763093	2794.8484646343363	1.5
29833.771213974545	1500.0	23.377068479785137	0.0	769316	2740.586153629832	1.5
29836.13825020796	1500.0	25.01003224637052	0.0	744416	2367.0362334146203	1.5
29838.080319756147	1500.0	27.06796269818411	0.0	606092	1942.069548186409	1.5
29843.730838981475	4000.0	25.417443472854	0.0	1805063	5650.519225330109	4.0
29846.452763043188	1500.0	26.695519411140463	0.0	754517	2721.9240617135356	1.5
29849.805744332167	1500.0	27.342538122159173	0.0	934743	3352.9812889812893	1.5
29855.81784454525	4000.0	25.330437909079137	0.0	1835863	6012.100213080037	4.0
29858.07603001562	1500.0	27.072252438707526	0.0	772616	2258.185470371611	1.5
29860.263114398826	1500.0	28.88516805550311	0.0	747396	2187.084383204412	1.5
29866.254769189687	4000.0	26.893513264643087	0.0	2164412	5991.654790860025	4.0
29868.506857558757	1500.0	28.64142489557226	0.0	835711	2252.088369070825	1.5
29873.65748004089	4000.0	27.490802413441006	0.0	1950922	5150.622482131254	4.0
29879.318573405755	4000.0	25.829709048577723	0.0	1849252	5661.093364863284	4.0
29884.964246075095	4000.0	24.184036379236375	0.0	1822097	5645.672669341348	4.0
29890.473554973876	4000.0	22.674727480453793	0.0	1836837	5509.308898782583	4.0
29892.459630235742	1500.0	24.688652218589056	0.0	644861	1986.0752618647357	1.5
29898.442100548615	4000.0	22.70618190571858	0.0	2068230	5982.4703128704805	4.0
29901.08509445148	1500.0	24.063188002852225	0.0	914284	2642.993902866354	1.5
29903.059295867137	1500.0	26.088986587195908	0.0	675709	1974.2014156563177	1.5
29909.10661905899	4000.0	24.041663395340002	0.0	2002600	6047.323191855907	4.0
29911.500264325587	1500.0	25.648018128745875	0.0	757473	2393.6452665941238	1.5
29917.8814943434	4000.0	23.26678811093244	0.0	1947068	6381.230017813438	4.0
29920.164806090976	1500.0	24.983476363355404	0.0	633700	2283.3117475770346	1.5
29922.87035957005	1500.0	26.277922884282	0.0	755142	2705.5534790734064	1.5
29929.011294164124	4000.0	24.1369882902072	0.0	1828568	6140.9345940748	4.0
29931.62476671951	1500.0	25.523515734824105	0.0	785519	2613.472555383096	1.5
29933.901281061666	1500.0	27.247001392668448	0.0	681043	2276.5143421556572	1.5
29939.45179074089	4000.0	25.69649171344076	0.0	1955307	5550.509679227686	4.0
29941.37624674783	1500.0	27.772035706503267	0.0	691256	1924.4560069374959	1.5
29947.038073829786	4000.0	26.110208624545812	0.0	2094647	5661.827081957455	4.0
29952.389020932726	4000.0	24.759261521605612	0.0	1985434	5350.947102940201	4.0
29958.00461822058	4000.0	23.143664233755135	0.0	1830641	5615.597287850477	4.0
29964.53935125914	4000.0	20.60893119519668	0.0	1697030	6534.733038558456	4.0
29967.905642623322	1500.0	21.24263983101589	0.0	848035	3366.2913641807877	1.5
29970.455600930083	1500.0	22.69268152425178	0.0	629438	2549.9583067641142	1.5
29973.532989461994	1500.0	23.615292992344187	0.0	763847	3077.3885319075885	1.5
29976.616424052598	1500.0	24.531858401739854	0.0	769491	3083.4345906043327	1.5
29979.759656763254	1500.0	25.38862569108332	0.0	808636	3143.2327106565335	1.5

