33178.1828925281	600.0	4.0	0.786590653203467	247108	786.590653203467	-15.13181306406934
33179.148524196404	600.0	7.034368331695112	0.0	309722	965.631668304888	0.6
33180.05332126548	600.0	10.12957126262175	0.0	288447	904.7970690733625	0.6
33182.18768923974	1500.0	11.995203288356715	0.0	718451	2134.3679742650343	1.5
33184.33877064444	1500.0	13.84412188365651	0.0	724296	2151.081404700206	1.5
33186.391295709225	1500.0	15.791596818872307	0.0	689829	2052.5250647842017	1.5
33188.53148213805	1500.0	17.651410390045573	0.0	737903	2140.1864288267357	1.5
33190.66491108542	1500.0	19.517981442677154	0.0	780303	2133.4289473684207	1.5
33193.090866348575	1500.0	21.09202617951926	0.0	891463	2425.955263157895	1.5
33195.17900582226	1500.0	23.003886705835047	0.0	763093	2088.1394736842108	1.5
33197.28352161174	1500.0	24.899370916361363	0.0	769316	2104.515789473684	1.5
33201.87328528364	4000.0	24.309607244455353	0.0	1761739	4589.763671906009	4.0
33207.36742515821	4000.0	22.81546736988204	0.0	2131310	5494.139874573312	4.0
33213.05394461936	4000.0	21.128947908740127	0.0	1805063	5686.519461141915	4.0
33215.607213349766	1500.0	22.575679178330997	0.0	754517	2553.268730409129	1.5
33218.741309160156	1500.0	23.441583367941018	0.0	934743	3134.0958103899793	1.5
33224.04072136386	4000.0	22.142171164237972	0.0	1835863	5299.412203703046	4.0
33226.31729124908	1500.0	23.865601279025274	0.0	772616	2276.5698852126943	1.5
33228.522159936656	1500.0	25.660732591438652	0.0	747396	2204.8686875866238	1.5
33230.28508836479	1500.0	27.897804163308358	0.0	662349	1762.9284281302944	1.5
33232.42165362364	1500.0	29.761238904456963	0.0	835711	2136.565258851395	1.5
33237.30259367102	4000.0	28.880298857085464	0.0	1950922	4880.940047371498	4.0
33242.313747339176	4000.0	27.869145188925895	0.0	1849252	5011.153668159571	4.0
33247.51011103936	4000.0	26.67278148874513	0.0	1822097	5196.363700180762	4.0
33253.27413163448	4000.0	24.908760893619313	0.0	1836837	5764.020595125818	4.0
33259.75388626034	4000.0	22.42900626775811	0.0	1984579	6479.754625861206	4.0
33262.034094777686	1500.0	24.148797750413415	0.0	794014	2280.2085173446944	1.5
33264.647570817244	1500.0	25.535321710857463	0.0	914284	2613.4760395559483	1.5
33266.59995681679	1500.0	27.582935711307748	0.0	675709	1952.3859995497137	1.5
33271.94430517775	4000.0	26.23858735035016	0.0	2002600	5344.348360957591	4.0
33273.87750680471	1500.0	28.30538572338909	0.0	757473	1933.2016269610695	1.5
33278.72112159416	4000.0	27.46177093394599	0.0	1947068	4843.614789443102	4.0
33285.81615554813	4000.0	24.366736979976295	0.0	2544033	7095.033953969692	4.0
33291.65017021308	4000.0	22.53272231502334	0.0	2125133	5834.014664952958	4.0
33296.138549076066	4000.0	22.044343452034205	0.0	1828568	4488.378862989136	4.0
33300.52508268769	4000.0	21.65780984041199	0.0	1785821	4386.533611622217	4.0
33302.25499607876	1500.0	23.927896449339368	0.0	681043	1729.9133910726182	1.5
33307.07197627378	4000.0	23.110916254317868	0.0	1955307	4816.9801950215015	4.0
33312.49518495046	4000.0	21.68770757764295	0.0	2142800	5423.208676674921	4.0
33318.07195423421	4000.0	20.1109382938851	0.0	2094647	5576.7692837578525	4.0
33323.36968082227	4000.0	18.81321170583504	0.0	1985434	5297.726588050057	4.0
33325.18043082226	1500.0	21.002461705835042	0.0	657685	1810.7500000000002	1.5
33329.72629924332	4000.0	20.456593284782407	0.0	1697030	4545.868421052633	4.0
33334.643433735466	4000.0	19.53945879263647	0.0	1910697	4917.13449214594	4.0
33336.29909679323	1500.0	21.883795734873154	0.0	629438	1655.6630577633143	1.5
33341.488321869016	4000.0	20.694570659084086	0.0	2042818	5189.225075789069	4.0
33345.903522351844	4000.0	20.279370176253956	0.0	1750852	4415.200482830127	4.0
33347.98574708451	1500.0	22.19714544359019	0.0	808636	2082.224732663768	1.5

