31784.245082338515	600.0	4.0	0.8416798951991985	247108	841.6798951991985	0.020142367	-16.23359790398397
31784.62905706303	200.0	7.6160252754874005	0.0	98617	383.9747245125992	0.004705182	0.2
31785.03725618455	200.0	11.207826153964707	0.0	106476	408.19912152269404	0.004705182	0.2
31785.472438430064	200.0	14.772643908453418	0.0	115230	435.18224551128924	0.004705182	0.2
31785.8534571555	200.0	18.391625183016107	0.0	97658	381.0187254373122	0.004705182	0.2
31786.234475880934	200.0	22.010606457578792	0.0	97658	381.0187254373122	0.004705182	0.2
31786.671390422045	200.0	25.573691916467595	0.0	115792	436.91454111119674	0.004705182	0.2
31787.08328223063	200.0	29.161800107883177	0.0	107674	411.89180858441864	0.004705182	0.2
31789.911106843407	1500.0	30.333975495106728	0.0	891463	2827.824612776451	0.005229885	1.5
31805.494762743176	12000.0	18.750319595339757	0.0	5088378	15583.655899766969	0.01163419	12.0
31805.872638738805	200.0	22.372443599712707	0.0	95365	377.87599562704986	0.004705182	0.2
31806.250442893106	200.0	25.994639445410037	0.0	95342	377.80415430267067	0.5487266	0.2
31806.650352310568	200.0	29.59473002794947	0.0	102419	399.90941746056535	0.004705182	0.2
31809.066791479705	1500.0	31.178290858810005	0.0	748011	2416.4391691394662	0.004705182	1.5
31811.503552373037	1500.0	32.741529965478755	0.0	754517	2436.7608933312513	0.004705182	1.5
31814.503255637133	1500.0	33.7418267013838	0.0	934743	2999.703264094956	0.004705182	1.5
31816.938941596076	1500.0	35.306140742439254	0.0	735572	2435.68595894455	0.004705182	1.5
31829.068657109612	12000.0	27.17642522890268	0.0	4055239	12129.715513536572	0.004705182	12.0
31831.101452968327	1500.0	29.14362937018981	0.0	747396	2032.7958587128699	0.0052253217	1.5
31832.912038072103	1500.0	31.33304426641268	0.0	662349	1810.5851037771283	0.004705182	1.5
31835.179644408774	1500.0	33.06543792974134	0.0	835711	2267.6063366713447	0.22760886	1.5
31837.459413218556	1500.0	34.785669119961796	0.0	806394	2279.7688097795512	0.04450441	1.5
31847.92839175974	8000.0	28.316690578777262	0.0	3805854	10468.978541184528	0.14683703	8.0
31849.87309834595	1500.0	30.371983992565063	0.0	681795	1944.7065862122015	0.004705182	1.5
31852.292091525556	1500.0	31.952990812961296	0.0	855209	2418.9931796037677	0.004705182	1.5
31862.25449368339	8000.0	25.99058865512639	0.0	3253093	9962.402157834904	0.004705182	8.0
31864.87589759225	1500.0	27.36918474626644	0.0	794014	2621.4039088599493	0.004705182	1.5
31869.438768693995	1500.0	26.806313644520973	0.0	914284	4562.87110174547	0.004705182	1.5
31873.185122465024	1500.0	27.05995987349547	0.0	675709	3746.3537710255023	0.004705182	1.5
31876.52282923553	1500.0	27.72225310298703	0.0	707527	3337.706770508441	0.004705182	1.5
31878.876072286137	1500.0	29.369010052381185	0.0	757473	2353.243050605845	0.004705182	1.5
31889.77534050564	8000.0	22.469741832875386	0.0	3568902	10899.268219505799	0.19455384	8.0
31891.812941772198	1500.0	24.43214056631941	0.0	633700	2037.601266555972	0.004705182	1.5
31894.22569691758	1500.0	26.019385420935777	0.0	755142	2412.7551453836354	0.024326865	1.5
31905.205088690724	8000.0	19.039993647790773	0.0	3707853	10979.391773145006	0.14806432	8.0
31907.704369965097	1500.0	20.54071237341993	0.0	785519	2499.2812743708423	0.004705182	1.5
31909.9716693348	1500.0	22.273413003714204	0.0	681043	2267.299369705729	0.124908365	1.5
31924.50150678513	8000.0	11.743575553381875	0.0	3739359	14529.837450332327	0.7542632	8.0
31927.23274594573	1500.0	13.012336392782952	0.0	691256	2731.2391605989224	0.016251476	1.5
31929.22167128844	1500.0	15.023411050069518	0.0	725845	1988.9253427134358	0.004705182	1.5
31934.523234127457	4000.0	13.721848211054429	0.0	1985434	5301.562839015089	0.2864165	4.0
31936.33290308436	1500.0	15.912179254152491	0.0	657685	1809.6689569019363	0.42623368	1.5
31945.46886670517	4000.0	10.776215633342158	0.0	1697030	9135.963620810335	0.07604847	4.0
31948.501201129977	1500.0	11.743881208538419	0.0	848035	3032.334424803739	0.38213322	1.5
31950.226306817844	1500.0	14.018775520668838	0.0	629438	1725.1056878695808	0.010903434	1.5
31955.645437138992	4000.0	12.599645199521463	0.0	2042818	5419.130321147375	0.024168244	4.0
31961.831404581626	4000.0	10.413677756889443	0.0	1750852	6185.967442632021	0.043530684	4.0
31969.772691154223	4000.0	6.472391184291503	0.0	2034636	7941.28657259794	0.696086	4.0

