7826.916489072248	600.0	4.0	0.7545249509511217	247108	754.5249509511217	-14.490499019022435
7827.841930000338	600.0	7.0745590719099205	0.0	309722	925.4409280900793	0.6
7829.679424157124	1500.0	9.237064915124115	0.0	643847	1837.4941567858057	1.5
7830.073964803716	200.0	12.842524268531946	0.0	115230	394.54064659216925	0.2
7831.022957382408	600.0	15.893531689840485	0.0	318350	948.9925786914612	0.6
7831.369532149959	200.0	19.546956922289514	0.0	97658	346.5747675509682	0.2
7831.765606874859	200.0	23.15088219738975	0.0	115792	396.07472489976965	0.2
7833.975581795954	1500.0	24.940907276294464	0.0	780303	2209.9749210952828	1.5
7843.783236929804	8000.0	19.133252142444285	0.0	3448932	9807.655133850178	8.0
7860.2290558466275	12000.0	6.687433225620538	0.0	5088378	16445.818916823748	12.0
7862.459221968869	1500.0	8.457267103378324	0.0	769316	2230.1661222422135	1.5
7862.805693923732	200.0	12.110795148516061	0.0	95342	346.47195486226354	0.2
7864.579664262789	1500.0	14.336824809458992	0.0	606092	1773.9703390570687	1.5
7869.683919057997	4000.0	13.232570014251031	0.0	1805063	5104.254795207961	4.0
7871.854681601078	1500.0	15.061807471170725	0.0	754517	2170.7625430803073	1.5
7872.833522978954	600.0	18.082966093293653	0.0	324375	978.8413778770719	0.6
7874.9517890290745	1500.0	19.964700043173288	0.0	735572	2118.266050120365	1.5
7887.462922169731	12000.0	11.453566902516673	0.0	4055239	12511.133140656615	12.0
7888.57464407916	600.0	14.341844993087602	0.0	330105	1111.7219094290729	0.6
7890.7219812880085	1500.0	16.19450778423894	0.0	662349	2147.33720884866	1.5
7891.677939307594	600.0	19.238549764653282	0.0	280646	955.958019585658	0.6
7892.728142577072	600.0	22.188346495174915	0.0	310841	1050.203269478366	0.6
7895.3342305174565	1500.0	23.582258554790222	0.0	809327	2606.0879403846907	1.5
7897.542262978149	1500.0	25.37422609409809	0.0	681795	2208.032460692131	1.5
7897.917393094023	200.0	28.999095978222783	0.0	94556	375.13011587530724	0.2
7898.3055946689365	200.0	32.61089440331001	0.0	101109	388.2015749127699	0.2
7913.20602372165	12000.0	21.710465350596902	0.0	5138482	14900.429052713109	12.0
7923.203350151163	8000.0	15.713138921083448	0.0	3354913	9997.326429513456	8.0
7923.5497654995315	200.0	19.366723572715895	0.0	93993	346.41534836755307	0.2
7924.487890887049	600.0	22.42859818519796	0.0	302752	938.1253875179367	0.6
7925.24920534789	600.0	25.667283724357198	0.0	240372	761.3144608407589	0.6
7936.150013679927	8000.0	18.76647539232044	0.0	3568902	10900.80833203676	8.0
7938.214551073989	1500.0	20.701937998258867	0.0	633700	2064.5373940615764	1.5
7938.574591002744	200.0	24.341898069504293	0.0	89422	360.03992875457516	0.2
7943.962630234074	4000.0	22.953858838174323	0.0	1828568	5388.039231329966	4.0
7949.229836998378	4000.0	21.68665207387024	0.0	1785821	5267.2067643040855	4.0
7949.6531630451245	200.0	25.26332602712398	0.0	102088	423.3260467462586	0.2
7956.308939066647	4000.0	22.607550005600526	0.0	1955307	6655.7760215234575	4.0
7956.680575185699	200.0	26.235913886548904	0.0	86718	371.6361190516227	0.2
7957.103497667623	200.0	29.812991404625244	0.0	101968	422.92248192365906	0.2
7973.201799554951	12000.0	17.714689517296563	0.0	4828747	16098.301887328682	12.0
7973.5833948106965	200.0	21.333094261551565	0.0	101713	381.5952557449963	0.2
7978.695359228784	4000.0	20.221129843464094	0.0	1697030	5111.964418087472	4.0
7979.062944106471	200.0	23.85354496577692	0.0	96988	367.5848776871757	0.2
7981.084784765139	1500.0	25.83170430710851	0.0	629438	2021.8406586684118	1.5
7982.071151653233	600.0	28.84533741901449	0.0	288236	986.3668880940214	0.6
7987.656759137215	4000.0	27.25972993503194	0.0	1750852	5585.607483982549	4.0
8004.813993209441	12000.0	14.10249586280575	0.0	5646381	17157.23407222619	12.0

