7343.215997777063	600.0	4.0	0.6521499790168301	247108	652.1499790168301	-12.442999580336602
7344.013123227478	600.0	7.202874549585402	0.0	309722	797.1254504145985	0.6
7345.583876450927	1500.0	9.632121326136348	0.0	643847	1570.7532234490543	1.5
7347.327366603308	1500.0	11.88863117375512	0.0	718451	1743.4901523812282	1.5
7349.084390176815	1500.0	14.131607600248904	0.0	724296	1757.0235735062156	1.5
7353.526576700595	4000.0	13.689421076468488	0.0	1863995	4442.186523780416	4.0
7358.847836785113	4000.0	12.368160991950624	0.0	2046450	5321.260084517864	4.0
7364.2212927146875	4000.0	10.994705062377404	0.0	2058614	5373.455929573219	4.0
7369.158119128548	4000.0	10.057878648516667	0.0	1857129	4936.826413860738	4.0
7375.39773013595	4000.0	7.818267641113786	0.0	2373154	6239.611007402882	4.0
7380.8329622964975	4000.0	6.383035480566697	0.0	2094766	5435.232160547088	4.0
7385.448366316566	4000.0	5.767631460498312	0.0	1761739	4615.404020068386	4.0
7387.103654165819	1500.0	8.11234361124555	0.0	606092	1655.2878492527618	1.5
7389.127802313967	1500.0	10.088195463097401	0.0	748011	2024.1481481481483	1.5
7391.168860143726	1500.0	12.047137633337817	0.0	754517	2041.0578297595841	1.5
7393.678341625208	1500.0	13.537656151856336	0.0	934743	2509.4814814814813	1.5
7396.235142947686	1500.0	14.980854829378027	0.0	735572	2556.801322478309	1.5
7398.972920725464	1500.0	16.24307705160025	0.0	772616	2737.777777777778	1.5
7401.623942397291	1500.0	17.592055379773623	0.0	747396	2651.0216718266256	1.5
7403.982404729592	1500.0	19.233593047472276	0.0	662349	2358.4623323013416	1.5
7406.252191899239	1500.0	20.96380587782568	0.0	835711	2269.7871696465945	1.5
7408.400631227838	1500.0	22.815366549227	0.0	806394	2148.439328598682	1.5
7413.224051398734	4000.0	21.991946378330677	0.0	1849252	4823.420170896324	4.0
7417.9756904640735	4000.0	21.240307312991032	0.0	1822097	4751.639065339646	4.0
7422.7643970249965	4000.0	20.451600752068178	0.0	1836837	4788.706560922855	4.0
7427.918877640696	4000.0	19.29712013636897	0.0	1984579	5154.480615699206	4.0
7433.2798581392435	4000.0	17.93613963782121	0.0	2068230	5360.980498547764	4.0
7446.861571085986	4000.0	8.354426691079716	0.0	2055338	13581.712946741492	4.0
7448.69024381267	1500.0	10.52575396439515	0.0	675709	1828.6727266845662	1.5
7450.601258596094	1500.0	12.6147391809707	0.0	707527	1911.0147834244492	1.5
7452.64152903248	1500.0	14.574468744584713	0.0	757473	2040.2704363859866	1.5
7454.5647380384	1500.0	16.651259738664873	0.0	712239	1923.2090059198397	1.5
7456.277764712471	1500.0	18.938233064593366	0.0	633700	1713.0266740715078	1.5
7461.822148481053	4000.0	17.393849296011606	0.0	2125133	5544.38376858176	4.0
7466.579836452318	4000.0	16.636161324746418	0.0	1828568	4757.687971265184	4.0
7471.162379156383	4000.0	16.05361862068087	0.0	1785821	4582.542704065552	4.0
7476.560812574749	4000.0	14.65518520231464	0.0	2096494	5398.433418366228	4.0
7481.73068681212	4000.0	13.485310964943775	0.0	1955307	5169.874237370863	4.0
7487.386520162812	4000.0	11.829477614251871	0.0	2142800	5655.833350691904	4.0
7492.912377721189	4000.0	10.303620055876154	0.0	2094647	5525.857558375717	4.0
7498.075073985161	4000.0	9.140923791903244	0.0	1985434	5162.69626397291	4.0
7502.751354310303	4000.0	8.46464346676123	0.0	1830641	4676.280325142014	4.0
7507.123552027947	4000.0	8.092445749116923	0.0	1697030	4372.197717644308	4.0
7512.139159389911	4000.0	7.076838387153732	0.0	1910697	5015.607361963191	4.0
7517.860148775631	4000.0	5.3558490014321505	0.0	2171279	5720.989385721581	4.0
7519.951529572841	1500.0	7.264468204223369	0.0	763847	2091.380797208782	1.5
7524.6419163277205	4000.0	6.574081449343674	0.0	1750852	4690.386754879695	4.0
7530.004141825612	4000.0	5.2118559514517395	0.0	2034636	5362.2254978919345	4.0

