11315.134540025218	600.0	4.0	0.8419587966621057	247108	841.9587966621057	-16.239175933242112
11317.472914632554	1500.0	5.661625392665112	0.0	732405	2338.374607334888	1.5
11319.538220188644	1500.0	7.596319836574225	0.0	643847	2065.305556090886	1.5
11321.833567564774	1500.0	9.30097246044441	0.0	718451	2295.3473761298155	1.5
11324.146938028649	1500.0	10.9876019965696	0.0	724296	2313.37046387481	1.5
11326.611991252765	1500.0	12.522548772453373	0.0	689829	2465.0532241162277	1.5
11329.338464847313	1500.0	13.79607517790482	0.0	737903	2726.4735945485522	1.5
11332.21700515037	1500.0	14.917534874847348	0.0	780303	2878.5403030574735	1.5
11335.549563284836	1500.0	15.584976740381805	0.0	891463	3332.558134465544	1.5
11338.680867328421	1500.0	16.45367269679706	0.0	763093	3131.3040435847456	1.5
11341.837054662856	1500.0	17.29748536236411	0.0	769316	3156.1873344329483	1.5
11344.893676845093	1500.0	18.240863180127892	0.0	744416	3056.6221822362177	1.5
11346.977089549284	1500.0	20.157450475935935	0.0	606092	2083.41270419196	1.5
11349.439479866985	1500.0	21.695060158235478	0.0	748011	2462.390317700454	1.5
11351.922591579701	1500.0	23.211948445519496	0.0	754517	2483.1117127159805	1.5
11354.979717147024	1500.0	24.15482287819726	0.0	934743	3057.1255673222395	1.5
11357.294439956288	1500.0	25.840100068934337	0.0	735572	2314.7228092629193	1.5
11359.68325471853	1500.0	27.451285306691613	0.0	772616	2388.8147622427255	1.5
11361.996704346859	1500.0	29.13783567836245	0.0	747396	2313.4496283291624	1.5
11364.05600732396	1500.0	31.078532701260364	0.0	662349	2059.3029771020883	1.5
11366.60638008922	1500.0	32.52815993599785	0.0	835711	2550.3727652625134	1.5
11368.99770967254	1500.0	34.136830352679446	0.0	806394	2391.329583318405	1.5
11371.397445977223	1500.0	35.73709404799671	0.0	809327	2399.7363046827413	1.5
11373.431643247119	1500.0	37.70289677810312	0.0	681795	2034.1972698935904	1.5
11375.962888992524	1500.0	39.17165103269808	0.0	855209	2531.2457454050373	1.5
11377.77301206082	1500.0	41.36152796440255	0.0	644861	1810.1230682955281	1.5
11379.95170436597	1500.0	43.18283565925172	0.0	794014	2178.6923051508243	1.5
11382.448287443249	1500.0	44.68625258197284	0.0	914284	2496.583077278885	1.5
11384.31428275167	1500.0	46.82025727355113	0.0	675709	1865.9953084217134	1.5
11386.264377574415	1500.0	48.87016245080689	0.0	707527	1950.0948227442432	1.5
11388.444626296214	1500.0	50.689913729007976	0.0	757473	2180.248721798909	1.5
11390.524560309306	1500.0	52.60997971591589	0.0	712239	2079.9340130920837	1.5
11392.383960460233	1500.0	54.750579564988385	0.0	633700	1859.4001509275024	1.5
11394.584364103552	1500.0	56.55017592166868	0.0	755142	2200.4036433197034	1.5
11396.546611168362	1500.0	58.58792885685761	0.0	670327	1962.2470648110775	1.5
11399.206017036193	1500.0	59.928522989028416	0.0	785519	2159.4058678291894	1.5
11403.552837414309	1500.0	59.58170261091122	0.0	681043	1846.820378117197	1.5
11405.927668299286	1500.0	59.75441526129874	0.0	866245	2327.2873496124785	1.5
11409.963684145352	1500.0	59.71839941523196	0.0	691256	2036.01584606678	1.5
11414.097574920677	1500.0	59.584508639906545	0.0	725845	2133.8907753254107	1.5
11418.121345999292	1500.0	59.56073756128959	0.0	811013	2523.7710786169546	1.5
11421.848764737344	1500.0	59.833318823239885	0.0	657685	2727.4187380497133	1.5
11426.016453174498	1500.0	59.66563038608581	0.0	767059	3167.688437154071	1.5
11429.722240275834	1500.0	59.95984328475054	0.0	848035	3705.787101335268	1.5
11434.006592585178	1500.0	59.67549097540575	0.0	629438	2784.3523093447907	1.5
11437.818718769271	1500.0	59.86336479131333	0.0	763847	3312.126184092416	1.5
11442.011074297861	1500.0	59.6710092627224	0.0	769491	3192.3555285909306	1.5
11445.861759367885	1500.0	59.820324192698635	0.0	808636	3350.6850700237633	1.5

