16729.04337962684	600.0	4.0	0.8818918973734916	247108	881.8918973734916	-17.037837947469832
16731.500112209742	1500.0	5.543267417097657	0.0	732405	2456.732582902343	1.5
16733.66946460808	1500.0	7.373915018760774	0.0	643847	2169.3523983368827	1.5
16736.080914968086	1500.0	8.962464658756717	0.0	718451	2411.4503600040566	1.5
16738.51133297843	1500.0	10.532046648412939	0.0	724296	2430.4180103437784	1.5
16741.070458959937	1500.0	11.972920666902102	0.0	689829	2559.1259815108365	1.5
16743.808251945396	1500.0	13.235127681444446	0.0	737903	2737.7929854576564	1.5
16746.698762053	1500.0	14.344617573840107	0.0	780303	2890.51010760434	1.5
16749.73854502703	1500.0	15.304834599812686	0.0	891463	3039.7829740274206	1.5
16751.94426329226	1500.0	17.099116334582956	0.0	763093	2205.71826522973	1.5
16754.167316724717	1500.0	18.876062902126527	0.0	769316	2223.0534324564305	1.5
16756.32100720298	1500.0	20.722372423863387	0.0	744416	2153.690478263141	1.5
16758.089373935225	1500.0	22.95400569161762	0.0	606092	1768.366732245765	1.5
16760.40081699776	1500.0	24.64256262908081	0.0	748011	2311.443062536812	1.5
16762.902245110727	1500.0	26.14113451611547	0.0	754517	2501.4281129653405	1.5
16765.982062183895	1500.0	27.061317442944738	0.0	934743	3079.817073170732	1.5
16768.42269119545	1500.0	28.620688431391464	0.0	735572	2440.629011553274	1.5
16771.08328645942	1500.0	29.96009316741977	0.0	772616	2660.5952639716907	1.5
16773.737462759065	1500.0	31.305916867774954	0.0	747396	2654.1762996448174	1.5
16776.09872075067	1500.0	32.94465887617017	0.0	662349	2361.257991604779	1.5
16779.057070982075	1500.0	33.98630864476343	0.0	835711	2958.3502314067373	1.5
16781.79491616792	1500.0	35.24846345891864	0.0	806394	2737.845185844793	1.5
16784.495210386747	1500.0	36.54816924009593	0.0	809327	2700.2942188227203	1.5
16786.782604304062	1500.0	38.26077532277668	0.0	681795	2287.39391731925	1.5
16789.631447056854	1500.0	39.4119325699893	0.0	855209	2848.8427527873896	1.5
16792.04950764539	1500.0	40.9938719814525	0.0	644861	2418.0605885367904	1.5
16795.11319068163	1500.0	41.93018894521398	0.0	794014	3063.6830362385217	1.5
16798.62881481559	1500.0	42.414564811251225	0.0	914284	3515.624133962752	1.5
16801.267224716034	1500.0	43.776154910808266	0.0	675709	2638.409900442957	1.5
16804.072806648906	1500.0	44.970572977934	0.0	707527	2805.581932874272	1.5
16807.07079384012	1500.0	45.97258578671716	0.0	757473	2997.9871912168346	1.5
16809.89452764857	1500.0	47.14885197827106	0.0	712239	2823.7338084460926	1.5
16812.506167109077	1500.0	48.53721251776504	0.0	633700	2611.63946050602	1.5
16815.658191517923	1500.0	49.385188108916836	0.0	755142	3152.024408848208	1.5
16818.465176516653	1500.0	50.57820311018813	0.0	670327	2806.984998728706	1.5
16821.848362106044	1500.0	51.19501752079659	0.0	785519	3383.1855893915417	1.5
16825.125184261768	1500.0	51.91819536507283	0.0	681043	3276.822155723758	1.5
16829.27134632244	1500.0	51.77203330440277	0.0	866245	4146.162060670071	1.5
16832.613181390498	1500.0	52.430198236343436	0.0	691256	3341.835068059325	1.5
16836.144552902282	1500.0	52.898826724560024	0.0	725845	3531.3715117834113	1.5
16840.080895735646	1500.0	52.962483891192015	0.0	811013	3936.342833368005	1.5
16842.749427909588	1500.0	54.29395171725285	0.0	657685	2668.5321739391675	1.5
16845.364531602885	1500.0	55.67884802395366	0.0	767059	2615.103693299182	1.5
16848.247258199597	1500.0	56.796121427242106	0.0	848035	2882.726596711559	1.5
16850.407529206786	1500.0	58.635850420053806	0.0	629438	2160.2710071883002	1.5
16853.37176452458	1500.0	59.67161510225588	0.0	763847	2964.235317797935	1.5
16857.2765075777	1500.0	59.76687204913822	0.0	769491	3404.7430531176583	1.5
16861.350384599653	1500.0	59.69299502718364	0.0	808636	3573.877021954579	1.5

