12120.701545385433	600.0	4.0	0.8277216937420807	247108	827.7216937420807	0.4428563	-15.954433874841614
12121.07994960655	200.0	7.621595778883068	0.0	98617	378.40422111693175	0.004705182	0.2
12121.48213429933	200.0	11.21941108610549	0.0	106476	402.18469277757816	0.004705182	0.2
12121.910807635562	200.0	14.790737749872346	0.0	115230	428.6733362331448	0.004705182	0.2
12122.286310027906	200.0	18.41523535752785	0.0	97658	375.5023923444976	0.004705182	0.2
12122.66181242025	200.0	22.03973296518335	0.0	97658	375.5023923444976	0.004705182	0.2
12123.092186306818	200.0	25.609359078616414	0.0	115792	430.3738865669384	0.004705182	0.2
12123.497996016144	200.0	29.203549369291	0.0	107674	405.80970932541567	0.004705182	0.2
12126.275465237164	1500.0	30.426080148268625	0.0	891463	2777.469221022373	0.0071542165	1.5
12139.390676213156	12000.0	21.31086917227727	0.0	5088378	13115.210975991358	0.0064410726	12.0
12139.697725600832	200.0	25.00381978460112	0.0	95365	307.04938767614544	0.004705182	0.2
12141.50242948964	1500.0	27.199115895795117	0.0	744416	1804.7038888060047	0.013956903	1.5
12141.810055720696	200.0	30.891489664738454	0.0	102419	307.6262310566599	0.004705182	0.2
12143.552510194171	1500.0	33.149035191262605	0.0	748011	1742.454473475851	0.004705182	1.5
12145.309424252873	1500.0	35.392121132560824	0.0	754517	1756.9140587017823	0.004705182	1.5
12147.466890602835	1500.0	37.23465478260041	0.0	934743	2157.466349960412	0.004705182	1.5
12149.181699398378	1500.0	39.51984598705652	0.0	735572	1714.8087955438875	0.004705182	1.5
12158.617585005804	12000.0	34.08396037962877	0.0	4055239	9435.885607427752	0.004705182	12.0
12160.44055400404	1500.0	36.260991381392394	0.0	747396	1822.968998236383	0.6541798	1.5
12171.058416266056	8000.0	29.64312911937806	0.0	4303587	10617.862262014332	0.22058484	8.0
12173.016334656604	1500.0	31.6852107288298	0.0	835711	1957.9183905482566	0.14219123	1.5
12174.864742551339	1500.0	33.83680283409296	0.0	806394	1848.4078947368423	0.38066474	1.5
12183.385835084058	8000.0	29.315710301373805	0.0	3805854	8521.092532719154	0.004705182	8.0
12185.050990130703	1500.0	31.65055525472903	0.0	681795	1665.1550466447732	0.004705182	1.5
12196.781305976228	8000.0	23.9202394092045	0.0	4925863	11730.315845524534	0.008245011	8.0
12198.42356386491	1500.0	26.277981520524225	0.0	644861	1642.2578886802737	0.011338587	1.5
12200.427163889137	1500.0	28.274381496297952	0.0	794014	2003.6000242262737	0.004705182	1.5
12210.55282200654	8000.0	22.148723378893152	0.0	3354913	10125.6581174048	0.0060141757	8.0
12212.618477839824	1500.0	24.08306754560941	0.0	675709	2065.6558332837394	0.004705182	1.5
12214.388245878752	1500.0	26.313299506680554	0.0	707527	1769.7680389288594	0.005233028	1.5
12224.62006356647	8000.0	20.08148181896219	0.0	4025712	10231.817687718367	0.004705182	8.0
12226.929729776606	1500.0	21.771815608827186	0.0	712239	2309.666210135003	0.004705182	1.5
12228.993529424426	1500.0	23.708015961008755	0.0	633700	2063.799647818431	0.3116992	1.5
12239.807702154862	8000.0	16.893843230572724	0.0	4271839	10814.172730436027	0.009622916	8.0
12241.424136272271	1500.0	19.277409113161614	0.0	670327	1616.434117411111	0.004705182	1.5
12251.221165811898	8000.0	13.48037957353526	0.0	4086583	9797.029539626355	0.8621917	8.0
12252.930407615684	1500.0	15.771137769748716	0.0	681043	1709.2418037865446	0.02710679	1.5
12255.100578027386	1500.0	17.600967358046105	0.0	866245	2170.170411702609	0.54329085	1.5
12266.999017292432	8000.0	9.702528093000135	0.0	4857577	11898.43926504597	0.4070159	8.0
12268.874135926022	1500.0	11.82740945941176	0.0	725845	1875.1186335883765	0.004705182	1.5
12270.959887220557	1500.0	13.74165816487586	0.0	811013	2085.7512945358994	0.049969178	1.5
12275.774780048045	4000.0	12.926765337389087	0.0	1830641	4814.892827486774	0.13693798	4.0
12280.424904431597	4000.0	12.276640953836663	0.0	1697030	4650.124383552422	0.22066106	4.0
12285.370414580679	4000.0	11.331130804754903	0.0	1910697	4945.5101490817615	0.0074910847	4.0
12290.572110585397	4000.0	10.129434800037227	0.0	2171279	5201.696004717677	0.051612157	4.0
12295.68245887218	4000.0	9.019086513255864	0.0	2042818	5110.348286781361	0.4198092	4.0
12300.3484672212	4000.0	8.35307816423401	0.0	1750852	4666.008349021855	0.0076270485	4.0
12305.510257751144	4000.0	7.191287634290549	0.0	2034636	5161.790529943461	0.077312775	4.0

