35442.07586458845	600.0	4.0	1.0709092731829573	247108	1070.9092731829573	-20.818185463659145
35442.55132123006	200.0	7.52454335839599	0.0	98617	475.4566416040101	0.2
35443.7880009293	600.0	10.287863659147868	0.0	288447	1236.6796992481204	0.6
35446.74900744559	1500.0	11.326857142857142	0.0	718451	2961.006516290727	1.5
35454.01032233281	4000.0	8.065542255639096	0.0	2069289	7261.314887218045	4.0
35455.019245841584	600.0	11.056618746867168	0.0	330929	1008.9235087719298	0.6
35460.84366689422	4000.0	9.232197694235587	0.0	2046450	5824.421052631579	4.0
35465.81046322493	1500.0	8.265401363522221	0.0	780303	4966.796330713364	1.5
35468.20444591322	600.0	9.871418675232498	0.0	290723	2393.982688289723	0.6
35472.68919340641	1500.0	9.386671182046767	0.0	763093	4484.747493185732	1.5
35474.88979914333	1500.0	11.186065445118523	0.0	769316	2200.6057369282453	1.5
35479.82600105564	4000.0	10.249863532809108	0.0	1761739	4936.201912309415	4.0
35481.57668276811	1500.0	12.49918182034464	0.0	606092	1750.6817124644672	1.5
35492.8062535944	4000.0	5.269610994056294	0.0	1805063	11229.570826288345	4.0
35493.10810717774	200.0	8.967757410718772	0.0	82750	301.8535833375224	0.2
35494.05775981936	600.0	12.018104769086037	0.0	324375	949.6526416327353	0.6
35499.059727010506	4000.0	11.016137577946774	0.0	1835863	5001.9671911392625	4.0
35504.86064852318	4000.0	9.215216065267768	0.0	2192675	5800.921512679006	4.0
35506.82165899916	1500.0	11.254205589287022	0.0	747396	1961.0104759807468	1.5
35512.34894751333	4000.0	9.726917075114562	0.0	2164412	5527.288514172461	4.0
35518.45078013851	1500.0	7.625084449930814	0.0	835711	6101.832625183747	1.5
35520.97257903875	600.0	9.103285549695151	0.0	310841	2521.798900235664	0.6
35527.51476246674	1500.0	6.561102121716522	0.0	809327	6542.183427978628	1.5
35528.283810277106	200.0	9.792054311350913	0.0	85752	769.0478103656087	0.2
35536.134593869494	1500.0	5.941270718966117	0.0	855209	7850.783592384797	1.5
35537.35441208974	200.0	8.7214524987167	0.0	101109	1219.8182202494188	0.2
35541.094323313584	600.0	8.981541274873958	0.0	324657	3739.9112238427397	0.6
35544.44153960755	600.0	9.634324980911083	0.0	302611	3347.2162939628747	0.6
35551.319844329926	1500.0	6.756020258531659	0.0	675709	6878.304722379426	1.5
35552.37659588623	200.0	9.699268702221529	0.0	97083	1056.7515563101301	0.2
35559.886327888235	1500.0	6.18953670021925	0.0	757473	7509.732002002279	1.5
35561.124193317475	200.0	8.95167127098491	0.0	118522	1237.865429234339	0.2
35563.79028950416	600.0	10.28557508429425	0.0	310713	2666.0961866906623	0.6
35565.673263852426	1500.0	12.402600736033465	0.0	755142	1882.974348260785	1.5
35570.119146293146	4000.0	11.956718295313006	0.0	1828568	4445.882440720457	4.0
35574.75953455617	4000.0	11.31633003228794	0.0	1785821	4640.388263025067	4.0
35582.41340255951	4000.0	7.662462028946253	0.0	2096494	7653.868003341688	4.0
35583.67640330461	600.0	10.399461283840244	0.0	327462	1263.0007451060083	0.6
35592.34020104549	1500.0	5.735663542963405	0.0	691256	8663.79774087684	1.5
35593.84185318909	200.0	8.234011399359362	0.0	101968	1501.6521436040432	0.2
35596.676191305145	600.0	9.399673283306418	0.0	315398	2834.338116052944	0.6
35602.19132378797	1500.0	7.884540800480116	0.0	657685	5515.132482826301	1.5
35605.069077236236	600.0	9.006787352218952	0.0	329059	2877.753448261166	0.6
35613.164057447706	1500.0	4.911807140747512	0.0	848035	8094.980211471439	1.5
35614.04943520186	200.0	8.026429386597828	0.0	85214	885.377754149684	0.2
35616.91880746009	600.0	9.157057128370079	0.0	288236	2869.3722582277483	0.6
35624.49004932197	1500.0	5.585815266489945	0.0	769491	7571.241861880134	1.5
35625.05366408298	200.0	9.02220050547801	0.0	110571	563.6147610119366	0.2

