7581.016344003603	600.0	4.0	0.7467444644934991	247108	746.7444644934991	-14.334889289869983
7583.072512235782	1500.0	5.943831767820705	0.0	732405	2056.168232179295	1.5
7584.8897341113625	1500.0	8.126609892241015	0.0	643847	1817.2218755796896	1.5
7586.908251792942	1500.0	10.108092210661225	0.0	718451	2018.5176815797906	1.5
7588.942540398146	1500.0	12.07380360545709	0.0	724296	2034.2886052041351	1.5
7590.872526398512	1500.0	14.143817605091474	0.0	689829	1929.9860003656174	1.5
7592.775859731844	1500.0	16.240484271758138	0.0	737903	1903.3333333333335	1.5
7594.783962029844	1500.0	18.23238197375962	0.0	780303	2008.1022979985173	1.5
7597.066736924827	1500.0	19.949607078775685	0.0	891463	2282.774894983939	1.5
7599.032313895423	1500.0	21.984030108180182	0.0	763093	1965.576970595503	1.5
7601.013267688357	1500.0	24.003076315247146	0.0	769316	1980.953792933037	1.5
7602.893632614919	1500.0	26.12271138868471	0.0	744416	1880.3649265624326	1.5
7604.436916052871	1500.0	28.579427950732033	0.0	606092	1543.28343795268	1.5
7606.322833484064	1500.0	30.69351051953937	0.0	748011	1885.9174311926606	1.5
7608.2244583029915	1500.0	32.79188570061132	0.0	754517	1901.624818928054	1.5
7610.561201422257	1500.0	34.455142581345264	0.0	934743	2336.7431192660556	1.5
7612.420033465652	1500.0	36.59631053795053	0.0	735572	1858.8320433947388	1.5
7614.372332746228	1500.0	38.644011257374984	0.0	772616	1952.2992805755396	1.5
7616.263515782956	1500.0	40.75282822064647	0.0	747396	1891.183036728512	1.5
7617.948602341078	1500.0	43.06774166252455	0.0	662349	1685.0865581219236	1.5
7620.053801280874	1500.0	44.96254272272901	0.0	835711	2105.198939795532	1.5
7622.1058353919	1500.0	46.91050861170363	0.0	806394	2052.0341110253885	1.5
7624.748010302861	1500.0	48.26833370074201	0.0	809327	2642.174910961615	1.5
7626.986443227277	1500.0	50.02990077632571	0.0	681795	2238.4329244163036	1.5
7629.773871798705	1500.0	51.24247220489714	0.0	855209	2787.4285714285716	1.5
7631.8953787239125	1500.0	53.12096527968938	0.0	644861	2121.5069252077565	1.5
7633.964111112159	1500.0	55.052232891443225	0.0	794014	2068.732388246155	1.5
7636.200759202974	1500.0	56.815584800627946	0.0	914284	2236.6480908152735	1.5
7637.874647453011	1500.0	59.14169655059109	0.0	675709	1673.8882500368568	1.5
7641.123589219191	1500.0	59.89275478441093	0.0	707527	1748.9417661801565	1.5
7645.054481822859	1500.0	59.96186218074226	0.0	757473	1930.892603668679	1.5
7649.262116482407	1500.0	59.7542275211952	0.0	712239	2207.634659547058	1.5
7651.560671774503	1500.0	59.781208346795914	0.0	633700	1973.019174399283	1.5
7655.744937335826	1500.0	59.596942785473686	0.0	755142	2184.265561322233	1.5
7659.692858893525	1500.0	59.64902122777401	0.0	670327	1947.9215576996762	1.5
7663.620142877627	1500.0	59.721737243672635	0.0	785519	2427.283984101371	1.5
7667.715537152788	1500.0	59.62634296851105	0.0	681043	2595.394275161588	1.5
7671.4949646689465	1500.0	59.84691545235223	0.0	866245	3279.427516158818	1.5
7675.757471879282	1500.0	59.58440824201612	0.0	691256	1762.507210336118	1.5
7679.551062837333	1500.0	59.79081728396497	0.0	725845	1793.5909580511416	1.5
7683.216304936783	1500.0	59.79615982450471	0.0	811013	1994.657459460257	1.5
7687.116949249734	1500.0	59.89551551155271	0.0	657685	1900.6443129520053	1.5
7691.320369437284	1500.0	59.69209532400296	0.0	767059	2203.4201875497424	1.5
7695.33625621359	1500.0	59.67620854769746	0.0	848035	2515.8867763055005	1.5
7699.237118641042	1500.0	59.77534612024442	0.0	629438	1900.8624274530366	1.5
7702.607888877749	1500.0	59.98566017401506	0.0	763847	2289.685946229366	1.5
7706.77953646023	1500.0	59.814012591534	0.0	769491	2171.6475824810573	1.5
7711.057588853964	1500.0	59.535960197799504	0.0	808636	2278.0523937344974	1.5

