26064.90492797165	600.0	4.0	0.6909540439472139	247108	690.9540439472139	-13.219080878944279
26066.795738615405	1500.0	6.109189356244398	0.0	732405	1890.8106437556016	1.5
26068.467596945906	1500.0	8.437331025744042	0.0	643847	1671.8583305003554	1.5
26070.323907481492	1500.0	10.581020490156689	0.0	718451	1856.3105355873536	1.5
26072.194669295008	1500.0	12.710258676638748	0.0	724296	1870.7618135179407	1.5
26073.980214308453	1500.0	14.92471366319498	0.0	689829	1785.5450134437679	1.5
26075.925527881074	1500.0	16.97940009057062	0.0	737903	1945.3135726243593	1.5
26078.005823963747	1500.0	18.899104007898185	0.0	780303	2080.2960826724347	1.5
26080.37107718813	1500.0	20.53385078351302	0.0	891463	2365.253224385164	1.5
26082.407255670867	1500.0	22.4976723007765	0.0	763093	2036.1784827365216	1.5
26084.459386729108	1500.0	24.445541242537292	0.0	769316	2052.1310582392052	1.5
26086.718509685696	1500.0	26.186418285947557	0.0	744416	2259.122956589733	1.5
26088.682574887458	1500.0	28.222353084183457	0.0	606092	1964.0652017641003	1.5
26091.0878019085	1500.0	29.817126063142485	0.0	748011	2405.2270210409747	1.5
26093.51325313346	1500.0	31.391674838180858	0.0	754517	2425.451224961629	1.5
26096.47539691559	1500.0	32.4295310560521	0.0	934743	2962.1437821287627	1.5
26098.78837835983	1500.0	34.11654961181425	0.0	735572	2312.9814442378474	1.5
26101.21381455305	1500.0	35.69111341859146	0.0	772616	2425.436193222783	1.5
26103.562690202885	1500.0	37.34223776876032	0.0	747396	2348.875649831139	1.5
26105.653388036146	1500.0	39.25153993549655	0.0	662349	2090.697833263765	1.5
26109.853193779127	1500.0	39.05173419251683	0.0	835711	4199.805742979725	1.5
26114.011684058878	1500.0	38.89324391276339	0.0	806394	4158.490279753438	1.5
26117.45144247105	1500.0	39.45348550059197	0.0	809327	3439.758412171425	1.5
26119.79273887867	1500.0	41.112189092971896	0.0	681795	2341.296407620074	1.5
26122.709194176034	1500.0	42.19573379561073	0.0	855209	2916.455297361166	1.5
26124.927992293815	1500.0	43.9769356778271	0.0	644861	2218.798117783628	1.5
26127.70381124827	1500.0	45.20111672337305	0.0	794014	2775.8189544540573	1.5
26130.96531277067	1500.0	45.939615200972	0.0	914284	3261.5015224010435	1.5
26133.396627255228	1500.0	47.5083007164135	0.0	675709	2431.3144845585034	1.5
26135.938661183023	1500.0	48.9662667886188	0.0	707527	2542.033927794693	1.5
26138.236888775788	1500.0	50.66803919585136	0.0	757473	2298.22759276745	1.5
26140.267393525468	1500.0	52.637534446172275	0.0	712239	2030.504749679076	1.5
26142.082815005997	1500.0	54.82211296564168	0.0	633700	1815.4214805305949	1.5
26144.23081192512	1500.0	56.6741160465146	0.0	755142	2147.996919127086	1.5
26146.146538412067	1500.0	58.758389559565515	0.0	670327	1915.72648694908	1.5
26149.311596577772	1500.0	59.593331393861156	0.0	785519	2165.058165704357	1.5
26153.160596869988	1500.0	59.74433110164387	0.0	681043	1849.0002922172798	1.5
26156.990656936872	1500.0	59.91427103475859	0.0	866245	2330.060066885289	1.5
26161.39067385676	1500.0	59.514254114870354	0.0	691256	1900.016919888234	1.5
26165.386179637822	1500.0	59.51874833380849	0.0	725845	1995.505781061868	1.5
26169.11030831308	1500.0	59.79461965855097	0.0	811013	2224.1286752575165	1.5
26172.985575736093	1500.0	59.91935223553638	0.0	657685	1875.267423014587	1.5
26177.15939881892	1500.0	59.74552915270776	0.0	767059	2173.8230828286273	1.5
26181.054850438024	1500.0	59.850077533605194	0.0	848035	2395.451619102559	1.5
26185.353569804534	1500.0	59.551358167095536	0.0	629438	1798.7193665096595	1.5
26188.644628579877	1500.0	59.88562671784985	0.0	763847	2165.7314492456826	1.5
26192.69599555567	1500.0	59.83425974205797	0.0	769491	2551.3669757918824	1.5
26196.873084158182	1500.0	59.65717113954482	0.0	808636	2677.088602513148	1.5

