23203.924707062783	600.0	4.0	0.8818918973734916	247108	881.8918973734916	-17.037837947469832
23206.38143964568	1500.0	5.543267417097657	0.0	732405	2456.732582902343	1.5
23208.550792044018	1500.0	7.373915018760774	0.0	643847	2169.3523983368827	1.5
23210.96224240402	1500.0	8.962464658756717	0.0	718451	2411.4503600040566	1.5
23213.392660414363	1500.0	10.532046648412939	0.0	724296	2430.4180103437784	1.5
23215.951786395875	1500.0	11.972920666902102	0.0	689829	2559.1259815108365	1.5
23218.68957938133	1500.0	13.235127681444446	0.0	737903	2737.7929854576564	1.5
23221.580089488936	1500.0	14.344617573840107	0.0	780303	2890.51010760434	1.5
23224.61987246296	1500.0	15.304834599812686	0.0	891463	3039.7829740274206	1.5
23226.82559072819	1500.0	17.099116334582956	0.0	763093	2205.71826522973	1.5
23229.048644160648	1500.0	18.876062902126527	0.0	769316	2223.0534324564305	1.5
23231.202334638907	1500.0	20.722372423863387	0.0	744416	2153.690478263141	1.5
23232.970701371156	1500.0	22.95400569161762	0.0	606092	1768.366732245765	1.5
23238.674480762318	4000.0	21.250226300454365	0.0	1805063	5703.779391163256	4.0
23245.78323406541	4000.0	18.141472997362726	0.0	2157416	7108.753303091637	4.0
23253.54970570463	4000.0	14.375001358141974	0.0	2231719	7766.471639220751	4.0
23259.61990332987	4000.0	12.304803732902332	0.0	1835863	6070.197625239642	4.0
23267.171024846226	4000.0	8.753682216544908	0.0	2192675	7551.1215163574225	4.0
23275.08961826647	4000.0	4.835088796299667	0.0	2082556	7918.593420245242	4.0
23277.72116254345	1500.0	6.2035445193217695	0.0	662349	2631.544276977898	1.5
23281.02054329175	1500.0	6.9041637710191734	0.0	835711	3299.3807483025957	1.5
23284.20698716906	1500.0	7.7177198937138325	0.0	806394	3186.4438773053403	1.5
23287.546054422965	1500.0	8.378652639809285	0.0	809327	3339.067253904548	1.5
23290.3996928669	1500.0	9.525014195873359	0.0	681795	2853.638443935927	1.5
23293.95880397801	1500.0	9.965903084762248	0.0	855209	3559.1111111111113	1.5
23296.899016538395	1500.0	11.025690524375777	0.0	644861	2940.21256038647	1.5
23300.706125615437	1500.0	11.21858144733535	0.0	794014	3807.1090770404276	1.5
23305.07778318746	1500.0	10.846923875311644	0.0	914284	4371.657572023705	1.5
23308.368096748804	1500.0	11.556610313968335	0.0	675709	3290.3135613433096	1.5
23311.81236671225	1500.0	12.11234035052217	0.0	707527	3444.269963446165	1.5
23315.494128428796	1500.0	12.430578633977843	0.0	757473	3681.7617165443253	1.5
23317.936801780288	1500.0	13.987905282484611	0.0	712239	2442.673351493232	1.5
23320.111158551335	1500.0	15.81354851143611	0.0	633700	2174.3567710485004	1.5
23322.68687696826	1500.0	17.237830094514685	0.0	755142	2575.7184169214247	1.5
23324.9822847184	1500.0	18.94242234437009	0.0	670327	2295.4077501445927	1.5
23328.191807091083	1500.0	19.732899971689598	0.0	785519	3209.5223726804925	1.5
23331.214392492504	1500.0	20.71031457026917	0.0	681043	3022.5854014204315	1.5
23335.037180967025	1500.0	20.88752609574782	0.0	866245	3822.788474521348	1.5
23337.805525588872	1500.0	22.119181473898383	0.0	691256	2768.34462184944	1.5
23340.539619790947	1500.0	23.385087271827857	0.0	725845	2734.094202070526	1.5
23343.5851357084	1500.0	24.339571354374645	0.0	811013	3045.5159174532077	1.5
23346.06999893028	1500.0	25.85470813249015	0.0	657685	2484.8632218844987	1.5
23349.10388718246	1500.0	26.820819880314257	0.0	767059	3033.88825217589	1.5
23356.586349477104	4000.0	23.338357585670373	0.0	1910697	7482.462294643888	4.0
23363.491453895487	4000.0	20.433253167289593	0.0	2171279	6905.104418380779	4.0
23370.260852747244	4000.0	17.6638543155352	0.0	2042818	6769.398851754392	4.0
23376.295625300598	4000.0	15.629081762180896	0.0	1750852	6034.772553354307	4.0
23383.6307857293	4000.0	12.29392133347968	0.0	2034636	7335.160428701213	4.0

