16010.264128735245	600.0	4.0	0.6586733797787014	247108	658.6733797787015	-12.573467595574028
16011.069430532565	600.0	7.194698202681342	0.0	309722	805.3017973186581	0.6
16011.824910890859	600.0	10.439217844388502	0.0	288447	755.48035829284	0.6
16013.587367421505	1500.0	12.676761313740414	0.0	718451	1762.4565306480886	1.5
16015.363511675356	1500.0	14.900617059891106	0.0	724296	1776.1442538493063	1.5
16017.058941685307	1500.0	17.205187049938527	0.0	689829	1695.430009952579	1.5
16021.984916673518	4000.0	16.279212061727122	0.0	2046450	4925.974988211403	4.0
16027.032165052346	4000.0	15.231963682900401	0.0	2058614	5047.248378826723	4.0
16031.934985328087	4000.0	14.329143407157076	0.0	1857129	4902.820275743325	4.0
16039.284703311661	4000.0	10.979425423584104	0.0	2373154	7349.717983572974	4.0
16045.06093850079	4000.0	9.203190234454672	0.0	2094766	5776.23518912943	4.0
16049.803319657956	4000.0	8.460809077287715	0.0	1761739	4742.3811571669585	4.0
16054.734696107505	4000.0	7.529432627740545	0.0	2131310	4931.3764495471705	4.0
16058.819050829927	4000.0	7.44507790531805	0.0	1805063	4084.3547224224944	4.0
16065.183109382404	4000.0	5.081019352841111	0.0	2157416	6364.058552476939	4.0
16068.415500251447	1500.0	5.848628483798259	0.0	934743	3232.3908690428516	1.5
16070.974375059917	1500.0	7.289753675327954	0.0	735572	2558.8748084703057	1.5
16073.218792890922	1500.0	9.045335844323297	0.0	772616	2244.4178310046573	1.5
16075.39255904283	1500.0	10.871569692416584	0.0	747396	2173.766151906713	1.5
16077.328073277518	1500.0	12.936055457728067	0.0	662349	1935.5142346885177	1.5
16079.74924636993	1500.0	14.5148823653164	0.0	835711	2421.173092411668	1.5
16082.233897443903	1500.0	16.03023129134419	0.0	806394	2484.6510739722116	1.5
16088.53797754824	4000.0	13.726151187006606	0.0	1849252	6304.080104337583	4.0
16093.815314964764	4000.0	12.44881377048305	0.0	1822097	5277.337416523556	4.0
16098.28467394678	4000.0	11.979454788465008	0.0	1836837	4469.358982018042	4.0
16103.1685253751	4000.0	11.095603360147033	0.0	1984579	4883.851428317974	4.0
16108.40443824787	4000.0	9.859690487378968	0.0	2068230	5235.912872768066	4.0
16113.65811705538	4000.0	8.606011679866826	0.0	2055338	5253.678807512142	4.0
16119.289182664608	4000.0	6.974946070638275	0.0	2165436	5631.065609228551	4.0
16124.213757969339	4000.0	6.050370765908904	0.0	2002600	4924.575304729371	4.0
16126.010775465975	1500.0	8.25335326927364	0.0	757473	1797.0174966352624	1.5
16127.705257863085	1500.0	10.558870872163775	0.0	712239	1694.4823971098676	1.5
16129.221710367156	1500.0	13.04241836809067	0.0	633700	1516.4525040731035	1.5
16134.724679053894	4000.0	11.539449681353672	0.0	2125133	5502.968686736998	4.0
16140.349679906763	4000.0	9.914448828483287	0.0	1828568	5625.000852870383	4.0
16146.382533137641	4000.0	7.881595597603968	0.0	1785821	6032.85323087932	4.0
16153.645373952955	4000.0	4.618754782291725	0.0	2096494	7262.840815312243	4.0
16156.313062756375	1500.0	5.951065978871325	0.0	866245	2667.688803420399	1.5
16158.45801598727	1500.0	7.806112747975711	0.0	691256	2144.953230895614	1.5
16160.706295145612	1500.0	9.557833589632887	0.0	725845	2248.2791583428243	1.5
16163.194625025404	1500.0	11.069503709841145	0.0	811013	2488.329879791742	1.5
16165.152048754218	1500.0	13.112079981027586	0.0	657685	1957.4237288135594	1.5
16167.42169085948	1500.0	14.842437875764428	0.0	767059	2269.6421052631576	1.5
16169.92248657759	1500.0	16.341642157655595	0.0	848035	2500.7957181088314	1.5
16175.428831511006	4000.0	14.835297224241385	0.0	2171279	5506.344933414211	4.0
16179.837638228353	4000.0	14.42649050689442	0.0	2042818	4408.806717346966	4.0
16183.656057970175	4000.0	14.608070765073546	0.0	1750852	3818.4197418208732	4.0
16193.919727552817	8000.0	8.344401182431394	0.0	4346302	10263.669582642151	8.0

