8756.62907329311	600.0	4.0	0.8617090434576299	247108	861.7090434576298	-16.634180869152598
8757.688857388963	600.0	6.940215904148048	0.0	309722	1059.7840958519514	0.6
8758.681339495806	600.0	9.947733797303176	0.0	288447	992.4821068448733	0.6
8759.646125766516	600.0	12.982947526592591	0.0	279692	964.7862707105857	0.6
8762.017385998239	1500.0	14.611687294871288	0.0	724296	2371.260231721302	1.5
8764.279612262622	1500.0	16.349461030487564	0.0	689829	2262.2262643837244	1.5
8766.769887701137	1500.0	17.85918559197177	0.0	737903	2490.275438515792	1.5
8769.829920640628	1500.0	18.799152652480185	0.0	780303	3060.032939491586	1.5
8773.314481566753	1500.0	19.31459172635535	0.0	891463	3484.560926124836	1.5
8776.30878828593	1500.0	20.320285007176448	0.0	763093	2994.3067191789	1.5
8779.189657935673	1500.0	21.43941535743534	0.0	769316	2880.8696497411056	1.5
8781.967061686013	1500.0	22.662011607095636	0.0	744416	2777.4037503397044	1.5
8784.24324612301	1500.0	24.38582717009953	0.0	606092	2276.184436996105	1.5
8787.042063737223	1500.0	25.58700955588519	0.0	748011	2798.81761421434	1.5
8790.012795024038	1500.0	26.616278269069426	0.0	754517	2970.7312868157655	1.5
8793.674014314303	1500.0	26.95505897880555	0.0	934743	3661.2192902638762	1.5
8796.572162870407	1500.0	28.056910422701915	0.0	735572	2898.148556103635	1.5
8799.573482140619	1500.0	29.05559115249028	0.0	772616	3001.3192702116357	1.5
8802.470787893812	1500.0	30.158285399297988	0.0	747396	2897.3057531922914	1.5
8805.047509375221	1500.0	31.58156391788631	0.0	662349	2576.7214814116765	1.5
8808.266715188836	1500.0	32.362358104272204	0.0	835711	3219.2058136141054	1.5
8815.603259730402	4000.0	29.025813562706272	0.0	1950922	7336.54454156593	4.0
8823.368266041882	4000.0	25.26080725122666	0.0	1849252	7765.006311479616	4.0
8826.397126637132	1500.0	26.23194665597891	0.0	681795	3028.8605952477496	1.5
8830.120433676857	1500.0	26.508639616251877	0.0	855209	3723.3070397270344	1.5
8832.925174480197	1500.0	27.703898812913877	0.0	644861	2804.740803337999	1.5
8836.360133679498	1500.0	28.268939613611057	0.0	794014	3434.959199302823	1.5
8839.885748140414	1500.0	28.743325152696237	0.0	914284	3525.6144609148173	1.5
8842.301618851674	1500.0	30.327454441435325	0.0	675709	2415.8707112609113	1.5
8844.827481784869	1500.0	31.801591508240268	0.0	707527	2525.862933195057	1.5
8847.526003952356	1500.0	33.10306934075258	0.0	757473	2698.522167487685	1.5
8853.990470021818	4000.0	30.63860327129026	0.0	1947068	6464.4660694623235	4.0
8856.134849539276	1500.0	32.494223753831236	0.0	633700	2144.3795174590246	1.5
8863.792486189539	4000.0	28.83658710356818	0.0	2125133	7657.636650263054	4.0
8870.812587685597	4000.0	25.81648560750926	0.0	1828568	7020.10149605892	4.0
8877.9862162854	4000.0	22.64285700770787	0.0	1785821	7173.628599801391	4.0
8880.836106470166	1500.0	23.79296682294283	0.0	681043	2849.8901847650386	1.5
8884.465836269115	1500.0	24.1632370239929	0.0	866245	3629.7297989499293	1.5
8887.37848987393	1500.0	25.250583419177943	0.0	691256	2912.6536048149574	1.5
8890.479992127734	1500.0	26.149081165374668	0.0	725845	3101.502253803275	1.5
8893.990219730895	1500.0	26.63885356221307	0.0	811013	3510.2276031615957	1.5
8896.85193746068	1500.0	27.777135832429046	0.0	657685	2861.7177297840285	1.5
8900.143351379047	1500.0	28.48572191406208	0.0	767059	3291.4139183669654	1.5
8903.68834282418	1500.0	28.940730468928137	0.0	848035	3544.9914451339414	1.5
8906.340167436658	1500.0	30.2889058564508	0.0	629438	2651.824612477336	1.5
8909.525672535554	1500.0	31.103400757554525	0.0	763847	3185.5050988962776	1.5
8915.577327797646	4000.0	29.051745495462477	0.0	1750852	6051.6552620920465	4.0
8918.415353846973	1500.0	30.213719446135027	0.0	808636	2838.0260493274504	1.5

