555.3444193726498	600.0	4.0	0.9194148744188021	247108	919.4148744188021	-17.788297488376042
557.912366549992	1500.0	5.432052822657694	0.0	732405	2567.947177342307	1.5
560.1794861440559	1500.0	7.164933228593872	0.0	643847	2267.119594063821	1.5
562.700032204649	1500.0	8.64438716800068	0.0	718451	2520.5460605931935	1.5
565.327860172573	1500.0	10.016559200076697	0.0	724296	2627.8279679239827	1.5
568.2443281002046	1500.0	11.10009127244512	0.0	689829	2916.4679276315787	1.5
571.3584687252046	1500.0	11.985950647445119	0.0	737903	3114.140625	1.5
574.6469514554677	1500.0	12.69746791718196	0.0	780303	3288.482730263158	1.5
577.9994612409461	1500.0	13.344958131703647	0.0	891463	3352.5097854783153	1.5
579.199631107673	600.0	16.144788264976743	0.0	309937	1200.1698667269031	0.6
582.0600819773363	1500.0	17.28433739531331	0.0	769316	2860.450869663429	1.5
584.8305396235978	1500.0	18.513879749051736	0.0	744416	2770.457646261577	1.5
586.9051365245566	1500.0	20.439282848093068	0.0	606092	2074.596900958665	1.5
589.3648267398947	1500.0	21.97959263275495	0.0	748011	2459.6902153381184	1.5
591.8452148654789	1500.0	23.49920450717087	0.0	754517	2480.388125584078	1.5
594.898966282177	1500.0	24.44545309047272	0.0	934743	3053.751416698149	1.5
597.320824229101	1500.0	26.023595143548505	0.0	735572	2421.8579469242163	1.5
604.3844216492778	4000.0	22.959997723371735	0.0	2192675	7063.597420176766	4.0
611.7295703715126	4000.0	19.614849001136864	0.0	2082556	7345.148722234873	4.0
619.6842990308586	4000.0	15.660120341790927	0.0	2164412	7954.728659345937	4.0
628.0593856134236	4000.0	11.285033759225835	0.0	2379358	8375.086582565093	4.0
633.8162400854711	4000.0	9.528179287178405	0.0	1950922	5756.85447204743	4.0
639.7673926904871	4000.0	7.577026682162339	0.0	1849252	5951.152605016066	4.0
646.0121073296363	4000.0	5.33231204301324	0.0	1822097	6244.714639149099	4.0
649.0882635652464	1500.0	6.2561558074031565	0.0	855209	3076.1562356100844	1.5
651.4375525000783	1500.0	7.9068668725713	0.0	644861	2349.2889348318563	1.5
654.3117161792302	1500.0	9.032703193419387	0.0	794014	2874.163679151912	1.5
657.6309107559657	1500.0	9.71350861668382	0.0	914284	3319.1945767355683	1.5
660.1436516933884	1500.0	11.200767679261169	0.0	675709	2512.74093742265	1.5
662.7709463087211	1500.0	12.57347306392848	0.0	707527	2627.2946153326884	1.5
665.5780604600678	1500.0	13.766358912581751	0.0	757473	2807.1141513467296	1.5
668.004046751752	1500.0	15.340372620897666	0.0	712239	2425.9862916840857	1.5
669.9630682491573	1500.0	17.381351123492184	0.0	633700	1959.0214974054854	1.5
672.2821846316629	1500.0	19.062234740986625	0.0	755142	2319.116382505559	1.5
674.3498110215814	1500.0	20.994608351068162	0.0	670327	2067.6263899184582	1.5
676.7590000504917	1500.0	22.58541932215786	0.0	785519	2409.1890289103044	1.5
684.202969648193	4000.0	19.141449724456674	0.0	2096494	7443.969597701186	4.0
690.9312232596968	4000.0	16.413196112952775	0.0	1955307	6728.2536115039	4.0
698.0284991137321	4000.0	13.315920258917505	0.0	2142800	7097.27585403527	4.0
705.3703898636617	4000.0	9.974029508987924	0.0	2094647	7341.89074992958	4.0
712.0292295994454	4000.0	7.315189773204216	0.0	1985434	6658.8397357837075	4.0
718.0518775130888	4000.0	5.292541859560869	0.0	1830641	6022.647913643347	4.0
720.7480963103859	1500.0	6.59632306226386	0.0	767059	2696.2187972970096	1.5
723.7205010768585	1500.0	7.623918295791176	0.0	848035	2972.4047664726827	1.5
725.947334015828	1500.0	9.397085356821638	0.0	629438	2226.832938969538	1.5
728.5735754940657	1500.0	10.77084387858388	0.0	763847	2626.241478237757	1.5
733.9571786746791	4000.0	9.387240697970476	0.0	1750852	5383.603180613404	4.0
740.3092374209632	4000.0	7.035181951686426	0.0	2034636	6352.058746284049	4.0

