19072.8738071269	600.0	4.0	0.7364383197741989	247108	736.4383197741989	-14.128766395483979
19073.215781558247	200.0	7.658025568653494	0.0	98617	341.97443134650507	0.2
19073.57863329326	200.0	11.295173833637723	0.0	106476	362.8517350157729	0.2
19075.567186505945	1500.0	13.306620620953014	0.0	718451	1988.5532126847086	1.5
19075.906613369632	200.0	16.96719375726382	0.0	97658	339.4268636891914	0.2
19076.865720791182	600.0	20.0080863357131	0.0	330929	959.1074215507222	0.6
19077.253320326297	200.0	23.620486800597707	0.0	115792	387.599535115391	0.2
19079.40618235519	1500.0	25.467624771708447	0.0	780303	2152.862028889258	1.5
19079.73935851325	200.0	29.13444861364768	0.0	95305	333.1761580607671	0.2
19092.0212504042	12000.0	20.852556722698008	0.0	5088378	12281.891890949672	12.0
19092.322543786457	200.0	24.551263340441043	0.0	95365	301.29338225696506	0.2
19097.07738717884	4000.0	23.796419948053035	0.0	1761739	4754.843392388009	4.0
19098.807009878125	1500.0	26.066797248770893	0.0	606092	1729.622699282142	1.5
19099.613193663383	600.0	29.2606134635159	0.0	266809	806.1837852549927	0.6
19100.41203964712	600.0	32.461767479778274	0.0	264113	798.8459837376247	0.6
19100.748908969745	200.0	36.12489815715044	0.0	94377	336.8693226278366	0.2
19101.073514147847	200.0	39.80029297904681	0.0	89871	324.6051781036301	0.2
19111.96050021223	12000.0	32.91330691466501	0.0	4055239	10886.986064381803	12.0
19112.28134125791	200.0	36.592465868986956	0.0	90919	320.8410456780517	0.2
19112.58882358436	200.0	40.2849835425354	0.0	85876	307.48232645154883	0.2
19126.39283447637	12000.0	30.480972650524926	0.0	5251330	13804.010892010476	12.0
19128.770867070543	1500.0	32.102940056349134	0.0	806394	2378.0325941757947	1.5
19141.845318558524	12000.0	23.028488568369408	0.0	5141915	13074.451487979724	12.0
19142.628857730662	600.0	26.244949396235608	0.0	298925	783.5391721338001	0.6
19143.525400933275	600.0	29.348406193623152	0.0	346939	896.5432026124563	0.6
19152.588290864842	8000.0	24.285516262056	0.0	3253093	9062.889931567152	8.0
19167.59790687379	12000.0	13.2759002531034	0.0	5138482	15009.6160089526	12.0
19178.11084925976	8000.0	6.762957867135559	0.0	3354913	10512.94238596784	8.0
19178.455926285882	200.0	10.417880841013657	0.0	93993	345.07702612190224	0.2
19178.80971766319	200.0	14.064089463709042	0.0	97083	353.79137730461457	0.2
19179.56760957985	600.0	17.30619754704531	0.0	240372	757.8919166637289	0.6
19189.803175328198	8000.0	11.070631798698226	0.0	3568902	10235.565748347084	8.0
19190.169901690642	200.0	14.703905436252732	0.0	99865	366.72636244549324	0.2
19190.50664474159	200.0	18.36716238530795	0.0	89422	336.7430509447844	0.2
19190.897373831616	200.0	21.97643329527978	0.0	108225	390.72909002817306	0.2
19191.229434053766	200.0	25.644373073125344	0.0	87791	332.0602221544315	0.2
19192.127556687323	600.0	28.74625043957249	0.0	284947	898.1226335528559	0.6
19193.147745823648	600.0	31.72606130324719	0.0	327462	1020.1891363253001	0.6
19195.212438342533	1500.0	33.66136878436047	0.0	691256	2064.692518886716	1.5
19196.03857815804	600.0	36.83522896885346	0.0	284107	826.1398155070142	0.6
19209.024334228776	12000.0	27.849472898117412	0.0	4828747	12985.756070736048	12.0
19209.393507262645	200.0	31.48029986424983	0.0	101713	369.1730338675859	0.2
19209.75452080257	200.0	35.11928632432304	0.0	98843	361.013539926792	0.2
19210.627549694855	600.0	38.246257432038306	0.0	278938	873.0288922847294	0.6
19212.497060338446	1500.0	40.37674678844756	0.0	629438	1869.510643590746	1.5
19214.748699700183	1500.0	42.12510742670763	0.0	763847	2251.639361739934	1.5
19230.930016429284	12000.0	29.943790697608353	0.0	5704199	16181.316729099273	12.0
19246.620666666775	12000.0	18.253140460113716	0.0	5646381	15690.65023749464	12.0

