17817.161103827453	600.0	4.0	0.7567185280273857	247108	756.7185280273857	0.5145909	-14.534370560547714
17817.51117177782	200.0	7.649932049636285	0.0	98617	350.0679503637142	0.004705182	0.2
17817.88276202172	200.0	11.278341805733845	0.0	106476	371.59024390243906	0.004705182	0.2
17818.278325564723	200.0	14.882778262729994	0.0	115230	395.5635430038511	0.004705182	0.2
17818.62576724209	200.0	18.535336585365854	0.0	97658	347.44167736414204	0.004705182	0.2
17818.973208919455	200.0	22.187894908001713	0.0	97658	347.44167736414204	0.004705182	0.2
17819.37031152964	200.0	25.790792297817717	0.0	115792	397.1026101839966	0.004705182	0.2
17819.745182560877	200.0	29.415921266581087	0.0	107674	374.87103123662814	0.004705182	0.2
17822.26650185912	1500.0	30.894601968335476	0.0	891463	2521.319298245614	0.21135986	1.5
17837.949752105193	12000.0	19.211351722266183	0.0	5088378	15683.250246069294	0.004705182	12.0
17838.28648921651	200.0	22.87461461094568	0.0	95365	336.73711132050073	0.004705182	0.2
17838.623164408327	200.0	26.537939419129827	0.0	95342	336.6751918158568	1.0053202	0.2
17838.978891962506	200.0	30.182211864950258	0.0	102419	355.7275541795666	0.004705182	0.2
17841.0726515533	1500.0	32.08845227415742	0.0	748011	2093.759590792839	0.004705182	1.5
17843.18392628745	1500.0	33.97717754000747	0.0	754517	2111.274734149953	0.004705182	1.5
17845.780396875685	1500.0	35.380706951772176	0.0	934743	2596.470588235294	0.004705182	1.5
17847.84106098608	1500.0	37.32004284138147	0.0	735572	2060.664110390705	0.004705182	1.5
17858.883163363476	12000.0	30.277940463986177	0.0	4055239	11042.1023773953	0.004705182	12.0
17860.963754925026	1500.0	32.197348902437675	0.0	747396	2080.591561548499	0.004705182	1.5
17862.816697006867	1500.0	34.34440682059607	0.0	662349	1852.9420818416036	0.004705182	1.5
17872.70571740239	8000.0	28.455386425071193	0.0	3690869	9889.020395524878	0.029835716	8.0
17874.911793268322	1500.0	30.249310559138358	0.0	806394	2206.0758659328344	0.004705182	1.5
17877.125602054533	1500.0	32.03550177292737	0.0	809327	2213.808786210988	0.013355296	1.5
17887.227578353853	8000.0	25.933525473606984	0.0	4032749	10101.976299320382	0.0077949567	8.0
17889.512833342615	1500.0	27.648270484842502	0.0	855209	2285.254988764481	0.004705182	1.5
17891.333348862183	1500.0	29.82775496527435	0.0	644861	1820.5155195681511	0.14369911	1.5
17903.001671120986	8000.0	22.1594327064696	0.0	4274504	11668.32225880475	0.0050390624	8.0
17905.578180097706	1500.0	23.58292372974764	0.0	914284	2576.5089767219606	0.004705182	1.5
17907.50324528987	1500.0	25.65785853758435	0.0	675709	1925.0651921632877	0.004705182	1.5
17919.67775167099	8000.0	17.4833521564649	0.0	4435580	12174.506381119452	0.22855313	8.0
17921.793729966554	1500.0	19.36737386090154	0.0	757473	2115.978295563358	0.004705182	1.5
17923.788125786938	1500.0	21.372978040517516	0.0	712239	1994.3958203840275	0.012221227	1.5
17934.217020494423	8000.0	14.944083333031994	0.0	3713878	10428.89470748552	0.08491471	8.0
17936.481524282237	1500.0	16.679579545221692	0.0	755142	2264.503787810302	0.004705182	1.5
17938.500671979717	1500.0	18.66043184774027	0.0	670327	2019.1476974814225	0.15125248	1.5
17951.86542698036	8000.0	9.295676847102103	0.0	4086583	13364.755000638168	0.22082707	8.0
17959.373978117645	1500.0	5.78712570981642	0.0	681043	7508.551137285682	0.14705303	1.5
17959.671059840868	200.0	9.49004398659204	0.0	80403	297.0817232243803	0.14335306	0.2
17961.61739621724	1500.0	11.543707610223096	0.0	691256	1946.3363763689442	0.0049742535	1.5
17963.657120150347	1500.0	13.503983677113633	0.0	725845	2039.7239331094652	0.012934442	1.5
17969.09763448524	4000.0	12.063469342222218	0.0	1985434	5440.514334891413	0.136384	4.0
17970.943877732807	1500.0	14.217226094653876	0.0	657685	1846.2432475683436	0.06342651	1.5
17973.078408334117	1500.0	16.082695493341433	0.0	767059	2134.530601312442	0.28648296	1.5
17984.7978963091	8000.0	8.363207518360362	0.0	4340973	11719.487974981073	0.6497342	8.0
17985.65708535314	600.0	11.504018474321692	0.0	290170	859.189044038668	0.7369296	0.6
17991.22737129468	4000.0	9.933732532779901	0.0	2042818	5570.285941541792	0.006809462	4.0
17996.02847819257	4000.0	9.132625634891568	0.0	1750852	4801.106897888332	0.05231117	4.0
18001.63303822909	4000.0	7.528065598370349	0.0	2034636	5604.56003652122	0.1273556	4.0

