5863.798135608788	600.0	4.0	0.7545249509511217	247108	754.5249509511217	-14.490499019022435
5865.877364475119	1500.0	5.920771133668857	0.0	732405	2079.2288663311438	1.5
5867.714858631905	1500.0	8.08327697688305	0.0	643847	1837.4941567858057	1.5
5869.75599758951	1500.0	10.042138019278342	0.0	718451	2041.1389576047088	1.5
5871.813091507449	1500.0	11.985044101339248	0.0	724296	2057.0939179390944	1.5
5873.788104626205	1500.0	14.010030982583684	0.0	689829	1975.0131187555644	1.5
5875.978094439448	1500.0	15.8200411693409	0.0	737903	2189.9898132427843	1.5
5878.289324535061	1500.0	17.508811073728356	0.0	780303	2311.230095612546	1.5
5880.918410050207	1500.0	18.87972555858226	0.0	891463	2629.0855151460996	1.5
5883.180429172716	1500.0	20.6177064360731	0.0	763093	2262.0191225091594	1.5
5885.818661349895	1500.0	21.979474258894353	0.0	769316	2638.232177178748	1.5
5888.523772872419	1500.0	23.274362736369447	0.0	744416	2705.111522524905	1.5
5890.7410980950235	1500.0	25.0570375137652	0.0	606092	2217.3252226042496	1.5
5893.458887039747	1500.0	26.33924856904158	0.0	748011	2717.7889447236184	1.5
5895.793875300526	1500.0	28.004260308262428	0.0	754517	2334.988260779153	1.5
5898.486394384496	1500.0	29.31174122429296	0.0	934743	2692.519083969466	1.5
5900.622249189114	1500.0	31.175886419674377	0.0	735572	2135.854804618583	1.5
5902.861638502091	1500.0	32.93649710669728	0.0	772616	2239.3893129770995	1.5
5905.026545487508	1500.0	34.7715901212807	0.0	747396	2164.9069854165773	1.5
5906.941910999017	1500.0	36.85622460977241	0.0	662349	1915.365511508287	1.5
5909.337661678776	1500.0	38.460473930012796	0.0	835711	2395.7506797596166	1.5
5911.652175109441	1500.0	40.14596049934828	0.0	806394	2314.5134306645195	1.5
5913.974815867307	1500.0	41.82331974148126	0.0	809327	2322.640757867027	1.5
5916.079149486189	1500.0	43.71898612259983	0.0	681795	2104.3336188814237	1.5
5918.855428033549	1500.0	44.94270757523929	0.0	855209	2776.278547360539	1.5
5920.968527404966	1500.0	46.829608203823106	0.0	644861	2113.099371416186	1.5
5923.551872101413	1500.0	48.24626350737588	0.0	794014	2583.344696447221	1.5
5926.502083600759	1500.0	49.29605200803044	0.0	914284	2950.2114993454393	1.5
5928.6911203141135	1500.0	51.10701529467552	0.0	675709	2189.036713354922	1.5
5930.979468018066	1500.0	52.81866759072327	0.0	707527	2288.347703952246	1.5
5933.423708195976	1500.0	54.37442741281371	0.0	757473	2444.2401779095626	1.5
5935.7139611271705	1500.0	56.08417448161938	0.0	712239	2290.2529311943363	1.5
5937.56626968002	1500.0	58.2318659287693	0.0	633700	1852.3085528500762	1.5
5940.258222694406	1500.0	59.53991291438345	0.0	755142	2191.9530143858487	1.5
5944.212968276395	1500.0	59.585167332394605	0.0	670327	1954.7455819888478	1.5
5948.047250976631	1500.0	59.75088463215853	0.0	785519	2334.282700236072	1.5
5952.224946275595	1500.0	59.57318933319422	0.0	681043	2177.695298964309	1.5
5955.973086267125	1500.0	59.82504934166455	0.0	866245	2748.1399915296656	1.5
5960.021210615322	1500.0	59.77692499346738	0.0	691256	2048.1243481971787	1.5
5964.158557955399	1500.0	59.639577653390496	0.0	725845	2137.3473400768835	1.5
5968.0597176042675	1500.0	59.7384180045222	0.0	811013	2401.159648868292	1.5
5972.199368031936	1500.0	59.59876757685392	0.0	657685	2139.650427668278	1.5
5976.181541408851	1500.0	59.61659419993823	0.0	767059	2482.1733769156995	1.5
5980.235567815662	1500.0	59.562567793128636	0.0	848035	2554.0264068095917	1.5
5984.134555642126	1500.0	59.663579966664734	0.0	629438	1898.987826463895	1.5
5987.620322719394	1500.0	59.87616892017411	0.0	763847	2287.411046490626	1.5
5991.788151876952	1500.0	59.70833976261568	0.0	769491	2667.829157558433	1.5
5995.587627242682	1500.0	59.90886439688506	0.0	808636	2799.4753657306205	1.5

