908.8101610576326	600.0	4.0	1.0505734485467402	247108	1050.57344854674	0.012140518	-20.411468970934802
909.2775019845769	200.0	7.532659073055774	0.0	98617	467.3409269442262	0.004705182	0.2
909.7757109398009	200.0	11.034450117831893	0.0	106476	498.20895522388065	0.004705182	0.2
910.3083032414504	200.0	14.501857816182246	0.0	115230	532.5923016496465	0.004705182	0.2
910.7718774755432	200.0	18.03828358208955	0.0	97658	463.5742340926945	0.004705182	0.2
911.2354517096359	200.0	21.57470934799686	0.0	97658	463.5742340926945	0.004705182	0.2
911.7702513954175	200.0	25.03990966221524	0.0	115792	534.7996857816182	0.004705182	0.2
912.2731657709085	200.0	28.53699528672427	0.0	107674	502.9143754909663	0.004705182	0.2
912.7274980568473	200.0	32.082663000785544	0.0	95305	454.3322859387274	0.004705182	0.2
913.2215789680806	200.0	35.58858208955223	0.0	105425	494.0809112333072	0.0047264188	0.2
913.6761469178057	200.0	39.13401413982717	0.0	95365	454.56794972505895	0.004705182	0.2
914.130624529746	200.0	42.679536527886874	0.0	95342	454.4776119402986	0.004705182	0.2
914.6128986852841	200.0	46.197262372348774	0.0	102419	482.27415553809897	0.004705182	0.2
915.0105224087719	200.0	49.799638648860956	0.0	80867	397.623723487824	0.004705182	0.2
915.4155420474208	200.0	53.3946190102121	0.0	82750	405.01963864886096	0.004705182	0.2
915.8662294001309	200.0	56.94393165750196	0.0	94377	450.6873527101336	0.18479973	0.2
917.2992184024876	200.0	59.51094265514532	0.0	89871	432.98900235663785	0.0057465937	0.2
933.2504355623026	12000.0	47.55972549533036	0.0	4055239	15951.217159814962	0.004705182	12.0
933.7102141755023	200.0	51.099946882130695	0.0	90919	459.7786131996658	0.0071609053	0.2
934.1489276257946	200.0	54.6612334318383	0.0	85876	438.7134502923977	0.05509456	0.2
955.724614807956	12000.0	37.08554624967708	0.0	5251330	21575.68718216122	0.17239521	12.0
956.1728879740928	200.0	40.637273083540265	0.0	97742	448.2731661368186	0.004705182	0.2
956.6322121233922	200.0	44.17794893424084	0.0	100675	459.3241492994231	0.05378815	0.2
957.0353092622124	200.0	47.77485179542064	0.0	85752	403.0971388202049	0.004705182	0.2
957.4715781895643	200.0	51.338582868068706	0.0	94556	436.2689273519369	0.004705182	0.2
969.5564503721868	8000.0	43.25371068544623	0.0	3253093	12084.872182622472	0.004705182	8.0
991.7096404363216	12000.0	25.10052062131137	0.0	5138482	22153.190064134862	0.07587803	12.0
1004.7909378270939	8000.0	16.019223230539072	0.0	3354913	13081.297390772299	0.03048181	8.0
1005.2292538071753	200.0	19.58090725045759	0.0	93993	438.31598008148484	0.004705182	0.2
1005.6793493493354	200.0	23.130811708297525	0.0	97083	450.09554216006296	0.004705182	0.2
1006.1176233957008	200.0	26.692537661932178	0.0	93982	438.27404636534754	0.005853308	0.2
1020.2196313858249	8000.0	16.590529671808117	0.0	3568902	14102.007990124064	0.2960395	8.0
1022.9454960463493	1500.0	17.864665011283694	0.0	633700	2725.8646605244203	0.030678242	1.5
1023.3995781965833	200.0	21.41058286104969	0.0	89422	454.08215023400527	0.049481347	0.2
1023.9323195880651	200.0	24.877841469568004	0.0	108225	532.7413914816849	0.004705182	0.2
1024.3795787195002	200.0	28.430582338132858	0.0	87791	447.25913143514526	0.016589293	0.2
1024.8866469862924	200.0	31.92351407134069	0.0	102088	507.0682667921667	0.04592073	0.2
1025.3029996414027	200.0	35.50716141623049	0.0	80403	416.35265511020475	0.021142036	0.2
1025.7457700547684	200.0	39.06439100286474	0.0	86718	442.7704133657542	0.3133782	0.2
1026.2523363214038	200.0	42.55782473622944	0.0	101968	506.5662666352917	0.03752695	0.2
1045.3173350272773	12000.0	27.492826030355882	0.0	4828747	19064.99870587356	0.68880767	12.0
1052.7955410739323	4000.0	24.014619983701024	0.0	1830641	7478.206046654858	0.13588789	4.0
1060.1040584979933	4000.0	20.70610255964011	0.0	1697030	7308.517424060912	0.008991602	4.0
1067.9803666982918	4000.0	16.82979435934154	0.0	1910697	7876.308200298573	0.004705182	4.0
1070.6111513596566	1500.0	18.19900969797687	0.0	629438	2630.784661364673	0.010258371	1.5
1079.031740626273	4000.0	13.778420431360404	0.0	2042818	8420.589266616464	0.014847924	4.0
1085.9982708556645	4000.0	10.811890201968762	0.0	1750852	6966.530229391643	0.004705182	4.0
1089.1962041504398	1500.0	11.613956907193362	0.0	808636	3197.9332947754	0.6492016	1.5

