3526.51749566525	600.0	4.0	0.9715636134036891	247108	971.5636134036891	-18.831272268073782
3527.714970071059	600.0	6.802525594191134	0.0	309722	1197.4744058088665	0.6
3528.8356844534155	600.0	9.681811211834214	0.0	288447	1120.7143823569204	0.6
3531.5078496994356	1500.0	11.00964596581428	0.0	718451	2672.1652460199343	1.5
3534.201103656952	1500.0	12.316392008298383	0.0	724296	2693.253957515898	1.5
3536.5246847348176	1500.0	13.99281093043262	0.0	689829	2323.5810778657606	1.5
3538.389268307477	1500.0	16.12822735777323	0.0	737903	1864.583572659391	1.5
3540.356394278637	1500.0	18.16110138661328	0.0	780303	1967.1259711599505	1.5
3542.592355462469	1500.0	19.925140202780632	0.0	891463	2235.961183832643	1.5
3544.51785986103	1500.0	21.99963580421961	0.0	763093	1925.5043985610207	1.5
3546.4549328615626	1500.0	24.062562803687086	0.0	769316	1937.0730005325247	1.5
3550.3389576928716	4000.0	24.178537972378045	0.0	1761739	3884.0248313090415	4.0
3555.020976586259	4000.0	23.496519078990733	0.0	2131310	4682.018893387314	4.0
3559.053649692404	4000.0	23.4638459728456	0.0	1805063	4032.6731061451333	4.0
3563.902078480911	4000.0	22.615417184338902	0.0	2157416	4848.4287885067	4.0
3569.935873846544	4000.0	20.581621818705923	0.0	2231719	6033.795365632978	4.0
3576.0572567880713	4000.0	18.4602388771786	0.0	1835863	6121.382941527324	4.0
3578.2744219448305	1500.0	20.243073720419147	0.0	772616	2217.1651567594536	1.5
3580.2253675609513	1500.0	22.292128104297987	0.0	747396	1950.945616121159	1.5
3581.963416249856	1500.0	24.5540794153938	0.0	662349	1738.0486889041867	1.5
3584.1354395304115	1500.0	26.382056134838074	0.0	835711	2172.0232805557293	1.5
3589.355677209848	4000.0	25.16181845540165	0.0	1950922	5220.237679436422	4.0
3594.7270969927404	4000.0	23.79039867250915	0.0	1849252	5371.419782892503	4.0
3599.1133954957318	4000.0	23.4041001695179	0.0	1822097	4386.298502991247	4.0
3602.5825499770267	4000.0	23.934945688222637	0.0	1836837	3469.154481295263	4.0
3606.324303747957	4000.0	24.193191917292243	0.0	1984579	3741.753770930394	4.0
3612.4441823017482	4000.0	22.07331336350148	0.0	2068230	6119.878553790761	4.0
3619.1189202466317	4000.0	19.398575418617657	0.0	2055338	6674.737944883824	4.0
3620.8607721895733	1500.0	21.65672347567619	0.0	675709	1741.8519429414657	1.5
3625.866005834433	4000.0	20.651489830816377	0.0	2002600	5005.2336448598135	4.0
3627.808949759667	1500.0	22.70854590558273	0.0	757473	1942.9439252336451	1.5
3634.926592067899	4000.0	19.590903597350483	0.0	1947068	7117.642308232247	4.0
3637.331829999329	1500.0	21.185665665920602	0.0	633700	2405.2379314298823	1.5
3639.846006159529	1500.0	22.671489505720686	0.0	755142	2514.1761601999156	1.5
3641.953613540049	1500.0	24.56388212520042	0.0	670327	2107.607380520266	1.5
3647.4353709508177	4000.0	23.08212471443212	0.0	1785821	5481.7574107683	4.0
3649.3052278483847	1500.0	25.21226781686536	0.0	681043	1869.8568975667627	1.5
3653.8055615820476	4000.0	24.71193408320234	0.0	1955307	4500.333733663017	4.0
3655.4482738392003	1500.0	27.06922182604939	0.0	691256	1642.7122571529496	1.5
3660.2466901589532	4000.0	26.270805506296252	0.0	2094647	4798.416319753137	4.0
3664.765087878764	4000.0	25.75240778648571	0.0	1985434	4518.397719810543	4.0
3668.9493889371047	4000.0	25.568106728145143	0.0	1830641	4184.301058340567	4.0
3674.2602743497573	4000.0	24.25722131549199	0.0	1697030	5310.885412653156	4.0
3679.805369995542	4000.0	22.712125669707227	0.0	1910697	5545.0956457847615	4.0
3684.137568771552	4000.0	22.379926893697437	0.0	2171279	4332.198776009792	4.0
3688.21819153777	4000.0	22.299304127479566	0.0	2042818	4080.6227662178703	4.0
3692.709244451839	4000.0	21.80825121341055	0.0	1750852	4491.052914069016	4.0
3698.3903483557638	4000.0	20.127147309485977	0.0	2034636	5681.103903924572	4.0

