4409.830492430981	600.0	4.0	0.6286183690177196	247108	628.6183690177196	-11.972367380354394
4411.536545964499	1500.0	6.293946466482579	0.0	732405	1706.0535335174213	1.5
4413.045986901405	1500.0	8.784505529576643	0.0	643847	1509.4409369059347	1.5
4414.721060374702	1500.0	11.109432056280959	0.0	718451	1675.0734732956832	1.5
4416.40911066124	1500.0	13.421381769742043	0.0	724296	1688.0502865389153	1.5
4418.020638822535	1500.0	15.809853608447693	0.0	689829	1611.528161294351	1.5
4419.738898775079	1500.0	18.091593655903534	0.0	737903	1718.2599525441603	1.5
4423.017107836902	1500.0	18.813384594080865	0.0	780303	3278.209061822668	1.5
4426.773433420695	1500.0	19.057059010287887	0.0	891463	3756.3255837929796	1.5
4430.000370891698	1500.0	19.830121539284224	0.0	763093	3226.9374710036604	1.5
4432.819878735382	1500.0	21.010613695600558	0.0	769316	2819.5078436836666	1.5
4435.550519883707	1500.0	22.2799725472752	0.0	744416	2730.6411483253587	1.5
4437.788630933001	1500.0	24.041861497981778	0.0	606092	2238.1110492934245	1.5
4440.547529985705	1500.0	25.28296244527736	0.0	748011	2758.899052704414	1.5
4443.511700375365	1500.0	26.318792055617326	0.0	754517	2964.1703896600334	1.5
4447.164791614585	1500.0	26.66570081639808	0.0	934743	3653.0912392192467	1.5
4450.056544009643	1500.0	27.773948421338712	0.0	735572	2891.752395059369	1.5
4453.271322084752	1500.0	28.55917034623037	0.0	772616	3214.7780751083415	1.5
4456.420001291301	1500.0	29.410491139681575	0.0	747396	3148.679206548795	1.5
4459.219492168665	1500.0	30.611000262317518	0.0	662349	2799.490877364058	1.5
4462.559794881714	1500.0	31.27069754926923	0.0	835711	3340.3027130482883	1.5
4465.644523340028	1500.0	32.185969090955304	0.0	806394	3084.7284583139262	1.5
4468.740180536116	1500.0	33.090311894867746	0.0	809327	3095.657196087564	1.5
4471.369740029134	1500.0	34.46075240184899	0.0	681795	2629.55949301875	1.5
4474.757852109979	1500.0	35.072640321003796	0.0	855209	3388.1120808451997	1.5
4477.332297870683	1500.0	36.49819456029979	0.0	644861	2574.4457607040113	1.5
4480.483695980104	1500.0	37.34679645087833	0.0	794014	3151.3981094214637	1.5
4483.257256747033	1500.0	38.573235683948724	0.0	914284	2773.5607669296032	1.5
4485.122131606705	1500.0	40.70836082427759	0.0	675709	1864.8748596711353	1.5
4487.071053220652	1500.0	42.75943921033055	0.0	707527	1948.9216139470384	1.5
4489.15190642015	1500.0	44.67858601083243	0.0	757473	2080.8531994981176	1.5
4491.113274709128	1500.0	46.717217721854034	0.0	712239	1961.3682889784059	1.5
4492.870086177657	1500.0	48.960406253324294	0.0	633700	1756.8114685297428	1.5
4494.950429218335	1500.0	50.88006321264616	0.0	755142	2080.3430406781345	1.5
4496.806100482056	1500.0	53.02439194892536	0.0	670327	1855.6712637207995	1.5
4498.966911064662	1500.0	54.86358136631912	0.0	785519	2160.8105826062483	1.5
4500.8509686133775	1500.0	56.97952381760303	0.0	681043	1884.057548716081	1.5
4503.517292624683	1500.0	58.313199806297725	0.0	866245	2666.3240113053107	1.5
4505.971315119747	1500.0	59.85917731123461	0.0	691256	2454.0224950631064	1.5
4510.0441287198155	1500.0	59.786363711165926	0.0	725845	2572.8136000686873	1.5
4513.961029262579	1500.0	59.869463168401936	0.0	811013	2916.9005427639954	1.5
4518.0722906885385	1500.0	59.758201742442154	0.0	657685	2611.261425959781	1.5
4522.104504678724	1500.0	59.72598775225645	0.0	767059	3032.213990185702	1.5
4526.122011717721	1500.0	59.70848071325947	0.0	848035	3517.5070389969787	1.5
4530.278837447578	1500.0	59.5516549834025	0.0	629438	2656.825729856971	1.5
4534.317842298343	1500.0	59.51265013263732	0.0	763847	3039.0048507651823	1.5
4538.171499916071	1500.0	59.65899251490879	0.0	769491	2353.657617728532	1.5
4542.140821430383	1500.0	59.68967100059669	0.0	808636	2469.3215143120965	1.5

