15879.779587461639	600.0	4.0	0.6586733797787014	247108	658.6733797787015	-12.573467595574028
15880.090527102177	200.0	7.689060359463731	0.0	98617	310.93964053626837	0.2
15880.84600746047	600.0	10.933580001170892	0.0	288447	755.48035829284	0.6
15882.608463991117	1500.0	13.171123470522803	0.0	718451	1762.4565306480886	1.5
15892.47790277135	8000.0	7.301684690289936	0.0	4143114	9869.438780232867	8.0
15893.356404354821	600.0	10.423183106818364	0.0	330929	878.501583471573	0.6
15895.216897191498	1500.0	12.562690270142145	0.0	737903	1860.4928366762178	1.5
15900.399792908613	4000.0	11.379794553028303	0.0	2058614	5182.895717113843	4.0
15906.168763826268	4000.0	9.610823635374036	0.0	1857129	5768.9709176542665	4.0
15908.586357975335	1500.0	11.193229486305475	0.0	763093	2417.5941490685614	1.5
15914.391687180543	4000.0	9.387900281098624	0.0	2094766	5805.32920520685	4.0
15916.441758304298	1500.0	11.337829157343291	0.0	744416	2050.071123755334	1.5
15921.838490478069	4000.0	9.941096983572166	0.0	2131310	5396.732173771124	4.0
15923.577879308416	1500.0	12.201708153224432	0.0	748011	1739.3888303477345	1.5
15928.443894504468	4000.0	11.335692957173185	0.0	2157416	4866.015196051246	4.0
15935.073824310979	4000.0	8.705763150661651	0.0	2231719	6629.9298065115345	4.0
15936.302780321348	600.0	11.476807140291312	0.0	340687	1228.9560103703393	0.6
15943.23284740819	4000.0	8.546740053448902	0.0	2192675	6930.06708684241	4.0
15944.237608412497	600.0	11.541979049141727	0.0	330105	1004.7610043071751	0.6
15950.381024037388	4000.0	9.398563424251156	0.0	2164412	6143.415624890569	4.0
15953.20533328334	1500.0	10.574254178297776	0.0	835711	2824.3092459533796	1.5
15955.999436527061	1500.0	11.780150934576962	0.0	806394	2794.103243720813	1.5
15961.914146652505	4000.0	9.865440809135288	0.0	1849252	5914.710125441674	4.0
15963.623383763445	1500.0	12.15620369819676	0.0	681795	1709.237110938527	1.5
15968.09274274546	4000.0	11.686844716178719	0.0	1836837	4469.358982018042	4.0
15972.989241027111	4000.0	10.79034643452925	0.0	1984579	4896.498281649471	4.0
15975.048647091116	1500.0	12.730940370523763	0.0	794014	2059.4060640054845	1.5
15980.252421358045	4000.0	11.52716610359534	0.0	2055338	5203.7742669284235	4.0
15985.852104981486	4000.0	9.927482480155206	0.0	2165436	5599.683623440134	4.0
15987.745840782174	1500.0	12.033746679466269	0.0	707527	1893.735800688937	1.5
15993.45529900784	4000.0	10.32428845380292	0.0	2290706	5709.458225663349	4.0
15995.149781404947	1500.0	12.62980605669305	0.0	712239	1694.4823971098676	1.5
16000.996520513823	4000.0	10.783066947817227	0.0	2544033	5846.739108875824	4.0
16003.108241565136	1500.0	12.671345896504427	0.0	755142	2111.721051312802	1.5
16008.733242418006	4000.0	11.046345043634043	0.0	1828568	5625.000852870383	4.0
16014.585011166679	4000.0	9.194576294961381	0.0	1785821	5851.768748672662	4.0
16017.06062476207	1500.0	10.718962699569392	0.0	681043	2475.613595391989	1.5
16020.187698586984	1500.0	11.591888874656233	0.0	866245	3127.07382491316	1.5
16026.966261256111	4000.0	8.813326205528769	0.0	2142800	6778.562669127465	4.0
16027.894959376014	600.0	11.884628085628094	0.0	284107	928.698119900674	0.6
16033.839109978384	4000.0	9.940477483257725	0.0	1985434	5944.150602370369	4.0
16035.796533707198	1500.0	11.983053754444166	0.0	657685	1957.4237288135594	1.5
16040.720865553763	4000.0	11.058721907878596	0.0	1697030	4924.3318465655675	4.0
16045.323837293263	4000.0	10.455750168378266	0.0	1910697	4602.97173950033	4.0
16046.737639640096	1500.0	13.041947821544902	0.0	629438	1413.8023468333645	1.5
16055.454996514038	8000.0	8.32459094760402	0.0	3954105	8717.35687394088	8.0
16056.136217883604	600.0	11.643369578038484	0.0	256094	681.2213695655364	0.6
16060.992849286476	4000.0	10.786738175165537	0.0	2034636	4856.631402872948	4.0

