17154.75898027111	600.0	4.0	0.7248433448045276	247108	724.8433448045276	-13.896866896090552
17155.096327326388	200.0	7.66265294472624	0.0	98617	337.3470552737593	0.2
17155.929047304206	600.0	10.829932966907506	0.0	288447	832.7199778187335	0.6
17157.883888854936	1500.0	12.875091416176014	0.0	718451	1954.8415507314926	1.5
17163.36382426831	4000.0	11.395156002805278	0.0	2069289	5479.935413370737	4.0
17168.138441560008	4000.0	10.620538711106605	0.0	1863995	4774.617291698672	4.0
17170.05796790696	1500.0	12.701012364155746	0.0	737903	1919.5263469508584	1.5
17175.358666822478	4000.0	11.400313448635533	0.0	2058614	5300.698915520214	4.0
17180.758048132895	4000.0	10.000932138216628	0.0	1857129	5399.381310418905	4.0
17183.02377817228	1500.0	11.73520209883245	0.0	763093	2265.730039384175	1.5
17191.243879989	4000.0	7.51510028211182	0.0	2094766	8220.101816720631	4.0
17192.559879339897	600.0	10.199100931216595	0.0	285624	1315.9993508952236	0.6
17195.264026868557	1500.0	11.4949534025576	0.0	606092	2704.147528658995	1.5
17203.211796292115	4000.0	7.547183978998701	0.0	1805063	7947.769423558898	4.0
17204.44299167187	600.0	10.31598859924497	0.0	264113	1231.1953797537324	0.6
17208.8012327858	1500.0	9.957747485309714	0.0	934743	4358.241113935255	1.5
17212.28656017795	1500.0	10.472420093162494	0.0	735572	3485.3273921472182	1.5
17215.731310139545	1500.0	11.027670131566541	0.0	772616	3444.7499615959528	1.5
17221.095225079047	4000.0	9.663755192063519	0.0	2082556	5363.914939503021	4.0
17222.85575409064	1500.0	11.903226180471568	0.0	662349	1760.5290115919506	1.5
17228.964887246653	4000.0	9.794093024459018	0.0	2379358	6109.133156012551	4.0
17231.0859712009	1500.0	11.6730090702091	0.0	806394	2121.083954249917	1.5
17235.846659034098	4000.0	10.912321237010232	0.0	1849252	4760.687833198868	4.0
17237.60860621813	1500.0	13.150374052980519	0.0	681795	1761.9471840297133	1.5
17250.07931118948	8000.0	4.6796690816302196	0.0	4925863	12470.704971350298	8.0
17250.424641264435	200.0	8.334339006676553	0.0	101109	345.3300749536665	0.2
17251.35660564094	600.0	11.402374630169689	0.0	324657	931.9643765068639	0.6
17257.10605840833	4000.0	9.652921862777763	0.0	2055338	5749.4527673919265	4.0
17259.83882346783	1500.0	10.92015680327586	0.0	675709	2732.7650595019018	1.5
17262.696502770985	1500.0	12.062477500122874	0.0	707527	2857.679303152988	1.5
17272.568342364713	4000.0	6.190637906396453	0.0	2290706	9871.839593726421	4.0
17273.184368143448	200.0	9.574612127663906	0.0	118522	616.0257787325456	0.2
17276.130330040673	1500.0	10.628650230439641	0.0	633700	2945.961897224264	1.5
17279.45713091279	1500.0	11.301849358321613	0.0	755142	3326.8008721180286	1.5
17287.102040722442	4000.0	7.656939548667875	0.0	1828568	7644.909809653738	4.0
17287.82670012219	600.0	10.932280148919197	0.0	275745	724.6593997486776	0.6
17289.49889860841	1500.0	13.260081662698092	0.0	681043	1672.1984862211052	1.5
17298.2601655839	8000.0	8.498814687208595	0.0	3739359	8761.266975489498	8.0
17299.029197590902	600.0	11.729782680204021	0.0	309862	769.0320070045725	0.6
17303.767009217936	4000.0	10.991971053169706	0.0	2094647	4737.811627034315	4.0
17305.650437567	1500.0	13.108542704108514	0.0	811013	1883.4283490611929	1.5
17315.882570738107	8000.0	6.8764095330022865	0.0	4074581	10232.133171106227	8.0
17316.214801679096	200.0	10.54417859201345	0.0	98843	332.23094098883575	0.2
17318.518770545896	1500.0	12.240209725214347	0.0	848035	2303.9688667991027	1.5
17324.50651036394	4000.0	10.252469907171664	0.0	2171279	5987.7398180426835	4.0
17326.664828874273	1500.0	12.094151396840909	0.0	763847	2158.318510330754	1.5
17331.30663568007	4000.0	11.452344591045694	0.0	1750852	4641.806805795216	4.0
17336.621520141452	4000.0	10.13746012966309	0.0	2034636	5314.884461382604	4.0

