23870.155798060663	600.0	4.0	0.5100288228320335	247108	510.0288228320336	0.018269934	-9.600576456640672
23870.407415946047	200.0	7.748382114616983	0.0	98617	251.61788538301735	0.004705182	0.2
23870.67271042838	200.0	11.483087632285923	0.0	106476	265.2944823310602	0.004705182	0.2
23870.95323902824	200.0	15.202559032422966	0.0	115230	280.5285998629556	0.004705182	0.2
23871.20318801727	200.0	18.9526100433974	0.0	97658	249.94898902557074	0.004705182	0.2
23871.453137006294	200.0	22.702661054371827	0.0	97658	249.94898902557074	0.004705182	0.2
23871.734643624666	200.0	26.421154435997	0.0	115792	281.5066183748273	0.004705182	0.2
23872.002022922257	200.0	30.153775138403976	0.0	107674	267.3792975930216	0.004705182	0.2
23883.6944113789	12000.0	22.461386681765077	0.0	6619479	11692.388456638897	0.004705182	12.0
23885.14049265351	1500.0	25.015305407149967	0.0	763093	1446.0812746151091	0.68909687	1.5
23895.601193663686	12000.0	18.554604396973705	0.0	5709459	10460.701010176264	0.03513579	12.0
23895.85741842225	200.0	22.298379638413564	0.0	95342	256.22475856014046	0.004705182	0.2
23897.057684583702	1500.0	25.098113476960766	0.0	606092	1200.266161452798	0.11248718	1.5
23898.52026579529	1500.0	27.635532265371655	0.0	748011	1462.581211589113	0.017410673	1.5
23899.99487232918	1500.0	30.160925731477654	0.0	754517	1474.6065338939977	0.004705182	1.5
23901.656353305898	1500.0	32.49944475476134	0.0	934743	1661.4809767163147	0.004705182	1.5
23910.921713487623	12000.0	27.23408457303416	0.0	5964284	9265.36018172718	0.29935324	12.0
23912.7478426732	1500.0	29.40795538745689	0.0	772616	1826.1291855772672	0.004705182	1.5
23924.18853133631	12000.0	21.967266724349102	0.0	5385367	11440.688663107789	0.006925114	12.0
23924.414096214685	200.0	25.74170184596958	0.0	85876	225.5648783795237	0.0647472	0.2
23925.91067558582	1500.0	28.245122474836432	0.0	835711	1496.5793711331469	0.004705182	1.5
23932.94851628332	8000.0	25.20728177733739	0.0	3905272	7037.840697499041	0.004705182	8.0
23934.78551171079	1500.0	27.370286349866937	0.0	809327	1836.995427470455	0.004705182	1.5
23936.345643595025	1500.0	29.810154465631985	0.0	681795	1560.1318842349494	0.5424414	1.5
23946.254426544212	8000.0	23.90137151644472	0.0	4925863	9908.782949187267	0.004705182	8.0
23947.513156394667	1500.0	26.64264166598832	0.0	644861	1258.7298504563992	0.004705182	1.5
23955.82717912618	8000.0	22.32861893447477	0.0	4274504	8314.022731513554	0.004705182	8.0
23962.570924721953	8000.0	19.584873338701854	0.0	3354913	6743.7455957729135	0.016366547	8.0
23963.736837136577	1500.0	22.418960924077506	0.0	675709	1165.912414624347	0.011763126	1.5
23970.94512962352	8000.0	19.21066843713496	0.0	4435580	7208.292486942548	0.0051257694	8.0
23977.958939682077	8000.0	16.196858378579158	0.0	4025712	7013.8100585558	0.85364103	8.0
23979.28252295084	1500.0	18.873275109812173	0.0	712239	1323.583268766983	0.32299635	1.5
23985.944117536685	8000.0	16.21168052396985	0.0	3713878	6661.594585842321	0.00741533	8.0
23989.835801635112	4000.0	16.319996425544876	0.0	2125133	3891.6840984249766	0.54532236	4.0
23996.230164262946	8000.0	13.925633797710534	0.0	3707853	6394.362627834342	0.5154378	8.0
23999.25196642092	4000.0	14.903831639733431	0.0	1785821	3021.8021579771025	0.3359268	4.0
24002.817473065465	4000.0	15.338324995191044	0.0	2096494	3565.5066445423868	0.45008036	4.0
24010.151409703885	8000.0	12.004388356773992	0.0	3739359	7333.936638417052	0.035259537	8.0
24014.046310481845	4000.0	12.109487578812889	0.0	2142800	3894.9007779611047	0.10184135	4.0
24017.333425505767	4000.0	12.822372554889444	0.0	2094647	3287.115023923445	0.23678376	4.0
24022.29754722826	8000.0	11.858250832401405	0.0	3189942	4964.121722488038	0.18127196	8.0
24026.56656208031	4000.0	11.589235980350699	0.0	1830641	4269.014852050707	0.6909415	4.0
24030.901036312927	4000.0	11.254761747731342	0.0	1697030	4334.474232619357	0.35559344	4.0
24034.819503573668	4000.0	11.336294486992427	0.0	1910697	3918.4672607389143	0.15677744	4.0
24038.354615957804	4000.0	11.801182102857487	0.0	2171279	3535.1123841349404	0.6389696	4.0
24049.468058515293	8000.0	4.687739545371511	0.0	3954105	11113.442557485976	0.07166454	8.0
24053.78617544735	1500.0	4.369622613315748	0.0	769491	4318.116932055763	0.004705182	1.5
24055.28661064046	1500.0	6.8691874202015475	0.0	808636	1500.4351931141998	0.004705182	1.5

