11570.21099933935	600.0	4.0	0.8700187827198977	247108	870.0187827198978	0.030643977	-16.800375654397953
11570.606283677758	200.0	7.604715661591335	0.0	98617	395.28433840866404	0.004705182	0.2
11571.026693700536	200.0	11.184305638812294	0.0	106476	420.4100227790433	0.004705182	0.2
11571.47509077523	200.0	14.73590856412101	0.0	115230	448.39707469128405	0.004705182	0.2
11571.867309134339	200.0	18.343690205011388	0.0	97658	392.21835910961914	0.004705182	0.2
11572.259527493447	200.0	21.95147184590177	0.0	97658	392.21835910961914	0.004705182	0.2
11572.70972131513	200.0	25.501278024217722	0.0	115792	450.1938216840507	0.004705182	0.2
11573.13396141424	200.0	29.0770379251089	0.0	107674	424.2400991088199	0.004705182	0.2
11576.064020959459	1500.0	30.146978379890502	0.0	891463	2930.0595452183993	0.004705182	1.5
11590.832841487016	12000.0	19.37815785233347	0.0	5088378	14768.82052755703	0.068163596	12.0
11591.153210742992	200.0	23.057788596359053	0.0	95365	320.3692559744168	0.004705182	0.2
11593.109525114674	1500.0	25.10147422467708	0.0	744416	1956.3143716819736	0.67195773	1.5
11593.44767410883	200.0	28.76332523052153	0.0	102419	338.14899415554754	0.004705182	0.2
11595.413049744866	1500.0	30.797949594484418	0.0	748011	1965.3756360371146	0.004705182	1.5
11597.394823874894	1500.0	32.81617546445716	0.0	754517	1981.7741300272532	0.004705182	1.5
11599.830860989532	1500.0	34.38013834982083	0.0	934743	2436.037114636337	0.004705182	1.5
11601.539504041566	1500.0	36.67149529778676	0.0	735572	1708.6430520340707	0.004705182	1.5
11609.675503346269	12000.0	32.535495993084815	0.0	4055239	8135.999304701954	0.004705182	12.0
11627.812761842893	12000.0	18.398237496459913	0.0	5385367	18137.258496624898	0.2726794	12.0
11628.071896426938	200.0	22.139102912414963	0.0	85876	259.1345840449526	0.032480758	0.2
11628.39106516871	200.0	25.819934170644757	0.0	114656	319.1687417702045	0.34616902	0.2
11628.6749518485	200.0	29.536047490853875	0.0	97742	283.8866797908817	0.004705182	0.2
11630.443182035062	1500.0	31.767817304290116	0.0	809327	1768.230186563759	0.004705182	1.5
11631.982374537669	1500.0	34.228624801683765	0.0	681795	1539.192502606354	0.0068884417	1.5
11633.942729629052	1500.0	36.268269710299954	0.0	855209	1960.3550913838121	0.004705182	1.5
11635.440590835593	1500.0	38.770408503758794	0.0	644861	1497.8612065411571	0.004705182	1.5
11648.388547258304	12000.0	29.822452081048578	0.0	5138482	12947.956422710218	0.004705182	12.0
11651.072278636124	1500.0	31.138720703229666	0.0	914284	2683.731377818913	0.004705182	1.5
11659.612712186203	8000.0	26.598287153152096	0.0	3811227	8540.433550077567	0.04950186	8.0
11670.45036714367	8000.0	19.76063219568494	0.0	4435580	10837.654957467155	0.57406443	8.0
11672.357752430275	1500.0	21.853246909080646	0.0	757473	1907.3852866042969	0.0051595424	1.5
11676.813616349482	4000.0	21.397382989875105	0.0	1947068	4455.86391920554	0.5363878	4.0
11686.255537231838	8000.0	15.955462107517718	0.0	3713878	9441.920882357388	0.71359134	8.0
11688.561330205697	1500.0	17.6496691336585	0.0	755142	2305.7929738592193	0.005002227	1.5
11690.617129627248	1500.0	19.593869712108475	0.0	670327	2055.799421550025	0.14411812	1.5
11692.727874691773	1500.0	21.483124647583814	0.0	785519	2110.745064524661	0.73054034	1.5
11700.393104342902	8000.0	17.81789499645532	0.0	4018228	7665.229651128493	0.007459242	8.0
11704.996800145069	4000.0	17.214199194288106	0.0	1955307	4603.695802167209	0.70767546	4.0
11718.416635478317	8000.0	7.794363861038669	0.0	4857577	13419.835333249437	0.7046832	8.0
11720.46964353105	1500.0	9.741355808305158	0.0	725845	2053.008052733512	0.24876437	1.5
11722.691688534807	1500.0	11.519310804548248	0.0	811013	2222.04500375691	0.013251732	1.5
11725.413663549463	4000.0	12.797335789890782	0.0	1830641	2721.975014657466	0.5736351	4.0
11727.942811612424	4000.0	14.268187726931327	0.0	1697030	2529.1480629594557	0.45859012	4.0
11739.359689624385	8000.0	6.851309714968413	0.0	4340973	11416.878011962914	0.30914542	8.0
11743.091474621253	1500.0	7.11952471810098	0.0	629438	3731.784996867433	0.009332303	1.5
11744.358701603436	1500.0	9.852297735916837	0.0	763847	1267.2269821841426	0.007506731	1.5
11750.969748600775	8000.0	7.241250738578529	0.0	4201994	6611.046997338307	0.6013631	8.0
11755.128945028484	4000.0	7.082054310870772	0.0	2034636	4159.196427707757	0.40862235	4.0

