12150.418968412925	600.0	4.0	0.9847432494279177	247108	984.7432494279177	-19.094864988558353
12150.860037520475	200.0	7.558930892448513	0.0	98617	441.0691075514875	0.2
12151.99613637631	600.0	10.422832036613272	0.0	288447	1136.0988558352403	0.6
12153.100180312236	600.0	13.318788100686499	0.0	279692	1104.0439359267734	0.6
12155.832064980428	1500.0	14.586903432494278	0.0	724296	2731.88466819222	1.5
12158.437754682946	1500.0	15.981213729977117	0.0	689829	2605.6897025171625	1.5
12161.032941674639	1500.0	17.38602673828275	0.0	737903	2595.1869916943674	1.5
12163.53497360666	1500.0	18.88399480625955	0.0	780303	2502.031932023202	1.5
12166.382042107252	1500.0	20.03692630566786	0.0	891463	2847.068500591693	1.5
12168.830654829622	1500.0	21.588313583297982	0.0	763093	2448.612722369876	1.5
12171.326185834401	1500.0	23.092782578519884	0.0	769316	2495.5310047781	1.5
12177.027897407763	4000.0	21.391071005156764	0.0	1761739	5701.711573363116	4.0
12179.041937813818	1500.0	23.37703059910184	0.0	606092	2014.0404060549251	1.5
12181.534853300593	1500.0	24.884115112327677	0.0	748011	2492.9154867741636	1.5
12184.088122031002	1500.0	26.330846381918544	0.0	754517	2553.268730409129	1.5
12187.23216251368	1500.0	27.18680589924046	0.0	934743	3144.040482678085	1.5
12193.479501338265	4000.0	24.939467074654633	0.0	1835863	6247.338824585831	4.0
12196.241380975527	1500.0	26.177587437391647	0.0	772616	2761.8796372629845	1.5
12198.915717765565	1500.0	27.503250647353898	0.0	747396	2674.3367900377493	1.5
12201.305463619994	1500.0	29.11350479292631	0.0	662349	2389.7458544275923	1.5
12204.404582588588	1500.0	30.014385824333658	0.0	835711	3099.118968592653	1.5
12211.614833163492	4000.0	26.804135249427922	0.0	1950922	7210.250574905734	4.0
12215.329705303844	1500.0	27.089263109077045	0.0	809327	3714.8721403508775	1.5
12218.471802145948	1500.0	27.94716626697178	0.0	681795	3142.096842105263	1.5
12222.175957248553	1500.0	28.243011164365903	0.0	855209	3704.155102605875	1.5
12224.497149333181	1500.0	29.92181907973832	0.0	644861	2321.192084627582	1.5
12227.336717506607	1500.0	31.0822509063126	0.0	794014	2839.5681734257228	1.5
12230.59427990207	1500.0	31.824688510848077	0.0	914284	3257.562395464518	1.5
12233.136182755312	1500.0	33.28278565760664	0.0	675709	2541.902853241442	1.5
12240.798916568263	4000.0	29.620051844657	0.0	2002600	7662.73381294964	4.0
12243.631963757765	1500.0	30.787004655154625	0.0	757473	2833.0471895023743	1.5
12250.621513738912	4000.0	27.797454674007067	0.0	1947068	6989.54998114756	4.0
12252.937587639448	1500.0	29.481380773470583	0.0	633700	2316.0739005364826	1.5
12255.65840596433	1500.0	30.76056244858861	0.0	755142	2720.8183248819723	1.5
12262.13311832663	4000.0	28.285850086287507	0.0	1828568	6474.712362301102	4.0
12268.392708059308	4000.0	26.026260353609903	0.0	1785821	6259.589732677608	4.0
12270.828952491258	1500.0	27.590015921659027	0.0	681043	2436.244431950872	1.5
12273.915424937117	1500.0	28.5035434758003	0.0	866245	3086.472445858729	1.5
12276.402829055352	1500.0	30.01613935756426	0.0	691256	2487.404118236037	1.5
12283.78489384518	4000.0	26.63407456773617	0.0	2094647	7382.064789828091	4.0
12286.707000860533	1500.0	27.711967552382553	0.0	811013	2922.107015353615	1.5
12293.186607800752	4000.0	25.23236061216248	0.0	1830641	6479.606940220074	4.0
12298.985206819307	4000.0	23.43376159360769	0.0	1697030	5798.599018554791	4.0
12301.922888839483	1500.0	24.4960795734312	0.0	848035	2937.682020176492	1.5
12304.130529935077	1500.0	26.288438477837097	0.0	629438	2207.6410955940987	1.5
12306.80006125129	1500.0	27.61890716162386	0.0	763847	2669.531316213239	1.5
12312.815655793202	4000.0	25.603312619713527	0.0	1750852	6015.594541910332	4.0
12315.553526134361	1500.0	26.865442278554124	0.0	808636	2737.870341159405	1.5

