3722.615256883982	600.0	4.0	0.9715636134036891	247108	971.5636134036891	-18.831272268073782
3723.051066201621	200.0	7.5641906823614296	0.0	98617	435.8093176385695	0.2
3723.5152307260423	200.0	11.100026157939835	0.0	106476	464.1645244215938	0.2
3724.01097960982	200.0	14.604277274162268	0.0	115230	495.74888377756736	0.2
3724.443328863417	200.0	18.171928020565552	0.0	97658	432.3492535967167	0.2
3724.8756781170136	200.0	21.739578766968837	0.0	97658	432.3492535967167	0.2
3727.6180260176134	1500.0	22.997230866369005	0.0	737903	2742.347900599829	1.5
3728.0865129160934	200.0	26.52874396788887	0.0	107674	468.4868984801335	0.2
3728.510372565216	200.0	30.104884318766068	0.0	95305	423.859649122807	0.2
3742.1667973547405	12000.0	20.448459529241532	0.0	5088378	13656.424789524533	12.0
3742.9874406389995	600.0	23.627816244982636	0.0	329266	820.6432842588953	0.6
3743.273307305666	200.0	27.341949578315973	0.0	95342	285.8666666666667	0.2
3743.989053594465	600.0	30.62620328951705	0.0	294430	715.7462887989204	0.6
3744.243665200403	200.0	34.371591683579126	0.0	80867	254.61160593792175	0.2
3745.9528517051262	1500.0	36.662405178855785	0.0	754517	1709.1865047233468	1.5
3757.9023256783694	12000.0	28.71293120561256	0.0	5443841	11949.473973243224	12.0
3759.6081237167728	1500.0	31.007133167209467	0.0	735572	1705.7980384030943	1.5
3771.3729707432753	12000.0	23.242286140706707	0.0	4055239	11764.84702650276	12.0
3771.752163273252	200.0	26.86309361072995	0.0	90919	379.19252997675903	0.2
3772.114760504901	200.0	30.500496379081074	0.0	85876	362.597231648876	0.2
3773.118298893663	600.0	33.49695799031902	0.0	280646	1003.5383887620575	0.6
3773.4921255879954	200.0	37.123131295987086	0.0	97742	373.82669433193337	0.2
3773.82414386198	200.0	40.79111302200248	0.0	100675	332.0182739846048	0.2
3774.65243849869	600.0	43.9628183852918	0.0	298925	828.2946367106828	0.6
3774.969139168319	200.0	47.6461177156629	0.0	94556	316.7006696288879	0.2
3775.302243868238	200.0	51.31301301574426	0.0	101109	333.1046999186432	0.2
3788.8807138546586	12000.0	41.73454302932372	0.0	5138482	13578.469986420549	12.0
3796.8993748057046	8000.0	37.71588207827753	0.0	3354913	8018.660951046185	8.0
3798.2261278847213	1500.0	40.38912899926097	0.0	675709	1326.7530790165597	1.5
3812.045699442077	12000.0	30.569557441905577	0.0	5411094	13819.571557355392	12.0
3812.961448931407	600.0	33.65380795257531	0.0	240372	915.749489330262	0.6
3822.158995779187	8000.0	28.45626110479572	0.0	3568902	9197.546847779595	8.0
3840.5849107539425	12000.0	14.030346130040106	0.0	5639869	18425.91497475561	12.0
3840.9353947224845	200.0	17.67986216149806	0.0	89422	350.48396854204475	0.2
3841.3427540691273	200.0	21.272502814855592	0.0	108225	407.35934664246827	0.2
3841.688304583344	200.0	24.92695230063902	0.0	87791	345.55051421657595	0.2
3842.0771007115954	200.0	28.538156172387357	0.0	102088	388.7961282516636	0.2
3843.1476088785644	600.0	31.46764800541821	0.0	327462	1070.5081669691472	0.6
3844.164880505909	600.0	34.45037637807398	0.0	309862	1017.2716273442227	0.6
3846.0370581593106	1500.0	36.578198724671786	0.0	725845	1872.1776534021978	1.5
3857.0098140144346	12000.0	29.605442869547755	0.0	4828747	10972.755855124027	12.0
3861.182175100319	4000.0	29.43308178366341	0.0	1830641	4172.361085884342	4.0
3861.99777986748	600.0	32.61747701650261	0.0	329059	815.604767160801	0.6
3862.7013401485915	600.0	35.91391673539102	0.0	278938	703.5602811115923	0.6
3864.188436120536	1500.0	38.42682076344629	0.0	629438	1487.0959719447278	1.5
3870.1653932012255	4000.0	36.44986368275716	0.0	2042818	5976.95708068913	4.0
3883.297387273027	12000.0	27.31786961095569	0.0	5704199	13131.99407180147	12.0
3898.7663504328034	12000.0	15.848906451179486	0.0	5646381	15468.963159776205	12.0

