26110.8420882886	600.0	4.0	1.010223278356822	247108	1010.223278356822	-19.604465567136437
26111.293326083578	200.0	7.548762205020822	0.0	98617	451.2377949791779	0.2
26112.459167553592	600.0	10.382920735006941	0.0	288447	1165.8414700138815	0.6
26113.59205135003	600.0	13.250036938569043	0.0	279692	1132.8837964378986	0.6
26116.398620298107	1500.0	14.443467990494788	0.0	724296	2806.568948074254	1.5
26119.075440287284	1500.0	15.766648001317554	0.0	689829	2676.819989177234	1.5
26121.98891822689	1500.0	16.853170061711687	0.0	737903	2913.4779396058652	1.5
26125.112444225768	1500.0	17.729644062833064	0.0	780303	3123.5259988786233	1.5
26128.6695432726	1500.0	18.17254501600339	0.0	891463	3557.099046829673	1.5
26131.680760962383	1500.0	19.161327326220707	0.0	763093	3011.2176897826844	1.5
26134.63751519254	1500.0	20.20457309606272	0.0	769316	2956.754230157989	1.5
26137.50115920488	1500.0	21.34092908372281	0.0	744416	2863.6440123399084	1.5
26139.847559130092	1500.0	22.994529158510133	0.0	606092	2346.399925212677	1.5
26142.89553743376	1500.0	23.94655085484429	0.0	748011	3047.978303665845	1.5
26146.068929531335	1500.0	24.773158757268313	0.0	754517	3173.3920975759756	1.5
26149.981217749446	1500.0	24.86087053915731	0.0	934743	3912.2882181110035	1.5
26152.987756036513	1500.0	25.85433225208985	0.0	735572	3006.5382870674575	1.5
26156.085492585677	1500.0	26.75659570292473	0.0	772616	3097.736549165121	1.5
26159.08472312957	1500.0	27.75736515903253	0.0	747396	2999.230543892198	1.5
26161.737998119315	1500.0	29.104090169285872	0.0	662349	2653.274989746661	1.5
26164.94164051425	1500.0	29.900447774350464	0.0	835711	3203.6423949354075	1.5
26168.035704569196	1500.0	30.80638371940618	0.0	806394	3094.0640549442846	1.5
26174.925143386907	4000.0	27.916944901692265	0.0	1849252	6889.438817713914	4.0
26177.475638902804	1500.0	29.366449385794088	0.0	681795	2550.495515898179	1.5
26184.38385004898	4000.0	26.45823823961784	0.0	1836837	6908.211146176248	4.0
26186.96980686534	1500.0	27.872281423257604	0.0	644861	2585.956816360236	1.5
26190.135378477808	1500.0	28.70670981079313	0.0	794014	3165.5716124644796	1.5
26193.6786077412	1500.0	29.163480547403562	0.0	914284	3543.2292633895618	1.5
26196.245574984485	1500.0	30.59651330412053	0.0	675709	2566.967243283033	1.5
26198.92964933119	1500.0	31.912438957414604	0.0	707527	2684.0743467059256	1.5
26201.797551429092	1500.0	33.044536859512505	0.0	757473	2867.902097902098	1.5
26210.77732651525	4000.0	28.06476177335464	0.0	1947068	8979.775086157864	4.0
26213.585254035796	1500.0	29.256834252808215	0.0	633700	2807.927520546425	1.5
26216.607915084533	1500.0	30.234173204073468	0.0	755142	3022.6610487347475	1.5
26223.7915342105	4000.0	27.050554078108238	0.0	1828568	7183.61912596523	4.0
26226.875574556598	1500.0	27.96651373201139	0.0	785519	3084.0403460968496	1.5
26229.56006999137	1500.0	29.282018297239173	0.0	681043	2684.495434772217	1.5
26232.953049939788	1500.0	29.88903834881986	0.0	866245	3392.979948419313	1.5
26235.6838255126	1500.0	31.15826277600805	0.0	691256	2730.775572811811	1.5
26238.547240333806	1500.0	32.29484795480203	0.0	725845	2863.4148212060204	1.5
26246.32571366369	4000.0	28.516374624917795	0.0	1985434	7778.473329884236	4.0
26248.996172036	1500.0	29.84591625260722	0.0	657685	2670.4583723105707	1.5
26255.62601871309	4000.0	27.21606957551564	0.0	1697030	6629.84667709158	4.0
26258.865906929204	1500.0	27.976181359400133	0.0	848035	3239.8882161155097	1.5
26261.291274418727	1500.0	29.55081386987987	0.0	629438	2425.3674895202607	1.5
26264.11820001125	1500.0	30.723888277356213	0.0	763847	2826.9255925236557	1.5
26269.80429006528	4000.0	29.037798223323797	0.0	1750852	5686.090054032419	4.0
26272.47347877851	1500.0	30.368609510095858	0.0	808636	2669.1887132279367	1.5

