20812.849065263916	600.0	4.0	0.5968677281878317	247108	596.8677281878317	-11.337354563756636
20813.576900649696	600.0	7.272164614218109	0.0	309722	727.8353857818913	0.6
20814.26023581324	600.0	10.58882945067587	0.0	288447	683.3351635422387	0.6
20815.842996291183	1500.0	13.006068972729887	0.0	718451	1582.7604779459828	1.5
20820.251260468765	4000.0	12.597804795147331	0.0	2069289	4408.264177582557	4.0
20824.512193807397	4000.0	12.336871456516917	0.0	1863995	4260.933338630414	4.0
20829.678753181037	4000.0	11.170312082876205	0.0	2046450	5166.559373640714	4.0
20834.76603673495	4000.0	10.083028528962773	0.0	2058614	5087.28355391343	4.0
20839.2071580547	4000.0	9.641907209210519	0.0	1857129	4441.121319752253	4.0
20844.708142148214	4000.0	8.140923115698751	0.0	2373154	5500.984093511768	4.0
20849.29392369019	4000.0	7.555141573721202	0.0	2094766	4585.78154197755	4.0
20853.163373713716	4000.0	7.685691550194953	0.0	1761739	3869.450023526249	4.0
20858.73904674464	4000.0	6.110018519275976	0.0	2131310	5575.673030918977	4.0
20863.45711765633	4000.0	5.391947607586825	0.0	1805063	4718.070911689151	4.0
20865.047416531637	1500.0	7.801648732278754	0.0	754517	1590.2988753080706	1.5
20866.998469538532	1500.0	9.850595725385482	0.0	934743	1951.053006893273	1.5
20868.550846654365	1500.0	12.29821860955097	0.0	735572	1552.3771158345116	1.5
20870.17737387091	1500.0	14.671691393007114	0.0	772616	1626.5272165438555	1.5
20874.603149356368	4000.0	14.245915907548612	0.0	2082556	4425.775485458499	4.0
20880.189683304532	4000.0	12.65938195938515	0.0	2164412	5586.533948163461	4.0
20885.860505733126	4000.0	10.988559530793754	0.0	2379358	5670.8224285913975	4.0
20889.94362874533	4000.0	10.90543651858487	0.0	1950922	4083.123012208885	4.0
20893.818133721223	4000.0	11.030931542694852	0.0	1849252	3874.5049758900177	4.0
20898.16075765974	4000.0	10.688307604175126	0.0	1822097	4342.623938519727	4.0
20902.579635935374	4000.0	10.269429328542145	0.0	1836837	4418.878275632982	4.0
20907.173741840583	4000.0	9.675323423333698	0.0	1984579	4594.105905208447	4.0
20911.857673557268	4000.0	8.991391706651031	0.0	2068230	4683.931716682666	4.0
20916.61033144073	4000.0	8.23873382318425	0.0	2055338	4752.657883466782	4.0
20921.743047020205	4000.0	7.106018243711878	0.0	2165436	5132.715579472371	4.0
20926.399465337585	4000.0	6.449599926330239	0.0	2002600	4656.418317381639	4.0
20931.545157509194	4000.0	5.303907754724755	0.0	2290706	5145.692171605484	4.0
20936.029025209024	4000.0	4.820040054891472	0.0	1947068	4483.867699833283	4.0
20937.63328143657	1500.0	7.215783827347463	0.0	633700	1604.25622754401	1.5
20939.52964548293	1500.0	9.319419780984768	0.0	755142	1896.3640463626934	1.5
20941.222001651848	1500.0	11.627063612070623	0.0	670327	1692.3561689141447	1.5
20945.748300728657	4000.0	11.100764535258444	0.0	1785821	4526.299076812181	4.0
20952.505564842042	4000.0	8.34350042187362	0.0	2096494	6757.264113384825	4.0
20957.610854152364	4000.0	7.238211111552838	0.0	1955307	5105.289310320782	4.0
20959.140693045985	1500.0	9.708372217930238	0.0	691256	1529.8388936225997	1.5
20960.743078836113	1500.0	12.105986427801117	0.0	725845	1602.3857901291212	1.5
20962.524095811925	1500.0	14.324969451986737	0.0	811013	1781.0169758143804	1.5
20963.98352296012	1500.0	16.865542303792463	0.0	657685	1459.4271481942717	1.5
20967.678272484816	4000.0	17.170792779093333	0.0	1697030	3694.7495246991302	4.0
20971.880762876823	4000.0	16.968302387087185	0.0	1910697	4202.49039200615	4.0
20976.592203573764	4000.0	16.256861690148174	0.0	2171279	4711.44069693901	4.0
20980.783742267533	4000.0	16.065322996377418	0.0	2042818	4191.538693770756	4.0
20984.387646866508	4000.0	16.461418397403882	0.0	1750852	3603.904598973533	4.0
20995.995320641177	12000.0	8.853744622732808	0.0	5646381	11607.673774671073	12.0

