21020.577678575053	600.0	4.0	0.8129726923861256	247108	812.9726923861256	-15.659453847722512
21021.576377153127	600.0	7.001301421923954	0.0	309722	998.698578076046	0.6
21023.566158580987	1500.0	9.011519994067593	0.0	643847	1989.781427856362	1.5
21023.98795424662	200.0	12.589724328432919	0.0	115230	421.79566563467495	0.2
21025.01224523121	600.0	15.565433343838638	0.0	318350	1024.290984594279	0.6
21027.138418642902	1500.0	17.43925993214809	0.0	689829	2126.173411690551	1.5
21029.407189336805	1500.0	19.17048923824178	0.0	737903	2268.770693906305	1.5
21030.302370367932	600.0	22.27530820711518	0.0	274823	895.1810311266014	0.6
21040.865402002524	8000.0	15.712276572524427	0.0	3448932	10563.031634590754	8.0
21041.269412759346	200.0	19.308265815705372	0.0	105425	404.01075681905496	0.2
21041.642505344822	200.0	22.93517323022708	0.0	95365	373.0925854782943	0.2
21047.1369932434	4000.0	21.440685331648517	0.0	1761739	5494.487898578563	4.0
21049.079742379014	1500.0	23.497936196035763	0.0	606092	1942.7491356127546	1.5
21049.97974698908	600.0	26.597931585970453	0.0	266809	900.0046100653093	0.6
21050.871465775093	600.0	29.70621279995432	0.0	264113	891.7187860161353	0.6
21051.962120129658	600.0	32.615558445394065	0.0	324375	1090.6543545602542	0.6
21052.32252339792	200.0	36.25515517712706	0.0	89871	360.40326826699953	0.2
21065.038084903805	12000.0	27.539593671244187	0.0	4055239	12715.561505882873	12.0
21066.14347464152	600.0	30.43420393352845	0.0	330105	1105.389737715739	0.6
21066.49022724786	200.0	34.08745132718781	0.0	85876	346.75260634063955	0.2
21077.913312155768	8000.0	26.664366419281208	0.0	3690869	11423.084907906605	8.0
21078.941034248837	600.0	29.636644326213634	0.0	310841	1027.7220930675712	0.6
21094.748873129523	12000.0	17.828805445523884	0.0	5141915	15807.83888068975	12.0
21096.881583740516	1500.0	19.696094834530903	0.0	681795	2132.7106109929814	1.5
21097.24626770642	200.0	23.331410868627586	0.0	94556	364.68396590331747	0.2
21099.267779476548	1500.0	25.309899098497937	0.0	644861	2021.5117701296504	1.5
21099.61420026574	200.0	28.96347830930651	0.0	88490	346.42078919142693	0.2
21110.015520124143	8000.0	22.562158450900053	0.0	3354913	10401.319858406454	8.0
21110.996538699997	600.0	25.58113987504866	0.0	291029	981.0185758513932	0.6
21112.013851393494	600.0	28.56382718155021	0.0	302752	1017.3126934984521	0.6
21112.834998879232	600.0	31.742679695812758	0.0	240372	821.1474857374513	0.6
21113.280061059188	200.0	35.29761751585665	0.0	118522	445.0621799561083	0.2
21124.829410755956	8000.0	27.748267819091772	0.0	3713878	11549.349696764875	8.0
21131.53750588266	4000.0	25.04017269238612	0.0	2125133	6708.095126705654	4.0
21131.95504974231	200.0	28.622628832736996	0.0	108225	417.5438596491228	0.2
21132.8960038674	600.0	31.681674707647318	0.0	275745	940.9541250896759	0.6
21135.108010911033	1500.0	33.46966766401594	0.0	681043	2212.007043631383	1.5
21135.43971273064	200.0	37.13796584441116	0.0	80403	331.701819604774	0.2
21152.076833891526	12000.0	24.500844683525184	0.0	5257310	16637.121160885978	12.0
21153.053423949765	600.0	27.524254625288552	0.0	284107	976.5900582366327	0.6
21167.839702435995	12000.0	16.737976139055892	0.0	4828747	14786.278486232659	12.0
21168.222899082477	200.0	20.354779492572426	0.0	101713	383.1966464834653	0.2
21173.36615387423	4000.0	19.211524700822512	0.0	1697030	5143.254791749916	4.0
21174.30187393942	600.0	22.275804635632216	0.0	278938	935.7200651902982	0.6
21176.31285045174	1500.0	24.26482812331317	0.0	629438	2010.976512319049	1.5
21178.736164036247	1500.0	25.841514538805452	0.0	763847	2423.3135845077177	1.5
21184.188357642495	4000.0	24.389320932559706	0.0	1750852	5452.193606245744	4.0
21202.165150737495	12000.0	10.412527837558992	0.0	5646381	17976.793095000714	12.0

