32708.036184526227	600.0	4.0	0.6255976595920846	247108	625.5976595920846	-11.911953191841691
32708.333924155846	200.0	7.702260370380593	0.0	98617	297.73962961940776	0.2
32709.050795516207	600.0	10.98538901001849	0.0	288447	716.8713603621009	0.6
32710.717086466448	1500.0	13.319098059779757	0.0	718451	1666.2909502387329	1.5
32723.71333561668	8000.0	4.322848909544373	0.0	4143114	12996.249150235384	8.0
32724.389697587598	200.0	7.646486938627232	0.0	97658	676.3619709171406	0.2
32726.472295961707	600.0	9.563888564519374	0.0	327938	2082.598374107859	0.6
32728.672285662342	1500.0	11.363898863886282	0.0	780303	2199.9897006330893	1.5
32730.91057727877	4000.0	13.12560724745907	0.0	1857129	2238.2916164272124	4.0
32735.203275682245	8000.0	12.832908843984194	0.0	3624869	4292.698403474876	8.0
32737.717740868116	4000.0	14.318443658110318	0.0	2094766	2514.465185873876	4.0
32744.06219666667	8000.0	11.973987859559504	0.0	4205514	6344.455798550815	8.0
32747.409604947065	4000.0	12.626579579164359	0.0	2131310	3347.408280395144	4.0
32750.012446038712	4000.0	14.023738487517498	0.0	1805063	2602.841091646863	4.0
32755.656941806963	8000.0	12.379242719264234	0.0	4228356	5644.495768253264	8.0
32758.673873070897	4000.0	13.36231145533319	0.0	2231719	3016.931263931042	4.0
32765.444037371184	8000.0	10.59214715504302	0.0	4381600	6770.164300290168	8.0
32766.704200621683	1500.0	13.3319839045442	0.0	772616	1260.1632504988208	1.5
32772.5038458994	8000.0	11.53233862682625	0.0	3873892	5799.64527771795	8.0
32775.71664537833	4000.0	12.319539147895165	0.0	2164412	3212.799478931085	4.0
32779.248342673614	4000.0	12.787841852609425	0.0	2379358	3531.697295285742	4.0
32782.29865850115	4000.0	13.737526025072766	0.0	1950922	3050.3158275366595	4.0
32788.173143556676	8000.0	11.8630409695484	0.0	3805854	5874.485055524366	8.0
32791.194837122785	4000.0	12.84134740343918	0.0	1822097	3021.693566109221	4.0
32794.34756279871	4000.0	13.688621727509188	0.0	1836837	3152.725675929992	4.0
32799.88116729066	8000.0	12.15501723556457	0.0	3253093	5533.6044919446185	8.0
32803.52796509615	4000.0	12.508219430073984	0.0	2068230	3646.7978054905852	4.0
32807.15252980508	4000.0	12.88365472114828	0.0	2055338	3624.5647089257036	4.0
32810.908584504636	4000.0	13.127600021594644	0.0	2165436	3756.054699553637	4.0
32818.27682892055	8000.0	9.759355605676799	0.0	4435580	7368.244415917844	8.0
32819.60145721323	1500.0	12.434727312993873	0.0	757473	1324.6282926829272	1.5
32822.81145784408	4000.0	13.224726682148466	0.0	1947068	3210.0006308454062	4.0
32828.848555387936	8000.0	11.187629138288818	0.0	3713878	6037.097543859649	8.0
32833.3220996983	4000.0	10.714084827926133	0.0	2125133	4473.544310362685	4.0
32834.95715725956	1500.0	13.079027266667616	0.0	670327	1635.0575612585183	1.5
32844.86796784892	8000.0	7.168216677303417	0.0	4086583	9910.810589364199	8.0
32845.66382515328	600.0	10.372359372944668	0.0	284947	795.8573043587489	0.6
32847.92004673348	1500.0	12.116137792741176	0.0	866245	2256.221580203492	1.5
32852.41849625511	4000.0	11.617688271115952	0.0	2142800	4498.4495216252235	4.0
32855.981049588096	4000.0	12.055134938128992	0.0	2094647	3562.553332986959	4.0
32859.36202574022	4000.0	12.674158786001389	0.0	1985434	3380.9761521276046	4.0
32862.319305373545	4000.0	13.716879152681194	0.0	1830641	2957.2796333201936	4.0
32868.0072625101	8000.0	12.028922016124344	0.0	3735285	5687.95713655685	8.0
32870.98024513902	4000.0	13.055939387204747	0.0	1910697	2972.9826289195967	4.0
32881.96891763241	8000.0	6.067266893811349	0.0	3682991	10988.672493393398	8.0
32882.33846268809	200.0	9.697721838137708	0.0	92801	369.5450556736413	0.2
32884.81932382574	1500.0	11.216860700484386	0.0	769491	2480.861137653322	1.5
32891.24751828372	4000.0	8.788666242497996	0.0	2034636	6428.194457986388	4.0

