5643.6168171676845	600.0	4.0	1.068086169840556	247108	1068.0861698405558	-20.761723396811117
5644.09114715219	200.0	7.525670015494577	0.0	98617	474.3299845054231	0.2
5645.32453146768	600.0	10.292285700005	0.0	288447	1233.3843154895787	0.6
5648.277329988197	1500.0	11.339487179487179	0.0	718451	2952.7985205178184	1.5
5656.675833858311	4000.0	6.940983309373674	0.0	2069289	8398.503870113505	4.0
5657.1510203830085	200.0	10.465796784676538	0.0	97658	475.1865246971345	0.2
5660.217046332072	1500.0	11.399770835613587	0.0	737903	3066.0259490629505	1.5
5667.488921367385	4000.0	8.127895800299681	0.0	2058614	7271.875035313908	4.0
5668.4990861410215	600.0	11.117731026663463	0.0	290723	1010.1647736362183	0.6
5676.776198467256	4000.0	6.840618700429019	0.0	2373154	8277.112326234444	4.0
5677.226619908313	200.0	10.390197259372504	0.0	95365	450.42144105651585	0.2
5680.198117286444	1500.0	11.418699881240828	0.0	744416	2971.497378131676	1.5
5688.5045060585	4000.0	7.112311109185723	0.0	2131310	8306.388772055105	4.0
5689.609979646624	600.0	10.006837521062058	0.0	266809	1105.4735881236638	0.6
5692.589946496656	1500.0	11.026870671029629	0.0	754517	2979.966850032429	1.5
5700.701680814247	4000.0	6.915136353439084	0.0	2231719	8111.734317590544	4.0
5701.101684374945	200.0	10.515132792740296	0.0	89871	400.00356069878717	0.2
5703.932737229068	1500.0	11.684079938617673	0.0	772616	2831.052854122622	1.5
5711.231236520912	4000.0	8.385580646773624	0.0	2082556	7298.499291844049	4.0
5712.388469356086	600.0	11.228347811599269	0.0	310849	1157.2328351743556	0.6
5722.665167377874	4000.0	4.9516497898112535	0.0	2379358	10276.698021788015	4.0
5723.185793997957	200.0	8.431023169727855	0.0	97742	520.6266200833991	0.2
5724.824817050757	600.0	10.792000116928124	0.0	346141	1639.0230527997294	0.6
5727.968547882639	1500.0	11.648269285045856	0.0	681795	3143.730831882267	1.5
5735.768759912	4000.0	7.84805725568433	0.0	1836837	7800.212029361526	4.0
5736.540846029297	600.0	11.075971138386633	0.0	221407	772.0861172976986	0.6
5743.085832549049	4000.0	8.530984618635138	0.0	2068230	6544.986519751495	4.0
5744.111750573508	600.0	11.505066594175325	0.0	302611	1025.9180244598133	0.6
5750.8170692592275	4000.0	8.79974790845675	0.0	2165436	6705.3186857185765	4.0
5751.821132516319	600.0	11.795684651365125	0.0	302752	1004.0632570916237	0.6
5759.01270393467	4000.0	8.604113233014175	0.0	2290706	7191.57141835095	4.0
5760.01602704064	600.0	11.600790127042968	0.0	293409	1003.3231059712061	0.6
5768.432742649945	4000.0	7.184074517739007	0.0	2544033	8416.715609303961	4.0
5769.719430781009	600.0	9.897386386674768	0.0	344336	1286.68813106424	0.6
5772.148518982161	1500.0	11.468298185522697	0.0	670327	2429.088201152069	1.5
5778.163521901414	4000.0	9.453295266269745	0.0	1785821	6015.002919252953	4.0
5780.377909302742	1500.0	11.238907864941714	0.0	681043	2214.3874013280315	1.5
5786.929684583008	4000.0	8.68713258467643	0.0	1955307	6551.775280265284	4.0
5788.315672676364	600.0	11.301144491319915	0.0	309862	1385.9880933565144	0.6
5796.845761926486	4000.0	6.7710552411977645	0.0	2094647	8530.089250122151	4.0
5797.262303167941	200.0	10.354513999742805	0.0	107384	416.54124145495854	0.2
5799.403486643936	1500.0	12.21333052374727	0.0	657685	2141.183475995534	1.5
5804.8019752734	4000.0	10.81484189428377	0.0	1697030	5398.4886294635	4.0
5807.8843188420515	1500.0	11.732498325631946	0.0	848035	3082.3435686518233	1.5
5816.384703445385	4000.0	7.232113722299247	0.0	2171279	8500.384603332699	4.0
5817.691206995822	600.0	9.92561017186176	0.0	288236	1306.5035504374885	0.6
5821.045549699473	1500.0	10.57126746821026	0.0	769491	3354.3427036514986	1.5
5824.566462441156	1500.0	11.050354726527857	0.0	808636	3520.912741682402	1.5

