27811.171239310795	600.0	4.0	1.6981255627404437	247108	1698.1255627404437	-33.36251125480887
27811.897008321193	200.0	7.274230989604649	0.0	98617	725.7690103953508	0.2
27812.674240047472	200.0	10.4969992633216	0.0	106476	777.2317262830483	0.2
27813.508795175574	200.0	13.662444135221413	0.0	115230	834.5551281001883	0.2
27814.228284411885	200.0	16.942954898911353	0.0	97658	719.4892363100598	0.2
27814.947773648197	200.0	20.223465662601296	0.0	97658	719.4892363100598	0.2
27819.859748764837	1500.0	19.311490545960545	0.0	737903	4911.975116640747	1.5
27822.573588656258	1500.0	20.59765065453971	0.0	780303	2713.8398914208383	1.5
27825.56330061056	1500.0	21.607938700235344	0.0	891463	2989.711954304366	1.5
27828.134016236836	1500.0	23.037223073960355	0.0	763093	2570.71562627499	1.5
27830.7397289565	1500.0	24.431510354292246	0.0	769316	2605.7127196681054	1.5
27833.345420461654	1500.0	25.82581884913936	0.0	744416	2605.6915051528904	1.5
27835.48179944295	1500.0	27.68943986784244	0.0	606092	2136.378981296917	1.5
27838.099688242306	1500.0	29.071551068487082	0.0	748011	2617.8887993553585	1.5
27840.718620847296	1500.0	30.45261846349605	0.0	754517	2618.9326049910287	1.5
27842.9676811945	1500.0	32.20355811629297	0.0	934743	2249.0603472030866	1.5
27847.30778010532	4000.0	31.86345920547224	0.0	1835863	4340.098910820728	4.0
27852.59147888255	4000.0	30.57976042824098	0.0	2192675	5283.698777231258	4.0
27857.86156875654	4000.0	29.30967055425148	0.0	2082556	5270.089873989503	4.0
27863.12881066714	4000.0	28.042428643647877	0.0	2164412	5267.241910603603	4.0
27871.583645964238	8000.0	23.587593346549745	0.0	3690869	8454.835297098134	8.0
27880.880714644907	8000.0	18.290524665879456	0.0	3905272	9297.068680670285	8.0
27890.269465360063	8000.0	12.901773950726113	0.0	3805854	9388.750715153343	8.0
27894.608625667894	4000.0	12.562613642897071	0.0	1822097	4339.160307829043	4.0
27898.919506699793	4000.0	12.251732610995656	0.0	1836837	4310.8810319014165	4.0
27908.11561983533	4000.0	7.055619475458159	0.0	1984579	9196.113135537496	4.0
27912.727604064574	1500.0	6.443635246216283	0.0	794014	4611.984229241876	1.5
27913.79570145034	600.0	9.375537860448645	0.0	302611	1068.0973857676377	0.6
27914.825980832393	600.0	12.345258478395216	0.0	291029	1030.2793820534275	0.6
27915.89453861693	600.0	15.276700693860208	0.0	302752	1068.5577845350094	0.6
27918.44786936528	1500.0	16.723369945508132	0.0	757473	2553.3307483520744	1.5
27920.853500270772	1500.0	18.31773904001641	0.0	712239	2405.6309054917247	1.5
27922.99515830581	1500.0	20.17608100497925	0.0	633700	2141.6580350371596	1.5
27925.520022022192	1500.0	21.651217288594864	0.0	755142	2524.8637163843864	1.5
27927.770286900075	1500.0	23.400952410713884	0.0	670327	2250.2648778809767	1.5
27930.39349983437	1500.0	24.77773947641736	0.0	785519	2623.212934296526	1.5
27936.015918463116	4000.0	23.15532084767173	0.0	2096494	5622.41862874563	4.0
27940.793705384054	4000.0	22.37753392673172	0.0	1955307	4777.786920940011	4.0
27948.784821766156	4000.0	18.386417544627147	0.0	2142800	7991.116382104568	4.0
27956.998667945907	4000.0	14.172571364877689	0.0	2094647	8213.846179749458	4.0
27964.049782566904	4000.0	11.121456743878877	0.0	1985434	7051.114620998814	4.0
27970.230267019033	4000.0	8.940972291751327	0.0	1830641	6180.484452127548	4.0
27975.747874961995	4000.0	7.423364348790455	0.0	1697030	5517.6079429608735	4.0
27978.45240541713	1500.0	8.718833893655926	0.0	848035	2704.530455134529	1.5
27980.48041369582	1500.0	10.690825614965815	0.0	629438	2028.00827869011	1.5
27982.924395977876	1500.0	12.24684333291007	0.0	763847	2443.982282055746	1.5
27988.925042724055	4000.0	10.246196586733305	0.0	1750852	6000.646746176765	4.0
27995.09411751472	4000.0	8.07712179607038	0.0	2034636	6169.074790662926	4.0

