16197.231963313205	600.0	4.0	1.0823648717168644	247108	1082.3648717168644	0.008670915	-21.047297434337285
16197.71199170789	200.0	7.519971605313863	0.0	98617	480.02839468613735	0.004705182	0.2
16198.223899222343	200.0	11.008064090862996	0.0	106476	511.90751445086704	0.004705182	0.2
16198.77131632	200.0	14.460646993205557	0.0	115230	547.4170976574384	0.004705182	0.2
16199.247454642686	200.0	17.98450867052023	0.0	97658	476.13832268532605	0.004705182	0.2
16199.72359296537	200.0	21.508370347834905	0.0	97658	476.13832268532605	0.004705182	0.2
16200.273289750687	200.0	24.958673562519017	0.0	115792	549.6967853158909	0.004705182	0.2
16200.790056812852	200.0	28.441906500354936	0.0	107674	516.7670621640807	0.004705182	0.2
16201.256650464611	200.0	31.97531284859548	0.0	95305	466.59365175945646	0.004705182	0.2
16201.764294719758	200.0	35.46766859344894	0.0	105425	507.6442551465369	0.004705182	0.2
16202.231131754541	200.0	39.00083155866545	0.0	95365	466.83703478349054	0.004705182	0.2
16202.6978754925	200.0	42.53408782070784	0.0	95342	466.7437379576108	0.004705182	0.2
16203.193326258144	200.0	46.03863705506541	0.0	102419	495.45076564242976	0.004705182	0.2
16203.601353841552	200.0	49.630609471656015	0.0	80867	408.02758340939056	0.004705182	0.2
16204.017019595534	200.0	53.21494371767569	0.0	82750	415.66575398032654	0.004705182	0.2
16204.479848923187	200.0	56.75211439002129	0.0	94377	462.8293276543961	0.121360034	0.2
16205.424400185737	200.0	59.80756312747185	0.0	89871	444.5512625494372	0.005459394	0.2
16221.882883310222	12000.0	47.349080002988806	0.0	4055239	16458.48312448305	0.004705182	12.0
16222.320155211393	200.0	50.9118081018173	0.0	90919	437.2719011715009	0.006396316	0.2
16222.73761032842	200.0	54.49435298479002	0.0	85876	417.45511702728595	0.052171767	0.2
16242.180125734658	12000.0	39.05183757855359	0.0	5251330	19442.515406236435	0.16116786	12.0
16242.642247613168	200.0	42.589715700041154	0.0	97742	462.12187851243704	0.004705182	0.2
16243.115836041063	200.0	46.116127272146905	0.0	100675	473.5884278942481	0.30527455	0.2
16243.53108307229	200.0	49.70088024091981	0.0	85752	415.2470312270928	0.004705182	0.2
16243.980749299139	200.0	53.25121401407135	0.0	94556	449.6662268484582	0.004705182	0.2
16256.919908170512	8000.0	44.3120551426987	0.0	3253093	12939.15887137265	0.004705182	8.0
16276.734913346947	12000.0	28.49704996626396	0.0	5138482	19815.00517643474	0.06446191	12.0
16288.868750722197	8000.0	20.363212591015106	0.0	3354913	12133.837375248855	0.004705182	8.0
16289.300537388863	200.0	23.93142592434844	0.0	93993	431.7866666666667	0.004705182	0.2
16289.74388896781	200.0	27.48807434540107	0.0	97083	443.3515789473684	0.004705182	0.2
16290.175634464886	200.0	31.056328848325048	0.0	93982	431.7454970760234	0.011388609	0.2
16303.913604399786	8000.0	21.318358913424905	0.0	3568902	13737.969934900144	0.008719399	8.0
16306.510784141592	1500.0	22.721179171617557	0.0	633700	2597.179741807349	0.05977358	1.5
16306.945985730472	200.0	26.2859775827397	0.0	89422	435.2015888778551	0.016862957	0.2
16307.45587649512	200.0	29.776086818092235	0.0	108225	509.89076464746773	0.005890149	0.2
16307.884599434543	200.0	33.3473638786682	0.0	87791	428.72293942403184	0.15681128	0.2
16308.370112840701	200.0	36.86185047251129	0.0	102088	485.51340615690174	0.11485485	0.2
16308.769489206143	200.0	40.46247410706938	0.0	80403	399.37636544190667	0.039593656	0.2
16309.193949980721	200.0	44.03801333249143	0.0	86718	424.46077457795434	0.82893175	0.2
16309.678057123478	200.0	47.55390618973438	0.0	101968	484.10714275705044	0.056004606	0.2
16328.196033587363	12000.0	33.03592972584956	0.0	4828747	18517.97646388481	0.037045024	12.0
16335.9812488271	4000.0	29.250714486112724	0.0	1830641	7785.21523973684	0.14298308	4.0
16342.697606369264	4000.0	26.53435694394764	0.0	1697030	6716.357542165087	0.009911948	4.0
16349.509857415289	4000.0	23.722105897922535	0.0	1910697	6812.251046025105	0.00530458	4.0
16363.214326546818	8000.0	14.017636766393414	0.0	3682991	13704.46913152912	0.029085133	8.0
16372.413590355178	4000.0	8.818372958033574	0.0	2042818	9199.26380835984	0.12375656	4.0
16379.078680503506	4000.0	6.153282809706078	0.0	1750852	6665.0901483274965	0.5312795	4.0
16382.125610980394	1500.0	7.106352332816727	0.0	808636	3046.9304768893508	0.004705182	1.5

