12410.720702226763	600.0	4.0	0.9643644172053594	247108	964.3644172053594	-18.687288344107188
12411.15363845599	200.0	7.567063770774151	0.0	98617	432.9362292258483	0.2
12412.265949279796	600.0	10.454752946965801	0.0	288447	1112.3108238083523	0.6
12414.917183314736	1500.0	11.8035189120272	0.0	718451	2651.2340349386004	1.5
12422.422133374337	4000.0	8.29856885242543	0.0	2069289	7504.9500596017715	4.0
12423.696634242882	600.0	11.024067983880299	0.0	330929	1274.5008685451303	0.6
12431.475361115623	4000.0	7.245341111139608	0.0	2046450	7778.726872740691	4.0
12432.912721202058	600.0	9.807981024706516	0.0	274823	1437.3600864330915	0.6
12437.395687091856	1500.0	9.325015134908709	0.0	891463	4482.965889797808	1.5
12441.095894978342	1500.0	9.62480724842133	0.0	763093	3700.207886487379	1.5
12444.154492921478	1500.0	10.566209305287634	0.0	769316	3058.5979431336964	1.5
12447.116684331035	1500.0	11.604017895729255	0.0	744416	2962.191409558379	1.5
12455.111317497585	4000.0	7.6093847291793235	0.0	2131310	7994.633166549932	4.0
12456.149446551563	600.0	10.571255675201096	0.0	266809	1038.129053978229	0.6
12458.938967817414	1500.0	11.7817344093499	0.0	754517	2789.5212658511955	1.5
12467.20689091457	4000.0	7.513811312196236	0.0	2231719	8267.923097153664	4.0
12468.545751448966	600.0	10.174950777797493	0.0	340687	1338.8605343987438	0.6
12471.467074827615	1500.0	11.253627399148305	0.0	772616	2921.323378649187	1.5
12478.875663914205	4000.0	7.84503831255803	0.0	2082556	7408.589086590275	4.0
12480.049552668686	600.0	10.671149558076758	0.0	310849	1173.8887544812721	0.6
12483.001135518116	1500.0	11.71956670864825	0.0	835711	2951.582849428509	1.5
12489.655291917517	4000.0	9.065410309246385	0.0	1950922	6654.156399401866	4.0
12492.458397379032	1500.0	10.262304847732091	0.0	809327	2803.105461514292	1.5
12494.824909357903	1500.0	11.89579286886018	0.0	681795	2366.511978871911	1.5
12501.065045181333	4000.0	9.655657045430639	0.0	1836837	6240.135823429542	4.0
12503.4711044607	1500.0	11.249597766064227	0.0	644861	2406.05927936641	1.5
12511.257597241323	4000.0	7.463104985440101	0.0	2068230	7786.492780624127	4.0
12512.409901226298	600.0	10.310801000466787	0.0	302611	1152.3039849733143	0.6
12514.71089305012	1500.0	12.009809176644936	0.0	675709	2300.9918238218497	1.5
12521.373250583296	4000.0	9.347451643467732	0.0	2002600	6662.357533177205	4.0
12524.167632211642	1500.0	10.553070015122408	0.0	757473	2794.381628345323	1.5
12526.896838088525	1500.0	11.823864138239387	0.0	712239	2729.2058768830207	1.5
12536.562786795019	4000.0	6.157915431746715	0.0	2544033	9665.948706492672	4.0
12536.985539352334	200.0	9.735162874431717	0.0	89422	422.7525573149989	0.2
12539.634887985638	1500.0	11.08581424112793	0.0	670327	2649.348633303787	1.5
12546.36796870498	4000.0	8.352733521784987	0.0	1785821	6733.080719342944	4.0
12547.486736533641	600.0	11.23396569312242	0.0	284947	1118.7678286625658	0.6
12554.68739611509	4000.0	8.033306111674387	0.0	1955307	7200.659581448033	4.0
12555.892607072627	600.0	10.828095154138243	0.0	309862	1205.210957536143	0.6
12558.608389283654	1500.0	12.11231294311262	0.0	725845	2715.782211025624	1.5
12565.69841224957	4000.0	9.022289977194376	0.0	1985434	7090.022965918244	4.0
12567.99999267476	1500.0	10.720709552003841	0.0	657685	2301.5804251905333	1.5
12570.671025250182	1500.0	12.049676976582134	0.0	767059	2671.0325754217074	1.5
12577.610176654458	4000.0	9.110525572305495	0.0	1910697	6939.15140427664	4.0
12580.035544143979	1500.0	10.685158082785234	0.0	629438	2425.3674895202607	1.5
12582.96173697118	1500.0	11.758965255584489	0.0	763847	2926.1928272007453	1.5
12589.813628895401	4000.0	8.907073331360849	0.0	1750852	6851.891924223639	4.0
12591.091749577115	600.0	11.628952649647351	0.0	308883	1278.1206817134962	0.6

