10517.2017812717	600.0	4.0	0.9328317515099224	247108	932.8317515099224	-18.056635030198446
10519.80949481786	1500.0	5.3922864538395165	0.0	732405	2607.7135461604835	1.5
10522.111572471009	1500.0	7.090208800690251	0.0	643847	2302.0776531492666	1.5
10524.67112725962	1500.0	8.530654012079378	0.0	718451	2559.554788610872	1.5
10527.33963842952	1500.0	9.86214284217944	0.0	724296	2668.5111698999394	1.5
10530.163656528617	1500.0	11.038124743081907	0.0	689829	2824.0180990975314	1.5
10533.178904521059	1500.0	12.022876750639773	0.0	737903	3015.247992442135	1.5
10536.362812235551	1500.0	12.838969036148065	0.0	780303	3183.9077144917087	1.5
10539.83432775071	1500.0	13.367453520987379	0.0	891463	3471.5155151606855	1.5
10542.793380759576	1500.0	14.408400512121126	0.0	763093	2959.0530088662517	1.5
10545.775912357389	1500.0	15.425868914309392	0.0	769316	2982.531597811734	1.5
10548.710293657228	1500.0	16.491487614468287	0.0	744416	2934.3812998411054	1.5
10551.149948133225	1500.0	18.051833138472475	0.0	606092	2439.6544759958147	1.5
10554.142125664432	1500.0	19.059655607265817	0.0	748011	2992.1775312066575	1.5
10557.159632538413	1500.0	20.042148733284748	0.0	754517	3017.5068739810695	1.5
10560.87880036088	1500.0	20.322980910815954	0.0	934743	3719.1678224687935	1.5
10563.822550026307	1500.0	21.37923124539025	0.0	735572	2943.7496654257	1.5
10566.910520437774	1500.0	22.291260833924696	0.0	772616	3087.970411465557	1.5
10569.64841977563	1500.0	23.55336149606675	0.0	747396	2737.8993378579426	1.5
10571.999460406525	1500.0	25.202320865173558	0.0	662349	2351.040630893194	1.5
10574.94491900416	1500.0	26.256862267539407	0.0	835711	2945.458597634151	1.5
10577.789856429154	1500.0	27.411924842543694	0.0	806394	2844.937424995714	1.5
10581.037098383176	1500.0	28.164682888520286	0.0	809327	3247.2419540234073	1.5
10583.816408011267	1500.0	29.385373260430313	0.0	681795	2779.3096280899713	1.5
10587.282284833082	1500.0	29.919496438615553	0.0	855209	3465.8768218147625	1.5
10589.780738360572	1500.0	31.421042911123607	0.0	644861	2498.453527491945	1.5
10592.734152062425	1500.0	32.46762920927121	0.0	794014	2953.413701852397	1.5
10596.12280426879	1500.0	33.07897700290657	0.0	914284	3388.652206364644	1.5
10598.646992983971	1500.0	34.55478828772604	0.0	675709	2524.1887151805277	1.5
10601.23990825401	1500.0	35.961873017686756	0.0	707527	2592.915270039291	1.5
10604.010216140978	1500.0	37.19156513071923	0.0	757473	2770.307886967524	1.5
10606.619866965635	1500.0	38.581914306061634	0.0	712239	2609.6508246575954	1.5
10608.960029393782	1500.0	40.24175187791289	0.0	633700	2340.1624281487493	1.5
10612.331484117549	1500.0	40.870297154146954	0.0	755142	3371.4547237659367	1.5
10615.333253759043	1500.0	41.86852751265191	0.0	670327	3001.7696414950424	1.5
10618.837113408166	1500.0	42.3646678635291	0.0	785519	3503.8596491228072	1.5
10621.303578290983	1500.0	43.898202980714714	0.0	681043	2466.464882814393	1.5
10624.332121030207	1500.0	44.86966024148993	0.0	866245	3028.54273922478	1.5
10626.765032573416	1500.0	46.436748698282685	0.0	691256	2432.91154320725	1.5
10629.315678873887	1500.0	47.8861023978104	0.0	725845	2550.6463004722805	1.5
10632.401842743959	1500.0	48.79993852773842	0.0	811013	3086.1638700719773	1.5
10634.931378347674	1500.0	50.27040292402325	0.0	657685	2529.5356037151705	1.5
10637.86827538904	1500.0	51.33350588265822	0.0	767059	2936.8970413650227	1.5
10641.445193632415	1500.0	51.75658763928382	0.0	848035	3576.9182433743986	1.5
10644.471569689289	1500.0	52.73021158241012	0.0	629438	3026.3760568737016	1.5
10648.127109316567	1500.0	53.07467195513181	0.0	763847	3655.5396272783128	1.5
10651.433525697474	1500.0	53.7682555742246	0.0	769491	3306.416380907213	1.5
10654.500177590362	1500.0	54.701603681334475	0.0	808636	3066.65189289012	1.5

