18020.007538118283	600.0	4.0	1.8524952927463465	247108	1852.4952927463464	0.0061731013	-36.44990585492693
18020.794913712296	200.0	7.21262440598942	0.0	98617	787.3755940105802	0.004705182	0.2
18021.638661582823	200.0	10.36887653546131	0.0	106476	843.747870528109	0.004705182	0.2
18022.545201527235	200.0	13.462336591051733	0.0	115230	906.5399444095759	0.004705182	0.2
18023.32569825457	200.0	16.681839863713797	0.0	97658	780.496727337936	0.004705182	0.2
18024.106194981905	200.0	19.901343136375864	0.0	97658	780.496727337936	0.004705182	0.2
18025.016766128683	200.0	22.990771989599214	0.0	115792	910.5711467766521	0.004705182	0.2
18025.86910720283	200.0	26.13843091544876	0.0	107674	852.3410741504529	0.004705182	0.2
18026.632725960117	200.0	29.374812158163724	0.0	95305	763.6187572850354	0.004705182	0.2
18027.46893505184	200.0	32.53860306643953	0.0	105425	836.2090917241998	0.004705182	0.2
18028.2329841866	200.0	35.77455393167758	0.0	95365	764.0491347619475	0.004705182	0.2
18028.996868343333	200.0	39.010669774948454	0.0	95342	763.8841567291312	0.004705182	0.2
18029.488648889375	200.0	42.51888922890521	0.0	102419	491.7805460432418	0.004705182	0.2
18029.844910659416	200.0	46.16262745886144	0.0	80867	356.2617700437707	0.004705182	0.2
18030.20760522545	200.0	49.79993289283176	0.0	82750	362.6945660296787	0.004705182	0.2
18030.61002051316	200.0	53.39751760511958	0.0	94377	402.4152877121811	0.023067243	0.2
18030.997042184987	200.0	57.01049593329296	0.0	89871	387.02167182662544	0.004705182	0.2
18045.301120688306	12000.0	46.70641742997663	0.0	4055239	14304.078503316323	0.004705182	12.0
18045.713282807268	200.0	50.29425531101328	0.0	90919	412.16211896335204	0.0078723645	0.2
18046.107020905223	200.0	53.90051721305689	0.0	85876	393.73809795638766	0.06813036	0.2
18064.064738855952	12000.0	39.94279926232873	0.0	5251330	17957.717950728158	0.098807834	12.0
18064.467899643667	200.0	43.53963847461149	0.0	97742	403.16078771723187	0.004705182	0.2
18064.88075770165	200.0	47.1267804166279	0.0	100675	412.8580579835927	0.6987421	0.2
18065.244276392372	200.0	50.763261725908166	0.0	85752	363.51869071973226	0.004705182	0.2
18065.636903425206	200.0	54.37063469307284	0.0	94556	392.62703283532744	0.004705182	0.2
18076.564431795967	8000.0	47.44310632231229	0.0	3253093	10927.528370760547	0.004705182	8.0
18093.675277020488	12000.0	34.3322610977915	0.0	5138482	17110.845224520788	0.004705182	12.0
18106.293851003004	8000.0	25.713687115277878	0.0	3354913	12618.573982513628	0.004705182	8.0
18106.78269397821	200.0	29.224844140071266	0.0	93993	488.84297520661164	0.004826496	0.2
18107.284977579777	200.0	32.72256053850537	0.0	97083	502.2836015658982	0.004705182	0.2
18107.773772708093	200.0	36.23376541018871	0.0	93982	488.7951283166595	0.018428894	0.2
18120.132827163445	8000.0	27.874710954836644	0.0	3568902	12359.054455352065	0.004932507	8.0
18122.287004435922	1500.0	29.720533682355665	0.0	633700	2154.177272480979	0.02334816	1.5
18122.661040893723	200.0	33.34649722455752	0.0	89422	374.0364577981463	0.06705227	0.2
18123.096905173712	200.0	36.910632944568206	0.0	108225	435.8642799893134	0.022448126	0.2
18123.465578594867	200.0	40.54195952341282	0.0	87791	368.67342115538753	0.15870865	0.2
18123.881263257517	200.0	44.12627486076049	0.0	102088	415.68466265233565	0.4110365	0.2
18124.225643536603	200.0	47.78189458167543	0.0	80403	344.3802790850613	0.24820465	0.2
18144.133662428434	12000.0	31.873875689846884	0.0	5257310	19908.018891828546	0.011994521	12.0
18144.580932699922	200.0	35.42660541835978	0.0	101968	447.270271487101	0.062267423	0.2
18155.713195716493	8000.0	28.294342401787873	0.0	3189942	11132.26301657191	0.70126534	8.0
18161.775822067575	4000.0	26.23171605070657	0.0	1830641	6062.626351081301	0.011897532	4.0
18167.41211248257	4000.0	24.59542563571107	0.0	1697030	5636.290414995498	0.0072832378	4.0
18174.11736218325	4000.0	21.890175935030022	0.0	1910697	6705.249700681048	0.010812797	4.0
18190.175138075258	8000.0	9.8324000430211	0.0	3682991	16057.775892008924	0.068591714	8.0
18193.300908438185	1500.0	10.706629680098132	0.0	763847	3125.770362922968	0.0066454746	1.5
18199.20858307933	4000.0	8.798955038949806	0.0	1750852	5907.6746411483255	0.006391066	4.0
18206.463519664896	4000.0	5.544018453384696	0.0	2034636	7254.936585565111	0.45914784	4.0

