8930.17395546909	600.0	4.0	0.8045506523970092	247108	804.5506523970092	-15.491013047940184
8932.401455835605	1500.0	5.772499633484825	0.0	732405	2227.500366515174	1.5
8934.36929339608	1500.0	7.804662073009822	0.0	643847	1967.8375604750038	1.5
8936.555878940722	1500.0	9.618076528368274	0.0	718451	2186.585544641548	1.5
8938.759602734888	1500.0	11.414352734203195	0.0	724296	2203.7237941650787	1.5
8940.872237002644	1500.0	13.301718466446902	0.0	689829	2112.6342677562943	1.5
8943.137159646807	1500.0	15.036795822283752	0.0	737903	2264.922644163151	1.5
8945.527628223312	1500.0	16.646327245779197	0.0	780303	2390.468576504553	1.5
8948.247240333756	1500.0	17.926715135334305	0.0	891463	2719.6121104448885	1.5
8950.600545581792	1500.0	19.573409887298645	0.0	763093	2353.3052480356628	1.5
8953.033778609875	1500.0	21.140176859214446	0.0	769316	2433.233028084195	1.5
8955.390845924001	1500.0	22.78310954508823	0.0	744416	2357.0673141262164	1.5
8957.324798932203	1500.0	24.84915653688665	0.0	606092	1933.9530082015792	1.5
8959.692862862461	1500.0	26.48109260662875	0.0	748011	2368.0639302579007	1.5
8961.646812214003	1500.0	28.527143255084454	0.0	754517	1953.949351544294	1.5
8963.765010038964	1500.0	30.408945430123296	0.0	934743	2118.19782496116	1.5
8965.44891747716	1500.0	32.72503799192656	0.0	735572	1683.9074381967346	1.5
8967.21359898933	1500.0	34.960356479756705	0.0	772616	1764.6815121698603	1.5
8968.923288542057	1500.0	37.25066692702973	0.0	747396	1709.6895527269755	1.5
8970.447533956212	1500.0	39.726421512872896	0.0	662349	1524.2454141568317	1.5
8972.322757010561	1500.0	41.8511984585249	0.0	835711	1875.2230543479964	1.5
8974.124533459797	1500.0	44.049422009288214	0.0	806394	1801.776449236682	1.5
8975.932572319625	1500.0	46.241383149461164	0.0	809327	1808.0388598270526	1.5
8977.46831054958	1500.0	48.705644919504934	0.0	681795	1535.7382299562294	1.5
8979.374314606375	1500.0	50.79964086270981	0.0	855209	1906.0040567951319	1.5
8980.83119300928	1500.0	53.34276245980599	0.0	644861	1456.8784029038115	1.5
8982.703915824648	1500.0	55.47003964443751	0.0	794014	1872.7228153684794	1.5
8984.9125400116	1500.0	57.26141545748409	0.0	914284	2208.624186953422	1.5
8986.56571696837	1500.0	59.60823850071562	0.0	675709	1653.1769567684764	1.5
8990.292972181327	1500.0	59.88098328775926	0.0	707527	1727.2552129563612	1.5
8994.284636651517	1500.0	59.88931881757104	0.0	757473	1991.6644701882142	1.5
8998.37838439052	1500.0	59.7955710785672	0.0	712239	2593.747739003838	1.5
9000.880474653897	1500.0	59.979015733792856	0.0	633700	2316.555344774342	1.5
9005.166194572841	1500.0	59.693295814848774	0.0	755142	2285.7199189440826	1.5
9009.204175477236	1500.0	59.65531491045459	0.0	670327	2037.98090439418	1.5
9012.976130603221	1500.0	59.88335978446897	0.0	785519	2271.9551259856253	1.5
9017.228658730188	1500.0	59.630831657502384	0.0	681043	1752.5281269665854	1.5
9020.936012109261	1500.0	59.92347827842915	0.0	866245	2207.35337907323	1.5
9024.981218519351	1500.0	59.87827186834	0.0	691256	2045.2064100891487	1.5
9029.153782349329	1500.0	59.70570803836108	0.0	725845	2172.563829978919	1.5
9033.032513938402	1500.0	59.826976449287194	0.0	811013	2378.7315890738896	1.5
9037.19355875713	1500.0	59.66593163056039	0.0	657685	1661.0448187268055	1.5
9041.117533695904	1500.0	59.7419566917861	0.0	767059	1923.9749387742836	1.5
9045.256330666365	1500.0	59.60315972132476	0.0	848035	2138.796970461344	1.5
9048.867833274373	1500.0	59.991657113316734	0.0	629438	1611.5026080080293	1.5
9052.377800369926	1500.0	59.553120335081054	0.0	763847	1938.5367782356789	1.5
9056.096389218284	1500.0	59.83453148672253	0.0	769491	2218.58884835852	1.5
9060.423770840656	1500.0	59.50714986434977	0.0	808636	2327.3816223727636	1.5

