35443.75579456679	600.0	4.0	0.7370601432536188	247108	737.0601432536188	0.041567504	-14.141202865072376
35444.098017158314	200.0	7.6577774084722385	0.0	98617	342.2225915277616	0.004705182	0.2
35444.46113682993	200.0	11.294657736858724	0.0	106476	363.11967161351436	0.004705182	0.2
35444.84753338652	200.0	14.908261180263572	0.0	115230	386.3965565951506	0.004705182	0.2
35445.187205997165	200.0	18.568588569624247	0.0	97658	339.6726106393233	0.004705182	0.2
35445.5268786078	200.0	22.228915958984928	0.0	97658	339.6726106393233	0.004705182	0.2
35445.91476952233	200.0	25.841025044455154	0.0	115792	387.89091452977254	0.004705182	0.2
35446.281074675804	200.0	29.474719890981003	0.0	107674	366.30515347414956	0.004705182	0.2
35448.731474689106	1500.0	31.024319877686004	0.0	891463	2450.400013295	0.5196451	1.5
35461.480246591695	12000.0	22.2755479750955	0.0	5088378	12748.771902590504	0.004705182	12.0
35461.788198247734	200.0	25.967596319060718	0.0	95365	307.951656034779	0.004705182	0.2
35463.64758124966	1500.0	28.108213317133533	0.0	744416	1859.3830019271854	0.006715121	1.5
35463.97239413341	200.0	31.783400433377167	0.0	102419	324.8128837563679	0.004705182	0.2
35466.09784003069	1500.0	33.65795453609848	0.0	748011	2125.4458972786924	0.004705182	1.5
35468.25425420338	1500.0	35.501540363411856	0.0	754517	2156.4141726866187	0.004705182	1.5
35470.90664636024	1500.0	36.84914820654911	0.0	934743	2652.392156862745	0.004705182	1.5
35473.010924310016	1500.0	38.7448702567727	0.0	735572	2104.2779497764022	0.004705182	1.5
35482.34189204133	12000.0	33.4139025254522	0.0	4055239	9330.967731320501	0.004705182	12.0
35484.07773551743	1500.0	35.67805904935865	0.0	747396	1735.8434760935488	0.09298808	1.5
35499.26219198636	8000.0	24.49360258042762	0.0	4303587	15184.456468931026	0.116739236	8.0
35499.77711280191	200.0	27.978681764875226	0.0	114656	514.9208155523945	0.004705182	0.2
35502.91598051172	1500.0	28.839814055060145	0.0	806394	3138.8677098150783	0.004705182	1.5
35506.07861224736	1500.0	29.67718231942685	0.0	809327	3162.631735633293	0.6778028	1.5
35508.771917472186	1500.0	30.983877094598736	0.0	681795	2693.305224828115	0.004705182	1.5
35512.12991474119	1500.0	31.625879825595547	0.0	855209	3357.9972690031864	0.004705182	1.5
35514.68165275714	1500.0	33.07414180964077	0.0	644861	2551.738015954771	0.004705182	1.5
35516.76045187505	1500.0	34.99534269173005	0.0	794014	2078.7991179107235	0.004705182	1.5
35524.58494171808	8000.0	31.170852848701426	0.0	3354913	7824.489843028625	0.24679062	8.0
35536.65709710586	8000.0	23.09869746092321	0.0	3811227	12072.155387778217	0.22076078	8.0
35538.12820663312	1500.0	25.627587933661204	0.0	707527	1471.1095272620028	0.004705182	1.5
35539.69751786356	1500.0	28.058276703215256	0.0	757473	1569.3112304459491	0.46241856	1.5
35546.92255405001	8000.0	24.833240516768026	0.0	3568902	7225.03618644723	0.02232782	8.0
35552.53118264084	4000.0	23.224611925936106	0.0	2544033	5608.628590831919	0.597854	4.0
35554.25223826054	1500.0	25.50355630624171	0.0	755142	1721.0556196943976	0.58506435	1.5
35565.03141627286	8000.0	18.72437829391244	0.0	3707853	10779.17801232927	0.004705182	8.0
35567.673524297046	1500.0	20.082270269729317	0.0	785519	2642.1080241831214	0.027505178	1.5
35570.04664662706	1500.0	21.709147939713954	0.0	681043	2373.1223300153624	0.7056855	1.5
35580.40569014485	8000.0	15.35010442192207	0.0	3739359	10359.043517791884	0.044071406	8.0
35582.005163691676	1500.0	17.750630875094938	0.0	691256	1599.4735468271306	0.053197894	1.5
35591.85750476925	8000.0	11.898289797524708	0.0	4253567	9852.341077570232	0.5352249	8.0
35593.864588053075	1500.0	13.891206513694364	0.0	811013	2007.0832838303436	0.5356002	1.5
35599.88742149002	4000.0	11.868373076750142	0.0	1830641	6022.833436944222	0.22852407	4.0
35606.9184974905	4000.0	8.83729707627176	0.0	1697030	7031.076000478383	0.6702524	4.0
35608.89627781695	1500.0	10.859516749824495	0.0	848035	1977.7803264472636	0.013313916	1.5
35613.835287845344	4000.0	9.920506721431694	0.0	2171279	4939.0100283928	0.049722776	4.0
35619.28565038702	4000.0	8.470144179757773	0.0	2042818	5450.362541673922	0.016157629	4.0
35625.03424586649	4000.0	6.721548700286313	0.0	1750852	5748.595479471459	0.66351855	4.0
35627.69654842756	1500.0	8.05924613921695	0.0	808636	2662.3025610693608	0.3610193	1.5

