16397.37292223911	600.0	4.0	0.6755665351128252	247108	675.5665351128251	-12.911330702256503
16398.199397700802	600.0	7.173524538306269	0.0	309722	826.4754616937307	0.6
16399.83116343454	1500.0	9.541758804567227	0.0	643847	1631.7657337390413	1.5
16400.585262190303	600.0	12.78766004880547	0.0	279692	754.098755761757	0.6
16401.432532397877	600.0	15.940389841231585	0.0	318350	847.2702075738861	0.6
16403.17512149799	1500.0	18.19780074112012	0.0	689829	1742.5891001114692	1.5
16405.033575991405	1500.0	20.339346247702828	0.0	737903	1858.4544934172868	1.5
16405.373086129086	200.0	23.9998361100232	0.0	107674	339.51013767963127	0.2
16405.682785162015	200.0	27.69013707709457	0.0	95305	309.69903292862955	0.2
16415.63324634513	8000.0	21.73967589397723	0.0	3624869	9950.461183117339	8.0
16416.63535020805	600.0	24.73757203106088	0.0	329266	1002.1038629163531	0.6
16420.9146382863	4000.0	24.458283952809033	0.0	1761739	4279.288078251843	4.0
16422.37969463137	1500.0	26.993227607740117	0.0	606092	1465.0563450689137	1.5
16426.584668994004	4000.0	26.78825324510354	0.0	1805063	4204.974362636578	4.0
16426.85377132922	200.0	30.519150909889657	0.0	82750	269.1023352138827	0.2
16427.149443970797	200.0	34.22347826831285	0.0	94377	295.67264157680495	0.2
16428.868564939992	1500.0	36.50435729911961	0.0	735572	1719.1209691932377	1.5
16437.761308437442	12000.0	31.6116138016663	0.0	4055239	8892.743497453312	12.0
16439.883452119684	1500.0	33.48947011942669	0.0	747396	2122.1436822396117	1.5
16441.884800996526	1500.0	35.48812124258422	0.0	662349	2001.3488768424677	1.5
16452.07627433589	8000.0	29.296647903221523	0.0	3690869	10191.473339362701	8.0
16452.40051484815	200.0	32.97240739096164	0.0	97742	324.2405122598782	0.2
16465.766914503078	12000.0	23.606007736030463	0.0	5141915	13366.399654931178	12.0
16466.075001080862	200.0	27.297921158246776	0.0	85752	308.08657778368854	0.2
16467.077803222033	600.0	30.29511901707578	0.0	346939	1002.8021411709944	0.6
16468.880665821038	1500.0	32.49225641807397	0.0	644861	1802.8625990018063	1.5
16482.476125095105	12000.0	22.896797144003664	0.0	5138482	13595.45927407031	12.0
16483.203066744736	600.0	26.169855494373113	0.0	302611	726.9416496305502	0.6
16483.48401114687	200.0	29.888911092240594	0.0	93993	280.94440213252096	0.2
16496.37798760534	12000.0	20.994934633766803	0.0	5411094	12893.976458473791	12.0
16497.07795246389	600.0	24.294969775219208	0.0	240372	699.9648585475941	0.6
16498.994951577293	1500.0	26.377970661815485	0.0	712239	1916.9991134037239	1.5
16507.118888738423	8000.0	22.25403350068484	0.0	3713878	8123.937161130646	8.0
16507.39152812661	200.0	25.981394112498332	0.0	89422	272.63938818650615	0.2
16511.65906303591	4000.0	25.713859203199217	0.0	1828568	4267.534909299117	4.0
16516.085448189544	4000.0	25.28747404956368	0.0	1785821	4426.385153635534	4.0
16517.822991237917	1500.0	27.549931001191304	0.0	681043	1737.543048372376	1.5
16518.69997815608	600.0	30.672944083028845	0.0	327462	876.9869181624582	0.6
16530.488566907363	12000.0	22.884355331748953	0.0	5257310	11788.58875127989	12.0
16531.37847889111	600.0	25.994443347998104	0.0	284107	889.9119837508463	0.6
16544.493197931944	12000.0	16.879724307165322	0.0	4828747	13114.719040832786	12.0
16549.065017340607	4000.0	16.307904898503807	0.0	1830641	4571.819408661515	4.0
16552.879878678097	4000.0	16.493043561010886	0.0	1697030	3814.861337492919	4.0
16553.16565873671	200.0	20.207263502398746	0.0	96988	285.7800586121388	0.2
16554.58114135861	1500.0	22.79178088050008	0.0	629438	1415.4826218986623	1.5
16555.272693519437	600.0	26.10022871967474	0.0	288236	691.5521608253438	0.6
16564.24613536859	8000.0	21.12678687052046	0.0	4201994	8973.441849154276	8.0
16577.980365190422	12000.0	11.392557048688213	0.0	5646381	13734.229821832247	12.0

