13084.969971367944	600.0	4.0	0.9847432494279177	247108	984.7432494279177	0.03218032	-19.094864988558353
13085.411040475496	200.0	7.558930892448513	0.0	98617	441.0691075514875	0.004705182	0.2
13085.880883953756	200.0	11.089087414187643	0.0	106476	469.8434782608696	0.004705182	0.2
13086.382778690597	200.0	14.587192677345538	0.0	115230	501.89473684210526	0.004705182	0.2
13086.820336585333	200.0	18.149634782608697	0.0	97658	437.5578947368421	0.004705182	0.2
13087.25789448007	200.0	21.712076887871856	0.0	97658	437.5578947368421	0.004705182	0.2
13087.761846882817	200.0	25.20812448512586	0.0	115792	503.9524027459954	0.004705182	0.2
13088.236076631101	200.0	28.733894736842107	0.0	107674	474.2297482837529	0.004705182	0.2
13088.665019422862	200.0	32.30495194508009	0.0	95305	428.9427917620137	0.004705182	0.2
13089.131014846203	200.0	35.838956521739135	0.0	105425	465.9954233409611	0.005241525	0.2
13089.560177317599	200.0	39.40979405034325	0.0	95365	429.162471395881	0.004705182	0.2
13089.989255578468	200.0	42.98071578947369	0.0	95342	429.0782608695652	0.004705182	0.2
13090.444245052151	200.0	46.52572631578948	0.0	102419	454.98947368421057	0.0047121444	0.2
13090.820325601351	200.0	50.149645766590396	0.0	80867	376.08054919908466	0.004705182	0.2
13091.203300429726	200.0	53.76667093821511	0.0	82750	382.97482837528605	0.0050602844	0.2
13108.885704774344	12000.0	40.08426659359736	0.0	5443841	17682.404344617742	0.47230333	12.0
13109.252483259017	200.0	43.71748810892414	0.0	89871	366.7784846732215	0.004705182	0.2
13122.459337643006	12000.0	34.51063372493549	0.0	4055239	13206.85438398865	0.004705182	12.0
13122.837365546551	200.0	38.13260582138916	0.0	90919	378.0279035463318	0.004705182	0.2
13123.19886275005	200.0	41.77110861788995	0.0	85876	361.49720349921125	0.0052116523	0.2
13123.65469934426	200.0	45.31527202367963	0.0	114656	455.83659421032144	0.004705182	0.2
13124.055092698218	200.0	48.914878669722526	0.0	97742	400.39335395709986	0.1002336	0.2
13142.130838992545	12000.0	34.839132375396	0.0	5141915	18075.746294326535	0.072563	12.0
13142.520629685494	200.0	38.449341682447404	0.0	85752	389.7906929485877	0.004705182	0.2
13142.94222601867	200.0	42.027745349272124	0.0	94556	421.5963331752806	0.004705182	0.2
13156.70543838417	8000.0	32.264532983772035	0.0	3253093	13763.21236550009	0.0050349757	8.0
13157.092982316224	200.0	35.87698905171739	0.0	88490	387.54393205465175	0.01340471	0.2
13169.066193661869	8000.0	27.90377770607313	0.0	3354913	11973.211345644257	0.004705182	8.0
13169.502092942445	200.0	31.467878425497588	0.0	93993	435.8992805755396	0.021110043	0.2
13169.949692336613	200.0	35.02027903132871	0.0	97083	447.59939416887545	0.05596018	0.2
13170.3855499663	200.0	38.584421401642985	0.0	93982	435.8576296857251	0.006574546	0.2
13183.51223501629	8000.0	29.4577363516525	0.0	3568902	13126.685049990481	0.026157428	8.0
13185.84104287665	1500.0	31.12892849129364	0.0	633700	2328.807860358862	0.034820683	1.5
13186.238374258202	200.0	34.73159710974242	0.0	89422	397.3313815512232	0.014030058	0.2
13186.702431747057	200.0	38.26753962088754	0.0	108225	464.05748885488055	0.08636857	0.2
13187.090650395137	200.0	41.879320972806134	0.0	87791	388.2186480814089	0.18103133	0.2
13189.55233600451	1500.0	43.41763536343387	0.0	681043	2461.685609372268	0.45380652	1.5
13189.913514532225	200.0	47.05645683571923	0.0	80403	361.1785277146355	0.45144355	0.2
13208.266137090699	12000.0	32.70383427724561	0.0	5257310	18352.622558473624	0.014392773	12.0
13208.701256153867	200.0	36.26871521407901	0.0	101968	435.11906316660134	0.07819936	0.2
13219.907102967938	8000.0	29.062868400007243	0.0	3189942	11205.846814071763	0.68440014	8.0
13226.40238561901	4000.0	26.56758574893512	0.0	1830641	6495.282651072125	0.017185431	4.0
13232.237204277402	4000.0	24.73276709054332	0.0	1697030	5834.8186583917995	0.0062005543	4.0
13238.763363553724	4000.0	22.206607814221552	0.0	1910697	6526.159276321767	0.010176991	4.0
13251.196827914122	8000.0	13.773143453822408	0.0	3682991	12433.464360399144	0.027660131	8.0
13253.774845696442	1500.0	15.195125671502531	0.0	763847	2578.0177823198774	0.37677398	1.5
13259.59215352112	4000.0	13.377817846824113	0.0	1750852	5817.307824678417	0.004705182	4.0
13266.367650528586	4000.0	10.602320839358203	0.0	2034636	6775.49700746591	0.0674445	4.0

