20478.16358638717	600.0	4.0	0.7064026109826039	247108	706.402610982604	-13.528052219652078
20478.493574029366	200.0	7.670012357806014	0.0	98617	329.9876421939859	0.2
20478.84348372232	200.0	11.320102664849962	0.0	106476	349.9096929560506	0.2
20479.632484641235	600.0	14.531101745936184	0.0	279692	789.0009189137804	0.6
20481.548527608375	1500.0	16.615058778795273	0.0	724296	1916.0429671409108	1.5
20481.87608424832	200.0	20.28750213885104	0.0	97658	327.5566399442315	0.2
20482.2496093917	200.0	23.9139769954688	0.0	115792	373.52514338223654	0.2
20482.602555936268	200.0	27.561030450901484	0.0	107674	352.94654456731837	0.2
20482.92414787518	200.0	31.239438511993406	0.0	95305	321.59193890807694	0.2
20496.684162437174	12000.0	21.479423949997024	0.0	5088378	13760.01456199638	12.0
20497.684124718457	600.0	24.479461668713192	0.0	329266	999.9622812838334	0.6
20498.030508261923	200.0	28.13307812524936	0.0	95342	346.38354346383545	0.2
20498.396664794593	200.0	31.766921592577265	0.0	102419	366.1565326720916	0.2
20499.227300304967	600.0	34.93628608220246	0.0	266809	830.635510374808	0.6
20499.540357865255	200.0	38.62322852191378	0.0	82750	313.0575602886816	0.2
20502.25297324987	1500.0	39.9106131372984	0.0	934743	2712.6153846153848	1.5
20503.29248601171	600.0	42.87110037546069	0.0	340687	1039.5127618377046	0.6
20514.69479467288	12000.0	35.46879171429004	0.0	4055239	11402.308661170655	12.0
20516.844462891437	1500.0	37.31912349573312	0.0	747396	2149.6682185569152	1.5
20517.78525729771	600.0	40.378329089460955	0.0	310849	940.794406272175	0.6
20529.54947770498	8000.0	32.61410868219216	0.0	3690869	11764.220407268787	8.0
20535.259641119	4000.0	30.90394526817391	0.0	1950922	5710.163414018253	4.0
20551.46615259537	12000.0	18.697433791803917	0.0	5141915	16206.511476369991	12.0
20556.549078821925	4000.0	17.614507565249593	0.0	1822097	5082.926226554322	4.0
20556.888700945376	200.0	21.274885441796197	0.0	94556	339.6221234534004	0.2
20557.246315621127	200.0	24.917270766045846	0.0	101109	357.6146757503475	0.2
20557.56928234671	200.0	28.594304040461097	0.0	88490	322.9667255847477	0.2
20568.844138506898	8000.0	21.319447880275742	0.0	3354913	11274.856160185356	8.0
20569.927092652862	600.0	24.236493734313324	0.0	291029	1082.9541459624184	0.6
20570.958395088055	600.0	27.205191299120866	0.0	302752	1031.3024351924587	0.6
20571.793688096695	600.0	30.36989829047986	0.0	240372	835.2930086410056	0.6
20583.501240997994	8000.0	22.662345389181283	0.0	3568902	11707.552901298579	8.0
20583.937281819777	200.0	26.22630456739778	0.0	99865	436.04082178350194	0.2
20584.33609103587	200.0	29.827495351300804	0.0	89422	398.80921609697407	0.2
20595.21659305636	8000.0	22.946993330810074	0.0	3707853	10880.502020490732	8.0
20595.506977982823	200.0	26.6566084043505	0.0	87791	290.38492645957524	0.2
20596.26983332836	600.0	29.893753058815346	0.0	284947	762.8553455351527	0.6
20601.180940076956	4000.0	28.982646310219856	0.0	1955307	4911.106748595488	4.0
20616.739808866074	12000.0	17.423777521100288	0.0	5257310	15558.868789119568	12.0
20617.105939454123	200.0	21.05764693305069	0.0	101968	366.1305880495975	0.2
20632.049003391825	12000.0	10.11458299535085	0.0	4828747	14943.063937699842	12.0
20632.4458848296	200.0	13.717701557572163	0.0	101713	396.88143777868646	0.2
20637.8128914694	4000.0	12.350694917776226	0.0	1697030	5367.006639795938	4.0
20638.761907961798	600.0	15.401678425379863	0.0	278938	949.0164923963628	0.6
20639.107387643246	200.0	19.056198743934296	0.0	85214	345.47968144556734	0.2
20651.230986190032	8000.0	10.932600197146602	0.0	3954105	12123.598546787694	8.0
20653.225857410634	1500.0	12.937728976541898	0.0	769491	1994.8712206047035	1.5
20658.369030236317	4000.0	11.794556150860673	0.0	2034636	5143.172825681225	4.0

