17281.160886901333	600.0	4.0	0.7096246516442393	247108	709.6246516442393	0.02206731	-13.592493032884786
17281.49216041037	200.0	7.668726490962657	0.0	98617	331.27350903734373	0.004705182	0.2
17281.843458443655	200.0	11.317428457679751	0.0	106476	351.29803328290467	0.004705182	0.2
17282.21706143752	200.0	14.943825463810812	0.0	115230	373.6029938689386	0.004705182	0.2
17282.54589143991	200.0	18.614995461422083	0.0	97658	328.83000238872523	0.004705182	0.2
17282.874721442302	200.0	22.28616545903336	0.0	97658	328.83000238872523	0.004705182	0.2
17283.249756397316	200.0	25.911130504021017	0.0	115792	375.03495501234175	0.004705182	0.2
17283.604106902927	200.0	29.556779998407514	0.0	107674	354.35050561350425	0.004705182	0.2
17283.926941523518	200.0	33.2339453778167	0.0	95305	322.83462059081137	0.004705182	0.2
17284.275561636587	200.0	36.88532526475038	0.0	105425	348.62011306632695	0.012252429	0.2
17284.598549135593	200.0	40.56233776574568	0.0	95365	322.98749900469784	0.004705182	0.2
17284.921478031203	200.0	44.239408870132976	0.0	95342	322.92889561270806	0.004705182	0.2
17285.262438935733	200.0	47.89844796560236	0.0	102419	340.9609045306155	0.009456688	0.2
17285.548485913994	200.0	51.61240098733976	0.0	80867	286.04697826260053	0.004705182	0.2
17285.83933072648	200.0	55.32155617485469	0.0	82750	290.84481248507046	0.011219417	0.2
17298.4300645371	12000.0	46.73082236423558	0.0	5443841	12590.73381061911	0.024804264	12.0
17298.700408707384	200.0	50.46047819395071	0.0	89871	270.3441702848671	0.004705182	0.2
17313.12643302397	12000.0	40.03445387736722	0.0	4055239	14426.0243165835	0.004705182	12.0
17313.42531057806	200.0	43.73557632327616	0.0	90919	298.87755409105955	0.004705182	0.2
17313.7120476609	200.0	47.44883924043183	0.0	85876	286.7370828443321	0.01541546	0.2
17314.06806944779	200.0	51.09281745354609	0.0	114656	356.02178688573923	0.31738293	0.2
17314.383372628556	200.0	54.77751427278115	0.0	97742	315.3031807649484	0.2821719	0.2
17326.787979466462	12000.0	46.37290743487352	0.0	5141915	12404.606837907631	0.004705182	12.0
17327.07196876173	200.0	50.08891813960144	0.0	85752	283.9892952720785	0.004705182	0.2
17327.376901262473	200.0	53.78398563885805	0.0	94556	304.9325007433839	0.004705182	0.2
17337.345570301593	8000.0	47.81531659973807	0.0	3253093	9968.669039119983	0.004705182	8.0
17352.52523136409	12000.0	36.63565553724148	0.0	5138482	15179.66106249659	0.004705182	12.0
17364.845090926952	8000.0	28.315795974379245	0.0	3354913	12319.859562862237	0.004705182	8.0
17365.157208229004	200.0	32.00367867232646	0.0	93993	312.11730205278593	0.027283464	0.2
17380.174080015055	12000.0	20.986806886274536	0.0	5411094	15016.871786051925	0.6695103	12.0
17380.549719674535	200.0	24.611167226797114	0.0	93982	375.63965947741974	0.018686788	0.2
17391.62163392433	8000.0	17.539252977003102	0.0	3568902	11071.91424979401	0.009564188	8.0
17393.538280000615	1500.0	19.622606900716324	0.0	633700	1916.6460762867773	0.15158609	1.5
17393.84047751269	200.0	23.320409388641657	0.0	89422	302.1975120746688	0.36689305	0.2
17394.189397082195	200.0	26.9714898191366	0.0	108225	348.91956950505505	0.010281208	0.2
17394.487541853978	200.0	30.673345047351727	0.0	87791	298.14477178487675	0.6569319	0.2
17396.25981064931	1500.0	32.90107625202319	0.0	681043	1772.26879532854	0.57265645	1.5
17396.53959757605	200.0	36.62128932527876	0.0	80403	279.78692674442084	0.5276742	0.2
17409.531806891868	12000.0	27.62908000946326	0.0	5257310	12992.209315815506	0.019621955	12.0
17409.85890844431	200.0	31.301978457021	0.0	101968	327.1015524422568	0.046541993	0.2
17423.9669992904	12000.0	21.193887610929245	0.0	4828747	14108.090846091754	0.58125794	12.0
17429.864329181164	4000.0	19.2965577201646	0.0	1830641	5897.329890764648	0.06264017	4.0
17435.013196749183	4000.0	18.14769015214513	0.0	1697030	5148.867568019467	0.0077290726	4.0
17439.80478679311	4000.0	17.356100108221266	0.0	1910697	4791.590043923866	0.029452162	4.0
17450.32411253684	8000.0	10.83677436449138	0.0	3682991	10519.325743729889	0.14948826	8.0
17456.068765670527	4000.0	9.092121230803215	0.0	2042818	5744.653133688164	0.42462632	4.0
17460.100525746137	4000.0	9.060361155192048	0.0	1750852	4031.7600756111674	0.00579962	4.0
17464.82438359905	4000.0	8.33650330227676	0.0	2034636	4723.857852915287	0.17308033	4.0

