20638.139751768565	600.0	4.0	0.5968677281878317	247108	596.8677281878317	-11.337354563756636
20638.426025724693	200.0	7.713726043872723	0.0	98617	286.273956127278	0.2
20639.109360888237	600.0	11.030390880330485	0.0	288447	683.3351635422387	0.6
20643.477483878272	4000.0	10.662267890292048	0.0	2050098	4368.122990038435	4.0
20645.072470151707	1500.0	13.067281616858837	0.0	724296	1594.9862734332105	1.5
20655.111690353686	8000.0	7.028061414883909	0.0	4224313	10039.22020197493	8.0
20656.006797543145	600.0	10.132954225422653	0.0	327938	895.1071894612564	0.6
20658.026281790957	1500.0	12.113469977613045	0.0	780303	2019.4842478096068	1.5
20662.476049860677	4000.0	11.663701907892529	0.0	1857129	4449.768069720517	4.0
20668.128959714788	4000.0	10.010792053781511	0.0	2373154	5652.909854111017	4.0
20669.881713643124	1500.0	12.25803812544534	0.0	769316	1752.7539283361714	1.5
20673.75116366665	4000.0	12.38858810191909	0.0	1761739	3869.450023526249	4.0
20678.415550303744	4000.0	11.724201464828278	0.0	2131310	4664.386637090812	4.0
20683.12466899356	4000.0	11.015082775007329	0.0	1805063	4709.118689820949	4.0
20688.769775562032	4000.0	9.369976206538446	0.0	2157416	5645.106568468885	4.0
20690.720828568927	1500.0	11.418923199645173	0.0	934743	1951.053006893273	1.5
20694.47563221698	4000.0	11.664119551589927	0.0	1835863	3754.8036480552464	4.0
20698.9446580261	4000.0	11.195093742474793	0.0	2192675	4469.0258091151345	4.0
20704.312580971535	4000.0	9.827170797038201	0.0	2082556	5367.922945436591	4.0
20706.07767939736	1500.0	12.062072371215336	0.0	662349	1765.0984258228655	1.5
20711.632940468007	4000.0	10.506811300569074	0.0	2379358	5555.261070646262	4.0
20713.367591129747	1500.0	12.772160638827	0.0	806394	1734.6506617420746	1.5
20717.242096105634	4000.0	12.89765566293698	0.0	1849252	3874.5049758900177	4.0
20721.302486018685	4000.0	12.837265749890046	0.0	1822097	4060.389913046934	4.0
20725.721364294317	4000.0	12.418387474257065	0.0	1836837	4418.878275632982	4.0
20730.439306539934	4000.0	11.700445228639987	0.0	1984579	4717.942245617079	4.0
20735.12323825662	4000.0	11.01651351195732	0.0	2068230	4683.931716682666	4.0
20739.778472058806	4000.0	10.361279709767468	0.0	2055338	4655.233802189852	4.0
20741.4349235323	1500.0	12.704828236274334	0.0	675709	1656.451473493135	1.5
20746.187686070396	4000.0	11.952065698175138	0.0	2002600	4752.762538099197	4.0
20751.52961889222	4000.0	10.610132876352356	0.0	2290706	5341.932821822783	4.0
20753.18467196608	1500.0	12.955079802491232	0.0	712239	1655.0530738611235	1.5
20758.890574221718	4000.0	11.249177546852133	0.0	2544033	5705.902255639098	4.0
20763.968894052563	4000.0	10.17085771601085	0.0	2125133	5078.319830841282	4.0
20765.661250221478	1500.0	12.478501547096707	0.0	670327	1692.3561689141447	1.5
20770.036735120528	4000.0	12.103016648045308	0.0	1785821	4375.484899051399	4.0
20776.668836743625	4000.0	9.470915024947105	0.0	2096494	6632.101623098201	4.0
20779.507798444396	1500.0	10.631953324174752	0.0	866245	2838.9617007723546	1.5
20781.404746267563	1500.0	12.735005501013411	0.0	691256	1896.9478231613411	1.5
20785.87805451951	4000.0	12.261697249063488	0.0	2094647	4473.308251949925	4.0
20790.122299652892	4000.0	12.017452115682088	0.0	1985434	4244.2451333814	4.0
20794.13195857145	4000.0	12.007793197125345	0.0	1830641	4009.658918556742	4.0
20797.873444338133	4000.0	12.266307430441149	0.0	1697030	3741.4857666841967	4.0
20802.007897625976	4000.0	12.13185414259861	0.0	1910697	4134.453287842538	4.0
20806.45798719023	4000.0	11.681764578343806	0.0	2171279	4450.089564254806	4.0
20810.649525884004	4000.0	11.49022588457305	0.0	2042818	4191.538693770756	4.0
20814.302905016277	4000.0	11.836846752297307	0.0	1750852	3653.379132275744	4.0
20818.546641794434	4000.0	11.593109974142928	0.0	2034636	4243.736778154377	4.0

