18392.888231328387	600.0	4.0	0.7465309012441417	247108	746.5309012441417	0.0124082705	-14.330618024882833
18393.23423355368	200.0	7.6539977747058225	0.0	98617	346.00222529417715	0.004705182	0.2
18393.60143406617	200.0	11.28679726221383	0.0	106476	367.20051249199236	0.004705182	0.2
18393.992246972877	200.0	14.895984355507602	0.0	115230	390.81290670622747	0.004705182	0.2
18394.335662462276	200.0	18.552568866111464	0.0	97658	343.4154893961361	0.004705182	0.2
18394.679077951674	200.0	22.20915337671533	0.0	97658	343.4154893961361	0.004705182	0.2
18395.071406755746	200.0	25.816824572642368	0.0	115792	392.3288040729627	0.004705182	0.2
18395.441838665116	200.0	29.44639266327253	0.0	107674	370.4319093698372	0.004705182	0.2
18395.778907345786	200.0	33.10932398260225	0.0	95305	337.0686806702856	0.004705182	0.2
18396.143272968362	200.0	36.74495836002563	0.0	105425	364.365622576621	0.010417038	0.2
18396.480503488612	200.0	40.40772783977882	0.0	95365	337.2305202468054	0.004705182	0.2
18396.81767197035	200.0	44.07055935803635	0.0	95342	337.1684817424728	0.004705182	0.2
18397.173929430144	200.0	47.71430189824337	0.0	102419	356.2574597929802	0.008209805	0.2
18397.472054114052	200.0	51.4161772143363	0.0	80867	298.12468390707716	0.004705182	0.2
18397.775257863334	200.0	55.112973465052775	0.0	82750	303.2037492835227	0.009870322	0.2
18413.113371484258	12000.0	43.77485984413252	0.0	5443841	15338.113620920252	0.05617887	12.0
18413.451052254106	200.0	47.43717907428144	0.0	89871	337.6807698510833	0.004705182	0.2
18426.128781881278	12000.0	38.75944944711061	0.0	4055239	12677.729627170833	0.004705182	12.0
18426.513936797266	200.0	42.37429453112395	0.0	90919	385.1549159866586	0.004705182	0.2
18426.882165699535	200.0	46.00606562885633	0.0	85876	368.22890226762604	0.007711479	0.2
18427.3469900162	200.0	49.54124131218581	0.0	114656	464.8243166705125	0.043327373	0.2
18427.75504522797	200.0	53.133186100421845	0.0	97742	408.05521176396553	0.11172178	0.2
18443.878178576728	12000.0	41.01005275166359	0.0	5141915	16123.133348758254	0.004705182	12.0
18444.19968153376	200.0	44.68854979463146	0.0	85752	321.5029570321309	0.004705182	0.2
18444.534893409604	200.0	48.353337918788014	0.0	94556	335.2118758434548	0.004705182	0.2
18453.3951714123	8000.0	43.49305991608895	0.0	3253093	8860.278002699055	0.004705182	8.0
18468.526578074903	12000.0	32.36165325348567	0.0	5138482	15131.406662603284	0.004705182	12.0
18477.903253467775	8000.0	26.984977860611476	0.0	3354913	9376.675392874191	0.004705182	8.0
18478.2395747113	200.0	30.648656617088164	0.0	93993	336.32124352331607	0.079683386	0.2
18494.305754950263	12000.0	18.582476378126422	0.0	5411094	16066.18023896174	0.47760025	12.0
18494.673740321563	200.0	22.21449100682618	0.0	93982	367.9853713002452	0.0168653	0.2
18504.874858504692	8000.0	16.013372823695292	0.0	3568902	10201.118183130888	0.09157434	8.0
18506.808426081156	1500.0	18.079805247234166	0.0	633700	1933.567576461125	0.20015088	1.5
18507.149984736392	200.0	21.738246591999346	0.0	89422	341.558655234822	0.33316794	0.2
18507.546542020536	200.0	25.34168930785463	0.0	108225	396.557284144714	0.0056263627	0.2
18507.883330013443	200.0	29.004901314947737	0.0	87791	336.78799290689386	0.4963227	0.2
18508.26193662027	200.0	32.626294708121534	0.0	102088	378.6066068262006	0.47717944	0.2
18508.577114770575	200.0	36.3111165578135	0.0	80403	315.17815030803825	0.21790889	0.2
18528.334220065793	12000.0	20.554011262595278	0.0	5257310	19757.105295218218	0.57699424	12.0
18528.814722815205	200.0	24.07350851318444	0.0	101968	480.5027494108405	0.051554766	0.2
18539.30252958085	8000.0	17.58570174753962	0.0	3189942	10487.80676564482	0.015083408	8.0
18544.031481393435	4000.0	16.856749934956294	0.0	1830641	4728.951812583328	0.058434978	4.0
18548.77340640395	4000.0	16.114824924437723	0.0	1697030	4741.925010518569	0.004799907	4.0
18554.30767081073	4000.0	14.580560517658062	0.0	1910697	5534.264406779661	0.041115865	4.0
18556.17405499778	1500.0	16.714176330607028	0.0	629438	1866.3841870510355	0.27686128	1.5
18561.948420404842	4000.0	14.939810923544186	0.0	2042818	5774.365407062842	0.2402303	4.0
18566.922444437456	4000.0	13.965786890933229	0.0	1750852	4974.024032610957	0.004705182	4.0
18572.75010523655	4000.0	12.138126091837199	0.0	2034636	5827.660799096029	0.050890572	4.0

