27041.68974979819	600.0	4.0	0.8091203481724636	247108	809.1203481724635	-15.582406963449271
27042.060730508554	200.0	7.629019289639657	0.0	98617	370.9807103603438	0.2
27042.991826292866	600.0	10.697923505329547	0.0	288447	931.0957843101096	0.6
27045.19169794115	1500.0	12.498051857042748	0.0	718451	2199.8716482867994	1.5
27051.377848130523	4000.0	10.311901667668389	0.0	2069289	6186.15018937436	4.0
27053.50330105862	1500.0	12.186448739573505	0.0	689829	2125.4529280948855	1.5
27059.651351466327	4000.0	10.03839833186409	0.0	2046450	6148.050407709414	4.0
27061.940540123236	1500.0	11.749209674957148	0.0	780303	2289.1886569069425	1.5
27066.4296128756	4000.0	11.260136922594144	0.0	1857129	4489.072752363005	4.0
27072.062778542222	4000.0	9.626971255972324	0.0	2373154	5633.1656666218205	4.0
27073.6497454011	1500.0	12.040004397094494	0.0	769316	1586.9668588778295	1.5
27077.18071000731	4000.0	12.509039790882522	0.0	1761739	3530.964606211971	4.0
27081.435605025734	4000.0	12.254144772457185	0.0	2131310	4254.895018425338	4.0
27087.240505808917	4000.0	10.449243989276827	0.0	1805063	5804.900783180358	4.0
27089.858990574565	1500.0	11.830759223627185	0.0	754517	2618.4847656496413	1.5
27095.254541316426	4000.0	10.435208481763402	0.0	2231719	5395.5507418637835	4.0
27096.782820607124	1500.0	12.906929191065297	0.0	735572	1528.279290698104	1.5
27101.180012933277	4000.0	12.509736864914405	0.0	2192675	4397.192326150893	4.0
27105.22438515872	4000.0	12.465364639471762	0.0	2082556	4044.372225442643	4.0
27109.370106186696	4000.0	12.319643611494724	0.0	2164412	4145.721027977037	4.0
27113.979735706223	4000.0	11.710014091965911	0.0	2379358	4609.629519528813	4.0
27117.886620598398	4000.0	11.80312919979138	0.0	1950922	3906.884892174531	4.0
27121.594071896106	4000.0	12.0956779020852	0.0	1849252	3707.4512977061804	4.0
27125.458778490723	4000.0	12.230971307470533	0.0	1822097	3864.7065946146668	4.0
27129.451781539705	4000.0	12.237968258487083	0.0	1836837	3993.0030489834503	4.0
27133.749934229087	4000.0	11.939815569104073	0.0	1984579	4298.152689383009	4.0
27138.1830143801	4000.0	11.506735418089196	0.0	2068230	4433.0801510148785	4.0
27142.588960262052	4000.0	11.100789536138631	0.0	2055338	4405.945881950565	4.0
27147.702597618063	4000.0	9.987152180127982	0.0	2165436	5113.637356010649	4.0
27149.447807820765	1500.0	12.241941977427267	0.0	707527	1745.210202700715	1.5
27155.754927431986	4000.0	9.934822366205957	0.0	2290706	6307.119611221309	4.0
27158.41019669144	1500.0	11.279553106754193	0.0	712239	2655.269259451764	1.5
27166.883136514356	4000.0	6.806613283836875	0.0	2544033	8472.939822917317	4.0
27167.22397037941	200.0	10.46577941877936	0.0	89422	340.83386505751736	0.2
27169.259238459552	1500.0	12.430511338637888	0.0	670327	2035.2680801414692	1.5
27174.354967359614	4000.0	11.33478243857882	0.0	1785821	5095.728900059068	4.0
27179.049365246647	4000.0	10.640384551545504	0.0	2096494	4694.3978870333185	4.0
27181.035976521307	1500.0	12.653773276887346	0.0	866245	1986.6112746581562	1.5
27187.183167812276	4000.0	10.506581985918057	0.0	2142800	6147.191290969289	4.0
27190.038998396914	1500.0	11.65075140128208	0.0	725845	2855.830584635977	1.5
27196.09669595945	4000.0	9.593053838744632	0.0	1985434	6057.697562537448	4.0
27197.54792646205	1500.0	12.141823336144979	0.0	657685	1451.2305025996536	1.5
27201.166123775092	4000.0	12.523626023105013	0.0	1697030	3618.197313039966	4.0
27205.529389672116	4000.0	12.160360126080315	0.0	1910697	4363.265897024698	4.0
27211.77199659387	4000.0	9.917753204326994	0.0	2171279	6242.606921753322	4.0
27214.019976300468	1500.0	11.669773497729862	0.0	763847	2247.97970659713	1.5
27218.68118878193	4000.0	11.008561016263338	0.0	1750852	4661.212481466523	4.0
27224.02987784777	4000.0	9.659871950425309	0.0	2034636	5348.689065838028	4.0

