5244.856369254426	600.0	4.0	0.5984129231898879	247108	598.4129231898879	0.0070899073	-11.368258463797758
5245.143259874099	200.0	7.713109380326752	0.0	98617	286.89061967324886	0.004705182	0.2
5245.446638050482	200.0	11.40973120394409	0.0	106476	303.3781763826606	0.004705182	0.2
5245.768381422364	200.0	15.08798783206147	0.0	115230	321.7433718826213	0.004705182	0.2
5246.053260136339	200.0	18.8031091180867	0.0	97658	284.8787139747725	0.004705182	0.2
5246.338138850314	200.0	22.518230404111925	0.0	97658	284.8787139747725	0.004705182	0.2
5246.661061253481	200.0	26.195308000944063	0.0	115792	322.92240316785984	0.004705182	0.2
5246.966952738547	200.0	29.889416515878633	0.0	107674	305.8914850654289	0.004705182	0.2
5247.246895045735	200.0	33.609474208690635	0.0	95305	279.94230718799986	0.004705182	0.2
5247.5480683077385	200.0	37.30830094668659	0.0	105425	301.17326200403846	0.020223288	0.2
5247.828136490153	200.0	41.02823276427241	0.0	95365	280.06818241418193	0.004705182	0.2
5248.108156420398	200.0	44.748212834028266	0.0	95342	280.0199302441455	0.004705182	0.2
5248.40302333357	200.0	48.45334592085595	0.0	102419	294.86691317231794	0.016578704	0.2
5248.652675865497	200.0	52.20369338892822	0.0	80867	249.65253192772664	0.004705182	0.2
5248.9062787816065	200.0	55.950090472818815	0.0	82750	253.60291610940652	0.017884223	0.2
5261.828409467617	12000.0	47.02795978680854	0.0	5443841	12922.130686010276	0.004712214	12.0
5262.151991193093	200.0	50.70437806133296	0.0	89871	323.5817254755815	0.004705182	0.2
5272.437831617607	12000.0	44.41853763681887	0.0	4055239	10285.84042451409	0.004705182	12.0
5272.73853893505	200.0	48.11783031937564	0.0	90919	300.7073174432189	0.004705182	0.2
5273.027004289846	200.0	51.82936496457902	0.0	85876	288.4653547966197	0.14320296	0.2
5287.8382351574355	12000.0	41.018134096989684	0.0	5251330	14811.230867589338	0.036705054	12.0
5288.136041594672	200.0	44.72032765975344	0.0	97742	297.8064372362502	0.014381411	0.2
5300.567063822185	12000.0	36.28930543224028	0.0	5141915	12431.022227513153	0.031803377	12.0
5300.885860814667	200.0	39.97050843975908	0.0	85752	318.796992481203	0.004705182	0.2
5301.229174654822	200.0	43.62719459960313	0.0	94556	343.31384015594546	0.004705182	0.2
5309.620324114415	8000.0	39.23604514000987	0.0	3253093	8391.149459593264	0.004705182	8.0
5321.507892167771	12000.0	31.34847708665324	0.0	5138482	11887.568053356628	0.005851759	12.0
5329.443277561309	8000.0	27.413091693115526	0.0	3354913	7935.3853935377165	0.004705182	8.0
5329.74381810185	200.0	31.112551152574987	0.0	93993	300.5405405405406	0.063412875	0.2
5330.051608866027	200.0	34.804760388397895	0.0	97083	307.7907641770908	0.703177	0.2
5330.352123596709	200.0	38.50424565771496	0.0	93982	300.51473068293467	0.149227	0.2
5338.612513145807	8000.0	34.24385610861824	0.0	3568902	8260.389549096726	0.06523382	8.0
5340.0346713582385	1500.0	36.821697896185746	0.0	633700	1422.1582124324898	0.31976545	1.5
5340.304064559552	200.0	40.5523046948726	0.0	89422	269.393201313142	0.18308684	0.2
5340.613281969274	200.0	44.24308728515111	0.0	108225	309.21740972148683	0.085518494	0.2
5340.879220759913	200.0	47.97714849451255	0.0	87791	265.93879063856826	0.34427252	0.2
5341.175440181706	200.0	51.68092907271863	0.0	102088	296.21942179392147	0.6471721	0.2
5349.940184556666	8000.0	46.91618469775903	0.0	3739359	8764.744374959593	0.55504924	8.0
5366.121954450136	12000.0	34.73441480428874	0.0	5257310	16181.769893470291	0.004705182	12.0
5366.521640933657	200.0	38.33472832076795	0.0	101968	399.68648352079003	0.15355085	0.2
5377.449151310108	12000.0	31.40721794431634	0.0	4828747	10927.51037645161	0.0052021137	12.0
5382.2053311590535	4000.0	30.651038095371693	0.0	1830641	4756.179848944649	0.006423016	4.0
5386.6343204917885	4000.0	30.222048762636323	0.0	1697030	4428.989332735368	0.18465091	4.0
5391.234315450769	4000.0	29.62205380365668	0.0	1910697	4599.994958979644	0.008811327	4.0
5400.224172068599	8000.0	24.63219718582666	0.0	3682991	8989.85661783002	0.068524025	8.0
5405.981623519007	4000.0	22.874745735418458	0.0	2042818	5757.451450408199	0.34325767	4.0
5410.486133380802	4000.0	22.370235873623063	0.0	1750852	4504.5098617953945	0.0059562786	4.0
5425.624314333423	12000.0	11.232054921002474	0.0	5646381	15138.180952620589	0.034044277	12.0

