26496.85105767502	600.0	4.0	0.650737650489361	247108	650.737650489361	-12.414753009787221
26497.15883028812	200.0	7.692227386898403	0.0	98617	307.77261310159656	0.2
26497.90504733925	600.0	10.94601033576811	0.0	288447	746.2170511302943	0.6
26499.644431235083	1500.0	13.206626439934174	0.0	718451	1739.383895833935	1.5
26509.301802975373	8000.0	7.549254699645953	0.0	4143114	9657.371740288221	8.0
26510.148452363628	600.0	10.702605311388513	0.0	330929	846.6493882574387	0.6
26511.937921414523	1500.0	12.913136260494428	0.0	737903	1789.4690508940853	1.5
26516.787026460494	4000.0	12.06403121452324	0.0	2058614	4849.105045971188	4.0
26520.780669673957	4000.0	12.07038800105961	0.0	1857129	3993.643213463629	4.0
26525.855534641923	4000.0	10.995523033091079	0.0	2373154	5074.864967968533	4.0
26527.63131108709	1500.0	13.219746587927295	0.0	769316	1775.7764451637836	1.5
26537.974603001596	8000.0	6.876454673422117	0.0	4205514	10343.291914505178	8.0
26538.299903283016	200.0	10.551154392001841	0.0	102419	325.30028142027425	0.2
26540.171439119193	1500.0	12.679618555824367	0.0	748011	1871.5358361774747	1.5
26545.418593181825	4000.0	11.432464493193388	0.0	2157416	5247.154062630981	4.0
26550.868764603027	4000.0	9.982293071994409	0.0	2231719	5450.171421198978	4.0
26552.723632948673	1500.0	12.127424726345184	0.0	735572	1854.8683456492233	1.5
26558.059303018767	4000.0	10.791754656250719	0.0	2192675	5335.670070094467	4.0
26559.803465116238	1500.0	13.047592558780709	0.0	747396	1744.1620974700102	1.5
26569.639498818226	8000.0	7.21155885678978	0.0	4303587	9836.03370199093	8.0
26570.409523558912	600.0	10.441534116105954	0.0	280646	770.0247406838265	0.6
26572.472205694907	1500.0	12.378851980109026	0.0	806394	2062.6821359969267	1.5
26577.09896435799	4000.0	11.752093317027965	0.0	1849252	4626.75866308106	4.0
26581.160920019243	4000.0	11.690137655771	0.0	1822097	4061.9556612569645	4.0
26585.12152740826	4000.0	11.729530266751537	0.0	1836837	3960.6073890194634	4.0
26589.530369811153	4000.0	11.320687863860622	0.0	1984579	4408.842402890915	4.0
26594.513712627653	4000.0	10.33734504735991	0.0	2068230	4983.342816500711	4.0
26596.761289678387	1500.0	12.089767996624966	0.0	914284	2247.5770507349457	1.5
26601.86765628662	4000.0	10.983401388393856	0.0	2165436	5106.366608231109	4.0
26603.572894176763	1500.0	13.278163498251152	0.0	707527	1705.2378901427053	1.5
26612.816734322303	8000.0	8.03432335271283	0.0	4025712	9243.840145538321	8.0
26613.55737941096	600.0	11.293678264055357	0.0	293409	740.6450886574725	0.6
26619.354705438178	4000.0	9.496352236837394	0.0	2544033	5797.326027217963	4.0
26621.09982471713	1500.0	11.751232957885891	0.0	755142	1745.1192789515028	1.5
26625.211892632404	4000.0	11.639165042614602	0.0	1828568	4112.067915271289	4.0
26629.240031228626	4000.0	11.611026446387275	0.0	1785821	4028.138596227327	4.0
26634.26255259363	4000.0	10.588505081384621	0.0	2096494	5022.5213650026535	4.0
26636.3847403699	1500.0	12.466317305113034	0.0	866245	2122.1877762715862	1.5
26641.373854331498	4000.0	11.477203343517736	0.0	2142800	4989.113961595299	4.0
26646.07142831882	4000.0	10.779629356193404	0.0	2094647	4697.573987324333	4.0
26647.939277313035	1500.0	12.91178036198012	0.0	811013	1867.8489942132821	1.5
26652.156816224153	4000.0	12.69424145086222	0.0	1830641	4217.538911117902	4.0
26656.13076144142	4000.0	12.720296233595622	0.0	1697030	3973.9452172665997	4.0
26660.588356801163	4000.0	12.262700873853335	0.0	1910697	4457.595359742287	4.0
26665.612773982568	4000.0	11.238283692446599	0.0	2171279	5024.417181406736	4.0
26670.341047856986	4000.0	10.51000981802921	0.0	2042818	4728.273874417387	4.0
26672.159691326407	1500.0	12.691366348609755	0.0	769491	1818.643469419457	1.5
26676.836894664775	4000.0	12.014163010239681	0.0	2034636	4677.203338370074	4.0

