9259.63626224406	600.0	4.0	0.8617090434576299	247108	861.7090434576298	-16.634180869152598
9260.69604633991	600.0	6.940215904148048	0.0	309722	1059.7840958519514	0.6
9261.11287579145	200.0	10.523386452607852	0.0	106476	416.8294515401954	0.2
9261.557397915694	200.0	14.07886432836411	0.0	115230	444.5221242437424	0.2
9261.946332234964	200.0	17.689930009094862	0.0	97658	388.93431926924745	0.2
9264.208558499347	1500.0	19.42770374471114	0.0	689829	2262.2262643837244	1.5
9264.654858471667	200.0	22.981403772391158	0.0	115792	446.299972319981	0.2
9265.075477713235	200.0	26.560784530823675	0.0	107674	420.61924156747995	0.2
9277.427895126846	8000.0	18.20836711721344	0.0	3448932	12352.417413610232	8.0
9290.815786857995	8000.0	8.820475386065736	0.0	3624869	13387.891731147705	8.0
9293.843216578793	1500.0	9.793045665266924	0.0	769316	3027.429720798813	1.5
9294.288494103816	200.0	13.347768140244176	0.0	95342	445.27752502274797	0.2
9296.690574463952	1500.0	14.945687780108168	0.0	606092	2402.0803601360085	1.5
9297.080394874853	200.0	18.555867369208308	0.0	80867	389.82041089986114	0.2
9297.47742949963	200.0	22.1588327444298	0.0	82750	397.0346247785068	0.2
9298.80018607259	600.0	24.836076171468736	0.0	324375	1322.7565729610653	0.6
9301.673134927973	1500.0	25.96312731608638	0.0	735572	2872.9488553823585	1.5
9316.948905069674	12000.0	14.687357174385655	0.0	4055239	15275.770141700723	12.0
9317.367082492028	200.0	18.26917975203118	0.0	90919	418.1774223544728	0.2
9319.910720208225	1500.0	19.725542035832557	0.0	662349	2543.637716198624	1.5
9320.417188499096	200.0	23.219073744964042	0.0	114656	506.4682908685141	0.2
9320.913853068143	200.0	26.72240917591512	0.0	97742	496.6645690489238	0.2
9321.42928679885	200.0	30.206975445209313	0.0	100675	515.4337307058092	0.2
9324.458147394098	1500.0	31.178114849961563	0.0	681795	3028.8605952477496	1.5
9324.947115577268	200.0	34.68914666679177	0.0	94556	488.9681831697889	0.2
9338.906959781529	8000.0	24.72930246252964	0.0	3253093	13959.84420426213	8.0
9340.358737846862	600.0	27.277524397195705	0.0	324657	1451.778065333932	0.6
9352.076177551615	8000.0	19.56008469244469	0.0	3354913	11717.439704751016	8.0
9352.462374843682	200.0	23.173887400375058	0.0	93993	386.1972920696325	0.2
9354.847257669704	1500.0	24.789004574354493	0.0	707527	2384.882826020564	1.5
9355.233419127508	200.0	28.40284311655138	0.0	93982	386.1614578031152	0.2
9357.63365205024	1500.0	30.002610193819017	0.0	712239	2400.232922732363	1.5
9370.994399904741	8000.0	20.641862339318635	0.0	3713878	13360.747854500381	8.0
9372.413234431982	600.0	23.22302781207729	0.0	344336	1418.8345272413474	0.6
9375.155903746778	1500.0	24.480358497280864	0.0	670327	2742.669314796425	1.5
9376.331216557106	600.0	27.305045686953157	0.0	275745	1175.312810327706	0.6
9376.816729963264	200.0	30.81953228079626	0.0	102088	485.51340615690174	0.2
9384.753705460815	4000.0	26.882556783245054	0.0	1955307	7936.975497551203	4.0
9387.66635906563	1500.0	27.969903178430098	0.0	691256	2912.6536048149574	1.5
9388.910582909912	600.0	30.72567933414786	0.0	284107	1244.2238442822384	0.6
9402.372947439475	8000.0	21.263314804585338	0.0	3189942	13462.36452956252	8.0
9405.140186643745	1500.0	22.496075600315567	0.0	657685	2767.239204269772	1.5
9412.154092003942	4000.0	19.482170240117398	0.0	1697030	7013.905360198167	4.0
9412.574881481814	200.0	23.06138076224426	0.0	96988	420.7894778731404	0.2
9412.94552205652	200.0	26.690740187538967	0.0	85214	370.64057470529303	0.2
9414.008612589658	600.0	29.62764965440175	0.0	288236	1063.0905331372173	0.6
9416.713126243172	1500.0	30.923136000887652	0.0	769491	2704.513653514101	1.5
9437.96475661385	12000.0	13.67150563020891	0.0	5646381	21251.63037067874	12.0

