34710.45359894141	600.0	4.0	0.9248678334081244	247108	924.8678334081244	0.16798088	-17.897356668162487
34710.87077269186	200.0	7.582826249545911	0.0	98617	417.173750454089	0.004705182	0.2
34711.31481654082	200.0	11.138782400581233	0.0	106476	444.0438489646773	0.004705182	0.2
34711.788790513514	200.0	14.664808427890675	0.0	115230	473.9739726905571	0.004705182	0.2
34712.20268542131	200.0	18.25091352009744	0.0	97658	413.89490779323467	0.004705182	0.2
34712.61658032911	200.0	21.837018612304206	0.0	97658	413.89490779323467	0.004705182	0.2
34713.09247579249	200.0	25.361123148919802	0.0	115792	475.895463384405	0.004705182	0.2
34713.54061563052	200.0	28.912983310895996	0.0	107674	448.13983802380494	0.004705182	0.2
34716.668547762914	1500.0	29.78505117849435	0.0	891463	3127.93213240165	0.004705182	1.5
34719.357579965836	1500.0	31.096018975575355	0.0	763093	2689.0322029189906	0.63987523	1.5
34721.71892837096	1500.0	32.73467057045272	0.0	769316	2361.3484051226337	0.16128767	1.5
34723.8087925312	1500.0	34.64480641021243	0.0	744416	2089.864160240293	0.12860967	1.5
34725.52519286194	1500.0	36.928406079472154	0.0	606092	1716.4003307402845	0.076792456	1.5
34727.62476323706	1500.0	38.828835704351924	0.0	748011	2099.570375120231	0.004705182	1.5
34729.74189929619	1500.0	40.71169964522365	0.0	754517	2117.136059128263	0.0068522957	1.5
34732.09976035092	1500.0	42.35383859049206	0.0	934743	2357.861054731598	0.038114745	1.5
34744.847381484775	12000.0	33.606217456636365	0.0	5964284	12747.62113385569	0.124246895	12.0
34746.36713364233	1500.0	36.086465299079386	0.0	772616	1519.7521575569817	0.004705182	1.5
34754.5469947796	8000.0	31.90660416180676	0.0	3873892	8179.861137272623	0.5033844	8.0
34754.840886029466	200.0	35.61271291194297	0.0	85876	293.89124986378994	0.0055022486	0.2
34757.002390411544	1500.0	37.45120852986978	0.0	835711	2161.5043820731958	0.004705182	1.5
34768.44276068175	8000.0	30.010838259665416	0.0	3905272	11440.370270204363	0.004705182	8.0
34771.13502026901	1500.0	31.318578672406737	0.0	809327	2692.2595872586794	0.004705182	1.5
34773.08981841213	1500.0	33.36378052928277	0.0	681795	1954.7981431239684	0.004705182	1.5
34788.01062024148	8000.0	22.44297869992804	0.0	4925863	14920.801829354727	0.004705182	8.0
34790.38483588198	1500.0	24.068763059432634	0.0	644861	2374.215640495408	0.004705182	1.5
34792.86012946479	1500.0	25.59346947661971	0.0	794014	2475.2935828129216	0.004705182	1.5
34793.21021748236	200.0	29.243381459048734	0.0	103756	350.08801757097535	0.76335466	0.2
34795.04916062073	1500.0	31.4044383206773	0.0	675709	1838.9431383714311	0.004705182	1.5
34807.03876175866	8000.0	23.41483718273819	0.0	4435580	11989.601137939113	0.012692678	8.0
34809.241463921724	1500.0	25.212135019676627	0.0	757473	2202.702163061564	0.004705182	1.5
34811.31740472215	1500.0	27.13619421925627	0.0	712239	2075.9408004203524	0.004705182	1.5
34823.63098118905	8000.0	18.822617752353334	0.0	3713878	12313.57646690294	0.004705182	8.0
34825.34319128308	1500.0	21.110407658329773	0.0	755142	1712.21009402356	0.004705182	1.5
34829.37556997107	4000.0	21.078028970336685	0.0	1828568	4032.3786879930835	0.38848877	4.0
34840.11142604305	8000.0	14.34217289835697	0.0	4086583	10735.856071979717	0.012279443	8.0
34842.11983860101	1500.0	16.333760340398523	0.0	681043	2008.412557958447	0.004705182	1.5
34848.40345276407	4000.0	14.050146177331703	0.0	1955307	6283.614163066821	0.42644495	4.0
34850.69343877694	1500.0	15.76016016446354	0.0	691256	2289.9860128681617	0.057906307	1.5
34853.044497090064	1500.0	17.40910185133774	0.0	725845	2351.0583131257968	0.056882534	1.5
34858.61167930553	4000.0	15.841919635871278	0.0	1985434	5567.182215466464	0.47830707	4.0
34863.605258887765	4000.0	14.848340053636901	0.0	1830641	4993.579582234377	0.54174393	4.0
34867.58238977061	4000.0	14.871209170798497	0.0	1697030	3977.130882838402	0.092288256	4.0
34872.05019451563	4000.0	14.403404425775319	0.0	1910697	4467.80474502318	0.29342234	4.0
34881.67121310938	8000.0	8.782385832027396	0.0	3682991	9621.018593747924	0.6915078	8.0
34883.74746261789	1500.0	10.706136323522626	0.0	763847	2076.2495085047685	0.61765134	1.5
34888.326704864485	4000.0	10.126894076923524	0.0	1750852	4579.242246599105	0.008791983	4.0
34893.59708279266	4000.0	8.85651614875716	0.0	2034636	5270.377928166362	0.026007148	4.0

