36279.63089680295	600.0	4.0	0.786590653203467	247108	786.590653203467	-15.13181306406934
36280.59652847125	600.0	7.034368331695112	0.0	309722	965.631668304888	0.6
36282.517570737364	1500.0	9.113326065588419	0.0	643847	1921.042266106693	1.5
36284.65193871163	1500.0	10.978958091323385	0.0	718451	2134.3679742650343	1.5
36286.80302011633	1500.0	12.827876686623178	0.0	724296	2151.081404700206	1.5
36288.85554518111	1500.0	14.775351621838976	0.0	689829	2052.5250647842017	1.5
36290.9147495708	1500.0	16.716147232150835	0.0	737903	2059.2043896881423	1.5
36296.41215483396	4000.0	15.218741968992937	0.0	2058614	5497.405263157895	4.0
36301.31637156215	4000.0	14.314525240803686	0.0	1857129	4904.216728189252	4.0
36307.42486469543	4000.0	12.206032107517984	0.0	2373154	6108.493133285703	4.0
36313.72690884176	4000.0	9.903987961187319	0.0	2094766	6302.044146330664	4.0
36319.581800566986	4000.0	8.049096235961446	0.0	1761739	5854.891725225872	4.0
36325.750699411765	4000.0	5.880197391182779	0.0	2131310	6168.898844778668	4.0
36327.95731656234	1500.0	7.6735802406088425	0.0	748011	2206.617150573936	1.5
36328.788197546026	600.0	10.84269925692072	0.0	264113	830.8809836881197	0.6
36329.79040515824	600.0	13.84049164470991	0.0	324375	1002.2076122108107	0.6
36330.75367155625	600.0	16.877225246700647	0.0	340687	963.2663980092642	0.6
36332.7349690431	1500.0	18.895927759850853	0.0	772616	1981.2974868497954	1.5
36334.65420371658	1500.0	20.976693086375814	0.0	747396	1919.2346734750379	1.5
36340.060512123484	4000.0	19.57038467947311	0.0	2164412	5406.308406902704	4.0
36346.76750581279	4000.0	16.863390990157885	0.0	2379358	6706.993689315226	4.0
36352.595885097115	4000.0	15.035011705835041	0.0	1950922	5828.379284322844	4.0
36358.68385130894	4000.0	12.947045494009181	0.0	1849252	6087.966211825861	4.0
36364.10711489917	4000.0	11.52378190378797	0.0	1822097	5423.2635902212105	4.0
36369.27698033274	4000.0	10.353916470213907	0.0	1836837	5169.865433574064	4.0
36374.39587531088	4000.0	9.235021492067037	0.0	1984579	5118.894978146869	4.0
36379.53591996057	4000.0	8.094976842383561	0.0	2068230	5140.044649683477	4.0
36385.208817832856	4000.0	6.422078970091272	0.0	2055338	5672.897872292288	4.0
36387.204058846866	1500.0	8.426837956078623	0.0	675709	1995.2410140126485	1.5
36389.28948533804	1500.0	10.341411464909605	0.0	707527	2085.4264911690198	1.5
36391.48776087875	1500.0	12.143135924196576	0.0	757473	2198.275540713028	1.5
36393.284852806966	1500.0	14.346043995979239	0.0	712239	1797.0919282173372	1.5
36394.89260003073	1500.0	16.73829677220839	0.0	633700	1607.74722377085	1.5
36400.09594868292	4000.0	15.534948120016786	0.0	2125133	5203.348652191602	4.0
36404.598706246645	4000.0	15.032190556298367	0.0	1828568	4502.757563718419	4.0
36409.00508502443	4000.0	14.62581177851386	0.0	1785821	4406.378777784507	4.0
36414.36045251441	4000.0	13.270444288538293	0.0	2096494	5355.367489975569	4.0
36419.57156599459	4000.0	12.05933080835919	0.0	1955307	5211.113480179102	4.0
36425.28400878133	4000.0	10.346888021624512	0.0	2142800	5712.442786734678	4.0
36430.8762377287	4000.0	8.754659074256091	0.0	2094647	5592.228947368421	4.0
36435.98329106746	4000.0	7.647605735498972	0.0	1985434	5107.053338757119	4.0
36440.64590825252	4000.0	6.984988550443586	0.0	1830641	4662.6171850553865	4.0
36444.944796717544	4000.0	6.686100085413799	0.0	1697030	4298.888465029787	4.0
36449.75578172196	4000.0	5.875115081003331	0.0	1910697	4810.985004410468	4.0
36451.39430289994	1500.0	8.236593903021623	0.0	629438	1638.5211779817082	1.5
36456.88363356969	4000.0	6.747263233278526	0.0	2042818	5489.330669743097	4.0
36461.6787013158	4000.0	5.9521954871623555	0.0	1750852	4795.06774611617	4.0
36467.90403141601	4000.0	4.0	0.2731346130413349	2034636	6225.330100203691	-1.4626922608266977

