2359.2815549012957	600.0	4.0	0.8315021573435213	247108	831.5021573435213	0.01404144	-16.030043146870426
2359.661467847258	200.0	7.620087054038129	0.0	98617	379.91294596187106	0.004705182	0.2
2360.0652814983955	200.0	11.216273402900534	0.0	106476	403.8136511375949	0.004705182	0.2
2360.4957177189576	200.0	14.785837182338293	0.0	115230	430.43622056223984	0.004705182	0.2
2360.8727141645677	200.0	18.40884073672806	0.0	97658	376.9964456102336	0.004705182	0.2
2361.2497106101778	200.0	22.031844291117824	0.0	97658	376.9964456102336	0.004705182	0.2
2361.681855979017	200.0	25.599698922278606	0.0	115792	432.14536883921613	0.004705182	0.2
2362.089312974702	200.0	29.192241926593294	0.0	107674	407.456995685313	0.004705182	0.2
2362.4591535023483	200.0	32.82240139894698	0.0	95305	369.84052764630974	0.004705182	0.2
2362.8597708637367	200.0	36.42178403755868	0.0	105425	400.61736138830287	0.007675925	0.2
2363.2297938627294	200.0	40.05176103856607	0.0	95365	370.0229989926061	0.004705182	0.2
2363.599746914372	200.0	43.681807986922884	0.0	95342	369.9530516431925	0.004705182	0.2
2363.9912224613113	200.0	47.29033243998403	0.0	102419	391.4755469388531	0.0063491166	0.2
2364.31715430066	200.0	50.964400600634846	0.0	80867	325.93183934918557	0.004705182	0.2
2364.648812699094	200.0	54.63274220220106	0.0	82750	331.6583984337876	0.0073764417	0.2
2382.5693630745727	12000.0	40.71219182672244	0.0	5443841	17920.550375478615	0.3089251	12.0
2382.9455698929887	200.0	44.33598500830654	0.0	89871	376.2068184159028	0.004705182	0.2
2396.20108137937	12000.0	35.08047352192518	0.0	4055239	13255.511486381356	0.004705182	12.0
2396.5719756362887	200.0	38.70957926500628	0.0	90919	370.894256918893	0.004705182	0.2
2396.9267348748103	200.0	42.35482002648445	0.0	85876	354.75923852183655	0.005733758	0.2
2397.3735753803294	200.0	45.907979520965334	0.0	114656	446.84050551911696	0.004796275	0.2
2397.7662997444313	200.0	49.51525515686359	0.0	97742	392.72436410174373	0.11949555	0.2
2414.431025138641	12000.0	36.85052976265443	0.0	5141915	16664.72539420916	0.028337903	12.0
2414.7731384254876	200.0	40.50841647580755	0.0	85752	342.1132868468813	0.004705182	0.2
2415.1421624010345	200.0	44.1393925002607	0.0	94556	369.0239755468526	0.004705182	0.2
2424.9552881818186	8000.0	38.32626671947649	0.0	3253093	9813.125780784201	0.004705182	8.0
2440.3879868598165	12000.0	26.89356804147831	0.0	5138482	15432.698677998185	0.15787034	12.0
2451.7899988737513	8000.0	19.491556027543854	0.0	3354913	11402.012013934454	0.004705182	8.0
2452.1656731359853	200.0	23.11588176531001	0.0	93993	375.6742622338439	0.0089676315	0.2
2452.551067627069	200.0	26.73048727422612	0.0	97083	385.39449108389204	0.0063155475	0.2
2452.9267072865464	200.0	30.354847614748703	0.0	93982	375.63965947741974	0.018403128	0.2
2464.336558445368	8000.0	22.944996455927292	0.0	3568902	11409.851158821411	0.047764804	8.0
2466.473775504979	1500.0	24.807779396316043	0.0	633700	2137.2170596112483	0.09870549	1.5
2466.8440713293517	200.0	28.437483571944014	0.0	89422	370.29582437203265	0.01431856	0.2
2467.275408423049	200.0	32.00614647824601	0.0	108225	431.33709369800755	0.009316018	0.2
2467.640409437536	200.0	35.64114546375914	0.0	87791	365.0010144868726	0.110770896	0.2
2468.0518236322364	200.0	39.22973126905882	0.0	102088	411.41419470032065	0.21412668	0.2
2468.3928405538772	200.0	42.88871434741778	0.0	80403	341.01692164103395	0.08214978	0.2
2485.8504885992147	12000.0	29.43106630208036	0.0	5257310	17457.64804533742	0.07882416	12.0
2486.265909651846	200.0	33.015645249448774	0.0	101968	415.42105263157896	0.048901055	0.2
2496.785817397177	8000.0	26.495737504117866	0.0	3189942	10519.907745330906	0.64737314	8.0
2502.874174093129	4000.0	24.407380808165943	0.0	1830641	6088.356695951923	0.01983471	4.0
2508.746950318248	4000.0	22.534604583047006	0.0	1697030	5872.776225118939	0.0052599763	4.0
2514.9914540907403	4000.0	20.29010081055501	0.0	1910697	6244.503772491998	0.015246879	4.0
2516.9926322445335	1500.0	22.28892265676168	0.0	629438	2001.1781537933273	0.15829352	1.5
2523.231495027627	4000.0	20.05005987366822	0.0	2042818	6238.862783093461	0.2921389	4.0
2528.3094668385097	4000.0	18.972088062785083	0.0	1750852	5077.971810883141	0.004705182	4.0
2534.287585019795	4000.0	16.99396988149948	0.0	2034636	5978.118181285602	0.019139733	4.0

