18881.43922965403	600.0	4.0	0.8472970035708741	247108	847.2970035708742	-16.34594007141748
18888.05358146276	4000.0	4.0	2.6143518087253534	2104388	6614.351808725353	-48.287036174507065
18890.13279587046	1500.0	5.920785592299332	0.0	643847	2079.214407700668	1.5
18892.823600730007	1500.0	7.229980732755452	0.0	718451	2690.804859543881	1.5
18895.710473595555	1500.0	8.343107867204552	0.0	724296	2886.8728655509003	1.5
18898.463776087865	1500.0	9.589805374894622	0.0	689829	2753.3024923099283	1.5
18901.401656503054	1500.0	10.651924959703134	0.0	737903	2937.8804151914883	1.5
18904.484843263377	1500.0	11.568738199383688	0.0	780303	3083.186760319446	1.5
18907.995856445326	1500.0	12.057725017434299	0.0	891463	3511.0131819493895	1.5
18911.012806315433	1500.0	13.040775147329422	0.0	763093	3016.9498701048783	1.5
18913.675100398228	1500.0	14.378481064533684	0.0	769316	2662.2940827957373	1.5
18916.20001705805	1500.0	15.853564404709395	0.0	744416	2524.9166598242878	1.5
18918.2706304089	1500.0	17.78295105385957	0.0	606092	2070.6133508498233	1.5
18920.80735427786	1500.0	19.24622718490481	0.0	748011	2536.7238689547585	1.5
18923.1453336639	1500.0	20.908247798860252	0.0	754517	2337.9793860445607	1.5
18925.865897233172	1500.0	22.187684229588193	0.0	934743	2720.563569272056	1.5
18928.02382092533	1500.0	24.02976053743261	0.0	735572	2157.923692155582	1.5
18930.286390532845	1500.0	25.767190929918353	0.0	772616	2262.5696075142573	1.5
18932.569123426147	1500.0	27.484458036614882	0.0	747396	2282.732893303474	1.5
18934.987771555905	1500.0	29.065809906856522	0.0	662349	2418.6481297583578	1.5
18938.018533113885	1500.0	30.035048348873513	0.0	835711	3030.761557983008	1.5
18940.945781045033	1500.0	31.107800417724885	0.0	806394	2927.2479311486263	1.5
18944.145652296113	1500.0	31.907929166647442	0.0	809327	3199.8712510774412	1.5
18947.067945156978	1500.0	32.98563630578241	0.0	681795	2922.292860865034	1.5
18950.713172879747	1500.0	33.340408583010124	0.0	855209	3645.2277227722775	1.5
18953.246735351415	1500.0	34.806846111343475	0.0	644861	2533.562471666647	1.5
18955.67697566221	1500.0	36.376605800548916	0.0	794014	2430.240310794561	1.5
18958.463208943125	1500.0	37.59037251963133	0.0	914284	2786.233280917584	1.5
18960.54327258201	1500.0	39.51030888074501	0.0	675709	2080.0636388863195	1.5
18962.717515852753	1500.0	41.336065610002244	0.0	707527	2174.243270742762	1.5
18964.935449365017	1500.0	43.11813209774018	0.0	757473	2217.933512262071	1.5
18967.012054593135	1500.0	45.04152686962328	0.0	712239	2076.605228116897	1.5
18968.8684930261	1500.0	47.18508843665671	0.0	633700	1856.438432966571	1.5
18971.065367369083	1500.0	48.988214093675424	0.0	755142	2196.8743429812885	1.5
18973.02448153265	1500.0	51.029099930104046	0.0	670327	1959.1141635713784	1.5
18975.409722272194	1500.0	52.64385919056255	0.0	785519	2385.2407395414934	1.5
18977.506283083505	1500.0	54.54729837925157	0.0	681043	2096.5608113109784	1.5
18980.151224974095	1500.0	55.90235648866012	0.0	866245	2644.9418905914576	1.5
18982.278026365762	1500.0	57.775555096995305	0.0	691256	2126.801391664816	1.5
18984.649222778437	1500.0	59.404358684321416	0.0	725845	2371.196412673891	1.5
18988.107260350243	1500.0	59.9463211125158	0.0	811013	2958.0375718056202	1.5
18992.521183654077	1500.0	59.53239780868099	0.0	657685	2413.9233038348084	1.5
18996.507270561924	1500.0	59.546310900834854	0.0	767059	2986.086907846133	1.5
19000.52556972823	1500.0	59.52801173452717	0.0	848035	3518.299166307681	1.5
19004.157582499687	1500.0	59.89599896307036	0.0	629438	2632.0127714568075	1.5
19008.474512472592	1500.0	59.57906899016471	0.0	763847	2316.9299729056575	1.5
19012.298253542718	1500.0	59.755327920037864	0.0	769491	2323.741070126841	1.5
19016.236981627066	1500.0	59.81659983568803	0.0	808636	2438.72808434984	1.5

