19286.843094183685	600.0	4.0	1.0380614519724727	247108	1038.0614519724727	0.4114873	-20.161229039449452
19287.305441765344	200.0	7.537652418338665	0.0	98617	462.3475816613357	0.004705182	0.2
19287.798259444902	200.0	11.044834738780654	0.0	106476	492.8176795580111	0.004705182	0.2
19288.325017223327	200.0	14.518076960356693	0.0	115230	526.7577784239604	0.004705182	0.2
19288.78364666987	200.0	18.059447513812156	0.0	97658	458.62944654453815	0.004705182	0.2
19289.242276116416	200.0	21.600818067267618	0.0	97658	458.62944654453815	0.004705182	0.2
19289.77121282282	200.0	25.071881360860715	0.0	115792	528.9367064069013	0.004705182	0.2
19290.268675263454	200.0	28.574418920228748	0.0	107674	497.4624406319667	0.004705182	0.2
19293.80496294398	1500.0	29.038131239701464	0.0	891463	3536.2876805272854	0.004705182	1.5
19296.840191486517	1500.0	30.002902697164433	0.0	763093	3035.2285425370283	0.004705182	1.5
19299.860931625564	1500.0	30.98216255811959	0.0	769316	3020.7401390448435	0.004705182	1.5
19302.786490552386	1500.0	32.056603631297314	0.0	744416	2925.5589268222757	0.004705182	1.5
19305.183300643886	1500.0	33.659793539795295	0.0	606092	2396.810091502019	0.004705182	1.5
19307.67432106188	1500.0	35.16877312180311	0.0	748011	2491.020417992185	0.004705182	1.5
19309.55887299838	1500.0	37.28422118530182	0.0	754517	1884.551936501293	0.004705182	1.5
19311.874465159697	1500.0	38.96862902398401	0.0	934743	2315.5921613178075	0.004705182	1.5
19313.713707001876	1500.0	41.129387181804006	0.0	735572	1839.241842180003	0.009063154	1.5
19323.776286638447	12000.0	35.06680754523413	0.0	4055239	10062.57963656988	0.70760053	12.0
19325.725010228896	1500.0	37.11808395478533	0.0	747396	1948.7235904488061	0.004705182	1.5
19327.47852436269	1500.0	39.36456982098765	0.0	662349	1753.5141337976715	0.07997103	1.5
19339.086123723173	8000.0	31.756970460505283	0.0	3690869	11607.599360482369	0.004705182	8.0
19341.114670729137	1500.0	33.728423454539865	0.0	806394	2028.547005965416	0.004705182	1.5
19350.910056704124	8000.0	27.933037479554216	0.0	3805854	9795.385974985647	0.5418186	8.0
19351.23643067385	200.0	31.606663509829495	0.0	85752	326.37396972472123	0.6563064	0.2
19353.77353063973	1500.0	33.069563543947545	0.0	855209	2537.099965881952	0.004705182	1.5
19363.1693389518	8000.0	27.673755231876775	0.0	3253093	9395.80831207077	0.004705182	8.0
19365.5174643535	1500.0	29.32562983017714	0.0	794014	2348.125401699636	0.004705182	1.5
19368.19528183272	1500.0	30.647812350959065	0.0	914284	2677.817479218072	0.004705182	1.5
19378.278956760652	8000.0	24.564137423022956	0.0	3811227	10083.67492793611	0.004705182	8.0
19380.78292832504	1500.0	26.06016585863599	0.0	707527	2503.9715643869645	0.004705182	1.5
19383.45801376035	1500.0	27.385080423322727	0.0	757473	2675.085435313263	0.015873771	1.5
19394.628496556554	8000.0	20.214597627121083	0.0	3568902	11170.482796201644	0.2625198	8.0
19396.546107111866	1500.0	22.296987071807177	0.0	633700	1917.6105553139046	0.004705182	1.5
19398.999000479354	1500.0	23.8440937043205	0.0	755142	2452.893367486676	0.04007203	1.5
19415.156129646406	8000.0	11.686964537271919	0.0	3707853	16157.129167048583	0.12700976	8.0
19418.277461527832	1500.0	12.565632655844212	0.0	785519	3121.3318814277072	0.35688663	1.5
19420.100743910476	1500.0	14.742350273199094	0.0	681043	1823.282382645119	0.004705182	1.5
19422.19030168922	1500.0	16.65279249445471	0.0	866245	2089.5577787443817	0.677412	1.5
19423.87391137459	1500.0	18.969182809084263	0.0	691256	1683.609685370451	0.69237304	1.5
19428.813176562355	4000.0	18.029917621321466	0.0	2094647	4939.265187762795	0.055245966	4.0
19438.298952407255	4000.0	12.544141776417865	0.0	1985434	9485.775844903603	0.131813	4.0
19440.63332076964	1500.0	14.2097734140318	0.0	657685	2334.3683623860643	0.05904953	1.5
19445.743513992933	4000.0	13.09958019074126	0.0	1697030	5110.193223290538	0.01929464	4.0
19448.337187829056	1500.0	14.505906354619805	0.0	848035	2593.6738361214548	0.69113964	1.5
19457.26187911161	4000.0	9.581215072063308	0.0	2171279	8924.691282556496	0.07585727	4.0
19460.847784370355	1500.0	9.995309813319729	0.0	763847	3585.90525874358	0.004705182	1.5
19464.922805461923	1500.0	9.920288721749868	0.0	769491	4075.0210915698617	0.052551128	1.5
19469.20105843097	1500.0	9.642035752705803	0.0	808636	4278.252969044065	0.0070178793	1.5

