16564.824497785423	600.0	4.0	0.904122563835331	247108	904.122563835331	-17.48245127670662
16567.347119984486	1500.0	5.477377800937988	0.0	732405	2522.622199062012	1.5
16569.574395023566	1500.0	7.250102761855133	0.0	643847	2227.2750390828555	1.5
16572.050479650978	1500.0	8.774018134445022	0.0	718451	2476.0846274101095	1.5
16574.578927136765	1500.0	10.245570648657186	0.0	724296	2528.4474857878376	1.5
16577.29462873195	1500.0	11.5298690534714	0.0	689829	2715.701595185787	1.5
16578.6276156457	600.0	14.196882139726055	0.0	327938	1332.9869137453436	0.6
16579.75766054015	600.0	17.06683724527577	0.0	274823	1130.0448944502818	0.6
16580.94845622264	600.0	19.876041562784607	0.0	290723	1190.7956824911644	0.6
16583.94408522254	1500.0	20.88041256288013	0.0	763093	2995.6289999044798	1.5
16587.13281522571	1500.0	21.691682559715442	0.0	769316	3188.7300031646887	1.5
16590.279726339108	1500.0	22.5447714463155	0.0	744416	3146.911113399938	1.5
16592.856757959253	1500.0	23.967739826169247	0.0	606092	2577.0316201462565	1.5
16599.3151739832	4000.0	21.509323802225424	0.0	1805063	6458.416023943823	4.0
16606.676611822684	4000.0	18.14788596273817	0.0	2157416	7361.437839487255	4.0
16614.952609710996	4000.0	13.87188807442821	0.0	2231719	8275.99788830996	4.0
16623.109908676677	4000.0	9.714589108746502	0.0	1835863	8157.298965681706	4.0
16626.486328172145	1500.0	10.338169613277113	0.0	772616	3376.4194954693876	1.5
16629.546376019036	1500.0	11.27812176638716	0.0	747396	3060.0478468899523	1.5
16632.26732099511	1500.0	12.557176790310606	0.0	662349	2720.9449760765547	1.5
16635.67717475719	1500.0	13.147323028231613	0.0	835711	3409.8537620789944	1.5
16638.87789457143	1500.0	13.946603213990127	0.0	806394	3200.719814241486	1.5
16640.29744952499	600.0	16.52704826042976	0.0	346141	1419.5549535603716	0.6
16641.534280020347	600.0	19.29021776507372	0.0	298925	1236.830495356037	0.6
16644.923912373288	1500.0	19.900585412132546	0.0	855209	3389.632352941177	1.5
16647.352823506477	1500.0	21.471674278944	0.0	644861	2428.911133188548	1.5
16650.20497677522	1500.0	22.6195210102	0.0	794014	2852.1532687439994	1.5
16653.477030541475	1500.0	23.34746724394356	0.0	914284	3272.053766256437	1.5
16655.916143747378	1500.0	24.908354038043235	0.0	675709	2439.1132059003235	1.5
16658.64879438014	1500.0	26.175703405277666	0.0	707527	2732.6506327655707	1.5
16661.598214083246	1500.0	27.22628370217375	0.0	757473	2949.419703103914	1.5
16668.864191011056	4000.0	23.96030677436164	0.0	1947068	7265.976927812108	4.0
16678.08465718194	4000.0	18.739840603481213	0.0	2544033	9220.466170880427	4.0
16686.830135058066	4000.0	13.994362727350909	0.0	2125133	8745.477876130306	4.0
16694.029167590856	4000.0	10.795330194562625	0.0	1828568	7199.032532788282	4.0
16700.42214753055	4000.0	8.402350254870376	0.0	1785821	6392.979939692249	4.0
16702.755624523623	1500.0	10.068873261798304	0.0	681043	2333.4769930720713	1.5
16705.70190929252	1500.0	11.122588492901603	0.0	866245	2946.2847688967017	1.5
16708.244194701318	1500.0	12.580303084101507	0.0	691256	2542.2854088000963	1.5
16711.13448387252	1500.0	13.690013912897633	0.0	725845	2890.2891712038722	1.5
16714.354522106038	1500.0	14.469975679382811	0.0	811013	3220.038233514822	1.5
16721.24181518904	4000.0	11.582682596376957	0.0	1830641	6887.293083005854	4.0
16727.45490776285	4000.0	9.369590022569616	0.0	1697030	6213.09257380734	4.0
16734.23631550962	4000.0	6.588182275797438	0.0	1910697	6781.407746772179	4.0
16736.52395004786	1500.0	8.300547737556794	0.0	629438	2287.6345382406453	1.5
16739.228742391017	1500.0	9.595755394400243	0.0	763847	2704.7923431565514	1.5
16741.920561903524	1500.0	10.903935881894675	0.0	769491	2691.8195125055686	1.5
16749.00487412749	4000.0	7.819623657927223	0.0	2034636	7084.312223967452	4.0

