24055.939390567157	600.0	4.0	0.6527799266953511	247108	652.7799266953512	0.014869984	-12.455598533907024
24056.247978221265	200.0	7.691412345893635	0.0	98617	308.5876541063642	0.004705182	0.2
24056.574782515236	200.0	11.36460805192171	0.0	106476	326.80429397192404	0.004705182	0.2
24056.92187799961	200.0	15.017512567546031	0.0	115230	347.0954843756791	0.004705182	0.2
24057.22824275543	200.0	18.711147811725844	0.0	97658	306.3647558201863	0.004705182	0.2
24057.534607511254	200.0	22.40478305590566	0.0	97658	306.3647558201863	0.004705182	0.2
24057.88300567429	200.0	26.05638489286801	0.0	115792	348.39816303765195	0.004705182	0.2
24058.21258685267	200.0	29.726803714488536	0.0	107674	329.58117837947475	0.004705182	0.2
24074.25354090871	12000.0	17.685849658448117	0.0	6619479	16040.954056040417	0.01559986	12.0
24074.597685351935	200.0	21.341705215221634	0.0	105425	344.1444432264834	0.004705182	0.2
24074.916624264224	200.0	25.022766302930492	0.0	95365	318.93891229114143	0.6186724	0.2
24075.235505549557	200.0	28.703885017598747	0.0	95342	318.88128533174654	0.004705182	0.2
24076.831079265437	1500.0	31.108311301716753	0.0	606092	1595.5737158819923	0.004705182	1.5
24078.774149363042	1500.0	33.16524120411249	0.0	748011	1943.0700976042592	0.004705182	1.5
24080.73342394702	1500.0	35.205966620137026	0.0	754517	1959.2745839754668	0.004705182	1.5
24083.141587212325	1500.0	36.797803354830904	0.0	934743	2408.163265306123	0.004705182	1.5
24098.193261645654	12000.0	25.746128921499952	0.0	5964284	15051.67443333095	0.004705182	12.0
24098.521777871843	200.0	29.417612695312165	0.0	103142	328.5162261877871	0.4913885	0.2
24100.4025964849	1500.0	31.536794082255916	0.0	747396	1880.8186130562458	0.004705182	1.5
24100.689511024466	200.0	35.24987954268811	0.0	85876	286.9145395678037	0.06473077	0.2
24102.783120843003	1500.0	37.15626972415035	0.0	835711	2093.609818537761	0.004705182	1.5
24112.79943086425	8000.0	31.139959702907518	0.0	3905272	10016.310021242829	0.014308912	8.0
24115.02600889989	1500.0	32.91338166726724	0.0	809327	2226.578035640282	0.004705182	1.5
24116.914333806646	1500.0	35.025056760512165	0.0	681795	1888.3249067550769	0.004705182	1.5
24129.819657056247	8000.0	26.11973351091262	0.0	4925863	12905.323249599542	0.005062395	8.0
24131.642406870447	1500.0	28.29698369671088	0.0	644861	1822.7498142017432	0.004705182	1.5
24133.868245665122	1500.0	30.071144902034845	0.0	794014	2225.8387946760354	0.004705182	1.5
24143.743155054934	8000.0	24.19623551222405	0.0	3354913	9874.909389810797	0.004705182	8.0
24145.891559654217	1500.0	26.047830912939578	0.0	675709	2148.404599284471	0.004705182	1.5
24148.042528218564	1500.0	27.89686234859395	0.0	707527	2150.9685643456296	0.03357392	1.5
24157.855274990015	8000.0	22.084115577142217	0.0	4025712	9812.746771451733	0.008907747	8.0
24159.703494950296	1500.0	24.235895616864163	0.0	712239	1848.2199602780538	0.004705182	1.5
24168.94880249391	8000.0	18.990588073250876	0.0	3713878	9245.307543613286	0.03545989	8.0
24170.808066771	1500.0	21.13132379616196	0.0	755142	1859.2642770889172	0.04682333	1.5
24172.46749009147	1500.0	23.47190047568954	0.0	670327	1659.4233204724178	1.069569	1.5
24184.50758129719	8000.0	15.431809269965017	0.0	4086583	12040.091205724524	0.004705182	8.0
24187.12523569868	1500.0	16.814154868474564	0.0	681043	2617.654401490452	0.004705182	1.5
24189.821707175768	1500.0	18.117683391387224	0.0	866245	2696.4714770873416	0.0047357767	1.5
24195.56899096313	4000.0	16.370399604029384	0.0	2142800	5747.283787357842	0.7066225	4.0
24197.56870796921	1500.0	18.370682597946335	0.0	725845	1999.717006083047	0.69457316	1.5
24201.838330371374	4000.0	18.10106019578162	0.0	1985434	4269.622402164714	0.627761	4.0
24210.249174903252	8000.0	13.690215663906695	0.0	4074581	8410.844531874927	0.007512885	8.0
24214.185294424937	4000.0	13.754096142220666	0.0	1697030	3936.1195216860287	0.51053834	4.0
24224.51916326442	8000.0	7.420227302737534	0.0	4340973	10333.868839483132	0.2637347	8.0
24226.134214097412	1500.0	9.80517646974715	0.0	629438	1615.0508329903823	0.35181373	1.5
24231.1643419084	4000.0	8.775048658759587	0.0	2042818	5030.127810987564	0.11161689	4.0
24235.45331046167	4000.0	8.486080105489458	0.0	1750852	4288.96855327013	0.04188722	4.0
24240.53461507397	4000.0	7.404775493189778	0.0	2034636	5081.30461229968	0.021590743	4.0

