1993.4372154281093	600.0	4.0	1.0371800706919094	247108	1037.1800706919093	0.005010056	-20.143601413838187
1993.8992112640653	200.0	7.538004164043965	0.0	98617	461.9958359560355	0.004705182	0.2
1994.391649166549	200.0	11.045566261560063	0.0	106476	492.43790248390064	0.004705182	0.2
1994.917995944257	200.0	14.519219483852224	0.0	115230	526.346777707839	0.004705182	0.2
1995.3762770656435	200.0	18.060938362465503	0.0	97658	458.28112138672356	0.004705182	0.2
1995.8345581870303	200.0	21.602657241078777	0.0	97658	458.28112138672356	0.004705182	0.2
1996.3630818881875	200.0	25.07413353992156	0.0	115792	528.5237011572169	0.004705182	0.2
1996.8601602787362	200.0	28.577055149372974	0.0	107674	497.0783905485886	0.004705182	0.2
1997.309326985752	200.0	32.12788844235704	0.0	95305	449.1667070159299	0.004705182	0.2
1997.7976938089737	200.0	35.63952161913524	0.0	105425	488.36682322180803	0.004814261	0.2
1998.2470929277458	200.0	39.190122500363145	0.0	95365	449.39911877209124	0.004705182	0.2
1998.6964029553446	200.0	42.74081247276425	0.0	95342	449.31002759889606	0.004705182	0.2
1999.1731259495828	200.0	46.264089478526124	0.0	102419	476.72299423812524	0.004705182	0.2
1999.5663666410078	200.0	49.87084878710115	0.0	80867	393.2406914249746	0.004705182	0.2
1999.966901188047	200.0	53.47031424006198	0.0	82750	400.5345470391711	0.004705182	0.2
2000.412473259901	200.0	57.024742168208014	0.0	94377	445.57207185396794	0.22300144	0.2
2001.8405912088672	200.0	59.59662421924176	0.0	89871	428.1179489662519	0.0058824457	0.2
2015.3016593920584	12000.0	50.13555603605061	0.0	4055239	13461.068183191157	0.004705182	12.0
2015.7063556109772	200.0	53.73085981713181	0.0	90919	404.6962189187983	0.028562358	0.2
2016.0930419196243	200.0	57.34417350848487	0.0	85876	386.68630864693546	0.29898387	0.2
2034.8237372890137	12000.0	42.61347813909524	0.0	5251330	18730.695369389625	0.0118977865	12.0
2035.2501558606955	200.0	46.18705956741351	0.0	97742	426.41857168172965	0.005191439	0.2
2052.281628074675	12000.0	33.15558735343365	0.0	5141915	17031.47221397986	0.26863825	12.0
2052.624027095483	200.0	36.81318833262582	0.0	85752	342.39902080783355	0.004705182	0.2
2052.993366140771	200.0	40.443849287338175	0.0	94556	369.3390452876377	0.004705182	0.2
2065.1248405715855	8000.0	32.31237485652334	0.0	3253093	12131.474430814833	0.004705182	8.0
2083.0284139509595	12000.0	18.408801477149225	0.0	5138482	17903.573379374116	0.6567383	12.0
2093.996172239546	8000.0	11.44104318856263	0.0	3354913	10967.758288586598	0.14582126	8.0
2094.377130414451	200.0	15.060085013657686	0.0	93993	380.95817490494295	0.01837485	0.2
2094.767982525718	200.0	18.669232902390927	0.0	97083	390.8521112667601	0.011431232	0.2
2095.1722371842984	200.0	22.264978243810653	0.0	93982	404.2546585802721	0.010627158	0.2
2095.6646669363645	200.0	25.772548491744537	0.0	118522	492.4297520661157	0.23576775	0.2
2097.9497996027408	1500.0	27.48741582536785	0.0	633700	2285.132666376686	0.092128046	1.5
2098.340967936799	200.0	31.096247491309565	0.0	89422	391.1683340582862	0.013138353	0.2
2098.7975664578958	200.0	34.639648970213436	0.0	108225	456.59852109612876	0.009499738	0.2
2099.183059280862	200.0	38.254156147246924	0.0	87791	385.4928229665072	0.02271337	0.2
2099.6183024300576	200.0	41.81891299805162	0.0	102088	435.2431491953023	0.55622727	0.2
2099.9780866840806	200.0	45.459128744028135	0.0	80403	359.7842540234885	0.18579525	0.2
2119.5277156396155	12000.0	29.90949978849364	0.0	5257310	19549.628955534496	0.41443068	12.0
2119.934706460155	200.0	33.5025089679541	0.0	101968	406.99082053954385	0.26171947	0.2
2130.1339617005883	8000.0	27.30325372752071	0.0	3189942	10199.255240433391	0.6332282	8.0
2135.957877547434	4000.0	25.479337880675796	0.0	1830641	5823.9158468449095	0.014045174	4.0
2141.7910091687577	4000.0	23.646206259351956	0.0	1697030	5833.1316213238415	0.0076071536	4.0
2148.091489262158	4000.0	21.345726165951643	0.0	1910697	6300.48009340031	0.012714963	4.0
2159.739728658467	8000.0	13.697486769642664	0.0	3682991	11648.23939630898	0.061445393	8.0
2166.7032879928797	4000.0	10.733927435230132	0.0	2042818	6963.559334412533	0.33316267	4.0
2172.2218777538924	4000.0	9.215337674217492	0.0	1750852	5518.589761012639	0.004705182	4.0
2174.813705978086	1500.0	10.623509450023663	0.0	808636	2591.82822419383	0.6523342	1.5

