35808.876768381655	600.0	4.0	0.891587158223171	247108	891.5871582231711	0.012694446	-17.23174316446342
35809.28066032681	200.0	7.59610805484851	0.0	98617	403.8919451514903	0.004705182	0.2
35809.71036391495	200.0	11.166404466704984	0.0	106476	429.70358814352574	0.004705182	0.2
35810.16881863209	200.0	14.70794974956893	0.0	115230	458.4547171360539	0.004705182	0.2
35810.56956089336	200.0	18.30720748829953	0.0	97658	400.7422612693982	0.004705182	0.2
35810.97030315462	200.0	21.90646522703013	0.0	97658	400.7422612693982	0.004705182	0.2
35811.430603671906	200.0	25.44616470974628	0.0	115792	460.3005172838492	0.004705182	0.2
35811.864241901654	200.0	29.012526480006564	0.0	107674	433.63822973971594	0.004705182	0.2
35814.87211118484	1500.0	30.004657196814183	0.0	891463	3007.8692831923804	0.004705182	1.5
35830.441700941534	12000.0	18.4350674401245	0.0	5088378	15569.589756689684	0.2999273	12.0
35830.807695843316	200.0	22.069072538340123	0.0	95365	365.9949017843755	0.004705182	0.2
35831.173621769245	200.0	25.703146612414194	0.0	95342	365.9259259259259	0.47574887	0.2
35831.560771266915	200.0	29.31599711473838	0.0	102419	387.14949767581345	0.004705182	0.2
35833.884019130164	1500.0	30.992749251490515	0.0	748011	2323.2478632478637	0.004705182	1.5
35836.2267781645	1500.0	32.649990217152535	0.0	754517	2342.7590343379816	0.004705182	1.5
35839.110026027745	1500.0	33.766742353904675	0.0	934743	2883.2478632478637	0.004705182	1.5
35841.045392247	1500.0	35.83137613465006	0.0	735572	1935.3662192546162	0.004705182	1.5
35852.43065448847	12000.0	28.44611389317901	0.0	4055239	11385.26224147104	0.004705182	12.0
35855.643487267276	1500.0	29.233281114367873	0.0	747396	3212.832778811139	0.004705182	1.5
35858.49983161246	1500.0	30.376936769184358	0.0	662349	2856.3443451835165	0.004705182	1.5
35861.42947433907	1500.0	31.44729404257898	0.0	835711	2929.6427266053774	0.004710903	1.5
35863.97612392708	1500.0	32.90064445456973	0.0	806394	2546.649588009253	0.004705182	1.5
35866.531745163236	1500.0	34.345023218406304	0.0	809327	2555.62123616342	0.004705182	1.5
35868.69726335392	1500.0	36.179505027724375	0.0	681795	2165.5181906819357	0.053135835	1.5
35872.143512017	1500.0	36.73325636464679	0.0	855209	3446.248663077585	0.14444645	1.5
35883.69408784111	8000.0	29.182680540533905	0.0	3253093	11550.575824112888	0.004705182	8.0
35885.59699778773	1500.0	31.279770593911625	0.0	794014	1902.9099466222808	0.004705182	1.5
35894.06111030341	8000.0	26.81565807822875	0.0	3354913	8464.112515682875	0.441472	8.0
35896.027775108654	1500.0	28.848993272979552	0.0	675709	1966.6648052491971	0.14363386	1.5
35907.934300022265	8000.0	20.942468359373617	0.0	4435580	11906.524913605936	0.65244734	8.0
35909.98364858664	1500.0	22.893119795001898	0.0	757473	2049.3485643717195	0.004705182	1.5
35911.979608468	1500.0	24.897159913641122	0.0	712239	1995.959881360776	0.012746451	1.5
35913.78437286768	1500.0	27.09239551395412	0.0	633700	1804.7643996870004	0.10811888	1.5
35926.07815654998	8000.0	18.798611831662928	0.0	4271839	12293.78368229119	0.019816821	8.0
35928.2063637152	1500.0	20.67040466643491	0.0	670327	2128.207165228019	0.004705182	1.5
35930.68654399173	1500.0	22.19022438990905	0.0	785519	2480.1802765258576	0.474191	1.5
35932.75553161597	1500.0	24.121236765667184	0.0	681043	2068.987624241866	0.1820485	1.5
35943.53312368363	8000.0	17.34364469800679	0.0	3739359	10777.592067660391	0.03853681	8.0
35945.49150482526	1500.0	19.38526355638216	0.0	691256	1958.381141624633	0.23305646	1.5
35957.3056890045	8000.0	11.571079377142553	0.0	4253567	11814.184179239608	0.4824402	8.0
35959.654653508784	1500.0	13.222114872858587	0.0	811013	2348.9645042839657	0.24027759	1.5
35964.97562979417	4000.0	11.901138587466141	0.0	1830641	5320.976285392446	0.61999744	4.0
35967.274607537394	1500.0	13.60216084424171	0.0	767059	2298.9777432244296	0.56493783	1.5
35972.669550775994	4000.0	12.207217605637453	0.0	1910697	5394.943238604257	0.035257466	4.0
35978.06171078089	4000.0	10.815057600744337	0.0	2171279	5392.160004893117	0.16455409	4.0
35983.32690114207	4000.0	9.549867239566007	0.0	2042818	5265.19036117833	0.007427765	4.0
35988.23467351997	4000.0	8.642094861666445	0.0	1750852	4907.772377899562	0.5789446	4.0
35993.8884651088	4000.0	6.9883032728340115	0.0	2034636	5653.791588832433	0.05553865	4.0

