23090.118523535133	600.0	4.0	0.5995778960509889	247108	599.5778960509889	-11.391557921019778
23090.849755810577	600.0	7.2687677245548326	0.0	309722	731.2322754451673	0.6
23092.28353096006	1500.0	9.834992575070634	0.0	643847	1433.7751494841975	1.5
23093.874171080963	1500.0	12.24435245416913	0.0	718451	1590.6401209015048	1.5
23095.477101102646	1500.0	14.641422432485708	0.0	724296	1602.930021683422	1.5
23097.007559608464	1500.0	17.110963926670607	0.0	689829	1530.4585058150997	1.5
23098.639100182747	1500.0	19.479423352388462	0.0	737903	1631.5405742821476	1.5
23102.64425515347	4000.0	19.474268381663517	0.0	2058614	4005.154970724945	4.0
23106.083864402157	4000.0	20.034659132977893	0.0	1857129	3439.6092486856246	4.0
23110.506881169633	4000.0	19.61164236550189	0.0	2373154	4423.016767476002	4.0
23115.7463239122	4000.0	18.372199622933273	0.0	2094766	5239.442742568618	4.0
23120.165515734985	4000.0	17.953007800147294	0.0	1761739	4419.19182278598	4.0
23121.395872951136	1500.0	20.722650583997506	0.0	606092	1230.3572161497875	1.5
23124.630819096074	4000.0	21.48770443905857	0.0	1805063	3234.9461449389355	4.0
23128.48161894751	4000.0	21.63690458762426	0.0	2157416	3850.7998514343144	4.0
23132.434786251022	4000.0	21.683737284110855	0.0	2231719	3953.1673035134054	4.0
23135.670511694454	4000.0	22.448011840679865	0.0	1835863	3235.7254434309903	4.0
23139.519573049616	4000.0	22.59895048551608	0.0	2192675	3849.061355163782	4.0
23143.562610469024	4000.0	22.555913066106097	0.0	2082556	4043.037419409987	4.0
23148.029283722557	4000.0	22.08923981257516	0.0	2164412	4466.673253530939	4.0
23152.719037210914	4000.0	21.399486324216	0.0	2379358	4689.753488359156	4.0
23156.26795968602	4000.0	21.850563849109314	0.0	1950922	3548.922475106686	4.0
23159.636103356006	4000.0	22.48242017912354	0.0	1849252	3368.143669985775	4.0
23163.1921407792	4000.0	22.926382755931296	0.0	1822097	3556.037423192242	4.0
23167.04668959634	4000.0	23.071833938793283	0.0	1836837	3854.5488171380134	4.0
23171.2048360606	4000.0	22.913687474536008	0.0	1984579	4158.1464642572755	4.0
23174.937010099202	4000.0	23.18151343593162	0.0	2068230	3732.1740386043875	4.0
23178.58569246491	4000.0	23.532831070223537	0.0	2055338	3648.6823657080845	4.0
23182.536071988405	4000.0	23.58245154673001	0.0	2165436	3950.3795234935264	4.0
23186.748392498084	4000.0	23.370131037051006	0.0	2002600	4212.320509679001	4.0
23191.555213323732	4000.0	22.56331021140198	0.0	2290706	4806.820825649028	4.0
23195.153458819164	4000.0	22.96506471596756	0.0	1947068	3598.2454954344184	4.0
23199.74936012386	4000.0	22.36916341127243	0.0	2544033	4595.901304695129	4.0
23203.548666700244	4000.0	22.56985683488917	0.0	2125133	3799.3065763832624	4.0
23206.7482913697	4000.0	23.370232165435954	0.0	1828568	3199.624669453212	4.0
23209.874987607862	4000.0	24.24353592727166	0.0	1785821	3126.6962381642925	4.0
23213.428065177657	4000.0	24.690458357478526	0.0	2096494	3553.077569793138	4.0
23216.515506850334	4000.0	25.603016684803688	0.0	1955307	3087.441672674838	4.0
23219.891329969774	4000.0	26.227193565361244	0.0	2142800	3375.823119442442	4.0
23223.240532306176	4000.0	26.87799122896132	0.0	2094647	3349.2023363999256	4.0
23228.717894065005	8000.0	25.40062947013387	0.0	3189942	5477.361758827449	8.0
23231.895327099068	4000.0	26.22319643607192	0.0	1830641	3177.4330340619485	4.0
23239.718824006424	8000.0	22.399699528714983	0.0	3735285	7823.496907356937	8.0
23243.803891473617	4000.0	22.3146320615193	0.0	1910697	4085.0674671956845	4.0
23248.047018690566	4000.0	22.071504844569823	0.0	2171279	4243.127216949478	4.0
23252.043839704853	4000.0	22.074683830285476	0.0	2042818	3996.821014284345	4.0
23255.19623183634	4000.0	22.92229169879734	0.0	1750852	3152.3921314881377	4.0
23258.67309481059	4000.0	23.445428724549668	0.0	2034636	3476.8629742476733	4.0

