31846.044597269934	600.0	4.0	0.9673814386713051	247108	967.3814386713051	0.14394976	-18.7476287734261
31846.478737545996	200.0	7.565859723936708	0.0	98617	434.14027606329256	0.004705182	0.2
31846.941100019343	200.0	11.103497250589161	0.0	106476	462.36247334754796	0.004705182	0.2
31847.434898695137	200.0	14.609698574795198	0.0	115230	493.7986757939625	0.004705182	0.2
31847.865595137737	200.0	18.17900213219616	0.0	97658	430.6964425990349	0.004705182	0.2
31848.296291580336	200.0	21.748305689597128	0.0	97658	430.6964425990349	0.004705182	0.2
31848.79210843591	200.0	25.252488834025364	0.0	115792	495.81685557176525	0.004705182	0.2
31849.258773007787	200.0	28.78582426214791	0.0	107674	466.6645718774548	0.004705182	0.2
31849.681019669217	200.0	32.363577600718216	0.0	95305	422.24666142969363	0.004705182	0.2
31850.139607930912	200.0	35.90498933901919	0.0	105425	458.5882616990237	0.005419994	0.2
31850.562070056374	200.0	39.482527213556274	0.0	95365	422.462125462911	0.004705182	0.2
31850.984449587293	200.0	43.06014768263944	0.0	95342	422.3795309168444	0.004705182	0.2
31851.432243100928	200.0	46.612354169004604	0.0	102419	447.7935136348334	0.0048302985	0.2
31851.802641933828	200.0	50.24195533610145	0.0	80867	370.39883290315345	0.004705182	0.2
31852.17980274631	200.0	53.86479452362249	0.0	82750	377.16081247895863	0.0052225622	0.2
31872.149133007377	12000.0	37.895464262553446	0.0	5443841	19969.330261069048	0.5856765	12.0
31872.56594138346	200.0	41.478655886473064	0.0	89871	416.8083760803879	0.004705182	0.2
31886.79127959218	12000.0	31.253317677752587	0.0	4055239	14225.338208720472	0.004705182	12.0
31887.19378746253	200.0	34.85080980740275	0.0	90919	402.5078703498426	0.004705182	0.2
31887.578406803637	200.0	38.466190466295124	0.0	85876	384.6193411076132	0.004705182	0.2
31888.065114558703	200.0	41.97948271122928	0.0	114656	486.7077550658449	0.004705182	0.2
31888.49182497417	200.0	45.55277229576349	0.0	97742	426.7104154657917	0.09339307	0.2
31908.67403176993	12000.0	29.37056550000213	0.0	5141915	20182.20679576136	0.8497555	12.0
31909.068956368825	200.0	32.97564090110848	0.0	85752	394.92459889365807	0.004705182	0.2
31909.49621369662	200.0	36.5483835733145	0.0	94556	427.2573277939725	0.004705182	0.2
31921.160106464486	8000.0	28.884490805450913	0.0	3253093	11663.892767863588	0.0062953443	8.0
31921.538058862472	200.0	32.50653840746274	0.0	88490	377.9523979881732	0.008683347	0.2
31933.960930766443	8000.0	24.08366650349283	0.0	3354913	12422.87190396991	0.004705182	8.0
31934.41659284523	200.0	27.62800442470783	0.0	93993	455.6620787850024	0.010853587	0.2
31934.884604735424	200.0	31.159992534517237	0.0	97083	468.01189019059274	0.0202543	0.2
31935.34022285048	200.0	34.704374419462155	0.0	93982	455.61811505507956	0.004705182	0.2
31948.499832223857	8000.0	25.544765046082247	0.0	3568902	13159.609373379906	0.14852978	8.0
31950.779511140852	1500.0	27.265086129086544	0.0	633700	2279.6789169957046	0.1224407	1.5
31951.169909891232	200.0	30.874687378706884	0.0	89422	390.39875037965896	0.007685811	0.2
31951.62557700626	200.0	34.41902026368107	0.0	108225	455.6671150258168	0.04998873	0.2
31957.90446102587	4000.0	32.14013624406898	0.0	1785821	6278.884019612097	0.16262616	4.0
31958.383831304105	200.0	35.660765965834784	0.0	102088	479.3702782341878	0.10724913	0.2
31958.784569293086	200.0	39.26002797685476	0.0	80403	400.7379889800294	0.18479253	0.2
31978.275956469613	12000.0	23.768640800325144	0.0	5257310	19491.38717652961	0.88453597	12.0
31978.692560897187	200.0	27.35203637275288	0.0	101968	416.6044275722627	0.22001314	0.2
31989.34058914429	8000.0	20.704008125649658	0.0	3189942	10648.028247103228	0.08371195	8.0
31995.705107778827	4000.0	18.33948949110978	0.0	1830641	6364.518634539876	0.009417169	4.0
32001.59338846797	4000.0	16.451208801972136	0.0	1697030	5888.280689137641	0.0050463537	4.0
32008.19551250526	4000.0	13.84908476467988	0.0	1910697	6602.124037292258	0.026587242	4.0
32010.680715794566	1500.0	15.363881475373937	0.0	629438	2485.2032893059422	0.022770543	1.5
32018.758241070947	4000.0	11.286356198992179	0.0	2042818	8077.525276381759	0.50099784	4.0
32025.68955001245	4000.0	8.35504725749345	0.0	1750852	6931.308941498728	0.004724849	4.0
32028.932689014877	1500.0	9.111908255063776	0.0	808636	3243.1390024296747	0.08701111	1.5

