19173.54008136544	600.0	4.0	1.0380614519724727	247108	1038.0614519724727	-20.161229039449452
19174.002428947104	200.0	7.537652418338665	0.0	98617	462.3475816613357	0.2
19175.200765672897	600.0	10.339315692546283	0.0	288447	1198.3367257923815	0.6
19178.066269210743	1500.0	11.473812154696132	0.0	718451	2865.5035378501507	1.5
19186.12312797186	4000.0	7.416953393583194	0.0	2069289	8056.858761112938	4.0
19187.468116862605	600.0	10.071964502836126	0.0	330929	1344.9888907470674	0.6
19190.368779595246	1500.0	11.171301770198813	0.0	737903	2900.6627326373127	1.5
19196.380443208287	4000.0	9.159638157154912	0.0	2058614	6011.663613043902	4.0
19198.592524106356	1500.0	10.947557259084686	0.0	891463	2212.0808980702254	1.5
19200.497586962305	1500.0	13.042494403137662	0.0	763093	1905.0628559470247	1.5
19210.966537978227	8000.0	6.573543387214377	0.0	4206014	10468.951015923285	8.0
19211.284922776325	200.0	10.255158589114613	0.0	95342	318.3847980997625	0.2
19212.880342203756	1500.0	12.659739161686185	0.0	606092	1595.4194274284284	1.5
19218.671455491512	4000.0	10.868625873926536	0.0	1805063	5791.113287759647	4.0
19221.224724221924	1500.0	12.315357143517407	0.0	754517	2553.268730409129	1.5
19227.34851934713	4000.0	10.191562018309401	0.0	2231719	6123.795125208006	4.0
19229.2059341323	1500.0	12.334147233139879	0.0	735572	1857.4147851695236	1.5
19234.70564073625	4000.0	10.834440629188794	0.0	2192675	5499.706603951084	4.0
19236.932983299415	1500.0	12.607098066025511	0.0	747396	2227.3425631632817	1.5
19243.23155285534	4000.0	10.308528510098848	0.0	2164412	6298.569555926664	4.0
19245.70380667345	1500.0	11.836274691992463	0.0	835711	2472.2538181063846	1.5
19251.35667534445	4000.0	10.183406020993392	0.0	1950922	5652.868670999072	4.0
19253.748542801422	1500.0	11.791538564019886	0.0	809327	2391.8674569735063	1.5
19258.64388457512	4000.0	10.896196790318331	0.0	1822097	4895.341773701553	4.0
19260.960456003693	1500.0	12.579625361746904	0.0	855209	2316.5714285714284	1.5
19266.7416653248	4000.0	10.798416040641047	0.0	1984579	5781.209321105855	4.0
19269.541939402996	1500.0	11.998141962443112	0.0	794014	2800.274078197936	1.5
19276.36838065002	4000.0	9.171700715420341	0.0	2055338	6826.44124702277	4.0
19278.407809387154	1500.0	11.132271978288255	0.0	675709	2039.4287371320866	1.5
19284.29497192159	4000.0	9.245109443852995	0.0	2002600	5887.162534435262	4.0
19287.572285138824	1500.0	9.967796226619527	0.0	757473	3277.3132172334685	1.5
19291.01805511933	1500.0	10.522026246112702	0.0	712239	3445.7699805068232	1.5
19294.092679727986	1500.0	11.447401637453005	0.0	633700	3074.624608659696	1.5
19302.59026480155	4000.0	6.949816563890192	0.0	2125133	8497.585073562814	4.0
19303.089284765254	200.0	10.450796600187832	0.0	108225	499.01996370235935	0.2
19305.87849316271	1500.0	11.661588202733665	0.0	785519	2789.208397454168	1.5
19310.822043111966	4000.0	10.718038253480366	0.0	2096494	4943.549949253299	4.0
19312.91160089071	1500.0	12.628480474735984	0.0	866245	2089.5577787443817	1.5
19320.507707392666	4000.0	9.032373972779958	0.0	2142800	7596.106501956024	4.0
19324.102588903515	1500.0	9.437492461929802	0.0	725845	3594.8815108501562	1.5
19327.206931082634	1500.0	10.333150282814087	0.0	811013	3104.3421791157143	1.5
19329.23638550009	1500.0	12.303695865355447	0.0	657685	2029.4544174586415	1.5
19334.346578723384	4000.0	11.193502642064908	0.0	1697030	5110.193223290538	4.0
19341.888736451012	4000.0	7.651344914435736	0.0	1910697	7542.157727629173	4.0
19343.209110482538	600.0	10.33097088291022	0.0	290170	1320.3740315255145	0.6
19346.634155678286	1500.0	10.905925687159703	0.0	763847	3425.0451957505165	1.5
19350.709176769855	1500.0	10.83090459558984	0.0	769491	4075.0210915698617	1.5
19354.987429738903	1500.0	10.552651626545776	0.0	808636	4278.252969044065	1.5

