25951.38221228657	600.0	4.0	0.8472970035708741	247108	847.2970035708742	-16.34594007141748
25951.768428712596	200.0	7.6137835739791955	0.0	98617	386.21642602080425	0.2
25952.74408777175	600.0	10.63812451482689	0.0	288447	975.6590591523056	0.6
25955.054955649404	1500.0	12.327256637168142	0.0	718451	2310.8678776587485	1.5
25961.715449591622	4000.0	9.666762694950728	0.0	2069289	6660.493942217414	4.0
25964.468752083932	1500.0	10.913460202640799	0.0	689829	2753.3024923099283	1.5
25967.408356317712	1500.0	11.973855968862612	0.0	737903	2939.604233778187	1.5
25975.436708797868	4000.0	7.945503488705099	0.0	2058614	8028.352480157513	4.0
25976.635627300704	600.0	10.74658498586665	0.0	290723	1198.918502838449	0.6
25979.65257717081	1500.0	11.729635115761772	0.0	763093	3016.9498701048783	1.5
25986.859212844378	4000.0	8.522999442194736	0.0	2094766	7206.635673567036	4.0
25987.87729971522	600.0	11.50491257135148	0.0	285624	1018.0868708432548	0.6
25994.48410930126	4000.0	8.898102985314903	0.0	2131310	6606.8095860365775	4.0
25995.317820348417	600.0	12.064391938156584	0.0	266809	833.7110471583185	0.6
26001.49232342933	4000.0	9.889888857240608	0.0	2157416	6174.503080915976	4.0
26004.812128567784	1500.0	10.570083718786588	0.0	934743	3319.8051384540217	1.5
26007.489315371273	1500.0	11.892896915299884	0.0	735572	2677.1868034867043	1.5
26015.914160723332	4000.0	7.468051563237366	0.0	2192675	8424.845352062517	4.0
26017.370314970336	600.0	10.01189731623372	0.0	330105	1456.154247003648	0.6
26020.21154060869	1500.0	11.17067167788041	0.0	662349	2841.2256383533095	1.5
26027.892061892933	4000.0	7.4901503936365526	0.0	2379358	7680.521284243857	4.0
26028.89213515165	600.0	10.49007713491858	0.0	310841	1000.0732587179724	0.6
26031.367701149247	1500.0	12.014511137323538	0.0	809327	2475.565997595042	1.5
26036.60886019855	4000.0	10.773352088019685	0.0	1822097	5241.159049303854	4.0
26039.086250345023	1500.0	12.295961941548313	0.0	855209	2477.3901464713717	1.5
26044.848549156715	4000.0	10.533663129857059	0.0	1984579	5762.298811691255	4.0
26047.27961585299	1500.0	12.102596433580503	0.0	794014	2431.0666962765563	1.5
26053.578538500336	4000.0	9.803673786235503	0.0	2055338	6298.922647345	4.0
26056.05642347827	1500.0	11.32578880830395	0.0	675709	2477.8849779315547	1.5
26063.286951367434	4000.0	8.095260919137356	0.0	2002600	7230.527889166593	4.0
26064.341522991486	600.0	11.040689295084444	0.0	240372	1054.5716240529105	0.6
26072.31577532912	4000.0	7.066436957451725	0.0	1947068	7974.25233763272	4.0
26073.520572084286	600.0	9.861640202287894	0.0	310713	1204.7967551638305	0.6
26075.802473236057	1500.0	11.579739050516498	0.0	755142	2281.9011517713952	1.5
26081.214352518753	4000.0	10.167859767822229	0.0	1828568	5411.879282694271	4.0
26083.585301247917	1500.0	11.7969110386586	0.0	785519	2370.948729163629	1.5
26089.795400663123	4000.0	9.58681162345392	0.0	2096494	6210.099415204679	4.0
26092.40828078008	1500.0	10.973931506494857	0.0	866245	2612.8801169590647	1.5
26094.72593172751	1500.0	12.656280559065355	0.0	691256	2317.6509474295017	1.5
26102.48179449147	4000.0	8.900417795105849	0.0	2094647	7755.862763959508	4.0
26103.71757480387	600.0	11.66463748270605	0.0	315398	1235.7803123997985	0.6
26109.880823789495	4000.0	9.501388497080065	0.0	1830641	6163.248985625985	4.0
26112.505916071026	1500.0	10.876296215548813	0.0	767059	2625.0922815312515	1.5
26115.261784932376	1500.0	12.120427354199927	0.0	848035	2755.8688613488857	1.5
26121.80729226506	4000.0	9.574920021511772	0.0	2171279	6545.507332688156	4.0
26124.161831087367	1500.0	11.22038119920849	0.0	763847	2354.538822303283	1.5
26131.17882789472	4000.0	8.203384391852907	0.0	1750852	7016.996807355583	4.0
26132.485771290947	600.0	10.896440995626492	0.0	308883	1306.9433962264152	0.6

