34410.14492289878	600.0	4.0	0.7370601432536188	247108	737.0601432536188	-14.141202865072376
34410.487145490304	200.0	7.6577774084722385	0.0	98617	342.2225915277616	0.2
34411.334126029746	600.0	10.810796869027637	0.0	288447	846.9805394446014	0.6
34411.720522586336	200.0	14.424400312432486	0.0	115230	386.3965565951506	0.2
34412.06019519698	200.0	18.084727701793163	0.0	97658	339.6726106393233	0.2
34412.39986780762	200.0	21.74505509115384	0.0	97658	339.6726106393233	0.2
34412.78775872215	200.0	25.357164176624067	0.0	115792	387.89091452977254	0.2
34413.15406387562	200.0	28.99085902314992	0.0	107674	366.30515347414956	0.2
34413.48747985954	200.0	32.65744303923687	0.0	95305	333.4159839130507	0.2
34426.40127925163	12000.0	23.743643647145333	0.0	5088378	12913.799392091532	12.0
34427.268326176345	600.0	26.876596722425074	0.0	329266	867.0469247202594	0.6
34429.12770917827	1500.0	29.01721372049789	0.0	744416	1859.3830019271854	1.5
34430.68801686628	1500.0	31.4569060324865	0.0	606092	1560.3076880113886	1.5
34435.73551050233	4000.0	30.409412396435588	0.0	1805063	5047.493636050912	4.0
34436.043236680525	200.0	34.101686218245014	0.0	82750	307.7261781905745	0.2
34436.38296010674	200.0	37.76196279203242	0.0	94377	339.7234262125903	0.2
34441.369519383275	4000.0	36.77540351549637	0.0	1835863	4986.559276536048	4.0
34450.43383431425	12000.0	31.71108858452253	0.0	4055239	9064.314930973844	12.0
34450.71526385495	200.0	35.42965904381994	0.0	90919	281.4295407025852	0.2
34452.98039682021	1500.0	37.16452607856335	0.0	662349	2265.132965256594	1.5
34472.276444314106	12000.0	21.868478584668942	0.0	5251330	19296.04749389441	12.0
34472.73108724825	200.0	25.413835650524295	0.0	97742	454.64293414464703	0.2
34473.196972306825	200.0	28.947950591951603	0.0	100675	465.88505857269485	0.2
34473.60565783494	200.0	32.5392650638391	0.0	85752	408.6855281124979	0.2
34474.04808890123	200.0	36.09683399755254	0.0	94556	442.43106628656307	0.2
34476.59982691718	1500.0	37.54509598159777	0.0	644861	2551.738015954771	1.5
34490.48573902516	12000.0	27.659183873632195	0.0	5138482	13885.912107965576	12.0
34501.72124860165	8000.0	20.42367429713002	0.0	3354913	11235.509576502176	8.0
34501.98605364485	200.0	24.158869253935993	0.0	93993	264.8050431940229	0.2
34506.00348068196	4000.0	24.141442216812482	0.0	2002600	4017.4270371235116	4.0
34506.26826409742	200.0	27.876658801351113	0.0	93982	264.7834154613712	0.2
34513.51242289134	8000.0	24.632500007430185	0.0	3568902	7244.158793920926	8.0
34514.969563808154	1500.0	27.175359090622038	0.0	633700	1457.1409168081495	1.5
34515.7978661511	600.0	30.347056747667878	0.0	344336	828.3023429541596	0.6
34524.630181287015	8000.0	25.51474161175845	0.0	3707853	8832.315135909424	8.0
34530.15102522029	4000.0	23.99389767848097	0.0	1785821	5520.843933277478	4.0
34530.54205576336	200.0	27.602867135408385	0.0	102088	391.0305430725874	0.2
34530.86701882224	200.0	31.27790407653109	0.0	80403	324.96305887729454	0.2
34531.89107244399	600.0	34.25385045477772	0.0	309862	1024.0536217533704	0.6
34532.860718244905	600.0	37.28420465387042	0.0	284107	969.6458009073007	0.6
34543.336534395465	8000.0	30.808388503308016	0.0	3189942	10475.816150562401	8.0
34547.44052922985	4000.0	30.704393668923696	0.0	1830641	4103.994834384316	4.0
34551.2508291378	4000.0	30.894093760970573	0.0	1697030	3810.299907953125	4.0
34551.94397233251	600.0	34.20095056625709	0.0	278938	693.143194713487	0.6
34552.21128415161	200.0	37.93363874716355	0.0	85214	267.3118190935444	0.2
34554.041785768466	1500.0	40.10313713030363	0.0	763847	1830.5016168599145	1.5
34571.424226144605	12000.0	26.720696754160716	0.0	5704199	17382.440376142913	12.0
34585.764023746226	12000.0	16.380899152541527	0.0	5646381	14339.79760161919	12.0

