19937.356933828698	600.0	4.0	0.7870708371336087	247108	787.0708371336087	-15.141416742672174
19939.53262565766	1500.0	5.824308171039219	0.0	732405	2175.691828960781	1.5
19941.454919056803	1500.0	7.902014771894057	0.0	643847	1922.2933991451616	1.5
19943.590683135706	1500.0	9.766250692991399	0.0	718451	2135.7640789026595	1.5
19945.743172003135	1500.0	11.613761825562888	0.0	724296	2152.4888674285103	1.5
19947.494991480806	1500.0	13.861942347894315	0.0	689829	1751.819477668572	1.5
19948.832870023314	1500.0	16.524063805384195	0.0	737903	1337.8785425101216	1.5
19950.24302642647	1500.0	19.113907402230563	0.0	780303	1410.156403153633	1.5
19951.842673560495	1500.0	21.514260268201156	0.0	891463	1599.6471340294056	1.5
19953.223492652764	1500.0	24.13344117593608	0.0	763093	1380.8190922650756	1.5
19956.87437012986	4000.0	24.482563698842537	0.0	2094766	3650.877477093544	4.0
19959.78753658066	4000.0	25.569397248040392	0.0	1761739	2913.1664508021436	4.0
19963.246277861574	4000.0	26.110655967127265	0.0	2131310	3458.7412809131265	4.0
19966.18782351788	4000.0	27.169110310817818	0.0	1805063	2941.5456563094485	4.0
19970.365755985196	4000.0	26.991177843503035	0.0	2157416	4177.932467314784	4.0
19975.233889273833	4000.0	26.123044554867434	0.0	2231719	4868.133288635602	4.0
19979.01202266336	4000.0	26.344911165340534	0.0	1835863	3778.1333895268976	4.0
19982.9404244097	4000.0	26.416509418998857	0.0	2192675	3928.4017463416776	4.0
19986.675554398073	4000.0	26.681379430626507	0.0	2082556	3735.129988372348	4.0
19990.60355257609	4000.0	26.753381252610716	0.0	2164412	3927.998178015793	4.0
19994.945773156254	4000.0	26.411160672443003	0.0	2379358	4342.220580167713	4.0
19998.541501840755	4000.0	26.815431987944518	0.0	1950922	3595.728684498485	4.0
20002.29863251869	4000.0	27.05830131001001	0.0	1849252	3757.130677934506	4.0
20006.00176704923	4000.0	27.35516677946878	0.0	1822097	3703.1345305412297	4.0
20011.826807996087	4000.0	25.530125832614385	0.0	1836837	5825.0409468543985	4.0
20015.49360351858	1500.0	25.863330310122553	0.0	644861	3666.795522491831	1.5
20019.138397647264	1500.0	26.218536181436544	0.0	794014	3644.794128686007	1.5
20020.867055823754	1500.0	28.489878004946068	0.0	914284	1728.6581764904768	1.5
20022.165510010615	1500.0	31.19142381808706	0.0	675709	1298.4541868590104	1.5
20023.521339155213	1500.0	33.835594673491094	0.0	707527	1355.8291445959655	1.5
20024.96723208883	1500.0	36.38970173987225	0.0	757473	1445.8929336188437	1.5
20026.331558021433	1500.0	39.02537580726772	0.0	712239	1364.3259326045306	1.5
20039.241020886308	4000.0	30.11591294239677	0.0	2544033	12909.462864870957	4.0
20040.684169980905	1500.0	32.67276384779531	0.0	755142	1443.1490946014553	1.5
20041.974214771337	1500.0	35.38271905736264	0.0	670327	1290.0447904326734	1.5
20043.472199089047	1500.0	37.884734739655194	0.0	785519	1497.984317707452	1.5
20044.781587930924	1500.0	40.57534589777557	0.0	681043	1309.3888418796187	1.5
20046.42529527001	1500.0	42.931638558688306	0.0	866245	1643.707339087268	1.5
20050.91249457051	4000.0	42.444439258186264	0.0	2142800	4487.199300502041	4.0
20057.755965671575	4000.0	39.60096815712072	0.0	2094647	6843.471101065547	4.0
20060.743033403436	1500.0	40.613900425260255	0.0	811013	2987.067731860464	1.5
20063.959160243754	1500.0	41.39777358494315	0.0	657685	3216.1268403171007	1.5
20067.69682967214	1500.0	41.66010415655906	0.0	767059	3737.6694283840975	1.5
20070.86740827936	1500.0	42.489525549340236	0.0	848035	3170.5786072188166	1.5
20072.295800679847	1500.0	45.06113314885288	0.0	629438	1428.3924004873543	1.5
20074.012126243186	1500.0	47.34480758551692	0.0	763847	1716.3255633359665	1.5
20075.74054247583	1500.0	49.61639135287222	0.0	769491	1728.4162326447001	1.5
20077.552815769086	1500.0	51.80411805961619	0.0	808636	1812.273293256035	1.5

