2843.9600636106697	600.0	4.0	0.4577290749109113	247108	457.7290749109113	-8.554581498218226
2844.513504391784	600.0	7.4465592188858425	0.0	309722	553.4407811141577	0.6
2845.5776883586896	1500.0	10.382375251980015	0.0	643847	1064.1839669058288	1.5
2846.7559119354205	1500.0	13.204151675249115	0.0	718451	1178.2235767308996	1.5
2847.9430701740926	1500.0	16.01699343657747	0.0	724296	1187.1582386716473	1.5
2850.872371317676	4000.0	17.08769229299424	0.0	1863995	2929.3011435832277	4.0
2854.070832149889	4000.0	17.889231460780866	0.0	2046450	3198.460832213376	4.0
2855.616977011366	4000.0	20.343086599303764	0.0	2058614	1546.144861477103	4.0
2858.1533063326397	8000.0	21.80675727803035	0.0	3448932	2536.3293212734134	8.0
2860.8149379828074	8000.0	23.14512562786298	0.0	3624869	2661.6316501673673	8.0
2863.8904610936966	8000.0	24.069602516973443	0.0	4206014	3075.5231108895377	8.0
2867.5299004138706	8000.0	24.430163196799736	0.0	4205514	3639.439320173708	8.0
2872.475764233955	12000.0	23.484299376714752	0.0	5575398	4945.863820084983	12.0
2877.9167077895154	12000.0	22.043355821154343	0.0	6266291	5440.9435555604105	12.0
2883.4598540646366	12000.0	20.500209546033524	0.0	6464780	5543.146275120817	12.0
2888.0839185203877	12000.0	19.876145090282346	0.0	5443841	4624.0644557511805	12.0
2891.80453857076	8000.0	20.155525039909744	0.0	4381600	3720.6200503726013	8.0
2895.347493456663	12000.0	20.6125701540068	0.0	4055239	3542.9548859029433	12.0
2901.2446380112256	12000.0	18.715425599444405	0.0	5385367	5897.144554562394	12.0
2906.0115218049496	8000.0	17.948541805720254	0.0	4303587	4766.883793724152	8.0
2910.2534128206516	8000.0	17.70665079001817	0.0	3690869	4241.891015702084	8.0
2914.7370685588185	8000.0	17.222995051851115	0.0	3905272	4483.655738167057	8.0
2922.8148665565654	8000.0	13.145197054104342	0.0	3805854	8077.797997746773	8.0
2926.239286373107	4000.0	13.72077723756217	0.0	1822097	3424.4198165421685	4.0
2928.4865977157765	4000.0	15.473465894892762	0.0	1836837	2247.31134266941	4.0
2930.9082320454004	4000.0	17.051831565268785	0.0	1984579	2421.634329623976	4.0
2933.4285674362104	4000.0	18.531496174458848	0.0	2068230	2520.335390809938	4.0
2935.9070967126445	4000.0	20.052966898024607	0.0	2055338	2478.52927643424	4.0
2938.1870304231425	4000.0	21.773033187526863	0.0	2165436	2279.933710497743	4.0
2942.773273954519	8000.0	21.186789656150466	0.0	4435580	4586.243531376395	8.0
2947.214571805399	8000.0	20.74549180527076	0.0	4025712	4441.2978508797105	8.0
2951.9447205875354	8000.0	20.01534302313439	0.0	3568902	4730.148782136372	8.0
2957.8219538289486	8000.0	18.1381097817211	0.0	3713878	5877.233241413292	8.0
2964.3485881380643	4000.0	15.611475472605369	0.0	2125133	6526.634309115729	4.0
2968.4378208956373	4000.0	15.522242715032128	0.0	1828568	4089.2327575732406	4.0
2971.667243436282	4000.0	16.292820174387323	0.0	1785821	3229.422540644806	4.0
2972.9483112786625	1500.0	19.011752332006502	0.0	681043	1281.0678423808213	1.5
2976.476634453091	4000.0	19.483429157578286	0.0	1955307	3528.323174428217	4.0
2979.486316717023	4000.0	20.473746893646073	0.0	2142800	3009.6822639322136	4.0
2982.4154739826636	4000.0	21.544589628005795	0.0	2094647	2929.1572656402755	4.0
2986.8164735169785	8000.0	21.143590093690808	0.0	3189942	4400.999534314988	8.0
2988.527270534912	4000.0	23.432793075757207	0.0	1830641	1710.7970179335996	4.0
2991.9347889501187	8000.0	24.02527466055067	0.0	3735285	3407.5184152065344	8.0
2995.8818747541245	8000.0	24.07818885654526	0.0	4340973	3947.085804005412	8.0
2998.768224107374	8000.0	25.191839503295395	0.0	3682991	2886.3493532498665	8.0
3002.9215606184193	12000.0	25.03850299224996	0.0	5875126	4153.336511045438	12.0
3006.9563901919414	12000.0	25.003673418727814	0.0	5704199	4034.8295735221473	12.0
3013.76185292752	12000.0	22.198210683149462	0.0	5646381	6805.462735578354	12.0

