2494.527410061941	600.0	4.0	0.6668329029002287	247108	666.8329029002286	-12.736658058004574
2494.841606042586	200.0	7.685804019354648	0.0	98617	314.19598064535285	0.2
2495.174465602654	200.0	11.352944459286967	0.0	106476	332.8595600676819	0.2
2496.9606454346367	1500.0	13.566764627304304	0.0	718451	1786.179831982664	1.5
2497.7966640768427	600.0	16.73074598509811	0.0	318350	836.0186422061923	0.6
2498.1085826210883	200.0	20.418827440852553	0.0	97658	311.9185442455547	0.2
2498.967370877686	600.0	23.560039184255054	0.0	327938	858.7882565975005	0.6
2500.900437045644	1500.0	25.62697301629709	0.0	780303	1933.0661679579662	1.5
2501.67084699607	600.0	28.856563065871107	0.0	290723	770.4099504259805	0.6
2513.8580879844503	12000.0	20.66932207749065	0.0	5088378	12187.24098838046	12.0
2514.1651373721265	200.0	24.362272689814503	0.0	95365	307.04938767614544	0.2
2514.9195932753487	600.0	27.60781678659233	0.0	285624	754.455903222175	0.6
2527.8571352506187	12000.0	18.670274811322223	0.0	5575398	12937.54197527011	12.0
2528.1392680090507	200.0	22.38814205289008	0.0	80867	282.13275843214444	0.2
2528.42610745852	200.0	26.101302603420457	0.0	82750	286.8394494696224	0.2
2528.7420094128715	200.0	29.78540064906886	0.0	94377	315.9019543515958	0.2
2529.6735805490825	600.0	32.85382951285789	0.0	340687	931.5711362109638	0.6
2540.2865653801573	12000.0	26.2408446817831	0.0	4055239	10612.98483107479	12.0
2540.6134643431405	200.0	29.91394571880002	0.0	90919	326.8989629830785	0.2
2542.4921343816677	1500.0	32.03527568027255	0.0	662349	1878.67003852747	1.5
2556.675257102141	12000.0	21.85215295979923	0.0	5251330	14183.122720473319	12.0
2557.5974734538313	600.0	24.929936608109195	0.0	310841	922.2163516900359	0.6
2570.837508774793	12000.0	15.689901287147556	0.0	5141915	13240.035320961637	12.0
2572.5235036220515	1500.0	18.00390643988955	0.0	681795	1685.9948472580052	1.5
2572.8262339864236	200.0	21.70117607551708	0.0	94556	302.7303643724697	0.2
2573.1444001991586	200.0	25.383009862782444	0.0	101109	318.16621273463375	0.2
2573.9891424884486	600.0	28.53826757349279	0.0	324657	844.7422892896578	0.6
2582.1511738727913	8000.0	24.37623618914986	0.0	3354913	8162.031384342926	8.0
2582.4593433740883	200.0	28.068066687852657	0.0	93993	308.16950129720385	0.2
2596.449333139902	12000.0	18.078076922038978	0.0	5411094	13989.98976581368	12.0
2597.2263666327253	600.0	21.30104342921601	0.0	240372	777.0334928229665	0.6
2607.4643036463885	8000.0	15.063106415552632	0.0	3568902	10237.937013663379	8.0
2609.097394756002	1500.0	17.43001530593925	0.0	633700	1633.0911096133814	1.5
2609.3965528958215	200.0	21.130857166119384	0.0	89422	299.158139819864	0.2
2610.173694002371	600.0	24.353716059569543	0.0	284451	777.1411065498437	0.6
2610.9294981810367	600.0	27.597911880904018	0.0	275745	755.804178665523	0.6
2611.7078548993754	600.0	30.81955516256568	0.0	284947	778.3567183383371	0.6
2616.5799803818823	4000.0	29.94742968005848	0.0	1955307	4872.125482507199	4.0
2629.208984453975	12000.0	21.318425607965402	0.0	5257310	12629.004072093081	12.0
2631.237463557376	1500.0	23.289946504564565	0.0	725845	2028.4791034008356	1.5
2643.8179848105483	12000.0	14.709425251392204	0.0	4828747	12580.521253172363	12.0
2645.5492668618303	1500.0	16.978143200110154	0.0	657685	1731.2820512820515	1.5
2654.952873441487	8000.0	11.574536620453431	0.0	3735285	9403.606579656722	8.0
2655.728240990021	600.0	14.799169071919573	0.0	278938	775.367548533857	0.6
2657.3773737686815	1500.0	17.15003629325889	0.0	629438	1649.132778660684	1.5
2659.3939470707132	1500.0	19.1334629912274	0.0	763847	2016.573302031492	1.5
2663.916254043327	4000.0	18.611156018613585	0.0	1750852	4522.306972613818	4.0
2677.8587469836016	12000.0	8.668663078338822	0.0	5646381	13942.49294027476	12.0

