10716.029764755898	600.0	4.0	0.8282594295879937	247108	828.2594295879937	0.118609995	-15.965188591759874
10716.408383579117	200.0	7.621381176782301	0.0	98617	378.61882321769906	0.004705182	0.2
10716.810799976096	200.0	11.218964779802798	0.0	106476	402.41639697950376	0.004705182	0.2
10717.239724066256	200.0	14.79004068964212	0.0	115230	428.92409016067677	0.004705182	0.2
10717.615438973806	200.0	18.41432578209277	0.0	97658	375.714907549348	0.004705182	0.2
10717.991153881354	200.0	22.038610874543426	0.0	97658	375.714907549348	0.004705182	0.2
10718.421779744825	200.0	25.607985011071367	0.0	115792	430.62586347205666	0.004705182	0.2
10718.827823765341	200.0	29.201940990556217	0.0	107674	406.0440205151498	0.004705182	0.2
10719.196413632673	200.0	32.83335112322337	0.0	95305	368.58986733284127	0.004705182	0.2
10719.595647531878	200.0	36.434117224020135	0.0	105425	399.23389920324007	0.0077544907	0.2
10719.964419083195	200.0	40.06534567270387	0.0	95365	368.77155131626256	0.004705182	0.2
10720.333120988984	200.0	43.69664376691459	0.0	95342	368.70190578928447	0.004705182	0.2
10720.723252520616	200.0	47.306512235280756	0.0	102419	390.1315316338311	0.0064032725	0.2
10721.048123165407	200.0	50.981641590491876	0.0	80867	324.87064478888703	0.004705182	0.2
10721.378695659208	200.0	54.65106909668995	0.0	82750	330.5724938019266	0.0074526523	0.2
10721.744475480931	200.0	58.285289274967354	0.0	94377	365.77982172259124	0.29181916	0.2
10724.096610835499	200.0	59.93315392039971	0.0	89871	352.13535456764885	0.009893566	0.2
10731.72996719687	12000.0	56.29979755902792	0.0	4055239	7633.3563613717815	0.004705182	12.0
10740.668539266302	12000.0	51.361225489597835	0.0	5385367	8938.572069430093	0.07400667	12.0
10740.898729570723	200.0	55.131035185176344	0.0	85876	230.19030442148988	0.385557	0.2
10749.315248556844	12000.0	50.71451619905324	0.0	5251330	8416.518986123096	0.010757285	12.0
10749.5220339121	200.0	54.50773084379819	0.0	97742	206.78535525505075	0.020625068	0.2
10756.271833179215	12000.0	51.75793157668401	0.0	5141915	6749.799267114181	0.004705182	12.0
10763.579336961766	12000.0	48.45042779413192	0.0	5735973	7307.503782552094	0.009819937	12.0
10771.757744454277	12000.0	44.272020301623584	0.0	6078444	8178.407492508332	0.02310502	12.0
10776.38756464501	8000.0	43.64220011088765	0.0	3253093	4629.8201907359335	0.004705182	8.0
10784.583962536817	12000.0	39.445802219081735	0.0	5138482	8196.397891805915	0.004705182	12.0
10789.867628659116	8000.0	38.16213609678355	0.0	3354913	5283.666122298186	0.004705182	8.0
10795.63915963232	8000.0	36.39060512358001	0.0	3811227	5771.530973203536	0.42614415	8.0
10804.458982273536	12000.0	31.570782482364123	0.0	5411094	8819.822641215887	0.004705182	12.0
10810.95263988486	8000.0	29.077124871040525	0.0	4025712	6493.657611323601	0.6658674	8.0
10816.529971433962	8000.0	27.499793321937293	0.0	3568902	5577.331549103232	0.03811089	8.0
10826.609624767465	8000.0	21.42013998843418	0.0	3713878	10079.653333503113	0.02848374	8.0
10826.958659197055	200.0	25.071105558844664	0.0	89422	349.03442958951507	0.037349463	0.2
10827.364264206362	200.0	28.66550054953683	0.0	108225	405.6050093078355	0.11111977	0.2
10830.448866415229	4000.0	29.58089834067173	0.0	1785821	3084.6022088651007	0.27826592	4.0
10831.553174139353	1500.0	32.476590616548066	0.0	681043	1104.3077241236685	1.1515309	1.5
10837.257274683623	8000.0	30.77249007227794	0.0	3739359	5704.1005442701235	0.19731912	8.0
10845.741370724878	12000.0	26.288394031022662	0.0	5257310	8484.09604125528	0.004705182	12.0
10845.985742450517	200.0	30.04402230538391	0.0	101968	244.37172563875234	0.47751284	0.2
10853.730089898356	12000.0	26.299674857545867	0.0	4828747	7744.347447838042	0.010850503	12.0
10856.695346160854	4000.0	27.334418595047957	0.0	1830641	2965.2562624979064	0.11250349	4.0
10859.388632708935	4000.0	28.64113204696679	0.0	1697030	2693.286548081172	0.02659525	4.0
10862.251420671579	4000.0	29.778344084324104	0.0	1910697	2862.7879626426848	0.5234947	4.0
10870.762562098851	12000.0	25.267202657050824	0.0	5626380	8511.141427273282	0.08879828	12.0
10880.315631642103	12000.0	19.714133113798518	0.0	5875126	9553.069543252306	0.030422492	12.0
10888.401524975436	12000.0	15.628239780465185	0.0	5704199	8085.8933333333325	0.47231144	12.0
10896.709141882566	12000.0	11.320622873335308	0.0	5646381	8307.616907129875	0.0057581845	12.0

