16244.658571960983	600.0	4.0	1.0823648717168644	247108	1082.3648717168644	-21.047297434337285
16245.138600355669	200.0	7.519971605313863	0.0	98617	480.02839468613735	0.2
16246.388652074562	600.0	10.269919886421256	0.0	288447	1250.0517188926074	0.6
16249.382965024568	1500.0	11.275606936416185	0.0	718451	2994.3129500050704	1.5
16257.883142614306	4000.0	6.775429346677302	0.0	2069289	8500.177589738883	4.0
16258.361970527932	200.0	10.296601433052306	0.0	97658	478.8279136249937	0.2
16261.455510780115	1500.0	11.203061180869959	0.0	737903	3093.5402521823476	1.5
16269.726286908508	4000.0	6.932285052476741	0.0	2058614	8270.776128393218	4.0
16270.1807938712	200.0	10.477778089783028	0.0	95305	454.5069626937152	0.2
16273.259415577122	1500.0	11.399156383861667	0.0	763093	3078.6217059213595	1.5
16280.78007707115	4000.0	7.878494889835573	0.0	2094766	7520.661494026094	4.0
16281.857694133298	600.0	10.800877827686215	0.0	285624	1077.6170621493593	0.6
16284.054630106579	1500.0	12.603941854405853	0.0	606092	2196.93597328036	1.5
16291.124511834418	4000.0	9.53406012656708	0.0	1805063	7069.881727838773	4.0
16294.154292414	1500.0	10.50427954698442	0.0	754517	3029.7805795826616	1.5
16297.938753474107	1500.0	10.719818486877939	0.0	934743	3784.4610601064824	1.5
16300.941967502571	1500.0	11.716604458413668	0.0	735572	3003.2140284642705	1.5
16310.034188973232	4000.0	6.624382987754576	0.0	2192675	9092.221470659093	4.0
16310.498350380261	200.0	10.16022158072471	0.0	90919	464.16140702986775	0.2
16313.376983490884	1500.0	11.281588470100681	0.0	662349	2878.6331106240264	1.5
16321.995595174392	4000.0	6.66297678659213	0.0	2379358	8618.611683508552	4.0
16322.41278916305	200.0	10.245782797933469	0.0	97742	417.1939886586602	0.2
16325.284835563361	1500.0	11.373736397622983	0.0	809327	2872.0464003104853	1.5
16331.935682803844	4000.0	8.722889157141095	0.0	1822097	6650.847240481888	4.0
16333.267972379046	600.0	11.390599581938623	0.0	346939	1332.2895752024726	0.6
16340.690488258857	4000.0	7.968083702126219	0.0	1984579	7422.515879812403	4.0
16341.985578785174	600.0	10.672993175810431	0.0	324657	1295.0905263157897	0.6
16345.487460422599	1500.0	11.17111153838353	0.0	914284	3501.881637426901	1.5
16354.14883469602	4000.0	6.509737264964133	0.0	2165436	8661.374273419397	4.0
16354.614467268015	200.0	10.044104692968105	0.0	97083	465.6325719960279	0.2
16357.698649036089	1500.0	10.959922924893077	0.0	757473	3084.181768075028	1.5
16360.599816536213	1500.0	12.058755424769297	0.0	712239	2901.167500123781	1.5
16370.42600624918	4000.0	6.232565711802245	0.0	2544033	9826.189712967052	4.0
16370.834408939289	200.0	9.824163021692758	0.0	89422	408.40269010948657	0.2
16373.376187808615	1500.0	11.282384152365058	0.0	670327	2541.778869327702	1.5
16380.651296251759	4000.0	8.00727570922194	0.0	1785821	7275.108443143117	4.0
16381.964999945441	600.0	10.693572015540434	0.0	284947	1313.7036936815048	0.6
16385.795485671326	1500.0	10.863086289657604	0.0	866245	3830.4857258828306	1.5
16388.463905834036	1500.0	12.194666126946984	0.0	691256	2668.42016271062	1.5
16395.92429605645	4000.0	8.734275904529015	0.0	2094647	7460.39022241797	4.0
16397.108410421028	600.0	11.550161539953764	0.0	315398	1184.1143645752504	0.6
16403.460145250374	4000.0	9.198426710610267	0.0	1830641	6351.734829343496	4.0
16406.168072105753	1500.0	10.49049985522934	0.0	767059	2707.926855380926	1.5
16409.990672789867	1500.0	10.667899171117337	0.0	848035	3822.600684112003	1.5
16413.104748649235	1500.0	11.5538233117494	0.0	629438	3114.0758593679393	1.5
16421.762611734197	4000.0	6.895960226786083	0.0	2042818	8657.863084963315	4.0
16422.2013922048	200.0	10.457179756181255	0.0	95393	438.7804706048283	0.2
16425.322734909485	1500.0	11.335837051496362	0.0	808636	3121.3427046848924	1.5

