353.12783810636347	600.0	4.0	0.7571589566170553	247108	757.1589566170553	-14.543179132341107
355.21487391913	1500.0	5.9129641872334595	0.0	732405	2087.035812766541	1.5
355.58665393865493	200.0	9.541184167708565	0.0	106476	371.7800195248942	0.2
356.43310400459427	600.0	12.694734101769228	0.0	279692	846.4500659393359	0.6
358.4979184324635	1500.0	14.62991967390001	0.0	724296	2064.8144278692175	1.5
358.8455341688432	200.0	18.282303937520336	0.0	97658	347.61573637967354	0.2
360.947636349123	1500.0	20.18020175724048	0.0	737903	2102.102180279857	1.5
361.32269929121634	200.0	23.805138815147206	0.0	107674	375.0629420932742	0.2
373.52827093408536	8000.0	15.599567172278157	0.0	3448932	12205.571642869048	8.0
385.21020388643524	8000.0	7.917634219928259	0.0	3624869	11681.932952349898	8.0
387.1773144388139	1500.0	9.950523667549641	0.0	769316	1967.1105523786164	1.5
387.4911856884498	200.0	13.636652417913755	0.0	95342	313.871249635887	0.2
387.82241662042577	200.0	17.30542148593773	0.0	102419	331.2309319760222	0.2
392.3301854891457	4000.0	16.79765261721772	0.0	1805063	4507.768868720009	4.0
392.61316891625415	200.0	20.514669190109313	0.0	82750	282.9834271084061	0.2
395.5388123327864	1500.0	21.58902577357707	0.0	934743	2925.6434165322416	1.5
395.9305126709464	200.0	25.19732543541701	0.0	89871	391.7003381600624	0.2
408.9685553254348	12000.0	16.15928278092859	0.0	4055239	13038.04265448842	12.0
409.308180175964	200.0	19.81965793039942	0.0	90919	339.6248505291714	0.2
411.27955887704024	1500.0	21.84827922932323	0.0	662349	1971.3787010761903	1.5
412.1609609580311	600.0	24.966877148332348	0.0	280646	881.4020809908801	0.6
412.5200693087655	200.0	28.60776879759793	0.0	97742	359.10835073441484	0.2
427.4275504160229	12000.0	17.70028769034054	0.0	5141915	14907.48110725739	12.0
427.78539655117606	200.0	21.342441555187346	0.0	85752	357.8461351531966	0.2
428.17176863760614	200.0	24.95606946875734	0.0	94556	386.3720864300035	0.2
446.60240702248296	8000.0	10.52543108388054	0.0	3253093	18430.638384876802	8.0
446.98191624570177	200.0	14.145921860661721	0.0	88490	379.50922321881876	0.2
447.41309580231035	200.0	17.714742304053157	0.0	103756	431.17955660856325	0.2
447.81123085054185	200.0	21.316607255821648	0.0	93993	398.1350482315113	0.2
448.2198245212137	200.0	24.908013585149792	0.0	97083	408.5936706718565	0.2
448.6179223381032	200.0	28.5099157682603	0.0	93982	398.0978168894906	0.2
459.76993817555444	8000.0	21.357899930809012	0.0	3568902	11152.015837451287	8.0
460.7203741457194	600.0	24.40746396064408	0.0	310713	950.4359701649333	0.6
461.7650020828276	600.0	27.36283602353584	0.0	344336	1044.6279371082396	0.6
467.1171591876791	4000.0	26.010678918684377	0.0	1828568	5352.157104851464	4.0
467.4635709468066	200.0	29.66426715955683	0.0	87791	346.41175912754863	0.2
469.6102732701827	1500.0	31.51756483618082	0.0	681043	2146.7023233760074	1.5
481.2832675783207	8000.0	23.844570528042787	0.0	3739359	11672.994308138032	8.0
481.63790347230537	200.0	27.489934634058105	0.0	86718	354.6358939846796	0.2
484.01665448673504	1500.0	29.111183619628463	0.0	725845	2378.7510144296434	1.5
501.84013459999244	12000.0	15.287703506371072	0.0	4828747	17823.480113257392	12.0
503.9188354300177	1500.0	17.209002676345808	0.0	657685	2078.700830025262	1.5
509.88010847371487	4000.0	15.24772963264864	0.0	1697030	5961.273043697167	4.0
510.99125490872245	600.0	18.13658319764102	0.0	278938	1111.1464350076244	0.6
512.1439225303666	600.0	20.983915575996917	0.0	290170	1152.6676216441015	0.6
513.2894407596535	600.0	23.838397346709918	0.0	288236	1145.5182292870015	0.6
516.1957539381917	1500.0	24.932084168171816	0.0	769491	2906.3131785381015	1.5
536.2633387428409	12000.0	8.864499363522533	0.0	5646381	20067.584804649283	12.0

