15276.849852463642	600.0	4.0	0.6781343701305579	247108	678.1343701305578	-12.962687402611158
15278.70266679323	1500.0	6.1471856704134575	0.0	732405	1852.814329586542	1.5
15280.34112309495	1500.0	8.508729368693363	0.0	643847	1638.4563017200949	1.5
15282.160161233556	1500.0	10.68969123008729	0.0	718451	1819.0381386060726	1.5
15283.993347418333	1500.0	12.85650504530945	0.0	724296	1833.18618477784	1.5
15285.743104910654	1500.0	15.106747552987095	0.0	689829	1749.7574923223553	1.5
15290.592403386992	4000.0	14.257449076649943	0.0	2046450	4849.298476337153	4.0
15295.428424468502	4000.0	13.421427995139581	0.0	2058614	4836.021081510361	4.0
15299.942934848326	4000.0	12.90691761531521	0.0	1857129	4514.510379824368	4.0
15305.777168864119	4000.0	11.072683599524222	0.0	2373154	5834.234015790989	4.0
15311.517611924415	4000.0	9.332240539227575	0.0	2094766	5740.443060296647	4.0
15316.50846821111	4000.0	8.341384252532686	0.0	1761739	4990.8562866948905	4.0
15321.38879448183	4000.0	7.461057981811864	0.0	2131310	4880.326270720821	4.0
15325.421090510514	4000.0	7.428761953128611	0.0	1805063	4032.2960286832526	4.0
15327.153151708751	1500.0	9.696700754891207	0.0	754517	1732.0611982374035	1.5
15329.514174439717	1500.0	11.335678023926233	0.0	934743	2361.022730964975	1.5
15331.411214781845	1500.0	13.438637681797813	0.0	735572	1897.0403421284216	1.5
15336.907651149973	4000.0	11.9422013136701	0.0	2192675	5496.436368127712	4.0
15345.8475098358	4000.0	7.002342627843787	0.0	2082556	8939.858685826313	4.0
15348.3793958327	1500.0	8.470456630943328	0.0	662349	2531.8859969004584	1.5
15350.444045103934	1500.0	10.405807359711103	0.0	835711	2064.649271232226	1.5
15352.439072265746	1500.0	12.41078019789794	0.0	806394	1995.0271618131624	1.5
15354.441064725745	1500.0	14.408787737898534	0.0	809327	2001.9924599994065	1.5
15356.140193766621	1500.0	16.70965869702223	0.0	681795	1699.1290408763025	1.5
15358.254242188692	1500.0	18.59561027495267	0.0	855209	2114.04842206956	1.5
15363.230885672585	4000.0	17.618966791059815	0.0	1984579	4976.643483892855	4.0
15368.404348854989	4000.0	16.445503608655287	0.0	2068230	5173.463182404528	4.0
15372.964832798474	4000.0	15.885019665169857	0.0	2055338	4560.483943485429	4.0
15377.765322191774	4000.0	15.084530271870404	0.0	2165436	4800.489393299454	4.0
15383.73627820798	4000.0	13.113574255663627	0.0	2002600	5970.956016206777	4.0
15390.70467903859	4000.0	10.145173425054287	0.0	2290706	6968.40083060934	4.0
15396.277597666818	4000.0	8.572254796825423	0.0	1947068	5572.918628228864	4.0
15398.145343413094	1500.0	10.704509050550186	0.0	633700	1867.7457462752357	1.5
15400.381647212254	1500.0	12.468205251390975	0.0	755142	2236.303799159212	1.5
15402.386249649133	1500.0	14.463602814511185	0.0	670327	2004.6024368797891	1.5
15404.721584406074	1500.0	16.128268057571102	0.0	785519	2335.334756940083	1.5
15406.756953975582	1500.0	18.092898488062605	0.0	681043	2035.3695695084969	1.5
15412.218224422628	4000.0	16.631628041016622	0.0	1955307	5461.270447045983	4.0
15418.008550871662	4000.0	14.841301591982644	0.0	2142800	5790.326449033978	4.0
15423.305782446405	4000.0	13.544070017241374	0.0	2094647	5297.2315747412695	4.0
15428.227787720232	4000.0	12.622064743413887	0.0	1985434	4922.005273827488	4.0
15432.911268873215	4000.0	11.938583590432888	0.0	1830641	4683.481152980999	4.0
15437.307420775167	4000.0	11.542431688479272	0.0	1697030	4396.151901953616	4.0
15442.000190557075	4000.0	10.849661906570557	0.0	1910697	4692.769781908714	4.0
15447.069127729475	4000.0	9.780724734171617	0.0	2171279	5068.937172398938	4.0
15451.939753633009	4000.0	8.910098830638034	0.0	2042818	4870.6259035335825	4.0
15456.238356449063	4000.0	8.611496014585027	0.0	1750852	4298.602816053008	4.0
15461.177367167928	4000.0	7.672485295720383	0.0	2034636	4939.010718864644	4.0

