28689.439566572724	600.0	4.0	0.9018441839195145	247108	901.8441839195145	-17.436883678390288
28689.847551938983	200.0	7.5920146337407495	0.0	98617	407.98536625925	0.2
28690.886883443098	600.0	10.55268312962501	0.0	288447	1039.3315041157398	0.6
28693.35634382391	1500.0	12.083222748815166	0.0	718451	2469.4603808098445	1.5
28700.13748253041	4000.0	9.302084042316364	0.0	2069289	6781.138706498802	4.0
28702.210991904394	1500.0	11.22857466833233	0.0	689829	2073.509373984034	1.5
28708.204946316848	4000.0	9.234620255877033	0.0	2046450	5993.954412455298	4.0
28710.680153561363	1500.0	10.759413011362838	0.0	780303	2475.207244514195	1.5
28713.60158310039	1500.0	11.83798347233738	0.0	891463	2921.4295390254597	1.5
28721.355710674175	4000.0	8.08385589855438	0.0	2373154	7754.127573783	4.0
28722.54570519611	600.0	10.893861376621043	0.0	329266	1189.994521933336	0.6
28725.135219333733	1500.0	12.304347238995152	0.0	744416	2589.5141376258903	1.5
28732.121135466958	4000.0	9.318431105769593	0.0	2131310	6985.91613322556	4.0
28734.47351641934	1500.0	10.96605015338864	0.0	748011	2352.3809523809523	1.5
28736.845661934643	1500.0	12.593904638085231	0.0	754517	2372.1455153034103	1.5
28743.852402875127	4000.0	9.587163697604511	0.0	2231719	7006.740940480719	4.0
28746.251493300555	1500.0	11.188073272177409	0.0	735572	2399.090425427102	1.5
28753.4279215522	4000.0	8.011645020530613	0.0	2192675	7176.4282516467965	4.0
28754.6071036712	600.0	10.83246290153205	0.0	330105	1179.182118998564	0.6
28756.89259034161	1500.0	12.546976231119363	0.0	662349	2285.486670412686	1.5
28764.539885340946	4000.0	8.899681231782136	0.0	2379358	7647.294999337227	4.0
28765.576264011408	600.0	11.863302561320815	0.0	310841	1036.3786704613194	0.6
28771.404860699706	4000.0	10.034705873025999	0.0	1849252	5828.596688294817	4.0
28773.71022177682	1500.0	11.729344795914615	0.0	681795	2305.3610771113836	1.5
28779.785609781713	4000.0	9.653956791018656	0.0	1836837	6075.388004895961	4.0
28781.9457124553	1500.0	11.493854117429086	0.0	644861	2160.10267358957	1.5
28788.65306165021	4000.0	8.786504922524015	0.0	2068230	6707.349194905071	4.0
28789.70273560679	600.0	11.736830965943064	0.0	302611	1049.6739565809503	0.6
28797.833813499343	4000.0	7.605753073390817	0.0	2165436	8131.077892552246	4.0
28799.067951356432	600.0	10.371615216299015	0.0	302752	1234.1378570918016	0.6
28801.856050423667	1500.0	11.583516149067277	0.0	757473	2788.0990672317375	1.5
28808.049533684392	4000.0	9.390032888342757	0.0	1947068	6193.483260724518	4.0
28810.11925070625	1500.0	11.320315866481616	0.0	633700	2069.717021861141	1.5
28816.93319762043	4000.0	8.506368952304848	0.0	2125133	6813.946914176767	4.0
28817.91609126615	600.0	11.523475306581041	0.0	284451	982.8936457238082	0.6
28823.610037675004	4000.0	9.829528897726824	0.0	1785821	5693.9464088542145	4.0
28825.799305401142	1500.0	11.640261171589119	0.0	681043	2189.2677261377057	1.5
28831.947911862495	4000.0	9.491654710235293	0.0	1955307	6148.6064613538265	4.0
28834.245474970267	1500.0	11.19409160246587	0.0	691256	2297.563107769424	1.5
28841.0451445442	4000.0	8.39442202853103	0.0	2094647	6799.669573934838	4.0
28842.135254149252	600.0	11.30431242348393	0.0	315398	1090.1096050471006	0.6
28848.05683209943	4000.0	9.38273447330344	0.0	1830641	5921.577950180491	4.0
28850.58451842399	1500.0	10.855048148738714	0.0	767059	2527.686324564728	1.5
28853.341889218045	1500.0	12.097677354689274	0.0	848035	2757.3707940494382	1.5
28860.1989295208	4000.0	9.240637051930895	0.0	2171279	6857.040302758379	4.0
28862.697759397033	1500.0	10.74180717569779	0.0	763847	2498.8298762331046	1.5
28865.36662244559	1500.0	12.072944127145526	0.0	769491	2668.863048552264	1.5
28872.29191882677	4000.0	9.14764774596084	0.0	2034636	6925.296381184684	4.0

