33176.54974112115	600.0	4.0	0.8320453464706218	247108	832.0453464706218	-16.040906929412433
33177.5723451194	600.0	6.9773960017499475	0.0	309722	1022.6039982500523	0.6
33178.53020105306	600.0	10.01954006809579	0.0	288447	957.8559336541571	0.6
33179.461412130986	600.0	13.088328990166053	0.0	279692	931.2110779297358	0.6
33180.51027447477	600.0	16.039466646377416	0.0	318350	1048.8623437886367	0.6
33180.88748559074	200.0	19.66225553040534	0.0	97658	377.2111159720769	0.2
33181.31988549183	200.0	23.229855629315423	0.0	115792	432.3999010899131	0.2
33182.23627831705	600.0	26.31346280410096	0.0	274823	916.3928252144638	0.6
33192.42536576431	8000.0	20.12437535683257	0.0	3448932	10189.08744726839	8.0
33202.602565137415	8000.0	13.94717598373391	0.0	3624869	10177.19937309866	8.0
33202.94381226956	200.0	17.605928851589955	0.0	95365	341.24713214395786	0.2
33203.806263387596	600.0	20.743477733554137	0.0	285624	862.4511180358182	0.6
33205.54661883053	1500.0	23.00312229062019	0.0	606092	1740.3554429339454	1.5
33205.848149495185	200.0	26.70159162596245	0.0	80867	301.53066465774066	0.2
33206.651672420914	600.0	29.898068700235644	0.0	264113	803.5229257268089	0.6
33206.990212981815	200.0	33.55952813933436	0.0	94377	338.5405609012773	0.2
33211.81294020477	4000.0	32.73680091637697	0.0	1835863	4822.727222957386	4.0
33223.63853434574	12000.0	24.911206775414968	0.0	4055239	11825.594140962005	12.0
33224.01064944845	200.0	28.539091672702064	0.0	90919	372.1151027129059	0.2
33226.21872109647	1500.0	30.331020024677002	0.0	662349	2208.0716480250608	1.5
33237.98052041005	8000.0	22.569220711099128	0.0	3690869	11761.799313577876	8.0
33238.37600163899	200.0	26.173739482154787	0.0	97742	395.4812289443425	0.2
33238.7809496933	200.0	29.768791427848843	0.0	100675	404.94805430594505	0.2
33239.137730875846	200.0	33.41201024530259	0.0	85752	356.78118254624684	0.2
33240.337543669615	600.0	36.21219745153204	0.0	346939	1199.8127937705515	0.6
33240.743892542945	200.0	39.80584857819884	0.0	101109	406.34887333319887	0.2
33257.41665041098	12000.0	27.133090710167544	0.0	5138482	16672.757868031298	12.0
33267.93186748715	8000.0	20.617873634003605	0.0	3354913	10515.217076163937	8.0
33269.03007768819	600.0	23.51966343295402	0.0	291029	1098.2102010495873	0.6
33270.17280821188	600.0	26.376932909270906	0.0	302752	1142.7305236831135	0.6
33271.09657030573	600.0	29.45317081541601	0.0	240372	923.7620938548957	0.6
33273.676696235394	1500.0	30.873044885752332	0.0	712239	2580.1259296636754	1.5
33275.9811318555	1500.0	32.56860926564747	0.0	633700	2304.4356201048686	1.5
33282.59254415627	4000.0	29.95719696486925	0.0	2125133	6611.4123007782155	4.0
33283.48868618085	600.0	33.061054940301865	0.0	284451	896.142024567381	0.6
33283.82057464135	200.0	36.72916647979796	0.0	87791	331.8884605039003	0.2
33284.19348381377	200.0	40.35625730737799	0.0	102088	372.9091724199767	0.2
33286.75889939702	1500.0	41.79084172412684	0.0	866245	2565.4155832511433	1.5
33303.66342786962	12000.0	28.886313251527362	0.0	5257310	16904.52847259948	12.0
33304.6816553206	600.0	31.868085800546968	0.0	284107	1018.2274509803922	0.6
33322.02788262856	12000.0	18.521858492593328	0.0	4828747	17346.22730795364	12.0
33322.456207364754	200.0	22.09353375639333	0.0	101713	428.32473619999575	0.2
33328.3478295475	4000.0	20.201911573648953	0.0	1697030	5891.622182744376	4.0
33328.7599731232	200.0	23.789767997954943	0.0	96988	412.1435756940134	0.2
33329.85126046859	600.0	26.698480652565948	0.0	290170	1091.2873453889952	0.6
33332.63622085104	1500.0	27.913520270112755	0.0	763847	2784.9603824531896	1.5
33335.44116795387	1500.0	29.1085731672842	0.0	769491	2804.94710282856	1.5
33353.702628573	12000.0	14.847112548153564	0.0	5646381	18261.460619130634	12.0

