19574.72282729146	600.0	4.0	0.8301476112776534	247108	830.1476112776534	-16.002952225553067
19575.743052692746	600.0	6.979774598717413	0.0	309722	1020.2254012825865	0.6
19576.698693416758	600.0	10.024133874701173	0.0	288447	955.640724016241	0.6
19578.959700512725	1500.0	11.763126778734868	0.0	718451	2261.007095966304	1.5
19581.23845131909	1500.0	13.48437597237506	0.0	724296	2278.7508063598075	1.5
19583.412570394714	1500.0	15.310256896747996	0.0	689829	2174.1190756270635	1.5
19585.56362362327	1500.0	17.159203668190898	0.0	737903	2151.0532285570985	1.5
19587.699622569322	1500.0	19.023204722139912	0.0	780303	2135.998946050985	1.5
19590.1285139467	1500.0	20.59431334476029	0.0	891463	2428.89137737962	1.5
19592.219166736373	1500.0	22.503660555088995	0.0	763093	2090.6527896712996	1.5
19594.32621633785	1500.0	24.396610953613465	0.0	769316	2107.049601475529	1.5
19598.991198198702	4000.0	23.731629092759132	0.0	1761739	4664.981860854333	4.0
19604.610665385186	4000.0	22.1121619062744	0.0	2131310	5619.4671864847305	4.0
19609.31578126393	4000.0	21.407046027531052	0.0	1805063	4705.1158787433515	4.0
19611.327035783204	1500.0	23.395791508254135	0.0	754517	2011.254519276916	1.5
19613.799595053722	1500.0	24.923232237737416	0.0	934743	2472.5592705167173	1.5
19618.799665264076	4000.0	23.92316202738274	0.0	1835863	5000.070210354675	4.0
19624.864959130835	4000.0	21.857868160625085	0.0	2192675	6065.293866757656	4.0
19627.041606193914	1500.0	23.681221097545365	0.0	747396	2176.6470630797194	1.5
19628.99456649931	1500.0	25.72826079214789	0.0	662349	1952.9603053974763	1.5
19631.437751964655	1500.0	27.28507532680555	0.0	835711	2443.185465342335	1.5
19636.970745697246	4000.0	25.75208159421706	0.0	1950922	5532.993732588495	4.0
19642.03878170655	4000.0	24.684045584911285	0.0	1849252	5068.036009305776	4.0
19646.952860734076	4000.0	23.769966557386564	0.0	1822097	4914.079027524719	4.0
19651.659872715118	4000.0	23.06295457634212	0.0	1836837	4707.011981044445	4.0
19656.72311041431	4000.0	21.999716877148828	0.0	1984579	5063.23769919329	4.0
19658.76164400664	1500.0	23.961183284820027	0.0	794014	2038.533592328801	1.5
19663.91138901944	4000.0	22.811438272024418	0.0	2055338	5149.74501279561	4.0
19669.62124422755	4000.0	21.101583063909224	0.0	2165436	5709.855208115194	4.0
19675.09772422755	4000.0	19.625103063909226	0.0	2002600	5476.48	4.0
19677.127384078165	1500.0	21.59544321329639	0.0	757473	2029.6598506128319	1.5
19681.886711163	4000.0	20.83611612846102	0.0	1947068	4759.327084835376	4.0
19683.48966237665	1500.0	23.23316491481045	0.0	633700	1602.951213650565	1.5
19688.82938952098	4000.0	21.893437770478897	0.0	2125133	5339.727144331555	4.0
19693.628503026473	4000.0	21.094324264986696	0.0	1828568	4799.1135054922015	4.0
19698.35611801211	4000.0	20.366709279349806	0.0	1785821	4727.614985636891	4.0
19700.237908444837	1500.0	22.484918846623312	0.0	681043	1881.7904327264912	1.5
19705.49093488464	4000.0	21.231892406819753	0.0	1955307	5253.0264398035615	4.0
19707.39352341239	1500.0	23.329303879072327	0.0	691256	1902.588527747427	1.5
19712.926114643167	4000.0	21.79671264829058	0.0	2094647	5532.591230781745	4.0
19718.15230674058	4000.0	20.570520550881795	0.0	1985434	5226.192097408784	4.0
19722.892501483784	4000.0	19.830325807675532	0.0	1830641	4740.1947432062625	4.0
19727.292567671015	4000.0	19.430259620442033	0.0	1697030	4400.066187233501	4.0
19729.880516596415	1500.0	20.842310695043402	0.0	848035	2587.948925398631	1.5
19731.826900584554	1500.0	22.89592670690404	0.0	629438	1946.3839881393624	1.5
19737.91290772888	4000.0	20.809919562575725	0.0	2042818	6086.007144328317	4.0
19742.5045407895	4000.0	20.218286501955998	0.0	1750852	4591.633060619726	4.0
19744.668251412448	1500.0	22.054575879009406	0.0	808636	2163.7106229465953	1.5

