7605.555788274362	600.0	4.0	0.8166051234280391	247108	816.6051234280392	0.007352607	-15.732102468560784
7605.929756043342	200.0	7.626032231020028	0.0	98617	373.96776897997205	0.004705182	0.2
7606.3271507336085	200.0	11.228637540754542	0.0	106476	397.3946902654867	0.004705182	0.2
7606.75064025387	200.0	14.805148020493712	0.0	115230	423.48952026082907	0.004705182	0.2
7607.121749336311	200.0	18.4340389380531	0.0	97658	371.10908244061477	0.004705182	0.2
7607.492858418752	200.0	22.06292985561248	0.0	97658	371.10908244061477	0.004705182	0.2
7607.918023206828	200.0	25.637765067536098	0.0	115792	425.16478807638566	0.004705182	0.2
7608.318989019591	200.0	29.236799254774102	0.0	107674	400.9658127619935	0.004705182	0.2
7608.683084035892	200.0	32.87270423847229	0.0	95305	364.0950163018165	0.004705182	0.2
7609.077345796488	200.0	36.4784424778761	0.0	105425	394.2617605961807	0.008051729	0.2
7609.4416196670045	200.0	40.114168607359105	0.0	95365	364.2738705170005	0.004705182	0.2
7609.805824976739	200.0	43.74996329762459	0.0	95342	364.20530973451326	0.004705182	0.2
7610.191126141155	200.0	47.36466213320913	0.0	102419	385.30116441546346	0.006605344	0.2
7610.512182871476	200.0	51.043605402887756	0.0	80867	321.05673032137867	0.004705182	0.2
7610.838852643252	200.0	54.71693563111319	0.0	82750	326.6697717745692	0.007741126	0.2
7625.830181245424	12000.0	43.72560702894088	0.0	5443841	14991.3286021723	0.23552348	12.0
7626.133216975371	200.0	47.42257129899296	0.0	89871	303.03572994792	0.004705182	0.2
7633.897596150131	12000.0	43.65819212423338	0.0	4055239	7764.3791747595815	0.004705182	12.0
7634.149880957559	200.0	47.40590731680526	0.0	90919	252.28480742811124	0.006221168	0.2
7634.392609651481	200.0	51.163178622883244	0.0	85876	242.7286939220238	0.2125184	0.2
7644.796751140623	12000.0	44.759037133741145	0.0	5251330	10404.141489142097	0.013015922	12.0
7645.070601947575	200.0	48.485186326789716	0.0	97742	273.85080695143415	0.023153968	0.2
7657.779963939996	12000.0	39.775824334367904	0.0	5141915	12709.361992421806	0.004705182	12.0
7658.049100164528	200.0	43.506688109835906	0.0	85752	269.13622453199525	0.004705182	0.2
7658.337654657097	200.0	47.21813361726609	0.0	94556	288.5544925698216	0.004705182	0.2
7665.592737781357	8000.0	43.96305049300704	0.0	3253093	7255.08312425905	0.0050588194	8.0
7681.59964805026	12000.0	31.9561402241044	0.0	5138482	16006.910268902642	0.004705182	12.0
7690.423374898889	8000.0	27.1324133754754	0.0	3354913	8823.726848629	0.004705182	8.0
7690.6994898642015	200.0	30.85629841016321	0.0	93993	276.1149653121903	0.042006236	0.2
7690.982052067529	200.0	34.573736206835264	0.0	97083	282.5622033279433	0.66398364	0.2
7691.258144081508	200.0	38.29764419285582	0.0	93982	276.09201397944815	0.3869985	0.2
7698.719500112495	8000.0	34.83628816186991	0.0	3568902	7461.356030985908	0.01626677	8.0
7700.063755277771	1500.0	37.49203299659354	0.0	633700	1344.2551652763752	0.70665175	1.5
7700.3221555072	200.0	41.233632767164245	0.0	89422	258.40022942929465	0.6565371	0.2
7700.61806842382	200.0	44.93771985054434	0.0	108225	295.912916619908	0.11207954	0.2
7700.87321474734	200.0	48.68257352702409	0.0	87791	255.1463235202434	0.3628567	0.2
7702.311920965622	1500.0	51.24386730874207	0.0	681043	1438.7062182820234	0.5996874	1.5
7711.12515074679	8000.0	46.43063752757414	0.0	3739359	8813.229781167922	0.3348799	8.0
7724.751152751778	12000.0	36.80463552258571	0.0	5257310	13626.002004988433	0.004705182	12.0
7725.051383040247	200.0	40.504405234117684	0.0	101968	300.2302884680282	0.26111418	0.2
7735.245430386129	12000.0	34.31035788823512	0.0	4828747	10194.04734588257	0.004705182	12.0
7739.046321731332	4000.0	34.50946654303209	0.0	1830641	3800.8913452030206	0.06370598	4.0
7742.404023324765	4000.0	35.15176494959896	0.0	1697030	3357.7015934331243	0.16086042	4.0
7746.174408645867	4000.0	35.38137962849804	0.0	1910697	3770.3853211009173	0.69522035	4.0
7758.924357467803	12000.0	26.631430806561678	0.0	5626380	12749.948821936363	0.4544832	12.0
7774.539345292231	12000.0	15.016442982133459	0.0	5875126	15614.98782442822	0.5997636	12.0
7779.034358749897	4000.0	14.521429524467182	0.0	1750852	4495.013457666277	0.004705182	4.0
7783.589098066195	4000.0	13.966690208169123	0.0	2034636	4554.739316298059	0.05971682	4.0

