31041.013388893305	600.0	4.0	0.54129671329732	247108	541.29671329732	0.6939927	-10.2259342659464
31041.277485312585	200.0	7.735903580720811	0.0	98617	264.09641927918886	0.004705182	0.2
31041.55625276991	200.0	11.457136123394276	0.0	106476	278.7674573265351	0.004705182	0.2
31041.85136203498	200.0	15.162026858322932	0.0	115230	295.1092650713461	0.004705182	0.2
31042.113668210528	200.0	18.899720682775442	0.0	97658	262.3061755474921	0.004705182	0.2
31042.37597438608	200.0	22.63741450722795	0.0	97658	262.3061755474921	0.004705182	0.2
31042.67213278251	200.0	26.341256110793502	0.0	115792	296.1583964344468	0.004705182	0.2
31042.953136644417	200.0	30.060252248888688	0.0	107674	281.0038619048175	0.004705182	0.2
31060.913823510386	12000.0	16.099565382917984	0.0	6619479	17960.686865970703	0.004705182	12.0
31061.332958747833	200.0	19.680430145469302	0.0	105425	419.1352374486808	0.004705182	0.2
31061.554344959844	200.0	23.459043933460404	0.0	95365	221.38621200889548	0.011009575	0.2
31061.77569707252	200.0	27.23769182078435	0.0	95342	221.35211267605635	0.004705182	0.2
31062.754276761178	1500.0	30.259112132126084	0.0	606092	978.5796886582655	0.004705182	1.5
31063.943262676672	1500.0	33.07012621663313	0.0	748011	1188.9859154929577	0.03083707	1.5
31065.14189425562	1500.0	35.871494637685764	0.0	754517	1198.6315789473683	0.004705182	1.5
31066.607725241534	1500.0	38.40566365177027	0.0	934743	1465.8309859154929	0.004705182	1.5
31075.57306195083	12000.0	33.440326942476695	0.0	5964284	8965.336709293584	0.004705182	12.0
31081.734875139187	12000.0	31.278513754118443	0.0	4055239	6161.813188358251	0.010962909	12.0
31095.47723213216	12000.0	21.536156761144223	0.0	5385367	13742.356992974217	0.0065494953	12.0
31095.6599546202	200.0	25.353434273105943	0.0	85876	182.7224880382775	0.004705182	0.2
31096.739608926422	1500.0	28.27377996688585	0.0	835711	1079.6543062200958	0.020213202	1.5
31101.490986916855	8000.0	27.522401976455228	0.0	3905272	4751.377990430622	0.009010856	8.0
31104.309636039663	4000.0	28.703752853648208	0.0	1849252	2818.6491228070186	1.0642965	4.0
31110.940560341158	8000.0	26.072828552153734	0.0	4032749	6630.924301494478	0.005591993	8.0
31127.87506620358	8000.0	13.13832268972727	0.0	4925863	16934.505862426464	0.01490624	8.0
31130.07714843143	1500.0	14.936240461883333	0.0	644861	2202.082227843936	0.19455677	1.5
31132.684889044314	1500.0	16.328499848996607	0.0	794014	2607.740612886726	0.004705182	1.5
31132.89555073668	200.0	20.117838156632	0.0	103756	210.66169236460377	0.004705182	0.2
31133.826482552537	1500.0	23.186906340775625	0.0	675709	930.9318158563749	0.22253591	1.5
31139.49228375361	8000.0	21.521105139702055	0.0	4435580	5665.801201073568	0.03780046	8.0
31142.457008710913	4000.0	22.556380182400773	0.0	2290706	2964.7249573012837	0.76240826	4.0
31145.015982256937	4000.0	23.997406636376706	0.0	1947068	2558.9735460240668	0.40436605	4.0
31152.296351220586	12000.0	20.717037672730477	0.0	5639869	7280.3689636462295	0.4646053	12.0
31155.661066232828	4000.0	21.352322660489236	0.0	2125133	3364.7150122412377	0.01831593	4.0
31161.900866048007	8000.0	19.11252284530717	0.0	3707853	6239.799815182067	0.651632	8.0
31168.478578135433	8000.0	16.534810757882372	0.0	4086583	6577.712087424797	0.0057205115	8.0
31174.86415863738	8000.0	14.149230255934949	0.0	4018228	6385.580501947425	0.38652077	8.0
31177.994500089382	4000.0	15.018888803935182	0.0	1955307	3130.341451999766	0.67228705	4.0
31185.27876938258	8000.0	11.734619510736781	0.0	4857577	7284.269293198401	0.071005	8.0
31188.033797079213	4000.0	12.979591814106673	0.0	2094647	2755.02769663011	0.10877944	4.0
31192.187601973616	8000.0	12.825786919705063	0.0	3189942	4153.80489440161	0.032020006	8.0
31197.170900115405	8000.0	11.84248877791692	0.0	4074581	4983.298141788142	0.0660952	8.0
31201.627556798157	8000.0	11.385832095163703	0.0	3735285	4456.656682753217	0.081413135	8.0
31210.24763934243	8000.0	6.7657495508899155	0.0	4340973	8620.082544273788	0.056390986	8.0
31216.059037668747	4000.0	4.954351224575528	0.0	2171279	5811.398326314387	0.07485856	4.0
31218.190184285286	1500.0	6.8232046080341755	0.0	763847	2131.1466165413535	0.06803531	1.5
31220.336486648335	1500.0	8.676902244983692	0.0	769491	2146.3023630504836	0.15398636	1.5
31226.668181252728	4000.0	6.3452076405916245	0.0	2034636	6331.694604392068	0.017904054	4.0

