21739.022865263163	600.0	4.0	0.6998717526613674	247108	699.8717526613674	-13.397435053227348
21739.87980457301	600.0	7.143060690152548	0.0	309722	856.9393098474517	0.6
21740.68337543045	600.0	10.339489832714046	0.0	288447	803.5708574385025	0.6
21742.565613644394	1500.0	12.457251618769892	0.0	718451	1882.2382139441545	1.5
21744.462514072406	1500.0	14.560351190756156	0.0	724296	1896.9004280137342	1.5
21746.27295384476	1500.0	16.749911418403023	0.0	689829	1810.4397723531351	1.5
21748.203987505767	1500.0	18.81887775739617	0.0	737903	1931.0336610068514	1.5
21750.1527771184	1500.0	20.87008814476444	0.0	780303	1948.7896126317296	1.5
21754.56850793421	4000.0	20.454357328953083	0.0	1857129	4415.73081581136	4.0
21756.430056677156	1500.0	22.592808586011728	0.0	763093	1861.5487429413567	1.5
21762.01288772495	4000.0	21.00997753821707	0.0	2094766	5582.831047794656	4.0
21767.351908229066	4000.0	19.670957034103186	0.0	1761739	5339.020504113883	4.0
21769.24117183473	1500.0	21.781693428438903	0.0	606092	1889.2636056642848	1.5
21773.708532292865	4000.0	21.314332970304964	0.0	1805063	4467.36045813394	4.0
21775.6127721345	1500.0	23.41009312866814	0.0	754517	1904.2398416368226	1.5
21777.952754907972	1500.0	25.070110355196995	0.0	934743	2339.9827734711457	1.5
21782.963006308462	4000.0	24.059858954709043	0.0	1835863	5010.251400487952	4.0
21789.278950779568	4000.0	21.743914483602197	0.0	2192675	6315.944471106845	4.0
21791.079160989226	1500.0	23.94370427394423	0.0	747396	1800.2102096579645	1.5
21795.794620645487	4000.0	23.228244617682517	0.0	2164412	4715.459656261713	4.0
21797.664439138818	1500.0	25.35842612434847	0.0	835711	1869.8184933340474	1.5
21802.225019288602	4000.0	24.797845974564957	0.0	1950922	4560.580149783513	4.0
21806.91640466647	4000.0	24.10646059669921	0.0	1849252	4691.385377865748	4.0
21811.53777453638	4000.0	23.48509072678897	0.0	1822097	4621.369869910238	4.0
21816.190077537452	4000.0	22.83278772571549	0.0	1836837	4652.303001073479	4.0
21821.12767224556	4000.0	21.89519301760717	0.0	1984579	4937.594708108321	4.0
21825.82993171589	4000.0	21.192933547275285	0.0	2068230	4702.259470331881	4.0
21830.50337902844	4000.0	20.519486234726397	0.0	2055338	4673.4473125488885	4.0
21832.452779498657	1500.0	22.57008576451218	0.0	675709	1949.4004702142176	1.5
21838.11688545892	4000.0	20.90597980424728	0.0	2002600	5664.1059602649	4.0
21840.309044399317	1500.0	22.71382086384993	0.0	757473	2192.1589403973517	1.5
21846.760215824965	4000.0	20.262649438200125	0.0	1947068	6451.171425649802	4.0
21848.944482801555	1500.0	22.078382461610385	0.0	633700	2184.2669765897394	1.5
21851.391741364394	1500.0	23.631123898774675	0.0	755142	2447.2585628357083	1.5
21855.802019027054	4000.0	23.220846236114088	0.0	1828568	4410.277662660589	4.0
21860.11106644876	4000.0	22.91179881441022	0.0	1785821	4309.047421703866	4.0
21861.963951714843	1500.0	25.058913548326988	0.0	681043	1852.8852660832297	1.5
21868.097533758184	4000.0	22.925331504983337	0.0	1955307	6133.582043343654	4.0
21870.317645213294	1500.0	24.705220049874978	0.0	691256	2220.1114551083597	1.5
21875.79561521718	4000.0	23.2272500459914	0.0	2094647	5477.970003883576	4.0
21880.775804024484	4000.0	22.247061238685912	0.0	1985434	4980.188807305485	4.0
21885.298713775857	4000.0	21.724151487312366	0.0	1830641	4522.909751373545	4.0
21889.48172237401	4000.0	21.54114288915893	0.0	1697030	4183.008598153437	4.0
21893.87098470363	4000.0	21.151880559539112	0.0	1910697	4389.262329619818	4.0
21895.270837922333	1500.0	23.75202734083498	0.0	629438	1399.853218704131	1.5
21899.634373254692	4000.0	23.38849200848019	0.0	2042818	4363.535332354792	4.0
21903.512402771365	4000.0	23.51046249180429	0.0	1750852	3878.0295166758974	4.0
21908.27376256429	4000.0	22.74910269887935	0.0	2034636	4761.359792924936	4.0

