1467.0487589870088	600.0	4.0	0.8456031912009604	247108	845.6031912009604	0.03427845	-16.312063824019205
1467.4342994385793	200.0	7.614459548429573	0.0	98617	385.5404515704272	0.004705182	0.2
1467.8441890633035	200.0	11.204569923705513	0.0	106476	409.88962472406183	0.004705182	0.2
1468.281200797938	200.0	14.767558189070913	0.0	115230	437.0117346345998	0.004705182	0.2
1468.6637700245367	200.0	18.38498896247241	0.0	97658	382.5692265985051	0.004705182	0.2
1469.0463392511354	200.0	22.002419735873904	0.0	97658	382.5692265985051	0.004705182	0.2
1469.485092204158	200.0	25.563666782851172	0.0	115792	438.7529530227335	0.004705182	0.2
1469.8986935364069	200.0	29.150065450602227	0.0	107674	413.6013322489447	0.004705182	0.2
1472.7406717711772	1500.0	30.308087215832078	0.0	891463	2841.978234770149	0.0049174796	1.5
1489.3690454815728	12000.0	17.679713505436258	0.0	5088378	16628.37371039582	0.01430191	12.0
1489.6960690694568	200.0	21.352689917552368	0.0	95365	327.02358788388995	0.004705182	0.2
1490.0230330805302	200.0	25.02572590647885	0.0	95342	326.96401107351585	0.31328723	0.2
1490.3683286171265	200.0	28.680430369882828	0.0	102419	345.29553659602715	0.004705182	0.2
1492.3858985955947	1500.0	30.66286039141466	0.0	748011	2017.569978468164	0.004705182	1.5
1494.42032104051	1500.0	32.62843794649893	0.0	754517	2034.4224449157346	0.004705182	1.5
1496.9215821909254	1500.0	34.127176796083674	0.0	934743	2501.2611504152565	0.004705182	1.5
1498.9098311154264	1500.0	36.13892787158257	0.0	735572	1988.2489245011132	0.004705182	1.5
1509.4526216456068	12000.0	29.59613734140231	0.0	4055239	10542.790530180251	0.004705182	12.0
1511.4063522358513	1500.0	31.64240675115772	0.0	747396	1953.7305902445905	0.004705182	1.5
1513.1468689936582	1500.0	33.90188999335073	0.0	662349	1740.5167578069916	0.004846974	1.5
1521.7822807293542	8000.0	29.266478257654978	0.0	3690869	8635.411735695749	0.009495609	8.0
1523.5771005060687	1500.0	31.471658480940462	0.0	806394	1794.8197767145134	0.004705182	1.5
1533.50872463227	8000.0	25.540034354738992	0.0	3805854	9931.62412620147	0.007153216	8.0
1535.7262643116997	1500.0	27.322494675309592	0.0	681795	2217.5396794294	0.0068323133	1.5
1538.761015162999	1500.0	28.287743824010157	0.0	855209	3034.7508512994345	0.004705182	1.5
1542.8077123295823	1500.0	28.24104665742679	0.0	644861	4046.697166583369	0.020873493	1.5
1547.771885948436	1500.0	27.27687303857323	0.0	794014	4964.173618853562	0.004705182	1.5
1551.128185126735	1500.0	27.92057386027427	0.0	914284	3356.299178298956	0.004705182	1.5
1553.4257147653286	1500.0	29.623044221680516	0.0	675709	2297.5296385937563	0.01103478	1.5
1555.8276641438413	1500.0	31.221094843167986	0.0	707527	2401.9493785125323	0.004705182	1.5
1570.8572327793117	8000.0	20.191526207697432	0.0	4025712	15029.568635470552	0.33620977	8.0
1572.6925158068982	1500.0	22.356243180110905	0.0	712239	1835.2830275865256	0.004788355	1.5
1574.3342427757689	1500.0	24.714516211240092	0.0	633700	1641.726968870816	0.004705182	1.5
1579.7160519578442	4000.0	23.332707029164784	0.0	2125133	5381.809182075307	1.112925	4.0
1581.594350443785	1500.0	25.454408543223906	0.0	670327	1878.2984859408798	0.2457455	1.5
1586.4652050572222	4000.0	24.583553929786838	0.0	1785821	4870.854613437066	0.6029245	4.0
1602.6211220625	8000.0	12.427636924508905	0.0	4018228	16155.917005277934	0.28550234	8.0
1605.6342522341295	1500.0	13.41450675287959	0.0	866245	3013.1301716293146	0.32840523	1.5
1608.0548646820164	1500.0	14.993894304992683	0.0	691256	2420.612447886907	0.004705182	1.5
1608.4801312259397	200.0	18.568627761069546	0.0	101968	425.26654392313714	0.9556378	0.2
1613.444672441033	4000.0	17.604086545976262	0.0	1985434	4964.541215093285	0.19984078	4.0
1617.7586532733665	4000.0	17.29010571364275	0.0	1830641	4313.980832333512	0.014116454	4.0
1621.9253270234635	4000.0	17.12343196354566	0.0	1697030	4166.673750097088	0.091356464	4.0
1626.7614842803362	4000.0	16.28727470667306	0.0	1910697	4836.157256872599	0.37223515	4.0
1632.5508685617656	4000.0	14.497890425243515	0.0	2171279	5789.384281429546	0.696232	4.0
1638.3498439257075	4000.0	12.698915061301745	0.0	2042818	5798.9753639417695	0.07497139	4.0
1644.1637423367874	4000.0	10.885016650221642	0.0	1750852	5813.898411080104	0.008814709	4.0
1650.938825379791	4000.0	8.10993360721823	0.0	2034636	6775.083043003412	0.28292227	4.0

