19152.883107828657	600.0	4.0	1.032361315187282	247108	1032.361315187282	-20.04722630374564
19154.156785294632	600.0	6.726322534023847	0.0	309722	1273.6774659761531	0.6
19156.718190088082	1500.0	8.164917740575696	0.0	643847	2561.4047934481514	1.5
19159.567120836004	1500.0	9.315986992653258	0.0	718451	2848.930747922438	1.5
19162.387141538922	1500.0	10.495966289737314	0.0	724296	2820.0207029159424	1.5
19164.397711933	1500.0	12.4853958956564	0.0	689829	2010.570394080915	1.5
19166.54282326567	1500.0	14.340284562987739	0.0	737903	2145.1113326686605	1.5
19168.80659615752	1500.0	16.076511671136977	0.0	780303	2263.7728918507632	1.5
19171.38146383519	1500.0	17.501643993468228	0.0	891463	2574.8676776687485	1.5
19173.557880867356	1500.0	19.32522696130321	0.0	763093	2176.41703216502	1.5
19175.70173895156	1500.0	21.181368877099388	0.0	769316	2143.8580842038195	1.5
19180.507988343757	4000.0	20.375119484902743	0.0	1761739	4806.249392196643	4.0
19185.797339731875	4000.0	19.08576809678335	0.0	2131310	5289.351388119392	4.0
19189.99895863814	4000.0	18.88414919051551	0.0	1805063	4201.6189062678395	4.0
19195.02331356328	4000.0	17.85979426537885	0.0	2157416	5024.354925136663	4.0
19200.24656018558	4000.0	16.636547643075968	0.0	2231719	5223.246622302883	4.0
19205.769811570808	4000.0	15.113296257848141	0.0	1835863	5523.251385227825	4.0
19214.400712775277	4000.0	10.482395053378912	0.0	2192675	8630.90120446923	4.0
19219.164824336232	4000.0	9.718283492425245	0.0	2082556	4764.111560953666	4.0
19224.056574692517	4000.0	8.826533136139611	0.0	2164412	4891.750356285635	4.0
19225.85598986862	1500.0	11.027117960036637	0.0	835711	1799.4151761029743	1.5
19227.595087429287	1500.0	13.28802039937466	0.0	806394	1739.0975606619772	1.5
19229.340219426147	1500.0	15.542888402512236	0.0	809327	1745.1319968624225	1.5
19233.169052735906	4000.0	15.714055092753599	0.0	1822097	3828.8333097586383	4.0
19237.66575631724	4000.0	15.217351511417073	0.0	1836837	4496.703581336525	4.0
19242.648145349372	4000.0	14.234962479288496	0.0	1984579	4982.389032128576	4.0
19247.69765615615	4000.0	13.185451672510773	0.0	2068230	5049.510806777724	4.0
19252.66971649354	4000.0	12.213391335121228	0.0	2055338	4972.060337389545	4.0
19257.757831335795	4000.0	11.125276492865313	0.0	2165436	5088.114842255915	4.0
19262.417950836065	4000.0	10.46515699259372	0.0	2002600	4660.119500271592	4.0
19268.858472905264	4000.0	8.024634923395526	0.0	2290706	6440.522069198195	4.0
19274.750901516363	4000.0	6.132206312295431	0.0	1947068	5892.428611100094	4.0
19276.296951256096	1500.0	8.586156572561482	0.0	633700	1546.0497397339502	1.5
19278.12395414794	1500.0	10.759153680716485	0.0	755142	1827.0028918449973	1.5
19279.754739573043	1500.0	13.128368255615271	0.0	670327	1630.7854251012147	1.5
19281.65201892527	1500.0	15.231088903388551	0.0	785519	1897.2793522267207	1.5
19283.30759555916	1500.0	17.575512269496123	0.0	681043	1655.5766338924234	1.5
19285.405055473457	1500.0	19.478052355199154	0.0	866245	2097.459914296972	1.5
19287.127115602623	1500.0	21.755992226032795	0.0	691256	1722.0601291663575	1.5
19292.182893495876	4000.0	20.70021433278062	0.0	2094647	5055.777893252171	4.0
19296.922626541676	4000.0	19.960481286978936	0.0	1985434	4739.733045801687	4.0
19301.218082984262	4000.0	19.665024844395855	0.0	1830641	4295.456442583079	4.0
19305.20587050063	4000.0	19.677237328024944	0.0	1697030	3987.787516370911	4.0
19314.518947050146	8000.0	14.364160778509891	0.0	4340973	9313.076549515054	8.0
19322.99848861586	8000.0	9.884619212798585	0.0	3682991	8479.541565711306	8.0
19327.507786540806	4000.0	9.375321287852767	0.0	2042818	4509.2979249458185	4.0
19331.132873542992	4000.0	9.750234285663476	0.0	1750852	3625.0870021892915	4.0
19335.332560208564	4000.0	9.550547620093562	0.0	2034636	4199.686665569911	4.0

