5557.781433274441	600.0	4.0	0.6286183690177196	247108	628.6183690177196	-11.972367380354394
5558.54906450649	600.0	7.232368767952044	0.0	309722	767.6312320479555	0.6
5560.058505443396	1500.0	9.722927831046109	0.0	643847	1509.4409369059347	1.5
5561.733578916692	1500.0	12.047854357750424	0.0	718451	1675.0734732956832	1.5
5563.421629203231	1500.0	14.359804071211508	0.0	724296	1688.0502865389153	1.5
5565.033157364526	1500.0	16.74827590991716	0.0	689829	1611.528161294351	1.5
5566.75141731707	1500.0	19.030015957373	0.0	737903	1718.2599525441603	1.5
5569.224936148788	1500.0	20.556497125654655	0.0	780303	2473.5188317183406	1.5
5576.963594842536	4000.0	16.817838431907557	0.0	1857129	7738.658693747101	4.0
5579.884915940253	1500.0	17.896517334189628	0.0	763093	2921.321097717924	1.5
5582.7042184883785	1500.0	19.07721478606456	0.0	769316	2819.3025481250697	1.5
5585.434859636704	1500.0	20.3465736377392	0.0	744416	2730.6411483253587	1.5
5587.672970685997	1500.0	22.10846258844578	0.0	606092	2238.1110492934245	1.5
5590.574044329416	1500.0	23.207388945026505	0.0	748011	2901.0736434192713	1.5
5593.538214719076	1500.0	24.24321855536647	0.0	754517	2964.1703896600334	1.5
5597.191305958295	1500.0	24.590127316147225	0.0	934743	3653.0912392192467	1.5
5600.199429393864	1500.0	25.58200388057818	0.0	735572	3008.1234355690417	1.5
5603.45165757524	1500.0	26.329775699203243	0.0	772616	3252.2281813749387	1.5
5606.600336781788	1500.0	27.181096492654447	0.0	747396	3148.679206548795	1.5
5609.339993293874	1500.0	28.441439980568713	0.0	662349	2739.6565120857354	1.5
5612.533960690242	1500.0	29.247472584201688	0.0	835711	3193.967396367024	1.5
5615.618689148556	1500.0	30.162744125887762	0.0	806394	3084.7284583139262	1.5
5622.72635841049	4000.0	27.0550748639528	0.0	1849252	7107.669261934964	4.0
5625.443671951578	1500.0	28.337761322865354	0.0	681795	2717.313541087445	1.5
5628.8317840324235	1500.0	28.949649242020154	0.0	855209	3388.1120808451997	1.5
5630.716981847248	1500.0	31.064451427196413	0.0	644861	1885.1978148237408	1.5
5636.260179364252	4000.0	29.52125391019186	0.0	2068230	5543.197517004557	4.0
5641.776050944565	4000.0	28.005382329879293	0.0	2055338	5515.871580312565	4.0
5643.64597892589	1500.0	30.13545434855448	0.0	675709	1869.9279813248127	1.5
5649.030791760114	4000.0	28.75064151432988	0.0	2002600	5384.8128342246	4.0
5656.823126573667	4000.0	24.958306700776966	0.0	2290706	7792.334813552918	4.0
5664.057881777359	4000.0	21.723551497084678	0.0	1947068	7234.755203692287	4.0
5666.576831070152	1500.0	23.20460220429145	0.0	633700	2518.949292793226	1.5
5669.563179573953	1500.0	24.218253700490816	0.0	755142	2986.348503800635	1.5
5672.367679680392	1500.0	25.41375359405161	0.0	670327	2804.5001064392063	1.5
5675.663477853511	1500.0	26.117955420932862	0.0	785519	3295.7981731187474	1.5
5678.531566792435	1500.0	27.249866482008013	0.0	681043	2868.0889389248523	1.5
5681.611084157503	1500.0	28.17034911694015	0.0	866245	3079.517365067859	1.5
5683.733576493607	1500.0	30.04785678083674	0.0	691256	2122.492336103416	1.5
5685.958270861104	1500.0	31.823162413339045	0.0	725845	2224.694367497692	1.5
5692.193937358914	4000.0	29.587495915528823	0.0	1985434	6235.66649781022	4.0
5698.745777917489	4000.0	27.035655356953544	0.0	1830641	6551.84055857528	4.0
5704.137715342172	4000.0	25.64371793227184	0.0	1697030	5391.9374246817015	4.0
5709.875268084787	4000.0	23.906165189655805	0.0	1910697	5737.552742616034	4.0
5712.043707782574	1500.0	25.737725491869533	0.0	629438	2168.4396977862734	1.5
5714.86206273765	1500.0	26.919370536793462	0.0	763847	2818.3549550760686	1.5
5721.209438925236	4000.0	24.57199434920755	0.0	1750852	6347.376187585914	4.0
5724.0998253535445	1500.0	25.681607920899886	0.0	808636	2890.3864283076655	1.5

