27661.226672371275	600.0	4.0	0.6852674443525918	247108	685.2674443525918	0.009566987	-13.105348887051836
27661.54822529372	200.0	7.67844707755427	0.0	98617	321.55292244573036	0.004705182	0.2
27661.889028086043	200.0	11.337644285233154	0.0	106476	340.80279232111695	0.004705182	0.2
27662.251272965255	200.0	14.975399406019413	0.0	115230	362.2448792137411	0.004705182	0.2
27662.570476908797	200.0	18.656195462478188	0.0	97658	319.2039435412266	0.004705182	0.2
27662.889680852335	200.0	22.336991518936962	0.0	97658	319.2039435412266	0.004705182	0.2
27663.25330229687	200.0	25.973370074400663	0.0	115792	363.62144453629713	0.004705182	0.2
27663.597039475768	200.0	29.629632895502283	0.0	107674	343.73717889838036	0.004705182	0.2
27663.91047997055	200.0	33.31619240072258	0.0	95305	313.4404947797067	0.004705182	0.2
27664.24870843875	200.0	36.977963932518904	0.0	105425	338.228468203668	0.013575792	0.2
27664.562295897802	200.0	40.664376473469886	0.0	95365	313.58745904901866	0.004705182	0.2
27664.875827020544	200.0	44.3508453507241	0.0	95342	313.53112274578245	0.004705182	0.2
27665.206692578857	200.0	48.01997979241297	0.0	102419	330.8655583111356	0.010501507	0.2
27665.48476857163	200.0	51.74190379963871	0.0	80867	278.07599277425675	0.004705182	0.2
27665.767456793055	200.0	55.45921557821255	0.0	82750	282.6882214261658	0.012300972	0.2
27676.96249348741	12000.0	48.26417888386156	0.0	5443841	11195.036694350983	0.014542884	12.0
27677.196253833008	200.0	52.030418538259646	0.0	89871	233.76034560191624	0.004705182	0.2
27687.151032099264	12000.0	46.07564027200026	0.0	4055239	9954.778266259389	0.004705182	12.0
27687.591160831253	200.0	49.63551154001036	0.0	90919	440.12873198989945	0.009353972	0.2
27688.011314319396	200.0	53.215358051868556	0.0	85876	420.1534881418032	0.11181909	0.2
27704.400861024784	12000.0	40.82581134648079	0.0	5251330	16389.546705387766	0.12986238	12.0
27704.680156551734	200.0	44.54651581952781	0.0	97742	279.29552695297565	0.0074966364	0.2
27715.17022121291	12000.0	38.05645115835457	0.0	5141915	10490.06466117324	0.027578047	12.0
27715.420533030185	200.0	41.80613934107552	0.0	85752	250.3118172790467	0.004705182	0.2
27715.688330448258	200.0	45.53834192300203	0.0	94556	267.79741807348563	0.004705182	0.2
27722.229289733266	8000.0	42.99738263799706	0.0	3253093	6540.959285004966	0.004705182	8.0
27737.600572750547	12000.0	31.626099620716737	0.0	5138482	15371.283017280326	0.004705182	12.0
27751.607376635842	8000.0	21.619295735419218	0.0	3354913	14006.803885297519	0.004705182	8.0
27752.00679552204	200.0	25.21987684922067	0.0	93993	399.41888619854717	0.004705182	0.2
27752.41671523658	200.0	28.809957134680083	0.0	97083	409.91971454058876	0.004705182	0.2
27752.816096741193	200.0	32.4105756300711	0.0	93982	399.3815046089801	0.021948798	0.2
27760.829670136103	8000.0	28.397002235161665	0.0	3568902	8013.573394909438	0.039290223	8.0
27762.305542763	1500.0	30.921129608263527	0.0	633700	1475.8726268981375	0.1430378	1.5
27762.582515655602	200.0	34.644156715660586	0.0	89422	276.9728926029434	0.15876801	0.2
27762.900906558312	200.0	38.3257658129526	0.0	108225	318.3909027079863	0.044218037	0.2
27763.174286791527	200.0	42.05238557973813	0.0	87791	273.38023321447747	0.19227275	0.2
27763.47915951479	200.0	45.74751285647037	0.0	102088	304.8727232677561	0.62387	0.2
27770.24756810603	8000.0	42.97910426523092	0.0	3739359	6768.40859123944	0.7835405	8.0
27787.487596814	12000.0	29.73907555726534	0.0	5257310	17240.028707965586	0.004705182	12.0
27788.0070430242	200.0	33.219629347062245	0.0	101968	519.4462102030923	0.10093934	0.2
27804.50890579218	12000.0	20.717766579081097	0.0	4828747	16501.86276798115	0.09000493	12.0
27811.347311846774	4000.0	17.879360524488234	0.0	1830641	6838.406054592861	0.031192202	4.0
27817.049506641873	4000.0	16.177165729391003	0.0	1697030	5702.194795097233	0.004705182	4.0
27822.961358762204	4000.0	14.265313609057548	0.0	1910697	5911.852120333455	0.007901626	4.0
27824.63230485278	1500.0	16.594367518481558	0.0	629438	1670.9460905759915	0.084016554	1.5
27828.439862359766	4000.0	16.78681001149633	0.0	2042818	3807.5575069852316	0.026043748	4.0
27831.714665575826	4000.0	17.51200679543885	0.0	1750852	3274.8032160574785	0.004705182	4.0
27846.599211577428	12000.0	6.627460793835078	0.0	5646381	14884.546001603772	0.04638048	12.0

