33251.15090905456	600.0	4.0	0.9441650638223467	247108	944.1650638223466	0.028665507	-18.28330127644693
33251.575784032706	200.0	7.575125021856968	0.0	98617	424.874978143032	0.004705182	0.2
33252.02814283669	200.0	11.122766217870256	0.0	106476	452.35880398671094	0.004705182	0.2
33252.51111538434	200.0	14.639793670222065	0.0	115230	482.97254764819024	0.004705182	0.2
33252.93263662931	200.0	18.218272425249168	0.0	97658	421.52124497289736	0.004705182	0.2
33253.35415787428	200.0	21.79675118027627	0.0	97658	421.52124497289736	0.004705182	0.2
33253.83909580049	200.0	25.31181325406539	0.0	115792	484.937926210876	0.004705182	0.2
33254.29564414811	200.0	28.855264906452177	0.0	107674	456.5483476132191	0.004705182	0.2
33257.493192670576	1500.0	29.657716383983214	0.0	891463	3197.5485224689633	0.004705182	1.5
33260.24181655587	1500.0	30.90909249868858	0.0	763093	2748.623885294632	0.27822244	1.5
33261.946789485664	1500.0	33.20411956889415	0.0	769316	1704.9729297944298	0.036836058	1.5
33272.79978229377	12000.0	26.351126760789317	0.0	6760146	10852.992808104833	0.26966152	12.0
33273.96873741039	1500.0	29.18217164417337	0.0	606092	1168.9551166159479	0.004705182	1.5
33275.39267596383	1500.0	31.75823309072767	0.0	748011	1423.9385534457008	0.004705182	1.5
33276.82830373606	1500.0	34.32260531850214	0.0	754517	1435.6277722255288	0.004705182	1.5
33278.587740475974	1500.0	36.56316857858322	0.0	934743	1759.4367399189248	0.004705182	1.5
33279.98933009115	1500.0	39.161578963410236	0.0	735572	1401.589615172987	0.004705182	1.5
33286.24558244128	12000.0	36.90532661327866	0.0	4055239	6256.252350131572	0.48855013	12.0
33291.96262795261	8000.0	35.18828110194916	0.0	3873892	5717.045511329502	0.020834979	8.0
33301.737545482654	12000.0	29.41336357190357	0.0	5848459	9774.917530045586	0.04762167	12.0
33308.87707012454	8000.0	26.273838930016492	0.0	3690869	7139.524641887079	0.36097234	8.0
33310.501812234594	1500.0	28.649096819964292	0.0	806394	1624.7421100522008	0.15273981	1.5
33319.05727145915	8000.0	24.093637595411376	0.0	3805854	8555.459224552915	0.35855576	8.0
33320.708974601475	1500.0	26.441934453077028	0.0	681795	1651.7031423343467	0.045975365	1.5
33322.7265713927	1500.0	28.424337661855592	0.0	855209	2017.5967912214383	0.25018543	1.5
33329.84704103249	8000.0	25.303868022066066	0.0	3253093	7120.469639789528	0.004705182	8.0
33331.645476829	1500.0	27.505432225558604	0.0	794014	1798.4357965074598	0.19143611	1.5
33338.294927953284	8000.0	24.8559811012729	0.0	3354913	6649.451124285703	0.004705182	8.0
33345.79561434929	8000.0	21.355294705260516	0.0	3811227	7500.686396012385	0.004705182	8.0
33347.26380682489	1500.0	23.88710222966332	0.0	707527	1468.1924755971943	0.1360521	1.5
33355.00770173847	8000.0	20.143207316088642	0.0	4025712	7743.894913574678	0.004705182	8.0
33361.446972068334	8000.0	17.703936986222505	0.0	3568902	6439.270329866138	0.22242333	8.0
33362.65613437316	1500.0	20.494774681391448	0.0	633700	1209.1623048310578	0.9992922	1.5
33373.32813758772	8000.0	13.82277146683552	0.0	4271839	10672.003214555929	0.004705182	8.0
33376.06579245936	1500.0	15.085116595193137	0.0	670327	2737.654871642383	0.006347961	1.5
33379.260150671274	1500.0	15.89075838327917	0.0	785519	3194.358211913966	0.004705182	1.5
33382.04029141862	1500.0	17.110617635930573	0.0	681043	2780.1407473485974	0.01809662	1.5
33385.431284754406	1500.0	17.719624300148443	0.0	866245	3390.9933357821274	0.018378155	1.5
33388.10535924545	1500.0	19.045549809108007	0.0	691256	2674.0744910404355	0.6512104	1.5
33390.909235781706	1500.0	20.24167327284757	0.0	725845	2803.8765362604377	0.94118834	1.5
33393.82314562084	1500.0	21.327763433717408	0.0	811013	2913.9098391301604	0.407219	1.5
33403.32441444363	8000.0	15.82649461091906	0.0	4074581	9501.268822798349	0.045592986	8.0
33408.79385137532	4000.0	14.357057679238025	0.0	1697030	5469.436931681035	0.11256923	4.0
33414.71621163401	4000.0	12.434697420539083	0.0	1910697	5922.360258698943	0.42234895	4.0
33416.31716730871	1500.0	14.833741745843017	0.0	629438	1600.9556746960657	0.68301725	1.5
33421.33337330433	4000.0	13.817535750222689	0.0	2042818	5016.205995620328	0.06142066	4.0
33425.69721172311	4000.0	13.453697331436299	0.0	1750852	4363.838418786389	0.033766728	4.0
33430.84937775097	4000.0	12.30153130357802	0.0	2034636	5152.1660278582785	0.023480296	4.0

