34164.593302322995	600.0	4.0	1.0551215902925073	247108	1055.1215902925073	-20.502431805850144
34165.06245834332	200.0	7.530843979677404	0.0	98617	469.1560203225966	0.2
34166.28070921887	600.0	10.312593104128643	0.0	288447	1218.2508755487595	0.6
34169.19581403808	1500.0	11.397488284910965	0.0	718451	2915.104819217679	1.5
34175.48410733581	4000.0	9.10919498718424	0.0	2069289	6288.293297726725	4.0
34176.765324522705	1500.0	11.827977800296427	0.0	689829	1281.217186887815	1.5
34180.408861155855	4000.0	12.184441167150286	0.0	2046450	3643.536633146141	4.0
34184.0735792787	4000.0	12.519723044299734	0.0	2058614	3664.7181228505506	4.0
34192.28210884568	4000.0	8.311193477327167	0.0	1857129	8208.529566972567	4.0
34193.74598784328	600.0	10.847314479727123	0.0	309937	1463.8789976000448	0.6
34195.77726178134	1500.0	12.81604054166333	0.0	769316	2031.273938063792	1.5
34199.61789469443	4000.0	12.97540762858215	0.0	1761739	3840.632913081182	4.0
34204.24741907572	4000.0	12.345883247286705	0.0	2131310	4629.524381295445	4.0
34207.520317867515	4000.0	13.072984455488454	0.0	1805063	3272.8987917982513	4.0
34215.03300876815	8000.0	9.560293554857388	0.0	4228356	7512.690900631067	8.0
34217.548503817656	1500.0	11.044798505352437	0.0	934743	2515.4950495049507	1.5
34222.411888392955	4000.0	10.181413930052802	0.0	1835863	4863.384575299635	4.0
34224.504957699886	1500.0	12.08834462312211	0.0	772616	2093.069306930693	1.5
34227.672562055945	4000.0	12.92074026706774	0.0	2082556	3167.60435605437	4.0
34230.72930995214	4000.0	13.863992370869626	0.0	2164412	3056.7478961981146	4.0
34236.170064776474	8000.0	12.423237546539138	0.0	3690869	5440.754824330488	8.0
34240.07784130073	4000.0	12.515461022283484	0.0	1950922	3907.776524255654	4.0
34243.78613776415	4000.0	12.807164558850904	0.0	1849252	3708.29646343258	4.0
34247.71153691905	4000.0	12.881765403956932	0.0	1822097	3925.399154893971	4.0
34251.88687741484	4000.0	12.70642490815826	0.0	1836837	4175.340495798671	4.0
34257.37164506582	4000.0	11.221657257190866	0.0	1984579	5484.767650967395	4.0
34266.60008001255	4000.0	5.993222310459775	0.0	2068230	9228.434946731091	4.0
34266.89433571065	200.0	9.698966612362153	0.0	103756	294.25569809762266	0.2
34268.36967191777	1500.0	12.223630405243078	0.0	675709	1475.3362071190727	1.5
34272.58503238858	4000.0	12.00826993442405	0.0	2002600	4215.360470819029	4.0
34278.15192573352	4000.0	10.441376589492654	0.0	2290706	5566.893344931396	4.0
34280.51072592548	1500.0	12.08257639752337	0.0	712239	2358.8001919692847	1.5
34289.76454204443	4000.0	6.828760278577591	0.0	2544033	9253.816118945779	4.0
34290.246585487264	200.0	10.346716835747344	0.0	89422	482.043442830247	0.2
34293.34039165243	1500.0	11.25291067057467	0.0	670327	3093.8061651726753	1.5
34298.45440235852	4000.0	10.138899964490756	0.0	1785821	5114.010706083912	4.0
34299.77361993574	1500.0	12.819682387271996	0.0	681043	1319.21757721876	1.5
34303.41147282205	4000.0	13.181829500950748	0.0	1955307	3637.852886321248	4.0
34315.25640784323	8000.0	5.336894479771367	0.0	4857577	11844.93502117938	8.0
34315.61766493289	200.0	8.975637390109775	0.0	101968	361.2570896615926	0.2
34316.56762338618	600.0	12.025678936819656	0.0	315398	949.9584532901202	0.6
34320.67517805975	4000.0	11.918124263254882	0.0	1830641	4107.554673564772	4.0
34324.439318030716	4000.0	12.153984292291122	0.0	1697030	3764.1399709637594	4.0
34329.18704552772	4000.0	11.406256795289996	0.0	1910697	4747.727497001126	4.0
34335.503216993224	4000.0	9.090085329791325	0.0	2171279	6316.171465498672	4.0
34339.87837895555	1500.0	8.714923367462761	0.0	763847	4375.161962328564	1.5
34343.45932222281	600.0	9.133980100203704	0.0	256094	3580.943267259057	0.6
34348.533882623946	1500.0	8.059419699058965	0.0	808636	5074.5604011447385	1.5

