27118.23263716804	600.0	4.0	0.6337279067813226	247108	633.7279067813226	-12.074558135626452
27118.533621454193	200.0	7.699015713845551	0.0	98617	300.9842861544495	0.2
27119.259983180757	600.0	10.97265398728327	0.0	288447	726.3617265622812	0.6
27120.949912314398	1500.0	13.282724853645556	0.0	718451	1689.9291336377132	1.5
27122.652939120366	1500.0	15.579698047673734	0.0	724296	1703.0268059718217	1.5
27124.27873111499	1500.0	17.953906053051735	0.0	689829	1625.7919946219995	1.5
27126.01224894362	1500.0	20.220388224419484	0.0	737903	1733.5178286322512	1.5
27130.67928508233	4000.0	19.55335208571206	0.0	2058614	4667.036138707423	4.0
27134.87697361646	4000.0	19.355663551580523	0.0	1857129	4197.688534131537	4.0
27136.64892893921	1500.0	21.58370822883448	0.0	763093	1771.9553227460437	1.5
27141.56963444363	4000.0	20.663002724412976	0.0	2094766	4920.705504421505	4.0
27145.820479774557	4000.0	20.412157393486563	0.0	1761739	4250.845330926416	4.0
27152.252859063112	4000.0	17.97977810493192	0.0	2131310	6432.379288554643	4.0
27158.91885497081	4000.0	15.313782197235254	0.0	1805063	6665.995907696665	4.0
27160.819435878664	1500.0	17.413201289378218	0.0	754517	1900.5809078570355	1.5
27163.154885735396	1500.0	19.077751432644696	0.0	934743	2335.4498567335245	1.5
27165.009754081046	1500.0	21.222883086995473	0.0	735572	1854.8683456492233	1.5
27166.95400623004	1500.0	23.27863093799834	0.0	772616	1944.2521489971346	1.5
27174.141426199712	4000.0	20.091210968326525	0.0	2082556	7187.419969671812	4.0
27176.951566086875	1500.0	21.281071081163685	0.0	662349	2810.1398871628408	1.5
27180.11295092867	1500.0	22.11968623936697	0.0	835711	3161.384841796717	1.5
27182.50822072607	1500.0	23.724416441961758	0.0	806394	2395.269797405208	1.5
27184.91191157611	1500.0	25.320725591924973	0.0	809327	2403.6908500367867	1.5
27186.949440242643	1500.0	27.283196925389902	0.0	681795	2037.528666535073	1.5
27191.84907902609	4000.0	26.383558141943702	0.0	1836837	4899.638783446199	4.0
27196.670141213475	4000.0	25.562495954560347	0.0	1984579	4821.062187383352	4.0
27202.839310127736	4000.0	23.39332704030034	0.0	2068230	6169.168914260011	4.0
27210.963070307407	4000.0	19.269566860629297	0.0	2055338	8123.76017967104	4.0
27214.227279066574	1500.0	20.00535810146221	0.0	675709	3264.2087591670843	1.5
27217.64142685911	1500.0	20.59121030892547	0.0	707527	3414.147792536742	1.5
27220.720277027725	1500.0	21.512360140311547	0.0	757473	3078.8501686139207	1.5
27222.5763510891	1500.0	23.65628607893661	0.0	712239	1856.074061374936	1.5
27224.23657645263	1500.0	25.996060715409342	0.0	633700	1660.2253635272668	1.5
27226.199635536523	1500.0	28.03300163151364	0.0	755142	1963.059083895703	1.5
27230.877570779914	4000.0	27.3550663881198	0.0	1828568	4677.935243393841	4.0
27235.796210622764	4000.0	26.436426545269427	0.0	1785821	4918.63984285037	4.0
27241.333156189434	4000.0	24.899480978599435	0.0	2096494	5536.945566669992	4.0
27245.524452858073	4000.0	24.70818430996155	0.0	1955307	4191.296668637888	4.0
27250.109978845325	4000.0	24.122658322708777	0.0	2142800	4585.525987252776	4.0
27255.20098464955	4000.0	23.03165251848434	0.0	2094647	5091.005804224439	4.0
27260.122989923377	4000.0	22.109647244656852	0.0	1985434	4922.005273827488	4.0
27264.75095389757	4000.0	21.48168327046444	0.0	1830641	4627.963974192411	4.0
27269.062751039226	4000.0	21.169886128809594	0.0	1697030	4311.797141654848	4.0
27274.86010659308	4000.0	19.372530574953547	0.0	1910697	5797.355553856047	4.0
27277.045998737027	1500.0	21.186638431006074	0.0	629438	2185.8921439474734	1.5
27279.681579106305	1500.0	22.551058061727694	0.0	763847	2635.5803692783807	1.5
27286.462924892905	4000.0	19.769712275127237	0.0	1750852	6781.345786600456	4.0
27289.784032135074	1500.0	20.44860503296185	0.0	808636	3321.107242165385	1.5

