34532.557804784614	600.0	4.0	0.9248678334081244	247108	924.8678334081244	-17.897356668162487
34532.974978535065	200.0	7.582826249545911	0.0	98617	417.173750454089	0.2
34534.041185343194	600.0	10.516619441417184	0.0	288447	1066.2068081287262	0.6
34536.57758553979	1500.0	11.980219244823385	0.0	718451	2536.4001965937987	1.5
34543.37506617615	4000.0	9.182738608454107	0.0	2069289	6797.480636369279	4.0
34545.3175497657	1500.0	11.240255018909549	0.0	689829	1942.4835895445574	1.5
34550.9228024614	4000.0	9.635002323207486	0.0	2046450	5605.252695702064	4.0
34552.975717225345	1500.0	11.582087559264645	0.0	780303	2052.914763942841	1.5
34557.267670107816	4000.0	11.290134676789132	0.0	1857129	4291.9528824755125	4.0
34562.67698628675	4000.0	9.880818497854147	0.0	2373154	5409.316178934986	4.0
34564.19058897016	1500.0	12.367215814447245	0.0	769316	1513.602683406902	1.5
34567.5535491034	4000.0	13.004255681208639	0.0	1761739	3362.960133238607	4.0
34576.41328409234	8000.0	8.144520692263335	0.0	4206019	8859.734988945303	8.0
34577.157824947586	600.0	11.399979837019636	0.0	266809	744.5408552436993	0.6
34582.611298382726	4000.0	9.946506401878988	0.0	2157416	5453.473435140647	4.0
34585.64277980287	1500.0	10.915024981740816	0.0	934743	3031.4814201381746	1.5
34588.09698084783	1500.0	12.460823936775009	0.0	735572	2454.2010449658064	1.5
34594.89291843674	4000.0	9.664886347874653	0.0	2192675	6795.937588900355	4.0
34596.98566581526	1500.0	11.572138969354802	0.0	747396	2092.7473785198526	1.5
34602.89445614733	4000.0	9.663348637272597	0.0	2164412	5908.790332082204	4.0
34605.83897701968	1500.0	10.718827764922585	0.0	835711	2944.520872350011	1.5
34608.787877026356	1500.0	11.769927758251917	0.0	806394	2948.900006670669	1.5
34614.91728674377	4000.0	9.640518040843249	0.0	1849252	6129.409717408667	4.0
34616.77207239414	1500.0	11.78573239047312	0.0	681795	1854.7856503701294	1.5
34621.63355649078	4000.0	10.924248293832756	0.0	1836837	4861.484096640364	4.0
34623.392198970236	1500.0	13.165605814372901	0.0	644861	1758.6424794598554	1.5
34635.90309851159	8000.0	4.654706273015305	0.0	4274504	12510.899541357596	8.0
34636.358736833536	200.0	8.199067951071148	0.0	103756	455.63832194415534	0.2
34637.49237850435	600.0	11.065426280256107	0.0	291029	1133.641670815043	0.6
34644.50437972652	4000.0	8.053425058092007	0.0	2002600	7012.0012221641	4.0
34645.10393446552	600.0	11.453870319088441	0.0	240372	599.5547390035664	0.6
34649.39244629952	4000.0	11.165358485088657	0.0	1947068	4288.511833999784	4.0
34655.18777360572	4000.0	9.370031178893553	0.0	2544033	5795.327306195102	4.0
34657.40600175848	1500.0	11.151803026131017	0.0	755142	2218.2281527625382	1.5
34662.66369757839	4000.0	9.894107206218086	0.0	1828568	5257.69581991293	4.0
34665.02667231466	1500.0	11.531132469942506	0.0	785519	2362.974736275581	1.5
34671.809286709424	4000.0	8.748518075185682	0.0	2096494	6782.614394756824	4.0
34672.9362019474	600.0	11.621602837204623	0.0	327462	1126.9152379810573	0.6
34679.17370215597	4000.0	9.384102628633796	0.0	2142800	6237.500208570827	4.0
34681.25973397329	1500.0	11.29807081131564	0.0	725845	2086.031817318156	1.5
34686.503309118314	4000.0	10.054495666284565	0.0	1985434	5243.5751450310745	4.0
34688.093644542365	1500.0	12.464160242232207	0.0	657685	1590.3354240523588	1.5
34692.0707754252	4000.0	12.487029359393803	0.0	1697030	3977.130882838402	4.0
34696.73980568454	4000.0	11.81799910005068	0.0	1910697	4669.030259343124	4.0
34702.53012883784	4000.0	10.027675946758329	0.0	2171279	5790.32315329235	4.0
34704.61899697946	1500.0	11.938807805136316	0.0	763847	2088.868141622013	1.5
34709.214121282166	4000.0	11.343683502425032	0.0	1750852	4595.124302711284	4.0
34714.52261589374	4000.0	10.03518889085797	0.0	2034636	5308.494611567063	4.0

