11993.527255218289	600.0	4.0	0.8277216937420807	247108	827.7216937420807	0.005669586	-15.954433874841614
11993.905659439406	200.0	7.621595778883068	0.0	98617	378.40422111693175	0.004705182	0.2
11994.307844132183	200.0	11.21941108610549	0.0	106476	402.18469277757816	0.004705182	0.2
11994.736517468416	200.0	14.790737749872346	0.0	115230	428.6733362331448	0.004705182	0.2
11995.11201986076	200.0	18.41523535752785	0.0	97658	375.5023923444976	0.004705182	0.2
11995.487522253105	200.0	22.03973296518335	0.0	97658	375.5023923444976	0.004705182	0.2
11995.917896139672	200.0	25.609359078616414	0.0	115792	430.3738865669384	0.004705182	0.2
11996.323705848998	200.0	29.203549369291	0.0	107674	405.80970932541567	0.004705182	0.2
11996.692088321528	200.0	32.835166896760406	0.0	95305	368.3824725305899	0.004705182	0.2
11997.091092803626	200.0	36.43616241466044	0.0	105425	399.00448209996784	0.0077676126	0.2
11997.459656829575	200.0	40.06759838871343	0.0	95365	368.5640259470091	0.004705182	0.2
11997.828151260046	200.0	43.69910395824271	0.0	95342	368.49443047071503	0.004705182	0.2
11998.218059915984	200.0	47.30919530230535	0.0	102419	389.90865593736413	0.0064123482	0.2
11998.542754584743	200.0	50.98450063354577	0.0	80867	324.69466875957414	0.004705182	0.2
11998.873147004888	200.0	54.6541082134009	0.0	82750	330.3924201448645	0.007465472	0.2
12012.985594563488	12000.0	44.54166065480036	0.0	5443841	14112.447558600545	0.2890441	12.0
12013.279563582728	200.0	48.24769163556015	0.0	89871	293.9690192402125	0.004705182	0.2
12022.424206886495	12000.0	43.10304833179405	0.0	4055239	9144.643303766095	0.004705182	12.0
12022.706274367152	200.0	46.820980851136746	0.0	90919	282.0674806573044	0.004705182	0.2
12022.977133780134	200.0	50.55012143815456	0.0	85876	270.85941298217836	0.10606754	0.2
12035.285773642669	12000.0	42.24148157562094	0.0	5251330	12308.639862533631	0.0689708	12.0
12035.606302726923	200.0	45.920952491367345	0.0	97742	320.52908425359135	0.017096978	0.2
12047.92614317367	12000.0	37.60111204461926	0.0	5141915	12319.84044674808	0.023058785	12.0
12048.19419580525	200.0	41.33305941304032	0.0	85752	268.0526315789474	0.004705182	0.2
12048.481555454373	200.0	45.04569976391751	0.0	94556	287.359649122807	0.004705182	0.2
12055.750663170864	8000.0	41.7765920474286	0.0	3253093	7269.107716488905	0.004709853	8.0
12067.900056812055	12000.0	33.62719840623677	0.0	5138482	12149.393641191837	0.004705182	12.0
12076.451357014772	8000.0	29.07589820351986	0.0	3354913	8551.30020271691	0.004705182	8.0
12076.826040559075	200.0	32.70121465921606	0.0	93993	374.6835443037975	0.06361061	0.2
12077.210411762588	200.0	36.31684345570468	0.0	97083	384.3712035113846	0.62247074	0.2
12077.585060820078	200.0	39.942194398213594	0.0	93982	374.64905749108436	0.11265263	0.2
12087.997808593958	8000.0	33.52944662433286	0.0	3568902	10412.74777388073	0.049771797	8.0
12089.591257559538	1500.0	35.935997658753855	0.0	633700	1593.448965579007	0.049597025	1.5
12089.884821759317	200.0	39.642433458974764	0.0	89422	293.5641997790847	0.14424048	0.2
12090.22329266716	200.0	43.30396255113227	0.0	108225	338.4709078424934	0.07153745	0.2
12094.568321774244	4000.0	42.95893344404806	0.0	1785821	4345.029107084217	0.3014333	4.0
12094.892135847145	200.0	46.635119371146004	0.0	102088	323.81407290205095	0.7327278	0.2
12106.25218859718	8000.0	39.2750666211122	0.0	3739359	11360.052750033807	0.4943999	8.0
12118.492894951969	12000.0	31.03436026632343	0.0	5257310	12240.706354788772	0.004705182	12.0
12118.816699010667	200.0	34.71055620762472	0.0	101968	323.8040586987059	0.60338306	0.2
12130.48308351701	12000.0	27.0441717012824	0.0	4828747	11666.384506342321	0.007859408	12.0
12134.980253777907	4000.0	26.54700144038661	0.0	1830641	4497.170260895792	0.00876424	4.0
12139.230309627805	4000.0	26.296945590488328	0.0	1697030	4250.055849898277	0.16930735	4.0
12144.03573694058	4000.0	25.491518277713	0.0	1910697	4805.42731277533	0.009013467	4.0
12153.839934446907	8000.0	19.687320771385	0.0	3682991	9804.197506328002	0.022564307	8.0
12159.043822482237	4000.0	18.483432736053725	0.0	2042818	5203.888035331275	0.02978	4.0
12163.25379918871	4000.0	18.273456029581663	0.0	1750852	4209.976706472063	0.0047300938	4.0
12177.620452059267	12000.0	7.9068031590236405	0.0	5646381	14366.652870558022	0.45776063	12.0

