33620.27696391319	600.0	4.0	0.879734617096161	247108	879.734617096161	-16.99469234192322
33620.67612569158	200.0	7.600838221610907	0.0	98617	399.1617783890934	0.2
33621.68964889236	600.0	10.587315020834176	0.0	288447	1013.5232007767305	0.6
33624.09482709536	1500.0	12.182136817832436	0.0	718451	2405.17820300174	1.5
33630.892880178784	4000.0	9.384083734403536	0.0	2069289	6798.0530834289	4.0
33633.24916792008	1500.0	11.02779599310672	0.0	689829	2356.2877412968155	1.5
33640.08133316449	4000.0	8.195630748695617	0.0	2046450	6832.165244411101	4.0
33641.06324234117	600.0	11.213721572012679	0.0	274823	981.9091766829389	0.6
33647.237934879224	4000.0	9.039029033964518	0.0	1857129	6174.69253804816	4.0
33649.82223975677	1500.0	10.454724156416008	0.0	763093	2584.3048775485095	1.5
33652.3455560184	1500.0	11.931407894778554	0.0	769316	2523.316261637456	1.5
33657.98824699782	4000.0	10.288716915361507	0.0	1761739	5642.690979417047	4.0
33659.98198251772	1500.0	12.294981395459388	0.0	606092	1993.7355199021176	1.5
33665.69545490453	4000.0	10.581509008647044	0.0	1805063	5713.472386812344	4.0
33668.12785304168	1500.0	12.149110871504856	0.0	754517	2432.398137142189	1.5
33675.29224181788	4000.0	8.984722095308246	0.0	2231719	7164.38877619661	4.0
33676.46434046953	600.0	11.812623443654369	0.0	340687	1172.0986516538778	0.6
33683.58778904794	4000.0	8.689174865248111	0.0	2192675	7123.448578406259	4.0
33684.731635806056	600.0	11.54532810713584	0.0	330105	1143.8467581122725	0.6
33691.78549193129	4000.0	8.49147198189854	0.0	2164412	7053.8561252373	4.0
33692.76821719364	600.0	11.508746719544794	0.0	280646	982.7252623537453	0.6
33699.12354830216	4000.0	9.15341561102483	0.0	1950922	6355.331108519963	4.0
33701.82408817883	1500.0	10.452875734352107	0.0	809327	2700.5398766727226	1.5
33704.163604738824	1500.0	12.113359174357077	0.0	681795	2339.516559995029	1.5
33710.33101168594	4000.0	9.945952227237212	0.0	1836837	6167.406947119865	4.0
33712.50601926723	1500.0	11.770944645949008	0.0	644861	2175.0075812882046	1.5
33719.17077302308	4000.0	9.106190890103818	0.0	2068230	6664.75375584519	4.0
33722.16968873643	1500.0	10.107275176748647	0.0	914284	2998.9157133551707	1.5
33724.43401927487	1500.0	11.842944638310422	0.0	675709	2264.330538438226	1.5
33730.98772368945	4000.0	9.28924022372309	0.0	2002600	6553.704414587332	4.0
33733.50140498826	1500.0	10.775558924917823	0.0	757473	2513.6812988052666	1.5
33735.86280556082	1500.0	12.414158352356713	0.0	712239	2361.40057256111	1.5
33744.10269613718	4000.0	8.174267775997231	0.0	2544033	8239.890576359481	4.0
33745.29155716164	600.0	10.98540675154317	0.0	344336	1188.8610244540607	0.6
33747.53020303061	1500.0	12.746760882568632	0.0	670327	2238.64586897454	1.5
33753.37194499611	4000.0	10.905018917069727	0.0	1785821	5841.741965498904	4.0
33755.66712419556	1500.0	12.609839717622673	0.0	681043	2295.1791994470536	1.5
33762.107009540436	4000.0	10.169954372742511	0.0	1955307	6439.885344880161	4.0
33764.47549594061	1500.0	11.80146797256685	0.0	691256	2368.4864001756623	1.5
33771.51098988051	4000.0	8.76597403266979	0.0	2094647	7035.493939897061	4.0
33772.638301851286	600.0	11.638662061891107	0.0	315398	1127.3119707786818	0.6
33778.614668764734	4000.0	9.662295148443643	0.0	1830641	5976.366913447464	4.0
33781.16481951445	1500.0	11.112144398720387	0.0	767059	2550.150749723256	1.5
33787.38414825188	4000.0	8.89281566130026	0.0	1910697	6219.328737420128	4.0
33788.39572920579	600.0	11.881234707390513	0.0	290170	1011.5809539097459	0.6
33795.01931902665	4000.0	9.257644886526823	0.0	2042818	6623.58982086369	4.0
33797.55104971546	1500.0	10.725914197716262	0.0	769491	2531.7306888105622	1.5
33800.20750310773	1500.0	12.069460805438746	0.0	808636	2656.453392277516	1.5

