35114.16986486526	600.0	4.0	0.7370601432536188	247108	737.0601432536188	0.01962863	-14.141202865072376
35114.51208745679	200.0	7.6577774084722385	0.0	98617	342.2225915277616	0.004705182	0.2
35114.875207128396	200.0	11.294657736858724	0.0	106476	363.11967161351436	0.004705182	0.2
35115.261603684994	200.0	14.908261180263572	0.0	115230	386.3965565951506	0.004705182	0.2
35115.60127629563	200.0	18.568588569624247	0.0	97658	339.6726106393233	0.004705182	0.2
35115.940948906275	200.0	22.228915958984928	0.0	97658	339.6726106393233	0.004705182	0.2
35116.3288398208	200.0	25.841025044455154	0.0	115792	387.89091452977254	0.004705182	0.2
35116.69514497428	200.0	29.474719890981003	0.0	107674	366.30515347414956	0.004705182	0.2
35117.02856095819	200.0	33.14130390706795	0.0	95305	333.4159839130507	0.004705182	0.2
35117.388886020926	200.0	36.780978844332175	0.0	105425	360.3250627357785	0.010840984	0.2
35117.722461544836	200.0	40.447403320426105	0.0	95365	333.5755239060709	0.004705182	0.2
35118.055975911746	200.0	44.11388895351736	0.0	95342	333.51436690874647	0.004705182	0.2
35118.40830802083	200.0	47.76155684443189	0.0	102419	352.3321090854702	0.008496953	0.2
35118.70333336442	200.0	51.466531500839245	0.0	80867	295.0253435926412	0.004705182	0.2
35119.003365604796	200.0	55.16649926046565	0.0	82750	300.0322403735895	0.010187363	0.2
35132.664674689295	12000.0	45.505190175970945	0.0	5443841	13661.30908449471	0.0456468	12.0
35132.959493997	200.0	49.210370868263695	0.0	89871	294.81930770724716	0.004705182	0.2
35143.92202935221	12000.0	42.24783551305065	0.0	4055239	10962.535355213044	0.004705182	12.0
35144.25223643855	200.0	45.917628426707346	0.0	90919	330.2070863433093	0.004705182	0.2
35144.568565299924	200.0	49.60129956533823	0.0	85876	316.32886136910906	0.04150126	0.2
35157.09425785857	12000.0	41.07560700669011	0.0	5251330	12525.692558648117	0.55740803	12.0
35157.51465923421	200.0	44.65520563104256	0.0	97742	420.40137564755565	0.032280777	0.2
35176.42646018519	12000.0	29.743404680062174	0.0	5141915	18911.80095098039	0.24936955	12.0
35176.83514571331	200.0	33.33471915194967	0.0	85752	408.6855281124979	0.004705182	0.2
35177.2775767796	200.0	36.89228808566311	0.0	94556	442.43106628656307	0.004705182	0.2
35188.11078486974	8000.0	30.059079995515837	0.0	3253093	10833.208090147271	0.0067645083	8.0
35188.39505541453	200.0	33.774809450732825	0.0	88490	284.27054478301017	0.22382435	0.2
35196.50419674939	8000.0	29.665668115873768	0.0	3354913	8109.14133485906	0.004705182	8.0
35196.914134223334	200.0	33.25573064192629	0.0	93993	409.9374739474781	0.08281737	0.2
35197.334918321976	200.0	36.8349465432887	0.0	97083	420.78409863759026	0.11669626	0.2
35197.744817183346	200.0	40.42504768192102	0.0	93982	409.8988613676752	0.010643079	0.2
35208.43476350643	8000.0	33.73510135883049	0.0	3568902	10689.946323090535	0.26436916	8.0
35209.76071752293	1500.0	36.409147342339345	0.0	633700	1325.9540164911461	0.024054643	1.5
35210.016535260125	200.0	40.153329605140875	0.0	89422	255.81773719847132	0.12786278	0.2
35210.309322657056	200.0	43.86054220821054	0.0	108225	292.7873969303366	0.30694288	0.2
35210.56193359135	200.0	47.60793127391706	0.0	87791	252.6109342934736	0.4377391	0.2
35211.98097140302	1500.0	50.18889346225037	0.0	681043	1419.0378116666873	0.69565266	1.5
35219.72272906836	8000.0	46.44713579690386	0.0	3739359	7741.757665346515	0.2572645	8.0
35233.10690785249	12000.0	37.06295701277908	0.0	5257310	13384.17878412478	0.004705182	12.0
35233.497572792694	200.0	40.67229207257038	0.0	101968	390.6649402086983	0.20001166	0.2
35248.53670228895	12000.0	29.633162576313545	0.0	4828747	15039.129496256834	0.004705182	12.0
35252.64069712334	4000.0	29.52916774192923	0.0	1830641	4103.994834384316	0.010445592	4.0
35256.45099703129	4000.0	29.718867833976102	0.0	1697030	3810.299907953125	0.16380377	4.0
35261.03692851908	4000.0	29.132936346176255	0.0	1910697	4585.931487799846	0.015411979	4.0
35272.2259808406	8000.0	21.943884024662516	0.0	3682991	11189.05232151374	0.08300845	8.0
35279.21258513237	4000.0	18.95727973288673	0.0	2042818	6986.604291775788	0.0880592	4.0
35283.21074001999	4000.0	18.959124845269063	0.0	1750852	3998.1548876176626	0.004705182	4.0
35299.68945741568	12000.0	6.480407449572478	0.0	5646381	16478.717395696585	0.38705078	12.0

