17254.380312269855	600.0	4.0	0.5100288228320335	247108	510.0288228320336	-9.600576456640672
17255.734877480154	1500.0	6.645434789702092	0.0	732405	1354.5652102979084	1.5
17256.935329944234	1500.0	9.444982325621867	0.0	643847	1200.4524640802254	1.5
17258.265611755396	1500.0	12.114700514460361	0.0	718451	1330.2818111615059	1.5
17259.606065307133	1500.0	14.774246962726096	0.0	724296	1340.4535517342645	1.5
17262.92987601182	4000.0	15.450436258035044	0.0	1863995	3323.810704691052	4.0
17266.63264560241	4000.0	15.747666667443562	0.0	2046450	3702.769590591482	4.0
17270.39795530524	4000.0	15.982356964615061	0.0	2058614	3765.3097028285	4.0
17273.802568624254	4000.0	16.577743645603245	0.0	1857129	3404.6133190118153	4.0
17278.24338358103	4000.0	16.136928688827133	0.0	2373154	4440.814956776112	4.0
17282.195230538196	4000.0	16.18508173166249	0.0	2094766	3951.8469571646415	4.0
17285.41456943632	4000.0	16.96574283353545	0.0	1761739	3219.338898127038	4.0
17288.77691648903	4000.0	17.603395780826872	0.0	2131310	3362.347052708582	4.0
17291.63682331535	4000.0	18.743488954507228	0.0	1805063	2859.90682631964	4.0
17295.039375196153	4000.0	19.340937073707938	0.0	2157416	3402.5518807992917	4.0
17300.2696943437	4000.0	18.11061792615659	0.0	2231719	5230.319147551349	4.0
17304.59925425227	4000.0	17.781058017589125	0.0	1835863	4329.559908567461	4.0
17308.56490248254	4000.0	17.815409787320544	0.0	2192675	3965.6482302685827	4.0
17312.174957571955	4000.0	18.205354697906188	0.0	2082556	3610.055089414357	4.0
17316.05107448107	4000.0	18.329237788789072	0.0	2164412	3876.1169091171146	4.0
17321.296503444042	4000.0	17.083808825817066	0.0	2379358	5245.428962972008	4.0
17325.611826166936	4000.0	16.76848610292321	0.0	1950922	4315.322722893855	4.0
17329.074957341443	4000.0	17.305354928415063	0.0	1849252	3463.131174508143	4.0
17332.48553575187	4000.0	17.894776517986998	0.0	1822097	3410.578410428067	4.0
17335.92922367031	4000.0	18.451088599546544	0.0	1836837	3443.6879184404547	4.0
17340.060676812256	4000.0	18.319635457600768	0.0	1984579	4131.453141945774	4.0
17344.3629007357	4000.0	18.01741153415579	0.0	2068230	4302.223923444976	4.0
17348.10077119311	4000.0	18.279541076749258	0.0	2055338	3737.870457406535	4.0
17351.660780835537	4000.0	18.71953143432258	0.0	2165436	3560.0096424266776	4.0
17354.959101446224	4000.0	19.421210823635555	0.0	2002600	3298.320610687023	4.0
17358.925353342373	4000.0	19.454958927484075	0.0	2290706	3966.2518961514816	4.0
17362.40497227359	4000.0	19.97533999626634	0.0	1947068	3479.61893121774	4.0
17366.938262147774	4000.0	19.442050122086556	0.0	2544033	4533.289874179784	4.0
17370.8299462462	4000.0	19.550366023661578	0.0	2125133	3891.6840984249766	4.0
17374.189705004115	4000.0	20.190607265744426	0.0	1828568	3359.7587579171573	4.0
17377.413854816765	4000.0	20.966457453093128	0.0	1785821	3224.149812651297	4.0
17380.947431952092	4000.0	21.432880317766546	0.0	2096494	3533.57713532658	4.0
17384.24843022242	4000.0	22.13188204744285	0.0	1955307	3300.998270323697	4.0
17388.012452968967	4000.0	22.367859300893116	0.0	2142800	3764.022746549733	4.0
17392.15583298085	4000.0	22.224479289011303	0.0	2094647	4143.380011881813	4.0
17396.087352034185	4000.0	22.292960235676514	0.0	1985434	3931.519053334788	4.0
17399.19423598291	4000.0	23.186076286946854	0.0	1830641	3106.88394872966	4.0
17401.87255942789	4000.0	24.507752841970774	0.0	1697030	2678.3234449760766	4.0
17404.8780285188	4000.0	25.502283751061686	0.0	1910697	3005.469090909091	4.0
17408.80015919326	4000.0	25.58015307660432	0.0	2171279	3922.130674457368	4.0
17414.0015280217	4000.0	24.37878424816227	0.0	2042818	5201.368828442049	4.0
17418.16387138513	4000.0	24.21644088473281	0.0	1750852	4162.343363429461	4.0
17421.481546525363	4000.0	24.898765744501276	0.0	2034636	3317.6751402315313	4.0

