20746.20424993908	600.0	4.0	0.8529975756627827	247108	852.9975756627827	-16.459951513255653
20748.57534245492	1500.0	5.628907484163604	0.0	732405	2371.092515836396	1.5
20750.669409867132	1500.0	7.534840071948072	0.0	643847	2094.0674122155315	1.5
20752.996851800348	1500.0	9.207398138734652	0.0	718451	2327.4419332134203	1.5
20755.342577928448	1500.0	10.8616720106358	0.0	724296	2345.7261280988505	1.5
20757.715579989206	1500.0	12.488669949875625	0.0	689829	2373.002060760177	1.5
20760.28214261426	1500.0	13.922107324825603	0.0	737903	2566.56262505002	1.5
20762.99158344322	1500.0	15.21266649586244	0.0	780303	2709.440828963164	1.5
20766.074898665105	1500.0	16.129351273978923	0.0	891463	3083.3152218835166	1.5
20768.307678000376	1500.0	17.896571938706067	0.0	763093	2232.779335272856	1.5
20770.558013185073	1500.0	19.646236754010662	0.0	769316	2250.335184695407	1.5
20772.738102403095	1500.0	21.466147535990736	0.0	744416	2180.0892180199244	1.5
20774.527962581175	1500.0	23.676287357907334	0.0	606092	1789.8601780833994	1.5
20776.71646859762	1500.0	25.48778134146451	0.0	748011	2188.5060164428264	1.5
20778.91018362371	1500.0	27.294066315376334	0.0	754517	2193.7150260881745	1.5
20781.60878641812	1500.0	28.595463520965158	0.0	934743	2698.602794411178	1.5
20783.749428642444	1500.0	30.45482129664187	0.0	735572	2140.6422243232832	1.5
20785.993846473448	1500.0	32.210403465637214	0.0	772616	2244.4178310046573	1.5
20788.299719719496	1500.0	33.90453021958932	0.0	747396	2305.8732460479055	1.5
20790.42432228162	1500.0	35.77992765746553	0.0	662349	2124.602562123785	1.5
20793.084075329927	1500.0	37.120174609155605	0.0	835711	2659.7530483099245	1.5
20795.653329844514	1500.0	38.550920094570024	0.0	806394	2569.2545145855843	1.5
20798.94105053332	1500.0	39.26319940576207	0.0	809327	3287.720688807946	1.5
20802.56077407151	1500.0	39.64347586757011	0.0	681795	3619.723538191966	1.5
20807.08082339334	1500.0	39.1234265457452	0.0	855209	4520.049321824908	1.5
20809.295245131	1500.0	40.909004808082884	0.0	644861	2214.4217376623105	1.5
20811.872046357366	1500.0	42.332203581716	0.0	794014	2576.801226366888	1.5
20814.82704026484	1500.0	43.37720967424381	0.0	914284	2954.9939074721906	1.5
20817.0318278125	1500.0	45.17242212658452	0.0	675709	2204.78754765929	1.5
20819.26434686018	1500.0	46.939903078907705	0.0	707527	2232.5190476768144	1.5
20821.617589910784	1500.0	48.586660028301864	0.0	757473	2353.243050605845	1.5
20823.835081751575	1500.0	50.36916818750957	0.0	712239	2217.491840792288	1.5
20825.81687115023	1500.0	52.387378788852565	0.0	633700	1981.7893986570134	1.5
20828.165606990835	1500.0	54.03864294824504	0.0	755142	2348.735840607521	1.5
20830.31180719119	1500.0	55.89244274789057	0.0	670327	2146.200200354473	1.5
20832.81307250675	1500.0	57.39117743233228	0.0	785519	2501.2653155582957	1.5
20834.992303453808	1500.0	59.211946485272094	0.0	681043	2179.2309470601836	1.5
20838.242396695696	1500.0	59.9618532433826	0.0	866245	2750.0932418894968	1.5
20842.51906986481	1500.0	59.68518007426936	0.0	691256	2276.6731691132354	1.5
20846.410862204964	1500.0	59.793387734114894	0.0	725845	2391.792340154471	1.5
20850.5650520591	1500.0	59.63919787998177	0.0	811013	2654.1898541331175	1.5
20854.697831896014	1500.0	59.50641804306554	0.0	657685	2132.779836916234	1.5
20858.67199209265	1500.0	59.53225784642866	0.0	767059	2474.1601966368853	1.5
20862.55507100092	1500.0	59.649178938159935	0.0	848035	2883.078908268719	1.5
20866.221072782235	1500.0	59.983177156847155	0.0	629438	2166.0017813127865	1.5
20870.133778513504	1500.0	59.87173450061981	0.0	763847	2611.4426562273457	1.5
20874.480612079053	1500.0	59.524900935066306	0.0	769491	2846.833565553508	1.5
20878.468198037976	1500.0	59.5373149761468	0.0	808636	2987.585958919502	1.5

