14357.924916046042	600.0	4.0	0.7688147877140717	247108	768.8147877140717	-14.776295754281435
14358.868267672377	600.0	7.0566483736650465	0.0	309722	943.3516263349535	0.6
14360.742994409777	1500.0	9.181921636265441	0.0	643847	1874.7267373996062	1.5
14362.825680170852	1500.0	11.099235875189464	0.0	718451	2082.685761075977	1.5
14364.924658898706	1500.0	13.000257147337063	0.0	724296	2098.978727852402	1.5
14366.92756069142	1500.0	14.997355354622902	0.0	689829	2002.901792714159	1.5
14369.06625669332	1500.0	16.858659352722885	0.0	737903	2138.6960019000217	1.5
14374.892261612813	4000.0	15.03265443323158	0.0	2058614	5826.004919491304	4.0
14380.340485651774	4000.0	13.584430394268976	0.0	1857129	5448.224038962602	4.0
14387.580806231079	4000.0	10.344109814963314	0.0	2373154	7240.320579305663	4.0
14393.216459146492	4000.0	8.708456899550017	0.0	2094766	5635.652915413299	4.0
14397.92827208502	4000.0	7.9966439610219915	0.0	1761739	4711.8129385280245	4.0
14403.964726746226	4000.0	5.960189299817411	0.0	2131310	6036.454661204581	4.0
14409.032372210519	4000.0	4.892543835524437	0.0	1805063	5067.645464292974	4.0
14411.052472170342	1500.0	6.872443875701215	0.0	754517	2020.0999598232222	1.5
14413.535989727594	1500.0	8.388926318449306	0.0	934743	2483.5175572519083	1.5
14415.507376147843	1500.0	10.41753989820021	0.0	735572	1971.386420249096	1.5
14417.574014315782	1500.0	12.350901730261281	0.0	772616	2066.6381679389315	1.5
14419.62936114697	1500.0	14.295554899073027	0.0	747396	2055.3468311882543	1.5
14425.606037746265	4000.0	12.31887829977796	0.0	2164412	5976.676599295067	4.0
14432.159706496011	4000.0	9.76520955003129	0.0	2379358	6553.66874974667	4.0
14437.541034938124	4000.0	8.383881107919233	0.0	1950922	5381.328442112057	4.0
14442.709600238873	4000.0	7.215315807170134	0.0	1849252	5168.565300749099	4.0
14447.827018077625	4000.0	6.09789796841698	0.0	1822097	5117.417838753154	4.0
14453.157265472466	4000.0	4.767650573576671	0.0	1836837	5330.2473948403085	4.0
14455.100184313307	1500.0	6.824731732735288	0.0	644861	1942.9188408413834	1.5
14457.473986606346	1500.0	8.450929439695658	0.0	794014	2373.8022930396314	1.5
14460.085293410304	1500.0	9.839622635736498	0.0	914284	2611.3068039591594	1.5
14461.848778928836	1500.0	12.076137117206445	0.0	675709	1763.485518530053	1.5
14463.691536948145	1500.0	14.233379097897817	0.0	707527	1842.7580193086267	1.5
14465.658732214417	1500.0	16.26618383162563	0.0	757473	1967.1952662721894	1.5
14470.720815357288	4000.0	15.20410068875453	0.0	1947068	5062.083142871099	4.0
14478.090177653808	4000.0	11.834738392234053	0.0	2544033	7369.362296520478	4.0
14483.970871559797	4000.0	9.954044486245209	0.0	2125133	5880.693905988843	4.0
14488.945489286569	4000.0	8.979426759474372	0.0	1828568	4974.617726770836	4.0
14496.785735503303	4000.0	5.1391805427390995	0.0	1785821	7840.246216735273	4.0
14500.12386716009	1500.0	5.801048885952938	0.0	681043	3338.1316567861604	1.5
14502.544160627154	1500.0	7.380755418887778	0.0	866245	2420.2934670651607	1.5
14504.491694524459	1500.0	9.433221521584366	0.0	691256	1947.5338973034125	1.5
14506.532675899936	1500.0	11.392240146105244	0.0	725845	2040.9813754791214	1.5
14508.803751664418	1500.0	13.12116438162185	0.0	811013	2271.0757644833934	1.5
14510.676716920163	1500.0	15.248199125877605	0.0	657685	1872.965255744246	1.5
14513.060370347599	1500.0	16.864545698443116	0.0	767059	2383.6534274344926	1.5
14515.687213203668	1500.0	18.23770284237284	0.0	848035	2626.842856070276	1.5
14522.097222904153	4000.0	15.82769314188862	0.0	2171279	6410.009700484222	4.0
14527.54802461965	4000.0	14.376891426391634	0.0	2042818	5450.801715496985	4.0
14532.2779853089	4000.0	13.646930737141478	0.0	1750852	4729.960689250156	4.0
14537.897518720509	4000.0	12.027397325532922	0.0	2034636	5619.533411608556	4.0

