23908.210285541372	600.0	4.0	0.7356110503100852	247108	735.6110503100853	-14.112221006201706
23910.233455375215	1500.0	5.976830166152621	0.0	732405	2023.1698338473786	1.5
23912.021668819983	1500.0	8.18861672138759	0.0	643847	1788.213444765032	1.5
23914.007816798625	1500.0	10.202468742745332	0.0	718451	1986.1479786422578	1.5
23914.93244254067	600.0	13.277843000696448	0.0	318350	924.625742048884	0.6
23915.271542464394	200.0	16.938743076974095	0.0	97658	339.09992372234933	0.2
23917.309299238183	1500.0	18.90098630318708	0.0	737903	2037.7567737870197	1.5
23917.674972968824	200.0	22.53531257254668	0.0	107674	365.67373064040066	0.2
23926.616247827387	8000.0	17.594037713984196	0.0	3448932	8941.274858562481	8.0
23935.968432200454	8000.0	12.24185334091821	0.0	3624869	9352.184373065986	8.0
23936.89019489499	600.0	15.320090646385886	0.0	329266	921.7626945323235	0.6
23941.798821350145	4000.0	14.411464191226896	0.0	1761739	4908.626455158991	4.0
23942.711956607644	600.0	17.498328933728313	0.0	294430	913.1352574985852	0.6
23943.020782300908	200.0	21.18950324046289	0.0	80867	308.8256932654216	0.2
23943.33493623413	200.0	24.875349307242743	0.0	82750	314.15393322014717	0.2
23943.681990563502	200.0	28.528294977870924	0.0	94377	347.0543293718166	0.2
23944.016294468423	200.0	32.19399107294733	0.0	89871	334.30390492359936	0.2
23954.194493815492	12000.0	26.01579172587961	0.0	4055239	10178.199347067719	12.0
23955.9519621131	1500.0	28.25832342826991	0.0	747396	1757.468297609696	1.5
23956.224703668482	200.0	31.985581872888922	0.0	85876	272.7415553809898	0.2
23965.086566134632	8000.0	27.12371940674088	0.0	3690869	8861.862466148044	8.0
23965.928162998483	600.0	30.282122542890825	0.0	310841	841.5968638500528	0.6
23979.96051934482	12000.0	20.249766196554496	0.0	5141915	14032.35634633633	12.0
23980.22813225863	200.0	23.982153282742296	0.0	85752	267.6129138122	0.2
23980.515007044974	200.0	27.69527849639998	0.0	94556	286.87478634231724	0.2
23987.712301762673	8000.0	24.497983778701602	0.0	3253093	7197.294717698376	8.0
23999.347462339883	12000.0	16.86282320149342	0.0	5138482	11635.160577208188	12.0
23999.66202200078	200.0	20.54826354059621	0.0	103756	314.5596608972095	0.2
24000.395591335415	600.0	23.81469420596041	0.0	291029	733.5693346357984	0.6
24018.568132185937	12000.0	9.64215335544006	0.0	5411094	18172.540850520352	12.0
24020.07929680884	600.0	12.13098873253608	0.0	240372	1511.1646229039802	0.6
24020.42064271091	200.0	15.789642830467475	0.0	118522	341.34590206860435	0.2
24020.7208491579	200.0	19.489436383478044	0.0	99865	300.2064469894296	0.2
24020.99802835885	200.0	23.212257182529875	0.0	89422	277.1792009481677	0.2
24021.705254554738	600.0	26.50503098663952	0.0	284451	707.2261958903545	0.6
24021.978837333365	200.0	30.231448208011884	0.0	87791	273.5827786276375	0.2
24022.28394558711	200.0	33.92633995426676	0.0	102088	305.1082537451248	0.2
24023.086012813306	600.0	37.12427272807087	0.0	327462	802.0672261958904	0.6
24035.385884272073	12000.0	28.824401269304403	0.0	5257310	12299.871458766469	12.0
24035.724600118632	200.0	32.48568542274314	0.0	101968	338.71584656126606	0.2
24045.41659255701	8000.0	26.793692984367777	0.0	3189942	9691.99243837536	8.0
24047.971302119116	1500.0	28.238983422258748	0.0	657685	2554.709562109026	1.5
24048.423224418162	200.0	31.787061123213547	0.0	98843	451.9222990452002	0.2
24049.55280063753	600.0	34.65748490384475	0.0	278938	1129.5762193687974	0.6
24050.7246401559	600.0	37.48564538547779	0.0	290170	1171.8395183669631	0.6
24051.153827870494	200.0	41.05645767088299	0.0	92801	429.187714594798	0.2
24053.042160393325	1500.0	43.16812514805443	0.0	769491	1888.3325228285591	1.5
24072.677521536087	12000.0	27.5327640052928	0.0	5646381	19635.36114276163	12.0

