14905.017873596806	600.0	4.0	0.9546992323178691	247108	954.6992323178691	-18.493984646357383
14907.690400310816	1500.0	5.327473285989249	0.0	732405	2672.526714010752	1.5
14910.049454314045	1500.0	6.968419282759231	0.0	643847	2359.054003230017	1.5
14912.67258743057	1500.0	8.34528616623526	0.0	718451	2623.133116523971	1.5
14915.316769158875	1500.0	9.701104437930724	0.0	724296	2644.1817283045366	1.5
14917.83961453978	1500.0	11.178259057026825	0.0	689829	2522.8453809039	1.5
14920.532701167198	1500.0	12.485172429608825	0.0	737903	2693.0866274179984	1.5
14923.375936083758	1500.0	13.641937513049132	0.0	780303	2843.2349165596925	1.5
14926.754576362915	1500.0	14.263297233891807	0.0	891463	3378.6402791573255	1.5
14929.746242115425	1500.0	15.27163148138185	0.0	763093	2991.6657525099563	1.5
14932.761652412804	1500.0	16.256221184002698	0.0	769316	3015.4102973791523	1.5
14935.587672566517	1500.0	17.430201030291062	0.0	744416	2826.020153711636	1.5
14937.649012873806	1500.0	19.3688607230011	0.0	606092	2061.340307289964	1.5
14940.17429237691	1500.0	20.84358121989551	0.0	748011	2525.27950310559	1.5
14942.72084026838	1500.0	22.297033328427712	0.0	754517	2546.5478914678	1.5
14945.91791029166	1500.0	23.09996330514662	0.0	934743	3197.0700232810927	1.5
14948.689909651206	1500.0	24.327963945600427	0.0	735572	2771.999359546193	1.5
14951.597480272674	1500.0	25.4203933241315	0.0	772616	2907.5706214689267	1.5
14959.252835986354	4000.0	21.765037610452048	0.0	2082556	7655.355713679452	4.0
14967.294774058231	4000.0	17.72309953857389	0.0	2164412	8041.938071878157	4.0
14976.724313231245	4000.0	12.293560365560595	0.0	2379358	9429.539173013296	4.0
14984.119013517135	4000.0	8.898860079672229	0.0	1950922	7394.700285888364	4.0
14991.027564922035	4000.0	5.990308674772172	0.0	1849252	6908.551404900058	4.0
14993.612552521925	1500.0	7.405321074882395	0.0	681795	2584.987599889777	1.5
14996.784044620032	1500.0	8.233828976776854	0.0	855209	3171.49209810554	1.5
14999.07782709906	1500.0	9.9400464977501	0.0	644861	2293.782479026756	1.5
15001.88364596747	1500.0	11.134227629339776	0.0	794014	2805.8188684103243	1.5
15005.102347020958	1500.0	11.915526575849956	0.0	914284	3218.7010534898195	1.5
15007.60027040837	1500.0	13.417603188438768	0.0	675709	2497.9233874111874	1.5
15010.32245316015	1500.0	14.695420436659097	0.0	707527	2722.182751779671	1.5
15013.23115382534	1500.0	15.786719771470628	0.0	757473	2908.70066518847	1.5
15015.970933029446	1500.0	17.046940567362796	0.0	712239	2739.779204107831	1.5
15018.417416866534	1500.0	18.600456730275617	0.0	633700	2446.483837087175	1.5
15021.317412665343	1500.0	19.700460931465955	0.0	755142	2899.995798809663	1.5
15023.900676056637	1500.0	21.117197540171755	0.0	670327	2583.2633912942	1.5
15031.377157890945	4000.0	17.640715705862466	0.0	1785821	7476.481834309288	4.0
15040.134705755958	4000.0	12.883167840850486	0.0	2096494	8757.547865011979	4.0
15047.380769447089	4000.0	9.637104149720857	0.0	1955307	7246.063691129631	4.0
15055.692809400987	4000.0	5.3250641958215095	0.0	2142800	8312.039953899348	4.0
15058.541475778402	1500.0	6.4763978184057205	0.0	725845	2848.6663774157887	1.5
15061.689572435138	1500.0	7.328301161669541	0.0	811013	3148.0966567361797	1.5
15064.257622749605	1500.0	8.760250847204132	0.0	657685	2568.050314465409	1.5
15067.23943955577	1500.0	9.778434041037771	0.0	767059	2981.8168061663596	1.5
15070.116716569442	1500.0	10.90115702736597	0.0	848035	2877.2770136718004	1.5
15072.245626707176	1500.0	12.77224688963277	0.0	629438	2128.910137733201	1.5
15074.812057240408	1500.0	14.205816356399803	0.0	763847	2566.430533232967	1.5
15081.04025290991	4000.0	11.977620686897703	0.0	1750852	6228.1956695021	4.0
15088.754992566335	4000.0	8.262881030471672	0.0	2034636	7714.73965642603	4.0

