14329.944688880787	600.0	4.0	0.8419587966621057	247108	841.9587966621057	-16.239175933242112
14330.32877491058	200.0	7.615913970205631	0.0	98617	384.08602979436876	0.2
14331.298202727652	600.0	10.646486153134575	0.0	288447	969.4278170710555	0.6
14333.593550103782	1500.0	12.351138777004758	0.0	718451	2295.3473761298155	1.5
14335.906920567655	1500.0	14.037768313129948	0.0	724296	2313.37046387481	1.5
14338.11401185868	1500.0	15.830677022104876	0.0	689829	2207.091291025073	1.5
14340.600911739284	1500.0	17.343777141502056	0.0	737903	2486.899880602819	1.5
14343.479452042342	1500.0	18.46523683844458	0.0	780303	2878.5403030574735	1.5
14346.756665348177	1500.0	19.188023532607584	0.0	891463	3277.2133058369946	1.5
14349.573482348089	1500.0	20.371206532697247	0.0	763093	2816.8169999103384	1.5
14352.691835897089	1500.0	21.252852983696638	0.0	769316	3118.3535490006093	1.5
14355.748458079324	1500.0	22.19623080146042	0.0	744416	3056.6221822362177	1.5
14358.251977847407	1500.0	23.692711033379247	0.0	606092	2503.5197680811716	1.5
14361.09909762931	1500.0	24.84559125147538	0.0	748011	2847.1197819038684	1.5
14363.582209342027	1500.0	26.3624795387594	0.0	754517	2483.1117127159805	1.5
14366.63933490935	1500.0	27.305353971437157	0.0	934743	3057.1255673222395	1.5
14369.062107423086	1500.0	28.88258145770199	0.0	735572	2422.77251373517	1.5
14371.537404918834	1500.0	30.407283961952896	0.0	772616	2475.297495749092	1.5
14377.840724182217	4000.0	28.103964698570877	0.0	2082556	6303.319263382017	4.0
14384.238106100749	4000.0	25.706582780037824	0.0	2164412	6397.381918533052	4.0
14386.713465636416	1500.0	27.23122324437088	0.0	835711	2475.3595356669416	1.5
14392.26678466502	4000.0	25.67790421576541	0.0	1950922	5553.319028605475	4.0
14397.234621583115	4000.0	24.710067297669788	0.0	1849252	4967.836918095616	4.0
14402.199769448122	4000.0	23.744919432663565	0.0	1822097	4965.1478650062245	4.0
14407.437522383312	4000.0	22.507166497474643	0.0	1836837	5237.752935188923	4.0
14412.944987113018	4000.0	20.99970176776823	0.0	1984579	5507.464729706413	4.0
14415.084886584431	1500.0	22.859802296354022	0.0	794014	2139.8994714142104	1.5
14420.497021357593	4000.0	21.44766752319191	0.0	2055338	5412.13477316211	4.0
14422.412316954524	1500.0	23.532371926260282	0.0	675709	1915.295596931629	1.5
14428.15898362119	4000.0	21.785705259593616	0.0	2002600	5746.666666666667	4.0
14430.382370717964	1500.0	23.562318162819423	0.0	757473	2223.3870967741937	1.5
14437.792793483537	4000.0	20.151895397245767	0.0	1947068	7410.422765573652	4.0
14440.423663967587	1500.0	21.521024913196257	0.0	633700	2630.870484049512	1.5
14443.659262844594	1500.0	22.285426036189477	0.0	755142	3235.598877006776	1.5
14446.619292919782	1500.0	23.325395961001508	0.0	670327	2960.03007518797	1.5
14450.074240288204	1500.0	23.870448592580455	0.0	785519	3454.947368421053	1.5
14453.020683469025	1500.0	24.924005411758905	0.0	681043	2946.4431808215472	1.5
14456.604379308046	1500.0	25.340309572737723	0.0	866245	3583.6958390211844	1.5
14459.480298211934	1500.0	26.46439066884976	0.0	691256	2875.918903887962	1.5
14462.4292257767	1500.0	27.51546310408475	0.0	725845	2948.92756476501	1.5
14464.654869244463	1500.0	29.289819636320143	0.0	811013	2225.643467764605	1.5
14469.578075091315	4000.0	28.366613789469273	0.0	1830641	4923.205846850869	4.0
14474.587116680867	4000.0	27.357572199918124	0.0	1697030	5009.0415895511505	4.0
14481.105724123843	4000.0	24.838964756940932	0.0	1910697	6518.607442977192	4.0
14483.280652224848	1500.0	26.664036655935078	0.0	629438	2174.9281010058553	1.5
14489.946669795574	4000.0	23.998019085208874	0.0	2042818	6666.017570726203	4.0
14495.87803109868	4000.0	22.06665778210349	0.0	1750852	5931.361303105383	4.0
14498.756866411377	1500.0	23.18782246940745	0.0	808636	2878.8353126960433	1.5

