25836.99631782219	600.0	4.0	0.8472970035708741	247108	847.2970035708742	0.019554727	-16.34594007141748
25837.382534248216	200.0	7.6137835739791955	0.0	98617	386.21642602080425	0.004705182	0.2
25837.79315371724	200.0	11.203164104952648	0.0	106476	410.61946902654864	0.004705182	0.2
25838.23095530085	200.0	14.765362521347617	0.0	115230	437.80158360503026	0.004705182	0.2
25838.61419392839	200.0	18.38212389380531	0.0	97658	383.2386275423071	0.004705182	0.2
25838.997432555934	200.0	21.998885266263002	0.0	97658	383.2386275423071	0.004705182	0.2
25839.43697921018	200.0	25.559338612016766	0.0	115792	439.5466542462351	0.004705182	0.2
25839.85131859847	200.0	29.144999223723026	0.0	107674	414.33938829374324	0.004705182	0.2
25840.22725090712	200.0	32.76906691507529	0.0	95305	375.9323086477255	0.004705182	0.2
25840.63460690774	200.0	36.36171091445428	0.0	105425	407.3560006210216	0.0073118075	0.2
25841.01072552286	200.0	39.985592299332396	0.0	95365	376.1186151218755	0.004705182	0.2
25841.3867727205	200.0	43.609545101692284	0.0	95342	376.047197640118	0.004705182	0.2
25841.784794766765	200.0	47.21152305542617	0.0	102419	398.02204626610774	0.0061018923	0.2
25842.115895527517	200.0	50.88042229467474	0.0	80867	331.10076075143616	0.004705182	0.2
25842.452843206447	200.0	54.543474615742895	0.0	82750	336.9476789318429	0.007022149	0.2
25862.380774883855	12000.0	38.615542938334656	0.0	5443841	19927.93167740824	0.40426168	12.0
25862.806665387077	200.0	42.189652435111334	0.0	89871	425.89050322332344	0.004705182	0.2
25876.895037732982	12000.0	32.101280089210086	0.0	4055239	14088.372345901247	0.004705182	12.0
25877.273646814185	200.0	35.72267100800473	0.0	90919	378.60908120535345	0.004705182	0.2
25877.63569295919	200.0	39.360624863001036	0.0	85876	362.0461450036949	0.004705182	0.2
25878.055438657917	200.0	42.940879164272864	0.0	114656	419.7456987281766	0.004705182	0.2
25878.411550877412	200.0	46.58476694477746	0.0	97742	356.1122194954007	0.16977532	0.2
25894.273456435963	12000.0	34.72286138622562	0.0	5141915	15861.905558551842	0.19797798	12.0
25894.656233000012	200.0	38.34008482217398	0.0	85752	382.77656405163856	0.004705182	0.2
25895.07009507659	200.0	41.9262227455989	0.0	94556	413.8620765750855	0.004705182	0.2
25908.155372043213	8000.0	32.84094577897473	0.0	3253093	13085.276966624173	0.006020797	8.0
25908.518654710024	200.0	36.477663112163974	0.0	88490	363.28266681075166	0.016710246	0.2
25918.521613151646	8000.0	30.47470467054123	0.0	3354913	10002.958441622744	0.004705182	8.0
25918.865101833402	200.0	34.13121598878357	0.0	93993	343.4886817576564	0.051431805	0.2
25919.217252649858	200.0	37.77906517232832	0.0	97083	352.1508164552527	0.26400745	0.2
25919.560710495538	200.0	41.43560732664888	0.0	93982	343.457845679445	0.023234475	0.2
25929.698017783605	8000.0	35.298300038584564	0.0	3568902	10137.307288064307	0.053135432	8.0
25931.654396494094	1500.0	37.34192132809526	0.0	633700	1956.3787104893036	0.037348747	1.5
25931.999174049797	200.0	40.99714377239165	0.0	89422	344.777555703605	0.05642642	0.2
25932.39962708111	200.0	44.5966907410792	0.0	108225	400.4530313124584	0.30826145	0.2
25932.739575263804	200.0	48.25674255838618	0.0	87791	339.9481826930195	0.1950827	0.2
25933.121856705806	200.0	51.874461116384545	0.0	102088	382.28144200162853	0.6993838	0.2
25945.283350448004	8000.0	43.71296737418768	0.0	3739359	12161.493742196873	0.7434729	8.0
25964.19766639378	12000.0	28.79865142841414	0.0	5257310	18914.31594577354	0.004705182	12.0
25964.574992534614	200.0	32.42132528757728	0.0	101968	377.32614083685667	0.18358397	0.2
25978.76087461979	12000.0	22.235443202401274	0.0	4828747	14185.882085176007	0.11484926	12.0
25985.380066579233	4000.0	19.616251242955226	0.0	1830641	6619.191959446048	0.0063070487	4.0
25991.48123599012	4000.0	17.515081832072376	0.0	1697030	6101.169410882849	0.004705182	4.0
25997.90090502085	4000.0	15.095412801339517	0.0	1910697	6419.669030732861	0.004705182	4.0
26000.036521749164	1500.0	16.95979607302668	0.0	629438	2135.6167283128348	0.057736997	1.5
26006.19950544603	4000.0	14.796812376160753	0.0	2042818	6162.983696865928	0.03083019	4.0
26012.022109199952	4000.0	12.974208622240173	0.0	1750852	5822.60375392058	0.004705182	4.0
26020.180201683404	4000.0	8.816116138787542	0.0	2034636	8158.092483452632	0.1552356	4.0

