5497.802565399618	600.0	4.0	0.9384610039951363	247108	938.4610039951364	-18.169220079902725
5500.4269635236415	1500.0	5.37560187597707	0.0	732405	2624.398124022929	1.5
5502.743708356019	1500.0	7.058857043599096	0.0	643847	2316.7448323779745	1.5
5505.319629842905	1500.0	8.482935556713564	0.0	718451	2575.921486885531	1.5
5507.872674665674	1500.0	9.929890733944045	0.0	724296	2553.0448227695206	1.5
5510.1903812588125	1500.0	11.612184140804802	0.0	689829	2317.7065931392426	1.5
5512.66403303077	1500.0	13.138532368847946	0.0	737903	2473.651771956857	1.5
5515.275224337233	1500.0	14.527341062384561	0.0	780303	2611.191306463385	1.5
5518.663705531461	1500.0	15.138859868156795	0.0	891463	3388.4811942277665	1.5
5522.775102216398	1500.0	15.02746318321986	0.0	763093	4111.396684936935	1.5
5526.9193748176	1500.0	14.883190582017983	0.0	769316	4144.272601201876	1.5
5530.1832221901095	1500.0	15.61934320950892	0.0	744416	3263.8473725090653	1.5
5532.693666300384	1500.0	17.10889909923323	0.0	606092	2510.4441102756896	1.5
5535.773209157527	1500.0	18.029356242090373	0.0	748011	3079.542857142857	1.5
5538.702994376362	1500.0	19.099571023255383	0.0	754517	2929.785218834989	1.5
5541.722322232972	1500.0	20.080243166645975	0.0	934743	3019.32785660941	1.5
5544.115350808893	1500.0	21.687214590725215	0.0	735572	2393.0285759207577	1.5
5546.6248653719995	1500.0	23.177700027618418	0.0	772616	2509.5145631067962	1.5
5549.316085177452	1500.0	24.48648022216504	0.0	747396	2691.2198054533806	1.5
5552.2890705454365	1500.0	25.513494854180763	0.0	662349	2972.985367984276	1.5
5556.019260543253	1500.0	25.783304856364648	0.0	835711	3730.1899978161173	1.5
5559.25123660972	1500.0	26.551328789898253	0.0	806394	3231.9760664663972	1.5
5561.554128084983	1500.0	28.24843731463475	0.0	809327	2302.891475263501	1.5
5563.506741124431	1500.0	30.295824275186817	0.0	681795	1952.613039447935	1.5
5565.935651757177	1500.0	31.866913642440565	0.0	855209	2428.910632746249	1.5
5571.438012303089	4000.0	30.364553096528955	0.0	1984579	5502.360545911612	4.0
5577.1344823721665	4000.0	28.668083027451065	0.0	2068230	5696.470069077887	4.0
5583.3679373859195	4000.0	26.43462801369816	0.0	2055338	6233.455013752907	4.0
5590.104416868914	4000.0	23.698148530704078	0.0	2165436	6736.479482994081	4.0
5595.661519824419	4000.0	22.141045575199044	0.0	2002600	5557.1029555050345	4.0
5602.3882179844595	4000.0	19.414347415158577	0.0	2290706	6726.698160040469	4.0
5608.55672972054	4000.0	17.24583567907868	0.0	1947068	6168.511736079895	4.0
5621.058334593544	4000.0	8.744230806074675	0.0	2544033	12501.604873004007	4.0
5625.98889944962	1500.0	7.813665949998557	0.0	755142	4930.564856076118	1.5
5629.971443644438	1500.0	7.831121755180253	0.0	670327	3982.544194818304	1.5
5632.233857647112	1500.0	9.56870775250613	0.0	785519	2262.414002674122	1.5
5634.206005105828	1500.0	11.596560293790056	0.0	681043	1972.1474587160744	1.5
5636.6927008289695	1500.0	13.109864570648481	0.0	866245	2486.695723141572	1.5
5638.693223150941	1500.0	15.109342248677272	0.0	691256	2000.5223219712097	1.5
5640.911779884924	1500.0	16.89078551469384	0.0	725845	2218.556733983433	1.5
5643.62360383787	1500.0	18.17896156174789	0.0	811013	2711.823952945949	1.5
5645.837862026695	1500.0	19.964703372923225	0.0	657685	2214.258188824663	1.5
5648.407050547129	1500.0	21.395514852489192	0.0	767059	2569.1885204340333	1.5
5651.212209147986	1500.0	22.590356251632695	0.0	848035	2805.1586008564964	1.5
5658.117313566368	4000.0	19.685251833251918	0.0	2171279	6905.104418380779	4.0
5664.597437207788	4000.0	17.205128191831033	0.0	2042818	6480.123641420883	4.0
5670.152378478529	4000.0	15.650186921090127	0.0	1750852	5554.941270740908	4.0
5687.216463295769	8000.0	4.0	1.4138978961496196	4346302	17064.084817239745	-20.277957922992393

