4698.289904119057	600.0	4.0	0.8938089455159212	247108	893.8089455159212	0.017507058	-17.27617891031842
4698.694682745326	200.0	7.595221373731553	0.0	98617	404.77862626844785	0.004705182	0.2
4699.1253436761035	200.0	11.164560442953297	0.0	106476	430.66093077825576	0.004705182	0.2
4699.584834444479	200.0	14.705069674577528	0.0	115230	459.49076837576933	0.004705182	0.2
4699.986454764344	200.0	18.30344935471255	0.0	97658	401.62031986497334	0.004705182	0.2
4700.388075084208	200.0	21.90182903484758	0.0	97658	401.62031986497334	0.004705182	0.2
4700.849416705763	200.0	25.440487413292715	0.0	115792	461.3416215548649	0.004705182	0.2
4701.284023049546	200.0	29.005881069509908	0.0	107674	434.6063437828047	0.004705182	0.2
4701.677894156724	200.0	32.6120099623325	0.0	95305	393.87110717740774	0.004705182	0.2
4702.1050937944565	200.0	36.184810324599134	0.0	105425	427.19963773336355	0.0064211246	0.2
4702.499162501617	200.0	39.790741617438194	0.0	95365	394.0687071609411	0.004705182	0.2
4702.893155462118	200.0	43.3967486569376	0.0	95342	393.9929605005866	0.004705182	0.2
4703.310455340676	200.0	46.979448778379265	0.0	102419	417.2998785583435	0.0054996503	0.2
4703.656777305149	200.0	50.633126813906095	0.0	80867	346.32196447316966	0.004705182	0.2
4704.009300615772	200.0	54.28060350328303	0.0	82750	352.52331062305745	0.006168698	0.2
4719.922437042458	12000.0	42.36746707659772	0.0	5443841	15913.136426685312	0.7077161	12.0
4720.236815618195	200.0	46.053088500861385	0.0	89871	314.37857573633687	0.004705182	0.2
4731.851820590626	12000.0	38.438083528430965	0.0	4055239	11615.004972430417	0.004705182	12.0
4732.27951981143	200.0	42.010384307626914	0.0	90919	427.69922080405377	0.004705182	0.2
4732.687933215512	200.0	45.6019709035445	0.0	85876	408.41340408241314	0.0065657073	0.2
4733.206409242091	200.0	49.08349487696579	0.0	114656	518.4760265787083	0.023128254	0.2
4733.660201488374	200.0	52.6297026306825	0.0	97742	453.7922462832832	0.06960026	0.2
4750.118961060852	12000.0	40.17094305820468	0.0	5141915	16458.759572477822	0.0120650465	12.0
4750.428424710443	200.0	43.86147940861359	0.0	85752	309.4636495910893	0.004705182	0.2
4750.761446970574	200.0	47.52845714848281	0.0	94556	333.02226013078456	0.004705182	0.2
4759.544186732077	8000.0	42.74571738697968	0.0	3253093	8782.739761503131	0.004705182	8.0
4773.419387604055	12000.0	32.87051651500141	0.0	5138482	13875.200871978259	0.005127662	12.0
4782.957474886695	8000.0	27.332429232361253	0.0	3354913	9538.087282640163	0.004705182	8.0
4783.281469954512	200.0	31.008434164543747	0.0	93993	323.99506781750927	0.08670651	0.2
4783.613486308591	200.0	34.67641781046496	0.0	97083	332.0163540787852	0.6668601	0.2
4783.937452821668	200.0	38.352451297388185	0.0	93982	323.96651307677337	0.1520783	0.2
4795.069344362863	8000.0	31.220559756191882	0.0	3568902	11131.8915411963	0.014801919	8.0
4797.67845386648	1500.0	32.61145025257502	0.0	633700	2609.109503616862	0.028536946	1.5
4798.11533887521	200.0	36.17456524384466	0.0	89422	436.8850087303567	0.046059377	0.2
4798.627267036846	200.0	39.66263708220835	0.0	108225	511.9281616363183	0.019277925	0.2
4799.057642691622	200.0	43.232261427431595	0.0	87791	430.3756547767523	0.123451516	0.2
4799.545077962263	200.0	46.74482615679054	0.0	102088	487.4352706410576	0.49970162	0.2
4799.945967959769	200.0	50.34393615928492	0.0	80403	400.88999750561237	0.2682583	0.2
4818.547228047125	12000.0	35.74267607192911	0.0	5257310	18601.26008735581	0.027706884	12.0
4819.045483232092	200.0	39.24442088696231	0.0	101968	498.25518496680087	0.081225716	0.2
4832.700145711816	12000.0	29.589758407238392	0.0	4828747	13654.66247972392	0.6702919	12.0
4838.254550616122	4000.0	28.03535350293217	0.0	1830641	5554.40490430622	0.0077326726	4.0
4842.850111147324	4000.0	27.4397929717293	0.0	1697030	4595.560531202871	0.019250363	4.0
4847.40206223126	4000.0	26.88784188779378	0.0	1910697	4551.95108393552	0.0106950635	4.0
4856.970459572341	8000.0	21.319444546714017	0.0	3682991	9568.39734107976	0.004733431	8.0
4862.417543566489	4000.0	19.872360552564675	0.0	2042818	5447.083994149344	0.39505067	4.0
4866.597659484762	4000.0	19.692244634292912	0.0	1750852	4180.115918271764	0.004705182	4.0
4880.298438641283	12000.0	9.991465477771499	0.0	5646381	13700.779156521412	0.31527573	12.0

