7075.532751733545	600.0	4.0	0.8166051234280391	247108	816.6051234280392	-15.732102468560784
7075.906719502525	200.0	7.626032231020028	0.0	98617	373.96776897997205	0.2
7076.846552199311	600.0	10.686199534233817	0.0	288447	939.8326967862133	0.6
7079.068185361864	1500.0	12.464566371681416	0.0	718451	2221.633162552399	1.5
7081.307241905879	1500.0	14.225509827666512	0.0	724296	2239.056544014905	1.5
7083.443555645982	1500.0	16.089196087564044	0.0	689829	2136.3137401024683	1.5
7085.670294714461	1500.0	17.862457019084783	0.0	737903	2226.7390684792595	1.5
7087.801160080123	1500.0	19.731591653423443	0.0	780303	2130.865365661344	1.5
7090.224186560181	1500.0	21.30856517336562	0.0	891463	2423.026480057823	1.5
7092.3098189933235	1500.0	23.222932740222838	0.0	763093	2085.6324331427822	1.5
7094.411807297417	1500.0	25.12094443612927	0.0	769316	2101.9883040935674	1.5
7098.160636638068	4000.0	25.372115095477877	0.0	1761739	3748.8293406513917	4.0
7102.27931208456	4000.0	25.253439648985864	0.0	2131310	4118.675446492018	4.0
7105.779773499123	4000.0	25.752978234423352	0.0	1805063	3500.4614145625087	4.0
7110.13592795231	4000.0	25.39682378123601	0.0	2157416	4356.154453187342	4.0
7114.64207565789	4000.0	24.890676075655524	0.0	2231719	4506.147705580484	4.0
7119.050270249998	4000.0	24.482481483547325	0.0	1835863	4408.194592108197	4.0
7124.7855938576395	4000.0	22.74715787590648	0.0	2192675	5735.3236076408475	4.0
7129.657429728863	4000.0	21.87532200468304	0.0	2082556	4871.835871223442	4.0
7134.511297557156	4000.0	21.021454176390463	0.0	2164412	4853.867828292576	4.0
7136.452856831146	1500.0	23.079894902399836	0.0	835711	1941.559273990629	1.5
7142.885840915487	4000.0	20.64691081805905	0.0	1950922	6432.984084340783	4.0
7148.878199008471	4000.0	18.65455272507618	0.0	1849252	5992.358092982871	4.0
7151.078373151361	1500.0	20.45437858218572	0.0	681795	2200.1741428904606	1.5
7153.817811851509	1500.0	21.71493988203801	0.0	855209	2739.4387001477107	1.5
7155.903132538751	1500.0	23.62961919479553	0.0	644861	2085.320687242479	1.5
7157.933666822941	1500.0	25.599084910606596	0.0	794014	2030.5342841889376	1.5
7162.302098307997	4000.0	25.23065342555104	0.0	2055338	4368.431485055553	4.0
7166.900247595984	4000.0	24.632504137563977	0.0	2165436	4598.149287987064	4.0
7170.981465629061	4000.0	24.551286104487655	0.0	2002600	4081.218033076321	4.0
7175.631509644572	4000.0	23.90124208897624	0.0	2290706	4650.044015511416	4.0
7181.020708550344	4000.0	22.51204318320464	0.0	1947068	5389.198905771604	4.0
7183.1414049375835	1500.0	24.39134679596503	0.0	633700	2120.69638723961	1.5
7189.19924160074	4000.0	22.333510132809668	0.0	2125133	6057.836663155362	4.0
7193.228579217673	4000.0	22.304172515876854	0.0	1828568	4029.3376169328167	4.0
7197.165591946982	4000.0	22.367159786567044	0.0	1785821	3937.0127293098094	4.0
7198.67304174794	1500.0	24.859709985608074	0.0	681043	1507.4498009589702	1.5
7202.799673145801	4000.0	24.733078587747485	0.0	1955307	4126.6313978605895	4.0
7207.314333155372	4000.0	24.218418578175754	0.0	2142800	4514.66000957173	4.0
7211.474833234939	4000.0	24.05791849860912	0.0	2094647	4160.500079566635	4.0
7215.389568145611	4000.0	24.143183587937948	0.0	1985434	3914.7349106711736	4.0
7219.187293649414	4000.0	24.345458084134805	0.0	1830641	3797.7255038031444	4.0
7223.186870980014	4000.0	24.345880753534576	0.0	1697030	3999.577330600225	4.0
7227.67994832505	4000.0	23.852803408498918	0.0	1910697	4493.0773450356555	4.0
7233.513255238469	4000.0	22.01949649507968	0.0	2171279	5833.306913419243	4.0
7239.062171574733	4000.0	20.470580158816023	0.0	2042818	5548.9163362636555	4.0
7243.648289191513	4000.0	19.884462542035685	0.0	1750852	4586.117616780338	4.0
7245.80945249096	1500.0	21.723299242589025	0.0	808636	2161.163299446661	1.5

