8329.765484736588	600.0	4.0	0.7547436685097959	247108	754.743668509796	0.0086516645	-14.494873370195918
8330.11476455091	200.0	7.650720185678203	0.0	98617	349.2798143217967	0.004705182	0.2
8330.485503850521	200.0	11.279980886067307	0.0	106476	370.73929961089493	0.004705182	0.2
8330.880146488244	200.0	14.885338248344597	0.0	115230	394.64263772271147	0.004705182	0.2
8331.226807693787	200.0	18.538677042801556	0.0	97658	346.6612055430405	0.004705182	0.2
8331.57346889933	200.0	22.192015837258513	0.0	97658	346.6612055430405	0.004705182	0.2
8331.969646112791	200.0	25.795838623796843	0.0	115792	396.1772134616698	0.004705182	0.2
8332.343656625455	200.0	29.421828111133866	0.0	107674	374.01051266298043	0.004705182	0.2
8332.683892819052	200.0	33.08159191753704	0.0	95305	340.23619359683255	0.004705182	0.2
8333.051762298197	200.0	36.713722438391706	0.0	105425	367.8694791453342	0.010073535	0.2
8333.392162325503	200.0	40.37332241108609	0.0	95365	340.4000273056181	0.004705182	0.2
8333.732499549886	200.0	44.03298518670217	0.0	95342	340.337224383917	0.004705182	0.2
8334.092160960221	200.0	47.673323776367	0.0	102419	359.66141033517647	0.007977036	0.2
8334.392973302361	200.0	51.3725114342276	0.0	80867	300.8123421393952	0.004705182	0.2
8334.698927292395	200.0	55.06655744419415	0.0	82750	305.9539900334494	0.009609918	0.2
8350.413831938427	12000.0	43.35165279816132	0.0	5443841	15714.904646032834	0.06710354	12.0
8350.772377547943	200.0	46.99310718864618	0.0	89871	358.54560951513855	0.004705182	0.2
8363.361172863397	12000.0	38.40431187319028	0.0	4055239	12588.795315455902	0.004705182	12.0
8363.717275886915	200.0	42.04820884967404	0.0	90919	356.1030235162374	0.004705182	0.2
8364.058064316698	200.0	45.7074204198906	0.0	85876	340.788429783438	0.008628495	0.2
8364.486251915156	200.0	49.279232821431776	0.0	114656	428.1875984588229	0.05007707	0.2
8364.863075040405	200.0	52.902409696182666	0.0	97742	376.8231252491127	0.115901776	0.2
8380.37262962392	12000.0	41.392855112666716	0.0	5141915	15509.554583515954	0.004705182	12.0
8380.70806722748	200.0	45.057417509107054	0.0	85752	335.4376035596597	0.004705182	0.2
8381.061382460504	200.0	48.704102276082494	0.0	94556	353.3152330245678	0.004705182	0.2
8389.460382572384	8000.0	44.30510216420243	0.0	3253093	8399.000111880065	0.004705182	8.0
8404.530490777923	12000.0	33.23499395866473	0.0	5138482	15070.1082055377	0.004705182	12.0
8414.315339587747	8000.0	27.450145148840406	0.0	3354913	9784.848809824323	0.004705182	8.0
8414.71986603301	200.0	31.045618703575954	0.0	93993	404.5264452644526	0.071984746	0.2
8415.13506121654	200.0	34.63042352004517	0.0	97083	415.1951835307827	0.12025427	0.2
8415.539549682477	200.0	38.22593505410788	0.0	93982	404.488465937291	0.09552532	0.2
8427.198758376831	8000.0	30.56672635975441	0.0	3568902	11659.208694353476	0.009855441	8.0
8429.211543980828	1500.0	32.55394075575891	0.0	633700	2012.7856039955013	0.027724242	1.5
8429.564281166058	200.0	36.20120357052854	0.0	89422	352.73718523037036	0.08680762	0.2
8429.97436751921	200.0	39.79111721737655	0.0	108225	410.08635315198535	0.029411227	0.2
8430.322130152885	200.0	43.443354583700724	0.0	87791	347.76263367582305	0.1681602	0.2
8430.713498650188	200.0	47.051986086398074	0.0	102088	391.36849730265544	0.59007126	0.2
8431.038727876821	200.0	50.72675685976394	0.0	80403	325.22922663413334	0.5749717	0.2
8446.523904010306	12000.0	39.24158072628066	0.0	5257310	15485.176133483279	0.004705182	12.0
8446.978218698507	200.0	42.78726603807803	0.0	101968	454.3146882026339	0.06574648	0.2
8468.120108033876	12000.0	25.645376702708223	0.0	4828747	21141.889335369808	0.022913015	12.0
8475.12405011925	4000.0	22.64143461733517	0.0	1830641	7003.942085373049	0.0100337835	4.0
8481.385182881952	4000.0	20.38030185463257	0.0	1697030	6261.132762702605	0.004705182	4.0
8487.473254478913	4000.0	18.292230257670433	0.0	1910697	6088.071596962139	0.009446056	4.0
8489.47582630565	1500.0	20.28965843093275	0.0	629438	2002.5718267376822	0.7853176	1.5
8495.385018025812	4000.0	18.38046671077082	0.0	2042818	5909.1917201619335	0.08262456	4.0
8500.105879480676	4000.0	17.659605255906083	0.0	1750852	4720.861454864736	0.004705182	4.0
8505.905909055013	4000.0	15.859575681570329	0.0	2034636	5800.0295743357565	0.04060347	4.0

