15530.131058453324	600.0	4.0	0.9190764006791171	247108	919.0764006791171	-17.781528013582342
15532.69800242616	1500.0	5.433056027164686	0.0	732405	2566.943972835314	1.5
15534.96424011716	1500.0	7.166818336162989	0.0	643847	2266.237691001698	1.5
15537.483802086601	1500.0	8.64725636672326	0.0	718451	2519.5619694397283	1.5
15540.013971970284	1500.0	10.117086483039136	0.0	724296	2530.1698836841238	1.5
15542.383718251636	1500.0	11.747340201687352	0.0	689829	2369.746281351783	1.5
15544.91303634387	1500.0	13.218022109452429	0.0	737903	2529.3180922349234	1.5
15547.583092564437	1500.0	14.547965888885244	0.0	780303	2670.0562205671845	1.5
15550.65103100974	1500.0	15.48002744358412	0.0	891463	3067.938445301125	1.5
15553.370064404315	1500.0	16.760994049009387	0.0	763093	2719.033394574733	1.5
15556.110619035244	1500.0	18.020439418078876	0.0	769316	2740.554630930509	1.5
15558.76506105405	1500.0	19.365997399274164	0.0	744416	2654.442018804712	1.5
15560.94972841439	1500.0	21.181330038932753	0.0	606092	2184.6673603414124	1.5
15563.648871865533	1500.0	22.4821865877893	0.0	748011	2699.1434511434513	1.5
15566.370795927247	1500.0	23.760262526075763	0.0	754517	2721.9240617135356	1.5
15569.723777216228	1500.0	24.407281237094473	0.0	934743	3352.9812889812893	1.5
15572.492776526677	1500.0	25.63828192664604	0.0	735572	2768.9993104484356	1.5
15575.447827344175	1500.0	26.68323110914714	0.0	772616	2955.0508174988954	1.5
15578.309029753646	1500.0	27.822028699676714	0.0	747396	2861.2024094704284	1.5
15580.851355120882	1500.0	29.27970333244	0.0	662349	2542.3253672367146	1.5
15583.862453128291	1500.0	30.26860532503081	0.0	835711	3011.098007409193	1.5
15586.770727312292	1500.0	31.360331141028528	0.0	806394	2908.27418400228	1.5
15589.68928843814	1500.0	32.441770015181845	0.0	809327	2918.5611258466865	1.5
15592.15332374434	1500.0	33.97773470898089	0.0	681795	2464.035306200957	1.5
15595.211719112413	1500.0	34.9193393409081	0.0	855209	3058.3953680727877	1.5
15597.537545589275	1500.0	36.59351286404598	0.0	644861	2325.82647686213	1.5
15600.382820065788	1500.0	37.74823838753211	0.0	794014	2845.2744765138655	1.5
15603.6298400748	1500.0	38.50121837852073	0.0	914284	3247.0200090113794	1.5
15606.044752283511	1500.0	40.08630616980855	0.0	675709	2414.9122087121787	1.5
15608.569611579886	1500.0	41.56144687343467	0.0	707527	2524.859296373885	1.5
15611.267059261461	1500.0	42.86399919185896	0.0	757473	2697.4476815757075	1.5
15613.897149188899	1500.0	44.23390926442306	0.0	712239	2630.0899274358962	1.5
15616.262554350626	1500.0	45.86850410269648	0.0	633700	2365.4051617265864	1.5
15619.065933591017	1500.0	47.06512486230428	0.0	755142	2803.379240392201	1.5
15621.563432069548	1500.0	48.567626383773906	0.0	670327	2497.4984785303727	1.5
15624.643555211018	1500.0	49.48750324230197	0.0	785519	3080.123141471938	1.5
15627.351923197897	1500.0	50.77913525542368	0.0	681043	2708.3679868782865	1.5
15630.775046358685	1500.0	51.356012094634444	0.0	866245	3423.1231607892328	1.5
15633.342257897775	1500.0	52.7888005555453	0.0	691256	2567.2115390891513	1.5
15635.798766042166	1500.0	54.33229241115633	0.0	725845	2456.5081443889662	1.5
15638.534124968251	1500.0	55.596933485069734	0.0	811013	2735.358926086601	1.5
15640.767468669652	1500.0	57.363589783670044	0.0	657685	2233.343701399689	1.5
15643.421117327378	1500.0	58.70994112594407	0.0	767059	2653.648657725979	1.5
15646.521991848706	1500.0	59.609066604615364	0.0	848035	3100.874521328703	1.5
15650.344179042579	1500.0	59.78687941074235	0.0	629438	2322.187193873008	1.5
15654.135476549665	1500.0	59.99558190365545	0.0	763847	2791.2975070869093	1.5
15658.351735382263	1500.0	59.77932307105727	0.0	769491	2716.2588325981756	1.5
15662.202104103088	1500.0	59.928954350231606	0.0	808636	2850.3687208256606	1.5

