1843.3566538779578	600.0	4.0	0.8150439680975664	247108	815.0439680975664	-15.700879361951328
1845.61525545077	1500.0	5.741398427187715	0.0	732405	2258.601572812285	1.5
1847.6104336470555	1500.0	7.746220230902229	0.0	643847	1995.178196285486	1.5
1849.827527848472	1500.0	9.529126029485582	0.0	718451	2217.0942014166467	1.5
1852.0620085043684	1500.0	11.294645373589395	0.0	724296	2234.480655896187	1.5
1854.3376030648333	1500.0	13.019050813124489	0.0	689829	2275.594560464908	1.5
1856.88148886975	1500.0	14.475165008207753	0.0	737903	2543.885804916733	1.5
1859.5669498656177	1500.0	15.789704012339813	0.0	780303	2685.460995867941	1.5
1862.6235782724796	1500.0	16.733075605478092	0.0	891463	3056.628406861722	1.5
1865.040104453695	1500.0	18.31654942426266	0.0	763093	2416.5261812154295	1.5
1867.4044664164298	1500.0	19.952187461527895	0.0	769316	2364.361962734764	1.5
1869.6948917746067	1500.0	21.66176210335107	0.0	744416	2290.425358176824	1.5
1876.3292169220122	4000.0	19.027436955945593	0.0	2131310	6634.325147405479	4.0
1882.24883679382	4000.0	17.107817084137757	0.0	1805063	5919.619871807833	4.0
1889.955274259413	4000.0	13.401379618544432	0.0	2157416	7706.437465593326	4.0
1897.92358126476	4000.0	9.433072613197341	0.0	2231719	7968.307005347091	4.0
1904.3574150439254	4000.0	6.999238834031996	0.0	1835863	6433.833779165344	4.0
1907.0535147624619	1500.0	8.303139115495608	0.0	772616	2696.0997185363894	1.5
1909.6642188447422	1500.0	9.692435033215117	0.0	747396	2610.70408228049	1.5
1911.9869513696615	1500.0	11.369702508296065	0.0	662349	2322.732524919053	1.5
1914.9394083392383	1500.0	12.41724553871928	0.0	835711	2952.4569695767836	1.5
1917.9226517406019	1500.0	13.434002137355673	0.0	806394	2983.2434013636057	1.5
1920.916454760336	1500.0	14.440199117621646	0.0	809327	2993.803019734029	1.5
1923.4511069958842	1500.0	15.905546882073391	0.0	681795	2534.652235548255	1.5
1926.4234433148426	1500.0	16.93321056311486	0.0	855209	2972.336318958533	1.5
1928.6156208415064	1500.0	18.74103303645106	0.0	644861	2192.177526663801	1.5
1931.2963340597914	1500.0	20.060319818166143	0.0	794014	2680.7132182849186	1.5
1934.37097960013	1500.0	20.98567427782755	0.0	914284	3074.645540338595	1.5
1936.5780730677548	1500.0	22.77858081020283	0.0	675709	2207.0934676247202	1.5
1938.8647849585927	1500.0	24.49186891936462	0.0	707527	2286.7118908382067	1.5
1945.9758397744918	4000.0	21.380814103465777	0.0	2290706	7111.054815898843	4.0
1951.4833015769623	4000.0	19.873352300995354	0.0	1947068	5507.461802470426	4.0
1959.6809779698042	4000.0	15.675675908153535	0.0	2544033	8197.676392841819	4.0
1967.2207839175503	4000.0	12.13586996040729	0.0	2125133	7539.805947746244	4.0
1973.2530326104074	4000.0	10.10362126755029	0.0	1828568	6032.248692856999	4.0
1981.0073160883499	4000.0	6.349337789607847	0.0	1785821	7754.283477942443	4.0
1984.4120111303025	1500.0	6.944642747655139	0.0	681043	3404.6950419527084	1.5
1987.4253745820104	1500.0	7.9312792959473235	0.0	866245	3013.3634517078153	1.5
1989.4873640807828	1500.0	9.869289797174858	0.0	691256	2061.9894987724674	1.5
1991.648528175903	1500.0	11.708125702054524	0.0	725845	2161.164095120334	1.5
1994.0538884611924	1500.0	13.302765416765201	0.0	811013	2405.360285289322	1.5
1996.0731951104854	1500.0	15.283458767472238	0.0	657685	2019.3066492929627	1.5
1999.3509397691619	1500.0	16.005714108795843	0.0	767059	3277.744658676394	1.5
2002.9662602485782	1500.0	16.39039362937948	0.0	848035	3615.320479416363	1.5
2005.6702852616058	1500.0	17.686368616351864	0.0	629438	2704.0250130276186	1.5
2008.3424767829251	1500.0	19.01417709503255	0.0	763847	2672.191521319314	1.5
2014.1283656537091	4000.0	17.22828822424878	0.0	1750852	5785.888870783771	4.0
2020.460262064326	4000.0	14.896391813632082	0.0	2034636	6331.896410616698	4.0

