9852.931421173545	600.0	4.0	0.851850694986725	247108	851.8506949867251	-16.4370138997345
9853.319454907733	200.0	7.6119662658129	0.0	98617	388.0337341870998	0.2
9854.300429450914	600.0	10.630991722630016	0.0	288447	980.974543182883	0.6
9856.624536900546	1500.0	12.306884272997031	0.0	718451	2324.1074496329848	1.5
9863.066016308772	4000.0	9.865404864771376	0.0	2069289	6441.479408225657	4.0
9864.981430626556	1500.0	11.949990546986392	0.0	689829	1915.414317784984	1.5
9870.50637949161	4000.0	10.425041681932761	0.0	2046450	5524.94886505363	4.0
9872.662516184053	1500.0	12.268904989490757	0.0	780303	2156.1366924420054	1.5
9879.27293907593	4000.0	9.658482097613895	0.0	1857129	6610.422891876863	4.0
9882.043913245021	1500.0	10.887507928522824	0.0	763093	2770.9741690910696	1.5
9884.400554423471	1500.0	12.530866750071397	0.0	769316	2356.6411784514266	1.5
9889.249341579403	4000.0	11.682079594139136	0.0	1761739	4848.787155932261	4.0
9895.013286743997	4000.0	9.918134429546127	0.0	2131310	5763.945164593008	4.0
9897.030856722466	1500.0	11.900564451077964	0.0	748011	2017.569978468164	1.5
9902.699202980297	4000.0	10.232218193246364	0.0	2157416	5668.346257831598	4.0
9905.201597337022	1500.0	11.729823836520147	0.0	934743	2502.394356726218	1.5
9910.039953430396	4000.0	10.891467743147288	0.0	1835863	4838.3560933728595	4.0
9912.12248959537	1500.0	12.808931578173452	0.0	772616	2082.536164973838	1.5
9917.771007543617	4000.0	11.16041362992355	0.0	2082556	5648.517948249901	4.0
9923.76246723451	4000.0	9.168953939030327	0.0	2164412	5991.4596908932235	4.0
9932.841912651122	1500.0	4.089508522419744	0.0	835711	9079.445416610582	1.5
9933.88987191168	200.0	7.0415492618617055	0.0	97742	1047.9592605580394	0.2
9935.359891739505	600.0	9.571529434037496	0.0	346141	1470.01982782421	0.6
9938.17781810047	1500.0	10.753603073070702	0.0	681795	2817.9263609667946	1.5
9941.692133789551	1500.0	11.239287383991062	0.0	855209	3514.3156890796377	1.5
9948.08637003363	4000.0	8.84505113990983	0.0	1984579	6394.236244081235	4.0
9949.083496395326	600.0	11.84792477821559	0.0	324657	997.126361694239	0.6
9955.333622091102	4000.0	9.597799082438868	0.0	2055338	6250.125695776723	4.0
9958.391215525236	1500.0	10.540205648304081	0.0	675709	3057.593434134788	1.5
9961.589018824692	1500.0	11.342402348846646	0.0	707527	3197.8032994574346	1.5
9969.199378897478	4000.0	7.732042276062767	0.0	2290706	7610.360072783879	4.0
9970.11214351884	600.0	10.819277654701477	0.0	293409	912.76462136129	0.6
9971.99073504315	1500.0	12.940686130390194	0.0	633700	1878.5915243112838	1.5
9978.01248920159	4000.0	10.91893197194962	0.0	2125133	6021.7541584405735	4.0
9979.943262626957	1500.0	12.988158546582925	0.0	670327	1930.7734253666956	1.5
9984.953915948787	4000.0	11.977505224753761	0.0	1785821	5010.653321829163	4.0
9990.220957082549	4000.0	10.710464090991419	0.0	2096494	5267.041133762342	4.0
9992.443934384795	1500.0	12.487486788746383	0.0	866245	2222.977302245037	1.5
9998.060251117411	4000.0	10.871170056129653	0.0	2142800	5616.3167326167295	4.0
10000.09683848853	1500.0	12.834582685013002	0.0	725845	2036.587371116652	1.5
10005.528773255022	4000.0	11.402647918519301	0.0	1985434	5431.934766493699	4.0
10010.54344809834	4000.0	10.387973075201018	0.0	1830641	5014.674843318283	4.0
10012.691131904528	1500.0	12.240289269014617	0.0	767059	2147.683806186401	1.5
10017.960142523702	4000.0	10.971278649839682	0.0	1910697	5269.0106191749355	4.0
10019.765014156086	1500.0	13.16640701745576	0.0	629438	1804.8716323839212	1.5
10039.157216890218	8000.0	4.0	6.22579571667514	3954105	19392.2027341309	-116.5159143335028
10039.53707111705	200.0	7.620145773167522	0.0	95393	379.85422683247873	0.2
10040.58800056834	600.0	10.569216321879729	0.0	308883	1050.929451287794	0.6

