25216.442133173223	600.0	4.0	0.5995778960509889	247108	599.5778960509889	-11.391557921019778
25217.173365448667	600.0	7.2687677245548326	0.0	309722	731.2322754451673	0.6
25217.859864167374	600.0	10.582269005847953	0.0	288447	686.4987187068796	0.6
25219.450504288274	1500.0	12.991628884946447	0.0	718451	1590.6401209015048	1.5
25223.881463484016	4000.0	12.560669689204282	0.0	2069289	4430.959195742164	4.0
25227.663184142562	4000.0	12.778949030654411	0.0	1863995	3781.7206585498698	4.0
25231.445281491197	4000.0	12.996851682019667	0.0	2046450	3782.097348634745	4.0
25235.24938392774	4000.0	13.192749245477184	0.0	2058614	3804.102436542484	4.0
25239.45772006835	4000.0	12.984413104868585	0.0	1857129	4208.336140608599	4.0
25245.382836984652	4000.0	11.059296188564957	0.0	2373154	5925.116916303628	4.0
25249.489918891682	4000.0	10.952214281535245	0.0	2094766	4107.081907029711	4.0
25252.64914198054	4000.0	11.792991192679857	0.0	1761739	3159.2230888553886	4.0
25256.454312940317	4000.0	11.987820232901832	0.0	2131310	3805.1709597780255	4.0
25259.64417580123	4000.0	12.797957371991297	0.0	1805063	3189.8628609105344	4.0
25263.43262929872	4000.0	13.009503874499863	0.0	2157416	3788.4534974914327	4.0
25267.389317200028	4000.0	13.052815973193301	0.0	2231719	3956.6879013065636	4.0
25271.190111170512	4000.0	13.25202200270752	0.0	1835863	3800.7939704857813	4.0
25275.714065822485	4000.0	12.72806735073463	0.0	2192675	4523.954651972891	4.0
25279.689464060953	4000.0	12.752669112267206	0.0	2082556	3975.3982384674246	4.0
25283.61799179922	4000.0	12.824141374002625	0.0	2164412	3928.5277382645804	4.0
25287.991946764672	4000.0	12.45018640854746	0.0	2379358	4373.9549654551665	4.0
25292.080930864748	4000.0	12.361202308472969	0.0	1950922	4088.984100074491	4.0
25295.960991484822	4000.0	12.48114168840156	0.0	1849252	3880.0606200714087	4.0
25299.471628744344	4000.0	12.970504428877902	0.0	1822097	3510.637259523658	4.0
25302.740927930456	4000.0	13.7012052427683	0.0	1836837	3269.299186109604	4.0
25308.57229179686	8000.0	11.869841376364121	0.0	3253093	5831.363866404176	8.0
25317.472635623835	8000.0	6.969497549386731	0.0	4274504	8900.34382697739	8.0
25321.2751158523	4000.0	7.1670173209200785	0.0	2055338	3802.4802284666534	4.0
25325.198971359532	4000.0	7.243161813686564	0.0	2165436	3923.855507233514	4.0
25328.81078013429	4000.0	7.631353038932506	0.0	2002600	3611.808774754058	4.0
25332.79883438661	4000.0	7.643298786608016	0.0	2290706	3988.0542523244903	4.0
25336.200625736947	4000.0	8.241507436271071	0.0	1947068	3401.7913503369446	4.0
25340.410356478802	4000.0	8.031776694416768	0.0	2544033	4209.730741854302	4.0
25343.75900613033	4000.0	8.683127042890694	0.0	2125133	3348.6496515260756	4.0
25346.65151158575	4000.0	9.790621587471323	0.0	1828568	2892.5054554193703	4.0
25349.55388507847	4000.0	10.8882480947545	0.0	1785821	2902.3734927168234	4.0
25353.181139712946	4000.0	11.260993460278014	0.0	2096494	3627.254634476487	4.0
25356.56950683328	4000.0	11.872626339945537	0.0	1955307	3388.367120332477	4.0
25360.625214853066	4000.0	11.816918320157837	0.0	2142800	4055.7080197876994	4.0
25365.19468612606	4000.0	11.247447047167523	0.0	2094647	4569.471272990316	4.0
25369.487119556725	4000.0	10.955013616499656	0.0	1985434	4292.433430667867	4.0
25373.077120515405	4000.0	11.3650126578188	0.0	1830641	3590.0009586808555	4.0
25376.410940858616	4000.0	12.031192314611054	0.0	1697030	3333.820343207746	4.0
25380.052077377426	4000.0	12.390055795796389	0.0	1910697	3641.136518814666	4.0
25383.757068403767	4000.0	12.68506476945973	0.0	2171279	3704.9910263366587	4.0
25387.247591380517	4000.0	13.19454179270778	0.0	2042818	3490.5229767519513	4.0
25390.2319543814	4000.0	14.210178791821415	0.0	1750852	2984.3630008863656	4.0
25399.466454107805	12000.0	8.975679065416452	0.0	5646381	9234.499726404962	12.0

