16930.059512184136	600.0	4.0	0.6755665351128252	247108	675.5665351128251	-12.911330702256503
16930.88598764583	600.0	7.173524538306269	0.0	309722	826.4754616937307	0.6
16931.661187236103	600.0	10.398324948031211	0.0	288447	775.1995902750581	0.6
16932.01890844238	200.0	14.04060374175278	0.0	115230	357.7212062784322	0.2
16933.844568069413	1500.0	16.214944114722982	0.0	724296	1825.6596270297955	1.5
16935.587157169524	1500.0	18.472355014611516	0.0	689829	1742.5891001114692	1.5
16940.705556626915	4000.0	17.353955557219138	0.0	2046450	5118.3994573923765	4.0
16946.550670309025	4000.0	15.508841875108974	0.0	2058614	5845.1136821101645	4.0
16951.513672136203	4000.0	14.545840047931506	0.0	1857129	4963.001827177467	4.0
16957.016862024084	4000.0	13.042650160050336	0.0	2373154	5503.189887881169	4.0
16961.804444121008	4000.0	12.255068063126403	0.0	2094766	4787.582096923931	4.0
16965.713011048	4000.0	12.346501136131497	0.0	1761739	3908.566926994907	4.0
16970.42497978793	4000.0	11.634532396200262	0.0	2131310	4711.968739931236	4.0
16975.74112533609	4000.0	10.318386848037743	0.0	1805063	5316.145548162518	4.0
16981.872149303555	4000.0	8.187362880575886	0.0	2157416	6131.023967461858	4.0
16987.5288327332	4000.0	6.530679450933531	0.0	2231719	5656.683429642356	4.0
16992.28992430381	4000.0	5.769587880326771	0.0	1835863	4761.091570606759	4.0
16994.424959047967	1500.0	7.634553136170107	0.0	772616	2135.0347441566646	1.5
16996.492912633763	1500.0	9.566599550373653	0.0	747396	2067.9535857964556	1.5
16998.334654828795	1500.0	11.724857355340902	0.0	662349	1841.7421950327494	1.5
17000.63751216164	1500.0	13.422000022495206	0.0	835711	2302.857332845696	1.5
17006.286758889488	4000.0	11.772753294644662	0.0	1950922	5649.246727850542	4.0
17011.561944339577	4000.0	10.497567844555507	0.0	1849252	5275.185450089156	4.0
17015.537342851087	4000.0	10.522169333044436	0.0	1822097	3975.39851151107	4.0
17019.544253501666	4000.0	10.515258682465207	0.0	1836837	4006.910650579228	4.0
17024.36308710142	4000.0	9.696425082706916	0.0	1984579	4818.833599758291	4.0
17029.777443513125	4000.0	8.282068671003847	0.0	2068230	5414.35641170307	4.0
17034.576230120747	4000.0	7.483282063380921	0.0	2055338	4798.786607622926	4.0
17039.321170137715	4000.0	6.738342046416021	0.0	2165436	4744.9400169649	4.0
17043.965948691304	4000.0	6.093563492825015	0.0	2002600	4644.778553591006	4.0
17049.621138225833	4000.0	4.438373958295047	0.0	2290706	5655.189534529967	4.0
17051.43460704238	1500.0	6.624905141745002	0.0	712239	1813.4688165500456	1.5
17052.947488148675	1500.0	9.112024035452816	0.0	633700	1512.8811062921855	1.5
17054.670663995264	1500.0	11.388848188859589	0.0	755142	1723.1758465932273	1.5
17058.72959613181	4000.0	11.329916052316682	0.0	1828568	4058.932136542908	4.0
17062.829334951653	4000.0	11.230177232472318	0.0	1785821	4099.738819844362	4.0
17068.88587060358	4000.0	9.173641580546295	0.0	2096494	6056.535651926024	4.0
17074.245212978178	4000.0	7.814299205950746	0.0	1955307	5359.342374595549	4.0
17079.582972762255	4000.0	6.476539421875173	0.0	2142800	5337.759784075573	4.0
17081.443968959036	1500.0	8.615543225089503	0.0	725845	1860.9961967856705	1.5
17083.398937626313	1500.0	10.660574557815078	0.0	811013	1954.9686672744244	1.5
17084.874352088395	1500.0	13.185160095733949	0.0	657685	1475.414462081129	1.5
17088.55495147045	4000.0	13.504560713680933	0.0	1697030	3680.599382053016	4.0
17092.688889490102	4000.0	13.370622694028627	0.0	1910697	4133.938019652305	4.0
17097.350402773794	4000.0	12.70910941033695	0.0	2171279	4661.5132836916755	4.0
17101.73969082358	4000.0	12.31982136055317	0.0	2042818	4389.288049783779	4.0
17106.237694938827	4000.0	11.821817245303391	0.0	1750852	4498.00411524978	4.0
17117.09788998961	8000.0	4.961622194521468	0.0	4346302	10860.195050781924	8.0

