6398.6820662129485	600.0	4.0	0.9197536213414893	247108	919.7536213414893	-17.795072426829783
6401.251017404486	1500.0	5.431048808461833	0.0	732405	2568.951191538167	1.5
6402.311254437747	600.0	8.370811775200712	0.0	288447	1060.237033261119	0.6
6403.341739124039	600.0	11.34032708890871	0.0	279692	1030.4846862920012	0.6
6404.503596309375	600.0	14.178469903572488	0.0	318350	1161.8571853362218	0.6
6404.915470061552	200.0	17.766596151395436	0.0	97658	411.87375217705284	0.2
6405.388969063293	200.0	21.293097149653793	0.0	115792	473.49900174164225	0.2
6406.402907298712	600.0	24.279158914234735	0.0	274823	1013.9382354190561	0.6
6407.470878922687	600.0	27.211187290259545	0.0	290723	1067.9716239751922	0.6
6424.179209363922	12000.0	14.502856849023953	0.0	5088378	16708.330441235594	12.0
6425.025166909721	600.0	17.656899303225757	0.0	329266	845.9575457981972	0.6
6425.326956964969	200.0	21.35510924797714	0.0	95342	301.79005524861884	0.2
6426.816883106289	1500.0	23.865183106656986	0.0	606092	1489.9261413201514	1.5
6427.0850005823	200.0	27.59706563064652	0.0	80867	268.1174760104682	0.2
6428.920201512803	1500.0	29.761864700143466	0.0	754517	1835.200930503053	1.5
6429.780263047143	600.0	32.9018031658035	0.0	324375	860.0615343399642	0.6
6430.68113376471	600.0	36.00093244823706	0.0	340687	900.8707175664483	0.6
6441.297651208662	12000.0	29.38441500428487	0.0	4055239	10616.517443952189	12.0
6444.215280177386	1500.0	30.466786035560084	0.0	747396	2917.6289687247877	1.5
6445.475476655959	600.0	33.20658955698764	0.0	310849	1260.1964785724456	0.6
6459.393575329754	8000.0	23.288490883193504	0.0	3690869	13918.098673794133	8.0
6460.2529677259445	600.0	26.429098487002147	0.0	310841	859.3923961913569	0.6
6460.579992630865	200.0	30.102073582082504	0.0	100675	327.02490491964176	0.2
6460.870401169694	200.0	33.811665043252916	0.0	85752	290.4085388295915	0.2
6461.182411965915	200.0	37.49965424703159	0.0	94556	312.0107962213225	0.2
6469.24448287746	8000.0	33.437583335487	0.0	3253093	8062.070911544595	8.0
6482.727282238567	12000.0	23.954783974379744	0.0	5138482	13482.799361107254	12.0
6483.296495417089	200.0	27.38557079585673	0.0	103756	569.2131785230152	0.2
6484.748707357915	600.0	29.93335885503042	0.0	291029	1452.21194082631	0.6
6488.164721974524	1500.0	30.51734423842171	0.0	707527	3416.014616608711	1.5
6488.687850400292	200.0	33.99421581265405	0.0	93982	523.1284257676666	0.2
6498.491717235289	8000.0	28.19034897765681	0.0	3568902	9803.866834997234	8.0
6500.1699265951665	1500.0	30.512139617779127	0.0	633700	1678.209359877682	1.5
6502.266637834241	1500.0	32.415428378704696	0.0	755142	2096.7112390744287	1.5
6503.112178531622	600.0	35.569887681323664	0.0	284451	845.5406973810366	0.6
6503.4284497465715	200.0	39.25361646637354	0.0	87791	316.27121495012705	0.2
6503.783198363079	200.0	42.89886784986582	0.0	102088	354.74861650771226	0.2
6504.744494220171	600.0	45.937571992773435	0.0	327462	961.2958570923954	0.6
6518.39705599508	12000.0	36.28501021786396	0.0	5257310	13652.561774909464	12.0
6519.187201438832	600.0	39.49486477411211	0.0	284107	790.1454437518552	0.6
6531.197982306583	12000.0	31.48408390636128	0.0	4828747	12010.780867750831	12.0
6532.837655638039	1500.0	33.84441057490535	0.0	657685	1639.6733314559278	1.5
6542.0743531641265	8000.0	28.607713048818106	0.0	3735285	9236.697526087248	8.0
6543.160328144403	600.0	31.52173806854086	0.0	278938	1085.9749802772455	0.6
6545.510362631048	1500.0	33.17170358189598	0.0	629438	2350.0344866448777	1.5
6548.345135988425	1500.0	34.336930224519676	0.0	763847	2834.77335737631	1.5
6555.040865038293	4000.0	31.641201174650995	0.0	1750852	6695.729049868678	4.0
6574.138018639166	12000.0	16.544047573778634	0.0	5646381	19097.153600872363	12.0

