4033.6835014537	600.0	4.0	1.0867293051205662	247108	1086.729305120566	-21.134586102411323
4035.0253230614203	600.0	6.658178392279683	0.0	309722	1341.8216077203167	0.6
4036.280469345126	600.0	9.403032108573319	0.0	288447	1255.1462837063632	0.6
4037.4999473580106	600.0	12.18355409568915	0.0	279692	1219.4780128841696	0.6
4038.8769198327386	600.0	14.806581620960964	0.0	318350	1376.9724747281846	0.6
4041.767314760552	1500.0	15.916186693147964	0.0	689829	2890.3949278130012	1.5
4044.7344921571025	1500.0	16.949009296597232	0.0	737903	2967.177396550731	1.5
4047.7703952752217	1500.0	17.913106178478046	0.0	780303	3035.9031181191845	1.5
4051.227388906398	1500.0	18.45611254730159	0.0	891463	3456.993631176457	1.5
4055.784637253701	1500.0	17.898864199998513	0.0	763093	4557.248347303075	1.5
4063.8663473530296	1500.0	13.817154100670077	0.0	769316	8081.710099328435	1.5
4066.99981365395	1500.0	14.683687799749729	0.0	744416	3133.4663009203477	1.5
4069.565898715605	1500.0	16.117602738094128	0.0	606092	2566.0850616556004	1.5
4072.7141110877433	1500.0	16.969390365955796	0.0	748011	3148.212372138334	1.5
4075.8738341459316	1500.0	17.80966730776741	0.0	754517	3159.7230581883855	1.5
4079.7601784399353	1500.0	17.92332301376354	0.0	934743	3886.3442940038685	1.5
4082.835483336606	1500.0	18.84801811709246	0.0	735572	3075.304896671078	1.5
4086.373499122262	1500.0	19.31000233143635	0.0	772616	3538.0157856561136	1.5
4089.965698370382	1500.0	19.71780308331605	0.0	747396	3592.1992481203006	1.5
4093.158240663615	1500.0	20.525260790082964	0.0	662349	3192.542293233083	1.5
4096.775091595844	1500.0	20.908409857853744	0.0	835711	3616.8509322292202	1.5
4100.132449856361	1500.0	21.551051597337587	0.0	806394	3357.358260516156	1.5
4106.916718560061	4000.0	18.766782893637306	0.0	1849252	6784.268703700282	4.0
4112.576345737095	4000.0	17.10715571660381	0.0	1822097	5659.627177033493	4.0
4119.403189805624	4000.0	14.280311648074719	0.0	1836837	6826.8440685290925	4.0
4126.756949929732	4000.0	10.926551523966122	0.0	1984579	7353.760124108598	4.0
4133.122288682605	4000.0	8.561212771093324	0.0	2068230	6365.338752872799	4.0
4136.499110900544	1500.0	9.18439055315412	0.0	914284	3376.8222179392023	1.5
4139.562949942302	1500.0	10.120551511396606	0.0	675709	3063.839041757514	1.5
4142.767292944537	1500.0	10.916208509161075	0.0	707527	3204.3430022355315	1.5
4145.8619708041315	1500.0	11.82153064956695	0.0	757473	3094.677859594124	1.5
4148.1559988976205	1500.0	13.527502556077412	0.0	712239	2294.028093489538	1.5
4150.2058848528195	1500.0	15.477616600879339	0.0	633700	2049.8859551980727	1.5
4152.633278919381	1500.0	17.050222534317584	0.0	755142	2427.3940665617533	1.5
4154.797021609439	1500.0	18.886479844259107	0.0	670327	2163.7426900584796	1.5
4157.856444362016	1500.0	19.827057091682818	0.0	785519	3059.422752576288	1.5
4160.6713508700595	1500.0	21.012150583638743	0.0	681043	2814.9065080440732	1.5
4164.229984507086	1500.0	21.453516946613423	0.0	866245	3558.6336370253243	1.5
4166.708163541425	1500.0	22.975337912273805	0.0	691256	2478.179034339616	1.5
4168.898791630986	1500.0	24.784709822712884	0.0	725845	2190.6280895609193	1.5
4171.3370731081595	1500.0	26.346428345539287	0.0	811013	2438.281477173597	1.5
4173.329504047387	1500.0	28.353997406312768	0.0	657685	1992.4309392265193	1.5
4179.246287290902	4000.0	26.437214162797897	0.0	1697030	5916.78324351487	4.0
4187.064946275007	4000.0	22.618555178692297	0.0	1910697	7818.6589841055975	4.0
4196.02520598207	4000.0	17.658295471629597	0.0	2171279	8960.259707062702	4.0
4202.300877675177	4000.0	15.38262377852251	0.0	2042818	6275.671693107088	4.0
4207.718967637301	4000.0	13.96453381639875	0.0	1750852	5418.089962123759	4.0
4214.2402371268145	4000.0	11.443264326885494	0.0	2034636	6521.269489513257	4.0

