6978.679778749236	600.0	4.0	0.8643609022556392	247108	864.3609022556392	-16.687218045112783
6979.742886650916	600.0	6.936892098319678	0.0	309722	1063.1079016803221	0.6
6981.86656153734	1500.0	8.813217211895173	0.0	643847	2123.6748864245046	1.5
6984.22704162939	1500.0	10.452737119844466	0.0	718451	2360.4800920507073	1.5
6986.606074700195	1500.0	12.073704049040806	0.0	724296	2379.033070803658	1.5
6988.614551127943	1500.0	14.065227621292035	0.0	689829	2008.4764277487714	1.5
6989.982677164427	1500.0	16.697101584807786	0.0	737903	1368.1260364842456	1.5
6991.424819086396	1500.0	19.254959662838687	0.0	780303	1442.1419219691018	1.5
6993.061008315688	1500.0	21.61877043354655	0.0	891463	1636.1892292921357	1.5
6997.283722813375	4000.0	21.396055935859547	0.0	2373154	4222.714497687003	4.0
7006.78196283237	4000.0	15.897815916864976	0.0	2094766	9498.24001899457	4.0
7012.208826735605	4000.0	14.470952013630464	0.0	1761739	5426.863903234512	4.0
7013.727364681371	1500.0	16.95241406786413	0.0	606092	1518.5379457663325	1.5
7015.582742358935	1500.0	19.097036390299305	0.0	748011	1855.3776775648253	1.5
7017.453561797611	1500.0	21.226216951623698	0.0	754517	1870.819438675607	1.5
7020.178660402461	1500.0	22.501118346773477	0.0	934743	2725.0986048502186	1.5
7027.445968141823	4000.0	19.233810607411122	0.0	1835863	7267.3077393623535	4.0
7035.597174949412	4000.0	15.082603799822124	0.0	2192675	8151.206807589	4.0
7041.486894489992	4000.0	13.192884259242666	0.0	2082556	5889.719540579456	4.0
7045.90863516851	4000.0	12.771143580724074	0.0	2164412	4421.740678518593	4.0
7051.353888218712	4000.0	11.325890530522098	0.0	2379358	5445.253050201975	4.0
7057.1782297718955	4000.0	9.50154897733844	0.0	1950922	5824.341553183658	4.0
7062.021511909496	4000.0	8.65826683973777	0.0	1849252	4843.28213760067	4.0
7066.266543054133	4000.0	8.413235695100935	0.0	1822097	4245.031144636837	4.0
7071.4990536114055	4000.0	7.180725137828898	0.0	1836837	5232.510557272037	4.0
7080.669562821327	4000.0	4.0	1.9897840720936002	1984579	9170.509209922498	-35.795681441872006
7081.366429627332	600.0	7.30313319399582	0.0	324657	696.8668060041801	0.6
7083.183621343083	1500.0	9.485941478244348	0.0	914284	1817.1917157514727	1.5
7084.547506959652	1500.0	12.12205586167585	0.0	675709	1363.8856165684972	1.5
7085.971848589902	1500.0	14.697714231426943	0.0	707527	1424.3416302489077	1.5
7087.491090467158	1500.0	17.178472354170626	0.0	757473	1519.2418772563178	1.5
7092.241637582583	4000.0	16.42792523874491	0.0	1947068	4750.547115425716	4.0
7101.38582751981	4000.0	11.283735301518508	0.0	2544033	9144.189937226402	4.0
7105.496425907671	4000.0	11.173136913656961	0.0	2125133	4110.598387861546	4.0
7109.044549188848	4000.0	11.625013632481048	0.0	1828568	3548.1232811759132	4.0
7114.425221634896	4000.0	10.244341186433529	0.0	1785821	5380.672446047521	4.0
7121.975922271486	4000.0	6.693640549843317	0.0	2096494	7550.700636590212	4.0
7124.192622545897	1500.0	8.476940275431453	0.0	866245	2216.7002744118645	1.5
7125.977690840535	1500.0	10.691871980793275	0.0	691256	1785.0682946381771	1.5
7127.84807717544	1500.0	12.821485645887469	0.0	725845	1870.3863349058058	1.5
7129.928540900659	1500.0	14.741021920669327	0.0	811013	2080.4637252181424	1.5
7131.892522139075	1500.0	16.777040682253656	0.0	657685	1963.9812384156694	1.5
7138.564209845425	4000.0	14.105352975902909	0.0	1697030	6671.687706350748	4.0
7144.267247764826	4000.0	12.402315056501418	0.0	1910697	5703.0379194014895	4.0
7149.574364613552	4000.0	11.09519820777583	0.0	2171279	5307.116848725588	4.0
7157.095144009419	4000.0	7.574418811908757	0.0	2042818	7520.779395867073	4.0
7160.546592610109	1500.0	8.122970211218686	0.0	769491	3451.448600690071	1.5
7162.9237024166705	1500.0	9.745860404657261	0.0	808636	2377.1098065614237	1.5

