12378.550308642203	600.0	4.0	0.5643830246006077	247108	564.3830246006078	-10.687660492012155
12380.065974622798	1500.0	6.484334019406057	0.0	732405	1515.665980593943	1.5
12381.408048522631	1500.0	9.142260119572676	0.0	643847	1342.0738998333825	1.5
12382.896361763835	1500.0	11.653946878369108	0.0	718451	1488.3132412035675	1.5
12384.396132419524	1500.0	14.154176222679606	0.0	724296	1499.7706556895032	1.5
12385.82834059359	1500.0	16.721968048613153	0.0	689829	1432.2081740664512	1.5
12387.35478379657	1500.0	19.195524845633642	0.0	737903	1526.4432029795157	1.5
12388.885955552933	1500.0	21.66435308927222	0.0	780303	1531.1717563614238	1.5
12390.308659334385	1500.0	24.241649307818946	0.0	891463	1422.7037814532757	1.5
12393.963056532892	4000.0	24.587252109313827	0.0	2373154	3654.3971985051166	4.0
12397.19815128103	4000.0	25.35215736117537	0.0	2094766	3235.0947481384555	4.0
12400.052586365862	4000.0	26.49772227634443	0.0	1761739	2854.435084830941	4.0
12403.736577065503	4000.0	26.813731576703763	0.0	2131310	3683.9906996406685	4.0
12406.868892432234	4000.0	27.681416209973683	0.0	1805063	3132.3153667300785	4.0
12410.729028037687	4000.0	27.821280604518787	0.0	2157416	3860.1356054548964	4.0
12414.93582275835	4000.0	27.61448588385679	0.0	2231719	4206.794720661998	4.0
12418.410618311133	4000.0	28.139690331074966	0.0	1835863	3474.7955527818226	4.0
12422.463180718156	4000.0	28.087127924052577	0.0	2192675	4052.562407022389	4.0
12426.292873616212	4000.0	28.25743502599602	0.0	2082556	3829.692898056559	4.0
12430.193673177999	4000.0	28.356635464210274	0.0	2164412	3900.7995617857446	4.0
12434.080036959793	4000.0	28.470271682415362	0.0	2379358	3886.363781794913	4.0
12437.281012803658	4000.0	29.26929583855038	0.0	1950922	3200.975843864982	4.0
12440.337415843764	4000.0	30.21289279844444	0.0	1849252	3056.4030401059426	4.0
12443.439072940424	4000.0	31.11123570178392	0.0	1822097	3101.6570966605173	4.0
12446.565173974814	4000.0	31.985134667394085	0.0	1836837	3126.1010343898347	4.0
12449.93628153892	4000.0	32.61402710328886	0.0	1984579	3371.107564105222	4.0
12455.717182616487	4000.0	30.833126025720436	0.0	2068230	5780.901077568428	4.0
12461.210477488763	4000.0	29.339831153443342	0.0	2055338	5493.2948722770925	4.0
12462.695807459777	1500.0	31.854501182430354	0.0	675709	1485.3299710129857	1.5
12464.247312054804	1500.0	34.30299658740364	0.0	707527	1551.504595026712	1.5
12465.902693630502	1500.0	36.647615011705945	0.0	757473	1655.381575697703	1.5
12467.463998176134	1500.0	39.086310466074146	0.0	712239	1561.3045456317998	1.5
12468.861958426227	1500.0	41.6883502159799	0.0	633700	1397.9602500942403	1.5
12470.512492021267	1500.0	44.03781662094019	0.0	755142	1650.5335950397107	1.5
12471.851608720588	1500.0	46.698699921621774	0.0	670327	1339.116699318418	1.5
12473.38160802837	1500.0	49.16870061383895	0.0	785519	1529.9993077828283	1.5
12474.718753786234	1500.0	51.83155485597651	0.0	681043	1337.1457578624334	1.5
12476.39776622307	1500.0	54.152542419141334	0.0	866245	1679.012436835183	1.5
12480.433187437218	4000.0	54.117121204992415	0.0	2142800	4035.4212141489193	4.0
12485.619918634236	4000.0	52.93039000797507	0.0	2094647	5186.731197017349	4.0
12490.788002691	4000.0	51.76230595121112	0.0	1985434	5168.0840567639425	4.0
12492.131657352891	1500.0	54.41865128932183	0.0	657685	1343.6546618892926	1.5
12493.490755216362	1500.0	57.05955342585127	0.0	767059	1359.0978634705577	1.5
12494.98488340813	1500.0	59.56542523408472	0.0	848035	1494.1281917665451	1.5
12498.61449341334	1500.0	59.93581522887367	0.0	629438	1129.6100052110476	1.5
12502.617043741464	4000.0	59.933264900748895	0.0	2042818	3502.550328124783	4.0
12506.724562600213	4000.0	59.825746042000375	0.0	1750852	3107.518858748514	4.0
12510.822791931241	4000.0	59.7275167109726	0.0	2034636	3598.2293310277746	4.0

