12046.76186869773	600.0	4.0	0.8277216937420807	247108	827.7216937420807	-15.954433874841614
12047.140272918847	200.0	7.621595778883068	0.0	98617	378.40422111693175	0.2
12048.09308189061	600.0	10.668786807118405	0.0	288447	952.8089717646615	0.6
12050.347035783607	1500.0	12.414832914121451	0.0	718451	2253.953892996955	1.5
12056.612942891074	4000.0	10.148925806653706	0.0	2069289	6265.907107467745	4.0
12058.335319570686	1500.0	12.426549127041188	0.0	689829	1722.3766796125174	1.5
12063.287602058075	4000.0	11.474266639652233	0.0	2046450	4952.282487388956	4.0
12068.156133641203	4000.0	10.605735056523539	0.0	2058614	4868.531583128694	4.0
12070.217410189662	1500.0	12.544458508066093	0.0	891463	2061.276548457446	1.5
12075.571745037074	4000.0	11.190123660654612	0.0	2373154	5354.334847411482	4.0
12080.479556498367	4000.0	10.282312199360877	0.0	2094766	4907.811461293734	4.0
12082.295575971031	1500.0	12.46629272669694	0.0	744416	1816.0194726639363	1.5
12087.36644206074	4000.0	11.395426636988566	0.0	2131310	5070.866089708375	4.0
12091.888443967904	4000.0	10.873424729824396	0.0	1805063	4522.00190716417	4.0
12093.82520240403	1500.0	12.936666293699016	0.0	754517	1936.7584361253807	1.5
12099.159515425039	4000.0	11.60235327268945	0.0	2231719	5334.313021009566	4.0
12103.265530775916	4000.0	11.496337921812257	0.0	1835863	4106.015350877193	4.0
12108.200967893868	4000.0	10.560900803858619	0.0	2192675	4935.437117953637	4.0
12110.018643501995	1500.0	12.743225195732839	0.0	747396	1817.675608125781	1.5
12115.130843217186	4000.0	11.631025480542045	0.0	2164412	5112.1997151907935	4.0
12120.874196667846	4000.0	9.887672029881621	0.0	2379358	5743.353450660423	4.0
12122.907788818535	1500.0	11.854079879194202	0.0	806394	2033.5921506874206	1.5
12127.46783727108	4000.0	11.294031426647415	0.0	1849252	4560.048452546787	4.0
12133.170320535359	4000.0	9.591548162370831	0.0	1822097	5702.483264276583	4.0
12135.931541682045	1500.0	10.830327015684308	0.0	855209	2761.221146686523	1.5
12138.028727414172	1500.0	12.733141283556092	0.0	644861	2097.1857321282164	1.5
12143.04822647379	4000.0	11.713642223938812	0.0	2068230	5019.499059617278	4.0
12148.036935910455	4000.0	10.724932787272841	0.0	2055338	4988.709436665971	4.0
12150.189602296492	1500.0	12.572266401235714	0.0	675709	2152.666386037127	1.5
12156.538747277904	4000.0	10.223121419823073	0.0	2002600	6349.14498141264	4.0
12158.835784112543	1500.0	11.926084585184071	0.0	757473	2297.036834639002	1.5
12163.378593613159	4000.0	11.383275084568078	0.0	1947068	4542.809500615993	4.0
12169.320567399096	4000.0	9.441301298631641	0.0	2544033	5941.973785936438	4.0
12171.206101336153	1500.0	11.555767361574349	0.0	755142	1885.533937057294	1.5
12175.65818179283	4000.0	11.103686904896025	0.0	1828568	4452.080456678324	4.0
12180.019001777022	4000.0	10.742866920706334	0.0	1785821	4360.819984189691	4.0
12181.742296604347	1500.0	13.01957209338014	0.0	681043	1723.2948273261952	1.5
12190.891733216211	8000.0	7.870135481515474	0.0	3739359	9149.436611864665	8.0
12191.738066317686	600.0	11.023802380039317	0.0	309862	846.3331014761574	0.6
12196.998428324025	4000.0	9.763440373701888	0.0	2094647	5260.36200633743	4.0
12199.084179618561	1500.0	11.677689079165988	0.0	811013	2085.7512945358994	1.5
12204.082565700231	4000.0	10.679302997497143	0.0	1830641	4998.386081668844	4.0
12206.228265799535	1500.0	12.533602898192278	0.0	767059	2145.700099304866	1.5
12211.20566226272	4000.0	11.556206435007002	0.0	1910697	4977.396463185274	4.0
12216.40735826744	4000.0	10.354510430289327	0.0	2171279	5201.696004717677	4.0
12218.289149805109	1500.0	12.472718892621627	0.0	763847	1881.7915376676988	1.5
12222.80885208707	4000.0	11.953016610661118	0.0	1750852	4519.702281960509	4.0
12228.218176143711	4000.0	10.543692554018733	0.0	2034636	5409.324056642384	4.0

