18935.846612320896	600.0	4.0	1.032361315187282	247108	1032.361315187282	0.006611918	-20.04722630374564
18936.306685065687	200.0	7.53992725520896	0.0	98617	460.07274479103944	0.004705182	0.2
18936.797046621752	200.0	11.049565699144887	0.0	106476	490.3615560640733	0.004705182	0.2
18937.321146344744	200.0	14.525465976153196	0.0	115230	524.0997229916898	0.004705182	0.2
18937.777523076045	200.0	18.069089244851256	0.0	97658	456.3767313019391	0.004705182	0.2
18938.23389980735	200.0	21.61271251354932	0.0	97658	456.3767313019391	0.004705182	0.2
18938.76016549445	200.0	25.08644682644827	0.0	115792	526.2656871010479	0.004705182	0.2
18939.255144176852	200.0	28.59146814404432	0.0	107674	494.97868240395036	0.004705182	0.2
18939.702452378704	200.0	32.14415994218957	0.0	95305	447.30820185475125	0.004705182	0.2
18940.188763350645	200.0	35.65784897025171	0.0	105425	486.3109719378538	0.0048480015	0.2
18940.636302794217	200.0	39.2103095266771	0.0	95365	447.5394435746116	0.004705182	0.2
18941.083753595132	200.0	42.76285872576177	0.0	95342	447.45080091533185	0.004705182	0.2
18941.558479356903	200.0	46.288132963988915	0.0	102419	474.7257617728532	0.004705182	0.2
18941.950143092905	200.0	49.89646922798988	0.0	80867	391.66373599903653	0.004705182	0.2
18942.349063964877	200.0	53.4975483560159	0.0	82750	398.92087197398536	0.0047063734	0.2
18942.79279562813	200.0	57.05381669276166	0.0	94377	443.73166325424546	0.2389131	0.2
18944.219161038225	200.0	59.627451282668915	0.0	89871	426.3654100927376	0.0059336256	0.2
18956.183632685228	12000.0	51.66297963566445	0.0	4055239	11964.47164700447	0.004705182	12.0
18956.510467366934	200.0	55.33614495395927	0.0	90919	326.8346817051793	0.09954539	0.2
18958.367363126563	1500.0	57.479249194330826	0.0	662349	1856.8957596284436	0.6392478	1.5
18971.63593898378	12000.0	48.2106733371076	0.0	5251330	13268.575857223232	0.008325227	12.0
18971.939119712177	200.0	51.907492608713945	0.0	97742	303.18072839365226	0.016524702	0.2
18983.826109963444	12000.0	44.020502357448116	0.0	5141915	11886.990251265834	0.004705182	12.0
18984.10373506067	200.0	47.74287726022229	0.0	85752	277.6250972258232	0.006638046	0.2
18984.401649962867	200.0	51.44496235802427	0.0	94556	297.9149021980238	0.004705182	0.2
18996.55562550279	8000.0	43.29098681810215	0.0	3253093	12153.975539922125	0.004705182	8.0
19008.239887586777	12000.0	35.6067247341182	0.0	5138482	11684.262083983942	0.0047401777	12.0
19015.22237938921	8000.0	32.62423293168272	0.0	3354913	6982.491802435481	0.004705182	8.0
19015.495763215255	200.0	36.350849105638254	0.0	93993	273.3838260444662	0.76961446	0.2
19028.56268990964	12000.0	27.28392241125703	0.0	5411094	13066.926694381224	0.015939964	12.0
19028.866383343335	200.0	30.980228977559726	0.0	93982	303.6934336973015	0.08433942	0.2
19037.438378053364	8000.0	26.408234267530123	0.0	3568902	8571.994710029605	0.0049949456	8.0
19038.967704792263	1500.0	28.87890752862964	0.0	633700	1529.3267389004832	0.14887926	1.5
19039.252220644634	200.0	32.594391676261075	0.0	89422	284.51585236856397	0.4086711	0.2
19039.57974058517	200.0	36.266871735725324	0.0	108225	327.51994053575004	0.042698003	0.2
19039.860526199398	200.0	39.986086121499646	0.0	87791	280.7856142256783	0.5230493	0.2
19041.498130476248	1500.0	42.34848184464782	0.0	681043	1637.6042768518255	0.69325787	1.5
19041.762019095135	200.0	46.084593225762205	0.0	80403	263.8886188856171	0.7162593	0.2
19055.81890310527	12000.0	36.0277092156243	0.0	5257310	14056.884010137901	0.004705182	12.0
19056.20889512503	200.0	39.637717195863715	0.0	101968	389.9920197605928	0.07891462	0.2
19067.89158530299	12000.0	31.955027017905625	0.0	4828747	11682.690177958088	0.01613535	12.0
19072.314792910543	4000.0	31.531819410354686	0.0	1830641	4423.207607550938	0.01680838	4.0
19076.426042261002	4000.0	31.42057005989815	0.0	1697030	4111.249350456536	0.02855143	4.0
19080.96183645827	4000.0	30.884775862630548	0.0	1910697	4535.794197267602	0.01650563	4.0
19089.43740624363	8000.0	26.409206077269168	0.0	3682991	8475.569785361378	0.15212184	8.0
19102.29230843766	12000.0	17.554303883240404	0.0	5875126	12854.902194028764	0.48031306	12.0
19106.398528219775	4000.0	17.448084101125367	0.0	1750852	4106.219782115037	0.0047241338	4.0
19110.858213496696	4000.0	16.988398824203877	0.0	2034636	4459.685276921494	0.5188549	4.0

