30157.558458701886	600.0	4.0	0.9587624466571836	247108	958.7624466571835	-18.57524893314367
30157.989159270874	200.0	7.5692994310099575	0.0	98617	430.7005689900427	0.2
30159.09493096362	600.0	10.46352773826458	0.0	288447	1105.771692745377	0.6
30161.729877620804	1500.0	11.82858108108108	0.0	718451	2634.946657183499	1.5
30169.074050476807	4000.0	8.484408225077384	0.0	2069289	7344.172856003695	4.0
30170.279563613443	600.0	11.278895088439343	0.0	330929	1205.513136638041	0.6
30177.327692326828	4000.0	8.230766375053234	0.0	2046450	7048.128713386109	4.0
30178.38915922563	600.0	11.169299476254073	0.0	274823	1061.4668987991608	0.6
30185.1014667119	4000.0	8.45699198998114	0.0	1857129	6712.3074862729345	4.0
30186.288335155274	600.0	11.270123546608076	0.0	309937	1186.8684433730639	0.6
30193.822409626493	4000.0	7.736049075391176	0.0	2094766	7534.0744712169	4.0
30194.91814220117	600.0	10.640316500711233	0.0	285624	1095.7325746799434	0.6
30197.153519157073	1500.0	12.404939544807961	0.0	606092	2235.3769559032717	1.5
30203.77541313363	4000.0	9.783045568254273	0.0	1805063	6621.893976553687	4.0
30206.594131826914	1500.0	10.964326874969338	0.0	754517	2818.718693284937	1.5
30210.13207553899	1500.0	11.426383162895176	0.0	934743	3537.9437120741622	1.5
30217.073992515183	4000.0	8.484466186699693	0.0	1835863	6941.916976195483	4.0
30218.238158263906	600.0	11.320300437976941	0.0	297839	1164.1657487227528	0.6
30225.10767188536	4000.0	8.450786816524937	0.0	2082556	6869.513621452004	4.0
30226.201096503817	600.0	11.357362198068225	0.0	310849	1093.424618456711	0.6
30234.415965145276	4000.0	7.142493556610276	0.0	2379358	8214.86864145795	4.0
30235.575836606105	600.0	9.982622095779982	0.0	310841	1159.8714608302935	0.6
30238.46701341175	1500.0	11.091445290129492	0.0	809327	2891.1768056504898	1.5
30244.77427588612	4000.0	8.784182815761753	0.0	1822097	6307.262474367739	4.0
30246.0399867542	600.0	11.518471947682464	0.0	346939	1265.7108680792892	0.6
30253.569320315375	4000.0	7.989138386506797	0.0	1984579	7529.333561175668	4.0
30254.93407298653	600.0	10.624385715355233	0.0	324657	1364.7526711515634	0.6
30258.632133928353	1500.0	10.926324773526979	0.0	914284	3698.0609418282547	1.5
30260.92753421278	1500.0	12.630924489100696	0.0	675709	2295.4002844262805	1.5
30267.45894966802	4000.0	10.099509033859686	0.0	2002600	6531.41545524101	4.0
30269.969294598413	1500.0	11.58916410346662	0.0	757473	2510.3449303930656	1.5
30276.25298816832	4000.0	9.305470533560015	0.0	1947068	6283.693569906606	4.0
30278.35206537325	1500.0	11.206393328629414	0.0	633700	2099.077204930601	1.5
30286.270902523014	4000.0	7.287556178864312	0.0	2125133	7918.837149765102	4.0
30287.42170129016	600.0	10.136757411718463	0.0	284451	1150.7987671458486	0.6
30290.61095767323	1500.0	10.947501028649345	0.0	785519	3189.2563830691174	1.5
30293.653302170835	1500.0	11.90515653104169	0.0	681043	3042.3444976076553	1.5
30301.721187446998	4000.0	7.837271254879632	0.0	1955307	8067.885276162057	4.0
30302.880775453006	600.0	10.677683248869572	0.0	309862	1159.5880060100603	0.6
30305.489686891717	1500.0	12.068771810156944	0.0	725845	2608.911438712628	1.5
30312.632929797786	4000.0	8.925528904085146	0.0	1985434	7143.242906071798	4.0
30313.82731944162	600.0	11.731139260250789	0.0	302912	1194.3896438343565	0.6
30320.12914582203	4000.0	9.429312879842708	0.0	1697030	6301.826380408082	4.0
30322.726363787635	1500.0	10.832094914237825	0.0	848035	2597.217965604883	1.5
30324.674721392963	1500.0	12.883737308909735	0.0	629438	1948.3576053280894	1.5
30330.791183608137	4000.0	10.767275093736716	0.0	2042818	6116.462215173017	4.0
30333.039832942315	1500.0	12.518625759557896	0.0	769491	2248.6493341788205	1.5
30338.854028672606	4000.0	10.704430029268314	0.0	2034636	5814.19573028958	4.0

