9613.618768708124	600.0	4.0	0.7497487845781172	247108	749.7487845781172	0.05225781	-14.394975691562346
9613.966055141134	200.0	7.652713566987956	0.0	98617	347.2864330120441	0.004705182	0.2
9614.334642202608	200.0	11.284126505513864	0.0	106476	368.5870614740908	0.004705182	0.2
9614.726955654407	200.0	14.891813053715717	0.0	115230	392.31345179814684	0.004705182	0.2
9615.071642863257	200.0	18.54712584486643	0.0	97658	344.6872088492877	0.004705182	0.2
9615.416330072107	200.0	22.202438636017142	0.0	97658	344.6872088492877	0.004705182	0.2
9615.810166739733	200.0	25.80860196839056	0.0	115792	393.8366676265818	0.004705182	0.2
9616.18200079865	200.0	29.43676790947436	0.0	107674	371.8340589161994	0.004705182	0.2
9616.520310557598	200.0	33.09845815052597	0.0	95305	338.3097589483848	0.004705182	0.2
9616.886049042852	200.0	36.73271966527196	0.0	105425	365.7384852540105	0.010279917	0.2
9617.224521422708	200.0	40.39424728541662	0.0	95365	338.4723798553352	0.004705182	0.2
9617.562931464548	200.0	44.05583724357562	0.0	95342	338.4100418410042	0.004705182	0.2
9617.920522642366	200.0	47.69824606575982	0.0	102419	357.59117781579795	0.008116704	0.2
9618.219700390404	200.0	51.399068317720584	0.0	80867	299.1777480392323	0.004705182	0.2
9618.523981724573	200.0	55.09478698355156	0.0	82750	304.2813341690241	0.009766746	0.2
9633.412353654443	12000.0	44.20641505368239	0.0	5443841	14888.371929869165	0.060246993	12.0
9633.737354761937	200.0	47.88141394618721	0.0	89871	325.00110749518666	0.004705182	0.2
9647.277576799608	12000.0	38.34119190851699	0.0	4055239	13540.222037670226	0.004705182	12.0
9647.595056230195	200.0	42.023712477930594	0.0	90919	317.4794305863916	0.004705182	0.2
9647.899363400105	200.0	45.71940530802071	0.0	85876	304.3071699098864	0.009996258	0.2
9648.278843614287	200.0	49.33992509383761	0.0	114656	379.48021418310043	0.059051495	0.2
9648.614144646022	200.0	53.00462406210194	0.0	97742	335.3010317356667	0.191604	0.2
9663.109715266964	12000.0	42.50905344115983	0.0	5141915	14495.570620942113	0.004705182	12.0
9663.44344755975	200.0	46.175321148375865	0.0	85752	333.7322927839627	0.004705182	0.2
9663.803230079999	200.0	49.81553862812584	0.0	94556	359.78252025002774	0.004705182	0.2
9679.28154590334	8000.0	38.337222804785945	0.0	3253093	15478.315823339894	0.004705182	8.0
9679.70134478495	200.0	41.917423923177	0.0	88490	419.7988816089471	0.4814374	0.2
9690.982223528094	8000.0	34.636545180033245	0.0	3354913	11280.878743143752	0.004705182	8.0
9691.342804882222	200.0	38.2759638259035	0.0	93993	360.58135412974127	0.11100684	0.2
9706.878091878798	12000.0	26.740676829327665	0.0	5411094	15535.28699657584	0.77015764	12.0
9707.276701930497	200.0	30.34206677762837	0.0	93982	398.61005169929655	0.0063997363	0.2
9719.09554253506	8000.0	22.52322617306399	0.0	3568902	11818.840604564384	0.004732239	8.0
9721.131708610073	1500.0	24.48706009805241	0.0	633700	2036.166075011576	0.28658402	1.5
9721.487745035447	200.0	28.131023672678126	0.0	89422	356.0364253742862	0.09141673	0.2
9721.901824368679	200.0	31.716944339447686	0.0	108225	414.0793332304368	0.033050403	0.2
9722.252826066471	200.0	35.365942641654826	0.0	87791	351.0016977928693	0.6572321	0.2
9724.435135064774	1500.0	37.183633643352614	0.0	681043	2182.3089983022073	0.7040717	1.5
9724.763330773987	200.0	40.85543793413823	0.0	80403	328.1957092143849	0.7225645	0.2
9741.678920854834	12000.0	27.9398478532898	0.0	5257310	16915.590080848433	0.056198932	12.0
9742.105022384354	200.0	31.513746323770714	0.0	101968	426.10152951908185	0.056364015	0.2
9751.638378910959	8000.0	25.98038979716761	0.0	3189942	9533.356526603106	0.35006797	8.0
9756.723092022601	4000.0	24.895676685524094	0.0	1830641	5084.713111643521	0.030152064	4.0
9761.761724551183	4000.0	23.857044156943793	0.0	1697030	5038.632528580299	0.013215743	4.0
9767.44371064328	4000.0	22.175058064845917	0.0	1910697	5681.9860920978745	0.022414293	4.0
9779.201251845636	8000.0	14.417516862491018	0.0	3682991	11757.5412023549	0.016040582	8.0
9787.234063091684	4000.0	10.384705616443076	0.0	2042818	8032.811246047943	0.26403964	4.0
9792.260060019595	4000.0	9.358708688531213	0.0	1750852	5025.996927911863	0.0061211963	4.0
9798.063190390903	4000.0	7.555578317223558	0.0	2034636	5803.130371307655	0.4838962	4.0

