26273.32647635417	600.0	4.0	0.8529975756627827	247108	852.9975756627827	-16.459951513255653
26273.714967790787	200.0	7.611508563384687	0.0	98617	388.4914366153124	0.2
26274.697281077715	600.0	10.629195276452647	0.0	288447	982.3132869320403	0.6
26277.02472301093	1500.0	12.301753343239227	0.0	718451	2327.4419332134203	1.5
26279.370449139027	1500.0	13.956027215140377	0.0	724296	2345.7261280988505	1.5
26281.60835638858	1500.0	15.718119965590052	0.0	689829	2237.9072495503247	1.5
26284.071034011125	1500.0	17.25544234304342	0.0	737903	2462.6776225466338	1.5
26286.78047484009	1500.0	18.546001514080253	0.0	780303	2709.440828963164	1.5
26289.86449918667	1500.0	19.461977167499512	0.0	891463	3084.0243465807375	1.5
26292.51594629183	1500.0	20.810530062341662	0.0	763093	2651.4471051578525	1.5
26294.889618424106	1500.0	22.436857930066378	0.0	769316	2373.6721322752855	1.5
26297.069707642127	1500.0	24.256768712046455	0.0	744416	2180.0892180199244	1.5
26298.85956782021	1500.0	26.466908533963053	0.0	606092	1789.8601780833994	1.5
26304.02881022089	4000.0	25.29766613328438	0.0	1805063	5169.242400678675	4.0
26306.222525246976	1500.0	27.103951107196202	0.0	754517	2193.7150260881745	1.5
26312.554495692053	4000.0	24.77198066212144	0.0	2231719	6331.970445074763	4.0
26318.17943031424	4000.0	23.147046039931958	0.0	1835863	5624.934622189486	4.0
26320.644415651484	1500.0	24.682060702688556	0.0	772616	2464.985337243402	1.5
26323.031549468433	1500.0	26.294926885741496	0.0	747396	2387.1338169470596	1.5
26325.894399019926	1500.0	27.432077334245427	0.0	662349	2862.8495514960696	1.5
26330.313219189957	1500.0	27.013257164214927	0.0	835711	4418.820170030502	1.5
26334.443256696046	1500.0	26.883219658128095	0.0	806394	4130.037506086833	1.5
26337.068210117686	1500.0	28.258266236485863	0.0	809327	2624.953421642231	1.5
26339.29213527786	1500.0	30.034341076311343	0.0	681795	2223.9251601745214	1.5
26342.06136604709	1500.0	31.265110307080572	0.0	855209	2769.230769230769	1.5
26344.169151118436	1500.0	33.15732523573904	0.0	644861	2107.7850713415355	1.5
26350.47362283073	4000.0	30.85285352344385	0.0	2068230	6304.471712295184	4.0
26356.776272952822	4000.0	28.550203401354388	0.0	2055338	6302.650122089463	4.0
26363.530962018092	4000.0	25.795514336085066	0.0	2165436	6754.689065269323	4.0
26369.947156619106	4000.0	23.37931973507038	0.0	2002600	6416.19460101469	4.0
26372.439683094144	1500.0	24.886793260032555	0.0	757473	2492.526475037822	1.5
26378.647224633143	4000.0	22.679251721033623	0.0	1947068	6207.541538998934	4.0
26380.70514199883	1500.0	24.621334355343638	0.0	633700	2057.9173656899848	1.5
26383.142106611995	1500.0	26.184369742179893	0.0	755142	2436.9646131637473	1.5
26389.155361998957	4000.0	24.17111435521497	0.0	1828568	6013.255386964925	4.0
26395.153698335667	4000.0	22.17277801850543	0.0	1785821	5998.336336709543	4.0
26397.665526960453	1500.0	23.660949393722017	0.0	681043	2511.8286247834094	1.5
26400.860255712305	1500.0	24.466220641868	0.0	866245	3194.728751854016	1.5
26403.425782252823	1500.0	25.900694101349323	0.0	691256	2565.526540518675	1.5
26406.030470741352	1500.0	27.296005612818757	0.0	725845	2604.6884885305662	1.5
26408.464687617565	1500.0	28.861788736605476	0.0	811013	2434.2168762132837	1.5
26413.858691137226	4000.0	27.467785216948005	0.0	1830641	5394.003519657469	4.0
26418.801141510383	4000.0	26.525334843790947	0.0	1697030	4942.450373157058	4.0
26424.307812673957	4000.0	25.018663680215905	0.0	1910697	5506.671163575043	4.0
26426.176101073732	1500.0	27.150375280440333	0.0	629438	1868.2883997755723	1.5
26432.091473493925	4000.0	25.235002860244663	0.0	2042818	5915.372420195673	4.0
26437.32803421849	4000.0	23.99844213567942	0.0	1750852	5236.560724565241	4.0
26444.1802780296	4000.0	21.14619832457062	0.0	2034636	6852.2438111088	4.0

