1608.658021114902	600.0	4.0	0.7155862778510113	247108	715.5862778510112	-13.711725557020225
1610.6218393960967	1500.0	6.03618171880526	0.0	732405	1963.8182811947402	1.5
1612.357877720374	1500.0	8.300143394527858	0.0	643847	1736.038324277401	1.5
1614.285804929968	1500.0	10.372216184933928	0.0	718451	1927.92720959393	1.5
1616.2287660591194	1500.0	12.4292550557824	0.0	724296	1942.961129151529	1.5
1618.0830746467154	1500.0	14.574946468186349	0.0	689829	1854.3085875960521	1.5
1620.8145575089322	1500.0	15.843463605969674	0.0	737903	2731.4828622166724	1.5
1623.8718899201597	1500.0	16.78613119474224	0.0	780303	3057.3324112274345	1.5
1627.3533656075658	1500.0	17.304655507336136	0.0	891463	3481.4756874061	1.5
1629.8357673026817	1500.0	18.822253812220158	0.0	763093	2482.4016951159774	1.5
1631.9183795210174	1500.0	20.73964159388452	0.0	769316	2082.6122183356383	1.5
1633.9361743636107	1500.0	22.721846751291174	0.0	744416	2017.7948425933457	1.5
1635.593896969972	1500.0	25.064124144929828	0.0	606092	1657.7226063613439	1.5
1637.6210499838826	1500.0	27.036971131019474	0.0	748011	2027.1530139103554	1.5
1639.5856713687472	1500.0	29.07234974615479	0.0	754517	1964.6213848646828	1.5
1641.7289793635048	1500.0	30.929041751397254	0.0	934743	2143.307994757536	1.5
1643.432646605003	1500.0	33.22537450989901	0.0	735572	1703.6672414982409	1.5
1645.2180830401276	1500.0	35.4399380747745	0.0	772616	1785.4364351245085	1.5
1646.9478500264006	1500.0	37.710171088501475	0.0	747396	1729.7669862730222	1.5
1648.4898882412035	1500.0	40.16813287369841	0.0	662349	1542.0382148030626	1.5
1650.5144363283825	1500.0	42.14358478651936	0.0	835711	2024.5480871790526	1.5
1652.5987711323346	1500.0	44.05924998256734	0.0	806394	2084.334803952029	1.5
1654.6903960624284	1500.0	45.96762505247351	0.0	809327	2091.62493009383	1.5
1656.4650334824246	1500.0	48.192987632477234	0.0	681795	1774.6374199962718	1.5
1658.6707005426372	1500.0	49.98732057226472	0.0	855209	2205.667060212515	1.5
1660.3169406473892	1500.0	52.341080467512604	0.0	644861	1646.2401047521153	1.5
1662.152370861149	1500.0	54.505650253752954	0.0	794014	1835.430213759655	1.5
1664.2536976356857	1500.0	56.40432347921619	0.0	914284	2101.326774536762	1.5
1665.8275755702175	1500.0	58.8304455446844	0.0	675709	1573.8779345317878	1.5
1668.9717977033927	1500.0	59.68622341150951	0.0	707527	1644.2221331748904	1.5
1672.8247847876746	1500.0	59.833236327227404	0.0	757473	1852.9870842821142	1.5
1676.9888021974257	1500.0	59.66921891747648	0.0	712239	2164.0174097509234	1.5
1679.263592804938	1500.0	59.73500729390748	0.0	633700	1934.2116235689991	1.5
1683.3560742456002	1500.0	59.642525853245374	0.0	755142	2592.481440662106	1.5
1687.1663622532526	1500.0	59.8322378455929	0.0	670327	2310.288007652478	1.5
1691.263576205792	1500.0	59.73502389305341	0.0	785519	2597.213952539487	1.5
1695.2962826911064	1500.0	59.702317407739	0.0	681043	2032.7064853144097	1.5
1697.8969977558677	1500.0	59.63859431041448	0.0	866245	2563.723097324517	1.5
1702.0095058417248	1500.0	59.52608622455738	0.0	691256	2112.508085857101	1.5
1705.7237163680406	1500.0	59.81187569824159	0.0	725845	2214.2105263157896	1.5
1709.667421258161	1500.0	59.868170808121164	0.0	811013	2443.7048901204303	1.5
1713.7231473439592	1500.0	59.812444722323136	0.0	657685	1555.7260857980284	1.5
1718.0242888868652	1500.0	59.511303179417105	0.0	767059	1801.1415429060262	1.5
1722.009247186402	1500.0	59.52634487988024	0.0	848035	2984.9582995368633	1.5
1725.8505656703253	1500.0	59.685026395957124	0.0	629438	2341.3184839231185	1.5
1729.6379277253448	1500.0	59.89766434093755	0.0	763847	2787.3620550195697	1.5
1733.8997203888216	1500.0	59.63587167746068	0.0	769491	2261.7926634768746	1.5
1737.7725036601312	1500.0	59.7630884061511	0.0	808636	2372.7832713095872	1.5

