3555.489117338903	600.0	4.0	0.6769332970981672	247108	676.9332970981671	-12.938665941963345
3555.8073442314353	200.0	7.681773107467464	0.0	98617	318.22689253253617	0.2
3556.584139230982	600.0	10.904978107920403	0.0	288447	776.7949995470605	0.6
3556.9424977779518	200.0	14.546619560950571	0.0	115230	358.35854696983426	0.2
3566.9891276339686	8000.0	8.499989704933899	0.0	4143114	10046.62985601667	8.0
3568.6972347852548	1500.0	10.791882553647612	0.0	689829	1708.1071512862877	1.5
3569.0505224888184	200.0	14.438594850083769	0.0	115792	353.28770356384234	0.2
3569.3846504095172	200.0	18.10446692938516	0.0	107674	334.1279206986075	0.2
3570.150803347917	600.0	21.338313990985352	0.0	290723	766.1529383998112	0.6
3580.3025316482262	12000.0	15.186585690676324	0.0	5088378	10151.728300309029	12.0
3580.9324654673037	600.0	18.55665187159868	0.0	329266	629.9338190776426	0.6
3583.954888482398	4000.0	19.534228856504424	0.0	1761739	3022.423015094261	4.0
3584.205946750838	200.0	23.28317058806458	0.0	102419	251.05826843984218	0.2
3589.0815232044074	4000.0	22.407594134495174	0.0	1805063	4875.576453569403	4.0
3592.0614900544397	1500.0	23.427627284462744	0.0	754517	2979.966850032429	1.5
3592.5042256474158	200.0	26.9848916914867	0.0	94377	442.7355929760504	0.2
3595.4113778730275	1500.0	28.077739465874743	0.0	735572	2907.1522256119533	1.5
3609.1292780690073	12000.0	18.359839269895332	0.0	4055239	13717.900195979411	12.0
3609.4243437106397	200.0	22.064773628263165	0.0	90919	295.06564163217035	0.2
3611.071106572851	1500.0	24.418010766051456	0.0	662349	1646.762862211709	1.5
3611.814964644998	600.0	27.674152693904794	0.0	280646	743.8580721466589	0.6
3612.126169849019	200.0	31.362947489883506	0.0	97742	311.2052040212892	0.2
3623.0996203984787	12000.0	24.389496940423808	0.0	5141915	10973.450549459698	12.0
3623.3490928474957	200.0	28.140024491406404	0.0	85752	249.47244901740385	0.2
3625.11925008758	1500.0	30.369867251321914	0.0	855209	1770.157240084487	1.5
3633.6552121213863	8000.0	25.83390521751583	0.0	3253093	8535.962033806081	8.0
3644.5476411429745	12000.0	18.94147619592739	0.0	5138482	10892.429021588441	12.0
3652.331062166506	8000.0	15.158055172395944	0.0	3354913	7783.421023531447	8.0
3653.150582542582	600.0	18.33853479631997	0.0	291029	819.5203760759775	0.6
3653.47727567856	200.0	22.01184166034182	0.0	97083	326.6931359781469	0.2
3653.796089006388	200.0	25.693028332514103	0.0	93982	318.81332782771653	0.2
3666.1831824347328	8000.0	17.305934904169277	0.0	3568902	12387.093428344828	8.0
3667.489513921124	600.0	19.999603417778015	0.0	310713	1306.3314863912594	0.6
3668.439763494637	600.0	23.049353844264402	0.0	344336	950.249573513616	0.6
3668.7932834289268	200.0	26.695833909974894	0.0	108225	353.5199342895053	0.2
3669.570181135378	600.0	29.918936203523895	0.0	275745	776.8977064510016	0.6
3671.371399306857	1500.0	32.11771803204478	0.0	681043	1801.218171479118	1.5
3671.654603957138	200.0	35.83451338176361	0.0	80403	283.2046502811651	0.2
3688.380801637814	12000.0	23.1083157010877	0.0	5257310	16726.19768067591	12.0
3688.6602159189883	200.0	26.82890141991333	0.0	101968	279.4142811743711	0.2
3698.2411461518477	12000.0	21.24797118705393	0.0	4828747	9580.9302328594	12.0
3698.6453439286515	200.0	24.843773410250076	0.0	101713	404.19777680385675	0.2
3704.134419987459	4000.0	23.35469735144295	0.0	1697030	5489.076058807124	4.0
3705.103500827333	600.0	26.385616511568852	0.0	278938	969.0808398740986	0.6
3706.108382296714	600.0	29.380735042187602	0.0	290170	1004.8814693812502	0.6
3707.107099377076	600.0	32.38201796182584	0.0	288236	998.7170803617674	0.6
3709.2808600534404	1500.0	34.20825728546104	0.0	769491	2173.760676364795	1.5
3721.6436932705783	12000.0	25.845424068322863	0.0	5646381	12362.833217138175	12.0

