9371.244152581727	600.0	4.0	1.0620242914979758	247108	1062.0242914979758	-20.640485829959516
9372.555009242018	600.0	6.689143339708403	0.0	309722	1310.8566602915973	0.6
9375.193701773253	1500.0	8.050450808474704	0.0	643847	2638.6925312337	1.5
9378.12887576297	1500.0	9.115276818757607	0.0	718451	2935.173989717096	1.5
9380.83974865884	1500.0	10.40440392288692	0.0	724296	2710.872895870689	1.5
9382.317844041701	1500.0	12.926308540025433	0.0	689829	1478.0953828614856	1.5
9383.893372320883	1500.0	15.350780260843726	0.0	737903	1575.5282791817085	1.5
9385.554833844728	1500.0	17.689318736998008	0.0	780303	1661.4615238457152	1.5
9387.44158639397	1500.0	19.802566187754863	0.0	891463	1886.7525492431437	1.5
9389.068167938083	1500.0	22.175984643641875	0.0	763093	1626.58154411299	1.5
9393.78873382743	4000.0	21.455418754294428	0.0	2094766	4720.565889347446	4.0
9398.0442747343	4000.0	21.19987784742551	0.0	1761739	4255.540906868918	4.0
9404.042607770114	4000.0	19.20154481161175	0.0	2131310	5998.333035813758	4.0
9410.299174420385	4000.0	16.944978161341215	0.0	1805063	6256.566650270536	4.0
9418.2557903789	4000.0	12.988362202826211	0.0	2157416	7956.615958515006	4.0
9426.393515242586	4000.0	8.850637339140357	0.0	2231719	8137.724863685852	4.0
9432.374131710149	4000.0	6.870020871576934	0.0	1835863	5980.616467563424	4.0
9434.008417424435	1500.0	9.23573515729122	0.0	772616	1634.2857142857144	1.5
9435.591967604232	1500.0	11.6521849774939	0.0	747396	1583.5501797973195	1.5
9437.00442718127	1500.0	14.239725400457665	0.0	662349	1412.459577036236	1.5
9438.765642259099	1500.0	16.478510322629315	0.0	835711	1761.21507782835	1.5
9443.2553579553	4000.0	15.988794626426198	0.0	1950922	4489.715696203115	4.0
9449.234088417821	4000.0	14.010064163906263	0.0	1849252	5978.730462519937	4.0
9454.336539002146	4000.0	12.907613579579635	0.0	1822097	5102.450584326627	4.0
9458.745702464961	4000.0	12.498450116766431	0.0	1836837	4409.163462813204	4.0
9463.924007876753	4000.0	11.32014470497544	0.0	1984579	5178.305411790991	4.0
9470.531996514013	4000.0	8.712156067715124	0.0	2068230	6607.988637260317	4.0
9473.113980292464	1500.0	10.130172289264811	0.0	914284	2581.9837784503147	1.5
9474.565769360117	1500.0	12.678383221610138	0.0	675709	1451.789067654672	1.5
9476.082153667076	1500.0	15.161998914651807	0.0	707527	1516.3843069583315	1.5
9477.69993573072	1500.0	17.544216851006677	0.0	757473	1617.7820636451302	1.5
9481.73277133951	4000.0	17.511381242216135	0.0	1947068	4032.83560879054	4.0
9489.406017960928	4000.0	13.838134620797158	0.0	2544033	7673.246621418977	4.0
9494.999218943776	4000.0	12.244933637949133	0.0	2125133	5593.200982848026	4.0
9498.686262131507	4000.0	12.557890450218737	0.0	1828568	3687.0431877303945	4.0
9502.288982354412	4000.0	12.955170227314325	0.0	1785821	3602.720222904415	4.0
9509.634270450242	4000.0	9.609882131484651	0.0	2096494	7345.288095829672	4.0
9515.282173104251	4000.0	7.961979477476165	0.0	1955307	5647.902654008487	4.0
9516.73897139136	1500.0	10.505181190367665	0.0	691256	1456.7982871084998	1.5
9518.264661776262	1500.0	12.979490805465012	0.0	725845	1525.690384902654	1.5
9519.959984188252	1500.0	15.28416839347477	0.0	811013	1695.3224119902404	1.5
9521.349917963085	1500.0	17.894234618640333	0.0	657685	1389.9337748344371	1.5
9524.787622299096	4000.0	18.456530282630368	0.0	1697030	3437.7043360099683	4.0
9528.601685886935	4000.0	18.64246669479096	0.0	1910697	3814.0635878394064	4.0
9537.680685122343	8000.0	13.563467459383176	0.0	3682991	9078.999235407784	8.0
9551.923820652446	8000.0	4.0	0.6796680707207033	3954105	14243.13553010388	-5.593361414414067
9554.388120501304	1500.0	5.535700151141378	0.0	769491	2464.299848858622	1.5
9556.088288551693	1500.0	7.835532100751306	0.0	808636	1700.1680503900725	1.5

