12954.66721298927	600.0	4.0	0.6888090911890611	247108	688.8090911890611	-13.176181823781222
12954.990179328466	200.0	7.677033660805026	0.0	98617	322.966339194974	0.2
12955.780836838243	600.0	10.88637615102707	0.0	288447	790.6575097779557	0.6
12957.630911058315	1500.0	13.036301930953774	0.0	718451	1850.0742200732961	1.5
12967.513090562928	8000.0	7.154122426340411	0.0	4143114	9882.179504613363	8.0
12968.315051839176	600.0	10.352161150092797	0.0	330929	801.9612762476139	0.6
12970.004875673374	1500.0	12.662337315895906	0.0	737903	1689.823834196891	1.5
12974.575988844903	4000.0	12.091224144366047	0.0	2058614	4571.113171529861	4.0
12982.455425926837	4000.0	8.21178706243296	0.0	1857129	7879.437081933088	4.0
12983.843694492989	600.0	10.823518496280736	0.0	309937	1388.2685661522225	0.6
12986.083173014926	1500.0	12.584039974343325	0.0	769316	2239.4785219374116	1.5
12990.101505067516	4000.0	12.56570792175366	0.0	1761739	4018.3320525896643	4.0
12994.946005647345	4000.0	11.721207341926071	0.0	2131310	4844.50057982759	4.0
12999.609678094452	4000.0	11.057534894818714	0.0	1805063	4663.672447107357	4.0
13005.1819583089	4000.0	9.485254680371279	0.0	2157416	5572.2802144474335	4.0
13010.330548135042	1500.0	8.33666485422833	0.0	934743	5148.589826142949	1.5
13012.257903677795	600.0	10.409309311475761	0.0	340687	1927.355542752567	0.6
13015.901902819445	1500.0	10.765310169826131	0.0	772616	3643.9991416496305	1.5
13017.748848651177	1500.0	12.918364338093514	0.0	747396	1846.9458317326162	1.5
13022.945813100481	4000.0	11.721399888789456	0.0	2164412	5196.964449304058	4.0
13030.163649260006	4000.0	8.50356372926353	0.0	2379358	7217.836159525927	4.0
13031.349992633233	600.0	11.317220356037565	0.0	310841	1186.3433732259643	0.6
13038.121851465068	4000.0	8.545361524202344	0.0	1849252	6771.85883183522	4.0
13039.3191453656	600.0	11.348067623672057	0.0	298925	1197.2939005302874	0.6
13046.305167615887	4000.0	8.362045373383898	0.0	1836837	6986.022250288158	4.0
13047.329686359555	600.0	11.33752662971622	0.0	221407	1024.51874366768	0.6
13056.19123740068	4000.0	6.475975588590337	0.0	2068230	8861.551041125882	4.0
13056.519175748253	200.0	10.1480372410188	0.0	103756	327.9383475715395	0.2
13058.213869577037	1500.0	12.453343412235718	0.0	675709	1694.6938287830817	1.5
13063.079340632657	4000.0	11.587872356617103	0.0	2002600	4865.4710556186155	4.0
13068.57384878964	4000.0	10.093364199633646	0.0	2290706	5494.5081569834565	4.0
13070.309328255626	1500.0	12.357884733648783	0.0	712239	1735.4794659848628	1.5
13076.30250401866	4000.0	10.364708970614368	0.0	2544033	5993.1757630344155	4.0
13078.297969929728	1500.0	12.369243059545532	0.0	755142	1995.4659110688358	1.5
13083.10142617771	4000.0	11.565786811563614	0.0	1828568	4803.456247981918	4.0
13087.805794541722	4000.0	10.86141844755109	0.0	1785821	4704.368364012524	4.0
13089.666328210573	1500.0	13.000884778700293	0.0	681043	1860.5336688507982	1.5
13099.841639165112	8000.0	6.825573824162547	0.0	3739359	10175.310954537745	8.0
13100.177241839981	200.0	10.489971149291963	0.0	86718	335.60267487058564	0.2
13102.39668144354	1500.0	12.270531545732839	0.0	725845	2219.4396035591253	1.5
13108.161019942327	4000.0	10.506193046946217	0.0	1985434	5764.338498786621	4.0
13109.875730686128	1500.0	12.791482303144564	0.0	657685	1714.710743801653	1.5
13114.173788226673	4000.0	12.493424762598984	0.0	1697030	4298.057540545579	4.0
13119.93033238342	4000.0	10.736880605853589	0.0	1910697	5756.544156745396	4.0
13122.539211451318	1500.0	12.128001537954836	0.0	629438	2608.8790678987543	1.5
13129.36943984921	4000.0	9.297773140064134	0.0	2042818	6830.228397890702	4.0
13131.119093085625	1500.0	11.54811990364921	0.0	769491	1749.653236414923	1.5
13135.61387712121	4000.0	11.053335868064242	0.0	2034636	4494.7840355849685	4.0

