4816.14851387955	600.0	4.0	0.9197536213414893	247108	919.7536213414893	-17.795072426829783
4818.717465071088	1500.0	5.431048808461833	0.0	732405	2568.951191538167	1.5
4820.985467279999	1500.0	7.1630465995497214	0.0	643847	2268.0022089121107	1.5
4823.506998226008	1500.0	8.641515653540631	0.0	718451	2521.5309460090903	1.5
4826.148424636544	1500.0	10.000089243004343	0.0	724296	2641.426410536289	1.5
4829.1315162486335	1500.0	11.01699763091565	0.0	689829	2983.0916120886927	1.5
4832.316923544985	1500.0	11.831590334563826	0.0	737903	3185.4072963518242	1.5
4835.680767938577	1500.0	12.467745940971149	0.0	780303	3363.8443935926775	1.5
4837.918617774927	1500.0	14.229896104621512	0.0	891463	2237.8498363496365	1.5
4839.77376869089	1500.0	16.37474518865757	0.0	763093	1855.1509159639431	1.5
4841.643395908105	1500.0	18.505117971443262	0.0	769316	1869.6272172143067	1.5
4843.455099310257	1500.0	20.693414569291477	0.0	744416	1811.7034021517884	1.5
4844.945025451576	1500.0	23.203488427971322	0.0	606092	1489.9261413201514	1.5
4846.779982003556	1500.0	25.368531875990985	0.0	748011	1834.956551980335	1.5
4848.677958360759	1500.0	27.47055551878897	0.0	754517	1897.976357202018	1.5
4851.010181536724	1500.0	29.138332342823304	0.0	934743	2332.223175965665	1.5
4852.862510728803	1500.0	31.286003150744396	0.0	735572	1852.32919207891	1.5
4854.804095850405	1500.0	33.344418029142105	0.0	772616	1941.585121602289	1.5
4856.684914463462	1500.0	35.46359941608586	0.0	747396	1880.8186130562458	1.5
4859.242887731985	1500.0	36.90562614756236	0.0	662349	2557.9732685234985	1.5
4862.49582114758	1500.0	37.65269273196746	0.0	835711	3252.9334155948936	1.5
4865.637447078954	1500.0	38.51106680059259	0.0	806394	3141.6259313748756	1.5
4868.760462797673	1500.0	39.388051081873634	0.0	809327	3123.015718718958	1.5
4871.3842960182965	1500.0	40.76421786125008	0.0	681795	2623.8332206235573	1.5
4874.655151135709	1500.0	41.49336274383759	0.0	855209	3270.8551174124946	1.5
4877.14118056462	1500.0	43.00733331492636	0.0	644861	2486.0294289112235	1.5
4879.226815711524	1500.0	44.92169816802288	0.0	794014	2085.635146903484	1.5
4881.550182169627	1500.0	46.59833170991958	0.0	914284	2323.3664581033004	1.5
4883.2881603318165	1500.0	48.86035354773089	0.0	675709	1737.9781621886884	1.5
4885.104209896287	1500.0	51.04430398326027	0.0	707527	1816.0495644706173	1.5
4887.042811294888	1500.0	53.10570258465887	0.0	757473	1938.6013986013986	1.5
4888.813964694316	1500.0	55.3345491852305	0.0	712239	1771.1533994283748	1.5
4890.367707045222	1500.0	57.78080683432423	0.0	633700	1553.7423509062633	1.5
4892.203876756991	1500.0	59.94463712255517	0.0	755142	1836.1697117690665	1.5
4896.34279941575	1500.0	59.805714463795596	0.0	670327	1638.9226587595751	1.5
4900.394332840276	1500.0	59.75418103927043	0.0	785519	2051.533424525168	1.5
4904.185474468141	1500.0	59.96303941140457	0.0	681043	3291.141627865857	1.5
4908.312134416872	1500.0	59.83637946267438	0.0	866245	4126.65994873019	1.5
4912.635501639961	1500.0	59.51301223958521	0.0	691256	1823.3672230891696	1.5
4916.546103301347	1500.0	59.602410578199034	0.0	725845	1910.60166138617	1.5
4920.182423274807	1500.0	59.96609060473958	0.0	811013	2136.3199734594587	1.5
4924.532445646171	1500.0	59.61606823337492	0.0	657685	1850.0223713646533	1.5
4928.176825387472	1500.0	59.971688492075366	0.0	767059	2144.3797412995573	1.5
4932.411592896346	1500.0	59.73692098320116	0.0	848035	2234.767508874204	1.5
4936.564917481183	1500.0	59.58359639836418	0.0	629438	1653.3245848369813	1.5
4940.199653385949	1500.0	59.59430705746965	0.0	763847	1989.289340894534	1.5
4944.178254092227	1500.0	59.6157063511918	0.0	769491	1978.6007062778542	1.5
4948.253439066088	1500.0	59.54052137733024	0.0	808636	2075.184973861551	1.5

