3038.8264464505482	600.0	4.0	0.4577290749109113	247108	457.7290749109113	-8.554581498218226
3039.0571923113885	200.0	7.769254139159845	0.0	98617	230.7458608401563	0.2
3039.299951432826	200.0	11.526495017722198	0.0	106476	242.7591214376475	0.2
3039.8074883819336	600.0	15.018958068614994	0.0	279692	507.53694910720264	0.6
3040.0367683162035	200.0	18.789678134344758	0.0	97658	229.27993427023722	0.2
3048.131930491018	12000.0	14.694515959530339	0.0	5243469	8095.162174814419	12.0
3049.120288844906	1500.0	17.706157605642343	0.0	737903	988.3583538879967	1.5
3049.756020630392	1500.0	21.07042582015698	0.0	780303	635.7317854853643	1.5
3052.2923499516655	8000.0	22.534096498883567	0.0	3448932	2536.3293212734134	8.0
3055.9962926907865	12000.0	22.830153759762418	0.0	5088378	3703.942739121145	12.0
3060.3440542253798	12000.0	22.482392225169193	0.0	5709459	4347.76153459323	12.0
3061.9615914667625	4000.0	24.864854983786117	0.0	1761739	1617.5372413830723	4.0
3066.9074552868474	12000.0	23.918991163701136	0.0	5575398	4945.863820084983	12.0
3072.362183348648	12000.0	22.464263101900112	0.0	6266291	5454.728061801023	12.0
3077.905329623769	12000.0	20.921116826779297	0.0	6464780	5543.146275120817	12.0
3082.5364541917775	12000.0	20.289992258770912	0.0	5443841	4631.124568008386	12.0
3087.572107815229	12000.0	19.25433863531909	0.0	5964284	5035.653623451822	12.0
3091.385441741709	12000.0	19.441004708839245	0.0	4055239	3813.3339264798446	12.0
3097.2825862962713	12000.0	17.543860154276853	0.0	5385367	5897.144554562394	12.0
3102.1009260977644	8000.0	16.725520352784226	0.0	4303587	4818.339801492625	8.0
3108.102421319482	12000.0	14.7240251310663	0.0	5251330	6001.495221717927	12.0
3110.6318730331122	4000.0	16.194573417435656	0.0	1950922	2529.4517136306463	4.0
3121.267175374354	12000.0	9.559271076194074	0.0	5141915	10635.30234124158	12.0
3121.4483554367416	200.0	13.378091013806074	0.0	85752	181.18006238800027	0.2
3121.6399234698974	200.0	17.186522980650466	0.0	94556	191.56803315560865	0.2
3122.4808045713476	1500.0	20.34564187919991	0.0	644861	840.8811014505579	1.5
3122.943872202595	600.0	23.882574247952814	0.0	324657	463.06763124709636	0.6
3125.4489961305317	4000.0	25.377450320016116	0.0	2055338	2505.123927936698	4.0
3126.3262752467754	1500.0	28.500171203772375	0.0	675709	877.2791162437409	1.5
3132.5098632188915	12000.0	26.316583231656388	0.0	5411094	6183.587972115988	12.0
3133.359403573578	1500.0	29.46704287696945	0.0	757473	849.5403546869345	1.5
3137.065161997869	8000.0	29.76128445267854	0.0	3568902	3705.758424290912	8.0
3140.91820604483	8000.0	29.908240405717127	0.0	3713878	3853.044046961414	8.0
3148.8449837339354	12000.0	25.98146271661226	0.0	6041881	7926.777689104868	12.0
3157.192771675652	8000.0	21.633674774895706	0.0	3707853	8347.787941716555	8.0
3162.0866791281856	4000.0	20.739767322361995	0.0	1785821	4893.907452533708	4.0
3162.346718588092	200.0	24.479727862455686	0.0	102088	260.0394599063103	0.2
3162.5685150058375	200.0	28.25793144470975	0.0	80403	221.79641774593554	0.2
3162.801448375912	200.0	32.02499807463535	0.0	86718	232.93337007440067	0.2
3163.3824913078493	600.0	35.44395514269818	0.0	284107	581.0429319371727	0.6
3171.902941759079	12000.0	30.923504691468064	0.0	4828747	8520.450451230114	12.0
3172.8775306784787	1500.0	33.94891577206894	0.0	657685	974.5889193991278	1.5
3173.405119623382	600.0	37.4213268271659	0.0	329059	527.5889449030426	0.6
3174.6386242863477	1500.0	40.18782216420013	0.0	848035	1233.5046629657652	1.5
3179.728261025587	8000.0	39.098185424960654	0.0	3682991	5089.636739239473	8.0
3185.815149196223	12000.0	37.01129725432487	0.0	5875126	6086.888170635779	12.0
3190.976642901925	12000.0	35.84980354862298	0.0	5704199	5161.493705701893	12.0
3195.226823054786	12000.0	35.59962339576163	0.0	5646381	4250.1801528613405	12.0

