9927.244026564633	600.0	4.0	0.851850694986725	247108	851.8506949867251	-16.4370138997345
9929.611719833412	1500.0	5.632306731219741	0.0	732405	2367.693268780259	1.5
9931.702799015047	1500.0	7.541227549586132	0.0	643847	2091.079181633609	1.5
9934.02690646468	1500.0	9.217120099953146	0.0	718451	2324.1074496329848	1.5
9936.369270981311	1500.0	10.874755583320319	0.0	724296	2342.3645166328283	1.5
9938.347352721728	1500.0	12.89667384290391	0.0	689829	1978.0817404164075	1.5
9940.39067657639	1500.0	14.853349988243563	0.0	737903	2043.3238546603477	1.5
9942.546813268831	1500.0	16.697213295801557	0.0	780303	2156.1366924420054	1.5
9944.99871116523	1500.0	18.245315399401793	0.0	891463	2451.8978963997674	1.5
9952.759738242916	4000.0	14.484288321716868	0.0	2373154	7761.027077684926	4.0
9959.540087693562	4000.0	11.703938871068203	0.0	2094766	6780.349450648665	4.0
9964.388874849494	4000.0	10.855151715135943	0.0	1761739	4848.787155932261	4.0
9970.117209462545	4000.0	9.126817102084136	0.0	2131310	5728.334613051805	4.0
9974.872857117518	4000.0	8.371169447111576	0.0	1805063	4755.647654972559	4.0
9980.543018720076	4000.0	6.701007844555014	0.0	2157416	5670.161602556563	4.0
9983.045770335957	1500.0	8.198256228673204	0.0	934743	2502.75161588181	1.5
9985.032292504722	1500.0	10.211734059908725	0.0	735572	1986.5221687644782	1.5
9987.114828669695	1500.0	12.129197894934888	0.0	772616	2082.536164973838	1.5
9989.184062904304	1500.0	14.059963660326906	0.0	747396	2069.234234607982	1.5
9991.054074390015	1500.0	16.18995217461648	0.0	662349	1870.011485710425	1.5
9997.564337210095	4000.0	13.679689354536757	0.0	2379358	6510.262820079725	4.0
10011.502863317879	4000.0	4.0	0.25883675324758587	1950922	13938.526107784342	-1.1767350649517176
10012.972883145703	600.0	6.52998017217579	0.0	346141	1470.01982782421	0.6
10014.253294761294	600.0	9.249568556584595	0.0	298925	1280.4116155911954	0.6
10015.726519167089	600.0	11.776344150791859	0.0	346939	1473.2244057927364	0.6
10016.695636954402	600.0	14.807226363476648	0.0	221407	969.1177873152121	0.6
10018.079382154312	600.0	17.423481163567004	0.0	324657	1383.7451999096454	0.6
10020.8823554279	1500.0	18.620507889979404	0.0	914284	2802.973273587603	1.5
10027.079514276045	4000.0	16.423349041835895	0.0	2165436	6197.1588481435065	4.0
10035.070059589936	4000.0	12.432803727944593	0.0	2002600	7990.545313891303	4.0
10042.97638604118	4000.0	8.526477276698293	0.0	2290706	7906.326451246299	4.0
10045.077889952629	1500.0	10.424973365251324	0.0	712239	2101.5039114469696	1.5
10046.956481476938	1500.0	12.546381840940041	0.0	633700	1878.5915243112838	1.5
10049.177915300186	1500.0	14.32494801769074	0.0	755142	2221.433823249301	1.5
10051.108688725553	1500.0	16.394174592324045	0.0	670327	1930.7734253666956	1.5
10053.35750736231	1500.0	18.145355955568224	0.0	785519	2248.818636755824	1.5
10055.317867672922	1500.0	20.184995644955627	0.0	681043	1960.3603106125972	1.5
10060.654591603454	4000.0	18.848271714422697	0.0	1955307	5336.723930532928	4.0
10066.035599705378	4000.0	17.467263612499263	0.0	2142800	5381.008101923435	4.0
10071.45032803623	4000.0	16.052535281646268	0.0	2094647	5414.728330852995	4.0
10076.882262802725	4000.0	14.620600515152569	0.0	1985434	5431.9347664936995	4.0
10081.896937646043	4000.0	13.605925671834285	0.0	1830641	5014.674843318284	4.0
10086.551450753395	4000.0	12.951412564482037	0.0	1697030	4654.513107352248	4.0
10091.812955152702	4000.0	11.689908165174726	0.0	1910697	5261.504399307311	4.0
10097.84298923563	4000.0	9.659874082245308	0.0	2171279	6030.034082929419	4.0
10111.781107324818	4000.0	4.0	4.278244006943384	2042818	13938.11808918869	-81.56488013886766
10112.666102118634	600.0	7.115005206184555	0.0	256094	884.9947938154457	0.6
10113.717031569922	600.0	10.06407575489676	0.0	308883	1050.929451287794	0.6

