15143.051771532908	600.0	4.0	0.8419587966621057	247108	841.9587966621057	-16.239175933242112
15144.086800922567	600.0	6.964970610341306	0.0	309722	1035.0293896586945	0.6
15145.056228739639	600.0	9.99554279327025	0.0	288447	969.4278170710555	0.6
15145.998660468906	600.0	13.053111064002003	0.0	279692	942.4317292682457	0.6
15146.379789417238	200.0	16.671982115669987	0.0	97658	381.1289483320164	0.2
15146.760918365571	200.0	20.290853167337968	0.0	97658	381.1289483320164	0.2
15147.85211688549	600.0	23.199654647420452	0.0	327938	1091.198519917516	0.6
15148.779535028063	600.0	26.27223650484688	0.0	274823	927.4181425735705	0.6
15149.75598090291	600.0	29.29579062999865	0.0	290723	976.4458748482338	0.6
15152.18898211704	1500.0	30.862789415868487	0.0	763093	2433.001214130162	1.5
15173.580722840556	12000.0	13.471048692354438	0.0	5709459	21391.74072351405	12.0
15173.96438396007	200.0	17.087387572838555	0.0	95342	383.66111951588505	0.2
15174.370585090734	200.0	20.681186442175285	0.0	102419	406.2011306632694	0.2
15180.199651099174	4000.0	18.852120433735124	0.0	1805063	5829.0660084401625	4.0
15181.120842276816	600.0	21.93092925609359	0.0	264113	921.191177641532	0.6
15181.50142990322	200.0	25.550341629690216	0.0	94377	380.58762640337613	0.2
15181.867666068518	200.0	29.184105464390427	0.0	89871	366.23616529978506	0.2
15194.149780490896	12000.0	20.9019910420134	0.0	4055239	12282.114422377028	12.0
15195.175945085499	600.0	23.87582644740912	0.0	330105	1026.164594604278	0.6
15195.50208746664	200.0	27.54968406626907	0.0	85876	326.1423811400523	0.2
15196.386490031937	600.0	30.66528150097223	0.0	280646	884.4025652968364	0.6
15197.357439120111	600.0	33.694332412799106	0.0	310841	970.9490881731218	0.6
15211.542965014305	12000.0	23.50880651860349	0.0	5141915	14185.525894195618	12.0
15211.849619786828	200.0	27.202151746078954	0.0	85752	306.6547725245317	0.2
15212.179544787654	200.0	30.872226745252974	0.0	94556	329.9250008259821	0.2
15221.2674831878	8000.0	25.78428834510807	0.0	3253093	9087.938400144902	8.0
15221.595958995526	200.0	29.455812537382688	0.0	88490	328.4758077253822	0.2
15230.590635773506	8000.0	24.461135759401664	0.0	3354913	8994.676777981025	8.0
15231.425648258508	600.0	27.62612327439988	0.0	291029	835.0124850017836	0.6
15247.349291452154	12000.0	15.702480080751863	0.0	5411094	15923.643193648017	12.0
15247.807602813731	200.0	19.244168719173924	0.0	93982	458.31136157794106	0.2
15248.36469650398	200.0	22.68707502892536	0.0	118522	557.093690248566	0.2
15248.846689057065	200.0	26.20508247584093	0.0	99865	481.99255308443196	0.2
15249.286644778109	200.0	29.765126754798363	0.0	89422	439.9557210425682	0.2
15249.80228933884	200.0	33.24948219406574	0.0	108225	515.6445607326154	0.2
15250.235679698104	200.0	36.816091834802386	0.0	87791	433.39035926335913	0.2
15250.72662062595	200.0	40.32515090695696	0.0	102088	490.94092784542624	0.2
15252.124772985819	600.0	42.926998547089795	0.0	327462	1398.152359867163	0.6
15252.55384413405	200.0	46.49792739885592	0.0	86718	429.07114823387343	0.2
15253.777477021242	600.0	49.27429451166663	0.0	284107	1223.6328871892924	0.6
15273.966415193398	12000.0	33.085356339510575	0.0	4828747	20188.938172156057	12.0
15275.271601502109	600.0	35.78017003079932	0.0	302912	1305.1863087112595	0.6
15276.325322434148	600.0	38.72644909876042	0.0	329059	1053.720932038892	0.6
15277.143290256625	600.0	41.90848127628246	0.0	278938	817.9678224779669	0.6
15287.283906373701	8000.0	35.76786515920712	0.0	3682991	10140.616117075338	8.0
15294.24773106147	4000.0	32.80404047143727	0.0	2042818	6963.824687769846	4.0
15300.043493722786	4000.0	31.008277810122244	0.0	1750852	5795.762661315029	4.0
15319.75264829404	12000.0	15.29912323886808	0.0	5646381	19709.154571254163	12.0

