13452.376628116412	600.0	4.0	1.0144003025075037	247108	1014.4003025075037	0.008217761	-19.688006050150072
13452.829532897447	200.0	7.547095218963439	0.0	98617	452.9047810365609	0.004705182	0.2
13453.312155259371	200.0	11.064472857041572	0.0	106476	482.622361921868	0.004705182	0.2
13453.827879504874	200.0	14.548748611537826	0.0	115230	515.7242455037458	0.004705182	0.2
13454.277157977212	200.0	18.09947013920072	0.0	97658	449.2784723371068	0.004705182	0.2
13454.72643644955	200.0	21.650191666863613	0.0	97658	449.2784723371068	0.004705182	0.2
13455.244285810268	200.0	25.132342306147045	0.0	115792	517.8493607165647	0.004705182	0.2
13455.731438222056	200.0	28.645189894358708	0.0	107674	487.1524117883393	0.004705182	0.2
13456.171819192443	200.0	32.204808923971356	0.0	95305	440.3809703873514	0.004705182	0.2
13456.650467362037	200.0	35.726160754378085	0.0	105425	478.6481695932692	0.004982876	0.2
13457.091075213053	200.0	39.28555290336303	0.0	95365	440.6078510150545	0.004705182	0.2
13457.53159609316	200.0	42.845032023255264	0.0	95342	440.52088010776833	0.004705182	0.2
13457.998877543307	200.0	46.377750573109914	0.0	102419	467.28145014534545	0.004705182	0.2
13458.38466347198	200.0	49.99196464443551	0.0	80867	385.7859286744026	0.004705182	0.2
13458.77756967102	200.0	53.59905844539503	0.0	82750	392.90619904048407	0.004821212	0.2
13459.214441554366	200.0	57.162186562049484	0.0	94377	436.87188334554395	0.31012747	0.2
13460.634274702572	200.0	59.74235341384445	0.0	89871	419.83314820504336	0.00613681	0.2
13468.706853409121	12000.0	55.66977470729449	0.0	4055239	8072.578706549954	0.004705182	12.0
13478.614601932068	12000.0	49.762026184347064	0.0	5385367	9907.748522947428	0.24437116	12.0
13478.861153363618	200.0	53.5154747527972	0.0	85876	246.55143154985575	0.13542195	0.2
13489.156778983497	12000.0	47.21984913291686	0.0	5251330	10295.62561988035	0.019511817	12.0
13489.427309197923	200.0	50.94931891849191	0.0	97742	270.5302144249513	0.010684266	0.2
13499.615150267826	12000.0	44.76147784858946	0.0	5141915	10187.841069902452	0.004705182	12.0
13499.864543208305	200.0	48.512084908110175	0.0	85752	249.39294047927703	0.06904069	0.2
13500.131327410189	200.0	52.24530070622615	0.0	94556	266.7842018840204	0.013957677	0.2
13507.002379133137	8000.0	49.37424898327895	0.0	3253093	6871.051722947203	0.004705182	8.0
13517.545671198877	12000.0	42.83095691753892	0.0	5138482	10543.292065740028	0.004705182	12.0
13523.720454869506	8000.0	40.65617324690801	0.0	3354913	6174.783670630909	0.004705182	8.0
13530.405629423509	8000.0	37.970998692906214	0.0	3811227	6685.174554001798	0.78151894	8.0
13540.532293077546	12000.0	31.84433503886884	0.0	5411094	10126.663654037375	0.004705182	12.0
13548.70964550818	8000.0	27.666982608234868	0.0	4025712	8177.352430633975	0.9896718	8.0
13555.877850295348	8000.0	24.498777821065293	0.0	3568902	7168.204787169572	0.009202424	8.0
13562.590885736548	8000.0	21.7857423798642	0.0	3713878	6713.035441201094	0.65997773	8.0
13562.830594616384	200.0	25.546033500029406	0.0	89422	239.70887983479378	0.60698897	0.2
13563.103885903987	200.0	29.272742212425456	0.0	108225	273.29128760395156	0.82678366	0.2
13566.599349682618	4000.0	29.777278433796315	0.0	1785821	3495.46377862914	0.67194045	4.0
13568.02466963274	1500.0	32.35195848367471	0.0	681043	1425.3199501216095	1.0375189	1.5
13575.766166833018	8000.0	28.610461283396862	0.0	3739359	7741.497200277844	0.67499346	8.0
13588.187990801347	12000.0	20.188637315068807	0.0	5257310	12421.823968328059	0.004705182	12.0
13588.481911552402	200.0	23.894716564013287	0.0	101968	293.92075105551623	0.16517106	0.2
13606.28428720732	12000.0	10.09234090909535	0.0	4828747	17802.375654917938	0.297879	12.0
13607.75131450509	1500.0	12.62531361132425	0.0	657685	1467.0272977710995	0.14998212	1.5
13611.410272418281	4000.0	12.966355698134063	0.0	1697030	3658.9579131901883	0.008686341	4.0
13615.426477943292	4000.0	12.950150173122479	0.0	1910697	4016.2055250115836	0.01706801	4.0
13622.136375560356	8000.0	10.240252556057156	0.0	3682991	6709.897617065322	0.8431679	8.0
13626.378919442306	4000.0	9.997708674107642	0.0	2042818	4242.543881949515	0.0499719	4.0
13631.40657610073	4000.0	8.970052015683057	0.0	1750852	5027.656658424586	0.006376788	4.0
13633.771665468443	1500.0	10.604962647968469	0.0	808636	2365.0893677145887	0.6096092	1.5

