2175.529292255937	600.0	4.0	0.7155862778510113	247108	715.5862778510112	0.0071323644	-13.711725557020225
2175.8629449582486	200.0	7.666347297688326	0.0	98617	333.65270231167415	0.004705182	0.2
2176.216811787815	200.0	11.312480468122045	0.0	106476	353.8668295662798	0.004705182	0.2
2176.593194773379	200.0	14.936097482557951	0.0	115230	376.38298556409353	0.004705182	0.2
2176.9243808326014	200.0	18.60491142333537	0.0	97658	331.186059222583	0.004705182	0.2
2177.255566891824	200.0	22.273725364112785	0.0	97658	331.186059222583	0.004705182	0.2
2177.6333953971125	200.0	25.895896858823907	0.0	115792	377.82850528887894	0.004705182	0.2
2177.990343601466	200.0	29.53894865447063	0.0	107674	356.94820435327784	0.004705182	0.2
2178.3154775113785	200.0	33.213814744558405	0.0	95305	325.1339099122271	0.004705182	0.2
2178.666641064733	200.0	36.86265119120342	0.0	105425	351.16355335498184	0.011925226	0.2
2178.9919293005946	200.0	40.537362955341926	0.0	95365	325.28823586149247	0.004705182	0.2
2179.3171583781755	200.0	44.212133877760984	0.0	95342	325.2290775809407	0.004705182	0.2
2179.6605902014726	200.0	47.8687020544642	0.0	102419	343.4318232967881	0.009230212	0.2
2179.948588143793	200.0	51.58070411214352	0.0	80867	287.9979423206765	0.004705182	0.2
2180.2414293488214	200.0	55.28786290711507	0.0	82750	292.8412050284538	0.010979614	0.2
2197.600487398406	12000.0	41.9288048575305	0.0	5443841	17359.058049584568	0.028327143	12.0
2197.9144312689014	200.0	45.6148609870351	0.0	89871	313.94387049540387	0.004705182	0.2
2208.201445786322	12000.0	39.32784646961482	0.0	4055239	10287.014517420277	0.004705182	12.0
2208.4821361360496	200.0	43.0471561198873	0.0	90919	280.6903497275298	0.004705182	0.2
2208.75169480336	200.0	46.77759745257682	0.0	85876	269.5586673104781	0.023226682	0.2
2209.084781097076	200.0	50.44451115886088	0.0	114656	333.0862937159412	0.7215784	0.2
2209.3805322179974	200.0	54.14876003793931	0.0	97742	295.75112092156996	0.095544204	0.2
2221.3344553722327	12000.0	46.1948368837045	0.0	5141915	11953.923154234817	0.004705182	12.0
2221.6275964894885	200.0	49.90169576644855	0.0	85752	293.1411172559498	0.004705182	0.2
2221.9426204129336	200.0	53.58667184300357	0.0	94556	315.02392344497605	0.004705182	0.2
2229.7530468743016	8000.0	49.77624538163569	0.0	3253093	7810.426461367886	0.004705182	8.0
2242.558367841222	12000.0	40.97092441471507	0.0	5138482	12805.320966920614	0.004705182	12.0
2253.195371639672	8000.0	34.33392061626521	0.0	3354913	10637.003798449861	0.004705182	8.0
2253.5881017858596	200.0	37.941190470077935	0.0	93993	392.73014618727774	0.24868472	0.2
2269.735767136569	12000.0	25.793525119368223	0.0	5411094	16147.66535070971	0.12643003	12.0
2270.0921035082247	200.0	29.43718874771283	0.0	93982	356.3363716553955	0.02728452	0.2
2279.8859687292893	8000.0	23.643323526648476	0.0	3568902	9793.865221064352	0.004705182	8.0
2281.3878768168543	1500.0	26.141415439083442	0.0	633700	1501.9080875650359	0.18385498	1.5
2281.668523597675	200.0	29.860768658262483	0.0	89422	280.64678082095725	0.65258604	0.2
2281.9913609067758	200.0	33.5379313491624	0.0	108225	322.83730910008836	0.055070568	0.2
2286.0784199612863	4000.0	33.450872294651624	0.0	1785821	4087.059054510778	0.6829768	4.0
2286.3874869533065	200.0	37.141805302631205	0.0	102088	309.06699202041875	0.70282227	0.2
2298.812244344204	8000.0	28.717047911733715	0.0	3739359	12424.757390897486	0.72046757	8.0
2313.2524672476725	12000.0	18.276825008264847	0.0	5257310	14440.222903468868	0.14212148	12.0
2313.594658971256	200.0	21.93463328468108	0.0	101968	342.1917235837686	0.49045253	0.2
2321.881627264028	8000.0	17.64766499190918	0.0	3189942	8286.968292771902	0.69707555	8.0
2326.6745359190345	4000.0	16.85475633690266	0.0	1830641	4792.908655006517	0.013904716	4.0
2330.8396546514223	4000.0	16.689637604514793	0.0	1697030	4165.118732387868	0.04395703	4.0
2335.352183577042	4000.0	16.177108678894957	0.0	1910697	4512.528925619836	0.012159062	4.0
2344.5659712848633	8000.0	10.963320971074026	0.0	3682991	9213.78770782093	0.3270046	8.0
2349.723056322504	4000.0	9.806235933433136	0.0	2042818	5157.085037640891	0.064359404	4.0
2353.7654365541903	4000.0	9.76385570174669	0.0	1750852	4042.3802316864458	0.0048267157	4.0
2358.4500527439523	4000.0	9.079239511984458	0.0	2034636	4684.616189762231	0.07797394	4.0

