29670.971556226144	600.0	4.0	0.7319139955151036	247108	731.9139955151036	0.004714241	-14.038279910302073
29671.311725069307	200.0	7.659831156839467	0.0	98617	340.16884316053296	0.004705182	0.2
29671.672627324948	200.0	11.29892890120037	0.0	106476	360.90225563909775	0.004705182	0.2
29672.056624159137	200.0	14.91493206700963	0.0	115230	383.99683419074	0.004705182	0.2
29672.394262993064	200.0	18.577293233082706	0.0	97658	337.6388339269226	0.004705182	0.2
29672.731901826988	200.0	22.239654399155786	0.0	97658	337.6388339269226	0.004705182	0.2
29673.117381315184	200.0	25.854174910961614	0.0	115792	385.4794881941696	0.004705182	0.2
29673.481444103734	200.0	29.49011212241129	0.0	107674	364.0627885503232	0.004705182	0.2
29673.812875313335	200.0	33.15868091280834	0.0	95305	331.4312096029548	0.004705182	0.2
29674.171004847696	200.0	36.80055137844612	0.0	105425	358.1295343622213	0.011084516	0.2
29674.502594347763	200.0	40.46896187838017	0.0	95365	331.5895000659544	0.004705182	0.2
29674.83412316982	200.0	44.13743305632504	0.0	95342	331.5288220551378	0.004705182	0.2
29675.18432235199	200.0	47.78723387415909	0.0	102419	350.1991821659412	0.0086617395	0.2
29675.477663599846	200.0	51.49389262630261	0.0	80867	293.3412478564833	0.004705182	0.2
29675.775972530068	200.0	55.19558369608232	0.0	82750	298.3089302202876	0.010367521	0.2
29690.786811087353	12000.0	44.18474513879387	0.0	5443841	15010.838557288449	0.040738337	12.0
29691.119417369413	200.0	47.85213885673358	0.0	89871	332.60628206029094	0.004705182	0.2
29702.588643930576	12000.0	40.38291229557178	0.0	4055239	11469.226561161802	0.004705182	12.0
29702.911086515825	200.0	44.06046971032461	0.0	90919	322.44258524715843	0.004705182	0.2
29703.220081549323	200.0	47.75147467682573	0.0	85876	308.9950334988834	0.0199302	0.2
29703.60582069135	200.0	51.36573553479713	0.0	114656	385.7391420285991	0.60931814	0.2
29703.946457336795	200.0	55.02509888935198	0.0	97742	340.6366454451519	0.103583224	0.2
29718.203144268795	12000.0	44.768411957349095	0.0	5141915	14256.686932002884	0.004705182	12.0
29718.53061586073	200.0	48.44094036541518	0.0	85752	327.4715919339129	0.004705182	0.2
29718.883494905498	200.0	52.088061320647675	0.0	94556	352.87904476750475	0.004705182	0.2
29729.952439053566	8000.0	45.0191171725818	0.0	3253093	11068.944148065879	0.004705182	8.0
29743.203614497776	12000.0	35.76794172837021	0.0	5138482	13251.175444211583	0.0047303853	12.0
29751.878655248423	8000.0	31.092900977725726	0.0	3354913	8675.040750644486	0.004705182	8.0
29752.1994584124	200.0	34.77209781374641	0.0	93993	320.80316397931244	0.34749624	0.2
29766.392603975655	12000.0	24.578952250493206	0.0	5411094	14193.145563253205	0.14164647	12.0
29766.721089805615	200.0	28.25046642053369	0.0	93982	328.48582995951415	0.03634267	0.2
29776.35666695619	8000.0	22.61488926995852	0.0	3568902	9635.577150575175	0.004705182	8.0
29778.170396992784	1500.0	24.801159233366064	0.0	633700	1813.7300365924557	0.11077667	1.5
29778.495045260628	200.0	28.476510965522966	0.0	89422	324.6482678430971	0.18189242	0.2
29778.871136365582	200.0	32.10041986056759	0.0	108225	376.09110495537095	0.020631876	0.2
29783.73773617771	4000.0	31.23382004844137	0.0	1785821	4866.599812126223	0.47719607	4.0
29785.42330699164	1500.0	33.54824923450844	0.0	681043	1685.5708139329286	0.64927584	1.5
29785.69285847393	200.0	37.27869775221929	0.0	80403	269.55148228914953	0.76060706	0.2
29798.87766685518	12000.0	28.09388937097173	0.0	5257310	13184.808381247558	0.004705182	12.0
29799.233591628552	200.0	31.737964597598708	0.0	101968	355.9247733730213	0.1317958	0.2
29812.72321471324	12000.0	22.2483415129067	0.0	4828747	13489.623084692006	0.28268984	12.0
29817.436458299075	4000.0	21.535097927075444	0.0	1830641	4713.2435858312565	0.04020456	4.0
29821.724579308313	4000.0	21.24697691783857	0.0	1697030	4288.121009236873	0.021829505	4.0
29826.61828902912	4000.0	20.353267197030675	0.0	1910697	4893.709720807891	0.05294004	4.0
29836.225385583868	8000.0	14.746170642286659	0.0	3682991	9607.096554744017	0.01734472	8.0
29841.847485421087	4000.0	13.124070805064736	0.0	2042818	5622.099837221921	0.06008726	4.0
29846.66632240557	4000.0	12.305233820583053	0.0	1750852	4818.836984481684	0.004705182	4.0
29852.243203009388	4000.0	10.72835321676359	0.0	2034636	5576.880603819462	0.09376836	4.0

