7345.937245698294	600.0	4.0	0.6521499790168301	247108	652.1499790168301	0.56237394	-12.442999580336602
7346.245581949976	200.0	7.691663748317729	0.0	98617	308.3362516822714	0.004705182	0.2
7346.572114806727	200.0	11.36513089156766	0.0	106476	326.53285675006873	0.004705182	0.2
7346.918916537476	200.0	15.01832916081791	0.0	115230	346.8017307497504	0.004705182	0.2
7347.225032335634	200.0	18.712213362661533	0.0	97658	306.11579815637526	0.004705182	0.2
7347.53114813379	200.0	22.40609756450516	0.0	97658	306.11579815637526	0.004705182	0.2
7347.879251110507	200.0	26.057994587789242	0.0	115792	348.10297671591684	0.004705182	0.2
7348.208557797626	200.0	29.728687900670014	0.0	107674	329.30668711922783	0.004705182	0.2
7364.422958441778	12000.0	17.514287256517154	0.0	6619479	16214.400644152862	0.014954116	12.0
7364.772967405795	200.0	21.164278292501272	0.0	105425	350.00896401587914	0.004705182	0.2
7365.097211227026	200.0	24.840034471269362	0.0	95365	324.2438212319119	0.43971488	0.2
7365.421396141868	200.0	28.515849556427515	0.0	95342	324.18491484184915	0.004705182	0.2
7367.069073489792	1500.0	30.868172208503594	0.0	606092	1647.6773479239196	0.004705182	1.5
7369.1052970922765	1500.0	32.831948606019125	0.0	748011	2036.2236024844722	0.004705182	1.5
7371.1585354054505	1500.0	34.778710292844885	0.0	754517	2053.23831317424	0.004705182	1.5
7373.6831068340225	1500.0	36.25413886427346	0.0	934743	2524.5714285714284	0.004705182	1.5
7389.115943022723	12000.0	24.821302675573047	0.0	5964284	15432.836188700416	0.004705182	12.0
7391.204041788154	1500.0	26.733203910140947	0.0	772616	2088.098765432099	0.693535	1.5
7393.226591495757	1500.0	28.710654202538606	0.0	747396	2022.5497076023391	0.0048708203	1.5
7393.529790975938	200.0	32.407454722356675	0.0	85876	303.19948018193634	0.004705182	0.2
7395.781879345009	1500.0	34.15536635328585	0.0	835711	2252.088369070825	0.004705182	1.5
7408.4379924600635	8000.0	25.499253238230974	0.0	3905272	12656.113115054874	0.5913637	8.0
7410.593955074489	1500.0	27.343290623805785	0.0	809327	2155.9626144251893	0.004705182	1.5
7412.42279198553	1500.0	29.514453712764855	0.0	681795	1828.8369110409285	0.004705182	1.5
7425.133086106204	8000.0	20.804159592090617	0.0	4925863	12710.294120674236	0.004705182	8.0
7426.8661784718215	1500.0	23.07106722647338	0.0	644861	1733.0923656172397	0.004705182	1.5
7428.975565860671	1500.0	24.961679837623333	0.0	794014	2109.387388850049	0.004705182	1.5
7438.071060631558	8000.0	19.86618506673607	0.0	3354913	9095.49477088726	0.5539376	8.0
7447.654133987967	1500.0	14.283111710327288	0.0	675709	9583.073356408782	0.004705182	1.5
7447.9853758603185	200.0	17.95186983797585	0.0	97083	331.2418723514379	0.047720775	0.2
7450.0256462967045	1500.0	19.91159940158986	0.0	757473	2040.2704363859866	0.004705182	1.5
7451.948855302624	1500.0	21.988390395670024	0.0	712239	1923.2090059198397	0.004705182	1.5
7453.668812602143	1500.0	24.26843309615202	0.0	633700	1719.9572995180022	0.07964622	1.5
7455.703050624981	1500.0	26.23419507331373	0.0	755142	2034.2380228382883	0.76525503	1.5
7457.51779523081	1500.0	28.41945046748447	0.0	670327	1814.7446058292628	0.027259815	1.5
7468.109320066405	8000.0	21.827925631889475	0.0	4086583	10591.524835594995	0.02281375	8.0
7473.476239747012	4000.0	20.46100595128283	0.0	2096494	5366.919680606645	0.16660206	4.0
7483.135407929479	8000.0	14.801837768815908	0.0	3739359	9659.168182466923	0.022744173	8.0
7485.014821579524	1500.0	16.92242411877117	0.0	691256	1879.413650044741	0.64249945	1.5
7490.544865953757	4000.0	15.392379744539006	0.0	2094647	5530.04437423216	0.25100407	4.0
7495.786781424743	4000.0	14.150464273552185	0.0	1985434	5241.915470986822	0.007693513	4.0
7500.558322973461	4000.0	13.378922724834869	0.0	1830641	4771.541548717317	0.20591907	4.0
7504.8991395946205	4000.0	13.038106103675531	0.0	1697030	4340.816621159338	0.35288912	4.0
7509.804427976302	4000.0	12.13281772199391	0.0	1910697	4905.28838168162	0.039354045	4.0
7515.493156423186	4000.0	10.444089275109828	0.0	2171279	5688.728446884081	0.020525578	4.0
7520.886595340753	4000.0	9.050650357542889	0.0	2042818	5393.43891756694	0.015074507	4.0
7525.576982095633	4000.0	8.360263602663194	0.0	1750852	4690.386754879695	0.108698145	4.0
7530.975861254863	4000.0	6.961384443432085	0.0	2034636	5398.879159231109	0.12880512	4.0

