14168.610362037083	600.0	4.0	0.9255544387176801	247108	925.5544387176801	-17.9110887743536
14169.750169133044	600.0	6.860192904039865	0.0	309722	1139.807095960136	0.6
14170.817177409524	600.0	9.793184627558333	0.0	288447	1067.008276481533	0.6
14171.854227816932	600.0	12.756134220150132	0.0	279692	1037.0504074081996	0.6
14173.023558213219	600.0	15.586803823862788	0.0	318350	1169.3303962873458	0.6
14175.464015879123	1500.0	17.1463461579589	0.0	689829	2440.45766590389	1.5
14178.068973213538	1500.0	18.541388823541993	0.0	737903	2604.9573344169034	1.5
14180.616907751659	1500.0	19.993454285421823	0.0	780303	2547.9345381201733	1.5
14186.536706501707	4000.0	18.07365553537269	0.0	1857129	5919.798750049134	4.0
14191.640174068454	4000.0	16.970187968625012	0.0	2373154	5103.467566747676	4.0
14195.435450971749	4000.0	17.174911065330555	0.0	2094766	3795.276903294462	4.0
14198.640071199656	4000.0	17.970290837422958	0.0	1761739	3204.6202279075956	4.0
14205.410889382456	4000.0	15.199472654622983	0.0	2131310	6770.818182799976	4.0
14210.528583741776	4000.0	14.08177829530238	0.0	1805063	5117.694359320603	4.0
14215.567020882665	4000.0	13.043341154415225	0.0	2157416	5038.437140887153	4.0
14220.240673156144	4000.0	12.369688880936266	0.0	2231719	4673.65227347896	4.0
14223.292587602004	4000.0	13.317774435075364	0.0	1835863	3051.9144458609035	4.0
14226.922113088152	4000.0	13.688248948926311	0.0	2192675	3629.525486149052	4.0
14230.88498914676	4000.0	13.725372890319326	0.0	2082556	3962.8760586069848	4.0
14236.002752377392	4000.0	12.607609659688853	0.0	2164412	5117.763230630474	4.0
14241.425454697048	4000.0	11.184907340031812	0.0	2379358	5422.70231965704	4.0
14245.65309843401	4000.0	10.95726360307012	0.0	1950922	4227.643736961692	4.0
14249.76481124858	4000.0	10.845550788499814	0.0	1849252	4111.712814570306	4.0
14256.49586228319	4000.0	8.114499753891184	0.0	1822097	6731.0510346086285	4.0
14261.653427486954	4000.0	6.956934550125773	0.0	1836837	5157.565203765412	4.0
14263.022086343399	1500.0	9.58827569368234	0.0	644861	1368.6588564434342	1.5
14264.688805300259	1500.0	11.92155673682175	0.0	794014	1666.7189568605902	1.5
14266.595865975201	1500.0	14.014496061878576	0.0	914284	1907.060674943172	1.5
14268.026169974402	1500.0	16.584192062677918	0.0	675709	1430.3039992006593	1.5
14272.039420402723	4000.0	16.570941634354647	0.0	2002600	4013.250428323272	4.0
14276.54173947413	4000.0	16.068622562948484	0.0	2290706	4502.319071406164	4.0
14280.400697876543	4000.0	16.209664160536043	0.0	1947068	3858.9584024124415	4.0
14286.116960909818	4000.0	14.49340112726225	0.0	2544033	5716.263033273793	4.0
14290.890092512613	4000.0	13.720269524467268	0.0	2125133	4773.131602794979	4.0
14294.89927530629	4000.0	13.71108673079004	0.0	1828568	4009.1827936772274	4.0
14298.816604377884	4000.0	13.793757659195515	0.0	1785821	3917.329071594526	4.0
14302.999532510032	4000.0	13.610829527048798	0.0	2096494	4182.928132146717	4.0
14306.668404166066	4000.0	13.941957871012455	0.0	1955307	3668.871656036342	4.0
14310.68141017717	4000.0	13.92895185990797	0.0	2142800	4013.006011104483	4.0
14315.442465169946	4000.0	13.167896867132548	0.0	2094647	4761.054992775424	4.0
14319.985744457326	4000.0	12.624617579752325	0.0	1985434	4543.279287380224	4.0
14323.222444981902	4000.0	13.387917055175416	0.0	1830641	3236.7005245769083	4.0
14325.951338206623	4000.0	14.65902383045467	0.0	1697030	2728.893224720746	4.0
14329.013744138041	4000.0	15.59661789903669	0.0	1910697	3062.40593141798	4.0
14334.99018861848	8000.0	13.620173418599817	0.0	3682991	5976.444480436873	8.0
14341.498708856832	8000.0	11.111653180247206	0.0	3954105	6508.520238352612	8.0
14348.429669676112	8000.0	8.18069236096764	0.0	4201994	6930.960819279565	8.0
14357.156101258328	8000.0	4.0	0.5457392212490731	4346302	8726.431582216714	-2.9147844249814625

