12505.930053094204	600.0	4.0	0.9643644172053594	247108	964.3644172053594	-18.687288344107188
12507.118504119771	600.0	6.811548974433534	0.0	309722	1188.4510255664661	0.6
12508.230814943578	600.0	9.699238150625181	0.0	288447	1112.3108238083523	0.6
12510.882048978518	1500.0	11.048004115686581	0.0	718451	2651.2340349386004	1.5
12513.554201437863	1500.0	12.37585165634017	0.0	724296	2672.1524593464114	1.5
12516.108636316134	1500.0	13.82141677806894	0.0	689829	2554.434878271229	1.5
12518.852125386002	1500.0	15.077927708201816	0.0	737903	2743.489069867124	1.5
12521.74865887575	1500.0	16.18139421845516	0.0	780303	2896.5334897466555	1.5
12525.04642863233	1500.0	16.883624461873392	0.0	891463	3297.7697565817675	1.5
12528.659913094347	1500.0	17.270139999856998	0.0	763093	3613.4844620163917	1.5
12532.53959082239	1500.0	17.390462271812545	0.0	769316	3879.6777280444517	1.5
12536.216203377542	1500.0	17.713849716660892	0.0	744416	3676.6125551516566	1.5
12538.642839070224	1500.0	19.287214023980916	0.0	606092	2426.635692679976	1.5
12541.618949415051	1500.0	20.31110367915333	0.0	748011	2976.1103448275862	1.5
12544.620249354555	1500.0	21.309803739649396	0.0	754517	3001.2999395039324	1.5
12552.82653841328	4000.0	17.103514680924352	0.0	2231719	8206.289058725042	4.0
12559.591152292156	4000.0	14.338900802046352	0.0	1835863	6764.613878878002	4.0
12567.708080301692	4000.0	10.22197279251052	0.0	2192675	8116.928009535832	4.0
12575.116669388282	4000.0	6.813383705920245	0.0	2082556	7408.589086590275	4.0
12577.486702135013	1500.0	8.443350959190568	0.0	662349	2370.0327467296775	1.5
12580.382855122523	1500.0	9.547197971679774	0.0	835711	2896.152987510794	1.5
12583.180216593428	1500.0	10.749836500775622	0.0	806394	2797.3614709041512	1.5
12585.987461596693	1500.0	11.94259149751116	0.0	809327	2807.245003264464	1.5
12588.357883860295	1500.0	13.572169233906603	0.0	681795	2370.4222636045556	1.5
12591.30596828881	1500.0	14.624084805392068	0.0	855209	2948.0844285145363	1.5
12593.54861600727	1500.0	16.381437086932237	0.0	644861	2242.64771845983	1.5
12596.29147291058	1500.0	17.638580183622587	0.0	794014	2742.8569033096483	1.5
12599.685563851659	1500.0	18.24448924254303	0.0	914284	3394.0909410795553	1.5
12602.283343078487	1500.0	19.646710015714895	0.0	675709	2597.7792268281323	1.5
12604.999680293204	1500.0	20.930372800996683	0.0	707527	2716.3372147182117	1.5
12607.848319845081	1500.0	22.0817332491212	0.0	757473	2848.6395518754853	1.5
12610.269382337376	1500.0	23.660670756824885	0.0	712239	2421.0624922963143	1.5
12612.432294535905	1500.0	25.497758558295775	0.0	633700	2162.91219852911	1.5
12619.735874654307	4000.0	22.194178439894582	0.0	2125133	7303.580118401196	4.0
12626.617317838238	4000.0	19.31273525596302	0.0	1828568	6881.443183931561	4.0
12633.507309547562	4000.0	16.422743546640223	0.0	1785821	6889.991709322796	4.0
12641.442254637353	4000.0	12.487798456849912	0.0	2096494	7934.945089790311	4.0
12648.647780322672	4000.0	9.282272771532302	0.0	1955307	7205.525685317611	4.0
12656.508992732739	4000.0	5.421060361464441	0.0	2142800	7861.21241006786	4.0
12659.150855565338	1500.0	6.779197528865361	0.0	725845	2641.8628325990803	1.5
12661.970359439343	1500.0	7.959693654860252	0.0	811013	2819.503874005109	1.5
12664.271939864533	1500.0	9.658113229669718	0.0	657685	2301.5804251905333	1.5
12666.942972439954	1500.0	10.98708065424801	0.0	767059	2671.0325754217074	1.5
12670.032058495348	1500.0	11.897994598854158	0.0	848035	3089.08605539385	1.5
12672.457425984869	1500.0	13.472627109333898	0.0	629438	2425.3674895202607	1.5
12675.38361881207	1500.0	14.546434282133152	0.0	763847	2926.1928272007453	1.5
12682.121238629723	4000.0	11.80881446447922	0.0	1750852	6737.619817653933	4.0
12690.422528347022	4000.0	7.507524747180087	0.0	2034636	8301.289717299132	4.0

