3127.2207559137905	600.0	4.0	0.4577290749109113	247108	457.7290749109113	-8.554581498218226
3127.7741966949043	600.0	7.4465592188858425	0.0	309722	553.4407811141577	0.6
3128.2951165294335	600.0	10.925639384356698	0.0	288447	520.9198345291437	0.6
3129.4733401061644	1500.0	13.7474158076258	0.0	718451	1178.2235767308996	1.5
3132.716453480452	4000.0	14.504302433338747	0.0	2069289	3243.1133742870516	4.0
3135.6457546240354	4000.0	15.575001289755521	0.0	1863995	2929.3011435832277	4.0
3138.036312573514	4000.0	17.184443340276626	0.0	2046450	2390.5579494788935	4.0
3139.582457434991	4000.0	19.638298478799523	0.0	2058614	1546.144861477103	4.0
3140.985104682338	4000.0	22.235651231452465	0.0	1857129	1402.647247347055	4.0
3142.755264927335	4000.0	24.465490986455674	0.0	2373154	1770.1602449967952	4.0
3145.830788038224	8000.0	25.389967875566132	0.0	4206014	3075.5231108895377	8.0
3151.4021266092395	12000.0	23.818629304550196	0.0	6760146	5571.338571015938	12.0
3156.3479904293245	12000.0	22.872765484465212	0.0	5575398	4945.863820084983	12.0
3161.7695416406855	12000.0	21.45121427310459	0.0	6266291	5421.5512113606255	12.0
3167.3126879158062	12000.0	19.908067997983775	0.0	6464780	5543.146275120817	12.0
3171.9268200515608	12000.0	19.293935862229482	0.0	5443841	4614.132135754293	12.0
3176.9624736750125	12000.0	18.25828223877766	0.0	5964284	5035.653623451822	12.0
3181.0746500734663	12000.0	18.146105840323674	0.0	4055239	4112.176398453985	12.0
3186.971794628029	12000.0	16.248961285761283	0.0	5385367	5897.144554562394	12.0
3193.58903309716	12000.0	13.631722816629967	0.0	5848459	6617.238469131315	12.0
3200.719738064339	12000.0	10.501017849450875	0.0	5251330	7130.704967179092	12.0
3209.057711174771	8000.0	6.163044739018635	0.0	3905272	8337.97311043224	8.0
3211.319671160907	4000.0	7.9010847528826345	0.0	1849252	2261.9599861359998	4.0
3213.5495905579705	4000.0	9.671165355819149	0.0	1822097	2229.9193970634865	4.0
3215.7969019006396	4000.0	11.42385401314974	0.0	1836837	2247.31134266941	4.0
3218.218536230264	4000.0	13.002219683525764	0.0	1984579	2421.634329623976	4.0
3220.486506656773	4000.0	14.73424925701655	0.0	2068230	2267.9704265092128	4.0
3223.9748670075232	8000.0	15.24588890626635	0.0	3354913	3488.3603507502016	8.0
3227.9268109281284	8000.0	15.293944985661362	0.0	3811227	3951.943920604987	8.0
3233.4595422260622	8000.0	13.761213687727185	0.0	4435580	5532.731297934177	8.0
3238.7848977314898	8000.0	12.43585818229953	0.0	4025712	5325.355505427657	8.0
3249.0827614058435	8000.0	6.137994507945985	0.0	3568902	10297.863674353544	8.0
3250.3809209143815	1500.0	8.839834999408032	0.0	633700	1298.1595085379533	1.5
3251.792667621463	1500.0	11.42808829232619	0.0	755142	1411.7467070818407	1.5
3253.0548370345246	1500.0	14.165918879264742	0.0	670327	1262.1694130614494	1.5
3254.520155744913	1500.0	16.700600168876203	0.0	785519	1465.3187103885368	1.5
3255.801223587294	1500.0	19.419532326495386	0.0	681043	1281.0678423808213	1.5
3259.3295467617218	4000.0	19.891209152067166	0.0	1955307	3528.323174428217	4.0
3262.43249610241	4000.0	20.78825981137896	0.0	2142800	3102.9493406882057	4.0
3265.36165336805	4000.0	21.859102545738686	0.0	2094647	2929.1572656402755	4.0
3268.1422581508846	4000.0	23.078497762904522	0.0	1985434	2780.604782834165	4.0
3272.5079419034355	8000.0	22.712814010353284	0.0	4074581	4365.683752551235	8.0
3275.915460318642	8000.0	23.305295595146752	0.0	3735285	3407.5184152065344	8.0
3279.862546122648	8000.0	23.35820979114134	0.0	4340973	3947.085804005412	8.0
3282.589262376677	8000.0	24.631493537112007	0.0	3682991	2726.7162540293334	8.0
3286.7425988877226	12000.0	24.47815702606657	0.0	5875126	4153.336511045438	12.0
3290.9755696193793	12000.0	24.24518629440958	0.0	5704199	4232.970731656987	12.0
3298.0193176537887	12000.0	21.201438260000184	0.0	5646381	7043.748034409398	12.0

