16378.895041844658	600.0	4.0	1.0823648717168644	247108	1082.3648717168644	-21.047297434337285
16380.23139312749	600.0	6.663648717168644	0.0	309722	1336.3512828313558	0.6
16381.481444846382	600.0	9.413596998276036	0.0	288447	1250.0517188926074	0.6
16384.475757796386	1500.0	10.419284048270965	0.0	718451	2994.3129500050704	1.5
16387.493780309316	1500.0	11.401261535341241	0.0	724296	3018.0225129297232	1.5
16390.38610900112	1500.0	12.508932843537783	0.0	689829	2892.3286918034596	1.5
16393.479649253302	1500.0	13.415392591355436	0.0	737903	3093.5402521823476	1.5
16396.746347910714	1500.0	14.148693933945664	0.0	780303	3266.6986574097714	1.5
16400.393902505275	1500.0	14.50113933938393	0.0	891463	3647.5545945617346	1.5
16403.472524211196	1500.0	15.42251763346257	0.0	763093	3078.6217059213595	1.5
16406.575599585118	1500.0	16.31944225954013	0.0	769316	3103.0753739224406	1.5
16409.490996953733	1500.0	17.404044890927064	0.0	744416	2915.3973686130685	1.5
16411.687932927012	1500.0	19.207108917646703	0.0	606092	2196.93597328036	1.5
16414.380558393623	1500.0	20.51448345103534	0.0	748011	2692.625466611365	1.5
16417.095907779116	1500.0	21.799134065543402	0.0	754517	2715.3493854919343	1.5
16420.601585735098	1500.0	22.293456109560776	0.0	934743	3505.6779559826277	1.5
16427.85888329655	4000.0	19.036158548108396	0.0	1835863	7257.297561452378	4.0
16436.631025250434	4000.0	14.264016594227478	0.0	2192675	8772.141953880919	4.0
16445.34473602172	4000.0	9.55030582294088	0.0	2082556	8713.710771286598	4.0
16453.623517223918	4000.0	5.271524620741204	0.0	2164412	8278.781202199676	4.0
16456.5865841292	1500.0	6.308457715460796	0.0	835711	2963.0669052804074	1.5
16459.44851215697	1500.0	7.4465296876896065	0.0	806394	2861.9280277711896	1.5
16462.444061005248	1500.0	8.450980839411493	0.0	809327	2995.5488482781134	1.5
16464.985026105525	1500.0	9.91001573913401	0.0	681795	2540.9651002774835	1.5
16468.151935664035	1500.0	10.74310618062565	0.0	855209	3166.9095585083587	1.5
16470.58418761622	1500.0	12.310854228442007	0.0	644861	2432.251952183645	1.5
16473.635935920312	1500.0	13.25910592434844	0.0	794014	3051.7483040935676	1.5
16477.137817557737	1500.0	13.757224286921538	0.0	914284	3501.881637426901	1.5
16479.746786914464	1500.0	15.148254930196392	0.0	675709	2608.9693567251466	1.5
16482.613558800153	1500.0	16.28148304450733	0.0	707527	2866.771885689065	1.5
16485.702388988833	1500.0	17.192652855828083	0.0	757473	3088.830188679245	1.5
16488.611540925278	1500.0	18.283500919383197	0.0	712239	2909.151936444886	1.5
16491.206586959575	1500.0	19.688454885085186	0.0	633700	2595.0460342980136	1.5
16494.27769256932	1500.0	20.617349275341162	0.0	755142	3071.1056097440214	1.5
16497.01284729527	1500.0	21.882194549391766	0.0	670327	2735.154725949398	1.5
16500.204275725235	1500.0	22.69076611942692	0.0	785519	3191.4284299648466	1.5
16502.82097958731	1500.0	24.07406225735278	0.0	681043	2616.70386207414	1.5
16506.0822681773	1500.0	24.812773667364944	0.0	866245	3261.2885899878347	1.5
16508.700908891602	1500.0	26.194132953062834	0.0	691256	2618.6407143021092	1.5
16517.45056305061	4000.0	21.44447879405485	0.0	2094647	8749.654159007989	4.0
16525.189385186997	4000.0	17.70565665766709	0.0	1985434	7738.8221363877565	4.0
16531.70443321465	4000.0	15.190608630014147	0.0	1830641	6515.048027652944	4.0
16537.598419767688	4000.0	13.296622076975734	0.0	1697030	5893.986553038414	4.0
16545.401317951466	4000.0	9.493723893197304	0.0	1910697	7802.898183778428	4.0
16554.951029150845	4000.0	4.0	0.05598730618211084	2171279	9549.711199379415	2.8802538763577834
16557.903916953197	1500.0	5.0471121976446245	0.0	763847	2952.887802355375	1.5
16560.87803227724	1500.0	6.0729968736042865	0.0	769491	2974.115324040338	1.5
16563.920375221587	1500.0	7.03065392925621	0.0	808636	3042.342944348076	1.5

