30767.145013575453	600.0	4.0	0.5675607951462537	247108	567.5607951462537	-10.751215902925074
30767.83611602699	600.0	7.308897548463474	0.0	309722	691.1024515365265	0.6
30768.485241464765	600.0	10.659772110689094	0.0	288447	649.1254377743797	0.6
30769.982793874373	1500.0	13.162219701080254	0.0	718451	1497.5524096088395	1.5
30774.14564101096	4000.0	12.999372564494646	0.0	2069289	4162.847136585608	4.0
30777.72435846343	4000.0	13.420655112024521	0.0	1863995	3578.717452470126	4.0
30780.987451030458	4000.0	14.157562544995569	0.0	2046450	3263.0925670289507	4.0
30784.26946374603	4000.0	14.875549829423855	0.0	2058614	3282.0127155717146	4.0
30790.53667666324	8000.0	12.608336912215353	0.0	3448932	6267.2129172085015	8.0
30798.02777363194	8000.0	9.117239943512214	0.0	3624869	7491.096968703139	8.0
30801.67215729265	4000.0	9.472856282804575	0.0	2094766	3644.383660707639	4.0
30804.749873365006	4000.0	10.39514021044546	0.0	1761739	3077.7160723591155	4.0
30808.65965738821	4000.0	10.485356187240942	0.0	2131310	3909.7840232045164	4.0
30812.555051596624	4000.0	10.589961978828345	0.0	1805063	3895.3942084125983	4.0
30817.195220694066	4000.0	9.949792881385944	0.0	2157416	4640.169097442402	4.0
30820.843461576085	4000.0	10.301551999366698	0.0	2231719	3648.2408820192454	4.0
30823.725690857827	4000.0	11.419322717625095	0.0	1835863	2882.229281741603	4.0
30827.152551756677	4000.0	11.99246181877656	0.0	2192675	3426.8608988485353	4.0
30830.81297176283	4000.0	12.332041812622933	0.0	2082556	3660.4200061536267	4.0
30834.77015265379	4000.0	12.374860921659085	0.0	2164412	3957.1808909638485	4.0
30841.580480402306	8000.0	9.56453317314618	0.0	3690869	6810.327748512906	8.0
30848.834660080203	8000.0	6.310353495249133	0.0	3905272	7254.179677897046	8.0
30851.87018265015	4000.0	7.274830925301774	0.0	1849252	3035.522569947359	4.0
30854.862305393905	4000.0	8.282708181547342	0.0	1822097	2992.122743754433	4.0
30857.877985988445	4000.0	9.26702758700728	0.0	1836837	3015.6805945400606	4.0
30861.210216582815	4000.0	9.934796992635855	0.0	1984579	3332.230594371426	4.0
30864.703242975957	4000.0	10.441770599492502	0.0	2068230	3493.0263931433524	4.0
30868.17499478346	4000.0	10.970018791990208	0.0	2055338	3471.751807502295	4.0
30871.945504006802	4000.0	11.199509568649189	0.0	2165436	3770.5092233410182	4.0
30875.46222705551	4000.0	11.68278651994326	0.0	2002600	3516.7230487059305	4.0
30879.54501684096	4000.0	11.599996734492938	0.0	2290706	4082.789785450321	4.0
30883.541969087793	4000.0	11.603044487655108	0.0	1947068	3996.9522468378304	4.0
30888.73984672503	4000.0	10.405166850418203	0.0	2544033	5197.877637236905	4.0
30893.032555669102	4000.0	10.112457906345295	0.0	2125133	4292.708944072909	4.0
30896.73061661093	4000.0	10.41439696451704	0.0	1828568	3698.0609418282547	4.0
30900.30831138114	4000.0	10.836702194303665	0.0	1785821	3577.6947702133743	4.0
30904.369074924725	4000.0	10.77593865072092	0.0	2096494	4060.763543582745	4.0
30908.161756583777	4000.0	10.98325699166912	0.0	1955307	3792.6816590518006	4.0
30912.646961293245	4000.0	10.498052282199325	0.0	2142800	4485.204709469793	4.0
30917.216432566238	4000.0	9.92858100920901	0.0	2094647	4569.471272990316	4.0
30921.15641781239	4000.0	9.988595763053823	0.0	1985434	3939.985246155187	4.0
30924.2444030242	4000.0	10.90061055124381	0.0	1830641	3087.9852118100134	4.0
30927.11284769686	4000.0	12.032165878586557	0.0	1697030	2868.4446726572532	4.0
30930.332009364633	4000.0	12.813004210815754	0.0	1910697	3219.1616677708016	4.0
30933.974147439214	4000.0	13.170866136231279	0.0	2171279	3642.138074584474	4.0
30940.51944630315	8000.0	10.625567272296305	0.0	3954105	6545.298863934975	8.0
30946.965983300557	8000.0	8.179030274890952	0.0	4201994	6446.536997405353	8.0
30953.623089988898	8000.0	5.521923586546862	0.0	4346302	6657.10668834409	8.0

