30034.64375063901	600.0	4.0	0.9587624466571836	247108	958.7624466571835	0.017067477	-18.57524893314367
30035.074451208	200.0	7.5692994310099575	0.0	98617	430.7005689900427	0.004705182	0.2
30035.53309985665	200.0	11.11065078236131	0.0	106476	458.6486486486486	0.004705182	0.2
30036.022879373006	200.0	14.620871266002847	0.0	115230	489.7795163584637	0.004705182	0.2
30036.450169557927	200.0	18.193581081081085	0.0	97658	427.2901849217639	0.004705182	0.2
30036.877459742853	200.0	21.76629089615932	0.0	97658	427.2901849217639	0.004705182	0.2
30037.369237836734	200.0	25.274512802275964	0.0	115792	491.7780938833571	0.004705182	0.2
30037.832146798326	200.0	28.81160384068279	0.0	107674	462.90896159317214	0.004705182	0.2
30038.251069273436	200.0	32.3926813655761	0.0	95305	418.9224751066856	0.004705182	0.2
30038.70598036874	200.0	35.93777027027026	0.0	105425	454.9110953058322	0.0055171135	0.2
30039.125116215113	200.0	39.51863442389758	0.0	95365	419.1358463726885	0.004705182	0.2
30039.544170269168	200.0	43.09958036984353	0.0	95342	419.05405405405406	0.004705182	0.2
30039.98839146405	200.0	46.65535917496444	0.0	102419	444.2211948790896	0.004894622	0.2
30040.355969700177	200.0	50.28778093883357	0.0	80867	367.5782361308677	0.004705182	0.2
30040.730244237875	200.0	53.91350640113798	0.0	82750	374.2745376955903	0.0053108316	0.2
30041.145866570732	200.0	57.49788406827881	0.0	94377	415.622332859175	0.64046484	0.2
30043.045464721516	200.0	59.59828591749645	0.0	89871	399.59815078236136	0.0069016516	0.2
30057.0989107851	12000.0	49.544839853915796	0.0	4055239	14053.446063580657	0.004705182	12.0
30057.503607004015	200.0	53.140143634996996	0.0	90919	404.6962189187983	0.019498903	0.2
30057.890293312666	200.0	56.75345732635006	0.0	85876	386.68630864693546	0.23512387	0.2
30076.70336568782	12000.0	41.94038495119439	0.0	5251330	18813.072375155665	0.013361533	12.0
30077.138146087094	200.0	45.50560455192035	0.0	97742	434.78039927404717	0.004877848	0.2
30096.10511330188	12000.0	30.538637337135416	0.0	5141915	18966.96721478493	0.40019912	12.0
30096.464680512592	200.0	34.179070126425714	0.0	85752	359.5672107097011	0.004705182	0.2
30096.85295037424	200.0	37.79080026477973	0.0	94556	388.2698616459849	0.004705182	0.2
30107.654969085186	8000.0	30.988781553831068	0.0	3253093	10802.018710948667	0.004705182	8.0
30108.042386142683	200.0	34.60136449633585	0.0	88490	387.4170574952232	0.7017621	0.2
30119.714919839662	8000.0	26.928830799357122	0.0	3354913	11672.533696978722	0.004705182	8.0
30120.116153605897	200.0	30.527597033123353	0.0	93993	401.23376623376623	0.008826354	0.2
30120.527947864273	200.0	34.11580277475015	0.0	97083	411.79425837320576	0.045759384	0.2
30120.92914403652	200.0	37.71460660250134	0.0	93982	401.19617224880386	0.0068730214	0.2
30134.305510550894	8000.0	28.338240088129286	0.0	3568902	13376.366514372055	0.08042088	8.0
30136.787579099626	1500.0	29.85617153939668	0.0	633700	2482.0685487326027	0.07981524	1.5
30137.155653838883	200.0	33.48809680013843	0.0	89422	368.0747392582451	0.0102806	0.2
30137.584302814037	200.0	37.0594478249844	0.0	108225	428.6489751540289	0.07356062	0.2
30137.94712325458	200.0	40.69662738444158	0.0	87791	362.8204405428261	0.19646509	0.2
30138.356001763015	200.0	44.287748876005224	0.0	102088	408.8785084363549	0.4446479	0.2
30138.695021615633	200.0	47.94872902338975	0.0	80403	339.01985261547134	0.3258245	0.2
30155.61382344736	12000.0	35.02992719166385	0.0	5257310	16918.8018317259	0.008497862	12.0
30156.018711035227	200.0	38.6250396037952	0.0	101968	404.8875878686501	0.05220621	0.2
30175.231290932687	12000.0	23.4124597063353	0.0	4828747	19212.5798974599	0.17529133	12.0
30182.034432261782	4000.0	20.609318377236626	0.0	1830641	6803.1413290986775	0.015173297	4.0
30188.07748503079	4000.0	18.56626560823084	0.0	1697030	6043.052769005788	0.004705182	4.0
30195.186790404317	4000.0	15.456960234705281	0.0	1910697	7109.305373525557	0.015505485	4.0
30197.524986708217	1500.0	17.118763930804626	0.0	629438	2338.1963039006564	0.024477456	1.5
30203.668672959448	4000.0	14.975077679575568	0.0	2042818	6143.686251229059	0.20638445	4.0
30208.86987792674	4000.0	13.773872712281076	0.0	1750852	5201.204967294492	0.004705182	4.0
30214.684073657034	4000.0	11.959676981991496	0.0	2034636	5814.19573028958	0.1215184	4.0

