35663.27791647975	600.0	4.0	0.6909540439472139	247108	690.9540439472139	0.0107510295	-13.219080878944279
35663.60173883658	200.0	7.676177643168403	0.0	98617	323.8223568315975	0.004705182	0.2
35663.94499191938	200.0	11.332924560373336	0.0	106476	343.25308279506754	0.004705182	0.2
35664.30988854144	200.0	14.968027938313195	0.0	115230	364.8966220601416	0.004705182	0.2
35664.631339850275	200.0	18.646576629477394	0.0	97658	321.4513088358006	0.004705182	0.2
35664.952791159114	200.0	22.325125320641593	0.0	97658	321.4513088358006	0.004705182	0.2
35665.319077279586	200.0	25.95883920017307	0.0	115792	366.28612046852305	0.004705182	0.2
35665.66529231806	200.0	29.61262416169608	0.0	107674	346.2150384769911	0.004705182	0.2
35665.980926029464	200.0	33.296990450288966	0.0	95305	315.6337114071144	0.004705182	0.2
35666.32158060189	200.0	36.9563358778626	0.0	105425	340.65457242636836	0.013249563	0.2
35666.63736265833	200.0	40.64055382142968	0.0	95365	315.7820564329203	0.004705182	0.2
35666.95308784917	200.0	44.324828630589984	0.0	95342	315.7251908396947	0.004705182	0.2
35667.2863103358	200.0	47.99160614395649	0.0	102419	333.22248663349507	0.010238834	0.2
35667.56624728916	200.0	51.71166919059245	0.0	80867	279.93695336403255	0.004705182	0.2
35667.85083980393	200.0	55.42707667583521	0.0	82750	284.59251475723954	0.012032814	0.2
35681.667400151106	12000.0	45.61051632865441	0.0	5443841	13816.560347180799	0.016438901	12.0
35681.97778323209	200.0	49.30013324766426	0.0	89871	310.3830809901466	0.004705182	0.2
35694.23987785341	12000.0	41.03803862634769	0.0	4055239	12262.094621316572	0.004705182	12.0
35694.595881344474	200.0	44.68203513528405	0.0	90919	356.00349106363603	0.004705182	0.2
35694.93657576257	200.0	48.34134071719123	0.0	85876	340.6944180928168	0.018775983	0.2
35695.36463784279	200.0	51.91327863697266	0.0	114656	428.06208021857094	0.53623474	0.2
35695.741353966194	200.0	55.536562513571155	0.0	97742	376.7161234015103	0.11531138	0.2
35715.5212432343	12000.0	39.75667324545629	0.0	5141915	19779.88926811486	0.004705182	12.0
35715.88565524898	200.0	43.39226123077997	0.0	85752	364.4120146763127	0.004705182	0.2
35716.279267321705	200.0	46.998649158061745	0.0	94556	393.6120727182273	0.004705182	0.2
35727.27077626792	8000.0	40.00714021184628	0.0	3253093	10991.508946215465	0.004705182	8.0
35742.99823295358	12000.0	28.279683526189388	0.0	5138482	15727.456685656894	0.04313696	12.0
35751.88265515312	8000.0	23.39526132665118	0.0	3354913	8884.422199538207	0.004705182	8.0
35752.206800742264	200.0	27.071115737508677	0.0	93993	324.1455891425046	0.06069456	0.2
35752.53897256602	200.0	30.738943913748162	0.0	97083	332.17182376051176	0.06586564	0.2
35752.86308958281	200.0	34.41482689696191	0.0	93982	324.11701678625934	0.07203933	0.2
35762.32620273337	8000.0	28.95171374639982	0.0	3568902	9463.113150562087	0.012018797	8.0
35764.07853775457	1500.0	31.199378725205346	0.0	633700	1752.3350211944778	0.030471824	1.5
35764.39452251433	200.0	34.883393965436916	0.0	89422	315.9847597684277	0.06188834	0.2
35764.7601284125	200.0	38.51778806726937	0.0	108225	365.60589816754356	0.02514517	0.2
35765.07180896142	200.0	42.206107518357136	0.0	87791	311.68054891223676	0.18681432	0.2
35765.421219309595	200.0	45.85669717017392	0.0	102088	349.4103481832127	0.59789175	0.2
35765.71637299626	200.0	49.561543483510455	0.0	80403	295.15368666347194	0.67156297	0.2
35780.14856937146	12000.0	39.1293471083202	0.0	5257310	14432.196375190257	0.004705182	12.0
35780.506999298406	200.0	42.77091718136273	0.0	101968	358.42992695747154	0.06831719	0.2
35795.16510366992	12000.0	32.1128128098551	0.0	4828747	14658.104371507623	0.0056766085	12.0
35801.20884248479	4000.0	30.06907399498759	0.0	1830641	6043.738814867514	0.014886638	4.0
35806.866974417004	4000.0	28.410942062774755	0.0	1697030	5658.1319322128375	0.013638084	4.0
35813.48765734383	4000.0	25.790259135945487	0.0	1910697	6620.682926829269	0.010710109	4.0
35823.87987744094	8000.0	19.39803903883895	0.0	3682991	10392.220097106538	0.0065177293	8.0
35829.83901053646	4000.0	17.438905943310576	0.0	2042818	5959.133095528374	0.06273891	4.0
35835.27462871376	4000.0	16.00328776601117	0.0	1750852	5435.618177299405	0.004705182	4.0
35840.52688787823	4000.0	14.751028601546768	0.0	2034636	5252.259164464403	0.032959983	4.0

