8934.78009258524	600.0	4.0	0.82053717924705	247108	820.5371792470501	-15.810743584941003
8935.155629577188	200.0	7.624463008053943	0.0	98617	375.5369919460573	0.2
8936.100052128228	600.0	10.680040457014423	0.0	288447	944.4225510395205	0.6
8938.333117496275	1500.0	12.446975088967971	0.0	718451	2233.0653680464507	1.5
8944.674325099459	4000.0	10.105767485782618	0.0	2069289	6341.207603185352	4.0
8947.307769633873	1500.0	11.472322951369662	0.0	689829	2633.444534412956	1.5
8954.870564987032	4000.0	7.9095275982112705	0.0	2046450	7562.795353158392	4.0
8955.756098905364	600.0	11.023993679879066	0.0	274823	885.5339183322037	0.6
8961.279531224414	4000.0	9.500561360828742	0.0	1857129	5523.432319050324	4.0
8963.596233736002	1500.0	11.183858849241735	0.0	763093	2316.702511587008	1.5
8969.721054750122	4000.0	9.059037835120256	0.0	2094766	6124.821014121478	4.0
8971.941295895833	1500.0	10.838796689408587	0.0	744416	2220.2411457116677	1.5
8973.763847152773	1500.0	13.016245432468011	0.0	606092	1822.5512569405764	1.5
8991.994240312391	8000.0	4.0	5.214147727149873	5541092	18230.393159617885	-96.28295454299746
8992.29895559948	200.0	7.695284712910945	0.0	82750	304.71528708905447	0.2
8993.259825946907	600.0	10.734414365484817	0.0	324375	960.8703474261274	0.6
8995.338565910539	1500.0	12.655674401852204	0.0	735572	2078.739963632613	1.5
9001.783485448266	4000.0	10.210754864124741	0.0	2192675	6444.919537727463	4.0
9004.033034242691	1500.0	11.961206069698138	0.0	747396	2249.548794426604	1.5
9010.203802169874	4000.0	9.790438142516011	0.0	2164412	6170.767927182125	4.0
9012.61335076828	1500.0	11.380889544108372	0.0	835711	2409.548598407638	1.5
9019.075913135877	4000.0	8.91832717651255	0.0	1950922	6462.562367595824	4.0
9020.498553199877	600.0	11.495687112510998	0.0	346141	1422.6400640015518	0.6
9027.666833573452	4000.0	8.327406738937254	0.0	1822097	7168.280373573744	4.0
9029.108246238384	600.0	10.885994074003719	0.0	346939	1441.4126649335362	0.6
9031.718725465342	1500.0	12.275514847045363	0.0	644861	2610.479226958356	1.5
9045.556603646522	4000.0	4.0	1.5623633341349377	2068230	13837.8781811803	-27.247266682698754
9046.345002488262	200.0	7.211601158259245	0.0	103756	788.3988417407554	0.2
9047.343926570122	600.0	10.212677076401055	0.0	291029	998.9240818581889	0.6
9049.657943107528	1500.0	11.898660538994546	0.0	707527	2314.0165374065086	1.5
9057.08333359294	4000.0	8.473270053583333	0.0	2290706	7425.390485411215	4.0
9058.28591997712	600.0	11.270683669403892	0.0	293409	1202.5863841794398	0.6
9067.96200039589	4000.0	5.594603250632423	0.0	2544033	9676.08041877147	4.0
9068.352783461685	200.0	9.203820184837518	0.0	89422	390.78306579490413	0.2
9070.762481747845	1500.0	10.794121898676385	0.0	670327	2409.6982861611314	1.5
9073.572525842812	1500.0	11.984077803709294	0.0	785519	2810.044094967092	1.5
9080.236542355653	4000.0	9.320061290868871	0.0	2096494	6664.016512840422	4.0
9082.80111140771	1500.0	10.755492238810934	0.0	866245	2564.569052057938	1.5
9084.863775971025	1500.0	12.692827675495288	0.0	691256	2062.664563315646	1.5
9090.917099857736	4000.0	10.639503788784873	0.0	2094647	6053.323886710415	4.0
9093.302055361582	1500.0	12.2545482849392	0.0	811013	2384.9555038456756	1.5
9099.004549374054	4000.0	10.552054272465622	0.0	1830641	5702.494012473577	4.0
9101.98767036755	1500.0	11.568933278970649	0.0	767059	2983.1209934949734	1.5
9109.263095401353	4000.0	8.293508245168999	0.0	1910697	7275.425033801651	4.0
9110.419543349417	600.0	11.137060297105007	0.0	290170	1156.4479480639925	0.6
9118.05914651789	4000.0	7.49745712863148	0.0	2042818	7639.603168473526	4.0
9119.048712545993	600.0	10.507891100528749	0.0	256094	989.5660281027326	0.6
9122.000735454383	1500.0	11.555868192140103	0.0	808636	2952.022908388644	1.5

