28977.98827334507	600.0	4.0	0.6625614428007309	247108	662.5614428007309	-12.651228856014619
28978.798448390746	600.0	7.189824954323098	0.0	309722	810.1750456769022	0.6
28980.39632898248	1500.0	9.591944362586197	0.0	643847	1597.8805917369011	1.5
28982.170089812327	1500.0	11.818183532740026	0.0	718451	1773.7608298461719	1.5
28983.95763033216	1500.0	14.030643012907408	0.0	724296	1787.5405198326164	1.5
28985.66391429515	1500.0	16.324359049920435	0.0	689829	1706.2839629869748	1.5
28987.483533556067	1500.0	18.504739789002183	0.0	737903	1819.619260918253	1.5
28990.13486761792	1500.0	19.85340572714912	0.0	780303	2651.3340618530633	1.5
28996.821957205004	4000.0	17.166316140063532	0.0	1857129	6687.089587085585	4.0
28999.17864118251	1500.0	18.809632162559556	0.0	763093	2356.6839775039775	1.5
29001.19135315337	1500.0	20.79692019170162	0.0	769316	2012.7119708579323	1.5
29003.141510168818	1500.0	22.8467631762513	0.0	744416	1950.1570154503202	1.5
29004.744163101866	1500.0	25.24411024320269	0.0	606092	1602.652933048612	1.5
29009.872132660596	4000.0	24.116140684474342	0.0	1805063	5127.969558728347	4.0
29018.417982466843	4000.0	19.570290878225265	0.0	2157416	8545.84980624908	4.0
29021.56249697641	1500.0	20.42577636866027	0.0	934743	3144.514509564994	1.5
29024.039668232723	1500.0	21.94860511234611	0.0	735572	2477.1712563141605	1.5
29026.637562969565	1500.0	23.350710375504008	0.0	772616	2597.894736842105	1.5
29029.196428676554	1500.0	24.791844668517275	0.0	747396	2558.8657069867336	1.5
29031.73789195523	1500.0	26.25038138984398	0.0	662349	2541.463278673294	1.5
29034.92361407164	1500.0	27.06465927343203	0.0	835711	3185.722116411948	1.5
29038.000386496966	1500.0	27.9878868481057	0.0	806394	3076.7724253263345	1.5
29043.94461170279	4000.0	26.04366164227902	0.0	1849252	5944.2252058266795	4.0
29046.11697014993	1500.0	27.87130319514077	0.0	681795	2172.3584471382537	1.5
29052.232313964858	4000.0	25.755959380211827	0.0	1836837	6115.343814928939	4.0
29054.605560764292	1500.0	27.38271258078082	0.0	644861	2373.24679943101	1.5
29057.509223637688	1500.0	28.4790497073811	0.0	794014	2903.662873399716	1.5
29065.072814066752	4000.0	24.91545927831844	0.0	2055338	7563.590429062661	4.0
29067.63435835486	1500.0	26.35391499021047	0.0	675709	2561.5442881079716	1.5
29070.316879412614	1500.0	27.67139393245702	0.0	707527	2682.5210577534485	1.5
29073.198249636593	1500.0	28.7900237084781	0.0	757473	2881.37022397892	1.5
29075.9123304909	1500.0	30.075942854168414	0.0	712239	2714.0808543096873	1.5
29078.335949749853	1500.0	31.65232359521735	0.0	633700	2423.6192589510665	1.5
29081.007616045117	1500.0	32.98065729995178	0.0	755142	2671.666295265567	1.5
29086.680956898155	4000.0	31.307316446911077	0.0	1828568	5673.340853040702	4.0
29091.99191193611	4000.0	29.996361408954055	0.0	1785821	5310.955037957024	4.0
29097.748659947618	4000.0	28.239613397446185	0.0	2096494	5756.748011507869	4.0
29103.611552772418	4000.0	26.37672057264654	0.0	1955307	5862.892824799644	4.0
29110.531206630112	4000.0	23.45706671495163	0.0	2142800	6919.653857694908	4.0
29113.222218568328	1500.0	24.766054776733597	0.0	725845	2691.0119382180355	1.5
29116.219597106516	1500.0	25.768676238547037	0.0	811013	2997.37853818656	1.5
29122.5666141579	4000.0	23.421659187161634	0.0	1830641	6347.017051385404	4.0
29127.86794369658	4000.0	22.12032964848117	0.0	1697030	5301.329538680461	4.0
29130.557131628048	1500.0	23.431141717015677	0.0	848035	2689.1879314654925	1.5
29132.87081165034	1500.0	25.11746169472419	0.0	629438	2313.680022291485	1.5
29135.724591637176	1500.0	26.263681707887763	0.0	763847	2853.7799868364314	1.5
29141.92818793039	4000.0	24.060085414673733	0.0	1750852	6203.596293214027	4.0
29144.30561246338	1500.0	25.682660881681333	0.0	808636	2377.4245329923997	1.5

