8999.325943165451	600.0	4.0	0.82053717924705	247108	820.5371792470501	0.03580391	-15.810743584941003
8999.701480157397	200.0	7.624463008053943	0.0	98617	375.5369919460573	0.004705182	0.2
9000.100569125369	200.0	11.225374040082414	0.0	106476	399.0889679715302	0.004705182	0.2
9000.52589221958	200.0	14.800050945870014	0.0	115230	425.3230942123993	0.004705182	0.2
9000.898555265096	200.0	18.42738790035587	0.0	97658	372.66304551414123	0.004705182	0.2
9001.271218310609	200.0	22.05472485484173	0.0	97658	372.66304551414123	0.004705182	0.2
9001.698225615348	200.0	25.627717550103014	0.0	115792	427.00730473871516	0.004705182	0.2
9002.100904768748	200.0	29.2250383967035	0.0	107674	402.67915339951304	0.004705182	0.2
9004.852455246366	1500.0	30.47348791908597	0.0	891463	2751.5504776175317	0.008960049	1.5
9022.024343462163	12000.0	17.30159970329123	0.0	5088378	17171.888215794737	0.0052554556	12.0
9022.383867891054	200.0	20.942075274397908	0.0	95365	359.5244288933262	0.004705182	0.2
9022.74332490463	200.0	24.582618260823246	0.0	95342	359.4570135746606	0.13477367	0.2
9023.123525318648	200.0	28.202417846805258	0.0	102419	380.2004140179897	0.004705182	0.2
9025.396020967797	1500.0	29.929922197658023	0.0	748011	2272.495649147233	0.004705182	1.5
9027.687586358823	1500.0	31.638356806630853	0.0	754517	2291.5653910271676	0.004705182	1.5
9030.493608174847	1500.0	32.83233499060712	0.0	934743	2806.0218160237264	0.004705182	1.5
9032.688422284209	1500.0	34.637520881247006	0.0	735572	2194.81410936012	0.004705182	1.5
9046.02318181467	12000.0	25.302761350787	0.0	4055239	13334.759530460007	0.004705182	12.0
9049.017006376072	1500.0	26.308936789383495	0.0	747396	2993.8245614035086	0.36631727	1.5
9051.201675780334	1500.0	28.12426738512291	0.0	662349	2184.6694042605864	0.004705182	1.5
9051.5930347647	200.0	31.73290840075454	0.0	114656	391.35898436837016	0.03263514	0.2
9053.862872338319	1500.0	33.46307082713652	0.0	806394	2269.8375736180183	0.004705182	1.5
9056.140674745015	1500.0	35.18526842044259	0.0	809327	2277.8024066939356	0.18605329	1.5
9058.07215219711	1500.0	37.25379096834734	0.0	681795	1931.4774520952494	0.049714886	1.5
9060.474551423165	1500.0	38.85139174229123	0.0	855209	2402.399226056111	0.005134643	1.5
9069.995536068396	8000.0	33.33040709706123	0.0	3253093	9520.984645229995	0.13455184	8.0
9072.312284851696	1500.0	35.01365831376158	0.0	794014	2316.7487832996453	0.026183996	1.5
9082.135143434392	8000.0	29.190799731066477	0.0	3354913	9822.858582695106	0.004705182	8.0
9084.836138852463	1500.0	30.489804312995737	0.0	675709	2700.995418070741	0.60824996	1.5
9087.660552535217	1500.0	31.66539063023979	0.0	707527	2824.4136827559455	0.02155675	1.5
9107.238193691277	8000.0	16.087749474179013	0.0	4025712	19577.641156060778	0.028926726	8.0
9112.101760652402	1500.0	15.224182513054002	0.0	712239	4863.566961125011	0.00631512	1.5
9114.182668433667	1500.0	17.143274731789816	0.0	633700	2080.9077812641845	0.004705182	1.5
9114.545018403078	200.0	20.7809247623781	0.0	89422	362.34996941171823	0.0049840184	0.2
9116.74157593865	1500.0	22.584367226806883	0.0	670327	2196.5575355712117	0.004705182	1.5
9122.687885720301	4000.0	20.638057445154875	0.0	1785821	5946.309781652009	0.00998515	4.0
9125.373564478761	1500.0	21.9523786866958	0.0	681043	2685.678758459074	0.004705182	1.5
9128.76782833012	1500.0	22.55811483533637	0.0	866245	3394.26385135943	0.004705182	1.5
9136.549542658886	4000.0	18.776400506570706	0.0	2142800	7781.714328765661	0.008993145	4.0
9139.152191832376	1500.0	20.173751333079817	0.0	725845	2602.649173490888	0.0093062315	1.5
9148.827719194298	8000.0	14.498223971158694	0.0	3189942	9675.527361921124	0.6771184	8.0
9154.13748016423	4000.0	13.18846300122689	0.0	1830641	5309.760969931803	0.2921285	4.0
9156.397515334842	1500.0	14.928427830613892	0.0	767059	2260.035170612999	0.6315232	1.5
9161.907849455665	4000.0	13.418093709790403	0.0	1910697	5510.33412082349	0.044174414	4.0
9170.166590137598	4000.0	9.159353027857323	0.0	2171279	8258.740681933079	0.06569287	4.0
9173.11867934582	1500.0	10.207263819636553	0.0	763847	2952.0892082207697	0.009930643	1.5
9176.053271509048	1500.0	11.2726716564091	0.0	769491	2934.592163227452	0.5370352	1.5
9183.624288980283	4000.0	7.701654185173912	0.0	2034636	7571.017471235188	0.37551555	4.0

