272.2328791642277	600.0	4.0	0.7571589566170553	247108	757.1589566170553	-14.543179132341107
274.3199149769942	1500.0	5.9129641872334595	0.0	732405	2087.035812766541	1.5
276.1642721112878	1500.0	8.068607052939866	0.0	643847	1844.3571342935927	1.5
278.21306927504	1500.0	10.01980988918766	0.0	718451	2048.797163752205	1.5
280.2778837029092	1500.0	11.954995461318443	0.0	724296	2064.8144278692175	1.5
282.3503359832217	1500.0	13.882543181005945	0.0	689829	2072.452280312498	1.5
285.15813229577657	1500.0	15.074746868451074	0.0	737903	2807.7963125548727	1.5
288.12266813053463	1500.0	16.110211033692973	0.0	780303	2964.535834758098	1.5
291.498127674918	1500.0	16.73475148930963	0.0	891463	3375.4595443833464	1.5
294.2419521288772	1500.0	17.990927035350477	0.0	763093	2743.8244539591556	1.5
296.9554686029893	1500.0	19.277410561238366	0.0	769316	2713.51647411211	1.5
299.5837475931476	1500.0	20.64913157108004	0.0	744416	2628.278990158323	1.5
301.7385169555781	1500.0	22.494362208649573	0.0	606092	2154.7693624304666	1.5
303.87364621984483	1500.0	24.359232944382857	0.0	748011	2135.129264266718	1.5
305.8044552406491	1500.0	26.42842392357859	0.0	754517	1930.8090208042681	1.5
308.17735358029364	1500.0	28.055525583933967	0.0	934743	2372.8983396446256	1.5
310.0616910479068	1500.0	30.17118811632086	0.0	735572	1884.3374676131052	1.5
312.03689640765043	1500.0	32.195982756577195	0.0	772616	1975.2053597436645	1.5
314.3453326241544	1500.0	33.88754654007323	0.0	747396	2308.436216503968	1.5
316.72256317995084	1500.0	35.51031598427682	0.0	662349	2377.2305557964105	1.5
319.7010666049053	1500.0	36.53181255932235	0.0	835711	2978.5034249544788	1.5
322.5778896344726	1500.0	37.65498952975502	0.0	806394	2876.8230295673284	1.5
325.0851921070948	1500.0	39.14768705713285	0.0	809327	2507.302472622169	1.5
327.1121000687589	1500.0	41.12077909546877	0.0	681795	2026.9079616640788	1.5
329.6342024763547	1500.0	42.59867668787297	0.0	855209	2522.1024075957957	1.5
331.55564310743387	1500.0	44.677236056793745	0.0	644861	1921.4406310792242	1.5
333.8968021273818	1500.0	46.33607703684578	0.0	794014	2341.1590199479615	1.5
336.5270617114198	1500.0	47.70581745280784	0.0	914284	2630.259584037935	1.5
338.49185172554087	1500.0	49.74102743868675	0.0	675709	1964.790014121093	1.5
340.5453933304641	1500.0	51.687485833763546	0.0	707527	2053.541604923206	1.5
342.738251892902	1500.0	53.49462727132565	0.0	757473	2192.858562437894	1.5
344.92924281752124	1500.0	55.30363634670635	0.0	712239	2190.9909246192947	1.5
347.0625021682837	1500.0	57.17037699594391	0.0	633700	2133.2593507624388	1.5
349.589247272676	1500.0	58.64363189155153	0.0	755142	2526.745104392378	1.5
352.34118222741574	1500.0	59.891696936811854	0.0	670327	2251.9349547396773	1.5
357.03199783253297	1500.0	59.200881331694625	0.0	785519	4690.8156051172255	1.5
364.9952586235862	1500.0	55.23762054064141	0.0	681043	7963.260791053219	1.5
366.1836085982012	600.0	58.04927056602641	0.0	327462	1188.3499746149944	0.6
368.31238842558315	600.0	59.92049073864445	0.0	309862	1128.7798273819596	0.6
372.3539961426249	600.0	59.878883021602654	0.0	284107	1041.6077170418007	0.6
375.2473067704808	600.0	59.73136567518194	0.0	315398	1147.5173464207144	0.6
379.1697552069412	1500.0	59.80891723872153	0.0	657685	1922.4484364604125	1.5
383.39860557637775	1500.0	59.58006686928496	0.0	767059	2228.850369436566	1.5
387.0301787801957	1500.0	59.94849366546703	0.0	848035	2631.5732038179344	1.5
391.02027987075996	1500.0	59.95839257490278	0.0	629438	1990.1010905642486	1.5
394.93500718182463	1500.0	59.56041211022758	0.0	763847	2397.9804646752013	1.5
398.95198507220687	1500.0	59.543434219845366	0.0	769491	2516.9778903822175	1.5
402.5929351721653	1500.0	59.902484119886935	0.0	808636	2640.950099958433	1.5

