813.7221300676597	600.0	4.0	0.6747154826190942	247108	674.7154826190942	-12.894309652381883
815.5648111344306	1500.0	6.1573189332290434	0.0	732405	1842.6810667709572	1.5
817.1943594264238	1500.0	8.527770641235842	0.0	643847	1629.548291993201	1.5
819.0034573641805	1500.0	10.71867270347919	0.0	718451	1809.0979377566525	1.5
820.8266224790252	1500.0	12.895507588634347	0.0	724296	1823.1651148448427	1.5
822.5668357730492	1500.0	15.15529429461049	0.0	689829	1740.2132940238566	1.5
824.3505390280835	1500.0	17.37159103957609	0.0	737903	1783.7032550344036	1.5
826.1421755562365	1500.0	19.579954511423196	0.0	780303	1791.6365281528908	1.5
828.1776475130234	1500.0	21.544482554636204	0.0	891463	2035.4719567869922	1.5
829.9315329821012	1500.0	23.790597085558456	0.0	763093	1753.8854690777478	1.5
831.6990689358172	1500.0	26.02306113184244	0.0	769316	1767.5359537160173	1.5
833.4119854025506	1500.0	28.310144665109053	0.0	744416	1712.9164667333873	1.5
835.1912453723496	1500.0	30.530884695310043	0.0	606092	1779.2599697990074	1.5
837.7385544205282	1500.0	31.98357564713143	0.0	748011	2547.309048178614	1.5
840.3073234641714	1500.0	33.41480660348825	0.0	754517	2568.7690436431853	1.5
843.4705667074146	1500.0	34.25156336024501	0.0	934743	3163.2432432432433	1.5
846.1219023448765	1500.0	35.600227722783046	0.0	735572	2651.3356374619575	1.5
848.9859160376451	1500.0	36.73621403001454	0.0	772616	2864.013692768506	1.5
851.7590529878511	1500.0	37.96307707980847	0.0	747396	2773.136950206067	1.5
854.2257349687984	1500.0	39.496395098861235	0.0	662349	2466.6819809472336	1.5
857.0417935726625	1500.0	40.68033649499707	0.0	835711	2816.0586038641645	1.5
859.7186143435189	1500.0	42.00351572414068	0.0	806394	2676.8207708563955	1.5
862.4048802185315	1500.0	43.3172498491281	0.0	809327	2686.2658750125797	1.5
864.680456348148	1500.0	45.041673719511515	0.0	681795	2275.5761296165847	1.5
867.4654671377115	1500.0	46.25666292994806	0.0	855209	2785.010789563455	1.5
869.5808526028736	1500.0	48.141277464785894	0.0	644861	2115.385465162156	1.5
872.1670121546766	1500.0	49.55511791298285	0.0	794014	2586.159551803046	1.5
875.1327819013821	1500.0	50.58934816627726	0.0	914284	2965.7697467055946	1.5
876.8650369041753	1500.0	52.85709316348413	0.0	675709	1732.2550027931254	1.5
878.6357639488017	1500.0	55.08636611885781	0.0	707527	1770.7270446263221	1.5
880.5258434039663	1500.0	57.19628666369322	0.0	757473	1890.0794551645859	1.5
882.3078303804882	1500.0	59.41429968717132	0.0	712239	1781.986976521895	1.5
884.1168619833319	1500.0	59.81999178347337	0.0	633700	1594.307903697951	1.5
888.0548801974064	1500.0	59.88197356939886	0.0	755142	2938.0182140745123	1.5
892.1718954546507	1500.0	59.76495831215463	0.0	670327	2617.0152572442344	1.5
896.0578002174392	1500.0	59.87905354936607	0.0	785519	2885.9047627885566	1.5
900.3176173772143	1500.0	59.619236389590924	0.0	681043	2259.8171597751507	1.5
904.1702113478879	1500.0	59.76664241891737	0.0	866245	2852.5939706735485	1.5
908.2466089218073	1500.0	59.69024484499796	0.0	691256	3076.3975739194047	1.5
912.0251327037897	1500.0	59.911721063015534	0.0	725845	3278.5237819824288	1.5
916.1107391173181	1500.0	59.8261146494872	0.0	811013	3585.6064135283336	1.5
920.414988994347	1500.0	59.52186477245818	0.0	657685	2804.2498770290213	1.5
924.1722857039026	1500.0	59.76456806290269	0.0	767059	3257.2967095554927	1.5
928.080524130184	1500.0	59.85632963662132	0.0	848035	2408.238426281369	1.5
932.2324489600522	1500.0	59.704404806753054	0.0	629438	1651.924829868265	1.5
935.4979410057128	1500.0	59.716814121855755	0.0	763847	1987.5906848972968	1.5
939.2435121881878	1500.0	59.97124293938076	0.0	769491	3245.5711824749956	1.5
943.6501200610699	1500.0	59.56463506649875	0.0	808636	3406.6078728820094	1.5

