25109.455703511012	600.0	4.0	0.8408444145097662	247108	840.8444145097662	0.051986583	-16.21688829019532
25109.83934480804	200.0	7.616358702973155	0.0	98617	383.641297026845	0.004705182	0.2
25110.247183930525	200.0	11.208519580486866	0.0	106476	407.83912248628883	0.004705182	0.2
25110.68197657942	200.0	14.77372693158857	0.0	115230	434.792648898297	0.004705182	0.2
25111.062665119785	200.0	18.393038391224867	0.0	97658	380.6885403637064	0.004705182	0.2
25111.44335366015	200.0	22.01234985086116	0.0	97658	380.6885403637064	0.004705182	0.2
25111.87987670451	200.0	25.57582680650438	0.0	115792	436.5230443567786	0.004705182	0.2
25112.291404463573	200.0	29.164299047435776	0.0	107674	411.52775906860387	0.004705182	0.2
25112.664848127577	200.0	32.79085538343116	0.0	95305	373.44366400461854	0.004705182	0.2
25113.069451225816	200.0	36.386252285191965	0.0	105425	404.6030982391995	0.0074565634	0.2
25113.443079629553	200.0	40.01262388145868	0.0	95365	373.628403733282	0.004705182	0.2
25113.81663721639	200.0	43.639066294621394	0.0	95342	373.5575868372943	0.004705182	0.2
25114.21198485422	200.0	47.24371865678824	0.0	102419	395.34763783315697	0.006199523	0.2
25114.54097398152	200.0	50.91472952949102	0.0	80867	328.9891272972193	0.004705182	0.2
25114.8757608573	200.0	54.579942653709246	0.0	82750	334.7868757817762	0.007164591	0.2
25115.2463472135	200.0	58.20935629750795	0.0	94377	370.5863562012894	0.3627071	0.2
25117.603059616078	200.0	59.852643894929294	0.0	89871	356.7124025786588	0.00950329	0.2
25130.204937200033	12000.0	51.25076631097354	0.0	4055239	12601.877583955758	0.004705182	12.0
25130.57040837237	200.0	54.885295138635534	0.0	90919	365.4711723380039	0.07492877	0.2
25130.920045328294	200.0	58.535658182711046	0.0	85876	349.6369559244868	0.5237348	0.2
25145.55468346658	12000.0	47.901020044424264	0.0	5251330	14634.638138286784	0.005063919	12.0
25145.85908110189	200.0	51.596622409114616	0.0	97742	304.3976353096482	0.010404302	0.2
25157.649816889258	12000.0	43.80588662175016	0.0	5141915	11790.73578736445	0.004705182	12.0
25157.92414468938	200.0	47.53155882162553	0.0	85752	274.3278001246389	0.0054745893	0.2
25158.21842376705	200.0	51.237279743952875	0.0	94556	294.2790776726531	0.004705182	0.2
25165.616156324126	8000.0	47.839547186878555	0.0	3253093	7397.7325570743205	0.004705182	8.0
25177.222284750183	12000.0	40.23341876082333	0.0	5138482	11606.128426055227	0.004705182	12.0
25185.979392063527	8000.0	35.47631144747682	0.0	3354913	8757.10731334651	0.004705182	8.0
25195.874738521805	8000.0	29.580964989200716	0.0	3811227	9895.346458276099	0.7663277	8.0
25218.063246264555	12000.0	11.39245724644967	0.0	5411094	22188.507742751044	0.68942237	12.0
25218.42016276855	200.0	15.0355407424535	0.0	93982	356.9165039961696	0.021176608	0.2
25218.84938600158	200.0	18.60631750942341	0.0	118522	429.223233030091	0.0075125494	0.2
25220.796573213836	1500.0	20.659130297166033	0.0	633700	1947.1872122573757	0.422077	1.5
25221.140053748626	200.0	24.3156497623791	0.0	89422	343.4805347869324	0.32872292	0.2
25221.534620912385	200.0	27.921082598622544	0.0	108225	394.5671637565591	0.051715903	0.2
25221.86429758634	200.0	31.591405924668155	0.0	87791	329.6766739543895	0.043375727	0.2
25222.234634776836	200.0	35.22106873417419	0.0	102088	370.3371904939654	0.17356923	0.2
25222.543300057056	200.0	38.91240345395236	0.0	80403	308.66528022183115	0.3748936	0.2
25239.062298882407	12000.0	26.393404628604333	0.0	5257310	16518.998825348022	0.57142866	12.0
25239.506145447973	200.0	29.949558063037877	0.0	101968	443.84656556645854	0.15992282	0.2
25250.018571260065	8000.0	23.43713225094457	0.0	3189942	10512.42581209331	0.25549212	8.0
25254.856782981355	4000.0	22.598920529653128	0.0	1830641	4838.211721291438	0.029192366	4.0
25258.870385774462	4000.0	22.58531773654319	0.0	1697030	4013.6027931099425	0.010188622	4.0
25263.806785287714	4000.0	21.648918223292085	0.0	1910697	4936.3995132511	0.02876148	4.0
25276.076472493627	8000.0	13.379231017380587	0.0	3682991	12269.6872059115	0.013858389	8.0
25283.731063899766	4000.0	9.72463961123946	0.0	2042818	7654.591406141125	0.39309868	4.0
25289.536895683108	4000.0	7.918807827897611	0.0	1750852	5805.8317833418505	0.007922654	4.0
25292.26138745623	1500.0	9.194316054775484	0.0	808636	2724.491773122126	0.24775991	1.5

