6059.565455551908	600.0	4.0	0.6286183690177196	247108	628.6183690177196	-11.972367380354394
6060.333086783956	600.0	7.232368767952044	0.0	309722	767.6312320479555	0.6
6061.053484191923	600.0	10.511971359984457	0.0	288447	720.3974079675858	0.6
6062.728557665219	1500.0	12.836897886688776	0.0	718451	1675.0734732956832	1.5
6067.402702558166	4000.0	12.162752993741934	0.0	2069289	4674.1448929468415	4.0
6073.511169880452	4000.0	10.05428567145599	0.0	1863995	6108.4673222859465	4.0
6081.684528737359	4000.0	5.880926814550154	0.0	2046450	8173.358856905836	4.0
6084.542952683058	1500.0	7.02250286885081	0.0	780303	2858.4239456993437	1.5
6087.797183905935	1500.0	7.7682716459733205	0.0	891463	3254.23122287749	1.5
6090.657384761552	1500.0	8.90807079035704	0.0	763093	2860.200855616281	1.5
6093.678124900596	1500.0	9.887330651312197	0.0	769316	3020.7401390448435	1.5
6096.6036838274185	1500.0	10.961771724489921	0.0	744416	2925.5589268222757	1.5
6099.000493918921	1500.0	12.564961632987902	0.0	606092	2396.810091502019	1.5
6102.079341224565	1500.0	13.486114327343566	0.0	748011	3078.8473056443363	1.5
6103.2437436983255	600.0	16.32171185358237	0.0	264113	1164.4024737611946	0.6
6107.161637408711	1500.0	16.403818143197192	0.0	934743	3917.893710385178	1.5
6110.261769308427	1500.0	17.303686243482037	0.0	735572	3100.131899715158	1.5
6113.223879567614	1500.0	18.34157598429485	0.0	772616	2962.1102591871854	1.5
6116.088773838689	1500.0	19.47668171321893	0.0	747396	2864.8942710759197	1.5
6118.6367719756245	1500.0	20.92868357628367	0.0	662349	2547.998136935259	1.5
6121.877020438457	1500.0	21.68843511345115	0.0	835711	3240.248462832523	1.5
6125.076306757147	1500.0	22.48914879476053	0.0	806394	3199.286318690617	1.5
6128.286938481152	1500.0	23.278517070755985	0.0	809327	3210.631724004545	1.5
6130.957502836988	1500.0	24.607952714920117	0.0	681795	2670.5643558358674	1.5
6133.296524166976	1500.0	26.268931384932664	0.0	855209	2339.021329987453	1.5
6135.07991451235	1500.0	28.485541039558566	0.0	644861	1783.3903453741002	1.5
6137.257290197485	1500.0	30.30816535442352	0.0	794014	2177.375685135046	1.5
6142.770933969368	4000.0	28.79452158254068	0.0	2055338	5513.643771882843	4.0
6148.587093304479	4000.0	26.97836224743033	0.0	2165436	5816.159335110347	4.0
6154.753184740202	4000.0	24.812270811706824	0.0	2002600	6166.091435723507	4.0
6162.855155281612	4000.0	20.710300270297427	0.0	2290706	8101.970541409399	4.0
6170.428922240142	4000.0	17.136533311767646	0.0	1947068	7573.76695852978	4.0
6180.855805532302	4000.0	10.709650019607489	0.0	2544033	10426.883292160157	4.0
6187.415677441433	4000.0	8.149778110476628	0.0	2125133	6559.871909130859	4.0
6189.476329703667	1500.0	10.089125848242096	0.0	670327	2060.6522622345337	1.5
6191.889234549103	1500.0	11.67622100280622	0.0	785519	2412.9048454358763	1.5
6194.37691672684	1500.0	13.188538825069687	0.0	681043	2487.682177736533	1.5
6197.519341049611	1500.0	14.046114502298021	0.0	866245	3142.424322771665	1.5
6200.043129109182	1500.0	15.522326442728444	0.0	691256	2523.788059569579	1.5
6202.599469502086	1500.0	16.965986049823115	0.0	725845	2556.34039290533	1.5
6205.080870049869	1500.0	18.484585502040154	0.0	811013	2481.4005477829596	1.5
6207.108268080812	1500.0	20.457187471097818	0.0	657685	2027.3980309423348	1.5
6209.459521319394	1500.0	22.105934232516134	0.0	767059	2351.253238581686	1.5
6215.7745186150805	4000.0	19.790936936829322	0.0	1910697	6314.997295686811	4.0
6223.604805990591	4000.0	15.960649561319558	0.0	2171279	7830.287375509764	4.0
6230.784549240585	4000.0	12.780906311324989	0.0	2042818	7179.74324999457	4.0
6237.0668045950615	4000.0	10.49865095684861	0.0	1750852	6282.255354476377	4.0
6244.404752794707	4000.0	7.160702757203364	0.0	2034636	7337.948199645247	4.0

