12546.497426184318	600.0	4.0	0.7248433448045276	247108	724.8433448045276	0.387384	-13.896866896090552
12546.834773239592	200.0	7.66265294472624	0.0	98617	337.3470552737593	0.004705182	0.2
12547.192628833021	200.0	11.304797351295809	0.0	106476	357.8555934304307	0.004705182	0.2
12547.573328521505	200.0	14.924097662812127	0.0	115230	380.6996884836821	0.004705182	0.2
12547.908173007992	200.0	18.58925317632476	0.0	97658	334.84448648736804	0.004705182	0.2
12548.24301749448	200.0	22.254408689837394	0.0	97658	334.84448648736804	0.004705182	0.2
12548.625183756123	200.0	25.872242428196305	0.0	115792	382.16626164108754	0.004705182	0.2
12548.986165603366	200.0	29.511260580953472	0.0	107674	360.9818472428359	0.004705182	0.2
12549.314869793343	200.0	33.18255639097745	0.0	95305	328.7041899760247	0.004705182	0.2
12549.669982738395	200.0	36.82744344592501	0.0	105425	355.11294505243586	0.011435498	0.2
12549.998843502017	200.0	40.498582682302285	0.0	95365	328.86076362272274	0.004705182	0.2
12550.327644245743	200.0	44.169781938577465	0.0	95342	328.8007437248218	0.004705182	0.2
12550.674912851095	200.0	47.822513333224606	0.0	102419	347.2686053528616	0.008899093	0.2
12550.965940202555	200.0	51.5314859817657	0.0	80867	291.02735145890756	0.004705182	0.2
12551.261881356959	200.0	55.23554482736125	0.0	82750	295.9411544044493	0.010624884	0.2
12565.566383427942	12000.0	44.93104275637694	0.0	5443841	14304.50207098431	0.03481779	12.0
12565.881417099077	200.0	48.61600908524259	0.0	89871	315.03367113435763	0.004705182	0.2
12576.228035508902	12000.0	42.26939067541781	0.0	4055239	10346.618409824778	0.004705182	12.0
12576.537198539196	200.0	45.96022764512432	0.0	90919	309.1630302934829	0.004705182	0.2
12576.833650594206	200.0	49.66377559011401	0.0	85876	296.4520550103184	0.05363193	0.2
12590.11880333029	12000.0	40.37862285403174	0.0	5251330	13285.152736082262	0.33821288	12.0
12590.441531294406	200.0	44.055894889916196	0.0	97742	322.72796411553804	0.021028362	0.2
12603.62025243472	12000.0	34.87717374959966	0.0	5141915	13178.721140316535	0.10446496	12.0
12603.925563544008	200.0	38.571862640313185	0.0	85752	305.3111092864767	0.004705182	0.2
12604.254006930163	200.0	42.24341925415669	0.0	94556	328.4433861564989	0.004705182	0.2
12613.999581916154	8000.0	36.49784426816556	0.0	3253093	9745.574985991132	0.0051796297	8.0
12628.099705730474	12000.0	26.397720453845068	0.0	5138482	14100.123814320488	0.074692756	12.0
12636.628240104686	8000.0	21.869186079632026	0.0	3354913	8528.534374213044	0.004705182	8.0
12636.94493866928	200.0	25.552487515038724	0.0	93993	316.69856459330146	0.014003636	0.2
12637.269418649134	200.0	29.22800753518478	0.0	97083	324.47997985394113	0.014138792	0.2
12637.586089512895	200.0	32.911336671422504	0.0	93982	316.6708637622765	0.047801923	0.2
12647.352082967467	8000.0	27.14534321685093	0.0	3568902	9765.993454571577	0.05432442	8.0
12649.28454773856	1500.0	29.21287844575948	0.0	633700	1932.4647710914492	0.041339193	1.5
12649.648601819443	200.0	32.8488243648764	0.0	89422	364.0540808830828	0.032426994	0.2
12650.072384701773	200.0	36.42504148254798	0.0	108225	423.7828823284163	0.0140343085	0.2
12650.431257818173	200.0	40.066168366147025	0.0	87791	358.87311640096095	0.12016253	0.2
12650.835546170134	200.0	43.661880014184504	0.0	102088	404.28835196251663	0.40975496	0.2
12663.063204964703	8000.0	35.43422121961641	0.0	3739359	12227.658794568097	0.2551542	8.0
12679.235381918661	12000.0	23.2620442656587	0.0	5257310	16172.17695395771	0.07881997	12.0
12679.574409941206	200.0	26.923016243113647	0.0	101968	339.0280225450504	0.14094977	0.2
12687.757779314867	8000.0	22.739646869453253	0.0	3189942	8183.3693736603955	0.69115984	8.0
12693.477758826357	4000.0	21.01966735796243	0.0	1830641	5719.979511490822	0.015179437	4.0
12699.140094352671	4000.0	19.35733183164664	0.0	1697030	5662.33552631579	0.0116728395	4.0
12705.894703833155	4000.0	16.60272235116227	0.0	1910697	6754.609480484367	0.0054739295	4.0
12708.175007081936	1500.0	18.32241910238029	0.0	629438	2280.30324878198	0.08633497	1.5
12714.63452923645	4000.0	15.862896947867565	0.0	2042818	6459.522154512728	0.02924382	4.0
12720.028851379146	4000.0	14.468574805171219	0.0	1750852	5394.3221426963455	0.004705182	4.0
12726.047768828748	4000.0	12.449657355568005	0.0	2034636	6018.917449603212	0.041667044	4.0

