8799.71532013413	600.0	4.0	0.8277216937420807	247108	827.7216937420807	-15.954433874841614
8802.011497300005	1500.0	5.703822834124478	0.0	732405	2296.1771658755224	1.5
8804.039707675027	1500.0	7.675612459103202	0.0	643847	2028.210375021276	1.5
8806.293661568023	1500.0	9.421658566106247	0.0	718451	2253.953892996955	1.5
8808.56530178967	1500.0	11.150018344459784	0.0	724296	2271.6402216464626	1.5
8810.441654062904	1500.0	13.273666071225229	0.0	689829	1876.3522732345555	1.5
8812.2784875376	1500.0	15.43683259652916	0.0	737903	1836.8334746960702	1.5
8814.216268886647	1500.0	17.49905124748224	0.0	780303	1937.7813490469175	1.5
8816.41870508741	1500.0	19.296615046717395	0.0	891463	2202.436200764847	1.5
8818.315512075193	1500.0	21.399808058934113	0.0	763093	1896.8069877832836	1.5
8820.196572062088	1500.0	23.51874807203937	0.0	769316	1881.0599868947427	1.5
8821.93103664794	1500.0	25.78428348618836	0.0	744416	1734.4645858510091	1.5
8823.358076138988	1500.0	28.357243995140866	0.0	606092	1427.039491047492	1.5
8825.100530612463	1500.0	30.614789521665013	0.0	748011	1742.454473475851	1.5
8826.857444671165	1500.0	32.85787546296323	0.0	754517	1756.9140587017823	1.5
8829.014911021126	1500.0	34.70040911300282	0.0	934743	2157.466349960412	1.5
8830.753485423144	1500.0	36.96183471098471	0.0	735572	1738.5744020181057	1.5
8832.635268862636	1500.0	39.08005127149426	0.0	772616	1881.7834394904457	1.5
8834.458237860872	1500.0	41.25708227325787	0.0	747396	1822.968998236383	1.5
8836.082872529792	1500.0	43.63244760433688	0.0	662349	1624.634668920987	1.5
8838.111797014919	1500.0	45.60352311921103	0.0	835711	2028.9244851258582	1.5
8840.072352627156	1500.0	47.64296750697357	0.0	806394	1960.5556122374617	1.5
8842.112219314608	1500.0	49.603100819522616	0.0	809327	2039.8666874509472	1.5
8843.870019308455	1500.0	51.845300825674755	0.0	681795	1757.7999938478576	1.5
8846.054566356965	1500.0	53.66075377716511	0.0	855209	2184.5470485096434	1.5
8847.721477058616	1500.0	55.993843075513254	0.0	644861	1666.9107016518503	1.5
8849.755431963411	1500.0	57.95988817071766	0.0	794014	2033.954904795595	1.5
8851.981098440387	1500.0	59.73422169374205	0.0	914284	2225.6664769756067	1.5
8856.042916422843	1500.0	59.67240371128592	0.0	675709	1561.8179824561403	1.5
8860.174510721088	1500.0	59.54080941304031	0.0	707527	1631.594298245614	1.5
8863.948620847315	1500.0	59.76669928681363	0.0	757473	1774.1101262266654	1.5
8868.184557375549	1500.0	59.53076275857975	0.0	712239	1735.9365282338924	1.5
8869.94818723983	1500.0	59.977427294021055	0.0	633700	1553.3354645586912	1.5
8874.35761489412	1500.0	59.567999639729976	0.0	755142	1909.4276542910786	1.5
8878.061567410623	1500.0	59.86404712322583	0.0	670327	1703.9525165041487	1.5
8882.064203208394	1500.0	59.86141132545476	0.0	785519	2002.635797771064	1.5
8886.2793852439	1500.0	59.64622928994902	0.0	681043	2215.182035505741	1.5
8890.075206069232	1500.0	59.85040846461689	0.0	866245	2795.820825332132	1.5
8894.321048396354	1500.0	59.60456613749562	0.0	691256	1745.842327121273	1.5
8898.134564830663	1500.0	59.791049703188065	0.0	725845	1813.51643430755	1.5
8901.925078657798	1500.0	59.77412878489688	0.0	811013	2016.9209182911904	1.5
8906.063963416163	1500.0	59.63524402653256	0.0	657685	2138.8847583643123	1.5
8910.045243791823	1500.0	59.65396365087223	0.0	767059	2481.2803756603403	1.5
8914.140303523514	1500.0	59.55890391918002	0.0	848035	2095.059731692205	1.5
8918.163017330351	1500.0	59.53619011234393	0.0	629438	1522.7138068360885	1.5
8921.436125280543	1500.0	59.70540192794718	0.0	763847	1830.7881843967568	1.5
8925.355967475469	1500.0	59.78555973302204	0.0	769491	1919.8421949251322	1.5
8929.369404816693	1500.0	59.772122391798455	0.0	808636	2013.4373412235873	1.5

