15334.163446501656	600.0	4.0	0.7647349370464661	247108	764.7349370464661	-14.694698740929322
15334.516713677493	200.0	7.646732824163073	0.0	98617	353.267175836927	0.2
15335.395998760881	600.0	10.767447740773454	0.0	288447	879.2850833896192	0.6
15337.466822612218	1500.0	12.696623889437314	0.0	718451	2070.8238513361393	1.5
15339.553842927071	1500.0	14.609603574583053	0.0	724296	2087.0203148542632	1.5
15341.545355370568	1500.0	16.61809113108536	0.0	689829	1991.512443497688	1.5
15343.670080609134	1500.0	18.493365892520043	0.0	737903	2124.725238565318	1.5
15345.987316341436	1500.0	20.176130160217326	0.0	780303	2317.2357323027168	1.5
15348.636466526961	1500.0	21.52697997469191	0.0	891463	2649.1501855254155	1.5
15350.91566102244	1500.0	23.247785479212965	0.0	763093	2279.194495478944	1.5
15353.212789881549	1500.0	24.95065662010421	0.0	769316	2297.1288591087578	1.5
15360.169853698571	4000.0	21.99359280307991	0.0	1761739	6957.0638170242955	4.0
15362.780311126227	1500.0	23.3831353754255	0.0	606092	2610.4574276544113	1.5
15366.021278357988	1500.0	24.142168143664225	0.0	748011	3240.9672317612763	1.5
15369.33313358099	1500.0	24.830312920662674	0.0	754517	3311.8552230015525	1.5
15373.416958606422	1500.0	24.746487895230324	0.0	934743	4083.8250254323502	1.5
15376.599903538096	1500.0	25.563542963557953	0.0	735572	3182.944931672368	1.5
15379.905605075031	1500.0	26.257841426621912	0.0	772616	3305.7015369360433	1.5
15383.106012141283	1500.0	27.057434360369268	0.0	747396	3200.4070662526424	1.5
15385.9328200005	1500.0	28.230626501153615	0.0	662349	2826.8078592156526	1.5
15389.43409677045	1500.0	28.729349731202486	0.0	835711	3501.2767699511296	1.5
15392.815354094606	1500.0	29.348092407046202	0.0	806394	3381.2573241562827	1.5
15396.22006864644	1500.0	29.943377855212507	0.0	809327	3404.7145518336947	1.5
15399.12418649147	1500.0	31.039260010181827	0.0	681795	2904.1178450306784	1.5
15406.385879002431	4000.0	27.77756749922112	0.0	1836837	7261.692510960707	4.0
15408.33071705911	1500.0	29.83272944254096	0.0	644861	1944.8380566801618	1.5
15410.706882472645	1500.0	31.456564029007126	0.0	794014	2376.1654135338345	1.5
15416.63669748987	4000.0	29.52674901178131	0.0	2055338	5929.815017225813	4.0
15418.502692798293	1500.0	31.6607537033596	0.0	675709	1865.9953084217134	1.5
15423.875850362636	4000.0	30.287596139015594	0.0	2002600	5373.1575643440065	4.0
15432.517097848015	4000.0	25.646348653637492	0.0	2290706	8641.2474853781	4.0
15440.698254723526	4000.0	21.465191778126275	0.0	1947068	8181.1568755112185	4.0
15443.377583049212	1500.0	22.785863452441138	0.0	633700	2679.3283256851337	1.5
15446.430834799523	1500.0	23.732611702129898	0.0	755142	3053.251750311242	1.5
15448.477684606967	1500.0	25.685761894684454	0.0	670327	2046.849807445443	1.5
15450.862526712232	1500.0	27.300919789421297	0.0	785519	2384.842105263158	1.5
15452.940819028387	1500.0	29.222627473265053	0.0	681043	2078.2923161562444	1.5
15458.614002930275	4000.0	27.54944357137738	0.0	1955307	5673.183901887672	4.0
15460.596324223705	1500.0	29.56712227794773	0.0	691256	1982.3212934296528	1.5
15466.440746652326	4000.0	27.722699849327157	0.0	2094647	5844.422428620572	4.0
15474.874608373766	4000.0	23.288838127885764	0.0	1985434	8433.861721441395	4.0
15482.782107184887	4000.0	19.381339316764844	0.0	1830641	7907.4988111209195	4.0
15486.147684097668	1500.0	20.015762403984414	0.0	767059	3365.576912780425	1.5
15489.669799751295	1500.0	20.4936467503571	0.0	848035	3522.1156536273165	1.5
15492.271460325184	1500.0	21.89198617646757	0.0	629438	2601.660573889529	1.5
15495.41159152855	1500.0	22.75185497310235	0.0	763847	3140.1312033652166	1.5
15498.145656139974	1500.0	24.01779036167769	0.0	769491	2734.064611424663	1.5
15500.484218765443	1500.0	25.679227736208546	0.0	808636	2338.5626254691456	1.5

