5308.004839884137	600.0	4.0	0.9384610039951363	247108	938.4610039951364	-18.169220079902725
5308.427438459784	200.0	7.577401424352962	0.0	98617	422.5985756470384	0.2
5308.877339449882	200.0	11.127500434253953	0.0	106476	449.9009900990099	0.2
5309.357652112728	200.0	14.64718777140872	0.0	115230	480.3126628452319	0.2
5309.776919092057	200.0	18.22792079207921	0.0	97658	419.26697932951197	0.2
5310.196186071386	200.0	21.808653812749696	0.0	97658	419.26697932951197	0.2
5312.839684421222	1500.0	23.165155462914715	0.0	737903	2643.498349834984	1.5
5313.293747301193	200.0	26.711092582942506	0.0	107674	454.0628799722078	0.2
5314.38372819402	600.0	29.62111169011638	0.0	290723	1089.980892826125	0.6
5333.287629623058	12000.0	14.717210261077616	0.0	5088378	18903.901429038764	12.0
5335.107131703227	600.0	16.897708180908563	0.0	329266	1819.502080169055	0.6
5342.9358726144765	4000.0	13.068967269659293	0.0	1761739	7828.740911249267	4.0
5345.446316724752	1500.0	14.558523159383604	0.0	606092	2510.4441102756896	1.5
5345.850595421494	200.0	18.15424446264175	0.0	80867	404.2786967418547	0.2
5346.262424995429	200.0	21.742414888706914	0.0	82750	411.82957393483713	0.2
5346.720879130768	200.0	25.283960753368568	0.0	94377	458.45413533834585	0.2
5347.1612640931735	200.0	28.84357579096255	0.0	89871	440.384962406015	0.2
5360.950694232838	12000.0	19.054145651298036	0.0	4055239	13789.430139664513	12.0
5361.427807139587	200.0	22.577032744549836	0.0	90919	477.11290674819827	0.2
5361.8828934029625	200.0	26.121946481173552	0.0	85876	455.08626337628306	0.2
5363.188689428296	600.0	28.81615045584051	0.0	280646	1305.7960253330423	0.6
5363.695603601696	200.0	32.3092362824402	0.0	97742	506.91417340030574	0.2
5364.215328432446	200.0	35.789511451691126	0.0	100675	519.7248307490719	0.2
5364.669873092852	200.0	39.33496679128493	0.0	85752	454.54466040620224	0.2
5371.397063125	4000.0	36.60777675913639	0.0	1836837	6727.1900321485255	4.0
5380.397699506764	8000.0	31.607140377372126	0.0	3253093	9000.636381764269	8.0
5381.359335651302	600.0	34.6455042328347	0.0	324657	961.6361445374158	0.6
5390.742579213377	8000.0	29.262260670759787	0.0	3354913	9383.243562074915	8.0
5392.941827277671	1500.0	31.063012606464973	0.0	675709	2199.2480642948153	1.5
5408.6458158128435	12000.0	19.359024071293103	0.0	5411094	15703.988535171871	12.0
5408.982856205315	200.0	23.02198367882118	0.0	93982	337.04039247192355	0.2
5420.440939151788	8000.0	15.563900732348264	0.0	3568902	11458.082946472916	8.0
5422.055561161358	600.0	17.949278722778885	0.0	310713	1614.6220095693782	0.6
5422.577219441957	200.0	21.42762044218003	0.0	89422	521.6582805988578	0.2
5424.0621325458305	600.0	23.942707338305972	0.0	284451	1484.9131038740545	0.6
5424.575735262299	200.0	27.429104621837382	0.0	87791	513.6027164685909	0.2
5425.159951345027	200.0	30.844888539108563	0.0	102088	584.2160827288161	0.2
5425.63706447977	200.0	34.367775404365545	0.0	80403	477.11313474301596	0.2
5426.14536761297	200.0	37.85947227116598	0.0	86718	508.30313319956787	0.2
5426.728991011643	200.0	41.27584887249334	0.0	101968	583.6233986726347	0.2
5447.446968228801	12000.0	24.55787165533476	0.0	4828747	20717.97721715858	12.0
5449.354219960903	1500.0	26.650619923233144	0.0	657685	1907.2517321016167	1.5
5454.76112464629	4000.0	25.24371523784562	0.0	1697030	5406.904685387525	4.0
5455.155861082757	200.0	28.848978801378728	0.0	96988	394.7364364668898	0.2
5457.278454734516	1500.0	30.726385149619272	0.0	629438	2122.5936517594564	1.5
5459.837219971308	1500.0	32.167619912827874	0.0	763847	2558.7652367914006	1.5
5462.364511333333	1500.0	33.64032855080164	0.0	769491	2527.2913620262307	1.5
5480.144822408195	12000.0	19.860017475939905	0.0	5646381	17780.311074861736	12.0

