14415.26007832837	600.0	4.0	0.9328317515099224	247108	932.8317515099224	-18.056635030198446
14415.68043035598	200.0	7.579647972389992	0.0	98617	420.35202761000863	0.2
14416.755933375825	600.0	10.5041449525453	0.0	288447	1075.5030198446937	0.6
14419.315488164437	1500.0	11.944590163934427	0.0	718451	2559.554788610872	1.5
14426.813265024017	4000.0	8.44681330435282	0.0	2069289	7497.776859581604	4.0
14428.209642221143	600.0	11.050436107226798	0.0	330929	1396.3771971260226	0.6
14436.350568591573	4000.0	6.909509736795715	0.0	2046450	8140.926370431083	4.0
14436.836808923586	200.0	10.423269404782888	0.0	107674	486.24033201282776	0.2
14440.28018564496	1500.0	10.979892683409561	0.0	891463	3443.3767213733263	1.5
14443.239238653825	1500.0	12.020839674543309	0.0	763093	2959.0530088662517	1.5
14451.414413036699	4000.0	7.845665291671001	0.0	2094766	8175.174382872308	4.0
14452.606412452715	600.0	10.653665875655234	0.0	285624	1191.9994160157676	0.6
14455.046066928711	1500.0	12.21401139965942	0.0	606092	2439.6544759958147	1.5
14462.153589132276	4000.0	9.106489196092246	0.0	1805063	7107.522203567171	4.0
14465.171096006257	1500.0	10.088982322111177	0.0	754517	3017.5068739810695	1.5
14468.498600939965	1500.0	10.761477388403454	0.0	934743	3327.5049337077216	1.5
14471.100706203124	1500.0	12.159372125245559	0.0	735572	2602.105263157895	1.5
14479.152337512944	4000.0	8.107740815424993	0.0	2192675	8051.631309820567	4.0
14480.539263502105	600.0	10.720814826263089	0.0	330105	1386.9259891619035	0.6
14483.241584042527	1500.0	12.018494285842928	0.0	662349	2702.3205404201617	1.5
14492.162938341726	4000.0	7.0971399866443825	0.0	2379358	8921.354299198545	4.0
14493.36782378266	600.0	9.89225454571072	0.0	310841	1204.8854409336623	0.6
14496.372766788187	1500.0	10.887311540184475	0.0	809327	3004.943005526246	1.5
14498.874290018446	1500.0	12.385788309924092	0.0	681795	2501.523230260383	1.5
14505.478162246465	4000.0	9.781916081905711	0.0	1836837	6603.87222801838	4.0
14508.175998892433	1500.0	11.08407943593838	0.0	644861	2697.8366459673307	1.5
14517.099171862996	4000.0	6.160906465376232	0.0	2068230	8923.172970562147	4.0
14517.532338692761	200.0	9.72773963560982	0.0	103756	433.16682976641283	0.2
14519.912331034166	1500.0	11.347747294206595	0.0	675709	2379.9923414032255	1.5
14526.816507500067	4000.0	8.44357082830407	0.0	2002600	6904.176465902526	4.0
14527.79176856294	600.0	11.468309765430167	0.0	240372	975.261062873903	0.6
14535.123587273805	4000.0	8.136491054566319	0.0	1947068	7331.818710863848	4.0
14536.360832088629	600.0	10.899246239742883	0.0	310713	1237.2448148234364	0.6
14539.81989102846	1500.0	11.440187299913998	0.0	755142	3459.058939828885	1.5
14548.178323215827	4000.0	7.08175511254408	0.0	1828568	8358.432187369917	4.0
14549.276771969291	600.0	9.983306359081476	0.0	275745	1098.448753462604	0.6
14551.872166244453	1500.0	11.387912083919888	0.0	681043	2595.394275161588	1.5
14559.071574255804	4000.0	8.188504072569078	0.0	1955307	7199.408011350809	4.0
14560.231162261814	600.0	11.028916066559018	0.0	309862	1159.5880060100603	0.6
14567.612236629313	4000.0	7.647841699059201	0.0	2094647	7381.0743674998175	4.0
14568.833122865522	600.0	10.42695546285012	0.0	315398	1220.8862362090795	0.6
14571.29216066621	1500.0	11.967917662162836	0.0	657685	2459.037800687285	1.5
14577.510811416798	4000.0	9.749266911575026	0.0	1697030	6218.65075058781	4.0
14580.680305588028	1500.0	10.57977274034564	0.0	848035	3169.4941712293853	1.5
14583.054907547472	1500.0	12.205170780901575	0.0	629438	2374.601959444065	1.5
14590.419077370392	4000.0	8.841000957981075	0.0	2042818	7364.1698229205	4.0
14591.373603344695	600.0	11.886474983677921	0.0	256094	954.5259743031545	0.6
14598.419839510245	4000.0	8.840238818127505	0.0	2034636	7046.236165550415	4.0

