7163.521986220826	600.0	4.0	0.5982838041554698	247108	598.2838041554697	-11.365676083109395
7164.251596498076	600.0	7.270389722750213	0.0	309722	729.6102772497871	0.6
7164.936584634669	600.0	10.585401586157174	0.0	288447	684.9881365930394	0.6
7166.523462264609	1500.0	12.998523956216816	0.0	718451	1586.8776299403555	1.5
7168.122599185367	1500.0	15.399387035459133	0.0	724296	1599.1369207576852	1.5
7172.112138413263	4000.0	15.40984780756374	0.0	1863995	3989.5392278953927	4.0
7181.172045546352	4000.0	10.34994067447421	0.0	2046450	9059.90713308953	4.0
7184.754577342272	1500.0	10.767408878553903	0.0	780303	3582.5317959203085	1.5
7187.866506599988	1500.0	11.65547962083772	0.0	891463	3111.929257716181	1.5
7190.541840330113	1500.0	12.98014589071273	0.0	763093	2675.3337301249894	1.5
7193.238338927171	1500.0	14.283647293654658	0.0	769316	2696.4985970580733	1.5
7195.093073086266	1500.0	16.428913134560467	0.0	744416	1854.7341590941928	1.5
7196.440815915768	1500.0	19.081170305057498	0.0	606092	1347.7428295029677	1.5
7198.085406079702	1500.0	21.43658014112307	0.0	748011	1644.5901639344263	1.5
7199.743604631223	1500.0	23.77838158960269	0.0	754517	1658.1985515203808	1.5
7204.815068172833	4000.0	22.706918047992907	0.0	2231719	5071.463541609781	4.0
7213.04902331385	4000.0	18.47296290697581	0.0	1835863	8233.9551410171	4.0
7218.581248846176	4000.0	16.940737374649842	0.0	2192675	5532.225532325967	4.0
7223.2485660536595	4000.0	16.27342016716605	0.0	2082556	4667.3172074837885	4.0
7227.609473101857	4000.0	15.912513118969837	0.0	2164412	4360.907048196214	4.0
7232.216517599681	4000.0	15.305468621145973	0.0	2379358	4607.044497823864	4.0
7236.1874564156715	4000.0	15.33452980515437	0.0	1950922	3970.9388159916034	4.0
7240.261467295654	4000.0	15.260518925171647	0.0	1849252	4074.010879982722	4.0
7244.276828859348	4000.0	15.245157361477853	0.0	1822097	4015.361563693795	4.0
7248.946111716618	4000.0	14.575874504206562	0.0	1836837	4669.2828572712915	4.0
7254.0965741591335	4000.0	13.42541206169251	0.0	1984579	5150.462442514052	4.0
7258.565067992773	4000.0	12.956918228053045	0.0	2068230	4468.493833639466	4.0
7262.821735336808	4000.0	12.700250884017278	0.0	2055338	4256.667344035765	4.0
7267.5968441952555	4000.0	11.92514202557107	0.0	2165436	4775.1088584462095	4.0
7272.32898212629	4000.0	11.193004094536587	0.0	2002600	4732.137931034483	4.0
7277.268046965045	4000.0	10.253939255781875	0.0	2290706	4939.064838754712	4.0
7280.97235335436	4000.0	10.549632866466412	0.0	1947068	3704.3063893154635	4.0
7285.867141265139	4000.0	9.65484495568779	0.0	2544033	4894.787910778621	4.0
7291.301975748115	4000.0	8.22001047271195	0.0	2125133	5434.834482975842	4.0
7295.971034499663	4000.0	7.550951721164019	0.0	1828568	4669.058751547932	4.0
7300.237697259011	4000.0	7.284288961815759	0.0	1785821	4266.66275934826	4.0
7305.232699017304	4000.0	6.289287203522475	0.0	2096494	4995.001758293283	4.0
7309.61984603659	4000.0	5.902140184236097	0.0	1955307	4387.147019286379	4.0
7311.206342713064	1500.0	8.315643507762303	0.0	691256	1586.4966764737933	1.5
7312.868221322631	1500.0	10.653764898194906	0.0	725845	1661.878609567397	1.5
7318.527083596895	4000.0	8.99490262393218	0.0	1985434	5658.862274262725	4.0
7326.941100929993	4000.0	4.580885290833153	0.0	1830641	8414.017333099027	4.0
7329.4669336488605	1500.0	6.055052571966696	0.0	767059	2525.832718866458	1.5
7332.250965215851	1500.0	7.271021004976521	0.0	848035	2784.031566990175	1.5
7334.337981696849	1500.0	9.184004523978494	0.0	629438	2087.0164809980274	1.5
7336.761386375673	1500.0	10.760599845154019	0.0	763847	2423.404678824477	1.5
7338.389755362657	1500.0	13.132230858170429	0.0	769491	1628.3689869835882	1.5
7342.5638477980465	4000.0	12.958138422780879	0.0	2034636	4174.09243538955	4.0

