14617.81666183189	600.0	4.0	0.5840962872297021	247108	584.096287229702	-11.081925744594042
14619.390756079136	1500.0	6.4259057527539785	0.0	732405	1574.0942472460222	1.5
14620.784193451638	1500.0	9.032468380252958	0.0	643847	1393.43737250102	1.5
14622.32982176661	1500.0	11.486840065279477	0.0	718451	1545.6283149734804	1.5
14623.887373786194	1500.0	13.929288045695634	0.0	724296	1557.5520195838435	1.5
14625.374613688275	1500.0	16.442048143614848	0.0	689829	1487.2399020807836	1.5
14626.959923765795	1500.0	18.856738066095467	0.0	737903	1585.31007751938	1.5
14628.731148385323	1500.0	21.085513446566395	0.0	780303	1771.2246195290713	1.5
14630.86787628727	1500.0	22.948785544619746	0.0	891463	2136.7279019466478	1.5
14632.708436921732	1500.0	25.108224910156878	0.0	763093	1840.5606344628698	1.5
14634.563354874148	1500.0	27.253306957741593	0.0	769316	1854.9179524152846	1.5
14636.36082509765	1500.0	29.455836734237625	0.0	744416	1797.4702235039654	1.5
14637.839162804932	1500.0	31.977499026955723	0.0	606092	1478.3377072819035	1.5
14639.430518012665	1500.0	34.38614381922239	0.0	748011	1591.3552077333395	1.5
14640.962489531956	1500.0	36.85417229993055	0.0	754517	1531.971519291831	1.5
14642.841282950605	1500.0	38.97537888128339	0.0	934743	1878.7934186471664	1.5
14644.336797239068	1500.0	41.47986459282	0.0	735572	1495.514288463389	1.5
14645.90359797033	1500.0	43.91306386155857	0.0	772616	1566.8007312614259	1.5
14650.183859861781	4000.0	43.632801970106016	0.0	2082556	4280.261891452554	4.0
14655.07680609057	4000.0	42.73985574131778	0.0	2164412	4892.946228788237	4.0
14657.015154734825	1500.0	44.8015070970639	0.0	835711	1938.3486442538879	1.5
14658.888311934665	1500.0	46.92834989722512	0.0	806394	1873.1571998387838	1.5
14660.858042975724	1500.0	48.95861885616595	0.0	809327	1969.7310410591685	1.5
14662.534659098901	1500.0	51.28200273298815	0.0	681795	1676.6161231778	1.5
14664.617373225708	1500.0	53.19928860618058	0.0	855209	2082.714126807564	1.5
14666.207497925667	1500.0	55.60916390622156	0.0	644861	1590.1246999590187	1.5
14668.146906625392	1500.0	57.669755206496724	0.0	794014	1939.4086997248407	1.5
14670.45153915686	1500.0	59.365122675029546	0.0	914284	2304.632531467179	1.5
14674.2616033261	1500.0	59.55505850578918	0.0	675709	1810.0641692403706	1.5
14678.153133306418	1500.0	59.66352852547201	0.0	707527	1891.5299803171658	1.5
14682.11460311267	1500.0	59.70205871921985	0.0	757473	1961.4698062521534	1.5
14686.288491527568	1500.0	59.52817030432132	0.0	712239	1673.8884148985273	1.5
14688.200676374485	1500.0	59.53004087231718	0.0	633700	1498.12943200414	1.5
14692.099638195516	1500.0	59.63107905128864	0.0	755142	1898.9618210285441	1.5
14695.794300365815	1500.0	59.93641688098875	0.0	670327	1694.6621702998918	1.5
14699.506245700033	1500.0	59.964283916999825	0.0	785519	1972.1329639889198	1.5
14703.90042969347	1500.0	59.57009992356068	0.0	681043	1394.1839934391433	1.5
14707.651991273868	1500.0	59.81853834316607	0.0	866245	1751.5615803946164	1.5
14711.941837870565	1500.0	59.528691746469555	0.0	691256	1789.846596696505	1.5
14715.91950286509	1500.0	59.5510267519435	0.0	725845	1977.6649945260544	1.5
14719.573232541883	1500.0	59.85069668119071	0.0	811013	2200.33007075279	1.5
14723.449082087927	1500.0	59.97484713514661	0.0	657685	1875.8495460440986	1.5
14727.623584101717	1500.0	59.800345121357275	0.0	767059	2174.5020137893375	1.5
14731.536534698082	1500.0	59.887394524992025	0.0	848035	1912.9505963652514	1.5
14735.83532764504	1500.0	59.58860157803508	0.0	629438	1298.792946956953	1.5
14738.76892572948	1500.0	59.52954989041179	0.0	763847	1559.0516876232894	1.5
14742.338221112272	1500.0	59.96025450762018	0.0	769491	1569.2953827916149	1.5
14746.483278872738	1500.0	59.81519674715374	0.0	808636	1645.0577604664384	1.5

