11840.82566203498	600.0	4.0	1.0823648717168644	247108	1082.3648717168644	-21.047297434337285
11843.876577763609	1500.0	4.949084271372072	0.0	732405	3050.915728627928	1.5
11846.568268261532	1500.0	6.2573937734509695	0.0	643847	2691.690497921103	1.5
11849.562581211538	1500.0	7.263080823445899	0.0	718451	2994.3129500050704	1.5
11852.597151877648	1500.0	8.228510157336345	0.0	724296	3034.5706661095533	1.5
11855.494361536128	1500.0	9.331300498854544	0.0	689829	2897.209658481801	1.5
11858.58790178831	1500.0	10.237760246672197	0.0	737903	3093.5402521823476	1.5
11861.79898888908	1500.0	11.026673145902095	0.0	780303	3211.0871007701026	1.5
11865.382048544754	1500.0	11.443613490230014	0.0	891463	3583.0596556720784	1.5
11868.460670250675	1500.0	12.364991784308655	0.0	763093	3078.6217059213595	1.5
11871.45920801048	1500.0	13.366454024503433	0.0	769316	2998.537759805222	1.5
11874.139276992557	1500.0	14.686385042425675	0.0	744416	2680.068982077758	1.5
11876.336212965838	1500.0	16.489449069145312	0.0	606092	2196.93597328036	1.5
11879.02883843245	1500.0	17.79682360253395	0.0	748011	2692.625466611365	1.5
11881.839744409517	1500.0	18.985917625467533	0.0	754517	2810.905977066416	1.5
11885.57411766857	1500.0	19.251544366414606	0.0	934743	3734.373259052925	1.5
11888.529832861845	1500.0	20.29582917313894	0.0	735572	2955.7151932756683	1.5
11891.637755820528	1500.0	21.18790621445549	0.0	772616	3107.9229586834485	1.5
11894.687959243196	1500.0	22.137702791788392	0.0	747396	3050.2034226670976	1.5
11897.40018000274	1500.0	23.425482032244417	0.0	662349	2712.220759543976	1.5
11900.80135334667	1500.0	24.024308688313564	0.0	835711	3401.173343930852	1.5
11904.249301863929	1500.0	24.576360171054013	0.0	806394	3447.9485172595523	1.5
11907.74896331057	1500.0	25.076698724411816	0.0	809327	3499.6614466421947	1.5
11910.70976189509	1500.0	26.115900139892315	0.0	681795	2960.7985845195026	1.5
11913.915097331446	1500.0	26.91056470353729	0.0	855209	3205.335436355023	1.5
11916.219762805044	1500.0	28.605899229939325	0.0	644861	2304.6654735979646	1.5
11919.038981848145	1500.0	29.786680186837923	0.0	794014	2819.2190431014037	1.5
11922.286529053536	1500.0	30.53913298144682	0.0	914284	3247.5472053911053	1.5
11924.805526504299	1500.0	32.02013553068318	0.0	675709	2518.9974507636434	1.5
11927.439372241659	1500.0	33.3862897933222	0.0	707527	2633.8457373609767	1.5
11930.253499974193	1500.0	34.572162060788976	0.0	757473	2814.1277325332194	1.5
11932.926526169114	1500.0	35.8991358658689	0.0	712239	2673.0261949200753	1.5
11935.378268859173	1500.0	37.44739317581042	0.0	633700	2451.7426900584796	1.5
11938.284531315312	1500.0	38.541130719670065	0.0	755142	2906.262456140351	1.5
11940.873357514143	1500.0	39.95230452083966	0.0	670327	2588.82619883041	1.5
11943.971189914011	1500.0	40.85447212097207	0.0	785519	3097.832399867592	1.5
11946.756425266543	1500.0	42.069236768439794	0.0	681043	2785.235352532274	1.5
11950.277319010336	1500.0	42.54834302464635	0.0	866245	3520.893743793446	1.5
11953.10244555164	1500.0	43.72321648334235	0.0	691256	2825.1265413040046	1.5
11956.057506204212	1500.0	44.768155830770176	0.0	725845	2955.060652572164	1.5
11959.349915968038	1500.0	45.47574606694386	0.0	811013	3292.4097638263106	1.5
11962.03499593041	1500.0	46.79066610457322	0.0	657685	2685.0799623706494	1.5
11965.00982825331	1500.0	47.81583378167163	0.0	767059	2974.8323229015855	1.5
11968.204240537838	1500.0	48.621421497144354	0.0	848035	3194.4122845272796	1.5
11970.595854373996	1500.0	50.22980766098396	0.0	629438	2391.613836160396	1.5
11973.49142542737	1500.0	51.334236607611864	0.0	763847	2895.57105337209	1.5
11976.903005998334	1500.0	51.922656036647176	0.0	769491	3411.580570964687	1.5
11980.48406837149	1500.0	52.341593663490634	0.0	808636	3581.062373156542	1.5

