18206.719718605455	600.0	4.0	0.5995778960509889	247108	599.5778960509889	-11.391557921019778
18208.339698893255	1500.0	6.380019712201853	0.0	732405	1619.9802877981472	1.5
18209.773474042737	1500.0	8.946244562717656	0.0	643847	1433.7751494841975	1.5
18211.364114163636	1500.0	11.355604441816151	0.0	718451	1590.6401209015048	1.5
18212.967044185323	1500.0	13.75267442013273	0.0	724296	1602.930021683422	1.5
18214.497502691138	1500.0	16.22221591431763	0.0	689829	1530.4585058150997	1.5
18216.12904326542	1500.0	18.590675340035478	0.0	737903	1631.5405742821476	1.5
18217.697590197786	1500.0	21.022128407668376	0.0	780303	1568.5469323671034	1.5
18219.39027695227	1500.0	23.32944165318819	0.0	891463	1692.6867544801855	1.5
18220.850738029774	1500.0	25.868980575682397	0.0	763093	1460.4610775057947	1.5
18222.322456725007	1500.0	28.39726188044807	0.0	769316	1471.7186952343266	1.5
18225.589502233517	4000.0	29.13021637193996	0.0	1761739	3267.0455085081126	4.0
18230.380073900087	4000.0	28.33964470536735	0.0	2131310	4790.571666572612	4.0
18234.905973439814	4000.0	27.813745165643514	0.0	1805063	4525.899539723834	4.0
18236.844361087788	1500.0	29.875357517670118	0.0	754517	1938.3876479733995	1.5
18238.696286303777	1500.0	32.02343230167901	0.0	934743	1851.9252159911084	1.5
18240.061942286822	1500.0	34.657776318632976	0.0	735572	1365.6559830460337	1.5
18241.492344943526	1500.0	37.22737366192895	0.0	772616	1430.4026567040266	1.5
18242.87866728737	1500.0	39.84105131808678	0.0	747396	1386.322343842171	1.5
18246.741694968652	4000.0	39.97802363680387	0.0	2164412	3863.0276812829084	4.0
18250.927829496588	4000.0	39.79188910886564	0.0	2379358	4186.134527938233	4.0
18254.361333648885	4000.0	40.35838495656817	0.0	1950922	3433.5041522974616	4.0
18257.620073885882	4000.0	41.09964471957029	0.0	1849252	3258.740236997884	4.0
18261.3320750941	4000.0	41.387643511352785	0.0	1822097	3712.0012082175067	4.0
18265.134843097137	4000.0	41.5848755083127	0.0	1836837	3802.7680030400907	4.0
18269.10983932249	4000.0	41.60987928296423	0.0	1984579	3974.996225348473	4.0
18272.867346434865	4000.0	41.852372170588694	0.0	2068230	3757.507112375534	4.0
18276.601930360895	4000.0	42.1177882445574	0.0	2055338	3734.5839260312946	4.0
18280.857994861617	4000.0	41.861723743832975	0.0	2165436	4256.0645007244275	4.0
18285.053172997294	4000.0	41.66654560815704	0.0	2002600	4195.178135675939	4.0
18289.648083411514	4000.0	41.07163519393488	0.0	2290706	4594.910414222152	4.0
18293.108776629095	4000.0	41.61094197635485	0.0	1947068	3460.6932175800325	4.0
18297.605979884655	4000.0	41.113738720793265	0.0	2544033	4497.203255561584	4.0
18301.85366113138	4000.0	40.8660574740698	0.0	2125133	4247.681246723463	4.0
18305.706870484093	4000.0	41.01284812135697	0.0	1828568	3853.2093527128277	4.0
18309.405945271392	4000.0	41.31377333405578	0.0	1785821	3699.0747873011846	4.0
18313.207422150772	4000.0	41.51229645467352	0.0	2096494	3801.476879382267	4.0
18316.75827863431	4000.0	41.96143997113753	0.0	1955307	3550.8564835359903	4.0
18320.5874255341	4000.0	42.13229307134742	0.0	2142800	3829.1468997901106	4.0
18324.240993733365	4000.0	42.47872487208102	0.0	2094647	3653.5681992663995	4.0
18327.708239318967	4000.0	43.01147928648006	0.0	1985434	3467.2455856009556	4.0
18330.770496681518	4000.0	43.9492219239289	0.0	1830641	3062.257362551158	4.0
18333.46068461711	4000.0	45.259033988336505	0.0	1697030	2690.1879355924057	4.0
18336.47951201437	4000.0	46.24020659107622	0.0	1910697	3018.827397260274	4.0
18339.91704901391	4000.0	46.802669591534425	0.0	2171279	3437.5369995417987	4.0
18343.45348419469	4000.0	47.26623441075547	0.0	2042818	3536.4351807789517	4.0
18346.49591474364	4000.0	48.223803861809266	0.0	1750852	3042.4305489462054	4.0
18350.034074079347	4000.0	48.68564452610284	0.0	2034636	3538.1593357064294	4.0

