7873.501243659777	750	4.0	3.564284252012795	450283	3564.2842520127947	-14.576422283655017
7875.026307676125	300	6.474935983653332	0.0	155580	1525.0640163466683	-0.15000000000000002
7876.335922820567	300	9.165320839210708	0.0	139857	1309.615144442623	0.3
7877.753204414877	300	11.74803924490193	0.0	155432	1417.281594308776	0.3
7881.199726561035	750	12.301517098743231	0.0	411561	3446.5221461587007	0.3
7884.816609651489	750	12.68463400828914	0.0	318564	3616.883090454092	0.75
7887.436315995259	750	14.064927664518933	0.0	352642	2619.7063437702054	0.75
7899.279499035356	750	6.221744624422339	0.0	437162	11843.183040096594	0.75
7902.626109293556	300	6.875134366222568	0.0	150710	3346.610258199771	-0.15000000000000002
7903.7978059428815	300	9.703437716896483	0.0	139105	1171.6966493260866	0.3
7904.697918241311	300	12.803325418467145	0.0	141840	900.1122984293385	0.3
7905.74106228938	300	15.760181370397538	0.0	156148	1043.1440480696049	0.3
7906.809679889833	300	18.69156376994464	0.0	160746	1068.617600452898	0.3
7909.747485281879	750	19.753758377899466	0.0	434409	2937.805392045173	0.3
7913.026324285865	1200	20.4749193739137	0.0	526950	3278.839003985767	0.75
7916.819704381215	1200	20.68153927856282	0.0	587876	3793.380095350879	1.2
7920.662056887169	1200	20.839186772609338	0.0	617242	3842.3525059534836	1.2
7924.2336543033325	1200	21.267589356444876	0.0	581493	3571.597416164458	1.2
7928.132304523776	1200	21.368939136001142	0.0	639204	3898.6502204437347	1.2
7931.977565901866	1200	21.5236777579109	0.0	586839	3845.2613780902434	1.2
7935.6023470821365	1200	21.898896577641267	0.0	601738	3624.7811802696333	1.2
7939.833032732543	1200	21.6682109272344	0.0	616206	4230.6856504068655	1.2
7944.476928883233	1200	21.02431477654377	0.0	656471	4643.8961506906335	1.2
7948.159983755573	1200	21.341259904203106	0.0	536667	3683.0548723406628	1.2
7952.550234102773	1200	20.95100955700292	0.0	587236	4390.250347200188	1.2
7956.583906548004	750	20.91733711177278	0.0	379700	4033.67244523014	0.3
7962.24467638306	750	19.25656727671595	0.0	425781	5660.769835056832	0.75
7966.630195065841	750	18.871048593935694	0.0	277716	4385.518682780255	0.75
7968.975102474676	300	20.526141185100865	0.0	153605	2344.9074088348275	-0.15000000000000002
7970.398293999248	300	23.102949660528406	0.0	149029	1423.1915245724601	0.3
7971.839094067546	300	25.66214959223037	0.0	157421	1440.8000682980369	0.3
7974.181248891853	300	27.31999476792379	0.0	157488	2342.1548243065768	0.3
7976.281243377428	300	29.220000282349044	0.0	143881	2099.9944855747485	0.3
7987.834067132703	750	21.667176527073337	0.0	412837	11552.823755275704	0.3
7992.219354895109	300	21.28188876466708	0.0	179328	4385.287762406258	-0.15000000000000002
7995.095114774509	300	22.406128885267428	0.0	159914	2875.7598793996513	0.3
7996.947741521566	300	24.55350213821092	0.0	131610	1852.6267470565099	0.3
7999.591136666204	300	25.9101069935732	0.0	124011	2643.3951446377187	0.3
8001.490890742031	300	28.010352917745816	0.0	144254	1899.7540758273847	0.3
8005.072637143975	300	28.428606515801835	0.0	149991	3581.74640194398	0.3
8008.115243911217	300	29.385999748560316	0.0	147968	3042.6067672415193	0.3
8010.642925114172	300	30.858318545605506	0.0	161857	2527.681202954811	0.3
8015.325741336134	750	30.175502323642625	0.0	372093	4682.816221962883	0.3
8019.989684160321	750	29.511559499455785	0.0	438281	4663.942824186836	0.75
8024.211875201867	750	29.289368457909678	0.0	398987	4222.19104154611	0.75
8028.506598386649	750	28.994645273127738	0.0	393804	4294.72318478194	0.75
8032.22624276425	750	29.27500089552661	0.0	331053	3719.64437760113	0.75
8035.25911120033	750	30.24213245944671	0.0	314107	3032.8684360798966	0.75

