15501.797353306378	600.0	4.0	0.6586733797787014	247108	658.6733797787015	-12.573467595574028
15502.602655103696	600.0	7.194698202681342	0.0	309722	805.3017973186581	0.6
15503.35813546199	600.0	10.439217844388502	0.0	288447	755.48035829284	0.6
15505.120591992638	1500.0	12.676761313740414	0.0	718451	1762.4565306480886	1.5
15505.42928586302	200.0	16.368067443358118	0.0	97658	308.6938703822961	0.2
15505.737979733402	200.0	20.05937357297582	0.0	97658	308.6938703822961	0.2
15506.585939454731	600.0	23.211413851648025	0.0	327938	847.9597213277912	0.6
15507.309515357781	600.0	26.487837948597853	0.0	274823	723.5759030501728	0.6
15507.612699012134	200.0	30.184654294245064	0.0	95305	303.18365435278963	0.2
15519.841531381886	12000.0	21.95582192449292	0.0	5088378	12228.832369752146	12.0
15521.777820930974	1500.0	24.0195323754053	0.0	769316	1936.289549087619	1.5
15522.667853023037	600.0	27.129500283341716	0.0	285624	890.0320920635841	0.6
15538.786277928519	12000.0	15.011075377860012	0.0	5575398	16118.424905481705	12.0
15539.572378692685	600.0	18.22497461369315	0.0	266809	786.1007641668597	0.6
15539.871373697482	200.0	21.925979608896434	0.0	82750	298.9950047967184	0.2
15540.201139154493	200.0	25.596214151884954	0.0	94377	329.76545701147904	0.2
15540.518979638797	200.0	29.2783736675818	0.0	89871	317.8404843031526	0.2
15549.91534345053	12000.0	23.882009855847688	0.0	4055239	9396.36381173411	12.0
15550.197038309385	200.0	27.600314996993493	0.0	90919	281.69485885419556	0.2
15550.46754576876	200.0	31.329807537617974	0.0	85876	270.50745937551994	0.2
15561.8133843087	8000.0	23.98396899767807	0.0	3690869	11345.838539939905	8.0
15562.223016077349	200.0	27.574337229029375	0.0	97742	409.6317686486943	0.2
15563.387109383475	600.0	30.410243922902975	0.0	346141	1164.0933061264	0.6
15564.304522276987	600.0	33.492831029391745	0.0	298925	917.4128935112233	0.6
15565.356442296596	600.0	36.44091100978184	0.0	346939	1051.9200196099032	0.6
15567.242965390758	1500.0	38.55438791561929	0.0	644861	1886.5230941625523	1.5
15583.380527109824	12000.0	26.41682619655388	0.0	5138482	16137.561719065405	12.0
15588.372022420177	4000.0	25.42533088620081	0.0	2055338	4991.495310353067	4.0
15588.676630819724	200.0	29.12072248665484	0.0	93993	304.60839954597054	0.2
15589.480095781788	600.0	32.317257524590204	0.0	302752	803.4649620646395	0.6
15590.134495686203	600.0	35.66285762017536	0.0	240372	654.3999044148395	0.6
15598.96086060031	8000.0	30.836492706069542	0.0	3568902	8826.364914105818	8.0
15608.427206082173	8000.0	25.370147224207102	0.0	3713878	9466.345481862438	8.0
15610.44300228501	1500.0	27.354351021371247	0.0	755142	2015.7962028358568	1.5
15612.241376393797	1500.0	29.555976912583294	0.0	670327	1798.3741087879519	1.5
15612.546427423198	200.0	33.250925883183314	0.0	87791	305.051029399984	0.2
15613.356885165727	600.0	36.44046814065347	0.0	284947	810.4577425298406	0.6
15615.48632432697	1500.0	38.31102897941033	0.0	866245	2129.439161243141	1.5
15628.572681783962	12000.0	29.224671522416518	0.0	5257310	13086.357456993816	12.0
15630.853754505377	1500.0	30.943598801001887	0.0	725845	2281.0727214146277	1.5
15646.917968588126	12000.0	18.87938471825257	0.0	4828747	16064.214082749319	12.0
15647.902841910132	600.0	21.89451139624589	0.0	302912	984.873322006684	0.6
15650.274237515145	1500.0	23.52311579123478	0.0	767059	2371.3956050111087	1.5
15650.643964742045	200.0	27.153388564334612	0.0	96988	369.72722690016997	0.2
15652.604252264682	1500.0	29.19310104169687	0.0	629438	1960.2875226377403	1.5
15654.95950847254	1500.0	30.83784483383756	0.0	763847	2355.256207859312	1.5
15660.037480283425	4000.0	29.75987302295442	0.0	1750852	5077.971810883141	4.0
15673.33497902866	12000.0	20.462374277720567	0.0	5646381	13297.498745233854	12.0

