15647.193283639459	600.0	4.0	0.8419587966621057	247108	841.9587966621057	-16.239175933242112
15649.531658246795	1500.0	5.661625392665112	0.0	732405	2338.374607334888	1.5
15651.596963802886	1500.0	7.596319836574225	0.0	643847	2065.305556090886	1.5
15653.892311179015	1500.0	9.30097246044441	0.0	718451	2295.3473761298155	1.5
15656.20568164289	1500.0	10.9876019965696	0.0	724296	2313.37046387481	1.5
15658.670734867006	1500.0	12.522548772453373	0.0	689829	2465.0532241162277	1.5
15661.397208461554	1500.0	13.79607517790482	0.0	737903	2726.4735945485522	1.5
15664.275748764612	1500.0	14.917534874847348	0.0	780303	2878.5403030574735	1.5
15667.608306899077	1500.0	15.584976740381805	0.0	891463	3332.558134465544	1.5
15670.739610942665	1500.0	16.45367269679706	0.0	763093	3131.3040435847456	1.5
15673.895798277097	1500.0	17.29748536236411	0.0	769316	3156.1873344329483	1.5
15676.952420459334	1500.0	18.240863180127892	0.0	744416	3056.6221822362177	1.5
15679.035833163525	1500.0	20.157450475935935	0.0	606092	2083.41270419196	1.5
15681.498223481227	1500.0	21.695060158235478	0.0	748011	2462.390317700454	1.5
15683.981335193943	1500.0	23.211948445519496	0.0	754517	2483.1117127159805	1.5
15687.038460761265	1500.0	24.15482287819726	0.0	934743	3057.1255673222395	1.5
15689.353183570529	1500.0	25.840100068934337	0.0	735572	2314.7228092629193	1.5
15695.985572349431	4000.0	23.207711290031796	0.0	2192675	6632.388778902544	4.0
15702.108460022479	4000.0	21.084823616983844	0.0	2082556	6122.887673047953	4.0
15708.357894373974	4000.0	18.83538926548954	0.0	2164412	6249.434351494302	4.0
15714.726877094428	4000.0	16.466406545034918	0.0	2379358	6368.982720454621	4.0
15720.078929482945	4000.0	15.114354156518898	0.0	1950922	5352.052388516022	4.0
15725.351543161187	4000.0	13.841740478275272	0.0	1849252	5272.613678243625	4.0
15730.374673417564	4000.0	12.81861022189802	0.0	1822097	5023.1302563772515	4.0
15735.21995408689	4000.0	11.97332955257221	0.0	1836837	4845.280669325811	4.0
15740.6315314076	4000.0	10.561752231863007	0.0	1984579	5411.5773207092025	4.0
15746.563908317617	4000.0	8.62937532184603	0.0	2068230	5932.3769100169775	4.0
15754.094478712179	4000.0	5.098804927285031	0.0	2055338	7530.5703945609985	4.0
15756.89445053466	1500.0	6.298833104803396	0.0	675709	2799.9718224816347	1.5
15759.894641706389	1500.0	7.298641933074567	0.0	707527	3000.19117172883	1.5
15763.22909068598	1500.0	7.96419295348273	0.0	757473	3334.448979591837	1.5
15766.36919380091	1500.0	8.824089838552547	0.0	712239	3140.103114930183	1.5
15769.161278834408	1500.0	10.032004805054846	0.0	633700	2792.0850334977013	1.5
15772.2955970507	1500.0	10.897686588764842	0.0	755142	3134.318216290005	1.5
15775.086864556639	1500.0	12.106419082824198	0.0	670327	2791.2675059406447	1.5
15778.344048438534	1500.0	12.849235200929257	0.0	785519	3257.1838818949395	1.5
15780.532747863122	1500.0	14.660535776340323	0.0	681043	2188.6994245889337	1.5
15782.904514981201	1500.0	16.288768658262377	0.0	866245	2371.767118077947	1.5
15784.813325272717	1500.0	18.379958366746592	0.0	691256	1908.8102915157829	1.5
15786.813645394417	1500.0	20.379638245047435	0.0	725845	2000.3201216991583	1.5
15789.039288862183	1500.0	22.15399477728283	0.0	811013	2225.643467764605	1.5
15795.126080218637	4000.0	20.06720342082755	0.0	1830641	6086.79135645528	4.0
15800.875648208645	4000.0	18.317635430820232	0.0	1697030	5749.567990007319	4.0
15807.115709464386	4000.0	16.077574175077505	0.0	1910697	6240.061255742727	4.0
15814.508163054237	4000.0	12.685120585227217	0.0	2171279	7392.453589850288	4.0
15821.925805829958	4000.0	9.267477809505202	0.0	2042818	7417.642775722016	4.0
15829.060359342928	4000.0	6.132924296536175	0.0	1750852	7134.553512969027	4.0
15831.726960136095	1500.0	7.466323503368936	0.0	808636	2666.600793167239	1.5

