25531.612617845978	600.0	4.0	0.7284604156074199	247108	728.4604156074199	0.32317498	-13.969208312148398
25531.951408418547	200.0	7.661209427432714	0.0	98617	338.7905725672861	0.004705182	0.2
25532.310822566255	200.0	11.301795279723146	0.0	106476	359.41414770956686	0.004705182	0.2
25532.693208946668	200.0	14.919408899312788	0.0	115230	382.38638041035904	0.004705182	0.2
25533.02948291298	200.0	18.58313493300093	0.0	97658	336.2739663118532	0.004705182	0.2
25533.36575687929	200.0	22.24686096668908	0.0	97658	336.2739663118532	0.004705182	0.2
25533.7496180592	200.0	25.86299978678388	0.0	115792	383.8611799052009	0.004705182	0.2
25534.11217599658	200.0	29.500441849403813	0.0	107674	362.5579373800659	0.004705182	0.2
25536.531551765387	1500.0	31.081066080595694	0.0	891463	2419.375768808122	0.65585184	1.5
25550.479757353718	12000.0	21.13286049226381	0.0	5088378	13948.205588331886	0.004705182	12.0
25550.825587768883	200.0	24.787030077099782	0.0	95365	345.8304151640273	0.004705182	0.2
25553.235866943316	1500.0	26.376750902668203	0.0	744416	2410.27917443158	0.123050556	1.5
25553.665472046465	200.0	29.947145799517134	0.0	102419	429.6051031510678	0.004705182	0.2
25556.29879186811	1500.0	31.31382597787141	0.0	748011	2633.3198216457236	0.004705182	1.5
25558.954319783967	1500.0	32.658298062013664	0.0	754517	2655.527915857743	0.004705182	1.5
25562.218306863077	1500.0	33.39431098290525	0.0	934743	3263.987079108406	0.004705182	1.5
25564.531288307317	1500.0	35.081329538667404	0.0	735572	2312.9814442378474	0.004705182	1.5
25577.238948222384	12000.0	26.373669623598488	0.0	4055239	12707.659915068918	0.004705182	12.0
25579.744328204128	1500.0	27.868289641852215	0.0	747396	2505.3799817462736	0.0054460224	1.5
25581.97372157194	1500.0	29.63889627403962	0.0	662349	2229.3933678125954	0.004705182	1.5
25584.530084912534	1500.0	31.08253293344709	0.0	835711	2556.3633405925293	0.202846	1.5
25586.946866163667	1500.0	32.66575168231513	0.0	806394	2416.7812511319594	0.004705182	1.5
25589.372146708454	1500.0	34.24047113752576	0.0	809327	2425.2805447893656	0.018468369	1.5
25591.42786301229	1500.0	36.18475483368977	0.0	681795	2055.716303835984	0.58340514	1.5
25594.073699934477	1500.0	37.53891791150168	0.0	855209	2645.836922188103	0.01727542	1.5
25604.19588801311	8000.0	31.416729832869155	0.0	3253093	10122.18807863252	0.07262329	8.0
25606.515899297603	1500.0	33.096718548376515	0.0	794014	2320.011284492639	0.004705182	1.5
25616.369269766936	8000.0	27.243348079045894	0.0	3354913	9853.370469330617	0.0060556876	8.0
25618.55596397376	1500.0	29.05665387222191	0.0	675709	2186.694206823983	0.007819255	1.5
25620.841858866486	1500.0	30.770758979492122	0.0	707527	2285.894892729788	0.07863976	1.5
25633.199922635893	8000.0	22.412695210086394	0.0	4025712	12358.063769405728	0.004705182	8.0
25635.17491518046	1500.0	24.437702665516998	0.0	712239	1974.992544569396	0.004705182	1.5
25636.921505140686	1500.0	26.691112705294767	0.0	633700	1746.5899602222298	0.006089781	1.5
25648.41183601094	8000.0	19.200781835039283	0.0	4271839	11490.33087025548	0.014911265	8.0
25650.321612006846	1500.0	21.2910058391338	0.0	670327	1909.775995905485	0.005353577	1.5
25663.564352250894	8000.0	12.048265595086878	0.0	4086583	13242.740244046921	0.6113789	8.0
25664.062062097702	200.0	15.550555748278704	0.0	102088	497.7098468081738	0.028076518	0.2
25668.44317927744	1500.0	15.169438568536897	0.0	866245	4381.117179741807	0.004705182	1.5
25671.955433497897	1500.0	15.657184348080095	0.0	691256	3512.2542204568026	0.36432233	1.5
25675.014250222295	1500.0	16.598367623684005	0.0	725845	3058.81672439609	0.004705182	1.5
25677.502424819577	1500.0	18.11019302640095	0.0	811013	2488.174597283052	0.048240162	1.5
25683.018223201285	4000.0	16.59439464469209	0.0	1830641	5515.798381708857	0.19468583	4.0
25685.26181688867	1500.0	18.350800957310597	0.0	767059	2243.593687381497	0.33798736	1.5
25697.150517360045	8000.0	10.462100485932456	0.0	4340973	11888.700471378139	0.11899349	8.0
25699.114145834217	1500.0	12.498472011761955	0.0	629438	1963.6284741705012	0.40954798	1.5
25705.202188322124	4000.0	10.410429523856964	0.0	2042818	6088.0424879049915	0.13844168	4.0
25709.780058011598	4000.0	9.832559834380067	0.0	1750852	4577.8696894768955	0.65356696	4.0
25715.141294907524	4000.0	8.471322938452559	0.0	2034636	5361.236895927507	0.16116549	4.0

