35178.92202313702	600.0	4.0	0.5388554517495503	247108	538.8554517495503	-10.177109034991007
35180.36202777927	1500.0	6.559995357743864	0.0	732405	1440.0046422561365	1.5
35181.637588853955	1500.0	9.284434283061568	0.0	643847	1275.5610746822956	1.5
35183.051682279365	1500.0	11.870340857656823	0.0	718451	1414.093425404747	1.5
35184.47662929962	1500.0	14.44539383740498	0.0	724296	1424.9470202518426	1.5
35185.83757446297	1500.0	17.08444867405559	0.0	689829	1360.9451633493877	1.5
35187.287788354915	1500.0	19.634234782104105	0.0	737903	1450.2138919514884	1.5
35188.81673491094	1500.0	22.105288226077874	0.0	780303	1528.9465560262288	1.5
35192.49403678606	4000.0	22.42798635095328	0.0	1857129	3677.301875124595	4.0
35199.62239200989	8000.0	19.299631127124208	0.0	3624869	7128.35522382907	8.0
35208.03041111714	8000.0	14.891612019868647	0.0	4206014	8408.01910725556	8.0
35215.25344017354	8000.0	11.668582963476958	0.0	4205514	7223.02905639169	8.0
35222.706312508264	8000.0	8.215710628752793	0.0	4206019	7452.872334724166	8.0
35226.21835823558	4000.0	8.70366490142929	0.0	1805063	3512.045727323502	4.0
35230.26605308745	4000.0	8.655970049564843	0.0	2157416	4047.694851864448	4.0
35233.891981985165	4000.0	9.030041151848854	0.0	2231719	3625.928897715988	4.0
35236.888944050705	4000.0	10.033079086307644	0.0	1835863	2996.9620655412114	4.0
35240.526931142835	4000.0	10.395091994181122	0.0	2192675	3637.9870921265206	4.0
35244.30522588856	4000.0	10.616797248459795	0.0	2082556	3778.294745721326	4.0
35248.22888412736	4000.0	10.693139009653164	0.0	2164412	3923.658238806633	4.0
35252.64249551177	4000.0	10.279527625249552	0.0	2379358	4413.611384403612	4.0
35256.33878801498	4000.0	10.583235122034658	0.0	1950922	3696.2925032148937	4.0
35259.846621697805	4000.0	11.075401439214355	0.0	1849252	3507.8336828203023	4.0
35263.685287833076	4000.0	11.236735303947636	0.0	1822097	3838.666135266718	4.0
35267.60257412745	4000.0	11.319449009571159	0.0	1836837	3917.2862943764776	4.0
35271.81575347514	4000.0	11.106269661887811	0.0	1984579	4213.179347683347	4.0
35276.17608615742	4000.0	10.745936979604565	0.0	2068230	4360.332682283245	4.0
35280.509738031025	4000.0	10.412285106003138	0.0	2055338	4333.651873601428	4.0
35286.819377342246	4000.0	8.10264579477846	0.0	2165436	6309.639311224677	4.0
35292.654880860835	4000.0	6.26714227619318	0.0	2002600	5835.50351858528	4.0
35294.87539092795	1500.0	8.046632209079085	0.0	757473	2220.510067114094	1.5
35296.968076198165	1500.0	9.953946938856548	0.0	712239	2092.685270222536	1.5
35298.83882151784	1500.0	12.083201619181521	0.0	633700	1870.7453196750266	1.5
35301.052744513254	1500.0	13.869278623773537	0.0	755142	2213.922995407983	1.5
35302.6011284323	1500.0	16.320894704720672	0.0	670327	1548.3839190528672	1.5
35304.38819858511	1500.0	18.533824551919317	0.0	785519	1787.0701528013583	1.5
35309.0242466666	4000.0	17.897776470425256	0.0	2096494	4636.048081494058	4.0
35312.9886604041	4000.0	17.933362732928632	0.0	1955307	3964.413737496623	4.0
35316.845268101664	4000.0	18.07675503536744	0.0	2142800	3856.607697561191	4.0
35320.617007873865	4000.0	18.305015263165902	0.0	2094647	3771.7397722015376	4.0
35324.23338060343	4000.0	18.688642533597292	0.0	1985434	3616.3727295686112	4.0
35327.58709566195	4000.0	19.33492747508671	0.0	1830641	3353.715058510579	4.0
35330.701875646526	4000.0	20.2201474905107	0.0	1697030	3114.7799845760082	4.0
35338.90459994289	8000.0	16.01742319414111	0.0	4340973	8202.724296369594	8.0
35345.7863317145	8000.0	13.13569142253123	0.0	3682991	6881.73177160988	8.0
35352.987751575485	8000.0	9.93427156155246	0.0	3954105	7201.419860978767	8.0
35360.198991525416	8000.0	6.723031611617163	0.0	4201994	7211.239949935299	8.0
35363.938743931125	4000.0	6.98327920591037	0.0	2034636	3739.752405706792	4.0

