29244.210048095214	600.0	4.0	0.8831298624794328	247108	883.1298624794329	-17.062597249588656
29244.610564863786	200.0	7.599483231428629	0.0	98617	400.5167685713705	0.2
29245.628051304706	600.0	10.58199679050966	0.0	288447	1017.4864409189706	0.6
29248.04310097055	1500.0	12.166947124662295	0.0	718451	2415.049665847366	1.5
29254.80365074575	4000.0	9.406397349462917	0.0	2069289	6760.549775199377	4.0
29257.035961348116	1500.0	11.174086747095568	0.0	689829	2232.3106023673486	1.5
29263.501016241742	4000.0	8.709031853470249	0.0	2046450	6465.05489362532	4.0
29264.446657951423	600.0	11.76339014378957	0.0	274823	945.6417096806799	0.6
29270.421486844236	4000.0	9.788561250977061	0.0	1857129	5974.828892812507	4.0
29272.923667890518	1500.0	11.286380204693808	0.0	763093	2502.1810462832545	1.5
29279.415249731996	4000.0	8.794798363219387	0.0	2094766	6491.581841474422	4.0
29280.362320653712	600.0	11.847727441502695	0.0	285624	947.0709217166926	0.6
29287.426294315923	4000.0	8.783753779290524	0.0	2131310	7063.97366221217	4.0
29288.479783324405	600.0	11.730264770807445	0.0	266809	1053.4890084830795	0.6
29296.57517839853	4000.0	7.634869696687505	0.0	2157416	8095.395074119939	4.0
29297.92804836468	600.0	10.281999730532604	0.0	324375	1352.8699661549028	0.6
29300.894483838267	1500.0	11.315564256946494	0.0	735572	2966.435473586109	1.5
29309.225496543797	4000.0	6.984551551416802	0.0	2192675	8331.012705529693	4.0
29309.63608103612	200.0	10.573967059097923	0.0	90919	410.5844923188801	0.2
29312.124403915856	1500.0	12.085644179359717	0.0	662349	2488.3228797382058	1.5
29320.785960805035	4000.0	7.424087290178373	0.0	2379358	8661.556889181344	4.0
29321.982687947126	600.0	10.227360148091073	0.0	310841	1196.7271420873	0.6
29324.97027551673	1500.0	11.239772578484462	0.0	809327	2987.5875696066105	1.5
29330.726684142355	4000.0	9.483363952860023	0.0	1822097	5756.408625624439	4.0
29333.45828944427	1500.0	10.751758650945444	0.0	855209	2731.6053019145807	1.5
29335.590490652154	1500.0	12.61955744305879	0.0	644861	2132.201207886654	1.5
29344.67135560524	4000.0	7.538692489978414	0.0	2068230	9080.864953080376	4.0
29346.011755222044	600.0	10.198292873169846	0.0	302611	1340.3996168085673	0.6
29348.70073323792	1500.0	11.509314857291084	0.0	675709	2688.9780158787617	1.5
29356.54018698336	4000.0	7.669861111855245	0.0	2002600	7839.45374543584	4.0
29357.58042667176	600.0	10.629621423450171	0.0	240372	1040.2396884050736	0.6
29360.505683837448	1500.0	11.704364257765562	0.0	712239	2925.2571656846103	1.5
29369.97160384426	4000.0	6.238444250953599	0.0	2544033	9465.920006811963	4.0
29370.35078039111	200.0	9.859267704103758	0.0	89422	379.1765468498421	0.2
29372.673473655857	1500.0	11.536574439356668	0.0	670327	2322.6932647470885	1.5
29379.0540122801	4000.0	9.156035815113373	0.0	1785821	6380.538624243293	4.0
29381.706959317948	1500.0	10.503088777263027	0.0	681043	2652.947037850346	1.5
29385.059590424655	1500.0	11.150457670559524	0.0	866245	3352.6311067035017	1.5
29393.274805369347	4000.0	6.935242725865334	0.0	2142800	8215.214944694191	4.0
29393.742295394048	200.0	10.467752701164592	0.0	101968	467.49002470074106	0.2
29396.861107641438	1500.0	11.34894045377248	0.0	811013	3118.812247392112	1.5
29402.888609265872	4000.0	9.321438829341032	0.0	1830641	6027.501624431448	4.0
29405.460678791536	1500.0	10.749369303675016	0.0	767059	2572.069525666017	1.5
29408.230187012417	1500.0	11.979861082795418	0.0	848035	2769.508220879598	1.5
29415.04479280868	4000.0	9.165255286536816	0.0	2171279	6814.605796258602	4.0
29417.546243380842	1500.0	10.663804714372628	0.0	763847	2501.450572164189	1.5
29420.268953091494	1500.0	11.941095003717523	0.0	769491	2722.7097106551046	1.5
29427.324006309664	4000.0	8.886041785548716	0.0	2034636	7055.053218168807	4.0

