5128.796993580103	600.0	4.0	0.5984129231898879	247108	598.4129231898879	-11.368258463797758
5129.083884199776	200.0	7.713109380326752	0.0	98617	286.89061967324886	0.2
5129.387262376158	200.0	11.40973120394409	0.0	106476	303.3781763826606	0.2
5129.709005748041	200.0	15.08798783206147	0.0	115230	321.7433718826213	0.2
5129.993884462016	200.0	18.8031091180867	0.0	97658	284.8787139747725	0.2
5130.27876317599	200.0	22.518230404111925	0.0	97658	284.8787139747725	0.2
5130.601685579159	200.0	26.195308000944063	0.0	115792	322.92240316785984	0.2
5132.318699189417	1500.0	28.478294390685235	0.0	780303	1717.0136102588306	1.5
5133.008612912438	600.0	31.78838066766318	0.0	290723	689.9137230220543	0.6
5145.15464387579	12000.0	23.642349704312313	0.0	5088378	12146.030963350868	12.0
5147.319758303313	1500.0	25.477235276788726	0.0	769316	2165.1144275235883	1.5
5147.658168345154	200.0	29.13882523494772	0.0	95342	338.4100418410042	0.2
5149.366038592613	1500.0	31.430954987488715	0.0	606092	1707.8702474590032	1.5
5150.093721680414	600.0	34.7032718996885	0.0	266809	727.6830878002155	0.6
5152.005323689184	1500.0	36.7916698909191	0.0	754517	1911.6020087694014	1.5
5152.87274915686	600.0	39.92424442324299	0.0	324375	867.4254676761086	0.6
5153.1709124376475	200.0	43.62608114245526	0.0	89871	298.1632807877289	0.2
5164.043635763453	12000.0	36.75335781665058	0.0	4055239	10872.723325804684	12.0
5177.68921282081	12000.0	27.107780759292442	0.0	5385367	13645.57705735813	12.0
5178.4619028947645	600.0	30.33509068533804	0.0	310849	772.6900739544019	0.6
5192.283757347629	12000.0	20.51323623247305	0.0	5251330	13821.854452864987	12.0
5193.068742109562	600.0	23.72825147054129	0.0	310841	784.9847619317618	0.6
5204.958982299731	12000.0	15.838011280371362	0.0	5141915	11890.240190169929	12.0
5205.738027886483	600.0	19.058965693619147	0.0	298925	779.0455867522179	0.6
5206.039150089379	200.0	22.75784349072229	0.0	94556	301.12220289685615	0.2
5206.636917376244	600.0	26.160076203857532	0.0	221407	597.7672868647599	0.6
5218.761422087599	12000.0	18.035571492502545	0.0	5138482	12124.504711354986	12.0
5219.08487004994	200.0	21.712123530161477	0.0	103756	323.4479623410714	0.2
5219.84772614532	600.0	24.94926743478232	0.0	291029	762.8560953791556	0.6
5231.801911816669	12000.0	16.99508176343209	0.0	5411094	11954.185671350231	12.0
5232.59843757354	600.0	20.198556006562036	0.0	240372	796.5257568700513	0.6
5233.553061513922	600.0	23.24393206618011	0.0	293409	954.6239403819283	0.6
5235.522060116624	1500.0	25.274933463478664	0.0	633700	1968.998602701444	1.5
5235.868618477127	200.0	28.92837510297564	0.0	89422	346.55836050302753	0.2
5236.271226767764	200.0	32.525766812337544	0.0	108225	402.60829063809973	0.2
5237.173196027196	600.0	35.62379755290577	0.0	275745	901.9692594317653	0.6
5237.5575105125245	200.0	39.2394830675774	0.0	102088	384.3144853283652	0.2
5238.613643162734	600.0	42.183350417367805	0.0	327462	1056.1326502095949	0.6
5253.915784031678	12000.0	30.881209548424046	0.0	5257310	15302.140868943763	12.0
5254.617368858905	600.0	34.17962472119619	0.0	284107	701.5848272278515	0.6
5265.910183949989	12000.0	26.886809630112385	0.0	4828747	11292.815091083805	12.0
5266.2508444875175	200.0	30.546149092584752	0.0	101713	340.6605375276292	0.2
5270.6798338202525	4000.0	30.117159759849386	0.0	1697030	4428.989332735368	4.0
5275.269524096741	4000.0	29.527469483360882	0.0	1910697	4589.690276488506	4.0
5276.804115349847	1500.0	31.99287823025556	0.0	629438	1534.5912531053211	1.5
5277.550210444884	600.0	35.2467831352183	0.0	288236	746.095095037264	0.6
5292.508070843746	12000.0	24.28892273635661	0.0	5704199	14957.86039886169	12.0
5307.066378880141	12000.0	13.730614699961379	0.0	5646381	14558.30803639523	12.0

