17884.561547004672	600.0	4.0	1.0886812766283134	247108	1088.6812766283133	-21.173625532566266
17885.044096179354	200.0	7.517450825318264	0.0	98617	482.54917468173585	0.2
17886.301520982273	600.0	10.260026022399673	0.0	288447	1257.4248029185906	0.6
17889.3141984831	1500.0	11.24734852157053	0.0	718451	3012.677500829145	1.5
17897.085621243205	4000.0	7.475925761466784	0.0	2069289	7771.4227601037455	4.0
17898.259330240973	600.0	10.302216763697636	0.0	330929	1173.7089977691483	0.6
17900.778074354	1500.0	11.78347265066781	0.0	737903	2518.7441130298275	1.5
17908.24185587464	4000.0	8.31969113002894	0.0	2058614	7463.78152063887	4.0
17909.439752534094	600.0	11.121794470572079	0.0	290723	1197.8966594568612	0.6
17918.795840145664	4000.0	5.765706859006555	0.0	2373154	9356.087611565523	4.0
17919.255185296446	200.0	9.306361708222179	0.0	95365	459.3451507843771	0.2
17922.296340854213	1500.0	10.265206150456722	0.0	744416	3041.1555577654576	1.5
17924.738286556014	1500.0	11.823260448656173	0.0	606092	2441.9457018005487	1.5
17930.716823818842	4000.0	9.844723185825057	0.0	1805063	5978.537262831117	4.0
17933.262414571043	1500.0	11.299132433624415	0.0	754517	2545.5907522006414	1.5
17940.04570459896	4000.0	8.515842405707998	0.0	2231719	6783.290027916417	4.0
17941.12743056191	600.0	11.434116442755924	0.0	340687	1081.725962952073	0.6
17948.027607998232	4000.0	8.53393900643478	0.0	2192675	6900.1774363211425	4.0
17949.210278200117	600.0	11.351268804551651	0.0	330105	1182.670201883129	0.6
17956.766009213203	4000.0	7.795537791465287	0.0	2164412	7555.731013086365	4.0
17957.9426842651	600.0	10.618862739566397	0.0	280646	1176.6750518988888	0.6
17961.17381480607	1500.0	11.387732198596803	0.0	806394	3231.1305409695938	1.5
17968.514269895117	4000.0	8.0472771095502	0.0	1849252	7340.4550890466035	4.0
17969.774974941032	600.0	10.786572063633342	0.0	298925	1260.705045916856	0.6
17973.232911151168	1500.0	11.32863585350201	0.0	855209	3457.9362101313322	1.5
17981.04603694416	4000.0	7.515510060507009	0.0	1984579	7813.125792995001	4.0
17982.384184060687	600.0	10.177362943981226	0.0	324657	1338.1471165257828	0.6
17986.014396557945	1500.0	10.547150446726029	0.0	914284	3630.212497255197	1.5
17988.775914490383	1500.0	11.785632514288904	0.0	675709	2761.517932437125	1.5
17996.654350080255	4000.0	7.907196924417613	0.0	2002600	7878.435589871291	4.0
17997.535690247776	600.0	11.025856756896673	0.0	240372	881.3401675209402	0.6
18004.106728294202	4000.0	8.454818710474203	0.0	1947068	6571.03804642247	4.0
18005.222567774137	600.0	11.338979230539211	0.0	310713	1115.839479934992	0.6
18013.874242365517	4000.0	6.6873046391583415	0.0	2125133	8651.67459138087	4.0
18014.401649543255	200.0	10.159897461420181	0.0	108225	527.4071777381598	0.2
18017.442344730647	1500.0	11.119202274030478	0.0	785519	3040.695187389704	1.5
18024.383862925668	4000.0	8.177684079009307	0.0	2096494	6941.518195021172	4.0
18025.5355981518	600.0	11.025948852875569	0.0	327462	1151.7352261337371	0.6
18033.762820531952	4000.0	6.798726472721024	0.0	2142800	8227.222380154544	4.0
18034.2392553864	200.0	10.322291618271882	0.0	101968	476.4348544491423	0.2
18037.396028401545	1500.0	11.165518603126555	0.0	811013	3156.7730151453275	1.5
18043.838357832225	4000.0	8.723189172451228	0.0	1830641	6442.329430675326	4.0
18045.06199099685	600.0	11.499556007822777	0.0	329059	1223.6331646284511	0.6
18052.380707198015	4000.0	8.180839806658108	0.0	1910697	7318.71620116467	4.0
18053.595125416265	600.0	10.96642158841054	0.0	290170	1214.4182182475688	0.6
18056.66138158594	1500.0	11.900165418738448	0.0	763847	3066.256169672091	1.5
18062.916154764593	4000.0	9.645392240083451	0.0	1750852	6254.7731786549975	4.0
18065.824047752874	1500.0	10.737499251798784	0.0	808636	2907.8929882846655	1.5

