8686.885709496133	600.0	4.0	0.9207715045188729	247108	920.7715045188729	0.014507185	-17.815430090377458
8687.301248464766	200.0	7.584461031366295	0.0	98617	415.5389686337055	0.004705182	0.2
8687.743527252645	200.0	11.142182243487508	0.0	106476	442.27878787878785	0.004705182	0.2
8688.2155910485	200.0	14.670118447634238	0.0	115230	472.06379585326954	0.004705182	0.2
8688.627867071891	200.0	18.257842424242423	0.0	97658	412.2760233918129	0.004705182	0.2
8689.040143095282	200.0	21.84556640085061	0.0	97658	412.2760233918129	0.004705182	0.2
8689.514119065512	200.0	25.371590430622007	0.0	115792	473.9759702286018	0.004705182	0.2
8689.960473983108	200.0	28.925235513024987	0.0	107674	446.35491759702285	0.004705182	0.2
8690.364744052222	200.0	32.52096544391281	0.0	95305	404.2700691121744	0.004705182	0.2
8690.803446869873	200.0	36.082262626262626	0.0	105425	438.7028176501861	0.006013429	0.2
8691.207921085715	200.0	39.67778841041999	0.0	95365	404.4742158426369	0.004705182	0.2
8691.61231704531	200.0	43.27339245082403	0.0	95342	404.39595959595965	0.004705182	0.2
8692.040792111764	200.0	46.84491738437002	0.0	102419	428.4750664540138	0.0052250284	0.2
8692.395937672636	200.0	50.489771823498145	0.0	80867	355.1455608718766	0.004705182	0.2
8692.757490038399	200.0	54.12821945773525	0.0	82750	361.5523657628921	0.0057734586	0.2
8696.01790215961	1500.0	54.86780733652312	0.0	934743	3260.4121212121213	0.783595	1.5
8696.403683339835	200.0	58.482026156299845	0.0	89871	385.7811802232855	0.004705182	0.2
8712.92930123786	12000.0	45.95640825827376	0.0	4055239	16525.617898026077	0.004705182	12.0
8713.238807737924	200.0	49.64690175821065	0.0	90919	309.5065000631074	0.004705182	0.2
8713.535584211482	200.0	53.350125284652655	0.0	85876	296.7764735579957	0.0870198	0.2
8730.020818324027	12000.0	40.8648911721089	0.0	5251330	16485.234112543763	0.07265267	12.0
8730.348364346977	200.0	44.53734514915678	0.0	97742	327.54602295211714	0.013203089	0.2
8747.048280913172	12000.0	31.83742858296091	0.0	5141915	16699.916566195865	0.044464193	12.0
8747.483830940382	200.0	35.40187855575108	0.0	85752	435.55002720982657	0.004705182	0.2
8747.95588463444	200.0	38.9298248616932	0.0	94556	472.0536940578921	0.004705182	0.2
8757.173340792548	8000.0	33.71236870358523	0.0	3253093	9217.456158107969	0.004705182	8.0
8773.569617106577	12000.0	21.316092389555525	0.0	5138482	16396.276314029703	0.16431396	12.0
8784.338767471714	8000.0	14.546942024418971	0.0	3354913	10769.150365136553	0.01019069	8.0
8784.763356065532	200.0	18.122353430600946	0.0	93993	424.5885938180235	0.010978503	0.2
8785.199272936508	200.0	21.686436559625072	0.0	97083	435.9168709758724	0.0061610164	0.2
8785.623821203126	200.0	25.26188829300729	0.0	93982	424.54826661778526	0.006472463	0.2
8786.138335787366	200.0	28.747373708766972	0.0	118522	514.5145842403135	0.44282627	0.2
8788.541549132002	1500.0	30.344160364129802	0.0	633700	2403.21334463717	0.087857865	1.5
8788.926554203981	200.0	33.959155292150236	0.0	89422	385.00507197956375	0.024343204	0.2
8789.369071475681	200.0	37.5166380204507	0.0	108225	442.51727169953523	0.014450281	0.2
8789.743141734862	200.0	41.142567761270534	0.0	87791	374.07025918017	0.02659428	0.2
8790.165102125096	200.0	44.7206073710348	0.0	102088	421.9603902357326	0.67556006	0.2
8790.514425074474	200.0	48.371284421656576	0.0	80403	349.3229493782188	0.3461971	0.2
8806.856780275288	12000.0	36.02892922084358	0.0	5257310	16342.355200813001	0.08549034	12.0
8807.22785752774	200.0	39.65785196839042	0.0	101968	371.0772524531668	0.23745915	0.2
8823.73646953726	12000.0	27.149239958870233	0.0	4828747	16508.612009520184	0.06985717	12.0
8829.613650755202	4000.0	25.27205874092835	0.0	1830641	5877.181217941881	0.00903981	4.0
8836.406088024985	4000.0	22.47962147114516	0.0	1697030	6792.437269783194	0.0080850385	4.0
8843.773726511741	4000.0	19.111982984389556	0.0	1910697	7367.6384867556	0.010402242	4.0
8856.116980539124	8000.0	10.768728957005578	0.0	3682991	12343.254027383979	0.36643267	8.0
8862.83020638648	4000.0	8.055503109651106	0.0	2042818	6713.2258473544725	0.50577384	4.0
8869.022982855013	4000.0	5.862726641116585	0.0	1750852	6192.776468534521	0.024675533	4.0
8871.30448386685	1500.0	7.581225629279785	0.0	808636	2281.5010118368004	0.004773718	1.5

