4765.1810510077285	600.0	4.0	0.8712203321993196	247108	871.2203321993196	-16.82440664398639
4765.576814866043	200.0	7.604236141685011	0.0	98617	395.76385831498897	0.2
4765.997742622697	200.0	11.183308385031017	0.0	106476	420.9277566539924	0.2
4766.973294353736	600.0	14.207756653992394	0.0	279692	975.5517310386232	0.6
4767.365987569666	200.0	17.815063438062836	0.0	97658	392.6932159295577	0.2
4769.6547656365055	1500.0	19.52628537122273	0.0	689829	2288.778066840104	1.5
4770.105522490618	200.0	23.07552851711026	0.0	115792	450.75685411246747	0.2
4770.530286148813	200.0	26.65076485891535	0.0	107674	424.763658194917	0.2
4771.541158272086	600.0	29.639892735641386	0.0	290723	1010.8721232739643	0.6
4774.064521890257	1500.0	31.116529117470485	0.0	763093	2523.3636181709026	1.5
4774.4498731009835	200.0	34.73117790674405	0.0	95365	385.3512107264359	0.2
4774.8351506675235	200.0	38.345900340204125	0.0	95342	385.277566539924	0.2
4775.767393833424	600.0	41.41365717430459	0.0	294430	932.2431658995399	0.6
4780.597559622898	4000.0	40.5834913848309	0.0	1805063	4830.1657894736845	4.0
4781.372593833424	600.0	43.80845717430458	0.0	264113	775.0342105263159	0.6
4782.306212254477	600.0	46.87483875325195	0.0	324375	933.6184210526317	0.6
4783.282756991319	600.0	49.89829401640984	0.0	340687	976.5447368421053	0.6
4794.081303102668	12000.0	43.099747905059814	0.0	4055239	10798.546111350028	12.0
4808.471879164942	12000.0	32.70917184278646	0.0	5385367	14390.576062273352	12.0
4810.086737665072	1500.0	35.09431334265611	0.0	662349	1614.858500130348	1.5
4822.88388338578	12000.0	26.29716762194835	0.0	5251330	12797.14572070776	12.0
4827.77395684875	4000.0	25.40709415897845	0.0	1950922	4890.073462969899	4.0
4840.645225242153	12000.0	16.535825765575765	0.0	5141915	12871.268393402683	12.0
4841.5393465739435	600.0	19.641704433785748	0.0	298925	894.1213317900184	0.6
4841.876869553449	200.0	23.304181454280062	0.0	94556	337.5229795056853	0.2
4842.55987084711	600.0	26.621180160619	0.0	221407	683.0012936610608	0.6
4843.524073202935	600.0	29.65697780479412	0.0	324657	964.2023558248792	0.6
4844.428233344557	600.0	32.75281766317228	0.0	302611	904.1601416218425	0.6
4845.300849944271	600.0	35.88020106345824	0.0	291029	872.6165997140329	0.6
4858.357256234391	12000.0	26.82379477333853	0.0	5411094	13056.406290119712	12.0
4858.658696460586	200.0	30.522354547143497	0.0	93982	301.4402261950343	0.2
4867.148048573215	8000.0	26.033002434513918	0.0	3568902	8489.352112629578	8.0
4875.988486137715	8000.0	21.19256487001443	0.0	3713878	8840.437564499485	8.0
4876.279418173687	200.0	24.901632834042147	0.0	89422	290.93203597228364	0.2
4890.581506126933	12000.0	14.599544880797076	0.0	5768811	14302.08795324507	12.0
4890.877357990167	200.0	18.303693017562345	0.0	87791	295.8518632347292	0.2
4892.6318394346545	1500.0	20.549211573075215	0.0	681043	1754.4814444871304	1.5
4892.909526411219	200.0	24.271524596509714	0.0	80403	277.68697656550137	0.2
4907.088867599845	12000.0	14.092183407884528	0.0	5257310	14179.341188625185	12.0
4907.454237455191	200.0	17.726813552538285	0.0	101968	365.369855346242	0.2
4915.987247936833	8000.0	13.19380307089568	0.0	3189942	8533.010481642606	8.0
4916.336681886603	200.0	16.844369121126633	0.0	101713	349.4339497690436	0.2
4920.608147123459	4000.0	16.57290388426969	0.0	1697030	4271.465236856944	4.0
4921.3560321331115	600.0	19.82501887461732	0.0	278938	747.8850096523652	0.6
4922.130810876957	600.0	23.050240130771638	0.0	290170	774.7787438456819	0.6
4924.03975480345	1500.0	25.141296204279264	0.0	763847	1908.9439264923756	1.5
4928.316171433413	4000.0	24.864879574316735	0.0	1750852	4276.416629962529	4.0
4942.000073320003	12000.0	15.180977687726195	0.0	5646381	13683.901886590542	12.0

