22065.47092619503	600.0	4.0	0.8091203481724636	247108	809.1203481724635	-15.582406963449271
22067.71197071242	1500.0	5.758955482609818	0.0	732405	2241.0445173901817	1.5
22069.69171474665	1500.0	7.7792114483826955	0.0	643847	1979.7440342271234	1.5
22071.891586394933	1500.0	9.579339800095894	0.0	718451	2199.8716482867994	1.5
22074.108704382612	1500.0	11.362221812414708	0.0	724296	2217.1179876811866	1.5
22076.207690849216	1500.0	13.263235345811486	0.0	689829	2098.9864666032204	1.5
22078.431900649077	1500.0	15.039025545949514	0.0	737903	2224.209799861974	1.5
22080.779317016084	1500.0	16.691609178945043	0.0	780303	2347.4163670044677	1.5
22083.449743807698	1500.0	18.02118238732832	0.0	891463	2670.426791616723	1.5
22085.736168994274	1500.0	19.734757200755144	0.0	763093	2286.4251865731762	1.5
22087.96562172364	1500.0	21.505304471386932	0.0	769316	2229.4527293682117	1.5
22090.125504376523	1500.0	23.345421818503894	0.0	744416	2159.882652883037	1.5
22091.898912681623	1500.0	25.57201351340139	0.0	606092	1773.408305102504	1.5
22094.068839688924	1500.0	27.402086506102123	0.0	748011	2169.92700729927	1.5
22096.26145261478	1500.0	29.209473580245934	0.0	754517	2192.6129258561896	1.5
22098.98290227921	1500.0	30.488023915816402	0.0	934743	2721.44966442953	1.5
22101.141523261194	1500.0	32.32940293383124	0.0	735572	2158.6209819851642	1.5
22103.404825274618	1500.0	34.06610092040842	0.0	772616	2263.302013422819	1.5
22105.596859184894	1500.0	35.874067010129366	0.0	747396	2192.033910279053	1.5
22107.6206062497	1500.0	37.85031994532267	0.0	662349	2023.747064806695	1.5
22110.19442847358	1500.0	39.27649772144263	0.0	835711	2573.8222238800404	1.5
22112.6807666436	1500.0	40.790159551425106	0.0	806394	2486.3381700175314	1.5
22115.175857098297	1500.0	42.29506909672705	0.0	809327	2495.0904546980496	1.5
22117.270137760974	1500.0	44.200788434049805	0.0	681795	2094.280662677246	1.5
22119.829228983002	1500.0	45.64169721201882	0.0	855209	2559.091222030981	1.5
22121.778560625364	1500.0	47.69236556965991	0.0	644861	1949.3316423589092	1.5
22124.160258967604	1500.0	49.310667227418776	0.0	794014	2381.6983422411454	1.5
22126.890597585232	1500.0	50.580328609790364	0.0	914284	2730.3386176284084	1.5
22129.05267738881	1500.0	52.41824880621361	0.0	675709	2162.0798035767507	1.5
22131.31354199542	1500.0	54.157384199601914	0.0	707527	2260.864606611698	1.5
22133.728358979315	1500.0	55.742567215707325	0.0	757473	2414.816983894583	1.5
22136.003747744053	1500.0	57.46717845096972	0.0	712239	2275.3887647376127	1.5
22138.06440505558	1500.0	59.40652113944449	0.0	633700	2060.6573115252268	1.5
22141.558638360937	1500.0	59.912287834085426	0.0	755142	2494.23330535907	1.5
22145.781713132146	1500.0	59.689213062874934	0.0	670327	2223.0747712104867	1.5
22149.824900493335	1500.0	59.646025701685	0.0	785519	2543.1873611899373	1.5
22153.956080374366	1500.0	59.51484582065194	0.0	681043	2131.1798810330547	1.5
22157.645055602137	1500.0	59.82587059288295	0.0	866245	2688.9752277689936	1.5
22161.94965786587	1500.0	59.52126832915094	0.0	691256	2304.6022637320093	1.5
22165.86977231739	1500.0	59.601153877631646	0.0	725845	2420.1144515193037	1.5
22169.47610005807	1500.0	59.99482613695454	0.0	811013	2606.327740677103	1.5
22173.875548152682	1500.0	59.59537804234219	0.0	657685	1899.4480946123524	1.5
22177.57757318899	1500.0	59.89335300603263	0.0	767059	2202.0250363095656	1.5
22181.610704336556	1500.0	59.860221858469956	0.0	848035	2533.131147562674	1.5
22185.534367128315	1500.0	59.93655906670794	0.0	629438	1923.662791762014	1.5
22189.3616385242	1500.0	59.619204009499704	0.0	763847	2317.355057208238	1.5
22193.276746347812	1500.0	59.70409618588662	0.0	769491	2415.107823613087	1.5
22197.310644119265	1500.0	59.670198414430956	0.0	808636	2533.8977714556663	1.5

