16972.703747617783	600.0	4.0	0.5643830246006077	247108	564.3830246006078	-10.687660492012155
16972.97705742862	200.0	7.726690189160051	0.0	98617	273.309810839949	0.2
16973.622473482723	600.0	11.081274135058317	0.0	288447	645.4160541017347	0.6
16977.721091536238	4000.0	10.982656081544643	0.0	2050098	4098.618053513673	4.0
16979.220862191927	1500.0	13.482885425855141	0.0	724296	1499.7706556895032	1.5
16986.432077129306	8000.0	10.271670488475818	0.0	4224313	7211.214937379321	8.0
16987.623491903047	1500.0	13.080255714732303	0.0	737903	1191.4147737435162	1.5
16994.557406444794	8000.0	10.146341172983611	0.0	4421520	6933.914541748692	8.0
16996.144847577747	1500.0	12.558900040030746	0.0	891463	1587.441132952864	1.5
17000.23779029599	4000.0	12.46595732178936	0.0	2373154	4092.942718241387	4.0
17003.9386212328	4000.0	12.765126384977831	0.0	2094766	3700.8309368115274	4.0
17007.276350007967	4000.0	13.427397609811985	0.0	1761739	3337.7287751658464	4.0
17015.08252878975	8000.0	9.621218828028352	0.0	4206019	7806.178781783634	8.0
17016.509340848763	1500.0	12.194406769016165	0.0	748011	1426.8120590121873	1.5
17020.47382100361	4000.0	12.229926614171065	0.0	2157416	3964.4801548450987	4.0
17024.443543124613	4000.0	12.26020449316563	0.0	2231719	3969.722121005433	4.0
17027.46045401887	4000.0	13.243293598908712	0.0	1835863	3016.910894256919	4.0
17034.384709424336	8000.0	10.319038193440385	0.0	4260556	6924.255405468328	8.0
17035.704146417764	1500.0	12.99960120001156	0.0	747396	1319.4369934288263	1.5
17039.373478313868	4000.0	13.330269303906585	0.0	2164412	3669.331896104973	4.0
17046.781808602133	8000.0	9.921939015642032	0.0	3690869	7408.330288264553	8.0
17049.119350595414	1500.0	11.584397022360958	0.0	806394	2337.5419932810755	1.5
17054.27434269043	4000.0	10.429404927344619	0.0	1849252	5154.992095016339	4.0
17055.772330237713	1500.0	12.931417380061989	0.0	681795	1497.9875472826297	1.5
17059.672557714282	4000.0	13.031189903492075	0.0	1836837	3900.227476569913	4.0
17066.259778077565	8000.0	10.443969540210098	0.0	3253093	6587.220363281976	8.0
17067.805458411676	1500.0	12.898289206099944	0.0	794014	1545.6803341101547	1.5
17071.679432430457	4000.0	13.024315187317784	0.0	2055338	3873.9740187821594	4.0
17080.4780659418	8000.0	8.225681675976446	0.0	3811227	8798.633511341339	8.0
17081.33393037464	600.0	11.369817243135367	0.0	302752	855.8644328410802	0.6
17086.353443592656	4000.0	10.350304025121707	0.0	2290706	5019.51321801366	4.0
17087.621127177856	1500.0	13.08262043992108	0.0	712239	1267.6835852006254	1.5
17093.894149376916	8000.0	10.809598240859067	0.0	3713878	6273.022199062011	8.0
17095.247199025252	1500.0	13.456548592524516	0.0	755142	1353.0496483345523	1.5
17101.738703186064	8000.0	10.965044431711805	0.0	3707853	6491.504160812709	8.0
17103.17699822551	1500.0	13.52674939226514	0.0	785519	1438.295039446666	1.5
17110.917189877022	8000.0	9.78655774075457	0.0	4018228	7740.191651510567	8.0
17112.703950461215	1500.0	11.999797156561286	0.0	866245	1786.7605841932861	1.5
17116.859174190038	4000.0	11.844573427740894	0.0	2142800	4155.223728820392	4.0
17120.719528375972	4000.0	11.984219241804556	0.0	2094647	3860.3541859363368	4.0
17124.382778313935	4000.0	12.320969303843494	0.0	1985434	3663.249937961062	4.0
17127.454495369664	4000.0	13.24925224811216	0.0	1830641	3071.7170557313357	4.0
17133.347659586805	8000.0	11.356088030971637	0.0	3735285	5893.164217140523	8.0
17136.481972013364	4000.0	12.221775604410778	0.0	1910697	3134.312426560859	4.0
17140.30878650862	4000.0	12.394961109156249	0.0	2171279	3826.81449525453	4.0
17143.913925421475	4000.0	12.789822196300339	0.0	2042818	3605.1389128559103	4.0
17146.942558785555	4000.0	13.761188832223104	0.0	1750852	3028.633364077234	4.0
17154.034136926308	8000.0	10.669610691468918	0.0	4346302	7091.5781407541845	8.0

