5797.861797212266	600.0	4.0	1.4562628794207741	247108	1456.2628794207742	0.0049877926	-28.52525758841548
5798.4910425478265	200.0	7.370754664438875	0.0	98617	629.2453355611251	0.004705182	0.2
5799.164058420843	200.0	10.697738791423003	0.0	106476	673.0158730158731	0.004705182	0.2
5799.885829515245	200.0	13.975967697020328	0.0	115230	721.7710944026734	0.004705182	0.2
5800.509733720202	200.0	17.35206349206349	0.0	97658	623.9042049568366	0.004705182	0.2
5801.133637925159	200.0	20.728159287106653	0.0	97658	623.9042049568366	0.004705182	0.2
5801.858539066902	200.0	24.003258145363404	0.0	115792	724.9011417432471	0.004705182	0.2
5802.538227176064	200.0	27.32357003620161	0.0	107674	679.6881091617934	0.004705182	0.2
5803.149026396337	200.0	30.712770815928707	0.0	95305	610.7992202729044	0.004705182	0.2
5803.816188746658	200.0	34.04560846560846	0.0	105425	667.1623503202451	0.004705182	0.2
5804.427322135685	200.0	37.434475076580334	0.0	95365	611.1333890281259	0.004705182	0.2
5805.038327426691	200.0	40.82346978557504	0.0	95342	611.005291005291	0.004705182	0.2
5805.688747922374	200.0	44.17304928989139	0.0	102419	650.4204956836536	0.004705182	0.2
5806.219135001182	200.0	47.642662211083255	0.0	80867	530.3870788081315	0.004705182	0.2
5806.760009409425	200.0	51.10178780284042	0.0	82750	540.8744082428293	0.004705182	0.2
5807.365640152951	200.0	54.496157059314946	0.0	94377	605.6307435254804	0.012507183	0.2
5807.871316060596	200.0	57.99048115166994	0.0	89871	505.67590764500517	0.004705182	0.2
5821.361067423848	12000.0	48.50072978841782	0.0	4055239	13489.751363252122	0.004705182	12.0
5821.75395409496	200.0	52.10784311730604	0.0	90919	392.88667111178023	0.013974019	0.2
5822.129485895446	200.0	55.73231131681994	0.0	85876	375.5318004860947	0.18835862	0.2
5840.687133833328	12000.0	41.17466337893946	0.0	5251330	18557.647937880483	0.039953675	12.0
5841.174000134028	200.0	44.687797078239605	0.0	97742	486.86630069984653	0.004705182	0.2
5841.6730755041135	200.0	48.188721708153494	0.0	100675	499.0753700861149	0.4582349	0.2
5842.110031562079	200.0	51.75176565018851	0.0	85752	436.95605796498165	0.004705182	0.2
5842.583635641482	200.0	55.27816157078585	0.0	94556	473.6040794026589	0.004705182	0.2
5856.212781396573	8000.0	45.649015815695144	0.0	3253093	13629.145755090709	0.004705182	8.0
5874.4343983406925	12000.0	31.42739887157506	0.0	5138482	18221.616944120084	0.029267648	12.0
5886.035417938209	8000.0	23.826379274058215	0.0	3354913	11601.019597516846	0.004705182	8.0
5886.447570686845	200.0	27.41422652542204	0.0	93993	412.1527486361729	0.004705182	0.2
5886.870642886858	200.0	30.99115432540879	0.0	97083	423.0722000132518	0.004705182	0.2
5887.282756763661	200.0	34.579040448606	0.0	93982	412.1138768027917	0.024829632	0.2
5899.339400940912	8000.0	26.522396271355717	0.0	3568902	12056.644177250284	0.004705182	8.0
5901.2761932347985	1500.0	28.585603977468597	0.0	633700	1936.7922938871186	0.021047603	1.5
5901.618206932926	200.0	32.24359027934018	0.0	89422	342.0136981284108	0.052484702	0.2
5902.015314943035	200.0	35.8464822692314	0.0	108225	397.10801010877924	0.01920237	0.2
5902.352549679144	200.0	39.50924753312182	0.0	87791	337.234736109585	0.15543911	0.2
5902.731675782503	200.0	43.130121429763214	0.0	102088	379.1261033586053	0.40030017	0.2
5903.047263080602	200.0	46.814534131664104	0.0	80403	315.58729809911	0.30845755	0.2
5917.566370813609	12000.0	36.29542639865688	0.0	5257310	14519.10773300723	0.004967878	12.0
5917.9131238098	200.0	39.94867340246649	0.0	101968	346.7529961903827	0.052074157	0.2
5933.616171289073	12000.0	28.245625923193366	0.0	4828747	15703.047479273124	0.019616457	12.0
5939.361707566371	4000.0	26.500089645895933	0.0	1830641	5745.536277297433	0.014509163	4.0
5944.580626334206	4000.0	25.281170878060575	0.0	1697030	5218.918767835359	0.009016268	4.0
5950.36593269636	4000.0	23.495864515905897	0.0	1910697	5785.306362154676	0.013849744	4.0
5960.051266056169	8000.0	17.810531156097483	0.0	3682991	9685.333359808414	0.0062330547	8.0
5965.493696821361	4000.0	16.3681003909052	0.0	2042818	5442.430765192283	0.055287972	4.0
5970.170007665711	4000.0	15.691789546555883	0.0	1750852	4676.310844349317	0.004705182	4.0
5975.968891791914	4000.0	13.892905420352523	0.0	2034636	5798.884126203359	0.043601923	4.0

