18592.88697232326	600.0	4.0	0.7465309012441417	247108	746.5309012441417	-14.330618024882833
18594.942507573942	1500.0	5.944464749317239	0.0	732405	2055.5352506827608	1.5
18596.759173004335	1500.0	8.127799318925115	0.0	643847	1816.6654303921239	1.5
18598.777069764175	1500.0	10.109902559088303	0.0	718451	2017.8967598368117	1.5
18600.810732396094	1500.0	12.076239927172189	0.0	724296	2033.6626319161132	1.5
18602.759676946993	1500.0	14.127295376272365	0.0	689829	1948.944550899825	1.5
18604.955414093743	1500.0	15.931558229523983	0.0	737903	2195.737146748383	1.5
18610.937932596335	4000.0	13.949039726934513	0.0	2058614	5982.518502589468	4.0
18616.564727054614	4000.0	12.322245268654878	0.0	1857129	5626.794458279635	4.0
18623.9775029479	4000.0	8.909469375368866	0.0	2373154	7412.7758932860115	4.0
18631.088246167048	4000.0	5.798726156220956	0.0	2094766	7110.74321914791	4.0
18633.60483915758	1500.0	7.282133165691195	0.0	744416	2516.5929905297603	1.5
18635.496671827645	1500.0	9.39030049562412	0.0	606092	1891.832670067074	1.5
18637.81275276481	1500.0	11.07421955845692	0.0	748011	2316.0809371671994	1.5
18640.14828253706	1500.0	12.738689786209473	0.0	754517	2335.529772247445	1.5
18643.022574336846	1500.0	13.864397986422466	0.0	934743	2874.2917997870077	1.5
18645.126562879515	1500.0	15.760409443754252	0.0	735572	2103.988542668213	1.5
18647.291896212846	1500.0	17.595076110420916	0.0	772616	2165.3333333333335	1.5
18649.389159370738	1500.0	19.49781295252618	0.0	747396	2097.263157894737	1.5
18655.49177357657	4000.0	17.395198746697645	0.0	2164412	6102.614205828532	4.0
18662.732852542747	4000.0	14.154119780518796	0.0	2379358	7241.078966178849	4.0
18668.34901010195	4000.0	12.53796222131899	0.0	1950922	5616.157559199807	4.0
18673.604366838754	4000.0	11.282605484511867	0.0	1849252	5255.356736807123	4.0
18678.662891653817	4000.0	10.224080669447018	0.0	1822097	5058.5248150648495	4.0
18683.75199173563	4000.0	9.134980587636273	0.0	1836837	5089.100081810745	4.0
18689.96801888736	4000.0	6.918953435906088	0.0	1984579	6216.027151730185	4.0
18696.29956133557	4000.0	4.5874109876938425	0.0	2068230	6331.542448212245	4.0
18698.971023363243	1500.0	5.915948960022848	0.0	914284	2671.462027670995	1.5
18700.966264377254	1500.0	7.920707946010199	0.0	675709	1995.2410140126485	1.5
18703.051690868422	1500.0	9.83528145484118	0.0	707527	2085.4264911690198	1.5
18705.299719680188	1500.0	11.587252643077	0.0	757473	2248.0288117641794	1.5
18707.46301322144	1500.0	13.42395910182547	0.0	712239	2163.2935412515308	1.5
18709.3965807979	1500.0	15.490391525364346	0.0	633700	1933.567576461125	1.5
18716.143634836728	4000.0	12.743337486534344	0.0	2125133	6747.054038830004	4.0
18724.47134097943	4000.0	8.41563134383426	0.0	1828568	8327.706142700083	4.0
18727.69725406931	1500.0	9.18971825395426	0.0	785519	3225.9130898800004	1.5
18730.452206936552	1500.0	10.434765386711526	0.0	681043	2754.9528672427336	1.5
18733.934583213064	1500.0	10.95238911019935	0.0	866245	3482.376276512176	1.5
18736.210376029347	1500.0	12.676596293917612	0.0	691256	2275.792816281739	1.5
18738.133674867513	1500.0	14.753297455748607	0.0	725845	1923.2988381690052	1.5
18739.014634806565	600.0	17.872337516697115	0.0	315398	880.9599390514887	0.6
18739.863886282663	600.0	21.023086040600358	0.0	302912	849.2514760967558	0.6
18741.891848951702	1500.0	22.995123371563473	0.0	767059	2027.9626690368866	1.5
18746.968477818093	4000.0	21.91849450516919	0.0	1910697	5076.628866394282	4.0
18753.24659806787	4000.0	19.640374255392206	0.0	2171279	6278.1202497769855	4.0
18759.079574159525	4000.0	17.807398163739986	0.0	2042818	5832.976091652219	4.0
18764.04008287919	4000.0	16.846889444075877	0.0	1750852	4960.508719664106	4.0
18776.44410811649	8000.0	8.442864206774185	0.0	4346302	12404.025237301692	8.0

