25585.27342547177	600.0	4.0	0.7284604156074199	247108	728.4604156074199	-13.969208312148398
25586.16619744533	600.0	7.107228026438799	0.0	309722	892.7719735612012	0.6
25587.003139598157	600.0	10.270285873612044	0.0	288447	836.9421528267537	0.6
25588.96849755522	1500.0	12.304927916550492	0.0	718451	1965.3579570615539	1.5
25590.949193951867	1500.0	14.324231519902906	0.0	724296	1980.6963966475867	1.5
25592.839442102624	1500.0	16.43398336914271	0.0	689829	1890.2481507601974	1.5
25598.487924341163	4000.0	14.785501130602457	0.0	2046450	5648.482238540252	4.0
25604.306321177344	4000.0	12.967104294420642	0.0	2058614	5818.396836181815	4.0
25610.528279970928	4000.0	10.745145500837726	0.0	1857129	6221.958793582917	4.0
25613.213081882477	1500.0	12.0603435892895	0.0	763093	2684.8019115482266	1.5
25615.864436843054	1500.0	13.40898862871409	0.0	769316	2651.35496057541	1.5
25618.204266084504	1500.0	15.069159387261504	0.0	744416	2339.8292414525863	1.5
25620.124184120403	1500.0	17.14924135136426	0.0	606092	1919.9180358972415	1.5
25622.47492673035	1500.0	18.79849874141473	0.0	748011	2350.7426099495315	1.5
25624.845419653357	1500.0	20.428005818407858	0.0	754517	2370.4929230068688	1.5
25627.896711126537	1500.0	21.37671434522916	0.0	934743	3051.2914731786973	1.5
25633.934282975235	4000.0	19.339142496532272	0.0	1835863	6037.571848696887	4.0
25640.57915348663	4000.0	16.694271985136883	0.0	2192675	6644.870511395389	4.0
25646.744023474865	4000.0	14.529401996900917	0.0	2082556	6164.869988235965	4.0
25653.594687430446	4000.0	11.678738041321031	0.0	2164412	6850.6639555798865	4.0
25660.637478147935	4000.0	8.635947323832752	0.0	2379358	7042.790717488279	4.0
25666.22126938482	4000.0	7.052156086946566	0.0	1950922	5583.791236886186	4.0
25672.057981287962	4000.0	5.215444183802431	0.0	1849252	5836.711903144135	4.0
25674.26365014355	1500.0	7.009775328212883	0.0	681795	2205.6688555895475	1.5
25676.9974176574	1500.0	8.276007814363671	0.0	855209	2733.7675138492114	1.5
25679.03361665634	1500.0	10.239808815425404	0.0	644861	2036.1989989382678	1.5
25681.522274323564	1500.0	11.751151148202592	0.0	794014	2488.6576672228125	1.5
25684.375773489344	1500.0	12.897651982420701	0.0	914284	2853.49916578189	1.5
25686.505550525595	1500.0	14.767874946170132	0.0	675709	2129.777036250569	1.5
25688.49411788827	1500.0	16.779307583495907	0.0	707527	1988.5673626742273	1.5
25690.566222822687	1500.0	18.707202649079914	0.0	757473	2072.10493441599	1.5
25695.766885566365	4000.0	17.50653990539998	0.0	1947068	5200.662743679937	4.0
25702.74052591942	4000.0	14.532899552347157	0.0	2544033	6973.640353052823	4.0
25708.97094226988	4000.0	12.30248320188415	0.0	2125133	6230.416350463006	4.0
25715.32834437686	4000.0	9.945081094904511	0.0	1828568	6357.402106979639	4.0
25723.37527290124	4000.0	5.898152570522995	0.0	1785821	8046.928524381517	4.0
25726.836817091906	1500.0	6.4366083798576526	0.0	681043	3461.5441906653427	1.5
25729.757572880368	1500.0	7.51585259139244	0.0	866245	2920.7557884652133	1.5
25731.890148041824	1500.0	9.383277429934493	0.0	691256	2132.5751614579467	1.5
25734.125429758107	1500.0	11.147995713655076	0.0	725845	2235.2817162794154	1.5
25736.61360435539	1500.0	12.659821116372024	0.0	811013	2488.174597283052	1.5
25738.566071957324	1500.0	14.707353514434336	0.0	657685	1952.4676019376884	1.5
25740.67670515774	1500.0	16.59672031401739	0.0	767059	2110.633200416949	1.5
25743.001705902294	1500.0	18.27171956946503	0.0	848035	2325.0007445523584	1.5
25748.919033061986	4000.0	16.354392409771933	0.0	2171279	5917.327159693096	4.0
25755.11228035933	4000.0	14.161145112424085	0.0	2042818	6193.247297347848	4.0
25760.13074971303	4000.0	13.14267575872421	0.0	1750852	5018.469353699874	4.0
25765.437649298783	4000.0	11.835776172969096	0.0	2034636	5306.8995857551145	4.0

