8080.118854118305	600.0	4.0	0.7545249509511217	247108	754.5249509511217	0.013050348	-14.490499019022435
8080.468046645815	200.0	7.650807472489977	0.0	98617	349.19252751002307	0.004705182	0.2
8080.838691702541	200.0	11.280162415763883	0.0	106476	370.645056726094	0.004705182	0.2
8081.233232349133	200.0	14.885621769171713	0.0	115230	394.54064659216925	0.004705182	0.2
8081.579807116685	200.0	18.539047001620748	0.0	97658	346.5747675509682	0.004705182	0.2
8081.9263818842355	200.0	22.19247223406978	0.0	97658	346.5747675509682	0.004705182	0.2
8082.322456609136	200.0	25.796397509170014	0.0	115792	396.07472489976965	0.004705182	0.2
8082.6963718185525	200.0	29.422482299752627	0.0	107674	373.91520941738463	0.004705182	0.2
8085.2097776020555	1500.0	30.909076516250114	0.0	891463	2513.405783502517	0.23719633	1.5
8099.607964946105	12000.0	20.510889172200347	0.0	5088378	14398.187344049767	0.004705182	12.0
8099.960655501016	200.0	24.158198617290154	0.0	95365	352.69055491019566	0.004705182	0.2
8102.599600259658	1500.0	25.519253858647506	0.0	744416	2638.944758642646	0.34743464	1.5
8103.04077102577	200.0	29.078083092536247	0.0	102419	441.1707661112581	0.004705182	0.2
8105.7585599704935	1500.0	30.360294147812628	0.0	748011	2717.7889447236184	0.004705182	1.5
8108.499291699312	1500.0	31.61956241899309	0.0	754517	2740.7317288195363	0.004705182	1.5
8111.620170696168	1500.0	32.49868342213739	0.0	934743	3120.878996855701	0.004705182	1.5
8113.756025500787	1500.0	34.3628286175188	0.0	735572	2135.854804618583	0.004705182	1.5
8125.132687872608	12000.0	26.986166245698353	0.0	4055239	11376.66237182045	0.004705182	12.0
8127.283718163042	1500.0	28.835135955263482	0.0	747396	2151.0302904348728	0.004705182	1.5
8129.199083674551	1500.0	30.919770443755194	0.0	662349	1915.365511508287	0.004705182	1.5
8131.670680819605	1500.0	32.44817329870182	0.0	835711	2471.5971450533775	0.004705182	1.5
8134.293056827013	1500.0	33.82579729129281	0.0	806394	2622.376007409013	0.004705182	1.5
8136.924679913182	1500.0	35.19417420512362	0.0	809327	2631.6230861691856	0.0053136824	1.5
8139.154223746558	1500.0	36.964630371747596	0.0	681795	2229.543833376027	0.6358781	1.5
8154.290745640288	8000.0	25.828108478018546	0.0	4925863	15136.521893729052	0.27505794	8.0
8156.174268862159	1500.0	27.94458525614786	0.0	644861	1883.5232218706847	0.004705182	1.5
8158.4749376380505	1500.0	29.643916480255953	0.0	794014	2300.668775891905	0.004705182	1.5
8168.5795234075285	8000.0	23.53933071077864	0.0	3354913	10104.585769477317	0.10869892	8.0
8170.740789337533	1500.0	25.3780647807744	0.0	675709	2161.265930004235	0.004705182	1.5
8172.901483058478	1500.0	27.217371059828164	0.0	707527	2160.693720946239	0.014798905	1.5
8184.65921084906	8000.0	19.45964326924593	0.0	4025712	11757.727790582234	0.23578572	8.0
8186.969706239638	1500.0	21.149147878668334	0.0	712239	2310.495390577597	0.004705182	1.5
8189.0342436337	1500.0	23.084610484606756	0.0	633700	2064.5373940615764	0.060474463	1.5
8191.479096934672	1500.0	24.639757183633986	0.0	755142	2444.8533009727744	0.2678534	1.5
8193.542980325106	1500.0	26.57587379320088	0.0	670327	2063.883390433103	0.20055772	1.5
8205.954680605055	8000.0	18.164173513251445	0.0	4086583	12411.700279949438	0.07004486	8.0
8208.325055584035	1500.0	19.793798534270444	0.0	681043	2370.3749789809995	0.004705182	1.5
8211.318272331977	1500.0	20.800581786330305	0.0	866245	2993.2167479401382	0.005079524	1.5
8218.78319692862	4000.0	17.335657189686064	0.0	2142800	7464.924596644245	0.52889794	4.0
8221.375477630376	1500.0	18.743376487931677	0.0	725845	2592.2807017543864	0.04474771	1.5
8227.51298001984	4000.0	16.605874098467805	0.0	1985434	6137.502389463872	0.049275607	4.0
8233.039076229185	4000.0	15.079777889121793	0.0	1830641	5526.09620934601	0.3773088	4.0
8238.45543879355	4000.0	13.663415324757185	0.0	1697030	5416.362564364608	0.5319765	4.0
8244.541208950706	4000.0	11.577645167600132	0.0	1910697	6085.770157157055	0.05083963	4.0
8246.597543971704	1500.0	13.521310146602445	0.0	629438	2056.3350209976843	0.5718041	1.5
8253.085996381009	4000.0	11.032857737298352	0.0	2042818	6488.452409304092	0.03839317	4.0
8258.004859801456	4000.0	10.113994316850283	0.0	1750852	4918.863420448069	0.23557265	4.0
8263.690780414332	4000.0	8.428073703974729	0.0	2034636	5685.920612875553	0.15679477	4.0

