14963.073517332949	600.0	4.0	0.7551815294238191	247108	755.1815294238191	-14.503630588476382
14963.999781208082	600.0	7.0737361248676525	0.0	309722	926.2638751323475	0.6
14965.838986098957	1500.0	9.234531233990232	0.0	643847	1839.204890877421	1.5
14966.233832917496	200.0	12.839684415451348	0.0	115230	394.8468185388846	0.2
14968.292851326596	1500.0	14.780666006352677	0.0	724296	2059.0184090986713	1.5
14968.6396855764	200.0	18.433831756549065	0.0	97658	346.83424980361355	0.2
14969.03606796651	200.0	22.03744936644011	0.0	115792	396.3823901089519	0.2
14969.86697612594	600.0	25.20654120700844	0.0	274823	830.9081594316747	0.6
14984.042078783805	8000.0	15.031438549144339	0.0	3448932	14175.1026578641	8.0
14986.115269328404	1500.0	16.95824800454463	0.0	763093	2073.1905445997127	1.5
14988.204714280735	1500.0	18.86880305221343	0.0	769316	2089.4449523312005	1.5
14989.03076103534	600.0	22.0427562976098	0.0	285624	826.0467546036307	0.6
14989.378278339767	200.0	25.695238993182475	0.0	102419	347.5173044273214	0.2
14989.669502056628	200.0	29.404015276322088	0.0	80867	291.2237168603892	0.2
14991.72029218331	1500.0	31.35322514964062	0.0	754517	2050.790126681468	1.5
14992.6475561248	600.0	34.425961208149175	0.0	324375	927.2639414914458	0.6
14993.617426831344	600.0	37.456090501606134	0.0	340687	969.8707065430325	0.6
15005.226087344541	12000.0	29.84742998840912	0.0	4055239	11608.660513197015	12.0
15006.307828454072	600.0	32.76568887887854	0.0	330105	1081.7411095305833	0.6
15008.397801711539	1500.0	34.675715621410546	0.0	662349	2089.9732574679947	1.5
15024.426418680401	12000.0	22.647098652548376	0.0	5251330	16028.616968862176	12.0
15026.198473251217	600.0	24.875044081732195	0.0	310841	1772.0545708161808	0.6
15026.826494889023	200.0	28.247022443927275	0.0	100675	628.0216378049197	0.2
15028.533685036336	600.0	30.539832296613287	0.0	298925	1707.1901473139865	0.6
15029.128398063249	200.0	33.94511926970212	0.0	94556	594.7130269111694	0.2
15032.718681464057	1500.0	34.35483586889241	0.0	644861	3590.2834008097166	1.5
15033.280374384141	200.0	37.79314294880939	0.0	88490	561.692920083013	0.2
15042.57493241196	8000.0	32.498584920988066	0.0	3354913	9294.558027821324	8.0
15044.382895075985	1500.0	34.690622256963906	0.0	675709	1807.9626640241663	1.5
15045.755569689698	600.0	37.3179476432512	0.0	302752	1372.6746137127043	0.6
15046.316096325048	200.0	40.75742100790144	0.0	93982	560.5266353497587	0.2
15060.822039853007	8000.0	30.251477479943148	0.0	3568902	14505.9435279583	8.0
15061.868976485053	600.0	33.2045408478974	0.0	310713	1046.9366320457464	0.6
15062.227257109007	200.0	36.84626022394283	0.0	89422	358.28062395456493	0.2
15064.393309935085	1500.0	38.68020739786433	0.0	670327	2166.0528260785004	1.5
15069.732514940688	4000.0	37.341002392260535	0.0	1785821	5339.2050056038	4.0
15071.801106808707	1500.0	39.272410524240975	0.0	681043	2068.5918680195637	1.5
15072.115877229906	200.0	42.957640103042344	0.0	80403	314.7704211986277	0.2
15087.232536372514	12000.0	31.84098096043379	0.0	5257310	15116.659142608554	12.0
15088.120806642784	600.0	34.95271069016352	0.0	284107	888.2702702702703	0.6
15103.174616108647	12000.0	23.898901224300914	0.0	4828747	15053.809465862609	12.0
15104.284425513062	600.0	26.789091819885556	0.0	302912	1109.8094044153584	0.6
15109.775408879097	4000.0	25.298108453851285	0.0	1697030	5490.98336603427	4.0
15110.15812980298	200.0	28.915387529970044	0.0	96988	382.7209238812376	0.2
15123.720158410766	8000.0	19.353358922184707	0.0	3682991	13562.028607785338	8.0
15125.007145246327	600.0	22.06637208662241	0.0	288236	1286.9868355623018	0.6
15127.578382610613	1500.0	23.4951347223359	0.0	769491	2571.237364286505	1.5
15142.209812736246	8000.0	12.863704596702208	0.0	4346302	14631.430125633693	8.0

