537.1827536172597	600.0	4.0	0.9194148744188021	247108	919.4148744188021	-17.788297488376042
537.5977511756979	200.0	7.58500244156175	0.0	98617	414.99755843824977	0.2
539.8648707697618	1500.0	9.317882847497929	0.0	643847	2267.119594063821	1.5
540.8949720414969	600.0	12.287781575762722	0.0	279692	1030.1012717352073	0.6
541.3067119196311	200.0	15.8760416976285	0.0	97658	411.73987813422224	0.2
543.7300303205143	1500.0	17.45272329674529	0.0	689829	2423.3184008832086	1.5
546.3166539590783	1500.0	18.86609965818135	0.0	737903	2586.623638563937	1.5
547.4200513250777	600.0	21.76270229218196	0.0	274823	1103.3973659993953	0.6
548.695458397446	600.0	24.48729521981354	0.0	290723	1275.407072368421	0.6
568.0364857016622	12000.0	9.146267915597495	0.0	5088378	19341.027304216044	12.0
569.1639984767999	600.0	12.0187551404598	0.0	329266	1127.512775137693	0.6
569.547315439399	200.0	15.635438177860634	0.0	95342	383.3169625991689	0.2
569.9531468672319	200.0	19.229606750027735	0.0	102419	405.83142783289924	0.2
570.2904136836875	200.0	22.892339933572167	0.0	80867	337.2668164555704	0.2
570.6336709958382	200.0	26.54908262142137	0.0	82750	343.25731215079634	0.2
571.7456237526832	600.0	29.43712986457648	0.0	324375	1111.9527568448889	0.6
572.1115355097866	200.0	33.07121810747311	0.0	89871	365.91175710337427	0.2
585.101083786236	12000.0	24.08166983102363	0.0	4055239	12989.548276449477	12.0
585.4706577969056	200.0	27.712095820353987	0.0	90919	369.57401066963934	0.2
586.5407015902013	600.0	30.642052027058345	0.0	310849	1070.0437932956447	0.6
589.4467415811467	1500.0	31.736012036112847	0.0	835711	2906.0399909454986	1.5
590.6382525879632	600.0	34.54450102929644	0.0	310841	1191.511006816404	0.6
609.2189085242396	12000.0	19.963845093019906	0.0	5141915	18580.655936276537	12.0
610.1687299333257	600.0	23.014023683933956	0.0	298925	949.8214090859492	0.6
610.5238719694803	200.0	26.658881647779296	0.0	94556	355.14203615465755	0.2
610.8980821320672	200.0	30.284671485192455	0.0	101109	374.2101625868403	0.2
611.9227793277171	600.0	33.259974289542654	0.0	324657	1024.6971956498019	0.6
622.2957372964769	8000.0	26.887016320782802	0.0	3354913	10372.957968759853	8.0
623.3603779257721	600.0	29.822375691487586	0.0	291029	1064.6406292952147	0.6
642.3560099248575	12000.0	14.82674369240219	0.0	5411094	18995.631999085395	12.0
642.7743713478677	200.0	18.408382269391907	0.0	93982	418.3614230102833	0.2
643.9107256153235	600.0	21.272028001936178	0.0	293409	1136.354267455728	0.6
645.1093791109695	600.0	24.073374506290268	0.0	310713	1198.6534956459127	0.6
645.5113232616412	200.0	27.67143035561859	0.0	89422	401.94415067167705	0.2
645.9809634587565	200.0	31.201790158503314	0.0	108225	469.6401971152764	0.2
651.8999643914696	4000.0	29.28278922579019	0.0	1785821	5919.0009327131265	4.0
653.9993654292755	1500.0	31.183388187984406	0.0	681043	2099.4010378057824	1.5
655.0503424492902	600.0	34.13241116796958	0.0	327462	1050.977020014826	0.6
672.7038556819742	12000.0	20.478897935285527	0.0	5257310	17653.51323268405	12.0
673.7104552172183	600.0	23.47229840004153	0.0	284107	1006.5995352439969	0.6
690.127641576849	12000.0	11.055112040410705	0.0	4828747	16417.186359630825	12.0
696.1368431962823	4000.0	9.045910420977506	0.0	1830641	6009.201619433199	4.0
697.2826213339341	600.0	11.900132283325686	0.0	329059	1145.7781376518221	0.6
697.6767525080231	200.0	15.506001109236617	0.0	96988	394.13117408906885	0.2
698.0327492691567	200.0	19.150004348103014	0.0	85214	355.99676113360323	0.2
698.4133193096426	200.0	22.769434307617185	0.0	92801	380.57004048582996	0.2
698.8022844918288	200.0	26.380469125430952	0.0	95393	388.9651821862348	0.2
713.2456757364039	8000.0	15.93707788085576	0.0	4346302	14443.39124457519	8.0

