34747.33656445041	600.0	4.0	0.5388554517495503	247108	538.8554517495503	0.21609122	-10.177109034991007
34747.599686599766	200.0	7.736877850635408	0.0	98617	263.1221493645912	0.004705182	0.2
34747.877402145525	200.0	11.45916230488017	0.0	106476	277.71554575523703	0.004705182	0.2
34748.171373015364	200.0	15.165191435037427	0.0	115230	293.9708698427436	0.004705182	0.2
34748.432714395276	200.0	18.90385005512679	0.0	97658	261.34137991063653	0.004705182	0.2
34748.69405577519	200.0	22.642508675216153	0.0	97658	261.34137991063653	0.004705182	0.2
34748.98907022421	200.0	26.347494226193923	0.0	115792	295.01444902222477	0.004705182	0.2
34749.26901033911	200.0	30.067554111298087	0.0	107674	279.9401148958394	0.004705182	0.2
34749.525982427534	200.0	33.81058202286311	0.0	95305	256.9720884349794	0.004705182	0.2
34749.80174636881	200.0	37.534818081587645	0.0	105425	275.7639412754599	0.028154235	0.2
34750.05882987139	200.0	41.2777345790054	0.0	95365	257.083502582255	0.004705182	0.2
34750.315870665225	200.0	45.020693785179596	0.0	95342	257.04079382579937	0.004705182	0.2
34750.58605275772	200.0	48.75051169268264	0.0	102419	270.18209249695354	0.024644524	0.2
34750.81621488852	200.0	52.52034956188708	0.0	80867	230.16213079556667	0.004705182	0.2
34751.049873566626	200.0	56.286690883769516	0.0	82750	233.65867811756513	0.024210952	0.2
34761.38362179725	12000.0	49.95294265314788	0.0	5443841	10333.748230621632	0.004705182	12.0
34761.638162484756	200.0	53.69840196563574	0.0	89871	254.5406875121383	0.004705182	0.2
34769.620410002266	12000.0	49.716154448123625	0.0	4055239	7982.247517512115	0.004705182	12.0
34780.022133350416	12000.0	43.31443109997884	0.0	5385367	10401.723348144787	0.70802486	12.0
34780.243791786415	200.0	47.09277266397699	0.0	85876	221.65843600185576	0.036150485	0.2
34789.063841070754	12000.0	42.272723379641086	0.0	5251330	8820.049284335906	0.021701215	12.0
34789.32968223723	200.0	46.006882213166534	0.0	97742	265.8411664745517	0.061587375	0.2
34799.0960875488	12000.0	40.2404769016006	0.0	5141915	9766.405311565934	0.010202216	12.0
34799.31233700262	200.0	44.02422744777737	0.0	85752	216.24945382323733	0.010197845	0.2
34799.54257493708	200.0	47.79398951331858	0.0	94556	230.23793445878846	0.005518883	0.2
34804.791342365075	8000.0	46.545222085314606	0.0	3253093	5248.767428003972	0.004705182	8.0
34813.51563481276	12000.0	41.82092963763604	0.0	5138482	8724.292447678567	0.004705182	12.0
34819.57602798563	8000.0	39.760536464759745	0.0	3354913	6060.393172876296	0.004705182	8.0
34819.83025646901	200.0	43.50630798137872	0.0	93993	254.22848338102577	0.978848	0.2
34830.03477437356	12000.0	37.30179007682627	0.0	5411094	10204.517904552451	0.004705182	12.0
34830.31110961753	200.0	41.02545483286173	0.0	93982	276.335243964538	0.7150656	0.2
34837.84680586633	8000.0	37.489758584053156	0.0	3568902	7535.696248808577	0.016027864	8.0
34845.627021256914	8000.0	33.709543193468065	0.0	3713878	7780.215390585082	0.37834466	8.0
34861.636269224706	12000.0	21.70029522568102	0.0	6041881	16009.247967787047	0.9992978	12.0
34862.02209755392	200.0	25.314466896468726	0.0	108225	385.82832921229254	0.025845047	0.2
34867.148571591366	4000.0	24.187992859026124	0.0	1785821	5126.4740374426	0.3396341	4.0
34876.54503286961	8000.0	18.79153158078181	0.0	4018228	9396.461278244316	0.21117558	8.0
34883.822685756146	8000.0	15.513878694242562	0.0	3739359	7277.652886539249	0.012603756	8.0
34893.216138210344	12000.0	10.120426240049675	0.0	5257310	9393.452454192888	0.025178041	12.0
34897.04197227948	4000.0	10.294592170909953	0.0	2094647	3825.8340691397216	0.051469166	4.0
34902.97542676519	8000.0	8.361137685204243	0.0	3189942	5933.45448570571	0.08166792	8.0
34906.50649553853	4000.0	8.83006891186054	0.0	1830641	3531.068773343702	0.35073996	4.0
34909.7856849156	4000.0	9.550879534791273	0.0	1697030	3279.189377069268	0.025508685	4.0
34913.354809888144	4000.0	9.98175456224974	0.0	1910697	3569.1249725415328	0.04172693	4.0
34917.381379008984	4000.0	9.955185441411816	0.0	2171279	4026.569120837925	0.4429943	4.0
34921.12825737685	4000.0	10.208307073548912	0.0	2042818	3746.878367862902	0.15387751	4.0
34924.17964327812	4000.0	11.156921172278201	0.0	1750852	3051.3859012707103	0.045456313	4.0
34934.281272122775	12000.0	5.05529232762393	0.0	5646381	10101.628844654271	0.73240155	12.0

