30570.45014847564	600.0	4.0	1.032361315187282	247108	1032.361315187282	0.089300826	-20.04722630374564
30570.91022122043	200.0	7.53992725520896	0.0	98617	460.07274479103944	0.004705182	0.2
30571.400582776496	200.0	11.049565699144887	0.0	106476	490.3615560640733	0.004705182	0.2
30571.924682499488	200.0	14.525465976153196	0.0	115230	524.0997229916898	0.004705182	0.2
30572.38105923079	200.0	18.069089244851256	0.0	97658	456.3767313019391	0.004705182	0.2
30572.837435962094	200.0	21.61271251354932	0.0	97658	456.3767313019391	0.004705182	0.2
30573.363701649192	200.0	25.08644682644827	0.0	115792	526.2656871010479	0.004705182	0.2
30573.858680331596	200.0	28.59146814404432	0.0	107674	494.97868240395036	0.004705182	0.2
30574.305988533448	200.0	32.14415994218957	0.0	95305	447.30820185475125	0.004705182	0.2
30574.792299505385	200.0	35.65784897025171	0.0	105425	486.3109719378538	0.0048480015	0.2
30575.23983894896	200.0	39.2103095266771	0.0	95365	447.5394435746116	0.004705182	0.2
30575.687289749876	200.0	42.76285872576177	0.0	95342	447.45080091533185	0.004705182	0.2
30576.162015511647	200.0	46.288132963988915	0.0	102419	474.7257617728532	0.004705182	0.2
30576.55367924765	200.0	49.89646922798988	0.0	80867	391.66373599903653	0.004705182	0.2
30576.95260011962	200.0	53.4975483560159	0.0	82750	398.92087197398536	0.0047063734	0.2
30577.396331782875	200.0	57.05381669276166	0.0	94377	443.73166325424546	0.2389131	0.2
30578.822697192965	200.0	59.627451282668915	0.0	89871	426.3654100927376	0.0059336256	0.2
30594.515915676016	12000.0	47.934232799619465	0.0	4055239	15693.218483049455	0.004705182	12.0
30594.900100691593	200.0	51.55004778404118	0.0	90919	384.18501557827824	0.0081717335	0.2
30595.267413490878	200.0	55.1827349847605	0.0	85876	367.31279928068085	0.10747078	0.2
30614.45808079745	12000.0	39.99206767818695	0.0	5251330	19190.667306573552	0.033175424	12.0
30614.94374394497	200.0	43.50640453066808	0.0	97742	485.66314751887114	0.004705182	0.2
30615.44158005817	200.0	47.00856841746738	0.0	100675	497.8361132006952	0.4653326	0.2
30615.877480553616	200.0	50.57266792201979	0.0	85752	435.9004954475889	0.004705182	0.2
30616.34992069784	200.0	54.100227777795254	0.0	94556	472.44014422453375	0.004705182	0.2
30628.615826393307	8000.0	45.83432208232976	0.0	3253093	12265.905695465492	0.004705182	8.0
30648.64207617628	12000.0	29.80807229935856	0.0	5138482	20026.2497829712	0.0110241035	12.0
30661.813461264606	8000.0	20.63668721103167	0.0	3354913	13171.385088326891	0.004705182	8.0
30662.24046696386	200.0	24.209681511776953	0.0	93993	427.00569925471285	0.004705182	0.2
30662.6788804021	200.0	27.771268073534262	0.0	97083	438.4134382426913	0.004705182	0.2
30663.10584549128	200.0	31.344302984353618	0.0	93982	426.9650891806457	0.011729263	0.2
30676.177490071655	8000.0	22.272658403982344	0.0	3568902	13071.644580371276	0.006978577	8.0
30678.49874208872	1500.0	23.95140638691742	0.0	633700	2321.252017064922	0.060573902	1.5
30678.895007258154	200.0	27.555141217483968	0.0	89422	396.2651694334535	0.016819406	0.2
30679.357774339653	200.0	31.092374135983494	0.0	108225	462.7670815004753	0.008633808	0.2
30679.748271034983	200.0	34.70187744065424	0.0	87791	390.49669532925134	0.14591497	0.2
30680.189332950584	200.0	38.26081552505045	0.0	102088	441.0619156037932	0.16280358	0.2
30680.553699979035	200.0	41.89644849660154	0.0	80403	364.3670284489047	0.059299964	0.2
30680.940401718683	200.0	45.509746756952126	0.0	86718	386.70173964941756	0.5717198	0.2
30681.381039221724	200.0	49.069109253912714	0.0	101968	440.63750303941293	0.07287735	0.2
30701.27054980235	12000.0	33.17959867328842	0.0	4828747	19889.510580624297	0.0056001972	12.0
30708.949731879107	4000.0	29.50041659652983	0.0	1830641	7679.18207675859	0.134531	4.0
30715.72281957929	4000.0	26.72732889634974	0.0	1697030	6773.087700180089	0.008266248	4.0
30722.856778369292	4000.0	23.593370106345354	0.0	1910697	7133.958790004384	0.0050905454	4.0
30736.61701620572	8000.0	13.833132269916097	0.0	3682991	13760.237836429258	0.044300146	8.0
30744.281008980182	4000.0	10.169139495455756	0.0	2042818	7663.992774460341	0.20742938	4.0
30750.330246568075	4000.0	8.119901907558889	0.0	1750852	6049.237587896868	0.006014691	4.0
30753.167156007665	1500.0	9.282992467968008	0.0	808636	2836.9094395908805	0.11837026	1.5

