4546.261607102785	600.0	4.0	0.7208714116674501	247108	720.87141166745	-13.817428233349002
4546.597369020668	200.0	7.664238082116286	0.0	98617	335.76191788371455	0.2
4547.425452595791	600.0	10.836154506994312	0.0	288447	828.083575121975	0.6
4549.368746000229	1500.0	12.892861102556205	0.0	718451	1943.293404438105	1.5
4554.815420339296	4000.0	11.446186763490186	0.0	2069289	5446.67433906602	4.0
4563.026495465773	4000.0	7.235111637012664	0.0	1863995	8211.075126477523	4.0
4564.713001084095	600.0	9.548606018691117	0.0	327938	1686.5056183215456	0.6
4566.989207169215	1500.0	11.272399933571013	0.0	780303	2276.206085120106	1.5
4570.090065012103	4000.0	12.171542090682935	0.0	1857129	3100.857842888078	4.0
4574.030303516419	4000.0	12.231303586367288	0.0	2373154	3940.2385043156473	4.0
4577.655306858166	4000.0	12.606300244619398	0.0	2094766	3625.0033417478917	4.0
4580.96045834558	4000.0	13.301148757205208	0.0	1761739	3305.151487414188	4.0
4589.046318113294	8000.0	9.215288989491384	0.0	4206019	8085.859767713824	8.0
4590.689743280829	1500.0	11.571863821956017	0.0	748011	1643.4251675353685	1.5
4595.278979737571	4000.0	10.982627365214757	0.0	2157416	4589.236456741258	4.0
4597.269074361816	1500.0	12.992532740968988	0.0	934743	1990.0946242457692	1.5
4600.84599789662	4000.0	13.415609206165003	0.0	1835863	3576.9235348039856	4.0
4609.215312714988	8000.0	9.046294387797989	0.0	4260556	8369.314818367015	8.0
4610.839060826989	1500.0	11.422546275796128	0.0	747396	1623.748112001859	1.5
4615.389658660793	4000.0	10.871948441991602	0.0	2164412	4550.597833804526	4.0
4617.195821603102	1500.0	13.065785499683662	0.0	835711	1806.1629423079405	1.5
4623.434491783876	8000.0	10.827115318909827	0.0	3905272	6238.670180773834	8.0
4624.789587249387	1500.0	13.472019853398528	0.0	809327	1355.0954655112994	1.5
4632.976452410233	8000.0	9.285154692552048	0.0	4032749	8186.86516084648	8.0
4635.031701998823	1500.0	11.229905103961814	0.0	855209	2055.249588590236	1.5
4639.336776382683	4000.0	10.924830720101873	0.0	1984579	4305.074383859942	4.0
4640.9336624271955	1500.0	13.327944675589503	0.0	794014	1596.88604451237	1.5
4647.422895400737	8000.0	10.83871170204857	0.0	3354913	6489.232973540931	8.0
4648.667329347253	1500.0	13.594277755532602	0.0	675709	1244.4339465159703	1.5
4656.072736805888	8000.0	10.18887029689778	0.0	4435580	7405.407458634821	8.0
4657.40371150681	1500.0	12.857895595976032	0.0	757473	1330.9747009217497	1.5
4660.725568454485	4000.0	13.536038648301028	0.0	1947068	3321.856947675004	4.0
4667.00104430735	8000.0	11.2605627954359	0.0	3713878	6275.475852865127	8.0
4671.100396746254	4000.0	11.16121035653258	0.0	2125133	4099.352438903321	4.0
4674.842339045522	4000.0	11.41926805726479	0.0	1828568	3741.942299267789	4.0
4678.477193010127	4000.0	11.784414092659336	0.0	1785821	3634.853964605455	4.0
4681.5984826424765	4000.0	12.663124460309728	0.0	2096494	3121.2896323496075	4.0
4684.514958638668	4000.0	13.746648464117698	0.0	1955307	2916.475996192031	4.0
4692.397310035639	8000.0	9.864297067147104	0.0	4857577	7882.351396970593	8.0
4693.797193202852	1500.0	12.464413899933021	0.0	725845	1399.8831672140836	1.5
4697.487524494263	4000.0	12.774082608521594	0.0	1985434	3690.3312914114267	4.0
4700.37753709059	4000.0	13.884070012195618	0.0	1830641	2890.012596325975	4.0
4705.48390838796	8000.0	12.777698714824673	0.0	3735285	5106.371297370945	8.0
4708.135030152102	4000.0	14.126576950682775	0.0	1910697	2651.1217641418984	4.0
4714.065866679103	8000.0	12.195740423681949	0.0	3682991	5930.836527000824	8.0
4717.50510860348	4000.0	12.756498499304515	0.0	2042818	3439.2419243774343	4.0
4720.618941559771	4000.0	13.64266554301349	0.0	1750852	3113.8329562910253	4.0
4728.796383571881	8000.0	9.465223530903568	0.0	4346302	8177.442012109921	8.0

