34525.7941720652	600.0	4.0	0.8394560122935075	247108	839.4560122935076	0.006159411	-16.18912024587015
34526.17725927227	200.0	7.616912792931233	0.0	98617	383.0872070687669	0.004705182	0.2
34526.58450014819	200.0	11.209671917018822	0.0	106476	407.24087591240874	0.004705182	0.2
34527.018645365235	200.0	14.775526699961581	0.0	115230	434.14521705724167	0.004705182	0.2
34527.39878520389	200.0	18.39538686131387	0.0	97658	380.1398386477142	0.004705182	0.2
34527.77892504254	200.0	22.015247022666152	0.0	97658	380.1398386477142	0.004705182	0.2
34528.2147974974	200.0	25.579374567806376	0.0	115792	435.8724548597772	0.004705182	0.2
34528.625720278804	200.0	29.168451786400308	0.0	107674	410.9227814060699	0.004705182	0.2
34531.445522046	1500.0	30.348650019208602	0.0	891463	2819.8017671917023	0.0054414985	1.5
34545.1793489647	12000.0	20.614823100499397	0.0	5088378	13733.826918709205	0.01042026	12.0
34545.501457401304	200.0	24.292714663896888	0.0	95365	322.1084366025102	0.004705182	0.2
34547.35417726518	1500.0	26.43999480002112	0.0	744416	1852.7198638757702	0.0868252	1.5
34547.67462214655	200.0	30.11954991865126	0.0	102419	320.444881369859	0.004705182	0.2
34549.510696860794	1500.0	32.28347520440537	0.0	748011	1836.0747142458881	0.004705182	1.5
34551.36204544413	1500.0	34.432126621070815	0.0	754517	1851.3485833345565	0.004705182	1.5
34553.63650320828	1500.0	36.1576688569225	0.0	934743	2274.4577641483133	0.004705182	1.5
34555.44337539292	1500.0	38.350796672279124	0.0	735572	1806.872184643376	0.004705182	1.5
34565.33531608325	12000.0	32.4588559819583	0.0	4055239	9891.940690320826	0.004705182	12.0
34567.22285642384	1500.0	34.57131564136046	0.0	747396	1887.5403405978445	0.005391092	1.5
34577.71537485563	8000.0	28.078797209571132	0.0	4303587	10492.51843178933	0.6445917	8.0
34579.90685589847	1500.0	29.887316166730006	0.0	835711	2191.481042841126	0.64200574	1.5
34582.02426553417	1500.0	31.76990653102959	0.0	806394	2117.409635700412	0.004705182	1.5
34591.10677942647	8000.0	26.687392638729577	0.0	3805854	9082.513892300016	0.064233325	8.0
34592.69490434871	1500.0	29.099267716494914	0.0	681795	1588.1249222346646	0.004705182	1.5
34605.17871361516	8000.0	20.615458450037913	0.0	4925863	12483.809266456998	0.690027	8.0
34607.00538727907	1500.0	22.788784786141925	0.0	644861	1826.6736638959896	0.049375813	1.5
34609.74649998201	1500.0	24.047672083197018	0.0	794014	2741.112702944911	0.004705182	1.5
34612.898819887916	1500.0	24.89535217728699	0.0	914284	3152.319905910026	0.0061048167	1.5
34615.24944281394	1500.0	26.544729251256832	0.0	675709	2350.6229260301598	0.004705182	1.5
34617.575744437585	1500.0	28.21842762761122	0.0	707527	2326.3016236456083	0.0066418764	1.5
34626.14365946803	8000.0	23.650512597170827	0.0	4025712	8567.915030440397	0.22671479	8.0
34627.80422813317	1500.0	25.989943932024012	0.0	712239	1660.568665146815	0.004705182	1.5
34638.52052163016	8000.0	19.27365043503622	0.0	3713878	10716.293496987793	0.004705182	8.0
34640.526934997724	1500.0	21.26723706747615	0.0	755142	2006.4133675600697	0.016328601	1.5
34645.271723658254	4000.0	20.522448406942654	0.0	1828568	4744.788660533492	0.90967965	4.0
34655.029274952896	8000.0	14.764897112299282	0.0	4086583	9757.551294643372	0.9736408	8.0
34656.68312208445	1500.0	17.111049980749222	0.0	681043	1653.8471315500606	0.021905204	1.5
34661.106645057014	4000.0	16.687527008177604	0.0	1955307	4423.522972571618	0.5456393	4.0
34673.27288373646	8000.0	8.521288328729236	0.0	4857577	12166.238679448368	0.68518555	8.0
34675.56031564233	1500.0	10.233856422854037	0.0	725845	2287.431905875197	0.004705182	1.5
34678.1067595419	1500.0	11.687412523289309	0.0	811013	2546.4438995647297	0.008562606	1.5
34679.76724853287	1500.0	14.026923532312384	0.0	657685	1660.488990976924	0.52925986	1.5
34683.851389453965	4000.0	13.942782611222887	0.0	1697030	4084.1409210894985	0.059202828	4.0
34688.43967748983	4000.0	13.354494575358498	0.0	1910697	4588.288035864388	0.21784078	4.0
34694.152558872025	4000.0	11.641613193161833	0.0	2171279	5712.881382196666	0.36829424	4.0
34699.539945297	4000.0	10.254226768179507	0.0	2042818	5387.3864249823255	0.10925557	4.0
34704.18748459133	4000.0	9.606687473847021	0.0	1750852	4647.539294332486	0.012309144	4.0
34709.528731108	4000.0	8.265440957178296	0.0	2034636	5341.246516668726	0.032973036	4.0

