11640.822714668202	600.0	4.0	0.7248433448045276	247108	724.8433448045276	-13.896866896090552
11641.160061723474	200.0	7.66265294472624	0.0	98617	337.3470552737593	0.2
11641.992781701292	600.0	10.829932966907506	0.0	288447	832.7199778187335	0.6
11643.947623252025	1500.0	12.875091416176014	0.0	718451	1954.8415507314926	1.5
11645.917717685506	1500.0	14.90499698269535	0.0	724296	1970.0944334806647	1.5
11647.79786838764	1500.0	17.024846280560403	0.0	689829	1880.150702134947	1.5
11649.803471114632	1500.0	19.01924355356939	0.0	737903	2005.6027269910135	1.5
11651.92228845318	1500.0	20.90042621502355	0.0	780303	2118.8173385458367	1.5
11656.859114867038	4000.0	19.963599801162815	0.0	1857129	4936.826413860738	4.0
11658.934781424738	1500.0	21.88793324346422	0.0	763093	2075.6665576985943	1.5
11661.024953350525	1500.0	23.79776131767745	0.0	769316	2090.171925786774	1.5
11665.54544926256	4000.0	23.277265405643547	0.0	1761739	4520.495912033901	4.0
11670.997455752895	4000.0	21.82525891530816	0.0	2131310	5452.006490335386	4.0
11675.631113416048	4000.0	21.19160125215529	0.0	1805063	4633.65766315287	4.0
11677.614596749907	1500.0	23.208117918296377	0.0	754517	1983.4833338589135	1.5
11680.05275133349	1500.0	24.769963334713392	0.0	934743	2438.154583582984	1.5
11684.712559740106	4000.0	24.110154928097767	0.0	1835863	4659.808406615626	4.0
11690.23774746613	4000.0	22.58496720207377	0.0	2192675	5525.187726023995	4.0
11695.714156404276	4000.0	21.108558263927605	0.0	2082556	5476.408938146163	4.0
11697.53446086277	1500.0	23.288253805433477	0.0	662349	1820.3044584941294	1.5
11699.810269385636	1500.0	25.012445282566244	0.0	835711	2275.8085228672307	1.5
11705.718532128729	4000.0	23.10418253947312	0.0	1950922	5908.262743093129	4.0
11711.737757308383	4000.0	21.084957359819178	0.0	1849252	6019.22517965394	4.0
11716.562267456324	4000.0	20.260447211877914	0.0	1822097	4824.510147941265	4.0
11718.8507188516	1500.0	21.97199581660039	0.0	855209	2288.4513952775224	1.5
11720.595977490377	1500.0	24.226737177823132	0.0	644861	1745.258638777256	1.5
11725.923576435458	4000.0	22.899138232742068	0.0	2068230	5327.598945081062	4.0
11731.179446493377	4000.0	21.64326817482215	0.0	2055338	5255.870057919919	4.0
11733.006658493916	1500.0	23.81605617428503	0.0	675709	1827.212000537121	1.5
11738.553109061177	4000.0	22.26960560702409	0.0	2002600	5546.450567260939	4.0
11740.700765463122	1500.0	24.121949205079193	0.0	757473	2147.6564019448947	1.5
11746.658433573988	4000.0	22.164281094213877	0.0	1947068	5957.6681108653165	4.0
11748.751417750762	1500.0	24.071296917438477	0.0	633700	2092.984176775398	1.5
11751.230169363858	1500.0	25.592545304343123	0.0	755142	2478.7516130953563	1.5
11757.404302847233	4000.0	23.418411820968746	0.0	1828568	6174.133483374374	4.0
11763.462265677266	4000.0	21.36044899093648	0.0	1785821	6057.962830032268	4.0
11765.529479449744	1500.0	23.293235218459547	0.0	681043	2067.21377247693	1.5
11768.137093703674	1500.0	24.6856209645295	0.0	866245	2607.6142539300436	1.5
11770.2341079649	1500.0	26.588606703304716	0.0	691256	2097.0142612247873	1.5
11776.021247365314	4000.0	24.801467302889773	0.0	2094647	5787.13940041494	4.0
11781.1448202795	4000.0	23.677894388703855	0.0	1985434	5123.572914185918	4.0
11786.5880900734	4000.0	22.23462459480451	0.0	1830641	5443.269793899342	4.0
11792.250425599716	4000.0	20.572289068488722	0.0	1697030	5662.33552631579	4.0
11795.214171163909	1500.0	21.608543504294143	0.0	848035	2963.7455641945794	1.5
11797.494474412691	1500.0	23.328240255512164	0.0	629438	2280.30324878198	1.5
11800.24462625556	1500.0	24.578088412642224	0.0	763847	2750.1518428699396	1.5
11806.113546123863	4000.0	22.709168544339725	0.0	1750852	5868.9198683025	4.0
11808.658101431785	1500.0	24.164613236417367	0.0	808636	2544.5553079223578	1.5

