19104.31819029095	600.0	4.0	1.032361315187282	247108	1032.361315187282	0.038604755	-20.04722630374564
19104.77826303574	200.0	7.53992725520896	0.0	98617	460.07274479103944	0.004705182	0.2
19105.268624591805	200.0	11.049565699144887	0.0	106476	490.3615560640733	0.004705182	0.2
19105.792724314797	200.0	14.525465976153196	0.0	115230	524.0997229916898	0.004705182	0.2
19106.2491010461	200.0	18.069089244851256	0.0	97658	456.3767313019391	0.004705182	0.2
19106.705477777403	200.0	21.61271251354932	0.0	97658	456.3767313019391	0.004705182	0.2
19107.231743464505	200.0	25.08644682644827	0.0	115792	526.2656871010479	0.004705182	0.2
19107.726722146905	200.0	28.59146814404432	0.0	107674	494.97868240395036	0.004705182	0.2
19111.2424461021	1500.0	29.075744188847402	0.0	891463	3515.723955196917	0.004705182	1.5
19114.214793660656	1500.0	30.10339663029459	0.0	763093	2972.3475585528136	0.004705182	1.5
19116.44781809612	1500.0	31.870372194829056	0.0	769316	2233.0244354655333	0.004705182	1.5
19118.611156851784	1500.0	33.70703343916622	0.0	744416	2163.3387556628363	0.004705182	1.5
19120.387379062344	1500.0	35.93081122860492	0.0	606092	1776.2222105612987	0.004705182	1.5
19122.560778862942	1500.0	37.757411428006705	0.0	748011	2173.3998005982053	0.004705182	1.5
19124.74134715956	1500.0	39.576843131387534	0.0	754517	2180.5682966191716	0.004705182	1.5
19127.32899927807	1500.0	40.98919101287845	0.0	934743	2587.652118509079	0.004705182	1.5
19129.382331717163	1500.0	42.93585857378454	0.0	735572	2053.332439093912	0.04309767	1.5
19139.50545564547	12000.0	36.81273464547611	0.0	4055239	10123.123928308427	1.0700921	12.0
19141.292034022	1500.0	39.02615626894911	0.0	747396	1786.5783765270007	0.0047465423	1.5
19151.257437306933	8000.0	33.060752984014506	0.0	4303587	9965.403284934604	0.013908346	8.0
19153.263426993795	1500.0	35.05476329715368	0.0	835711	2005.9896868608305	0.66104853	1.5
19167.031919843957	8000.0	25.28627044699114	0.0	3905272	13768.492850162542	0.08514254	8.0
19167.338359340134	200.0	28.9798309508148	0.0	100675	306.4394961763383	0.17706494	0.2
19168.95186136443	1500.0	31.366328926523302	0.0	681795	1613.5020242914982	0.004705182	1.5
19179.699729987762	8000.0	24.618460303189895	0.0	4925863	10747.86862333341	0.31625205	8.0
19181.106485038104	1500.0	27.211705252847207	0.0	644861	1406.7550503426903	0.004705182	1.5
19182.820111640645	1500.0	29.498078650303707	0.0	794014	1713.6266025434954	0.17430513	1.5
19190.66071835527	8000.0	25.65747193568101	0.0	3354913	7840.606714622699	0.004705182	8.0
19192.409882641754	1500.0	27.90830764919477	0.0	675709	1749.164286486236	0.004705182	1.5
19203.163859382472	8000.0	21.15433090847518	0.0	4435580	10753.976740719592	0.05464124	8.0
19205.046776284675	1500.0	23.271414006270543	0.0	757473	1882.9169022046356	0.009604689	1.5
19206.78385007413	1500.0	25.53434021681396	0.0	712239	1737.0737894565862	0.0125333285	1.5
19215.357810450358	8000.0	20.96037984058822	0.0	3713878	8573.960376225736	0.004705182	8.0
19217.54649551575	1500.0	22.77169477519107	0.0	755142	2188.6850653971537	0.30901405	1.5
19228.22639809085	8000.0	16.091792200091838	0.0	3707853	10679.902575099233	0.024287112	8.0
19230.123677443076	1500.0	18.194512847865116	0.0	785519	1897.2793522267207	0.014444385	1.5
19231.77925407697	1500.0	20.538936213972693	0.0	681043	1655.5766338924234	0.31466267	1.5
19240.62230466427	8000.0	15.695885626671199	0.0	3739359	8843.050587301495	0.025159145	8.0
19242.344364793436	1500.0	17.97382549750484	0.0	691256	1722.0601291663575	0.6965143	1.5
19252.343532298866	8000.0	11.974657992072263	0.0	4253567	9999.167505432577	0.12165982	8.0
19256.962362358678	4000.0	11.355827932259986	0.0	1985434	4618.830059812277	0.6549489	4.0
19258.440242217337	1500.0	13.877948073602742	0.0	657685	1477.879858657244	0.35335252	1.5
19262.127203082397	4000.0	14.190987208542564	0.0	1697030	3686.960865060177	0.41384912	4.0
19271.812876030854	8000.0	8.505314260083644	0.0	4340973	9685.672948458921	0.6812563	8.0
19273.34031746349	1500.0	10.977872827446891	0.0	629438	1527.441432636753	0.6968277	1.5
19277.980259063956	4000.0	10.33793122698287	0.0	2042818	4639.94160046402	0.023390485	4.0
19281.605346066142	4000.0	10.712844224793578	0.0	1750852	3625.0870021892915	0.057477355	4.0
19285.80503273171	4000.0	10.513157559223666	0.0	2034636	4199.686665569911	0.12841652	4.0

