30814.670546051213	600.0	4.0	0.6694927687490682	247108	669.4927687490682	-12.789855374981363
30814.985803543386	200.0	7.684742507827643	0.0	98617	315.2574921723573	0.2
30815.75391327948	600.0	10.916632771731027	0.0	288447	768.1097360966155	0.6
30817.54782650447	1500.0	13.12271954674221	0.0	718451	1793.9132249888178	1.5
30819.35568337043	1500.0	15.314862680781273	0.0	724296	1807.8568659609366	1.5
30821.081316887652	1500.0	17.589229163560457	0.0	689829	1725.6335172208142	1.5
30822.921634168102	1500.0	19.748911883107198	0.0	737903	1840.3172804532578	1.5
30824.85289737919	1500.0	21.81764867202076	0.0	780303	1931.2632110864406	1.5
30829.159649015037	4000.0	21.510897036174384	0.0	1857129	4306.751635846373	4.0
30830.97641828957	1500.0	23.69412776163669	0.0	763093	1816.7692745376958	1.5
30836.06617055935	4000.0	22.604375491861195	0.0	2094766	5089.752269775496	4.0
30841.18546975843	4000.0	21.48507629277653	0.0	1761739	5119.2991990846685	4.0
30847.799452874497	4000.0	18.871093176712865	0.0	2131310	6613.983116063666	4.0
30850.422464582207	1500.0	20.248081469001924	0.0	748011	2623.0117077109403	1.5
30853.06759472691	1500.0	21.602951324302268	0.0	754517	2645.130144699658	1.5
30856.016189161375	1500.0	22.6543568898361	0.0	934743	2948.5944344661643	1.5
30857.85643085683	1500.0	24.81411519437836	0.0	735572	1840.241695457741	1.5
30859.78531974572	1500.0	26.885226305489468	0.0	772616	1928.888888888889	1.5
30864.848926930776	4000.0	25.821619120433905	0.0	2082556	5063.607185055564	4.0
30870.54076512825	4000.0	24.129780922955824	0.0	2164412	5691.838197478082	4.0
30872.812470614324	1500.0	25.858075436879997	0.0	835711	2271.705486075825	1.5
30878.285641563234	4000.0	24.384904487973674	0.0	1950922	5473.170948906322	4.0
30883.812528034396	4000.0	22.85801801681151	0.0	1849252	5526.886471162166	4.0
30889.75261532687	4000.0	20.917930724336546	0.0	1822097	5940.087292474962	4.0
30892.72372733008	1500.0	21.946818721124988	0.0	855209	2971.112003211562	1.5
30894.983738739575	1500.0	23.68680731162975	0.0	644861	2260.011409495236	1.5
30897.555417712047	1500.0	25.115128339156563	0.0	794014	2571.6789724731857	1.5
30900.35119678937	1500.0	26.31934926183363	0.0	914284	2795.7790773229367	1.5
30902.438315326453	1500.0	28.232230724750178	0.0	675709	2087.118537083449	1.5
30907.84317046904	4000.0	26.82737558216033	0.0	2002600	5404.855142589849	4.0
30909.493896891105	1500.0	29.1766491600968	0.0	757473	1650.7264220635313	1.5
30913.611415262265	4000.0	29.059130788941133	0.0	1947068	4117.518371155666	4.0
30919.75204003788	4000.0	26.918506013322947	0.0	2544033	6140.624775618187	4.0
30925.726591039893	4000.0	24.94395501131199	0.0	2125133	5974.551002010957	4.0
30930.37887987205	4000.0	24.291666179153683	0.0	1828568	4652.288832158305	4.0
30934.805265025687	4000.0	23.865281025518147	0.0	1785821	4426.385153635534	4.0
30940.279322910897	4000.0	22.39122314030532	0.0	2096494	5474.057885212824	4.0
30945.576605280316	4000.0	21.09394077088367	0.0	1955307	5297.282369421653	4.0
30947.48580549144	1500.0	23.18474055975943	0.0	691256	1909.2002111242405	1.5
30952.930505196906	4000.0	21.74004085429138	0.0	2094647	5444.6997054680505	4.0
30958.039445269213	4000.0	20.631100781985207	0.0	1985434	5108.940072306173	4.0
30962.48532581595	4000.0	20.18522023524878	0.0	1830641	4445.880546736425	4.0
30966.612558596287	4000.0	20.05798745491221	0.0	1697030	4127.232780336568	4.0
30972.14185541062	4000.0	18.5286906405785	0.0	1910697	5529.296814333709	4.0
30974.082343485847	1500.0	20.588202565353583	0.0	629438	1940.4880752249176	1.5
30976.420116665726	1500.0	22.250429385475137	0.0	763847	2337.7731798784434	1.5
30980.85356809694	4000.0	21.816977954258583	0.0	1750852	4433.451431216556	4.0
30982.821966964322	1500.0	23.848579086873816	0.0	808636	1968.3988673847682	1.5

