21912.06167312382	600.0	4.0	0.6264573197700132	247108	626.4573197700132	-11.929146395400265
21912.359755830585	200.0	7.701917293233082	0.0	98617	298.08270676691734	0.2
21913.077630664728	600.0	10.984042459088897	0.0	288447	717.8748341441841	0.6
21914.746421022977	1500.0	13.315252100840334	0.0	718451	1668.7903582485626	1.5
21932.850555522426	8000.0	4.0	4.788882398607504	4143114	18104.13449944784	-87.77764797215009
21933.399684534346	200.0	7.450870988080584	0.0	97658	549.1290119194164	0.2
21935.055031458414	600.0	9.79552406401057	0.0	327938	1655.3469240700153	0.6
21938.88344710678	1500.0	9.967108415648363	0.0	780303	3828.415648362207	1.5
21942.65505536373	1500.0	10.195500158693998	0.0	891463	3771.6082569543655	1.5
21944.415067472437	1500.0	12.435488049990868	0.0	763093	1760.0121087031303	1.5
21949.106867403636	4000.0	11.743688118790319	0.0	2094766	4691.79993120055	4.0
21953.688087317176	4000.0	11.1624682052528	0.0	1761739	4581.219913537517	4.0
21962.65544792852	4000.0	6.195107593909821	0.0	2131310	8967.36061134298	4.0
21962.91550749043	200.0	9.935048031996047	0.0	80867	260.05956191377436	0.2
21964.675525303337	1500.0	12.175030219087253	0.0	754517	1760.0178129087924	1.5
21969.72470117798	4000.0	11.125854344445598	0.0	2231719	5049.175874641655	4.0
21973.866954603527	4000.0	10.983600918899484	0.0	1835863	4142.253425546113	4.0
21975.62728518204	1500.0	13.223270340387087	0.0	772616	1760.3305785123966	1.5
21984.27035171075	8000.0	8.58020381167481	0.0	3873892	8643.066528712277	8.0
21985.10559573541	600.0	11.744959787014198	0.0	310849	835.2440246606129	0.6
21990.966524456522	4000.0	9.884031065903862	0.0	2379358	5860.928721110336	4.0
21993.005753053116	1500.0	11.8448024693114	0.0	806394	2039.2285965924623	1.5
21997.29028189458	4000.0	11.560273627848368	0.0	1849252	4284.528841463033	4.0
22001.50055773222	4000.0	11.349997790205808	0.0	1822097	4210.275837642559	4.0
22007.33610089536	4000.0	9.514454627068073	0.0	1836837	5835.543163137736	4.0
22009.88559085491	1500.0	10.96496466751708	0.0	644861	2549.4899595509924	1.5
22013.006261015988	1500.0	11.844294506439079	0.0	794014	3120.670161078002	1.5
22021.282340694663	4000.0	7.568214827766193	0.0	2055338	8276.079678672886	4.0
22022.526602227354	600.0	10.323953295074608	0.0	291029	1244.2615326915866	0.6
22025.593240061775	1500.0	11.257315460652917	0.0	707527	3066.6378344216896	1.5
22036.804880796408	4000.0	4.045674726021123	0.0	2290706	11211.640734631794	4.0
22037.713162954085	200.0	7.137392568344774	0.0	118522	908.2821576763486	0.2
22039.964557581734	600.0	8.885997940696816	0.0	310713	2251.394627647958	0.6
22042.450924037294	600.0	10.399631485138833	0.0	344336	2486.366455557982	0.6
22047.47343705601	1500.0	9.377118466419866	0.0	670327	5022.513018718968	1.5
22053.51817722022	1500.0	7.332378302213137	0.0	785519	6044.74016420673	1.5
22054.968235802062	600.0	9.882319720367363	0.0	284947	1450.0585818457748	0.6
22057.806154417125	1500.0	11.044401105304186	0.0	866245	2837.9186150631776	1.5
22064.657119228945	4000.0	8.193436293484115	0.0	2142800	6850.9648118200685	4.0
22065.339152444845	600.0	11.511403077580745	0.0	284107	682.033215903372	0.6
22069.626360348855	4000.0	11.224195173573117	0.0	1985434	4287.207904007629	4.0
22073.585556174352	4000.0	11.264999348075806	0.0	1830641	3959.1958254973115	4.0
22077.77628389183	4000.0	11.074271630599178	0.0	1697030	4190.727717476628	4.0
22082.778302857874	4000.0	10.072252664554515	0.0	1910697	5002.018966044662	4.0
22084.479756062625	1500.0	12.370799459808174	0.0	629438	1701.4532047463413	1.5
22089.09938980716	4000.0	11.751165715270306	0.0	2042818	4619.633744537868	4.0
22092.997105198698	4000.0	11.853450323736057	0.0	1750852	3897.715391534248	4.0
22098.402811203552	4000.0	10.447744318880217	0.0	2034636	5405.706004855841	4.0

