11863.59350425614	600.0	4.0	0.9999422960584486	247108	999.9422960584486	-19.39884592116897
11864.0406390693	200.0	7.552865186839778	0.0	98617	447.1348131602215	0.2
11865.194479638893	600.0	10.399024617246033	0.0	288447	1153.8405695937456	0.6
11867.949154123513	1500.0	11.644350132625993	0.0	718451	2754.674484620038	1.5
11875.68050951109	4000.0	7.912994745047356	0.0	2069289	7731.355387578638	4.0
11876.968996296138	600.0	10.62450796000148	0.0	330929	1288.4867850458759	0.6
11879.743671057628	1500.0	11.84983319850972	0.0	737903	2774.674761491761	1.5
11888.221707521456	4000.0	7.371796734682653	0.0	2058614	8478.036463827066	4.0
11889.59090904026	600.0	10.002595215877742	0.0	290723	1369.2015188049113	0.6
11893.054819685753	1500.0	10.538684570385655	0.0	763093	3463.9106454920875	1.5
11896.022788236782	1500.0	11.570716019357521	0.0	769316	2967.9685510281347	1.5
11902.584088735735	4000.0	9.009415520403712	0.0	1761739	6561.300498953807	4.0
11904.875408030272	1500.0	10.718096225867903	0.0	606092	2291.31929453581	1.5
11907.667005103021	1500.0	11.926499153117149	0.0	748011	2791.597072750754	1.5
11915.436273042289	4000.0	8.157231213849135	0.0	2157416	7769.267939268014	4.0
11916.604985257263	600.0	10.988518998875673	0.0	324375	1168.7122149734641	0.6
11919.153813685447	1500.0	12.439690570690821	0.0	735572	2548.8284281848505	1.5
11926.984877749554	4000.0	8.608626506584763	0.0	2192675	7831.064064106061	4.0
11928.342373879583	600.0	11.251130376553803	0.0	330105	1357.4961300309596	0.6
11937.060796206544	4000.0	6.532708049592509	0.0	2164412	8718.422326961294	4.0
11937.629174664069	200.0	9.964329592067818	0.0	114656	568.3784575246918	0.2
11941.14401852638	1500.0	10.4494857297565	0.0	806394	3514.843862311317	1.5
11944.643342368261	1500.0	10.950161887876007	0.0	809327	3499.323841880492	1.5
11947.285337718082	1500.0	12.308166538055673	0.0	681795	2641.995349820334	1.5
11954.26765858048	4000.0	9.325845675658716	0.0	1836837	6982.320862396957	4.0
11956.734087583654	1500.0	10.859416672486143	0.0	644861	2466.4290031725745	1.5
11959.745448251873	1500.0	11.848056004265832	0.0	794014	3011.3606682203094	1.5
11967.375506713974	4000.0	8.21799754216507	0.0	2055338	7630.058462100761	4.0
11968.514154889488	600.0	11.07934936665069	0.0	291029	1138.64817551438	0.6
11975.954355505126	4000.0	7.639148751014397	0.0	2002600	7440.200615636294	4.0
11976.983340626157	600.0	10.610163629983974	0.0	240372	1028.9851210304241	0.6
11979.875249723795	1500.0	11.718254532345362	0.0	712239	2891.9090976386115	1.5
11990.067035944614	4000.0	5.526468311525072	0.0	2544033	10191.786220820291	4.0
11990.505108873014	200.0	9.088395383127045	0.0	89422	438.07292839802784	0.2
11993.269302381035	1500.0	10.324201875105922	0.0	670327	2764.193508021123	1.5
11996.420466257865	1500.0	11.173037998276955	0.0	785519	3151.163876828967	1.5
12004.284719483521	4000.0	7.30878477262022	0.0	2096494	7864.253225656735	4.0
12005.580581360435	600.0	10.012922895705714	0.0	327462	1295.8618769145087	0.6
12008.068350542442	1500.0	11.52515371369796	0.0	691256	2487.7691820077525	1.5
12015.434237626945	4000.0	8.159266629196123	0.0	2094647	7365.887084501837	4.0
12016.73514370025	600.0	10.858360555890373	0.0	315398	1300.9060733057502	0.6
12019.486827250661	1500.0	12.106677005480337	0.0	657685	2751.6835504100336	1.5
12026.418448001274	4000.0	9.175056254868512	0.0	1697030	6931.620750611825	4.0
12029.603381639718	1500.0	9.990122616424577	0.0	848035	3184.9336384439357	1.5
12031.98796012942	1500.0	11.605544126722059	0.0	629438	2384.578489702517	1.5
12038.94086400904	4000.0	8.652640247099695	0.0	2042818	6952.903879622364	4.0
12039.784796369166	600.0	11.808707886975153	0.0	256094	843.9323601245409	0.6
12045.934147003987	4000.0	9.659357252152175	0.0	2034636	6149.350634822978	4.0

