29649.663683295963	600.0	4.0	0.9991296261856055	247108	999.1296261856055	-19.38259252371211
29650.110493785083	200.0	7.5531895108796725	0.0	98617	446.8104891203273	0.2
29651.263385732265	600.0	10.40029756369723	0.0	288447	1152.8919471824438	0.6
29652.38371305233	600.0	13.279970243630277	0.0	279692	1120.3273200669519	0.6
29655.157765497934	1500.0	14.50591779802864	0.0	724296	2774.0524456016365	1.5
29657.803616344132	1500.0	15.860066951831875	0.0	689829	2645.8508461967645	1.5
29660.534544557962	1500.0	17.12913873800059	0.0	737903	2730.9282138312847	1.5
29663.323107060674	1500.0	18.34057623528874	0.0	780303	2788.56250271185	1.5
29666.497524555358	1500.0	19.166158740603965	0.0	891463	3174.4174946847747	1.5
29669.226348263433	1500.0	20.437335032529163	0.0	763093	2728.823708074804	1.5
29671.903835641202	1500.0	21.759847654763647	0.0	769316	2677.487377765516	1.5
29674.49033956595	1500.0	23.173343730017756	0.0	744416	2586.503924745891	1.5
29676.61109631588	1500.0	25.052586980086147	0.0	606092	2120.7567499316065	1.5
29679.209704872457	1500.0	26.45397842350878	0.0	748011	2598.608556577369	1.5
29681.910384101036	1500.0	27.75329919492643	0.0	754517	2700.6792285823476	1.5
29685.266089469325	1500.0	28.397593826636797	0.0	934743	3355.705368289638	1.5
29691.902358422085	4000.0	25.761324873877406	0.0	1835863	6636.268952759388	4.0
29694.879170532506	1500.0	26.78451276345888	0.0	772616	2976.812110418522	1.5
29697.76142389521	1500.0	27.902259400755597	0.0	747396	2882.2533627032853	1.5
29700.353701440396	1500.0	29.309981855573298	0.0	662349	2592.2775451822986	1.5
29705.069779382284	1500.0	28.593903913682997	0.0	835711	4716.077941890299	1.5
29709.623222278064	1500.0	28.040461017906004	0.0	806394	4553.442895776992	1.5
29712.8800157871	1500.0	28.78366750886429	0.0	809327	3256.7935090417113	1.5
29715.395922269472	1500.0	30.26776102649375	0.0	681795	2515.906482370542	1.5
29718.531399571126	1500.0	31.132283724839105	0.0	855209	3135.477301654646	1.5
29720.92402946582	1500.0	32.73965383014176	0.0	644861	2392.6298946973393	1.5
29723.98505206244	1500.0	33.67863123352539	0.0	794014	3061.022596616374	1.5
29731.76242866691	4000.0	29.90125462905474	0.0	2055338	7777.37660447065	4.0
29734.323972955015	1500.0	31.339710340946766	0.0	675709	2561.5442881079716	1.5
29741.644469275117	4000.0	28.019214020845713	0.0	2002600	7320.496320101054	4.0
29744.049075689112	1500.0	29.614607606851543	0.0	757473	2404.606413994169	1.5
29750.10442631056	4000.0	27.559256985399955	0.0	1947068	6055.350621451588	4.0
29752.176199116213	1500.0	29.48748417974978	0.0	633700	2071.772805650174	1.5
29759.14982655924	4000.0	26.51385673672002	0.0	2125133	6973.627443029763	4.0
29765.510555267363	4000.0	24.153128028599724	0.0	1828568	6360.728708120296	4.0
29772.077503856653	4000.0	21.586179439309795	0.0	1785821	6566.948589289928	4.0
29775.495745385975	1500.0	22.16793790999174	0.0	681043	3418.2415293180566	1.5
29779.821784231634	1500.0	21.84189906433277	0.0	866245	4326.038845658967	1.5
29783.19102743985	1500.0	22.47265585611605	0.0	691256	3369.2432082167197	1.5
29786.59477890661	1500.0	23.068904389357797	0.0	725845	3403.7514667582495	1.5
29790.388527225205	1500.0	23.275156070763593	0.0	811013	3793.748318594202	1.5
29793.220117478813	1500.0	24.443565817154305	0.0	657685	2831.5902536092917	1.5
29796.185085862257	1500.0	25.478597433712448	0.0	767059	2964.968383441856	1.5
29799.45461126128	1500.0	26.209072034685626	0.0	848035	3269.525399026821	1.5
29801.901976391393	1500.0	27.761706904575846	0.0	629438	2447.3651301097766	1.5
29804.392871914377	1500.0	29.27081138159452	0.0	763847	2490.895522981329	1.5
29809.846055894737	4000.0	27.817627401235455	0.0	1750852	5453.183980359062	4.0
29812.40767627221	1500.0	29.256007023761157	0.0	808636	2561.620377474298	1.5

