21121.879813853735	600.0	4.0	0.7064026109826039	247108	706.402610982604	0.11076894	-13.528052219652078
21122.209801495927	200.0	7.670012357806014	0.0	98617	329.9876421939859	0.004705182	0.2
21122.559711188882	200.0	11.320102664849962	0.0	106476	349.9096929560506	0.004705182	0.2
21122.931811699036	200.0	14.94800215469438	0.0	115230	372.1005101555816	0.004705182	0.2
21123.25936833898	200.0	18.620445514750152	0.0	97658	327.5566399442315	0.004705182	0.2
21123.586924978925	200.0	22.292888874805918	0.0	97658	327.5566399442315	0.004705182	0.2
21123.960450122304	200.0	25.91936373142368	0.0	115792	373.52514338223654	0.004705182	0.2
21124.313396666872	200.0	29.56641718685636	0.0	107674	352.94654456731837	0.004705182	0.2
21126.653197040778	1500.0	31.226616812953512	0.0	891463	2339.800373902849	0.5130531	1.5
21140.41452184939	12000.0	21.465292004339915	0.0	5088378	13761.324808613597	0.004705182	12.0
21140.76096965437	200.0	25.118844199359646	0.0	95365	346.44780498026756	0.004705182	0.2
21142.927172904427	1500.0	26.952640949303316	0.0	744416	2166.203250056329	0.07819003	1.5
21143.295626345724	200.0	30.58418750800777	0.0	102419	368.45344129554655	0.004705182	0.2
21145.48232868686	1500.0	32.397485166870645	0.0	748011	2186.7023411371238	0.004705182	1.5
21147.687354562586	1500.0	34.192459291144544	0.0	754517	2205.025875726105	0.004705182	1.5
21150.3999699472	1500.0	35.47984390652916	0.0	934743	2712.6153846153848	0.004705182	1.5
21152.551333325162	1500.0	37.328480528565116	0.0	735572	2151.3633779640463	0.004705182	1.5
21164.072035658457	12000.0	29.807778195272046	0.0	4055239	11520.702333293071	0.004705182	12.0
21166.571820761354	1500.0	31.3079930923764	0.0	747396	2499.7851028956475	0.004705182	1.5
21168.796255897636	1500.0	33.08355795609279	0.0	662349	2224.4351362836155	0.004705182	1.5
21171.58197151309	1500.0	34.29784234064124	0.0	835711	2785.7156154515474	0.03219623	1.5
21174.12726716425	1500.0	35.75254668947906	0.0	806394	2545.2956511621865	0.004705182	1.5
21185.544474358707	8000.0	28.335339495025387	0.0	3805854	11417.207194453671	0.57146204	8.0
21187.911897298527	1500.0	29.967916555205715	0.0	681795	2367.422939819669	0.004705182	1.5
21190.861124390158	1500.0	31.01868946357225	0.0	855209	2949.2270916334664	0.004705182	1.5
21200.293068030627	8000.0	25.58674582310486	0.0	3253093	9431.94364046739	0.6968179	8.0
21202.553189870927	1500.0	27.326623982801458	0.0	794014	2260.1218403033995	0.004705182	1.5
21205.622526453757	1500.0	28.25728739997424	0.0	914284	3069.3365828272226	0.010422511	1.5
21208.071461113468	1500.0	29.80835274026084	0.0	675709	2448.9346597133967	0.5294362	1.5
21210.631944920824	1500.0	31.24786893290732	0.0	707527	2560.4838073535216	0.004705182	1.5
21223.66836912857	8000.0	22.21144472515882	0.0	4025712	13036.424207748501	0.005417766	8.0
21226.287658758236	1500.0	23.592155095496178	0.0	712239	2619.289629662641	0.004705182	1.5
21228.626939474845	1500.0	25.252874378886702	0.0	633700	2339.280716609475	0.004705182	1.5
21231.399187792507	1500.0	26.48062606122549	0.0	755142	2772.2483176612154	0.7513535	1.5
21233.869051868445	1500.0	28.010761985286273	0.0	670327	2469.8640759392133	0.08519961	1.5
21238.26285796713	4000.0	27.616955886601936	0.0	1785821	4393.806098684337	0.7909291	4.0
21249.008620951157	8000.0	20.871192902577153	0.0	4018228	10745.762984024785	0.016615504	8.0
21251.72493997423	1500.0	22.154873879504475	0.0	866245	2716.31902307268	0.005041063	1.5
21265.809024084378	8000.0	12.070789769354727	0.0	4857577	14084.084110149746	0.4397701	8.0
21266.213543318972	200.0	15.666270534760304	0.0	101968	404.5192345944225	0.054235373	0.2
21268.874640506387	1500.0	17.005173347347327	0.0	811013	2661.097187412977	0.049527656	1.5
21274.775548439236	4000.0	15.104265414495272	0.0	1830641	5900.907932852057	0.01492859	4.0
21280.142555079037	4000.0	13.737258774699335	0.0	1697030	5367.006639795938	0.66770035	4.0
21286.13886623715	4000.0	11.740947616585752	0.0	1910697	5996.311158113582	0.53045154	4.0
21292.817370292305	4000.0	9.06244356142801	0.0	2171279	6678.504055157742	0.09223891	4.0
21295.152526584297	1500.0	10.727287269437259	0.0	763847	2335.1562919907524	0.004705182	1.5
21299.58950555655	4000.0	10.290308297183929	0.0	1750852	4436.978972253329	0.010723359	4.0
21304.732678382232	4000.0	9.147135471502704	0.0	2034636	5143.172825681225	0.019380435	4.0

