8353.775819218512	600.0	4.0	0.5360397706956412	247108	536.0397706956412	-10.120795413912825
8354.0378176729	200.0	7.738001545612883	0.0	98617	261.9984543871184	0.2
8354.314319974017	200.0	11.461499244495197	0.0	106476	276.50230111768576	0.2
8354.606977851452	200.0	15.168841367059992	0.0	115230	292.65787743520536	0.2
8354.867206463745	200.0	18.908612754766605	0.0	97658	260.22861229338963	0.2
8356.220291345575	1500.0	21.555527872936782	0.0	689829	1353.0848818298214	1.5
8357.662097175073	1500.0	24.113722043438642	0.0	737903	1441.8058294981372	1.5
8358.249285197726	600.0	27.526534020785036	0.0	274823	587.1880226536098	0.6
8364.86932968705	8000.0	24.906489531461194	0.0	3448932	6620.044489323843	8.0
8376.512331425327	12000.0	17.26348779318444	0.0	5088378	11643.001738276753	12.0
8378.305300892887	1500.0	19.470518325623416	0.0	769316	1792.9694675610233	1.5
8379.0212751755	600.0	22.754544043010487	0.0	285624	715.9742826129311	0.6
8390.318088548016	12000.0	15.457730670495893	0.0	5575398	11296.813372514593	12.0
8390.893854795053	600.0	18.88196442345729	0.0	266809	575.7662470386026	0.6
8391.464611519168	600.0	22.311207699343388	0.0	264113	570.7567241139036	0.6
8393.2814870708	1500.0	24.49433214771055	0.0	934743	1816.8755516328333	1.5
8393.994528367777	600.0	27.781290850734663	0.0	340687	713.0412969758908	0.6
8402.517658948165	12000.0	23.258160270347567	0.0	4055239	8523.130580387098	12.0
8414.003125909207	12000.0	15.772693309304065	0.0	5385367	11485.4669610435	12.0
8415.477667925203	1500.0	18.29815129330792	0.0	662349	1474.542015996147	1.5
8426.540183327606	12000.0	11.235635890905531	0.0	5251330	11062.51540240239	12.0
8428.32982237992	1500.0	13.445996838591967	0.0	806394	1789.6390523135633	1.5
8436.357073095727	8000.0	9.418746122782755	0.0	3805854	8027.250715809213	8.0
8437.01575428145	600.0	12.760064937059827	0.0	298925	658.681185722928	0.6
8438.751331292944	1500.0	15.024487925565575	0.0	855209	1735.577011494253	1.5
8445.128909998328	8000.0	12.646909220181424	0.0	3253093	6377.57870538415	8.0
8445.802417260618	600.0	15.973401957889514	0.0	324657	673.5072622919087	0.6
8451.857861200418	8000.0	13.91795801809078	0.0	3354913	6055.443939798735	8.0
8452.105272367931	200.0	17.670546850578088	0.0	93993	247.41116751269035	0.2
8463.091779930797	12000.0	10.684039287714027	0.0	5411094	10986.50756286406	12.0
8464.797760048054	1500.0	12.978059170456827	0.0	757473	1705.9801172572013	1.5
8473.301717436943	8000.0	8.474101781568441	0.0	3568902	8503.957388888386	8.0
8474.124206235558	600.0	11.651612982954425	0.0	310713	822.4887986140152	0.6
8474.417891640898	200.0	15.357927577613605	0.0	89422	293.6854053408208	0.2
8475.17762400245	600.0	18.598195216062738	0.0	284451	759.7323615508692	0.6
8478.802600114506	4000.0	18.97321910400544	0.0	1785821	3624.976112057295	4.0
8479.0747951561	200.0	22.701024062410845	0.0	102088	272.19504159459683	0.2
8479.306165130332	200.0	26.46965408817949	0.0	80403	231.369974231353	0.2
8489.567015192892	12000.0	20.208804025619358	0.0	5257310	10260.850062560132	12.0
8490.233694937866	600.0	23.54212428064633	0.0	284107	666.679744973026	0.6
8499.881145472335	12000.0	17.89467374617725	0.0	4828747	9647.45053446908	12.0
8501.173579798078	1500.0	20.602239420432944	0.0	657685	1292.4343257443084	1.5
8504.382034033491	4000.0	21.39378518501954	0.0	1697030	3208.454235413403	4.0
8504.976252855504	600.0	24.799566363008296	0.0	278938	594.2188220112454	0.6
8512.556657342553	8000.0	21.219161875958786	0.0	3682991	7580.40448704951	8.0
8514.244756289921	1500.0	23.531062928590366	0.0	763847	1688.0989473684212	1.5
8526.22747775934	12000.0	15.548341459172882	0.0	5704199	11982.721469417485	12.0
8539.615245510231	12000.0	6.1605737082792835	0.0	5646381	13387.767750893598	12.0

