21075.777303523646	600.0	4.0	0.8277216937420807	247108	827.7216937420807	-15.954433874841614
21076.79448831098	600.0	6.9828152126633505	0.0	309722	1017.1847873366493	0.6
21077.74729728275	600.0	10.030006240898688	0.0	288447	952.8089717646615	0.6
21080.001251175745	1500.0	11.776052347901734	0.0	718451	2253.953892996955	1.5
21082.272891397395	1500.0	13.504412126255271	0.0	724296	2271.6402216464626	1.5
21084.44023825898	1500.0	15.337065264670839	0.0	689829	2167.3468615844317	1.5
21086.922062173624	1500.0	16.855241350025643	0.0	737903	2481.823914645194	1.5
21089.684091819166	1500.0	18.093211704483217	0.0	780303	2762.0296455424277	1.5
21092.82819665268	1500.0	18.949106870970862	0.0	891463	3144.1048335123523	1.5
21095.53107269994	1500.0	20.246230823709855	0.0	763093	2702.8760472610097	1.5
21098.066353812555	1500.0	21.710949711094454	0.0	769316	2535.2811126154006	1.5
21100.50569378839	1500.0	23.271609735261006	0.0	744416	2439.339975833449	1.5
21102.506631925982	1500.0	25.270671597670134	0.0	606092	2000.9381375908722	1.5
21108.296672703163	4000.0	23.480630820491537	0.0	1805063	5790.040777178598	4.0
21110.75638332804	1500.0	25.02092019561474	0.0	754517	2459.7106248767986	1.5
21113.7845181595	1500.0	25.992785364154063	0.0	934743	3028.134831460674	1.5
21120.251143589565	4000.0	23.526159934091407	0.0	1835863	6466.625430062657	4.0
21123.202388073234	1500.0	24.574915450419738	0.0	772616	2951.244483671668	1.5
21126.05990839655	1500.0	25.717395127104833	0.0	747396	2857.520323314907	1.5
21128.26901814259	1500.0	27.5082853810669	0.0	662349	2209.1097460379315	1.5
21130.951668407302	1500.0	28.825635116351858	0.0	835711	2682.650264715042	1.5
21137.140049595968	4000.0	26.63725392768829	0.0	1950922	6188.381188663569	4.0
21143.451601585184	4000.0	24.32570193847155	0.0	1849252	6311.5519892167395	4.0
21145.82909321341	1500.0	25.948210310241308	0.0	681795	2377.4916282302397	1.5
21152.178318115977	4000.0	23.598985407679503	0.0	1836837	6349.224902561807	4.0
21154.46490422774	1500.0	25.312399295914922	0.0	644861	2286.58611176458	1.5
21157.261000862345	1500.0	26.51630266131252	0.0	794014	2796.096634602403	1.5
21160.451802350915	1500.0	27.32550117274261	0.0	914284	3190.80148856991	1.5
21162.830865402484	1500.0	28.946438121174296	0.0	675709	2379.0630515683147	1.5
21169.40273476114	4000.0	26.374568762514254	0.0	2002600	6571.869358660043	4.0
21171.710719392646	1500.0	28.066584131008838	0.0	757473	2307.984631505414	1.5
21177.51777448485	4000.0	26.259529038804278	0.0	1947068	5807.055092204563	4.0
21179.477457842593	1500.0	28.29984568106156	0.0	633700	1959.683357742719	1.5
21185.861035455167	4000.0	25.916268068484854	0.0	2125133	6383.577612576703	4.0
21191.53843535908	4000.0	24.23886816457031	0.0	1828568	5677.399903914541	4.0
21197.169743085764	4000.0	22.60756043788927	0.0	1785821	5631.307726681045	4.0
21199.621462050844	1500.0	24.155841472808135	0.0	681043	2451.7189650811347	1.5
21202.864816229874	1500.0	24.9124872937786	0.0	866245	3243.354179029534	1.5
21205.469145439714	1500.0	26.308158083936995	0.0	691256	2604.3292098416036	1.5
21208.19507205843	1500.0	27.582231465223828	0.0	725845	2725.926618713168	1.5
21210.95860178648	1500.0	28.818701737170887	0.0	811013	2763.529728052942	1.5
21217.09593939376	4000.0	26.68136412989139	0.0	1830641	6137.337607279495	4.0
21223.120181047547	4000.0	24.65712247610339	0.0	1697030	6024.241653788002	4.0
21226.215952740295	1500.0	25.561350783358012	0.0	848035	3095.7716927453775	1.5
21228.534352455797	1500.0	27.24295106785303	0.0	629438	2318.3997155049788	1.5
21230.82085714049	1500.0	28.956446383163467	0.0	763847	2286.504684689564	1.5
21235.951907788694	4000.0	27.825395734960225	0.0	1750852	5131.050648203242	4.0
21242.040879723896	4000.0	25.73642379975872	0.0	2034636	6088.971935201501	4.0

