14538.83035047202	600.0	4.0	0.9328317515099224	247108	932.8317515099224	-18.056635030198446
14541.43806401818	1500.0	5.3922864538395165	0.0	732405	2607.7135461604835	1.5
14543.74014167133	1500.0	7.090208800690251	0.0	643847	2302.0776531492666	1.5
14546.29969645994	1500.0	8.530654012079378	0.0	718451	2559.554788610872	1.5
14548.96820762984	1500.0	9.86214284217944	0.0	724296	2668.5111698999394	1.5
14551.792225728936	1500.0	11.038124743081907	0.0	689829	2824.0180990975314	1.5
14554.80747372138	1500.0	12.022876750639773	0.0	737903	3015.247992442135	1.5
14557.991381435872	1500.0	12.838969036148065	0.0	780303	3183.9077144917087	1.5
14561.46289695103	1500.0	13.367453520987379	0.0	891463	3471.5155151606855	1.5
14564.421949959897	1500.0	14.408400512121126	0.0	763093	2959.0530088662517	1.5
14567.404481557709	1500.0	15.425868914309392	0.0	769316	2982.531597811734	1.5
14570.338862857549	1500.0	16.491487614468287	0.0	744416	2934.3812998411054	1.5
14572.778517333545	1500.0	18.051833138472475	0.0	606092	2439.6544759958147	1.5
14575.770694864752	1500.0	19.059655607265817	0.0	748011	2992.1775312066575	1.5
14578.788201738733	1500.0	20.042148733284748	0.0	754517	3017.5068739810695	1.5
14582.5073695612	1500.0	20.322980910815954	0.0	934743	3719.1678224687935	1.5
14585.451119226627	1500.0	21.37923124539025	0.0	735572	2943.7496654257	1.5
14588.539089638094	1500.0	22.291260833924696	0.0	772616	3087.970411465557	1.5
14591.276988975951	1500.0	23.55336149606675	0.0	747396	2737.8993378579426	1.5
14593.628029606845	1500.0	25.202320865173558	0.0	662349	2351.040630893194	1.5
14596.57348820448	1500.0	26.256862267539407	0.0	835711	2945.458597634151	1.5
14603.912769258703	4000.0	22.917581213316765	0.0	1950922	7339.281054222644	4.0
14611.178673132106	4000.0	19.651677339911522	0.0	1849252	7265.903873405242	4.0
14617.85255999796	4000.0	16.97779047405759	0.0	1822097	6673.886865853935	4.0
14624.49289708629	4000.0	14.337453385730434	0.0	1836837	6640.337088327152	4.0
14631.995058221435	4000.0	10.83529225058369	0.0	1984579	7502.1611351467445	4.0
14640.863727289629	4000.0	5.96662318239108	0.0	2068230	8868.66906819261	4.0
14644.055786175728	1500.0	6.774564296291434	0.0	914284	3192.058886099647	1.5
14646.43577851713	1500.0	8.394571954888209	0.0	675709	2379.9923414032255	1.5
14648.924073628394	1500.0	9.906276843625816	0.0	707527	2488.2951112623923	1.5
14651.695880879779	1500.0	11.134469592241778	0.0	757473	2771.8072513840384	1.5
14654.42860184628	1500.0	12.401748625738835	0.0	712239	2732.720966502945	1.5
14656.868805761642	1500.0	13.961544710377675	0.0	633700	2440.2039153611586	1.5
14659.761318157183	1500.0	15.069032314837742	0.0	755142	2892.5123955399336	1.5
14662.759213814277	1500.0	16.07113665774438	0.0	670327	2997.895657093361	1.5
14666.516199274036	1500.0	16.314151197986035	0.0	785519	3756.9854597583453	1.5
14669.784136432105	1500.0	17.04621403991576	0.0	681043	3267.937158070273	1.5
14673.290009948581	1500.0	17.54034052343974	0.0	866245	3505.873516476021	1.5
14675.92312536871	1500.0	18.90722510331047	0.0	691256	2633.115420129271	1.5
14678.683993328083	1500.0	20.146357143938353	0.0	725845	2760.867959372115	1.5
14681.726441047014	1500.0	21.10390942500685	0.0	811013	3042.4477189315	1.5
14684.097876711061	1500.0	22.732473760960513	0.0	657685	2371.435664046339	1.5
14686.850381556127	1500.0	23.97996891589377	0.0	767059	2752.5048450667423	1.5
14689.885014310956	1500.0	24.94533616106504	0.0	848035	3034.6327548287354	1.5
14697.760573522466	4000.0	21.069776949556577	0.0	2171279	7875.559211508462	4.0
14705.258501176651	4000.0	17.57184929536956	0.0	2042818	7497.927654187015	4.0
14711.717164428455	4000.0	15.113186043566085	0.0	1750852	6458.663251803475	4.0
14718.745168014062	4000.0	12.085182457959734	0.0	2034636	7028.003585606351	4.0

