8814.791840475851	600.0	4.0	0.9207715045188729	247108	920.7715045188729	0.30776912	-17.815430090377458
8815.207379444486	200.0	7.584461031366295	0.0	98617	415.5389686337055	0.004705182	0.2
8815.649658232365	200.0	11.142182243487508	0.0	106476	442.27878787878785	0.004705182	0.2
8816.121722028218	200.0	14.670118447634238	0.0	115230	472.06379585326954	0.004705182	0.2
8816.53399805161	200.0	18.257842424242423	0.0	97658	412.2760233918129	0.004705182	0.2
8816.946274075002	200.0	21.84556640085061	0.0	97658	412.2760233918129	0.004705182	0.2
8817.42025004523	200.0	25.371590430622007	0.0	115792	473.9759702286018	0.004705182	0.2
8817.866604962828	200.0	28.925235513024987	0.0	107674	446.35491759702285	0.004705182	0.2
8820.979759242466	1500.0	29.812081233386497	0.0	891463	3113.1542796384906	0.004705182	1.5
8823.656141592279	1500.0	31.13569888357257	0.0	763093	2676.382349813929	0.68376327	1.5
8827.702337768325	1500.0	31.089502707526393	0.0	769316	4046.196176046176	0.21706566	1.5
8832.446598419954	1500.0	30.34524205589732	0.0	744416	4744.260651629073	0.004705182	1.5
8835.480374789837	1500.0	31.31146568601578	0.0	606092	3033.77636988154	0.004705182	1.5
8837.448576228686	1500.0	33.34326424716686	0.0	748011	1968.201438848921	0.004705182	1.5
8839.433200739604	1500.0	35.35863973624927	0.0	754517	1984.6245109175818	0.004705182	1.5
8841.872769084926	1500.0	36.91907139092553	0.0	934743	2439.568345323741	0.004705182	1.5
8843.809570801448	1500.0	38.98226967440401	0.0	735572	1936.8017165215197	0.004705182	1.5
8846.082101359996	1500.0	40.709739115854894	0.0	772616	2272.5305585491124	0.040074237	1.5
8848.912914757128	1500.0	41.878925718725704	0.0	747396	2830.813397129187	0.004705182	1.5
8851.43071011966	1500.0	43.3611303561935	0.0	662349	2517.7953625322048	0.004705182	1.5
8854.586569523413	1500.0	44.205270952439356	0.0	835711	3155.8594037541407	0.00554295	1.5
8864.858054329467	8000.0	37.93378614638669	0.0	3905272	10271.484806052675	0.006394369	8.0
8867.80122730661	1500.0	38.990613169241975	0.0	809327	2943.172977144717	0.6775177	1.5
8881.758092365095	8000.0	29.03374811075603	0.0	4032749	13956.865058485944	0.33968297	8.0
8882.103601218923	200.0	32.68823925692756	0.0	94556	345.5088538284691	0.6593063	0.2
8883.994340939182	1500.0	34.79749953666993	0.0	644861	1890.7397202576299	0.004705182	1.5
8898.088835388018	8000.0	24.703005087833855	0.0	4274504	14094.494448836074	0.0064517125	8.0
8900.645269509667	1500.0	26.14657096618364	0.0	914284	2556.4341216502175	0.004705182	1.5
8902.555498217493	1500.0	28.23634225835746	0.0	675709	1910.2287078261754	0.004705182	1.5
8917.49591509619	8000.0	17.295925379660176	0.0	4435580	14940.416878697286	0.2192321	8.0
8920.113194332467	1500.0	18.67864614338333	0.0	757473	2617.2792362768496	0.028969456	1.5
8922.578954915309	1500.0	20.212885560541977	0.0	712239	2465.7605828413516	0.004705182	1.5
8924.781636320493	1500.0	22.010204155358373	0.0	633700	2202.6814051836036	0.7871502	1.5
8927.272864511027	1500.0	23.51897596482216	0.0	755142	2491.2281905362092	0.004705182	1.5
8932.572683957951	4000.0	22.21915651789977	0.0	1828568	5299.819446922391	0.02326633	4.0
8934.895021870529	1500.0	23.896818605321712	0.0	785519	2322.3379125780552	0.027211383	1.5
8936.944600439863	1500.0	25.847240035987394	0.0	681043	2049.5785693343196	0.0376783	1.5
8950.211812904108	8000.0	16.580027571743113	0.0	3739359	13267.21246424428	0.004705182	8.0
8952.458207827032	1500.0	18.333632648819876	0.0	691256	2246.3949229232367	0.004705182	1.5
8959.635340806393	4000.0	15.156499669459153	0.0	2094647	7177.132979360723	0.5287734	4.0
8962.92322392424	1500.0	15.868616551612872	0.0	811013	3287.8831178462833	0.30510846	1.5
8965.6046330365	1500.0	17.187207439353596	0.0	657685	2681.4091122592768	0.13754524	1.5
8972.095910704478	4000.0	14.695929771374683	0.0	1697030	6491.277667978911	0.00821195	4.0
8975.331609939309	1500.0	15.460230536544346	0.0	848035	3235.699234830337	0.26654822	1.5
8982.405476413338	4000.0	12.386364062516527	0.0	2171279	7073.866474027817	0.6816953	4.0
8988.88464145977	4000.0	9.907199016083839	0.0	2042818	6479.16504643269	0.039063428	4.0
8991.651177202111	1500.0	11.14066327374291	0.0	769491	2766.535742340927	0.12322598	1.5
8998.505405986205	4000.0	8.286434489648737	0.0	2034636	6854.228784094173	0.5733893	4.0

