27476.292688529826	600.0	4.0	1.6981255627404437	247108	1698.1255627404437	0.036093168	-33.36251125480887
27477.01845754022	200.0	7.274230989604649	0.0	98617	725.7690103953508	0.004705182	0.2
27477.795689266502	200.0	10.4969992633216	0.0	106476	777.2317262830483	0.004705182	0.2
27478.630244394604	200.0	13.662444135221413	0.0	115230	834.5551281001883	0.004705182	0.2
27479.349733630916	200.0	16.942954898911353	0.0	97658	719.4892363100598	0.004705182	0.2
27480.069222867223	200.0	20.223465662601296	0.0	97658	719.4892363100598	0.004705182	0.2
27480.907458113194	200.0	23.385230416632563	0.0	115792	838.2352459687321	0.004705182	0.2
27481.692534645892	200.0	26.600153883932226	0.0	107674	785.0765327003356	0.004705182	0.2
27482.396615844224	200.0	29.896072685602032	0.0	95305	704.0811983301955	0.004705182	0.2
27483.166965357195	200.0	33.125723172628305	0.0	105425	770.3495129737253	0.004705182	0.2
27483.87143945067	200.0	36.421249079152005	0.0	95365	704.4740934763036	0.004705182	0.2
27484.575762934342	200.0	39.716925595481705	0.0	95342	704.3234836702956	0.004705182	0.2
27485.326428400494	200.0	42.966260129327985	0.0	102419	750.6654661537202	0.004705182	0.2
27485.824921188218	200.0	46.46776734160622	0.0	80867	498.492787721773	0.004705182	0.2
27486.175015027467	200.0	50.117673502356936	0.0	82750	350.09383924928596	0.004705182	0.2
27486.563059091113	200.0	53.729629438709445	0.0	94377	388.0440636474908	0.020129789	0.2
27486.936395688423	200.0	57.35629284140222	0.0	89871	373.33659730722155	0.004705182	0.2
27500.41913568009	12000.0	47.873552849733116	0.0	4055239	13482.739991669108	0.004705182	12.0
27500.807610170104	200.0	51.48507835972082	0.0	90919	388.4744900122991	0.015513236	0.2
27501.17897451974	200.0	55.11371401008767	0.0	85876	371.36434963314815	0.17742804	0.2
27515.029877320754	12000.0	45.26281120906901	0.0	5251330	13850.902801018667	0.04019533	12.0
27515.336686504088	200.0	48.95600202573591	0.0	97742	306.8091833330916	0.009534177	0.2
27527.998548758398	12000.0	40.294139771427	0.0	5141915	12661.862254308915	0.004705182	12.0
27528.272719800418	200.0	44.01996872940948	0.0	85752	274.1710420175203	0.004705182	0.2
27528.566826025915	200.0	47.725862503910264	0.0	94556	294.1062254992146	0.004705182	0.2
27536.012910287387	8000.0	44.279778242436464	0.0	3253093	7446.084261473798	0.004705182	8.0
27548.246925111536	12000.0	36.04576341828682	0.0	5138482	12234.014824149643	0.004705182	12.0
27556.544464072376	8000.0	31.748224457446675	0.0	3354913	8297.538960840146	0.004705182	8.0
27556.85469094847	200.0	35.43799758135593	0.0	93993	310.22687609075047	0.26218596	0.2
27574.82487201372	12000.0	21.467816516102488	0.0	5411094	17970.18106525344	0.10387325	12.0
27575.60898888954	200.0	24.683699640283045	0.0	93982	784.1168758194419	0.007996091	0.2
27576.57696041979	200.0	27.715728110033936	0.0	118522	967.9715302491104	0.05118853	0.2
27579.052009957963	1500.0	29.240678571862706	0.0	633700	2475.0495381712267	0.66661614	1.5
27579.42399420318	200.0	32.86869432664322	0.0	89422	371.9842452194853	0.20906979	0.2
27579.857374746436	200.0	36.435313783389006	0.0	108225	433.3805432542193	0.07838457	0.2
27580.224033386054	200.0	40.068655143769405	0.0	87791	366.6586396195996	0.09889044	0.2
27582.527801880577	1500.0	41.764886649248886	0.0	681043	2303.76849452052	0.6581005	1.5
27582.870336930882	200.0	45.42235159894379	0.0	80403	342.5350503050958	0.64520866	0.2
27599.41931197227	12000.0	32.87337655755988	0.0	5257310	16548.97504138391	0.3203127	12.0
27599.74429853282	200.0	36.548389997007284	0.0	101968	324.986560552594	0.28017023	0.2
27614.28721406934	12000.0	26.00547446048713	0.0	4828747	14542.915536520153	0.264041	12.0
27621.52268453737	4000.0	22.770003992457625	0.0	1830641	7235.470468029506	0.0141219245	4.0
27627.63509439274	4000.0	20.657594137088935	0.0	1697030	6112.409855368688	0.004705182	4.0
27634.107336590896	4000.0	18.185351938930225	0.0	1910697	6472.242198158712	0.011260996	4.0
27645.87129946102	8000.0	10.421389068804386	0.0	3682991	11763.962870125837	0.7560169	8.0
27652.66032592345	4000.0	7.632362606377344	0.0	2042818	6789.026462427042	0.68051934	4.0
27658.5797894763	4000.0	5.71289905352736	0.0	1750852	5919.463552849985	0.055045947	4.0
27660.541404926924	1500.0	7.751283602908551	0.0	808636	1961.61545061881	0.005472621	1.5

