21274.590715104663	600.0	4.0	0.8831298624794328	247108	883.1298624794329	-17.062597249588656
21277.05111690035	1500.0	5.539598204310468	0.0	732405	2460.4017956895323	1.5
21279.22369485237	1500.0	7.367020252290318	0.0	643847	2172.5779520201504	1.5
21281.638744518215	1500.0	8.95197058644295	0.0	718451	2415.049665847366	1.5
21284.072791116767	1500.0	10.517923987893315	0.0	724296	2434.0465985496353	1.5
21286.306493999808	1500.0	12.284221104849902	0.0	689829	2233.7028830434133	1.5
21288.688798557054	1500.0	13.901916547606477	0.0	737903	2382.3045572434235	1.5
21291.203393826258	1500.0	15.387321278403459	0.0	780303	2514.5952692030182	1.5
21294.0648154054	1500.0	16.525899699261085	0.0	891463	2861.421579142372	1.5
21296.560706435666	1500.0	18.0300086689944	0.0	763093	2495.891030266686	1.5
21299.082640294055	1500.0	19.508074810601716	0.0	769316	2521.9338583926833	1.5
21301.52553751071	1500.0	21.0651775939453	0.0	744416	2442.897216656417	1.5
21303.529371898792	1500.0	23.06134320586428	0.0	606092	2003.8343880810207	1.5
21305.93325214917	1500.0	24.65746295548592	0.0	748011	2403.880250378359	1.5
21308.30374507218	1500.0	26.28697003247905	0.0	754517	2370.4929230068688	1.5
21311.221351416807	1500.0	27.369363687850356	0.0	934743	2917.606344628695	1.5
21313.534332861047	1500.0	29.056382243612507	0.0	735572	2312.9814442378474	1.5
21316.12375417404	1500.0	30.466960930617713	0.0	772616	2589.4213129947957	1.5
21318.930730366694	1500.0	31.65998473796971	0.0	747396	2806.9761926479982	1.5
21321.42740098605	1500.0	33.16331411861369	0.0	662349	2496.6706193560162	1.5
21324.556606495487	1500.0	34.03410860917285	0.0	835711	3129.2055094408465	1.5
21327.73822241293	1500.0	34.85249269173337	0.0	806394	3181.6159174394875	1.5
21330.994077614774	1500.0	35.59663748988905	0.0	809327	3255.855201844313	1.5
21333.749488415775	1500.0	36.84122668888841	0.0	681795	2755.4108010006375	1.5
21337.076913485067	1500.0	37.513801619592414	0.0	855209	3327.425069295996	1.5
21339.501649418165	1500.0	39.089065686495424	0.0	644861	2424.735933096991	1.5
21342.468710594418	1500.0	40.12200451023872	0.0	794014	2967.061176256704	1.5
21345.873077470158	1500.0	40.71763763450015	0.0	914284	3404.366875738569	1.5
21348.38151913835	1500.0	42.209195966305536	0.0	675709	2508.4416681946077	1.5
21351.00338010476	1500.0	43.58733499989634	0.0	707527	2621.8609664091973	1.5
21353.804677033088	1500.0	44.78603807156869	0.0	757473	2801.296928327645	1.5
21356.419376576185	1500.0	46.1713385284743	0.0	712239	2614.6995430943907	1.5
21358.464185505727	1500.0	48.12652959893395	0.0	633700	2044.8089295403458	1.5
21360.885529587576	1500.0	49.70518551707983	0.0	755142	2421.3440818541203	1.5
21363.04390180679	1500.0	51.54681329787201	0.0	670327	2158.3722192078135	1.5
21365.559430835547	1500.0	53.03128426911456	0.0	785519	2515.5290287574608	1.5
21368.18832507626	1500.0	54.40239002839809	0.0	681043	2628.8942407164686	1.5
21372.038193157314	1500.0	54.55252194734274	0.0	866245	3849.868081055352	1.5
21375.126515202737	1500.0	55.46419990191911	0.0	691256	3088.322045423637	1.5
21378.200940776816	1500.0	56.38977432783814	0.0	725845	3074.425574080966	1.5
21381.41234066581	1500.0	57.17837443884468	0.0	811013	3211.39988899346	1.5
21384.031726268746	1500.0	58.55898883591025	0.0	657685	2619.385602934434	1.5
21387.0734154987	1500.0	59.51729960595779	0.0	767059	3041.68922995246	1.5
21391.038582945162	1500.0	59.552132159493304	0.0	848035	3465.167446464483	1.5
21394.63306611704	1500.0	59.95764898761674	0.0	629438	2594.483171876561	1.5
21398.703242561878	1500.0	59.88747254277969	0.0	763847	3070.1764448370523	1.5
21402.85770589542	1500.0	59.73300920923725	0.0	769491	2654.463333542438	1.5
21406.643135500424	1500.0	59.94757960423547	0.0	808636	2785.429605001778	1.5

