12773.845749883687	600.0	4.0	0.7501801847614205	247108	750.1801847614205	-14.40360369522841
12775.912101269398	1500.0	5.933648614289346	0.0	732405	2066.3513857106536	1.5
12777.738275012935	1500.0	8.107474870751759	0.0	643847	1826.173743537588	1.5
12779.766781835548	1500.0	10.078968048139672	0.0	718451	2028.506822612086	1.5
12781.811140849022	1500.0	12.034609034663953	0.0	724296	2044.3590134757183	1.5
12783.821610811056	1500.0	14.024139072631327	0.0	689829	2010.4699620326257	1.5
12786.542460789806	1500.0	15.303289093880796	0.0	737903	2720.8499787505316	1.5
12789.415054343388	1500.0	16.430695540298583	0.0	780303	2872.593553582213	1.5
12792.685473740798	1500.0	17.160276142888783	0.0	891463	3270.419397409802	1.5
12795.402341909452	1500.0	18.443407974235104	0.0	763093	2716.8681686536784	1.5
12798.073722119978	1500.0	19.772027763708785	0.0	769316	2671.3802105263158	1.5
12800.661228646293	1500.0	21.184521237392996	0.0	744416	2587.5065263157894	1.5
12802.782801698924	1500.0	23.062948184761417	0.0	606092	2121.5730526315792	1.5
12805.285679750283	1500.0	24.560070133404118	0.0	748011	2502.8780513572997	1.5
12807.696504170099	1500.0	26.149245713587153	0.0	754517	2410.8244198169673	1.5
12810.664075703482	1500.0	27.181674180204908	0.0	934743	2967.5715333822454	1.5
12813.016375969923	1500.0	28.82937391376478	0.0	735572	2352.3002664401283	1.5
12815.391717493005	1500.0	30.45403239068225	0.0	772616	2375.341523082525	1.5
12817.55784976103	1500.0	32.2879001226572	0.0	747396	2166.132268025051	1.5
12819.48659877975	1500.0	34.359151103938714	0.0	662349	1928.7490187184899	1.5
12821.899235941097	1500.0	35.94651394258987	0.0	835711	2412.6371613488477	1.5
12824.230043470361	1500.0	37.61570641332587	0.0	806394	2330.807529263995	1.5
12826.66051636731	1500.0	39.18523351637537	0.0	809327	2430.472896950502	1.5
12828.75011790002	1500.0	41.095631983667154	0.0	681795	2089.601532708214	1.5
12831.350859937122	1500.0	42.4948899465653	0.0	855209	2600.742037101855	1.5
12833.33159792139	1500.0	44.51415196229766	0.0	644861	1980.7379842676346	1.5
12835.704511236056	1500.0	46.14123864763275	0.0	794014	2372.913314664916	1.5
12838.22174886955	1500.0	47.624001014137804	0.0	914284	2517.2376334949436	1.5
12840.103009095137	1500.0	49.74274078855009	0.0	675709	1881.2602255877111	1.5
12842.069087634316	1500.0	51.77666224937213	0.0	707527	1966.0785391779546	1.5
12844.16830890687	1500.0	53.67744097681752	0.0	757473	2099.221272554606	1.5
12846.335195470887	1500.0	55.510554412800865	0.0	712239	2166.8865640166655	1.5
12848.751632008814	1500.0	57.094117874871095	0.0	633700	2416.4365379297633	1.5
12851.615822256765	1500.0	58.22992762692198	0.0	755142	2864.19024794912	1.5
12854.167301655789	1500.0	59.678448227899025	0.0	670327	2551.4793990229514	1.5
12857.853625206357	1500.0	59.99212467732924	0.0	785519	2686.323550569788	1.5
12862.3214128783	1500.0	59.524337005384396	0.0	681043	1967.7876719448393	1.5
12864.96955674026	1500.0	59.54318666409338	0.0	866245	2481.1503412910156	1.5
12868.542402737485	1500.0	59.97034066686821	0.0	691256	2072.8459972251753	1.5
12872.714966567464	1500.0	59.797776836889284	0.0	725845	2172.563829978919	1.5
12876.633126199045	1500.0	59.87961720530639	0.0	811013	2418.1596315828983	1.5
12880.610488309358	1500.0	59.902255094994636	0.0	657685	1977.3621103117507	1.5
12884.903384578807	1500.0	59.609358825544035	0.0	767059	2292.8962694506054	1.5
12888.597809358014	1500.0	59.91493404633785	0.0	848035	2194.4247792061906	1.5
12892.712860191004	1500.0	59.799883213347464	0.0	629438	1615.0508329903823	1.5
12895.86884253136	1500.0	59.85704052887782	0.0	763847	1942.842684469645	1.5
12900.168754902214	1500.0	59.55712815802263	0.0	769491	2299.9123708551956	1.5
12904.0815970796	1500.0	59.64428598063672	0.0	808636	2412.842177385911	1.5

