4879.532140398448	600.0	4.0	0.5984129231898879	247108	598.4129231898879	-11.368258463797758
4880.261912511842	600.0	7.2702278866074	0.0	309722	729.7721133925995	0.6
4881.692652291035	1500.0	9.839488107413526	0.0	643847	1430.739779193874	1.5
4883.279905326464	1500.0	12.252235071984895	0.0	718451	1587.2530354286314	1.5
4884.879420706843	1500.0	14.652719691605697	0.0	724296	1599.515380379199	1.5
4886.406627063541	1500.0	17.125513334906778	0.0	689829	1527.206356698922	1.5
4888.034688847299	1500.0	19.497451551149926	0.0	737903	1628.061783756851	1.5
4893.268325412007	4000.0	18.26381498644265	0.0	2058614	5233.636564707277	4.0
4898.381792117069	4000.0	17.15034828137938	0.0	1857129	5113.466705063271	4.0
4900.446942568339	1500.0	19.085197830109827	0.0	763093	2065.1504512695496	1.5
4902.394469384804	1500.0	21.137671013645203	0.0	769316	1947.5268164646266	1.5
4906.751118805993	4000.0	20.78102159245602	0.0	1761739	4356.6494211891795	4.0
4908.302416768397	1500.0	23.229723630052174	0.0	606092	1551.2979624038476	1.5
4913.508082245359	4000.0	22.024058153090504	0.0	1805063	5205.66547696167	4.0
4915.922331829643	1500.0	23.609808568806503	0.0	754517	2414.2495842840012	1.5
4918.894146671671	1500.0	24.637993726778582	0.0	934743	2971.814842027921	1.5
4923.434240838583	4000.0	24.09789955986626	0.0	1835863	4540.094166912324	4.0
4925.235923823499	1500.0	26.29621657494961	0.0	772616	1801.682984916645	1.5
4929.956652504158	4000.0	25.57548789429057	0.0	2082556	4720.728680659044	4.0
4935.939872003245	4000.0	23.592268395203252	0.0	2164412	5983.219499087316	4.0
4938.347109541535	1500.0	25.185030856913084	0.0	835711	2407.23753829017	1.5
4943.27238737575	4000.0	24.259753022698018	0.0	1950922	4925.277834215068	4.0
4947.546475288773	4000.0	23.985665109675494	0.0	1849252	4274.087913022524	4.0
4951.787131354298	4000.0	23.74500904415044	0.0	1822097	4240.656065525054	4.0
4956.1626328962675	4000.0	23.369507502181108	0.0	1836837	4375.501541969335	4.0
4960.883633787833	4000.0	22.6485066106159	0.0	1984579	4721.000891565208	4.0
4965.815991703676	4000.0	21.716148694772652	0.0	2068230	4932.357915843247	4.0
4970.7185354411195	4000.0	20.813604957329296	0.0	2055338	4902.543737443358	4.0
4975.429171719672	4000.0	20.10296867877604	0.0	2165436	4710.636278553255	4.0
4979.750620411825	4000.0	19.781519986623124	0.0	2002600	4321.448692152917	4.0
4981.443563339255	1500.0	22.08857705919362	0.0	757473	1692.9429274295046	1.5
4987.327585323418	4000.0	20.204555075029667	0.0	1947068	5884.02198416395	4.0
4989.29658392612	1500.0	22.235556472328224	0.0	633700	1968.998602701444	1.5
4995.921384331471	4000.0	19.610756066976386	0.0	2125133	6624.800405351838	4.0
4998.102969941065	1500.0	21.42917045738278	0.0	670327	2181.5856095936047	1.5
5003.187143400105	4000.0	20.344996998342697	0.0	1785821	5084.173459040085	4.0
5004.75716650932	1500.0	22.774973889127725	0.0	681043	1570.0231092149704	1.5
5006.732384679453	1500.0	24.79975571899468	0.0	866245	1975.218170133049	1.5
5011.500519670087	4000.0	24.031620728361432	0.0	2142800	4768.134990633247	4.0
5016.853701848196	4000.0	22.678438550252064	0.0	2094647	5353.182178109368	4.0
5022.02178590496	4000.0	21.510354493488123	0.0	1985434	5168.0840567639425	4.0
5026.3511380709015	4000.0	21.181002327546004	0.0	1830641	4329.352165942118	4.0
5030.352866651409	4000.0	21.179273747038756	0.0	1697030	4001.7285805072506	4.0
5035.333616306246	4000.0	20.19852409220152	0.0	1910697	4980.749654837233	4.0
5037.1629663149315	1500.0	22.36917408351644	0.0	629438	1829.350008685079	1.5
5042.873881892656	4000.0	20.65825850579141	0.0	2042818	5710.915577725035	4.0
5047.081546182159	4000.0	20.450594216288252	0.0	1750852	4207.664289503154	4.0
5049.067919730813	1500.0	22.464220667634986	0.0	808636	1986.3735486532682	1.5

