16751.035174022716	600.0	4.0	0.7248433448045276	247108	724.8433448045276	-13.896866896090552
16751.37252107799	200.0	7.66265294472624	0.0	98617	337.3470552737593	0.2
16752.205241055806	600.0	10.829932966907506	0.0	288447	832.7199778187335	0.6
16753.015114329013	600.0	14.020059693702802	0.0	279692	809.8732732047038	0.6
16753.3499588155	200.0	17.685215207215435	0.0	97658	334.84448648736804	0.2
16753.68480330199	200.0	21.35037072072807	0.0	97658	334.84448648736804	0.2
16754.066969563628	200.0	24.96820445908698	0.0	115792	382.16626164108754	0.2
16754.42795141087	200.0	28.607222611844147	0.0	107674	360.9818472428359	0.2
16754.75665560085	200.0	32.27851842186812	0.0	95305	328.7041899760247	0.2
16764.15357021548	8000.0	26.88160380723948	0.0	3624869	9396.914614628642	8.0
16765.054400978	600.0	29.980773044720394	0.0	329266	900.8307625190864	0.6
16765.372080078057	200.0	33.663093944661185	0.0	95342	317.67910005920663	0.2
16766.963013361532	1500.0	36.07216066118607	0.0	606092	1590.9332834751176	1.5
16771.559641096814	4000.0	35.475532925900126	0.0	1805063	4596.627735285945	4.0
16773.80080686839	1500.0	37.23436715432833	0.0	754517	2241.1657715717865	1.5
16774.151131250772	200.0	40.884042771943804	0.0	94377	350.3243823845328	0.2
16775.20696225686	600.0	43.82821176585716	0.0	340687	1055.8310060866452	0.6
16789.534029493294	12000.0	33.501144529420735	0.0	4055239	14327.067236436418	12.0
16791.042514374563	600.0	35.99265964815282	0.0	330105	1508.4848812679181	0.6
16791.494131186373	200.0	39.54104283633911	0.0	85876	451.616811813707	0.2
16792.070868980183	200.0	42.96430504252709	0.0	114656	576.7377938120246	0.2
16792.57689927331	200.0	46.45827474940297	0.0	97742	506.0302931241147	0.2
16793.09571370068	200.0	49.939460322030186	0.0	100675	518.8144273727798	0.2
16794.478644941828	600.0	52.55652908088384	0.0	298925	1382.9312411463443	0.6
16802.580723317013	4000.0	48.454450705702634	0.0	1836837	8102.078375181208	4.0
16805.646104527044	1500.0	49.3890694956682	0.0	644861	3065.381210034432	1.5
16821.81160214522	12000.0	37.2235718774951	0.0	5138482	16165.497618173114	12.0
16830.384890024878	8000.0	32.650283997834755	0.0	3354913	8573.28787966034	8.0
16831.20152078121	600.0	35.83365324150299	0.0	291029	816.6307563317672	0.6
16831.527249982482	200.0	39.507924040231096	0.0	97083	325.72920127189025	0.2
16832.215661543396	600.0	42.81951247931799	0.0	240372	688.4115609131034	0.6
16841.1110297609	8000.0	37.924144261811534	0.0	3568902	8895.368217506459	8.0
16850.824045066714	8000.0	32.21112895599673	0.0	3713878	9713.015305814808	8.0
16852.88568748688	1500.0	34.14948653582976	0.0	755142	2061.6424201669647	1.5
16868.110258316552	8000.0	22.92491570615903	0.0	3707853	15224.570829670729	8.0
16868.587300546184	200.0	26.447873476524794	0.0	87791	477.04222963423604	0.2
16871.74737516883	1500.0	27.28779885387795	0.0	681043	3160.0746226468427	1.5
16872.191004543016	200.0	30.844169479690603	0.0	80403	443.6293741873481	0.2
16872.663194039316	200.0	34.371979983393466	0.0	86718	472.18949629713387	0.2
16873.204352951634	200.0	37.83082107107508	0.0	101968	541.15891231839	0.2
16885.398475860406	8000.0	29.636698162303574	0.0	3189942	12194.122908771502	8.0
16885.716268899363	200.0	33.31890512334861	0.0	101713	317.7930389549665	0.2
16889.763725575478	4000.0	33.271448447233	0.0	1697030	4047.4566761156084	4.0
16890.070472119794	200.0	36.964701902915515	0.0	96988	306.74654431748445	0.2
16891.622024181514	1500.0	39.41314984119542	0.0	629438	1551.552061720097	1.5
16900.606450645108	8000.0	34.42872337760371	0.0	3954105	8984.426463591704	8.0
16904.65495587727	4000.0	34.38021814544247	0.0	1750852	4048.5052321612334	4.0
16919.4743160533	12000.0	23.560857969411263	0.0	5646381	14819.360176031209	12.0

