7317.21427756196	600.0	4.0	0.6633780414029186	247108	663.3780414029186	-12.667560828058372
7319.023355513357	1500.0	6.190922048603427	0.0	732405	1809.077951396574	1.5
7320.623363776235	1500.0	8.59091378572588	0.0	643847	1600.0082628775472	1.5
7322.399498815263	1500.0	10.81477874669854	0.0	718451	1776.1350390273412	1.5
7324.189432859794	1500.0	13.024844702167531	0.0	724296	1789.934044531008	1.5
7325.897996447062	1500.0	15.316281114898263	0.0	689829	1708.5635872692667	1.5
7327.706365329503	1500.0	17.50791223245743	0.0	737903	1808.368882440838	1.5
7329.587125162766	1500.0	19.627152399193807	0.0	780303	1880.7598332636194	1.5
7331.724416706232	1500.0	21.489860855728402	0.0	891463	2137.291543465405	1.5
7333.565459818259	1500.0	23.648817743700594	0.0	763093	1841.0431120278088	1.5
7335.420864182829	1500.0	25.793413379130634	0.0	769316	1855.4043645699614	1.5
7337.218805075071	1500.0	27.99547248688907	0.0	744416	1797.940892241566	1.5
7338.779269149751	1500.0	30.43500841220928	0.0	606092	1560.4640746797897	1.5
7340.713018414023	1500.0	32.50125914793618	0.0	748011	1933.749264273102	1.5
7342.662891094547	1500.0	34.55138646741204	0.0	754517	1949.8726805241472	1.5
7345.059406691958	1500.0	36.15487087000179	0.0	934743	2396.5155974102418	1.5
7346.9623291540875	1500.0	38.25194840787236	0.0	735572	1902.922462129426	1.5
7349.123749035649	1500.0	40.09052852631085	0.0	772616	2161.419881561518	1.5
7351.3755437398	1500.0	41.83873382215916	0.0	747396	2251.794704151684	1.5
7353.380207573297	1500.0	43.83406998866238	0.0	662349	2004.6638334967856	1.5
7355.888629352382	1500.0	45.32564820957698	0.0	835711	2508.421779085395	1.5
7358.311695456713	1500.0	46.90258210524614	0.0	806394	2423.06610433084	1.5
7360.337836308558	1500.0	48.87644125340208	0.0	809327	2026.1408518440592	1.5
7362.057308489868	1500.0	51.15696907209215	0.0	681795	1719.4721813099281	1.5
7364.193779078103	1500.0	53.020498483856855	0.0	855209	2136.470588235294	1.5
7365.824438250305	1500.0	55.389839311654505	0.0	644861	1630.6591722023506	1.5
7367.813756835174	1500.0	57.400520726785714	0.0	794014	1989.3185848687967	1.5
7369.963382154979	1500.0	59.25089540698049	0.0	914284	2149.6253198052227	1.5
7373.507282605874	1500.0	59.70699495608479	0.0	675709	1543.9004508956982	1.5
7377.620115666143	1500.0	59.59416189581642	0.0	707527	1612.8330602683711	1.5
7381.378339208801	1500.0	59.83593835315898	0.0	757473	1758.223542657444	1.5
7385.686314462406	1500.0	59.52796309955392	0.0	712239	1807.9752536050585	1.5
7387.416590281599	1500.0	59.91053266088161	0.0	633700	1617.4304386723074	1.5
7391.341944467993	1500.0	59.98517847448701	0.0	755142	1925.3541863945993	1.5
7395.5600347022855	1500.0	59.767088240195534	0.0	670327	1718.0902342914744	1.5
7399.557005079718	1500.0	59.77011786276358	0.0	785519	1996.9703774319553	1.5
7403.526995129976	1500.0	59.80012781250462	0.0	681043	1469.9900502589483	1.5
7407.374977373515	1500.0	59.95214556896558	0.0	866245	1847.9822435390463	1.5
7411.416032078144	1500.0	59.91109086433693	0.0	691256	1541.0547046286501	1.5
7415.546216949401	1500.0	59.7809059930794	0.0	725845	1630.184871257525	1.5
7418.772844796808	1500.0	59.96882809353725	0.0	811013	1812.0778995421601	1.5
7422.98274473795	1500.0	59.7589281523954	0.0	657685	1709.8999411418483	1.5
7426.963699479129	1500.0	59.77797341121638	0.0	767059	1980.9547411790218	1.5
7430.83036480011	1500.0	59.91130809023491	0.0	848035	2366.6653209814704	1.5
7435.15683284832	1500.0	59.58484004202543	0.0	629438	1826.468048209486	1.5
7438.454181911601	1500.0	59.88543451007363	0.0	763847	2199.405531951791	1.5
7442.433895840222	1500.0	59.90572058145261	0.0	769491	1979.713928621025	1.5
7446.510250667484	1500.0	59.82936575419097	0.0	808636	2076.354827261646	1.5

