12360.59599994918	600.0	4.0	0.9643644172053594	247108	964.3644172053594	0.0051016104	-18.687288344107188
12361.028936178407	200.0	7.567063770774151	0.0	98617	432.9362292258483	0.004705182	0.2
12361.489998651845	200.0	11.106001297335988	0.0	106476	461.06247343816403	0.004705182	0.2
12361.982390447312	200.0	14.613609501867717	0.0	115230	492.39179546827125	0.004705182	0.2
12362.411894551815	200.0	18.184105397365066	0.0	97658	429.50410450265065	0.004705182	0.2
12362.841398656317	200.0	21.754601292862414	0.0	97658	429.50410450265065	0.004705182	0.2
12363.335801769923	200.0	25.260198179256044	0.0	115792	494.40311360637037	0.004705182	0.2
12363.801151715123	200.0	28.794848234057305	0.0	107674	465.34994519873845	0.004705182	0.2
12364.222234766994	200.0	32.37376518218623	0.0	95305	421.08305187107163	0.004705182	0.2
12364.679535860783	200.0	35.91646408839778	0.0	105425	457.3010937884448	0.0054532406	0.2
12365.100833644128	200.0	39.4951663050529	0.0	95365	421.2977833448901	0.004705182	0.2
12365.52204911374	200.0	43.07395083543964	0.0	95342	421.21546961325964	0.004705182	0.2
12365.96859216069	200.0	46.62740778848949	0.0	102419	446.543046950142	0.0048524193	0.2
12366.338003662246	200.0	50.257996286934926	0.0	80867	369.4115015545664	0.004705182	0.2
12366.71415415322	200.0	53.88184579596035	0.0	82750	376.15049097456773	0.0052527855	0.2
12367.131916024962	200.0	57.464083924217675	0.0	94377	417.7618717426801	0.60511446	0.2
12369.033551563021	200.0	59.562448386158756	0.0	89871	401.635538058917	0.006813911	0.2
12384.715042847918	12000.0	47.88095710126154	0.0	4055239	15681.491284897225	0.004705182	12.0
12385.244094862119	200.0	51.35190508706181	0.0	90919	529.0520141997222	0.008164596	0.2
12385.748239328857	200.0	54.847760620323115	0.0	85876	504.1444667386943	0.04743057	0.2
12406.907599621303	12000.0	37.68840032787755	0.0	5251330	21159.360292445563	0.39945874	12.0
12407.33859771355	200.0	41.257402235632014	0.0	97742	430.9980922455392	0.004705182	0.2
12407.780128405951	200.0	44.81587154322936	0.0	100675	441.5306924026484	0.12848546	0.2
12408.168069602225	200.0	48.427930346955094	0.0	85752	387.9411962742678	0.004705182	0.2
12408.587626554307	200.0	52.0083733948734	0.0	94556	419.5569520816968	0.004705182	0.2
12420.599861208055	8000.0	43.99613874112397	0.0	3253093	12012.234653749434	0.004705182	8.0
12438.517403312771	12000.0	30.078596636408825	0.0	5138482	17917.542104715147	0.045141507	12.0
12449.864304839652	8000.0	22.731695109527557	0.0	3354913	11346.901526881267	0.004705182	8.0
12450.25952586713	200.0	26.336474082048465	0.0	93993	395.221027479092	0.004705182	0.2
12450.665109719233	200.0	29.93089022994509	0.0	97083	405.5838521033768	0.004705182	0.2
12451.060293856399	200.0	33.535706092780195	0.0	93982	395.1841371648955	0.023895102	0.2
12464.070633436571	8000.0	24.525366512607796	0.0	3568902	13010.339580172396	0.005296506	8.0
12466.233545635101	1500.0	26.36245431407869	0.0	633700	2162.91219852911	0.049568757	1.5
12466.60746732457	200.0	29.988532624609114	0.0	89422	373.9216894695756	0.023992283	0.2
12467.043192703592	200.0	33.552807245587786	0.0	108225	435.7253790213238	0.011546816	0.2
12467.41175344972	200.0	37.184246499460166	0.0	87791	368.5607461276141	0.15363337	0.2
12467.827307087913	200.0	40.768692861266324	0.0	102088	415.55363819384525	0.25826547	0.2
12468.17158417407	200.0	44.4244157751083	0.0	80403	344.277086158018	0.12736106	0.2
12487.35015743984	12000.0	29.245842509340555	0.0	5257310	19178.573265767747	0.043009065	12.0
12487.820998538944	200.0	32.775001410234125	0.0	101968	470.841099106437	0.051359467	0.2
12505.73818281869	12000.0	18.85781713048921	0.0	4828747	17917.184279744914	0.33020285	12.0
12512.465843107835	4000.0	16.130156841344615	0.0	1830641	6727.6602891445955	0.054308288	4.0
12518.314903207782	4000.0	14.2810967413973	0.0	1697030	5849.0600999473145	0.004705182	4.0
12525.02400115843	4000.0	11.571998790749833	0.0	1910697	6709.097950647468	0.26551473	4.0
12527.449368647949	1500.0	13.146631301229572	0.0	629438	2425.3674895202607	0.005642253	1.5
12535.216174793532	4000.0	9.379825155647497	0.0	2042818	7766.806145582076	0.58123285	4.0
12542.087522947428	4000.0	6.5084770017528575	0.0	1750852	6871.34815389464	0.016520146	4.0
12545.772582839516	1500.0	6.823417109665249	0.0	808636	3685.059892087608	0.005075942	1.5

