19538.024838918023	600.0	4.0	0.7364383197741989	247108	736.4383197741989	-14.128766395483979
19538.36681334937	200.0	7.658025568653494	0.0	98617	341.97443134650507	0.2
19539.213068039724	600.0	10.81177087829985	0.0	288447	846.2546903536444	0.6
19541.201621252407	1500.0	12.823217665615143	0.0	718451	1988.5532126847086	1.5
19546.77865329624	4000.0	11.246185621783166	0.0	2069289	5577.032043831977	4.0
19551.29909805006	4000.0	10.725740867960594	0.0	1863995	4520.444753822571	4.0
19553.091393448245	1500.0	12.933445469779278	0.0	737903	1792.295398181317	1.5
19557.951838831843	4000.0	12.073000086181167	0.0	2058614	4860.445383598109	4.0
19563.086454556673	4000.0	10.938384361348723	0.0	1857129	5134.615724832444	4.0
19565.243392603148	1500.0	12.781446314875073	0.0	763093	2156.9380464736505	1.5
19570.948419472108	4000.0	11.076419445914494	0.0	2094766	5705.026868960578	4.0
19575.69520048567	4000.0	10.329638432355116	0.0	1761739	4746.781013559379	4.0
19577.380715626146	1500.0	12.644123291877309	0.0	606092	1685.5151404778067	1.5
19582.10616758854	4000.0	11.918671329482935	0.0	1805063	4725.451962394373	4.0
19587.698216643214	4000.0	10.326622274807411	0.0	2157416	5592.0490546755245	4.0
19590.350828240957	1500.0	11.674010677063357	0.0	934743	2652.6115977440522	1.5
19595.662604534486	4000.0	10.362234383537665	0.0	1835863	5311.776293525692	4.0
19597.944377800137	1500.0	12.080461117886227	0.0	772616	2281.7732656514386	1.5
19603.062320753586	4000.0	10.96251816443896	0.0	2082556	5117.942953447268	4.0
19604.70120163382	1500.0	13.323637284205958	0.0	662349	1638.8808802330027	1.5
19614.31519708132	8000.0	7.70964183670335	0.0	3690869	9613.995447502608	8.0
19615.264545610396	600.0	10.760293307625759	0.0	310841	949.3485290775927	0.6
19617.608041214236	1500.0	12.4167977037872	0.0	809327	2343.4956038385567	1.5
19622.80431664086	4000.0	11.220522277162658	0.0	1822097	5196.275426624544	4.0
19628.050683057903	4000.0	9.974155860118042	0.0	1836837	5246.366417044615	4.0
19630.043951755815	1500.0	11.98088716220931	0.0	644861	1993.2686979087323	1.5
19636.945993935293	4000.0	9.07884498273006	0.0	2068230	6902.042179479251	4.0
19639.967312009398	1500.0	10.057526908627443	0.0	914284	3021.318074102617	1.5
19641.95293191986	1500.0	12.071906998168107	0.0	675709	1985.6199104593368	1.5
19647.680621136198	4000.0	10.344217781825172	0.0	2002600	5727.689216342934	4.0
19649.899150862933	1500.0	12.12568805509101	0.0	757473	2218.529726734163	1.5
19655.56945502429	4000.0	10.45538389373296	0.0	1947068	5670.304161358049	4.0
19657.468896228733	1500.0	12.555942689289871	0.0	633700	1899.4412044430885	1.5
19663.321716518323	4000.0	10.703122399701064	0.0	2125133	5852.820289588809	4.0
19665.1526032886	1500.0	12.872235629425498	0.0	670327	1830.8867702755651	1.5
19669.89714814951	4000.0	12.127690768513915	0.0	1785821	4744.544860911584	4.0
19675.91354861346	4000.0	10.111290304563994	0.0	2096494	6016.400463949923	4.0
19678.4563084841	1500.0	11.568530433921826	0.0	866245	2542.759870642169	1.5
19684.76514327404	4000.0	9.259695643983994	0.0	2142800	6308.834789937831	4.0
19686.97563436758	1500.0	11.04920455044324	0.0	725845	2210.4910935407534	1.5
19692.634129336893	4000.0	9.390709581131327	0.0	1985434	5658.494969311915	4.0
19694.436804298013	1500.0	11.588034620011575	0.0	657685	1802.674961119751	1.5
19698.96183663001	4000.0	11.063002288015175	0.0	1697030	4525.032331996399	4.0
19704.32667597578	4000.0	9.69816294224623	0.0	1910697	5364.839345768945	4.0
19706.19800092553	1500.0	11.826837992494358	0.0	629438	1871.3249497518723	1.5
19712.043711262486	4000.0	9.98112765553677	0.0	2042818	5845.710336957587	4.0
19714.220095672234	1500.0	11.80474324579031	0.0	769491	2176.3844097464626	1.5
19719.843213382395	4000.0	10.181625535630083	0.0	2034636	5623.117710160227	4.0

