23953.814132901723	600.0	4.0	0.9847432494279177	247108	984.7432494279177	-19.094864988558353
23956.575707272434	1500.0	5.238425629290617	0.0	732405	2761.574370709382	1.5
23959.01304182621	1500.0	6.801091075514874	0.0	643847	2437.3345537757436	1.5
23961.72352603673	1500.0	8.090606864988558	0.0	718451	2710.4842105263156	1.5
23964.39993694206	1500.0	9.414195959659287	0.0	724296	2676.410905329272	1.5
23966.891346786724	1500.0	10.92278611499782	0.0	689829	2491.409844661467	1.5
23969.550807143718	1500.0	12.263325758003216	0.0	737903	2659.460356994604	1.5
23972.35848362009	1500.0	13.455649281631713	0.0	780303	2807.6764763715014	1.5
23975.580880068832	1500.0	14.233252832890358	0.0	891463	3222.3964487413564	1.5
23978.363170361426	1500.0	15.450962540295961	0.0	763093	2782.290292594396	1.5
23981.16749774844	1500.0	16.646635153283434	0.0	769316	2804.3273870125277	1.5
23983.868342582347	1500.0	17.945790319374712	0.0	744416	2700.8448339087245	1.5
23985.74613498516	1500.0	20.06799791656423	0.0	606092	1877.792402810478	1.5
23988.04488806723	1500.0	21.769244834493083	0.0	748011	2298.753082071152	1.5
23990.362939271323	1500.0	23.45119363039972	0.0	754517	2318.0512040933613	1.5
23993.215577524228	1500.0	24.59855537749377	0.0	934743	2852.638252905953	1.5
23995.751439158805	1500.0	26.062693742919233	0.0	735572	2535.8616345745368	1.5
23998.6106958867	1500.0	27.20343701502517	0.0	772616	2859.2567278940624	1.5
24001.37923115053	1500.0	28.4349017511928	0.0	747396	2768.5352638323707	1.5
24003.84183507598	1500.0	29.972297825744835	0.0	662349	2462.6039254479647	1.5
24007.271390165773	1500.0	30.5427427359491	0.0	835711	3429.5550897957323	1.5
24010.663920075913	1500.0	31.150212825807895	0.0	806394	3392.529910141207	1.5
24014.068498253062	1500.0	31.745634648657703	0.0	809327	3404.5781771501934	1.5
24016.781658336622	1500.0	33.0324745650988	0.0	681795	2713.1600835589015	1.5
24020.10715630868	1500.0	33.70697659303932	0.0	855209	3325.497972059486	1.5
24022.634388584956	1500.0	35.17974431676503	0.0	644861	2527.2322762742824	1.5
24025.716511851933	1500.0	36.097621049787676	0.0	794014	3082.1232669773585	1.5
24029.213837055755	1500.0	36.60029584596587	0.0	914284	3497.3252038218047	1.5
24031.819438943297	1500.0	37.994693958424115	0.0	675709	2605.6018875417576	1.5
24034.54396717466	1500.0	39.27016572706008	0.0	707527	2724.5282313640296	1.5
24037.55067994339	1500.0	40.26345295833161	0.0	757473	3006.712768728471	1.5
24040.4113021526	1500.0	41.40283074912291	0.0	712239	2860.622209208697	1.5
24042.96530356782	1500.0	42.84882933390197	0.0	633700	2554.001415220945	1.5
24045.95097323389	1500.0	43.86315966783241	0.0	755142	2985.66966606955	1.5
24048.3977904026	1500.0	45.41634249912448	0.0	670327	2446.8171687079334	1.5
24051.25133205547	1500.0	46.56280084625016	0.0	785519	2853.541652874324	1.5
24053.73598570217	1500.0	48.078147199554806	0.0	681043	2484.653646695355	1.5
24056.83101272321	1500.0	48.983120178513566	0.0	866245	3095.027021041239	1.5
24059.245991928143	1500.0	50.56814097358186	0.0	691256	2414.979204931704	1.5
24061.777808593753	1500.0	52.03632430797078	0.0	725845	2531.8166656110798	1.5
24064.59731246776	1500.0	53.21682043396567	0.0	811013	2819.503874005109	1.5
24067.009793909692	1500.0	54.80433899203118	0.0	657685	2412.481441934495	1.5
24070.085825547227	1500.0	55.72830735449578	0.0	767059	3076.0316375353973	1.5
24073.478138797887	1500.0	56.33599410383667	0.0	848035	3392.3132506591155	1.5
24076.01664089729	1500.0	57.79749200443231	0.0	629438	2538.5020994043552	1.5
24078.904596857865	1500.0	58.90953604385997	0.0	763847	2887.9559605723343	1.5
24082.284909826976	1500.0	59.529223074747485	0.0	769491	2880.312969112496	1.5
24086.30767832991	1500.0	59.50645457181339	0.0	808636	3022.7685029340855	1.5

