28216.636920591543	600.0	4.0	1.010223278356822	247108	1010.223278356822	0.004705182	-19.604465567136437
28217.088158386523	200.0	7.548762205020822	0.0	98617	451.2377949791779	0.004705182	0.2
28217.568980916698	200.0	11.067939674846482	0.0	106476	480.82253017434067	0.004705182	0.2
28218.082757356005	200.0	14.554163235536317	0.0	115230	513.7764393101663	0.004705182	0.2
28218.530385052876	200.0	18.10653553866786	0.0	97658	447.6276968684564	0.004705182	0.2
28218.978012749743	200.0	21.6589078417994	0.0	97658	447.6276968684564	0.004705182	0.2
28219.493904804418	200.0	25.14301578712091	0.0	115792	515.8920546784933	0.004705182	0.2
28219.979237133903	200.0	28.65768345763828	0.0	107674	485.33232948262474	0.004705182	0.2
28220.418007103082	200.0	32.218913488459634	0.0	95305	438.76996917864625	0.004705182	0.2
28220.894873206653	200.0	35.74204738489048	0.0	105425	476.86610356915986	0.005016091	0.2
28221.33386904224	200.0	39.30305154930241	0.0	95365	438.99583558807615	0.004705182	0.2
28221.772778295704	200.0	42.86414229583795	0.0	95342	438.9092534644614	0.004705182	0.2
28222.23832849216	200.0	46.398592099381226	0.0	102419	465.55019645672076	0.004705182	0.2
28222.62274747435	200.0	50.01417311719173	0.0	80867	384.4189821894925	0.004705182	0.2
28223.014254897356	200.0	53.622665694186296	0.0	82750	391.50742300543493	0.004852059	0.2
28223.44953146607	200.0	57.1873891254735	0.0	94377	435.27656871279675	0.3295956	0.2
28224.867845467434	200.0	59.76907512410889	0.0	89871	418.3140013646096	0.0061868997	0.2
28240.538948411624	12000.0	48.09797217991801	0.0	4055239	15671.10294419088	0.004705182	12.0
28240.95892784511	200.0	51.67799274643198	0.0	90919	419.9794334860241	0.008607255	0.2
28241.36004965496	200.0	55.27687093657876	0.0	85876	401.1218098532299	0.0924766	0.2
28262.162929126484	12000.0	38.47399146505734	0.0	5251330	20802.879471521417	0.050791867	12.0
28262.62469653201	200.0	42.01222405953053	0.0	97742	461.767405526804	0.004705182	0.2
28263.097919850046	200.0	45.53900074149519	0.0	100675	473.2233180353481	0.18763806	0.2
28263.51285589145	200.0	49.12406470009297	0.0	85752	414.93604140220685	0.004705182	0.2
28263.962179199723	200.0	52.674741391822295	0.0	94556	449.3233082706767	0.004705182	0.2
28276.35905697399	8000.0	44.27786361755368	0.0	3253093	12396.877774268622	0.004705182	8.0
28295.629426286057	12000.0	29.00749430548624	0.0	5138482	19270.369312067432	0.04076015	12.0
28308.250770388437	8000.0	20.386150203106702	0.0	3354913	12621.344102379539	0.004705182	8.0
28308.76686956199	200.0	23.870051029552982	0.0	93993	516.0991735537191	0.004705182	0.2
28309.29730540366	200.0	27.33961518788269	0.0	97083	530.4358416702914	0.004705182	0.2
28309.813353540532	200.0	30.823567051011587	0.0	93982	516.0481368711035	0.006540662	0.2
28325.128618938168	8000.0	19.50830165337812	0.0	3568902	15315.265397633466	0.20523827	8.0
28327.67804098936	1500.0	20.958879602183497	0.0	633700	2549.4220511946223	0.041599177	1.5
28328.106503445826	200.0	24.53041714571841	0.0	89422	428.46245646508686	0.02906371	0.2
28328.604857837116	200.0	28.03206275443119	0.0	108225	498.35439128721913	0.0051231417	0.2
28329.020594727026	200.0	31.616325864522494	0.0	87791	415.73688990869545	0.16347103	0.2
28329.491007270644	200.0	35.14591332090186	0.0	102088	470.41254362063194	0.085667595	0.2
28329.878490419935	200.0	38.75843017161174	0.0	80403	387.48314929011906	0.037239816	0.2
28332.60204317102	1500.0	40.03487742052422	0.0	691256	2723.5527510875277	0.6751242	1.5
28333.071996801693	200.0	43.56492378985354	0.0	101968	469.9536306706822	0.03510738	0.2
28351.727689878797	12000.0	28.909230712751963	0.0	4828747	18655.693077101572	0.1826191	12.0
28359.016434621062	4000.0	25.620485970485362	0.0	1830641	7288.744742266602	0.09450043	4.0
28365.419788137595	4000.0	23.217132453950665	0.0	1697030	6403.353516534699	0.006847104	4.0
28372.13075254633	4000.0	20.50616804521693	0.0	1910697	6710.964408733734	0.0067676106	4.0
28374.22616339284	1500.0	22.410757198709028	0.0	629438	2095.410846507905	0.55305994	1.5
28380.804949415342	4000.0	19.831971176207954	0.0	2042818	6578.786022501074	0.041574124	4.0
28386.337618365826	4000.0	18.29930222572524	0.0	1750852	5532.668950482715	0.004705182	4.0
28392.9787745034	4000.0	15.658146088146996	0.0	2034636	6641.156137578242	0.032197926	4.0

