5063.238004344269	600.0	4.0	0.925210996622344	247108	925.2109966223439	0.022529177	-17.90421993244688
5063.65531504588	200.0	7.582689298388131	0.0	98617	417.3107016118688	0.004705182	0.2
5064.099506759934	200.0	11.138497584334516	0.0	106476	444.191714053615	0.004705182	0.2
5064.573640754547	200.0	14.664363589721665	0.0	115230	474.13399461285223	0.004705182	0.2
5064.987671281718	200.0	18.250333062550773	0.0	97658	414.03052717089224	0.004705182	0.2
5065.401701808889	200.0	21.83630253537988	0.0	97658	414.03052717089224	0.004705182	0.2
5065.877758074655	200.0	25.360246269613924	0.0	115792	476.05626576595836	0.004705182	0.2
5066.326047441451	200.0	28.911956902817565	0.0	107674	448.2893667963573	0.004705182	0.2
5066.732029740822	200.0	32.50597460344606	0.0	95305	405.9822993714995	0.004705182	0.2
5067.172626602594	200.0	36.06537774167344	0.0	105425	440.5968617726282	0.005950752	0.2
5067.578814126644	200.0	39.65919021762367	0.0	95365	406.187524049767	0.004705182	0.2
5067.984922981234	200.0	43.25308136303391	0.0	95342	406.10885458976446	0.004705182	0.2
5068.415238086626	200.0	46.82276625764248	0.0	102419	430.3151053914233	0.005183123	0.2
5068.771836487584	200.0	50.46616785668476	0.0	80867	356.59840095771517	0.004705182	0.2
5069.134875523028	200.0	54.10312882124075	0.0	82750	363.03903544401214	0.0057123858	0.2
5069.537683680708	200.0	57.700320663559786	0.0	94377	402.8081576809612	0.7809005	0.2
5071.425079465052	200.0	59.81292487921672	0.0	89871	387.39578434306725	0.0074852295	0.2
5084.352902240568	12000.0	50.885102103700376	0.0	4055239	12927.822775516344	0.004705182	12.0
5084.70230184796	200.0	54.53570249630751	0.0	90919	349.3996073928664	0.050456356	0.2
5085.036758679696	200.0	58.201245664573	0.0	85876	334.4568317345087	0.48283204	0.2
5100.410373006252	12000.0	46.82763133801636	0.0	5251330	15373.614326556639	0.005602844	12.0
5100.768444130007	200.0	50.46956021426103	0.0	97742	358.07112375533427	0.009835724	0.2
5116.315733756519	12000.0	38.92227058774891	0.0	5141915	15547.289626512116	0.004705182	12.0
5116.655209899265	200.0	42.58279444500254	0.0	85752	339.4761427463737	0.004705182	0.2
5117.02132597998	200.0	46.21667836428691	0.0	94556	366.1160807156231	0.004705182	0.2
5127.23031379679	8000.0	40.0076905474771	0.0	3253093	10208.987816809817	0.004705182	8.0
5143.632078151632	12000.0	27.605926192635494	0.0	5138482	16401.764354841605	0.0060373973	12.0
5154.877015026536	8000.0	20.360989317730724	0.0	3354913	11244.936874904768	0.004705182	8.0
5155.279557813823	200.0	23.95844653044466	0.0	93993	402.54278728606363	0.006842207	0.2
5155.692704127039	200.0	27.545300217228856	0.0	97083	413.1463132158024	0.004980849	0.2
5156.095209167145	200.0	31.14279517712248	0.0	93982	402.50504010637843	0.022615885	0.2
5168.131319348394	8000.0	23.106684995874108	0.0	3568902	12036.110181248374	0.033426218	8.0
5170.207735754167	1500.0	25.030268590100974	0.0	633700	2076.416405773131	0.092309244	1.5
5170.56945194138	200.0	28.668552402887713	0.0	89422	361.71618721326325	0.017885676	0.2
5170.9904053349655	200.0	32.24759900930274	0.0	108225	420.95339358497256	0.009887824	0.2
5171.34698319938	200.0	35.89102114488862	0.0	87791	356.5778644141217	0.12765539	0.2
5171.748602511408	200.0	39.48940183285995	0.0	102088	401.6193120286688	0.22532603	0.2
5172.081905128219	200.0	43.15609921604856	0.0	80403	333.30261681138876	0.099520005	0.2
5188.763404143099	12000.0	30.474600201167785	0.0	5257310	16681.499014880777	0.047891863	12.0
5189.148332372765	200.0	34.08967197150271	0.0	101968	384.92822966507185	0.045551393	0.2
5198.832049640551	8000.0	28.405954703716155	0.0	3189942	9683.717267786562	0.6434843	8.0
5204.497529426974	4000.0	26.74047491729358	0.0	1830641	5665.479786422578	0.02447914	4.0
5209.562121115341	4000.0	25.675883228927233	0.0	1697030	5064.591688366343	0.007980526	4.0
5215.190424563617	4000.0	24.047579780651372	0.0	1910697	5628.303448275861	0.015594077	4.0
5225.903126308217	8000.0	17.334878036050927	0.0	3682991	10712.701744600447	0.009259976	8.0
5232.179561890039	4000.0	15.058442454228887	0.0	2042818	6276.435581822039	0.11506714	4.0
5237.655772531425	4000.0	13.582231812842558	0.0	1750852	5476.210641386329	0.004705182	4.0
5244.2579563312365	4000.0	10.980048013030887	0.0	2034636	6602.1837998116725	0.052529782	4.0

