20555.661011944903	600.0	4.0	0.5968677281878317	247108	596.8677281878317	0.026643611	-11.337354563756636
20555.94728590103	200.0	7.713726043872723	0.0	98617	286.273956127278	0.004705182	0.2
20556.249998270632	200.0	11.411013674275107	0.0	106476	302.7123695976155	0.004705182	0.2
20556.57102109595	200.0	15.089990848955475	0.0	115230	321.02282531963294	0.004705182	0.2
20556.855289143117	200.0	18.805722801788374	0.0	97658	284.2680471670981	0.004705182	0.2
20557.139557190287	200.0	22.521454754621278	0.0	97658	284.2680471670981	0.004705182	0.2
20557.46175553264	200.0	26.19925641226763	0.0	115792	322.1983423536487	0.004705182	0.2
20557.76697371969	200.0	29.894038225220278	0.0	107674	305.2181870473501	0.004705182	0.2
20558.046320073652	200.0	33.614691871257875	0.0	95305	279.3463539624023	0.004705182	0.2
20558.3468341009	200.0	37.31417784401391	0.0	105425	300.51402724396684	0.020384705	0.2
20558.6263059549	200.0	41.03470599001229	0.0	95365	279.47185400162107	0.004705182	0.2
20558.905729700553	200.0	44.75528224435904	0.0	95342	279.42374565325383	0.004705182	0.2
20559.199956175835	200.0	48.46105576907993	0.0	102419	294.22647527910686	0.016735	0.2
20559.449103037026	200.0	52.211908907888194	0.0	80867	249.14686119172745	0.004705182	0.2
20559.70218850778	200.0	55.95882343713232	0.0	82750	253.0854707558763	0.018015623	0.2
20572.07744938046	12000.0	47.58356256445204	0.0	5443841	12375.260872680277	0.004708281	12.0
20572.38082848939	200.0	51.280183455522696	0.0	89871	303.37910892934815	0.004705182	0.2
20582.20705201606	12000.0	45.453959928851226	0.0	4055239	9826.223526671467	0.004705182	12.0
20582.50055834183	200.0	49.16045360308142	0.0	90919	293.5063257698066	0.006483901	0.2
20582.782222122027	200.0	52.878789822883576	0.0	85876	281.6637801978454	0.2368682	0.2
20594.483902501324	12000.0	45.17710944358744	0.0	5251330	11701.680379296136	0.012827796	12.0
20594.774142737933	200.0	48.8868692069806	0.0	97742	290.2402366068428	0.033727072	0.2
20607.53988965353	12000.0	40.12112229138451	0.0	5141915	12765.74691559609	0.004705182	12.0
20607.791537408524	200.0	43.8694745363897	0.0	85752	251.64775499480814	0.004705182	0.2
20608.06080792258	200.0	47.60020402233418	0.0	94556	269.2705140555215	0.004705182	0.2
20614.65244742066	8000.0	45.008564524254545	0.0	3253093	6591.639498079642	0.004705182	8.0
20627.13014389871	12000.0	36.53086804620342	0.0	5138482	12477.696478051123	0.004705182	12.0
20634.112321091663	8000.0	33.54869085325196	0.0	3354913	6982.177192951462	0.004705182	8.0
20634.385186588737	200.0	37.275825356175936	0.0	93993	272.8654970760234	0.8139623	0.2
20646.793565047905	12000.0	28.8674468970075	0.0	5411094	12408.378459168434	0.015900517	12.0
20647.095564309733	200.0	32.56544763517831	0.0	93982	301.9992618291873	0.12414412	0.2
20655.145879403226	8000.0	28.515132541688676	0.0	3568902	8050.315093489637	0.006230552	8.0
20656.636511455203	1500.0	31.02450048971099	0.0	633700	1490.6320519776841	0.46030998	1.5
20656.91556706409	200.0	34.74544488082359	0.0	89422	279.0556088874049	0.58265406	0.2
20657.236478621333	200.0	38.424533323579965	0.0	108225	320.91155724362454	0.06303692	0.2
20657.51190358342	200.0	42.14910836149195	0.0	87791	275.42496208801145	0.52207714	0.2
20657.81915402515	200.0	45.84185791976511	0.0	102088	307.2504417268389	0.65858203	0.2
20666.61449640643	8000.0	41.04651553848665	0.0	3739359	8795.342381278464	0.72579736	8.0
20678.41720484602	12000.0	33.24380709889395	0.0	5257310	11802.7084395927	0.004705182	12.0
20678.74247131124	200.0	36.91854063367349	0.0	101968	325.2664652204633	0.22841197	0.2
20691.11561009777	12000.0	28.545401847146362	0.0	4828747	12373.138786527128	0.005523663	12.0
20697.02614119101	4000.0	26.63487075390645	0.0	1830641	5910.531093239908	0.013973599	4.0
20701.1428637553	4000.0	26.51814818961537	0.0	1697030	4116.722564291083	0.031349495	4.0
20705.230355660653	4000.0	26.43065628426045	0.0	1910697	4087.4919053549197	0.008593504	4.0
20713.160480368406	8000.0	22.50053157650963	0.0	3682991	7930.124707750818	0.051795192	8.0
20717.648032993242	4000.0	22.012978951673137	0.0	2042818	4487.552624836496	0.28511837	4.0
20721.325553092647	4000.0	22.335458852269536	0.0	1750852	3677.520099403597	0.060913216	4.0
20732.834731413765	12000.0	14.826280531155144	0.0	5646381	11509.178321114394	0.005439143	12.0

