13566.933262853556	600.0	4.0	0.8239790753250663	247108	823.9790753250663	-15.879581506501326
13569.218347248488	1500.0	5.7149156050655785	0.0	732405	2285.084394934422	1.5
13571.2368061236	1500.0	7.6964567299550275	0.0	643847	2018.458875110551	1.5
13573.479878588458	1500.0	9.453384265096062	0.0	718451	2243.0724648589658	1.5
13575.740548855474	1500.0	11.19271399808065	0.0	724296	2260.6702670154114	1.5
13577.592831429585	1500.0	13.34043142396958	0.0	689829	1852.2825741110705	1.5
13579.377143003914	1500.0	15.556119849641549	0.0	737903	1784.3115743280307	1.5
13581.259384537534	1500.0	17.67387831602143	0.0	780303	1882.2415336201175	1.5
13583.398368860659	1500.0	19.534893992898755	0.0	891463	2138.9843231226723	1.5
13585.240860993348	1500.0	21.692401860208278	0.0	763093	1842.4921326904755	1.5
13587.13120088255	1500.0	23.802061971006474	0.0	769316	1890.3398892018033	1.5
13589.461296473286	1500.0	25.471966380270842	0.0	744416	2330.0955907356333	1.5
13591.373289521232	1500.0	27.559973332324343	0.0	606092	1911.9930479464995	1.5
13593.714251473853	1500.0	29.2190113797041	0.0	748011	2340.961952620244	1.5
13596.074878669984	1500.0	30.85838418357307	0.0	754517	2360.6271961310313	1.5
13598.765826439234	1500.0	32.16743641432473	0.0	934743	2690.9477692483333	1.5
13600.76951914927	1500.0	34.16374370428878	0.0	735572	2003.6927100359596	1.5
13602.87009057784	1500.0	36.06317227571735	0.0	772616	2100.571428571429	1.5
13604.904705811578	1500.0	38.02855704198083	0.0	747396	2034.6152337365154	1.5
13606.716903261726	1500.0	40.21635959183373	0.0	662349	1812.197450147107	1.5
13608.815211963183	1500.0	42.11805089037672	0.0	835711	2098.3087014570137	1.5
13610.708479337225	1500.0	44.224783516334135	0.0	806394	1893.267374042583	1.5
13612.608341890804	1500.0	46.32492096275392	0.0	809327	1899.8625535802125	1.5
13614.22143443525	1500.0	48.7118284183087	0.0	681795	1613.0925444452253	1.5
13616.224467813088	1500.0	50.708795040471585	0.0	855209	2003.0333778371162	1.5
13617.754510115104	1500.0	53.17875273845487	0.0	644861	1530.042302016724	1.5
13620.094033531404	1500.0	54.839229322154274	0.0	794014	2339.523416300597	1.5
13622.951534860485	1500.0	55.981727993073996	0.0	914284	2857.5013290802763	1.5
13625.084269727959	1500.0	57.84899312560229	0.0	675709	2132.7348674717095	1.5
13627.313664426825	1500.0	59.61959842673391	0.0	707527	2229.3946988683833	1.5
13631.397422796666	1500.0	59.53584005689293	0.0	757473	2083.758369840979	1.5
13635.059121664088	1500.0	59.87414118947121	0.0	712239	1661.698867421719	1.5
13636.843527615676	1500.0	59.88685715660423	0.0	633700	1487.284032866978	1.5
13641.189941650764	1500.0	59.54044312151651	0.0	755142	1846.4140350877196	1.5
13644.837958025033	1500.0	59.892426747247505	0.0	670327	1648.0163742690058	1.5
13648.724453043169	1500.0	59.974955402218264	0.0	785519	1917.47134502924	1.5
13652.786773784283	1500.0	59.91263466110469	0.0	681043	1562.3207411135747	1.5
13656.752195013758	1500.0	59.94721343162883	0.0	866245	1965.4212294758609	1.5
13660.951940577852	1500.0	59.74746786753514	0.0	691256	1699.7455640936837	1.5
13664.747455297855	1500.0	59.951953147532784	0.0	725845	1795.5147200023637	1.5
13668.333095122864	1500.0	59.955146198923536	0.0	811013	1996.8069486092443	1.5
13672.665753350713	1500.0	59.62248797107544	0.0	657685	1832.6582278481014	1.5
13676.289881265435	1500.0	59.99836005635192	0.0	767059	2124.1279147235177	1.5
13680.686915641478	1500.0	59.60132568030994	0.0	848035	2397.034376041981	1.5
13684.502518302354	1500.0	59.78572301943378	0.0	629438	1815.602660876159	1.5
13688.233214298962	1500.0	59.59950304907567	0.0	763847	2186.2199703581155	1.5
13692.196040634968	1500.0	59.6366767130692	0.0	769491	1462.8263360064695	1.5
13696.229213130868	1500.0	59.60350421716876	0.0	808636	1533.1724959004425	1.5

