28806.200812538522	600.0	4.0	0.6678275349390425	247108	667.8275349390425	-12.756550698780849
28807.01758803659	600.0	7.1832245019327985	0.0	309722	816.775498067202	0.6
28808.62918958283	1500.0	9.571622955694322	0.0	643847	1611.6015462384776	1.5
28810.418261245035	1500.0	11.782551293487959	0.0	718451	1789.0716622063635	1.5
28812.221237159396	1500.0	13.979575379125784	0.0	724296	1802.9759143621766	1.5
28813.942221994366	1500.0	16.258590544157006	0.0	689829	1720.9848349687782	1.5
28815.777566627134	1500.0	18.423245911388644	0.0	737903	1835.3446327683616	1.5
28817.70640968139	1500.0	20.494402857135455	0.0	780303	1928.8430542531883	1.5
28822.1830869523	4000.0	20.017725586224127	0.0	1857129	4476.677270911324	4.0
28824.069678550775	1500.0	22.131133987745223	0.0	763093	1886.5915984789074	1.5
28829.46503900874	4000.0	20.735773529779742	0.0	2094766	5395.360457965481	4.0
28834.26677575034	4000.0	19.934036788180357	0.0	1761739	4801.736741599384	4.0
28835.971197339	1500.0	22.229615199517422	0.0	606092	1704.421588662937	1.5
28841.107373786785	4000.0	21.093438751736056	0.0	1805063	5136.176447781366	4.0
28843.31382203592	1500.0	22.886990502599158	0.0	754517	2206.4482491368985	1.5
28846.02819954596	1500.0	24.172612992558996	0.0	934743	2714.3775100401604	1.5
28851.83643016001	4000.0	22.364382378512353	0.0	1835863	5808.230614046641	4.0
28854.368838754053	1500.0	23.831973784467873	0.0	772616	2532.4085940444784	1.5
28856.821194974418	1500.0	25.379617564101657	0.0	747396	2452.356220366219	1.5
28858.72004507461	1500.0	27.480767463910816	0.0	662349	1898.8501001908414	1.5
28861.050625923916	1500.0	29.150186614601743	0.0	835711	2330.580849309074	1.5
28866.384484843682	4000.0	27.816327694836705	0.0	1950922	5333.858919765035	4.0
28871.558313215628	4000.0	26.64249932289018	0.0	1849252	5173.828371946526	4.0
28876.682354877972	4000.0	25.518457660548926	0.0	1822097	5124.0416623412575	4.0
28881.763753607876	4000.0	24.437058930643	0.0	1836837	5081.398729905923	4.0
28887.23132427536	4000.0	22.969488263161917	0.0	1984579	5467.570667481081	4.0
28893.294352189663	4000.0	20.906460348857895	0.0	2068230	6063.027914304025	4.0
28896.031092591395	1500.0	22.169719947128936	0.0	914284	2736.74040172896	1.5
28898.075191523345	1500.0	24.125621015179433	0.0	675709	2044.098931949502	1.5
28903.990485640992	4000.0	22.210326897532372	0.0	2002600	5915.2941176470595	4.0
28906.277655191163	1500.0	23.923157347359364	0.0	757473	2287.1695501730105	1.5
28911.840518407393	4000.0	22.36029413112988	0.0	1947068	5562.863216229484	4.0
28913.677654084913	1500.0	24.52315845360878	0.0	633700	1837.1356775210995	1.5
28915.85152650056	1500.0	26.349286037963147	0.0	755142	2173.8724156456337	1.5
28920.921690814743	4000.0	25.279121723780673	0.0	1828568	5070.164314182471	4.0
28925.804786513105	4000.0	24.396026025416273	0.0	1785821	4883.095698364404	4.0
28931.594788482533	4000.0	22.606024055989952	0.0	2096494	5790.001969426321	4.0
28937.057509357946	4000.0	21.14330318057487	0.0	1955307	5462.720875415082	4.0
28939.00313660119	1500.0	23.197675937333507	0.0	691256	1945.6272432413616	1.5
28940.888861548716	1500.0	25.3119509898096	0.0	725845	1885.724947523906	1.5
28945.908136056994	4000.0	24.292676481530037	0.0	1985434	5019.274508279563	4.0
28950.77532166114	4000.0	23.425490877381453	0.0	1830641	4867.185604148585	4.0
28955.67352090166	4000.0	22.52729163686614	0.0	1697030	4898.199240515314	4.0
28960.79102456071	4000.0	21.409787977816297	0.0	1910697	5117.503659049841	4.0
28962.33243358368	1500.0	23.868378954845305	0.0	629438	1541.4090229709925	1.5
28967.15538309974	4000.0	23.04542943878883	0.0	2042818	4822.949516056477	4.0
28971.664677100278	4000.0	22.536135438247797	0.0	1750852	4509.294000541031	4.0
28977.325711902267	4000.0	20.875100636259113	0.0	2034636	5661.034801988685	4.0

