14880.600112192704	600.0	4.0	0.9847432494279177	247108	984.7432494279177	-19.094864988558353
14883.361686563414	1500.0	5.238425629290617	0.0	732405	2761.574370709382	1.5
14885.79902111719	1500.0	6.801091075514874	0.0	643847	2437.3345537757436	1.5
14888.509505327716	1500.0	8.090606864988558	0.0	718451	2710.4842105263156	1.5
14891.11088115037	1500.0	9.489231042336764	0.0	724296	2601.3758226517957	1.5
14893.447713440886	1500.0	11.152398751820263	0.0	689829	2336.8322905165014	1.5
14895.941823774996	1500.0	12.65828841770993	0.0	737903	2494.110334110334	1.5
14898.574649195189	1500.0	14.025462997516088	0.0	780303	2632.825420193841	1.5
14901.694721169997	1500.0	14.90539102270727	0.0	891463	3120.071974808817	1.5
14904.520894809224	1500.0	16.079217383480998	0.0	763093	2826.173639226271	1.5
14907.369463410214	1500.0	17.230648782491347	0.0	769316	2848.5686009896535	1.5
14910.128423374226	1500.0	18.47168881847875	0.0	744416	2758.9599640125953	1.5
14911.811187798305	1500.0	20.78892439440086	0.0	606092	1682.7644240778902	1.5
14913.68527495296	1500.0	22.914837239744067	0.0	748011	1874.0871546567932	1.5
14915.574966598766	1500.0	25.025145593939154	0.0	754517	1889.6916458049138	1.5
14917.896926154448	1500.0	26.70318603825701	0.0	934743	2321.9595556821423	1.5
14919.74117865411	1500.0	28.858933538594293	0.0	735572	1844.2524996627142	1.5
14921.808052661578	1500.0	30.792059531126274	0.0	772616	2066.8740074680222	1.5
14924.068122302253	1500.0	32.531989890450284	0.0	747396	2260.069640675989	1.5
14926.080119458287	1500.0	34.51999273441506	0.0	662349	2011.9971560352215	1.5
14928.597793970166	1500.0	36.002318222537866	0.0	835711	2517.674511877199	1.5
14931.02995410726	1500.0	37.570158085444184	0.0	806394	2432.160137093687	1.5
14933.705242350694	1500.0	38.894869842011474	0.0	809327	2675.2882434327144	1.5
14936.005440177045	1500.0	40.59467201565905	0.0	681795	2300.197826352424	1.5
14938.870343502644	1500.0	41.72976869005967	0.0	855209	2864.903325599382	1.5
14941.050269419526	1500.0	43.54984277317931	0.0	644861	2179.9259168803683	1.5
14943.574654104907	1500.0	45.02545808779671	0.0	794014	2524.3846853825944	1.5
14946.415225522695	1500.0	46.18488667000878	0.0	914284	2840.5714177879267	1.5
14948.535448202018	1500.0	48.06466399068588	0.0	675709	2120.2226793229042	1.5
14950.751741534848	1500.0	49.848370657855774	0.0	707527	2216.2933328301033	1.5
14952.992716682318	1500.0	51.60739551038526	0.0	757473	2240.9751474705163	1.5
14954.958225046124	1500.0	53.64188714658042	0.0	712239	1965.508363804828	1.5
14956.715817329252	1500.0	55.884294863451984	0.0	633700	1757.5922831284436	1.5
14958.794902688043	1500.0	57.805209504660475	0.0	755142	2079.085358791509	1.5
14960.649457528461	1500.0	59.95065466424287	0.0	670327	1854.5548404176113	1.5
14964.808075097377	1500.0	59.79203709532794	0.0	785519	2158.6175689149213	1.5
14968.685911757995	1500.0	59.91420043471088	0.0	681043	1877.83666061706	1.5
14971.449930896752	1500.0	59.54746227269141	0.0	866245	2366.738162019469	1.5
14975.493832708307	1500.0	59.50356046113605	0.0	691256	3043.901811555365	1.5
14979.186041948311	1500.0	59.81135122113176	0.0	725845	3192.2092400042875	1.5
14983.112363700646	1500.0	59.88502946879835	0.0	811013	2926.321752333407	1.5
14987.285689362325	1500.0	59.711703807118255	0.0	657685	1673.3256616800923	1.5
14991.22398746662	1500.0	59.77340570282414	0.0	767059	1938.298104294107	1.5
14995.241363825442	1500.0	59.75602934400078	0.0	848035	3017.3763588233655	1.5
14999.083647447429	1500.0	59.91374572201367	0.0	629438	2342.2836219871065	1.5
15003.384746546088	1500.0	59.612646623355445	0.0	763847	2801.099098658227	1.5
15007.420193386	1500.0	59.577199783443994	0.0	769491	2535.44683991145	1.5
15011.08055197478	1500.0	59.91684119466435	0.0	808636	2660.3585887796417	1.5

