33980.92409416907	600.0	4.0	0.8320453464706218	247108	832.0453464706218	-16.040906929412433
33981.30422389346	200.0	7.619870275616761	0.0	98617	380.12972438323857	0.2
33982.26207982711	600.0	10.662014341962603	0.0	288447	957.8559336541571	0.6
33984.52860446903	1500.0	12.39548970003614	0.0	718451	2266.5246419264645	1.5
33990.881085160894	4000.0	10.043009008170696	0.0	2069289	6352.480691865444	4.0
33992.93294066524	1500.0	11.991153503829393	0.0	689829	2051.8555043413016	1.5
33998.86265660478	4000.0	10.061437564286035	0.0	2046450	5929.715939543359	4.0
34001.15476292732	1500.0	11.76933124175535	0.0	780303	2292.1063225306834	1.5
34006.32226489629	4000.0	10.60182927277956	0.0	1857129	5167.501968975791	4.0
34008.49271587736	1500.0	12.43137829171597	0.0	763093	2170.450981063589	1.5
34014.12069460884	4000.0	10.803399560225866	0.0	2094766	5627.978731490104	4.0
34016.12362906154	1500.0	12.800465107529709	0.0	744416	2002.934452696158	1.5
34021.849799781456	4000.0	11.074294387616021	0.0	2131310	5726.170719913686	4.0
34027.72931543438	4000.0	9.194778734691262	0.0	1805063	5879.515652924758	4.0
34030.23351511711	1500.0	10.69057905196671	0.0	754517	2504.199682724553	1.5
34033.28250727759	1500.0	11.64158689148758	0.0	934743	3048.9921604791293	1.5
34039.15707210044	4000.0	9.767022068635848	0.0	1835863	5874.564822851733	4.0
34041.67894115885	1500.0	11.245153010225632	0.0	772616	2521.869058410216	1.5
34048.48079385498	4000.0	8.443300314092815	0.0	2082556	6801.852696132819	4.0
34049.564119186325	600.0	11.359974982749893	0.0	310849	1083.3253313429223	0.6
34057.3282170337	4000.0	7.59587713537902	0.0	2379358	7764.097847370873	4.0
34058.41228624008	600.0	10.511807928991358	0.0	310841	1084.0692063876609	0.6
34061.10654986232	1500.0	11.817544306759716	0.0	809327	2694.2636222316437	1.5
34066.876318345974	4000.0	10.04777582310468	0.0	1822097	5769.768483655037	4.0
34069.61183457016	1500.0	11.312259598915889	0.0	855209	2735.5162241887906	1.5
34076.33457619147	4000.0	8.589517977610784	0.0	1984579	6722.741621305106	4.0
34077.55419840248	600.0	11.369895766601811	0.0	324657	1219.6222110089732	0.6
34084.38927755031	4000.0	8.534816618774032	0.0	2055338	6835.079147827778	4.0
34085.30429306183	600.0	11.619801107252467	0.0	291029	915.0155115215638	0.6
34091.130119296926	4000.0	9.79397487215877	0.0	2002600	5825.826235093697	4.0
34093.4844843943	1500.0	11.439609774782776	0.0	757473	2354.365097375996	1.5
34099.84661546911	4000.0	9.077478699969305	0.0	1947068	6362.131074813471	4.0
34101.97122123641	1500.0	10.952872932677511	0.0	633700	2124.6057672917923	1.5
34104.52708040156	1500.0	12.397013767523248	0.0	755142	2555.859165154265	1.5
34110.64569505584	4000.0	10.27839911324048	0.0	1828568	6118.614654282766	4.0
34113.36771804923	1500.0	11.556376119856557	0.0	785519	2722.0229933839237	1.5
34121.325757458326	4000.0	7.598336710758176	0.0	2096494	7958.039409098382	4.0
34122.63626827352	600.0	10.287825895567588	0.0	327462	1310.510815190587	0.6
34125.12748556412	1500.0	11.796608604962515	0.0	691256	2491.2172906050732	1.5
34132.38078065626	4000.0	8.543313512819795	0.0	2094647	7253.29509214272	4.0
34133.54663870354	600.0	11.377455465544582	0.0	315398	1165.8580472752117	0.6
34140.10936545313	4000.0	8.81472871595404	0.0	1830641	6562.726749590544	4.0
34141.35464012004	600.0	11.56945404905129	0.0	329059	1245.274666902749	0.6
34147.691376712435	4000.0	9.232717456652614	0.0	1910697	6336.736592398676	4.0
34149.75288345125	1500.0	11.171210717842973	0.0	629438	2061.5067388096413	1.5
34156.23889209661	4000.0	8.685202072482538	0.0	2042818	6486.008645360435	4.0
34157.117034603136	600.0	11.807059565957157	0.0	256094	878.1425065253809	0.6
34163.53818073271	4000.0	9.38591343638452	0.0	2034636	6421.146129572637	4.0

