10286.970240050505	600.0	4.0	0.9546992323178691	247108	954.6992323178691	0.059014365	-18.493984646357383
10287.39931905318	200.0	7.570920997323068	0.0	98617	429.0790026769319	0.004705182	0.2
10287.856216909424	200.0	11.114023141080951	0.0	106476	456.8978562421185	0.004705182	0.2
10288.344101690735	200.0	14.626138359770803	0.0	115230	487.884781310148	0.004705182	0.2
10288.769786078248	200.0	18.20045397225725	0.0	97658	425.6843875135506	0.004705182	0.2
10289.195470465762	200.0	21.7747695847437	0.0	97658	425.6843875135506	0.004705182	0.2
10289.685344583591	200.0	25.284895466914453	0.0	115792	489.8741178292516	0.004705182	0.2
10290.146483053979	200.0	28.823756996526626	0.0	107674	461.13847038782336	0.004705182	0.2
10293.382034479831	1500.0	29.588205570673217	0.0	891463	3235.551425853411	0.004705182	1.5
10296.16318887907	1500.0	30.80705117143426	0.0	763093	2781.154399238955	0.14233622	1.5
10299.466785736327	1500.0	31.503454314177006	0.0	769316	3303.596857257255	0.016930012	1.5
10302.818584439767	1500.0	32.15165561073782	0.0	744416	3351.798703439183	0.004705182	1.5
10305.562432368568	1500.0	33.407807681938785	0.0	606092	2743.8479287990335	0.004705182	1.5
10308.254760938802	1500.0	34.71547911170383	0.0	748011	2692.3285702349554	0.004705182	1.5
10310.403064118627	1500.0	36.56717593187926	0.0	754517	2148.303179824561	0.004705182	1.5
10313.045407868627	1500.0	37.92483218187926	0.0	934743	2642.34375	0.004705182	1.5
10315.141778482663	1500.0	39.82846156784418	0.0	735572	2096.370614035088	0.004705182	1.5
10317.339695149329	1500.0	41.630544901177515	0.0	772616	2197.9166666666665	0.22254176	1.5
10320.197120001467	1500.0	42.773120049039186	0.0	747396	2857.42485213833	0.24076319	1.5
10322.777198795493	1500.0	44.19304125501243	0.0	662349	2580.0787940267523	0.004705182	1.5
10326.011643580698	1500.0	44.95859646980872	0.0	835711	3234.4447852037083	0.14567566	1.5
10341.447986090661	8000.0	33.52225395984465	0.0	3905272	15436.342509964075	0.0054671643	8.0
10344.54364328675	1500.0	34.42659676375709	0.0	809327	3095.657196087564	0.004705182	1.5
10347.16409973761	1500.0	35.806140312895415	0.0	681795	2620.4564508616677	0.004705182	1.5
10350.229862586097	1500.0	36.740377464409256	0.0	855209	3065.7628484861652	0.98882276	1.5
10352.512868030743	1500.0	38.457372019763156	0.0	644861	2283.005444646098	0.008898476	1.5
10366.225698217477	8000.0	28.744541833026734	0.0	4274504	13712.830186736419	0.0059509985	8.0
10369.42352083891	1500.0	29.546719211594677	0.0	914284	3197.822621432057	0.004705182	1.5
10372.375898957349	1500.0	30.5943410931537	0.0	675709	2952.3781184409786	0.004705182	1.5
10375.463532528911	1500.0	31.50670752159229	0.0	707527	3087.6335715614127	0.044955466	1.5
10378.724527694349	1500.0	32.2457123561542	0.0	757473	3260.995165438084	0.004705182	1.5
10381.392017817414	1500.0	33.57822223308985	0.0	712239	2667.4901230643477	0.10384966	1.5
10398.895296359553	8000.0	20.074943690951446	0.0	3713878	17503.278542138403	0.2077997	8.0
10401.730534889151	1500.0	21.239705161351885	0.0	755142	2835.2385295995623	0.004705182	1.5
10404.256314329086	1500.0	22.71392572141756	0.0	670327	2525.7794399343243	0.004705182	1.5
10404.656631760447	200.0	26.31360829005753	0.0	87791	400.3174313600292	0.025963051	0.2
10407.221509987208	1500.0	27.748730063294783	0.0	681043	2564.8782267627475	0.03413478	1.5
10413.649488283963	4000.0	25.3207517665391	0.0	1955307	6427.978296755687	0.004705182	4.0
10415.883059559545	1500.0	27.08718049095836	0.0	691256	2233.571275580739	0.009169432	1.5
10418.22439102361	1500.0	28.74584902689309	0.0	725845	2341.331464065269	0.036419243	1.5
10429.231280990309	8000.0	21.738959060194865	0.0	3189942	11006.889966698225	0.013194496	8.0
10434.989785038006	4000.0	19.980455012496783	0.0	1830641	5758.504047698082	0.39840955	4.0
10440.514653747963	4000.0	18.45558630254033	0.0	1697030	5524.868709956451	0.03437148	4.0
10447.784144364585	4000.0	15.186095685918346	0.0	1910697	7269.490616621984	0.019182434	4.0
10450.159418432662	1500.0	16.810821617840542	0.0	629438	2375.274068077803	0.5701397	1.5
10457.014793735829	4000.0	13.955446314675184	0.0	2042818	6855.375303165358	0.004705182	4.0
10464.103566990487	4000.0	10.86667306001687	0.0	1750852	7088.773254658314	0.09955724	4.0
10467.896525723196	1500.0	11.073714327307233	0.0	808636	3792.958732709637	0.0064109163	1.5

