21553.218959808044	600.0	4.0	0.9190764006791171	247108	919.0764006791171	-17.781528013582342
21555.785903780878	1500.0	5.433056027164686	0.0	732405	2566.943972835314	1.5
21558.05214147188	1500.0	7.166818336162989	0.0	643847	2266.237691001698	1.5
21560.571703441317	1500.0	8.64725636672326	0.0	718451	2519.5619694397283	1.5
21563.101873325002	1500.0	10.117086483039136	0.0	724296	2530.1698836841238	1.5
21565.471619606353	1500.0	11.747340201687352	0.0	689829	2369.746281351783	1.5
21568.000937698587	1500.0	13.218022109452429	0.0	737903	2529.3180922349234	1.5
21570.670993919157	1500.0	14.547965888885244	0.0	780303	2670.0562205671845	1.5
21573.738932364457	1500.0	15.48002744358412	0.0	891463	3067.938445301125	1.5
21576.457965759033	1500.0	16.760994049009387	0.0	763093	2719.033394574733	1.5
21579.198520389964	1500.0	18.020439418078876	0.0	769316	2740.554630930509	1.5
21581.852962408768	1500.0	19.365997399274164	0.0	744416	2654.442018804712	1.5
21584.03762976911	1500.0	21.181330038932753	0.0	606092	2184.6673603414124	1.5
21586.73677322025	1500.0	22.4821865877893	0.0	748011	2699.1434511434513	1.5
21589.458697281963	1500.0	23.760262526075763	0.0	754517	2721.9240617135356	1.5
21597.5897687482	4000.0	19.62919105984138	0.0	2231719	8131.071466234386	4.0
21604.45299855675	4000.0	16.765961251289603	0.0	1835863	6863.229808551776	4.0
21612.223390717907	4000.0	12.995569090128681	0.0	2192675	7770.39216116092	4.0
21619.56687047801	4000.0	9.652089330024806	0.0	2082556	7343.479760103875	4.0
21627.159153864995	4000.0	6.059805943041374	0.0	2164412	7592.283386983432	4.0
21630.12695292769	1500.0	7.092006880345653	0.0	835711	2967.7990626957217	1.5
21632.993447107332	1500.0	8.225512700702865	0.0	806394	2866.4941796427875	1.5
21635.94565642663	1500.0	9.273303381407159	0.0	809327	2952.2093192957054	1.5
21638.484513633888	1500.0	10.734446174149186	0.0	681795	2538.857207257974	1.5
21641.648779158513	1500.0	11.570180649523918	0.0	855209	3164.265524625268	1.5
21644.054435869883	1500.0	13.16452393815234	0.0	644861	2405.656711371577	1.5
21647.17597583825	1500.0	14.042983969785189	0.0	794014	3121.539968367151	1.5
21650.7844972334	1500.0	14.434462574638294	0.0	914284	3608.521395146896	1.5
21653.472279567326	1500.0	15.74668024070998	0.0	675709	2687.782333928313	1.5
21656.042826846828	1500.0	17.176132961209515	0.0	707527	2570.5472795004653	1.5
21658.602889055226	1500.0	18.616070752811382	0.0	757473	2560.0622083981334	1.5
21661.0148494383	1500.0	20.204110369738615	0.0	712239	2411.9603830727674	1.5
21663.16966322237	1500.0	22.04929658566724	0.0	633700	2154.813784071376	1.5
21665.783878420272	1500.0	23.435081387766115	0.0	755142	2614.215197901126	1.5
21672.377612501667	4000.0	20.84134730636973	0.0	1828568	6593.734081396384	4.0
21678.679901393738	4000.0	18.53905841429737	0.0	1785821	6302.288892072362	4.0
21685.925913786996	4000.0	15.293046021038062	0.0	2096494	7246.012393259304	4.0
21692.542532746065	4000.0	12.67642706196909	0.0	1955307	6616.618959068972	4.0
21700.06239301612	4000.0	9.156566791916802	0.0	2142800	7519.860270052288	4.0
21707.42412996307	4000.0	5.794829844966602	0.0	2094647	7361.736946950201	4.0
21710.160521700873	1500.0	7.058438107162347	0.0	811013	2736.3917378042543	1.5
21712.394702953305	1500.0	8.824256854731386	0.0	657685	2234.1812524309607	1.5
21714.98712777265	1500.0	10.23183203539015	0.0	767059	2592.4248193412354	1.5
21717.987249199025	1500.0	11.231710609014263	0.0	848035	3000.121426375888	1.5
21720.273964655444	1500.0	12.944995152596366	0.0	629438	2286.7154564178973	1.5
21723.03189795664	1500.0	14.187061851399994	0.0	763847	2757.9333011963718	1.5
21729.42230367479	4000.0	11.796656133248792	0.0	1750852	6390.405718151202	4.0
21736.95463478031	4000.0	8.264325027727846	0.0	2034636	7532.331105520948	4.0

