14178.260065471737	600.0	4.0	0.7688147877140717	247108	768.8147877140717	0.051936626	-14.776295754281435
14178.614960853189	200.0	7.645104618547362	0.0	98617	354.89538145263856	0.004705182	0.2
14178.991763236507	200.0	11.268302235230578	0.0	106476	376.80238331678254	0.004705182	0.2
14179.392967438669	200.0	14.867098033066776	0.0	115230	401.20420216380074	0.004705182	0.2
14179.745189602818	200.0	18.514875868917574	0.0	97658	352.22216414920126	0.004705182	0.2
14180.097411766967	200.0	22.162653704768374	0.0	97658	352.22216414920126	0.004705182	0.2
14180.500182546944	200.0	25.75988292478963	0.0	115792	402.77077997874534	0.004705182	0.2
14180.880324361262	200.0	29.379741110472306	0.0	107674	380.1418143173226	0.004705182	0.2
14181.225987526126	200.0	33.03407794560881	0.0	95305	345.6631648634994	0.004705182	0.2
14181.59986024168	200.0	36.66020523005627	0.0	105425	373.87271555253574	0.009531633	0.2
14181.945690656843	200.0	40.31437481489225	0.0	95365	345.8304151640273	0.004705182	0.2
14182.29145695939	200.0	43.96860851234342	0.0	95342	345.76630254882497	0.004705182	0.2
14182.656950434888	200.0	47.603115036847335	0.0	102419	365.49347549608876	0.007609586	0.2
14182.962367602435	200.0	51.297697869300855	0.0	80867	305.4171675464729	0.004705182	0.2
14183.273033641912	200.0	54.98703182982282	0.0	82750	310.6660394780397	0.009175509	0.2
14198.540703085326	12000.0	43.71936238640918	0.0	5443841	15267.669443413635	0.09040451	12.0
14198.87319490322	200.0	47.38687056851325	0.0	89871	332.49181789592853	0.004705182	0.2
14210.898352578624	12000.0	39.361712893108674	0.0	4055239	12025.15767540457	0.004705182	12.0
14211.217389008287	200.0	43.0426764634457	0.0	90919	319.0364296629805	0.004705182	0.2
14211.523166815277	200.0	46.736898656455544	0.0	85876	305.7778069901573	0.013232587	0.2
14211.904610527587	200.0	50.35545494414636	0.0	114656	381.4437123091838	0.25645846	0.2
14212.241585403115	200.0	54.01848006861848	0.0	97742	336.97487552787686	0.12005823	0.2
14226.264532675163	12000.0	43.99553279657059	0.0	5141915	14022.947272047888	0.004705182	12.0
14226.584679700523	200.0	47.67538577120872	0.0	85752	320.14702536187497	0.004705182	0.2
14226.92948217895	200.0	51.33058329278119	0.0	94556	344.8024784275288	0.004705182	0.2
14235.583839836288	8000.0	46.676225635444084	0.0	3253093	8654.357657337112	0.004705182	8.0
14249.42564629777	12000.0	36.83441917396277	0.0	5138482	13841.806461481312	0.004705182	12.0
14258.622685272425	8000.0	31.637380199306943	0.0	3354913	9197.038974655828	0.004705182	8.0
14258.958096695465	200.0	35.30196877626725	0.0	93993	335.41142303969025	0.26967344	0.2
14274.16678521503	12000.0	24.09328025670387	0.0	5411094	15208.688519563384	0.18952237	12.0
14274.518286885157	200.0	27.74177858657658	0.0	93982	351.5016701272908	0.026643474	0.2
14284.240162549482	8000.0	22.0199029222516	0.0	3568902	9721.87566432498	0.005207615	8.0
14285.89898534612	1500.0	24.361080125615036	0.0	633700	1658.822796636562	0.1782706	1.5
14286.201774508374	200.0	28.058290963360285	0.0	89422	302.78916225474933	0.30656	0.2
14286.551410135904	200.0	31.70865533582992	0.0	108225	349.6356275303644	0.026372114	0.2
14291.187117162057	4000.0	31.072948309678214	0.0	1785821	4635.7070261517065	0.56364733	4.0
14291.559627682998	200.0	34.700437788734824	0.0	102088	372.51052094339286	0.68669015	0.2
14291.870004646162	200.0	38.39006082557155	0.0	80403	310.37696316326713	0.6364011	0.2
14306.592395663441	12000.0	27.667669808291574	0.0	5257310	14722.391017279979	0.012497774	12.0
14306.94533841447	200.0	31.314727057262697	0.0	101968	352.9427510288755	0.09560784	0.2
14319.352940765799	8000.0	22.907124705935892	0.0	3189942	12407.602351326803	0.32412627	8.0
14324.997530338884	4000.0	21.262535132850243	0.0	1830641	5644.589573085652	0.026902784	4.0
14329.66231665501	4000.0	20.597748816723062	0.0	1697030	4664.786316127181	0.009525076	4.0
14335.338929939218	4000.0	18.92113553251472	0.0	1910697	5676.613284208341	0.037627757	4.0
14345.80853875277	8000.0	12.451526718962727	0.0	3682991	10469.608813551997	0.19073583	8.0
14351.262473308961	4000.0	10.997592162771493	0.0	2042818	5453.934556191235	0.20531139	4.0
14356.109371738352	4000.0	10.15069373338085	0.0	1750852	4846.898429390644	0.004705182	4.0
14361.783270258866	4000.0	8.476795212867353	0.0	2034636	5673.898520513497	0.26392868	4.0

