7186.535555862995	600.0	4.0	0.851850694986725	247108	851.8506949867251	-16.4370138997345
7188.903249131777	1500.0	5.632306731219741	0.0	732405	2367.693268780259	1.5
7190.994328313411	1500.0	7.541227549586132	0.0	643847	2091.079181633609	1.5
7193.318435763043	1500.0	9.217120099953146	0.0	718451	2324.1074496329848	1.5
7195.660800279676	1500.0	10.874755583320319	0.0	724296	2342.3645166328283	1.5
7197.638882020093	1500.0	12.89667384290391	0.0	689829	1978.0817404164075	1.5
7199.682205874753	1500.0	14.853349988243563	0.0	737903	2043.3238546603477	1.5
7201.8383425671955	1500.0	16.697213295801557	0.0	780303	2156.1366924420054	1.5
7204.290240463595	1500.0	18.245315399401793	0.0	891463	2451.8978963997674	1.5
7206.40058685089	1500.0	20.134969012106538	0.0	763093	2110.3463872952525	1.5
7209.166461052696	1500.0	21.369094810300137	0.0	769316	2765.8742018064054	1.5
7211.871572575221	1500.0	22.66398328777523	0.0	744416	2705.111522524905	1.5
7214.088897797825	1500.0	24.446658065170983	0.0	606092	2217.3252226042496	1.5
7216.8059938211745	1500.0	25.729562041820543	0.0	748011	2717.0960233504384	1.5
7218.928368417261	1500.0	27.607187445735345	0.0	754517	2122.3745960851984	1.5
7221.538590210896	1500.0	28.996965652099856	0.0	934743	2610.221793635487	1.5
7223.60968327625	1500.0	30.92587258674602	0.0	735572	2071.093065353838	1.5
7225.781049396468	1500.0	32.75450646652744	0.0	772616	2171.3661202185795	1.5
7227.85484603155	1500.0	34.68070983144676	0.0	747396	2073.7966350806764	1.5
7229.650526065223	1500.0	36.885029797772916	0.0	662349	1795.6800336738495	1.5
7231.895265011944	1500.0	38.640290851052065	0.0	835711	2244.738946720847	1.5
7234.0640642478065	1500.0	40.471491615189414	0.0	806394	2168.7992358626498	1.5
7236.2404608221395	1500.0	42.29509504085601	0.0	809327	2176.3965743334034	1.5
7238.0868089570295	1500.0	44.448746905966615	0.0	681795	1846.3481348893906	1.5
7240.383417144163	1500.0	46.15213871883212	0.0	855209	2296.608187134503	1.5
7242.134826322696	1500.0	48.40072954029945	0.0	644861	1751.409178532666	1.5
7244.272823763204	1500.0	50.262732099791435	0.0	794014	2137.99744050801	1.5
7246.722547888846	1500.0	51.813007974149535	0.0	914284	2449.724125641898	1.5
7248.577396134836	1500.0	53.95815972816015	0.0	675709	1854.8482459893853	1.5
7250.569502073623	1500.0	55.966053789372225	0.0	707527	1992.1059387879197	1.5
7252.696588081325	1500.0	57.83896778167005	0.0	757473	2127.086007702182	1.5
7254.701428294825	1500.0	59.834127568170956	0.0	712239	2004.840213499088	1.5
7257.164325396372	1500.0	59.54154058080524	0.0	633700	1792.5869873657186	1.5
7265.376154713911	1500.0	55.32971126326587	0.0	755142	8211.829317539374	1.5
7268.8991902859925	1500.0	55.80667569118407	0.0	670327	3523.0355720817965	1.5
7272.133647530679	1500.0	56.57221844649868	0.0	785519	3234.45724468539	1.5
7274.948554038723	1500.0	57.757311938454606	0.0	681043	2814.9065080440732	1.5
7278.028809817344	1500.0	58.6770561598341	0.0	866245	3080.255778620508	1.5
7280.98414165583	600.0	59.72172432134825	0.0	309862	955.331838485849	0.6
7285.114587461723	1500.0	59.59127851545478	0.0	725845	2130.4458058934656	1.5
7289.182497137282	1500.0	59.52336883989545	0.0	811013	2567.9096755593346	1.5
7293.160665635451	1500.0	59.545200341726954	0.0	657685	2978.168498168498	1.5
7297.120803893184	1500.0	59.58506208399471	0.0	767059	3460.1382577322433	1.5
7301.169377737206	1500.0	59.536488239972634	0.0	848035	2548.5738440220775	1.5
7305.035872690463	1500.0	59.66999328671487	0.0	629438	1866.4949532577655	1.5
7308.53368951193	1500.0	59.922013580117735	0.0	763847	2247.97970659713	1.5
7312.738254826856	1500.0	59.71744826519108	0.0	769491	2204.5653149266614	1.5
7316.550899520557	1500.0	59.90480357148961	0.0	808636	2312.6446937014666	1.5

