26272.625825033683	600.0	4.0	0.9738614577681318	247108	973.8614577681318	0.008164518	-18.877229155362635
26273.062551385643	200.0	7.56327364803762	0.0	98617	436.72635196238025	0.004705182	0.2
26273.527706024823	200.0	11.098119008862362	0.0	106476	465.1546391752578	0.004705182	0.2
26274.024526426343	200.0	14.6012986073431	0.0	115230	496.8204015192621	0.004705182	0.2
26274.45778379657	200.0	18.1680412371134	0.0	97658	433.2573702296979	0.004705182	0.2
26274.8910411668	200.0	21.734783866883703	0.0	97658	433.2573702296979	0.004705182	0.2
26275.389894485663	200.0	25.23593054801953	0.0	115792	498.8533188641708	0.004705182	0.2
26275.859382639035	200.0	28.766442394646408	0.0	107674	469.48815337312357	0.004705182	0.2
26279.164063413136	1500.0	29.46176162054621	0.0	891463	3304.6807741001994	0.004705182	1.5
26282.004392586587	1500.0	30.621432447097128	0.0	763093	2840.3291734490867	0.03911563	1.5
26284.391233501756	1500.0	32.23459153192754	0.0	769316	2386.840915169586	0.0059654643	1.5
26286.615134430547	1500.0	34.010690603134975	0.0	744416	2223.90092879257	0.007043125	1.5
26288.4406654263	1500.0	36.18515960738294	0.0	606092	1825.5309957520342	0.004705182	1.5
26290.67491987226	1500.0	37.95090516141851	0.0	748011	2234.254445964432	0.004705182	1.5
26292.928964816878	1500.0	39.696860216801646	0.0	754517	2254.0449446168645	0.004705182	1.5
26295.738340683733	1500.0	40.88748434995005	0.0	934743	2809.375866851595	0.004705182	1.5
26297.9661529328	1500.0	42.65967210088077	0.0	735572	2227.8122490692754	0.015787262	1.5
26300.3021307414	1500.0	44.3236942922816	0.0	772616	2335.977808599168	0.62329394	1.5
26313.03011460933	8000.0	35.59571042434824	0.0	3873892	12727.98386793336	0.15855795	8.0
26315.526254527493	1500.0	37.09957050618369	0.0	662349	2496.139918164555	0.004705182	1.5
26318.67006224007	1500.0	37.955762793606645	0.0	835711	3143.8077125770455	0.004705182	1.5
26331.279332743776	8000.0	29.34649228990346	0.0	3905272	12609.270503703185	0.044021048	8.0
26333.817926637723	1500.0	30.807898395955387	0.0	809327	2538.5938939480698	0.004705182	1.5
26336.227107805655	1500.0	32.39871722802542	0.0	681795	2409.181167929967	0.004705182	1.5
26339.22871429653	1500.0	33.39711073715321	0.0	855209	3001.606490872211	0.048988514	1.5
26341.511719741175	1500.0	35.11410529250711	0.0	644861	2283.005444646098	0.004705182	1.5
26354.500100956015	8000.0	26.125724077663254	0.0	4274504	12988.38121484386	0.0074335597	8.0
26358.554924747554	1500.0	26.07090028612452	0.0	914284	4054.8237915387335	0.004705182	1.5
26361.572550484587	1500.0	27.05327454909221	0.0	675709	3017.6257370323074	0.004705182	1.5
26364.515842849316	1500.0	28.109982184363382	0.0	707527	2943.2923647288285	0.0049109715	1.5
26366.853796831616	1500.0	29.772028202062497	0.0	757473	2337.9539823008854	0.004705182	1.5
26377.410444211462	8000.0	23.21538082221699	0.0	3568902	10556.647379845506	0.26667786	8.0
26379.288429741322	1500.0	25.3373952923546	0.0	633700	1877.985529862392	0.004705182	1.5
26381.510980457737	1500.0	27.11484457594092	0.0	755142	2222.5507164136757	0.004705182	1.5
26393.437191784775	8000.0	19.18863324890605	0.0	3707853	11926.21132703487	0.005132252	8.0
26395.974416965266	1500.0	20.651408068414487	0.0	785519	2537.225180491564	0.004705182	1.5
26398.098286868102	1500.0	22.527538165574708	0.0	681043	2123.8699028397796	0.09140122	1.5
26410.23621959994	8000.0	14.389605433738266	0.0	3739359	12137.932731836441	0.715787	8.0
26412.758982150463	1500.0	15.866842883215925	0.0	691256	2522.762550522341	0.004705182	1.5
26415.29697176621	1500.0	17.32885326746829	0.0	725845	2537.9896157476364	0.49421498	1.5
26424.464478354057	8000.0	12.16134667961842	0.0	3189942	9167.50658784987	0.61807007	8.0
26426.480177522993	1500.0	14.145647510678572	0.0	657685	2015.6991689398492	0.005049707	1.5
26431.608139002106	4000.0	13.01768603156574	0.0	1697030	5127.961479112831	0.014193555	4.0
26437.451382547933	4000.0	11.174442485740688	0.0	1910697	5843.243545825051	0.2140232	4.0
26439.471547455076	1500.0	13.15427757859728	0.0	629438	2020.1649071434076	0.055168495	1.5
26445.946595842845	4000.0	10.679229190826252	0.0	2042818	6475.048387771029	0.012596018	4.0
26448.850092230874	1500.0	11.775732802797357	0.0	769491	2903.4963880288956	0.6024703	1.5
26456.189201258345	4000.0	8.436623775326726	0.0	2034636	7339.109027470629	0.55207086	4.0

