20204.52956649872	600.0	4.0	0.5840962872297021	247108	584.096287229702	0.3041787	-11.081925744594042
20204.810743569302	200.0	7.7188229294165644	0.0	98617	281.17707058343535	0.004705182	0.2
20205.10795287163	200.0	11.421613627090984	0.0	106476	297.2093023255814	0.004705182	0.2
20205.423020191087	200.0	15.10654630762954	0.0	115230	315.0673194614443	0.004705182	0.2
20205.702240917322	200.0	18.82732558139535	0.0	97658	279.2207262341901	0.004705182	0.2
20205.981461643554	200.0	22.54810485516116	0.0	97658	279.2207262341901	0.004705182	0.2
20206.297675433845	200.0	26.23189106487148	0.0	115792	316.2137902896777	0.004705182	0.2
20206.59732863662	200.0	29.932237862097104	0.0	107674	299.6532027743778	0.004705182	0.2
20220.903259973562	12000.0	19.62630652515328	0.0	6619479	14305.931336943824	0.004705182	12.0
20221.226489966357	200.0	23.303076532363082	0.0	105425	323.2299927901947	0.004705182	0.2
20223.08140791877	1500.0	25.448158579947798	0.0	769316	1854.9179524152846	0.13187857	1.5
20223.38137504206	200.0	29.148191456660125	0.0	95342	299.96712328767126	0.004705182	0.2
20224.85971274934	1500.0	31.669853749378223	0.0	606092	1478.3377072819035	0.004705182	1.5
20226.400028086984	1500.0	34.12953841173658	0.0	748011	1540.3153376416426	0.004705182	1.5
20227.931999606273	1500.0	36.59756689244475	0.0	754517	1531.971519291831	0.004705182	1.5
20229.81079302492	1500.0	38.71877347379758	0.0	934743	1878.7934186471664	0.004705182	1.5
20242.311258990274	12000.0	30.218307508443548	0.0	5964284	12500.465965354035	0.004705182	12.0
20244.109304936934	1500.0	32.420261561783924	0.0	772616	1798.0459466596249	0.004705182	1.5
20245.871761412236	1500.0	34.65780508648033	0.0	747396	1762.4564753035936	0.045143135	1.5
20256.07504022957	8000.0	28.454526269147095	0.0	4303587	10203.278817333234	0.004705182	8.0
20258.29476851044	1500.0	30.23479798827465	0.0	835711	2219.7282808724462	0.004705182	1.5
20260.43943446234	1500.0	32.090132036377575	0.0	806394	2144.6659518970732	0.0072617196	1.5
20269.69971556444	8000.0	26.829850934277825	0.0	3805854	9260.281102099752	0.012833011	8.0
20271.305474687197	1500.0	29.224091811517432	0.0	681795	1605.7591227603957	0.004705182	1.5
20282.902474908584	8000.0	21.627091590132267	0.0	4925863	11597.000221385168	0.0072614653	8.0
20284.535795395153	1500.0	23.993771103561148	0.0	644861	1633.320486571119	0.029299265	1.5
20286.444271890294	1500.0	26.08529460842223	0.0	794014	1908.4764951389168	0.004705182	1.5
20292.998125911232	8000.0	23.53144058748538	0.0	3354913	6553.854020936852	0.029912258	8.0
20294.382017078195	1500.0	26.147549420521223	0.0	675709	1383.8911669641566	0.06816488	1.5
20305.390134339985	8000.0	19.139432158730866	0.0	4435580	11008.117261790358	0.004705182	8.0
20307.496022467614	1500.0	21.033544031103	0.0	757473	2105.8881276278667	0.004705182	1.5
20309.52083508281	1500.0	23.008731415907423	0.0	712239	2024.8126151955764	0.004705182	1.5
20318.823719778844	8000.0	17.705846719876043	0.0	3713878	9302.884696031382	0.008346454	8.0
20320.365915806968	1500.0	20.163650691751005	0.0	755142	1542.1960281250379	0.0055761626	1.5
20327.625098609074	8000.0	16.90446788964415	0.0	3707853	7259.182802106859	0.013072706	8.0
20331.161428793304	4000.0	17.368137705415478	0.0	1785821	3536.330184228671	0.808702	4.0
20335.299044586405	4000.0	17.230521912312863	0.0	2096494	4137.615793102614	0.41936564	4.0
20342.527153326766	8000.0	14.002413171954519	0.0	3739359	7228.108740358345	0.08713631	8.0
20346.688725726435	4000.0	13.840840772283094	0.0	2142800	4161.572399671424	0.18559378	4.0
20351.90942644864	4000.0	12.620140050081506	0.0	2094647	5220.700722201588	0.07772614	4.0
20356.975839872593	4000.0	11.553726626124957	0.0	1985434	5066.413423956551	0.12023528	4.0
20360.69040489554	4000.0	11.839161603178036	0.0	1830641	3714.565022946922	0.49233812	4.0
20364.088440406886	4000.0	12.441126091831757	0.0	1697030	3398.035511346279	0.2527798	4.0
20372.671631072422	8000.0	7.8579354262976775	0.0	4340973	8583.190665534079	0.66513693	8.0
20377.009771439643	4000.0	7.519795059077812	0.0	2171279	4338.140367219866	0.10814115	4.0
20382.139977139217	4000.0	6.3895893595044475	0.0	2042818	5130.205699573365	0.013586311	4.0
20386.686507536702	4000.0	5.843058962017241	0.0	1750852	4546.530397487206	0.26905486	4.0
20391.51621555222	4000.0	5.01335094650047	0.0	2034636	4829.708015516771	0.6943622	4.0

