28887.24316257186	600.0	4.0	0.7667688031961092	247108	766.7688031961092	-14.735376063922184
28888.183949787424	600.0	7.059212784436339	0.0	309722	940.7872155636617	0.6
28888.559870579502	200.0	10.683291992357132	0.0	106476	375.92079207920796	0.2
28888.96012070978	200.0	14.283041862080946	0.0	115230	400.25013027618553	0.2
28889.311534293247	200.0	17.93162827861734	0.0	97658	351.41358346360954	0.2
28891.308724496477	1500.0	19.93443807538649	0.0	689829	1997.1902032308494	1.5
28891.710536551367	200.0	23.532626020496792	0.0	115792	401.8120548896995	0.2
28892.554331583502	600.0	26.688830988362	0.0	274823	843.7950321347925	0.6
28892.899205649857	200.0	30.343956922007994	0.0	95305	344.87406635400384	0.2
28906.97688773529	12000.0	20.266274836572236	0.0	5088378	14077.68208543576	12.0
28907.31804990902	200.0	23.925112662845237	0.0	95365	341.16217372700044	0.2
28914.536147494517	4000.0	20.70701507734748	0.0	1761739	7218.097585497754	4.0
28917.078247172078	1500.0	22.164915399788896	0.0	606092	2542.0996775585854	1.5
28922.876132457837	4000.0	20.36703011402768	0.0	1805063	5797.8852857612155	4.0
28923.77774659662	600.0	23.46541597524519	0.0	264113	901.6141387824938	0.6
28924.151338648415	200.0	27.09182392344965	0.0	94377	373.5920517955399	0.2
28925.291162496917	600.0	29.952000074947716	0.0	340687	1139.8238485019347	0.6
28940.94719169613	12000.0	18.295970875734973	0.0	4055239	15656.02919921274	12.0
28942.46751893911	600.0	20.775643632757063	0.0	330105	1520.3272429779113	0.6
28942.922216512055	200.0	24.32094605980915	0.0	85876	454.69757294791384	0.2
28957.59517894062	8000.0	13.647983631244351	0.0	3690869	14672.962428564799	8.0
28958.042794182387	200.0	17.200368389477585	0.0	97742	447.6152417667662	0.2
28958.452593637176	200.0	20.790568934688554	0.0	100675	409.79945478902926	0.2
28958.7699776297	200.0	24.47318494216286	0.0	85752	317.383992525693	0.2
28963.93482347212	4000.0	23.308339099746167	0.0	1836837	5164.845842416693	4.0
28964.294719662303	200.0	26.948442909566577	0.0	101109	359.896190179591	0.2
28980.25471786364	12000.0	14.98844470822455	0.0	5138482	15959.998201342027	12.0
28980.634455337688	200.0	18.60870723417923	0.0	103756	379.7374740453191	0.2
28980.98598878537	200.0	22.25717378649484	0.0	93993	351.5334476843911	0.2
28986.85123749892	4000.0	20.391925072944236	0.0	2002600	5865.248713550601	4.0
28987.625640676677	600.0	23.617521895188524	0.0	240372	774.4031777557101	0.6
28998.992562013547	8000.0	16.250600558316123	0.0	3568902	11366.921336872401	8.0
29001.719179096894	1500.0	17.523983474970258	0.0	633700	2726.617083345869	1.5
29003.24467838849	600.0	19.998484183371367	0.0	344336	1525.4992915988878	0.6
29003.778999635277	200.0	23.46416293658541	0.0	108225	534.321246785958	0.2
29004.227540328982	200.0	27.01562224287706	0.0	87791	448.54069370834867	0.2
29007.166512885	1500.0	28.076649686860897	0.0	681043	2938.9725560161623	1.5
29008.62117626329	600.0	30.6219863085747	0.0	327462	1454.6633782861943	0.6
29009.065212575402	200.0	34.177949996458416	0.0	86718	444.0363121162828	0.2
29009.57326735842	200.0	37.669895213439055	0.0	101968	508.0547830193631	0.2
29023.516717190283	12000.0	27.726445381576735	0.0	4828747	13943.449831862321	12.0
29025.584656888775	1500.0	29.65850568308427	0.0	657685	2067.9396984924624	1.5
29031.02192722255	4000.0	28.22123534930822	0.0	1697030	5437.270333776053	4.0
29031.47115916316	200.0	31.7720034086972	0.0	96988	449.23194061102123	0.2
29031.87556765274	200.0	35.36759491911882	0.0	85214	404.4084895783763	0.2
29034.863522349606	1500.0	36.37964022225006	0.0	763847	2987.954696868754	1.5
29041.30811465223	4000.0	33.935047919624665	0.0	1750852	6444.592302625395	4.0
29060.017639122674	12000.0	19.225523449183342	0.0	5646381	18709.524470441324	12.0

