5323.187662722765	600.0	4.0	0.5984129231898879	247108	598.4129231898879	0.59955657	-11.368258463797758
5323.4745533424375	200.0	7.713109380326752	0.0	98617	286.89061967324886	0.004705182	0.2
5323.77793151882	200.0	11.40973120394409	0.0	106476	303.3781763826606	0.004705182	0.2
5324.099674890703	200.0	15.08798783206147	0.0	115230	321.7433718826213	0.004705182	0.2
5324.384553604677	200.0	18.8031091180867	0.0	97658	284.8787139747725	0.004705182	0.2
5324.669432318652	200.0	22.518230404111925	0.0	97658	284.8787139747725	0.004705182	0.2
5324.9923547218195	200.0	26.195308000944063	0.0	115792	322.92240316785984	0.004705182	0.2
5325.298246206885	200.0	29.889416515878633	0.0	107674	305.8914850654289	0.004705182	0.2
5341.00411064012	12000.0	18.18355208264307	0.0	6619479	15705.86443323556	0.004705182	12.0
5341.369849125375	200.0	21.817813597389065	0.0	105425	365.7384852540105	0.004705182	0.2
5341.70832150523	200.0	25.47934121753373	0.0	95365	338.4723798553352	0.6809921	0.2
5342.0467315470705	200.0	29.140931175692725	0.0	95342	338.4100418410042	0.004705182	0.2
5343.754821555426	1500.0	31.432841167337298	0.0	606092	1708.0900083554266	0.004705182	1.5
5345.6506301457985	1500.0	33.53703257696543	0.0	748011	1895.808590371865	0.004705182	1.5
5347.562232154568	1500.0	35.62543056819602	0.0	754517	1911.6020087694014	0.004705182	1.5
5349.911335642605	1500.0	37.27632708015913	0.0	934743	2349.1034880368984	0.004705182	1.5
5366.403747090698	12000.0	24.7839156320658	0.0	5964284	16492.411448093328	0.004705182	12.0
5368.2054300756145	1500.0	26.982232647149154	0.0	772616	1801.682984916645	0.044960268	1.5
5369.950913286155	1500.0	29.23674943660891	0.0	747396	1745.4832105402434	0.00925581	1.5
5370.222277751831	200.0	32.96538497093295	0.0	85876	271.3644656759655	0.004705182	0.2
5372.164560449844	1500.0	35.02310227292039	0.0	835711	1942.2826980125624	0.004705182	1.5
5382.594249799575	8000.0	28.593412923189884	0.0	3905272	10429.689349730508	0.021685574	8.0
5384.835461828435	1500.0	30.352200894329695	0.0	809327	2241.212028860192	0.004705182	1.5
5386.461767128448	1500.0	32.72589559431694	0.0	681795	1626.3053000127575	0.004705182	1.5
5397.810757275568	8000.0	25.376905447196375	0.0	4925863	11348.990147120561	0.004705182	8.0
5399.398785162559	1500.0	27.78887756020592	0.0	644861	1588.027886990456	0.004705182	1.5
5409.490648517881	8000.0	21.69701420488395	0.0	4274504	10091.863355321972	0.6634759	8.0
5411.715879413453	1500.0	23.471783309311217	0.0	914284	2225.23089557273	0.61232245	1.5
5413.381329692816	1500.0	25.80633302994884	0.0	675709	1665.4502793623792	0.004705182	1.5
5423.004478010947	8000.0	20.183184711816374	0.0	4435580	9623.148318132462	0.014455579	8.0
5424.688783845958	1500.0	22.498878876806312	0.0	757473	1684.3058350100603	0.004705182	1.5
5435.257655960173	8000.0	15.930006762591061	0.0	3568902	10568.872114215252	0.8095205	8.0
5437.324409888927	1500.0	17.86325283383768	0.0	633700	2066.75392875338	0.0050964924	1.5
5439.771904500362	1500.0	19.415758222402168	0.0	755142	2447.4946114355134	0.004705182	1.5
5445.525689886542	4000.0	17.661972836222652	0.0	1828568	5753.785386179514	1.0234839	4.0
5447.324291300443	1500.0	19.86337142232157	0.0	785519	1798.6014139010817	0.022293778	1.5
5456.30632959584	8000.0	14.88133312692502	0.0	4018228	8982.038295396553	0.0146442475	8.0
5461.397207002381	4000.0	13.79045572038371	0.0	1955307	5090.877406541308	0.69449896	4.0
5463.248693051649	1500.0	15.938969671115682	0.0	691256	1851.486049268027	0.07339246	1.5
5468.411023443344	4000.0	14.776639279420737	0.0	2094647	5162.330391694946	0.6635529	4.0
5473.079235356222	4000.0	14.108427366543042	0.0	1985434	4668.211912877694	0.14991601	4.0
5477.681629858634	4000.0	13.506032864131338	0.0	1830641	4602.394502411703	0.08349268	4.0
5482.478058554134	4000.0	12.709604168630209	0.0	1697030	4796.428695501129	0.3740007	4.0
5487.601402802463	4000.0	11.586259920301913	0.0	1910697	5123.344248328295	0.18955824	4.0
5492.800231116248	4000.0	10.38743160651633	0.0	2171279	5198.828313785584	0.027755551	4.0
5498.1274718768245	4000.0	9.06019084594062	0.0	2042818	5327.240760575711	0.016992195	4.0
5503.582614728485	4000.0	7.605047994279932	0.0	1750852	5455.142851660687	0.09433503	4.0
5506.145139816268	1500.0	9.042522906496675	0.0	808636	2562.525087783257	0.66778046	1.5

