15089.629839576912	600.0	4.0	0.8748470105745648	247108	874.8470105745648	-16.896940211491295
15092.065691774249	1500.0	5.564147802661735	0.0	732405	2435.852197338266	1.5
15094.216688517445	1500.0	7.413151059466849	0.0	643847	2150.9967431948858	1.5
15096.60765631126	1500.0	9.022183265650758	0.0	718451	2390.9677938160908	1.5
15099.017425118305	1500.0	10.612414458606409	0.0	724296	2409.768807044349	1.5
15101.296640215538	1500.0	12.333199361372102	0.0	689829	2279.2150972343056	1.5
15103.727726102788	1500.0	13.902113474122766	0.0	737903	2431.0858872493377	1.5
15106.293905683408	1500.0	15.335933893502657	0.0	780303	2566.179580620109	1.5
15109.214260145043	1500.0	16.415579431866156	0.0	891463	2920.354461636498	1.5
15111.858980729514	1500.0	17.77085884739553	0.0	763093	2644.7205844706264	1.5
15114.54076808948	1500.0	19.08907148742935	0.0	769316	2681.7873599661807	1.5
15117.13834492313	1500.0	20.491494653778958	0.0	744416	2597.5768336503916	1.5
15119.268117064326	1500.0	22.361722512582592	0.0	606092	2129.7721411963644	1.5
15125.145812500421	4000.0	20.484027076488875	0.0	1805063	5877.695436093721	4.0
15131.873084737941	4000.0	17.75675483896908	0.0	2157416	6727.272237519796	4.0
15138.270201765805	4000.0	15.359637811105301	0.0	2231719	6397.1170278637765	4.0
15143.419085225169	4000.0	14.210754351743017	0.0	1835863	5148.883459362285	4.0
15149.474694150394	4000.0	12.15514542651733	0.0	2192675	6055.608925225686	4.0
15155.563970659237	4000.0	10.065868917673916	0.0	2082556	6089.276508843415	4.0
15161.814349737891	4000.0	7.815489839019719	0.0	2164412	6250.379078654197	4.0
15164.132761415942	1500.0	9.49707816096963	0.0	835711	2318.411678050087	1.5
15166.372648920964	1500.0	11.257190655947534	0.0	806394	2239.8875050220972	1.5
15168.620392325276	1500.0	13.009447251635224	0.0	809327	2247.7434043123076	1.5
15174.127687796476	4000.0	11.502151780435721	0.0	1822097	5507.2954711995035	4.0
15180.053530975852	4000.0	9.576308601058706	0.0	1836837	5925.843179377014	4.0
15186.188569806734	4000.0	7.441269770176266	0.0	1984579	6135.03883088244	4.0
15192.304928192123	4000.0	5.324911384786052	0.0	2068230	6116.358385390215	4.0
15194.751011069877	1500.0	6.878828507032356	0.0	914284	2446.082877753696	1.5
15196.579683796563	1500.0	9.05015578034779	0.0	675709	1828.6727266845662	1.5
15198.490698579988	1500.0	11.139140996923341	0.0	707527	1911.0147834244492	1.5
15200.530969016374	1500.0	13.098870560537355	0.0	757473	2040.2704363859866	1.5
15202.52481941806	1500.0	15.105020158849946	0.0	712239	1993.850401687409	1.5
15204.34647119764	1500.0	17.283368379270446	0.0	633700	1821.6517795794973	1.5
15210.267155545585	4000.0	15.362684031324864	0.0	2125133	5920.684347945582	4.0
15215.437387102293	4000.0	14.192452474616339	0.0	1828568	5170.231556708526	4.0
15220.50858943604	4000.0	13.121250140869591	0.0	1785821	5071.202333746747	4.0
15227.294348467825	4000.0	10.335491109083739	0.0	2096494	6785.759031785852	4.0
15233.604651705426	4000.0	8.025187871483395	0.0	1955307	6310.303237600346	4.0
15235.723566997158	1500.0	9.906272579751436	0.0	691256	2118.915291731957	1.5
15237.944505332489	1500.0	11.68533424442099	0.0	725845	2220.938335330445	1.5
15240.416653548915	1500.0	13.213186027995512	0.0	811013	2472.148216425477	1.5
15242.42821061658	1500.0	15.201628960331236	0.0	657685	2011.5570676642765	1.5
15244.712046921775	1500.0	16.917792655136314	0.0	767059	2283.8363051949223	1.5
15250.281668211437	4000.0	15.348171365474082	0.0	1910697	5569.621289662232	4.0
15257.96962300525	4000.0	11.660216571661381	0.0	2171279	7687.9547938127	4.0
15264.973899943328	4000.0	8.655939633583905	0.0	2042818	7004.276938077478	4.0
15270.055262508493	4000.0	7.574577068419297	0.0	1750852	5081.362565164608	4.0
15276.17171809351	4000.0	5.458121483401568	0.0	2034636	6116.4555850177285	4.0

