25538.053348891473	600.0	4.0	1.0857561496782073	247108	1085.7561496782073	-21.115122993564146
25541.114316050793	1500.0	4.939032840680726	0.0	732405	3060.9671593192747	1.5
25543.814842620966	1500.0	6.238506270509526	0.0	643847	2700.526570171199	1.5
25546.819015498786	1500.0	7.234333392689068	0.0	718451	3004.1728778204574	1.5
25549.326297751748	1500.0	8.727051139730658	0.0	724296	2507.282252958411	1.5
25551.624352855142	1500.0	10.428996036336434	0.0	689829	2298.0551033942247	1.5
25554.076983630246	1500.0	11.97636526123143	0.0	737903	2452.630775105002	1.5
25556.665946070712	1500.0	13.387402820766004	0.0	780303	2588.962440465425	1.5
25559.12866884544	1500.0	14.924680046040036	0.0	891463	2462.722774725969	1.5
25561.0457318288	1500.0	17.00761706268112	0.0	763093	1917.062983358912	1.5
25562.977776004416	1500.0	19.07557288706197	0.0	769316	1932.044175619151	1.5
25564.849876151868	1500.0	21.203472739609293	0.0	744416	1872.1001474526797	1.5
25566.388976389597	1500.0	23.664372501879463	0.0	606092	1539.1002377298307	1.5
25568.321484078067	1500.0	25.73186481340801	0.0	748011	1932.5076884714501	1.5
25570.734019822718	1500.0	27.319329068760045	0.0	754517	2412.535744647964	1.5
25573.703711452676	1500.0	28.349637438804102	0.0	934743	2969.691629955947	1.5
25576.05768007467	1500.0	29.995668816808582	0.0	735572	2353.968621995518	1.5
25578.525346257928	1500.0	31.528002633551026	0.0	772616	2467.6661832575564	1.5
25580.89986359392	1500.0	33.15348529755701	0.0	747396	2374.517335994014	1.5
25583.013285318117	1500.0	35.040063573359525	0.0	662349	2113.4217241974793	1.5
25585.658931076698	1500.0	36.394417814777874	0.0	835711	2645.645758581653	1.5
25588.214573189634	1500.0	37.83877570183967	0.0	806394	2555.642112938197	1.5
25590.447426771992	1500.0	39.60592211948445	0.0	809327	2232.8535823552197	1.5
25592.268309603693	1500.0	41.785039287784215	0.0	681795	1820.882831700233	1.5
25594.53198455821	1500.0	43.52136433326633	0.0	855209	2263.67495451789	1.5
25596.25856079261	1500.0	45.794788098865894	0.0	644861	1726.5762344004343	1.5
25598.36598155799	1500.0	47.687367333489746	0.0	794014	2107.420765376145	1.5
25601.224482321893	1500.0	48.82886656958487	0.0	914284	2858.5007639048754	1.5
25603.516838874235	1500.0	50.53651001723977	0.0	675709	2292.356552345093	1.5
25605.91337157457	1500.0	52.13997731690417	0.0	707527	2396.532700335598	1.5
25608.47343378297	1500.0	53.579915108506036	0.0	757473	2560.0622083981334	1.5
25610.889099667005	1500.0	55.16424922447042	0.0	712239	2415.6658840356195	1.5
25613.049575710917	1500.0	57.00377318055948	0.0	633700	2160.476043910947	1.5
25615.60875330402	1500.0	58.4445955874539	0.0	755142	2559.1775931055713	1.5
25618.389478039833	1500.0	59.66387085163775	0.0	670327	2280.7247358161485	1.5
25622.06020401407	1500.0	59.993144877403	0.0	785519	2670.725974234754	1.5
25626.398116985474	1500.0	59.65523190599811	0.0	681043	2337.9129714048904	1.5
25629.69249535265	1500.0	59.70330484424925	0.0	866245	2951.9270617488605	1.5
25633.62635833603	1500.0	59.76944186087087	0.0	691256	2433.862983378381	1.5
25637.678003684745	1500.0	59.7177965121574	0.0	725845	2551.645348713474	1.5
25641.734006887975	1500.0	59.66179330892648	0.0	811013	2556.0032032309227	1.5
25645.865379436997	1500.0	59.53042075990687	0.0	657685	1631.3725490196077	1.5
25647.759451079164	1500.0	59.641052633709016	0.0	767059	1889.3681261978477	1.5
25651.444384717604	1500.0	59.95611899526508	0.0	848035	3184.9336384439357	1.5
25655.828963207307	1500.0	59.57154050556257	0.0	629438	2384.578489702517	1.5
25659.71568749747	1500.0	59.68481621540146	0.0	763847	2886.724290161105	1.5
25663.65279693774	1500.0	59.747706775134134	0.0	769491	2937.1094402673352	1.5
25667.7352512216	1500.0	59.66525249127634	0.0	808636	3082.454283857793	1.5

