23930.92736714203	600.0	4.0	0.8472970035708741	247108	847.2970035708742	-16.34594007141748
23931.969087371806	600.0	6.958279770222015	0.0	309722	1041.7202297779847	0.6
23934.04830177951	1500.0	8.879065362521347	0.0	643847	2079.214407700668	1.5
23936.359169657168	1500.0	10.568197484862598	0.0	718451	2310.8678776587485	1.5
23938.688186890515	1500.0	12.239180251513739	0.0	724296	2329.017233348859	1.5
23940.997023174525	1500.0	13.930343967506253	0.0	689829	2308.8362840074865	1.5
23943.936627408304	1500.0	14.990739733728065	0.0	737903	2939.604233778187	1.5
23947.04054486416	1500.0	15.886822277870289	0.0	780303	3103.9174558577765	1.5
23950.575241984323	1500.0	16.352125157711402	0.0	891463	3534.697120158888	1.5
23953.593733180896	1500.0	17.333633961138467	0.0	763093	3018.4911965729348	1.5
23956.634633787075	1500.0	18.292733354961236	0.0	769316	3040.9006061772347	1.5
23959.579700659007	1500.0	19.347666483028203	0.0	744416	2945.066871933032	1.5
23961.86447115661	1500.0	21.062895985424888	0.0	606092	2284.770497603316	1.5
23964.401195025563	1500.0	22.526172116470125	0.0	748011	2536.7238689547585	1.5
23966.95928682292	1500.0	23.968080319114023	0.0	754517	2558.091797356105	1.5
23970.109302423545	1500.0	24.818064718489996	0.0	934743	3150.0156006240254	1.5
23972.44219093862	1500.0	26.485176203415502	0.0	735572	2332.8885150744927	1.5
23974.704760546134	1500.0	28.222606595901244	0.0	772616	2262.5696075142573	1.5
23980.66779096687	4000.0	26.259576175166416	0.0	2082556	5963.03042073483	4.0
23982.85346702691	1500.0	28.073900115123337	0.0	662349	2185.676060043079	1.5
23985.88422858489	1500.0	29.043138557140328	0.0	835711	3030.761557983008	1.5
23993.035582384422	4000.0	25.89178475760943	0.0	1950922	7151.353799530899	4.0
24000.82481427603	4000.0	22.10255286599921	0.0	1849252	7789.231891610214	4.0
24003.24049711099	1500.0	23.686870031042883	0.0	681795	2415.6828349563284	1.5
24005.851871451938	1500.0	25.07549569009385	0.0	855209	2611.3743409490335	1.5
24007.840626608722	1500.0	27.086740533309094	0.0	644861	1988.7551567847563	1.5
24010.270866919516	1500.0	28.656500222514534	0.0	794014	2430.240310794561	1.5
24016.216783292854	4000.0	26.710583849180228	0.0	2055338	5945.916373334306	4.0
24018.19098470851	1500.0	28.73638243352391	0.0	675709	1974.2014156563177	1.5
24023.963863165332	4000.0	26.963503976699894	0.0	2002600	5772.878456824019	4.0
24026.286732363646	1500.0	28.640634778387657	0.0	757473	2322.869198312236	1.5
24032.1319792361	4000.0	26.79538790593225	0.0	1947068	5845.246872455401	4.0
24034.359939723927	1500.0	28.56742741810277	0.0	633700	2227.9604878294813	1.5
24041.98138803497	4000.0	24.945979107059678	0.0	2125133	7621.448311043096	4.0
24049.358517291486	4000.0	21.568849850541447	0.0	1828568	7377.129256518228	4.0
24052.623349666115	1500.0	22.304017475912044	0.0	785519	3264.8323746294	1.5
24054.783744143413	1500.0	24.143622998613868	0.0	681043	2160.3944772981763	1.5
24057.38960797196	1500.0	25.53775917006743	0.0	866245	2605.863828546436	1.5
24059.485225408906	1500.0	27.442141733123268	0.0	691256	2095.617436944161	1.5
24061.681700113673	1500.0	29.24566702835581	0.0	725845	2196.4747047674587	1.5
24067.562622770038	4000.0	27.36474437199191	0.0	1985434	5880.922656363902	4.0
24072.995374232025	4000.0	25.931992910003608	0.0	1830641	5432.751461988304	4.0
24079.181538692348	4000.0	23.745828449679607	0.0	1697030	6186.164460323998	4.0
24082.369174622905	1500.0	24.558192519122144	0.0	848035	3187.6359305574642	1.5
24084.65403886642	1500.0	26.273328275604374	0.0	629438	2284.8642435177712	1.5
24087.268473771655	1500.0	27.658893370374397	0.0	763847	2614.434905229978	1.5
24093.157779067995	4000.0	25.769588074036626	0.0	1750852	5889.305296337771	4.0
24095.715654147985	1500.0	27.211712994042088	0.0	808636	2557.8750799945383	1.5

