7784.441808602282	600.0	4.0	0.8527105360877127	247108	852.7105360877127	0.05636753	-16.454210721754254
7784.830185485821	200.0	7.611623116461782	0.0	98617	388.376883538218	0.004705182	0.2
7785.243137583852	200.0	11.198671018429847	0.0	106476	412.95209803193467	0.004705182	0.2
7785.683463575214	200.0	14.758345027068225	0.0	115230	440.3259913616198	0.004705182	0.2
7786.068841650927	200.0	18.372966951355362	0.0	97658	385.3780757128618	0.004705182	0.2
7786.454219726641	200.0	21.9875888756425	0.0	97658	385.3780757128618	0.004705182	0.2
7786.896303100691	200.0	25.54550550159282	0.0	115792	442.0833740496805	0.004705182	0.2
7787.313001363242	200.0	29.128807239040782	0.0	107674	416.6982625520355	0.004705182	0.2
7787.69102157158	200.0	32.75078703070338	0.0	95305	378.02020833740494	0.004705182	0.2
7788.100687176364	200.0	36.34112142591905	0.0	105425	409.66560478433365	0.0071954248	0.2
7788.478895005628	200.0	39.96291359665409	0.0	95365	378.20782926495593	0.004705182	0.2
7788.857030913538	200.0	43.584777688744694	0.0	95342	378.1359079093947	0.004705182	0.2
7789.257296709852	200.0	47.18451189243066	0.0	102419	400.2657963140306	0.0060233525	0.2
7789.590169068991	200.0	50.85163953329294	0.0	80867	332.8723591377255	0.004705182	0.2
7789.928929598237	200.0	54.51287900404557	0.0	82750	338.7605292473665	0.006907799	0.2
7807.460345541183	12000.0	40.98146306109925	0.0	5443841	17531.41594294633	0.44067916	12.0
7807.769057666012	200.0	44.672750936272216	0.0	89871	308.71212482702674	0.004705182	0.2
7819.682312292985	12000.0	36.75949630929817	0.0	4055239	11913.25462697405	0.004705182	12.0
7820.105184520577	200.0	40.33662408170725	0.0	90919	422.8722275909209	0.004705182	0.2
7820.509038670057	200.0	43.93276993222696	0.0	85876	403.8541494802838	0.005915834	0.2
7821.02142747907	200.0	47.42038112321383	0.0	114656	512.3888090131285	0.0076423297	0.2
7821.470030491303	200.0	50.971778110981056	0.0	97742	448.6030122327763	0.075245515	0.2
7834.64878902903	12000.0	41.79301957325342	0.0	5141915	13178.758537727637	0.035718314	12.0
7834.920996137165	200.0	45.520812465118425	0.0	85752	272.2071081349901	0.004705182	0.2
7835.212936795306	200.0	49.22887180697853	0.0	94556	291.94065813989323	0.004705182	0.2
7843.6979081631325	8000.0	44.743900439151915	0.0	3253093	8484.971367826616	0.004705182	8.0
7860.848084462668	12000.0	31.593724139615237	0.0	5138482	17150.176299536677	0.004705182	12.0
7872.464301995507	8000.0	23.97750660677677	0.0	3354913	11616.217532838464	0.004705182	8.0
7872.906387997337	200.0	27.535420604946943	0.0	93993	442.0860018298262	0.0132335685	0.2
7873.360377499914	200.0	31.08143110237074	0.0	97083	453.98950257620265	0.004729617	0.2
7873.802421126822	200.0	34.63938747546267	0.0	93982	442.0436269080753	0.0479793	0.2
7883.267349849938	8000.0	29.17445875234587	0.0	3568902	9464.928723116795	0.013112603	8.0
7884.860798815518	1500.0	31.581009786766867	0.0	633700	1593.448965579007	0.043579858	1.5
7885.154363015296	200.0	35.287445586987786	0.0	89422	293.5641997790847	0.15099825	0.2
7885.492833923139	200.0	38.948974679145294	0.0	108225	338.4709078424934	0.040072363	0.2
7890.367445707536	4000.0	38.07436289474937	0.0	1785821	4874.61178439592	0.18934311	4.0
7890.729588280903	200.0	41.71222032138126	0.0	102088	362.14257336811016	0.4263848	0.2
7891.031799601788	200.0	45.41000900049618	0.0	80403	302.21132088508114	0.76333016	0.2
7907.911804059973	12000.0	32.53000454231149	0.0	5257310	16880.004458184696	0.004705182	12.0
7908.359703757804	200.0	36.08210484448079	0.0	101968	447.89969783069506	0.13780187	0.2
7926.034568073092	12000.0	22.407240529192727	0.0	4828747	17674.86431528806	0.11924366	12.0
7930.893271701219	4000.0	21.548536901065567	0.0	1830641	4858.70362812716	0.0141337495	4.0
7935.146980505941	4000.0	21.29482809634348	0.0	1697030	4253.708804722086	0.058946814	4.0
7940.9337251374445	4000.0	19.508083464840986	0.0	1910697	5786.744631502494	0.020918272	4.0
7953.377623327246	8000.0	11.064185275039286	0.0	3682991	12443.898189801701	0.089636385	8.0
7956.0357378721255	1500.0	12.406070730160055	0.0	763847	2658.114544879232	0.68489033	1.5
7960.645730775408	4000.0	11.796077826877543	0.0	1750852	4609.992903282512	0.004705182	4.0
7965.567148362893	4000.0	10.874660239393718	0.0	2034636	4921.4175874838265	0.11582943	4.0

