27262.199582911355	600.0	4.0	0.7105786283891548	247108	710.5786283891548	-13.611572567783096
27263.069942082006	600.0	7.1296408293460924	0.0	309722	870.3591706539075	0.6
27264.79293283161	1500.0	9.406650079744818	0.0	643847	1722.9907496012759	1.5
27265.1669806785	200.0	13.032602232854865	0.0	115230	374.04784688995215	0.2
27267.095263932086	1500.0	15.104318979266347	0.0	724296	1928.2832535885168	1.5
27267.42447094963	200.0	18.775111961722487	0.0	97658	329.20701754385965	0.2
27268.341314330813	600.0	21.858268580542262	0.0	327938	916.8433811802233	0.6
27270.412518158562	1500.0	23.787064752791068	0.0	780303	2071.2038277511965	1.5
27270.735720710396	200.0	27.46386220095693	0.0	95305	323.20255183413076	0.2
27287.76895949013	12000.0	14.430623421222295	0.0	5088378	17033.23877973464	12.0
27288.220408927788	200.0	17.979173983567105	0.0	95365	451.4494376551926	0.2
27288.671768779775	200.0	21.527814131578204	0.0	95342	451.3598519888992	0.2
27289.15069375178	200.0	25.048889159573726	0.0	102419	478.9249720044793	0.2
27289.54567305944	200.0	28.653909851915127	0.0	80867	394.9793076586007	0.2
27292.564538632254	1500.0	29.635044279102427	0.0	754517	3018.8655728126973	1.5
27292.918594194	200.0	33.28098871735659	0.0	94377	354.0555617458368	0.2
27297.39811011528	4000.0	32.801472796079295	0.0	1835863	4479.515921277297	4.0
27310.381757238916	12000.0	23.81782567244063	0.0	4055239	12983.647123638664	12.0
27310.842290879184	200.0	27.35729203217695	0.0	90919	460.5336402636811	0.2
27313.648861094116	1500.0	28.550721817243637	0.0	662349	2806.5702149333106	1.5
27314.172576264395	200.0	32.027006646965	0.0	114656	523.7151702786377	0.2
27317.373296078636	1500.0	32.82628683272351	0.0	806394	3200.719814241486	1.5
27318.792851032198	600.0	35.40673187916314	0.0	346141	1419.5549535603716	0.6
27319.204708617337	200.0	38.99487429402382	0.0	85752	411.8575851393189	0.2
27320.62735180619	600.0	41.57223110516933	0.0	346939	1422.6431888544892	0.6
27321.56419004148	600.0	44.63539286987521	0.0	221407	936.8382352941177	0.6
27334.050087615036	12000.0	36.149495296322335	0.0	5138482	12485.897573552877	12.0
27342.288302731227	8000.0	31.911280180131623	0.0	3354913	8238.21511619071	8.0
27343.076004298167	600.0	35.12357861319088	0.0	291029	787.7015669407419	0.6
27343.8921106791	600.0	38.30747223226184	0.0	302752	816.1063809290431	0.6
27344.193365185227	200.0	42.0062177261335	0.0	93982	301.2545061283346	0.2
27352.675353325834	8000.0	37.52422958552758	0.0	3568902	8481.98814060592	8.0
27361.962945629653	8000.0	32.236637281708916	0.0	3713878	9287.592303818667	8.0
27363.932719931676	1500.0	34.266862979683424	0.0	755142	1969.7743020254948	1.5
27364.91643578982	600.0	37.28314712153981	0.0	284451	983.7158581436063	0.6
27365.990469675908	600.0	40.20911323545474	0.0	275745	1074.0338860850757	0.6
27368.525563403375	1500.0	41.67401950798538	0.0	681043	2535.0937274693583	1.5
27368.89540839256	200.0	45.30417451880009	0.0	80403	369.84498918529204	0.2
27388.19616145342	12000.0	30.003421457940078	0.0	5257310	19300.753060860006	12.0
27388.522342042506	200.0	33.67724086885268	0.0	101968	326.1805890873974	0.2
27409.43830165792	12000.0	16.761281253438106	0.0	4828747	20915.959615414573	12.0
27411.236167662883	1500.0	18.963415248475325	0.0	657685	1797.8660049627792	1.5
27415.648969873873	4000.0	18.550613037484606	0.0	1697030	4412.802210990719	4.0
27415.951454497306	200.0	22.248128414049145	0.0	96988	302.48462343546146	0.2
27417.475347312975	1500.0	24.724235598381537	0.0	629438	1523.8928156676081	1.5
27419.30756626952	1500.0	26.892016641837355	0.0	763847	1832.21895654418	1.5
27423.403915177747	4000.0	26.795667733609278	0.0	1750852	4096.348908228075	4.0
27437.621557736915	12000.0	16.57802517444175	0.0	5646381	14217.64255916753	12.0

