17820.42768595978	600.0	4.0	0.7356110503100852	247108	735.6110503100853	-14.112221006201706
17822.450855793628	1500.0	5.976830166152621	0.0	732405	2023.1698338473786	1.5
17824.239069238396	1500.0	8.18861672138759	0.0	643847	1788.213444765032	1.5
17826.225217217034	1500.0	10.202468742745332	0.0	718451	1986.1479786422578	1.5
17828.226872773696	1500.0	12.200813186084302	0.0	724296	2001.6555566610289	1.5
17830.13708270306	1500.0	14.29060325672404	0.0	689829	1910.2099293602628	1.5
17832.111001116245	1500.0	16.31668484353515	0.0	737903	1973.9184131888887	1.5
17834.1925157771	1500.0	18.235170182682594	0.0	780303	2081.514660852558	1.5
17836.559161175242	1500.0	19.868524784539048	0.0	891463	2366.6453981435466	1.5
17838.596531359766	1500.0	21.831154600015907	0.0	763093	2037.3701845231415	1.5
17840.64960406935	1500.0	23.778081890434073	0.0	769316	2053.072709581832	1.5
17842.632690382583	1500.0	25.794995577201085	0.0	744416	1983.0863132329916	1.5
17844.262153840864	1500.0	28.165532118919682	0.0	606092	1629.4634582814049	1.5
17846.254430707893	1500.0	30.173255251888712	0.0	748011	1992.2768670309656	1.5
17848.26334004864	1500.0	32.16434591114158	0.0	754517	2008.909340747132	1.5
17850.73299396485	1500.0	33.69469199493028	0.0	934743	2469.6539162112936	1.5
17852.86886183647	1500.0	35.55882412331517	0.0	735572	2135.86787161511	1.5
17855.135098395607	1500.0	37.292587564175385	0.0	772616	2266.2365591397847	1.5
17857.329971061143	1500.0	39.09771489864058	0.0	747396	2194.8726655348046	1.5
17859.284190076425	1500.0	41.143495883360444	0.0	662349	1954.2190152801359	1.5
17861.655150882994	1500.0	42.7725350767942	0.0	835711	2370.9608065662474	1.5
17863.545035295516	1500.0	44.88265066427035	0.0	806394	1889.8844125238472	1.5
17865.44150258314	1500.0	46.98618337664831	0.0	809327	1896.4672876220402	1.5
17867.051734880297	1500.0	49.37595107948749	0.0	681795	1610.2322971608125	1.5
17869.051180509294	1500.0	51.376505450489624	0.0	855209	1999.445628997868	1.5
17870.57851750851	1500.0	53.849168451275176	0.0	644861	1527.3369992144542	1.5
17872.494555653087	1500.0	55.93313030669952	0.0	794014	1916.0381445756543	1.5
17874.814658558007	1500.0	57.61302740177938	0.0	914284	2320.1029049201416	1.5
17876.550224764767	1500.0	59.87746119502012	0.0	675709	1735.5662067592607	1.5
17880.863748798885	1500.0	59.563937160902235	0.0	707527	1813.5240341178815	1.5
17884.904490243225	1500.0	59.523195716559734	0.0	757473	2040.7414443425002	1.5
17888.52109537235	1500.0	59.90659058743812	0.0	712239	2116.6051291216154	1.5
17890.994170879454	1500.0	59.514563065322136	0.0	633700	1892.0275221159861	1.5
17894.726311831993	1500.0	59.78242211278491	0.0	755142	1732.1409525372278	1.5
17898.772889890544	1500.0	59.735844054232444	0.0	670327	1546.5780585524608	1.5
17902.489859714427	1500.0	59.93724264033136	0.0	785519	1798.6014139010817	1.5
17906.609483592914	1500.0	59.8176187618432	0.0	681043	1619.6238784881668	1.5
17910.647790904815	1500.0	59.779311449939286	0.0	866245	2038.307311903921	1.5
17914.77985995297	1500.0	59.64724240178237	0.0	691256	1632.0690481569097	1.5
17918.488958819544	1500.0	59.938143535212966	0.0	725845	1709.0988665694088	1.5
17922.30692908405	1500.0	59.537892160507546	0.0	811013	1900.2513747054206	1.5
17927.060684358315	1500.0	58.78413688624594	0.0	657685	4753.7552742616035	1.5
17931.18297324608	1500.0	58.66184799847916	0.0	767059	4122.288887766782	1.5
17934.13292542425	1500.0	59.71189582031183	0.0	848035	1949.9521781673352	1.5
17938.10086219469	1500.0	59.743959049870405	0.0	629438	1467.936770441422	1.5
17940.941142521642	1500.0	59.97964488661466	0.0	763847	1764.3141632557436	1.5
17944.9735149864	1500.0	59.94727242185831	0.0	769491	2032.372464756347	1.5
17949.10520715747	1500.0	59.81558025078586	0.0	808636	2131.6921710724537	1.5

