1835.2459056869538	600.0	4.0	0.8150439680975664	247108	815.0439680975664	0.011511648	-15.700879361951328
1835.6192504228663	200.0	7.626655264087453	0.0	98617	373.34473591254715	0.004705182	0.2
1836.0159724292246	200.0	11.229933257729275	0.0	106476	396.72200635817734	0.004705182	0.2
1836.4387339603927	200.0	14.807171726561194	0.0	115230	422.76153116808274	0.004705182	0.2
1836.8092260684446	200.0	18.436679618509363	0.0	97658	370.49210805183213	0.004705182	0.2
1837.1797181764964	200.0	22.06618751045753	0.0	97658	370.49210805183213	0.004705182	0.2
1837.6041514249303	200.0	25.641754262023834	0.0	115792	424.43324843369464	0.004705182	0.2
1838.0044369851748	200.0	29.241468701779176	0.0	107674	400.2855602446597	0.004705182	0.2
1840.7361702391859	1500.0	30.509735447768133	0.0	891463	2731.733254011043	0.010959083	1.5
1857.0402789855777	12000.0	18.20562670137646	0.0	5088378	16304.108746391672	0.004705182	12.0
1857.4034502423515	200.0	21.84245544460265	0.0	95365	363.17125677381046	0.004705182	0.2
1858.3315654528037	600.0	24.91434023415057	0.0	285624	928.1152104520822	0.3436668	0.6
1858.7156824448607	200.0	28.53022324209356	0.0	102419	384.1169920570114	0.004705182	0.2
1861.0167825859044	1500.0	30.229123101049833	0.0	748011	2301.100141043724	0.004705182	1.5
1863.337201263063	1500.0	31.908704423891493	0.0	754517	2320.41867715834	0.004705182	1.5
1866.2359093359787	1500.0	33.00999635097562	0.0	934743	2898.7080729158724	0.004705182	1.5
1868.695582991882	1500.0	34.55032269507251	0.0	735572	2459.673655903108	0.004705182	1.5
1882.594862802183	12000.0	24.651042884771748	0.0	4055239	13899.279810300759	0.004705182	12.0
1885.3737740597435	1500.0	25.872131627211036	0.0	747396	2778.911257560712	0.2894254	1.5
1887.773104357153	1500.0	27.47280132980153	0.0	662349	2399.330297409507	0.004705182	1.5
1888.2506030029028	200.0	30.995302684051712	0.0	114656	477.4986457498213	0.004705182	0.2
1891.1262746026514	1500.0	32.119631084303066	0.0	806394	2875.6715997486513	0.004705182	1.5
1894.0121145627822	1500.0	33.233791124172186	0.0	809327	2885.839960130875	0.004705182	1.5
1896.4533686496338	1500.0	34.792537037320685	0.0	681795	2441.2540868515066	0.004705182	1.5
1899.4291306118373	1500.0	35.81677507511723	0.0	855209	2975.761962203458	0.004705182	1.5
1910.7781392328643	8000.0	28.46776645409023	0.0	3253093	11349.008621026998	0.069868624	8.0
1913.7168111799404	1500.0	29.52909450701433	0.0	794014	2938.6719470758985	0.004705182	1.5
1917.0508031710874	1500.0	30.195102515867223	0.0	914284	3333.9919911471084	0.004705182	1.5
1919.3440202277313	1500.0	31.901885459223283	0.0	675709	2293.2170566439436	0.13311657	1.5
1933.6120702958551	8000.0	21.633835391099517	0.0	4435580	14268.050068123765	0.35309368	8.0
1936.054559184744	1500.0	23.191346502210628	0.0	757473	2442.488888888889	0.004705182	1.5
1938.2109164236429	1500.0	25.034989263311772	0.0	712239	2156.357238898859	0.004705182	1.5
1940.057358347718	1500.0	27.188547339236436	0.0	633700	1846.4419240753325	0.12992229	1.5
1953.4911650500837	8000.0	17.754740636870697	0.0	4271839	13433.806702365739	0.3649893	8.0
1955.9917735180807	1500.0	19.254132168873948	0.0	670327	2500.6084679967503	0.004705182	1.5
1958.750886132423	1500.0	20.495019554531762	0.0	785519	2759.112614342187	0.004705182	1.5
1961.0477778786033	1500.0	22.198127808351465	0.0	681043	2296.8917461802944	0.015610096	1.5
1967.5034328859053	4000.0	19.7424728010495	0.0	1955307	6455.655007301966	0.38589728	4.0
1977.8405508036735	4000.0	13.405354883281335	0.0	2142800	10337.117917768166	0.36541206	4.0
1980.0017148987938	1500.0	15.244190788161003	0.0	725845	2161.164095120334	0.004705182	1.5
1982.4070751840832	1500.0	16.83883050287168	0.0	811013	2405.360285289322	0.018852502	1.5
1987.7359428076875	4000.0	15.509962879267212	0.0	1830641	5328.867623604466	0.041221485	4.0
1994.8656548402744	4000.0	12.38025084668015	0.0	1697030	7129.712032587062	0.13152854	4.0
1998.3652694099112	1500.0	12.880636277043298	0.0	848035	3499.614569636854	0.004705182	1.5
2000.4965583132844	1500.0	14.749347373670313	0.0	629438	2131.2889033729834	0.32085124	1.5
2007.2339413994828	4000.0	12.011964287471844	0.0	2042818	6737.383086198468	0.019401312	4.0
2012.6094363423847	4000.0	10.636469344569901	0.0	1750852	5375.494942901943	0.5872984	4.0
2018.8124454452477	4000.0	8.433460241706968	0.0	2034636	6203.009102862934	0.6329517	4.0

