2185.2633797492895	600.0	4.0	0.7155862778510113	247108	715.5862778510112	-13.711725557020225
2185.5970324516006	200.0	7.666347297688326	0.0	98617	333.65270231167415	0.2
2186.4189467363963	600.0	10.844433012892647	0.0	288447	821.9142847956789	0.6
2188.34687394599	1500.0	12.916505803298715	0.0	718451	1927.92720959393	1.5
2193.7492904331457	4000.0	11.514089316143135	0.0	2069289	5402.41648715558	4.0
2200.362139213455	4000.0	8.901240535833981	0.0	1863995	6612.848780309154	4.0
2201.693422927952	600.0	11.569956821337046	0.0	327938	1331.2837144969358	0.6
2208.217215744276	4000.0	9.046164005012809	0.0	2058614	6523.792816324238	4.0
2210.617789729471	1500.0	10.645590019817982	0.0	891463	2400.573985194826	1.5
2212.684202810086	1500.0	12.579176939202998	0.0	763093	2066.413080614984	1.5
2217.793040901941	4000.0	11.470338847348147	0.0	2094766	5108.838091854852	4.0
2221.761821201313	4000.0	11.501558547975863	0.0	1761739	3968.780299372284	4.0
2226.6671882393493	4000.0	10.596191509939496	0.0	2131310	4905.367038036367	4.0
2228.60640901857	1500.0	12.656970730718717	0.0	748011	1939.2207792207794	1.5
2234.0487802358693	4000.0	11.21459951341927	0.0	2157416	5442.371217299447	4.0
2239.250520254265	4000.0	10.012859495023633	0.0	2231719	5201.740018395635	4.0
2240.9567451233424	1500.0	12.306634625946241	0.0	735572	1706.224869077393	1.5
2245.884377462263	4000.0	11.379002287025957	0.0	2192675	4927.632338920285	4.0
2252.024500248805	4000.0	9.238879500483687	0.0	2082556	6140.122786542269	4.0
2254.042539091569	1500.0	11.220840657720071	0.0	662349	2018.0388427636153	1.5
2261.750423594751	4000.0	7.512956154537987	0.0	2379358	7707.884503182085	4.0
2262.864642646925	600.0	10.398737102363892	0.0	310841	1114.219052174094	0.6
2265.63740648065	1500.0	11.625973268638923	0.0	809327	2772.763833724968	1.5
2271.0455072144264	4000.0	10.217872534862279	0.0	1822097	5408.100733776643	4.0
2273.5775875685295	1500.0	11.685792180759455	0.0	855209	2532.0803541028263	1.5
2279.417161304428	4000.0	9.846218444860712	0.0	1984579	5839.5737358987435	4.0
2281.831809937183	1500.0	11.43156981210564	0.0	794014	2414.6486327550724	1.5
2287.6786255075635	4000.0	9.584754241725523	0.0	2055338	5846.815570380117	4.0
2289.274794186655	1500.0	11.988585562633709	0.0	675709	1596.1686790918143	1.5
2293.8482660758104	4000.0	11.415113673478364	0.0	2002600	4573.471889155343	4.0
2300.2947002434876	4000.0	8.968679505801422	0.0	2290706	6446.434167676943	4.0
2301.4288011955264	600.0	11.834578553762622	0.0	293409	1134.1009520388	0.6
2309.919065489868	4000.0	7.344314259421088	0.0	2544033	8490.264294341534	4.0
2310.97538588682	600.0	10.287993862469111	0.0	344336	1056.320396951976	0.6
2312.956011795025	1500.0	12.307367954264256	0.0	670327	1980.6259082048555	1.5
2318.0369235638445	4000.0	11.226456185444412	0.0	1785821	5080.911768819844	4.0
2323.507667477063	4000.0	9.755712272226253	0.0	2096494	5470.74391321816	4.0
2325.8150551829685	1500.0	11.448324566320267	0.0	866245	2307.3877059059864	1.5
2331.4094362975493	4000.0	9.85394345173956	0.0	2142800	5594.381114580707	4.0
2333.3580938785244	1500.0	11.905285870764805	0.0	725845	1948.6575809747544	1.5
2338.478134199291	4000.0	10.78524554999831	0.0	1985434	5120.040320766495	4.0
2340.083864226839	1500.0	13.1795155224501	0.0	657685	1605.7300275482096	1.5
2348.918374952563	8000.0	8.345004796725881	0.0	3735285	8834.510725724218	8.0
2349.714082319701	600.0	11.549297429587742	0.0	278938	795.7073671381379	0.6
2355.3652141712682	4000.0	9.898165578020983	0.0	2171279	5651.131851566761	4.0
2357.4051153868295	1500.0	11.858264362459225	0.0	763847	2039.9012155617563	1.5
2361.544554387434	4000.0	11.718825361855016	0.0	1750852	4139.439000604211	4.0
2366.229170577196	4000.0	11.034209172092783	0.0	2034636	4684.616189762231	4.0

