24611.34252866515	600.0	4.0	0.7356110503100852	247108	735.6110503100853	0.004705182	-14.112221006201706
24611.68417294599	200.0	7.6583557191655895	0.0	98617	341.6442808344112	0.004705182	0.2
24612.04666822009	200.0	11.29586044506351	0.0	106476	362.49527410207935	0.004705182	0.2
24612.432389043886	200.0	14.910139621264884	0.0	115230	385.720823798627	0.004705182	0.2
24612.77148896761	200.0	18.57103969754253	0.0	97658	339.09992372234933	0.004705182	0.2
24613.11058889133	200.0	22.231939773820184	0.0	97658	339.09992372234933	0.004705182	0.2
24613.49780077738	200.0	25.84472788777236	0.0	115792	387.2118860478228	0.004705182	0.2
24613.86347450802	200.0	29.479054157131962	0.0	107674	365.67373064040066	0.004705182	0.2
24616.308646796017	1500.0	31.033881869134085	0.0	891463	2445.172287997878	0.5461372	1.5
24629.607193998767	12000.0	21.735334666386528	0.0	5088378	13298.547202747559	0.004705182	12.0
24629.931809802667	200.0	25.41071886248445	0.0	95365	324.6158039020793	0.004705182	0.2
24631.92008925067	1500.0	27.42243941448099	0.0	744416	1988.2794480034586	0.02065657	1.5
24632.26192160934	200.0	31.080607055806528	0.0	102419	341.83235867446393	0.004705182	0.2
24634.254198476374	1500.0	33.088330188775565	0.0	748011	1992.2768670309656	0.004705182	1.5
24636.26310781712	1500.0	35.07942084802843	0.0	754517	2008.909340747132	0.004705182	1.5
24638.732761733332	1500.0	36.60976693181714	0.0	934743	2469.6539162112936	0.004705182	1.5
24640.693238517277	1500.0	38.649290147871845	0.0	735572	1960.4767839452913	0.004705182	1.5
24652.09859194993	12000.0	31.243936715218634	0.0	4055239	11405.353432653214	0.004705182	12.0
24653.856060247537	1500.0	33.48646841760893	0.0	747396	1757.468297609696	0.004705182	1.5
24663.722330995537	8000.0	27.620197669607826	0.0	4303587	9866.27074800111	0.497491	8.0
24664.083251627053	200.0	31.259277038090133	0.0	114656	360.92063151769446	0.046568993	0.2
24666.139011393065	1500.0	33.203517272076326	0.0	806394	2055.7597660138126	0.004705182	1.5
24676.06117335605	8000.0	27.281355309089466	0.0	3805854	9922.161962986855	0.004705182	8.0
24678.09072567488	1500.0	29.251802990261837	0.0	681795	2029.5523188276293	0.004705182	1.5
24680.616145029715	1500.0	30.726383635423126	0.0	855209	2525.41935483871	0.004705182	1.5
24688.281004937577	8000.0	27.0615237275605	0.0	3253093	7664.859907862624	0.015539796	8.0
24690.098192176916	1500.0	29.24433648822287	0.0	794014	1817.187239337627	0.004705182	1.5
24697.673756470354	8000.0	25.668772194782004	0.0	3354913	7575.564293440869	0.004705182	8.0
24706.344966094235	8000.0	20.997562570902613	0.0	3811227	8671.209623879391	0.26545748	8.0
24708.01295172997	1500.0	23.329576935171495	0.0	707527	1667.9856357311191	0.004705182	1.5
24723.954519770257	8000.0	11.38800889488224	0.0	4025712	15941.568040289254	0.039522666	8.0
24724.295865672328	200.0	15.046662992813637	0.0	118522	341.34590206860435	0.004705182	0.2
24725.773200328684	1500.0	17.569328336455538	0.0	633700	1477.3346563580988	0.004705182	1.5
24730.53920630986	4000.0	16.803322355281082	0.0	2125133	4766.0059811744595	0.7504262	4.0
24732.09730501302	1500.0	19.24522365212098	0.0	670327	1558.0987031600998	0.12631781	1.5
24736.511045998457	4000.0	18.83148266668154	0.0	1785821	4413.740985439439	0.6795853	4.0
24748.341176586655	8000.0	11.001352078483752	0.0	4018228	11830.130588197791	0.16300006	8.0
24751.680646978453	1500.0	11.661881686686563	0.0	866245	3339.4703917971874	0.0059480504	1.5
24754.12328744566	1500.0	13.21924121948302	0.0	691256	2442.6404672035424	0.0061476375	1.5
24755.908750321596	1500.0	15.433778343543173	0.0	725845	1785.4628759398495	0.1615454	1.5
24760.653773817838	4000.0	14.68875484730257	0.0	1985434	4745.023496240602	0.42824417	4.0
24766.927734971447	4000.0	12.414793693693563	0.0	1830641	6273.96115360901	0.15499826	4.0
24772.003438150507	1500.0	11.339090514632218	0.0	767059	5075.703179061344	0.045533065	1.5
24775.293401519688	1500.0	12.0491271454481	0.0	848035	3289.963369184119	0.004705182	1.5
24780.113991288123	4000.0	11.22853737701613	0.0	2171279	4820.58976843197	0.36912763	4.0
24784.664486543814	4000.0	10.678042121322715	0.0	2042818	4550.495255693415	0.035616904	4.0
24788.67517618447	4000.0	10.667352480665485	0.0	1750852	4010.689640657228	0.11999713	4.0
24793.322965265277	4000.0	10.019563399858963	0.0	2034636	4647.789080806522	0.040290654	4.0

