7909.767124084732	600.0	4.0	0.5360397706956412	247108	536.0397706956412	-10.120795413912825
7910.418718488229	600.0	7.3484055965027615	0.0	309722	651.5944034972375	0.6
7911.686943224956	1500.0	10.080180859776	0.0	643847	1268.2247367267612	1.5
7913.092850234426	1500.0	12.674273850306239	0.0	718451	1405.9070094697627	1.5
7914.509544237678	1500.0	15.257579847053531	0.0	724296	1416.6940032527077	1.5
7918.029561770003	4000.0	15.737562314728308	0.0	1863995	3520.0175323252247	4.0
7919.471367599502	1500.0	18.29575648523017	0.0	737903	1441.8058294981372	1.5
7924.179586206487	4000.0	17.587537878244024	0.0	2058614	4708.218606986147	4.0
7928.503543072873	4000.0	17.26358101185825	0.0	1857129	4323.956866385774	4.0
7930.31978258006	1500.0	19.44734150467098	0.0	763093	1816.239507187268	1.5
7935.064017042472	4000.0	18.703107042259003	0.0	2094766	4744.23446241198	4.0
7939.066729057836	4000.0	18.700395026895368	0.0	1761739	4002.7120153636342	4.0
7940.4589971676605	1500.0	21.30812691706996	0.0	606092	1392.268109825406	1.5
7943.8930418557275	4000.0	21.874082229003807	0.0	1805063	3434.04468806615	4.0
7947.981804804582	4000.0	21.785319280148883	0.0	2157416	4088.762948854926	4.0
7952.431046485499	4000.0	21.336077599232542	0.0	2231719	4449.241680916342	4.0
7956.369269332358	4000.0	21.397854752372446	0.0	1835863	3938.2228468601	4.0
7961.061061373085	4000.0	20.7060627116459	0.0	2192675	4691.792040726544	4.0
7965.559633729903	4000.0	20.20749035482793	0.0	2082556	4498.572356817972	4.0
7970.231880484355	4000.0	19.535243600375658	0.0	2164412	4672.246754452269	4.0
7972.065525918542	1500.0	21.701598166188834	0.0	835711	1833.6454341868277	1.5
7976.21609500727	4000.0	21.551029077461067	0.0	1950922	4150.569088727767	4.0
7980.154531186917	4000.0	21.612592897814725	0.0	1849252	3938.4361796463418	4.0
7984.082797888002	4000.0	21.684326196730517	0.0	1822097	3928.2667010842106	4.0
7988.057083147979	4000.0	21.710040936752776	0.0	1836837	3974.285259977739	4.0
7992.2547881252885	4000.0	21.512335959443373	0.0	1984579	4197.704977309406	4.0
7996.338621156142	4000.0	21.428502928590376	0.0	2068230	4083.833030852995	4.0
8000.397496897219	4000.0	21.369627187513547	0.0	2055338	4058.87574107683	4.0
8004.420192872235	4000.0	21.346931212498117	0.0	2165436	4022.695975015432	4.0
8008.067028743639	4000.0	21.700095341093714	0.0	2002600	3646.8358714043993	4.0
8012.332879127351	4000.0	21.43424495738145	0.0	2290706	4265.850383712266	4.0
8016.59242592961	4000.0	21.17469815512217	0.0	1947068	4259.54680225928	4.0
8022.16311012203	4000.0	19.604013962702336	0.0	2544033	5570.684192419833	4.0
8027.321389589142	4000.0	18.445734495589605	0.0	2125133	5158.279467112731	4.0
8031.770988728876	4000.0	17.996135355856048	0.0	1828568	4449.5991397335565	4.0
8035.26823070113	4000.0	18.498893383601143	0.0	1785821	3497.2419722549057	4.0
8036.630390090213	1500.0	21.136733994518103	0.0	681043	1362.1593890830366	1.5
8040.391530970583	4000.0	21.375593114148167	0.0	1955307	3761.1408803699387	4.0
8044.7143480398045	4000.0	21.052776044927075	0.0	2142800	4322.8170692210915	4.0
8049.119785173591	4000.0	20.647338911141162	0.0	2094647	4405.437133785911	4.0
8053.2151049611	4000.0	20.552019123631393	0.0	1985434	4095.319787509772	4.0
8056.669869455523	4000.0	21.097254629207942	0.0	1830641	3454.7644944234494	4.0
8059.878323690937	4000.0	21.88880039379454	0.0	1697030	3208.454235413403	4.0
8063.584271682457	4000.0	22.182852402274584	0.0	1910697	3705.9479915199563	4.0
8068.235385366668	4000.0	21.53173871806406	0.0	2171279	4651.113684210527	4.0
8072.616054840352	4000.0	21.151069244379848	0.0	2042818	4380.669473684211	4.0
8076.3435061991995	4000.0	21.423617885532902	0.0	1750852	3727.4513588469445	4.0
8080.658250846284	4000.0	21.108873238448062	0.0	2034636	4314.74464708484	4.0

