1101.8318695523355	600.0	4.0	0.6747154826190942	247108	674.7154826190942	-12.894309652381883
1102.6572783157417	600.0	7.174591236593914	0.0	309722	825.408763406086	0.6
1104.2868266077346	1500.0	9.545042944600713	0.0	643847	1629.548291993201	1.5
1106.0959245454912	1500.0	11.73594500684406	0.0	718451	1809.0979377566525	1.5
1107.9190896603363	1500.0	13.912779891999216	0.0	724296	1823.1651148448427	1.5
1109.65930295436	1500.0	16.172566597975358	0.0	689829	1740.2132940238566	1.5
1114.4034687624132	4000.0	15.428400789922255	0.0	2046450	4744.165808053104	4.0
1118.999149106801	4000.0	14.832720445534326	0.0	2058614	4595.680344387931	4.0
1123.795461942807	4000.0	14.036407609528611	0.0	1857129	4796.312836005715	4.0
1131.7032938021262	4000.0	10.128575750209336	0.0	2373154	7907.831859319274	4.0
1139.3080267584985	4000.0	6.523842793836801	0.0	2094766	7604.732956372535	4.0
1142.0704256955073	1500.0	7.76144385682804	0.0	744416	2762.3989370087606	1.5
1144.1071840586465	1500.0	9.724685493688831	0.0	606092	2036.7583631392104	1.5
1146.5959947661033	1500.0	11.235874786231852	0.0	748011	2488.810707456979	1.5
1149.1057566660731	1500.0	12.726112886262042	0.0	754517	2509.7618999698097	1.5
1152.195898157469	1500.0	13.63597139486625	0.0	934743	3090.1414913957933	1.5
1154.6023888207617	1500.0	15.229480731573563	0.0	735572	2406.4906632926873	1.5
1157.1210095104168	1500.0	16.710860041918394	0.0	772616	2518.6206896551726	1.5
1159.560027895961	1500.0	18.271841656374324	0.0	747396	2439.0183855440705	1.5
1161.730611025449	1500.0	20.101258526886436	0.0	662349	2170.5831294878876	1.5
1167.7457471756366	4000.0	18.08612237669879	0.0	2379358	6015.1361501876445	4.0
1172.4877269832714	4000.0	17.344142569063923	0.0	1950922	4741.979807634865	4.0
1179.3159618757481	4000.0	14.515907676587162	0.0	1849252	6828.234892476762	4.0
1185.7960146190371	4000.0	12.035854933298245	0.0	1822097	6480.0527432889185	4.0
1191.755186436837	4000.0	10.076683115498327	0.0	1836837	5959.171817799917	4.0
1200.052259966326	4000.0	5.779609586009437	0.0	1984579	8297.07352948889	4.0
1203.612334125118	1500.0	6.21953542721743	0.0	794014	3560.074158792007	1.5
1207.4794633352558	1500.0	6.352406217079444	0.0	914284	3867.1292101379863	1.5
1210.3583718707362	1500.0	7.47349768159908	0.0	675709	2878.9085354803638	1.5
1213.36907630028	1500.0	8.462793252054981	0.0	707527	3010.704429544101	1.5
1215.41543339793	1500.0	10.416436154405325	0.0	757473	2046.3570976496567	1.5
1217.2741410210804	1500.0	12.557728531254922	0.0	712239	1858.707623150403	1.5
1218.9367095420268	1500.0	14.895160010308427	0.0	633700	1662.5685209464943	1.5
1220.9025608250386	1500.0	16.92930872729663	0.0	755142	1965.8512830118	1.5
1222.6565996587776	1500.0	19.175269893557477	0.0	670327	1754.0388337391523	1.5
1225.1262734485244	1500.0	20.70559610381057	0.0	785519	2469.673789746906	1.5
1228.0079827535408	1500.0	21.82388679879424	0.0	681043	2881.7093050163267	1.5
1231.651585458398	1500.0	22.180284093937328	0.0	866245	3643.602704856915	1.5
1234.451731933139	1500.0	23.38013761919624	0.0	691256	2800.146474741085	1.5
1236.2801240805554	1500.0	25.551745471779643	0.0	725845	1828.3921474165966	1.5
1238.3136661737747	1500.0	27.518203378560322	0.0	811013	2033.5420932193183	1.5
1239.9778767000905	1500.0	29.853992852244534	0.0	657685	1664.2105263157896	1.5
1244.1456281152416	4000.0	29.686241437093383	0.0	1697030	4167.75141515115	4.0
1251.1468577091086	4000.0	26.685011843226363	0.0	1910697	7001.229593867022	4.0
1259.3642651808268	4000.0	22.467604371507978	0.0	2171279	8217.407471718381	4.0
1267.063187400738	4000.0	18.7686821515972	0.0	2042818	7698.922219910779	4.0
1273.6183814464582	4000.0	16.213488105876838	0.0	1750852	6555.194045720362	4.0
1280.894188836333	4000.0	12.937680716002049	0.0	2034636	7275.80738987479	4.0

