33331.02135765166	600.0	4.0	0.9441650638223467	247108	944.1650638223466	-18.28330127644693
33333.66266207551	1500.0	5.358695576149676	0.0	732405	2641.3044238503235	1.5
33335.9942689998	1500.0	7.027088651862214	0.0	643847	2331.606924287463	1.5
33338.58677468261	1500.0	8.434582969050535	0.0	718451	2592.5056828116803	1.5
33340.79992462662	1500.0	10.221433025044266	0.0	724296	2213.1499440062676	1.5
33341.957477272845	1500.0	13.063880378821029	0.0	689829	1157.5526462232374	1.5
33343.190124277105	1500.0	15.83123337455466	0.0	737903	1232.64700426637	1.5
33344.48900252448	1500.0	18.53235512718331	0.0	780303	1298.87824737135	1.5
33345.961519096934	1500.0	21.05983855472824	0.0	891463	1472.5165724550666	1.5
33349.74852238702	4000.0	21.272835264644378	0.0	2373154	3787.0032900838632	4.0
33357.215866411294	8000.0	17.805491240368895	0.0	4206014	7467.344024275482	8.0
33364.1102862536	8000.0	14.911071398066342	0.0	4205514	6894.419842302553	8.0
33370.278135577835	8000.0	12.74322207382759	0.0	4206019	6167.849324238751	8.0
33373.22847149376	4000.0	13.79288615789611	0.0	1805063	2950.335915931481	4.0
33376.88479308515	4000.0	14.136564566516084	0.0	2157416	3656.321591380025	4.0
33380.66428583276	4000.0	14.35707181889901	0.0	2231719	3779.492747617074	4.0
33384.1532828134	4000.0	14.868074838258432	0.0	1835863	3488.9969806405793	4.0
33388.4336084683	4000.0	14.587749183356845	0.0	2192675	4280.325654901586	4.0
33392.687222123765	4000.0	14.334135527896567	0.0	2082556	4253.613655460277	4.0
33402.626205830275	8000.0	8.395151821387028	0.0	4303587	9938.98370650954	8.0
33407.85570440323	4000.0	7.165653248431894	0.0	2379358	5229.498572955134	4.0
33412.12405223293	4000.0	6.897305418731674	0.0	1950922	4268.34782970022	4.0
33415.7831486294	4000.0	7.238209022258993	0.0	1849252	3659.0963964726807	4.0
33419.38968844481	4000.0	7.631669206850557	0.0	1822097	3606.5398154084364	4.0
33423.03778217924	4000.0	7.983575472416047	0.0	1836837	3648.0937344345098	4.0
33427.01159490304	4000.0	8.00976274862147	0.0	1984579	3973.812723794575	4.0
33431.14953378566	4000.0	7.871823866000193	0.0	2068230	4137.938882621278	4.0
33434.99173298029	4000.0	8.029624671368495	0.0	2055338	3842.199194631697	4.0
33438.930228648154	4000.0	8.0911290035065	0.0	2165436	3938.4956678619956	4.0
33442.61720673777	4000.0	8.40415091389462	0.0	2002600	3686.9780896118796	4.0
33448.3343066178	4000.0	6.6870510338613975	0.0	2290706	5717.099880033223	4.0
33453.553221926726	4000.0	5.468135724938394	0.0	1947068	5218.915308923004	4.0
33456.14566121704	1500.0	6.875696434622208	0.0	633700	2592.4392903161856	1.5
33459.219583310405	1500.0	7.801774341253193	0.0	755142	3073.922093369016	1.5
33461.95723818205	1500.0	9.06411946961081	0.0	670327	2737.654871642383	1.5
33465.03424859684	1500.0	9.987109054815855	0.0	785519	3077.0104147949555	1.5
33467.66999679086	1500.0	11.351360860801407	0.0	681043	2635.748194014448	1.5
33471.00075202118	1500.0	12.020605630479613	0.0	866245	3330.755230321794	1.5
33473.49148433037	1500.0	13.52987332128642	0.0	691256	2490.7323091931926	1.5
33475.249787171495	1500.0	15.771570480163845	0.0	725845	1758.3028411225757	1.5
33477.20501593533	1500.0	17.81634171632674	0.0	811013	1955.2287638371051	1.5
33478.80571884582	1500.0	20.215638805837997	0.0	657685	1600.7029104887426	1.5
33480.65931692669	1500.0	22.362040724968608	0.0	767059	1853.5980808693894	1.5
33485.77826623164	4000.0	21.243091420019923	0.0	1910697	5118.949304948685	4.0
33492.877250775535	4000.0	18.1441068761266	0.0	2171279	7098.984543893323	4.0
33498.09545068646	4000.0	16.92590696520419	0.0	2042818	5218.19991092241	4.0
33502.40615853211	4000.0	16.615199119549885	0.0	1750852	4310.707845654308	4.0
33513.275772875146	8000.0	9.745584776514361	0.0	4346302	10869.614343035524	8.0

