7295.664995858323	600.0	4.0	0.6521499790168301	247108	652.1499790168301	-12.442999580336602
7295.973332110006	200.0	7.691663748317729	0.0	98617	308.3362516822714	0.2
7296.721197759833	600.0	10.943798098490658	0.0	288447	747.8656498270698	0.6
7298.464687912214	1500.0	13.200307946109431	0.0	718451	1743.4901523812282	1.5
7308.42680285203	8000.0	7.2381930062930495	0.0	4143114	9962.114939816382	8.0
7309.35436079799	600.0	10.31063506033326	0.0	330929	927.55794595979	0.6
7311.324239143489	1500.0	12.340756714834475	0.0	737903	1969.8783454987836	1.5
7316.6982737969265	4000.0	10.966722061396691	0.0	2058614	5374.034653437784	4.0
7319.109657909381	1500.0	12.55533794894164	0.0	891463	2411.384112455051	1.5
7325.396010312127	4000.0	10.268985546195644	0.0	2373154	6286.352402745995	4.0
7327.452117281856	1500.0	12.212878576466737	0.0	769316	2056.1069697289076	1.5
7332.035971818014	4000.0	11.62902404030849	0.0	1761739	4583.854536158246	4.0
7337.589824436811	4000.0	10.075171421511953	0.0	2131310	5553.852618796536	4.0
7339.613972584959	1500.0	12.051023273363805	0.0	748011	2024.1481481481483	1.5
7345.301291623296	4000.0	10.363704235027225	0.0	2157416	5687.319038336583	4.0
7348.301867207135	1500.0	11.363128651187449	0.0	934743	3000.575583839776	1.5
7354.69718540459	4000.0	8.967810453733028	0.0	1835863	6395.31819745442	4.0
7355.801743368125	600.0	11.863252490196736	0.0	297839	1104.5579635362917	0.6
7361.3892012667075	4000.0	10.275794591614416	0.0	2082556	5587.457898582318	4.0
7363.168158254059	1500.0	12.49683760426331	0.0	662349	1778.9569873511073	1.5
7369.349707210716	4000.0	10.315288647606106	0.0	2379358	6181.548956657204	4.0
7371.496887215522	1500.0	12.168108642799568	0.0	806394	2147.180004806537	1.5
7376.317419459374	4000.0	11.34757639894793	0.0	1849252	4820.532243851639	4.0
7381.0520390107085	4000.0	10.612956847613424	0.0	1822097	4734.619551334509	4.0
7383.315713965226	1500.0	12.349281893095533	0.0	855209	2263.67495451789	1.5
7394.817808542372	4000.0	4.847187315948972	0.0	1984579	11502.094577146561	4.0
7396.171618708814	200.0	7.493377149507226	0.0	88490	1353.8101664417454	0.2
7397.85597595403	600.0	9.809019904290988	0.0	302611	1684.3572452162384	0.6
7399.684648680715	1500.0	11.980347177606422	0.0	675709	1828.6727266845662	1.5
7404.947193241255	4000.0	10.717802617065548	0.0	2002600	5262.544560540873	4.0
7406.987463677641	1500.0	12.677532180679561	0.0	757473	2040.2704363859866	1.5
7412.077227076571	4000.0	11.587768781748851	0.0	1947068	5089.7633989307105	4.0
7418.678380074071	4000.0	8.986615784248471	0.0	2544033	6601.15299750038	4.0
7419.626545217469	600.0	12.038450640851057	0.0	344336	948.1651433974158	0.6
7424.316864788852	4000.0	11.348131069467508	0.0	1828568	4690.3195713835485	4.0
7428.932077962602	4000.0	10.732917895717394	0.0	1785821	4615.213173750116	4.0
7430.784906076163	1500.0	12.88008978215683	0.0	681043	1852.828113560563	1.5
7435.954780313534	4000.0	11.710215544785967	0.0	1955307	5169.874237370863	4.0
7441.608421511808	4000.0	10.056574346511672	0.0	2142800	5653.641198274297	4.0
7443.575540668143	1500.0	12.089455190176873	0.0	725845	1967.1191563348013	1.5
7448.79946860786	4000.0	10.865527250460199	0.0	1985434	5223.927939716674	4.0
7450.530750659142	1500.0	13.134245199178148	0.0	657685	1731.2820512820515	1.5
7460.033411588053	8000.0	7.631584270266429	0.0	3735285	9502.660928911719	8.0
7460.833948882209	600.0	10.831046976110795	0.0	278938	800.5372941556345	0.6
7462.539878491509	1500.0	13.125117366811471	0.0	629438	1705.9296092993218	1.5
7472.9141881656005	8000.0	6.750807692719475	0.0	3954105	10374.309674091997	8.0
7473.24537937063	200.0	10.419616487690014	0.0	95393	331.1912050294592	0.2
7475.454699669501	1500.0	12.210296188819012	0.0	808636	2209.3202988710045	1.5

