32277.85427470149	600.0	4.0	0.9441650638223467	247108	944.1650638223466	-18.28330127644693
32278.279149679634	200.0	7.575125021856968	0.0	98617	424.874978143032	0.2
32278.731508483623	200.0	11.122766217870256	0.0	106476	452.35880398671094	0.2
32279.7896235387	600.0	14.064651162790696	0.0	279692	1058.1150550795594	0.6
32280.211144783676	200.0	17.643129917817802	0.0	97658	421.52124497289736	0.2
32282.703556044384	1500.0	19.150718657107884	0.0	689829	2492.411260709914	1.5
32285.364087605845	1500.0	20.490187095646093	0.0	737903	2660.531561461794	1.5
32286.405175208572	600.0	23.449099492918343	0.0	274823	1041.0876027277495	0.6
32287.501866937895	600.0	26.352407763595036	0.0	290723	1096.6917293233084	0.6
32295.601167053046	12000.0	22.25310764844194	0.0	5088378	8099.300115153097	12.0
32295.830132678017	200.0	26.024142023472447	0.0	95365	228.96562496949107	0.2
32298.781025159886	4000.0	27.07324954160524	0.0	1761739	2950.892481867206	4.0
32299.39002249855	600.0	30.464252202941747	0.0	294430	608.9973386634925	0.6
32299.949393659543	600.0	33.90488104194774	0.0	266809	559.3711609940149	0.6
32300.503920963507	600.0	37.35035373798268	0.0	264113	554.5273039650546	0.6
32301.166719970843	600.0	40.68755473064997	0.0	324375	662.7990073327121	0.6
32301.858826469215	600.0	43.9954482322726	0.0	340687	692.1064983773708	0.6
32309.05476705295	12000.0	40.79950764854129	0.0	4055239	7195.940583731319	12.0
32314.741891222948	8000.0	39.11238347854255	0.0	3873892	5687.124169998734	8.0
32323.98100064471	12000.0	33.873274056777184	0.0	5848459	9239.109421765368	12.0
32333.415826796805	12000.0	28.438447904682466	0.0	5251330	9434.826152094716	12.0
32341.446007169612	8000.0	24.408267531873125	0.0	3905272	8030.18037280934	8.0
32353.09621360228	12000.0	16.758061099207655	0.0	5141915	11650.20643266547	12.0
32354.651780700442	1500.0	19.202494001045903	0.0	681795	1555.5670981617498	1.5
32355.482639497397	600.0	22.37163520409207	0.0	346939	830.8587969538341	0.6
32362.221132632985	8000.0	19.63314206850367	0.0	3253093	6738.493135588399	8.0
32362.92948328438	600.0	22.92479141711076	0.0	324657	708.3506513929043	0.6
32369.507526619076	8000.0	20.346748082412624	0.0	3354913	6578.043334698138	8.0
32370.158535595383	600.0	23.69573910610419	0.0	291029	651.0089763084318	0.6
32380.713391816877	12000.0	17.140882884612154	0.0	5411094	10554.856221492038	12.0
32381.2217001671	600.0	20.63257453438831	0.0	240372	508.3083502238457	0.6
32387.660970496967	8000.0	18.193304204522175	0.0	3568902	6439.270329866138	8.0
32388.870132801796	1500.0	20.984141899691117	0.0	633700	1209.1623048310578	1.5
32390.549314780856	1500.0	23.304959920631234	0.0	755142	1679.1819790598809	1.5
32399.780517012034	8000.0	18.07375768945423	0.0	3707853	9231.202231177003	8.0
32402.974875223947	1500.0	18.87939947754026	0.0	785519	3194.358211913966	1.5
32405.755015971296	1500.0	20.099258730191664	0.0	681043	2780.1407473485974	1.5
32406.153790874658	200.0	23.70048382683157	0.0	80403	398.77490336009515	0.2
32406.57760294721	200.0	27.2766717542773	0.0	86718	423.81207255426705	0.2
32407.06187690895	200.0	30.79239779253679	0.0	101968	484.2739617405095	0.2
32419.27577058147	8000.0	22.578504120018987	0.0	3189942	12213.893672517803	8.0
32420.407139031577	600.0	25.44713566990923	0.0	302912	1131.3684501097591	0.6
32421.247991079326	600.0	28.606283622162184	0.0	329059	840.8520477470447	0.6
32421.972953072447	600.0	31.881321629040993	0.0	278938	724.9619931211885	0.6
32422.72388575836	600.0	35.13038894312522	0.0	290170	750.932685915778	0.6
32432.48657756372	8000.0	29.36769713776921	0.0	3954105	9762.691805356008	8.0
32438.226468865872	4000.0	27.627805835617476	0.0	1750852	5739.891302151733	4.0
32452.6248246668	12000.0	17.229450034686447	0.0	5646381	14398.355800931029	12.0

