17195.090614491175	600.0	4.0	0.8239790753250663	247108	823.9790753250663	-15.879581506501326
17196.10310832856	600.0	6.9875061626178425	0.0	309722	1012.4938373821576	0.6
17197.051548574687	600.0	10.039065916489472	0.0	288447	948.4402461283706	0.6
17199.294621039542	1500.0	11.795993451630506	0.0	718451	2243.0724648589658	1.5
17201.55529130656	1500.0	13.535323184615093	0.0	724296	2260.6702670154114	1.5
17203.71219023963	1500.0	15.37842425154771	0.0	689829	2156.8989330673844	1.5
17205.737380572762	1500.0	17.353233918411938	0.0	737903	2025.1903331357719	1.5
17207.61962210638	1500.0	19.470992384791817	0.0	780303	1882.2415336201175	1.5
17209.758606429503	1500.0	21.332008061669146	0.0	891463	2138.9843231226723	1.5
17211.60109856219	1500.0	23.48951592897867	0.0	763093	1842.4921326904755	1.5
17216.94304150645	4000.0	22.14757298472167	0.0	2094766	5341.942944257001	4.0
17222.34813010735	4000.0	20.742484383822433	0.0	1761739	5405.088600899234	4.0
17224.260123155294	1500.0	22.830491335875934	0.0	606092	1911.9930479464995	1.5
17229.20183646194	4000.0	21.888778029231567	0.0	1805063	4941.7133066443685	4.0
17231.255074775116	1500.0	23.835539716057326	0.0	754517	2053.23831317424	1.5
17233.779646203686	1500.0	25.3109682874859	0.0	934743	2524.5714285714284	1.5
17238.23549888293	4000.0	24.855115608246148	0.0	1835863	4455.852679239749	4.0
17243.245974604943	4000.0	23.84463988623083	0.0	2192675	5010.475722015319	4.0
17248.788850043326	4000.0	22.301764447847273	0.0	2082556	5542.875438383557	4.0
17255.44411244175	4000.0	19.646502049426978	0.0	2164412	6655.262398420294	4.0
17257.49366406342	1500.0	21.59695042775677	0.0	835711	2049.551621670208	1.5
17261.90615795638	4000.0	21.184456534796517	0.0	1950922	4412.493892960249	4.0
17266.092869037882	4000.0	20.9977454532953	0.0	1849252	4186.711081501222	4.0
17270.434350035735	4000.0	20.656264455442013	0.0	1822097	4341.480997853283	4.0
17274.811044772578	4000.0	20.27956971859991	0.0	1836837	4376.694736842105	4.0
17279.31177315034	4000.0	19.778841340836337	0.0	1984579	4500.72837776357	4.0
17283.8933688299	4000.0	19.197245661278174	0.0	2068230	4581.5956795581615	4.0
17288.61354000542	4000.0	18.477074485756827	0.0	2055338	4720.1711755213455	4.0
17290.290559666555	1500.0	20.800054824619703	0.0	675709	1677.0196611371257	1.5
17295.103649759174	4000.0	19.98696473200112	0.0	2002600	4813.0900926185805	4.0
17297.00290190486	1500.0	22.08771258631772	0.0	757473	1899.252145683399	1.5
17302.271624090066	4000.0	20.81899040110786	0.0	1947068	5268.72218520986	4.0
17304.040364929508	1500.0	23.05024956166749	0.0	633700	1768.7408394403733	1.5
17309.88068980526	4000.0	21.209924685913407	0.0	2125133	5840.324875754081	4.0
17315.002755086345	4000.0	20.08785940483251	0.0	1828568	5122.065281080895	4.0
17319.01078439265	4000.0	20.07983009852966	0.0	1785821	4008.0293063028516	4.0
17320.314663809502	1500.0	22.77595068167767	0.0	681043	1303.8794168519892	1.5
17323.908480104397	4000.0	23.182134386779094	0.0	1955307	3593.8162948985782	4.0
17327.999605297206	4000.0	23.091009193974273	0.0	2142800	4091.125192804818	4.0
17333.177620508646	4000.0	21.91299398253527	0.0	2094647	5178.015211439002	4.0
17338.07725445357	4000.0	21.01336003761219	0.0	1985434	4899.633944923082	4.0
17342.509576365068	4000.0	20.58103812611408	0.0	1830641	4432.321911498113	4.0
17346.624240099503	4000.0	20.466374391679178	0.0	1697030	4114.663734434902	4.0
17351.02474262576	4000.0	20.065871865424473	0.0	1910697	4400.502526254707	4.0
17352.505146992025	1500.0	22.585467499158742	0.0	629438	1480.4043662657305	1.5
17357.130108126697	4000.0	21.960506364485862	0.0	2042818	4624.961134672878	4.0
17360.78681093756	4000.0	22.303803553621684	0.0	1750852	3656.702810864178	4.0
17364.925024306132	4000.0	22.16559018505104	0.0	2034636	4138.213368570645	4.0

