11938.136806053375	600.0	4.0	0.9999422960584486	247108	999.9422960584486	0.30548626	-19.39884592116897
11938.583940866536	200.0	7.552865186839778	0.0	98617	447.1348131602215	0.004705182	0.2
11939.06033343948	200.0	11.076472613895481	0.0	106476	476.39257294429706	0.004705182	0.2
11939.56931570948	200.0	14.567490343896878	0.0	115230	508.98226999860395	0.004705182	0.2
11940.012880323933	200.0	18.12392572944297	0.0	97658	443.5646144539067	0.004705182	0.2
11940.456444938387	200.0	21.680361114989065	0.0	97658	443.5646144539067	0.004705182	0.2
11940.967519441621	200.0	25.169286611754853	0.0	115792	511.07450323421284	0.004705182	0.2
11941.448371970822	200.0	28.688434082553865	0.0	107674	480.85252920098657	0.004705182	0.2
11944.847141573877	1500.0	29.289664479501138	0.0	891463	3398.7696030527245	0.004705182	1.5
11947.768010855834	1500.0	30.368795197542926	0.0	763093	2920.8692819582116	0.008744288	1.5
11950.660621460338	1500.0	31.476184593041147	0.0	769316	2892.6106045017814	0.004705182	1.5
11953.459080400402	1500.0	32.67772565297633	0.0	744416	2798.458940064819	0.004705182	1.5
11955.752407647402	1500.0	34.384398405977656	0.0	606092	2293.3272469986764	0.004705182	1.5
11958.629820160968	1500.0	35.5069858924111	0.0	748011	2877.412513566552	0.004705182	1.5
11962.055700818379	1500.0	36.08110523500139	0.0	754517	3425.880657409717	0.004705182	1.5
11966.280787706215	1500.0	35.85601834716568	0.0	934743	4225.086887835703	0.004705182	1.5
11969.43084458094	1500.0	36.70596147243977	0.0	735572	3150.056874725911	0.004705182	1.5
11972.353238639482	1500.0	37.78356741389892	0.0	772616	2922.3940585408477	0.004705182	1.5
11975.182850283269	1500.0	38.953955770110554	0.0	747396	2829.61164378837	0.004705182	1.5
11977.699580641274	1500.0	40.43722541210545	0.0	662349	2516.7303580051043	0.004705182	1.5
11980.824278851233	1500.0	41.31252720214632	0.0	835711	3124.6982099591355	0.14665757	1.5
11994.604207844923	8000.0	31.532598208458026	0.0	3905272	13779.928993688292	0.390195	8.0
11997.400582999628	1500.0	32.73622305375181	0.0	809327	2796.3751547062157	0.004705182	1.5
11999.877885429147	1500.0	34.25892062423183	0.0	681795	2477.3024295199825	0.004705182	1.5
12003.26751778209	1500.0	34.86928827129064	0.0	855209	3389.632352941177	0.2044236	1.5
12005.843109887352	1500.0	36.29369616602748	0.0	644861	2575.592105263158	0.004705182	1.5
12023.26140402365	8000.0	22.87540202972997	0.0	4274504	17418.294136297514	0.67685914	8.0
12026.777028157612	1500.0	23.359777895767216	0.0	914284	3515.624133962752	0.004705182	1.5
12029.396154017779	1500.0	24.740652035601407	0.0	675709	2619.12586016581	0.004705182	1.5
12029.835632072234	200.0	28.301173981145773	0.0	97083	439.4780544556325	0.01010485	0.2
12032.712089766228	1500.0	29.42471628715191	0.0	757473	2876.4576939938624	0.004705182	1.5
12039.9761607904	4000.0	26.160645262978978	0.0	1947068	7264.071024172931	0.5608436	4.0
12042.361310273178	1500.0	27.77549578020076	0.0	633700	2385.14948277822	0.004705182	1.5
12045.188217627958	1500.0	28.94858842542072	0.0	755142	2826.907354780039	0.004705182	1.5
12059.508410627308	8000.0	18.62839542607053	0.0	3707853	14320.192999350193	0.03972835	8.0
12062.727755966444	1500.0	19.40905008693363	0.0	785519	3219.3453391369	0.004705182	1.5
12065.534859602853	1500.0	20.60194645052449	0.0	681043	2807.1036364091397	0.004705182	1.5
12069.08356846488	1500.0	21.05323758849781	0.0	866245	3548.7088620266786	0.30758992	1.5
12071.809731110887	1500.0	22.32707494248933	0.0	691256	2726.16264600848	0.2813738	1.5
12079.66712645109	4000.0	18.46967960228697	0.0	2094647	7857.395340202358	0.020320743	4.0
12082.610427965237	1500.0	19.526378088140874	0.0	811013	2943.3015141460965	0.007260131	1.5
12084.978077696751	1500.0	21.158728356624973	0.0	657685	2367.6497315159027	0.20621662	1.5
12099.305301058967	8000.0	10.831504994410682	0.0	3735285	14327.223362214288	0.66656417	8.0
12102.615732407205	1500.0	11.521073646172853	0.0	848035	3310.4313482378298	0.034219462	1.5
12105.000310896907	1500.0	13.136495156470337	0.0	629438	2384.578489702517	0.019542836	1.5
12107.877004718417	1500.0	14.259801334960041	0.0	763847	2876.6938215102973	0.7063563	1.5
12113.72447305687	4000.0	12.412332996507761	0.0	1750852	5847.4683384522805	0.066191465	4.0
12119.873823691692	4000.0	10.262982361684783	0.0	2034636	6149.350634822978	0.022179583	4.0

