1250.3113886712995	600.0	4.0	0.6800315668062891	247108	680.0315668062891	-13.000631336125782
1250.6308520355926	200.0	7.680536635706914	0.0	98617	319.46336429308565	0.2
1252.2742515378081	1500.0	10.037137133491168	0.0	643847	1643.399502215747	1.5
1253.0334040904702	600.0	13.277984580829235	0.0	279692	759.1525526619316	0.6
1253.8864266121723	600.0	16.424962059127058	0.0	318350	853.0225217021793	0.6
1254.2035613174476	200.0	20.10782735385176	0.0	97658	317.134705275299	0.2
1255.0798655728959	600.0	23.23152309840345	0.0	327938	876.3042554483094	0.6
1257.0546096996488	1500.0	25.25677897165058	0.0	780303	1974.7441267528684	1.5
1257.3660308129856	200.0	28.945357858313603	0.0	95305	311.4211133369757	0.2
1269.430633584255	12000.0	20.880755087044164	0.0	5088378	12064.602771269443	12.0
1269.7330300628512	200.0	24.57835860844806	0.0	95365	302.39647859610255	0.2
1270.0353729041694	200.0	28.276015767129866	0.0	95342	302.34284131819436	0.2
1270.7522057041413	600.0	31.559182967158073	0.0	294430	716.8327999717931	0.6
1271.2172635673082	600.0	35.09412510399116	0.0	266809	465.0578631669148	0.6
1271.678430572224	600.0	38.632958099075275	0.0	264113	461.1670049158887	0.6
1271.8946351453537	200.0	42.41675352594579	0.0	94377	216.20457312948182	0.2
1273.036210214131	1500.0	45.27517845716846	0.0	735572	1141.5750687773418	1.5
1278.968717678164	12000.0	43.34267099313563	0.0	4055239	5932.507464032834	12.0
1288.3933794106965	12000.0	37.918009260602965	0.0	5385367	9424.661732532655	12.0
1297.9269615888497	12000.0	32.384427082449626	0.0	5848459	9533.582178153336	12.0
1313.3234019218232	12000.0	20.987986749476363	0.0	5251330	15396.440332973263	12.0
1313.9336041541612	600.0	24.377784517138377	0.0	310841	610.202232337985	0.6
1314.185325740891	200.0	28.126062930408743	0.0	100675	251.72158672963553	0.2
1314.4115931310596	200.0	31.89979554023998	0.0	85752	226.26739016875794	0.2
1317.6246903667557	4000.0	32.686698304543896	0.0	1836837	3213.0972356960865	4.0
1318.804631306811	1500.0	35.50675736448867	0.0	644861	1179.9409400552222	1.5
1327.83164994185	12000.0	30.479738729449746	0.0	5138482	9027.018635038927	12.0
1333.9295677473797	8000.0	28.381820923920007	0.0	3354913	6097.917805529736	8.0
1335.269851479967	1500.0	31.041537191332726	0.0	675709	1340.2837325872822	1.5
1336.6694798532255	1500.0	33.64190881807399	0.0	707527	1399.628373258728	1.5
1337.1978043854865	600.0	37.113584285813104	0.0	240372	528.3245322608848	0.6
1343.7558145702253	8000.0	34.55557410107436	0.0	3568902	6558.010184738745	8.0
1353.8461175203074	12000.0	28.465271150992262	0.0	5639869	10090.302950082103	12.0
1355.9040616964553	1500.0	30.407326974844274	0.0	755142	2057.9441761479907	1.5
1367.2608015844291	12000.0	23.05058708687054	0.0	5768811	11356.739887973734	12.0
1369.9484819436418	4000.0	24.362906727657958	0.0	1785821	2687.68035921258	4.0
1371.0229502889458	1500.0	27.288438382353913	0.0	681043	1074.4683453040439	1.5
1376.8775671573617	8000.0	25.433821513937986	0.0	3739359	5854.6168684159275	8.0
1386.5685680369402	12000.0	19.742820634359425	0.0	5257310	9691.000879578562	12.0
1388.395461134216	1500.0	21.91592753708351	0.0	725845	1826.8930972759135	1.5
1398.0941921140952	12000.0	16.21719655720436	0.0	4828747	9698.730979879148	12.0
1401.3520779542366	4000.0	16.95931071706288	0.0	1830641	3257.8858401414795	4.0
1404.328524059962	4000.0	17.982864611337487	0.0	1697030	2976.446105725393	4.0
1404.570511575359	200.0	21.740877095940505	0.0	96988	241.98751539698117	0.2
1405.7017869673296	1500.0	24.6096017039699	0.0	629438	1131.275391970605	1.5
1407.0575497181176	1500.0	27.253838953181784	0.0	763847	1355.7627507881166	1.5
1417.0217273547999	12000.0	21.289661316499476	0.0	5704199	9964.177636682307	12.0
1427.0337511908779	12000.0	15.277637480421514	0.0	5646381	10012.023836077964	12.0

