19065.85374091248	600.0	4.0	0.5968677281878317	247108	596.8677281878317	-11.337354563756636
19066.58157629826	600.0	7.272164614218109	0.0	309722	727.8353857818913	0.6
19067.2649114618	600.0	10.58882945067587	0.0	288447	683.3351635422387	0.6
19068.847671939744	1500.0	13.006068972729887	0.0	718451	1582.7604779459828	1.5
19070.44265821318	1500.0	15.411082699296676	0.0	724296	1594.9862734332105	1.5
19071.965550989084	1500.0	17.88818992339268	0.0	689829	1522.8927759039925	1.5
19073.588998579744	1500.0	20.264742332731977	0.0	737903	1623.4475906607054	1.5
19078.3662573886	4000.0	19.487483523875394	0.0	2058614	4777.258808856582	4.0
19083.062249434828	4000.0	18.791491477644115	0.0	1857129	4695.992046231281	4.0
19085.038957320245	1500.0	20.814783592228093	0.0	763093	1976.7078854160195	1.5
19090.094328786476	4000.0	19.759412125992153	0.0	2094766	5055.37146623594	4.0
19094.311444470277	4000.0	19.54229644219258	0.0	1761739	4217.115683799572	4.0
19095.814738567202	1500.0	22.039002345265935	0.0	606092	1503.2940969266444	1.5
19099.817893820164	4000.0	22.035847092306934	0.0	1805063	4003.1552529590012	4.0
19104.53843371396	4000.0	21.31530719851114	0.0	2157416	4720.5398937957925	4.0
19109.997834114212	4000.0	19.85590679825563	0.0	2231719	5459.40040025551	4.0
19114.820134404818	4000.0	19.03360650765182	0.0	1835863	4822.300290603811	4.0
19116.851109357074	1500.0	21.002631555393105	0.0	772616	2030.9749522587138	1.5
19121.09971256226	4000.0	20.754028350208763	0.0	2082556	4248.603205184341	4.0
19125.51216499117	4000.0	20.34157592129955	0.0	2164412	4412.452428909211	4.0
19127.353906098895	1500.0	22.499834813575006	0.0	835711	1841.741107724546	1.5
19132.397294872942	4000.0	21.45644603952508	0.0	1950922	5043.3887740499285	4.0
19137.165548674173	4000.0	20.688192238293492	0.0	1849252	4768.253801231584	4.0
19140.984333941433	4000.0	20.869406971031772	0.0	1822097	3818.785267261722	4.0
19144.83336441235	4000.0	21.020376500117642	0.0	1836837	3849.0304709141274	4.0
19149.234815459324	4000.0	20.618925453145376	0.0	1984579	4401.451046972268	4.0
19154.200277923337	4000.0	19.653462989131203	0.0	2068230	4965.462464014173	4.0
19159.04087195997	4000.0	18.81286895250158	0.0	2055338	4840.5940366296245	4.0
19160.625017096798	1500.0	21.228723815670605	0.0	675709	1584.1451368309752	1.5
19165.16285479175	4000.0	20.690886120719508	0.0	2002600	4537.837694951098	4.0
19166.9290086379	1500.0	22.92473227456566	0.0	757473	1766.1538461538464	1.5
19171.513246286613	4000.0	22.340494625855932	0.0	1947068	4584.237648709729	4.0
19173.07188886146	1500.0	24.781852051006506	0.0	633700	1558.6425748494262	1.5
19178.103577076363	4000.0	23.750163836104672	0.0	2125133	5031.688214901834	4.0
19182.227292246644	4000.0	23.626448665826036	0.0	1828568	4123.715170278638	4.0
19186.25647623603	4000.0	23.59726467644081	0.0	1785821	4029.1839893852275	4.0
19191.214340975443	4000.0	22.639399937030408	0.0	2096494	4957.8647394104	4.0
19195.99749526219	4000.0	21.85624565028527	0.0	1955307	4783.15428674514	4.0
19202.156944846043	4000.0	19.69679606643131	0.0	2142800	6159.44958385396	4.0
19204.548737186196	1500.0	21.305003726276837	0.0	725845	2391.792340154471	1.5
19210.127491523406	4000.0	19.7262493890648	0.0	1985434	5578.754337212037	4.0
19211.5869186716	1500.0	22.26682224087053	0.0	657685	1459.4271481942717	1.5
19215.2262658565	4000.0	22.627475055971793	0.0	1697030	3639.3471848987356	4.0
19219.329164134564	4000.0	22.524576777906667	0.0	1910697	4102.8982780651295	4.0
19224.093882232653	4000.0	21.759858679817476	0.0	2171279	4764.718098089189	4.0
19228.581434857493	4000.0	21.27230605498098	0.0	2042818	4487.552624836496	4.0
19232.20921091197	4000.0	21.644530000503416	0.0	1750852	3627.7760544775665	4.0
19236.384281858936	4000.0	21.469459053537527	0.0	2034636	4175.070946965886	4.0

