35260.76235014761	600.0	4.0	0.7370601432536188	247108	737.0601432536188	-14.141202865072376
35261.10457273914	200.0	7.6577774084722385	0.0	98617	342.2225915277616	0.2
35261.95155327858	600.0	10.810796869027637	0.0	288447	846.9805394446014	0.6
35263.94191440401	1500.0	12.820435743605936	0.0	718451	1990.3611254217008	1.5
35269.524153614286	4000.0	11.238196533328901	0.0	2069289	5582.239210277035	4.0
35274.15073452682	4000.0	10.6116156207922	0.0	1863995	4626.580912536702	4.0
35275.994549457275	1500.0	12.767800690335203	0.0	737903	1843.814930456997	1.5
35281.045197813095	4000.0	11.71715233451609	0.0	2058614	5050.648355819114	4.0
35286.23597593487	4000.0	10.526374212741064	0.0	1857129	5190.778121775025	4.0
35288.415991070746	1500.0	12.34635907686215	0.0	763093	2180.015135878913	1.5
35293.606600185885	4000.0	11.155749961722442	0.0	2094766	5190.609115139708	4.0
35297.589703801284	4000.0	11.17264634633037	0.0	1761739	3983.103615392072	4.0
35303.15017442384	4000.0	9.61217572376818	0.0	2131310	5560.47062256219	4.0
35305.83523645859	1500.0	10.927113689028726	0.0	748011	2685.0620347394542	1.5
35308.5429566275	1500.0	12.219393520120102	0.0	754517	2707.720168908624	1.5
35316.849227415456	4000.0	7.913122732158312	0.0	2231719	8306.27078796179	4.0
35318.22154415325	600.0	10.540805994367888	0.0	340687	1372.3167377904222	0.6
35321.232282891986	1500.0	11.53006725562915	0.0	772616	3010.738738738739	1.5
35329.29223488135	4000.0	7.470115266268254	0.0	2082556	8059.951989360896	4.0
35330.5637122548	600.0	10.198637892816418	0.0	310849	1271.4773734518365	0.6
35332.99511456577	1500.0	11.767235581850102	0.0	835711	2431.4023109663153	1.5
35337.57862795451	4000.0	11.183722193115107	0.0	1950922	4583.513388734995	4.0
35341.95980657925	4000.0	10.80254356836495	0.0	1849252	4381.178624750157	4.0
35344.43306692896	1500.0	12.329283218657835	0.0	681795	2473.260349707115	1.5
35350.96079558783	4000.0	9.801554559786815	0.0	1836837	6527.72865887102	4.0
35352.7769421911	1500.0	11.9854079565178	0.0	644861	1816.1466032690157	1.5
35356.92340814585	4000.0	11.838942001764	0.0	2068230	4146.4659547538	4.0
35361.044526397935	4000.0	11.717823749678029	0.0	2055338	4121.118252085971	4.0
35365.70186290759	4000.0	11.060487240027804	0.0	2165436	4657.336509650225	4.0
35370.13386290759	4000.0	10.628487240027804	0.0	2002600	4432.0	4.0
35371.859984197916	1500.0	12.902365949705223	0.0	757473	1726.1212903225808	1.5
35377.6127147892	4000.0	11.149635358426131	0.0	1947068	5752.730591279093	4.0
35385.735756975475	4000.0	7.026593172147318	0.0	2544033	8123.042186278813	4.0
35386.975161845105	600.0	9.787188302516224	0.0	344336	1239.404869631095	0.6
35389.31220260774	1500.0	11.450147539873914	0.0	670327	2337.040762642312	1.5
35394.53730802907	4000.0	10.225042118552075	0.0	1785821	5225.105421321837	4.0
35396.11433202994	1500.0	12.648018117672821	0.0	681043	1577.0240008792537	1.5
35400.49235947915	4000.0	12.269990668470333	0.0	1955307	4378.027449202489	4.0
35405.45559890301	4000.0	11.30675124459613	0.0	2142800	4963.239423874202	4.0
35410.5127807968	4000.0	10.249569350809747	0.0	2094647	5057.181893786385	4.0
35412.519864080634	1500.0	12.242486066979403	0.0	811013	2007.0832838303436	1.5
35419.91364904148	4000.0	8.848701106125885	0.0	1830641	7393.784960853518	4.0
35421.42570235305	600.0	11.336647794552379	0.0	329059	1512.0533115735075	0.6
35426.77236358786	4000.0	9.989986559746608	0.0	1910697	5346.661234805769	4.0
35428.260955277015	1500.0	12.501394870584825	0.0	629438	1488.5916891617828	1.5
35432.9124880686	4000.0	11.849862078999164	0.0	2042818	4651.5327915856615	4.0
35438.30689829266	4000.0	10.45545185494342	0.0	1750852	5394.410224055744	4.0
35441.004955315264	1500.0	11.757394832340777	0.0	808636	2698.057022602643	1.5

