6523.3082785816205	600.0	4.0	0.9197536213414893	247108	919.7536213414893	0.0058429227	-17.795072426829783
6523.723411328742	200.0	7.584867252877957	0.0	98617	415.13274712204236	0.004705182	0.2
6524.165251522447	200.0	11.143027059173358	0.0	106476	441.8401937046005	0.004705182	0.2
6524.636840664794	200.0	14.671437916825964	0.0	115230	471.5891423473939	0.004705182	0.2
6525.048714416971	200.0	18.25956416464891	0.0	97658	411.87375217705284	0.004705182	0.2
6525.460588169148	200.0	21.847690412471856	0.0	97658	411.87375217705284	0.004705182	0.2
6525.93408717089	200.0	25.374191410730216	0.0	115792	473.49900174164225	0.004705182	0.2
6526.379998559531	200.0	28.92828002208912	0.0	107674	445.9113886410943	0.004705182	0.2
6526.783876049867	200.0	32.52440253175311	0.0	95305	403.87749033600954	0.004705182	0.2
6527.222144602605	200.0	36.08613397901533	0.0	105425	438.2685527377767	0.006027859	0.2
6527.626225992521	200.0	39.68205258909986	0.0	95365	404.0813899154666	0.004705182	0.2
6528.030229220931	200.0	43.278049360689856	0.0	95342	404.00322841000803	0.004705182	0.2
6528.4582824047375	200.0	46.84999617688288	0.0	102419	428.0531838069751	0.0052347598	0.2
6528.813094859604	200.0	50.495183722016904	0.0	80867	354.81245486597857	0.004705182	0.2
6529.174306362938	200.0	54.133972218682295	0.0	82750	361.2115033346077	0.0057875216	0.2
6529.575030206445	200.0	57.73324837517522	0.0	94377	400.72384350707284	0.7835393	0.2
6531.460441191535	200.0	59.847837390085374	0.0	89871	385.4109850898433	0.0075904564	0.2
6546.168168461297	12000.0	49.14011012032375	0.0	4055239	14707.727269761632	0.004705182	12.0
6546.459669479035	200.0	52.84860910258604	0.0	90919	291.50101773771445	0.014561937	0.2
6546.73943917953	200.0	56.568839402091704	0.0	85876	279.76970049432975	0.32609758	0.2
6559.213027332089	12000.0	48.09525124953213	0.0	5251330	12473.58815255957	0.009190991	12.0
6559.528532489833	200.0	51.779746091787985	0.0	97742	315.5051577441458	0.027420849	0.2
6576.432097471531	12000.0	38.876181110089945	0.0	5141915	16903.564981698044	0.004705182	12.0
6576.83204523638	200.0	42.476233345241404	0.0	85752	399.9477648485414	0.004705182	0.2
6577.2648414493315	200.0	46.04343713228988	0.0	94556	432.79621295151924	0.004705182	0.2
6587.765819157311	8000.0	39.542459424310444	0.0	3253093	10500.977707979435	0.004705182	8.0
6600.145802246287	12000.0	31.162476335334418	0.0	5138482	12379.983088976027	0.00910047	12.0
6611.520820592978	8000.0	23.787457988642718	0.0	3354913	11375.018346691699	0.004705182	8.0
6612.0440008841315	200.0	27.2642776974893	0.0	93993	523.1802911534155	0.014193419	0.2
6612.581750633645	200.0	30.72652794797554	0.0	97083	537.749749513762	0.0074876803	0.2
6613.104879059412	200.0	34.203399522207874	0.0	93982	523.1284257676666	0.010265227	0.2
6623.006039186095	8000.0	28.302239395525365	0.0	3568902	9901.160126682511	0.080856144	8.0
6624.684248545973	1500.0	30.624030035647685	0.0	633700	1678.209359877682	0.028164586	1.5
6624.989773364307	200.0	34.318505217312534	0.0	89422	305.52481833514605	0.0635217	0.2
6625.353068533977	200.0	37.955210047642126	0.0	108225	363.29516967040865	0.031162472	0.2
6625.669339748927	200.0	41.638938832692	0.0	87791	316.27121495012705	0.14674996	0.2
6626.024088365435	200.0	45.284190216184285	0.0	102088	354.74861650771226	0.57039285	0.2
6626.320476315175	200.0	48.98780226644417	0.0	80403	296.38794974012217	0.5586456	0.2
6640.190329650097	12000.0	39.117948931522534	0.0	5257310	13869.853334921627	0.004705182	12.0
6640.525205843252	200.0	42.78307273836823	0.0	101968	334.87619315430163	0.06632109	0.2
6652.584672199164	12000.0	34.72360638245609	0.0	4828747	12059.466355912138	0.0047869137	12.0
6657.12580874987	4000.0	34.182469831749216	0.0	1830641	4541.136550706881	0.016036043	4.0
6661.230246639864	4000.0	34.0780319417553	0.0	1697030	4104.437889993923	0.034537837	4.0
6665.84138716366	4000.0	33.46689141795918	0.0	1910697	4611.1405237961135	0.012302037	4.0
6679.4668644154735	8000.0	23.84141416614612	0.0	3682991	13625.477251813065	0.20471705	8.0
6687.3453678853475	4000.0	19.962910696271795	0.0	2042818	7878.503469874323	0.30293	4.0
6693.166807465606	4000.0	18.141471116012738	0.0	1750852	5821.439580259059	0.004705182	4.0
6699.220860393112	4000.0	16.087418188506152	0.0	2034636	6054.052927506585	0.018321175	4.0

