2801.5047249956438	600.0	4.0	0.9715636134036891	247108	971.5636134036891	-18.831272268073782
2804.227236157868	1500.0	5.277488837775673	0.0	732405	2722.511162224327	1.5
2806.6302307909805	1500.0	6.8744942046633275	0.0	643847	2402.994633112344	1.5
2809.3023960370006	1500.0	8.202328958643394	0.0	718451	2672.1652460199343	1.5
2811.6453521981657	1500.0	9.859372797478176	0.0	724296	2342.9561611652175	1.5
2813.393671071167	1500.0	12.11105392447718	0.0	689829	1748.3188730009977	1.5
2815.2582546438257	1500.0	14.246470351817788	0.0	737903	1864.583572659391	1.5
2817.2253806149856	1500.0	16.27934438065784	0.0	780303	1967.1259711599505	1.5
2819.461341798818	1500.0	18.043383196825193	0.0	891463	2235.961183832643	1.5
2821.381092286423	1500.0	20.123632709220153	0.0	763093	1919.7504876050414	1.5
2823.122233447017	1500.0	22.38249154862636	0.0	769316	1741.1411605937922	1.5
2824.8096094254247	1500.0	24.695115570218803	0.0	744416	1687.3759784075573	1.5
2826.1983101001883	1500.0	27.30641489545497	0.0	606092	1388.7006747638327	1.5
2827.893448561727	1500.0	29.611276433916508	0.0	748011	1695.1384615384616	1.5
2829.6026350664506	1500.0	31.90208992919316	0.0	754517	1709.1865047233468	1.5
2831.700973527989	1500.0	33.8037514676547	0.0	934743	2098.3384615384616	1.5
2833.4041214595986	1500.0	36.10060353604493	0.0	735572	1703.1479316097636	1.5
2835.191796000281	1500.0	38.31292899536252	0.0	772616	1787.6745406824148	1.5
2836.923728035092	1500.0	40.580996960551076	0.0	747396	1731.9320348114381	1.5
2838.4676849352168	1500.0	43.03704006042675	0.0	662349	1543.9569001243265	1.5
2840.3948152018284	1500.0	45.10990979381533	0.0	835711	1927.1302666114104	1.5
2842.2571475681775	1500.0	47.247577427466396	0.0	806394	1862.3323663489432	1.5
2844.9828419729315	1500.0	48.521883022712416	0.0	809327	2725.694404753983	1.5
2847.306465098741	1500.0	50.19825989690258	0.0	681795	2323.6231258098355	1.5
2850.200751929534	1500.0	51.3039730661093	0.0	855209	2894.2868307932786	1.5
2852.402834157378	1500.0	53.10189083826536	0.0	644861	2202.082227843936	1.5
2854.520808919632	1500.0	54.98391607601085	0.0	794014	2117.9747622545137	1.5
2856.889522856675	1500.0	56.615202138968485	0.0	914284	2368.7139370423683	1.5
2858.6610154406912	1500.0	58.84370955495196	0.0	675709	1771.4925840165217	1.5
2861.512157564729	1500.0	59.992567430914164	0.0	707527	1851.1421240377997	1.5
2865.556302108673	1500.0	59.94842288696986	0.0	757473	2044.1445439443044	1.5
2869.674291271182	1500.0	59.83043372446114	0.0	712239	2117.9891625087184	1.5
2871.961939034832	1500.0	59.93717478710756	0.0	633700	1893.2589373535777	1.5
2875.9352542246475	1500.0	59.963859597292526	0.0	755142	1473.3151898150284	1.5
2880.2520769563234	1500.0	59.64703686561671	0.0	670327	1316.8227316758152	1.5
2884.255331505208	1500.0	59.6176729650678	0.0	785519	1529.3639005489183	1.5
2888.2032501457397	1500.0	59.66975432453583	0.0	681043	2447.918640531966	1.5
2891.6487545104474	1500.0	59.577906786615884	0.0	866245	3091.847537919944	1.5
2895.428843049552	1500.0	59.79781824751112	0.0	691256	1780.0885391047714	1.5
2899.2940004524053	1500.0	59.93266084465819	0.0	725845	1865.157402852927	1.5
2903.202145719921	1500.0	59.85803959527305	0.0	811013	2074.6212493851453	1.5
2907.195391907285	1500.0	59.86479340790922	0.0	657685	2493.2461873638345	1.5
2911.089964548037	1500.0	59.97022076715701	0.0	767059	2894.5726407522075	1.5
2915.312152305439	1500.0	59.748033009755275	0.0	848035	2722.187757401732	1.5
2919.2960785002365	1500.0	59.764106814957934	0.0	629438	1983.9261947973382	1.5
2923.1045092853733	1500.0	59.87361982161251	0.0	763847	2390.4869933454324	1.5
2927.4240862546417	1500.0	59.55404285234369	0.0	769491	1819.5769692688098	1.5
2931.3321577488136	1500.0	59.64597135817202	0.0	808636	1908.0714941716708	1.5

