14149.478600285258	600.0	4.0	0.9255544387176801	247108	925.5544387176801	0.28295586	-17.9110887743536
14149.896048049324	200.0	7.58255223593319	0.0	98617	417.44776406681063	0.004705182	0.2
14150.340387748634	200.0	11.138212536623968	0.0	106476	444.3396993092239	0.004705182	0.2
14150.814681895215	200.0	14.663918390042559	0.0	115230	474.29414658140684	0.004705182	0.2
14151.228848151977	200.0	18.24975213327916	0.0	97658	414.16625676340385	0.004705182	0.2
14151.64301440874	200.0	21.835585876515754	0.0	97658	414.16625676340385	0.004705182	0.2
14152.119231607569	200.0	25.359368677687723	0.0	115792	476.21719882803313	0.004705182	0.2
14152.567670624656	200.0	28.9109296606001	0.0	107674	448.4390170876195	0.004705182	0.2
14155.698079743755	1500.0	29.780520541500035	0.0	891463	3130.4091191000666	0.004705182	1.5
14170.884534340308	12000.0	18.594065944947456	0.0	5088378	15186.454596552581	0.6300214	12.0
14171.133673700926	200.0	22.344926584330242	0.0	95365	249.1393606172128	0.004705182	0.2
14172.53396989212	1500.0	24.944630393136165	0.0	744416	1400.2961911940763	0.22624311	1.5
14172.795620226887	200.0	28.68298005836917	0.0	102419	261.6503347669933	0.004705182	0.2
14174.202292509952	1500.0	31.27630777530262	0.0	748011	1406.6722830665542	0.004705182	1.5
14175.620503834389	1500.0	33.85809645086684	0.0	754517	1418.2113244357736	0.004705182	1.5
14177.358363986032	1500.0	36.12023629922405	0.0	934743	1737.860151642797	0.004705182	1.5
14178.742974459139	1500.0	38.73562582611625	0.0	735572	1384.6104731077905	0.004705182	1.5
14190.479913233345	12000.0	30.99868705191005	0.0	4055239	11736.9387742062	0.004705182	12.0
14192.277670070853	1500.0	33.20093021440143	0.0	747396	1797.7568375086187	0.004705182	1.5
14201.629108089803	8000.0	27.849492195450914	0.0	4303587	9351.438018950514	0.6977099	8.0
14201.89471443554	200.0	31.583885849713447	0.0	114656	265.6063457374694	0.0058342726	0.2
14203.280113573523	1500.0	34.19848671173008	0.0	806394	1385.3991379833667	0.26437733	1.5
14209.521070290575	8000.0	31.957529994677927	0.0	3805854	6240.956717052146	0.004705182	8.0
14218.605708847319	8000.0	26.87289143793213	0.0	4032749	9084.6385567458	0.0050237034	8.0
14220.665576706631	1500.0	28.813023578621205	0.0	855209	2059.8678593109225	0.004705182	1.5
14227.66162501979	8000.0	25.816975265462645	0.0	3253093	6996.04831315856	0.10293442	8.0
14229.429692094824	1500.0	28.04890819042843	0.0	794014	1768.0670750342153	0.064475864	1.5
14240.8164285558	8000.0	20.66217172945281	0.0	3354913	11386.736460975617	0.004705182	8.0
14242.246732555	1500.0	23.231867730252155	0.0	675709	1430.3039992006593	0.004705182	1.5
14251.18252049602	8000.0	18.296079789232884	0.0	4435580	8935.787941019269	0.08121403	8.0
14251.443957306754	200.0	22.034642978499036	0.0	93982	261.43681073384977	0.6738175	0.2
14252.898969252023	1500.0	24.579631033230086	0.0	712239	1455.0119452689496	0.1482134	1.5
14260.148790917603	8000.0	21.32980936764935	0.0	3713878	7249.821665580734	0.004705182	8.0
14269.538855121102	8000.0	15.939745164150036	0.0	4271839	9390.064203499316	0.27746072	8.0
14271.103953502416	1500.0	18.37464678283764	0.0	670327	1565.0983813123971	0.004705182	1.5
14275.02878267521	4000.0	18.449817610042256	0.0	1785821	3924.829172795383	0.7175773	4.0
14279.61367839243	4000.0	17.86492189282116	0.0	2096494	4584.895717221096	0.5905299	4.0
14283.559506636697	4000.0	17.91909364855569	0.0	1955307	3945.8282442654704	0.5159232	4.0
14292.753674165864	8000.0	12.724926119387582	0.0	4857577	9194.16752916811	0.017619235	8.0
14297.542465578457	4000.0	11.936134706793096	0.0	2094647	4788.791412594486	0.5806859	4.0
14302.008506555765	4000.0	11.470093729483967	0.0	1985434	4466.040977309129	0.36669287	4.0
14304.945953119348	4000.0	12.532647165901704	0.0	1830641	2937.4465635822644	0.04292959	4.0
14310.856357489867	8000.0	10.622242795383194	0.0	3735285	5910.404370518511	0.5634183	8.0
14313.995371390121	4000.0	11.483228895128963	0.0	1910697	3139.01390025423	0.05209409	4.0
14320.062757693717	8000.0	9.415842591532131	0.0	3682991	6067.386303596831	0.27629817	8.0
14323.467312112389	4000.0	10.011288172859407	0.0	2042818	3404.5544186727248	0.056927565	4.0
14330.398272931669	8000.0	7.080327353579842	0.0	4201994	6930.960819279565	0.51289105	8.0
14334.333049793195	4000.0	7.1455504920539985	0.0	2034636	3934.7768615258433	0.018844662	4.0

