4367.681041571422	600.0	4.0	0.8938089455159212	247108	893.8089455159212	-17.27617891031842
4368.781059273087	600.0	6.899982298334809	0.0	309722	1100.0177016651917	0.6
4370.981461883053	1500.0	8.69957968836836	0.0	643847	2200.4026099664493	1.5
4373.427560312545	1500.0	10.253481258876562	0.0	718451	2446.0984294917976	1.5
4375.892908273766	1500.0	11.788133297655559	0.0	724296	2465.347961221003	1.5
4378.097906918816	1500.0	13.58313465260518	0.0	689829	2204.998645050379	1.5
4380.243018251485	1500.0	15.43802331993652	0.0	737903	2145.1113326686605	1.5
4382.506791143336	1500.0	17.174250428085752	0.0	780303	2263.7728918507632	1.5
4385.0816588210055	1500.0	18.599382750417004	0.0	891463	2574.8676776687485	1.5
4387.297267433763	1500.0	20.383774137658786	0.0	763093	2215.6086127582166	1.5
4389.40335689446	1500.0	22.27768467696284	0.0	769316	2106.0894606959496	1.5
4394.077874343237	4000.0	21.6031672281845	0.0	1761739	4674.517448778341	4.0
4395.738528611302	1500.0	23.94251296012041	0.0	606092	1660.6542680640903	1.5
4401.747425751773	4000.0	21.933615819649486	0.0	1805063	6008.897140470925	4.0
4404.712905937251	1500.0	22.96813563417217	0.0	754517	2965.4801854773173	1.5
4408.299974579313	1500.0	23.38106699211024	0.0	934743	3587.0686420619277	1.5
4410.559527896103	1500.0	25.12151367532073	0.0	735572	2259.5533167895105	1.5
4412.9288452782275	1500.0	26.752196293195468	0.0	772616	2369.317382125264	1.5
4415.2234339666975	1500.0	28.457607604725524	0.0	747396	2294.5886884699435	1.5
4417.266022210706	1500.0	30.415019360716485	0.0	662349	2042.5882440090375	1.5
4419.69096516985	1500.0	31.990076401572647	0.0	835711	2424.9429591438343	1.5
4424.991434455552	4000.0	30.68960711587031	0.0	1950922	5300.469285702339	4.0
4429.976125078645	4000.0	29.704916492777425	0.0	1849252	4984.690623092884	4.0
4434.778801205713	4000.0	28.902240365709986	0.0	1822097	4802.676127067438	4.0
4439.736891112009	4000.0	27.94415045941302	0.0	1836837	4958.089906296966	4.0
4445.684954388177	4000.0	25.996087183245074	0.0	1984579	5948.063276167948	4.0
4451.522308231071	4000.0	24.158733340350103	0.0	2068230	5837.353842894968	4.0
4456.937730386955	4000.0	22.743311184467178	0.0	2055338	5415.422155882926	4.0
4458.771793596767	1500.0	24.90924797465473	0.0	675709	1834.0632098124474	1.5
4466.663932052197	4000.0	21.017109519225073	0.0	2002600	7892.138455429655	4.0
4469.6614590892605	1500.0	22.019582482161265	0.0	757473	2997.527037063805	1.5
4471.983628100574	1500.0	23.697413470847938	0.0	712239	2322.1690113133304	1.5
4474.058551858567	1500.0	25.622489712854822	0.0	633700	2074.9237579931137	1.5
4476.515781961862	1500.0	27.165259609559197	0.0	755142	2457.2301032956225	1.5
4483.189929577734	4000.0	24.491111993686754	0.0	1828568	6674.147615872445	4.0
4486.491993309885	1500.0	25.189048261536115	0.0	785519	3302.06373215064	1.5
4489.365514472754	1500.0	26.31552709866791	0.0	681043	2873.521162868203	1.5
4491.876014050834	1500.0	27.805027520587956	0.0	866245	2510.4995780799554	1.5
4493.787701639851	1500.0	29.89333993157136	0.0	691256	1911.6875890165945	1.5
4499.418089503783	4000.0	28.262952067638402	0.0	2094647	5630.3878639329605	4.0
4505.36222814026	4000.0	26.31881343116185	0.0	1985434	5944.138636476555	4.0
4510.749409273751	4000.0	24.93163229767062	0.0	1830641	5387.181133491227	4.0
4514.801276685471	4000.0	24.87976488595066	0.0	1697030	4051.867411719961	4.0
4519.353227769407	4000.0	24.32781380201514	0.0	1910697	4551.95108393552	4.0
4525.217133524493	4000.0	22.463908046927983	0.0	2171279	5863.905755087156	4.0
4530.830031056911	4000.0	20.8510105145107	0.0	2042818	5612.897532417281	4.0
4535.010146975183	4000.0	20.670894596238938	0.0	1750852	4180.115918271764	4.0
4539.854823516369	4000.0	19.826218055052824	0.0	2034636	4844.676541186113	4.0

