32342.48537256909	600.0	4.0	0.7406061821219716	247108	740.6061821219716	-14.212123642439431
32342.829010330155	200.0	7.65636223893066	0.0	98617	343.63776106934006	0.2
32343.680130129655	600.0	10.805242439431913	0.0	288447	851.1197994987468	0.6
32345.680801140512	1500.0	12.80457142857143	0.0	718451	2000.6710108604846	1.5
32351.2927349751	4000.0	11.192637593984964	0.0	2069289	5611.933834586466	4.0
32357.72240096771	4000.0	8.762971601373524	0.0	1863995	6429.66599261144	4.0
32358.969102766565	600.0	11.516269802516431	0.0	327938	1246.7017988570922	0.6
32365.828830981136	4000.0	8.656541587947737	0.0	2058614	6859.728214568694	4.0
32366.802006349324	600.0	11.683366219757103	0.0	290723	973.1753681906335	0.6
32374.400412737763	4000.0	8.084959831317727	0.0	2373154	7598.406388439376	4.0
32375.633330124787	600.0	10.852042444295074	0.0	329266	1232.9173870226502	0.6
32378.31988576545	1500.0	12.165486803634172	0.0	744416	2686.555640660904	1.5
32385.262916969306	4000.0	9.222455599773905	0.0	2131310	6943.031203860269	4.0
32387.45173518156	1500.0	11.033637387520809	0.0	748011	2188.8182122530966	1.5
32393.561738446737	4000.0	8.923634122342897	0.0	2157416	6110.00326517791	4.0
32394.484818368768	600.0	12.000554200315609	0.0	324375	923.0799220272905	0.6
32399.336392117955	4000.0	11.148980451127823	0.0	1835863	4851.573749187784	4.0
32405.46349095795	4000.0	9.021881611131656	0.0	2192675	6127.098839996167	4.0
32407.83633651446	1500.0	10.64903605461742	0.0	747396	2372.8455565142367	1.5
32409.94827669278	1500.0	12.53709587630278	0.0	662349	2111.940178314639	1.5
32417.185150639973	4000.0	9.300221929106142	0.0	2379358	7236.873947196639	4.0
32419.64868392035	1500.0	10.836688648730757	0.0	806394	2463.5332803753854	1.5
32422.12088653992	1500.0	12.364486029159716	0.0	809327	2472.202619571041	1.5
32427.384267403148	4000.0	11.101105165933033	0.0	1822097	5263.380863226683	4.0
32432.613435529856	4000.0	9.871937039224784	0.0	1836837	5229.1681267082495	4.0
32434.561759686312	1500.0	11.923612882769127	0.0	644861	1948.324156455655	1.5
32440.959015284505	4000.0	9.526357284578875	0.0	2068230	6397.255598190253	4.0
32443.831628155094	1500.0	10.65374441399109	0.0	914284	2872.612870587786	1.5
32446.239819626997	1500.0	12.24555294208546	0.0	675709	2408.191471905629	1.5
32453.28266025458	4000.0	9.202712314504948	0.0	2002600	7042.840627580512	4.0
32455.86808272069	1500.0	10.617289848392202	0.0	757473	2585.422466112746	1.5
32458.24521106434	1500.0	12.24016150474488	0.0	712239	2377.128343647322	1.5
32466.159778060635	4000.0	8.3255945084511	0.0	2544033	7914.566996293779	4.0
32467.15855866233	600.0	11.32681390675675	0.0	344336	998.78060169435	0.6
32472.11766746094	4000.0	10.367705108144248	0.0	1828568	4959.108798612501	4.0
32474.293642379223	1500.0	12.191730189859943	0.0	785519	2175.9749182843043	1.5
32479.941102751203	4000.0	10.54426981788224	0.0	2096494	5647.460371977705	4.0
32482.320817359287	1500.0	12.164555209798348	0.0	866245	2379.714608083892	1.5
32489.484904265533	4000.0	9.000468303550194	0.0	2142800	7164.086906248153	4.0
32492.32568969795	1500.0	10.159682871134468	0.0	725845	2840.7854324157274	1.5
32495.505170566095	1500.0	10.9802020029882	0.0	811013	3179.480868146267	1.5
32498.165972057242	1500.0	12.319400511841883	0.0	657685	2660.8014911463188	1.5
32504.905235313236	4000.0	9.580137255845413	0.0	1697030	6739.263255996469	4.0
32508.20739962322	1500.0	10.277972945859918	0.0	848035	3302.164309985495	1.5
32510.671803818594	1500.0	11.813568750486192	0.0	629438	2464.4041953737246	1.5
32518.02083576039	4000.0	8.464536808688383	0.0	2042818	7349.03194179781	4.0
32518.92239044711	600.0	11.56298212197159	0.0	256094	901.554686716792	0.6
32525.529543529818	4000.0	8.955829039264824	0.0	2034636	6607.153082706767	4.0

