36211.13291770812	600.0	4.0	0.6362441790120853	247108	636.2441790120853	0.007875956	-12.124883580241706
36211.4349061998	200.0	7.698011508321726	0.0	98617	301.9884916782735	0.004705182	0.2
36211.75458542995	200.0	11.37833227816936	0.0	106476	319.6792301523657	0.004705182	0.2
36212.09397005832	200.0	15.038947649798112	0.0	115230	339.3846283712489	0.004705182	0.2
36212.3937998252	200.0	18.739117882919007	0.0	97658	299.8297668791064	0.004705182	0.2
36212.693629592075	200.0	22.4392881160399	0.0	97658	299.8297668791064	0.004705182	0.2
36213.03427929171	200.0	26.098638416409912	0.0	115792	340.6496996299892	0.004705182	0.2
36213.3566552396	200.0	29.77626246852094	0.0	107674	322.3759478889686	0.004705182	0.2
36213.65118836471	200.0	33.48172934340663	0.0	95305	294.5331251143094	0.004705182	0.2
36213.96850177655	200.0	37.1644159315691	0.0	105425	317.3134118375329	0.016808225	0.2
36214.26316996266	200.0	40.86974774546631	0.0	95365	294.66818610278705	0.004705182	0.2
36214.55778637538	200.0	44.57513133274244	0.0	95342	294.61641272387067	0.004705182	0.2
36214.868333231694	200.0	48.264584476427636	0.0	102419	310.5468563148047	0.0133634675	0.2
36215.13036618095	200.0	52.002551527173985	0.0	80867	262.03294925364736	0.004705182	0.2
36215.39663779423	200.0	55.73627991389861	0.0	82750	266.27161327536965	0.015079958	0.2
36233.928699922224	12000.0	41.20421778589903	0.0	5443841	18532.062127999583	0.005904648	12.0
36234.37932108827	200.0	44.75359661985955	0.0	89871	450.6211660394866	0.004705182	0.2
36248.38717826722	12000.0	34.74573944091127	0.0	4055239	14007.857178948272	0.004705182	12.0
36248.728754517375	200.0	38.404163190753934	0.0	90919	341.5762501573373	0.004705182	0.2
36249.05582192967	200.0	42.07709577845825	0.0	85876	327.06741229568627	0.0064169443	0.2
36249.46569012596	200.0	45.66722758217321	0.0	114656	409.8681962850413	0.0047219885	0.2
36249.82689631876	200.0	49.30602138937656	0.0	97742	361.2061927966483	0.20209414	0.2
36263.03258814082	12000.0	40.100329567307995	0.0	5141915	13205.69182206857	0.015172749	12.0
36263.32299667966	200.0	43.8099210284784	0.0	85752	290.4085388295915	0.004705182	0.2
36263.635007475874	200.0	47.49791023225708	0.0	94556	312.0107962213225	0.004705182	0.2
36271.69707838742	8000.0	43.43583932071248	0.0	3253093	8062.070911544595	0.004705182	8.0
36284.49328751183	12000.0	34.63963019629409	0.0	5138482	12796.209124418394	0.004705182	12.0
36293.041135255626	8000.0	30.091782452497878	0.0	3354913	8547.847743796212	0.004705182	8.0
36293.38755060399	200.0	33.745367104130324	0.0	93993	346.41534836755307	0.18554798	0.2
36293.74272430061	200.0	37.39019340751923	0.0	97083	355.1736966111003	0.55240834	0.2
36295.96971857863	1500.0	39.16319912949836	0.0	757473	2226.9942780208685	0.21309967	1.5
36307.75705440497	8000.0	31.375863303158315	0.0	3568902	11787.335826340046	0.021594904	8.0
36310.552790309615	1500.0	32.5801273985112	0.0	633700	2795.7359046471142	0.03164839	1.5
36311.016010344436	200.0	36.116907363691325	0.0	89422	463.2200348198742	0.04049848	0.2
36311.55981106762	200.0	39.57310664050932	0.0	108225	543.8007231820008	0.024235263	0.2
36312.01604141448	200.0	43.11687629364981	0.0	87791	456.2303468595152	0.10955544	0.2
36314.62072556033	1500.0	44.51219214779334	0.0	681043	2604.6841458564636	0.50510526	1.5
36314.95816962677	200.0	48.17474808135348	0.0	80403	337.4440664398639	0.50271964	0.2
36335.30767445712	12000.0	31.82524325099935	0.0	5257310	20349.50483035413	0.0057599926	12.0
36335.65803903355	200.0	35.474878674570874	0.0	101968	350.3645764284767	0.11318771	0.2
36348.33600750732	12000.0	26.796910200800504	0.0	4828747	12677.968473770368	0.6893601	12.0
36353.06075719414	4000.0	26.07216051398932	0.0	1830641	4724.749686811183	0.00968803	4.0
36360.829651417625	4000.0	22.303266290503803	0.0	1697030	7768.894223485519	0.17162421	4.0
36368.986509673814	4000.0	18.146408034317457	0.0	1910697	8156.858256186345	0.013858089	4.0
36371.49683086882	1500.0	19.636086839307925	0.0	629438	2510.3211950095324	0.062641464	1.5
36377.59267502575	4000.0	17.540242682379507	0.0	2042818	6095.84415692842	0.25982398	4.0
36382.03997859272	4000.0	17.092939115405198	0.0	1750852	4447.3035669743085	0.004705182	4.0
36392.48031465726	4000.0	10.652603050875275	0.0	2034636	10440.336064529924	0.053600576	4.0

