33888.73929666896	600.0	4.0	0.879734617096161	247108	879.734617096161	-16.99469234192322
33891.189635274895	1500.0	5.549661394069339	0.0	732405	2450.3386059306604	1.5
33893.35336681743	1500.0	7.385929851531211	0.0	643847	2163.7315425381285	1.5
33895.75854502043	1500.0	8.980751648529472	0.0	718451	2405.17820300174	1.5
33898.18263984627	1500.0	10.556656822687	0.0	724296	2424.0948258424696	1.5
33900.53742049106	1500.0	12.201876177894707	0.0	689829	2354.780644792293	1.5
33903.052342121155	1500.0	13.686954547800664	0.0	737903	2514.9216300940443	1.5
33905.70717465704	1500.0	15.032122011915497	0.0	780303	2654.8325358851675	1.5
33908.72799705207	1500.0	16.011299616891048	0.0	891463	3020.8223950244483	1.5
33911.31230192962	1500.0	17.42699473934254	0.0	763093	2584.3048775485095	1.5
33913.9170293366	1500.0	18.82226733236055	0.0	769316	2604.7274069819914	1.5
33916.44004037159	1500.0	20.299256297368547	0.0	744416	2523.0110349920005	1.5
33923.33976492124	4000.0	17.399531747717994	0.0	2131310	6899.7245496505575	4.0
33929.11749303259	4000.0	15.621803636367776	0.0	1805063	5777.728111350216	4.0
33935.92378465948	4000.0	12.815512009484944	0.0	2157416	6806.291626882831	4.0
33943.06940157263	4000.0	9.669895096330027	0.0	2231719	7145.616913154918	4.0
33949.034403075246	4000.0	7.704893593715477	0.0	1835863	5965.001502614549	4.0
33956.17986015648	4000.0	4.559436512477553	0.0	2192675	7145.457081237925	4.0
33958.66853258382	1500.0	6.070764085140553	0.0	747396	2488.672427336999	1.5
33960.88040077969	1500.0	7.858895889260528	0.0	662349	2211.8681958800253	1.5
33963.64854681323	1500.0	9.090749855727498	0.0	835711	2768.1460335330307	1.5
33966.32239185364	1500.0	10.41690481531899	0.0	806394	2673.845040408508	1.5
33969.005671174935	1500.0	11.733625494021092	0.0	809327	2683.279321297897	1.5
33971.32416073866	1500.0	13.415135930296517	0.0	681795	2318.489563724577	1.5
33974.238383485615	1500.0	14.500913183346496	0.0	855209	2914.22274695002	1.5
33976.45549817316	1500.0	16.283798495801186	0.0	644861	2217.1146875453096	1.5
33979.16691638812	1500.0	17.572380280842303	0.0	794014	2711.4182149588846	1.5
33982.191305361	1500.0	18.54799130797269	0.0	914284	3024.388972869613	1.5
33984.42260254536	1500.0	20.316694123612923	0.0	675709	2231.297184359765	1.5
33986.7552006948	1500.0	21.984095974175055	0.0	707527	2332.598149437867	1.5
33994.18644113057	4000.0	18.55285553840134	0.0	2290706	7431.240435773717	4.0
34000.55934223646	4000.0	16.179954432515267	0.0	1947068	6372.901105886072	4.0
34008.78823375014	4000.0	11.951062918831855	0.0	2544033	8228.89151368341	4.0
34015.702611664434	4000.0	9.036685004537032	0.0	2125133	6914.377914294824	4.0
34021.68128553788	4000.0	7.058011131092616	0.0	1828568	5978.673873444415	4.0
34027.56989605607	4000.0	5.1694006129083965	0.0	1785821	5888.61051818422	4.0
34029.86507525552	1500.0	6.874221413461342	0.0	681043	2295.1791994470536	1.5
34032.80158429994	1500.0	7.937712369047009	0.0	866245	2936.509044414334	1.5
34035.176971980494	1500.0	9.562324688489147	0.0	691256	2375.387680557862	1.5
34037.667216044916	1500.0	11.072080624069422	0.0	725845	2490.2440644197245	1.5
34040.44026934062	1500.0	12.299027328369604	0.0	811013	2773.053295699817	1.5
34042.65933019117	1500.0	14.079966477818703	0.0	657685	2219.0608505509	1.5
34045.209480940895	1500.0	15.529815728095448	0.0	767059	2550.150749723256	1.5
34048.02039771658	1500.0	16.718898952408622	0.0	848035	2810.9167756868274	1.5
34055.0814606413	4000.0	13.657836027694703	0.0	2171279	7061.062924713918	4.0
34061.718494286004	4000.0	11.020802382992162	0.0	2042818	6637.03364470254	4.0
34067.37700992812	4000.0	9.36228674087893	0.0	1750852	5658.51564211323	4.0
34073.968903400666	4000.0	6.770393268323681	0.0	2034636	6591.893472555251	4.0

