31228.23667157725	600.0	4.0	1.5684903245237558	247108	1568.4903245237558	0.0647464	-30.769806490475116
31228.91070515906	200.0	7.325966418191402	0.0	98617	674.0335818085988	0.004705182	0.2
31229.63207854962	200.0	10.604593027633461	0.0	106476	721.37339055794	0.004705182	0.2
31230.40618290923	200.0	13.830488668021987	0.0	115230	774.104359611475	0.004705182	0.2
31231.074439817596	200.0	17.16223175965665	0.0	97658	668.256908365334	0.004705182	0.2
31231.74269672596	200.0	20.493974851291316	0.0	97658	668.256908365334	0.004705182	0.2
31232.520186372825	200.0	23.716485204427375	0.0	115792	777.489646863941	0.004705182	0.2
31233.248776087454	200.0	26.987895489797456	0.0	107674	728.5897146299226	0.004705182	0.2
31238.049317456644	1500.0	26.187354120607253	0.0	891463	4800.541369190203	0.004705182	1.5
31240.448352576022	1500.0	27.788319001231766	0.0	763093	2399.035119375487	0.035828	1.5
31242.86629935564	1500.0	29.370372221615817	0.0	769316	2417.9467796159474	0.004705182	1.5
31245.208575182336	1500.0	31.028096394914453	0.0	744416	2342.2758267013623	0.004705182	1.5
31247.130485190122	1500.0	33.10618638712703	0.0	606092	1921.9100077874227	0.004705182	1.5
31249.395517623074	1500.0	34.84115395417606	0.0	748011	2265.0324329509745	0.004705182	1.5
31251.64925261056	1500.0	36.58741896669024	0.0	754517	2253.73498748582	0.004705182	1.5
31254.422211898964	1500.0	37.81445967828791	0.0	934743	2772.9592884023264	0.004705182	1.5
31256.62136705679	1500.0	39.615304520465195	0.0	735572	2199.1551578227127	0.004705182	1.5
31258.791630326454	1500.0	41.445041250797466	0.0	772616	2170.2632696677238	0.43963355	1.5
31268.184290452362	8000.0	36.05238112489035	0.0	3873892	9392.660125907118	0.58699197	8.0
31269.86612677708	1500.0	38.37054480017295	0.0	662349	1681.8363247173997	0.02177531	1.5
31278.971064672885	8000.0	33.26560690436927	0.0	3690869	9104.937895803685	0.0056550717	8.0
31289.965553262296	8000.0	26.27111831495437	0.0	3905272	10994.488589414897	0.24983041	8.0
31291.981742257514	1500.0	28.254929319739063	0.0	809327	2016.188995215311	0.006828686	1.5
31293.69283077426	1500.0	30.54384080299265	0.0	681795	1711.0885167464116	0.004705182	1.5
31306.902245053996	8000.0	21.334426523254873	0.0	4925863	13209.414279737779	0.20938821	8.0
31308.827975040775	1500.0	23.408696536475997	0.0	644861	1925.7299867788738	0.004705182	1.5
31311.230459821676	1500.0	25.006211755576196	0.0	794014	2402.484780899801	0.004705182	1.5
31313.984733418136	1500.0	26.251938159115433	0.0	914284	2754.2735964607596	0.033128057	1.5
31316.04117699321	1500.0	28.195494584043683	0.0	675709	2056.443575071754	0.020703739	1.5
31327.358769239065	8000.0	20.877902338188004	0.0	4435580	11317.592245855676	0.046821166	8.0
31329.293909769443	1500.0	22.942761807810022	0.0	757473	1935.1405303779782	0.004705182	1.5
31331.42303928952	1500.0	24.813632287733782	0.0	712239	2129.1295200762415	0.004705182	1.5
31342.792725105126	8000.0	17.44394647212714	0.0	3713878	11369.685815606641	0.00510941	8.0
31345.501534748084	1500.0	18.73513682916898	0.0	755142	2708.8096429581606	0.004705182	1.5
31347.915085367087	1500.0	20.32158621016591	0.0	670327	2413.550619003068	0.0063226405	1.5
31358.67754146087	8000.0	13.559130116379794	0.0	4086583	10762.456093786117	0.46758533	8.0
31360.461956616404	1500.0	15.774714960847644	0.0	681043	1784.415155532149	0.004705182	1.5
31365.425035844724	4000.0	14.811635732527735	0.0	1955307	4963.07922831991	0.63528824	4.0
31371.030632188624	4000.0	13.206039388629327	0.0	2142800	5605.596343898409	0.77654374	4.0
31373.219076116657	1500.0	15.017595460596064	0.0	725845	2188.4439280332604	0.09085975	1.5
31379.066390435568	4000.0	13.170281141683917	0.0	1985434	5847.314318912148	0.068486586	4.0
31380.911239713216	1500.0	15.325431864040283	0.0	657685	1844.8492776436342	0.6947252	1.5
31385.22303685487	4000.0	15.013634722385435	0.0	1697030	4311.797141654848	0.071689546	4.0
31396.845476132814	8000.0	7.391195444442685	0.0	4340973	11622.43927794275	0.17776021	8.0
31398.68469635396	1500.0	9.551975223295726	0.0	629438	1839.2202211469598	0.0058942353	1.5
31404.0858955927	4000.0	8.150775984554755	0.0	2042818	5401.199238740969	0.47939593	4.0
31406.114159035435	1500.0	10.12251254182285	0.0	769491	2028.263442731905	0.47915298	1.5
31411.337151177544	4000.0	8.89952039971171	0.0	2034636	5222.99214211114	0.009195062	4.0

