27774.818349690246	600.0	4.0	0.6852674443525918	247108	685.2674443525918	-13.105348887051836
27775.139902612693	200.0	7.67844707755427	0.0	98617	321.55292244573036	0.2
27775.9264259892	600.0	10.891923701050182	0.0	288447	786.5233765040874	0.6
27777.76620309339	1500.0	13.052146596858638	0.0	718451	1839.7771041915435	1.5
27786.950776379646	8000.0	7.867573310602938	0.0	4143114	9184.5732862557	8.0
27787.596962996126	600.0	11.221386694122687	0.0	330929	646.1866164802498	0.6
27791.178235478426	4000.0	11.640114211819816	0.0	2046450	3581.2724823028725	4.0
27794.789837209504	4000.0	12.028512480744128	0.0	2058614	3611.601731075688	4.0
27802.22589603012	4000.0	8.592453660127205	0.0	1857129	7436.058820616924	4.0
27803.533551622535	600.0	11.28479806771249	0.0	309937	1307.655592414715	0.6
27810.559501546795	4000.0	8.258848143452834	0.0	2094766	7025.949924259656	4.0
27811.549204548628	600.0	11.269145141621479	0.0	285624	989.703001831356	0.6
27817.250046181158	4000.0	9.568303509090708	0.0	2131310	5700.841632530772	4.0
27818.85523746445	1500.0	11.96311222579773	0.0	748011	1605.1912832929784	1.5
27823.33419961559	4000.0	11.484150074657165	0.0	2157416	4478.962151140564	4.0
27827.89846854182	4000.0	10.919881148424091	0.0	2231719	4564.268926233076	4.0
27829.439386118785	1500.0	13.37896357146282	0.0	735572	1540.9175769612712	1.5
27838.450955621556	8000.0	8.36739406869247	0.0	4260556	9011.569502770351	8.0
27839.314448174813	600.0	11.503901515437855	0.0	330105	863.4925532546134	0.6
27844.531603577412	4000.0	10.28674611283891	0.0	2164412	5217.155402598944	4.0
27848.03108384462	1500.0	10.787265845631556	0.0	835711	3499.4802672073574	1.5
27853.539290332064	1500.0	9.279059358189928	0.0	806394	5508.206487441626	1.5
27857.535145029982	1500.0	9.283204660273748	0.0	809327	3995.85469791618	1.5
27859.932106926248	1500.0	10.88624276400766	0.0	681795	2396.961896266089	1.5
27862.918386183712	1500.0	11.899963506541962	0.0	855209	2986.2792574656983	1.5
27868.50087386725	4000.0	10.317475823002592	0.0	1984579	5582.48768353937	4.0
27870.329875615673	1500.0	12.488474074582365	0.0	794014	1829.0017484202267	1.5
27874.937238805232	4000.0	11.881110885023325	0.0	2055338	4607.363189559041	4.0
27879.15866939356	4000.0	11.659680296691466	0.0	2165436	4221.430588331859	4.0
27882.818376462124	4000.0	11.999973228128528	0.0	2002600	3659.707068562938	4.0
27887.46190957739	4000.0	11.356440112865974	0.0	2290706	4643.533115262555	4.0
27895.316381889035	4000.0	7.501967801219146	0.0	1947068	7854.472311646828	4.0
27896.637031735558	600.0	10.181317954696722	0.0	310713	1320.6498465224229	0.6
27899.960635981828	1500.0	10.857713708426276	0.0	755142	3323.6042462704463	1.5
27902.929509547525	1500.0	11.888840142731075	0.0	670327	2968.8735656952003	1.5
27909.60021440042	4000.0	9.218135289835784	0.0	1785821	6670.704852895291	4.0
27911.736542456125	1500.0	11.081807234128211	0.0	681043	2136.3280557075727	1.5
27917.842242124992	4000.0	8.976107565259845	0.0	1955307	6105.699668868366	4.0
27919.06619837687	600.0	11.75215131338509	0.0	309862	1223.9562518747548	0.6
27926.879268360022	4000.0	7.9390813302290395	0.0	2094647	7813.06998315605	4.0
27928.000553679103	600.0	10.817796011148333	0.0	315398	1121.2853190807068	0.6
27930.087947662432	1500.0	12.730402027821041	0.0	657685	2087.3939833272925	1.5
27935.34764282277	4000.0	11.470706867484534	0.0	1697030	5259.695160336507	4.0
27939.809115318832	4000.0	11.00923437142108	0.0	1910697	4461.472496063454	4.0
27943.85107734198	4000.0	10.967272348270027	0.0	2171279	4041.9620231510526	4.0
27945.324879246524	1500.0	13.493470443725352	0.0	763847	1473.801904544677	1.5
27956.06475943888	8000.0	6.753590251370126	0.0	4201994	10739.880192355226	8.0
27956.46309250231	200.0	10.355257187942327	0.0	110571	398.33306342780025	0.2

