16005.496502913682	600.0	4.0	0.7096246516442393	247108	709.6246516442393	-13.592493032884786
16006.365666382111	600.0	7.130836531570985	0.0	309722	869.1634684290151	0.6
16008.08617151787	1500.0	9.410331395811768	0.0	643847	1720.5051357592167	1.5
16009.996765673457	1500.0	11.499737240226134	0.0	718451	1910.5941555856357	1.5
16011.922252734528	1500.0	13.574250179154392	0.0	724296	1925.4870610717414	1.5
16013.759918790744	1500.0	15.736584122939727	0.0	689829	1837.6660562146667	1.5
16015.657094295078	1500.0	17.839408618603894	0.0	737903	1897.1755043358326	1.5
16017.38975340765	1500.0	20.10674950603374	0.0	780303	1732.6591125701577	1.5
16021.403098742818	4000.0	20.09340417086483	0.0	1857129	4013.345335168908	4.0
16023.099307574757	1500.0	22.397195338925826	0.0	763093	1696.2088319390025	1.5
16030.10533970775	4000.0	19.391163205933744	0.0	2094766	7006.0321329920835	4.0
16037.212072809301	4000.0	16.28443010438415	0.0	1761739	7106.73310154959	4.0
16038.75117304703	1500.0	18.74532986665432	0.0	606092	1539.1002377298307	1.5
16040.631927764012	1500.0	20.864575149673186	0.0	748011	1880.754716981132	1.5
16042.528344964818	1500.0	22.96815794886671	0.0	754517	1896.417200806476	1.5
16044.858636560013	1500.0	24.637866353669455	0.0	934743	2330.291595197256	1.5
16049.320174723533	4000.0	24.176328190151523	0.0	1835863	4461.538163517933	4.0
16054.616172344704	4000.0	22.88033056897995	0.0	2192675	5295.997621171573	4.0
16062.348437596822	4000.0	19.148065316860112	0.0	2082556	7732.265252119838	4.0
16065.27564320656	1500.0	20.220859707123672	0.0	662349	2927.2056097364393	1.5
16067.922164741713	1500.0	21.574338171972006	0.0	835711	2646.521535151668	1.5
16070.035304357218	1500.0	23.461198556466172	0.0	806394	2113.1396155058305	1.5
16072.155838867144	1500.0	25.34066404653866	0.0	809327	2120.5345099275137	1.5
16076.906055351223	4000.0	24.59044756246153	0.0	1822097	4750.216484077129	4.0
16084.487559256475	4000.0	21.00894365720858	0.0	1836837	7581.503905252949	4.0
16087.068993403265	1500.0	22.427509510418734	0.0	644861	2581.4341467898435	1.5
16089.109824395704	1500.0	24.38667851798163	0.0	794014	2040.8309924371047	1.5
16091.447664185795	1500.0	26.048838727890566	0.0	914284	2337.8397900910636	1.5
16093.196338981288	1500.0	28.300163932397435	0.0	675709	1748.6747954931318	1.5
16098.505167784877	4000.0	26.991335128808373	0.0	2002600	5308.828803589061	4.0
16105.791053399174	4000.0	23.705449514511145	0.0	2290706	7285.88561429723	4.0
16111.872543333811	4000.0	21.62395957987389	0.0	1947068	6081.489934637252	4.0
16113.893060080223	1500.0	23.60344283346241	0.0	633700	2020.5167464114834	1.5
16116.285456635245	1500.0	25.211046278438488	0.0	755142	2392.3965550239236	1.5
16121.139418213275	4000.0	24.357084700408812	0.0	1828568	4853.961578029673	4.0
16125.656860713005	4000.0	23.83964220068059	0.0	1785821	4517.442499728223	4.0
16127.429129508333	1500.0	26.067373405352054	0.0	681043	1772.26879532854	1.5
16132.255336573286	4000.0	25.241166340398497	0.0	1955307	4826.207064953556	4.0
16137.528036308235	4000.0	23.968466605449613	0.0	2142800	5272.699734948883	4.0
16144.063816773622	4000.0	21.432686140063716	0.0	2094647	6535.780465385896	4.0
16150.399746583787	4000.0	19.09675632989647	0.0	1985434	6335.92981016725	4.0
16152.569708847937	1500.0	20.926794065745526	0.0	657685	2169.962264150943	1.5
16158.042455620529	4000.0	19.454047293153668	0.0	1697030	5472.746772591857	4.0
16160.254938984855	1500.0	21.24156392882695	0.0	848035	2212.483364326719	1.5
16161.88707091057	1500.0	23.60943200311222	0.0	629438	1632.131925714726	1.5
16163.850642151998	1500.0	25.645860761685082	0.0	763847	1963.5712414271404	1.5
16168.248070217036	4000.0	25.248432696646937	0.0	1750852	4397.428065038144	4.0
16174.648308519296	4000.0	22.848194394386738	0.0	2034636	6400.238302260202	4.0

