2001.0115493490036	600.0	4.0	0.7084836827798886	247108	708.4836827798886	-13.569673655597773
2002.954316202713	1500.0	6.057233146290673	0.0	732405	1942.7668537093264	1.5
2004.6718485112856	1500.0	8.339700837717974	0.0	643847	1717.5323085727002	1.5
2006.5791253715122	1500.0	10.432423977491297	0.0	718451	1907.2768602266767	1.5
2008.5012681491753	1500.0	12.510281199828324	0.0	724296	1922.1427776629735	1.5
2010.335749066055	1500.0	14.675800282948385	0.0	689829	1834.4809168799377	1.5
2011.682182096968	1500.0	17.329367252035322	0.0	737903	1346.4330309130637	1.5
2012.899422081665	1500.0	20.112127267338376	0.0	780303	1217.239984696945	1.5
2014.2786704101707	1500.0	22.732878938832794	0.0	891463	1379.2483285055841	1.5
2015.4708279587671	1500.0	25.540721390236484	0.0	763093	1192.1575485963092	1.5
2018.6038107792658	4000.0	26.407738569737678	0.0	2094766	3132.9828204988066	4.0
2021.2514287858608	4000.0	27.760120563142788	0.0	1761739	2647.6180065948884	4.0
2024.93499732341	4000.0	28.07655202559353	0.0	2131310	3683.568537549258	4.0
2028.0685390121037	4000.0	28.943010336900123	0.0	1805063	3133.541688693409	4.0
2031.8128252613315	4000.0	29.198724087672336	0.0	2157416	3744.286249227784	4.0
2035.8560102376905	4000.0	29.15553911131326	0.0	2231719	4043.184976359076	4.0
2039.196216679565	4000.0	29.815332669438856	0.0	1835863	3340.206441874404	4.0
2043.0458830871346	4000.0	29.965666261869117	0.0	2192675	3849.666407569739	4.0
2046.5023393220617	4000.0	30.509210026942178	0.0	2082556	3456.4562349269404	4.0
2050.0915090117846	4000.0	30.92004033721922	0.0	2164412	3589.1696897229594	4.0
2054.1568176981755	4000.0	30.85473165082846	0.0	2379358	4065.3086863907597	4.0
2057.597181134892	4000.0	31.41436821411231	0.0	1950922	3440.363436716151	4.0
2060.8624231927874	4000.0	32.1491261562165	0.0	1849252	3265.2420578958136	4.0
2065.60842298423	4000.0	31.403126364773733	0.0	1822097	4745.999791442763	4.0
2071.4536488704143	4000.0	29.557900478589765	0.0	1836837	5845.2258861839655	4.0
2073.036481207981	1500.0	31.97506814102274	0.0	644861	1582.832337567031	1.5
2074.5028452312467	1500.0	34.50870411775702	0.0	794014	1466.3640232657115	1.5
2076.1792030343177	1500.0	36.83234631468621	0.0	914284	1676.357803070812	1.5
2077.4390042063337	1500.0	39.57254514267054	0.0	675709	1259.8011720156708	1.5
2078.754360230647	1500.0	42.25718911835722	0.0	707527	1315.3560243133234	1.5
2082.8457538137054	4000.0	42.16579553529859	0.0	2290706	4091.393583058621	4.0
2087.1117027810947	4000.0	41.89984656790948	0.0	1947068	4265.948967389114	4.0
2092.661050697733	4000.0	40.350498651270804	0.0	2544033	5549.347916638673	4.0
2097.40948264912	4000.0	39.60206669988377	0.0	2125133	4748.431951387035	4.0
2098.9641061985894	1500.0	42.04744315041449	0.0	670327	1554.6235494692846	1.5
2100.7721356766733	1500.0	44.23941367233056	0.0	785519	1808.0294780839247	1.5
2102.350332893854	1500.0	46.661216455149685	0.0	681043	1578.1972171808832	1.5
2105.9250994190843	1500.0	47.086449929919496	0.0	866245	3574.76652523019	1.5
2109.9596531948278	1500.0	47.051896154175786	0.0	691256	4034.5537757437073	1.5
2113.7721651062543	1500.0	47.23938424274973	0.0	725845	3812.5119114260633	1.5
2115.664206273114	1500.0	49.34734307588989	0.0	811013	1892.04116685984	1.5
2117.2136676687096	1500.0	51.79788168029424	0.0	657685	1549.4613955956488	1.5
2119.007502694055	1500.0	54.00404665494897	0.0	767059	1793.8350253452684	1.5
2120.9822618790963	1500.0	56.02928746990757	0.0	848035	1974.7591850414042	1.5
2122.468611182974	1500.0	58.54293816602967	0.0	629438	1486.349303877896	1.5
2125.291339957722	1500.0	59.72020939128192	0.0	763847	1822.728774747754	1.5
2129.318432569058	1500.0	59.69311677994588	0.0	769491	2027.0926113360322	1.5
2133.4445762937544	1500.0	59.566973055249534	0.0	808636	2126.143724696356	1.5

