8506.44194882571	600.0	4.0	0.5360397706956412	247108	536.0397706956412	0.0095534995	-10.120795413912825
8506.703947280095	200.0	7.738001545612883	0.0	98617	261.9984543871184	0.004705182	0.2
8506.980449581213	200.0	11.461499244495197	0.0	106476	276.50230111768576	0.004705182	0.2
8507.27310745865	200.0	15.168841367059992	0.0	115230	292.65787743520536	0.004705182	0.2
8507.533336070941	200.0	18.908612754766605	0.0	97658	260.22861229338963	0.004705182	0.2
8507.793564683234	200.0	22.648384142473212	0.0	97658	260.22861229338963	0.004705182	0.2
8508.08725973612	200.0	26.354689089587875	0.0	115792	293.6950528853363	0.004705182	0.2
8508.365972955722	200.0	30.075975869983967	0.0	107674	278.7132196039079	0.004705182	0.2
8508.621859087885	200.0	33.820089737822535	0.0	95305	255.8861321614358	0.004705182	0.2
8508.896421760179	200.0	37.54552706552707	0.0	105425	274.5626722954658	0.028635262	0.2
8509.152418622816	200.0	41.289530202890525	0.0	95365	255.99686263653874	0.004705182	0.2
8509.40837303877	200.0	45.03357578693611	0.0	95342	255.95441595441596	0.004705182	0.2
8509.677388114264	200.0	48.7645607114433	0.0	102419	269.0150754928083	0.025156688	0.2
8509.9066288031	200.0	52.53532002260747	0.0	80867	229.24068883583053	0.004705182	0.2
8510.139344583347	200.0	56.302604242361326	0.0	82750	232.71578024614462	0.024587449	0.2
8520.999867778144	12000.0	49.44208104756488	0.0	5443841	10860.523194796444	0.004705182	12.0
8521.285243197699	200.0	53.15670562801193	0.0	89871	285.37541955295296	0.004705182	0.2
8530.5480844565	12000.0	47.893864369209375	0.0	4055239	9262.841258802555	0.004705182	12.0
8530.830525938314	200.0	51.61142288739803	0.0	90919	282.4414818113502	0.102933444	0.2
8532.385321229025	1500.0	54.056627596685786	0.0	662349	1554.795290712238	0.55902815	1.5
8543.07038901042	12000.0	47.3715598152908	0.0	5251330	10685.06778139499	0.004812031	12.0
8543.33200651402	200.0	51.109942311690666	0.0	97742	261.61750360013014	0.054330513	0.2
8553.650348916835	12000.0	44.79159990887488	0.0	5141915	10318.342402815793	0.004705182	12.0
8553.910564066638	200.0	48.531384759071244	0.0	85752	260.21514980363315	0.017128717	0.2
8554.189281574158	200.0	52.25266725155151	0.0	94556	278.71750751973525	0.004705182	0.2
8561.135806019647	8000.0	49.306142806061835	0.0	3253093	6946.524445489678	0.004705182	8.0
8572.050886364492	12000.0	42.391062461217786	0.0	5138482	10915.080344844051	0.004705182	12.0
8579.146731655323	8000.0	39.29521717038823	0.0	3354913	7095.845290829559	0.004705182	8.0
8579.426006579793	200.0	43.01594224591693	0.0	93993	279.2749244712991	0.9133029	0.2
8590.745884856588	12000.0	35.69606396912274	0.0	5411094	11319.878276794185	0.004705182	12.0
8591.00782218266	200.0	39.434126643048934	0.0	93982	261.93732607380525	0.9221903	0.2
8597.996767373223	8000.0	36.445181452486324	0.0	3568902	6988.945190562614	0.0047461847	8.0
8604.729072293057	8000.0	33.71287653265129	0.0	3713878	6732.304919835032	0.106435366	8.0
8616.995267628608	12000.0	25.44668119710132	0.0	6041881	12266.195335549975	0.6280894	12.0
8617.307581781311	200.0	29.134367044398633	0.0	108225	312.31415270268457	0.33755642	0.2
8621.49670778851	4000.0	28.945241037199015	0.0	1785821	4189.1260071996185	0.37579796	4.0
8621.820660234893	200.0	32.62128859081631	0.0	102088	323.9524463826991	0.59918916	0.2
8630.43526342686	8000.0	28.006685398850532	0.0	3739359	8614.603191965782	0.032907244	8.0
8640.54723478228	12000.0	21.89471404342995	0.0	5257310	10111.971355420581	0.004705182	12.0
8640.837798267994	200.0	25.60415055771714	0.0	101968	290.5634857128107	0.7913733	0.2
8650.706438136038	12000.0	19.735510689674346	0.0	4828747	9868.639868042794	0.37227017	12.0
8654.161202630461	4000.0	20.280746195250895	0.0	1830641	3454.7644944234494	0.06221256	4.0
8657.369656865874	4000.0	21.072291959837493	0.0	1697030	3208.454235413403	0.03407517	4.0
8661.191549055016	4000.0	21.250399770695633	0.0	1910697	3821.8921891418604	0.031466383	4.0
8669.025214318173	8000.0	17.416734507537736	0.0	3682991	7833.665263157895	0.17836523	8.0
8677.340468463919	8000.0	13.101480361792753	0.0	3954105	8315.254145744986	0.087340735	8.0
8681.209964774123	4000.0	13.231984051588856	0.0	1750852	3869.4963102038937	0.009122636	4.0
8685.964937991614	4000.0	12.477010834097653	0.0	2034636	4754.973217491204	0.6270158	4.0

