17103.605081425467	600.0	4.0	0.7248433448045276	247108	724.8433448045276	0.07522921	-13.896866896090552
17103.94242848074	200.0	7.66265294472624	0.0	98617	337.3470552737593	0.004705182	0.2
17104.300284074172	200.0	11.304797351295809	0.0	106476	357.8555934304307	0.004705182	0.2
17104.680983762657	200.0	14.924097662812127	0.0	115230	380.6996884836821	0.004705182	0.2
17105.015828249143	200.0	18.58925317632476	0.0	97658	334.84448648736804	0.004705182	0.2
17105.35067273563	200.0	22.254408689837394	0.0	97658	334.84448648736804	0.004705182	0.2
17105.732838997268	200.0	25.872242428196305	0.0	115792	382.16626164108754	0.004705182	0.2
17106.093820844508	200.0	29.511260580953472	0.0	107674	360.9818472428359	0.004705182	0.2
17106.422525034483	200.0	33.18255639097745	0.0	95305	328.7041899760247	0.004705182	0.2
17106.777637979536	200.0	36.82744344592501	0.0	105425	355.11294505243586	0.011435498	0.2
17107.10649874316	200.0	40.498582682302285	0.0	95365	328.86076362272274	0.004705182	0.2
17107.435299486886	200.0	44.169781938577465	0.0	95342	328.8007437248218	0.004705182	0.2
17107.78256809224	200.0	47.822513333224606	0.0	102419	347.2686053528616	0.008899093	0.2
17108.073595443697	200.0	51.5314859817657	0.0	80867	291.02735145890756	0.004705182	0.2
17108.3695365981	200.0	55.23554482736125	0.0	82750	295.9411544044493	0.010624884	0.2
17122.275820642746	12000.0	45.32926078271547	0.0	5443841	13906.284044645778	0.03481779	12.0
17122.5798610279	200.0	49.02522039756076	0.0	89871	304.0403851547163	0.004705182	0.2
17134.027934464473	12000.0	41.57714696098785	0.0	4055239	11448.073436572908	0.004705182	12.0
17134.368354084952	200.0	45.236727340508075	0.0	90919	340.41962047977086	0.004705182	0.2
17134.80368482702	200.0	48.801396598442224	0.0	85876	435.33074206585115	0.027944963	0.2
17135.379843208586	200.0	52.225238216876804	0.0	114656	576.1583815654244	0.37375438	0.2
17135.88280853557	200.0	55.72227288989027	0.0	97742	502.9653269865311	0.07200524	0.2
17158.534630025333	12000.0	37.07045140012701	0.0	5141915	22651.82148976326	0.004726518	12.0
17159.0116185384	200.0	40.593462887063154	0.0	85752	476.98851306385814	0.004705182	0.2
17159.529365131377	200.0	44.07571629408263	0.0	94556	517.7465929805272	0.004705182	0.2
17170.2814882987	8000.0	37.3235931267617	0.0	3253093	10752.123167320937	0.004705182	8.0
17183.37887855018	12000.0	28.22620287528087	0.0	5138482	13097.390251480827	0.3948848	12.0
17191.774573597337	8000.0	23.830507828121178	0.0	3354913	8395.69504715969	0.004705182	8.0
17192.086351049755	200.0	27.518730375705367	0.0	93993	311.7774524158126	0.15133405	0.2
17192.40574813691	200.0	31.19933328855117	0.0	97083	319.3970871541959	0.18208309	0.2
17192.717498464408	200.0	34.88758296104867	0.0	93982	311.75032750250443	0.055332396	0.2
17201.993356120376	8000.0	29.61172530508074	0.0	3568902	9275.857655967931	0.028965617	8.0
17203.73631063974	1500.0	31.86877078571907	0.0	633700	1742.9545193616639	0.034434866	1.5
17204.050971708115	200.0	35.55410971734231	0.0	89422	314.6610683767693	0.04869114	0.2
17204.414975578806	200.0	39.19010584664968	0.0	108225	364.0038706926244	0.028078588	0.2
17204.72535657961	200.0	42.87972484584601	0.0	87791	310.38100080366075	0.19756934	0.2
17205.073255744785	200.0	46.53182568066913	0.0	102088	347.8991651768874	0.62979656	0.2
17205.36424916789	200.0	50.24083225756634	0.0	80403	290.99342310278655	0.7189227	0.2
17227.222642423156	12000.0	32.38243900230013	0.0	5257310	21858.39325526621	0.004705182	12.0
17227.736756626768	200.0	35.868324798692015	0.0	101968	514.1142036081103	0.0995623	0.2
17242.867546885704	12000.0	24.73753453975471	0.0	4828747	15130.790258937308	0.6905793	12.0
17247.17914764662	4000.0	24.425933778837866	0.0	1830641	4311.6007609168455	0.0077207023	4.0
17251.032788773467	4000.0	24.572292651991173	0.0	1697030	3853.641126846692	0.18504058	4.0
17255.36155560737	4000.0	24.243525818085708	0.0	1910697	4328.766833905466	0.015813295	4.0
17264.686653391655	8000.0	18.918428033799753	0.0	3682991	9325.097784285957	0.0047585806	8.0
17270.206069557567	4000.0	17.399011867889303	0.0	2042818	5519.416165910445	0.20857058	4.0
17275.04988760025	4000.0	16.555193825205862	0.0	1750852	4843.818042683445	0.004705182	4.0
17280.45126224969	4000.0	15.153819175765992	0.0	2034636	5401.37464943987	0.09576405	4.0

