28343.159380112356	600.0	4.0	0.8088649645128584	247108	808.8649645128584	-15.577299290257168
28344.152930116965	600.0	7.00644999539128	0.0	309722	993.5500046087197	0.6
28346.132008741726	1500.0	9.027371370633238	0.0	643847	1979.0786247580422	1.5
28347.03698284072	600.0	12.12239727163794	0.0	279692	904.9740989952991	0.6
28349.253352275693	1500.0	13.906027836666974	0.0	724296	2216.3694349709654	1.5
28350.309454036225	600.0	16.84992607613605	0.0	330929	1056.1017605309246	0.6
28351.356733601162	600.0	19.80264651119919	0.0	327938	1047.2795649368604	0.6
28353.74331004058	1500.0	21.41607007178032	0.0	780303	2386.5764394188673	1.5
28354.106303136858	200.0	25.053076975499422	0.0	95305	362.99309628089975	0.2
28369.248133651767	12000.0	13.91124646059035	0.0	5088378	15141.830514909072	12.0
28369.609125143794	200.0	17.550254968564275	0.0	95365	360.9914920260764	0.2
28369.970048866675	200.0	21.18933124568114	0.0	95342	360.92372288313504	0.2
28371.835889535527	1500.0	23.323490576829165	0.0	606092	1865.840668851976	1.5
28372.702038112006	600.0	26.457342000349477	0.0	266809	866.1485764796877	0.6
28373.02585970237	200.0	30.13352040998448	0.0	82750	323.82159036499576	0.2
28373.383940067735	200.0	33.77544004462041	0.0	94377	358.08036536407496	0.2
28378.749855096074	4000.0	32.40952501628163	0.0	1835863	5365.915028338782	4.0
28390.754520975042	12000.0	24.40485913731178	0.0	4055239	12004.665878969843	12.0
28391.106214972275	200.0	28.053165140075965	0.0	90919	351.69399723581483	0.2
28393.16551794938	1500.0	29.993862162973876	0.0	662349	2059.3029771020883	1.5
28404.328624600577	8000.0	22.830755511776538	0.0	3690869	11163.106651197339	8.0
28405.338833705428	600.0	25.820546406924855	0.0	310841	1010.2091048516816	0.6
28420.908965260853	12000.0	14.250414851500262	0.0	5141915	15570.131555424594	12.0
28423.06093623846	1500.0	16.09844387389385	0.0	681795	2151.9709776064124	1.5
28423.428291363914	200.0	19.731088748440374	0.0	94556	367.3551254534749	0.2
28433.254310978446	8000.0	13.905069133906142	0.0	3253093	9826.019614534232	8.0
28433.59902818888	200.0	17.56035192347331	0.0	88490	344.7172104328316	0.2
28443.695819351276	8000.0	11.463560761076222	0.0	3354913	10096.791162397089	8.0
28444.05640070541	200.0	15.102979406946481	0.0	93993	360.58135412974127	0.2
28445.040052243596	600.0	18.119327868761424	0.0	302752	983.6515381850543	0.6
28445.83733972168	600.0	21.32204039067571	0.0	240372	797.2874780857175	0.6
28457.876993908198	8000.0	13.282386204160188	0.0	3568902	12039.654186515521	8.0
28459.617229013726	600.0	15.542151098629864	0.0	310713	1740.2351055303234	0.6
28460.175038257647	200.0	18.984341854707875	0.0	89422	557.8092439219878	0.2
28460.83331771263	200.0	22.32606239972524	0.0	108225	658.2794549826343	0.2
28468.112765576156	4000.0	19.046614536201957	0.0	1785821	7279.4478635232845	4.0
28468.493671568824	200.0	22.665708543533903	0.0	102088	380.90599266805447	0.2
28468.810660681433	200.0	26.348719430920376	0.0	80403	316.98911261352544	0.2
28469.146263356306	200.0	30.013116756049794	0.0	86718	335.60267487058564	0.2
28469.526815647077	200.0	33.63256446527736	0.0	101968	380.55229077243337	0.2
28483.836751382234	12000.0	23.322628730120012	0.0	4828747	14309.93573515735	12.0
28485.853113194204	1500.0	25.30626691815041	0.0	657685	2016.3618119696037	1.5
28490.88144385465	4000.0	24.27793625770428	0.0	1697030	5028.3306604461295	4.0
28496.5747427271	4000.0	22.58463738525543	0.0	1910697	5693.298872448848	4.0
28498.60633717714	1500.0	24.553042935212797	0.0	629438	2031.5944500426326	1.5
28501.0546714148	1500.0	26.104708697556802	0.0	763847	2448.3342376559963	1.5
28506.545626705934	4000.0	24.613753406424422	0.0	1750852	5490.95529113238	4.0
28523.162345539316	12000.0	11.997034573039768	0.0	5646381	16616.718833384653	12.0

