6790.717697325124	600.0	4.0	0.8903230037711101	247108	890.32300377111	0.49210122	-17.2064600754222
6791.1210847656885	200.0	7.596612559435973	0.0	98617	403.3874405640269	0.004705182	0.2
6791.550243644193	200.0	11.167453680931299	0.0	106476	429.15887850467294	0.004705182	0.2
6792.008108868	200.0	14.709588457124118	0.0	115230	457.8652238071815	0.004705182	0.2
6792.408351530732	200.0	18.309345794392524	0.0	97658	400.2426627315954	0.004705182	0.2
6792.808594193463	200.0	21.90910313166093	0.0	97658	400.2426627315954	0.004705182	0.2
6793.268302342341	200.0	25.449394982784067	0.0	115792	459.70814887686504	0.004705182	0.2
6793.701389733716	200.0	29.01630759140843	0.0	107674	433.0873913756354	0.004705182	0.2
6796.704698472854	1500.0	30.012998852270865	0.0	891463	3003.3087391375634	0.004705182	1.5
6799.287052957196	1500.0	31.43064436792917	0.0	763093	2582.3544843416958	0.27805856	1.5
6812.988313645836	12000.0	21.729383679288993	0.0	5709459	13701.260688640175	0.67860085	12.0
6813.288220520665	200.0	25.429476804460176	0.0	95342	299.906874828814	0.004705182	0.2
6814.766175226658	1500.0	27.95152209846759	0.0	606092	1477.9547059925903	0.010046959	1.5
6815.032695430207	200.0	31.685001894918454	0.0	80867	266.5202035491358	0.004705182	0.2
6816.852993257767	1500.0	33.86470406735859	0.0	754517	1820.2978275598612	0.004705182	1.5
6819.088983397454	1500.0	35.62871392767083	0.0	934743	2235.9901396877567	0.004705182	1.5
6820.865584472862	1500.0	37.85211285226251	0.0	735572	1776.6010754083238	0.004705182	1.5
6822.629158552045	1500.0	40.088538773079435	0.0	772616	1763.5740791830724	0.004705182	1.5
6834.30729326656	12000.0	32.41040405856414	0.0	5385367	11678.13471451529	0.004705182	12.0
6835.8189348963015	1500.0	34.89876242882243	0.0	662349	1511.6416297417054	0.0051629087	1.5
6843.904912530512	8000.0	30.812784794611833	0.0	3690869	8085.977634210597	0.034758545	8.0
6844.198702277607	200.0	34.518995047516825	0.0	97742	293.7897470950103	0.5363054	0.2
6852.701207742783	8000.0	30.016489582340903	0.0	3805854	8502.505465175918	0.22929451	8.0
6854.428677349367	1500.0	32.28901997575629	0.0	681795	1727.4696065846108	0.019653132	1.5
6866.024771229282	8000.0	24.69292609584178	0.0	4925863	11596.093879914511	0.0048662527	8.0
6867.53157323166	1500.0	27.186124093463263	0.0	644861	1506.802002378516	0.100670524	1.5
6877.516683701149	8000.0	21.20101362397511	0.0	4274504	9985.11046948815	0.6932676	8.0
6877.84646492952	200.0	24.871232395604014	0.0	103756	329.78122837109925	0.261014	0.2
6879.553160484876	1500.0	27.16453684024907	0.0	675709	1706.6955553549399	0.0072076437	1.5
6890.390680508299	8000.0	20.327016816825658	0.0	4435580	10837.520023423413	0.0049918536	8.0
6892.311939726521	1500.0	22.405757598603085	0.0	757473	1921.2592182225726	0.004705182	1.5
6894.060313052046	1500.0	24.657384273077867	0.0	712239	1748.373325525218	0.0050772885	1.5
6902.849720649767	8000.0	19.86797667535724	0.0	3713878	8789.407597720625	0.004705182	8.0
6904.7455660313535	1500.0	21.972131293770776	0.0	755142	1895.845381586462	0.12011302	1.5
6913.783549915895	8000.0	16.93414740922917	0.0	3707853	9037.98388454161	0.011246979	8.0
6915.823519350593	1500.0	18.89417797453131	0.0	785519	2039.969434697856	0.6295995	1.5
6917.602807927591	1500.0	21.11488939753326	0.0	681043	1779.2885769980505	0.5748054	1.5
6926.440261800521	8000.0	16.277435524603295	0.0	3739359	8837.453872929967	0.0061932555	8.0
6931.128186105666	4000.0	15.589511219458409	0.0	2142800	4687.924305144885	0.59131825	4.0
6935.912992208001	4000.0	14.804705117122515	0.0	2094647	4784.806102335894	0.2133657	4.0
6940.581204120879	4000.0	14.13649320424482	0.0	1985434	4668.211912877694	0.49807176	4.0
6942.181072397499	1500.0	16.536624927625724	0.0	657685	1599.8682766190998	0.043589894	1.5
6949.716217990051	8000.0	13.00147933507276	0.0	3735285	7535.145592552963	0.04419887	8.0
6953.5436750357785	4000.0	13.174022289344913	0.0	1910697	3827.457045727845	0.04205058	4.0
6958.177711084805	4000.0	12.539986240318235	0.0	2171279	4634.036049026678	0.38505435	4.0
6962.542313300182	4000.0	12.175384024941685	0.0	2042818	4364.602215376549	0.689105	4.0
6966.37009240689	4000.0	12.347604918234655	0.0	1750852	3827.7791067070316	0.66401446	4.0
6976.5395514855745	8000.0	6.17814583954905	0.0	4346302	10169.459078685604	0.6558366	8.0

