13684.73507746349	600.0	4.0	0.8055611832929604	247108	805.5611832929604	-15.51122366585921
13685.10463776592	200.0	7.630439697570286	0.0	98617	369.56030242971445	0.2
13686.031578968297	600.0	10.703498495191955	0.0	288447	926.9412023783308	0.6
13688.221102568092	1500.0	12.513974895397489	0.0	718451	2189.5235997944656	1.5
13694.384864410587	4000.0	10.350213052901916	0.0	2069289	6163.761842495574	4.0
13696.827241928191	1500.0	11.907835535297412	0.0	689829	2442.3775176045033	1.5
13703.915482334005	4000.0	8.81959512948418	0.0	2046450	7088.2404058132315	4.0
13704.918202828549	600.0	11.816874634940618	0.0	274823	1002.7204945435612	0.6
13711.038751709442	4000.0	9.696325754047772	0.0	1857129	6120.548880892847	4.0
13713.600808996343	1500.0	11.134268467145695	0.0	763093	2562.057286902076	1.5
13720.988320469512	4000.0	7.746756993978361	0.0	2094766	7387.511473167334	4.0
13722.0780831634	600.0	10.656994300089988	0.0	285624	1089.7626938883736	0.6
13724.30079207674	1500.0	12.4342853867487	0.0	606092	2222.708913341288	1.5
13730.275180440598	4000.0	10.459897022891953	0.0	1805063	5974.388363856745	4.0
13732.795206311726	1500.0	11.939871151762516	0.0	754517	2520.025871129437	1.5
13739.74083488319	4000.0	8.994242580299371	0.0	2231719	6945.628571463145	4.0
13740.843266514657	600.0	11.891810948832966	0.0	340687	1102.4316314664065	0.6
13747.797924527093	4000.0	8.937152936398347	0.0	2192675	6954.658012434618	4.0
13749.005187941102	600.0	11.72988952238887	0.0	330105	1207.2634140094765	0.6
13756.32397483216	4000.0	8.411102631332927	0.0	2164412	7318.786891055944	4.0
13757.208103698045	600.0	11.526973765445854	0.0	280646	884.1288658870723	0.6
13762.878037975726	4000.0	9.857039487764581	0.0	1950922	5669.934277681274	4.0
13765.276984985989	1500.0	11.458092477503303	0.0	809327	2398.9470102612777	1.5
13773.868226760958	4000.0	6.866850702532478	0.0	1822097	8591.241774970826	4.0
13774.40769649704	200.0	10.327380966449628	0.0	94556	539.46973608285	0.2
13777.106568415644	1500.0	11.628509047848294	0.0	644861	2698.871918601333	1.5
13784.027367191846	4000.0	8.707710271646203	0.0	2068230	6920.798776202092	4.0
13785.108271810028	600.0	11.626805653462881	0.0	302611	1080.9046181833216	0.6
13794.55166598905	4000.0	6.18341147444038	0.0	2165436	9443.394179022502	4.0
13795.068620052456	200.0	9.666457411034939	0.0	97083	516.9540634054404	0.2
13798.051502864308	1500.0	10.683574599185627	0.0	757473	2982.8828118493116	1.5
13800.581585423646	1500.0	12.153492039846101	0.0	712239	2530.0825593395252	1.5
13809.224291662593	4000.0	7.510785800901047	0.0	2544033	8642.706238945055	4.0
13810.410192341062	600.0	10.324885122431416	0.0	344336	1185.9006784696294	0.6
13812.643075234795	1500.0	12.092002228698227	0.0	670327	2232.882893733189	1.5
13818.65573498666	4000.0	10.079342476834233	0.0	1785821	6012.659751863995	4.0
13821.18453897785	1500.0	11.550538485643617	0.0	681043	2528.8039911906153	1.5
13828.223428362508	4000.0	8.511649100987023	0.0	1955307	7038.889384656593	4.0
13829.357291129278	600.0	11.377786334215493	0.0	309862	1133.862766771533	0.6
13836.561335003098	4000.0	8.173742460395239	0.0	2094647	7204.043873820254	4.0
13837.692379177684	600.0	11.042698285809584	0.0	315398	1131.044174585655	0.6
13843.73137578013	4000.0	9.003701683364158	0.0	1830641	6038.996602445426	4.0
13846.308261829812	1500.0	10.426815633682551	0.0	767059	2576.8860496816064	1.5
13849.002282830983	1500.0	11.732794632511194	0.0	848035	2694.021001171357	1.5
13855.540938689988	4000.0	9.194138773506564	0.0	2171279	6538.65585900463	4.0
13857.88651166722	1500.0	10.84856579627468	0.0	763847	2345.5729772318823	1.5
13860.202510359604	1500.0	12.53256710389155	0.0	769491	2315.998692383132	1.5
13866.194786702636	4000.0	10.540290760860058	0.0	2034636	5992.276343031493	4.0

