26133.459632748716	600.0	4.0	0.9738614577681318	247108	973.8614577681318	-18.877229155362635
26133.896359100676	200.0	7.56327364803762	0.0	98617	436.72635196238025	0.2
26135.019755736597	600.0	10.439877012117922	0.0	288447	1123.3966359196963	0.6
26137.698601820877	1500.0	11.761030927835051	0.0	718451	2678.846084282872	1.5
26144.779102704295	4000.0	8.680530044419436	0.0	2069289	7080.500883415613	4.0
26145.81217059975	600.0	11.647462148962601	0.0	330929	1033.0678954568366	0.6
26151.785899449922	4000.0	9.673733298793403	0.0	2046450	5973.728850169199	4.0
26154.126848741857	1500.0	11.332784006859304	0.0	780303	2340.9492919340973	1.5
26159.62951900976	4000.0	9.830113738956538	0.0	1857129	5502.670267902767	4.0
26161.93769040913	1500.0	11.52194233958432	0.0	763093	2308.1713993722174	1.5
26168.882124870444	4000.0	8.577507878271856	0.0	2094766	6944.434461312466	4.0
26169.926928214547	600.0	11.532704534171533	0.0	285624	1044.803344100323	0.6
26177.520284958664	4000.0	7.939347790055093	0.0	2131310	7593.35674411644	4.0
26178.57843586488	600.0	10.881196883838747	0.0	266809	1058.1509062163464	0.6
26181.42457751417	1500.0	12.03505523454791	0.0	754517	2846.1416492908374	1.5
26188.589985924733	4000.0	8.869646823986084	0.0	2231719	7165.408410561825	4.0
26189.6877025469	600.0	11.77193020181697	0.0	340687	1097.7166221691157	0.6
26196.66128276741	4000.0	8.798349981308213	0.0	2192675	6973.580220508757	4.0
26197.869003489093	600.0	11.59062925962571	0.0	330105	1207.7207216825022	0.6
26205.14760573317	4000.0	8.312027015547464	0.0	2164412	7278.602244078245	4.0
26206.037244217874	600.0	11.422388530846503	0.0	280646	889.638484700961	0.6
26211.74547883319	4000.0	9.714153915531234	0.0	1950922	5708.234615315268	4.0
26214.160314483463	1500.0	11.299318265254463	0.0	809327	2414.8356502767715	1.5
26222.077948015674	4000.0	7.381684733044598	0.0	1822097	7917.633532209866	4.0
26223.666255490607	600.0	9.793377258110489	0.0	346939	1588.3074749341088	0.6
26225.92612750893	1500.0	11.533505239789548	0.0	644861	2259.872018320941	1.5
26232.17132173343	4000.0	9.288311015290246	0.0	2068230	6245.194224499302	4.0
26234.96462361043	1500.0	10.49500913829018	0.0	914284	2793.3018770000645	1.5
26236.961800514957	1500.0	12.497832233764717	0.0	675709	1997.1769045254648	1.5
26242.723741215766	4000.0	10.735891532956092	0.0	2002600	5761.940700808626	4.0
26244.95290563625	1500.0	12.506727112470918	0.0	757473	2229.164420485175	1.5
26251.511453837244	4000.0	9.94817891148146	0.0	1947068	6558.548200989458	4.0
26253.7007111703	1500.0	11.758921578425499	0.0	633700	2189.25733305596	1.5
26260.29859193844	4000.0	9.161040810283408	0.0	2125133	6597.88076814209	4.0
26262.390302183405	1500.0	11.069330565319607	0.0	670327	2091.7102449637996	1.5
26268.26707482255	4000.0	9.192557926173714	0.0	1785821	5876.772639145893	4.0
26270.75374664268	1500.0	10.70588610604429	0.0	681043	2486.6718201294257	1.5
26273.894885852435	1500.0	11.564746896290991	0.0	866245	3141.139209753296	1.5
26280.395430147164	4000.0	9.06420260156129	0.0	2142800	6500.544294729701	4.0
26282.54321734181	1500.0	10.916415406917032	0.0	725845	2147.7871946442565	1.5
26284.93363113	1500.0	12.526001618725308	0.0	811013	2390.4137881917245	1.5
26290.422287679066	4000.0	11.037345069659018	0.0	1830641	5488.656549066289	4.0
26295.55024915818	4000.0	9.90938359054619	0.0	1697030	5127.961479112831	4.0
26298.230604457327	1500.0	11.22902829139684	0.0	848035	2680.3552991493493	1.5
26305.003303848556	4000.0	8.456328900166202	0.0	2171279	6772.699391230638	4.0
26305.971755724957	600.0	11.4878770237695	0.0	288236	968.4518763967019	0.6
26312.439220666027	4000.0	9.020412082696446	0.0	1750852	6467.4649410730535	4.0
26315.486351958312	1500.0	9.973280790413451	0.0	808636	3047.131292282995	1.5

