31022.145271355064	600.0	4.0	1.3419220580255975	247108	1341.9220580255976	-26.238441160511947
31022.72888502842	200.0	7.416386326641345	0.0	98617	583.6136733586543	0.2
31023.352632754315	200.0	10.792638600746864	0.0	106476	623.7477258944815	0.2
31024.02108508587	200.0	14.12418626919026	0.0	115230	668.4523315566053	0.2
31024.599801373253	200.0	17.545469981807155	0.0	97658	578.716287383103	0.2
31025.178517660635	200.0	20.966753694424053	0.0	97658	578.716287383103	0.2
31026.933219393744	600.0	23.21205196131627	0.0	327938	1754.701733107785	0.6
31028.416675395787	600.0	25.728595959273562	0.0	274823	1483.4560020427054	0.6
31029.981328933816	600.0	28.163942421244137	0.0	290723	1564.6535380294276	0.6
31040.39455917848	8000.0	21.750712176583068	0.0	3624869	10413.23024466107	8.0
31040.726860053193	200.0	25.418411301870364	0.0	95365	332.30087471270076	0.2
31041.059100078324	200.0	29.086171276736845	0.0	95342	332.24002513352184	0.2
31042.755783906032	1500.0	31.389487449029406	0.0	606092	1696.6838277074369	1.5
31047.68134671327	4000.0	30.463924641788157	0.0	1805063	4925.562807241246	4.0
31047.98348318291	200.0	34.16178817214737	0.0	82750	302.13646964078987	0.2
31048.93424472176	600.0	37.21102663329865	0.0	324375	950.7615388487158	0.6
31050.988835262502	1500.0	39.15643609255405	0.0	735572	2054.5905407445935	1.5
31062.258628998374	12000.0	31.88664235668601	0.0	4055239	11269.793735868041	12.0
31062.551600815954	200.0	35.593670539103115	0.0	90919	292.97181758290026	0.2
31064.18311007589	1500.0	37.96216127916607	0.0	662349	1631.509259937047	1.5
31072.927896420653	8000.0	33.217374934402585	0.0	3690869	8744.786344763485	8.0
31082.568011173815	8000.0	27.57726018124303	0.0	3905272	9640.114753159558	8.0
31095.429712402693	12000.0	18.71555895236302	0.0	5141915	12861.70122888001	12.0
31096.244465221695	600.0	21.900806133362803	0.0	298925	814.752819000215	0.6
31096.556882341552	200.0	25.588389013505367	0.0	94556	312.41711985743694	0.2
31096.885406629506	200.0	29.25986472555256	0.0	101109	328.52428795280673	0.2
31109.161515087944	12000.0	20.983756267116245	0.0	5138482	12276.108458436314	12.0
31117.759782488745	8000.0	16.38548886631485	0.0	3354913	8598.267400801393	8.0
31118.647285133327	600.0	19.49798622172975	0.0	291029	887.5026445851037	0.6
31120.690422565047	1500.0	21.45484879001207	0.0	707527	2043.1374317176796	1.5
31122.87214249915	1500.0	23.273128855909928	0.0	757473	2181.7199341021415	1.5
31132.667580223184	8000.0	17.477691131873005	0.0	3568902	9795.437724036923	8.0
31133.589595177385	600.0	20.55567617767006	0.0	310713	922.0149542029471	0.6
31133.907744250257	200.0	24.237527104798126	0.0	89422	318.1490728719332	0.2
31134.74529543372	600.0	27.399975921336626	0.0	284451	837.5511834615	0.6
31135.05910082005	200.0	31.086170535005525	0.0	87791	313.8053863311029	0.2
31135.897972952942	600.0	34.24729840211161	0.0	284947	838.8721328939047	0.6
31136.19210258442	200.0	37.95316877063254	0.0	80403	294.1296314790772	0.2
31149.750059136048	12000.0	28.395212219005522	0.0	5257310	13557.956551627014	12.0
31150.524336559145	600.0	31.62093479590628	0.0	284107	774.2774230992454	0.6
31164.69149697204	12000.0	21.45377438301282	0.0	4828747	14167.16041289346	12.0
31166.451836777866	1500.0	23.693434577187578	0.0	657685	1760.3398058252428	1.5
31176.064183529776	8000.0	18.081087825278466	0.0	3735285	9612.34675190911	8.0
31176.85255252222	600.0	21.292718832833543	0.0	278938	788.3689924449243	0.6
31178.531023730397	1500.0	23.614247624656283	0.0	629438	1678.4712081772586	1.5
31179.34300519189	600.0	26.802266163161775	0.0	288236	811.9814614945083	0.6
31190.159880141993	8000.0	19.985391213061487	0.0	4201994	10816.874950100286	8.0
31205.15243297745	12000.0	8.99283837760151	0.0	5646381	14992.552835459977	12.0

