9058.561223013792	600.0	4.0	0.8419587966621057	247108	841.9587966621057	0.073482655	-16.239175933242112
9058.945309043585	200.0	7.615913970205631	0.0	98617	384.08602979436876	0.004705182	0.2
9059.353628340548	200.0	11.20759467324481	0.0	106476	408.3192969608202	0.004705182	0.2
9059.788940641805	200.0	14.772282371986355	0.0	115230	435.3123012584556	0.004705182	0.2
9060.170069590138	200.0	18.391153423654337	0.0	97658	381.1289483320164	0.004705182	0.2
9060.551198538471	200.0	22.010024475322318	0.0	97658	381.1289483320164	0.004705182	0.2
9060.988243769638	200.0	25.572979244155793	0.0	115792	437.04523116652854	0.004705182	0.2
9061.400257105797	200.0	29.160965907995912	0.0	107674	412.01333615987977	0.004705182	0.2
9061.774130566453	200.0	32.78709244733951	0.0	95305	373.87346065640116	0.004705182	0.2
9062.179209099475	200.0	36.3820139143171	0.0	105425	405.07853302241324	0.007431055	0.2
9062.553267570442	200.0	40.00795544335023	0.0	95365	374.0584709668716	0.004705182	0.2
9062.92725512079	200.0	43.633967893002364	0.0	95342	373.98755034785796	0.004705182	0.2
9063.323064637258	200.0	47.23815837653452	0.0	102419	395.80951646784484	0.0061824187	0.2
9063.652418450203	200.0	50.90880456358766	0.0	80867	329.3538129468674	0.004705182	0.2
9063.987578503393	200.0	54.573644510397195	0.0	82750	335.1600531904643	0.007139524	0.2
9064.358590471247	200.0	58.20263254254274	0.0	94377	371.01196785445853	0.36957768	0.2
9066.715708164786	200.0	59.8455148490046	0.0	89871	357.1176935381294	0.009469678	0.2
9079.606090265299	12000.0	50.955132748490826	0.0	4055239	12890.382100513778	0.004705182	12.0
9080.010511317929	200.0	54.55071169585924	0.0	90919	404.42105263157896	0.057043508	0.2
9080.396937722926	200.0	58.16428529086371	0.0	85876	386.4264049955397	0.42036784	0.2
9098.573535816919	12000.0	43.98768719687054	0.0	5251330	18176.598093993165	0.006571608	12.0
9098.979512262986	200.0	47.58171075080488	0.0	97742	405.9764460656592	0.005877654	0.2
9115.203699415797	12000.0	35.357523597993485	0.0	5141915	16224.187152811392	0.03406302	12.0
9115.543175558543	200.0	39.018047455247114	0.0	85752	339.4761427463737	0.004705182	0.2
9115.909291639258	200.0	42.651931374531486	0.0	94556	366.1160807156231	0.004705182	0.2
9125.911864757432	8000.0	36.649358256359754	0.0	3253093	10002.573118171735	0.004705182	8.0
9143.332875818985	12000.0	23.228347194806105	0.0	5138482	17421.011061553647	0.025321685	12.0
9153.731127771885	8000.0	16.830095241904463	0.0	3354913	10398.251952901644	0.0048039467	8.0
9154.095336030414	200.0	20.465886983376638	0.0	93993	364.20825852782764	0.010301107	0.2
9154.468887575345	200.0	24.09233543844609	0.0	97083	373.551544930549	0.0058933897	0.2
9154.833062572981	200.0	27.728160440808367	0.0	93982	364.17499763772094	0.015740035	0.2
9166.441189176345	8000.0	20.120033837445124	0.0	3568902	11608.12660336324	0.19178502	8.0
9168.697543602377	1500.0	21.86367941141267	0.0	633700	2256.354426032455	0.18889931	1.5
9169.08465101201	200.0	25.476572001779285	0.0	89422	387.107409633382	0.008924399	0.2
9169.536334707384	200.0	29.024888306407085	0.0	108225	451.6836953721989	0.005824764	0.2
9169.917840674585	200.0	32.64338233920523	0.0	87791	381.50596720185456	0.10108035	0.2
9170.348447697852	200.0	36.21277531593744	0.0	102088	430.6070232677943	0.12571196	0.2
9170.704580607613	200.0	39.85664240617527	0.0	80403	356.1329097621705	0.040181898	0.2
9187.22582518353	12000.0	27.335397830259677	0.0	5257310	16521.244575915593	0.78852844	12.0
9187.629976899172	200.0	30.931246114617228	0.0	101968	404.1517156424471	0.042940747	0.2
9198.788683688552	8000.0	23.772539325236743	0.0	3189942	11158.706789380483	0.33905113	8.0
9205.1479410221	4000.0	21.413281991688894	0.0	1830641	6359.257333547848	0.022782365	4.0
9210.892141952489	4000.0	19.669081061301096	0.0	1697030	5744.2009303878	0.005293806	4.0
9220.124642042092	4000.0	14.436580971696204	0.0	1910697	9232.500089604891	0.014363026	4.0
9222.561116320643	1500.0	16.000106693146204	0.0	629438	2436.4742785499975	0.005600338	1.5
9228.986626425674	4000.0	13.574596588116016	0.0	2042818	6425.510105030189	0.35041773	4.0
9234.486359447874	4000.0	12.07486356591661	0.0	1750852	5499.733022199406	0.004705182	4.0
9240.847069433983	4000.0	9.714153579807643	0.0	2034636	6360.709986108967	0.15509702	4.0

