15510.642208609179	600.0	4.0	0.8419587966621057	247108	841.9587966621057	-16.239175933242112
15511.026294638972	200.0	7.615913970205631	0.0	98617	384.08602979436876	0.2
15511.995722456044	600.0	10.646486153134575	0.0	288447	969.4278170710555	0.6
15514.291069832174	1500.0	12.351138777004758	0.0	718451	2295.3473761298155	1.5
15520.841689783825	4000.0	9.800518825353937	0.0	2069289	6550.619951650822	4.0
15523.395746988164	1500.0	11.246461621014296	0.0	689829	2554.05720433964	1.5
15530.867586244765	4000.0	7.77462236441339	0.0	2046450	7471.839256600906	4.0
15532.046493627182	600.0	10.595714981997236	0.0	274823	1178.9073824161544	0.6
15535.691098015646	1500.0	10.951110593533198	0.0	891463	3644.6043884640376	1.5
15538.822402059232	1500.0	11.819806549948453	0.0	763093	3131.3040435847456	1.5
15545.935918257457	4000.0	8.706290351722219	0.0	2094766	7113.516198226234	4.0
15546.925621259286	600.0	11.716587349890862	0.0	285624	989.703001831356	0.6
15553.61140516719	4000.0	9.030803441987265	0.0	2131310	6685.783907903597	4.0
15555.92669260509	1500.0	10.715516004088046	0.0	748011	2315.2874378992196	1.5
15558.261421976425	1500.0	12.380786632753392	0.0	754517	2334.7293713346535	1.5
15564.849959246072	4000.0	9.792249363105435	0.0	2231719	6588.537269647956	4.0
15567.038295027663	1500.0	11.603913581513947	0.0	735572	2188.3357815914874	1.5
15573.234703177568	4000.0	9.407505431611051	0.0	2192675	6196.408149902897	4.0
15575.290177456485	1500.0	11.352031152693417	0.0	747396	2055.4742789176335	1.5
15581.091027226861	4000.0	9.551181382316438	0.0	2164412	5800.849770376978	4.0
15583.498383576403	1500.0	11.143825032775887	0.0	835711	2407.35634954055	1.5
15589.056481889875	4000.0	9.585726719302976	0.0	1950922	5558.098313472912	4.0
15591.409034495131	1500.0	11.233174114048593	0.0	809327	2352.552605254383	1.5
15596.233669405863	4000.0	10.408539203316439	0.0	1822097	4824.634910732154	4.0
15598.532326214243	1500.0	12.109882394936895	0.0	855209	2298.656808379544	1.5
15603.931514668206	4000.0	10.710693940974487	0.0	1984579	5399.188453962408	4.0
15606.258300180374	1500.0	12.38390842880697	0.0	794014	2326.785512167516	1.5
15612.202347024957	4000.0	10.43986158422372	0.0	2055338	5944.0468445832485	4.0
15615.002318847439	1500.0	11.639889761742086	0.0	675709	2799.9718224816347	1.5
15623.207029619178	4000.0	7.435178990002572	0.0	2002600	8204.710771739514	4.0
15624.319777202421	600.0	10.322431406758747	0.0	240372	1112.7475832438238	0.6
15627.459880317352	1500.0	11.182328291828565	0.0	712239	3140.103114930183	1.5
15638.116864403753	4000.0	4.52534420542895	0.0	2544033	10656.984086399614	4.0
15638.558549018748	200.0	8.083659590433246	0.0	89422	441.6846149957026	0.2
15639.789066233976	600.0	10.853142375204975	0.0	284451	1230.5172152282728	0.6
15642.919650576447	1500.0	11.722558032735304	0.0	785519	3130.58434246967	1.5
15648.54620612649	4000.0	10.096002482691485	0.0	2096494	5626.555550043819	4.0
15650.917973244568	1500.0	11.724235364613538	0.0	866245	2371.767118077947	1.5
15657.692568845398	4000.0	8.94963976378577	0.0	2142800	6774.595600827768	4.0
15658.729943795377	600.0	11.912264813805777	0.0	284107	1037.374949979992	0.6
15665.39569754364	4000.0	9.246511065542549	0.0	1985434	6665.753748263228	4.0
15667.596065078096	1500.0	11.046143531086193	0.0	657685	2200.3675344563553	1.5
15673.147266819049	4000.0	9.494941790133504	0.0	1697030	5551.201740952688	4.0
15676.155628270997	1500.0	10.486580338185426	0.0	848035	3008.3614519480775	1.5
15678.414226925463	1500.0	12.22798168371942	0.0	629438	2258.5986544660045	1.5
15685.906892975452	4000.0	8.735315633730817	0.0	2042818	7492.666049988605	4.0
15687.018749938432	600.0	11.623458670749201	0.0	256094	1111.8569629816168	0.6
15694.792727211076	4000.0	7.84948139810577	0.0	2034636	7773.977272643432	4.0

