3095.3921899204142	600.0	4.0	0.4577290749109113	247108	457.7290749109113	-8.554581498218226
3095.6229357812545	200.0	7.769254139159845	0.0	98617	230.7458608401563	0.2
3096.1438556157837	600.0	11.248334304630701	0.0	288447	520.9198345291437	0.6
3099.3576336440815	4000.0	12.034556276332511	0.0	2050098	3213.7780282981917	4.0
3102.600747018369	4000.0	12.791442902045459	0.0	2069289	3243.1133742870516	4.0
3105.4683149157263	4000.0	13.923875004687995	0.0	1863995	2867.567897357464	4.0
3108.7056541365796	8000.0	14.68653578383478	0.0	4433220	3237.3392208532155	8.0
3111.934660617599	8000.0	15.45752930281491	0.0	4421520	3229.00648101987	8.0
3116.9712794959223	12000.0	14.420910424491726	0.0	6619479	5036.618878323183	12.0
3120.2148417958065	8000.0	15.17734812460791	0.0	3624869	3243.5622998838166	8.0
3125.2777057958933	12000.0	14.114484124520635	0.0	5709459	5062.864000087275	12.0
3128.928651037491	8000.0	14.463538882923167	0.0	4205514	3650.945241597469	8.0
3132.5630020027115	8000.0	14.82918791770279	0.0	4206019	3634.350965220377	8.0
3137.3042526560607	8000.0	14.087937264353439	0.0	5541092	4741.250653349351	8.0
3140.8975440641566	8000.0	14.494645856257472	0.0	4228356	3593.291408095967	8.0
3144.6785082061347	8000.0	14.713681714279438	0.0	4454226	3780.9641419780332	8.0
3149.030582473328	8000.0	14.361607447085579	0.0	4381600	4352.0742671938615	8.0
3153.712733103881	8000.0	13.679456816532799	0.0	4260556	4682.15063055278	8.0
3158.044099161969	8000.0	13.348090758444869	0.0	3873892	4331.36605808793	8.0
3162.976902138881	8000.0	12.41528778153285	0.0	4303587	4932.8029769120185	8.0
3165.7399094965895	4000.0	13.65228042382417	0.0	2379358	2763.00735770868	4.0
3173.6964139748725	8000.0	9.695775945541259	0.0	3905272	7956.50447828291	8.0
3175.587090187188	1500.0	11.805099733225136	0.0	809327	1890.676212316125	1.5
3178.3781699079864	4000.0	13.014020012427045	0.0	1822097	2791.0797207980913	4.0
3184.2702690503356	8000.0	11.121920870077687	0.0	4925863	5892.099142349358	8.0
3186.6919033799595	4000.0	12.700286540453712	0.0	1984579	2421.634329623976	4.0
3188.917911328387	4000.0	14.474278592026177	0.0	2068230	2226.0079484275348	4.0
3192.4062716791373	8000.0	14.985918241275977	0.0	3354913	3488.3603507502016	8.0
3196.3582155997424	8000.0	15.03397432067099	0.0	3811227	3951.943920604987	8.0
3203.23545582095	12000.0	12.15673409946363	0.0	5411094	6877.240221207359	12.0
3206.300161961979	4000.0	13.092027958434127	0.0	2290706	3064.706141029504	4.0
3215.726520605854	8000.0	7.665669314559013	0.0	3568902	9426.358643875114	8.0
3216.7490748300315	600.0	10.643115090381857	0.0	310713	1022.5542241771576	0.6
3218.506360101496	1500.0	12.885829818917527	0.0	755142	1757.2852714643288	1.5
3221.811170021584	4000.0	13.581019898829348	0.0	1828568	3304.8099200881784	4.0
3228.8045459435652	8000.0	10.587643976848366	0.0	4086583	6993.3759219809845	8.0
3229.810906619929	1500.0	13.581283300484543	0.0	681043	1006.3606763638219	1.5
3234.977215608359	8000.0	12.414974312054818	0.0	3739359	5166.308988429724	8.0
3237.971871007963	4000.0	13.420318912450979	0.0	2142800	2994.6553996038397	4.0
3241.869592327015	8000.0	13.52259759339851	0.0	4253567	3897.7213190524685	8.0
3244.791300723681	8000.0	14.600889196732457	0.0	3189942	2921.7083966660543	8.0
3248.4552650955484	8000.0	14.936924824865432	0.0	4074581	3663.9643718670236	8.0
3251.1250091741704	8000.0	16.26718074624306	0.0	3735285	2669.744078622375	8.0
3255.481813320218	12000.0	15.91037660019541	0.0	6168595	4356.804146047649	12.0
3260.185642049831	12000.0	15.206547870581991	0.0	5626380	4703.828729613419	12.0
3267.5115039805805	12000.0	11.880685939832444	0.0	5875126	7325.8619307495455	12.0
3269.5085722866334	4000.0	13.883617633779883	0.0	1750852	1997.0683060525635	4.0
3273.719547218319	8000.0	13.672642702094008	0.0	4346302	4210.974931685874	8.0

