7468.451978329609	600.0	4.0	0.8166051234280391	247108	816.6051234280392	-15.732102468560784
7469.455229750197	600.0	6.9967485794131346	0.0	309722	1003.2514205868654	0.6
7469.852624440462	200.0	10.599353889147647	0.0	106476	397.3946902654867	0.2
7470.76635932635	600.0	13.685619003260364	0.0	279692	913.7348858872846	0.6
7473.005415870365	1500.0	15.44656245924546	0.0	724296	2239.056544014905	1.5
7473.376524952806	200.0	19.07545337680484	0.0	97658	371.10908244061477	0.2
7473.8016897408825	200.0	22.650288588728458	0.0	115792	425.16478807638566	0.2
7474.700910607207	600.0	25.751067722403352	0.0	274823	899.2208663251048	0.6
7480.084812722577	4000.0	24.367165607034057	0.0	1857129	5383.902115369297	4.0
7492.114631342522	12000.0	16.33734698708809	0.0	5088378	12029.818619945969	12.0
7492.818566157057	600.0	19.633412172554003	0.0	329266	703.934814534085	0.6
7496.2369317830935	4000.0	20.215046546517716	0.0	1761739	3418.365626036288	4.0
7497.465431475167	1500.0	22.986546854443244	0.0	606092	1228.4996920744707	1.5
7498.051014875612	600.0	26.40096345399794	0.0	266809	585.5834004453077	0.6
7498.631489554659	600.0	29.820488774951084	0.0	264113	580.4746790468521	0.6
7498.890327017353	200.0	33.561651312257446	0.0	94377	258.8374626936378	0.2
7502.610209212827	4000.0	33.84176911678401	0.0	1835863	3719.8821954734335	4.0
7511.230955055139	12000.0	29.221023274471797	0.0	4055239	8620.745842312212	12.0
7524.325209163284	12000.0	20.126769166327314	0.0	5385367	13094.254108144482	12.0
7525.0908235659745	600.0	23.36115476363646	0.0	310849	765.614402690855	0.6
7535.215261674453	8000.0	17.236716655157586	0.0	3690869	10124.438108478875	8.0
7537.921203791929	1500.0	18.530774537682927	0.0	806394	2705.9421174746612	1.5
7538.329041948806	200.0	22.122936380805815	0.0	100675	407.8381568771116	0.2
7539.382461576762	600.0	25.069516752849612	0.0	298925	1053.4196279562016	0.6
7540.549125829988	600.0	27.90285249962332	0.0	346939	1166.6642532262927	0.6
7550.40638149996	8000.0	22.045596829650975	0.0	3253093	9857.255669972348	8.0
7550.671014539446	200.0	25.78096379016425	0.0	88490	264.6330394867248	0.2
7557.750989501629	8000.0	22.700988827981785	0.0	3354913	7079.974962182464	8.0
7558.4382170849585	600.0	26.0137612446528	0.0	291029	687.2275833289865	0.6
7559.994461412327	1500.0	28.457516917283336	0.0	707527	1556.2443273694646	1.5
7561.58744143646	1500.0	30.864536893150845	0.0	757473	1592.9800241324874	1.5
7562.252803348703	600.0	34.19917498090756	0.0	293409	665.3619122432949	0.6
7575.6168823135595	12000.0	24.835096016051555	0.0	5639869	13364.078964856004	12.0
7576.805743338014	600.0	27.646234991597492	0.0	344336	1188.8610244540607	0.6
7577.801757426773	600.0	30.650220902838306	0.0	284451	996.0140887591829	0.6
7578.76973568983	600.0	33.68224263978105	0.0	275745	967.9782630572608	0.6
7579.178488432107	200.0	37.27348989750471	0.0	102088	408.752742276341	0.2
7580.31301032	600.0	40.13896800961098	0.0	327462	1134.5218878937305	0.6
7591.820623946699	12000.0	32.63135438291246	0.0	5257310	11507.613626698521	12.0
7592.111653166345	200.0	36.34032516326713	0.0	101968	291.0292196453286	0.2
7602.100308020283	12000.0	30.351670309328572	0.0	4828747	9988.654853938559	12.0
7605.71607045389	4000.0	30.73590787572162	0.0	1830641	3615.762433606953	4.0
7609.0737720473235	4000.0	31.378206282288495	0.0	1697030	3357.7015934331243	4.0
7613.174873740295	4000.0	31.27710458931712	0.0	1910697	4101.101692971379	4.0
7614.708667082675	1500.0	33.74331124693758	0.0	629438	1533.7933423795364	1.5
7619.506900186003	4000.0	32.94507814360877	0.0	2042818	4798.233103328811	4.0
7634.501017267437	12000.0	21.950961062174663	0.0	5704199	14994.117081434108	12.0
7648.001917721036	12000.0	12.45006060857601	0.0	5646381	13500.900453598651	12.0

