27628.70763174722	600.0	4.0	0.6251688429877419	247108	625.1688429877419	-11.903376859754838
27629.470939387556	600.0	7.236692359665209	0.0	309722	763.3076403347904	0.6
27630.971392485193	1500.0	9.736239262027219	0.0	643847	1500.4530976379908	1.5
27632.63643667807	1500.0	12.071195069150475	0.0	718451	1665.0441928767427	1.5
27634.314376090395	1500.0	14.39325565682611	0.0	724296	1677.9394123243662	1.5
27635.916274522617	1500.0	16.79135722460461	0.0	689829	1601.8984322215022	1.5
27637.624233652823	1500.0	19.08339809439764	0.0	737903	1707.9591302069687	1.5
27639.240485208156	1500.0	21.467146539061197	0.0	780303	1616.2515553364449	1.5
27642.338428290488	4000.0	22.36920345673167	0.0	1857129	3097.943082329521	4.0
27646.27494213395	4000.0	22.43268961326542	0.0	2373154	3936.5138434662495	4.0
27649.914483684963	4000.0	22.793148062253618	0.0	2094766	3639.5415510118055	4.0
27653.416000484343	4000.0	23.291631262875097	0.0	1761739	3501.5167993785203	4.0
27657.635270245464	4000.0	23.072361501756433	0.0	2131310	4219.269761118664	4.0
27660.960611389146	4000.0	23.747020358075176	0.0	1805063	3325.3411436812557	4.0
27664.690212370308	4000.0	24.01741937691597	0.0	2157416	3729.6009811592057	4.0
27668.545508303992	4000.0	24.1621234432288	0.0	2231719	3855.2959336871713	4.0
27671.705692730884	4000.0	25.001939016335292	0.0	1835863	3160.1844268935088	4.0
27675.45367675531	4000.0	25.253954991911893	0.0	2192675	3747.984024423395	4.0
27679.017449835206	4000.0	25.6901819120131	0.0	2082556	3563.7730798987936	4.0
27684.608856063147	4000.0	24.098775684074976	0.0	2164412	5591.406227938124	4.0
27690.75561690754	4000.0	21.95201483968002	0.0	2379358	6146.760844394956	4.0
27694.63155425553	4000.0	22.07607749168897	0.0	1950922	3875.9373479910496	4.0
27698.309670803832	4000.0	22.397960943386607	0.0	1849252	3678.116548302364	4.0
27701.93495147316	4000.0	22.772680274060797	0.0	1822097	3625.28066932581	4.0
27705.588911975152	4000.0	23.118719772066438	0.0	1836837	3653.960501994358	4.0
27709.530336238215	4000.0	23.177295509005827	0.0	1984579	3941.424263060609	4.0
27715.35239310739	4000.0	21.35523863982581	0.0	2068230	5822.05686918002	4.0
27721.17625880346	4000.0	19.531372943755766	0.0	2055338	5823.865696070043	4.0
27722.747005738915	1500.0	21.96062600830081	0.0	675709	1570.7469354549592	1.5
27727.245135159923	4000.0	21.462496587289543	0.0	2002600	4498.129421011266	4.0
27728.99626955867	1500.0	23.711362188547078	0.0	757473	1751.134398742468	1.5
27734.534208180754	4000.0	22.173423566460595	0.0	1947068	5537.938622086482	4.0
27736.607641521296	1500.0	24.099990225918354	0.0	633700	2073.433340542241	1.5
27742.66104745312	4000.0	22.046584294095247	0.0	2125133	6053.4059318231075	4.0
27746.900547012392	4000.0	21.807084734824297	0.0	1828568	4239.499559270949	4.0
27751.027194133825	4000.0	21.68043761339035	0.0	1785821	4126.647121433947	4.0
27752.355311423787	1500.0	24.35232032342987	0.0	681043	1328.1172899604835	1.5
27756.018715810704	4000.0	24.688915936510448	0.0	1955307	3663.4043869194206	4.0
27760.025730300138	4000.0	24.681901447076854	0.0	2142800	4007.014489433595	4.0
27763.949721150148	4000.0	24.75791059706766	0.0	2094647	3923.9908500091906	4.0
27767.675478718953	4000.0	25.032153028265586	0.0	1985434	3725.7575688020747	4.0
27771.11699729953	4000.0	25.590634447688547	0.0	1830641	3441.5185805770425	4.0
27774.07342835853	4000.0	26.63420338869025	0.0	1697030	2956.4310589982974	4.0
27777.36054017834	4000.0	27.347091568877612	0.0	1910697	3287.1118198126373	4.0
27783.75683092146	8000.0	24.950800825757963	0.0	3682991	6396.290743119646	8.0
27787.503215809513	4000.0	25.20441593770663	0.0	2042818	3746.3848880513306	4.0
27790.725589390524	4000.0	25.98204235669528	0.0	1750852	3222.373581011352	4.0
27794.2609226596	4000.0	26.446709087622136	0.0	2034636	3535.3332690731454	4.0

