13068.098044030008	600.0	4.0	0.6888090911890611	247108	688.8090911890611	-13.176181823781222
13068.941117541759	600.0	7.156926488251054	0.0	309722	843.0735117489452	0.6
13070.607387136166	1500.0	9.490656893843738	0.0	643847	1666.2695944073173	1.5
13072.457461356238	1500.0	11.64058267377044	0.0	718451	1850.0742200732961	1.5
13074.321936118333	1500.0	13.776107911675034	0.0	724296	1864.4747620954083	1.5
13078.867787434046	4000.0	13.230256595961356	0.0	1863995	4545.851315713679	4.0
13083.412363381687	4000.0	12.685680648320231	0.0	2046450	4544.575947641124	4.0
13087.983476553216	4000.0	12.11456747679037	0.0	2058614	4571.113171529861	4.0
13095.841091422131	4000.0	8.256952607875514	0.0	1857129	7857.614868914856	4.0
13098.703315108714	1500.0	9.39472892129259	0.0	763093	2862.223686582923	1.5
13100.503105532478	1500.0	11.594938497529437	0.0	769316	1799.790423763151	1.5
13102.247232507736	1500.0	13.850811522273405	0.0	744416	1744.1269752560324	1.5
13103.682138966875	1500.0	16.415905063133785	0.0	606092	1434.9064591396198	1.5
13105.434302492227	1500.0	18.663741537782048	0.0	748011	1752.1635253517388	1.5
13107.201010049546	1500.0	20.897033980462947	0.0	754517	1766.7075573191007	1.5
13112.765584289078	4000.0	19.332459740932183	0.0	2231719	5564.574239530764	4.0
13117.517660126903	4000.0	18.58038390310552	0.0	1835863	4752.075837826661	4.0
13128.072139334388	4000.0	12.025904695621893	0.0	2192675	10554.479207483628	4.0
13130.357374068228	1500.0	13.740669961782158	0.0	747396	2285.234733839735	1.5
13132.003257220804	1500.0	16.094786809206727	0.0	662349	1645.8831525754308	1.5
13134.058991728327	1500.0	18.03905230168582	0.0	835711	2055.7345075209078	1.5
13136.045416859091	1500.0	20.052627170919543	0.0	806394	1986.4251307662757	1.5
13138.03877600091	1500.0	22.05926802910093	0.0	809327	1993.3591418186118	1.5
13139.933536224582	1500.0	24.164507805430272	0.0	681795	1894.7602236706582	1.5
13146.551195164831	4000.0	21.54684886518024	0.0	1836837	6617.658940250033	4.0
13153.905622912751	4000.0	18.19242111725955	0.0	1984579	7354.427747920689	4.0
13162.019486098636	4000.0	14.078557931374617	0.0	2068230	8113.863185884932	4.0
13170.331671165597	4000.0	9.76637286441326	0.0	2055338	8312.185066961358	4.0
13172.02636499438	1500.0	12.071679035630178	0.0	675709	1694.6938287830817	1.5
13173.797092039007	1500.0	14.300951991003855	0.0	707527	1770.7270446263221	1.5
13175.687171494174	1500.0	16.41087253583927	0.0	757473	1890.0794551645859	1.5
13177.469158470694	1500.0	18.62888555931737	0.0	712239	1781.986976521895	1.5
13179.063466374391	1500.0	21.034577655619422	0.0	633700	1594.307903697951	1.5
13184.109916258461	4000.0	19.9881277715499	0.0	2125133	5046.449884069519	4.0
13188.440114262443	4000.0	19.657929767569485	0.0	1828568	4330.1980039804175	4.0
13192.936157767366	4000.0	19.161886262645297	0.0	1785821	4496.043504924188	4.0
13198.431705716996	4000.0	17.666338313016627	0.0	2096494	5495.547949628673	4.0
13203.600243288633	4000.0	16.49780074137941	0.0	1955307	5168.537571637213	4.0
13209.282426330838	4000.0	14.815617699172838	0.0	2142800	5682.183042206572	4.0
13215.377580092922	4000.0	12.720463937089237	0.0	2094647	6095.153762083603	4.0
13221.212436330732	4000.0	10.885607699279522	0.0	1985434	5834.856237809714	4.0
13225.84259105639	4000.0	10.255452973622402	0.0	1830641	4630.154725657118	4.0
13230.140648596935	4000.0	9.957395433076824	0.0	1697030	4298.057540545579	4.0
13237.460432206803	4000.0	6.637611823209942	0.0	1910697	7319.783609866883	4.0
13240.069311274701	1500.0	8.028732755311188	0.0	629438	2608.8790678987543	1.5
13242.23901999151	1500.0	9.859024038503222	0.0	763847	2169.7087168079665	1.5
13243.988673227925	1500.0	12.109370802088298	0.0	769491	1749.653236414923	1.5
13248.48345726351	4000.0	11.61458676650333	0.0	2034636	4494.7840355849685	4.0

