14232.644337097556	600.0	4.0	0.7688147877140717	247108	768.8147877140717	-14.776295754281435
14232.999232479007	200.0	7.645104618547362	0.0	98617	354.89538145263856	0.2
14233.88327993628	600.0	10.761057161274586	0.0	288447	884.0474572727749	0.6
14235.965965697356	1500.0	12.678371400198609	0.0	718451	2082.685761075977	1.5
14241.814119149507	4000.0	10.830217948047874	0.0	2069289	5848.153452150735	4.0
14243.81895862685	1500.0	12.825378470703447	0.0	689829	2004.8394773444277	1.5
14249.611011380546	4000.0	11.033325717009467	0.0	2046450	5792.05275369398	4.0
14255.673582993617	4000.0	8.970754103937267	0.0	2058614	6062.5716130721985	4.0
14256.630757369901	600.0	12.013579727652592	0.0	290723	957.1743762846744	0.6
14263.71729433278	4000.0	8.927042764775047	0.0	2373154	7086.536962877545	4.0
14264.662972233431	600.0	11.981364864122698	0.0	329266	945.6779006523491	0.6
14269.37478517196	4000.0	11.269551925594673	0.0	1761739	4711.8129385280245	4.0
14275.197907621307	4000.0	9.446429476247838	0.0	2131310	5823.1224493468335	4.0
14277.372699772954	1500.0	11.271637324601679	0.0	748011	2174.7921516461593	1.5
14283.460220421532	4000.0	9.184116676022624	0.0	2157416	6087.520648579055	4.0
14285.943737978785	1500.0	10.700599118770715	0.0	934743	2483.5175572519083	1.5
14287.915124399035	1500.0	12.729212698521618	0.0	735572	1971.386420249096	1.5
14293.652089252919	4000.0	10.99224784463654	0.0	2192675	5736.96485388508	4.0
14295.768278529085	1500.0	12.876058568469738	0.0	747396	2116.1892761668005	1.5
14301.74495512838	4000.0	10.899381969174673	0.0	2164412	5976.676599295067	4.0
14304.100337785123	1500.0	12.543999312433414	0.0	835711	2355.3826567412584	1.5
14309.481666227235	4000.0	11.162670870321357	0.0	1950922	5381.328442112057	4.0
14314.601880951028	4000.0	10.042456146528039	0.0	1849252	5120.214723793318	4.0
14316.566789545563	1500.0	12.077547551995087	0.0	681795	1964.9085945329512	1.5
14321.724957980437	4000.0	10.919379117119323	0.0	1836837	5158.168434875764	4.0
14323.587757856028	1500.0	13.056579241527519	0.0	644861	1862.7998755918031	1.5
14335.729490544036	8000.0	4.914846553519106	0.0	4274504	12141.732688008413	8.0
14336.067991945469	200.0	8.576345152086532	0.0	103756	338.50140143257556	0.2
14336.87307198284	600.0	11.771265114714996	0.0	291029	805.0800373715355	0.6
14341.942421095267	4000.0	10.701916002288959	0.0	2002600	5069.349112426035	4.0
14343.90961636154	1500.0	12.73472073601677	0.0	757473	1967.1952662721894	1.5
14349.501599206746	4000.0	11.142737890810348	0.0	1947068	5591.98284520642	4.0
14356.715978695562	4000.0	7.928358401994515	0.0	2544033	7214.379488815834	4.0
14357.717679769607	600.0	10.926657327948943	0.0	344336	1001.7010740455718	0.6
14359.591976955675	1500.0	13.052360141881424	0.0	670327	1874.297186067521	1.5
14375.028379814528	8000.0	4.0	2.384042716971622	4086583	15436.402858853045	-39.68085433943244
14375.384186173544	200.0	7.644193640984077	0.0	102088	355.80635901592285	0.2
14376.348874892452	600.0	10.679504922074194	0.0	327462	964.6887189098829	0.6
14378.296408789756	1500.0	12.731971024770782	0.0	691256	1947.5338973034125	1.5
14384.035418296198	4000.0	10.992961518329029	0.0	2094647	5739.009506441755	4.0
14386.434972719031	1500.0	12.5934070954958	0.0	811013	2399.5544228332283	1.5
14392.012805889688	4000.0	11.015573924837343	0.0	1830641	5577.833170658459	4.0
14396.955947569053	4000.0	10.072432245471457	0.0	1697030	4943.141679365887	4.0
14399.265528389666	1500.0	11.762851424859202	0.0	848035	2309.580820612255	1.5
14405.054068738353	4000.0	9.974311076172937	0.0	2171279	5788.540348686265	4.0
14407.198742484428	1500.0	11.829637330097901	0.0	763847	2144.6737460750355	1.5
14412.045640913819	4000.0	10.982738900707256	0.0	1750852	4846.898429390644	4.0
14414.32724657686	1500.0	12.701133237665072	0.0	808636	2281.6056630421836	1.5

