22286.653225749866	600.0	4.0	0.9067419442527656	247108	906.7419442527655	-17.534838885055308
22287.0631657369	200.0	7.590060012964473	0.0	98617	409.9399870355268	0.2
22288.108214353677	600.0	10.54501139619012	0.0	288447	1045.0486167743554	0.6
22290.59191466524	1500.0	12.061311084624554	0.0	718451	2483.7003115655652	1.5
22297.5657524131	4000.0	9.087473336766749	0.0	2069289	6973.837747857806	4.0
22299.906977137034	1500.0	10.74624861283157	0.0	689829	2341.2247239351786	1.5
22302.405786012085	1500.0	12.247439737782914	0.0	737903	2498.8088750486572	1.5
22309.484664326803	4000.0	9.168561423064153	0.0	2058614	7078.8783147187605	4.0
22312.744273323882	1500.0	9.908952425984415	0.0	891463	3259.608997079739	1.5
22315.546021022226	1500.0	11.107204727640715	0.0	763093	2801.7476983436995	1.5
22322.942334200518	4000.0	7.710891549352743	0.0	2094766	7396.313178287973	4.0
22324.01665199169	600.0	10.636573758181967	0.0	285624	1074.3177911707753	0.6
22326.206586936532	1500.0	12.446638813337424	0.0	606092	2189.9349448445423	1.5
22332.63236763345	4000.0	10.020858116421591	0.0	1805063	6425.780696915834	4.0
22335.367539956234	1500.0	11.285685793638033	0.0	754517	2735.172322783557	1.5
22342.982457834303	4000.0	7.670767915567405	0.0	2231719	7614.917878070628	4.0
22344.20047574699	600.0	10.452750002876117	0.0	340687	1218.0179126912878	0.6
22346.861292883048	1500.0	11.791932866818996	0.0	772616	2660.8171360571205	1.5
22354.70640697803	4000.0	7.946818771835739	0.0	2082556	7845.114094983257	4.0
22355.951371726354	600.0	10.701854023516342	0.0	310849	1244.9647483193964	0.6
22358.916082841373	1500.0	11.737142908495429	0.0	835711	2964.7111150209125	1.5
22365.266623620806	4000.0	9.386602129065936	0.0	1950922	6350.540779429491	4.0
22368.031270831896	1500.0	10.621954917974053	0.0	809327	2764.647211091885	1.5
22370.808044706464	1500.0	11.845181043409767	0.0	681795	2776.773874564288	1.5
22378.09757141118	4000.0	8.555654338691046	0.0	1836837	7289.526704718722	4.0
22378.93303332366	600.0	11.720192426211304	0.0	221407	835.4619124797408	0.6
22386.070032385334	4000.0	8.58319336453767	0.0	2068230	7136.999061673633	4.0
22387.182570131645	600.0	11.470655618227	0.0	302611	1112.5377463106713	0.6
22394.888982369408	4000.0	7.764243380462934	0.0	2165436	7706.412237764066	4.0
22396.039297451825	600.0	10.613928298046565	0.0	302752	1150.3150824163683	0.6
22398.88098650435	1500.0	11.772239245522302	0.0	757473	2841.689052524263	1.5
22406.855238841985	4000.0	7.797986907889582	0.0	1947068	7974.25233763272	4.0
22408.195003178196	600.0	10.458222571675913	0.0	310713	1339.7643362136685	0.6
22410.878047423404	1500.0	11.775178326470439	0.0	755142	2683.044245205475	1.5
22417.187200889595	4000.0	9.466024860280694	0.0	1828568	6309.153466189746	4.0
22419.81434857704	1500.0	10.838877172835165	0.0	785519	2627.147687445528	1.5
22421.98745038265	1500.0	12.665775367226253	0.0	681043	2173.101805608913	1.5
22428.07684569575	4000.0	10.576380054125984	0.0	1955307	6089.395313100269	4.0
22430.434091867428	1500.0	12.219133882448432	0.0	691256	2357.246171677552	1.5
22437.64677792953	4000.0	9.006447820346148	0.0	2094647	7212.686062102285	4.0
22440.406938378484	1500.0	10.246287371394498	0.0	811013	2760.16044895165	1.5
22442.60163864576	1500.0	12.05158710411691	0.0	657685	2194.700267277587	1.5
22448.138217090727	4000.0	10.515008659149968	0.0	1697030	5536.578444966943	4.0
22450.909210577713	1500.0	11.74401517216559	0.0	848035	2770.9934869843773	1.5
22457.821966458443	4000.0	8.831259291432366	0.0	2171279	6912.755880733223	4.0
22458.80901075079	600.0	11.844214999087152	0.0	288236	987.0442923452129	0.6
22464.636444208198	4000.0	10.016781541678924	0.0	1750852	5827.433457408229	4.0
22467.38476956705	1500.0	11.268456182827249	0.0	808636	2748.3253588516745	1.5

