15652.891426066664	600.0	4.0	0.8355953063486604	247108	835.5953063486604	0.009386385	-16.111906126973206
15653.272972525405	200.0	7.618453541260558	0.0	98617	381.54645873944116	0.004705182	0.2
15653.678549867453	200.0	11.212876199212628	0.0	106476	405.57734204793024	0.004705182	0.2
15654.110894782027	200.0	14.780531284638611	0.0	115230	432.3449145740168	0.004705182	0.2
15654.489508855337	200.0	18.401917211328975	0.0	97658	378.6140733096358	0.004705182	0.2
15654.868122928647	200.0	22.02330313801934	0.0	97658	378.6140733096358	0.004705182	0.2
15655.302186300585	200.0	25.58923976608187	0.0	115792	434.063371937469	0.004705182	0.2
15655.711426831105	200.0	29.17999923556167	0.0	107674	409.2405305202003	0.004705182	0.2
15656.082846010864	200.0	32.808580055804	0.0	95305	371.4191797576731	0.004705182	0.2
15656.485209654176	200.0	36.40621641249093	0.0	105425	402.3636433130757	0.0075792307	0.2
15656.856812299133	200.0	40.0346137675343	0.0	95365	371.6026449566181	0.004705182	0.2
15657.228344615763	200.0	43.663081450903945	0.0	95342	371.53231663035587	0.004705182	0.2
15657.621516652609	200.0	47.26990941405802	0.0	102419	393.1720368459275	0.006282265	0.2
15657.948787989993	200.0	50.94263807667316	0.0	80867	327.27133738485645	0.004705182	0.2
15658.281817076871	200.0	54.609608989794744	0.0	82750	333.02908687841614	0.0072826114	0.2
15676.124332725612	12000.0	40.767093341052906	0.0	5443841	17842.515648741843	0.3315325	12.0
15676.480037068435	200.0	44.411388998228624	0.0	89871	355.7043428242738	0.004705182	0.2
15689.540081707684	12000.0	35.351344358980235	0.0	4055239	13060.044639248394	0.004705182	12.0
15689.926335181368	200.0	38.96509088529602	0.0	90919	386.2534736842105	0.004705182	0.2
15690.295601707683	200.0	42.59582435898023	0.0	85876	369.2665263157895	0.005624645	0.2
15690.761811391894	200.0	46.129614674769705	0.0	114656	466.2096842105263	0.0049332306	0.2
15691.17104760242	200.0	49.72037846424339	0.0	97742	409.2362105263158	0.109208025	0.2
15710.236332104918	12000.0	34.655093961746275	0.0	5141915	19065.28450249712	0.034940045	12.0
15710.645767371918	200.0	38.24565869474666	0.0	85752	409.43526699961586	0.004705182	0.2
15711.089025151401	200.0	41.802400915261444	0.0	94556	443.25777948520937	0.004705182	0.2
15723.215026533318	8000.0	33.676399533343776	0.0	3253093	12126.001381917666	0.0047736433	8.0
15723.618876575634	200.0	37.27254949102808	0.0	88490	403.85004231569803	0.13850874	0.2
15734.45980754761	8000.0	30.43161851905116	0.0	3354913	10840.930971976923	0.004705182	8.0
15734.842839706875	200.0	34.048586359786235	0.0	93993	383.0321592649311	0.05727598	0.2
15735.2358339843	200.0	37.6555920823622	0.0	97083	392.9942774240348	0.18730223	0.2
15735.618830679712	200.0	41.27259538694832	0.0	93982	382.9966954138793	0.0146164615	0.2
15747.090293756442	8000.0	33.80113231021948	0.0	3568902	11471.463076728842	0.03905595	8.0
15749.12288104244	1500.0	35.76854502422183	0.0	633700	2032.5872859976507	0.019120317	1.5
15749.478412461547	200.0	39.41301360511423	0.0	89422	355.5314191075933	0.0473305	0.2
15749.891880599509	200.0	42.99954546715132	0.0	108225	413.46813796290945	0.23498723	0.2
15750.242386502028	200.0	46.64903956463432	0.0	87791	350.50590251699504	0.18513188	0.2
15750.636945016866	200.0	50.25448104979619	0.0	102088	394.55851483813814	0.72452617	0.2
15750.964686654166	200.0	53.92673941249767	0.0	80403	327.74163729851523	0.7897822	0.2
15771.655739081303	12000.0	37.235686985360296	0.0	5257310	20691.052427137372	0.004705182	12.0
15772.191754957425	200.0	40.69967110923877	0.0	101968	536.0158761215306	0.09167096	0.2
15788.892365516265	12000.0	27.999060550396745	0.0	4828747	16700.610558842025	0.31307647	12.0
15794.802896609506	4000.0	26.088529457156838	0.0	1830641	5910.531093239908	0.0054971594	4.0
15801.345406500219	4000.0	23.546019566444873	0.0	1697030	6542.509890711965	0.015249567	4.0
15808.759804326517	4000.0	20.131621740146148	0.0	1910697	7414.397826298726	0.007967305	4.0
15821.819089569848	8000.0	11.072336496815076	0.0	3682991	13059.28524333107	0.6234606	8.0
15824.40586891103	1500.0	12.485557155632813	0.0	763847	2586.779341182262	0.32024935	1.5
15830.625395589195	4000.0	10.266030477468298	0.0	1750852	6219.526678164515	0.004705182	4.0
15837.739164687015	4000.0	7.152261379649153	0.0	2034636	7113.769097819146	0.6011635	4.0

