32338.25144485262	600.0	4.0	0.9991296261856055	247108	999.1296261856055	0.28907773	-19.38259252371211
32338.698255341744	200.0	7.5531895108796725	0.0	98617	446.8104891203273	0.004705182	0.2
32339.17429774457	200.0	11.077147108052817	0.0	106476	476.0424028268551	0.004705182	0.2
32339.682901054963	200.0	14.568543797656686	0.0	115230	508.6033103961317	0.004705182	0.2
32340.126144499263	200.0	18.12530035335689	0.0	97658	443.24344429979544	0.004705182	0.2
32340.569387943568	200.0	21.682056909057096	0.0	97658	443.24344429979544	0.004705182	0.2
32341.080081638935	200.0	25.171363213687933	0.0	115792	510.69369536916497	0.004705182	0.2
32341.56058005813	200.0	28.69086479449507	0.0	107674	480.4984191928584	0.004705182	0.2
32344.956417885915	1500.0	29.29502696671006	0.0	891463	3395.8378277850106	0.004705182	1.5
32347.874777566034	1500.0	30.376667286591037	0.0	763093	2918.3596801190256	0.009062992	1.5
32350.63705770919	1500.0	31.61438714343297	0.0	769316	2762.280143158067	0.004705182	1.5
32353.30105041974	1500.0	32.95039443288496	0.0	744416	2663.992710548011	0.004705182	1.5
32355.484897341248	1500.0	34.766547511376736	0.0	606092	2183.8469215082223	0.004705182	1.5
32358.161368899368	1500.0	36.090075953256374	0.0	748011	2676.4715581203627	0.004705182	1.5
32360.788209500308	1500.0	37.46323535231621	0.0	754517	2626.8406009401683	0.004705182	1.5
32364.015558560684	1500.0	38.23588629194036	0.0	934743	3227.3490603758496	0.004705182	1.5
32366.572284081	1500.0	39.67916077162218	0.0	735572	2556.7255203181885	0.004705182	1.5
32369.276635703034	1500.0	40.97480914958838	0.0	772616	2704.3516220337983	0.004705182	1.5
32371.975803848116	1500.0	42.27564100450657	0.0	747396	2699.168145081806	0.06358562	1.5
32374.37693401436	1500.0	43.874510838267	0.0	662349	2401.1301662395695	0.65592724	1.5
32387.982475980058	8000.0	34.26896887256514	0.0	3690869	13605.541965701865	0.013407124	8.0
32392.080396496807	1500.0	34.171048355816005	0.0	806394	4097.92051674913	0.004705182	1.5
32396.6501101089	1500.0	33.60133474372253	0.0	809327	4569.713612093475	0.004705182	1.5
32400.03534628733	1500.0	34.216098565291965	0.0	681795	3385.236178430567	0.14295952	1.5
32403.170823588986	1500.0	35.08062126363732	0.0	855209	3135.477301654646	0.004705182	1.5
32405.55477285545	1500.0	36.69667199717459	0.0	644861	2383.94926646272	0.031023335	1.5
32408.471613620917	1500.0	37.77983123170555	0.0	794014	2916.8407654690395	0.06249981	1.5
32411.936363376237	1500.0	38.315081476386226	0.0	914284	3464.749755319328	0.004705182	1.5
32426.17787264375	8000.0	28.073572208874335	0.0	3811227	14241.509267511892	0.004705182	8.0
32428.856268677446	1500.0	29.395176175179106	0.0	707527	2678.396033695228	0.004705182	1.5
32431.391712188233	1500.0	30.859732664393366	0.0	757473	2535.44351078574	0.004705182	1.5
32433.65750012747	1500.0	32.59394472515752	0.0	712239	2265.7879392358445	0.7106784	1.5
32445.43389822863	8000.0	24.817546623996	0.0	3713878	11776.398101161523	0.045713894	8.0
32447.96347085048	1500.0	26.287974002148626	0.0	755142	2529.572621847377	0.004705182	1.5
32450.23355424304	1500.0	28.01789060958846	0.0	670327	2270.0833925601637	0.04178416	1.5
32453.102296587942	1500.0	29.149148264687422	0.0	785519	2868.7423449010385	0.0294898	1.5
32470.202132026883	8000.0	16.049312825744444	0.0	4018228	17099.835438942977	0.21522932	8.0
32474.249465851783	1500.0	16.00197900084574	0.0	866245	4047.333824898706	0.004705182	1.5
32477.494829178533	1500.0	16.75661567409493	0.0	691256	3245.363326750809	0.004705182	1.5
32478.041755711834	200.0	20.20968914079594	0.0	101968	546.9265332989897	0.22029051	0.2
32481.60268780819	1500.0	20.648757044440934	0.0	811013	3560.932096355005	0.612781	1.5
32488.56787057305	4000.0	17.683574279578803	0.0	1830641	6965.182764862133	0.004705182	4.0
32491.37815073358	1500.0	18.873294119050428	0.0	767059	2810.2801605283753	0.006143922	1.5
32494.06068257338	1500.0	20.19076227924684	0.0	848035	2682.5318398035906	0.03564434	1.5
32500.804113599926	4000.0	17.44733125270088	0.0	2171279	6743.431026545957	0.52978265	4.0
32507.76868392151	4000.0	14.482760931119953	0.0	2042818	6964.570321580928	0.012757629	4.0
32513.679668879475	4000.0	12.571775973152016	0.0	1750852	5910.9849579679385	0.24098966	4.0
32520.436900696353	4000.0	9.814544156275453	0.0	2034636	6757.231816876564	0.2139012	4.0

