27093.589280451728	600.0	4.0	0.6852674443525918	247108	685.2674443525918	-13.105348887051836
27093.91083337417	200.0	7.67844707755427	0.0	98617	321.55292244573036	0.2
27094.69735675068	600.0	10.891923701050182	0.0	288447	786.5233765040874	0.6
27095.462435590885	600.0	14.126844860843208	0.0	279692	765.0788402069747	0.6
27096.32220350981	600.0	17.267076941918493	0.0	318350	859.7679189247115	0.6
27096.64140745335	200.0	20.947872998377267	0.0	97658	319.2039435412266	0.2
27097.005028897885	200.0	24.58425155384097	0.0	115792	363.62144453629713	0.2
27098.996306568504	1500.0	26.59297388322464	0.0	780303	1991.2776706163315	1.5
27099.309747063282	200.0	30.279533388444932	0.0	95305	313.4404947797067	0.2
27109.396221993884	12000.0	24.193058457847314	0.0	5088378	10086.474930597617	12.0
27109.639382027246	200.0	27.949898424484754	0.0	95365	243.16003336256125	0.2
27109.882502709894	200.0	31.706777741835424	0.0	95342	243.12068264932955	0.2
27126.248750645726	12000.0	19.34052980600558	0.0	5575398	16366.247935829842	12.0
27126.586309368555	200.0	23.00297108317733	0.0	80867	337.55872282825067	0.2
27127.507500546195	600.0	26.081779905535797	0.0	264113	921.191177641532	0.6
27130.564626113515	1500.0	27.02465433821356	0.0	934743	3057.1255673222395	1.5
27130.930862278816	200.0	30.65841817291377	0.0	89871	366.23616529978506	0.2
27140.47876616145	12000.0	25.11051429028096	0.0	4055239	9547.90388263281	12.0
27142.08270346233	1500.0	27.506576989401644	0.0	747396	1603.937300879317	1.5
27142.337804265182	200.0	31.25147618654705	0.0	85876	255.10080285459412	0.2
27149.804428101714	8000.0	27.784852350012958	0.0	3690869	7466.623836534092	8.0
27150.50178857838	600.0	31.087491873349602	0.0	310841	697.3604766633566	0.6
27161.974144141303	12000.0	23.615136310429836	0.0	5141915	11472.355562919765	12.0
27162.25767348326	200.0	27.331606968472915	0.0	85752	283.5293419569216	0.2
27163.161120940684	600.0	30.42815951104694	0.0	346939	903.4474574259776	0.6
27178.49518585475	8000.0	19.09409459697991	0.0	3253093	15334.064914067028	8.0
27179.678476284214	600.0	21.91080416751642	0.0	324657	1183.290429463489	0.6
27189.04318615605	8000.0	16.54609429568179	0.0	3354913	9364.70987183463	8.0
27189.330227746424	200.0	20.259052705307738	0.0	93993	287.0415903740518	0.2
27190.077109913917	600.0	23.512170537817344	0.0	302752	746.8821674903975	0.6
27190.364127274217	200.0	27.22515317751887	0.0	93982	287.0173602984705	0.2
27197.769869178268	8000.0	23.819411273464734	0.0	3568902	7405.741904054136	8.0
27210.876645584558	12000.0	14.712634867177055	0.0	5639869	13106.77640628768	12.0
27213.971861576174	1500.0	15.617418875562173	0.0	755142	3095.2159916148835	1.5
27216.809679117385	1500.0	16.779601334348797	0.0	670327	2837.817541213375	1.5
27217.2680274447	200.0	20.321253007031018	0.0	87791	458.3483273177827	0.2
27217.787990812692	200.0	23.80128963904093	0.0	102088	519.9633679900878	0.2
27218.214499458925	200.0	27.37478099280918	0.0	80403	426.5086462317513	0.2
27218.668223533696	200.0	30.921056918036783	0.0	86718	453.7240747723967	0.2
27219.1876697439	200.0	34.40161070783369	0.0	101968	519.4462102030923	0.2
27230.970006100546	8000.0	26.619274351185812	0.0	3189942	11782.33635664788	8.0
27233.035807463042	1500.0	28.55347298869029	0.0	657685	2065.8013624955183	1.5
27235.4318505647	1500.0	30.157429887031522	0.0	767059	2396.0431016587727	1.5
27235.804694255137	200.0	33.784586196593516	0.0	96988	372.84369043799893	0.2
27238.070541076784	1500.0	35.51873937494626	0.0	629438	2265.8468216472593	1.5
27240.970530462786	1500.0	36.61874998894289	0.0	763847	2899.989386003369	1.5
27247.367044235318	4000.0	34.22223621640957	0.0	1750852	6396.513772533322	4.0
27261.489004282965	12000.0	24.100276168763813	0.0	5646381	14121.960047645754	12.0

