4593.626317450209	600.0	4.0	0.8938089455159212	247108	893.8089455159212	-17.27617891031842
4594.726335151874	600.0	6.899982298334809	0.0	309722	1100.0177016651917	0.6
4596.926737761841	1500.0	8.69957968836836	0.0	643847	2200.4026099664493	1.5
4597.927856671748	600.0	11.698460778461602	0.0	279692	1001.1189099067575	0.6
4598.329476991613	200.0	15.296840458596629	0.0	97658	401.62031986497334	0.2
4598.731097311477	200.0	18.895220138731656	0.0	97658	401.62031986497334	0.2
4599.192438933032	200.0	22.433878517176794	0.0	115792	461.3416215548649	0.2
4601.842236598882	1500.0	23.7840808513266	0.0	780303	2649.797665850195	1.5
4602.879684265762	600.0	26.746633184447237	0.0	290723	1037.4476668793613	0.6
4617.030429646972	12000.0	16.595887803236256	0.0	5088378	14150.745381210983	12.0
4617.3591362695215	200.0	20.267181180687317	0.0	95365	328.7066225489397	0.2
4622.0336537183	4000.0	19.592663731908974	0.0	1761739	4674.517448778341	4.0
4622.881510802944	600.0	22.74480664726488	0.0	294430	847.8570846440971	0.6
4623.172407446846	200.0	26.453910003363394	0.0	80867	290.89664390148494	0.2
4623.468214850148	200.0	30.158102600061085	0.0	82750	295.8074033023097	0.2
4624.572170056393	600.0	33.054147393816514	0.0	324375	1103.9552062445698	0.6
4631.673014265007	4000.0	29.953303185202333	0.0	1835863	7100.844208614179	4.0
4644.3001394982875	12000.0	21.326177951921352	0.0	4055239	12627.12523328098	12.0
4644.623429515514	200.0	25.002887934695256	0.0	90919	323.2900172260967	0.2
4645.535229893484	600.0	28.091087556724588	0.0	310849	911.8003779706655	0.6
4647.851507718648	1500.0	29.77480973156111	0.0	835711	2316.277825163481	1.5
4648.76328668943	600.0	32.86303076077858	0.0	310841	911.7789707825331	0.6
4658.887508747683	8000.0	26.73880870252618	0.0	3805854	10124.222058252402	8.0
4659.189768552319	200.0	30.436548897889935	0.0	85752	302.2598046362443	0.2
4659.514847361993	200.0	34.111470088215704	0.0	94556	325.07880967423176	0.2
4668.479041621193	8000.0	29.147275829016817	0.0	3253093	8964.194259198888	8.0
4682.671088555313	12000.0	18.95522889489616	0.0	5138482	14192.046934120657	12.0
4683.020427253477	200.0	22.605890196732748	0.0	103756	349.33869816341104	0.2
4684.854490463288	1500.0	24.7718269869203	0.0	675709	1834.0632098124474	1.5
4704.038952183984	12000.0	9.587365266224243	0.0	5411094	19184.461720696057	12.0
4704.41481288246	200.0	13.211504567749081	0.0	93982	375.8606984751599	0.2
4704.867926901152	200.0	16.75839054905749	0.0	118522	453.11401869158885	0.2
4706.093782122249	600.0	19.53253532796011	0.0	310713	1225.855221097382	0.6
4707.58618912612	600.0	22.04012832408901	0.0	344336	1492.4070038711002	0.6
4710.415755101458	1500.0	23.21056234875125	0.0	670327	2829.5659753377604	1.5
4710.855858672612	200.0	26.77045877759735	0.0	87791	440.1035711538955	0.2
4712.104662220693	600.0	29.52165522951624	0.0	284947	1248.8035480811136	0.6
4712.514461487492	200.0	33.111855962717975	0.0	80403	409.799266798267	0.2
4712.9501637973335	200.0	36.67615365287615	0.0	86718	435.70230984182325	0.2
4713.448418982301	200.0	40.17789846790935	0.0	101968	498.25518496680087	0.2
4727.3560088037375	12000.0	30.27030864647286	0.0	4828747	13907.58982143649	12.0
4728.341846124312	600.0	33.28447132589869	0.0	302912	985.8373205741626	0.6
4733.4966966027805	4000.0	32.1296208474298	0.0	1697030	5154.850478468899	4.0
4734.4108413396225	600.0	35.21547611058769	0.0	278938	914.1447368421053	0.6
4743.5110872472715	8000.0	30.115230202939625	0.0	3682991	9100.245907648065	8.0
4745.37885706091	1500.0	32.24746038930047	0.0	763847	1867.7698136391564	1.5
4750.077854503839	4000.0	31.54846294637171	0.0	1750852	4698.997442928757	4.0
4764.309830675528	12000.0	21.316486774682815	0.0	5646381	14231.976171688892	12.0

