7995.236457649046	600.0	4.0	0.8617090434576299	247108	861.7090434576298	-16.634180869152598
8001.973543338477	4000.0	4.0	2.7370856894301867	2104388	6737.085689430187	-50.74171378860373
8004.090308730544	1500.0	5.883234607932303	0.0	643847	2116.7653920676976	1.5
8007.035822416878	1500.0	6.937720921599031	0.0	718451	2945.513686333271	1.5
8010.183898240239	1500.0	7.789645098237812	0.0	724296	3148.07582336122	1.5
8013.185973851802	1500.0	8.787569486673691	0.0	689829	3002.0756115641216	1.5
8016.365067513971	1500.0	9.608475824505751	0.0	737903	3179.0936621679393	1.5
8019.689992270306	1500.0	10.28355106817047	0.0	780303	3324.9247563352824	1.5
8023.4771808343085	1500.0	10.49636250416787	0.0	891463	3787.1885640025994	1.5
8026.780493548987	1500.0	11.193049789489567	0.0	763093	3303.312714678303	1.5
8030.162456100626	1500.0	11.811087237850531	0.0	769316	3381.9625516390365	1.5
8033.437545965962	1500.0	12.535997372514407	0.0	744416	3275.0898653361237	1.5
8035.955288923519	1500.0	14.01825441495684	0.0	606092	2517.7429575575675	1.5
8038.49970206906	1500.0	15.473841269416932	0.0	748011	2544.4131455399065	1.5
8041.0655500222765	1500.0	16.907993316200553	0.0	754517	2565.847953216374	1.5
8044.225174435422	1500.0	17.748368903055017	0.0	934743	3159.6244131455405	1.5
8047.023586224752	1500.0	18.949957113725755	0.0	735572	2798.411789329261	1.5
8050.404570496695	1500.0	19.56897284178258	0.0	772616	3380.9842719431763	1.5
8053.677802892754	1500.0	20.29574044572394	0.0	747396	3273.2323960586396	1.5
8056.598110726061	1500.0	21.375432612416358	0.0	662349	2920.3078333075814	1.5
8060.309465894167	1500.0	21.664077444310333	0.0	835711	3711.355168106024	1.5
8063.893432001386	1500.0	22.08011133709182	0.0	806394	3583.9661072185113	1.5
8067.397386732006	1500.0	22.576156606471294	0.0	809327	3503.9547306205286	1.5
8070.224483181263	1500.0	23.749060157214178	0.0	681795	2827.0964492571147	1.5
8073.750301363081	1500.0	24.223241975395993	0.0	855209	3525.818181818183	1.5
8076.428582904255	1500.0	25.544960434222485	0.0	644861	2678.2815411735087	1.5
8079.685222414816	1500.0	26.288320923661654	0.0	794014	3256.63951056083	1.5
8083.422815613965	1500.0	26.55072772451176	0.0	914284	3737.5931991498937	1.5
8086.205989510703	1500.0	27.767553827774666	0.0	675709	2783.173896737092	1.5
8089.370474888121	1500.0	28.603068450356833	0.0	707527	3164.485377417834	1.5
8092.809463829669	1500.0	29.164079508808648	0.0	757473	3438.9889415481834	1.5
8096.047864095737	1500.0	29.925679242740635	0.0	712239	3238.400266068014	1.5
8098.850038740475	1500.0	31.123504598002857	0.0	633700	2802.174644737782	1.5
8102.125561618021	1500.0	31.84798172045723	0.0	755142	3275.522877545623	1.5
8105.042174154387	1500.0	32.931369184091196	0.0	670327	2916.6125363660412	1.5
8108.558969554	1500.0	33.41457378447718	0.0	785519	3516.7953996140177	1.5
8111.793589437041	1500.0	34.17995390143624	0.0	681043	3234.6198830409357	1.5
8115.88607279064	1500.0	34.08747054783773	0.0	866245	4092.483353598518	1.5
8119.019545861889	1500.0	34.953997476589166	0.0	691256	3133.4730712485566	1.5
8122.163394958314	1500.0	35.810148380163895	0.0	725845	3143.8490964252737	1.5
8125.666744912146	1500.0	36.30679842633195	0.0	811013	3503.3499538319484	1.5
8128.261493205784	1500.0	37.71205013269387	0.0	657685	2594.7482936380816	1.5
8130.505461115508	1500.0	39.46808222296981	0.0	767059	2243.967909724059	1.5
8132.977872294209	1500.0	40.99567104426929	0.0	848035	2472.4111787005204	1.5
8134.833594413578	1500.0	43.139948924900516	0.0	629438	1855.7221193687737	1.5
8137.068500875713	1500.0	44.90504246276527	0.0	763847	2234.9064621352377	1.5
8139.454142164113	1500.0	46.51940117436464	0.0	769491	2385.6412884006327	1.5
8142.075025117766	1500.0	47.89851822071185	0.0	808636	2620.882953652789	1.5

