10148.1596940437	600.0	4.0	0.7467444644934991	247108	746.7444644934991	-14.334889289869983
10149.075383009787	600.0	7.084311033912882	0.0	309722	915.6889660871178	0.6
10149.933667972435	600.0	10.226026071265956	0.0	288447	858.2849626469249	0.6
10151.952185654014	1500.0	12.207508389686165	0.0	718451	2018.5176815797906	1.5
10152.295685544399	200.0	15.864008499300155	0.0	97658	343.49989038600984	0.2
10152.639185434784	200.0	19.520508608914145	0.0	97658	343.49989038600984	0.2
10153.031614312169	200.0	23.12807973153004	0.0	115792	392.4288773841043	0.2
10153.853139127088	600.0	26.306554916609045	0.0	274823	821.5248149209937	0.6
10162.809014565613	8000.0	21.35067947808381	0.0	3448932	8955.875438525236	8.0
10175.295956580652	12000.0	12.86373746304492	0.0	5088378	12486.94201503889	12.0
10176.170901051923	600.0	15.988792991775	0.0	329266	874.9444712699179	0.6
10176.940480965008	600.0	19.219213078689535	0.0	285624	769.579913085466	0.6
10178.483879681437	1500.0	21.675814362259494	0.0	606092	1543.398716430043	1.5
10182.938133070305	4000.0	21.221560973391643	0.0	1805063	4454.253388867854	4.0
10183.658164573524	600.0	24.501529470173164	0.0	264113	720.031503218478	0.6
10184.52423045766	600.0	27.63546358603837	0.0	324375	866.0658841347974	0.6
10184.822017053648	200.0	31.337676990051996	0.0	89871	297.7865959863688	0.2
10196.529600153008	12000.0	23.630093890690564	0.0	4055239	11707.583099361433	12.0
10196.897432365118	200.0	27.262261678581343	0.0	90919	367.8322121092204	0.2
10197.961521007775	600.0	30.198173035922064	0.0	310849	1064.0886426592797	0.6
10198.40450003429	200.0	33.75519400940841	0.0	114656	442.9790265136526	0.2
10199.393210820543	600.0	36.76648322315486	0.0	310841	988.7107862535573	0.6
10199.710686863591	200.0	40.449007180106065	0.0	100675	317.4760430487985	0.2
10200.495802594096	600.0	43.663891449603334	0.0	298925	785.1157305027275	0.6
10201.394175585396	600.0	46.76551845830155	0.0	346939	898.3729913017839	0.6
10206.155476484702	4000.0	46.00421755899446	0.0	1984579	4761.300899307093	4.0
10208.108427096528	1500.0	48.05126694717079	0.0	794014	1952.950611823677	1.5
10217.820226515782	8000.0	42.33946752791652	0.0	3354913	9711.79941925427	8.0
10219.906256904433	1500.0	44.253437139264484	0.0	675709	2086.0303886520346	1.5
10236.773845239406	12000.0	31.38584880429036	0.0	5411094	16867.58833497412	12.0
10237.200962506256	200.0	34.95873153743902	0.0	93982	427.11726685133885	0.2
10238.364652256949	600.0	37.7950417867465	0.0	293409	1163.6897506925206	0.6
10239.592253364983	600.0	40.56744067871326	0.0	310713	1227.6011080332412	0.6
10241.621231933532	1500.0	42.53846211016361	0.0	755142	2028.9785685496527	1.5
10243.283754767108	1500.0	44.87593927658681	0.0	670327	1662.5228335767933	1.5
10243.571013705034	200.0	48.58868033866168	0.0	87791	287.25893792513244	0.2
10244.32372289601	600.0	51.835971147685925	0.0	284947	752.7091909757573	0.6
10244.593540079843	200.0	55.566153963851654	0.0	80403	269.8171838342703	0.2
10258.21591161941	12000.0	45.9437824242845	0.0	5257310	13622.371539567153	12.0
10260.305240661937	1500.0	47.854453381757075	0.0	725845	2089.329042527423	1.5
10274.120025791359	12000.0	38.039668252336256	0.0	4828747	13814.785129420823	12.0
10274.47650433439	200.0	41.6831897093034	0.0	101713	356.4785430328565	0.2
10279.169409094677	4000.0	40.990284949016626	0.0	1697030	4692.904760286772	4.0
10283.909810126406	4000.0	40.24988391728645	0.0	1910697	4740.401031730176	4.0
10285.44081766167	1500.0	42.71887638202344	0.0	629438	1531.0075352630138	1.5
10290.230009529925	4000.0	41.92968451376807	0.0	2042818	4789.191868255363	4.0
10304.221794572342	12000.0	31.93789947135221	0.0	5704199	13991.785042415859	12.0
10317.373509397043	12000.0	22.786184646651847	0.0	5646381	13151.714824700366	12.0

