13155.338742788856	600.0	4.0	0.7688147877140717	247108	768.8147877140717	-14.776295754281435
13156.28209441519	600.0	7.0566483736650465	0.0	309722	943.3516263349535	0.6
13158.15682115259	1500.0	9.181921636265441	0.0	643847	1874.7267373996062	1.5
13160.239506913666	1500.0	11.099235875189464	0.0	718451	2082.685761075977	1.5
13162.338485641518	1500.0	13.000257147337063	0.0	724296	2098.978727852402	1.5
13164.341387434233	1500.0	14.997355354622902	0.0	689829	2002.901792714159	1.5
13166.480083436134	1500.0	16.858659352722885	0.0	737903	2138.6960019000217	1.5
13168.738065746898	1500.0	18.60067704195757	0.0	780303	2257.9823107653124	1.5
13171.306317931885	1500.0	20.032424856970742	0.0	891463	2568.252184986829	1.5
13173.51626367792	1500.0	21.822479110935117	0.0	763093	2209.945746035623	1.5
13175.767357332263	1500.0	23.571385456593365	0.0	769316	2251.0936543417533	1.5
13181.162906182893	4000.0	22.175836605964466	0.0	1761739	5395.548850628901	4.0
13183.071617265508	1500.0	24.267125523349293	0.0	606092	1908.711082615173	1.5
13188.223835357732	4000.0	23.11490743112403	0.0	1805063	5152.218092225258	4.0
13190.287546681	1500.0	25.05119610785802	0.0	754517	2063.711323266017	1.5
13192.825092731578	1500.0	26.513650057280433	0.0	934743	2537.5460505775836	1.5
13197.84923348134	4000.0	25.48950930751874	0.0	1835863	5024.140749761694	4.0
13204.069782726085	4000.0	23.26896006277402	0.0	2192675	6220.549244744718	4.0
13209.663453754458	4000.0	21.675289034399487	0.0	2082556	5593.671028374533	4.0
13211.446560865748	1500.0	23.892181923109813	0.0	662349	1783.1071112896745	1.5
13213.675436076677	1500.0	25.66330671218173	0.0	835711	2228.8752109280836	1.5
13218.917231718218	4000.0	24.421511070640737	0.0	1950922	5241.795641540994	4.0
13224.035293323217	4000.0	23.3034494656415	0.0	1849252	5118.061604999234	4.0
13229.072689842826	4000.0	22.266052946033394	0.0	1822097	5037.396519608108	4.0
13234.144009963069	4000.0	21.19473282579087	0.0	1836837	5071.320120242523	4.0
13235.976319876283	1500.0	23.36242291257608	0.0	644861	1832.3099132147893	1.5
13241.762482861704	4000.0	21.576259927154926	0.0	2068230	5786.162985421155	4.0
13244.370136730455	1500.0	22.968606058405573	0.0	914284	2607.6538687493526	1.5
13246.318219807485	1500.0	25.020522981376164	0.0	675709	1948.0830770294087	1.5
13252.157775974425	4000.0	23.18096681443611	0.0	2002600	5839.556166940057	4.0
13254.426016111645	1500.0	24.912726677214838	0.0	757473	2268.2401372212694	1.5
13259.717992778475	4000.0	23.620750010386136	0.0	1947068	5291.976666828704	4.0
13261.376815575111	1500.0	25.961927213749572	0.0	633700	1658.822796636562	1.5
13266.751447776918	4000.0	24.58729501194328	0.0	2125133	5374.632201806291	4.0
13271.990004289179	4000.0	23.348738499681975	0.0	1828568	5238.5565122613025	4.0
13277.18687827066	4000.0	22.151864518198835	0.0	1785821	5196.87398148314	4.0
13279.10716760365	1500.0	24.231575185211305	0.0	681043	1920.2893329875308	1.5
13284.421033833114	4000.0	22.91770895574699	0.0	1955307	5313.866229464316	4.0
13286.35135270085	1500.0	24.987390088011853	0.0	691256	1930.3188677351357	1.5
13295.412486189447	4000.0	19.926256599414643	0.0	2094647	9061.133488597208	4.0
13298.712153825574	1500.0	20.626588963287745	0.0	811013	3299.6676361269	1.5
13300.56899052753	1500.0	22.769752261330733	0.0	657685	1856.8367019570098	1.5
13305.233776843657	4000.0	22.104965945203553	0.0	1697030	4664.786316127181	4.0
13307.604873208245	1500.0	23.73386958061547	0.0	848035	2371.0963645880825	1.5
13309.521074483615	1500.0	25.81766830524541	0.0	629438	1916.2012753700587	1.5
13315.736123661482	4000.0	23.602619127379203	0.0	2042818	6215.049177866206	4.0
13320.732459838076	4000.0	22.606282950784866	0.0	1750852	4996.336176594338	4.0
13322.93845619018	1500.0	24.40028659868075	0.0	808636	2205.9963521041127	1.5

