5219.229753042366	600.0	4.0	1.068086169840556	247108	1068.0861698405558	-20.761723396811117
5219.704083026871	200.0	7.525670015494577	0.0	98617	474.3299845054231	0.2
5220.937467342361	600.0	10.292285700005	0.0	288447	1233.3843154895787	0.6
5222.135843910562	600.0	13.09390913180387	0.0	279692	1198.3765682011294	0.6
5225.112014250943	1500.0	14.117738791423003	0.0	724296	2976.170340380867	1.5
5227.95036482824	1500.0	15.279388214125056	0.0	689829	2838.350577297946	1.5
5231.008085851255	1500.0	16.221667191110694	0.0	737903	3057.7210230143623	1.5
5234.245689230197	1500.0	16.984063812168383	0.0	780303	3237.60337894231	1.5
5237.933116833323	1500.0	17.296636209042358	0.0	891463	3687.427603126028	1.5
5240.653199427316	1500.0	18.576553615049324	0.0	763093	2720.0825939930337	1.5
5243.194616800536	1500.0	20.035136241829036	0.0	769316	2541.417373220285	1.5
5245.656366920517	1500.0	21.573386121848234	0.0	744416	2461.7501199808034	1.5
5247.675551051056	1500.0	23.55420199130912	0.0	606092	2019.1841305391138	1.5
5250.334389731332	1500.0	24.89536331103302	0.0	748011	2658.8386802761024	1.5
5253.345121912338	1500.0	25.884631130027	0.0	754517	3010.7321810060207	1.5
5257.055896820087	1500.0	26.173856222277923	0.0	934743	3710.774907749078	1.5
5259.988093642324	1500.0	27.241659400040653	0.0	735572	2932.1968222372657	1.5
5263.03762353735	1500.0	28.192129505015554	0.0	772616	3049.5298950251026	1.5
5265.990221005461	1500.0	29.23953203690438	0.0	747396	2952.597468111173	1.5
5268.6159424976895	1500.0	30.613810544675406	0.0	662349	2625.7214922289754	1.5
5271.755951950971	1500.0	31.47380109139391	0.0	835711	3140.009453281495	1.5
5278.782597550169	4000.0	28.447155492195066	0.0	1950922	7026.645599198842	4.0
5285.301563775275	4000.0	25.92818926708985	0.0	1849252	6518.966225105217	4.0
5287.744292820109	1500.0	27.48546022225554	0.0	681795	2442.7290448343083	1.5
5295.401646586262	4000.0	23.82810645610224	0.0	1836837	7657.3537661533	4.0
5298.388717475476	1500.0	24.84103556688777	0.0	644861	2987.070889214471	1.5
5302.0426509763265	1500.0	25.187102066037816	0.0	794014	3653.933500849952	1.5
5306.2311001141115	1500.0	24.99865292825205	0.0	914284	4188.449137785766	1.5
5309.347482746252	1500.0	25.882270296111397	0.0	675709	3116.3826321406505	1.5
5311.984332445141	1500.0	27.245420597223035	0.0	707527	2636.8496988883617	1.5
5314.432083001934	1500.0	28.79767004043016	0.0	757473	2447.7505567928733	1.5
5316.738438646055	1500.0	30.49131439630872	0.0	712239	2306.3556441214396	1.5
5318.7992927858595	1500.0	32.43046025650487	0.0	633700	2060.8541398038524	1.5
5325.412823470071	4000.0	29.816929572293763	0.0	2125133	6613.530684211107	4.0
5331.077484668134	4000.0	28.15226837423045	0.0	1828568	5664.661198063317	4.0
5336.777250225527	4000.0	26.45250281683921	0.0	1785821	5699.765557391236	4.0
5339.000411267144	1500.0	28.229341775221712	0.0	681043	2223.1610416174967	1.5
5345.69158079591	4000.0	25.538172246455307	0.0	1955307	6691.169528766408	4.0
5348.194012405521	1500.0	27.035740636844512	0.0	691256	2502.431609610793	1.5
5350.817657410668	1500.0	28.412095631697436	0.0	725845	2623.6450051470747	1.5
5357.17750218093	4000.0	26.052250861435557	0.0	1985434	6359.8447702618805	4.0
5363.50270475251	4000.0	23.727048289855293	0.0	1830641	6325.202571580261	4.0
5370.73524676821	4000.0	20.494506274155384	0.0	1697030	7232.542015699911	4.0
5373.695154032927	1500.0	21.534599009438608	0.0	848035	2959.9072647167764	1.5
5375.747811467358	1500.0	23.48194157500772	0.0	629438	2052.6574344308856	1.5
5378.22170643925	1500.0	25.008046603115766	0.0	763847	2473.8949718919553	1.5
5384.2262985481775	4000.0	23.003454494188386	0.0	1750852	6004.592108927378	4.0
5387.43425735194	1500.0	23.79549569042657	0.0	808636	3207.9588037618164	1.5

