22420.269383809344	600.0	4.0	0.8688208770599737	247108	868.8208770599737	-16.77641754119947
22421.338081786278	600.0	6.931302023063725	0.0	309722	1068.6979769362756	0.6
22422.338865474077	600.0	9.930518335261961	0.0	288447	1000.7836878017638	0.6
22424.712312662938	1500.0	11.557071146402777	0.0	718451	2373.447188859184	1.5
22427.10441832512	1500.0	13.164965484218506	0.0	724296	2392.105662184271	1.5
22429.386498050593	1500.0	14.882885758748653	0.0	689829	2282.079725469853	1.5
22432.06179393019	1500.0	16.207589879154426	0.0	737903	2675.295879594227	1.5
22434.953506652302	1500.0	17.315877157041054	0.0	780303	2891.712722113371	1.5
22438.245768886838	1500.0	18.02361492250735	0.0	891463	3292.262234533703	1.5
22441.1878408809	1500.0	19.081542928446282	0.0	763093	2942.071994061068	1.5
22444.396015929822	1500.0	19.873367879525087	0.0	769316	3208.1750489211922	1.5
22447.502943170668	1500.0	20.766440638680344	0.0	744416	3106.927240844748	1.5
22450.04742053985	1500.0	22.221963269496882	0.0	606092	2544.4773691834607	1.5
22452.36855555535	1500.0	23.90082825399287	0.0	748011	2321.1350155040113	1.5
22454.589332970587	1500.0	25.680050838756667	0.0	754517	2220.777415236204	1.5
22457.32146235064	1500.0	26.947921458702755	0.0	934743	2732.1293800539083	1.5
22463.29522979334	4000.0	24.974154016001506	0.0	1835863	5973.767442701251	4.0
22466.3790340408	1500.0	25.890349768540748	0.0	772616	3083.8042474607573	1.5
22469.364787066024	1500.0	26.90459674331841	0.0	747396	2985.7530252223355	1.5
22471.895885423426	1500.0	28.373498385917273	0.0	662349	2531.0983574011416	1.5
22474.82972415651	1500.0	29.439659652831516	0.0	835711	2933.8387330857563	1.5
22481.528310728165	4000.0	26.74107308117432	0.0	1950922	6698.586571657198	4.0
22484.079443891023	1500.0	28.18993991831794	0.0	809327	2551.1331628563794	1.5
22489.722886507716	4000.0	26.546497301623923	0.0	1822097	5643.442616694019	4.0
22496.630685614873	4000.0	23.63869819446696	0.0	1836837	6907.799107156961	4.0
22499.278254608278	1500.0	24.991129201061458	0.0	644861	2647.5689934054994	1.5
22502.50937096733	1500.0	25.76001284200507	0.0	794014	3231.1163590563892	1.5
22506.190509266777	1500.0	26.078874542561422	0.0	914284	3681.1382994436512	1.5
22508.931959712347	1500.0	27.337424096990055	0.0	675709	2741.4504455713654	1.5
22511.798733381784	1500.0	28.470650427549852	0.0	707527	2866.773669440205	1.5
22515.233960313155	1500.0	29.035423496180098	0.0	757473	3435.2269313697548	1.5
22518.46903769625	1500.0	29.80034611308533	0.0	712239	3235.07738309477	1.5
22521.35620290016	1500.0	30.91318090917603	0.0	633700	2887.1652039093	1.5
22524.58433405028	1500.0	31.68504975905551	0.0	755142	3228.1311501205196	1.5
22527.41390002562	1500.0	32.855483783717744	0.0	670327	2829.5659753377604	1.5
22534.938122179705	4000.0	29.331261629629815	0.0	1785821	7524.222154087933	4.0
22537.942700939202	1500.0	30.326682870135464	0.0	681043	3004.5787594943504	1.5
22541.742586067623	1500.0	30.526797741710116	0.0	866245	3799.885128425347	1.5
22545.347464853745	1500.0	30.921918955589614	0.0	691256	3604.8787861205033	1.5
22549.308340375886	1500.0	30.961043433450932	0.0	725845	3960.87552213868	1.5
22553.196189345443	1500.0	31.073194463896304	0.0	811013	3887.8489695546295	1.5
22555.012909320354	1500.0	33.25647448898254	0.0	657685	1816.719974913766	1.5
22559.57418211664	4000.0	32.695201692692656	0.0	1697030	4561.272796289878	4.0
22564.851669664386	4000.0	31.417714144947187	0.0	1910697	5277.487547745474	4.0
22566.73579850248	1500.0	33.533585306854675	0.0	629438	1884.1288380925084	1.5
22572.671032639555	4000.0	31.598351169776105	0.0	2042818	5935.234137078571	4.0
22577.58277614001	4000.0	30.686607669318217	0.0	1750852	4911.743500457889	4.0
22583.26462361284	4000.0	29.004760196491194	0.0	2034636	5681.847472827023	4.0

