14549.090983584763	600.0	4.0	0.6598020266604098	247108	659.8020266604098	0.047219068	-12.596040533208196
14549.4023736509	200.0	7.68860993386224	0.0	98617	311.39006613776013	0.004705182	0.2
14549.732203687123	200.0	11.358779897640453	0.0	106476	329.8300362217888	0.004705182	0.2
14550.082573677295	200.0	15.008409907465795	0.0	115230	350.3699901746565	0.004705182	0.2
14550.39171359312	200.0	18.699269991641124	0.0	97658	309.13991582466895	0.004705182	0.2
14550.700853508944	200.0	22.390130075816458	0.0	97658	309.13991582466895	0.004705182	0.2
14551.052542148207	200.0	26.038441436553214	0.0	115792	351.6886392632459	0.004705182	0.2
14551.385183112556	200.0	29.705800472203077	0.0	107674	332.64096435013425	0.004705182	0.2
14551.688802065202	200.0	33.40218151955536	0.0	95305	303.61895264771016	0.004705182	0.2
14552.016166086849	200.0	37.074817497910274	0.0	105425	327.36402164508513	0.015115409	0.2
14552.319925820539	200.0	40.77105776422108	0.0	95365	303.75973368919654	0.004705182	0.2
14552.623631588163	200.0	44.467351996597785	0.0	95342	303.70576762329335	0.004705182	0.2
14552.94394247963	200.0	48.147041105131166	0.0	102419	320.3108914666159	0.011840325	0.2
14553.213684820992	200.0	51.87729876376647	0.0	80867	269.74234136469624	0.004705182	0.2
14553.487845340711	200.0	55.60313824404979	0.0	82750	274.16051971667815	0.013634737	0.2
14567.281794951272	12000.0	45.80918863348928	0.0	5443841	13793.949610560516	0.008668068	12.0
14567.602586685618	200.0	49.48839689914227	0.0	89871	320.7917343470034	0.004705182	0.2
14578.75122954521	12000.0	42.33975403954837	0.0	4055239	11148.642859593905	0.004705182	12.0
14579.080540416006	200.0	46.01044316875366	0.0	90919	329.3108707947009	0.004705182	0.2
14579.396022772173	200.0	49.69496081258646	0.0	85876	315.4823561672008	0.04338979	0.2
14592.229049112719	12000.0	40.86193447204112	0.0	5251330	12833.026340545342	0.5091502	12.0
14592.574733595067	200.0	44.516249989692575	0.0	97742	345.684482348544	0.033831585	0.2
14606.78509264988	12000.0	34.30589093488136	0.0	5141915	14210.359054811212	0.09218224	12.0
14607.103810701206	200.0	37.9871728835547	0.0	85752	318.7180513266637	0.004705182	0.2
14607.447037495464	200.0	41.64394608929633	0.0	94556	343.2267942583732	0.004705182	0.2
14616.092291123261	8000.0	36.998692461498635	0.0	3253093	8645.253627797694	0.0049991994	8.0
14629.455377469045	12000.0	27.635606115716737	0.0	5138482	13363.0863457819	0.023873478	12.0
14638.850528393898	8000.0	22.240455190862516	0.0	3354913	9395.150924854219	0.004705182	8.0
14639.194017075655	200.0	25.89696650910486	0.0	93993	343.4886817576564	0.011928244	0.2
14639.546167892111	200.0	29.544815692649603	0.0	97083	352.1508164552527	0.009990115	0.2
14639.88962573779	200.0	33.20135784697016	0.0	93982	343.457845679445	0.033297785	0.2
14651.486542867988	8000.0	25.604440716771993	0.0	3568902	11596.917130198166	0.060628984	8.0
14653.081280606459	1500.0	28.00970297830149	0.0	633700	1594.737738470502	0.08869595	1.5
14653.375026666185	200.0	31.71595691857369	0.0	89422	293.74605972780375	0.044441026	0.2
14653.713717674147	200.0	35.37726591061098	0.0	108225	338.69100796271124	0.020477807	0.2
14654.003565142662	200.0	39.0874184420958	0.0	87791	289.847468515171	0.24097791	0.2
14655.71146719982	1500.0	41.37951638493758	0.0	681043	1707.9020571582234	0.47726852	1.5
14664.999056562143	8000.0	36.09192702261679	0.0	3739359	9287.589362320792	0.7145443	8.0
14679.678558824795	12000.0	25.41242475996424	0.0	5257310	14679.502262652544	0.004705182	12.0
14680.059216350963	200.0	29.03176723379588	0.0	101968	380.65752616836204	0.11012618	0.2
14693.126396282025	12000.0	19.96458730273401	0.0	4828747	13067.17993106187	0.29019883	12.0
14697.935207389548	4000.0	19.155776195210603	0.0	1830641	4808.81110752341	0.025805276	4.0
14702.38981380347	4000.0	18.701169781289654	0.0	1697030	4454.606413920949	0.080636576	4.0
14707.320606688607	4000.0	17.77037689615248	0.0	1910697	4930.792885137173	0.011999887	4.0
14717.872615965012	8000.0	11.218367619747598	0.0	3682991	10552.009276404882	0.08607699	8.0
14724.391950423034	4000.0	8.699033161726984	0.0	2042818	6519.334458020614	0.19126795	4.0
14730.023161583465	4000.0	7.067822001295785	0.0	1750852	5631.211160431199	0.007826104	4.0
14735.73721318195	4000.0	5.353770402811008	0.0	2034636	5714.051598484778	0.12821223	4.0

