32842.05916296745	600.0	4.0	0.891587158223171	247108	891.5871582231711	-17.23174316446342
32842.4630549126	200.0	7.59610805484851	0.0	98617	403.8919451514903	0.2
32842.89275850074	200.0	11.166404466704984	0.0	106476	429.70358814352574	0.2
32843.891362655435	600.0	14.16780031201248	0.0	279692	998.6041546925036	0.6
32845.0169328993	600.0	17.042230068150094	0.0	318350	1125.5702438623862	0.6
32847.362567187825	1500.0	18.696595779620658	0.0	689829	2345.634288529436	1.5
32849.86609292886	1500.0	20.193070038591017	0.0	737903	2503.5257410296413	1.5
32852.44138988265	1500.0	21.617773084794976	0.0	780303	2575.2969537960416	1.5
32855.167514959176	1500.0	22.89164800826862	0.0	891463	2726.125076526353	1.5
32857.51260001938	1500.0	24.54656294806789	0.0	763093	2345.085060200731	1.5
32859.876156778744	1500.0	26.183006188703846	0.0	769316	2363.5567593640426	1.5
32865.217098976114	4000.0	24.842063991331578	0.0	1761739	5340.9421973722665	4.0
32867.11473880218	1500.0	26.9444241652707	0.0	606092	1897.6398260608787	1.5
32872.55325169069	4000.0	25.505911276756876	0.0	1805063	5438.512888513821	4.0
32874.50919717886	1500.0	27.549965788590047	0.0	754517	1955.9454881668298	1.5
32880.13789016908	4000.0	25.921272798364257	0.0	2231719	5628.692990225786	4.0
32886.328966393696	4000.0	23.73019657374803	0.0	1835863	6191.076224616227	4.0
32889.647512934265	1500.0	24.411650033180585	0.0	772616	3318.5465405674463	1.5
32892.81365453674	1500.0	25.24550843071059	0.0	747396	3166.1416024699947	1.5
32894.919690057795	1500.0	27.139472909652223	0.0	662349	2106.0355210583666	1.5
32897.55601636211	1500.0	28.50314660533349	0.0	835711	2636.3263043187335	1.5
32903.96385291625	4000.0	26.095310051201707	0.0	1950922	6407.836554131784	4.0
32907.83861085787	1500.0	26.220552109577046	0.0	809327	3874.757941624663	1.5
32911.115399042144	1500.0	26.94376392530791	0.0	681795	3276.7881842691363	1.5
32914.16532131804	1500.0	27.893841649412977	0.0	855209	3049.9222758949345	1.5
32915.725803439374	1500.0	30.333359528079107	0.0	644861	1560.482121333869	1.5
32917.628713385995	1500.0	32.43044958145683	0.0	794014	1902.9099466222808	1.5
32922.42739099605	4000.0	31.631771971401154	0.0	2055338	4798.6776100556735	4.0
32928.341664878055	4000.0	29.71749808939726	0.0	2165436	5914.273882003894	4.0
32933.98249789369	4000.0	28.076665073759155	0.0	2002600	5640.833015638104	4.0
32940.01808782561	4000.0	26.041075141843844	0.0	2290706	6035.589931915309	4.0
32945.227398215924	4000.0	24.8317647515277	0.0	1947068	5209.310390316148	4.0
32947.032162615615	1500.0	27.027000351840698	0.0	633700	1804.7643996870004	1.5
32952.896214600776	4000.0	25.16294836667416	0.0	2125133	5864.051985166537	4.0
32958.44188487653	4000.0	23.617278090925023	0.0	1828568	5545.670275749138	4.0
32963.97852226099	4000.0	22.080640706462415	0.0	1785821	5536.637384462608	4.0
32966.04221233147	1500.0	24.01695063597833	0.0	681043	2063.690070484086	1.5
32971.80789712357	4000.0	22.251265843887605	0.0	1955307	5765.684792090725	4.0
32973.897946556535	1500.0	24.161216410912903	0.0	691256	2090.0494329747016	1.5
32975.97584061451	1500.0	26.083322352937934	0.0	725845	2077.8940579749697	1.5
32981.45095007257	4000.0	24.60821289487846	0.0	1985434	5475.109458059475	4.0
32986.56391502937	4000.0	23.49524793807979	0.0	1830641	5112.96495679867	4.0
32991.39168212152	4000.0	22.66748084593081	0.0	1697030	4827.767092148978	4.0
32996.88965069758	4000.0	21.169512269868655	0.0	1910697	5497.96857606216	4.0
32998.79051312504	1500.0	23.268649842415616	0.0	629438	1900.8624274530366	1.5
33001.080199071264	1500.0	24.97896389618625	0.0	763847	2289.685946229366	1.5
33006.02495615725	4000.0	24.034206810200303	0.0	1750852	4944.757085985946	4.0
33011.08281113753	4000.0	22.976351829925676	0.0	2034636	5057.8549802746265	4.0

