4912.410699339006	600.0	4.0	0.8712203321993196	247108	871.2203321993196	-16.82440664398639
4912.806463197321	200.0	7.604236141685011	0.0	98617	395.76385831498897	0.2
4913.810047748051	600.0	10.600651590954572	0.0	288447	1003.5845507304383	0.6
4916.190471202124	1500.0	12.220228136882128	0.0	718451	2380.4234540724437	1.5
4922.725760585754	4000.0	9.684938753251949	0.0	2069289	6535.289383630179	4.0
4924.6211000594385	1500.0	11.789599279567737	0.0	689829	1895.3394736842108	1.5
4930.086494796281	4000.0	10.324204542725633	0.0	2046450	5465.394736842105	4.0
4932.22015253223	1500.0	12.190546806776709	0.0	780303	2133.6577359489233	1.5
4937.214980015772	4000.0	11.195719323234414	0.0	1857129	4994.827483542294	4.0
4943.631482603183	4000.0	8.779216735823356	0.0	2373154	6416.502587411059	4.0
4944.62237823912	600.0	11.78832109988726	0.0	329266	990.8956359360951	0.6
4949.576128844279	4000.0	10.834570494727842	0.0	1761739	4953.750605159417	4.0
4951.332847842827	1500.0	13.077851496180225	0.0	606092	1756.7189985476175	1.5
4964.61077410554	8000.0	4.0	0.20007476653406958	5541092	13277.926262714294	3.998504669318608
4964.899097604872	200.0	7.711676500668712	0.0	82750	288.32349933128785	0.2
4965.7957131347275	600.0	10.81506097081268	0.0	324375	896.6155298560302	0.6
4967.727518972191	1500.0	12.883255133349067	0.0	735572	1931.8058374636141	1.5
4973.308041439977	4000.0	11.302732665562417	0.0	2192675	5580.522467786651	4.0
4978.336493382474	4000.0	10.274280723065091	0.0	2082556	5028.451942497327	4.0
4979.990329666186	1500.0	12.620444439353554	0.0	662349	1653.8362837115362	1.5
4986.090149667935	4000.0	10.52062443760449	0.0	2379358	6099.820001749064	4.0
4988.36636128365	1500.0	12.244412821889911	0.0	806394	2276.2116157145774	1.5
4993.4692873905715	4000.0	11.141486714968233	0.0	1849252	5102.92610692168	4.0
4997.863027828254	4000.0	10.747746277284199	0.0	1822097	4393.740437684033	4.0
4999.967700305061	1500.0	12.643073800477902	0.0	855209	2104.6724768062973	1.5
5004.740751353874	4000.0	11.870022751665374	0.0	1984579	4773.051048812527	4.0
5009.693911310284	4000.0	10.91686279525504	0.0	2068230	4953.159956410332	4.0
5011.928145693108	1500.0	12.682628412431725	0.0	914284	2234.2343828233147	1.5
5017.11398468276	4000.0	11.496789422778786	0.0	2165436	5185.838989652941	4.0
5021.91779420657	4000.0	10.692979898969261	0.0	2002600	4803.809523809524	4.0
5023.784550509091	1500.0	12.826223596448253	0.0	757473	1866.7563025210084	1.5
5028.6739181036655	4000.0	11.93685600187332	0.0	1947068	4889.367594574933	4.0
5035.046954381372	4000.0	9.563819724165572	0.0	2544033	6373.036277707749	4.0
5036.98362314818	1500.0	11.627150957358042	0.0	755142	1936.66876680753	1.5
5041.559526029471	4000.0	11.051248076067225	0.0	1828568	4575.902881290818	4.0
5046.253029583146	4000.0	10.357744522392222	0.0	1785821	4693.503553675001	4.0
5048.239011287156	1500.0	12.371762818381447	0.0	681043	1985.981704010775	1.5
5053.791175846111	4000.0	10.819598259426732	0.0	1955307	5552.164558954715	4.0
5055.744442500786	1500.0	12.866331604751485	0.0	691256	1953.2666546752457	1.5
5061.373084410688	4000.0	11.23768969484933	0.0	2094647	5628.641909902154	4.0
5066.530504252602	4000.0	10.08026985293477	0.0	1985434	5157.4198419145605	4.0
5068.185255461019	1500.0	12.425518644518505	0.0	657685	1654.751208416264	1.5
5072.328598920606	4000.0	12.282175184931237	0.0	1697030	4143.343459587268	4.0
5077.016937709969	4000.0	11.593836395568166	0.0	1910697	4688.338789363069	4.0
5082.38604813428	4000.0	10.224725971257463	0.0	2171279	5369.110424310705	4.0
5084.3267353745105	1500.0	12.284038731027875	0.0	763847	1940.6872402295878	1.5
5088.544969570631	4000.0	12.065804534907324	0.0	1750852	4218.234196120551	4.0
5093.394951987699	4000.0	11.215822117840156	0.0	2034636	4849.982417067167	4.0

