34342.104351150054	600.0	4.0	1.0551215902925073	247108	1055.1215902925073	0.32333493	-20.502431805850144
34342.573507170375	200.0	7.530843979677404	0.0	98617	469.1560203225966	0.004705182	0.2
34343.07367586766	200.0	11.030675282395304	0.0	106476	500.16869728209934	0.004705182	0.2
34343.60838903295	200.0	14.495962117101564	0.0	115230	534.7131652937405	0.004705182	0.2
34344.07376070956	200.0	18.03059044048735	0.0	97658	465.371676614216	0.004705182	0.2
34344.53913238618	200.0	21.565218763873133	0.0	97658	465.371676614216	0.004705182	0.2
34345.076063279485	200.0	25.028287870566764	0.0	115792	536.930893306368	0.004705182	0.2
34345.5809594468	200.0	28.523391703250628	0.0	107674	504.8961673161348	0.004705182	0.2
34349.17879301855	1500.0	28.925558131504957	0.0	891463	3597.8335717456716	0.004705182	1.5
34352.034931531816	1500.0	30.06941961824079	0.0	763093	2856.138513264167	0.004705182	1.5
34353.45456150004	1500.0	32.64978965001999	0.0	769316	1419.6299682208005	0.004705182	1.5
34354.83083245037	1500.0	35.27351869969131	0.0	744416	1376.2709503286753	0.4366038	1.5
34355.96623622034	1500.0	38.13811492972047	0.0	606092	1135.4037699708326	0.008705578	1.5
34357.34876723771	1500.0	40.755583912350744	0.0	748011	1382.5310173697271	0.004705182	1.5
34358.74262732216	1500.0	43.361723827896434	0.0	754517	1393.860084454312	0.31908998	1.5
34374.87040653262	12000.0	31.233944617442123	0.0	5443841	16127.779210454311	0.48557532	12.0
34376.5205688967	1500.0	33.58378225335701	0.0	735572	1650.1623640851178	0.004705182	1.5
34378.24980590557	1500.0	35.85454524448502	0.0	772616	1729.2370088719902	0.004705182	1.5
34378.52388288509	200.0	39.580468264963976	0.0	90919	274.0769795210459	0.04477682	0.2
34380.0177424008	1500.0	42.08660874925455	0.0	662349	1493.8595157094255	0.004705182	1.5
34386.99283105578	8000.0	39.111520094276464	0.0	3690869	6975.088654978087	0.004705182	8.0
34394.367486464405	8000.0	35.736864685654666	0.0	3905272	7374.655408621791	0.36282486	8.0
34396.556207152265	1500.0	37.54814399779641	0.0	809327	2188.7206878582597	0.004705182	1.5
34405.17266956595	8000.0	32.931681584103586	0.0	4032749	8616.462413692821	0.014850486	8.0
34412.02728194207	8000.0	30.077069207989368	0.0	4925863	6854.61237611422	0.0057634725	8.0
34418.053992398825	8000.0	28.050358751228394	0.0	3253093	6026.710456760971	0.0064318455	8.0
34419.69187536346	1500.0	30.41247578659407	0.0	794014	1637.882964634326	0.13719308	1.5
34426.77226232037	8000.0	27.332088829677705	0.0	3354913	7080.386956916365	0.004705182	8.0
34437.85900020486	8000.0	20.245350945192353	0.0	3811227	11086.73788448535	0.018560242	8.0
34441.51530398953	1500.0	20.58904716052059	0.0	707527	3656.303784671764	0.004705182	1.5
34444.30333451316	1500.0	21.801016636883972	0.0	757473	2788.0305236366203	0.004705182	1.5
34445.8541050147	1500.0	24.25024613534813	0.0	712239	1550.7705015358406	0.0056824125	1.5
34453.6032472671	8000.0	20.501103882954027	0.0	3713878	7749.142252394104	0.045058522	8.0
34456.05207710415	1500.0	22.052274045899605	0.0	755142	2448.8298370544235	0.009852821	1.5
34458.27678035163	1500.0	23.827570798419202	0.0	670327	2224.703247480403	0.50658923	1.5
34474.14890203394	8000.0	11.95544911610791	0.0	4086583	15872.12168231129	1.0085624	8.0
34475.468119611156	1500.0	14.63623153888915	0.0	681043	1319.21757721876	0.0051877056	1.5
34477.12432849985	1500.0	16.98002265020244	0.0	866245	1656.2088886867125	0.06884981	1.5
34481.103341373426	4000.0	17.001009776618304	0.0	2142800	3979.0128735841336	0.47661173	4.0
34485.37933178879	4000.0	16.725019361251164	0.0	2094647	4275.990415367137	0.012682956	4.0
34490.93573015451	4000.0	15.168620995536681	0.0	1985434	5556.398365714484	0.47248358	4.0
34495.71254756086	4000.0	14.391803589179894	0.0	1830641	4776.817406356788	0.23727778	4.0
34497.45778195388	1500.0	16.646569196159447	0.0	767059	1745.2343930204474	0.1243644	1.5
34507.734501334	8000.0	10.369849816041027	0.0	4340973	10276.719380118418	0.090457655	8.0
34514.05067279951	4000.0	8.053678350542356	0.0	2171279	6316.171465498672	0.4977497	4.0
34522.322455807196	1500.0	4.0	0.2181046571445477	763847	8271.783007686903	0.41171142	-2.862093142890954
34523.706529628114	200.0	6.615926179084074	0.0	95393	1384.0738209159263	0.004705182	0.2
34524.954716052904	200.0	9.367739754293105	0.0	110571	1248.1864247909687	0.725351	0.2

