21370.19252772283	600.0	4.0	0.8301476112776534	247108	830.1476112776534	-16.002952225553067
21372.49589508138	1500.0	5.696632641444997	0.0	732405	2303.367358555003	1.5
21374.530426254303	1500.0	7.662101468523508	0.0	643847	2034.531172921489	1.5
21376.79143335027	1500.0	9.401094372557203	0.0	718451	2261.007095966304	1.5
21379.07018415663	1500.0	11.122343566197396	0.0	724296	2278.7508063598075	1.5
21381.059193233214	1500.0	13.133334489612412	0.0	689829	1989.009076584983	1.5
21383.083473583654	1500.0	15.109054139174365	0.0	737903	2024.2803504380477	1.5
21385.219472529705	1500.0	16.97305519312338	0.0	780303	2135.998946050985	1.5
21387.648363907083	1500.0	18.544163815743758	0.0	891463	2428.89137737962	1.5
21393.929460033578	4000.0	16.26306768925036	0.0	2373154	6281.096126493399	4.0
21399.453946063466	4000.0	14.738581659360822	0.0	2094766	5524.486029889538	4.0
21404.055258690976	4000.0	14.137269031850359	0.0	1761739	4601.312627510462	4.0
21409.590539446057	4000.0	12.601988276771172	0.0	2131310	5535.280755079188	4.0
21414.54383059351	4000.0	11.648697129319107	0.0	1805063	4953.291147452064	4.0
21420.512878789363	4000.0	9.679648933464803	0.0	2157416	5969.048195854303	4.0
21426.90185344229	4000.0	7.2906742805364235	0.0	2231719	6388.974652928379	4.0
21432.10630404695	4000.0	6.086223675878612	0.0	1835863	5204.450604657812	4.0
21434.27030148449	1500.0	7.922226238338573	0.0	772616	2163.9974375400384	1.5
21436.366272353367	1500.0	9.826255369462345	0.0	747396	2095.9708688762266	1.5
21438.232843714504	1500.0	11.959684008324075	0.0	662349	1866.5713611382716	1.5
21440.56702895339	1500.0	13.625498769442116	0.0	835711	2334.1852388819584	1.5
21445.592846915715	4000.0	12.599680807114982	0.0	1950922	5025.817962327134	4.0
21450.331132414085	4000.0	11.861395308744468	0.0	1849252	4738.285498370516	4.0
21454.923678788822	4000.0	11.268848934004502	0.0	1822097	4592.546374739967	4.0
21459.534464100077	4000.0	10.658063622747449	0.0	1836837	4610.785311257054	4.0
21464.79333657471	4000.0	9.399191148119753	0.0	1984579	5258.872474627695	4.0
21470.446672153656	4000.0	7.7458555691723845	0.0	2068230	5653.335578947369	4.0
21475.582551945245	4000.0	6.6099757775838235	0.0	2055338	5135.879791588561	4.0
21480.866675953894	4000.0	5.325851768932057	0.0	2165436	5284.124008651766	4.0
21482.71239382189	1500.0	7.480133900936824	0.0	707527	1845.717867995233	1.5
21484.747257444327	1500.0	9.44527027850348	0.0	757473	2034.8636224333438	1.5
21486.665382514893	1500.0	11.527145207935549	0.0	712239	1918.1250705679306	1.5
21488.380816487504	1500.0	13.811711235323973	0.0	633700	1715.4339726115782	1.5
21493.99211769774	4000.0	12.200410025087855	0.0	2125133	5611.301210236116	4.0
21498.909839145563	4000.0	11.282688577264715	0.0	1828568	4917.72144782314	4.0
21503.690805068843	4000.0	10.501722653984878	0.0	1785821	4780.965923279838	4.0
21509.228204239105	4000.0	8.96432348372538	0.0	2096494	5537.399170259497	4.0
21514.35403797447	4000.0	7.83848974836159	0.0	1955307	5125.833735363791	4.0
21519.888884280073	4000.0	6.303643442754767	0.0	2142800	5534.846305606822	4.0
21525.752467583752	4000.0	4.440060139076012	0.0	2094647	5863.583303678755	4.0
21528.237250385828	1500.0	5.955277337000401	0.0	811013	2484.7828020756115	1.5
21530.2673912309	1500.0	7.925136491929978	0.0	657685	2030.1408450704225	1.5
21532.621843417703	1500.0	9.570684305124937	0.0	767059	2354.452186805041	1.5
21534.910722571127	1500.0	11.281805151701532	0.0	848035	2288.8791534234047	1.5
21536.612671936586	1500.0	13.579855786243824	0.0	629438	1701.9493654577082	1.5
21541.95664926056	4000.0	12.235878462272943	0.0	2042818	5343.977323970882	4.0
21546.71770715749	4000.0	11.4748205653391	0.0	1750852	4761.057896933844	4.0
21552.299883407366	4000.0	9.892644315465862	0.0	2034636	5582.176249873238	4.0

