31137.70165838343	600.0	4.0	0.54129671329732	247108	541.29671329732	-10.2259342659464
31139.14889869658	1500.0	6.552759686847356	0.0	732405	1447.2403131526446	1.5
31140.43082054843	1500.0	9.270837834999824	0.0	643847	1281.9218518475307	1.5
31141.852011788556	1500.0	11.849646594873349	0.0	718451	1421.1912401264744	1.5
31143.28411436822	1500.0	14.41754401521427	0.0	724296	1432.102579659079	1.5
31146.843786281323	4000.0	14.857872102112962	0.0	1863995	3559.6719131013083	4.0
31154.722369667543	4000.0	10.979288715891073	0.0	2046450	7878.58338622189	4.0
31159.824236392153	4000.0	9.877421991281011	0.0	2058614	5101.866724610062	4.0
31162.65757812677	4000.0	11.044080256662776	0.0	1857129	2833.341734618236	4.0
31166.25596804523	4000.0	11.445690338204658	0.0	2373154	3598.3899184581173	4.0
31169.45784678988	4000.0	12.243811593552277	0.0	2094766	3201.8787446523825	4.0
31172.180001169592	4000.0	13.52165721383629	0.0	1761739	2722.154379715986	4.0
31175.45641678566	4000.0	14.2452415977703	0.0	2131310	3276.415616065989	4.0
31178.243545997826	4000.0	15.458112385603641	0.0	1805063	2787.129212166659	4.0
31187.422417010297	4000.0	10.279241373130558	0.0	2157416	9178.871012473082	4.0
31189.294411909363	1500.0	12.407246474062868	0.0	934743	1871.9948990676903	1.5
31190.25428272276	1500.0	15.447375660665738	0.0	735572	959.8708133971293	1.5
31191.258464540944	1500.0	18.44319384248392	0.0	772616	1004.1818181818182	1.5
31192.232478895014	1500.0	21.469179488416934	0.0	747396	974.0143540669856	1.5
31193.104762387833	1500.0	24.596895995593968	0.0	662349	872.2834928229665	1.5
31194.184416694057	1500.0	27.517241689373872	0.0	835711	1079.6543062200958	1.5
31195.229002818458	1500.0	30.47265556497196	0.0	806394	1044.5861244019138	1.5
31196.277097316062	1500.0	33.4245610673643	0.0	809327	1048.0944976076555	1.5
31204.69979636799	12000.0	29.001862015441567	0.0	5735973	8422.699051922737	12.0
31222.42259157079	12000.0	15.27906681263712	0.0	6078444	17722.795202804446	12.0
31229.033363048136	4000.0	12.668295335291939	0.0	1984579	6610.771477345181	4.0
31231.84570400758	4000.0	13.855954375847592	0.0	2068230	2812.3409594443483	4.0
31234.514026046414	4000.0	15.187632337013405	0.0	2055338	2668.3220388341874	4.0
31237.320996365885	4000.0	16.380662017540427	0.0	2165436	2806.9703194729764	4.0
31239.927906274515	4000.0	17.773752108911882	0.0	2002600	2606.909908628544	4.0
31242.932429590084	4000.0	18.769228793345828	0.0	2290706	3004.5233155660526	4.0
31245.49823342654	4000.0	20.203424956889922	0.0	1947068	2565.803836455906	4.0
31250.476156542994	8000.0	19.22550184043752	0.0	3713878	4977.923116452402	8.0
31257.652897725206	8000.0	16.048760658225724	0.0	4271839	7176.741182211794	8.0
31263.681289526456	8000.0	14.020368856975532	0.0	3707853	6028.391801250193	8.0
31270.184181798446	8000.0	11.517476584984685	0.0	4086583	6502.892271990849	8.0
31276.532745984015	8000.0	9.168912399418879	0.0	4018228	6348.564185565805	8.0
31282.038910270938	8000.0	7.662748112495945	0.0	3739359	5506.1642869229345	8.0
31284.855433106688	4000.0	8.846225276744146	0.0	2142800	2816.5228357518	4.0
31287.61046080332	4000.0	10.091197580114036	0.0	2094647	2755.02769663011	4.0
31290.22601497537	4000.0	11.475643408059696	0.0	1985434	2615.55417205434	4.0
31292.46867419348	4000.0	13.232984189954724	0.0	1830641	2242.659218104971	4.0
31294.53709480672	4000.0	15.164563576712979	0.0	1697030	2068.420613241745	4.0
31299.70343988885	8000.0	13.998218494583696	0.0	4340973	5166.345082129284	8.0
31308.21408152429	8000.0	9.487576859141926	0.0	3682991	8510.64163544177	8.0
31313.712237341457	4000.0	7.989421041976194	0.0	2042818	5498.155817165732	4.0
31318.49377332427	4000.0	7.207885059162015	0.0	1750852	4781.535982814179	4.0
31320.745191154558	1500.0	8.956467228872002	0.0	808636	2251.417830290011	1.5

