668.7192930411745	600.0	4.0	1.0505734485467402	247108	1050.57344854674	-20.411468970934802
671.6759819649765	1500.0	5.043311076197957	0.0	732405	2956.6889238020426	1.5
674.2848389956129	1500.0	6.434454045561664	0.0	643847	2608.8570306362926	1.5
677.1867203781736	1500.0	7.532572663000785	0.0	718451	2901.8813825608795	1.5
680.052346594916	1500.0	8.666946446258411	0.0	724296	2865.6262167423747	1.5
682.7632733683713	1500.0	9.956019672803034	0.0	689829	2710.9267734553778	1.5
685.6575487306901	1500.0	11.061744310484192	0.0	737903	2894.275362318841	1.5
688.7520863428365	1500.0	11.967206698337883	0.0	780303	3094.537612146308	1.5
692.5558248557855	1500.0	12.163468185388844	0.0	891463	3803.73851294904	1.5
695.8233478298876	1500.0	12.895945211286922	0.0	763093	3267.5229741019216	1.5
699.1310180433809	1500.0	13.58827499779352	0.0	769316	3307.6702134934017	1.5
702.3979861754549	1500.0	14.321306865719562	0.0	744416	3266.9681320739573	1.5
705.0727663643614	1500.0	15.646526676813131	0.0	606092	2674.7801889064303	1.5
708.355125286578	1500.0	16.364167754596558	0.0	748011	3282.358922216574	1.5
711.3299935829727	1500.0	17.389299458201748	0.0	754517	2974.868296394811	1.5
714.9319264688788	1500.0	17.78736657229571	0.0	934743	3601.9328859060406	1.5
717.7834211115257	1500.0	18.935871929648822	0.0	735572	2851.4946426468855	1.5
720.7323558310652	1500.0	19.98693721010939	0.0	772616	2948.934719539434	1.5
723.5571709434208	1500.0	21.16212209775371	0.0	747396	2824.8151123556822	1.5
726.0696505724978	1500.0	22.649642468676657	0.0	662349	2512.4796290770537	1.5
729.2188029125718	1500.0	23.500490128602745	0.0	835711	3149.1523400739093	1.5
732.7195393434748	1500.0	23.99975369769978	0.0	806394	3500.7364309029667	1.5
736.2538653764996	1500.0	24.465427664674998	0.0	809327	3534.326033024782	1.5
739.243866176777	1500.0	25.475426864397566	0.0	681795	2990.0008002774293	1.5
743.0938058376522	1500.0	25.62548720352241	0.0	855209	3849.939660875154	1.5
746.02591110081	1500.0	26.693381940364517	0.0	644861	2932.1052631578946	1.5
749.6176934979794	1500.0	27.101599543195125	0.0	794014	3591.782397169394	1.5
753.2997233100999	1500.0	27.419569731074617	0.0	914284	3682.0298121205033	1.5
756.0238594869734	1500.0	28.69543355420121	0.0	675709	2724.1361768734105	1.5
758.8725035879321	1500.0	29.84678945324249	0.0	707527	2848.6441009587165	1.5
761.8709754359483	1500.0	30.84831760522635	0.0	757473	2998.471848016142	1.5
764.6661416221243	1500.0	32.05315141905018	0.0	712239	2795.166186176169	1.5
767.161904887236	1500.0	33.557388153938554	0.0	633700	2495.7632651116246	1.5
770.1206240028158	1500.0	34.59866903835875	0.0	755142	2958.7191155798055	1.5
772.8565436897326	1500.0	35.86274935144197	0.0	670327	2735.9196869167786	1.5
776.0626764128447	1500.0	36.656616628329836	0.0	785519	3206.1327231121286	1.5
778.8530256318279	1500.0	37.86626740934665	0.0	681043	2790.349218983186	1.5
782.4659606834323	1500.0	38.25333235774222	0.0	866245	3612.9350516044274	1.5
785.4377158537725	1500.0	39.281577187402064	0.0	691256	2971.7551703401573	1.5
788.5541683859972	1500.0	40.165124655177316	0.0	725845	3116.4525322247496	1.5
791.9290229254856	1500.0	40.790270115688834	0.0	811013	3374.854539488477	1.5
794.5105586075091	1500.0	42.20873443366535	0.0	657685	2581.535682023487	1.5
797.5081034180449	1500.0	43.21118962312953	0.0	767059	2997.544810535825	1.5
800.8136442348567	1500.0	43.90564880631785	0.0	848035	3305.540816811677	1.5
803.3822485213325	1500.0	45.33704451984198	0.0	629438	2568.604286475862	1.5
806.5035704076085	1500.0	46.21572263356601	0.0	763847	3121.321886275974	1.5
809.647364360576	1500.0	47.07192868059848	0.0	769491	3143.7939529675255	1.5
813.0474145850405	1500.0	47.67187845613397	0.0	808636	3400.050224464507	1.5

