18804.484554717576	600.0	4.0	0.7587049816321627	247108	758.7049816321627	-14.574099632643255
18804.835415431	200.0	7.649139286572596	0.0	98617	350.86071342740416	0.2
18805.70766180035	600.0	10.776892917224568	0.0	288447	872.2463693480277	0.6
18807.760953934794	1500.0	12.723600782778863	0.0	718451	2053.2921344457036	1.5
18813.524447600466	4000.0	10.960107117107837	0.0	2069289	5763.493665671027	4.0
18815.502934252927	1500.0	12.981620464647845	0.0	689829	1978.486652459991	1.5
18821.220246375233	4000.0	11.264308342340113	0.0	2046450	5717.312122307732	4.0
18826.934101064035	4000.0	9.550453653537657	0.0	2058614	5713.854688802456	4.0
18829.434951383962	1500.0	11.049603333606905	0.0	891463	2500.8503199307524	1.5
18836.477412048218	4000.0	8.007142669354538	0.0	2373154	7042.460664252367	4.0
18837.77460533873	600.0	10.70994937884116	0.0	329266	1297.1932905133776	0.6
18840.6064781727	1500.0	11.878076544868607	0.0	744416	2831.8728339725526	1.5
18847.632714679017	4000.0	8.851840038552366	0.0	2131310	7026.2365063162415	4.0
18848.45693880342	600.0	12.027615914147281	0.0	266809	824.2241244050836	0.6
18854.554730682925	4000.0	9.929824034647273	0.0	2157416	6097.791879500009	4.0
18857.231001871387	1500.0	11.253552846184773	0.0	934743	2676.271188462501	1.5
18862.40655195292	4000.0	10.078002764652663	0.0	1835863	5175.55008153211	4.0
18864.630994932486	1500.0	11.85355978508773	0.0	772616	2224.442979564931	1.5
18870.472307604752	4000.0	10.012247112822202	0.0	2082556	5841.31267226553	4.0
18872.384056632494	1500.0	12.100498085080435	0.0	662349	1911.7490277417683	1.5
18879.001740338786	4000.0	9.482814378786191	0.0	2379358	6617.683706294242	4.0
18881.285793021616	1500.0	11.198761695959359	0.0	806394	2284.0526828268335	1.5
18886.461790404494	4000.0	10.02276431307854	0.0	1849252	5175.997382880817	4.0
18888.49598767439	1500.0	11.98856704318495	0.0	681795	2034.1972698935904	1.5
18893.8408280599	4000.0	10.643726657673863	0.0	1836837	5344.840385511089	4.0
18895.76916312493	1500.0	12.715391592645737	0.0	644861	1928.3350650281252	1.5
18909.046095173657	4000.0	4.0	0.5615404560827337	2068230	13276.932048728471	-7.230809121654675
18909.56515785549	200.0	7.480937318169796	0.0	103756	519.0626818302037	0.2
18910.876700833538	600.0	10.16939434012166	0.0	291029	1311.5429780481354	0.6
18913.950732042213	1500.0	11.095363131446705	0.0	707527	3074.031208674954	1.5
18921.01204041341	4000.0	8.034054760250271	0.0	2290706	7061.3083711964355	4.0
18921.885748293775	600.0	11.160346879884402	0.0	293409	873.7078803658682	0.6
18928.866147470573	4000.0	8.17994770308706	0.0	2544033	6980.399176797341	4.0
18929.884552512307	600.0	11.161542661356522	0.0	344336	1018.40504173054	0.6
18934.94787528526	4000.0	10.098219888404724	0.0	1828568	5063.322772951797	4.0
18937.183384039996	1500.0	11.862711133671823	0.0	785519	2235.5087547329017	1.5
18943.126780358754	4000.0	9.919314814910788	0.0	2096494	5943.396318761034	4.0
18945.629462104633	1500.0	11.416633069031644	0.0	866245	2502.681745879145	1.5
18951.829819886276	4000.0	9.216275287390205	0.0	2142800	6200.357781641438	4.0
18953.99311196104	1500.0	11.05298321262251	0.0	725845	2163.2920747676962	1.5
18959.64996559745	4000.0	9.39612957621363	0.0	1985434	5656.853636408878	4.0
18961.534592511754	1500.0	11.511502661909297	0.0	657685	1884.626914304334	1.5
18966.271086140743	4000.0	10.775009032919913	0.0	1697030	4736.493628989384	4.0
18968.660499846905	1500.0	12.38559532676	0.0	848035	2389.4137061599113	1.5
18974.625422517278	4000.0	10.420672656389192	0.0	2171279	5964.92267037081	4.0
18976.77571404913	1500.0	12.270381124534127	0.0	763847	2150.291531855064	1.5
18981.733751816733	4000.0	11.312343356931539	0.0	1750852	4958.03776760259	4.0
18987.506036481886	4000.0	9.540058691780288	0.0	2034636	5772.28466515125	4.0

