19912.336606023404	600.0	4.0	0.8129726923861256	247108	812.9726923861256	-15.659453847722512
19912.709124145058	200.0	7.627481878348566	0.0	98617	372.518121651434	0.2
19913.644716736966	600.0	10.691889286442594	0.0	288447	935.5925919059714	0.6
19915.855788834255	1500.0	12.480817189151109	0.0	718451	2211.072097291485	1.5
19918.084198392844	1500.0	14.252407630559313	0.0	724296	2228.409558591795	1.5
19920.210371804536	1500.0	16.126234218868763	0.0	689829	2126.173411690551	1.5
19922.488848244884	1500.0	17.847757778522613	0.0	737903	2278.4764403461495	1.5
19924.940184452596	1500.0	19.39642157080737	0.0	780303	2451.336207715246	1.5
19927.729335243686	1500.0	20.60727077971922	0.0	891463	2789.1507910881496	1.5
19930.128370363065	1500.0	22.208235660343732	0.0	763093	2399.035119375487	1.5
19932.54793144858	1500.0	23.788674574829464	0.0	769316	2419.5610855142713	1.5
19938.042419347155	4000.0	22.294186676250902	0.0	1761739	5494.487898578563	4.0
19939.98516848277	1500.0	24.35143754063815	0.0	606092	1942.7491356127546	1.5
19945.657911523725	4000.0	22.678694499683182	0.0	1805063	5672.743040954968	4.0
19948.09205282362	1500.0	24.244553199786534	0.0	754517	2434.141299896648	1.5
19951.08851077101	1500.0	25.248095252398613	0.0	934743	2996.457947387921	1.5
19956.878758066505	4000.0	23.457847956903013	0.0	1835863	5790.2472954956	4.0
19959.35869904769	1500.0	24.97790697571526	0.0	772616	2479.9409811877536	1.5
19961.760300321253	1500.0	26.57630570215142	0.0	747396	2401.6012735638433	1.5
19963.88343057939	1500.0	28.45317544401539	0.0	662349	2123.1302581360296	1.5
19966.511427073157	1500.0	29.825178950246574	0.0	835711	2627.996493768818	1.5
19972.539586682902	4000.0	27.797019340505347	0.0	1950922	6028.159609741226	4.0
19978.30246839823	4000.0	26.034137625178474	0.0	1849252	5762.881715326874	4.0
19983.97690695125	4000.0	24.359699072153933	0.0	1822097	5674.438553024543	4.0
19989.587154020483	4000.0	22.749452002925622	0.0	1836837	5610.24706922831	4.0
19991.60866579061	1500.0	24.727940232795973	0.0	644861	2021.5117701296504	1.5
19994.09043828458	1500.0	26.246167738825765	0.0	794014	2481.7724939702093	1.5
20000.53371382638	4000.0	23.802892197030097	0.0	2055338	6443.275541795666	4.0
20002.705692154548	1500.0	25.630913868856723	0.0	675709	2171.978328173375	1.5
20008.95977085845	4000.0	23.376835164953803	0.0	2002600	6254.078703902922	4.0
20011.37287985626	1500.0	24.963726167148387	0.0	757473	2413.1089978054138	1.5
20017.492478555192	4000.0	22.84412746821459	0.0	1947068	6119.5986989337935	4.0
20019.548930796907	1500.0	24.787675226499193	0.0	633700	2056.4522417153994	1.5
20021.984149510357	1500.0	26.3524565130489	0.0	755142	2435.2187134502924	1.5
20027.78008725393	4000.0	24.556518769474764	0.0	1828568	5795.937743574136	4.0
20033.45060496084	4000.0	22.886001062568088	0.0	1785821	5670.517706906672	4.0
20035.675460701026	1500.0	24.661145322382765	0.0	681043	2224.8557401853227	1.5
20038.496796566054	1500.0	25.839809457353788	0.0	866245	2821.3358650289765	1.5
20040.764358820055	1500.0	27.572247203353513	0.0	691256	2267.5622540002764	1.5
20047.3977499823	4000.0	24.93885604110881	0.0	2094647	6633.391162244702	4.0
20049.973942656972	1500.0	26.362663366439683	0.0	811013	2576.1926746691292	1.5
20055.663063605825	4000.0	24.673542417584077	0.0	1830641	5689.120948855605	4.0
20060.801746419053	4000.0	23.53485960435632	0.0	1697030	5138.68281322776	4.0
20063.409656991946	1500.0	24.926949031463913	0.0	848035	2607.9105728924083	1.5
20065.373013064513	1500.0	26.963592958899408	0.0	629438	1963.3560725645048	1.5
20071.71992668737	4000.0	24.616679336044456	0.0	2042818	6346.913622854951	4.0
20077.173907721855	4000.0	23.162698301556816	0.0	1750852	5453.981034487643	4.0
20079.73824421065	1500.0	24.59836181276095	0.0	808636	2564.336488795868	1.5

