10665.88233068596	600.0	4.0	0.8617090434576299	247108	861.7090434576298	-16.634180869152598
10666.274298735309	200.0	7.6080319506504805	0.0	98617	391.9680493495196	0.2
10667.266780842154	600.0	10.615549843805606	0.0	288447	992.4821068448733	0.6
10667.711302966398	200.0	14.171027719561863	0.0	115230	444.5221242437424	0.2
10668.100237285666	200.0	17.782093400292617	0.0	97658	388.93431926924745	0.2
10668.489171604935	200.0	21.39315908102337	0.0	97658	388.93431926924745	0.2
10668.935471577255	200.0	24.946859108703386	0.0	115792	446.299972319981	0.2
10669.88485510369	600.0	27.997475582268965	0.0	274823	949.3835264344182	0.6
10682.616148487785	8000.0	19.266182198175404	0.0	3448932	12731.293384093562	8.0
10697.89185507777	8000.0	7.9904756081874915	0.0	3624869	15275.706589987913	8.0
10699.385089693362	600.0	10.497240992596526	0.0	329266	1493.2346155909652	0.6
10706.78352585138	4000.0	7.098804834578617	0.0	1761739	7398.436158017908	4.0
10707.200957693898	200.0	10.681372992061526	0.0	102419	417.43184251709084	0.2
10707.54738385319	200.0	14.334946832766574	0.0	80867	346.426159294951	0.2
10708.497536229437	600.0	17.384794456520794	0.0	264113	950.1523762457788	0.6
10709.646229088346	600.0	20.236101597612965	0.0	324375	1148.692858907833	0.6
10710.848663813656	600.0	23.033666872302035	0.0	340687	1202.4347253109302	0.6
10726.61526397589	12000.0	11.267066710069972	0.0	4055239	15766.600162232062	12.0
10727.090327796432	200.0	14.792002889527904	0.0	90919	475.0638205420672	0.2
10730.048385479338	1500.0	15.833945206620946	0.0	662349	2958.0576829069582	1.5
10731.347856447781	600.0	18.53447423817817	0.0	280646	1299.470968442779	0.6
10731.852567761669	200.0	22.02976292428973	0.0	97742	504.7113138884362	0.2
10732.370023630445	200.0	25.51230705551563	0.0	100675	517.4558687741024	0.2
10732.822635655863	200.0	29.059695030096044	0.0	85752	452.61202541958613	0.2
10733.31350307208	200.0	32.56882761387748	0.0	94556	490.86741621856504	0.2
10736.195571400796	1500.0	33.68675928516095	0.0	644861	2882.0683287165284	1.5
10756.97512995604	12000.0	16.907200729918426	0.0	5138482	20779.558555242525	12.0
10758.374757060032	600.0	19.507573625924845	0.0	302611	1399.6271039935816	0.6
10758.871565906793	200.0	23.01076477916339	0.0	93993	496.8088467614534	0.2
10759.382077256258	200.0	26.500253429699683	0.0	97083	510.51134946370667	0.2
10760.527998932484	600.0	29.354331753471197	0.0	240372	1145.9216762284857	0.6
10761.133580817686	200.0	32.74874986826846	0.0	118522	605.5818852027382	0.2
10786.10435275245	12000.0	11.77797793350452	0.0	5639869	24970.77193476394	12.0
10786.598559225731	200.0	15.283771460225612	0.0	89422	494.20647327890686	0.2
10787.179861987584	200.0	18.70246869837048	0.0	108225	581.3027618551329	0.2
10787.666513600114	200.0	22.215817085840808	0.0	87791	486.6516125296741	0.2
10788.198205602399	200.0	25.684125083557873	0.0	102088	531.6920022829349	0.2
10788.617593018307	200.0	29.26473766764968	0.0	80403	419.38741590819154	0.2
10789.063636548184	200.0	32.818694137772354	0.0	86718	446.0435298773249	0.2
10789.574051533014	200.0	36.308279152941864	0.0	101968	510.4149848304973	0.2
10806.144248196319	12000.0	23.738082489635886	0.0	4828747	16570.196663305975	12.0
10806.511193096258	200.0	27.3711375896976	0.0	101713	366.94489993828796	0.2
10808.788681343989	1500.0	29.09364934196509	0.0	767059	2277.4882477325073	1.5
10809.173435468105	200.0	32.70889521784883	0.0	96988	384.7541241162608	0.2
10810.165202946502	600.0	35.71712773945134	0.0	290170	991.7674783974862	0.6
10812.645350629142	1500.0	37.23698005681191	0.0	763847	2480.147682639434	1.5
10818.226849450823	4000.0	35.65548123513084	0.0	1750852	5581.498821681069	4.0
10834.11142118497	12000.0	23.77090950098345	0.0	5646381	15884.571734147394	12.0

