4881.169658973482	600.0	4.0	0.8712203321993196	247108	871.2203321993196	0.008209208	-16.82440664398639
4881.565422831797	200.0	7.604236141685011	0.0	98617	395.76385831498897	0.004705182	0.2
4881.986350588451	200.0	11.183308385031017	0.0	106476	420.9277566539924	0.004705182	0.2
4882.435307962875	200.0	14.734351010606362	0.0	115230	448.9573744246548	0.004705182	0.2
4882.828001178806	200.0	18.341657794676806	0.0	97658	392.6932159295577	0.004705182	0.2
4883.220694394736	200.0	21.948964578747248	0.0	97658	392.6932159295577	0.004705182	0.2
4883.671451248848	200.0	25.49820772463478	0.0	115792	450.75685411246747	0.004705182	0.2
4884.096214907043	200.0	29.073444066439865	0.0	107674	424.763658194917	0.004705182	0.2
4884.481374002499	200.0	32.688284970982586	0.0	95305	385.15909545727436	0.004705182	0.2
4884.898936540021	200.0	36.27072243346008	0.0	105425	417.5625375225135	0.006825806	0.2
4885.284287750748	200.0	39.885371222733646	0.0	95365	385.3512107264359	0.004705182	0.2
4885.669565317288	200.0	43.50009365619372	0.0	95342	385.277566539924	0.004705182	0.2
4886.077502879825	200.0	47.09215609365619	0.0	102419	407.93756253752247	0.0057705087	0.2
4886.41643263768	200.0	50.753226335801486	0.0	80867	338.9297578547128	0.004705182	0.2
4886.761391613065	200.0	54.40826736041625	0.0	82750	344.9589753852311	0.0065485984	0.2
4902.01352283196	12000.0	43.15613614152149	0.0	5443841	15252.131218894758	0.568773	12.0
4902.331363316263	200.0	46.83829565721834	0.0	89871	317.8404843031526	0.004705182	0.2
4913.207107290566	12000.0	39.962551682915134	0.0	4055239	10875.743974303205	0.004705182	12.0
4913.538629525852	200.0	43.63102944762915	0.0	90919	331.5222352859811	0.004705182	0.2
4913.856200588858	200.0	47.31345838462341	0.0	85876	317.57106300574037	0.016562842	0.2
4914.253389882723	200.0	50.91626909075799	0.0	114656	397.18929386541254	0.4825956	0.2
4914.603787558911	200.0	54.565871414570154	0.0	97742	350.3976761878415	0.06930698	0.2
4927.809428995538	12000.0	45.36022997794273	0.0	5141915	13205.641436627424	0.004705182	12.0
4928.088141737768	200.0	49.081517235712916	0.0	85752	278.71274222981776	0.004705182	0.2
4928.38725595148	200.0	52.78240302200031	0.0	94556	299.11421371259746	0.004705182	0.2
4936.319015464505	8000.0	48.85064350897533	0.0	3253093	7931.759513024982	0.004705182	8.0
4948.949030301018	12000.0	40.220628672463064	0.0	5138482	12630.014836512268	0.004705182	12.0
4957.653107395963	8000.0	35.5165515775183	0.0	3354913	8704.077094944763	0.004705182	8.0
4957.989097046674	200.0	39.18056192680679	0.0	93993	335.9896507115136	0.93391085	0.2
4971.4848269341965	12000.0	29.684832039285414	0.0	5411094	13495.729887521373	0.013516819	12.0
4971.787325491525	200.0	33.38233348195591	0.0	93982	302.49855732950596	0.13435487	0.2
4980.281080528596	8000.0	28.888578444884494	0.0	3568902	8493.755037071414	0.004705182	8.0
4989.118630296892	8000.0	24.0510286765897	0.0	3713878	8837.549768294793	0.56747955	8.0
4989.409562332864	200.0	27.760096640617416	0.0	89422	290.93203597228364	0.25967705	0.2
4989.744847604867	200.0	31.424811368613877	0.0	108225	335.2852720035383	0.09358059	0.2
4994.079988959299	4000.0	31.089670014181394	0.0	1785821	4335.141354432485	0.68992627	4.0
4995.846286797397	1500.0	33.32337217608424	0.0	681043	1766.297838097154	0.78675574	1.5
5005.172193539476	8000.0	27.997465434004923	0.0	3739359	9325.906742079316	0.5127094	8.0
5018.836416287291	12000.0	18.333242686189973	0.0	5257310	13664.222747814949	0.0048965146	12.0
5024.710086130562	4000.0	16.459572842919332	0.0	2094647	5873.66984327064	0.265133	4.0
5033.240123712721	8000.0	11.929535260760096	0.0	3189942	8530.037582159237	0.2079738	8.0
5037.735897001427	4000.0	11.43376197205385	0.0	1830641	4495.773288706247	0.14672399	4.0
5041.879240461014	4000.0	11.290418512466582	0.0	1697030	4143.343459587268	0.009036084	4.0
5046.581319752071	4000.0	10.588339221409605	0.0	1910697	4702.079291056975	0.010436784	4.0
5048.194594419793	1500.0	12.975064553687364	0.0	629438	1613.2746677222417	0.096180044	1.5
5053.250781256569	4000.0	11.918877716910723	0.0	2042818	5056.18683677664	0.054036606	4.0
5057.462810930579	4000.0	11.70684804290145	0.0	1750852	4212.029674009273	0.007630832	4.0
5062.312793347646	4000.0	10.856865625834283	0.0	2034636	4849.982417067167	0.045715194	4.0

