1822.3374502954982	600.0	4.0	0.8150439680975664	247108	815.0439680975664	-15.700879361951328
1822.7107950314107	200.0	7.626655264087453	0.0	98617	373.34473591254715	0.2
1823.6488054052788	600.0	10.688644890219189	0.0	288447	938.0103738682631	0.6
1825.8658996066956	1500.0	12.471550688802543	0.0	718451	2217.0942014166467	1.5
1832.12308081298	4000.0	10.214369482518036	0.0	2069289	6257.181206284508	4.0
1834.5064457280432	1500.0	11.831004567454801	0.0	689829	2383.364915063233	1.5
1841.4196190658286	4000.0	8.917831229669417	0.0	2046450	6913.173337785384	4.0
1842.3890457751029	600.0	11.948404520395092	0.0	274823	969.4267092743238	0.6
1847.9834960757487	4000.0	10.353954219749259	0.0	1857129	5594.450300645832	4.0
1850.329379826027	1500.0	12.008070469470884	0.0	763093	2345.883750278376	1.5
1857.0078276024472	4000.0	9.32962269305055	0.0	2094766	6678.447776420332	4.0
1859.4961127794697	1500.0	10.841337516028087	0.0	744416	2488.285177022464	1.5
1861.5369013432726	1500.0	12.800548952225187	0.0	606092	2040.7885638028997	1.5
1868.0159659554583	4000.0	10.32148434003942	0.0	1805063	6479.064612185766	4.0
1870.8205917566681	1500.0	11.516858538829707	0.0	754517	2804.6258012097137	1.5
1878.7136420536035	4000.0	7.6238082418944435	0.0	2231719	7893.050296935264	4.0
1879.9747631560713	600.0	10.362687139426455	0.0	340687	1261.1211024679858	0.6
1882.7333304677222	1500.0	11.604119827775571	0.0	772616	2758.567311650885	1.5
1889.870266569078	4000.0	8.467183726419782	0.0	2082556	7136.936101355791	4.0
1891.0028101112869	600.0	11.334640184210821	0.0	310849	1132.5435422089602	0.6
1899.5150455569403	4000.0	6.822404738557267	0.0	2379358	8512.235445653554	4.0
1899.946944029072	200.0	10.390506266425676	0.0	97742	431.89847213159027	0.2
1902.940747048806	1500.0	11.396703246691647	0.0	809327	2993.803019734029	1.5
1909.026892396716	4000.0	9.310557898781912	0.0	1822097	6086.145347909736	4.0
1911.9080436997108	1500.0	10.429406595786968	0.0	855209	2881.1513029949433	1.5
1914.076436736757	1500.0	12.261013558740833	0.0	644861	2168.393037046135	1.5
1920.6070566197977	4000.0	9.730393675699897	0.0	2068230	6530.619883040936	4.0
1923.5386246509868	1500.0	10.798825644510814	0.0	914284	2931.568031189084	1.5
1925.5259450650087	1500.0	12.81150523048889	0.0	675709	1987.320414021923	1.5
1931.1882025956277	4000.0	11.14924769986989	0.0	2002600	5662.257530619	4.0
1938.7323061197626	4000.0	7.605144175735001	0.0	2290706	7544.10352413489	4.0
1939.8718312619492	600.0	10.46561903354849	0.0	293409	1139.5251421865125	0.6
1942.2401764817741	1500.0	12.097273813723627	0.0	633700	2368.3452198248624	1.5
1949.4272601511748	4000.0	8.910190144322813	0.0	2125133	7187.083669400815	4.0
1950.4331885787376	600.0	11.904261716759896	0.0	284451	1005.9284275629158	0.6
1957.287673756843	4000.0	9.049776538654365	0.0	1785821	6854.48517810553	4.0
1960.6923687987958	1500.0	9.645081496701655	0.0	681043	3404.6950419527084	1.5
1964.8201114687006	1500.0	9.517338826796909	0.0	866245	4127.742669904747	1.5
1966.8821009674732	1500.0	11.455349328024441	0.0	691256	2061.9894987724674	1.5
1972.9679343456069	4000.0	9.369515949890651	0.0	2094647	6085.8333781337915	4.0
1975.6324553112458	1500.0	10.704994984251794	0.0	811013	2664.5209656388556	1.5
1978.4542374894636	1500.0	11.883212806033972	0.0	657685	2821.7821782178216	1.5
1985.4677770296976	4000.0	8.869673265800015	0.0	1697030	7013.539540233959	4.0
1986.4568140184542	600.0	11.880636277043294	0.0	278938	989.0369887567216	0.6
1993.612841393393	4000.0	8.724608902104398	0.0	2171279	7156.027374938895	4.0
1994.6321798323697	600.0	11.7052704631277	0.0	288236	1019.3384389766987	0.6
1999.9816101443075	4000.0	10.35584015118985	0.0	1750852	5349.430311937851	4.0
2002.4729296612302	1500.0	11.864520634267231	0.0	808636	2491.3195169226183	1.5

