6655.032257737197	600.0	4.0	0.8419587966621057	247108	841.9587966621057	-16.239175933242112
6657.370632344532	1500.0	5.661625392665112	0.0	732405	2338.374607334888	1.5
6659.435937900623	1500.0	7.596319836574225	0.0	643847	2065.305556090886	1.5
6661.731285276752	1500.0	9.30097246044441	0.0	718451	2295.3473761298155	1.5
6664.044655740627	1500.0	10.9876019965696	0.0	724296	2313.37046387481	1.5
6666.291520688598	1500.0	12.74073704859825	0.0	689829	2246.8649479713486	1.5
6668.704073241151	1500.0	14.328184496045699	0.0	737903	2412.5525525525527	1.5
6671.250654559311	1500.0	15.781603177885433	0.0	780303	2546.5813181602653	1.5
6674.148618839381	1500.0	16.88363889781589	0.0	891463	2897.964280069543	1.5
6676.853405095753	1500.0	18.17885264144355	0.0	763093	2704.78625637234	1.5
6679.6785112509715	1500.0	19.353746486225	0.0	769316	2825.106155218555	1.5
6682.414768164442	1500.0	20.617489572754884	0.0	744416	2736.256913470116	1.5
6684.657451482908	1500.0	22.374806254289226	0.0	606092	2242.6833184656557	1.5
6687.269554386079	1500.0	23.762703351117555	0.0	748011	2612.1029031716735	1.5
6689.865921660702	1500.0	25.166336076495355	0.0	754517	2596.367274622199	1.5
6693.063355324068	1500.0	25.968902413129015	0.0	934743	3197.4336633663365	1.5
6695.594642994745	1500.0	27.43761474245138	0.0	735572	2531.287670677636	1.5
6698.145679834852	1500.0	28.88657790234504	0.0	772616	2551.036840106343	1.5
6700.616056231597	1500.0	30.416201505599282	0.0	747396	2470.3763967457576	1.5
6702.814429110243	1500.0	32.21782862695375	0.0	662349	2198.3728786455317	1.5
6705.567260981033	1500.0	33.46499675616398	0.0	835711	2752.831870789774	1.5
6708.103654085494	1500.0	34.92860365170306	0.0	806394	2536.393104460925	1.5
6710.632588782999	1500.0	36.39966895419753	0.0	809327	2528.934697505532	1.5
6712.775625642124	1500.0	38.25663209507163	0.0	681795	2143.036859125896	1.5
6715.443394237166	1500.0	39.588863500030314	0.0	855209	2667.7685950413224	1.5
6717.490456432918	1500.0	41.54180130427808	0.0	644861	2047.0621957522303	1.5
6720.004542229864	1500.0	43.027715507332125	0.0	794014	2514.0857969459507	1.5
6722.887321146577	1500.0	44.14493659061916	0.0	914284	2882.7789167129695	1.5
6725.03873762005	1500.0	45.99352011714571	0.0	675709	2151.4164734734545	1.5
6727.414983898732	1500.0	47.61727383846379	0.0	707527	2376.2462786819247	1.5
6730.240881445008	1500.0	48.791376292187415	0.0	757473	2825.8975462763665	1.5
6732.902802282401	1500.0	50.12945545479475	0.0	712239	2661.920837392664	1.5
6735.280013239195	1500.0	51.752244498001126	0.0	633700	2377.2109567936195	1.5
6737.927553400918	1500.0	53.10470433627655	0.0	755142	2647.54016172458	1.5
6740.089758840745	1500.0	54.942498896450495	0.0	670327	2162.2054398260498	1.5
6742.609779807955	1500.0	56.42247792924088	0.0	785519	2520.0209672096144	1.5
6744.805271857888	1500.0	58.22698587930786	0.0	681043	2195.4920499330215	1.5
6747.566861351949	1500.0	59.46539638524758	0.0	866245	2761.5894940602843	1.5
6751.237024065736	1500.0	59.79523367146132	0.0	691256	2170.162713786261	1.5
6755.511774136604	1500.0	59.52048360059295	0.0	725845	2274.750070868374	1.5
6759.121967610578	1500.0	59.91029012661833	0.0	811013	2610.193473974621	1.5
6763.46069517991	1500.0	59.571562557287166	0.0	657685	2338.727569331158	1.5
6767.175052525149	1500.0	59.857205212048044	0.0	767059	2714.357345239118	1.5
6771.423775486418	1500.0	59.608482250778664	0.0	848035	2748.7229612693804	1.5
6775.45106811181	1500.0	59.581189625387125	0.0	629438	2027.2926253915466	1.5
6779.394840078204	1500.0	59.63741765899348	0.0	763847	2443.7719663936427	1.5
6783.421017583121	1500.0	59.611240154076036	0.0	769491	2526.1775049174466	1.5
6787.071635293877	1500.0	59.960622443321235	0.0	808636	2650.617710754803	1.5

