917.3376186930801	600.0	4.0	1.0505734485467402	247108	1050.57344854674	0.26823777	-20.411468970934802
917.8049596200244	200.0	7.532659073055774	0.0	98617	467.3409269442262	0.004705182	0.2
918.3031685752484	200.0	11.034450117831893	0.0	106476	498.20895522388065	0.004705182	0.2
918.835760876898	200.0	14.501857816182246	0.0	115230	532.5923016496465	0.004705182	0.2
919.2993351109907	200.0	18.03828358208955	0.0	97658	463.5742340926945	0.004705182	0.2
919.7629093450834	200.0	21.57470934799686	0.0	97658	463.5742340926945	0.004705182	0.2
920.297709030865	200.0	25.03990966221524	0.0	115792	534.7996857816182	0.004705182	0.2
920.800623406356	200.0	28.53699528672427	0.0	107674	502.9143754909663	0.004705182	0.2
924.3820491722632	1500.0	28.95556952081697	0.0	891463	3581.425765907306	0.004705182	1.5
927.4484830782483	1500.0	29.889135614832018	0.0	763093	3066.4339059849494	0.004705182	1.5
930.4625639325579	1500.0	30.87505476052233	0.0	769316	3014.0808543096878	0.004705182	1.5
933.3816791118104	1500.0	31.955939581269853	0.0	744416	2919.1151792524793	0.004705182	1.5
935.7732428036487	1500.0	33.56437588943156	0.0	606092	2391.5636918382916	0.004705182	1.5
938.8297854283263	1500.0	34.50783326475392	0.0	748011	3056.542624677636	0.004705182	1.5
942.0614855118685	1500.0	35.276133181211726	0.0	754517	3231.7000835421886	0.004705182	1.5
946.0460093213923	1500.0	35.29160937168792	0.0	934743	3984.52380952381	0.004705182	1.5
949.237224250768	1500.0	36.100394442312286	0.0	735572	3191.214929375634	0.004705182	1.5
952.6249212512764	1500.0	36.712697441803904	0.0	772616	3387.697000508389	0.004705182	1.5
955.9046472566813	1500.0	37.43297143639894	0.0	747396	3279.7260054049716	0.004705182	1.5
958.7083691583449	1500.0	38.62924953473537	0.0	662349	2803.7219016635663	0.004705182	1.5
961.9371684047832	1500.0	39.40045028829713	0.0	835711	3228.7992464382437	0.004705182	1.5
965.0555068011096	1500.0	40.28211189197074	0.0	806394	3118.338396326387	0.08744678	1.5
968.1834328773749	1500.0	41.15418581570538	0.0	809327	3127.9260762653666	0.6338614	1.5
983.8630454579409	8000.0	29.47457323513943	0.0	4032749	15679.612580565947	0.087221615	8.0
987.5932025790762	1500.0	29.744416114004107	0.0	855209	3730.157121135327	0.004705182	1.5
990.5001633338745	1500.0	30.837455359205748	0.0	644861	2906.9607547983587	0.004705182	1.5
990.971538831442	200.0	34.3660798616383	0.0	88490	471.37549756744806	0.055842392	0.2
995.0952540017207	1500.0	34.24236469135966	0.0	914284	4123.715170278638	0.004705182	1.5
998.1637944705398	1500.0	35.17382422254055	0.0	675709	3068.540468819107	0.007742682	1.5
1001.0635195157134	1500.0	36.274099177366935	0.0	707527	2899.7250451736136	0.004705182	1.5
1004.1076087350442	1500.0	37.230009958036085	0.0	757473	3044.089219330855	0.004705182	1.5
1017.9130498667727	8000.0	27.42456882630758	0.0	3568902	13805.441131728501	0.004705182	8.0
1020.4739380910165	1500.0	28.86368060206381	0.0	633700	2560.888224243773	0.004705182	1.5
1023.5591793605419	1500.0	29.77843933253839	0.0	755142	3085.2412695254206	0.004705182	1.5
1026.3068820766896	1500.0	31.030736616390744	0.0	670327	2747.7027161476467	0.29408506	1.5
1029.5307171665145	1500.0	31.806901526565937	0.0	785519	3223.8350898248054	0.46739307	1.5
1038.3810531405777	4000.0	26.95656555250261	0.0	2096494	8850.335974063328	0.6248267	4.0
1041.8344764241085	1500.0	27.503142268971793	0.0	866245	3453.4232835308176	0.004705182	1.5
1044.5437009760033	1500.0	28.79391771707715	0.0	691256	2709.224551894642	0.027660482	1.5
1061.4607768421163	8000.0	15.876841850964018	0.0	4253567	16917.075866113133	0.072841704	8.0
1064.9952953842987	1500.0	16.34232330878155	0.0	811013	3534.518542182467	0.0047213924	1.5
1067.8767116716026	1500.0	17.460907021477553	0.0	657685	2881.416287303996	0.0053394465	1.5
1068.3777344866069	200.0	20.959884206473426	0.0	98843	501.02281500412647	1.0492603	0.2
1076.2663775985175	4000.0	17.071241094562648	0.0	1910697	7888.643111910778	0.026276328	4.0
1085.1888149526467	4000.0	12.148803740433662	0.0	2171279	8922.437354128984	0.060053736	4.0
1088.3898221285194	1500.0	12.947796564560939	0.0	763847	3201.007175872724	0.004705182	1.5
1091.5256475194515	1500.0	13.811971173628677	0.0	769491	3135.825390932262	0.004705182	1.5
1099.4507834361664	4000.0	9.88683525691381	0.0	2034636	7925.135916714865	0.00849216	4.0

