9984.277876265156	600.0	4.0	0.6633780414029186	247108	663.3780414029186	0.7094907	-12.667560828058372
9984.590693463744	200.0	7.687182801410591	0.0	98617	312.8171985894088	0.004705182	0.2
9984.92206436366	200.0	11.355811901494695	0.0	106476	331.37089991589573	0.004705182	0.2
9985.274101900732	200.0	15.00377436442241	0.0	115230	352.03753707228543	0.004705182	0.2
9985.584655070874	200.0	18.69322119428091	0.0	97658	310.5531701415018	0.004705182	0.2
9985.895208241014	200.0	22.382668024139406	0.0	97658	310.5531701415018	0.004705182	0.2
9986.248572560136	200.0	26.02930370501527	0.0	115792	353.364319124135	0.004705182	0.2
9986.582771724998	200.0	29.69510454015611	0.0	107674	334.19916485916224	0.004705182	0.2
9986.887769880605	200.0	33.39010638454842	0.0	95305	304.99815560769036	0.004705182	0.2
9987.216659556434	200.0	37.06121670871881	0.0	105425	328.88967582960765	0.014882317	0.2
9987.52179936137	200.0	40.75607690378174	0.0	95365	305.13980493706936	0.004705182	0.2
9987.826884867398	200.0	44.45099139775426	0.0	95342	305.0855060274741	0.004705182	0.2
9988.148677911826	200.0	48.12919835332654	0.0	102419	321.79304442772195	0.011634727	0.2
9988.41959051714	200.0	51.85828574801174	0.0	80867	270.9126053148009	0.004705182	0.2
9988.694948550576	200.0	55.5829277145766	0.0	82750	275.3580334351438	0.0134333605	0.2
10001.475599318499	12000.0	46.80227694665453	0.0	5443841	12780.650767922063	0.009283676	12.0
10001.763000913745	200.0	50.514875351408534	0.0	89871	287.40159524599386	0.004705182	0.2
10011.655624582909	12000.0	44.62225168224427	0.0	4055239	9892.623669164264	0.004705182	12.0
10011.960943501157	200.0	48.31693276399515	0.0	90919	305.31891824912486	0.004734504	0.2
10012.253764665309	200.0	52.02411159984286	0.0	85876	292.82116415228774	0.15348946	0.2
10026.773982428263	12000.0	41.503893836888196	0.0	5251330	14520.217762954664	0.032954782	12.0
10027.089016844688	200.0	45.188859420464496	0.0	97742	315.03441642369773	0.013817519	0.2
10039.129461190725	12000.0	37.14841507442797	0.0	5141915	12040.444346036526	0.028465386	12.0
10039.395239967484	200.0	40.88263629766874	0.0	85752	265.778776759238	0.004705182	0.2
10039.680092309298	200.0	44.597783955854595	0.0	94556	284.8523418141443	0.004705182	0.2
10046.941237370665	8000.0	41.336638894486356	0.0	3253093	7261.145061368238	0.004705182	8.0
10059.514735875337	12000.0	32.76314038981602	0.0	5138482	12573.498504670333	0.004705182	12.0
10067.47368336547	8000.0	28.804192899682885	0.0	3354913	7958.94749013314	0.004705182	8.0
10067.745520495862	200.0	32.532355769290255	0.0	93993	271.83713039263205	0.084508374	0.2
10079.001915231904	12000.0	25.27596103324722	0.0	5411094	11256.39473604303	0.32719427	12.0
10079.282632292117	200.0	28.995243973033922	0.0	93982	280.7170602133027	0.076807335	0.2
10087.114676037323	8000.0	25.163200227828366	0.0	3568902	7832.043745205557	0.008507602	8.0
10087.442165272476	200.0	28.835710992674557	0.0	99865	327.4892351538057	0.19463527	0.2
10087.74377426848	200.0	32.534101996670714	0.0	89422	301.6089960038413	0.19961758	0.2
10088.091981573087	200.0	36.185894692064295	0.0	108225	348.2073046064248	0.025405407	0.2
10088.389548562956	200.0	39.88832770219409	0.0	87791	297.5669898702023	0.36003026	0.2
10090.157335186668	1500.0	42.12054107848355	0.0	681043	1767.7866237105418	0.6732324	1.5
10090.436592954395	200.0	45.8412833107564	0.0	80403	279.257767727146	0.7116986	0.2
10104.36008046601	12000.0	35.91779579914157	0.0	5257310	13923.487511614829	0.004705182	12.0
10104.72300563726	200.0	39.55487062789385	0.0	101968	362.92517124772394	0.10562442	0.2
10116.951284467967	12000.0	31.3265917971854	0.0	4828747	12228.278830708447	0.024699252	12.0
10121.292181154126	4000.0	30.985695111025553	0.0	1830641	4340.896686159845	0.018648649	4.0
10125.322092416529	4000.0	30.955783848624108	0.0	1697030	4029.9112624014433	0.03056141	4.0
10129.49051544358	4000.0	30.787360821572324	0.0	1910697	4168.423027051783	0.016006416	4.0
10137.009868058747	8000.0	27.26800820640524	0.0	3682991	7519.352615167087	0.22050008	8.0
10151.58852958953	12000.0	16.689346675621042	0.0	5875126	14578.661530784197	0.12095539	12.0
10155.223017738543	4000.0	17.0548585266082	0.0	1750852	3634.4881490128414	0.004705182	4.0
10169.318837094524	12000.0	6.959039170627141	0.0	5646381	14095.81935598106	0.16403042	12.0

