21921.20156887623	600.0	4.0	0.7731743749780847	247108	773.1743749780848	-14.863487499561694
21922.150384753364	600.0	7.0511841228654575	0.0	309722	948.815877134542	0.6
21923.039521118597	600.0	10.16204775763526	0.0	288447	889.1363652301975	0.6
21925.13488210601	1500.0	12.06668677022336	0.0	718451	2095.360987411901	1.5
21927.24663918024	1500.0	13.954929695992146	0.0	724296	2111.7570742312146	1.5
21929.261711237465	1500.0	15.939857638767137	0.0	689829	2015.072057225008	1.5
21931.397729824097	1500.0	17.803839052134894	0.0	737903	2136.0185866322436	1.5
21937.06268370364	4000.0	16.13888517259067	0.0	2058614	5664.953879544222	4.0
21942.384989692935	4000.0	14.816579183295168	0.0	1857129	5322.3059892955	4.0
21950.17504167474	4000.0	11.026527201488802	0.0	2373154	7790.051981806368	4.0
21957.293879933015	4000.0	7.907688943213199	0.0	2094766	7118.838258275602	4.0
21962.968120425012	4000.0	6.233448451217355	0.0	1761739	5674.240491995844	4.0
21964.715527361168	1500.0	8.48604151505958	0.0	606092	1747.4069361577745	1.5
21966.853364669238	1500.0	10.348204206990323	0.0	748011	2137.8373080692586	1.5
21969.00910049688	1500.0	12.192468379345417	0.0	754517	2155.7358276449045	1.5
21971.660652277344	1500.0	13.540916598881516	0.0	934743	2651.5517804639007	1.5
21974.23307986056	1500.0	14.968489015662247	0.0	735572	2572.4275832192716	1.5
21976.942926263146	1500.0	16.25864261307534	0.0	772616	2709.846402586904	1.5
21979.56692830544	1500.0	17.634640570782867	0.0	747396	2624.0020422924736	1.5
21981.901445601106	1500.0	19.300123275118484	0.0	662349	2334.5172956643837	1.5
21984.288516011246	1500.0	20.9130528649774	0.0	835711	2387.0704101410856	1.5
21986.57042467395	1500.0	22.631144202270047	0.0	806394	2281.908662707352	1.5
21991.69992156794	4000.0	21.501647308284106	0.0	1849252	5129.496893985938	4.0
21996.889257919396	4000.0	20.312310956826956	0.0	1822097	5189.336351457153	4.0
22002.137350486264	4000.0	19.064218389960406	0.0	1836837	5248.092566866548	4.0
22009.818569616004	4000.0	15.3829992602184	0.0	1984579	7681.219129742008	4.0
22016.62596354581	4000.0	12.575605330415453	0.0	2068230	6807.393929802947	4.0
22022.75317711984	4000.0	10.448391756380518	0.0	2055338	6127.213574034933	4.0
22030.723809108727	4000.0	6.477759767494414	0.0	2165436	7970.631988886105	4.0
22033.35572560724	1500.0	7.845843268977292	0.0	707527	2631.916498517121	1.5
22036.065041353326	1500.0	9.136527522893203	0.0	757473	2709.3157460840894	1.5
22038.617342303558	1500.0	10.58422657266107	0.0	712239	2552.3009502321343	1.5
22040.897021220553	1500.0	12.304547655665365	0.0	633700	2279.6789169957046	1.5
22043.477408353327	1500.0	13.724160522892332	0.0	755142	2580.3871327730344	1.5
22045.25920484032	1500.0	15.94236403589552	0.0	670327	1781.7964869968107	1.5
22047.333445673034	1500.0	17.86812320318365	0.0	785519	2074.2408327118674	1.5
22049.14244746603	1500.0	20.059121410187444	0.0	681043	1809.0017929962078	1.5
22051.421631890767	1500.0	21.779936985453617	0.0	866245	2279.1844247338277	1.5
22057.266769129586	4000.0	19.93479974663318	0.0	2142800	5845.137238820438	4.0
22063.174034617386	4000.0	18.02753425883042	0.0	2094647	5907.265487802758	4.0
22068.651724669442	4000.0	16.54984420677406	0.0	1985434	5477.690052056361	4.0
22073.69819509809	4000.0	15.503373778125118	0.0	1830641	5046.470428648942	4.0
22078.95213905857	4000.0	14.249429817648611	0.0	1697030	5253.943960476506	4.0
22084.850055253544	4000.0	12.351513622671474	0.0	1910697	5897.916194977138	4.0
22091.418506189257	4000.0	9.783062686957456	0.0	2171279	6568.45093571402	4.0
22098.230626661796	4000.0	6.970942214417615	0.0	2042818	6812.12047253984	4.0
22104.41864359067	4000.0	4.782925285544089	0.0	1750852	6188.016928873526	4.0
22106.732020539108	1500.0	6.4695483371054285	0.0	808636	2313.37694843866	1.5

