7897.942772515268	600.0	4.0	0.8527105360877127	247108	852.7105360877127	0.008105967	-16.454210721754254
7898.331149398807	200.0	7.611623116461782	0.0	98617	388.376883538218	0.004705182	0.2
7898.744101496838	200.0	11.198671018429847	0.0	106476	412.95209803193467	0.004705182	0.2
7899.1844274882	200.0	14.758345027068225	0.0	115230	440.3259913616198	0.004705182	0.2
7899.569805563913	200.0	18.372966951355362	0.0	97658	385.3780757128618	0.004705182	0.2
7899.955183639626	200.0	21.9875888756425	0.0	97658	385.3780757128618	0.004705182	0.2
7900.397267013675	200.0	25.54550550159282	0.0	115792	442.0833740496805	0.004705182	0.2
7900.8139652762275	200.0	29.128807239040782	0.0	107674	416.6982625520355	0.004705182	0.2
7903.681583858517	1500.0	30.261188656751415	0.0	891463	2867.6185822893663	0.004705182	1.5
7920.172173604572	12000.0	17.770598910696034	0.0	5088378	16490.589746055382	0.021440048	12.0
7920.494867374355	200.0	21.447905140913463	0.0	95365	322.6937697825707	0.004705182	0.2
7920.817502611587	200.0	25.12526990368167	0.0	95342	322.6352372317921	0.3760994	0.2
7921.1581480602035	200.0	28.784624455064662	0.0	102419	340.64544861700944	0.004705182	0.2
7923.141756401092	1500.0	30.80101611417618	0.0	748011	1983.608340888486	0.004705182	1.5
7925.14192181917	1500.0	32.80085069609789	0.0	754517	2000.1654180782875	0.004705182	1.5
7927.600743215363	1500.0	34.34202929990569	0.0	934743	2458.821396192203	0.004705182	1.5
7930.084013943731	1500.0	35.85875857153684	0.0	735572	2483.2707283688515	0.004705182	1.5
7942.6471755776565	12000.0	27.295596937611887	0.0	4055239	12563.161633924954	0.004705182	12.0
7944.402411418122	1500.0	29.54036109714567	0.0	747396	1755.2358404662175	0.007442626	1.5
7945.9670203586265	1500.0	31.97575215664163	0.0	662349	1564.6089405040416	0.004705182	1.5
7955.213366904039	8000.0	26.729405611229218	0.0	3690869	9246.346545412413	0.009891994	8.0
7957.391848460216	1500.0	28.550924055052	0.0	806394	2178.481556177217	0.004705182	1.5
7959.858174558104	1500.0	30.084597957163652	0.0	809327	2466.326097888349	0.0057476764	1.5
7973.810988144862	8000.0	20.131784370406137	0.0	4032749	13952.813586757517	0.6602583	8.0
7976.458460515628	1500.0	21.484311999639647	0.0	855209	2647.4723707664884	0.004705182	1.5
7978.474434997287	1500.0	23.468337517980956	0.0	644861	2015.9744816586924	0.004705182	1.5
7981.416210195099	1500.0	24.52656232016823	0.0	794014	2941.775197812722	0.022920229	1.5
7985.018275009468	1500.0	24.92449750579928	0.0	914284	3602.064814368951	0.004705182	1.5
7987.701285555045	1500.0	26.24148696022216	0.0	675709	2683.010545577118	0.004705182	1.5
7990.12044678976	1500.0	27.82232572550766	0.0	707527	2419.1612347145006	0.004705182	1.5
7992.009499540752	1500.0	29.933272974515035	0.0	757473	1889.0527509926262	0.004705182	1.5
8000.7643935909455	8000.0	25.17837892432118	0.0	3568902	8754.894050193854	0.009217737	8.0
8002.595762495649	1500.0	27.347010019617674	0.0	633700	1831.3689047035048	0.08230241	1.5
8015.641758221012	8000.0	18.301014294254127	0.0	4271839	13045.995725363548	0.004705182	8.0
8018.03427724902	1500.0	19.90849526624576	0.0	670327	2392.519028008366	0.0336785	1.5
8020.863346604624	1500.0	21.079425910642357	0.0	785519	2829.069355603406	0.0055423486	1.5
8023.4005440970695	1500.0	22.542228418196586	0.0	681043	2537.1974924457677	0.6593094	1.5
8026.605948868639	1500.0	23.336823646627565	0.0	866245	3205.404771569026	0.72034717	1.5
8034.497988432868	4000.0	19.44478408239891	0.0	2142800	7892.039564228654	0.32144544	4.0
8037.2471495452555	1500.0	20.695622970010955	0.0	725845	2749.161112387957	0.4058508	1.5
8043.217951797182	4000.0	18.72482071808476	0.0	1985434	5970.802251926192	0.20372654	4.0
8054.345159437336	8000.0	11.597613077930022	0.0	4074581	11127.207640154738	0.51979786	8.0
8056.986398220257	1500.0	12.956374295009198	0.0	767059	2641.2387829208233	0.0122434385	1.5
8059.898018905594	1500.0	14.044753609671746	0.0	848035	2911.6206853374515	0.55707055	1.5
8067.298752201728	4000.0	10.644020313537345	0.0	2171279	7400.733296134403	0.14891163	4.0
8069.956866746608	1500.0	11.985905768658112	0.0	763847	2658.114544879232	0.07268107	1.5
8074.442911579868	4000.0	11.499860935397647	0.0	1750852	4486.044833260465	0.14747119	4.0
8079.364329167353	4000.0	10.57844334791382	0.0	2034636	4921.4175874838265	0.006326306	4.0

