18713.248670134697	600.0	4.0	1.0380614519724727	247108	1038.0614519724727	-20.161229039449452
18713.71101771636	200.0	7.537652418338665	0.0	98617	462.3475816613357	0.2
18714.909354442152	600.0	10.339315692546283	0.0	288447	1198.3367257923815	0.6
18716.073747191986	600.0	13.174922942715906	0.0	279692	1164.3927498303772	0.6
18716.532376638526	200.0	16.716293496171367	0.0	97658	458.62944654453815	0.2
18716.99100608507	200.0	20.25766404962683	0.0	97658	458.62944654453815	0.2
18717.519942791478	200.0	23.72872734321993	0.0	115792	528.9367064069013	0.2
18718.01740523211	200.0	27.231264902587963	0.0	107674	497.4624406319667	0.2
18718.466911871634	200.0	30.78175826306097	0.0	95305	449.50663952699426	0.2
18736.17003767269	12000.0	17.07863246200252	0.0	5088378	17703.12580105845	12.0
18738.089983860227	1500.0	19.15868627446608	0.0	769316	1919.9461875364357	1.5
18738.398009989167	200.0	22.850660145525442	0.0	95342	308.02612894064185	0.2
18739.92757904102	1500.0	25.321091093671154	0.0	606092	1529.5690518542879	1.5
18744.369843587087	4000.0	24.87882654760943	0.0	1805063	4442.264546061725	4.0
18744.656744449694	200.0	28.591925685001605	0.0	82750	286.90086260782596	0.2
18744.972716446195	200.0	32.27595368850204	0.0	94377	315.97199649956247	0.2
18749.642947725108	4000.0	31.60572240959218	0.0	1835863	4670.231278909864	4.0
18761.79425171401	12000.0	23.454418420688544	0.0	4055239	12151.303988903634	12.0
18762.172279617556	200.0	27.07639051714221	0.0	90919	378.0279035463318	0.2
18762.533776821056	200.0	30.714893313643003	0.0	85876	361.49720349921125	0.2
18763.533720276424	600.0	33.71494985827434	0.0	280646	999.943455368667	0.6
18763.93411363038	200.0	37.31455650431724	0.0	97742	400.39335395709986	0.2
18764.86011106134	600.0	40.388559073357364	0.0	346141	925.9974309598749	0.6
18765.147319699867	200.0	44.10135043483135	0.0	85752	287.2086385260138	0.2
18765.455802067914	200.0	47.79286806678786	0.0	94556	308.4823680434947	0.2
18766.070803502633	600.0	51.17786663206763	0.0	221407	615.0014347202296	0.6
18779.360511895215	12000.0	41.88815823948887	0.0	5138482	13289.708392578757	12.0
18785.340539411856	4000.0	39.90813072284301	0.0	2055338	5980.027516645859	4.0
18787.350722943956	1500.0	41.89794719074274	0.0	675709	2010.1835321002643	1.5
18802.1884981891	12000.0	31.060171945597844	0.0	5411094	14837.775245144898	12.0
18802.51428308613	200.0	34.73438704857267	0.0	93982	325.78489702517163	0.2
18808.590215551812	4000.0	32.65845458288764	0.0	1947068	6075.932465685032	4.0
18809.734711290756	600.0	35.51395884394713	0.0	310713	1144.4957389405165	0.6
18812.401810772575	1500.0	36.84685936212622	0.0	755142	2667.099481820907	1.5
18818.17268929749	4000.0	35.07598083721244	0.0	1828568	5770.878524913782	4.0
18819.05229782294	600.0	38.196372311766595	0.0	275745	879.608525445846	0.6
18819.95859041392	600.0	41.290079720785	0.0	284947	906.2925909815863	0.6
18825.996984723846	4000.0	39.251685410859594	0.0	1955307	6038.394309925411	4.0
18846.992351469453	12000.0	22.256318665253612	0.0	5257310	20995.36674560598	12.0
18847.308901853678	200.0	25.939768281028588	0.0	101968	316.55038422502537	0.2
18861.96210772937	12000.0	15.286562405333468	0.0	4828747	14653.20587569512	12.0
18868.83701524825	4000.0	12.411654886456262	0.0	1830641	6874.907518877207	4.0
18869.209997333877	200.0	16.03867280083037	0.0	98843	372.98208562589156	0.2
18869.577480984924	200.0	19.671189149780886	0.0	96988	367.48365104948226	0.2
18869.910065138025	200.0	23.338604996684314	0.0	85214	332.5841530965746	0.2
18872.25419600373	1500.0	24.99447413097728	0.0	763847	2344.1308657070344	1.5
18874.615056338305	1500.0	26.633613796402724	0.0	769491	2360.8603345745564	1.5
18898.704993450116	12000.0	6.5436766845932794	0.0	5646381	24089.937111809442	12.0

