8142.79550202564	600.0	4.0	0.7204769078744878	247108	720.4769078744878	-13.809538157489756
8144.773815676805	1500.0	6.02168634883608	0.0	732405	1978.313651163921	1.5
8146.522596678246	1500.0	8.27290534739434	0.0	643847	1748.7810014417391	1.5
8148.464743087668	1500.0	10.330758937972817	0.0	718451	1942.1464094215225	1.5
8150.422039097777	1500.0	12.373462927864445	0.0	724296	1957.2960101083736	1.5
8152.290000413809	1500.0	14.50550161183198	0.0	689829	1867.9613160324636	1.5
8154.27348692886	1500.0	16.5220150967811	0.0	737903	1983.486515050883	1.5
8156.364803926588	1500.0	18.430698099052616	0.0	780303	2091.316997728481	1.5
8158.7426480778295	1500.0	20.05285394781134	0.0	891463	2377.8441512412805	1.5
8160.789604403446	1500.0	22.005897622194727	0.0	763093	2046.9563256166127	1.5
8162.852601197544	1500.0	23.942900828097454	0.0	769316	2062.996794097273	1.5
8164.864857793814	1500.0	25.930644231827294	0.0	744416	2012.256596270158	1.5
8166.518688392512	1500.0	28.27681363312888	0.0	606092	1653.8305986984114	1.5
8168.541038068737	1500.0	30.254463956903166	0.0	748011	2022.349676225717	1.5
8170.580281783945	1500.0	32.2152202416947	0.0	754517	2039.2437152084653	1.5
8173.087515826498	1500.0	33.70798619914151	0.0	934743	2507.234042553192	1.5
8175.7449808396805	1500.0	35.05052118595912	0.0	735572	2657.4650131823896	1.5
8178.646420562144	1500.0	36.14908146349598	0.0	772616	2901.43972246314	1.5
8181.455761868577	1500.0	37.33974015706425	0.0	747396	2809.3413064317347	1.5
8183.844907757946	1500.0	38.950594267694704	0.0	662349	2389.1458893695435	1.5
8185.779827714665	1500.0	41.01567431097634	0.0	835711	1934.9199567183641	1.5
8187.649676506386	1500.0	43.14582551925533	0.0	806394	1869.848791721	1.5
8189.526035300049	1500.0	45.26946672559221	0.0	809327	1876.3587936631247	1.5
8191.119327756282	1500.0	47.67617426935938	0.0	681795	1593.292456232833	1.5
8193.097524909681	1500.0	49.69797711595927	0.0	855209	1978.1971534001054	1.5
8194.813950732607	1500.0	51.981551293033704	0.0	644861	1716.425822925562	1.5
8197.452861442218	1500.0	53.34264058342386	0.0	794014	2638.9107096098455	1.5
8200.47937261107	1500.0	54.31612941457176	0.0	914284	3026.511168852096	1.5
8202.737015570363	1500.0	56.05848645527915	0.0	675709	2257.642959292606	1.5
8204.96148327393	1500.0	57.83401875171208	0.0	707527	2224.4677035670766	1.5
8206.950136774827	1500.0	59.84536525081442	0.0	757473	1988.653500897666	1.5
8210.824811252764	1500.0	59.9706907728781	0.0	712239	1874.674477936313	1.5
8212.788146790892	1500.0	59.7939160713127	0.0	633700	1676.7747015654036	1.5
8216.846706382154	1500.0	59.73535648005079	0.0	755142	2058.5595912619133	1.5
8220.683040839953	1500.0	59.89902202225103	0.0	670327	1836.3344577997577	1.5
8224.821266067845	1500.0	59.76079679435874	0.0	785519	2138.225227892287	1.5
8228.687344843109	1500.0	59.89471801909608	0.0	681043	1866.078775262666	1.5
8231.176669435308	1500.0	59.54293516738567	0.0	866245	2351.7828517104035	1.5
8235.059985159562	1500.0	59.659619443130794	0.0	691256	1883.3157242548752	1.5
8239.033535019342	1500.0	59.686069583351234	0.0	725845	1973.5498597795606	1.5
8242.67940650613	1500.0	59.990337502219035	0.0	811013	2195.732081132199	1.5
8246.708860923589	1500.0	59.9608830847604	0.0	657685	2029.4544174586415	1.5
8251.062512528842	1500.0	59.6072314795065	0.0	767059	2353.6516052538955	1.5
8255.13924459528	1500.0	59.53049941306809	0.0	848035	3076.732066438409	1.5
8258.997083240023	1500.0	59.67266076832559	0.0	629438	2357.838644742497	1.5
8262.76588502578	1500.0	59.90385898256884	0.0	763847	2768.8017857567543	1.5
8267.139883976644	1500.0	59.52986003170331	0.0	769491	1873.998950865536	1.5
8271.105145968835	1500.0	59.56459803951353	0.0	808636	1965.261992189777	1.5

