6788.1336595853745	600.0	4.0	1.0620242914979758	247108	1062.0242914979758	-20.640485829959516
6791.124287736687	1500.0	5.009371848687315	0.0	732405	2990.6281513126846	1.5
6793.76298026792	1500.0	6.370679317453615	0.0	643847	2638.6925312337	1.5
6796.698154257638	1500.0	7.435505327736519	0.0	718451	2935.173989717096	1.5
6798.5859189090515	1500.0	9.547740676322853	0.0	724296	1887.7646514136652	1.5
6800.064014291913	1500.0	12.069645293461368	0.0	689829	1478.0953828614856	1.5
6801.639542571095	1500.0	14.49411701427966	0.0	737903	1575.5282791817085	1.5
6803.30100409494	1500.0	16.832655490433943	0.0	780303	1661.4615238457152	1.5
6805.1877566441835	1500.0	18.9459029411908	0.0	891463	1886.7525492431437	1.5
6806.814338188297	1500.0	21.319321397077807	0.0	763093	1626.58154411299	1.5
6808.538570574663	1500.0	23.59508901071228	0.0	769316	1724.2323863655301	1.5
6810.382929233764	1500.0	25.75073035161026	0.0	744416	1844.3586591020191	1.5
6811.899442780507	1500.0	28.234216804866964	0.0	606092	1516.5135467433008	1.5
6813.752322037473	1500.0	30.38133754790102	0.0	748011	1852.8792569659445	1.5
6815.620621324954	1500.0	32.51303826041972	0.0	754517	1868.2992874812983	1.5
6817.916078684932	1500.0	34.217580900442236	0.0	934743	2295.457359977484	1.5
6820.319793723269	1500.0	35.813865862104706	0.0	735572	2403.7150383375288	1.5
6823.043532041026	1500.0	37.0901275443477	0.0	772616	2723.738317757009	1.5
6825.680972533765	1500.0	38.452687051608336	0.0	747396	2637.4404927393657	1.5
6828.027399104051	1500.0	40.1062604813224	0.0	662349	2346.4265702859343	1.5
6831.1387198177945	1500.0	40.99493976757873	0.0	835711	3111.320713743674	1.5
6834.1918749473	1500.0	41.941784638073706	0.0	806394	3053.155129505024	1.5
6837.2558439767035	1500.0	42.87781560867007	0.0	809327	3063.9690294036322	1.5
6839.82092188318	1500.0	44.312737702193566	0.0	681795	2565.0779064764974	1.5
6842.94864088445	1500.0	45.185018700924	0.0	855209	3127.719001269573	1.5
6845.326740089296	1500.0	46.80691949607735	0.0	644861	2378.099204846649	1.5
6848.236377704281	1500.0	47.897281881091935	0.0	794014	2909.637614985411	1.5
6850.589093487855	1500.0	49.54456609751804	0.0	914284	2352.7157835738935	1.5
6852.028429620829	1500.0	52.10522996454347	0.0	675709	1439.336132974577	1.5
6853.531774605364	1500.0	54.60188498000855	0.0	707527	1503.344984534916	1.5
6855.135596870056	1500.0	56.99806271531672	0.0	757473	1603.82226469183	1.5
6856.648421071028	1500.0	59.48523851434607	0.0	712239	1512.8242009706541	1.5
6858.794858569456	1500.0	59.63041265370786	0.0	633700	1354.8258606382176	1.5
6862.783604980938	1500.0	59.6416662422246	0.0	755142	2488.7464114832537	1.5
6866.501809127669	1500.0	59.92346209549414	0.0	670327	2218.2041467304625	1.5
6870.867008767533	1500.0	59.55826245563024	0.0	785519	2365.199639863892	1.5
6874.552130219357	1500.0	59.873141003805884	0.0	681043	1685.1214518243553	1.5
6876.944245937411	1500.0	59.75152478862478	0.0	866245	2121.6162151811095	1.5
6880.706068710236	1500.0	59.98970201580067	0.0	691256	2261.8227728241145	1.5
6885.077065317196	1500.0	59.61870540884099	0.0	725845	2370.996606959678	1.5
6888.9303226006	1500.0	59.765448125436365	0.0	811013	2353.257283404626	1.5
6892.845520286232	1500.0	59.85025043980473	0.0	657685	1415.1976856316298	1.5
6896.982763345664	1500.0	59.71300738037216	0.0	767059	1637.243059432574	1.5
6900.737378793504	1500.0	59.95839193253275	0.0	848035	2754.61544783941	1.5
6904.842027581249	1500.0	59.853743144787984	0.0	629438	2104.6487877447635	1.5
6908.853773567722	1500.0	59.84199715831446	0.0	763847	2511.745986473519	1.5
6912.951675701835	1500.0	59.744095024201954	0.0	769491	1597.9021341125126	1.5
6917.1267954759705	1500.0	59.56897525006528	0.0	808636	1675.1197741366768	1.5

