3899.853079737924	600.0	4.0	1.0867293051205662	247108	1086.729305120566	-21.134586102411323
3900.334849910816	200.0	7.518229827107682	0.0	98617	481.7701728923179	0.2
3903.037912065477	1500.0	8.815167672446718	0.0	643847	2703.0621546609627	1.5
3903.587364360947	200.0	12.265715376976548	0.0	115230	549.4522954701704	0.2
3904.0652275239345	200.0	15.787852213989254	0.0	97658	477.863162987294	0.2
3905.4934474205556	600.0	18.359632317368167	0.0	330929	1428.219896621088	0.6
3906.0451893297554	200.0	21.807890408168465	0.0	115792	551.7419091997047	0.2
3906.563858135296	200.0	25.28922160262776	0.0	107674	518.6688055407022	0.2
3907.032135068558	200.0	28.820944669365723	0.0	95305	468.2769332620376	0.2
3933.505286521198	12000.0	6.3477932167261715	0.0	5088378	26473.15145263955	12.0
3933.9764573366924	200.0	9.876622401231518	0.0	95365	471.17081549465485	0.2
3934.447533810146	200.0	13.405545927778036	0.0	95342	471.0764734534827	0.2
3937.0136188718016	1500.0	14.839460866122435	0.0	606092	2566.0850616556004	1.5
3937.425321386735	200.0	18.42775835118922	0.0	80867	411.7025149332171	0.2
3937.844747643561	200.0	22.008332094363524	0.0	82750	419.4262568256979	0.2
3939.255278061178	600.0	24.59780167674617	0.0	324375	1410.5304176173508	0.6
3942.3363209102545	1500.0	25.516758827669683	0.0	735572	3081.0428490764866	1.5
3960.2640724405255	12000.0	11.58900729739856	0.0	4055239	17927.751530271125	12.0
3960.7135867668817	200.0	15.139492971042127	0.0	90919	449.51432635643164	0.2
3961.142605259058	200.0	18.71047447886574	0.0	85876	429.0184921763869	0.2
3962.363210827032	600.0	21.489868910891754	0.0	280646	1220.605567973989	0.6
3962.84045528954	200.0	25.012624448384134	0.0	97742	477.2444625076204	0.2
3963.3296200934415	200.0	28.523459644482486	0.0	100675	489.164803901646	0.2
3966.180581280192	1500.0	29.672498457731823	0.0	681795	2850.9611867506605	1.5
3967.6706158260163	600.0	32.1824639119078	0.0	346939	1490.0345458240195	0.6
3968.650461385862	600.0	35.202618352062245	0.0	221407	979.8455598455598	0.6
3969.090103734978	200.0	38.76297600294621	0.0	88490	439.64234911603336	0.2
3979.896239810794	8000.0	31.956839927130133	0.0	3354913	10806.136075816079	8.0
3980.867429093091	600.0	34.985650644833484	0.0	291029	971.1892822966507	0.6
3983.7071893422217	1500.0	36.14589039570281	0.0	707527	2839.7602491306707	1.5
3984.1626292703154	200.0	39.690450467609324	0.0	93982	455.4399280934785	0.2
3996.7833794362036	8000.0	31.06970030172068	0.0	3568902	12620.750165888647	8.0
4011.205086391736	8000.0	20.647993346188102	0.0	3713878	14421.706955532582	8.0
4011.6226431024625	200.0	24.230436635461917	0.0	89422	417.55671072618526	0.2
4012.03906555394	200.0	27.814014183984387	0.0	108225	416.42245147753107	0.2
4017.6703732806213	4000.0	26.182706457303343	0.0	1785821	5631.307726681045	4.0
4018.0677185818586	200.0	29.78536115606575	0.0	102088	397.34530123759015	0.2
4019.165649455554	600.0	32.68743028236989	0.0	327462	1097.9308736958676	0.6
4020.208869909791	600.0	35.64420982813352	0.0	309862	1043.220454236366	0.6
4021.1720297473694	600.0	38.681049990555074	0.0	284107	963.1598375784422	0.6
4038.1034353412074	12000.0	25.74964439671695	0.0	4828747	16931.405593838124	12.0
4040.0958662804337	1500.0	27.75721345749043	0.0	657685	1992.4309392265193	1.5
4046.245974276274	4000.0	25.607105461650214	0.0	1697030	6150.107995840216	4.0
4054.073905965638	4000.0	21.779173772286534	0.0	1910697	7827.9316893636815	4.0
4054.50242057416	200.0	25.350659163764256	0.0	85214	428.51460852227706	0.2
4054.9619650643317	200.0	28.891114673592735	0.0	92801	459.5444901715191	0.2
4058.1890870704156	1500.0	29.663992667509046	0.0	769491	3227.1220060836886	1.5
4072.4990971727325	8000.0	19.353982565192425	0.0	4346302	14310.01010231662	8.0

