25780.112321868102	600.0	4.0	0.7105786283891548	247108	710.5786283891548	-13.611572567783096
25780.982681038757	600.0	7.1296408293460924	0.0	309722	870.3591706539075	0.6
25781.798749938276	600.0	10.31357192982456	0.0	288447	816.0688995215311	0.6
25783.71211772137	1500.0	12.400204146730461	0.0	718451	1913.367783094099	1.5
25785.64040097496	1500.0	14.471920893141943	0.0	724296	1928.2832535885168	1.5
25787.480730161562	1500.0	16.631591706539076	0.0	689829	1840.3291866028708	1.5
25789.44373622217	1500.0	18.668585645933014	0.0	737903	1963.0060606060606	1.5
25791.901555586188	1500.0	20.210766281914704	0.0	780303	2457.8193640183085	1.5
25794.853421248816	1500.0	21.25890061928836	0.0	891463	2951.865662626344	1.5
25797.391740420884	1500.0	22.720581447218937	0.0	763093	2538.3191720694235	1.5
25799.95010711037	1500.0	24.16221475773317	0.0	769316	2558.366689485765	1.5
25806.822797818804	4000.0	21.28952404929572	0.0	1761739	6872.69070843745	4.0
25809.263543716854	1500.0	22.8487781512481	0.0	606092	2440.7458980476167	1.5
25811.58940761979	1500.0	24.52291424831546	0.0	748011	2325.8639029326423	1.5
25813.477554281264	1500.0	26.634767586841054	0.0	754517	1888.1466614744033	1.5
25815.79759981342	1500.0	28.31472205468397	0.0	934743	2320.0455321570857	1.5
25820.277115734698	4000.0	27.835206133406675	0.0	1835863	4479.515921277297	4.0
25829.172583461543	4000.0	22.939738406562217	0.0	2192675	8895.46772684446	4.0
25832.270783487395	1500.0	23.841538380711132	0.0	747396	3098.2000258510852	1.5
25834.914053611235	1500.0	25.198268256872122	0.0	662349	2643.270123839009	1.5
25838.228229307828	1500.0	25.884092560277693	0.0	835711	3314.1756965944273	1.5
25841.31671125677	1500.0	26.795610611331583	0.0	806394	3088.48194894611	1.5
25843.213178544396	1500.0	28.899143323709545	0.0	809327	1896.4672876220402	1.5
25847.38272404995	4000.0	28.729597818154613	0.0	1822097	4169.545505554932	4.0
25851.600675105907	4000.0	28.511646762194648	0.0	1836837	4217.951055959967	4.0
25856.50661914591	4000.0	27.605702722192824	0.0	1984579	4905.944040001824	4.0
25861.61425063344	4000.0	26.498071234660213	0.0	2068230	5107.631487532609	4.0
25866.53297287937	4000.0	25.579348988732278	0.0	2055338	4918.722245927932	4.0
25871.710890275597	4000.0	24.401431592501975	0.0	2165436	5177.917396230303	4.0
25876.80179641872	4000.0	23.310525449379217	0.0	2002600	5090.906143122758	4.0
25882.93710913733	4000.0	21.17521273076838	0.0	2290706	6135.312718610836	4.0
25890.03609976458	4000.0	18.076222103515317	0.0	1947068	7098.990627253064	4.0
25892.492344258382	1500.0	19.61997760971342	0.0	633700	2456.2444938018953	1.5
25895.991210132746	1500.0	20.12111173535009	0.0	755142	3498.8658743633277	1.5
25899.10608053456	1500.0	21.006241333539116	0.0	670327	3114.8704018109793	1.5
25902.527432520248	1500.0	21.584889347848343	0.0	785519	3421.3519856907687	1.5
25904.251669603782	1500.0	23.86065226431382	0.0	681043	1724.2370835345243	1.5
25906.423038507695	1500.0	25.689283360402666	0.0	866245	2171.368903911154	1.5
25908.17193276168	1500.0	27.940389106419083	0.0	691256	1748.894253983583	1.5
25918.61880100608	4000.0	21.493520862022002	0.0	2094647	10446.86824439708	4.0
25924.29358469198	1500.0	19.81873717612325	0.0	811013	5674.783685898756	1.5
25926.091450696942	1500.0	22.02087117116047	0.0	657685	1797.8660049627792	1.5
25928.175000390034	1500.0	23.937321478069183	0.0	767059	2083.5496930912896	1.5
25930.47005850679	1500.0	25.642263361313272	0.0	848035	2295.05811675591	1.5
25932.19414365763	1500.0	27.918178210470906	0.0	629438	1724.0851508423666	1.5
25934.124700127984	1500.0	29.98762174011835	0.0	763847	1930.5564703525558	1.5
25938.221049036212	4000.0	29.891272831890273	0.0	1750852	4096.348908228075	4.0
25942.968381327715	4000.0	29.143940540387884	0.0	2034636	4747.332291502387	4.0

