6613.768071371963	600.0	4.0	0.9197536213414893	247108	919.7536213414893	-17.795072426829783
6616.337022563502	1500.0	5.431048808461833	0.0	732405	2568.951191538167	1.5
6618.605024772413	1500.0	7.1630465995497214	0.0	643847	2268.0022089121107	1.5
6621.1265557184215	1500.0	8.641515653540631	0.0	718451	2521.5309460090903	1.5
6623.7679821289585	1500.0	10.000089243004343	0.0	724296	2641.426410536289	1.5
6626.751073741047	1500.0	11.01699763091565	0.0	689829	2983.0916120886927	1.5
6629.936481037399	1500.0	11.831590334563826	0.0	737903	3185.4072963518242	1.5
6633.3003254309915	1500.0	12.467745940971149	0.0	780303	3363.8443935926775	1.5
6635.53817526734	1500.0	14.229896104621512	0.0	891463	2237.8498363496365	1.5
6637.393326183304	1500.0	16.37474518865757	0.0	763093	1855.1509159639431	1.5
6639.262953400519	1500.0	18.505117971443262	0.0	769316	1869.6272172143067	1.5
6641.07465680267	1500.0	20.693414569291477	0.0	744416	1811.7034021517884	1.5
6642.56458294399	1500.0	23.203488427971322	0.0	606092	1489.9261413201514	1.5
6646.9464609627275	4000.0	22.821610409233966	0.0	1805063	4381.878018737357	4.0
6652.224662302989	4000.0	21.543409068973443	0.0	2157416	5278.201340260523	4.0
6659.727843164696	4000.0	18.040228207265265	0.0	2231719	7503.180861708177	4.0
6666.733637341134	4000.0	15.03443403082776	0.0	1835863	7005.7941764375055	4.0
6674.752850936732	4000.0	11.015220435229354	0.0	2192675	8019.213595598407	4.0
6679.942790821409	4000.0	9.825280550552627	0.0	2082556	5189.939884676727	4.0
6681.647987729763	1500.0	12.120083642197823	0.0	662349	1705.1969083548033	1.5
6682.416605077328	600.0	15.351466294633108	0.0	280646	768.617347564716	0.6
6683.259311493719	600.0	18.508759878242483	0.0	310841	842.7064163906269	0.6
6687.710372140946	4000.0	18.05769923101605	0.0	1849252	4451.060647226434	4.0
6692.0278686161855	4000.0	17.740202755776583	0.0	1822097	4317.496475239465	4.0
6697.9529844565795	4000.0	15.815086915382851	0.0	1836837	5925.115840393732	4.0
6706.245232679452	4000.0	11.522838692509975	0.0	1984579	8292.248222872877	4.0
6711.541367355765	4000.0	10.226704016196548	0.0	2068230	5296.134676313426	4.0
6716.920200813983	4000.0	8.847870557978379	0.0	2055338	5378.83345821817	4.0
6718.8187310321455	1500.0	10.949340339815521	0.0	675709	1898.530218162857	1.5
6720.802892778794	1500.0	12.96517859316702	0.0	707527	1984.1617466485004	1.5
6722.921473795092	1500.0	14.846597576867884	0.0	757473	2118.5810162991374	1.5
6724.91831690959	1500.0	16.849754462370232	0.0	712239	1996.8431144976537	1.5
6731.39221301862	4000.0	14.375858353340673	0.0	2544033	6473.896109029558	4.0
6736.768458389354	4000.0	12.999612982607232	0.0	2125133	5376.24537073344	4.0
6741.360168722908	4000.0	12.407902649052865	0.0	1828568	4591.710333554367	4.0
6745.841818173036	4000.0	11.926253198925263	0.0	1785821	4481.649450127603	4.0
6750.893568754785	4000.0	10.874502617176608	0.0	2096494	5051.750581748655	4.0
6755.610500086211	4000.0	10.157571285750324	0.0	1955307	4716.9313314262845	4.0
6763.273714347036	4000.0	6.494357024925377	0.0	2142800	7663.214260824947	4.0
6765.971435523638	1500.0	7.7966358483221985	0.0	725845	2697.7211766031787	1.5
6769.243101431132	1500.0	8.524969940828711	0.0	811013	3271.6659074934882	1.5
6771.917199791788	1500.0	9.850871580172972	0.0	657685	2674.098360655738	1.5
6775.022700592971	1500.0	10.745370778989685	0.0	767059	3105.5008011832865	1.5
6778.096999501727	1500.0	11.671071870234737	0.0	848035	3074.2989087549486	1.5
6780.24106902132	1500.0	13.52700235064136	0.0	629438	2144.069519593376	1.5
6782.825896042143	1500.0	14.942175329818275	0.0	763847	2584.8270208230856	1.5
6788.261679889785	4000.0	13.506391482176078	0.0	1750852	5435.783847642196	4.0
6793.751776777093	4000.0	12.016294594867817	0.0	2034636	5490.096887308261	4.0

