17834.973016513708	600.0	4.0	1.0886812766283134	247108	1088.6812766283133	0.012767462	-21.173625532566266
17835.45556568839	200.0	7.517450825318264	0.0	98617	482.54917468173585	0.004705182	0.2
17835.970194869195	200.0	11.00282164451361	0.0	106476	514.6291808046534	0.004705182	0.2
17836.520557396936	200.0	14.45245911676914	0.0	115230	550.3625277444703	0.004705182	0.2
17836.999191986317	200.0	17.9738245273873	0.0	97658	478.63458938184044	0.004705182	0.2
17837.4778265757	200.0	21.49518993800546	0.0	97658	478.63458938184044	0.004705182	0.2
17838.030483156563	200.0	24.94253335714468	0.0	115792	552.6565808607802	0.004705182	0.2
17838.550002507534	200.0	28.42301400617394	0.0	107674	519.5193509707376	0.004705182	0.2
17839.019032280223	200.0	31.953984233487255	0.0	95305	469.02977268668513	0.004705182	0.2
17839.52937133678	200.0	35.4436451769268	0.0	105425	510.339056560451	0.004705182	0.2
17839.99864602617	200.0	38.97437048753731	0.0	95365	469.2746893894941	0.004705182	0.2
17840.467826830827	200.0	42.50518968288389	0.0	95342	469.18080465341734	0.004705182	0.2
17840.965895560577	200.0	46.00712095313416	0.0	102419	498.0687297497258	0.004705182	0.2
17841.37599021068	200.0	49.59702630303339	0.0	80867	410.094650100773	0.004705182	0.2
17841.793771163302	200.0	53.17924535040946	0.0	82750	417.78095262392526	0.004705182	0.2
17842.259012890987	200.0	56.71400362272622	0.0	94377	465.241727683241	0.11243075	0.2
17843.20586137429	200.0	59.76715513942392	0.0	89871	446.84848330229346	0.0054072863	0.2
17857.362695727352	12000.0	49.61032078636154	0.0	4055239	14156.834353062386	0.004705182	12.0
17857.792300149365	200.0	53.1807163643476	0.0	90919	429.604422013939	0.018817103	0.2
17858.20251307895	200.0	56.77050343476337	0.0	85876	410.2129295842346	0.20736139	0.2
17878.321236979216	12000.0	40.6517795344965	0.0	5251330	20118.723900266876	0.022455024	12.0
17878.72063570887	200.0	44.2523808048435	0.0	97742	399.39872965300333	0.004705182	0.2
17894.613288853667	12000.0	32.35972766004495	0.0	5141915	15892.65314479854	0.62351376	12.0
17894.945426460254	200.0	36.02759005345865	0.0	85752	332.13760658629815	0.004705182	0.2
17895.30345057081	200.0	39.669565942902935	0.0	94556	358.0241105557189	0.004705182	0.2
17906.20601212071	8000.0	32.76700439300394	0.0	3253093	10902.561549898997	0.004705182	8.0
17926.46874437313	12000.0	16.504272140580643	0.0	5138482	20262.73225242329	0.61498725	12.0
17926.950831228558	200.0	20.022185285153995	0.0	103756	482.0868554266476	0.27444816	0.2
17927.395083414478	200.0	23.57793309923591	0.0	93993	444.2521859180856	0.006261708	0.2
17927.851310313985	200.0	27.121706199727587	0.0	97083	456.22689950831983	0.004705182	0.2
17928.295519871474	200.0	30.67749664223976	0.0	93982	444.20955748782904	0.026943974	0.2
17928.834829581552	200.0	34.138186932161524	0.0	118522	539.3097100782329	0.69931567	0.2
17931.37061469551	1500.0	35.602401818203134	0.0	633700	2535.785113958389	0.052766785	1.5
17931.797152831	200.0	39.175863682712546	0.0	89422	426.53813549059026	0.034212288	0.2
17932.296558455047	200.0	42.676458058666235	0.0	108225	499.40562404631	0.024863686	0.2
17932.716775956924	200.0	46.25624055678913	0.0	87791	420.2175018771042	0.11849741	0.2
17935.436029959397	1500.0	47.536986554318624	0.0	681043	2719.2540024705113	0.45434317	1.5
17935.82761665739	200.0	51.14539985632652	0.0	80403	391.58669799210406	0.30622572	0.2
17955.186803462282	12000.0	35.786213051433485	0.0	5257310	19359.18680489303	0.11355958	12.0
17955.606739287592	200.0	39.36627722612199	0.0	101968	419.93582531149724	0.45566332	0.2
17968.237114912667	8000.0	30.735901601049925	0.0	3189942	12630.375625072062	0.5104588	8.0
17974.30853512663	4000.0	28.664481387087115	0.0	1830641	6071.420213962812	0.011571284	4.0
17980.43466084335	4000.0	26.53835567036889	0.0	1697030	6126.125716718224	0.023217075	4.0
17987.885988255315	4000.0	23.087028258403834	0.0	1910697	7451.3274119650605	0.0075188526	4.0
18001.175935197993	8000.0	13.797081315723258	0.0	3682991	13289.946942680575	0.0732793	8.0
18009.06532535774	4000.0	9.907691155977838	0.0	2042818	7889.390159745419	0.4603697	4.0
18015.26825594001	4000.0	7.70476057370821	0.0	1750852	6202.930582269628	0.010672579	4.0
18018.15504282554	1500.0	8.817973688179743	0.0	808636	2886.7868855284673	0.035047237	1.5

