15838.397838066794	600.0	4.0	0.6586733797787014	247108	658.6733797787015	0.014260978	-12.573467595574028
15838.70877770733	200.0	7.689060359463731	0.0	98617	310.93964053626837	0.004705182	0.2
15839.03812142257	200.0	11.359716644224576	0.0	106476	329.3437152391547	0.004705182	0.2
15839.387965108535	200.0	15.009872958257713	0.0	115230	349.84368596686375	0.004705182	0.2
15839.696658978919	200.0	18.701179087875417	0.0	97658	308.6938703822961	0.004705182	0.2
15840.0053528493	200.0	22.39248521749312	0.0	97658	308.6938703822961	0.004705182	0.2
15840.356512617465	200.0	26.041325449329666	0.0	115792	351.1597681634565	0.004705182	0.2
15840.68866178906	200.0	29.709176277735494	0.0	107674	332.14917159416893	0.004705182	0.2
15840.991845443412	200.0	33.40599262338271	0.0	95305	303.18365435278963	0.004705182	0.2
15841.318727944437	200.0	37.07911012235818	0.0	105425	326.88250102453026	0.015190148	0.2
15841.622052105786	200.0	40.77578596100931	0.0	95365	303.32416134886716	0.004705182	0.2
15841.925322406121	200.0	44.47251566067561	0.0	95342	303.2703003337041	0.004705182	0.2
15842.245165506642	200.0	48.15267256015457	0.0	102419	319.8431005210468	0.011906553	0.2
15842.514538494172	200.0	51.883299572624566	0.0	80867	269.37298753000414	0.004705182	0.2
15842.788321059596	200.0	55.60951700720099	0.0	82750	273.7825654235701	0.013699456	0.2
15855.816997894679	12000.0	46.580840172117725	0.0	5443841	13028.67683508327	0.008485084	12.0
15856.113848445124	200.0	50.283989621672845	0.0	89871	296.8505504448801	0.004705182	0.2
15867.811622805759	12000.0	42.58621526103697	0.0	4055239	11697.774360635878	0.004705182	12.0
15868.170136332208	200.0	46.22770173458716	0.0	90919	358.5135264498095	0.004705182	0.2
15868.51320156167	200.0	49.88463650512573	0.0	85876	343.065229461431	0.036192752	0.2
15882.088067132805	12000.0	40.3097709339909	0.0	5251330	13574.865571134824	0.6571496	12.0
15882.38489814606	200.0	44.012939920735946	0.0	97742	296.8310132549498	0.032379974	0.2
15896.10482790393	12000.0	34.29301016286577	0.0	5141915	13719.92975787017	0.064808786	12.0
15896.474023781087	200.0	37.92381428570792	0.0	85752	369.19587715785264	0.004705182	0.2
15896.872910866643	200.0	41.524927200152625	0.0	94556	398.8870855552979	0.004705182	0.2
15906.551510521664	8000.0	35.84632754513221	0.0	3253093	9678.599655020418	0.0052972916	8.0
15922.291008883207	12000.0	24.106829183590165	0.0	5138482	15739.498361542046	0.13283885	12.0
15930.405676793216	8000.0	19.992161273580706	0.0	3354913	8114.667910009459	0.0052145505	8.0
15930.719992956625	200.0	23.677845110170406	0.0	93993	314.31616341030195	0.012311561	0.2
15931.04201221436	200.0	27.35582585243459	0.0	97083	322.01925773581377	0.005299971	0.2
15931.356300955751	200.0	31.04153711104292	0.0	93982	314.2887413916675	0.04091048	0.2
15940.334220362736	8000.0	26.063617704059723	0.0	3568902	8977.919406983197	0.05587501	8.0
15942.038701657297	1500.0	28.359136409499122	0.0	633700	1704.4812945606027	0.04409802	1.5
15942.347933732919	200.0	32.04990433387628	0.0	89422	309.2320756228471	0.039796334	0.2
15942.70536704222	200.0	35.69247102457563	0.0	108225	357.43330930064883	0.015877735	0.2
15943.01041807162	200.0	39.38741999517565	0.0	87791	305.051029399984	0.1730968	0.2
15943.352119265244	200.0	43.04571880155232	0.0	102088	341.7011936233277	0.46512774	0.2
15943.638231257552	200.0	46.75960680924278	0.0	80403	286.11199230954094	0.46233678	0.2
15956.461888211845	12000.0	37.935949854950486	0.0	5257310	12823.656954292295	0.004705182	12.0
15956.77302627234	200.0	41.62481179445604	0.0	101968	311.13806049443934	0.07286797	0.2
15970.088638371228	12000.0	32.30919969556818	0.0	4828747	13315.612098887861	0.004799323	12.0
15976.459169963366	4000.0	29.938668103429944	0.0	1830641	6370.53159213824	0.022876084	4.0
15982.308157797675	4000.0	28.089680269119835	0.0	1697030	5848.987834310107	0.009293965	4.0
15988.095883941698	4000.0	26.30195412509713	0.0	1910697	5787.726144022703	0.012785181	4.0
15998.829799477384	8000.0	19.568038589412964	0.0	3682991	10733.915535684167	0.0058096494	8.0
16003.885206590972	4000.0	18.51263147582406	0.0	2042818	5055.407113588904	0.05907135	4.0
16007.675326581437	4000.0	18.722511485359725	0.0	1750852	3790.119990464334	0.004705182	4.0
16012.119405615518	4000.0	18.2784324512796	0.0	2034636	4444.079034080129	0.2702477	4.0

