11135.06161156299	600.0	4.0	0.8277216937420807	247108	827.7216937420807	-15.954433874841614
11135.440015784106	200.0	7.621595778883068	0.0	98617	378.40422111693175	0.2
11136.392824755872	600.0	10.668786807118405	0.0	288447	952.8089717646615	0.6
11137.31914205829	600.0	13.742469504699583	0.0	279692	926.3173024188211	0.6
11139.590782279936	1500.0	15.47082928305312	0.0	724296	2271.6402216464626	1.5
11141.75812914152	1500.0	17.30348242146869	0.0	689829	2167.3468615844317	1.5
11144.07094265212	1500.0	18.990668910868617	0.0	737903	2312.8135106000723	1.5
11146.162838279288	1500.0	20.898773283700862	0.0	780303	2091.895627167757	1.5
11148.365274480053	1500.0	22.696337082936015	0.0	891463	2202.436200764847	1.5
11150.262081467836	1500.0	24.799530095152733	0.0	763093	1896.8069877832836	1.5
11155.315063904889	4000.0	23.746547658098738	0.0	2094766	5052.982437053995	4.0
11159.310528893568	4000.0	23.751082669419596	0.0	1761739	3995.4649886791403	4.0
11164.127365442582	4000.0	22.934246120406527	0.0	2131310	4816.836549013072	4.0
11168.360356076304	4000.0	22.701255486684698	0.0	1805063	4232.990633721828	4.0
11173.471570056976	4000.0	21.59004150601161	0.0	2157416	5111.213980673089	4.0
11178.935130756385	4000.0	20.126480806603137	0.0	2231719	5463.560699408474	4.0
11183.532927058948	4000.0	19.52868450404077	0.0	1835863	4597.796302562368	4.0
11185.514224545797	1500.0	21.547387017190974	0.0	772616	1981.2974868497954	1.5
11190.178613553457	4000.0	20.882998009531555	0.0	2082556	4664.389007659417	4.0
11191.711133290299	1500.0	23.350478272689447	0.0	662349	1532.5197368421052	1.5
11197.074937269635	4000.0	21.986674293352646	0.0	2379358	5363.803979336801	4.0
11201.69077847397	4000.0	21.370833089016575	0.0	1950922	4615.841204336075	4.0
11206.07023966145	4000.0	20.991371901536553	0.0	1849252	4379.46118748002	4.0
11210.564348351469	4000.0	20.497263211518106	0.0	1822097	4494.108690018445	4.0
11215.094319885598	4000.0	19.967291677389344	0.0	1836837	4529.971534128762	4.0
11221.061134451289	4000.0	18.000477111698732	0.0	1984579	5966.8145656906145	4.0
11223.630499188523	1500.0	19.431112374464732	0.0	794014	2569.364737234001	1.5
11226.552382868618	1500.0	20.509228694369	0.0	914284	2921.8836800957292	1.5
11228.246160818882	1500.0	22.815450744104798	0.0	675709	1693.777950264203	1.5
11230.01592885781	1500.0	25.04568270517594	0.0	707527	1769.7680389288594	1.5
11231.904981608805	1500.0	27.156629954183312	0.0	757473	1889.0527509926262	1.5
11236.635112665315	4000.0	26.42649889767079	0.0	1947068	4730.131056512523	4.0
11238.649567427452	1500.0	28.412044135534288	0.0	633700	2014.4547621365023	1.5
11245.382302312993	4000.0	25.6793092499933	0.0	2125133	6732.73488554099	4.0
11250.07441704456	4000.0	24.987194518427636	0.0	1828568	4692.114731565661	4.0
11254.247637684619	4000.0	24.813973878368046	0.0	1785821	4173.220640059593	4.0
11259.216625754956	4000.0	23.84498580803121	0.0	2096494	4968.988070336834	4.0
11263.971737384114	4000.0	23.089874178873135	0.0	1955307	4755.111629158075	4.0
11269.19184130945	4000.0	21.869770253536984	0.0	2142800	5220.103925336153	4.0
11274.326034040563	4000.0	20.735577522425537	0.0	2094647	5134.192731111446	4.0
11279.238714353363	4000.0	19.822897209624298	0.0	1985434	4912.680312801241	4.0
11283.846151713284	4000.0	19.215459849704676	0.0	1830641	4607.437359919623	4.0
11288.163090549233	4000.0	18.89852101375622	0.0	1697030	4316.938835948456	4.0
11290.526860094618	1500.0	20.53475146837053	0.0	848035	2363.76954538569	1.5
11292.301945008694	1500.0	22.759666554294487	0.0	629438	1775.084914076044	1.5
11297.883281079923	4000.0	21.178330483064286	0.0	2042818	5581.336071230203	4.0
11302.097056019917	4000.0	20.964555543071288	0.0	1750852	4213.774939992997	4.0
11304.084497564956	1500.0	22.97711399803222	0.0	808636	1987.4415450390682	1.5

