2754.3047845080696	600.0	4.0	0.7084836827798886	247108	708.4836827798886	0.013666014	-13.569673655597773
2754.635602673992	200.0	7.669181834077795	0.0	98617	330.81816592220514	0.004705182	0.2
2754.986409076891	200.0	11.31837543117837	0.0	106476	350.80640289942613	0.004705182	0.2
2755.3594800206347	200.0	14.945304487434232	0.0	115230	373.07094374413833	0.004705182	0.2
2755.687859107888	200.0	18.616925400181216	0.0	97658	328.3790872530163	0.004705182	0.2
2756.016238195141	200.0	22.2885463129282	0.0	97658	328.3790872530163	0.004705182	0.2
2756.3907385051125	200.0	25.914046002956653	0.0	115792	374.5003099715462	0.004705182	0.2
2756.744591848831	200.0	29.56019265923795	0.0	107674	353.85334371870476	0.004705182	0.2
2769.670737071668	12000.0	20.634047436400703	0.0	6619479	12926.145222837247	0.55319893	12.0
2769.9043870324995	200.0	24.400397475569235	0.0	105425	233.64996083146602	0.0053989235	0.2
2771.105614191779	1500.0	27.199170316289937	0.0	769316	1201.227159279299	0.004705182	1.5
2771.324568847369	200.0	30.980215660699766	0.0	95342	218.9546555901696	0.004705182	0.2
2772.2879078282585	1500.0	34.016876679810366	0.0	606092	963.338980889399	0.004705182	1.5
2773.4580843599306	1500.0	36.84670014813851	0.0	748011	1170.1765316718588	0.13574022	1.5
2774.637742956057	1500.0	39.66704155201164	0.0	754517	1179.6585961268697	0.004705182	1.5
2776.2735231297443	1500.0	42.031261378324494	0.0	934743	1635.7801736871431	0.004705182	1.5
2786.517018266298	12000.0	35.787766241771216	0.0	5964284	10243.495136553287	0.004705182	12.0
2793.798490441041	12000.0	32.50629406702815	0.0	4055239	7281.4721747430585	0.004705182	12.0
2802.7175257204112	12000.0	27.587258787657987	0.0	5385367	8919.035279370166	0.084850445	12.0
2802.936756817021	200.0	31.36802769104854	0.0	85876	219.23109660944814	0.004705182	0.2
2804.371698348748	1500.0	33.93308615932165	0.0	835711	1434.9415317268913	0.33566362	1.5
2811.1218962005146	8000.0	31.18288830755516	0.0	3905272	6750.197851766486	0.004705182	8.0
2812.595920594697	1500.0	33.708863913372724	0.0	809327	1474.024394182429	0.4958341	1.5
2822.997990214622	8000.0	27.306794293447428	0.0	4032749	10402.069619925298	0.004705182	8.0
2825.6885945494405	1500.0	28.61618995862915	0.0	855209	2690.6043348182743	0.004705182	1.5
2826.8945345081906	1500.0	31.410249999878864	0.0	644861	1205.9399587502865	0.015038656	1.5
2834.437902361787	8000.0	27.866882146282613	0.0	4274504	7543.3678535962545	0.004705182	8.0
2841.425594457635	8000.0	24.879190050435042	0.0	3354913	6987.692095847573	0.49158671	8.0
2842.958283008217	1500.0	27.346501499852558	0.0	675709	1532.6885505824814	0.021099098	1.5
2852.7271516199885	8000.0	21.577632888081535	0.0	4435580	9768.868611771024	0.004705182	8.0
2854.47348390839	1500.0	23.831300599680283	0.0	757473	1746.332288401254	0.018844282	1.5
2868.5968230914223	8000.0	13.707961416647581	0.0	3568902	14123.3391830327	0.1118134	8.0
2870.0926949546833	1500.0	16.212089553386352	0.0	633700	1495.871863261231	0.6913532	1.5
2871.8599039030296	1500.0	18.444880605040428	0.0	755142	1767.2089483459245	0.009830741	1.5
2876.0254617083942	4000.0	18.27932279967533	0.0	1828568	4165.557805365098	0.3407141	4.0
2880.575098902213	4000.0	17.7296856058568	0.0	1785821	4549.6371938185275	0.6253085	4.0
2885.9599926269093	4000.0	16.344791881160443	0.0	2096494	5384.893724696357	0.4638391	4.0
2888.358707913396	1500.0	17.94607659467362	0.0	866245	2398.715286486822	0.6649251	1.5
2890.3268373840074	1500.0	19.97794712406229	0.0	691256	1968.1294706113322	0.2533818	1.5
2901.690288618087	8000.0	12.614495889982763	0.0	4253567	11363.451234079525	0.0668343	8.0
2906.846015457955	4000.0	11.458769050114421	0.0	1985434	5155.726839868342	0.014667876	4.0
2908.590998751349	1500.0	13.71378575672036	0.0	657685	1744.9832933940602	0.30560413	1.5
2912.9663936859356	4000.0	13.338390822134121	0.0	1697030	4375.39493458624	0.10192394	4.0
2917.5671406037814	4000.0	12.737643904288571	0.0	1910697	4600.7469178455485	0.015339011	4.0
2920.8804659330194	4000.0	13.424318575050359	0.0	2171279	3313.325329238215	0.021685032	4.0
2926.848658031302	8000.0	11.456126476767515	0.0	3954105	5968.192098282843	0.022106769	8.0
2930.1550512435697	4000.0	12.149733264499849	0.0	1750852	3306.3932122676642	0.05744944	4.0
2938.464311499988	8000.0	7.840473008081355	0.0	4346302	8309.260256418494	0.21570644	8.0

