31149.767797007837	600.0	4.0	0.582392436910722	247108	582.3924369107219	-11.047848738214439
31150.47748924906	600.0	7.290307758774048	0.0	309722	709.6922412259522	0.6
31151.143927532117	600.0	10.6238694757173	0.0	288447	666.4382830567486	0.6
31152.684602009234	1500.0	13.083194998602252	0.0	718451	1540.6744771150472	1.5
31154.237159888722	1500.0	15.530637119113573	0.0	724296	1552.557879488678	1.5
31155.719643306344	1500.0	18.048153701491778	0.0	689829	1482.4834176217946	1.5
31157.299865421264	1500.0	20.46793158657145	0.0	737903	1580.2221149203283	1.5
31161.535889660936	4000.0	20.231907346901103	0.0	2058614	4236.024239670348	4.0
31165.327966815606	4000.0	20.439830192229472	0.0	1857129	3792.077154671631	4.0
31170.201031527373	4000.0	19.5667654804595	0.0	2373154	4873.064711769971	4.0
31175.717128518696	4000.0	18.050668489136818	0.0	2094766	5516.096991322683	4.0
31180.321635091357	4000.0	17.446161916475553	0.0	1761739	4604.506572661263	4.0
31181.64135640095	1500.0	20.1264406068863	0.0	606092	1319.7213095892512	1.5
31185.413494007535	4000.0	20.354303000300003	0.0	1805063	3772.1376065862983	4.0
31189.90634649338	4000.0	19.861450514458244	0.0	2157416	4492.8524858417595	4.0
31192.104081763908	1500.0	21.663715243928262	0.0	934743	2197.7352705299804	1.5
31196.478498138178	4000.0	21.289298869659255	0.0	1835863	4374.416374269006	4.0
31201.748390891353	4000.0	20.0194061164841	0.0	2192675	5269.892753175155	4.0
31206.978850123134	4000.0	18.78894688470421	0.0	2082556	5230.459231779891	4.0
31208.69693405543	1500.0	21.070862952406504	0.0	662349	1718.0839322977045	1.5
31210.84376704098	1500.0	22.924029966858935	0.0	835711	2146.8329855475695	1.5
31215.533101920897	4000.0	22.234695086943937	0.0	1950922	4689.334879915001	4.0
31219.981306246576	4000.0	21.78649076126297	0.0	1849252	4448.204325680963	4.0
31224.687945942853	4000.0	21.079851064985217	0.0	1822097	4706.639696277754	4.0
31229.536164516412	4000.0	20.231632491424314	0.0	1836837	4848.218573560906	4.0
31233.945147371323	4000.0	19.822649636513496	0.0	1984579	4408.982854910816	4.0
31235.602136447786	1500.0	22.16566056004875	0.0	794014	1656.9890764647466	1.5
31239.76423773875	4000.0	22.00355926908549	0.0	2055338	4162.101290963257	4.0
31244.05133340575	4000.0	21.716463602084794	0.0	2165436	4287.095667000695	4.0
31247.967548146426	4000.0	21.800248861411454	0.0	2002600	3916.2147406733397	4.0
31252.73898064809	4000.0	21.02881635974888	0.0	2290706	4771.432501662574	4.0
31258.01757357937	4000.0	19.750223428466967	0.0	1947068	5278.592931281914	4.0
31259.789526988578	1500.0	21.978270019262283	0.0	633700	1771.953409204686	1.5
31265.13226029291	4000.0	20.635536714928595	0.0	2125133	5342.733304333688	4.0
31269.54253795557	4000.0	20.225259052268008	0.0	1828568	4410.277662660589	4.0
31273.8336837879	4000.0	19.934113219937323	0.0	1785821	4291.145832330682	4.0
31275.51031489797	1500.0	22.257482109868164	0.0	681043	1676.6311100691596	1.5
31280.174319117876	4000.0	21.593477889964284	0.0	1955307	4664.00421990388	4.0
31284.70745915621	4000.0	21.06033785162861	0.0	2142800	4533.140038335674	4.0
31288.755767959716	4000.0	21.012029048123786	0.0	2094647	4048.3088035048254	4.0
31292.628373261432	4000.0	21.13942374640315	0.0	1985434	3872.605301720637	4.0
31296.997723347835	4000.0	20.770073660001838	0.0	1830641	4369.350086401312	4.0
31301.054011313157	4000.0	20.71378569467952	0.0	1697030	4056.287965322321	4.0
31305.8318993708	4000.0	19.93589763703679	0.0	1910697	4777.888057642729	4.0
31311.386287016565	4000.0	18.381509991275678	0.0	2171279	5554.38764576111	4.0
31313.47019768124	1500.0	20.297599326599716	0.0	763847	2083.910664675959	1.5
31318.61861185866	4000.0	19.149185149182987	0.0	1750852	5148.414177416729	4.0
31321.039473431636	1500.0	20.7283235762062	0.0	808636	2420.861572976787	1.5

