19421.431164800448	600.0	4.0	0.943806340259116	247108	943.806340259116	-18.27612680518232
19421.855896617537	200.0	7.575268182910577	0.0	98617	424.7318170894235	0.2
19422.30810085166	200.0	11.123063948788534	0.0	106476	452.20423412204235	0.2
19422.79090612137	200.0	14.64025867907627	0.0	115230	482.8052697122632	0.2
19423.21228559746	200.0	18.21887920298879	0.0	97658	421.37947608747896	0.2
19423.633665073547	200.0	21.79749972690131	0.0	97658	421.37947608747896	0.2
19426.293125430544	1500.0	23.138039369906707	0.0	737903	2659.460356994604	1.5
19426.749517469172	200.0	26.68164733127963	0.0	107674	456.3920386270783	0.2
19427.84578715959	600.0	29.5853776408643	0.0	290723	1096.2696904153286	0.6
19444.963313857857	12000.0	16.467850942596016	0.0	5088378	17117.526698268288	12.0
19447.570996466642	1500.0	17.86016833381108	0.0	769316	2607.6826087849354	1.5
19447.964254367536	200.0	21.466910432913696	0.0	95342	393.25790089738587	0.2
19448.380764624842	200.0	25.05040017560832	0.0	102419	416.51025730537816	0.2
19449.337398503725	600.0	28.09376629672461	0.0	266809	956.6338788837095	0.6
19449.689283835472	200.0	31.74188096497933	0.0	82750	351.8853317452821	0.2
19450.07937110984	200.0	35.35179369060924	0.0	94377	390.0872743700844	0.2
19450.454653365417	200.0	38.97651143502882	0.0	89871	375.28225558042584	0.2
19464.29836121698	12000.0	29.1328035834671	0.0	4055239	13843.70785156172	12.0
19464.68449223826	200.0	32.7466725621914	0.0	90919	386.1310212757002	0.2
19465.811143893385	600.0	35.62002090706398	0.0	310849	1126.6516551274228	0.6
19478.05266430322	8000.0	27.378500497227673	0.0	3690869	12241.520409836308	8.0
19479.134044724433	600.0	30.297120076013965	0.0	310841	1081.3804212137077	0.6
19496.056804314325	12000.0	17.374360486121443	0.0	5141915	16922.75958989252	12.0
19496.417567185734	200.0	21.01359761471275	0.0	85752	360.76287140869283	0.2
19497.63348926153	600.0	23.79767553891673	0.0	346939	1215.9220757960218	0.6
19508.698244886782	8000.0	16.732919913666322	0.0	3253093	11064.755625250406	8.0
19509.084650703957	200.0	20.34651409649181	0.0	88490	386.4058171745153	0.2
19520.82466878851	8000.0	12.606496011937287	0.0	3354913	11740.018084554524	8.0
19523.26336463916	1500.0	14.167800161289687	0.0	675709	2438.6958506475985	1.5
19523.6861491476	200.0	17.745015652848775	0.0	97083	422.7845084409136	0.2
19524.614864142633	600.0	20.81630065781402	0.0	240372	928.7149950347567	0.6
19537.065285752647	8000.0	12.365879047801176	0.0	3568902	12450.421610012843	8.0
19537.478738734822	200.0	15.952426065623289	0.0	99865	413.45298217788724	0.2
19538.708489559147	600.0	18.722675241298397	0.0	344336	1229.7508243248883	0.6
19539.149856895016	200.0	22.28130790543296	0.0	108225	441.3673358654368	0.2
19545.18198742519	4000.0	20.24917737525694	0.0	1785821	6032.130530176018	4.0
19546.207810714197	600.0	23.223354086250033	0.0	284947	1025.8232890069082	0.6
19552.778052400397	4000.0	20.65311240004793	0.0	1955307	6570.241686202104	4.0
19553.88657593628	600.0	23.54458886416842	0.0	309862	1108.5235358795098	0.6
19554.909611017087	600.0	26.521553783364322	0.0	284107	1023.0350808040994	0.6
19570.949704172188	12000.0	14.481460628263392	0.0	4828747	16040.093155100929	12.0
19577.066797635278	4000.0	12.36436716517181	0.0	1830641	6117.093463091582	4.0
19579.682896657865	1500.0	13.7482681425859	0.0	767059	2616.0990225859114	1.5
19580.08356452305	200.0	17.347600277398787	0.0	96988	400.6678651871139	0.2
19580.445304444114	200.0	20.985860356335824	0.0	85214	361.7399210629636	0.2
19580.832128984854	200.0	24.599035815596462	0.0	92801	386.82454073936316	0.2
19581.758843179054	600.0	27.67232162139482	0.0	256094	926.7141942016407	0.6
19600.356098276305	12000.0	13.075066524145015	0.0	5646381	18597.255097249803	12.0

