6245.321131200529	600.0	4.0	0.9163784058216281	247108	916.3784058216281	-17.72756811643256
6247.880078568949	1500.0	5.441052631578947	0.0	732405	2558.9473684210525	1.5
6250.139286556764	1500.0	7.181844643763751	0.0	643847	2259.207987815197	1.5
6252.651004275499	1500.0	8.670126925029615	0.0	718451	2511.7177187341345	1.5
6255.203500533804	1500.0	10.117630666724203	0.0	724296	2552.496258305413	1.5
6257.748110765365	1500.0	11.573020435163118	0.0	689829	2544.6102315610833	1.5
6260.464479030108	1500.0	12.8566521704198	0.0	737903	2716.3682647433175	1.5
6263.332333349827	1500.0	13.988797850700262	0.0	780303	2867.8543197195368	1.5
6266.589879097166	1500.0	14.731252103362227	0.0	891463	3257.5457473380357	1.5
6269.382435583358	1500.0	15.938695617169962	0.0	763093	2792.5564861922644	1.5
6272.197112884462	1500.0	17.124018316065786	0.0	769316	2814.6773011041746	1.5
6274.923278488425	1500.0	18.39785271210231	0.0	744416	2726.165603963476	1.5
6276.952772118378	1500.0	20.36835908215013	0.0	606092	2029.4936299521844	1.5
6279.373552497419	1500.0	21.94757870310888	0.0	748011	2420.7803790412486	1.5
6281.814692359337	1500.0	23.506438841190985	0.0	754517	2441.1398619178945	1.5
6284.819820564465	1500.0	24.50131063606278	0.0	934743	3005.128205128205	1.5
6291.222926658293	4000.0	22.098204542234978	0.0	1835863	6403.106093827802	4.0
6298.93875849862	4000.0	18.382372701906665	0.0	2192675	7715.831840328313	4.0
6306.213363533674	4000.0	15.10776766685299	0.0	2082556	7274.605035053674	4.0
6313.657657419904	4000.0	11.663473780622262	0.0	2164412	7444.293886230728	4.0
6316.544178846746	1500.0	12.776952353780526	0.0	835711	2886.521426841735	1.5
6319.163702525051	1500.0	14.157428675474815	0.0	806394	2619.523678305712	1.5
6321.792462907683	1500.0	15.528668292842843	0.0	809327	2628.7603826319723	1.5
6324.01959513616	1500.0	17.301536064365894	0.0	681795	2227.1322284769517	1.5
6326.801908715505	1500.0	18.519222485020773	0.0	855209	2782.313579345121	1.5
6328.960136201556	1500.0	20.360994998969247	0.0	644861	2158.227486051524	1.5
6331.599046911167	1500.0	21.7220842893594	0.0	794014	2638.9107096098455	1.5
6338.959239974192	4000.0	18.361891226334446	0.0	2055338	7360.193063024956	4.0
6348.216792548996	4000.0	13.104338651530894	0.0	2165436	9257.552574803552	4.0
6354.835761141473	4000.0	10.485370059053189	0.0	2002600	6618.968592477705	4.0
6362.179881824433	4000.0	7.141249376093799	0.0	2290706	7344.120682959389	4.0
6364.494532385261	1500.0	8.826598815265498	0.0	712239	2314.6505608283	1.5
6366.562766756584	1500.0	10.758364443942257	0.0	633700	2068.2343713232412	1.5
6369.2629714523655	1500.0	12.05815974816016	0.0	755142	2700.204695782097	1.5
6371.725773878439	1500.0	13.595357322086533	0.0	670327	2462.802426073627	1.5
6374.598047767044	1500.0	14.723083433481527	0.0	785519	2872.2738886050074	1.5
6377.098942215068	1500.0	16.22218898545771	0.0	681043	2500.8944480238165	1.5
6380.03813391287	1500.0	17.28299728765656	0.0	866245	2939.191697801151	1.5
6382.383154596875	1500.0	18.937976603650824	0.0	691256	2345.0206840057344	1.5
6384.841512163945	1500.0	20.479619036581397	0.0	725845	2458.3575670694245	1.5
6392.6888713116	4000.0	16.632259888925834	0.0	1985434	7847.359147655564	4.0
6400.285932326362	4000.0	13.035198874165067	0.0	1830641	7597.061014760767	4.0
6406.563147828256	4000.0	10.757983372270697	0.0	1697030	6277.215501894371	4.0
6412.913244609125	4000.0	8.407886591401406	0.0	1910697	6350.096780869291	4.0
6415.006359127285	1500.0	10.314772073241212	0.0	629438	2093.1145181601937	1.5
6417.529350312045	1500.0	11.791780888480982	0.0	763847	2522.9911847602298	1.5
6423.752317836885	4000.0	9.568813363641071	0.0	1750852	6222.967524839912	4.0
6430.793820285065	4000.0	6.527310915461657	0.0	2034636	7041.502448179414	4.0

