15663.015076795473	600.0	4.0	0.8129726923861256	247108	812.9726923861256	-15.659453847722512
15665.267539300803	1500.0	5.7475374946701026	0.0	732405	2252.462505329898	1.5
15667.25732072866	1500.0	7.75775606681374	0.0	643847	1989.781427856362	1.5
15669.468392825951	1500.0	9.546683969522256	0.0	718451	2211.072097291485	1.5
15671.696802384544	1500.0	11.31827441093046	0.0	724296	2228.409558591795	1.5
15673.8509726476	1500.0	13.16410414787436	0.0	689829	2154.1702630561017	1.5
15676.173455505774	1500.0	14.841621289700415	0.0	737903	2322.482858173945	1.5
15678.62479171349	1500.0	16.39028508198517	0.0	780303	2451.336207715246	1.5
15681.413942504578	1500.0	17.60113429089702	0.0	891463	2789.1507910881496	1.5
15683.822151740429	1500.0	19.192925055044594	0.0	763093	2408.209235852422	1.5
15686.266549742733	1500.0	20.74852705273956	0.0	769316	2444.398002305033	1.5
15688.634420660905	1500.0	22.38065613456822	0.0	744416	2367.8709181713407	1.5
15690.57716979652	1500.0	24.437906998955466	0.0	606092	1942.7491356127546	1.5
15692.956089504547	1500.0	26.05898729092627	0.0	748011	2378.9197080291974	1.5
15695.384670745705	1500.0	27.63040604976995	0.0	754517	2428.58124115632	1.5
15698.381128693092	1500.0	28.63394810238203	0.0	934743	2996.457947387921	1.5
15700.756160381243	1500.0	30.258916414232424	0.0	735572	2375.0316881496074	1.5
15703.246771718776	1500.0	31.768305076700003	0.0	772616	2490.61133753242	1.5
15705.650122895922	1500.0	33.364953899553804	0.0	747396	2403.3511771461986	1.5
15707.78754664711	1500.0	35.22753014836469	0.0	662349	2137.423751189113	1.5
15710.463476678755	1500.0	36.55160011671974	0.0	835711	2675.9300316449558	1.5
15713.048340683104	1500.0	37.96673611237099	0.0	806394	2584.864004348755	1.5
15715.61276761923	1500.0	39.40230917624603	0.0	809327	2564.426936124954	1.5
15717.771490131521	1500.0	41.24358666395517	0.0	681795	2158.722512290865	1.5
15720.458934012768	1500.0	42.55614278270969	0.0	855209	2687.443881245474	1.5
15722.50504857506	1500.0	44.51002822041692	0.0	644861	2046.1145622927704	1.5
15725.011795851644	1500.0	46.00328094383316	0.0	794014	2506.747276583762	1.5
15727.904815100534	1500.0	47.110261694943674	0.0	914284	2893.019248889487	1.5
15730.063799774496	1500.0	48.95127702098255	0.0	675709	2158.9846739611176	1.5
15732.320680339079	1500.0	50.694396456399744	0.0	707527	2256.8805645828124	1.5
15734.73017816741	1500.0	52.284898628069094	0.0	757473	2409.497828330646	1.5
15736.954547886846	1500.0	54.060528908632854	0.0	712239	2224.3697194362385	1.5
15738.942456736553	1500.0	56.07262005892546	0.0	633700	1987.9088497073935	1.5
15741.29599643134	1500.0	57.71908036413969	0.0	755142	2353.539694785767	1.5
15743.39417982332	1500.0	59.620896972159564	0.0	670327	2098.1833919801293	1.5
15747.360608747056	1500.0	59.654468048423276	0.0	785519	2466.4289237362905	1.5
15751.049101007116	1500.0	59.965975788361355	0.0	681043	2188.4922600619198	1.5
15753.879844041172	1500.0	59.704102723345876	0.0	866245	2761.87306501548	1.5
15757.5889966227	1500.0	59.994950141818904	0.0	691256	2209.1525815269706	1.5
15761.904687532491	1500.0	59.67925923202797	0.0	725845	2315.690909790937	1.5
15765.988142871583	1500.0	59.595803892936516	0.0	811013	2583.45533909145	1.5
15769.619402130842	1500.0	59.96454463367726	0.0	657685	2131.259259259259	1.5
15773.591788875481	1500.0	59.992157889037884	0.0	767059	2472.386744639376	1.5
15777.824263045168	1500.0	59.75968371935218	0.0	848035	2732.474169685701	1.5
15781.874720489895	1500.0	59.709226274625124	0.0	629438	2050.4574447270597	1.5
15785.740917308753	1500.0	59.73800107407728	0.0	763847	2471.225200547838	1.5
15789.756063573514	1500.0	59.722854809317305	0.0	769491	2515.1462647599833	1.5
15793.895088870691	1500.0	59.583829512139744	0.0	808636	2639.0252971775553	1.5

