30021.908420667678	600.0	4.0	0.7319139955151036	247108	731.9139955151036	-14.038279910302073
30023.9206327769	1500.0	5.98778789077958	0.0	732405	2012.2121092204195	1.5
30025.699213439082	1500.0	8.20920722859781	0.0	643847	1778.5806621817703	1.5
30027.674612462957	1500.0	10.233808204722333	0.0	718451	1975.3990238754784	1.5
30029.6654316161	1500.0	12.24298905157631	0.0	724296	1990.819153146023	1.5
30031.565320812777	1500.0	14.343099854900409	0.0	689829	1899.8891966759004	1.5
30033.71342747885	1500.0	16.19499318882548	0.0	737903	2148.106666074927	1.5
30039.57970813376	4000.0	14.328712533917184	0.0	2058614	5866.280654908299	4.0
30044.891658358345	4000.0	13.01676230932913	0.0	1857129	5311.950224588054	4.0
30051.668861688388	4000.0	10.239558979288208	0.0	2373154	6777.203330040921	4.0
30057.35166883342	4000.0	8.556751834253813	0.0	2094766	5682.807145034397	4.0
30062.129482906286	4000.0	7.7789377613895745	0.0	1761739	4777.814072864238	4.0
30068.3596501374	4000.0	5.548770530272147	0.0	2131310	6230.167231117428	4.0
30074.007791649565	4000.0	4.0	0.09937098188938126	1805063	5648.141512161528	2.0125803622123746
30076.843137429452	1500.0	5.164654220112292	0.0	754517	2835.3457798877075	1.5
30080.33663265929	1500.0	5.671158990277079	0.0	934743	3493.4952298352127	1.5
30082.90780637436	1500.0	7.099985275206141	0.0	735572	2571.1737150709387	1.5
30084.83774666438	1500.0	9.170044985186236	0.0	772616	1929.9402900199036	1.5
30086.707300560494	1500.0	11.300491089072622	0.0	747396	1869.5538961136137	1.5
30088.37321918133	1500.0	13.63457246823848	0.0	662349	1665.918620834144	1.5
30090.454233203447	1500.0	15.553558446120345	0.0	835711	2081.014022118133	1.5
30092.465051035633	1500.0	17.542740613936818	0.0	806394	2010.8178321835296	1.5
30097.249709880976	4000.0	16.75808176859146	0.0	1849252	4784.6588453453605	4.0
30101.99778859617	4000.0	16.010003053397632	0.0	1822097	4748.078715193826	4.0
30106.832570420804	4000.0	15.175221228763688	0.0	1836837	4834.781824633945	4.0
30112.06589888535	4000.0	13.941892764216565	0.0	1984579	5233.328464547123	4.0
30117.592560873603	4000.0	12.415230775966824	0.0	2068230	5526.661988249742	4.0
30123.106818165183	4000.0	10.900973484386224	0.0	2055338	5514.2572915806	4.0
30129.10043540237	4000.0	8.907356247196898	0.0	2165436	5993.617237189325	4.0
30134.509567319303	4000.0	7.498224330265923	0.0	2002600	5409.131916930975	4.0
30139.989946879625	4000.0	6.0178447699429425	0.0	2290706	5480.37956032298	4.0
30144.796728563655	4000.0	5.2110630859148355	0.0	1947068	4806.7816840281075	4.0
30146.59151681964	1500.0	7.416274829927824	0.0	633700	1794.7882559870113	1.5
30148.7149263718	1500.0	9.292865277769794	0.0	755142	2123.4095521580302	1.5
30150.608827061824	1500.0	11.39896458774138	0.0	670327	1893.9006900284132	1.5
30152.814436586923	1500.0	13.193355062643288	0.0	785519	2205.6095250980925	1.5
30154.760597740955	1500.0	15.247193908611004	0.0	681043	1946.1611540322833	1.5
30160.336506672164	4000.0	13.671284977404484	0.0	1955307	5575.908931206522	4.0
30166.187010670674	4000.0	11.820780978892303	0.0	2142800	5850.503998512181	4.0
30171.461101551584	4000.0	10.546690097979775	0.0	2094647	5274.0908809125285	4.0
30176.519037954993	4000.0	9.488753694569448	0.0	1985434	5057.936403410327	4.0
30181.262051932772	4000.0	8.745739716793793	0.0	1830641	4743.013977775655	4.0
30185.73294725816	4000.0	8.2748443914034	0.0	1697030	4470.895325390394	4.0
30190.996607051973	4000.0	7.011184597588967	0.0	1910697	5263.659793814433	4.0
30192.78425219576	1500.0	9.223539453801662	0.0	629438	1787.6451437873034	1.5
30198.39154677482	4000.0	7.616244874741667	0.0	2042818	5607.294579059996	4.0
30203.201741462693	4000.0	6.806050186867022	0.0	1750852	4810.194687874644	4.0
30208.942356583175	4000.0	5.065435066386564	0.0	2034636	5740.615120480459	4.0

