20194.95195073254	600.0	4.0	0.5907779758675039	247108	590.7779758675039	0.14545302	-11.215559517350078
20195.235794362234	200.0	7.716156370307211	0.0	98617	283.8436296927887	0.004705182	0.2
20195.535882727472	200.0	11.416068005064208	0.0	106476	300.08836524300443	0.004705182	0.2
20195.854065814056	200.0	15.097884918481771	0.0	115230	318.18308658243546	0.004705182	0.2
20196.135927168474	200.0	18.816023564064803	0.0	97658	281.86135441697024	0.004705182	0.2
20196.417788522893	200.0	22.534162209647832	0.0	97658	281.86135441697024	0.004705182	0.2
20196.73713327653	200.0	26.21481745601116	0.0	115792	319.344753636669	0.004705182	0.2
20197.0396979356	200.0	29.912252796940805	0.0	107674	302.56465907035636	0.004705182	0.2
20197.31669558436	200.0	33.63525514817973	0.0	95305	276.9976487610779	0.004705182	0.2
20197.61461150819	200.0	37.337339224349535	0.0	105425	297.91592383019406	0.021040497	0.2
20197.891733178345	200.0	41.060217554194764	0.0	95365	277.12167015476837	0.004705182	0.2
20198.168807306964	200.0	44.783143425574245	0.0	95342	277.0741286205204	0.004705182	0.2
20198.46050975897	200.0	48.49144097356794	0.0	102419	291.70245200630444	0.017373508	0.2
20198.707663726364	200.0	52.24428700617523	0.0	80867	247.15396739270858	0.004705182	0.2
20198.958709898496	200.0	55.99324083404386	0.0	82750	251.04617213135933	0.01854745	0.2
20212.216819370602	12000.0	46.73513136193593	0.0	5443841	13258.109472107935	0.004705182	12.0
20212.559508860726	200.0	50.39244187181006	0.0	89871	342.68949012587007	0.004705182	0.2
20222.682356424823	12000.0	44.26959430771112	0.0	4055239	10122.84756409894	0.004705182	12.0
20222.972753150356	200.0	47.97919758217923	0.0	90919	290.39672553188416	0.004705182	0.2
20223.25147981037	200.0	51.700470922165636	0.0	85876	278.7266600135954	0.1510903	0.2
20231.50399528198	12000.0	47.4479554505558	0.0	5251330	8252.515471609833	0.031425696	12.0
20231.714852281395	200.0	51.23709845114153	0.0	97742	210.85699941427498	0.2532075	0.2
20239.146104928368	12000.0	47.805845804168406	0.0	5141915	7431.252646973125	0.004705182	12.0
20239.36256035264	200.0	51.58939037989343	0.0	85752	216.45542427497315	0.56859624	0.2
20239.59302540416	200.0	55.35892532837575	0.0	94556	230.4650515176831	0.03905032	0.2
20244.849606539537	8000.0	54.10234419299763	0.0	3253093	5256.581135378128	0.004705182	8.0
20253.811729021807	12000.0	49.14022171072766	0.0	5138482	8962.122482269964	0.004705182	12.0
20259.52116472131	8000.0	47.43078601122306	0.0	3354913	5709.435699504599	0.004705182	8.0
20259.752218156424	200.0	51.19973257610856	0.0	93993	231.0534351145038	1.1285203	0.2
20268.27266235235	12000.0	46.67928838018388	0.0	5411094	8520.444195924687	0.004705182	12.0
20277.096449810175	12000.0	41.85550092236159	0.0	6277262	8823.787457822285	0.2680788	12.0
20286.09187893475	8000.0	36.860071797785096	0.0	3568902	8995.429124576498	0.01433465	8.0
20293.2261372663	8000.0	33.72581346623276	0.0	3713878	7134.258331552335	0.25430834	8.0
20302.10933112386	12000.0	28.84261960867483	0.0	6041881	8883.193857557926	0.09600171	12.0
20302.325681875063	200.0	32.626268857470066	0.0	108225	216.35075120476236	1.2948036	0.2
20304.655605967164	4000.0	34.29634476537267	0.0	1785821	2329.9240920973893	0.26778153	4.0
20310.72771206791	8000.0	32.22423866462643	0.0	4018228	6072.106100746249	0.886837	8.0
20317.28699991716	8000.0	29.66495081537367	0.0	3739359	6559.287849252762	0.0077278954	8.0
20328.389914987405	12000.0	22.56203574512894	0.0	5257310	11102.915070244726	0.004705182	12.0
20328.628606152575	200.0	26.32334457995858	0.0	101968	238.69116517036448	0.69691026	0.2
20336.223507766248	12000.0	22.728442966286625	0.0	4828747	7594.901613671955	0.049190897	12.0
20339.437312563306	4000.0	23.514638169227037	0.0	1830641	3213.8047970595867	0.57326376	4.0
20342.683893318317	4000.0	24.2680574142152	0.0	1697030	3246.580755011837	0.103126466	4.0
20346.329166972206	4000.0	24.622783760326435	0.0	1910697	3645.273653888766	0.64576334	4.0
20351.428387045093	8000.0	23.523563687438838	0.0	3682991	5099.220072887598	0.78621256	8.0
20358.97589008408	12000.0	19.976060648450524	0.0	5875126	7547.503038988314	0.08050789	12.0
20369.1658319508	12000.0	13.786118781731771	0.0	5704199	10189.941866718751	0.18951559	12.0
20376.382027595246	12000.0	10.569923137285219	0.0	5646381	7216.195644446551	0.022373768	12.0

