20080.51141858563	600.0	4.0	0.7731743749780847	247108	773.1743749780848	-14.863487499561694
20081.460234462764	600.0	7.0511841228654575	0.0	309722	948.815877134542	0.6
20082.349370827997	600.0	10.16204775763526	0.0	288447	889.1363652301975	0.6
20084.44473181541	1500.0	12.06668677022336	0.0	718451	2095.360987411901	1.5
20086.556488889637	1500.0	13.954929695992146	0.0	724296	2111.7570742312146	1.5
20088.571560946864	1500.0	15.939857638767137	0.0	689829	2015.072057225008	1.5
20090.707579533497	1500.0	17.803839052134894	0.0	737903	2136.0185866322436	1.5
20092.904516592636	1500.0	19.60690199299219	0.0	780303	2196.9370591427023	1.5
20095.403027173215	1500.0	21.108391412417042	0.0	891463	2498.510580575149	1.5
20097.5532740533	1500.0	22.958144532330223	0.0	763093	2150.246880086815	1.5
20099.720403733172	1500.0	24.79101485246045	0.0	769316	2167.1296798697776	1.5
20105.346701000777	4000.0	23.164717584854625	0.0	1761739	5626.2972676058225	4.0
20107.395810812344	1500.0	25.115607773288673	0.0	606092	2049.109811565952	1.5
20113.44084684329	4000.0	23.070571742342697	0.0	1805063	6045.036030945974	4.0
20116.071560359313	1500.0	24.43985822631658	0.0	754517	2630.713516026115	1.5
20119.311544301505	1500.0	25.19987428412469	0.0	934743	3239.9839421918905	1.5
20124.759959164487	4000.0	23.751459421144624	0.0	1835863	5448.4148629800675	4.0
20126.965486769845	1500.0	25.545931815786897	0.0	772616	2205.5276053577263	1.5
20129.101632164366	1500.0	27.409786421264982	0.0	747396	2136.145394521914	1.5
20136.037208598176	4000.0	24.474209987453083	0.0	2164412	6935.576433811901	4.0
20138.961819073436	1500.0	25.549599512194604	0.0	835711	2924.610475258478	1.5
20144.854800972204	4000.0	23.656617613424388	0.0	1950922	5892.9818987702165	4.0
20149.98429786619	4000.0	22.527120719438447	0.0	1849252	5129.496893985938	4.0
20155.142455440364	4000.0	21.368963145266644	0.0	1822097	5158.157574171804	4.0
20157.62865657635	1500.0	22.88276200928268	0.0	855209	2486.2011359839626	1.5
20159.52302624593	1500.0	24.988392339702784	0.0	644861	1894.369669579897	1.5
20166.76538141222	4000.0	21.746037173413942	0.0	2068230	7242.355166288844	4.0
20170.3983272748	1500.0	22.113091310834093	0.0	914284	3632.9458625798466	1.5
20172.84796583178	1500.0	23.663452753852088	0.0	675709	2449.6385569820036	1.5
20175.003966565324	1500.0	25.50745202031092	0.0	707527	2156.00073354117	1.5
20177.30651708797	1500.0	27.20490149766284	0.0	757473	2302.5505226480836	1.5
20183.293356829934	4000.0	25.218061755697295	0.0	1947068	5986.839741965545	4.0
20185.68249618633	1500.0	26.82892239930111	0.0	633700	2389.139356396183	1.5
20188.51415803242	1500.0	27.997260553210335	0.0	755142	2831.661846090779	1.5
20195.12838609463	4000.0	25.383032491001856	0.0	1828568	6614.228062208476	4.0
20201.407270114243	4000.0	23.10414847138976	0.0	1785821	6278.884019612097	4.0
20203.5415591909	1500.0	24.96985939473277	0.0	681043	2134.2890766569903	1.5
20205.820743615634	1500.0	26.69067496999894	0.0	866245	2279.1844247338277	1.5
20207.655673720517	1500.0	28.8557448651166	0.0	691256	1834.9301048823447	1.5
20213.064509924494	4000.0	27.446908661139467	0.0	2094647	5408.836203977131	4.0
20218.667947060447	4000.0	25.843471525187596	0.0	1985434	5603.437135951872	4.0
20223.822334009896	4000.0	24.68908457573771	0.0	1830641	5154.386949449889	4.0
20228.506322072837	4000.0	24.00509651279685	0.0	1697030	4683.988062940857	4.0
20233.834598958194	4000.0	22.676819627441603	0.0	1910697	5328.276885355247	4.0
20235.837868379935	1500.0	24.673550205701478	0.0	629438	2003.269421740127	1.5
20242.15976892229	4000.0	22.351649663344134	0.0	2042818	6321.900542357345	4.0
20247.49954263059	4000.0	21.011875955046065	0.0	1750852	5339.77370829807	4.0
20249.99599625578	1500.0	22.515422329854623	0.0	808636	2496.4536251914383	1.5

