16920.183940704945	600.0	4.0	0.7096246516442393	247108	709.6246516442393	-13.592493032884786
16921.053104173374	600.0	7.130836531570985	0.0	309722	869.1634684290151	0.6
16921.404402206656	200.0	10.77953849828808	0.0	106476	351.29803328290467	0.2
16923.31499636224	1500.0	12.868944342702445	0.0	718451	1910.5941555856357	1.5
16925.240483423317	1500.0	14.943457281630705	0.0	724296	1925.4870610717414	1.5
16925.569313425705	200.0	18.614627279241976	0.0	97658	328.83000238872523	0.2
16926.48489078059	600.0	21.699049924357034	0.0	327938	915.5773548849431	0.6
16928.553082197104	1500.0	23.63085850784298	0.0	780303	2068.191416514054	1.5
16928.875916817695	200.0	27.308023887252165	0.0	95305	322.83462059081137	0.2
16939.955450226764	12000.0	20.228490478182408	0.0	5088378	11079.533409069756	12.0
16940.237430529636	200.0	23.946510175312557	0.0	95365	281.9803028698507	0.2
16940.627983383143	200.0	27.55595732180761	0.0	95342	390.552853504944	0.2
16941.201955771157	200.0	30.9819849337929	0.0	102419	573.9723880147103	0.2
16949.987872452897	4000.0	26.19606825205419	0.0	1805063	8785.916681738712	4.0
16950.46698018787	200.0	29.716960517081016	0.0	82750	479.1077349731718	0.2
16950.87802824975	200.0	33.30591245520115	0.0	94377	411.0480618798689	0.2
16951.1743828584	200.0	37.009557846552596	0.0	89871	296.35460864855105	0.2
16961.015710046766	12000.0	31.16823065818601	0.0	4055239	9841.327188366591	12.0
16961.311990748516	200.0	34.87194995643162	0.0	90919	296.280701754386	0.2
16962.96760537831	1500.0	37.216335326636795	0.0	662349	1655.6146297948262	1.5
16972.370878746406	8000.0	31.813061958540864	0.0	3690869	9403.273368095926	8.0
16973.787074979715	600.0	34.396865725231706	0.0	310841	1416.1962333091535	0.6
16974.299841428765	200.0	37.88409927618412	0.0	100675	512.7664490475806	0.2
16974.74845914457	200.0	41.435481560378534	0.0	85752	448.6177158055936	0.2
16976.319827995485	600.0	43.86411270946104	0.0	346939	1571.3688509174929	0.6
16986.733006251852	8000.0	37.45093445309396	0.0	3253093	10413.178256367088	8.0
16987.036113721126	200.0	41.14782698382197	0.0	88490	303.1074692719824	0.2
16997.96742136751	8000.0	34.21651933743727	0.0	3354913	10931.307646384705	8.0
16999.23596187494	600.0	36.94797883000963	0.0	291029	1268.5405074276382	0.6
17002.07454942265	1500.0	38.1093912822971	0.0	707527	2838.5875477125296	1.5
17002.386639560016	200.0	41.79730114493023	0.0	93982	312.0901373668776	0.2
17011.28010336616	8000.0	36.903837338787305	0.0	3568902	8893.463806142923	8.0
17028.714959115503	12000.0	23.468981589443278	0.0	5639869	17434.85574934403	12.0
17029.06878724947	200.0	27.115153455471983	0.0	89422	353.8281339712919	0.2
17030.019833373874	600.0	30.16410733107007	0.0	284451	951.046124401914	0.6
17030.368667058083	200.0	33.81527364685954	0.0	87791	348.8336842105263	0.2
17030.761281029376	200.0	37.42265967556767	0.0	102088	392.613971291866	0.2
17031.08749117292	200.0	41.096449532027	0.0	80403	326.21014354066983	0.2
17044.452824194155	12000.0	31.731116510788485	0.0	5257310	13365.333021238515	12.0
17046.291782164622	1500.0	33.892158540322754	0.0	725845	1838.9579704657328	1.5
17059.63586012196	12000.0	24.548080582984113	0.0	4828747	13344.077957338639	12.0
17065.490826083093	4000.0	22.69311462185276	0.0	1830641	5854.965961131351	4.0
17070.963572855686	4000.0	21.220367849260903	0.0	1697030	5472.746772591857	4.0
17071.351777026488	200.0	24.832163678456535	0.0	96988	388.2041708043694	0.2
17071.702566301567	200.0	28.481374403382056	0.0	85214	350.78927507447867	0.2
17073.97342555473	1500.0	30.210515150218626	0.0	763847	2270.8592531634285	1.5
17075.950914342586	1500.0	32.23302636236319	0.0	769491	1977.4887878554366	1.5
17091.788028585757	12000.0	20.395912119192012	0.0	5646381	15837.114243171178	12.0

