3249.700324626574	600.0	4.0	0.7039608616744261	247108	703.960861674426	0.055256557	-13.479217233488521
3250.0293378041956	200.0	7.670986822378285	0.0	98617	329.0131776217155	0.004705182	0.2
3250.37819537541	200.0	11.322129251163894	0.0	106476	348.8575712143928	0.004705182	0.2
3250.7491572628874	200.0	14.95116736368658	0.0	115230	370.961887477314	0.004705182	0.2
3251.07574891443	200.0	18.62457571214393	0.0	97658	326.59165154264974	0.004705182	0.2
3251.4023405659723	200.0	22.29798406060128	0.0	97658	326.59165154264974	0.004705182	0.2
3251.774721533384	200.0	25.92560309319025	0.0	115792	372.3809674110313	0.004705182	0.2
3252.1266041184067	200.0	29.57372050816697	0.0	107674	351.88258502327784	0.004705182	0.2
3252.447254319622	200.0	33.25307030695179	0.0	95305	320.65020121518194	0.004705182	0.2
3252.793458059857	200.0	36.906866566716644	0.0	105425	346.2037402351456	0.012540994	0.2
3253.114259764268	200.0	40.58606486230569	0.0	95365	320.8017044109524	0.004705182	0.2
3253.435003392454	200.0	44.26532123411979	0.0	95342	320.743628185907	0.004705182	0.2
3253.7736168225806	200.0	47.92670780399274	0.0	102419	338.61343012704174	0.009681778	0.2
3254.057810304787	200.0	51.64251432178648	0.0	80867	284.19348220626534	0.004705182	0.2
3254.346758462287	200.0	55.35356616428628	0.0	82750	288.9481575001972	0.01145586	0.2
3270.5644885120123	12000.0	43.13583611456122	0.0	5443841	16217.730049725054	0.02187279	12.0
3270.8682639174094	200.0	46.83206070916423	0.0	89871	303.7754053969934	0.004705182	0.2
3281.207845370448	12000.0	40.49247925612555	0.0	4055239	10339.581453038687	0.004705182	12.0
3281.574492200928	200.0	44.12583242564613	0.0	90919	366.6468304794184	0.004705182	0.2
3281.9252396048178	200.0	47.7750850217564	0.0	85876	350.7474038897318	0.017685836	0.2
3282.3667237719937	200.0	51.33360085458068	0.0	114656	441.4841671757079	0.61887443	0.2
3282.7548819623025	200.0	54.94544266427151	0.0	97742	388.1581903091687	0.05801693	0.2
3303.555678798896	12000.0	38.14464582767795	0.0	5141915	20800.796836593567	0.004705182	12.0
3303.9014580058392	200.0	41.7988666207353	0.0	85752	345.77920694264185	0.004705182	0.2
3304.27452427475	200.0	45.42580035182416	0.0	94556	373.0662689111442	0.004705182	0.2
3314.364527061149	8000.0	39.33579756542515	0.0	3253093	10090.002786399005	0.004705182	8.0
3328.983709440815	12000.0	28.71661518575918	0.0	5138482	14619.182379665976	0.03401292	12.0
3339.1413308337346	8000.0	22.558993792839544	0.0	3354913	10157.621392919636	0.004705182	8.0
3339.5135124505673	200.0	26.186812176006764	0.0	93993	372.1816168327796	0.035428964	0.2
3339.8952994762712	200.0	29.80502515030297	0.0	97083	381.78702570379437	0.017882086	0.2
3340.2674468990917	200.0	33.43287772748235	0.0	93982	372.14742282061746	0.0297031	0.2
3348.9908323349923	8000.0	28.709492291581782	0.0	3568902	8723.385435900569	0.017404282	8.0
3350.55234845177	1500.0	31.147976174804555	0.0	633700	1561.516116777229	0.048146058	1.5
3350.8414065773723	200.0	34.85891804920182	0.0	89422	289.05812560273534	0.07922389	0.2
3351.174423906926	200.0	38.525900719648064	0.0	108225	333.0173295537567	0.03347819	0.2
3351.459668946232	200.0	42.240655680342414	0.0	87791	285.2450393056489	0.19873798	0.2
3353.2367279047626	1500.0	44.46359672181161	0.0	681043	1777.0589585308026	0.62086064	1.5
3353.521468725669	200.0	48.178855900905404	0.0	80403	284.7408209062117	0.7607121	0.2
3366.893513576874	12000.0	38.80681104970007	0.0	5257310	13372.044851205326	0.004705182	12.0
3367.2280875154265	200.0	42.47223711114779	0.0	101968	334.57393855228054	0.09838545	0.2
3381.393502148617	12000.0	32.30682247795769	0.0	4828747	14165.414633190103	0.0047785477	12.0
3394.5368469268274	4000.0	23.16347769974661	0.0	1830641	13143.344778211078	0.020576643	4.0
3400.0922411595357	4000.0	21.6080834670384	0.0	1697030	5555.394232708208	0.0049479604	4.0
3405.3088364616233	4000.0	20.39148816495081	0.0	1910697	5216.595302087594	0.00972013	4.0
3416.5847092317413	8000.0	13.115615394832734	0.0	3682991	11275.872770118076	0.015095999	8.0
3425.304740845709	4000.0	8.395583780864982	0.0	2042818	8720.031613967752	0.28300995	4.0
3429.5745722870574	4000.0	8.125752339516511	0.0	1750852	4269.8314413484695	0.49827504	4.0
3431.5896579124596	1500.0	10.11066671411456	0.0	808636	2015.0856254019532	0.48958766	1.5

