34626.63008252595	600.0	4.0	0.8394560122935075	247108	839.4560122935076	-16.18912024587015
34627.661974957766	600.0	6.9681075681905496	0.0	309722	1031.8924318094507	0.6
34628.628481296604	600.0	10.001601229350749	0.0	288447	966.5063388398003	0.6
34629.568080220924	600.0	13.062002305032655	0.0	279692	939.5989243180945	0.6
34631.87411479642	1500.0	14.755967729542833	0.0	724296	2306.03457548982	1.5
34634.07421929122	1500.0	16.555863234729156	0.0	689829	2200.104494813677	1.5
34636.40964496724	1500.0	18.220437558713066	0.0	737903	2335.42567601609	1.5
34638.47064365026	1500.0	20.159438875692583	0.0	780303	2060.9986830204843	1.5
34640.81385041605	1500.0	21.81623210990866	0.0	891463	2343.20676578392	1.5
34646.89401330515	4000.0	19.736069220809636	0.0	2373154	6080.162889099024	4.0
34651.89180944031	4000.0	18.738273085643172	0.0	2094766	4997.7961351664635	4.0
34656.10777176039	4000.0	18.522310765569223	0.0	1761739	4215.962320073952	4.0
34661.338394146005	4000.0	17.291688379956177	0.0	2131310	5230.6223856130455	4.0
34665.79895049364	4000.0	16.831132032314738	0.0	1805063	4460.556347641438	4.0
34671.08042299687	4000.0	15.549659529087775	0.0	2157416	5281.472503226963	4.0
34676.53150706601	4000.0	14.09857545995524	0.0	2231719	5451.084069132534	4.0
34681.22308975999	4000.0	13.40699276596887	0.0	1835863	4691.582693986371	4.0
34686.843033228026	4000.0	11.787049297937855	0.0	2192675	5619.943468031013	4.0
34691.57788820612	4000.0	11.052194319843307	0.0	2082556	4734.854978094549	4.0
34696.445549716074	4000.0	10.184532809882432	0.0	2164412	4867.661509960876	4.0
34702.75811174331	4000.0	7.871970782654593	0.0	2379358	6312.562027227839	4.0
34708.25996746381	4000.0	6.3701150621527844	0.0	1950922	5501.855720501809	4.0
34714.55411288323	4000.0	4.075969642738326	0.0	1849252	6294.145419414458	4.0
34716.92518693707	1500.0	5.7048955888886175	0.0	681795	2371.0740538497084	1.5
34719.10095411033	1500.0	7.529128415635362	0.0	855209	2175.767173253256	1.5
34720.54059567794	1500.0	10.08948684802078	0.0	644861	1439.6415676145798	1.5
34722.294715278396	1500.0	12.335367247567468	0.0	794014	1754.1196004533117	1.5
34724.30241524941	1500.0	14.327667276558323	0.0	914284	2007.6999710091457	1.5
34725.807097535995	1500.0	16.822984989970543	0.0	675709	1504.6822865877764	1.5
34730.827827223635	4000.0	15.802255302328634	0.0	2002600	5020.72968764191	4.0
34737.54587119799	4000.0	13.084211327974304	0.0	2290706	6718.04397435433	4.0
34742.679685331575	4000.0	11.95039719439143	0.0	1947068	5133.814133582875	4.0
34744.37629273922	1500.0	14.253789786747813	0.0	633700	1696.6074076436169	1.5
34746.38270610678	1500.0	16.247376419187745	0.0	755142	2006.4133675600697	1.5
34748.172751228674	1500.0	18.457331297294854	0.0	670327	1790.0451218928874	1.5
34750.107369248675	1500.0	20.52271327730014	0.0	785519	1934.6180199947103	1.5
34751.761216380226	1500.0	22.868866145750083	0.0	681043	1653.8471315500606	1.5
34756.359806708955	4000.0	22.270275817019364	0.0	1955307	4598.590328730718	4.0
34758.03725543505	1500.0	24.59282709092311	0.0	691256	1677.4487260962508	1.5
34759.75181506573	1500.0	26.878267460243066	0.0	725845	1714.5596306800435	1.5
34764.17565611809	4000.0	26.45442640788497	0.0	1985434	4423.841052358098	4.0
34768.260832582244	4000.0	26.3692499437316	0.0	1830641	4085.1764641533687	4.0
34773.154773175025	4000.0	25.475309350948898	0.0	1697030	4893.940592782701	4.0
34779.045564074266	4000.0	23.584518451707293	0.0	1910697	5890.790899241604	4.0
34784.30810951791	4000.0	22.321973008061136	0.0	2171279	5262.545443646156	4.0
34789.20813694709	4000.0	21.42194557888298	0.0	2042818	4900.027429178157	4.0
34793.80685079819	4000.0	20.823231727784435	0.0	1750852	4598.713851098547	4.0
34808.5883908129	12000.0	10.04169171306959	0.0	5646381	14781.540014714845	12.0

