19293.67979368313	600.0	4.0	0.7665422216048203	247108	766.5422216048204	0.009058594	-14.730844432096406
19294.033782118422	200.0	7.646011564708538	0.0	98617	353.98843529146194	0.004705182	0.2
19294.409605279096	200.0	11.270188404035492	0.0	106476	375.8231606730452	0.004705182	0.2
19294.80974975113	200.0	14.870043932000902	0.0	115230	400.14447203458997	0.004705182	0.2
19295.161073788706	200.0	18.518719894424283	0.0	97658	351.3240375766205	0.004705182	0.2
19295.512397826285	200.0	22.167395856847662	0.0	97658	351.3240375766205	0.004705182	0.2
19295.914103707615	200.0	25.765689975516157	0.0	115792	401.7058813315043	0.004705182	0.2
19296.2932552817	200.0	29.38653840143083	0.0	107674	379.15157408532883	0.004705182	0.2
19296.638041959715	200.0	33.0417517234194	0.0	95305	344.7866780114258	0.004705182	0.2
19297.010945118305	200.0	36.668848564830085	0.0	105425	372.90315858931393	0.009615316	0.2
19297.355898494818	200.0	40.32389518831721	0.0	95365	344.95337651287576	0.004705182	0.2
19297.700787970236	200.0	43.97900571289656	0.0	95342	344.8894754206533	0.004705182	0.2
19298.065339533903	200.0	47.61445414922988	0.0	102419	364.5515636666725	0.007666386	0.2
19298.37001299585	200.0	51.309780687284025	0.0	80867	304.67346194585775	0.004705182	0.2
19298.679918012433	200.0	54.999875670700995	0.0	82750	309.905016583028	0.009255404	0.2
19315.86671660871	12000.0	41.81307707442163	0.0	5443841	17186.798596279365	0.08620792	12.0
19316.236237810335	200.0	45.44355587279476	0.0	89871	369.5212016268675	0.004705182	0.2
19329.06991598716	12000.0	36.60987769596911	0.0	4055239	12833.678176825646	0.004705182	12.0
19329.42473066204	200.0	40.25506302109096	0.0	90919	354.81467487815013	0.004705182	0.2
19329.764302203956	200.0	43.91549147917083	0.0	85876	339.57154192012695	0.0072036795	0.2
19330.19086509359	200.0	47.48892858953467	0.0	114656	426.56288963615066	0.010769996	0.2
19330.56630318631	200.0	51.113490496815444	0.0	97742	375.4380927192353	0.119760655	0.2
19344.86500144414	12000.0	40.81479223898644	0.0	5141915	14298.698257829008	0.0061394586	12.0
19345.18348298485	200.0	44.49631069827866	0.0	85752	318.48154070778	0.004705182	0.2
19345.526448986377	200.0	48.15334469674908	0.0	94556	342.96600152958354	0.004705182	0.2
19354.653498975946	8000.0	43.02629470717806	0.0	3253093	9127.049989571022	0.004705182	8.0
19370.589109715107	12000.0	31.090683968016297	0.0	5138482	15935.610739161762	0.0060894336	12.0
19380.666503327953	8000.0	25.01329035517091	0.0	3354913	10077.393612845388	0.004705182	8.0
19381.025797611655	200.0	28.653996071472957	0.0	93993	359.29428369795346	0.028644051	0.2
19381.394273635873	200.0	32.285520047255744	0.0	97083	368.47602421721206	0.04031458	0.2
19381.75353523376	200.0	35.92625844936546	0.0	93982	359.2615978902797	0.09317294	0.2
19392.214698110933	8000.0	29.465095572194404	0.0	3568902	10461.16287717106	0.009785252	8.0
19394.117246284648	1500.0	31.562547398481435	0.0	633700	1902.548173712971	0.029261887	1.5
19394.454427762932	200.0	35.22536592019556	0.0	89422	337.1814782858786	0.07854981	0.2
19394.845687469577	200.0	38.834106213551905	0.0	108225	391.2597066436583	0.025994092	0.2
19395.178178122438	200.0	42.50161556069024	0.0	87791	332.49065286166234	0.16025615	0.2
19397.504331150798	1500.0	44.175462532331885	0.0	681043	2326.153028358356	0.5713906	1.5
19397.865043379126	200.0	47.81475030399986	0.0	80403	360.7122283320241	0.5900908	0.2
19414.637603899257	12000.0	35.04218978387394	0.0	5257310	16772.56052012592	0.005095286	12.0
19415.015963139955	200.0	38.663830543173155	0.0	101968	378.3592407007791	0.090044454	0.2
19428.06671422616	12000.0	29.613079456967434	0.0	4828747	13050.751086205724	0.13577323	12.0
19433.738271792547	4000.0	27.941521890581388	0.0	1830641	5671.557566386042	0.012122158	4.0
19439.29516926974	4000.0	26.384624413385634	0.0	1697030	5556.897477195755	0.03104439	4.0
19445.857876763697	4000.0	23.821916919429146	0.0	1910697	6562.707493956487	0.012635192	4.0
19457.231571167762	8000.0	16.448222515362467	0.0	3682991	11373.69440406668	0.0092506055	8.0
19462.645734856054	4000.0	15.034058827071975	0.0	2042818	5414.163688290494	0.139141	4.0
19467.384153929557	4000.0	14.295639753570324	0.0	1750852	4738.419073501651	0.004705182	4.0
19473.514216373806	4000.0	12.165577309324116	0.0	2034636	6130.062444246209	0.03262428	4.0

