22406.54632293292	600.0	4.0	0.9067419442527656	247108	906.7419442527655	0.69125533	-17.534838885055308
22406.956262919957	200.0	7.590060012964473	0.0	98617	409.9399870355268	0.004705182	0.2
22407.3924965314	200.0	11.15382640152228	0.0	106476	436.23361144219314	0.004705182	0.2
22407.858018142342	200.0	14.688304790581938	0.0	115230	465.52161094034255	0.004705182	0.2
22408.264749631377	200.0	18.28157330154946	0.0	97658	406.731489032474	0.004705182	0.2
22408.671481120407	200.0	21.874841812516987	0.0	97658	406.731489032474	0.004705182	0.2
22409.138882998166	200.0	25.407439934759424	0.0	115792	467.4018777575644	0.004705182	0.2
22409.579124722855	200.0	28.967198210066282	0.0	107674	440.2417246931393	0.004705182	0.2
22412.641666177806	1500.0	29.904656755117827	0.0	891463	3062.541454948456	0.004705182	1.5
22429.743904312865	12000.0	16.802418620059175	0.0	5088378	17102.23813505865	0.59649175	12.0
22430.164045644593	200.0	20.382277288330872	0.0	95365	420.14133172830424	0.004705182	0.2
22430.584104941503	200.0	23.962217991422783	0.0	95342	420.0592969080898	0.052694008	0.2
22431.029405995916	200.0	27.51691693700784	0.0	102419	445.3010544149446	0.004705182	0.2
22433.77736025259	1500.0	28.768962680336937	0.0	748011	2747.9542566709024	0.004705182	1.5
22436.548519663185	1500.0	29.997803269739286	0.0	754517	2771.1594105976505	0.004705182	1.5
22439.889537255942	1500.0	30.656785676982683	0.0	934743	3341.0175927566015	0.004705182	1.5
22442.53021957356	1500.0	32.01610335936557	0.0	735572	2640.68231761711	0.004705182	1.5
22456.832191013527	12000.0	21.714131919399573	0.0	4055239	14301.971439966002	0.020805717	12.0
22457.22845424281	200.0	25.317868690113848	0.0	90919	396.2632292857271	0.05948426	0.2
22459.52093968092	1500.0	27.025383252004488	0.0	662349	2292.4854381093555	0.004705182	1.5
22459.983932227733	200.0	30.562390705187227	0.0	114656	462.9925468172613	0.006424401	0.2
22462.757580111826	1500.0	31.788742821097788	0.0	806394	2773.647884089438	0.004705182	1.5
22465.541025277693	1500.0	33.005297655227935	0.0	809327	2783.4451658698513	0.004705182	1.5
22467.9397913276	1500.0	34.606531605321315	0.0	681795	2398.7660499066174	0.004705182	1.5
22471.22484695733	1500.0	35.32147597559279	0.0	855209	3285.0556297285275	0.004705182	1.5
22482.67399320241	8000.0	27.8723297305123	0.0	3253093	11449.146245080492	0.62843895	8.0
22485.306067127683	1500.0	29.240255805241105	0.0	794014	2632.0739252711933	0.004705182	1.5
22488.42736274932	1500.0	30.11896018360407	0.0	914284	3121.2956216370326	0.004705182	1.5
22491.18006404224	1500.0	31.36625889068177	0.0	675709	2752.701292922301	0.58947444	1.5
22494.058618342504	1500.0	32.48770459041725	0.0	707527	2878.5543002645177	0.1003454	1.5
22508.432453850925	8000.0	22.11386908199636	0.0	4025712	14373.835508420894	0.36057565	8.0
22511.030422828786	1500.0	23.51590010413609	0.0	712239	2597.9689778602683	0.004705182	1.5
22513.350733934003	1500.0	25.195588998917124	0.0	633700	2320.3111052189665	0.004705182	1.5
22516.10037731197	1500.0	26.445945620950795	0.0	755142	2749.6433779663266	0.40857127	1.5
22518.566415745277	1500.0	27.979907187645303	0.0	670327	2466.038433305495	0.046894085	1.5
22525.886903290575	4000.0	24.659419642349707	0.0	1785821	7320.487545295593	0.6270702	4.0
22528.707601768776	1500.0	25.838721164147152	0.0	681043	2820.6984782025584	0.004705182	1.5
22531.738530060382	1500.0	26.807792872544358	0.0	866245	3030.9282916027933	0.005424515	1.5
22547.42660058145	8000.0	15.119722351475186	0.0	4857577	15688.07052106917	0.0184955	8.0
22549.83432932332	1500.0	16.711993609607	0.0	725845	2407.7287418681885	0.004705182	1.5
22552.675988505645	1500.0	17.870334427279975	0.0	811013	2841.659182327027	0.047706686	1.5
22558.989682080468	4000.0	15.556640852461406	0.0	1830641	6313.693574818568	0.21345635	4.0
22561.536611996893	1500.0	17.009710936033464	0.0	767059	2546.929916427941	0.2902502	1.5
22567.76020878956	4000.0	14.786114143364507	0.0	1910697	6223.596792668957	0.004705182	4.0
22569.850782310365	1500.0	16.69554062256288	0.0	629438	2090.5735208016295	0.58119196	1.5
22572.334517657702	1500.0	18.211805275225927	0.0	763847	2483.735347336952	0.41149828	1.5
22585.940796959636	8000.0	8.605525973290865	0.0	4201994	13606.279301935063	0.4445603	8.0
22588.689122318487	1500.0	9.85720061443919	0.0	808636	2748.3253588516745	0.00605242	1.5

