0.6831621662852785	600.0	4.0	0.6831621662852785	247108	683.1621662852784	0.5	-13.06324332570557
1.0038749046529367	200.0	7.679287261632342	0.0	98617	320.7127383676583	0.004705182	0.2
1.3437705568268499	200.0	11.33939160945843	0.0	106476	339.8956521739131	0.004705182	0.2
1.7050337147215866	200.0	14.978128451563693	0.0	115230	361.2631578947368	0.004705182	0.2
2.023405644546148	200.0	18.65975652173913	0.0	97658	318.37192982456145	0.004705182	0.2
2.3417775743707097	200.0	22.34138459191457	0.0	97658	318.37192982456145	0.004705182	0.2
2.704412509534707	200.0	25.97874965675057	0.0	115792	362.63493516399694	0.004705182	0.2
3.0472323417238756	200.0	29.6359298245614	0.0	107674	342.8198321891686	0.004705182	0.2
5.303190846681923	1500.0	31.379971319603357	0.0	891463	2255.9585049580473	0.1388254	1.5
16.514642234725883	12000.0	24.16851993155939	0.0	5088378	11211.451388043964	0.004705182	12.0
16.784583976497533	200.0	27.898578189787745	0.0	95365	269.9417417716477	0.19133599	0.2
18.347262859134588	1500.0	30.33589930715069	0.0	744416	1562.6788826370562	0.004705182	1.5
18.63125429467709	200.0	34.051907871608186	0.0	102419	283.9914355424986	0.068274096	0.2
20.20109346213215	1500.0	36.48206870415312	0.0	748011	1569.8391674550617	0.004705182	1.5
21.675205106124306	1500.0	39.00795706016096	0.0	754517	1474.1116439921584	0.004705182	1.5
23.27041588572007	1500.0	41.412746280565194	0.0	934743	1595.2107795957652	0.5520171	1.5
24.542772098677872	1500.0	44.14039006760739	0.0	735572	1272.3562129578036	0.2621045	1.5
31.196281444708976	12000.0	41.486880721576284	0.0	4055239	6653.509346031103	0.004705182	12.0
40.4457625131872	12000.0	36.237399653098066	0.0	5385367	9249.48106847822	0.004705182	12.0
49.8664639024197	12000.0	30.81669826386556	0.0	5848459	9420.701389232507	0.49179992	12.0
51.27031008672924	1500.0	33.41285207955603	0.0	835711	1403.8461843095322	0.32716724	1.5
58.97366912701062	8000.0	29.70949303927465	0.0	3905272	7703.3590402813825	0.004705182	8.0
60.65465227550907	1500.0	32.0285098907762	0.0	809327	1680.9831484984484	0.35179156	1.5
67.61396737215232	8000.0	29.069194794132947	0.0	4032749	6959.3150966432495	0.004705182	8.0
75.58263340543138	8000.0	25.100528760853884	0.0	4925863	7968.666033279068	0.5279984	8.0
76.65448882480172	1500.0	28.02867334148354	0.0	644861	1071.8554193703437	0.3210299	1.5
83.50771839624768	8000.0	25.17544377003758	0.0	4274504	6853.229571445957	0.004705182	8.0
89.63996752807469	8000.0	23.043194638210586	0.0	3354913	6132.249131826997	0.010265439	8.0
96.39464099202682	8000.0	20.288521174258452	0.0	3811227	6754.673463952136	0.31866372	8.0
99.91767896671035	4000.0	20.765483199574906	0.0	2002600	3523.0379746835442	0.8554298	4.0
107.14673625467402	8000.0	17.536425911611236	0.0	4025712	7229.057287963667	0.13489999	8.0
110.74602410727397	4000.0	17.93713805901129	0.0	1947068	3599.287852599948	0.3477059	4.0
117.54299643846457	8000.0	15.140165727820687	0.0	3713878	6796.972331190603	0.13479745	8.0
121.46743399853015	4000.0	15.215728167755111	0.0	2125133	3924.4375600655776	0.5982739	4.0
125.16358019554815	4000.0	15.519581970737116	0.0	1828568	3696.146197017996	0.6774001	4.0
128.9586228416892	4000.0	15.724539324596071	0.0	1785821	3795.0426461410448	0.37500376	4.0
139.68304443744086	8000.0	9.000117728844376	0.0	4018228	10724.421595751695	0.073168926	8.0
142.49309486290574	1500.0	10.190067303379518	0.0	866245	2810.0504254648595	0.004705182	1.5
144.4304215904956	1500.0	12.252740575789653	0.0	691256	1937.3267275898634	0.004705182	1.5
146.3476259630139	1500.0	14.335536203271342	0.0	725845	1917.2043725183112	0.25947824	1.5
151.45300745099897	4000.0	13.230154715286275	0.0	1985434	5105.381487985067	0.63580275	4.0
153.19769034850424	1500.0	15.485471817781015	0.0	657685	1744.6828975052601	0.41643173	1.5
159.05173123405717	8000.0	13.631430932228074	0.0	3735285	5854.04088555294	0.06671871	8.0
166.0186053428222	8000.0	10.664556823463023	0.0	4340973	6966.874108765052	0.3602799	8.0
169.78870720696793	4000.0	10.894454959317288	0.0	2171279	3770.101864145733	0.41137263	4.0
173.34048882043652	4000.0	11.342673345848704	0.0	2042818	3551.781613468586	0.13915794	4.0
180.33874970463438	8000.0	8.34441246165085	0.0	4201994	6998.260884197855	0.5889999	8.0
183.76323083719447	4000.0	8.919931329090774	0.0	2034636	3424.481132560075	0.014575233	4.0

