15281.473507569266	600.0	4.0	0.7551815294238191	247108	755.1815294238191	0.03526459	-14.503630588476382
15281.822962127142	200.0	7.650545442125756	0.0	98617	349.45455787424436	0.004705182	0.2
15282.193890095994	200.0	11.27961747327436	0.0	106476	370.92796885139524	0.004705182	0.2
15282.588736914533	200.0	14.884770654735476	0.0	115230	394.8468185388846	0.004705182	0.2
15282.935571164337	200.0	18.537936404931862	0.0	97658	346.83424980361355	0.004705182	0.2
15283.28240541414	200.0	22.191102155128245	0.0	97658	346.83424980361355	0.004705182	0.2
15283.67878780425	200.0	25.794719765019295	0.0	115792	396.3823901089519	0.004705182	0.2
15284.052989108939	200.0	29.420518460329927	0.0	107674	374.20130468936776	0.004705182	0.2
15284.393394177418	200.0	33.080113391850816	0.0	95305	340.4050684791148	0.004705182	0.2
15284.761450463495	200.0	36.71205710577547	0.0	105425	368.05628607534413	0.010055681	0.2
15285.102019471999	200.0	40.37148809727108	0.0	95365	340.5690085043888	0.004705182	0.2
15285.442525636827	200.0	44.03098193244305	0.0	95342	340.5061648280337	0.004705182	0.2
15285.802368527637	200.0	47.671139041633936	0.0	102419	359.84289080911236	0.007964805	0.2
15286.103324161368	200.0	51.370183407903276	0.0	80867	300.9556337306602	0.004705182	0.2
15286.409424779558	200.0	55.06408278971277	0.0	82750	306.100618190512	0.009596492	0.2
15305.901687669728	12000.0	39.57181989954267	0.0	5443841	19492.262890170103	0.06773739	12.0
15306.216429735812	200.0	43.25707783345934	0.0	89871	314.74206608332247	0.004705182	0.2
15317.262284329145	12000.0	36.21122324012628	0.0	4055239	11045.854593333062	0.004705182	12.0
15317.598520501906	200.0	39.87498706736506	0.0	90919	336.2361727612203	0.004705182	0.2
15317.920544034634	200.0	43.55296353463766	0.0	85876	322.02353272740083	0.008762099	0.2
15318.3236779739	200.0	47.14982959537183	0.0	114656	403.13393926583535	0.02049615	0.2
15318.679143344152	200.0	50.79436422511888	0.0	97742	355.4653702529416	0.07416522	0.2
15334.045004137357	12000.0	39.42850343191376	0.0	5141915	15365.860793205125	0.0063177855	12.0
15334.380713098144	200.0	43.092794471126524	0.0	85752	335.7089607872372	0.004705182	0.2
15334.742675227262	200.0	46.730832342007695	0.0	94556	361.96212911883106	0.004705182	0.2
15345.94714922904	8000.0	39.52635834022911	0.0	3253093	11204.474001778577	0.0047675073	8.0
15347.794410821936	600.0	41.67909674733284	0.0	324657	1847.2615928962678	0.1864058	0.6
15359.149362209073	8000.0	34.32414536019723	0.0	3354913	11354.951387135614	0.004705182	8.0
15359.469726618427	200.0	38.00378095084405	0.0	93993	320.3644093531734	0.107375786	0.2
15379.528418232634	12000.0	21.94508933663586	0.0	5411094	20058.691614208194	0.5846932	12.0
15379.900889543951	200.0	25.572618025319876	0.0	93982	372.471311315984	0.004705182	0.2
15390.60531925103	8000.0	18.868188318240517	0.0	3568902	10704.429707079358	0.02528609	8.0
15390.976917177886	200.0	22.496590391384544	0.0	99865	371.5979268559749	0.672714	0.2
15391.318022368045	200.0	26.15548520122468	0.0	89422	341.1051901598657	0.28543624	0.2
15391.714030835818	200.0	29.759476733453305	0.0	108225	396.0084677713702	0.01464892	0.2
15392.050373634562	200.0	33.42313393470887	0.0	87791	336.3427987444339	0.6844255	0.2
15392.42846254616	200.0	37.04504502310949	0.0	102088	378.08891159938685	0.7011475	0.2
15392.74323296736	200.0	40.73027460191086	0.0	80403	314.7704211986277	0.7097863	0.2
15407.80270299575	12000.0	29.670804573520545	0.0	5257310	15059.470028390315	0.08198415	12.0
15408.17279687911	200.0	33.300710690163505	0.0	101968	370.09388335704125	0.055384535	0.2
15417.97729380646	8000.0	27.496213762813102	0.0	3189942	9804.496927350403	0.6746149	8.0
15424.264325805758	4000.0	25.20918176351535	0.0	1830641	6287.031999297755	0.035856105	4.0
15429.641130456375	4000.0	23.832377112896957	0.0	1697030	5376.804650618393	0.0069589955	4.0
15436.178995515626	4000.0	21.294512053645857	0.0	1910697	6537.865059251102	0.018057609	4.0
15449.268960399066	8000.0	12.204547170205819	0.0	3682991	13089.964883440038	0.06661177	8.0
15451.499544079932	1500.0	13.973963489338656	0.0	763847	2230.5836808671634	0.6608805	1.5
15457.766772168703	4000.0	11.706735400566213	0.0	1750852	6267.228088772442	0.004705182	4.0
15466.104519526172	4000.0	7.368988043097033	0.0	2034636	8337.74735746918	0.26126227	4.0

