27456.491224430945	600.0	4.0	0.7319139955151036	247108	731.9139955151036	-14.038279910302073
27457.3883250773	600.0	7.102899353647277	0.0	309722	897.100646352724	0.6
27458.22929856365	600.0	10.26192586729983	0.0	288447	840.9734863474476	0.6
27460.204697587524	1500.0	12.286526843424351	0.0	718451	1975.3990238754784	1.5
27462.195516740667	1500.0	14.295707690278329	0.0	724296	1990.819153146023	1.5
27464.095405937343	1500.0	16.395818493602427	0.0	689829	1899.8891966759004	1.5
27466.122122729324	1500.0	18.369101701622476	0.0	737903	2026.71679197995	1.5
27468.382471140932	1500.0	20.10875329001303	0.0	780303	2260.3484116094464	1.5
27470.968164345908	1500.0	21.52306008503798	0.0	891463	2585.693204975055	1.5
27473.193039618203	1500.0	23.298184812745095	0.0	763093	2224.875272292882	1.5
27475.435406282526	1500.0	25.05581814842073	0.0	769316	2242.366664324363	1.5
27480.482313116398	4000.0	24.008911314549955	0.0	1761739	5046.906833870777	4.0
27482.272746303923	1500.0	26.218478127023495	0.0	606092	1790.433187526457	1.5
27487.415492562694	4000.0	25.075731868252674	0.0	1805063	5142.74625877082	4.0
27493.248410132106	4000.0	23.242814298838322	0.0	2157416	5832.917569414353	4.0
27495.82097504661	1500.0	24.67024938433547	0.0	934743	2572.5649145028497	1.5
27501.098884043884	4000.0	23.392340387059416	0.0	1835863	5277.908997276056	4.0
27503.408575613452	1500.0	25.08264881749122	0.0	772616	2309.6915695681973	1.5
27510.087614630433	4000.0	22.40360980050894	0.0	2082556	6679.039016982283	4.0
27512.586381234712	1500.0	23.9048431962272	0.0	662349	2498.7666042817364	1.5
27515.71823132829	1500.0	24.772993102649806	0.0	835711	3131.8500935773955	1.5
27518.321664116043	1500.0	26.16956031489615	0.0	806394	2603.432787753655	1.5
27522.82948567449	4000.0	25.6617387564507	0.0	1849252	4507.8215584454465	4.0
27527.27228770373	4000.0	25.21893672720927	0.0	1822097	4442.802029241429	4.0
27532.02964876985	4000.0	24.461575661087604	0.0	1836837	4757.361066121667	4.0
27537.193994437795	4000.0	23.29722999314531	0.0	1984579	5164.345667942293	4.0
27542.635782837522	4000.0	21.85544159341827	0.0	2068230	5441.788399727042	4.0
27548.053825183833	4000.0	20.43739924710561	0.0	2055338	5418.042346312661	4.0
27549.920381244316	1500.0	22.570843186624735	0.0	675709	1866.5560604808725	1.5
27555.295200710563	4000.0	21.196023720376697	0.0	2002600	5374.819466248038	4.0
27557.377938544163	1500.0	23.113285886781718	0.0	757473	2082.737833594976	1.5
27562.75494806752	4000.0	21.736276363423165	0.0	1947068	5377.009523358554	4.0
27564.568678104115	1500.0	23.92254632683071	0.0	633700	1813.7300365924557	1.5
27570.188484714916	4000.0	22.30273971603139	0.0	2125133	5619.806610799322	4.0
27574.579365837093	4000.0	21.91185859385304	0.0	1828568	4390.881122178347	4.0
27578.903491195815	4000.0	21.58773323513084	0.0	1785821	4324.125358722201	4.0
27580.826389315152	1500.0	23.664835115796514	0.0	681043	1922.8981193343257	1.5
27586.19743788774	4000.0	22.29378654320823	0.0	1955307	5371.048572588284	4.0
27588.14797232151	1500.0	24.343252109437433	0.0	691256	1950.5344337708025	1.5
27594.087217118027	4000.0	22.404007312920758	0.0	2094647	5939.244796516674	4.0
27599.66435537995	4000.0	20.82686905099833	0.0	1985434	5577.138261922433	4.0
27604.283791248778	4000.0	20.207433182174324	0.0	1830641	4619.435868824004	4.0
27608.571912258016	4000.0	19.919312172937456	0.0	1697030	4288.121009236873	4.0
27610.794949624153	1500.0	21.69627480679921	0.0	848035	2223.037366138245	1.5
27612.478255893453	1500.0	24.01296853749619	0.0	629438	1683.3062693030217	1.5
27617.76172773094	4000.0	22.72949670000773	0.0	2042818	5283.471837488459	4.0
27622.482560571083	4000.0	22.0086638598667	0.0	1750852	4720.832840141028	4.0
27628.082462904233	4000.0	20.408761526714233	0.0	2034636	5599.9023331524695	4.0

