20016.780668205243	600.0	4.0	0.5840962872297021	247108	584.096287229702	0.0063819718	-11.081925744594042
20017.061845275828	200.0	7.7188229294165644	0.0	98617	281.17707058343535	0.004705182	0.2
20017.35905457815	200.0	11.421613627090984	0.0	106476	297.2093023255814	0.004705182	0.2
20017.674121897613	200.0	15.10654630762954	0.0	115230	315.0673194614443	0.004705182	0.2
20017.953342623845	200.0	18.82732558139535	0.0	97658	279.2207262341901	0.004705182	0.2
20018.232563350077	200.0	22.54810485516116	0.0	97658	279.2207262341901	0.004705182	0.2
20018.548777140368	200.0	26.23189106487148	0.0	115792	316.2137902896777	0.004705182	0.2
20018.848430343143	200.0	29.932237862097104	0.0	107674	299.6532027743778	0.004705182	0.2
20019.122850987776	200.0	33.65781721746226	0.0	95305	274.4206446348429	0.004705182	0.2
20019.41791626725	200.0	37.3627519379845	0.0	105425	295.0652794777642	0.021796739	0.2
20019.692459310907	200.0	41.088208894328844	0.0	95365	274.54304365565076	0.004705182	0.2
20019.96695543494	200.0	44.81371277029784	0.0	95342	274.49612403100775	0.004705182	0.2
20020.255888523472	200.0	48.52477968176255	0.0	102419	288.93308853529174	0.018117297	0.2
20020.500855883733	200.0	52.27981232150143	0.0	80867	244.9673602611179	0.004705182	0.2
20020.749664533265	200.0	56.03100367197063	0.0	82750	248.80864953080376	0.01915869	0.2
20032.51888366999	12000.0	48.26178453524702	0.0	5443841	11769.21913672362	0.004705182	12.0
20032.806228442878	200.0	51.974439762355885	0.0	89871	287.3447728911319	0.004705182	0.2
20041.478122961977	12000.0	47.30254524325781	0.0	4055239	8671.894519098076	0.004705182	12.0
20041.733084955624	200.0	51.04758324960824	0.0	90919	254.96199364957184	0.08159756	0.2
20041.9783423404	200.0	54.80232586483002	0.0	85876	245.2573847782161	0.5821905	0.2
20052.830665840425	12000.0	47.95000236480813	0.0	5251330	10852.323500021888	0.0047281864	12.0
20053.128012163717	200.0	51.65265604151375	0.0	97742	297.3463232943727	0.03217572	0.2
20064.99279579248	12000.0	43.78787241274929	0.0	5141915	11864.783628764464	0.004705182	12.0
20065.27360839128	200.0	47.50705981395531	0.0	85752	280.81259879398164	0.004708281	0.2
20065.575038049963	200.0	51.20563015527022	0.0	94556	301.4296586850887	0.004705182	0.2
20073.739457773565	8000.0	47.04121043166651	0.0	3253093	8164.419723603714	0.004705182	8.0
20085.890151229025	12000.0	38.89051697620966	0.0	5138482	12150.693455456842	0.004705182	12.0
20093.862990080113	8000.0	34.91767812511962	0.0	3354913	7972.8388510900395	0.004705182	8.0
20095.570616239336	1500.0	37.210051965900064	0.0	675709	1707.6261592195592	0.8223051	1.5
20106.678159066447	12000.0	30.102509138790317	0.0	5411094	11107.542827109746	0.009298544	12.0
20108.219827260764	1500.0	32.56084094447318	0.0	757473	1541.6681943171404	0.44209763	1.5
20117.468362633543	8000.0	27.312305571695134	0.0	3568902	9248.535372778042	0.004705182	8.0
20119.221493755675	1500.0	29.559174449561603	0.0	633700	1753.1311221335325	0.20598522	1.5
20119.545666054128	200.0	33.235002151111196	0.0	89422	324.1722984504062	0.36526912	0.2
20119.921181106347	200.0	36.859487098889204	0.0	108225	375.5150522219947	0.0577817	0.2
20120.240899858483	200.0	40.539768346755956	0.0	87791	319.7187521332514	0.39968526	0.2
20120.599657452858	200.0	44.181010752380914	0.0	102088	358.7575943750427	0.7013386	0.2
20120.89920281432	200.0	47.88146539092279	0.0	80403	299.54536145812	0.6406697	0.2
20133.584136391393	12000.0	39.19653181384804	0.0	5257310	12684.933577074748	0.004705182	12.0
20133.86157899768	200.0	42.919089207562266	0.0	101968	277.4426062857765	0.07874455	0.2
20143.289821382747	12000.0	37.490846822496856	0.0	4828747	9428.242385065414	0.004705182	12.0
20146.912897505597	4000.0	37.86777069964548	0.0	1830641	3623.0761228513716	0.03159959	4.0
20150.26723275921	4000.0	38.513435446029206	0.0	1697030	3354.3352536162693	0.026065169	4.0
20153.986698943332	4000.0	38.793969261907975	0.0	1910697	3719.4661841212396	0.5956978	4.0
20166.37225747847	12000.0	30.408410726773237	0.0	5626380	12385.558535134736	0.11515093	12.0
20178.69779758492	12000.0	22.082870620322705	0.0	5875126	12325.54010645053	0.011667486	12.0
20182.207861109782	4000.0	22.5728070954566	0.0	1750852	3510.063524866104	0.30666226	4.0
20194.36117275667	12000.0	14.419495448568362	0.0	5646381	12153.311646888236	0.005058757	12.0

