1268.6969135349184	600.0	4.0	0.6800315668062891	247108	680.0315668062891	0.0051089986	-13.000631336125782
1269.0163768992115	200.0	7.680536635706914	0.0	98617	319.46336429308565	0.004705182	0.2
1269.354923612014	200.0	11.341989922904146	0.0	106476	338.5467128027682	0.004705182	0.2
1269.7147269265288	200.0	14.982186608389485	0.0	115230	359.8033145146603	0.004705182	0.2
1270.031861631804	200.0	18.66505190311419	0.0	97658	317.134705275299	0.004705182	0.2
1270.3489963370794	200.0	22.347917197838893	0.0	97658	317.134705275299	0.004705182	0.2
1270.7101643089122	200.0	25.986749226006197	0.0	115792	361.1679718326959	0.004705182	0.2
1271.0516200243253	200.0	29.645293510593095	0.0	107674	341.4557154131003	0.004705182	0.2
1271.3630411376623	200.0	33.33387239725612	0.0	95305	311.4211133369757	0.004705182	0.2
1271.6990357955874	200.0	36.99787773933103	0.0	105425	335.99465792508954	0.013870519	0.2
1272.0106026018764	200.0	40.68631093304195	0.0	95365	311.56680628907907	0.004705182	0.2
1272.3221135592007	200.0	44.37479997571785	0.0	95342	311.51095732410613	0.004705182	0.2
1272.6508090002253	200.0	48.04610453469314	0.0	102419	328.6954410247071	0.010754092	0.2
1272.9271715328543	200.0	51.76974200206399	0.0	80867	276.36253262915073	0.004705182	0.2
1273.2081063959638	200.0	55.48880713895466	0.0	82750	280.9348631093304	0.012557054	0.2
1286.2214009087759	12000.0	46.47551262614253	0.0	5443841	13013.294512812125	0.013014048	12.0
1286.5109850741187	200.0	50.18592846079979	0.0	89871	289.5841653427393	0.004705182	0.2
1293.5358241049455	12000.0	47.1610894299732	0.0	4055239	7024.839030826584	0.004705182	12.0
1293.7470381039532	200.0	50.949875430965406	0.0	90919	211.21399900780227	0.27772477	0.2
1294.7829379821835	1500.0	53.913975552735124	0.0	662349	1035.8998782302801	0.8391806	1.5
1303.202937825795	12000.0	49.49397570912355	0.0	5251330	8419.99984361157	0.004705182	12.0
1303.4631240180709	200.0	53.233789516847764	0.0	97742	260.18619227578574	0.098081134	0.2
1312.49829419433	12000.0	48.198619340588564	0.0	5141915	9035.170176259198	0.004705182	12.0
1312.7102127374908	200.0	51.98670079742759	0.0	85752	211.9185431609715	0.20014063	0.2
1312.9356751146615	200.0	55.761238420257044	0.0	94556	225.46237717054785	0.06662306	0.2
1318.0201448567916	8000.0	54.676768678126784	0.0	3253093	5084.469742130263	0.004705182	8.0
1333.3576331167963	12000.0	43.33928041812234	0.0	5138482	15337.488260004444	0.004705182	12.0
1339.1601161930305	8000.0	41.536797341888104	0.0	3354913	5802.483076234235	0.004705182	8.0
1345.9091063888131	8000.0	38.78780714610541	0.0	3811227	6748.990195782695	0.6541995	8.0
1355.8137630079211	12000.0	32.88315052699746	0.0	5411094	9904.656619107947	0.004705182	12.0
1363.1047647765251	8000.0	29.5921487583936	0.0	4025712	7291.001768603859	0.5887987	8.0
1369.1596974959978	8000.0	27.53721603892096	0.0	3568902	6054.932719472638	0.005745032	8.0
1370.3006161943338	1500.0	30.396297340584663	0.0	633700	1140.918698336298	0.020806659	1.5
1383.6737609437723	12000.0	21.023152591146218	0.0	6041881	13373.144749438445	0.09215049	12.0
1383.9117925756525	200.0	24.785120959266102	0.0	108225	238.03163188011646	0.3554227	0.2
1386.5994729348652	4000.0	26.097440600053524	0.0	1785821	2687.68035921258	0.4080754	4.0
1386.8285432350303	200.0	29.868370299888337	0.0	102088	229.0703001651867	0.998983	0.2
1392.4747735486378	8000.0	28.222139986280755	0.0	3739359	5646.230313607582	0.08281653	8.0
1400.8516409044335	12000.0	23.84527263048497	0.0	5257310	8376.867355795786	0.004705182	12.0
1401.0925625488744	200.0	27.604350986044036	0.0	101968	240.92164444093746	0.64450413	0.2
1412.3296101088104	12000.0	20.367303426108222	0.0	4828747	11237.047559935816	0.020215396	12.0
1415.5874959489518	4000.0	21.109417585966742	0.0	1830641	3257.8858401414795	0.22365275	4.0
1418.6134408979042	4000.0	22.083472637014275	0.0	1697030	3025.944948952468	0.022947513	4.0
1421.992365381127	4000.0	22.704548153791404	0.0	1910697	3378.924483222873	0.05883178	4.0
1428.2236269941043	8000.0	20.473286540814097	0.0	3682991	6231.261612977306	0.5104973	8.0
1431.7175344792845	4000.0	20.979379055633945	0.0	2042818	3493.9074851801506	0.58182824	4.0
1435.0408289892064	4000.0	21.656084545711977	0.0	1750852	3323.2945099219673	0.688073	4.0
1445.1001037992755	12000.0	15.596809735642823	0.0	5646381	10059.274810069151	0.004705182	12.0

