366.73000448628204	600.0	4.0	0.7571589566170553	247108	757.1589566170553	0.007469659	-14.543179132341107
367.08024820491806	200.0	7.649756281364002	0.0	98617	350.24371863599777	0.004705182	0.2
367.452028224443	200.0	11.27797626183911	0.0	106476	371.7800195248942	0.004705182	0.2
367.84779714560693	200.0	14.882207340675151	0.0	115230	395.76892116395777	0.004705182	0.2
368.19541288198667	200.0	18.53459160429548	0.0	97658	347.61573637967354	0.004705182	0.2
368.54302861836635	200.0	22.186975867915805	0.0	97658	347.61573637967354	0.004705182	0.2
368.94033760838124	200.0	25.789666877900906	0.0	115792	397.3089900149006	0.004705182	0.2
369.3154005504745	200.0	29.41460393580763	0.0	107674	375.0629420932742	0.004705182	0.2
369.6565682761669	200.0	33.07343621011527	0.0	95305	341.16772569236304	0.004705182	0.2
370.0254682025204	200.0	36.704536283761804	0.0	105425	368.89992635346914	0.009976339	0.2
370.36680034837474	200.0	40.36320413790742	0.0	95365	341.33214585438543	0.004705182	0.2
370.7080694665004	200.0	44.02193501978181	0.0	95342	341.26911812561013	0.004705182	0.2
371.0687319427365	200.0	47.66127254354566	0.0	102419	360.6624762361485	0.007911081	0.2
371.37033469677425	200.0	51.35966978950795	0.0	80867	301.6027540377139	0.004705182	0.2
371.67709750356346	200.0	55.05290698271876	0.0	82750	306.7628067891825	0.009535739	0.2
389.7627796332167	12000.0	40.9672248530655	0.0	5443841	18085.68212965326	0.07066949	12.0
390.1504253328316	200.0	44.57957915345062	0.0	89871	387.64569961489093	0.004705182	0.2
402.21349434074034	12000.0	36.5165101455419	0.0	4055239	12063.069007908716	0.004705182	12.0
402.5165160955351	200.0	40.21348839074711	0.0	90919	303.0217547947936	0.004705182	0.2
402.807167512893	200.0	43.922836973389266	0.0	85876	290.65141735784266	0.010380111	0.2
403.1684154623618	200.0	47.56158902392049	0.0	114656	361.24794946877824	0.027379565	0.2
403.4881738446268	200.0	51.241830641655476	0.0	97742	319.758382265013	0.1360862	0.2
419.32128193094303	12000.0	39.4087225553392	0.0	5141915	15833.108086316272	0.0047472576	12.0
419.64615209210376	200.0	43.08385239417842	0.0	85752	324.870161160786	0.004705182	0.2
419.996162621989	200.0	46.73384186429318	0.0	94556	350.01052988524214	0.004705182	0.2
429.33513419269406	8000.0	41.39487029358819	0.0	3253093	9338.971570704995	0.004705182	8.0
444.6556069156233	12000.0	30.074397570658913	0.0	5138482	15320.472722929275	0.010260807	12.0
463.5522972135372	8000.0	15.177707272745014	0.0	3354913	18896.690297913898	0.004705182	8.0
463.95043226176875	200.0	18.779572224513505	0.0	93993	398.1350482315113	0.0070616705	0.2
464.3590259324406	200.0	22.370978553841645	0.0	97083	408.5936706718565	0.0065381527	0.2
464.75712374933005	200.0	25.972880736952156	0.0	93982	398.0978168894906	0.005712143	0.2
475.47195257872494	8000.0	19.258051907557295	0.0	3568902	10714.828829394859	0.37922055	8.0
477.32720908325973	1500.0	21.402795403022505	0.0	633700	1855.25650453479	0.13237992	1.5
477.6577171898536	200.0	25.072287296428676	0.0	89422	330.5081065938299	0.021454843	0.2
478.0409002973229	200.0	28.689104188959405	0.0	108225	383.18310746927204	0.013204908	0.2
478.36683929651747	200.0	32.363165189764814	0.0	87791	325.9389991945933	0.14220887	0.2
478.7328301218843	200.0	35.997174364398	0.0	102088	365.99082536681027	0.15202859	0.2
479.04017222478143	200.0	39.689832261500904	0.0	80403	307.34210289709745	0.064570986	0.2
495.33501017407053	12000.0	27.394994312211775	0.0	5257310	16294.837949289127	0.07889678	12.0
495.73794281594223	200.0	30.99206167034008	0.0	101968	402.9326418716969	0.04044284	0.2
508.40107213332607	8000.0	22.328932352956215	0.0	3189942	12663.129317383862	0.5978073	8.0
514.3004338979154	4000.0	20.429570588366957	0.0	1830641	5899.361764589257	0.031018155	4.0
519.5647183636378	4000.0	19.165286122644517	0.0	1697030	5264.28446572244	0.005298392	4.0
526.7079668272023	4000.0	16.022037659079984	0.0	1910697	7143.2484635645305	0.019118734	4.0
529.1148020011777	1500.0	17.61520248510466	0.0	629438	2406.835173975325	0.055246163	1.5
531.5002821534496	1500.0	19.229722332832708	0.0	763847	2385.480152271949	0.28115582	1.5
536.6347959834479	4000.0	18.095208502834332	0.0	1750852	5134.513829998376	0.004705182	4.0
544.2108717739833	4000.0	14.519132712299058	0.0	2034636	7576.075790535273	0.021596175	4.0

