20749.03841289319	600.0	4.0	2.6146035002243733	247108	2614.6035002243734	-51.69207000448746
20750.129934144552	200.0	6.908478748637734	0.0	98617	1091.5212513622669	0.2
20751.302065691445	200.0	9.736347201743701	0.0	106476	1172.1315468940315	0.2
20754.250885487585	600.0	10.787527405602923	0.0	279692	2948.8197961407786	0.6
20755.33257021097	200.0	13.705842682223219	0.0	97658	1081.6847233797039	0.2
20756.41425493435	200.0	16.624157958843515	0.0	97658	1081.6847233797039	0.2
20759.041053462162	600.0	17.997359431027842	0.0	327938	2626.7985278156734	0.6
20761.13875088794	600.0	19.899662005248924	0.0	274823	2097.69742577892	0.6
20763.353183045056	600.0	21.685229848134252	0.0	290723	2214.43215711467	0.6
20765.70868068191	600.0	23.32973221127838	0.0	309937	2355.4976368558714	0.6
20768.228665232295	600.0	24.809747660894143	0.0	329266	2519.9845503842375	0.6
20773.910779902348	1500.0	23.127632990840993	0.0	744416	5682.114670053149	1.5
20778.056898838444	1500.0	22.98151405474023	0.0	606092	4146.118936100765	1.5
20781.205111210584	1500.0	23.833301682601896	0.0	748011	3148.212372138334	1.5
20784.380010074892	1500.0	24.658402818295485	0.0	754517	3174.8988643064067	1.5
20787.967402259423	1500.0	25.071010633760693	0.0	934743	3587.3921845347936	1.5
20789.394572882808	1500.0	27.643840010377527	0.0	735572	1427.1706233831644	1.5
20790.88958810682	1500.0	30.148824786367086	0.0	772616	1495.0152240104394	1.5
20794.783705915477	4000.0	30.25470697770886	0.0	2082556	3894.1178086582267	4.0
20799.978580190924	4000.0	29.059832702261723	0.0	2164412	5194.874275447138	4.0
20809.348498561045	4000.0	23.689914332142873	0.0	2379358	9369.918370118849	4.0
20813.668193229973	4000.0	23.370219663212485	0.0	1950922	4319.69466893039	4.0
20817.7669412096	4000.0	23.271471683585997	0.0	1849252	4098.747979626486	4.0
20823.702679411457	4000.0	21.335733481727654	0.0	1822097	5935.738201858345	4.0
20829.209333505467	4000.0	19.829079387717243	0.0	1836837	5506.654094010409	4.0
20830.398259056015	1500.0	22.640153837165347	0.0	644861	1188.9255505518954	1.5
20834.034859767515	4000.0	23.003553125666365	0.0	2068230	3636.6007114989848	4.0
20837.649290944497	4000.0	23.389121948683677	0.0	2055338	3614.431176982686	4.0
20844.50963020313	4000.0	20.528782690050296	0.0	2165436	6860.339258633383	4.0
20850.625720750297	4000.0	18.41269214288364	0.0	2002600	6116.090547166656	4.0
20852.319769333295	1500.0	20.71864355988769	0.0	757473	1694.0485829959516	1.5
20856.548646384224	4000.0	20.489766508960777	0.0	1947068	4228.8770509269125	4.0
20857.978955355033	1500.0	23.05945753815319	0.0	633700	1430.3089708075856	1.5
20866.559893144575	4000.0	18.478519748611	0.0	2125133	8580.93778954219	4.0
20869.41516135898	1500.0	19.623251534204677	0.0	670327	2855.268214406328	1.5
20870.89632569749	1500.0	22.14208719569477	0.0	785519	1481.1643385099053	1.5
20872.191131659652	1500.0	24.847281233532428	0.0	681043	1294.805962162343	1.5
20875.758897632517	4000.0	25.279515260667623	0.0	1955307	3567.765972864803	4.0
20879.79448533587	4000.0	25.243927557311405	0.0	2142800	4035.5877033562183	4.0
20887.859606490954	4000.0	21.178806402228133	0.0	2094647	8065.121155083273	4.0
20896.473777713974	4000.0	16.564635179210644	0.0	1985434	8614.17122301749	4.0
20899.47795934016	1500.0	17.560453553022683	0.0	657685	3004.1816261879617	1.5
20901.221501429565	1500.0	19.81691146362166	0.0	767059	1743.5420894010208	1.5
20902.95039253287	1500.0	22.08802036031502	0.0	848035	1728.8911033066388	1.5
20904.254250885748	1500.0	24.784162007436752	0.0	629438	1303.8583528782708	1.5
20905.819449636492	1500.0	27.218963256692426	0.0	763847	1565.1987507443278	1.5
20909.303748145405	4000.0	27.73466474777872	0.0	1750852	3484.2985089137064	4.0
20912.96718430752	4000.0	28.071228585665246	0.0	2034636	3663.436162113473	4.0

