0.6831621662852785	600.0	4.0	0.6831621662852785	247108	683.1621662852784	0.5	-13.06324332570557
1.0038749046529367	200.0	7.679287261632342	0.0	98617	320.7127383676583	0.004705182	0.2
1.3437705568268499	200.0	11.33939160945843	0.0	106476	339.8956521739131	0.004705182	0.2
1.7050337147215866	200.0	14.978128451563693	0.0	115230	361.2631578947368	0.004705182	0.2
2.023405644546148	200.0	18.65975652173913	0.0	97658	318.37192982456145	0.004705182	0.2
2.3417775743707097	200.0	22.34138459191457	0.0	97658	318.37192982456145	0.004705182	0.2
2.704412509534707	200.0	25.97874965675057	0.0	115792	362.63493516399694	0.004705182	0.2
3.0472323417238756	200.0	29.6359298245614	0.0	107674	342.8198321891686	0.004705182	0.2
3.359860869565218	200.0	33.32330129672006	0.0	95305	312.6285278413425	0.004705182	0.2
3.6971911517925253	200.0	36.985971014492755	0.0	105425	337.3302822273074	0.013692969	0.2
4.009966132723113	200.0	40.673196033562164	0.0	95365	312.7749809305874	0.004705182	0.2
4.322684973302823	200.0	44.36047719298245	0.0	95342	312.71884057971016	0.004705182	0.2
4.652677955758963	200.0	48.03048421052631	0.0	102419	329.99298245614034	0.01060169	0.2
4.930064988558353	200.0	51.75309717772692	0.0	80867	277.3870327993898	0.004705182	0.2
5.212048207475211	200.0	55.471113958810065	0.0	82750	281.98321891685737	0.012402869	0.2
17.236584175670966	12000.0	47.44657799061431	0.0	5443841	12024.535968195756	0.013904496	12.0
17.49558332918389	200.0	51.187578837101384	0.0	89871	258.9991535129214	0.004705182	0.2
24.86841720277595	12000.0	47.81474496350932	0.0	4055239	7372.833873592062	0.004705182	12.0
25.095796160275572	200.0	51.5873660060097	0.0	90919	227.3789574996201	0.37148064	0.2
26.249458487411985	1500.0	54.433703678873286	0.0	662349	1153.6623271364165	0.80769676	1.5
35.00570624780214	12000.0	49.67745591848314	0.0	5251330	8756.24776039015	0.004705182	12.0
35.252357498321636	200.0	53.43080466796364	0.0	97742	246.65125051949576	0.074524775	0.2
43.939151716763696	12000.0	48.744010449521575	0.0	5141915	8686.794218442063	0.004705182	12.0
44.15499108946181	200.0	52.52817107682347	0.0	85752	215.83937269811096	0.41841227	0.2
44.38477684052118	200.0	56.2983853257641	0.0	94556	229.785751059364	0.09020015	0.2
49.61798740643936	8000.0	55.06517475984592	0.0	3253093	5233.2105659181825	0.004705182	8.0
59.250290914036334	12000.0	49.432871252248944	0.0	5138482	9632.303507596975	0.004705182	12.0
65.36431417259179	8000.0	47.31884799369349	0.0	3354913	6114.023258555457	0.004705182	8.0
71.76462594058997	8000.0	44.91853622569531	0.0	3811227	6400.311767998176	1.1582355	8.0
80.20765623648163	12000.0	40.47550592980365	0.0	5411094	8443.030295891662	0.004705182	12.0
91.23280025255941	12000.0	33.45036191372584	0.0	6277262	11025.144016077806	0.9539702	12.0
97.50732200038684	8000.0	31.17584016589842	0.0	3568902	6274.521747827421	0.006739327	8.0
104.0408897323799	8000.0	28.642272433905376	0.0	3713878	6533.567731993049	0.011351441	8.0
115.04346791791508	12000.0	21.639694248370173	0.0	6041881	11002.578185535203	0.28451082	12.0
118.43140935044377	4000.0	22.25175281584148	0.0	1828568	3387.9414325286903	0.9668637	4.0
118.67022624229747	200.0	26.01293592398779	0.0	87791	238.81689185369441	0.20679016	0.2
118.93490689128836	200.0	29.74825527499689	0.0	102088	264.6806489908983	1.0369914	0.2
126.19032868733098	8000.0	26.492833478954285	0.0	3739359	7255.421796042602	0.10727918	8.0
139.31184683265047	12000.0	17.371315333634783	0.0	5257310	13121.518145319504	0.004705182	12.0
139.7132083202017	200.0	20.96995384608357	0.0	101968	401.36148755121343	0.23870072	0.2
148.55380886842894	8000.0	16.1293532978563	0.0	3189942	8840.600548227267	0.6989947	8.0
148.89125717811208	200.0	19.791904988173165	0.0	101713	337.4483096831348	0.2621633	0.2
153.26665211269832	4000.0	19.41651005358693	0.0	1697030	4375.39493458624	0.021178419	4.0
156.33600137573924	4000.0	20.347160790546027	0.0	1910697	3069.3492630408996	0.0681506	4.0
162.04581823045544	8000.0	18.63734393582982	0.0	3682991	5709.816854716206	0.07553442	8.0
165.42383259865102	4000.0	19.259329567634232	0.0	2042818	3378.0143681955888	0.57943803	4.0
175.15099170921644	12000.0	13.532170457068814	0.0	5704199	9727.159110565417	0.123968594	12.0
184.59158675654882	12000.0	8.091575409736446	0.0	5646381	9440.595047332368	0.1771607	12.0

