25009.346720259844	600.0	4.0	0.8394560122935075	247108	839.4560122935076	-16.18912024587015
25011.677676848398	1500.0	5.669043411448329	0.0	732405	2330.9565885516713	1.5
25013.736461327844	1500.0	7.610258932001536	0.0	643847	2058.784479446792	1.5
25016.024532015508	1500.0	9.322188244333462	0.0	718451	2288.0706876680756	1.5
25018.330566590997	1500.0	11.016153668843643	0.0	724296	2306.03457548982	1.5
25020.262191813676	1500.0	13.084528446166857	0.0	689829	1931.6252226767867	1.5
25022.21554725534	1500.0	15.1311730045027	0.0	737903	1953.3554416641546	1.5
25024.27654593836	1500.0	17.070174321482217	0.0	780303	2060.9986830204843	1.5
25026.61975270414	1500.0	18.726967555698298	0.0	891463	2343.20676578392	1.5
25028.637059401695	1500.0	20.709660858143437	0.0	763093	2017.3066975548609	1.5
25030.573598524832	1500.0	22.773121735005642	0.0	769316	1936.5391231377953	1.5
25032.401233405173	1500.0	24.945486854662885	0.0	744416	1827.6348803427584	1.5
25033.90413070977	1500.0	27.44258955006881	0.0	606092	1502.8973045940752	1.5
25035.740205424016	1500.0	29.60651483582292	0.0	748011	1836.0747142458881	1.5
25037.591554007347	1500.0	31.755166252488365	0.0	754517	1851.3485833345565	1.5
25039.868666947375	1500.0	33.478053312460354	0.0	934743	2277.1129400280124	1.5
25041.73376508176	1500.0	35.612955178075396	0.0	735572	1865.098134384954	1.5
25043.688762199916	1500.0	37.65795805991978	0.0	772616	1954.9971181556195	1.5
25045.58255501047	1500.0	39.764165249363124	0.0	747396	1893.792810556651	1.5
25047.26995437343	1500.0	42.07676588640241	0.0	662349	1687.399362960716	1.5
25049.37807146732	1500.0	43.968648792514955	0.0	835711	2108.1170938874566	1.5
25051.40552871408	1500.0	45.9411915457542	0.0	806394	2027.457246760759	1.5
25053.433338163395	1500.0	47.91338209643786	0.0	809327	2027.8094493163462	1.5
25055.154216008195	1500.0	50.192504251640095	0.0	681795	1720.8778447977616	1.5
25057.292449789275	1500.0	52.054270470559786	0.0	855209	2138.2337810803087	1.5
25058.924438477774	1500.0	54.42228178206232	0.0	644861	1631.9886884974655	1.5
25060.927752191074	1500.0	56.418968068762325	0.0	794014	2003.3137133000016	1.5
25063.317753296447	1500.0	58.028966963388626	0.0	914284	2390.0011053736953	1.5
25065.60497833474	1500.0	59.741741925095326	0.0	675709	1787.225038293303	1.5
25069.472593727856	1500.0	59.87412653197707	0.0	707527	1867.6153931182591	1.5
25073.406744982472	1500.0	59.93997527735926	0.0	757473	1934.1512546178092	1.5
25077.56221178186	1500.0	59.78450847797309	0.0	712239	1655.4667993861724	1.5
25079.440637673226	1500.0	59.80276929945153	0.0	633700	1481.73917852156	1.5
25083.566018994006	1500.0	59.67738797866807	0.0	755142	2125.381320783464	1.5
25087.46166999027	1500.0	59.781736982409335	0.0	670327	1895.6509962587397	1.5
25091.262061617213	1500.0	59.98134535546382	0.0	785519	2300.391626945505	1.5
25095.6306086832	1500.0	59.612798289474824	0.0	681043	2368.547065988995	1.5
25098.799049915076	1500.0	59.62190653494884	0.0	866245	2990.89175452598	1.5
25102.836511897523	1500.0	59.58444455250149	0.0	691256	1537.4619824473555	1.5
25106.446902219846	1500.0	59.974054230175895	0.0	725845	1610.3903223255936	1.5
25110.112225463105	1500.0	59.68409349960636	0.0	811013	1789.9607305695386	1.5
25114.09807542869	1500.0	59.69824353401792	0.0	657685	1985.8499655884377	1.5
25117.900871096455	1500.0	59.895447866252496	0.0	767059	2302.795667765422	1.5
25122.203610917946	1500.0	59.592708044763604	0.0	848035	2302.7398214888976	1.5
25125.889345703254	1500.0	59.90697325945134	0.0	629438	1685.734785312266	1.5
25129.199069164657	1500.0	59.87835290517273	0.0	763847	2028.620354278608	1.5
25133.557314008376	1500.0	59.52010806144981	0.0	769491	1858.2448437229186	1.5
25137.506020461668	1500.0	59.57140160815962	0.0	808636	1948.7064532901961	1.5

