23815.882480089178	600.0	4.0	0.6255976595920846	247108	625.5976595920846	-11.911953191841691
23817.57958052248	1500.0	6.3028995666933465	0.0	732405	1697.1004333066544	1.5
23819.081150914113	1500.0	8.801329175061408	0.0	643847	1501.570391631938	1.5
23820.747441864354	1500.0	11.135038224822674	0.0	718451	1666.2909502387329	1.5
23822.42663817711	1500.0	13.455841912069108	0.0	724296	1679.1963127535673	1.5
23824.029733697764	1500.0	15.852746391411143	0.0	689829	1603.0955206579638	1.5
23825.73897334118	1500.0	18.14350674799216	0.0	737903	1709.239643418983	1.5
23830.4464309201	1500.0	17.436049169076455	0.0	780303	4707.457578915708	1.5
23835.970271994865	1500.0	15.912208094308316	0.0	891463	5523.841074768139	1.5
23836.9424648925	1500.0	18.940015196672434	0.0	763093	972.1928976358809	1.5
23837.916537556914	1500.0	21.965942532262307	0.0	769316	974.0726644101283	1.5
23838.8616722955	1500.0	25.02080779367695	0.0	744416	945.1347385853538	1.5
23839.646051626383	1500.0	28.23642846279385	0.0	606092	784.3793308831007	1.5
23840.595364350647	1500.0	31.28711573853219	0.0	748011	949.3127242616616	1.5
23843.18263921736	4000.0	32.69984087181807	0.0	2157416	2587.274866714122	4.0
23845.85626648177	4000.0	34.026213607410845	0.0	2231719	2673.627264407223	4.0
23848.53353194524	4000.0	35.34894814394058	0.0	1835863	2677.2654634702603	4.0
23851.97501593922	4000.0	35.907464149957804	0.0	2192675	3441.483993982773	4.0
23855.247681820198	4000.0	36.6347982689801	0.0	2082556	3272.6658809777036	4.0
23858.392548693228	4000.0	37.48993139594891	0.0	2164412	3144.8668730311924	4.0
23861.60377215742	4000.0	38.27870793175631	0.0	2379358	3211.223464192596	4.0
23864.25117594584	4000.0	39.63130414333542	0.0	1950922	2647.4037884208883	4.0
23866.76478251266	4000.0	41.11769757651988	0.0	1849252	2513.6065668155393	4.0
23869.57464542041	4000.0	42.30783466876655	0.0	1822097	2809.8629077533237	4.0
23872.460395656693	4000.0	43.42208443248294	0.0	1836837	2885.7502362836167	4.0
23875.57182032757	4000.0	44.31065976160931	0.0	1984579	3111.424670873629	4.0
23878.737935423018	4000.0	45.1445446661597	0.0	2068230	3166.1150954496024	4.0
23881.79285970519	4000.0	46.08962038398641	0.0	2055338	3054.9242821732914	4.0
23885.007141335704	4000.0	46.87533875347493	0.0	2165436	3214.28163051148	4.0
23888.002795703098	4000.0	47.87968438608103	0.0	2002600	2995.6543673938922	4.0
23891.570439129147	4000.0	48.31204096003264	0.0	2290706	3567.6434260483975	4.0
23894.61488716843	4000.0	49.267592920751646	0.0	1947068	3044.4480392809905	4.0
23898.63450658533	4000.0	49.24797350385109	0.0	2544033	4019.6194169005507	4.0
23902.269503971525	4000.0	49.61297611765617	0.0	2125133	3634.9973861949275	4.0
23905.4083969728	4000.0	50.474083116380626	0.0	1828568	3138.893001275537	4.0
23908.486261262708	4000.0	51.39621882647609	0.0	1785821	3077.8642899045412	4.0
23912.181802183408	4000.0	51.70067790577376	0.0	2096494	3695.5409207023295	4.0
23915.633856895245	4000.0	52.248623193937846	0.0	1955307	3452.0547118359073	4.0
23919.360507384663	4000.0	52.521972704521446	0.0	2142800	3726.6504894164	4.0
23922.882289361554	4000.0	53.000190727627995	0.0	2094647	3521.781976893453	4.0
23926.224619939218	4000.0	53.65786014996433	0.0	1985434	3342.330577663672	4.0
23929.296040324327	4000.0	54.586439764855214	0.0	1830641	3071.4203851091142	4.0
23932.09809345716	4000.0	55.78438663202313	0.0	1697030	2802.0531328320803	4.0
23935.242870600014	4000.0	56.63960948916599	0.0	1910697	3144.7771428571427	4.0
23938.80562388322	4000.0	57.076856205957974	0.0	2171279	3562.7532832080205	4.0
23943.60177789138	4000.0	56.28070219779706	0.0	2042818	4796.1540081609055	4.0
23947.74349052006	4000.0	56.138989569117925	0.0	1750852	4141.712628679136	4.0
23952.829389652296	4000.0	55.05309043688133	0.0	2034636	5085.899132236598	4.0

