23548.04245250455	600.0	4.0	0.8353210430795683	247108	835.3210430795683	-16.106420861591367
23548.42388950904	200.0	7.618562995510555	0.0	98617	381.43700448944503	0.2
23549.385569134596	600.0	10.656883369949373	0.0	288447	961.6796255611807	0.6
23550.320487846984	600.0	13.721964657560415	0.0	279692	934.9187123889579	0.6
23550.698993530434	200.0	17.34345897411405	0.0	97658	378.50568344636554	0.2
23551.077499213883	200.0	20.964953290667687	0.0	97658	378.50568344636554	0.2
23553.413005565966	1500.0	22.62944693858057	0.0	737903	2335.5063520871145	1.5
23554.33304148153	600.0	25.709411023020344	0.0	274823	920.0359155602255	0.6
23555.30167802752	600.0	28.74077447702741	0.0	290723	968.6365459929315	0.6
23568.917749878114	12000.0	19.124702626437895	0.0	5088378	13616.071850589517	12.0
23569.26696666799	200.0	22.7754858365584	0.0	95365	349.2167898794926	0.2
23574.320381633497	4000.0	21.72207087105211	0.0	1761739	5053.41496550629	4.0
23574.689511968554	200.0	25.352940535995565	0.0	102419	369.1303350565485	0.2
23574.997800692377	200.0	29.044651812174614	0.0	80867	308.28872382095034	0.2
23575.82339555449	600.0	32.21905695006123	0.0	264113	825.5948621133793	0.6
23576.169823205917	200.0	35.872629298632965	0.0	94377	346.427651428269	0.2
23581.9151018575	4000.0	34.12735064705425	0.0	1835863	5745.278651578716	4.0
23595.74669700063	12000.0	24.295755503921495	0.0	4055239	13831.595143132754	12.0
23596.143336241414	200.0	27.899116263139636	0.0	90919	396.6392407818554	0.2
23597.305915145247	600.0	30.736537359304364	0.0	310849	1162.5789038352705	0.6
23598.363307509535	600.0	33.679144995018966	0.0	280646	1057.3923642854033	0.6
23598.78370888518	200.0	37.25874361937141	0.0	97742	420.40137564755565	0.2
23614.900787297316	12000.0	25.141665207237494	0.0	5141915	16117.078412133918	12.0
23616.868174404135	1500.0	27.174278100417187	0.0	681795	1967.3871068203055	1.5
23617.20993017423	200.0	30.83252233032134	0.0	94556	341.7557700958511	0.2
23617.90284273176	600.0	34.1396097727934	0.0	221407	692.9125575279421	0.6
23633.9557202715	12000.0	22.08673223305099	0.0	5138482	16052.877539742405	12.0
23643.58358380396	8000.0	16.45886870059168	0.0	3354913	9627.863532459312	8.0
23643.91932532254	200.0	20.123127182013327	0.0	93993	335.7415185783522	0.2
23644.82307024219	600.0	23.219382262363638	0.0	302752	903.7449196496898	0.6
23645.15878183134	200.0	26.883670673213054	0.0	93982	335.7115891505824	0.2
23646.037105783384	600.0	30.00534672116816	0.0	293409	878.3239520448941	0.6
23657.184555273885	8000.0	22.85789723066642	0.0	3713878	11147.449490501738	8.0
23658.34290097078	600.0	25.69955153377264	0.0	344336	1158.3456968937778	0.6
23659.313706787852	600.0	28.72874571670114	0.0	284451	970.8058170714999	0.6
23659.668638967687	200.0	32.373813536865164	0.0	87791	354.93217983597896	0.2
23660.62947811184	600.0	35.41297439270908	0.0	284947	960.8391441560823	0.6
23660.9551522391	200.0	39.08730026544608	0.0	80403	325.6741272630052	0.2
23678.389070758956	12000.0	25.65338174559179	0.0	5257310	17433.91851985429	12.0
23679.502539441462	600.0	28.539913063086388	0.0	284107	1113.4686825053996	0.6
23689.546582429783	8000.0	22.495870074766312	0.0	3189942	10044.042988320074	8.0
23691.53450640355	1500.0	24.5079461009966	0.0	657685	1987.9239737697083	1.5
23696.274036546154	4000.0	23.76841595839197	0.0	1697030	4739.530142604637	4.0
23701.71234039993	4000.0	22.33011210461862	0.0	1910697	5438.303853773348	4.0
23703.742498798132	1500.0	24.299953706415607	0.0	629438	2030.1583982030131	1.5
23706.189090332155	1500.0	25.85336217239291	0.0	763847	2446.591534022695	1.5
23711.69340621418	4000.0	24.349046290364747	0.0	1750852	5504.315882028164	4.0
23734.601913478808	12000.0	5.440539025738108	0.0	5646381	22908.507264626638	12.0

