549.0885566895084	600.0	4.0	0.9194148744188021	247108	919.4148744188021	0.44522148	-17.788297488376042
549.5035542479467	200.0	7.58500244156175	0.0	98617	414.99755843824977	0.004705182	0.2
549.9452484794917	200.0	11.143308210016771	0.0	106476	441.6942315449778	0.004705182	0.2
550.4166796592967	200.0	14.671877030211672	0.0	115230	471.43117980509965	0.004705182	0.2
550.8284195374309	200.0	18.260137152077448	0.0	97658	411.73987813422224	0.004705182	0.2
551.2401594155652	200.0	21.848397273943224	0.0	97658	411.73987813422224	0.004705182	0.2
551.7134996843492	200.0	25.375057005159125	0.0	115792	473.34026878410225	0.004705182	0.2
552.1592634685577	200.0	28.92929322095072	0.0	107674	445.76378420840325	0.004705182	0.2
555.2675235904235	1500.0	29.82103309908494	0.0	891463	3108.2601218657783	0.004705182	1.5
557.9397165374946	1500.0	31.14884015201375	0.0	763093	2672.1929470711875	0.6917297	1.5
560.9663807131159	1500.0	32.122175976392484	0.0	769316	3026.664175621271	0.23871581	1.5
564.1073017657475	1500.0	32.98125492376091	0.0	744416	3140.921052631579	0.004705182	1.5
566.6794563710106	1500.0	34.40910031849774	0.0	606092	2572.154605263158	0.004705182	1.5
569.7690749526546	1500.0	35.31948173685386	0.0	748011	3089.61858164389	0.004705182	1.5
572.5760394884576	1500.0	36.51251720105083	0.0	754517	2806.964535803027	0.004705182	1.5
576.0343742524061	1500.0	37.05418243710233	0.0	934743	3458.334763948498	0.004705182	1.5
578.7728680405244	1500.0	38.31568864898396	0.0	735572	2738.493788118364	0.004705182	1.5
581.4014055496053	1500.0	39.68715113990306	0.0	772616	2628.537509080906	0.004705182	1.5
583.8591392302369	1500.0	41.22941745927156	0.0	747396	2457.7336806314997	0.0064389077	1.5
586.0463080211223	1500.0	43.042248668386144	0.0	662349	2187.1687908854115	0.282353	1.5
597.8773797321212	8000.0	35.21117695738718	0.0	3690869	11831.071710998962	0.09682915	8.0
600.5989283834213	1500.0	36.489628306087134	0.0	806394	2721.548651300047	0.004705182	1.5
603.5729348645924	1500.0	37.51562182491605	0.0	809327	2974.0064811710804	0.006187227	1.5
618.3795845886904	8000.0	26.708972100818123	0.0	4032749	14806.649724097932	0.05767696	8.0
621.3178924061492	1500.0	27.77066428335925	0.0	855209	2938.307817458873	0.004705182	1.5
623.274329317363	1500.0	29.814227372145485	0.0	644861	1956.4369112137636	0.004705182	1.5
625.6647763402416	1500.0	31.423780349266934	0.0	794014	2390.447022878551	0.057314653	1.5
628.4051888088699	1500.0	32.683367880638556	0.0	914284	2740.4124686283785	0.004705182	1.5
641.0763140498974	8000.0	24.012242639611127	0.0	3811227	12671.125241027428	0.008411736	8.0
643.6461268811817	1500.0	25.4424298083269	0.0	707527	2569.8128312842277	0.004705182	1.5
646.3917014737433	1500.0	26.69685521576526	0.0	757473	2745.5745925616384	0.004705182	1.5
648.9780960016426	1500.0	28.110460687865903	0.0	712239	2586.3945278993556	0.26519448	1.5
651.2991667920254	1500.0	29.789389897483073	0.0	633700	2321.0707903828284	0.030494394	1.5
665.7234902213165	8000.0	19.365066468191955	0.0	4271839	14424.323429291118	0.07796716	8.0
667.7911166112351	1500.0	21.297440078273496	0.0	670327	2067.6263899184582	0.004705182	1.5
670.2003056401454	1500.0	22.88825104936319	0.0	785519	2409.1890289103044	0.004705182	1.5
677.5829909170998	4000.0	19.505565772408893	0.0	2096494	7382.685276954301	0.65015066	4.0
680.751346013138	1500.0	20.337210676370745	0.0	866245	3168.355096038148	0.006573573	1.5
687.8589783351275	4000.0	17.229578354381278	0.0	2142800	7107.632321989464	0.13528055	4.0
690.3062823426288	1500.0	18.78227434687995	0.0	725845	2447.3040075013246	0.05084147	1.5
693.1310191308578	1500.0	19.957537558650976	0.0	811013	2824.736788228977	0.08602524	1.5
706.9551191430253	8000.0	10.133437546483561	0.0	4074581	13824.100012167415	0.6885352	8.0
709.5195207624585	1500.0	11.569035927050363	0.0	767059	2564.401619433198	0.0047783414	1.5
712.3810545860819	1500.0	12.707502103426904	0.0	848035	2861.5338236234593	0.04745396	1.5
719.8666660631342	4000.0	9.221890626374615	0.0	2171279	7485.611477052291	0.4800928	4.0
722.4733084186493	1500.0	10.61524827085953	0.0	763847	2606.6423555150845	0.007132218	1.5
727.8569115992626	4000.0	9.231645090246126	0.0	1750852	5383.603180613404	0.11433979	4.0
730.3863958855178	1500.0	10.70216080399092	0.0	808636	2529.484286255207	0.5642802	1.5

