22996.097074112746	600.0	4.0	0.6998717526613674	247108	699.8717526613674	-13.397435053227348
22998.01431601106	1500.0	6.082758101688538	0.0	732405	1917.2418983114624	1.5
22999.70940968806	1500.0	8.387664424689966	0.0	643847	1695.0936769985733	1.5
23000.491018580713	600.0	11.606055532038317	0.0	279692	781.608892651647	0.6
23001.36960127516	600.0	14.727472837589954	0.0	318350	878.582694448364	0.6
23001.694576895625	200.0	18.402497217126825	0.0	97658	324.9756204631328	0.2
23002.06504175303	200.0	22.032032359719675	0.0	115792	370.4648574071461	0.2
23004.102436043046	1500.0	23.994638069705097	0.0	780303	2037.394290014581	1.5
23004.4215091503	200.0	27.67556496245081	0.0	95305	319.0731072542841	0.2
23016.582546862785	12000.0	19.514527249965425	0.0	5088378	12161.037712485386	12.0
23016.947223815714	200.0	23.1498502970372	0.0	95365	364.6769529282263	0.2
23022.286244319825	4000.0	21.810829792923315	0.0	1761739	5339.020504113883	4.0
23022.67197838203	200.0	25.425095730720663	0.0	102419	385.7340622026531	0.2
23022.993376915583	200.0	29.103697197165932	0.0	80867	321.39853355473053	0.2
23023.32039644953	200.0	32.77667766321941	0.0	82750	327.0195339465289	0.2
23024.368698096947	600.0	35.72837601580061	0.0	324375	1048.3016474187953	0.6
23026.64447637639	1500.0	37.4525977363551	0.0	735572	2275.7782794455125	1.5
23036.550490058227	12000.0	31.54658405451851	0.0	4055239	9906.013681836586	12.0
23036.850310237445	200.0	35.246763875302165	0.0	90919	299.82017921634406	0.2
23037.802568968094	600.0	38.294505144651986	0.0	310849	952.2587306501822	0.6
23051.399790570184	12000.0	28.69728354256339	0.0	5251330	13597.221602088597	12.0
23052.145509904123	600.0	31.951564208623246	0.0	310841	745.7193339401402	0.6
23064.223984150212	12000.0	23.8730899625331	0.0	5141915	12078.474246090147	12.0
23064.51781953821	200.0	27.579254574536904	0.0	85752	293.8353879961972	0.2
23064.833609011894	200.0	31.26346510085269	0.0	94556	315.7894736842105	0.2
23073.015840442135	8000.0	27.081233670610242	0.0	3253093	8182.2314302424475	8.0
23085.035610003397	12000.0	19.06146410934926	0.0	5138482	12019.76956126098	12.0
23093.845990091	8000.0	14.251084021744669	0.0	3354913	8810.380087604592	8.0
23094.188082806235	200.0	17.90899130651288	0.0	93993	342.09271523178813	0.2
23095.112284967265	600.0	20.984789145481166	0.0	302752	924.2021610317184	0.6
23095.862544988177	600.0	24.234529124567956	0.0	240372	750.2600209132103	0.6
23107.40895563918	8000.0	16.688118473564572	0.0	3568902	11546.41065100338	8.0
23107.82056779259	200.0	20.27650632015265	0.0	99865	411.612153411921	0.2
23108.17446954379	200.0	23.922604568954064	0.0	89422	353.90175119858725	0.2
23109.841887695464	1500.0	26.255186417275652	0.0	670327	1667.4181516784085	1.5
23114.15093511717	4000.0	25.94613899557179	0.0	1785821	4309.047421703866	4.0
23115.843730096745	1500.0	28.253344015996866	0.0	681043	1692.7949795749214	1.5
23116.1141344541	200.0	31.9829396586468	0.0	80403	270.40435735006804	0.2
23131.099633408394	12000.0	20.997440704348904	0.0	5257310	14985.498954297893	12.0
23131.431297504154	200.0	24.665776608587812	0.0	101968	331.6640957610909	0.2
23143.33211630299	12000.0	16.764957809750683	0.0	4828747	11900.81879883713	12.0
23145.002239759782	1500.0	19.094834352960557	0.0	657685	1670.1234567901238	1.5
23149.13905599816	4000.0	18.958018114582096	0.0	1697030	4136.816238378464	4.0
23149.80395429969	600.0	22.293119813051376	0.0	278938	664.8983015307193	0.6
23157.60672846618	8000.0	18.49034564655945	0.0	3682991	7802.774166491928	8.0
23159.30896537417	1500.0	20.78810873856875	0.0	763847	1702.2369079906996	1.5
23163.417385276385	4000.0	20.679688836354195	0.0	1750852	4108.419902214553	4.0
23177.37354235169	12000.0	10.723531761051433	0.0	5646381	13956.157075302763	12.0

