26202.826486809143	600.0	4.0	0.8160840020106865	247108	816.0840020106865	0.0051556705	-15.721680040213732
26203.200246606586	200.0	7.62624020255804	0.0	98617	373.7597974419601	0.004705182	0.2
26203.597416751614	200.0	11.229070057527974	0.0	106476	397.17014503006726	0.004705182	0.2
26204.020663265495	200.0	14.805823543648652	0.0	115230	423.2465138793216	0.004705182	0.2
26204.391566398815	200.0	18.434920410328974	0.0	97658	370.90313331968053	0.004705182	0.2
26204.762469532132	200.0	22.064017277009295	0.0	97658	370.90313331968053	0.004705182	0.2
26205.187390128634	200.0	25.639096680505656	0.0	115792	424.9205965036398	0.004705182	0.2
26205.588128869724	200.0	29.23835793941877	0.0	107674	400.7387410868877	0.004705182	0.2
26205.952022899102	200.0	32.874463910040404	0.0	95305	363.8940293783628	0.004705182	0.2
26206.346062330897	200.0	36.48042447824549	0.0	105425	394.03943179491	0.00806557	0.2
26206.71013508796	200.0	40.11635172118481	0.0	95365	364.07275706067435	0.004705182	0.2
26207.07413933274	200.0	43.75234747640236	0.0	95342	364.0042447824549	0.004705182	0.2
26207.459224507653	200.0	47.36726230149126	0.0	102419	385.0851749111016	0.0066147665	0.2
26207.780110699077	200.0	51.04637611006646	0.0	80867	320.8861914247948	0.004705182	0.2
26208.106605960933	200.0	54.71988084821179	0.0	82750	326.4952618546721	0.007754275	0.2
26223.12277773506	12000.0	43.70370907408053	0.0	5443841	15016.17177413126	0.23319764	12.0
26223.44346962212	200.0	47.38301718702076	0.0	89871	320.69188705976467	0.004705182	0.2
26234.88420139403	12000.0	39.94228541511231	0.0	4055239	11440.731771908453	0.004705182	12.0
26235.232562306825	200.0	43.59392450231507	0.0	90919	348.36091279724025	0.004705182	0.2
26235.56603805719	200.0	47.26044875195073	0.0	85876	333.4757503643441	0.014134446	0.2
26235.98446224595	200.0	50.84202456319282	0.0	114656	418.4241887579095	0.3290579	0.2
26236.352962255172	200.0	54.47352455396892	0.0	97742	368.500009223901	0.08135715	0.2
26251.202903287824	12000.0	43.623583521317094	0.0	5141915	14849.94103265183	0.004705182	12.0
26251.522731286917	200.0	47.30375552222604	0.0	85752	319.8279990910521	0.004705182	0.2
26251.86718198523	200.0	50.95930482390934	0.0	94556	344.45069831669844	0.004705182	0.2
26263.271125943338	8000.0	43.55536086580542	0.0	3253093	11403.94395810392	0.004705182	8.0
26279.415727723073	12000.0	31.41075908607025	0.0	5138482	16144.60177973517	0.008852681	12.0
26289.996641574784	8000.0	24.829845234359855	0.0	3354913	10580.913851710397	0.004705182	8.0
26290.40949271019	200.0	28.41699409895195	0.0	93993	412.85113540790576	0.023833811	0.2
26290.833286256293	200.0	31.99320055284952	0.0	97083	423.79354610243024	0.01433552	0.2
26291.246098438136	200.0	35.58038837100719	0.0	93982	412.8121818423266	0.061256073	0.2
26303.470385193377	8000.0	27.356101615766196	0.0	3568902	12224.286755240997	0.005932203	8.0
26305.49924158172	1500.0	29.327245227420953	0.0	633700	2028.8563883452405	0.029908951	1.5
26305.8274378139	200.0	32.99904899524526	0.0	89422	328.196232175693	0.048343264	0.2
26306.207822923017	200.0	36.61866388613101	0.0	108225	380.385109114249	0.021668471	0.2
26306.5314922149	200.0	40.29499459424606	0.0	87791	323.66929188495294	0.18607722	0.2
26306.894843705028	200.0	43.93164310411665	0.0	102088	363.3514901294106	0.47383448	0.2
26307.198007150888	200.0	47.62847965825744	0.0	80403	303.1634458592097	0.45934442	0.2
26322.404652465433	12000.0	36.4218343437134	0.0	5257310	15206.64531454404	0.004705182	12.0
26322.790123078998	200.0	40.036363730146405	0.0	101968	385.4706135670018	0.05125618	0.2
26337.351788144853	12000.0	29.47469866429286	0.0	4828747	14561.665065853542	0.02978099	12.0
26342.582447754114	4000.0	28.24403905502914	0.0	1830641	5230.659609263721	0.0136516895	4.0
26347.617468941855	4000.0	27.20901786728613	0.0	1697030	5035.021187743011	0.021784302	4.0
26353.56120072028	4000.0	25.265286088860474	0.0	1910697	5943.731778425656	0.014463473	4.0
26364.48468226878	8000.0	18.341804540362812	0.0	3682991	10923.481548497663	0.005855147	8.0
26369.91244468945	4000.0	16.914042119695225	0.0	2042818	5427.762420667591	0.07062949	4.0
26374.45356930128	4000.0	16.37291750786307	0.0	1750852	4541.124611832152	0.004705182	4.0
26380.97947267281	4000.0	13.847014136335277	0.0	2034636	6525.903371527794	0.06473061	4.0

