8639.12475347868	600.0	4.0	0.5360397706956412	247108	536.0397706956412	-10.120795413912825
8639.776347882178	600.0	7.3484055965027615	0.0	309722	651.5944034972375	0.6
8640.388679104712	600.0	10.73607437396911	0.0	288447	612.3312225336517	0.6
8641.794586114182	1500.0	13.330167364499346	0.0	718451	1405.9070094697627	1.5
8645.693475349102	4000.0	13.431278129577722	0.0	2069289	3898.889234921624	4.0
8649.247988434829	4000.0	13.87676504385139	0.0	1863995	3554.5130857263316	4.0
8654.004586306713	4000.0	13.120167171966793	0.0	2046450	4756.597871884595	4.0
8658.788981650569	4000.0	12.335771828111906	0.0	2058614	4784.395343854889	4.0
8663.01536849938	4000.0	12.109384979301499	0.0	1857129	4226.386848810406	4.0
8668.3794654684	4000.0	10.745288010279262	0.0	2373154	5364.096969022238	4.0
8672.518836809208	4000.0	10.605916669473919	0.0	2094766	4139.3713408053445	4.0
8675.872379801727	4000.0	11.2523736769529	0.0	1761739	3353.54299252102	4.0
8679.949833852996	4000.0	11.174919625686249	0.0	2131310	4077.4540512666504	4.0
8683.823327870045	4000.0	11.301425608637137	0.0	1805063	3873.494017049112	4.0
8688.437321801717	4000.0	10.68743167696493	0.0	2157416	4613.993931672206	4.0
8693.23943575119	4000.0	9.88531772749239	0.0	2231719	4802.1139494725385	4.0
8697.214597995422	4000.0	9.910155483257466	0.0	1835863	3975.162244234926	4.0
8701.914968989398	4000.0	9.209784489281	0.0	2192675	4700.370993976465	4.0
8706.340190417597	4000.0	8.784563061082157	0.0	2082556	4425.221428198843	4.0
8710.948247285129	4000.0	8.176506193550354	0.0	2164412	4608.056867531803	4.0
8716.07273342495	4000.0	7.052020053729503	0.0	2379358	5124.486139820851	4.0
8720.288890736658	4000.0	6.835862742021229	0.0	1950922	4216.157311708274	4.0
8723.954008323833	4000.0	7.170745154845664	0.0	1849252	3665.1175871755645	4.0
8727.56135883805	4000.0	7.563394640629089	0.0	1822097	3607.3505142165764	4.0
8731.148592593012	4000.0	7.976160885665801	0.0	1836837	3587.2337549632875	4.0
8734.76333121622	4000.0	8.361422262458037	0.0	1984579	3614.7386232077656	4.0
8738.527060844859	4000.0	8.597692633817907	0.0	2068230	3763.7296286401283	4.0
8742.563135002105	4000.0	8.561618476573253	0.0	2055338	4036.0741572446545	4.0
8747.29142725964	4000.0	7.833326219036728	0.0	2165436	4728.292257536525	4.0
8751.747336086859	4000.0	7.3774173918199555	0.0	2002600	4455.908827216772	4.0
8757.30127359806	4000.0	5.823479880618569	0.0	2290706	5553.937511201387	4.0
8761.84621050161	4000.0	5.278542977068375	0.0	1947068	4544.936903550194	4.0
8763.11924002377	1500.0	8.005513454906163	0.0	633700	1273.029522162213	1.5
8764.620901219012	1500.0	10.503852259664537	0.0	755142	1501.6611952416251	1.5
8768.143438077592	4000.0	10.981315401086167	0.0	1828568	3522.5368585783713	4.0
8771.596809523784	4000.0	11.527943954893257	0.0	1785821	3453.37144619291	4.0
8776.006060704702	4000.0	11.118692773973818	0.0	2096494	4409.251180919438	4.0
8780.123761331946	4000.0	11.000992146731361	0.0	1955307	4117.700627242457	4.0
8784.315420316887	4000.0	10.80933316179159	0.0	2142800	4191.6589849397715	4.0
8788.25687667231	4000.0	10.867876806367127	0.0	2094647	3941.4563554244637	4.0
8792.015216865877	4000.0	11.109536612800902	0.0	1985434	3758.3401935662237	4.0
8795.949197918508	4000.0	11.175555560169323	0.0	1830641	3933.981052631579	4.0
8799.60189265535	4000.0	11.522860823327218	0.0	1697030	3652.694736842105	4.0
8803.686270749373	4000.0	11.438482729303228	0.0	1910697	4084.3780940239876	4.0
8808.285414282947	4000.0	10.839339195728808	0.0	2171279	4599.143533574421	4.0
8812.653414504994	4000.0	10.471338973682647	0.0	2042818	4368.000222046161	4.0
8816.756338609252	4000.0	10.368414869424731	0.0	1750852	4102.924104257916	4.0
8821.511311826744	4000.0	9.613441651933526	0.0	2034636	4754.973217491204	4.0

