14892.717001202493	600.0	4.0	0.9546992323178691	247108	954.6992323178691	0.23214701	-18.493984646357383
14893.146080205168	200.0	7.570920997323068	0.0	98617	429.0790026769319	0.004705182	0.2
14893.602978061412	200.0	11.114023141080951	0.0	106476	456.8978562421185	0.004705182	0.2
14894.090862842722	200.0	14.626138359770803	0.0	115230	487.884781310148	0.004705182	0.2
14894.516547230236	200.0	18.20045397225725	0.0	97658	425.6843875135506	0.004705182	0.2
14894.94223161775	200.0	21.7747695847437	0.0	97658	425.6843875135506	0.004705182	0.2
14895.43210573558	200.0	25.284895466914453	0.0	115792	489.8741178292516	0.004705182	0.2
14895.893244205967	200.0	28.823756996526626	0.0	107674	461.13847038782336	0.004705182	0.2
14899.128795631821	1500.0	29.588205570673217	0.0	891463	3235.551425853411	0.004705182	1.5
14901.909950031059	1500.0	30.80705117143426	0.0	763093	2781.154399238955	0.14233622	1.5
14904.714003090092	1500.0	32.00299811240286	0.0	769316	2804.0530590314015	0.016930012	1.5
14907.430153769566	1500.0	33.28684743292874	0.0	744416	2716.150679474127	0.004705182	1.5
14909.656466903114	1500.0	35.060534299379974	0.0	606092	2226.3131335487583	0.004705182	1.5
14912.385348316066	1500.0	36.33165288642791	0.0	748011	2728.8814129520606	0.004705182	1.5
14915.305787053523	1500.0	37.41121414897062	0.0	754517	2920.4387374572884	0.004705182	1.5
14918.95240236843	1500.0	37.764598834063506	0.0	934743	3646.6153149071138	0.004705182	1.5
14921.839058701153	1500.0	38.87794250134226	0.0	735572	2886.656332721246	0.004705182	1.5
14924.628591607314	1500.0	40.08840959518154	0.0	772616	2789.532906160716	0.004705182	1.5
14927.151860649485	1500.0	41.5651405530109	0.0	747396	2523.2690421706443	0.005969135	1.5
14942.249184103805	8000.0	30.467817098691746	0.0	4303587	15097.32345431915	0.65271217	8.0
14945.363453088317	1500.0	31.353548114179166	0.0	835711	3114.2689845125824	0.004705182	1.5
14948.35791073458	1500.0	32.35909046791759	0.0	806394	2994.4576462615773	0.004705182	1.5
14948.80176887779	200.0	35.91523232470548	0.0	100675	443.8581432121075	0.123467304	0.2
14951.345902602661	1500.0	37.37109859983536	0.0	681795	2544.1337248701147	0.004705182	1.5
14954.587243065293	1500.0	38.129758137205606	0.0	855209	3241.3404626297583	0.6881705	1.5
14957.215534206096	1500.0	39.50146699640193	0.0	644861	2628.291140803675	0.004705182	1.5
14960.433231852372	1500.0	40.283769350127635	0.0	794014	3217.6976462742964	0.004705182	1.5
14973.27064147433	8000.0	31.446359728170137	0.0	3354913	12837.409621957502	0.0055986443	8.0
14975.847952746335	1500.0	32.86904845616281	0.0	675709	2577.3112720073223	0.004705182	1.5
14978.527482460673	1500.0	34.18951874182461	0.0	707527	2679.5297143382018	0.004705182	1.5
14992.797428882446	8000.0	23.919572320051454	0.0	4025712	14269.94642177315	0.0057014623	8.0
14995.41034118129	1500.0	25.30666002120804	0.0	712239	2612.9122988434174	0.004705182	1.5
14997.856825018376	1500.0	26.860176184120863	0.0	633700	2446.483837087175	0.004705182	1.5
15000.756820817185	1500.0	27.9601803853112	0.0	755142	2899.995798809663	0.031187184	1.5
15003.34008420848	1500.0	29.376916994016998	0.0	670327	2583.2633912942	0.011343385	1.5
15010.089038812283	4000.0	26.62796239021259	0.0	1785821	6748.954603804411	0.2725002	4.0
15012.712319941937	1500.0	28.004681260559188	0.0	681043	2623.281129653402	0.008067872	1.5
15016.26765224241	1500.0	28.44934896008555	0.0	866245	3555.332300473639	0.0250954	1.5
15035.702601624422	8000.0	13.014399578072753	0.0	4857577	19434.949382012797	0.010710749	8.0
15038.571095669753	1500.0	14.145905532740445	0.0	725845	2868.4940453323093	0.05380964	1.5
15041.766781416969	1500.0	14.950219785525693	0.0	811013	3195.685747214752	0.004705182	1.5
15042.237534394304	200.0	18.47946680819185	0.0	101713	470.75297733384554	0.006167488	0.2
15048.781533066787	4000.0	15.93546813570841	0.0	1697030	6543.99867248344	0.55793333	4.0
15055.977102287554	4000.0	12.739898914941499	0.0	1910697	7195.569220766912	0.013995677	4.0
15058.106012425287	1500.0	14.610988777208298	0.0	629438	2128.910137733201	0.004705182	1.5
15060.67244295852	1500.0	16.04455824397533	0.0	763847	2566.430533232967	0.009837672	1.5
15066.60244194275	4000.0	14.114559259744913	0.0	1750852	5929.998984230416	0.010814831	4.0
15074.379556427073	4000.0	10.337444775420895	0.0	2034636	7777.114484324018	0.006613952	4.0

