4041.6125283660326	600.0	4.0	1.0867293051205662	247108	1086.729305120566	0.005725432	-21.134586102411323
4042.0942985389247	200.0	7.518229827107682	0.0	98617	481.7701728923179	0.004705182	0.2
4042.6080866376183	200.0	11.004441728413923	0.0	106476	513.788098693759	0.004705182	0.2
4043.1575389330887	200.0	14.454989432943753	0.0	115230	549.4522954701704	0.004705182	0.2
4043.6354020960757	200.0	17.97712626995646	0.0	97658	477.863162987294	0.004705182	0.2
4044.113265259063	200.0	21.499263106969167	0.0	97658	477.863162987294	0.004705182	0.2
4044.6650071682634	200.0	24.947521197769465	0.0	115792	551.7419091997047	0.004705182	0.2
4045.183675973804	200.0	28.42885239222876	0.0	107674	518.6688055407022	0.004705182	0.2
4048.895537048843	1500.0	28.71699131718993	0.0	891463	3711.861075038831	0.004705182	1.5
4052.0311768102783	1500.0	29.581351555753898	0.0	763093	3135.6397614360294	0.004705182	1.5
4055.0254595481624	1500.0	30.587068817870055	0.0	769316	2994.282737883846	0.004705182	1.5
4057.9254174050175	1500.0	31.687110961014692	0.0	744416	2899.9578568553634	0.004705182	1.5
4060.3013835010947	1500.0	33.311144864937795	0.0	606092	2375.9660960768997	0.004705182	1.5
4066.3217296380253	1500.0	31.290798728007548	0.0	748011	6020.346136930244	0.004705182	1.5
4072.8860872143205	1500.0	28.726441151712205	0.0	754517	6564.357576295341	0.004705182	1.5
4076.8002421095957	1500.0	28.812286256437	0.0	934743	3914.1548952752073	0.0055188676	1.5
4079.8974318447713	1500.0	29.715096521261266	0.0	735572	3097.189735175738	0.004705182	1.5
4083.1380051079445	1500.0	30.474523258088098	0.0	772616	3240.5732631731676	0.004705182	1.5
4086.261458228172	1500.0	31.35107013786006	0.0	747396	3123.4531202280364	0.004705182	1.5
4089.0385935228887	1500.0	32.573934843143576	0.0	662349	2777.135294716482	0.004705182	1.5
4092.5703220872274	1500.0	33.04220627880478	0.0	835711	3531.728564338798	0.004705182	1.5
4096.439767575949	1500.0	33.172760790082975	0.0	806394	3869.445488721805	0.004705182	1.5
4100.322995959407	1500.0	33.289532406624325	0.0	809327	3883.228383458647	0.004705182	1.5
4103.450011619335	1500.0	34.162516746697484	0.0	681795	3127.015659926843	0.004705182	1.5
4107.005764515087	1500.0	34.60676385094458	0.0	855209	3555.7528957528957	0.004705182	1.5
4109.706618000151	1500.0	35.905910365880565	0.0	644861	2700.8534850640117	0.008824668	1.5
4112.932828343209	1500.0	36.679700022823916	0.0	794014	3226.2103430566567	0.22867431	1.5
4123.44475042414	8000.0	30.16777794189276	0.0	3354913	10511.922080931152	0.49174112	8.0
4126.224077299202	1500.0	31.388451066830342	0.0	675709	2779.3268750624193	0.004705182	1.5
4129.130510935474	1500.0	32.4820174305575	0.0	707527	2906.433636272846	0.004705182	1.5
4132.236469189744	1500.0	33.376059176288045	0.0	757473	3105.95825426945	0.20511836	1.5
4134.665032094777	1500.0	34.94749627125477	0.0	712239	2428.562905033267	0.23381427	1.5
4147.3298351606	8000.0	26.282693205432427	0.0	3713878	12664.803065822345	0.004705182	8.0
4150.744439526785	1500.0	26.868088839246905	0.0	755142	3414.6043661855215	0.004705182	1.5
4153.648710214765	1500.0	27.96381815126693	0.0	670327	2904.270687979972	0.004705182	1.5
4167.315239615087	8000.0	18.297288750945416	0.0	4086583	13666.529400321517	1.0101589	8.0
4170.1301461231305	1500.0	19.48238224290134	0.0	681043	2814.9065080440732	0.004705182	1.5
4173.654849657015	1500.0	19.957678709017035	0.0	866245	3524.7035338843043	0.0047588777	1.5
4175.744899089989	1500.0	21.867629276042337	0.0	691256	2090.0494329747016	0.1615153	1.5
4181.915759805313	4000.0	19.696768560718112	0.0	2094647	6170.860715324222	0.4480055	4.0
4189.318561081236	4000.0	16.293967284795954	0.0	1985434	7402.801275922156	0.0077339928	4.0
4192.058695567307	1500.0	17.55383279872487	0.0	657685	2740.134486071086	0.008737015	1.5
4195.255461390606	1500.0	18.357066975425493	0.0	767059	3196.765823299377	0.021589162	1.5
4203.149973289586	4000.0	14.462555076445405	0.0	1910697	7894.511898980087	0.029980028	4.0
4205.36141767484	1500.0	16.251110691192093	0.0	629438	2211.4443852533136	0.10946427	1.5
4211.591820926444	4000.0	14.02070743958793	0.0	2042818	6230.4032516041625	0.016222354	4.0
4217.080054700009	4000.0	12.532473666022804	0.0	1750852	5488.233773565125	0.010313544	4.0
4223.6013241895225	4000.0	10.011204176509548	0.0	2034636	6521.269489513257	0.02520077	4.0

