6216.472817933503	600.0	4.0	1.0245798791122156	247108	1024.5798791122156	-19.89159758224431
6217.736742247239	600.0	6.73607568626514	0.0	309722	1263.9243137348592	0.6
6218.919342051334	600.0	9.553475882170245	0.0	288447	1182.5998040948946	0.6
6220.068475529604	600.0	12.404342403898989	0.0	279692	1149.133478271257	0.6
6221.365380706756	600.0	15.107437226748214	0.0	318350	1296.9051771507752	0.6
6221.818682185601	200.0	18.654135747903577	0.0	97658	453.3014788446377	0.2
6222.341301580205	200.0	22.131516353298135	0.0	115792	522.6193946054424	0.2
6223.471823117821	600.0	25.000994815681967	0.0	274823	1130.5215376161693	0.6
6224.663123019868	600.0	27.809694913634516	0.0	290723	1191.2999020474474	0.6
6243.972797329387	12000.0	12.500020604116514	0.0	5088378	19309.674309518003	12.0
6247.049616286103	1500.0	13.423201647400566	0.0	769316	3076.81895671595	1.5
6247.491111108255	200.0	16.98170682524838	0.0	95342	441.4948221521837	0.2
6247.959438793745	200.0	20.513379139758204	0.0	102419	468.3276854901775	0.2
6250.875566664074	1500.0	21.59725126942952	0.0	748011	2916.1278703286807	1.5
6253.816362417528	1500.0	22.65645551597565	0.0	754517	2940.7957534538737	1.5
6255.126249381674	600.0	25.34656855182958	0.0	324375	1309.8869641460699	0.6
6255.547000584309	200.0	28.925817349194446	0.0	89871	420.75120263513355	0.2
6271.952986241635	12000.0	16.5198316918681	0.0	4055239	16405.98565732635	12.0
6272.391764912774	200.0	20.081053020729144	0.0	90919	438.7786711389533	0.2
6275.085483651984	1500.0	21.387334281519358	0.0	662349	2693.7187392097862	1.5
6275.617931735641	200.0	24.85488619786129	0.0	114656	532.4480836580674	0.2
6276.083634887617	200.0	28.38918304588576	0.0	97742	465.70315197553396	0.2
6277.5504419347635	600.0	30.922375998739184	0.0	346141	1466.8070471465717	0.6
6277.9981212144285	200.0	34.474696719073634	0.0	85752	447.679279665559	0.2
6278.483549448966	200.0	37.98926848453617	0.0	94556	485.4282345374638	0.2
6291.907575391021	8000.0	28.565242542482054	0.0	3253093	13424.025942054113	8.0
6311.933774424961	12000.0	12.539043508541523	0.0	5138482	20026.19903394053	12.0
6312.3974963120245	200.0	16.075321621478675	0.0	103756	463.7218870628482	0.2
6312.825111595292	200.0	19.64770633821122	0.0	93993	427.6152832674572	0.2
6313.264154657492	200.0	23.208663276010263	0.0	97083	439.043062200957	0.2
6313.691729259346	200.0	26.781088674156482	0.0	93982	427.57460185377806	0.2
6327.114610679394	8000.0	17.35820725410928	0.0	3568902	13422.8814200472	8.0
6327.569875481292	200.0	20.902942452211633	0.0	99865	455.264801897649	0.2
6328.957171805018	600.0	23.51564612848508	0.0	344336	1387.2963237265506	0.6
6329.450866049709	200.0	27.021951883794827	0.0	108225	493.69424469025495	0.2
6336.357235832541	4000.0	24.115582100962804	0.0	1785821	6906.369782832024	4.0
6336.827471157577	200.0	27.645346775927568	0.0	102088	470.23532503523904	0.2
6344.250916121064	4000.0	24.22190181244088	0.0	1955307	7423.444963486687	4.0
6345.489089317037	600.0	26.98372861646826	0.0	309862	1238.1731959726214	0.6
6346.630997883392	600.0	29.84182005011229	0.0	284107	1141.9085663559697	0.6
6363.421202043312	12000.0	17.051615890192547	0.0	4828747	16790.20415991974	12.0
6365.890503164969	1500.0	18.582314768535948	0.0	657685	2469.301121656601	1.5
6372.110613685251	4000.0	16.362204248254248	0.0	1697030	6220.1105202817	4.0
6372.540245985179	200.0	19.932571948326345	0.0	96988	429.63229992790195	0.2
6373.666280592245	600.0	22.806537341260736	0.0	290170	1126.0346070656092	0.6
6374.785343317551	600.0	25.687474615954322	0.0	288236	1119.062725306417	0.6
6377.639283476167	1500.0	26.833534457338605	0.0	769491	2853.9401586157173	1.5
6397.762312591607	12000.0	10.710505341899436	0.0	5646381	20123.029115439167	12.0

