23630.98019673968	600.0	4.0	0.5100288228320335	247108	510.0288228320336	0.008436253	-9.600576456640672
23631.231814625065	200.0	7.748382114616983	0.0	98617	251.61788538301735	0.004705182	0.2
23631.497109107397	200.0	11.483087632285923	0.0	106476	265.2944823310602	0.004705182	0.2
23631.77763770726	200.0	15.202559032422966	0.0	115230	280.5285998629556	0.004705182	0.2
23632.027586696287	200.0	18.9526100433974	0.0	97658	249.94898902557074	0.004705182	0.2
23632.277535685313	200.0	22.702661054371827	0.0	97658	249.94898902557074	0.004705182	0.2
23632.559042303685	200.0	26.421154435997	0.0	115792	281.5066183748273	0.004705182	0.2
23632.826421601276	200.0	30.153775138403976	0.0	107674	267.3792975930216	0.004705182	0.2
23633.072275790375	200.0	33.90792094930445	0.0	95305	245.85418909953123	0.004705182	0.2
23633.335741273677	200.0	37.644455466005375	0.0	105425	263.4654832990722	0.03368597	0.2
23633.581699877563	200.0	41.3984968621181	0.0	95365	245.95860388727553	0.004705182	0.2
23633.827618455784	200.0	45.152578283899466	0.0	95342	245.9185782186402	0.004705182	0.2
23634.085852758213	200.0	48.89434398146638	0.0	102419	258.2343024330821	0.030670244	0.2
23634.306581268887	200.0	52.673615470791056	0.0	80867	220.7285106753244	0.004705182	0.2
23634.53058666365	200.0	56.44961007602702	0.0	82750	224.00539476403347	0.028499039	0.2
23644.151196380866	12000.0	50.82900035881485	0.0	5443841	9620.60971721217	0.004705182	12.0
23644.392082524795	200.0	54.5881142148836	0.0	89871	240.88614393125673	0.004705182	0.2
23651.731729857413	12000.0	51.24846688226634	0.0	4055239	7339.647332617257	0.004705182	12.0
23661.759941032687	12000.0	45.22025570698712	0.0	5385367	10028.211175279226	0.18130496	12.0
23661.998669372413	200.0	48.98152736726159	0.0	85876	238.728339725521	0.066210546	0.2
23670.177962164715	12000.0	44.80223457495925	0.0	5251330	8179.292792302346	0.008546168	12.0
23670.408490790593	200.0	48.57170594907853	0.0	97742	230.5286258807223	0.07339899	0.2
23681.474380757907	12000.0	41.50581598176841	0.0	5141915	11065.889967310115	0.004705182	12.0
23681.752875014437	200.0	45.22732172523648	0.0	85752	278.49425653192907	0.011023607	0.2
23682.051748310932	200.0	48.92844842874621	0.0	94556	298.8732964902636	0.004705182	0.2
23687.75794908474	8000.0	47.22224765493645	0.0	3253093	5706.200773809764	0.004889395	8.0
23697.647874596536	12000.0	41.33232214313976	0.0	5138482	9889.925511796688	0.004705182	12.0
23704.64756387037	8000.0	38.33263286930593	0.0	3354913	6999.689273833827	0.004705182	8.0
23704.899371988453	200.0	42.08082475122475	0.0	93993	251.80811808118082	0.90017587	0.2
23715.103915923228	12000.0	35.87628081645245	0.0	5411094	10204.543934772308	0.004705182	12.0
23715.37577710345	200.0	39.60441963622916	0.0	93982	271.8611802232855	0.88237035	0.2
23722.74157384986	8000.0	36.23862288981768	0.0	3568902	7365.796746411484	0.0078008845	8.0
23728.85144875252	8000.0	34.12874798715505	0.0	3713878	6109.874902662623	0.28131908	8.0
23739.112479646825	12000.0	27.867717092853965	0.0	6041881	10261.030894301088	0.24461122	12.0
23739.381442620295	200.0	31.598754119382548	0.0	108225	268.9629734714144	0.64541036	0.2
23742.579521125703	4000.0	32.400675613975345	0.0	1785821	3198.078505407205	0.33745262	4.0
23742.837768776764	200.0	36.14242796291737	0.0	102088	258.24765105797877	0.9092808	0.2
23749.608612622866	8000.0	33.37158411681779	0.0	3739359	6770.843846099574	0.03844908	8.0
23758.66729665419	12000.0	28.312900085495734	0.0	5257310	9058.68403132206	0.004705182	12.0
23762.19783120653	4000.0	28.782365533152436	0.0	2094647	3530.5345523432998	0.80447733	4.0
23771.383558234385	12000.0	23.596638505296657	0.0	4828747	9185.727027855777	0.0074060033	12.0
23774.765162749387	4000.0	24.21503399029615	0.0	1830641	3381.6045150005066	0.08275163	4.0
23777.443486194366	4000.0	25.53671054532007	0.0	1697030	2678.3234449760766	0.025503479	4.0
23788.866414920187	12000.0	18.11378181949455	0.0	6168595	11422.928725825519	0.6793559	12.0
23796.67862875148	8000.0	14.301567988205779	0.0	3682991	7812.213831288771	0.37342158	8.0
23800.009323742925	4000.0	14.970872996758908	0.0	2042818	3330.6949914468714	0.09284445	4.0
23817.16133450667	12000.0	4.0	2.181137766984195	5704199	17152.010763743103	0.6922096	-31.6227553396839
23818.661769699782	1500.0	6.4995648068858	0.0	808636	1500.4351931141998	0.013830375	1.5

