36351.7689677582	600.0	4.0	0.6362441790120853	247108	636.2441790120853	-12.124883580241706
36352.07095624988	200.0	7.698011508321726	0.0	98617	301.9884916782735	0.2
36352.800255198934	600.0	10.968712559265043	0.0	288447	729.2989490566835	0.6
36354.497500236146	1500.0	13.271467522052927	0.0	718451	1697.2450372121161	1.5
36366.49351246415	8000.0	5.275455294047995	0.0	4143114	11996.01222800493	8.0
36367.0334583019	200.0	8.73550945629926	0.0	97658	539.9458377487342	0.2
36368.65796789804	600.0	11.110999860161265	0.0	327938	1624.509596137996	0.6
36377.605022151285	4000.0	6.163945606920735	0.0	2058614	8947.054253240529	4.0
36378.078052719866	200.0	9.690915038334726	0.0	95305	473.0305685860097	0.2
36381.304990190874	1500.0	10.463977567331066	0.0	763093	3226.9374710036604	1.5
36383.78813148742	1500.0	11.980836270789183	0.0	769316	2483.141296541882	1.5
36388.9366989087	4000.0	10.832268849502793	0.0	1761739	5148.5674212863905	4.0
36390.76044083954	1500.0	13.008526918659285	0.0	606092	1823.7419308435078	1.5
36404.795869205496	8000.0	4.0	1.0269014472914424	5541092	14035.428365950727	-12.538028945828849
36405.07891177696	200.0	7.716957428536376	0.0	82750	283.0425714636241	0.2
36405.95482638867	600.0	10.84104281683229	0.0	324375	875.9146117040855	0.6
36407.83968959563	1500.0	12.95617960986382	0.0	735572	1884.86320696847	1.5
36413.304517991906	4000.0	11.491351213585508	0.0	2192675	5464.8283962783125	4.0
36418.527425230684	4000.0	10.268443974814094	0.0	2082556	5222.907238771416	4.0
36420.24310728038	1500.0	12.552761925115066	0.0	662349	1715.6820496990276	1.5
36426.259621301106	4000.0	10.536247904386789	0.0	2379358	6016.5140207282775	4.0
36428.36669184313	1500.0	12.429177362360083	0.0	806394	2107.0705420267086	1.5
36433.11087305926	4000.0	11.684996146241872	0.0	1849252	4744.181216118209	4.0
36438.355455602796	4000.0	10.440413602707	0.0	1822097	5244.5825435348725	4.0
36440.85947445167	1500.0	11.936394753834568	0.0	855209	2504.0188488724334	1.5
36448.28062233372	4000.0	8.515246871783628	0.0	1984579	7421.14788205094	4.0
36449.75194736385	600.0	11.043921841651045	0.0	324657	1471.3250301325834	0.6
36457.3082689064	4000.0	7.4876002991072035	0.0	2055338	7556.321542543841	4.0
36458.32012081755	600.0	10.475748387960516	0.0	291029	1011.8519111466879	0.6
36460.66556648495	1500.0	12.130302720560078	0.0	707527	2345.4456674004405	1.5
36470.80338002449	4000.0	5.992489181028754	0.0	2290706	10137.813539531324	4.0
36471.49420009793	200.0	9.30166910758934	0.0	118522	690.8200734394125	0.2
36474.321852572975	1500.0	10.47401663253447	0.0	633700	2827.65247505487	1.5
36476.40408510646	1500.0	12.391784099059725	0.0	755142	2082.2325334747447	1.5
36481.33246903858	4000.0	11.463400166937227	0.0	1828568	4928.383932122498	4.0
36486.055532922546	4000.0	10.740336282969295	0.0	1785821	4723.063883967931	4.0
36487.863492834374	1500.0	12.932376371137893	0.0	681043	1807.9599118314013	1.5
36492.90454832033	4000.0	11.891320885179853	0.0	1955307	5041.055485958041	4.0
36502.43944422698	4000.0	6.356424978530234	0.0	2142800	9534.895906649619	4.0
36503.02753765581	200.0	9.768331549691865	0.0	101968	588.0934288383681	0.2
36506.532768947094	1500.0	10.26310025841337	0.0	811013	3505.231291278494	1.5
36509.15215455003	1500.0	11.643714655478938	0.0	657685	2619.385602934434	1.5
36515.35560210253	4000.0	9.440267102981007	0.0	1697030	6203.447552497929	4.0
36517.5509301145	1500.0	11.244939091007947	0.0	848035	2195.3280119730607	1.5
36523.046941588684	4000.0	9.74892761682486	0.0	2171279	5496.011474183088	4.0
36525.438205258084	1500.0	11.357663947422774	0.0	763847	2391.2636694020857	1.5
36536.572581542045	4000.0	4.223287663466675	0.0	1750852	11134.376283956099	4.0
36537.08286075208	200.0	7.713008453426788	0.0	110571	510.2792100398872	0.2

