9259.55037634632	600.0	4.0	0.6633780414029186	247108	663.3780414029186	-12.667560828058372
9260.36157490622	600.0	7.188801440101515	0.0	309722	811.1985598984847	0.6
9261.961583169097	1500.0	9.588793177223968	0.0	643847	1600.0082628775472	1.5
9263.737718208125	1500.0	11.812658138196628	0.0	718451	1776.1350390273412	1.5
9265.527652252655	1500.0	14.02272409366562	0.0	724296	1789.934044531008	1.5
9267.236215839925	1500.0	16.31416050639635	0.0	689829	1708.5635872692667	1.5
9269.058273591538	1500.0	18.492102754784355	0.0	737903	1822.0577516119988	1.5
9270.947768811619	1500.0	20.602607534703175	0.0	780303	1889.4952200811797	1.5
9275.313595353859	4000.0	20.236780992463775	0.0	1857129	4365.826542239402	4.0
9277.154638465887	1500.0	22.395737880435966	0.0	763093	1841.0431120278088	1.5
9282.238909336178	4000.0	21.311467010146146	0.0	2094766	5084.270870289822	4.0
9286.684917824143	4000.0	20.86545852218109	0.0	1761739	4446.008487965057	4.0
9292.412548412074	4000.0	19.137827934250982	0.0	2131310	5727.630587930106	4.0
9297.73772802778	4000.0	17.812648318545047	0.0	1805063	5325.179615705932	4.0
9300.010215042417	1500.0	19.540161303907002	0.0	754517	2272.4870146380445	1.5
9302.351179374386	1500.0	21.19919697193885	0.0	934743	2340.964331968151	1.5
9306.845770735712	4000.0	20.704605610611488	0.0	1835863	4494.591361327362	4.0
9308.783634813382	1500.0	22.766741532941584	0.0	772616	1937.864077669903	1.5
9313.528288435316	4000.0	22.022087911008754	0.0	2082556	4744.653621932831	4.0
9315.043244902894	1500.0	24.50713144343127	0.0	662349	1514.956467577485	1.5
9320.278042676851	4000.0	23.272333669474897	0.0	2379358	5234.797773956373	4.0
9325.056576615436	4000.0	22.49379973089025	0.0	1950922	4778.53393858465	4.0
9329.623078609402	4000.0	21.927297736925215	0.0	1849252	4566.501993965034	4.0
9334.147761355905	4000.0	21.402614990420847	0.0	1822097	4524.682746504368	4.0
9338.716473210992	4000.0	20.83390313533333	0.0	1836837	4568.711855087516	4.0
9343.20466547333	4000.0	20.34571087299717	0.0	1984579	4488.19226233616	4.0
9347.505866075415	4000.0	20.044510270910276	0.0	2068230	4301.200602086894	4.0
9351.81109617323	4000.0	19.73928017309532	0.0	2055338	4305.230097814954	4.0
9353.334205747826	1500.0	22.21617059849944	0.0	675709	1523.1095745958862	1.5
9357.691152235271	4000.0	21.85922411105333	0.0	2002600	4356.946487446107	4.0
9362.871334601814	4000.0	20.679041744510002	0.0	2290706	5180.182366543324	4.0
9367.77663245504	4000.0	19.773743891283647	0.0	1947068	4905.297853226356	4.0
9369.427091858404	1500.0	22.123284487919438	0.0	633700	1650.4594033642081	1.5
9375.152426554292	4000.0	20.39794979203154	0.0	2125133	5725.334695887898	4.0
9380.306056659208	4000.0	19.244319687115215	0.0	1828568	5153.630104916328	4.0
9384.947102302824	4000.0	18.603274043501386	0.0	1785821	4641.045643613827	4.0
9386.708456435736	1500.0	20.841919910587748	0.0	681043	1761.3541329136388	1.5
9391.615704503134	4000.0	19.9346718431897	0.0	1955307	4907.248067398047	4.0
9393.322443302157	1500.0	22.22793304416687	0.0	691256	1706.73879902283	1.5
9398.277825455716	4000.0	21.272550890607185	0.0	2094647	4955.382153559687	4.0
9402.871689320058	4000.0	20.67868702626613	0.0	1985434	4593.863864341056	4.0
9406.649440389985	4000.0	20.900935956338973	0.0	1830641	3777.751069927157	4.0
9410.15730773164	4000.0	21.39306861468188	0.0	1697030	3507.8673416570937	4.0
9414.693476721019	4000.0	20.856899625304234	0.0	1910697	4536.1689893776465	4.0
9420.708061186075	4000.0	18.842315160246752	0.0	2171279	6014.5844650574845	4.0
9422.796383677703	1500.0	20.75399266861705	0.0	763847	2088.3224916296986	1.5
9426.430871826718	4000.0	21.11950451960421	0.0	1750852	3634.4881490128414	4.0
9430.64148340871	4000.0	20.90889293761162	0.0	2034636	4210.61158199259	4.0

