25953.115086162303	600.0	4.0	0.8837502795226769	247108	883.7502795226769	-17.075005590453536
25955.57732681608	1500.0	5.53775934622187	0.0	732405	2462.2406537781303	1.5
25957.75152128255	1500.0	7.363564879754427	0.0	643847	2174.1944664674434	1.5
25960.16837477201	1500.0	8.946711390294974	0.0	718451	2416.853489459454	1.5
25962.60423986928	1500.0	10.51084629302108	0.0	724296	2435.8650972738915	1.5
25963.918008451503	1500.0	13.197077710800619	0.0	689829	1313.7685822204617	1.5
25965.30455176521	1500.0	15.81053439709162	0.0	737903	1386.5433137089992	1.5
25966.76616922349	1500.0	18.348916938811772	0.0	780303	1461.6174582798462	1.5
25968.424608424943	1500.0	20.690477737359867	0.0	891463	1658.4392014519058	1.5
25972.706554332606	4000.0	20.408531829697523	0.0	2373154	4281.945907662343	4.0
25977.555144188747	4000.0	19.55994197355621	0.0	2094766	4848.589856141311	4.0
25981.731140003798	4000.0	19.383946158507825	0.0	1761739	4175.995815048389	4.0
25986.416440034463	4000.0	18.69864612783912	0.0	2131310	4685.300030668705	4.0
25990.272969357775	4000.0	18.842116804530846	0.0	1805063	3856.5293233082702	4.0
25995.0089678929	4000.0	18.106118269404536	0.0	2157416	4735.998535126313	4.0
26000.220978585938	4000.0	16.894107576369382	0.0	2231719	5212.010693035155	4.0
26004.511630142446	4000.0	16.603456019858402	0.0	1835863	4290.651556510977	4.0
26009.573991604655	4000.0	15.541094557649185	0.0	2192675	5062.361462209219	4.0
26014.186108713955	4000.0	14.928977448350308	0.0	2082556	4612.117109298877	4.0
26017.634548441994	4000.0	15.480537720310934	0.0	2164412	3448.439728039374	4.0
26021.417505187026	4000.0	15.697580975278884	0.0	2379358	3782.9567450320496	4.0
26024.970221455624	4000.0	16.14486470668464	0.0	1950922	3552.716268594246	4.0
26030.244567159774	4000.0	14.870519002530994	0.0	1849252	5274.345704153647	4.0
26035.166897820156	4000.0	13.948188342150386	0.0	1822097	4922.330660380607	4.0
26039.304636816127	4000.0	13.810449346181976	0.0	1836837	4137.73899596841	4.0
26043.768751247007	4000.0	13.346334915298891	0.0	1984579	4464.114430883084	4.0
26049.716922646363	4000.0	11.398163515944745	0.0	2068230	5948.171399354147	4.0
26055.316369038363	4000.0	9.798717123946512	0.0	2055338	5599.446391998234	4.0
26059.412944044157	4000.0	9.70214211815008	0.0	2165436	4096.57500579643	4.0
26063.20748148909	4000.0	9.90760467321616	0.0	2002600	3794.5374449339206	4.0
26067.064272379226	4000.0	10.05081378308069	0.0	2290706	3856.790890135469	4.0
26070.152227269202	4000.0	10.96285889310396	0.0	1947068	3087.9548899767306	4.0
26074.162411783873	4000.0	10.952674378432581	0.0	2544033	4010.1845146713786	4.0
26077.645041311647	4000.0	11.470044850659676	0.0	2125133	3482.6295277729064	4.0
26080.681168662082	4000.0	12.433917500223687	0.0	1828568	3036.1273504359865	4.0
26083.64818970865	4000.0	13.466896453654492	0.0	1785821	2967.021046569197	4.0
26087.60663629076	4000.0	13.508449871545578	0.0	2096494	3958.446582108915	4.0
26091.65046468698	4000.0	13.464621475326334	0.0	1955307	4043.8283962192436	4.0
26095.924747992667	4000.0	13.190338169637423	0.0	2142800	4274.283305688909	4.0
26099.37227999564	4000.0	13.742806166663206	0.0	2094647	3447.532002974217	4.0
26102.644231925868	4000.0	14.470854236436724	0.0	1985434	3271.9519302264825	4.0
26105.680942745505	4000.0	15.434143416800802	0.0	1830641	3036.710819635922	4.0
26108.978137465758	4000.0	16.136948696546767	0.0	1697030	3297.194720254034	4.0
26116.953868876055	8000.0	12.161217286246538	0.0	4340973	7975.731410300229	8.0
26122.49900738753	8000.0	10.616078774769607	0.0	3682991	5545.138511476931	8.0
26131.958734834127	8000.0	5.156351328171985	0.0	3954105	9459.727446597622	8.0
26137.300029572405	4000.0	4.0	0.1849434101044917	1750852	5341.294738276476	0.3011317979101662
26139.04863195314	1500.0	6.251397619262565	0.0	808636	1748.6023807374352	1.5

