16578.544748215023	600.0	4.0	0.5643830246006077	247108	564.3830246006078	-10.687660492012155
16579.231867689687	600.0	7.312880525335686	0.0	309722	687.1194746643145	0.6
16580.573941589522	1500.0	9.970806625502304	0.0	643847	1342.0738998333825	1.5
16580.879816332243	200.0	13.664931882779577	0.0	115230	305.8747427227286	0.2
16582.379586987932	1500.0	16.165161227090074	0.0	724296	1499.7706556895032	1.5
16591.747109111573	12000.0	10.797639103449136	0.0	5243469	9367.522123640938	12.0
16592.938523885317	1500.0	13.606224329705618	0.0	737903	1191.4147737435162	1.5
16593.180700315483	200.0	17.3640478995406	0.0	107674	242.17643016502083	0.2
16593.404246804672	200.0	21.14050141035215	0.0	95305	223.54648918845137	0.2
16601.438779056414	12000.0	17.105969158610336	0.0	5088378	8034.5322517418135	12.0
16601.680038832357	200.0	20.864709382664447	0.0	95365	241.25977594588883	0.2
16602.243021711245	600.0	24.30172650378049	0.0	285624	562.9828788839569	0.6
16603.34790778184	1500.0	27.196840433182306	0.0	606092	1104.8860705981822	1.5
16603.56465181059	200.0	30.98009640443574	0.0	80867	216.74402874656522	0.2
16604.92052076007	1500.0	33.624227454953605	0.0	754517	1355.8689494821392	1.5
16605.160109853285	200.0	37.38463836173864	0.0	94377	239.58909321496512	0.2
16608.344507232276	4000.0	38.200240982748994	0.0	1835863	3184.3973789896427	4.0
16615.8301167102	12000.0	34.71463150482621	0.0	4055239	7485.609477922786	12.0
16625.701021031437	12000.0	28.843727183586918	0.0	5385367	9870.904321239292	12.0
16626.973596569063	1500.0	31.571151645961585	0.0	662349	1272.5755376253333	1.5
16635.74506683816	12000.0	26.799681376864253	0.0	5251330	8771.470269097334	12.0
16637.115090834322	1500.0	29.42965738070364	0.0	806394	1370.0239961606144	1.5
16645.62597618522	12000.0	24.91877202980366	0.0	5141915	8510.885350899982	12.0
16648.72763328188	4000.0	25.81711493314314	0.0	1822097	3101.6570966605173	4.0
16663.72246551409	12000.0	14.82228270093395	0.0	6078444	14994.83223220919	12.0
16664.26294464474	600.0	18.281803570284406	0.0	221407	540.4791306495431	0.6
16664.526984888595	200.0	22.01776332642952	0.0	88490	264.04024385488293	0.2
16671.431089018846	8000.0	19.113659196178173	0.0	3354913	6904.104130251348	8.0
16672.04830307547	600.0	22.496445139554808	0.0	291029	617.2140566233646	0.6
16672.687156763834	600.0	25.85759145119098	0.0	302752	638.8536883638293	0.6
16673.21086243309	600.0	29.333885781932345	0.0	240372	523.7056692586355	0.6
16679.87874309485	8000.0	26.66600512017273	0.0	3568902	6667.8806617596165	8.0
16681.325812863164	1500.0	29.218935351858196	0.0	633700	1447.069768314535	1.5
16682.288244871368	600.0	32.256503343657535	0.0	344336	962.4320082006599	0.6
16683.097209217714	600.0	35.44753899730779	0.0	284451	808.9643463497453	0.6
16685.190263643188	1500.0	37.35448457183449	0.0	785519	2093.0544254733	1.5
16685.53188519555	200.0	41.0128630194752	0.0	102088	341.6215523592914	0.2
16685.817934463576	200.0	44.726813751448155	0.0	80403	286.04926802703653	0.2
16696.481928921534	12000.0	38.062819293490655	0.0	5257310	10663.994457957506	12.0
16697.035687337375	600.0	41.50906087764907	0.0	284107	553.7584158415841	0.6
16705.31221518502	12000.0	37.23253303000426	0.0	4828747	8276.52784764481	12.0
16708.557702702583	4000.0	37.98704551244239	0.0	1830641	3245.4875175618718	4.0
16715.60929014671	8000.0	34.93545806831659	0.0	3735285	7051.587444125799	8.0
16717.36017160867	1500.0	37.18457660635565	0.0	848035	1750.8814619609389	1.5
16724.434945920002	8000.0	34.1098022950227	0.0	3682991	7074.774311332953	8.0
16731.65119245146	8000.0	30.893555763563324	0.0	3954105	7216.246531459381	8.0
16740.609808916168	12000.0	25.934939298856754	0.0	5704199	8958.616464706567	12.0
16750.310330677912	12000.0	20.234417537111398	0.0	5646381	9700.521761745358	12.0

