4676.267539820361	600.0	4.0	1.0245798791122156	247108	1024.5798791122156	-19.89159758224431
4679.1471862355365	1500.0	5.120353584824521	0.0	732405	2879.6464151754785	1.5
4681.688316273524	1500.0	6.579223546838043	0.0	643847	2541.130037986478	1.5
4684.514622984468	1500.0	7.752916835893637	0.0	718451	2826.306710944406	1.5
4687.292154206285	1500.0	8.975385614076256	0.0	724296	2777.531221817381	1.5
4689.900042072164	1500.0	10.36749774819746	0.0	689829	2607.887865878796	1.5
4692.684097772773	1500.0	11.583442047588234	0.0	737903	2784.055700609226	1.5
4695.6235288570115	1500.0	12.644010963350226	0.0	780303	2939.43108423801	1.5
4699.187824248541	1500.0	13.079715571820419	0.0	891463	3564.295391529805	1.5
4702.266445954462	1500.0	14.00109386589906	0.0	763093	3078.6217059213595	1.5
4705.369521328385	1500.0	14.89801849197662	0.0	769316	3103.0753739224406	1.5
4708.298478792407	1500.0	15.969061027954604	0.0	744416	2928.9574640220158	1.5
4710.676512395099	1500.0	17.591027425262595	0.0	606092	2378.0336026920068	1.5
4713.592640265428	1500.0	18.674899554933916	0.0	748011	2916.1278703286807	1.5
4716.54079215567	1500.0	19.726747664691057	0.0	754517	2948.151890242858	1.5
4720.453080373781	1500.0	19.814459446580056	0.0	934743	3912.2882181110035	1.5
4723.548801175298	1500.0	20.718738645063116	0.0	735572	3095.720801516938	1.5
4726.792143584518	1500.0	21.47539623584284	0.0	772616	3243.3424092202777	1.5
4729.821469288658	1500.0	22.446070531704333	0.0	747396	3029.3257041385095	1.5
4732.515188027867	1500.0	23.752351792494544	0.0	662349	2693.7187392097862	1.5
4735.893016666944	1500.0	24.37452315341794	0.0	835711	3377.8286390766043	1.5
4739.341446381382	1500.0	24.926093438979294	0.0	806394	3448.4297144386464	1.5
4742.891601810689	1500.0	25.375938009672826	0.0	809327	3550.1554293064637	1.5
4745.894937645184	1500.0	26.37260217517824	0.0	681795	3003.335834494587	1.5
4749.350952876609	1500.0	26.91658694375368	0.0	855209	3456.01523142456	1.5
4751.860665816676	1500.0	28.406874003685385	0.0	644861	2509.7129400682916	1.5
4754.9323587402605	1500.0	29.335181080101258	0.0	794014	3071.6929235841285	1.5
4758.526795032333	1500.0	29.740744788028795	0.0	914284	3594.4362920724634	1.5
4761.334590359578	1500.0	30.932949460784506	0.0	675709	2807.795327244286	1.5
4764.2708329795505	1500.0	31.996706840811754	0.0	707527	2936.2426199727515	1.5
4767.408704503999	1500.0	32.858835316363056	0.0	757473	3137.8715244487057	1.5
4770.149145827573	1500.0	34.11839399278902	0.0	712239	2740.4413235740335	1.5
4772.572765086524	1500.0	35.694774733837946	0.0	633700	2423.6192589510665	1.5
4775.445514549114	1500.0	36.82202527124867	0.0	755142	2872.7494625892796	1.5
4778.004591820685	1500.0	38.26294799967712	0.0	670327	2559.0772715715507	1.5
4781.035736662169	1500.0	39.23180315819344	0.0	785519	3031.1448414836796	1.5
4783.674906205841	1500.0	40.59263361452168	0.0	681043	2639.1695436717628	1.5
4787.010013183459	1500.0	41.257526636903606	0.0	866245	3335.106977618075	1.5
4789.710408635615	1500.0	42.55713118474806	0.0	691256	2700.395452155544	1.5
4792.564979197289	1500.0	43.70256062307379	0.0	725845	2854.5705616742716	1.5
4795.745107730151	1500.0	44.52243209021191	0.0	811013	3180.128532861887	1.5
4798.3391340578855	1500.0	45.928405762477	0.0	657685	2594.026327734907	1.5
4801.292030420378	1500.0	46.975509399984965	0.0	767059	2952.896362492035	1.5
4804.541736309602	1500.0	47.72580351076124	0.0	848035	3249.7058892237255	1.5
4806.974390782001	1500.0	49.29314903836187	0.0	629438	2432.6544723993743	1.5
4809.80351044588	1500.0	50.46402937448297	0.0	763847	2829.1196638788992	1.5
4812.450833825645	1500.0	51.816705994718184	0.0	769491	2647.3233797647845	1.5
4815.228760258208	1500.0	53.038779562155	0.0	808636	2777.926432563183	1.5

