24480.26190330912	600.0	4.0	0.8688208770599737	247108	868.8208770599737	-16.77641754119947
24481.330601286056	600.0	6.931302023063725	0.0	309722	1068.6979769362756	0.6
24482.33138497386	600.0	9.930518335261961	0.0	288447	1000.7836878017638	0.6
24484.704832162715	1500.0	11.557071146402777	0.0	718451	2373.447188859184	1.5
24487.096937824903	1500.0	13.164965484218506	0.0	724296	2392.105662184271	1.5
24489.37901755037	1500.0	14.882885758748653	0.0	689829	2282.079725469853	1.5
24492.054313429966	1500.0	16.207589879154426	0.0	737903	2675.295879594227	1.5
24494.946026152084	1500.0	17.315877157041054	0.0	780303	2891.712722113371	1.5
24498.238288386616	1500.0	18.02361492250735	0.0	891463	3292.262234533703	1.5
24501.18036038068	1500.0	19.081542928446282	0.0	763093	2942.071994061068	1.5
24504.3885354296	1500.0	19.873367879525087	0.0	769316	3208.1750489211922	1.5
24507.495462670446	1500.0	20.766440638680344	0.0	744416	3106.927240844748	1.5
24510.039940039627	1500.0	22.221963269496882	0.0	606092	2544.4773691834607	1.5
24512.36107505513	1500.0	23.90082825399287	0.0	748011	2321.1350155040113	1.5
24514.581852470365	1500.0	25.680050838756667	0.0	754517	2220.777415236204	1.5
24517.31398185042	1500.0	26.947921458702755	0.0	934743	2732.1293800539083	1.5
24519.481006960363	1500.0	28.780896348758084	0.0	735572	2167.025109944673	1.5
24527.614759061307	4000.0	24.64714424781372	0.0	2192675	8133.752100944362	4.0
24535.197926415498	4000.0	21.063976893622055	0.0	2082556	7583.167354191668	4.0
24542.491651188982	4000.0	17.770252120142292	0.0	2164412	7293.724773479761	4.0
24549.836589168448	4000.0	14.42531414067586	0.0	2379358	7344.937979466433	4.0
24557.30843393138	4000.0	10.953469377744298	0.0	1950922	7471.844762931561	4.0
24564.713539327342	4000.0	7.548363981781542	0.0	1849252	7405.105395962756	4.0
24567.478961020024	1500.0	8.7829422891027	0.0	681795	2765.421692678844	1.5
24570.927417521423	1500.0	9.334485787699517	0.0	855209	3448.456501403181	1.5
24573.8059687246	1500.0	10.455934584526945	0.0	644861	2878.551203172572	1.5
24577.4032931245	1500.0	10.858610184626615	0.0	794014	3597.32439990033	1.5
24581.53338974954	1500.0	10.728513559581625	0.0	914284	4130.096625044991	1.5
24584.392412808666	1500.0	11.869490500460888	0.0	675709	2859.0230591207355	1.5
24587.37456678103	1500.0	12.887336528096954	0.0	707527	2982.153972363935	1.5
24590.56159064854	1500.0	13.700312660585995	0.0	757473	3187.02386751096	1.5
24593.63860485618	1500.0	14.623298452947664	0.0	712239	3077.01420763833	1.5
24596.439880252725	1500.0	15.822023056399178	0.0	633700	2801.275396548485	1.5
24599.762659715405	1500.0	16.49924359371902	0.0	755142	3322.7794626801583	1.5
24602.85065703524	1500.0	17.411246273885354	0.0	670327	3087.9973198336675	1.5
24607.130591538164	1500.0	17.131311770961375	0.0	785519	4279.934502923977	1.5
24610.85192420316	1500.0	17.409979105965554	0.0	681043	3721.3326649958226	1.5
24613.979137786824	1500.0	18.28276552230431	0.0	866245	3127.2135836612456	1.5
24615.88450723113	1500.0	20.3773960779974	0.0	691256	1905.3694443069103	1.5
24617.881214332847	1500.0	22.380688976282624	0.0	725845	1996.7071017147764	1.5
24620.10282084206	1500.0	24.159082467065083	0.0	811013	2221.606509217541	1.5
24621.919540816973	1500.0	26.342362492151317	0.0	657685	1816.719974913766	1.5
24626.792447556927	4000.0	25.4694557521988	0.0	1697030	4872.906739952517	4.0
24632.348989422142	4000.0	23.91291388698437	0.0	1910697	5556.541865214432	4.0
24638.423242286306	4000.0	21.838661022819537	0.0	2171279	6074.252864164837	4.0
24644.487726490428	4000.0	19.774176818698987	0.0	2042818	6064.484204120548	4.0
24651.06575066059	4000.0	17.1961526485336	0.0	1750852	6578.024170165388	4.0
24659.370518596734	4000.0	12.891384712390858	0.0	2034636	8304.767936142742	4.0

