18228.90136769517	600.0	4.0	1.8524952927463465	247108	1852.4952927463464	-36.44990585492693
18229.68874328918	200.0	7.21262440598942	0.0	98617	787.3755940105802	0.2
18230.53249115971	200.0	10.36887653546131	0.0	106476	843.747870528109	0.2
18232.61871011425	600.0	12.282657580919931	0.0	279692	2086.218954541379	0.6
18234.98222127716	600.0	13.919146418004123	0.0	318350	2363.5111629158073	0.6
18237.43596107811	600.0	15.465406617053706	0.0	330929	2453.7398009504172	0.6
18238.684939446295	600.0	18.2164282488689	0.0	327938	1248.978368184803	0.6
18239.703803116627	600.0	21.197564578536888	0.0	274823	1018.8636703320167	0.6
18242.829262281783	1500.0	22.072105413382623	0.0	891463	3125.4591651542655	1.5
18245.516177622874	1500.0	23.385190072291557	0.0	763093	2686.9153410910644	1.5
18248.244862812284	1500.0	24.656504882882203	0.0	769316	2728.6851894093516	1.5
18254.761173806688	4000.0	22.14019388847645	0.0	1761739	6516.310994405754	4.0
18262.26695883255	4000.0	18.6344088626135	0.0	2131310	7505.785025862947	4.0
18268.413261466954	4000.0	16.488106228212214	0.0	1805063	6146.302634401287	4.0
18275.626246816075	4000.0	13.275120879091475	0.0	2157416	7212.9853491207405	4.0
18283.15500618309	4000.0	9.746361512079536	0.0	2231719	7528.759367011939	4.0
18289.37735115608	4000.0	7.524016539088509	0.0	1835863	6222.344972991027	4.0
18292.00482179038	1500.0	8.89654590478937	0.0	772616	2627.4706342991385	1.5
18294.54913700284	1500.0	10.35223069232595	0.0	747396	2544.3152124634216	1.5
18296.813035119314	1500.0	12.088332575852306	0.0	662349	2263.8981164736433	1.5
18299.655435674504	1500.0	13.245932020660803	0.0	835711	2842.4005551915034	1.5
18302.41420739671	1500.0	14.487160298455882	0.0	806394	2758.771722204921	1.5
18305.18272229342	1500.0	15.718645401746652	0.0	809327	2768.5148967092287	1.5
18307.5275868216	1500.0	17.37378087356229	0.0	681795	2344.864528184366	1.5
18310.88156922712	1500.0	18.019798468039948	0.0	855209	3353.98240552234	1.5
18313.766532254525	1500.0	19.134835440636728	0.0	644861	2884.963027403219	1.5
18317.30026866166	1500.0	19.601099033503193	0.0	794014	3533.7364071335364	1.5
18320.827165465074	1500.0	20.074202230085852	0.0	914284	3526.8968034173427	1.5
18323.093174321253	1500.0	21.80819337390776	0.0	675709	2266.0088561780944	1.5
18325.462118656735	1500.0	23.439249038424407	0.0	707527	2368.9443354833493	1.5
18327.992644972524	1500.0	24.908722722634934	0.0	757473	2530.5263157894738	1.5
18330.389427695372	1500.0	26.511939999789234	0.0	712239	2396.7827228457	1.5
18338.8346896202	4000.0	22.066678074965463	0.0	2544033	8445.261924823773	4.0
18347.72646852037	4000.0	17.174899174791886	0.0	2125133	8891.778900173578	4.0
18354.710618384135	4000.0	14.190749311025577	0.0	1828568	6984.149863766308	4.0
18361.102816809416	4000.0	11.798550885745142	0.0	1785821	6392.198425280435	4.0
18368.03368460755	4000.0	8.867683087611859	0.0	2096494	6930.867798133285	4.0
18374.511766729993	4000.0	6.38960096517002	0.0	1955307	6478.082122441839	4.0
18376.85502612264	1500.0	8.046341572520433	0.0	691256	2343.259392649587	1.5
18379.31153426703	1500.0	9.589833428131465	0.0	725845	2456.5081443889662	1.5
18382.35303615582	1500.0	10.54833153934084	0.0	811013	3041.5018887906267	1.5
18384.97009524881	1500.0	11.931272446349544	0.0	657685	2617.0590929912964	1.5
18388.009071066732	1500.0	12.892296628426356	0.0	767059	3038.9758179231867	1.5
18391.57115839582	1500.0	13.33020929934055	0.0	848035	3562.087329085806	1.5
18394.725712065378	1500.0	14.17565562978383	0.0	629438	3154.5536695567225	1.5
18398.536800110312	1500.0	14.364567584845496	0.0	763847	3811.088044938332	1.5
18401.876378955356	1500.0	15.02498873980272	0.0	769491	3339.5788450427763	1.5
18408.728622766466	4000.0	12.17274492869392	0.0	2034636	6852.2438111088	4.0

