13435.822786515982	600.0	4.0	0.7465309012441417	247108	746.5309012441417	-14.330618024882833
13437.878321766666	1500.0	5.944464749317239	0.0	732405	2055.5352506827608	1.5
13439.694987197056	1500.0	8.127799318925115	0.0	643847	1816.6654303921239	1.5
13441.712883956892	1500.0	10.109902559088303	0.0	718451	2017.8967598368117	1.5
13443.746546588809	1500.0	12.076239927172189	0.0	724296	2033.6626319161132	1.5
13445.695491139708	1500.0	14.127295376272365	0.0	689829	1948.944550899825	1.5
13447.891228286457	1500.0	15.931558229523983	0.0	737903	2195.737146748383	1.5
13450.208535958087	1500.0	17.614250557893424	0.0	780303	2317.3076716305573	1.5
13452.844564845422	1500.0	18.97822167055762	0.0	891463	2636.0288873358063	1.5
13455.11252749976	1500.0	20.71025901622004	0.0	763093	2267.9626543375803	1.5
13457.490258169111	1500.0	22.332528346868344	0.0	769316	2377.7306693516957	1.5
13459.840727678633	1500.0	23.982058837346624	0.0	744416	2350.469509521722	1.5
13461.769308856314	1500.0	26.053477659665006	0.0	606092	1928.581177681618	1.5
13464.130743119262	1500.0	27.692043396716798	0.0	748011	2361.434262948207	1.5
13466.5357005603	1500.0	29.287085955679753	0.0	754517	2404.957441037044	1.5
13469.753014231086	1500.0	30.069772284894583	0.0	934743	3217.3136707851736	1.5
13472.30184265927	1500.0	31.52094385670973	0.0	735572	2548.8284281848505	1.5
13474.975003281033	1500.0	32.847783234948075	0.0	772616	2673.1606217616577	1.5
13477.457760388386	1500.0	34.365026127595435	0.0	747396	2482.7571073526415	1.5
13479.517765993452	1500.0	36.30502052252845	0.0	662349	2060.005605066981	1.5
13482.096014596855	1500.0	37.72677191912431	0.0	835711	2578.248603404144	1.5
13484.586623867637	1500.0	39.23616264834352	0.0	806394	2490.609270780786	1.5
13487.069516073576	1500.0	40.75327044240474	0.0	809327	2482.8922059387846	1.5
13488.989718502724	1500.0	42.833068013254945	0.0	681795	1920.2024291497976	1.5
13491.37797491298	1500.0	44.44481160299854	0.0	855209	2388.25641025641	1.5
13493.198490432549	1500.0	46.62429608343039	0.0	644861	1820.5155195681511	1.5
13495.421578151849	1500.0	48.401208364132145	0.0	794014	2223.0877192982457	1.5
13498.044432884215	1500.0	49.77835363176596	0.0	914284	2622.854732366187	1.5
13500.158093017391	1500.0	51.66469349858812	0.0	675709	2113.660133177834	1.5
13502.36751478482	1500.0	53.45527173116026	0.0	707527	2209.4217674278625	1.5
13504.727257458158	1500.0	55.09552905782216	0.0	757473	2359.742673338099	1.5
13506.950860783842	1500.0	56.8719257321384	0.0	712239	2223.603325683759	1.5
13508.852409259065	1500.0	58.970377256913984	0.0	633700	1901.5484752244167	1.5
13512.045766030855	1500.0	59.77702048512409	0.0	755142	2193.356771789893	1.5
13516.001757704957	1500.0	59.82102881102359	0.0	670327	1955.9916741005056	1.5
13520.271842606828	1500.0	59.55094390915252	0.0	785519	2270.084901871062	1.5
13524.20906376854	1500.0	59.61372274743995	0.0	681043	1937.2211617125715	1.5
13526.686415145688	1500.0	59.67145113576828	0.0	866245	2442.2716116716665	1.5
13530.423178079327	1500.0	59.93468820212814	0.0	691256	2236.76293364014	1.5
13534.767860905326	1500.0	59.590005376130215	0.0	725845	2344.6828259979334	1.5
13538.833693357383	1500.0	59.5241729240724	0.0	811013	2565.832452057808	1.5
13542.777846841058	1500.0	59.58001944039687	0.0	657685	1944.1534836755302	1.5
13546.532011839552	1500.0	59.825854441902656	0.0	767059	2254.164998494216	1.5
13550.575912361497	1500.0	59.781953919957374	0.0	848035	2543.9005219452833	1.5
13554.497013621072	1500.0	59.8608526603826	0.0	629438	1921.1012595747793	1.5
13558.331184942497	1500.0	59.546606120099966	0.0	763847	2314.246540282628	1.5
13561.881953132388	1500.0	59.99583793020906	0.0	769491	3550.768189890903	1.5
13566.109283778229	1500.0	59.76850728436575	0.0	808636	3727.3306458433176	1.5

