17454.773591702204	600.0	4.0	1.0886812766283134	247108	1088.6812766283133	-21.173625532566266
17455.256140876885	200.0	7.517450825318264	0.0	98617	482.54917468173585	0.2
17456.513565679805	600.0	10.260026022399673	0.0	288447	1257.4248029185906	0.6
17459.526243180633	1500.0	11.24734852157053	0.0	718451	3012.677500829145	1.5
17460.004877770014	200.0	14.76871393218869	0.0	97658	478.63458938184044	0.2
17460.483512359395	200.0	18.29007934280685	0.0	97658	478.63458938184044	0.2
17461.036168940256	200.0	21.737422761946068	0.0	115792	552.6565808607802	0.2
17461.555688291228	200.0	25.21790341097533	0.0	107674	519.5193509707376	0.2
17462.024718063916	200.0	28.748873638288647	0.0	95305	469.02977268668513	0.2
17480.174025542135	12000.0	14.599566160069797	0.0	5088378	18149.30747821885	12.0
17480.620725854562	200.0	18.152865847644897	0.0	95365	446.70031242489785	0.2
17481.06733772671	200.0	21.706253975498782	0.0	95342	446.61187214611874	0.2
17481.54116228811	200.0	25.23242941409527	0.0	102419	473.8245614035088	0.2
17481.93211446307	200.0	28.84147723913733	0.0	80867	390.9521749579429	0.2
17484.91438808761	1500.0	29.859203614594158	0.0	754517	2982.273624543172	1.5
17485.369803148646	200.0	33.40378855355942	0.0	94377	455.41506103473137	0.2
17486.804995948783	600.0	35.9685957534202	0.0	340687	1435.192800139224	0.6
17501.607441316246	12000.0	25.16615038595577	0.0	4055239	14802.445367464432	12.0
17501.984544026458	200.0	28.78904767574602	0.0	90919	377.1027102097502	0.2
17503.08032819001	600.0	31.693263512193948	0.0	310849	1095.78416355207	0.6
17503.534998042756	200.0	35.238593659448	0.0	114656	454.66985274595106	0.2
17504.630756064118	600.0	38.14283563808493	0.0	310841	1095.7580213630702	0.6
17520.507957253274	12000.0	26.265634448928367	0.0	5141915	15877.201189156563	12.0
17520.874399976503	200.0	29.899191725698234	0.0	85752	366.44272323013007	0.2
17522.113301832494	600.0	32.660289869709594	0.0	346939	1238.9018559886429	0.6
17522.932881364424	600.0	35.84071033777782	0.0	221407	819.5795319317731	0.6
17542.684442369882	12000.0	20.08914933232102	0.0	5138482	19751.5610054568	12.0
17555.82540791873	8000.0	10.948183783470665	0.0	3354913	13140.965548850356	8.0
17557.057950754956	600.0	13.715640947246898	0.0	291029	1232.542836223765	0.6
17558.339407176405	600.0	16.43418452579742	0.0	302752	1281.4564214494767	0.6
17559.37331163595	600.0	19.400280066250815	0.0	240372	1033.9044595466046	0.6
17560.61769082143	600.0	22.155900880775345	0.0	293409	1244.3791854754702	0.6
17561.09400016217	200.0	25.679591540034238	0.0	99865	476.30934074110826	0.2
17561.52886697104	200.0	29.24472473116475	0.0	89422	434.8668088694876	0.2
17564.269026701182	1500.0	30.504565001019408	0.0	670327	2740.159730145345	1.5
17565.443307171445	600.0	33.330284530757986	0.0	275745	1174.2804702614217	0.6
17565.92843837835	200.0	36.84515332385288	0.0	102088	485.1312069051045	0.2
17566.32751372931	200.0	40.44607797289301	0.0	80403	399.07535095986907	0.2
17585.724305821277	12000.0	25.04928588092255	0.0	5257310	19396.792091970456	12.0
17586.22584627034	200.0	28.547745431861753	0.0	101968	501.54044906079633	0.2
17596.883354183625	8000.0	21.89023751857402	0.0	3189942	10657.507913287738	8.0
17598.125701600184	600.0	24.647890102015875	0.0	302912	1242.3474165581415	0.6
17604.80347581411	4000.0	21.9701158880877	0.0	1697030	6677.774213928173	4.0
17605.260549245613	200.0	25.51304245658651	0.0	96988	457.0734315011907	0.2
17618.479513367467	8000.0	16.294078334733175	0.0	3682991	13218.964121853334	8.0
17621.54576953714	1500.0	17.227822165061088	0.0	763847	3066.256169672091	1.5
17628.362513153323	4000.0	14.411078548878697	0.0	1750852	6816.743616182389	4.0
17635.557868984764	4000.0	11.215722717439634	0.0	2034636	7195.355831439063	4.0

