35994.57941915275	600.0	4.0	0.6909540439472139	247108	690.9540439472139	0.6883699	-13.219080878944279
35994.903241509586	200.0	7.676177643168403	0.0	98617	323.8223568315975	0.004705182	0.2
35995.246494592386	200.0	11.332924560373336	0.0	106476	343.25308279506754	0.004705182	0.2
35995.61139121444	200.0	14.968027938313195	0.0	115230	364.8966220601416	0.004705182	0.2
35995.93284252328	200.0	18.646576629477394	0.0	97658	321.4513088358006	0.004705182	0.2
35996.25429383212	200.0	22.325125320641593	0.0	97658	321.4513088358006	0.004705182	0.2
35996.62057995259	200.0	25.95883920017307	0.0	115792	366.28612046852305	0.004705182	0.2
35996.966794991065	200.0	29.61262416169608	0.0	107674	346.2150384769911	0.004705182	0.2
36013.73721172421	12000.0	16.842207428550275	0.0	6619479	16770.416733145805	0.23118427	12.0
36014.08746727176	200.0	20.491951881005615	0.0	105425	350.25554754466077	0.004705182	0.2
36014.41193414671	200.0	24.16748500605568	0.0	95365	324.46687494993193	0.17168555	0.2
36014.73634206148	200.0	27.8430770912916	0.0	95342	324.4079147640791	0.004705182	0.2
36016.67656714686	1500.0	29.902852005906375	0.0	606092	1940.2250853852274	0.004705182	1.5
36019.0817941679	1500.0	31.4976249848654	0.0	748011	2405.2270210409747	0.004705182	1.5
36021.50724539286	1500.0	33.07217375990378	0.0	754517	2425.451224961629	0.004705182	1.5
36024.49293753018	1500.0	34.086481622583726	0.0	934743	2985.692137320045	0.004705182	1.5
36046.826072538184	12000.0	15.753346614582151	0.0	5964284	22333.135008001576	0.004705182	12.0
36047.248161632524	200.0	19.331257520243312	0.0	103142	422.0890943388404	0.004705182	0.2
36047.62971093705	200.0	22.949708215709823	0.0	90919	381.5493045334881	0.15684295	0.2
36047.99453422015	200.0	26.584884932610386	0.0	85876	364.8232830994383	0.004705182	0.2
36050.846320874654	1500.0	27.73309827810488	0.0	835711	2851.7866545055035	0.004705182	1.5
36053.60087239721	1500.0	28.978546755541085	0.0	806394	2754.5515225637946	0.004705182	1.5
36056.39645988915	1500.0	30.182959263607938	0.0	809327	2795.5874919331504	0.004705182	1.5
36058.84895227714	1500.0	31.730466875613153	0.0	681795	2452.4923879947805	0.004705182	1.5
36076.99731020118	12000.0	17.58210895157408	0.0	6078444	18148.35792403907	0.00971705	12.0
36077.33993950732	200.0	21.239479645427778	0.0	101109	342.62930614630346	0.058690384	0.2
36079.48238049567	1500.0	23.097038657084003	0.0	794014	2142.4409883437775	0.008327966	1.5
36079.83188534972	200.0	26.7475338030303	0.0	103756	349.50485405370307	0.004705182	0.2
36081.66703064665	1500.0	28.912388506105074	0.0	675709	1835.1452969252248	0.004705182	1.5
36086.9593110736	4000.0	27.62010807914489	0.0	2002600	5292.280426960186	0.2076821	4.0
36089.03828318266	1500.0	29.54113597008817	0.0	757473	2078.972109056722	0.004705182	1.5
36090.99788271423	1500.0	31.58153643851087	0.0	712239	1959.599531577298	0.004705182	1.5
36101.02828802102	8000.0	25.551131131723377	0.0	3713878	10030.405306787492	0.6864342	8.0
36112.771025010494	8000.0	17.808394142247437	0.0	4271839	11742.736989475941	0.85549116	8.0
36114.681394318985	1500.0	19.898024833762218	0.0	670327	1910.369308485221	0.004705182	1.5
36116.9305896421	1500.0	21.648829510645996	0.0	785519	2249.1953231162233	0.19537191	1.5
36123.74387961761	4000.0	18.835539535135137	0.0	2096494	6813.28997551086	0.74625933	4.0
36130.155410845226	4000.0	16.424008307513105	0.0	1955307	6411.531227622033	0.3565022	4.0
36132.4916523793	1500.0	18.087766773445377	0.0	691256	2336.2415340677276	0.011943396	1.5
36134.94079150619	1500.0	19.638627646558394	0.0	725845	2449.139126886985	0.58473074	1.5
36141.712548977004	4000.0	16.86687017574011	0.0	1985434	6771.757470818283	0.3295587	4.0
36147.87287666994	4000.0	14.706542482796372	0.0	1830641	6160.327692943738	0.12306323	4.0
36152.4271343241	4000.0	14.152284828642202	0.0	1697030	4554.25765415417	0.62779367	4.0
36157.56655790708	4000.0	13.012861245660178	0.0	1910697	5139.423582982025	0.04650379	4.0
36164.28820510535	4000.0	10.291214047388436	0.0	2171279	6721.647198271742	0.023607785	4.0
36169.994704514764	4000.0	8.58471463797348	0.0	2042818	5706.499409414956	0.66398823	4.0
36171.94805641141	1500.0	10.631362741319442	0.0	769491	1953.3518966540378	0.6968232	1.5
36176.98144665198	4000.0	9.597972500757066	0.0	2034636	5033.390240562377	0.010167937	4.0

