24241.36993611705	600.0	4.0	0.8353210430795683	247108	835.3210430795683	0.14616334	-16.106420861591367
24241.751373121537	200.0	7.618562995510555	0.0	98617	381.43700448944503	0.004705182	0.2
24242.15683228669	200.0	11.213103830356289	0.0	106476	405.459165154265	0.004705182	0.2
24242.589049308375	200.0	14.780886808673225	0.0	115230	432.2170216830643	0.004705182	0.2
24242.96755499182	200.0	18.40238112522686	0.0	97658	378.50568344636554	0.004705182	0.2
24243.34606067527	200.0	22.023875441780497	0.0	97658	378.50568344636554	0.004705182	0.2
24243.779995530556	200.0	25.589940586493455	0.0	115792	433.9348552870379	0.004705182	0.2
24244.18911655453	200.0	29.18081956251791	0.0	107674	409.1210239755469	0.004705182	0.2
24246.99400107072	1500.0	30.375935046327253	0.0	891463	2804.884516190658	0.0059162187	1.5
24260.791000292335	12000.0	20.578935824714506	0.0	5088378	13796.999221612745	0.00861888	12.0
24261.11509563708	200.0	24.254840479969666	0.0	95365	324.0953447448409	0.004705182	0.2
24263.265767393255	1500.0	26.104168723796615	0.0	744416	2150.671756173052	0.10361353	1.5
24263.63489772831	200.0	29.73503838874007	0.0	102419	369.1303350565485	0.004705182	0.2
24265.826543722276	1500.0	31.543392394774262	0.0	748011	2191.645993965806	0.004705182	1.5
24268.0365562494	1500.0	33.333379867646855	0.0	754517	2210.0125271274064	0.004705182	1.5
24270.75534941065	1500.0	34.614586706399784	0.0	934743	2718.793161247067	0.004705182	1.5
24273.083217131407	1500.0	36.28671898564456	0.0	735572	2327.8677207552273	0.004705182	1.5
24286.794252007494	12000.0	26.575684109554693	0.0	4055239	13711.03487608987	0.004705182	12.0
24289.47717221123	1500.0	27.89276390581955	0.0	747396	2682.9202037351442	0.008271407	1.5
24291.86390330696	1500.0	29.50603281009015	0.0	662349	2386.7310957293985	0.004705182	1.5
24292.33874407912	200.0	33.03119203793197	0.0	114656	474.8407721581782	0.01505821	0.2
24295.129596899795	1500.0	34.24033921725753	0.0	806394	2790.852820674441	0.004705182	1.5
24297.9303095797	1500.0	35.43962653735417	0.0	809327	2800.7126799033513	0.004705182	1.5
24300.30229823397	1500.0	37.06763788308377	0.0	681795	2371.9886542704066	0.004705182	1.5
24303.129686183704	1500.0	38.24024993335259	0.0	855209	2827.387949731184	0.004705182	1.5
24312.215099519803	8000.0	33.15483659725099	0.0	3253093	9085.413336101596	0.08041014	8.0
24325.784106086972	8000.0	23.58583003008298	0.0	4274504	13569.006567168013	0.45243412	8.0
24328.560860442212	1500.0	24.809075674842866	0.0	914284	2776.7543552401144	0.004705182	1.5
24330.633918604253	1500.0	26.73601751280028	0.0	675709	2073.0581620425846	0.032467134	1.5
24332.800826522034	1500.0	28.56910959501984	0.0	707527	2166.9079177804406	0.017662209	1.5
24334.95217684593	1500.0	30.4177592711214	0.0	757473	2151.3503238984376	0.7810515	1.5
24344.99147831799	8000.0	24.378457799063987	0.0	3568902	10039.301472057414	0.09443898	8.0
24347.05601571205	1500.0	26.313920405002413	0.0	633700	2064.5373940615764	0.004705182	1.5
24349.500869013023	1500.0	27.869067104029636	0.0	755142	2444.8533009727744	0.013584112	1.5
24361.00159696993	8000.0	20.368339147120512	0.0	3707853	11500.727956909126	0.004705182	8.0
24363.49457142273	1500.0	21.875364694324308	0.0	785519	2492.9744527962043	0.006505513	1.5
24366.05193597883	1500.0	23.31800013822564	0.0	681043	2557.3645560986697	0.5533682	1.5
24378.790246691424	8000.0	14.579689425630677	0.0	3739359	12738.310712594961	0.26319757	8.0
24380.99939927295	1500.0	16.370536844103707	0.0	691256	2209.1525815269706	0.004705182	1.5
24387.118955677688	4000.0	14.250980439369444	0.0	2094647	6119.556404734261	0.58974093	4.0
24389.42575162092	1500.0	15.94418449613673	0.0	811013	2306.795943232715	0.40404332	1.5
24391.31155533791	1500.0	18.05838077914945	0.0	657685	1885.8037169872841	0.462425	1.5
24402.63274140526	8000.0	10.737194711798828	0.0	3735285	11321.186067350618	0.69659483	8.0
24405.339695889295	1500.0	12.030240227764342	0.0	848035	2706.9544840344875	0.0047093537	1.5
24407.36913705381	1500.0	14.000799063249524	0.0	629438	2029.4411645148177	0.08714531	1.5
24413.775977029807	4000.0	11.593959087252156	0.0	2042818	6406.839975997368	0.0056535318	4.0
24423.55733551144	4000.0	5.812600605622317	0.0	1750852	9781.358481629837	0.15968004	4.0
24427.019251121874	1500.0	6.350684995184107	0.0	808636	3461.9156104382105	0.069640286	1.5

