5094.320162984321	600.0	4.0	0.925210996622344	247108	925.2109966223439	-17.90421993244688
5094.737473685932	200.0	7.582689298388131	0.0	98617	417.3107016118688	0.2
5095.804081065469	600.0	10.516081918850741	0.0	288447	1066.6073795373895	0.6
5098.34147898757	1500.0	11.97868399675061	0.0	718451	2537.3979221001327	1.5
5105.354261186001	4000.0	8.96590179832001	0.0	2069289	7012.782198430598	4.0
5106.469850381956	600.0	11.850312602364681	0.0	330929	1115.5891959553287	0.6
5112.953887229929	4000.0	9.366275754391907	0.0	2046450	6484.036847972775	4.0
5115.399169921696	1500.0	10.920993062624788	0.0	780303	2445.2826917671186	1.5
5118.120639605759	1500.0	12.199523378562414	0.0	891463	2721.469684062373	1.5
5125.191107037485	4000.0	9.129055946835715	0.0	2373154	7070.4674317267	4.0
5127.459772755835	1500.0	10.860390228485787	0.0	769316	2268.6657183499287	1.5
5129.657599213872	1500.0	12.662563770448802	0.0	744416	2197.8264580369846	1.5
5135.905391796311	4000.0	10.414771188009901	0.0	2131310	6247.792582438899	4.0
5138.275951796311	1500.0	12.044211188009902	0.0	748011	2370.56	1.5
5144.958036126361	4000.0	9.36212685796092	0.0	2157416	6682.084330048982	4.0
5147.866465878426	1500.0	10.453697105894804	0.0	934743	2908.4297520661157	1.5
5150.172226038799	1500.0	12.147936945522618	0.0	735572	2305.7601603721846	1.5
5157.116576143974	4000.0	9.203586840346714	0.0	2192675	6944.350105175906	4.0
5159.711103132641	1500.0	10.609059851680483	0.0	747396	2594.5269886662327	1.5
5162.019499372942	1500.0	12.30066361137937	0.0	662349	2308.3962403011124	1.5
5169.6246957725325	4000.0	8.695467211789822	0.0	2379358	7605.196399589548	4.0
5170.65070532116	600.0	11.6694576631622	0.0	310841	1026.0095486276227	0.6
5176.472277055244	4000.0	9.84788592907883	0.0	1849252	5821.571734083371	4.0
5178.836969287217	1500.0	11.48319369710614	0.0	681795	2364.6922319726896	1.5
5185.072202495586	4000.0	9.247960488737029	0.0	1836837	6235.233208369113	4.0
5187.357323196898	1500.0	10.962839787425755	0.0	644861	2285.120701311273	1.5
5190.162031299673	1500.0	12.15813168465048	0.0	794014	2804.708102775276	1.5
5197.159038072723	4000.0	9.161124911600583	0.0	2055338	6997.006773049897	4.0
5199.367800157509	1500.0	10.952362826815106	0.0	675709	2208.7620847854764	1.5
5201.676802067446	1500.0	12.643360916877525	0.0	707527	2309.0019099375827	1.5
5209.042195220065	4000.0	9.277967764258449	0.0	2290706	7365.393152619075	4.0
5211.415809791868	1500.0	10.904353192456094	0.0	712239	2373.614571802355	1.5
5213.536506179107	1500.0	12.783656805216484	0.0	633700	2120.69638723961	1.5
5220.149902645597	4000.0	10.170260338727603	0.0	2125133	6613.396466488882	4.0
5222.2344690331565	1500.0	12.085693951167794	0.0	670327	2084.566387559809	1.5
5227.682840622332	4000.0	10.637322361992286	0.0	1785821	5448.371589175508	4.0
5229.840775023553	1500.0	12.479387960771845	0.0	681043	2157.9344012204424	1.5
5235.886623993804	4000.0	10.433538990520129	0.0	1955307	6045.848970251716	4.0
5238.000371951405	1500.0	12.31979103291998	0.0	691256	2113.747957600148	1.5
5244.162831479535	4000.0	10.157331504789308	0.0	2094647	6162.459528130672	4.0
5246.597860154671	1500.0	11.722302829653191	0.0	811013	2435.0286751361164	1.5
5251.961380327229	4000.0	10.358782657096349	0.0	1830641	5363.520172556845	4.0
5254.255034957292	1500.0	12.065128027032497	0.0	767059	2293.6546300638506	1.5
5259.999203466544	4000.0	10.320959517781144	0.0	1910697	5744.168509251353	4.0
5261.9886164803465	1500.0	12.331546503978627	0.0	629438	1989.4130138025178	1.5
5268.333075522653	4000.0	9.987087461671527	0.0	2042818	6344.4590423071	4.0
5270.879738716611	1500.0	11.44042426771404	0.0	769491	2546.6631939574863	1.5
5277.460775718629	4000.0	8.859387265697391	0.0	2034636	6581.037002016647	4.0

