18552.43818714673	600.0	4.0	0.7465309012441417	247108	746.5309012441417	0.3914525	-14.330618024882833
18552.784189372025	200.0	7.6539977747058225	0.0	98617	346.00222529417715	0.004705182	0.2
18553.151389884515	200.0	11.28679726221383	0.0	106476	367.20051249199236	0.004705182	0.2
18553.54220279122	200.0	14.895984355507602	0.0	115230	390.81290670622747	0.004705182	0.2
18553.88561828062	200.0	18.552568866111464	0.0	97658	343.4154893961361	0.004705182	0.2
18554.229033770018	200.0	22.20915337671533	0.0	97658	343.4154893961361	0.004705182	0.2
18554.62136257409	200.0	25.816824572642368	0.0	115792	392.3288040729627	0.004705182	0.2
18554.99179448346	200.0	29.44639266327253	0.0	107674	370.4319093698372	0.004705182	0.2
18557.476361056844	1500.0	30.961826089888397	0.0	891463	2484.5665733841333	0.35165587	1.5
18571.835036350505	12000.0	20.603150796231866	0.0	5088378	14358.675293656532	0.004705182	12.0
18572.188469678462	200.0	24.249717468274586	0.0	95365	353.4333279572783	0.004705182	0.2
18574.51451295263	1500.0	25.92367419410142	0.0	744416	2326.043274173168	0.3170558	1.5
18574.906891000253	200.0	29.53129614648328	0.0	102419	392.37804761813993	0.004705182	0.2
18577.2683252632	1500.0	31.16986188353507	0.0	748011	2361.434262948207	0.004705182	1.5
18579.649602832353	1500.0	32.78858431438584	0.0	754517	2381.27756914924	0.004705182	1.5
18582.580569873277	1500.0	33.85761727345864	0.0	934743	2930.9670409272007	0.004705182	1.5
18585.090118203494	1500.0	35.34806894324033	0.0	735572	2509.5483302183097	0.004705182	1.5
18598.16320828854	12000.0	26.274978858197233	0.0	4055239	13073.090085043097	0.004705182	12.0
18600.477450763738	1500.0	27.960736382999652	0.0	747396	2314.2424751975786	0.006541563	1.5
18602.537456368806	1500.0	29.900730777932672	0.0	662349	2060.005605066981	0.004705182	1.5
18604.946331009323	1500.0	31.49185613741149	0.0	835711	2408.874640521186	0.6351554	1.5
18607.202833033618	1500.0	33.23535411311999	0.0	806394	2256.502024291498	0.004705182	1.5
18609.467251387196	1500.0	34.97093575954374	0.0	809327	2264.4183535762486	0.6815444	1.5
18621.216748604696	8000.0	27.2214385420402	0.0	4032749	11749.49721750354	0.09456581	8.0
18623.858093075352	1500.0	28.58009407138285	0.0	855209	2641.3444706573514	0.004705182	1.5
18625.742815049784	1500.0	30.695372096955257	0.0	644861	1884.7219744275944	0.018644275	1.5
18637.684894587463	8000.0	22.75329255927523	0.0	4274504	11942.079537680025	0.0056347274	8.0
18640.258169744266	1500.0	24.1800174024713	0.0	914284	2573.275156803927	0.004705182	1.5
18642.18084495561	1500.0	26.257342191126877	0.0	675709	1922.6752113444234	0.004705182	1.5
18655.676545968956	8000.0	16.76164117777694	0.0	4435580	13495.701013349939	0.29857045	8.0
18657.903540246978	1500.0	18.53464689975607	0.0	757473	2226.9942780208685	0.004705182	1.5
18660.002322510616	1500.0	20.435864636119867	0.0	712239	2098.7822636362025	0.004705182	1.5
18661.87849250477	1500.0	22.55969464196585	0.0	633700	1876.1699941540153	0.3797599	1.5
18664.09887975698	1500.0	24.339307389755895	0.0	755142	2220.3872522099596	0.040666826	1.5
18675.29763713236	8000.0	17.140550014372433	0.0	3707853	11198.757375383459	0.6420213	8.0
18678.92069917955	1500.0	17.517487967181612	0.0	785519	3623.0620471908214	0.004705182	1.5
18682.072525075306	1500.0	18.365662071429913	0.0	681043	3151.8258957516987	0.004705182	1.5
18685.88811932483	1500.0	18.550067821903994	0.0	866245	3815.594249525918	0.41301635	1.5
18688.683186096237	1500.0	19.755001050497867	0.0	691256	2795.066771406128	0.0107516805	1.5
18691.614109112732	1500.0	20.824078034001403	0.0	725845	2930.9230164964656	0.6974882	1.5
18697.89457034618	4000.0	18.54361680055212	0.0	1985434	6280.461233449286	0.7365258	4.0
18699.644775412526	1500.0	20.793411734207123	0.0	657685	1750.205066344994	0.5846929	1.5
18709.716678190183	8000.0	14.721508956551896	0.0	3735285	10071.902777655227	0.019802172	8.0
18715.250019283176	4000.0	13.188167863560551	0.0	1910697	5533.341092991344	0.26256993	4.0
18721.382470371173	4000.0	11.055716775562503	0.0	2171279	6132.451087998048	0.10312671	4.0
18723.591697709628	1500.0	12.84648943710713	0.0	763847	2209.227338455374	0.6432238	1.5
18728.593810591436	4000.0	11.844376555298762	0.0	1750852	5002.112881808367	0.013976927	4.0
18734.421471390535	4000.0	10.016715756202734	0.0	2034636	5827.660799096029	0.0059827333	4.0

