18183.941954224752	600.0	4.0	1.8524952927463465	247108	1852.4952927463464	0.06403853	-36.44990585492693
18184.729329818765	200.0	7.21262440598942	0.0	98617	787.3755940105802	0.004705182	0.2
18185.573077689292	200.0	10.36887653546131	0.0	106476	843.747870528109	0.004705182	0.2
18186.479617633704	200.0	13.462336591051733	0.0	115230	906.5399444095759	0.004705182	0.2
18187.26011436104	200.0	16.681839863713797	0.0	97658	780.496727337936	0.004705182	0.2
18188.040611088378	200.0	19.901343136375864	0.0	97658	780.496727337936	0.004705182	0.2
18188.951182235152	200.0	22.990771989599214	0.0	115792	910.5711467766521	0.004705182	0.2
18189.803523309303	200.0	26.13843091544876	0.0	107674	852.3410741504529	0.004705182	0.2
18194.461389325937	1500.0	25.48056489881019	0.0	891463	4657.866016638571	0.009927904	1.5
18197.14830466703	1500.0	26.793649557719124	0.0	763093	2686.9153410910644	0.08671834	1.5
18199.856479322734	1500.0	28.08547490201292	0.0	769316	2708.174655706203	0.004705182	1.5
18202.47958938999	1500.0	29.46236483475553	0.0	744416	2623.110067257393	0.004705182	1.5
18204.734319760864	1500.0	31.207634463884606	0.0	606092	2254.7303708709237	0.004705182	1.5
18207.547091995137	1500.0	32.39486222961129	0.0	748011	2812.7722342733186	0.004705182	1.5
18210.3836331528	1500.0	33.55832107194488	0.0	754517	2836.5411576664	0.004705182	1.5
18213.838145664806	1500.0	34.10380855993989	0.0	934743	3454.512512004996	0.004705182	1.5
18216.39190386222	1500.0	35.55005036252944	0.0	735572	2553.758197410459	0.004705182	1.5
18219.070242520367	1500.0	36.87171170438247	0.0	772616	2678.338658146965	0.004705182	1.5
18221.663765304966	1500.0	38.278188919785194	0.0	747396	2593.522784597276	0.004705182	1.5
18223.966513877964	1500.0	39.975440346783095	0.0	662349	2302.748573002102	0.014237874	1.5
18236.28605696094	8000.0	31.655897263809468	0.0	3690869	12319.543082973625	0.598531	8.0
18239.071509676392	1500.0	32.870444548355486	0.0	806394	2785.452715453974	0.004705182	1.5
18241.866802609922	1500.0	34.075151614826446	0.0	809327	2795.292933529042	0.004705182	1.5
18244.23035329791	1500.0	35.71160092683941	0.0	681795	2363.5506879870372	0.66459817	1.5
18260.600352734553	8000.0	23.341601490192627	0.0	4925863	16369.999436646784	0.25594118	8.0
18262.822525681717	1500.0	25.119428543031827	0.0	644861	2222.172947160802	0.004705182	1.5
18265.939519828044	1500.0	26.00243439670459	0.0	794014	3116.9941463272357	0.004705182	1.5
18266.47082909294	200.0	29.47112513180681	0.0	103756	531.3092648977816	0.009585337	0.2
18269.48997219864	1500.0	30.451982026108677	0.0	675709	3019.14310569813	0.004705182	1.5
18272.647514608383	1500.0	31.29443961636531	0.0	707527	3157.5424097433665	0.03538302	1.5
18275.650025889157	1500.0	32.29192833559165	0.0	757473	3002.5112807736605	0.004705182	1.5
18278.03421417393	1500.0	33.907740050819015	0.0	712239	2384.1882847726306	0.004705182	1.5
18290.21765885391	8000.0	25.724295370840846	0.0	3713878	12183.444679978174	0.006039468	8.0
18292.780708649425	1500.0	27.16124557532511	0.0	755142	2563.0497955157316	0.004705182	1.5
18295.117032120295	1500.0	28.82492210445647	0.0	670327	2336.3234708686427	0.047244873	1.5
18311.43761975322	8000.0	16.50433447153163	0.0	4086583	16320.587632924839	0.051550187	8.0
18313.970613314967	1500.0	17.971340909782946	0.0	681043	2532.9935617486835	0.01934815	1.5
18316.981361797432	1500.0	18.960592427317344	0.0	866245	3010.7484824656003	0.004705182	1.5
18324.063547121044	4000.0	15.878407103705639	0.0	2142800	7082.185323611707	0.6168775	4.0
18326.517827598618	1500.0	17.424126626134246	0.0	725845	2454.280477571394	0.004705182	1.5
18333.098389111263	4000.0	14.843565113487934	0.0	1985434	6580.5615126463135	0.004705182	4.0
18335.33173281266	1500.0	16.610221412088244	0.0	657685	2233.343701399689	0.11834695	1.5
18338.34973040776	1500.0	17.5922238169887	0.0	767059	3017.997595099548	0.09423266	1.5
18345.851183196257	4000.0	14.09077102848942	0.0	1910697	7501.452788499278	0.010907683	4.0
18349.005736865816	1500.0	14.936217358932698	0.0	629438	3154.5536695567225	0.30268228	1.5
18352.81682491075	1500.0	15.125129313994366	0.0	763847	3811.088044938332	0.69116765	1.5
18359.665141062225	4000.0	12.276813162519593	0.0	1750852	6848.3161514747735	0.086243175	4.0
18366.57561559211	4000.0	9.366338632633857	0.0	2034636	6910.474529885736	0.50715804	4.0

