25284.188538825674	600.0	4.0	0.7870708371336087	247108	787.0708371336087	-15.141416742672174
25285.154772350365	600.0	7.033766475311622	0.0	309722	966.2335246883774	0.6
25286.060129933925	600.0	10.128408891750272	0.0	288447	905.3575835613499	0.6
25288.195894012828	1500.0	11.992644812847614	0.0	718451	2135.7640789026595	1.5
25290.348382880256	1500.0	13.840155945419102	0.0	724296	2152.4888674285103	1.5
25292.402248430983	1500.0	15.786290394692132	0.0	689829	2053.8655507269705	1.5
25294.33810297682	1500.0	17.85043584885319	0.0	737903	1935.854545838942	1.5
25295.748259379976	1500.0	20.44027944569956	0.0	780303	1410.156403153633	1.5
25298.99404501816	4000.0	21.194493807515027	0.0	1857129	3245.7856381845304	4.0
25300.374864110425	1500.0	23.813674715249952	0.0	763093	1380.8190922650756	1.5
25304.02574158752	4000.0	24.162797238156408	0.0	2094766	3650.877477093544	4.0
25306.916514754554	4000.0	25.272024071122193	0.0	1761739	2890.7731670342137	4.0
25310.375256035466	4000.0	25.813282790209065	0.0	2131310	3458.7412809131265	4.0
25313.316801691773	4000.0	26.871737133899618	0.0	1805063	2941.5456563094485	4.0
25317.599818642244	4000.0	26.588720183429277	0.0	2157416	4283.016950470336	4.0
25322.46795193088	4000.0	25.720586894793676	0.0	2231719	4868.133288635602	4.0
25326.172857822025	4000.0	26.015681003650354	0.0	1835863	3704.9058911433235	4.0
25330.101259568364	4000.0	26.087279257308673	0.0	2192675	3928.4017463416776	4.0
25333.836389556735	4000.0	26.352149268936326	0.0	2082556	3735.129988372348	4.0
25337.771181039512	4000.0	26.417357786159005	0.0	2164412	3934.7914827773216	4.0
25342.11340161968	4000.0	26.075137205991293	0.0	2379358	4342.220580167713	4.0
25345.746104787144	4000.0	26.442434038525512	0.0	1950922	3632.7031674657806	4.0
25349.50323546508	4000.0	26.685303360591007	0.0	1849252	3757.130677934506	4.0
25353.20636999562	4000.0	26.982168830049776	0.0	1822097	3703.1345305412297	4.0
25359.701772514713	4000.0	24.486766310956867	0.0	1836837	6495.402519092908	4.0
25367.212282820044	4000.0	20.97625600562227	0.0	1984579	7510.510305334594	4.0
25368.724067334868	1500.0	23.464471490802033	0.0	794014	1511.7845148202414	1.5
25372.510300626876	4000.0	23.678238198792567	0.0	2055338	3786.233292009467	4.0
25380.121832114444	4000.0	20.0667067112281	0.0	2165436	7611.531487564464	4.0
25386.093176681494	1500.0	18.09536214417935	0.0	707527	5971.344567048751	1.5
25387.540533594674	1500.0	20.64800523099607	0.0	757473	1447.3569131832799	1.5
25388.906236082406	1500.0	23.28230274326549	0.0	712239	1365.7024877305805	1.5
25390.130163424874	1500.0	26.058375400793555	0.0	633700	1223.9273424719356	1.5
25391.573312519475	1500.0	28.615226306192096	0.0	755142	1443.1490946014553	1.5
25394.954162973587	4000.0	29.234375852082547	0.0	1828568	3380.8504541095504	4.0
25399.816673025667	4000.0	28.37186580000089	0.0	1785821	4862.510052081656	4.0
25406.811355334303	4000.0	25.3771834913626	0.0	2096494	6994.682308638289	4.0
25416.215105706837	4000.0	19.973433118828776	0.0	1955307	9403.750372533827	4.0
25417.900594767576	1500.0	22.287944058089835	0.0	691256	1685.4890607389439	1.5
25419.535511823633	1500.0	24.653027002030708	0.0	725845	1634.9170560591253	1.5
25421.352877165245	1500.0	26.83566166041414	0.0	811013	1817.36534161657	1.5
25425.35450632081	4000.0	26.834032504849063	0.0	1830641	4001.6291555650764	4.0
25428.611525097353	4000.0	27.577013728307794	0.0	1697030	3257.0187765412707	4.0
25431.942703113113	4000.0	28.24583571254703	0.0	1910697	3331.1780157607595	4.0
25435.717278731794	4000.0	28.471260093868086	0.0	2171279	3774.5756186789467	4.0
25439.447791126215	4000.0	28.74074769944645	0.0	2042818	3730.512394421632	4.0
25442.74419968688	4000.0	29.444339138777767	0.0	1750852	3296.4085606686876	4.0
25446.561934600082	4000.0	29.626604225578536	0.0	2034636	3817.7349131992287	4.0

