24220.07856866437	600.0	4.0	0.8106564163217032	247108	810.6564163217032	-15.613128326434063
24222.324165944083	1500.0	5.7544027202838555	0.0	732405	2245.5972797161444	1.5
24224.307912248045	1500.0	7.770656416321702	0.0	643847	1983.7463039621528	1.5
24226.51224991806	1500.0	9.566318746303962	0.0	718451	2204.337670017741	1.5
24228.733870261054	1500.0	11.34469840331165	0.0	724296	2221.620342992312	1.5
24231.15180646866	1500.0	12.926762195705516	0.0	689829	2417.9362076061334	1.5
24234.002167592156	1500.0	14.076401072210198	0.0	737903	2850.3611234953187	1.5
24237.01171401729	1500.0	15.066854647074688	0.0	780303	3009.5464251355097	1.5
24240.388103938672	1500.0	15.690464725693706	0.0	891463	3376.389921380981	1.5
24243.012065267172	1500.0	17.066503397194314	0.0	763093	2623.961328499396	1.5
24245.656772522245	1500.0	18.421796142120762	0.0	769316	2644.707255073551	1.5
24248.21846940102	1500.0	19.860099263344246	0.0	744416	2561.6968787765136	1.5
24250.320282292098	1500.0	21.758286372268838	0.0	606092	2101.8128910754085	1.5
24253.175189781086	1500.0	22.903378883282052	0.0	748011	2854.9074889867843	1.5
24256.05423267466	1500.0	24.024335989704497	0.0	754517	2879.0428935775562	1.5
24259.60186263061	1500.0	24.47670603375736	0.0	934743	3547.629955947137	1.5
24261.963035275014	1500.0	26.115533389354752	0.0	735572	2361.1726444026117	1.5
24264.18960076495	1500.0	27.888967899417434	0.0	772616	2226.5654899373144	1.5
24266.34609731811	1500.0	29.732471346256244	0.0	747396	2156.4965531611942	1.5
24268.26630708039	1500.0	31.81226158397525	0.0	662349	1920.2097622809913	1.5
24270.668169936147	1500.0	33.410398728221544	0.0	835711	2401.862855753703	1.5
24272.99182082981	1500.0	35.08674783455665	0.0	806394	2323.6508936648956	1.5
24275.324096197677	1500.0	36.75447246669218	0.0	809327	2332.275367864473	1.5
24277.301462879415	1500.0	38.777105784951466	0.0	681795	1977.3666817407036	1.5
24279.761423223103	1500.0	40.317145441263435	0.0	855209	2459.960343688037	1.5
24281.691535673974	1500.0	42.387032990393855	0.0	644861	1930.112450869582	1.5
24284.40710275486	1500.0	43.67146590950678	0.0	794014	2715.5670808870814	1.5
24287.52188150307	1500.0	44.55668716129608	0.0	914284	3114.778748210693	1.5
24289.844759332253	1500.0	46.23380933211533	0.0	675709	2322.8778291807566	1.5
24292.40342142328	1500.0	47.675147241084765	0.0	707527	2558.662091030568	1.5
24295.53836395202	1500.0	48.54020471234913	0.0	757473	3134.942528735632	1.5
24298.49087453883	1500.0	49.587694125537276	0.0	712239	2952.510586811857	1.5
24301.126631747946	1500.0	50.95193691642253	0.0	633700	2635.757209114741	1.5
24303.939925807957	1500.0	52.13864285641037	0.0	755142	2813.2940600121633	1.5
24306.350585984408	1500.0	53.72798267995768	0.0	670327	2410.660176452692	1.5
24309.161757265214	1500.0	54.91681139915451	0.0	785519	2811.1712808031643	1.5
24311.609675905747	1500.0	56.468892758622545	0.0	681043	2447.918640531966	1.5
24314.04571989666	1500.0	58.03284876770377	0.0	866245	2436.043990918777	1.5
24316.370654896033	1500.0	59.70791376833485	0.0	691256	1824.9349993689261	1.5
24320.282902781935	1500.0	59.795665882433035	0.0	725845	1912.247885901805	1.5
24324.272367631107	1500.0	59.66842872479073	0.0	811013	2127.2371576423075	1.5
24328.324030144457	1500.0	59.616766211440776	0.0	657685	2051.6625133499465	1.5
24332.203583085193	1500.0	59.73721327070517	0.0	767059	2379.5529407356057	1.5
24336.193497893993	1500.0	59.747298461907256	0.0	848035	2989.9148087979106	1.5
24339.979295033532	1500.0	59.96150132236677	0.0	629438	2285.7971395404866	1.5
24344.162087904828	1500.0	59.70468243369691	0.0	763847	2756.818888669865	1.5
24348.35285511294	1500.0	59.51391522558799	0.0	769491	2690.7672081089104	1.5
24352.17643541745	1500.0	59.690334921079746	0.0	808636	2823.580304508249	1.5

