24850.40995514506	600.0	4.0	0.6271757753574049	247108	627.1757753574049	-11.943515507148097
24850.708324576397	200.0	7.701630568664627	0.0	98617	298.3694313353724	0.2
24851.42703805744	600.0	10.982917087617809	0.0	288447	718.713481046819	0.6
24853.097917280214	1500.0	13.312037864843544	0.0	718451	1670.879222774264	1.5
24862.84661228101	8000.0	7.563342864051048	0.0	4143114	9748.695000792497	8.0
24863.8264413176	600.0	10.583513827462161	0.0	330929	979.8290365888892	0.6
24865.912873348596	1500.0	12.497081796464421	0.0	737903	2086.4320309977397	1.5
24871.305013547488	4000.0	11.104941597573351	0.0	2058614	5392.140198891069	4.0
24875.200329735002	4000.0	11.209625410056498	0.0	1857129	3895.316187516853	4.0
24880.15577612116	4000.0	10.254179023903264	0.0	2373154	4955.446386153234	4.0
24881.95994376217	1500.0	12.450011382894766	0.0	769316	1804.1676410084965	1.5
24886.110093787436	4000.0	12.299861357625833	0.0	1761739	4150.150025268935	4.0
24891.160696217838	4000.0	11.249258927221788	0.0	2131310	5050.602430404045	4.0
24896.07854807217	4000.0	10.33140707288831	0.0	1805063	4917.8518543334785	4.0
24898.180771932268	1500.0	12.229183212792494	0.0	754517	2102.223860095816	1.5
24903.879107474993	4000.0	10.530847670064567	0.0	2231719	5698.335542727926	4.0
24905.70545383144	1500.0	12.704501313618053	0.0	735572	1826.3463564465153	1.5
24910.991157687924	4000.0	11.418797457134442	0.0	2192675	5285.703856483612	4.0
24916.000854574577	4000.0	10.409100570481808	0.0	2082556	5009.696886652635	4.0
24917.64849813542	1500.0	12.761457009640411	0.0	662349	1647.6435608413954	1.5
24923.456908266537	4000.0	10.953046878521516	0.0	2379358	5808.410131118895	4.0
24925.543019438115	1500.0	12.866935706944124	0.0	806394	2086.1111715773923	1.5
24930.223506416267	4000.0	12.186448728789728	0.0	1849252	4680.486978154397	4.0
24934.445136088798	4000.0	11.964819056258722	0.0	1822097	4221.629672531005	4.0
24938.52412808793	4000.0	11.885827057129566	0.0	1836837	4078.9919991291567	4.0
24943.294061966437	4000.0	11.11589317862166	0.0	1984579	4769.933878507904	4.0
24949.44258938254	4000.0	8.967365762520432	0.0	2068230	6148.5274161012285	4.0
24950.410499890517	600.0	11.999455254543172	0.0	302611	967.9105079772602	0.6
24955.031752340226	4000.0	11.378202804833805	0.0	2165436	4621.252449709367	4.0
24958.741541406092	4000.0	11.668413738970697	0.0	2002600	3709.789065863108	4.0
24963.407377016334	4000.0	11.002578128727837	0.0	2290706	4665.835610242862	4.0
24969.17069143757	4000.0	9.239263707492773	0.0	1947068	5763.314421235063	4.0
24971.100404107463	1500.0	11.309551037603145	0.0	633700	1929.7126698896286	1.5
24978.340592060642	4000.0	8.069363084426103	0.0	2125133	7240.187953177043	4.0
24979.413700204135	600.0	10.996254940933042	0.0	284451	1073.108143493061	0.6
24982.23619474895	1500.0	12.17376039611328	0.0	785519	2822.494544819761	1.5
24989.699166068673	4000.0	8.710789076392427	0.0	2096494	7462.971319720856	4.0
24990.932963029692	600.0	11.476992115370624	0.0	327462	1233.7969610218015	0.6
24996.72423997036	4000.0	9.685715174703239	0.0	2142800	5791.276940667385	4.0
24998.530900689955	1500.0	11.879054455107639	0.0	725845	1806.6607195955992	1.5
25003.324517489207	4000.0	11.085437655856316	0.0	1985434	4793.616799251321	4.0
25007.60847827746	4000.0	10.801476867602618	0.0	1830641	4283.960788253699	4.0
25009.44998474338	1500.0	12.95997040168325	0.0	767059	1841.5064659193663	1.5
25014.039786593647	4000.0	12.370168551415205	0.0	1910697	4589.801850268046	4.0
25020.09509859915	4000.0	10.31485654591125	0.0	2171279	6055.312005503956	4.0
25022.277188726428	1500.0	12.132766418632267	0.0	763847	2182.090127278982	1.5
25026.644372414816	4000.0	11.765582730244631	0.0	1750852	4367.183688387636	4.0
25031.505002114063	4000.0	10.904953030996511	0.0	2034636	4860.62969924812	4.0

