22464.175788628418	600.0	4.0	0.8818918973734916	247108	881.8918973734916	-17.037837947469832
22466.63252121132	1500.0	5.543267417097657	0.0	732405	2456.732582902343	1.5
22467.05804722288	200.0	9.117741405536963	0.0	106476	425.5260115606937	0.2
22468.04567768632	600.0	12.130110942095122	0.0	279692	987.6304634418416	0.6
22469.158757495672	600.0	15.017031132745156	0.0	318350	1113.0798093499645	0.6
22469.55566815382	200.0	18.620120474596895	0.0	97658	396.9106581482608	0.2
22470.01142558207	200.0	22.16436304634418	0.0	115792	455.75742825271277	0.2
22472.623592299442	1500.0	23.552196328972716	0.0	780303	2612.1667173714636	1.5
22473.01286722085	200.0	27.16292140756515	0.0	95305	389.27492140756516	0.2
22489.675050342823	12000.0	14.500738285590142	0.0	5088378	16662.18312197501	12.0
22490.020704886065	200.0	18.15508374235146	0.0	95365	345.6545432386789	0.2
22490.366295359105	200.0	21.809493269311435	0.0	95342	345.5904730400265	0.2
22491.26647747168	600.0	24.90931115673592	0.0	294430	900.1821125755175	0.6
22491.57174550448	200.0	28.604043123934762	0.0	80867	305.2680328011561	0.2
22493.753573942595	1500.0	30.42221468581996	0.0	754517	2181.828438114804	1.5
22494.762000068655	600.0	33.41378855976116	0.0	324375	1008.4261260587956	0.6
22500.733729850428	4000.0	31.442058777989658	0.0	1835863	5971.7297817715025	4.0
22514.49375896331	12000.0	21.6820296651057	0.0	4055239	13760.029112883962	12.0
22514.882522967913	200.0	25.293265660501028	0.0	90919	388.7640046046716	0.2
22515.240556922465	200.0	28.935231705949132	0.0	85876	358.033954551893	0.2
22516.229182349933	600.0	31.946606278481962	0.0	280646	988.6254274671686	0.6
22517.31556774826	600.0	34.860220880153385	0.0	310841	1086.385398328578	0.6
22518.51624117346	600.0	37.65954745495255	0.0	346141	1200.6734252008337	0.6
22518.87387366299	200.0	41.30191496542424	0.0	85752	357.632489528319	0.2
22521.722716415778	1500.0	42.45307221263685	0.0	855209	2848.8427527873896	1.5
22533.453248524176	8000.0	34.722540104236025	0.0	3253093	11730.532108400825	8.0
22553.718271000045	12000.0	18.457517628367636	0.0	5138482	20265.022475868387	12.0
22569.327885259674	8000.0	6.847903368739642	0.0	3354913	15609.614259627995	8.0
22569.854819195305	200.0	10.320969433110054	0.0	93993	526.9339356295878	0.2
22573.29908915875	1500.0	10.87669946966389	0.0	707527	3444.269963446165	1.5
22573.825970789705	200.0	14.349817838709033	0.0	93982	526.8816309548575	0.2
22575.301121908607	600.0	16.874666719805052	0.0	293409	1475.1511189039793	0.6
22576.576583668164	600.0	19.599204960250464	0.0	310713	1275.4617595545915	0.6
22576.952120311973	200.0	23.223668316443142	0.0	89422	375.5366438073205	0.2
22577.972221113425	600.0	26.203567514988958	0.0	284451	1020.100801454185	0.6
22578.9635488834	600.0	29.21223974501457	0.0	275745	991.3277699743866	0.6
22579.380946222904	200.0	32.79484240551197	0.0	102088	417.3973395026027	0.2
22580.543196904557	600.0	35.63259172386279	0.0	327462	1162.250681649178	0.6
22600.767948425633	12000.0	19.407840202787476	0.0	5257310	20224.75152107531	12.0
22601.22080031219	200.0	22.954988316232182	0.0	101968	452.851886555294	0.2
22613.350475193776	8000.0	14.825313434642071	0.0	3189942	12129.67488159011	8.0
22619.794864491992	4000.0	12.380924136425762	0.0	1830641	6444.38929821631	4.0
22620.18556329948	200.0	15.990225328936715	0.0	98843	390.69880748904745	0.2
22620.57043118027	200.0	19.60535744814852	0.0	96988	384.8678807881967	0.2
22622.628979342386	1500.0	21.546809286029898	0.0	629438	2058.5481621186227	1.5
22623.61500790764	600.0	24.560780720775774	0.0	288236	986.0285652541207	0.6
22626.113792607353	1500.0	26.061996021064573	0.0	769491	2498.784699711204	1.5
22645.748402736812	12000.0	10.427385891602574	0.0	5646381	19634.610129462	12.0

