29488.145881726054	600.0	4.0	0.7667688031961092	247108	766.7688031961092	0.43801847	-14.735376063922184
29488.49996058657	200.0	7.645921139482369	0.0	98617	354.07886051763074	0.004705182	0.2
29488.87588137865	200.0	11.270000347403162	0.0	106476	375.92079207920796	0.004705182	0.2
29489.276131508926	200.0	14.869750217126978	0.0	115230	400.25013027618553	0.004705182	0.2
29489.627545092393	200.0	18.51833663366337	0.0	97658	351.41358346360954	0.004705182	0.2
29489.978958675856	200.0	22.16692305019976	0.0	97658	351.41358346360954	0.004705182	0.2
29490.38077073075	200.0	25.76511099531006	0.0	115792	401.8120548896995	0.004705182	0.2
29490.760021034726	200.0	29.385860691332294	0.0	107674	379.2503039777662	0.004705182	0.2
29491.104895101078	200.0	33.040986624978295	0.0	95305	344.87406635400384	0.004705182	0.2
29491.477894927375	200.0	36.66798679867988	0.0	105425	372.99982629841935	0.00960688	0.2
29491.82293574725	200.0	40.32294597880842	0.0	95365	345.0408198714609	0.004705182	0.2
29492.167912644938	200.0	43.97796908111865	0.0	95342	344.97689768976903	0.004705182	0.2
29492.532558120012	200.0	47.61332360604482	0.0	102419	364.6454750738232	0.0076607214	0.2
29492.837305731617	200.0	51.30857599444156	0.0	80867	304.7476116032656	0.004705182	0.2
29493.147286624444	200.0	54.998595101615436	0.0	82750	309.9808928261247	0.009247396	0.2
29508.21502768538	12000.0	43.930854040680074	0.0	5443841	15067.741060935363	0.08661873	12.0
29508.541144245068	200.0	47.604737480988156	0.0	89871	326.1165596919127	0.004705182	0.2
29523.551520521098	12000.0	36.594361204961515	0.0	4055239	15010.376276026636	0.004705182	12.0
29523.914355276993	200.0	40.2315264490655	0.0	90919	362.83475589602006	0.004705182	0.2
29524.261502050467	200.0	43.884379675593216	0.0	85876	347.14677347228434	0.0059916764	0.2
29524.698178892184	200.0	47.447702833876804	0.0	114656	436.6768417164078	0.0057643624	0.2
29525.08223893146	200.0	51.063642794602416	0.0	97742	384.0600392743958	0.21697845	0.2
29544.871122740155	12000.0	35.27475898590678	0.0	5141915	19788.88380869563	0.005507325	12.0
29545.32527927138	200.0	38.820602454682344	0.0	85752	454.15653122443416	0.004705182	0.2
29545.817849764968	200.0	42.32803196109086	0.0	94556	492.5704935914917	0.004705182	0.2
29558.624467757025	8000.0	33.52141396903613	0.0	3253093	12806.617992054724	0.004705182	8.0
29559.037285509312	200.0	37.10859621675011	0.0	88490	412.81775228602993	0.076200195	0.2
29568.537031189935	8000.0	31.608850536128056	0.0	3354913	9499.745680622049	0.004705182	8.0
29568.87722842859	200.0	35.268653297469285	0.0	93993	340.19723865877717	0.13141444	0.2
29569.22597959645	200.0	38.9199021296088	0.0	97083	348.75116786047965	0.74503624	0.2
29569.56614638423	200.0	42.579735341830684	0.0	93982	340.1667877781239	0.043101225	0.2
29581.16474152266	8000.0	34.98114020339474	0.0	3568902	11598.595138435945	0.051873982	8.0
29583.07541769852	1500.0	37.07046402753485	0.0	633700	1910.67617585989	0.018453639	1.5
29583.413746126796	200.0	40.73213559926005	0.0	89422	338.3284282748037	0.062054306	0.2
29583.806393955634	200.0	44.33948777042552	0.0	108225	392.64782883452204	0.2508313	0.2
29584.14001063885	200.0	48.00587108720804	0.0	87791	333.61668321747766	0.25142592	0.2
29586.187454531602	1500.0	49.9584271944573	0.0	681043	2047.443892750745	0.76674235	1.5
29597.793496618884	8000.0	42.35238510717402	0.0	3739359	11606.042087283275	0.49009797	8.0
29616.27274165781	12000.0	27.873140068250017	0.0	5257310	18479.245038924004	0.004705182	12.0
29616.639158567326	200.0	31.50672315873139	0.0	101968	366.4169095186265	0.18857937	0.2
29631.10719134677	12000.0	21.03869037928825	0.0	4828747	14468.032779443141	0.17369361	12.0
29638.156415673413	4000.0	17.989466052648865	0.0	1830641	7049.224326639383	0.009342552	4.0
29643.846946537964	4000.0	16.298935188095893	0.0	1697030	5690.530864552972	0.004705182	4.0
29649.606466481488	4000.0	14.539415244573124	0.0	1910697	5759.519943522768	0.004705182	4.0
29651.69335143982	1500.0	16.452530286241135	0.0	629438	2086.8849583319898	0.16111559	1.5
29659.272339188177	4000.0	12.873542537881569	0.0	2042818	7578.987748359565	0.031303503	4.0
29666.640486511875	4000.0	9.505395214184832	0.0	1750852	7368.147323696738	0.004705182	4.0
29670.23964223063	1500.0	9.906239495430581	0.0	808636	3599.15571875425	0.38179818	1.5

