13985.999926168275	600.0	4.0	0.671671729793634	247108	671.671729793634	-12.83343459587268
13987.833585836355	1500.0	6.166340331921644	0.0	732405	1833.6596680783562	1.5
13989.455203542831	1500.0	8.544722625443335	0.0	643847	1621.6177064783085	1.5
13991.255451960293	1500.0	10.74447420798228	0.0	718451	1800.248417461054	1.5
13993.069695559054	1500.0	12.930230609221375	0.0	724296	1814.243598760906	1.5
13994.801411884273	1500.0	15.198514284004009	0.0	689829	1731.7163252173655	1.5
13998.194114643053	4000.0	15.805811525223602	0.0	2046450	3392.702758780407	4.0
14001.193565104842	4000.0	16.806361063434235	0.0	2058614	2999.4504617893676	4.0
14003.90727696955	4000.0	18.092649198726996	0.0	1857129	2713.711864707238	4.0
14008.240171524256	4000.0	17.759754644020816	0.0	2373154	4332.894554706176	4.0
14013.443649519271	4000.0	16.556276649004232	0.0	2094766	5203.477995016587	4.0
14017.741825270978	4000.0	16.2581008972996	0.0	1761739	4298.175751704632	4.0
14022.728297027186	4000.0	15.271629141091143	0.0	2131310	4986.471756208454	4.0
14026.896558365204	4000.0	15.1033678030724	0.0	1805063	4168.261338018742	4.0
14031.296033801296	4000.0	14.7038923669786	0.0	2157416	4399.4754360938	4.0
14035.844275160758	4000.0	14.155651007517179	0.0	2231719	4548.241359461422	4.0
14039.922961809127	4000.0	14.076964359148313	0.0	1835863	4078.686648368867	4.0
14044.880043578525	4000.0	13.119882589748585	0.0	2192675	4957.081769399728	4.0
14048.863882565844	4000.0	13.13604360243215	0.0	2082556	3983.838987316434	4.0
14052.48028678944	4000.0	13.51963937883474	0.0	2164412	3616.4042235974107	4.0
14056.447888447834	4000.0	13.552037720439625	0.0	2379358	3967.6016583951146	4.0
14060.489583382543	4000.0	13.510342785730376	0.0	1950922	4041.694934709248	4.0
14064.481326266505	4000.0	13.518599901768399	0.0	1849252	3991.7428839619774	4.0
14068.76401232635	4000.0	13.235913841923262	0.0	1822097	4282.686059845138	4.0
14073.889055070198	4000.0	12.110871098077347	0.0	1836837	5125.042743845916	4.0
14078.795492168434	4000.0	11.20443399984121	0.0	1984579	4906.437098236135	4.0
14082.792872664208	4000.0	11.207053504067362	0.0	2068230	3997.380495773848	4.0
14086.765834759053	4000.0	11.234091409221612	0.0	2055338	3972.9620948457514	4.0
14097.933598390042	4000.0	4.066327778231258	0.0	2165436	11167.763630990354	4.0
14098.480623582627	600.0	7.519302585647307	0.0	302752	547.0251925839511	0.6
14099.729101325804	1500.0	10.270824842470901	0.0	757473	1248.477743176406	1.5
14100.907801106949	1500.0	13.092125061327257	0.0	712239	1178.699781143645	1.5
14101.965346637748	1500.0	16.034579530528287	0.0	633700	1057.5455307989703	1.5
14103.210228580652	1500.0	18.789697587623763	0.0	755142	1244.8819429045227	1.5
14106.110977320059	4000.0	19.888948848217087	0.0	1828568	2900.7487394066775	4.0
14109.504095069993	4000.0	20.495831098282416	0.0	1785821	3393.117749934672	4.0
14115.266324331593	4000.0	18.733601836682972	0.0	2096494	5762.229261599445	4.0
14121.329177583164	4000.0	16.6707485851118	0.0	1955307	6062.85325157117	4.0
14128.727203249524	4000.0	13.27272291875277	0.0	2142800	7398.025666359031	4.0
14132.836242224303	4000.0	13.163683943974572	0.0	2094647	4109.038974778197	4.0
14136.735210751147	4000.0	13.264715417129823	0.0	1985434	3898.9685268447506	4.0
14139.76861661057	4000.0	14.231309557706725	0.0	1830641	3033.4058594230964	4.0
14141.988275084499	4000.0	16.01165108377823	0.0	1697030	2219.658473928496	4.0
14144.47733033229	4000.0	17.522595835986646	0.0	1910697	2489.0552477915853	4.0
14149.682398930147	8000.0	16.31752723812961	0.0	3682991	5205.0685978570355	8.0
14161.188533759325	8000.0	8.81139240895125	0.0	3954105	11506.13482917836	8.0
14164.199167200413	4000.0	9.800758967864931	0.0	1750852	3010.633441086318	4.0
14167.684807598365	4000.0	10.315118569911192	0.0	2034636	3485.64039795374	4.0

