17485.00792749222	600.0	4.0	0.7096246516442393	247108	709.6246516442393	-13.592493032884786
17486.954076070928	1500.0	6.053851421291504	0.0	732405	1946.1485787084962	1.5
17488.674581206687	1500.0	8.333346285532286	0.0	643847	1720.5051357592167	1.5
17490.585175362274	1500.0	10.422752129946652	0.0	718451	1910.5941555856357	1.5
17492.510662423345	1500.0	12.497265068874912	0.0	724296	1925.4870610717414	1.5
17494.348328479562	1500.0	14.659599012660244	0.0	689829	1837.6660562146667	1.5
17498.835213779897	4000.0	14.172713712324109	0.0	2046450	4486.8853003361355	4.0
17503.275298498735	4000.0	13.732628993484756	0.0	2058614	4440.084718839352	4.0
17510.18833479331	4000.0	10.819592698910169	0.0	1857129	6913.0362945745865	4.0
17518.40057000076	4000.0	6.607357491462481	0.0	2373154	8212.235207447688	4.0
17520.332614176376	1500.0	8.67531331584333	0.0	769316	1932.044175619151	1.5
17522.204714323827	1500.0	10.80321316839065	0.0	744416	1872.1001474526797	1.5
17523.743814561556	1500.0	13.26411293066082	0.0	606092	1539.1002377298307	1.5
17525.622122049615	1500.0	15.38580544260469	0.0	748011	1878.3074880561292	1.5
17527.49698853787	1500.0	17.510938954350156	0.0	754517	1874.8664882545347	1.5
17532.885865136148	4000.0	16.122062356074807	0.0	2231719	5388.876598275349	4.0
17538.6846782738	4000.0	14.323249218421065	0.0	1835863	5798.813137653743	4.0
17547.176416928192	4000.0	9.831510564029996	0.0	2192675	8491.738654391069	4.0
17552.507109648017	4000.0	8.500817844206486	0.0	2082556	5330.692719823511	4.0
17554.257072459237	1500.0	10.75085503298682	0.0	662349	1749.962811219666	1.5
17556.732840591358	1500.0	12.275086900865753	0.0	835711	2475.7681321210666	1.5
17560.106092926853	1500.0	12.901834565371344	0.0	806394	3373.2523354944105	1.5
17563.49132341335	1500.0	13.516604078873819	0.0	809327	3385.230486497525	1.5
17566.301399614775	1500.0	14.706527877450691	0.0	681795	2810.0762014231273	1.5
17568.493352693953	1500.0	16.514574798271806	0.0	855209	2191.953079178885	1.5
17570.16584783209	1500.0	18.842079660133205	0.0	644861	1672.4951381386018	1.5
17572.20667882453	1500.0	20.801248667696097	0.0	794014	2040.8309924371047	1.5
17574.54451861462	1500.0	22.463408877605033	0.0	914284	2337.8397900910636	1.5
17576.293193410114	1500.0	24.714734082111903	0.0	675709	1748.6747954931318	1.5
17582.58376299826	4000.0	22.42416449396577	0.0	2002600	6290.569588146136	4.0
17589.787587433882	4000.0	19.220340058342803	0.0	2290706	7203.824435622966	4.0
17595.829900926707	4000.0	17.178026565519836	0.0	1947068	6042.3134928229665	4.0
17602.425269652715	4000.0	14.582657839512107	0.0	2544033	6595.368726007729	4.0
17607.766845968184	4000.0	13.241081524041055	0.0	2125133	5341.576315471051	4.0
17612.278059599386	4000.0	12.729867892840753	0.0	1828568	4511.213631200303	4.0
17616.68568337826	4000.0	12.322244113969115	0.0	1785821	4407.623778871639	4.0
17623.19383287938	4000.0	9.814094612846574	0.0	2096494	6508.14950112254	4.0
17629.432105422507	4000.0	7.575822069717724	0.0	1955307	6238.272543128851	4.0
17631.7087481236	1500.0	9.299179368625369	0.0	691256	2276.6427010923535	1.5
17634.095306216946	1500.0	10.912621275278797	0.0	725845	2386.558093346574	1.5
17636.752507408608	1500.0	12.255420083620406	0.0	811013	2657.201191658391	1.5
17638.63928149513	1500.0	14.36864599710158	0.0	657685	1886.7740865188243	1.5
17640.61077321124	1500.0	16.397154280988456	0.0	767059	1971.4917161131234	1.5
17642.78194374372	1500.0	18.22598374850791	0.0	848035	2171.1705324805425	1.5
17648.303866525584	4000.0	16.704060966646985	0.0	2171279	5521.922781860926	4.0
17654.81237097055	4000.0	14.19555652167806	0.0	2042818	6508.504444968925	4.0
17659.739348983145	4000.0	13.268578509083326	0.0	1750852	4926.9780125947345	4.0
17664.4116236661	4000.0	12.596303826128285	0.0	2034636	4672.274682955042	4.0

