13225.599558766578	600.0	4.0	0.9847432494279177	247108	984.7432494279177	0.017644346	-19.094864988558353
13226.04062787413	200.0	7.558930892448513	0.0	98617	441.0691075514875	0.004705182	0.2
13226.51047135239	200.0	11.089087414187643	0.0	106476	469.8434782608696	0.004705182	0.2
13227.012366089231	200.0	14.587192677345538	0.0	115230	501.89473684210526	0.004705182	0.2
13227.449923983968	200.0	18.149634782608697	0.0	97658	437.5578947368421	0.004705182	0.2
13227.887481878704	200.0	21.712076887871856	0.0	97658	437.5578947368421	0.004705182	0.2
13228.391434281451	200.0	25.20812448512586	0.0	115792	503.9524027459954	0.004705182	0.2
13228.865664029736	200.0	28.733894736842107	0.0	107674	474.2297482837529	0.004705182	0.2
13232.209601787172	1500.0	29.389956979405035	0.0	891463	3343.9377574370706	0.004705182	1.5
13235.08353496795	1500.0	30.516023798627003	0.0	763093	2873.9331807780327	0.01949965	1.5
13237.601894493617	1500.0	31.99766427295984	0.0	769316	2518.3595256671624	0.004705182	1.5
13239.992534492065	1500.0	33.60702427451182	0.0	744416	2390.6399984480186	0.004705182	1.5
13241.953821860874	1500.0	35.645736905702776	0.0	606092	1961.287368809048	0.004705182	1.5
13244.355620607648	1500.0	37.24393815892799	0.0	748011	2401.7987467747885	0.004705182	1.5
13246.804611492498	1500.0	38.7949472740784	0.0	754517	2448.990884849582	0.004705182	1.5
13249.867377691817	1500.0	39.73218107476048	0.0	934743	3062.7661993179236	0.004705182	1.5
13252.29458895605	1500.0	41.30496981052563	0.0	735572	2427.211264234858	0.004705182	1.5
13254.840007675262	1500.0	42.759551091313796	0.0	772616	2545.418719211823	0.009145683	1.5
13267.670829748937	8000.0	33.9287290176407	0.0	3873892	12830.822073673098	0.42267808	8.0
13270.049954146905	1500.0	35.54960461967133	0.0	662349	2379.1243979693672	0.004705182	1.5
13273.030847104774	1500.0	36.568711661802624	0.0	835711	2980.8929578687034	0.004705182	1.5
13287.259142815392	8000.0	26.340415951182298	0.0	3905272	14228.295710620328	0.39241084	8.0
13290.974014955744	1500.0	26.62554381083142	0.0	809327	3714.8721403508775	0.0069207507	1.5
13294.116111797848	1500.0	27.483446968726156	0.0	681795	3142.096842105263	0.004705182	1.5
13297.715389403369	1500.0	27.88416936320596	0.0	855209	3599.277605520199	0.26645842	1.5
13300.036581487997	1500.0	29.562977278578376	0.0	644861	2321.192084627582	0.004705182	1.5
13302.876149661422	1500.0	30.72340910515265	0.0	794014	2839.5681734257228	0.006209497	1.5
13306.133712056886	1500.0	31.465846709688137	0.0	914284	3257.562395464518	0.004705182	1.5
13308.707723506544	1500.0	32.89183526002996	0.0	675709	2574.0114496581814	0.004705182	1.5
13325.04481973122	8000.0	20.5547390353529	0.0	4435580	16337.096224677056	0.0057167723	8.0
13327.802423490568	1500.0	21.79713527600598	0.0	757473	2757.603759346917	0.004705182	1.5
13330.373205095744	1500.0	23.226353670830253	0.0	712239	2570.78160517573	0.004705182	1.5
13330.802444473256	200.0	26.797114293316703	0.0	99865	429.23937751355135	0.028024182	0.2
13333.52326279814	1500.0	28.076295968434728	0.0	755142	2720.8183248819723	0.0076718875	1.5
13339.970381836396	4000.0	25.629176930178676	0.0	1828568	6447.119038256052	0.0819231	4.0
13342.76808801639	1500.0	26.831470750184728	0.0	785519	2797.7061799939456	0.004705182	1.5
13345.204332448338	1500.0	28.395226318233856	0.0	681043	2436.244431950872	0.004705182	1.5
13358.295507634455	8000.0	19.304051132118403	0.0	3739359	13091.175186115453	0.005568017	8.0
13360.797939244065	1500.0	20.801619522507607	0.0	691256	2502.431609610793	0.004705182	1.5
13363.421584249214	1500.0	22.177974517360532	0.0	725845	2623.6450051470747	0.5324938	1.5
13370.360805702694	4000.0	19.23875306388	0.0	1985434	6939.221453480533	0.70767313	4.0
13376.609642921792	4000.0	16.989915844781834	0.0	1830641	6248.837219098166	0.44928056	4.0
13382.43453074725	4000.0	15.165028019323655	0.0	1697030	5824.887825458178	0.10570751	4.0
13388.961725276982	4000.0	12.637833489591415	0.0	1910697	6527.194529732239	0.34079388	4.0
13391.100183733804	1500.0	14.49937503276975	0.0	629438	2138.4584568216655	0.008402669	1.5
13397.860835343412	4000.0	11.73872342316321	0.0	2042818	6760.651609606542	0.0052381097	4.0
13403.69975412392	4000.0	9.899804642653049	0.0	1750852	5838.91878051016	0.66515344	4.0
13406.440780429426	1500.0	11.158778337147197	0.0	808636	2741.0263055058513	0.23712656	1.5

