24424.669219113614	600.0	4.0	0.5995778960509889	247108	599.5778960509889	-11.391557921019778
24424.95657465603	200.0	7.712644457585912	0.0	98617	287.35554241408767	0.2
24425.26045480584	200.0	11.408764307773177	0.0	106476	303.8801498127341	0.2
24425.928544956307	600.0	14.74067415730337	0.0	279692	668.0901504698076	0.6
24426.213884071887	200.0	18.45533504172416	0.0	97658	285.3391155792102	0.2
24426.989706924902	600.0	21.67951218871148	0.0	330929	775.8228530126815	0.6
24427.31317522111	200.0	25.356043892502793	0.0	115792	323.4682962086865	0.2
24427.619574327487	200.0	29.04964478612261	0.0	107674	306.3991063801827	0.2
24434.928829187484	8000.0	25.740389926126177	0.0	3448932	7309.254859996434	8.0
24444.21387729648	12000.0	20.455341817131885	0.0	5088378	9285.048108994291	12.0
24444.889530640365	600.0	23.77968847324585	0.0	329266	675.6533438860308	0.6
24445.182629010233	200.0	27.48659010337538	0.0	95342	293.09836987047254	0.2
24457.866757295425	12000.0	18.80246181818509	0.0	5575398	12684.128285190292	12.0
24461.101703440363	4000.0	19.567515673246156	0.0	1805063	3234.9461449389355	4.0
24461.643328486793	600.0	23.02589062681938	0.0	264113	541.6250464267767	0.6
24462.29028136088	600.0	26.3789377527288	0.0	324375	646.9528740905815	0.6
24462.965744863977	600.0	29.70347424963732	0.0	340687	675.4635030914773	0.6
24470.057166920982	12000.0	26.61205219263139	0.0	4055239	7091.422057005934	12.0
24480.07551062031	12000.0	20.59370849330224	0.0	5385367	10018.343699329149	12.0
24480.329557868394	200.0	24.33966124521813	0.0	85876	254.04724808410919	0.2
24487.627376815002	8000.0	21.041842298611446	0.0	3690869	7297.818946606685	8.0
24488.2600812958	600.0	24.40913781781486	0.0	310841	632.704480796586	0.6
24497.727821074233	12000.0	18.9413980393815	0.0	5141915	9467.73977843336	12.0
24497.984034374687	200.0	22.685184738926846	0.0	85752	256.2133004546505	0.2
24498.776965457888	600.0	25.892253655728368	0.0	346939	792.9310831984794	0.6
24505.541803761553	8000.0	23.127415352062908	0.0	3253093	6764.8383036654595	8.0
24514.637993686367	12000.0	18.031225427250124	0.0	5138482	9096.189924812787	12.0
24515.243417017893	600.0	21.425802095725434	0.0	302611	605.423331524688	0.6
24515.828730528472	600.0	24.84048858514486	0.0	291029	585.3135105805752	0.6
24526.89896046848	12000.0	17.770258645141258	0.0	5411094	11070.229940003603	12.0
24527.14578748543	200.0	21.523431628189098	0.0	93982	246.8270169521612	0.2
24533.56092904929	8000.0	19.10829006433004	0.0	3568902	6415.141563859058	8.0
24540.09634939807	8000.0	16.572869715551118	0.0	3713878	6535.420348778918	8.0
24540.328907616953	200.0	20.34031149666517	0.0	89422	232.5582188859507	0.2
24541.552517614393	1500.0	23.11670149922424	0.0	670327	1223.6099974409283	1.5
24544.67921385256	4000.0	23.99000526105995	0.0	1785821	3126.6962381642925	4.0
24545.92110585972	1500.0	26.748113253894545	0.0	681043	1241.8920071654013	1.5
24546.559771730233	600.0	30.109447383383582	0.0	327462	638.6658705109614	0.6
24554.78013042689	12000.0	25.88908868672631	0.0	5257310	8220.358696657275	12.0
24555.297113075292	600.0	29.372106038324485	0.0	284107	516.9826484018265	0.6
24563.34995085241	12000.0	25.31926826120438	0.0	4828747	8052.837777120103	12.0
24566.527383886474	4000.0	26.14183522714243	0.0	1830641	3177.4330340619485	4.0
24567.164149640525	600.0	29.505069473094863	0.0	329059	636.7657540475661	0.6
24567.749844831716	600.0	32.9193742818998	0.0	278938	585.6951911950597	0.6
24572.483561995585	4000.0	32.1856571180306	0.0	2171279	4733.717163869204	4.0
24584.375014623758	12000.0	24.294204489857904	0.0	5875126	11891.452628172692	12.0
24594.4144945086	12000.0	18.254724605012125	0.0	5704199	10039.47988484578	12.0
24603.747621883515	12000.0	12.921597230100392	0.0	5646381	9333.127374911732	12.0

