27405.5386780334	600.0	4.0	0.7870708371336087	247108	787.0708371336087	-15.141416742672174
27405.90085912323	200.0	7.637818910170431	0.0	98617	362.18108982956886	0.2
27406.80621670679	600.0	10.732461326609082	0.0	288447	905.3575835613499	0.6
27408.941980785694	1500.0	12.596697247706423	0.0	718451	2135.7640789026595	1.5
27414.943010883875	4000.0	10.595667149525191	0.0	2069289	6001.030098181233	4.0
27416.283264558297	1500.0	13.255413475105057	0.0	689829	1340.2536744201338	1.5
27423.920426288532	8000.0	9.618251744868532	0.0	4433220	7637.161730236524	8.0
27425.330582691688	1500.0	12.2080953417149	0.0	780303	1410.156403153633	1.5
27428.358941533617	4000.0	13.17973649978421	0.0	1857129	3028.358841930689	4.0
27434.185404754924	8000.0	11.353273278477932	0.0	3624869	5826.463221306278	8.0
27438.276923723253	4000.0	11.261754310147353	0.0	2094766	4091.5189683305807	4.0
27442.13671909704	4000.0	11.401958936362572	0.0	1761739	3859.7953737847806	4.0
27446.607871867956	4000.0	10.93080616545023	0.0	2131310	4471.152770912341	4.0
27448.000718887546	1500.0	13.537959145858734	0.0	748011	1392.8470195914965	1.5
27455.50197950052	8000.0	10.036698532884031	0.0	4228356	7501.260612974705	8.0
27457.247137150705	1500.0	12.291540882700621	0.0	934743	1745.1576501834097	1.5
27460.61577764153	4000.0	12.9229003918756	0.0	1835863	3368.6404908250206	4.0
27464.62358695422	4000.0	12.91509107918737	0.0	2192675	4007.80931268823	4.0
27468.672091381944	4000.0	12.86658665146282	0.0	2082556	4048.504427724551	4.0
27473.055899497274	4000.0	12.482778536133173	0.0	2164412	4383.808115329646	4.0
27480.447047646805	4000.0	9.091630386601702	0.0	2379358	7391.148149531471	4.0
27485.01230941417	1500.0	8.526368619237452	0.0	806394	4565.26176736425	1.5
27486.72970885299	600.0	10.80896918042224	0.0	346141	1717.3994388152114	0.6
27488.039137456617	1500.0	13.499540576793253	0.0	681795	1309.428603628987	1.5
27498.173431672203	8000.0	7.365246361205596	0.0	4925863	10134.294215587657	8.0
27500.52441827391	600.0	9.014259759500359	0.0	221407	2350.9866017052377	0.6
27507.234915144603	1500.0	6.3037628888062	0.0	794014	6710.496870694159	1.5
27507.50221090813	200.0	10.036467125281634	0.0	103756	267.29576352456706	0.2
27508.80197104803	1500.0	12.736706985382044	0.0	675709	1299.7601398995882	1.5
27512.49697640709	4000.0	13.041701626325239	0.0	2002600	3695.005359056806	4.0
27521.904490631863	8000.0	7.634187401550766	0.0	4025712	9407.514224774473	8.0
27522.931888113297	600.0	10.606789920117121	0.0	293409	1027.3974814336457	0.6
27525.058061829797	1500.0	12.480616203617283	0.0	633700	2126.1737164998385	1.5
27534.15901972534	4000.0	7.379658308075928	0.0	2125133	9100.957895541354	4.0
27535.59540525314	600.0	9.943272780270004	0.0	284451	1436.385527805925	0.6
27538.43553602114	1500.0	11.103142012273185	0.0	785519	2840.1307679968177	1.5
27543.006679830803	4000.0	10.53199820260911	0.0	2096494	4571.143809664075	4.0
27544.94236406811	1500.0	12.59631396530509	0.0	866245	1935.6842373040208	1.5
27549.25456473156	4000.0	12.284113301852692	0.0	2142800	4312.200663452396	4.0
27552.898745905855	4000.0	12.639932127559108	0.0	2094647	3644.1811742935843	4.0
27556.357093897474	4000.0	13.181584135939323	0.0	1985434	3458.3479916197853	4.0
27563.78898388407	8000.0	9.749694149340828	0.0	4074581	7431.889986598498	8.0
27565.27811220225	1500.0	12.260565831163182	0.0	767059	1489.1283181776432	1.5
27568.842270582623	4000.0	12.696407450787945	0.0	1910697	3564.158380375238	4.0
27572.737891354085	4000.0	12.80078667932674	0.0	2171279	3895.6207714612074	4.0
27576.407765706073	4000.0	13.13091232733658	0.0	2042818	3669.874351990159	4.0
27583.718776101716	8000.0	9.819901931695476	0.0	4201994	7311.010395641103	8.0
27585.179186869154	1500.0	12.359491164253864	0.0	808636	1460.4107674416125	1.5

