25448.26006016282	600.0	4.0	1.6981255627404437	247108	1698.1255627404437	-33.36251125480887
25450.368198003533	600.0	5.89186215928624	0.0	309722	2108.1378407137595	0.6
25452.337021773692	600.0	7.923038389129901	0.0	288447	1968.8237701563398	0.6
25454.24851559378	600.0	10.011544569043137	0.0	279692	1911.4938200867643	0.6
25456.413151756504	600.0	11.846908406319065	0.0	318350	2164.636162724073	0.6
25457.848537619255	600.0	14.411522543564597	0.0	330929	1435.3858627544676	0.6
25458.99891868821	600.0	17.261141474613147	0.0	327938	1150.3810689514485	0.6
25459.975933784088	600.0	20.284126378733916	0.0	274823	977.0150958792331	0.6
25462.96564573839	1500.0	21.29441442442955	0.0	891463	2989.711954304366	1.5
25465.536361364662	1500.0	22.72369879815456	0.0	763093	2570.71562627499	1.5
25468.154453366777	1500.0	24.10560679604126	0.0	769316	2618.0920021132983	1.5
25470.76014487193	1500.0	25.49991529088837	0.0	744416	2605.6915051528904	1.5
25472.896523853226	1500.0	27.36353630959145	0.0	606092	2136.378981296917	1.5
25478.652367516206	4000.0	25.607692646611596	0.0	1805063	5755.843662979855	4.0
25480.48321550971	1500.0	27.77684465310896	0.0	754517	1830.8479935026323	1.5
25482.732275856913	1500.0	29.527784305905875	0.0	934743	2249.0603472030866	1.5
25487.072374767733	4000.0	29.187685395085147	0.0	1835863	4340.098910820728	4.0
25492.5540443803	4000.0	27.706015782518946	0.0	2192675	5481.6696125662	4.0
25497.82413425429	4000.0	26.435925908529445	0.0	2082556	5270.089873989503	4.0
25502.828651459447	4000.0	25.431408703369637	0.0	2164412	5004.517205159805	4.0
25508.298610314025	4000.0	23.961449848791887	0.0	2379358	5469.958854577751	4.0
25512.98309933928	4000.0	23.276960823538168	0.0	1950922	4684.489025253718	4.0
25517.427630847425	4000.0	22.832429315395615	0.0	1849252	4444.531508142554	4.0
25521.933842380004	4000.0	22.326217782819427	0.0	1822097	4506.211532576187	4.0
25526.512999172508	4000.0	21.747060990314605	0.0	1836837	4579.156792504822	4.0
25531.28635588305	4000.0	20.973704279773717	0.0	1984579	4773.356710540888	4.0
25536.13021629996	4000.0	20.129843862867116	0.0	2068230	4843.860416906599	4.0
25545.770606636048	4000.0	14.489453526778679	0.0	2055338	9640.39033608844	4.0
25549.76714918754	1500.0	14.492910975283035	0.0	675709	3996.542551495642	1.5
25552.15739428458	1500.0	16.1026658782442	0.0	707527	2390.2450970388363	1.5
25554.71072503293	1500.0	17.549335129892125	0.0	757473	2553.3307483520744	1.5
25557.116355938422	1500.0	19.143704224400402	0.0	712239	2405.6309054917247	1.5
25559.265000222615	1500.0	20.99505994020659	0.0	633700	2148.6442841938097	1.5
25561.789863938997	1500.0	22.470196223822207	0.0	755142	2524.8637163843864	1.5
25564.04012881688	1500.0	24.21993134594123	0.0	670327	2250.2648778809767	1.5
25569.78329716484	4000.0	22.476762997983315	0.0	1785821	5743.168347957917	4.0
25571.499559346685	1500.0	24.76050081613783	0.0	681043	1716.2621818454838	1.5
25576.277346267623	4000.0	23.98271389519782	0.0	1955307	4777.786920940011	4.0
25578.018146027363	1500.0	26.241914135456096	0.0	691256	1740.7997597417225	1.5
25585.84516679184	4000.0	22.41489337097818	0.0	2094647	7827.020764477916	4.0
25589.4437567753	1500.0	22.81630338751876	0.0	811013	3598.589983459422	1.5
25591.933558425368	1500.0	24.326501737453285	0.0	657685	2489.8016500654785	1.5
25598.045968280738	4000.0	22.214091882084595	0.0	1697030	6112.409855368688	4.0
25601.074282505855	1500.0	23.185777656964913	0.0	848035	3028.314225119679	1.5
25603.25184108374	1500.0	25.00821907907976	0.0	629438	2177.5585778851564	1.5
25605.87730835302	1500.0	26.38275180979852	0.0	763847	2625.467269281237	1.5
25611.6870967889	4000.0	24.57296337391666	0.0	1750852	5809.788435881857	4.0
25614.269693744354	1500.0	25.990366418462976	0.0	808636	2582.5969554536837	1.5

