10114.380409611325	600.0	4.0	0.6633780414029186	247108	663.3780414029186	-12.667560828058372
10115.191608171224	600.0	7.188801440101515	0.0	309722	811.1985598984847	0.6
10115.952580239747	600.0	10.427829371578653	0.0	288447	760.9720685228631	0.6
10117.728715278774	1500.0	12.651694332551312	0.0	718451	1776.1350390273412	1.5
10119.518649323305	1500.0	14.861760288020303	0.0	724296	1789.934044531008	1.5
10121.227212910573	1500.0	17.153196700751035	0.0	689829	1708.5635872692667	1.5
10126.09668626984	4000.0	16.283723341485132	0.0	2046450	4869.473359265904	4.0
10130.927493845096	4000.0	15.452915766230195	0.0	2058614	4830.807575254937	4.0
10135.35657185678	4000.0	15.023837754546872	0.0	1857129	4429.078011683323	4.0
10141.317812214886	4000.0	13.062597396441484	0.0	2373154	5961.240358105387	4.0
10146.932845016583	4000.0	11.447564594742788	0.0	2094766	5615.032801698697	4.0
10152.132133091845	4000.0	10.248276519482173	0.0	1761739	5199.288075260615	4.0
10157.776094361112	4000.0	8.604315250215924	0.0	2131310	5643.961269266248	4.0
10162.196622780963	4000.0	8.183786830365614	0.0	1805063	4420.528419850311	4.0
10167.21211829626	4000.0	7.168291315068168	0.0	2157416	5015.495515297445	4.0
10172.127061223428	4000.0	6.25334838790204	0.0	2231719	4914.942927166127	4.0
10176.31711345138	4000.0	6.063296159949063	0.0	1835863	4190.052227952978	4.0
10178.271570380219	1500.0	8.108839231110112	0.0	772616	1954.4569288389514	1.5
10180.164840634507	1500.0	10.215568976822707	0.0	747396	1893.270254287404	1.5
10181.85177690344	1500.0	12.52863270788762	0.0	662349	1686.9362689350864	1.5
10187.721117466617	4000.0	10.659292144711095	0.0	2379358	5869.340563176525	4.0
10192.568620903096	4000.0	9.811788708232493	0.0	1950922	4847.503436478603	4.0
10196.902224314266	4000.0	9.47818529706023	0.0	1849252	4333.603411172261	4.0
10200.701074226248	4000.0	9.67933538507717	0.0	1822097	3798.84991198306	4.0
10204.530008073227	4000.0	9.850401538099085	0.0	1836837	3828.9338469780846	4.0
10208.793375790863	4000.0	9.587033820465072	0.0	1984579	4263.367717634014	4.0
10213.290488061777	4000.0	9.089921549551928	0.0	2068230	4497.112270913144	4.0
10218.049253000489	4000.0	8.33115661084004	0.0	2055338	4758.764938711888	4.0
10223.495718723361	4000.0	6.884690887969001	0.0	2165436	5446.465722871038	4.0
10228.828273397725	4000.0	5.552136213604419	0.0	2002600	5332.554674364584	4.0
10231.009993331827	1500.0	7.370416279502277	0.0	757473	2181.7199341021415	1.5
10233.066204898634	1500.0	9.314204712693988	0.0	712239	2056.2115668082893	1.5
10234.904498490936	1500.0	11.475911120393631	0.0	633700	1838.2935923003556	1.5
10237.008902760655	1500.0	13.371506850673228	0.0	755142	2104.404269720404	1.5
10238.743801308696	1500.0	15.63660830263206	0.0	670327	1734.898548041167	1.5
10240.76308505015	1500.0	17.6173245611764	0.0	785519	2019.283741455662	1.5
10246.018894582778	4000.0	16.361515028549757	0.0	2096494	5255.809532626641	4.0
10250.687611419216	4000.0	15.692798192111358	0.0	1955307	4668.716836438401	4.0
10255.75507177824	4000.0	14.62533783308776	0.0	2142800	5067.4603590235965	4.0
10260.209092521054	4000.0	14.171317090272387	0.0	2094647	4454.020742815373	4.0
10264.299513295946	4000.0	14.080896315380011	0.0	1985434	4090.420774892377	4.0
10268.430478673565	4000.0	13.949930937762602	0.0	1830641	4130.965377617409	4.0
10273.148836007991	4000.0	13.23157360333598	0.0	1697030	4718.3573344266215	4.0
10278.138870883735	4000.0	12.241538727592829	0.0	1910697	4990.034875743148	4.0
10282.626887936976	4000.0	11.753521674352207	0.0	2171279	4488.017053240624	4.0
10286.854110187394	4000.0	11.526299423933487	0.0	2042818	4227.222250418718	4.0
10291.501509323587	4000.0	10.878900287740402	0.0	1750852	4647.399136193086	4.0
10297.101411656738	4000.0	9.278997954587933	0.0	2034636	5599.9023331524695	4.0

