3665.0450970625902	600.0	4.0	0.6769332970981672	247108	676.9332970981671	-12.938665941963345
3666.894351524045	1500.0	6.1507455385451575	0.0	732405	1849.254461454842	1.5
3668.5296783954404	1500.0	8.5154186671498	0.0	643847	1635.3268713953562	1.5
3670.3452244895916	1500.0	10.69987257299876	0.0	718451	1815.5460941510403	1.5
3672.174890220183	1500.0	12.870206842407221	0.0	724296	1829.6657305915392	1.5
3676.7138163498676	4000.0	12.331280712722426	0.0	1863995	4538.9261296847935	4.0
3681.6237667864975	4000.0	11.421330276092736	0.0	2046450	4909.950436629691	4.0
3686.1080464352767	4000.0	10.937050627313827	0.0	2058614	4484.279648778909	4.0
3689.2897880165206	4000.0	11.75530904606996	0.0	1857129	3181.7415812438676	4.0
3693.3333847513168	4000.0	11.711712311273827	0.0	2373154	4043.5967347961337	4.0
3699.0770907154547	4000.0	9.968006347135395	0.0	2094766	5743.705964138431	4.0
3705.9193848938526	4000.0	7.125712168737691	0.0	1761739	6842.294178397704	4.0
3708.2943186310736	1500.0	8.750778431516942	0.0	606092	2374.9337372207497	1.5
3711.2066207893467	1500.0	9.83847627324356	0.0	748011	2912.302158273382	1.5
3714.143557555723	1500.0	10.901539506867186	0.0	754517	2936.936766376373	1.5
3716.9692861782655	1500.0	12.075810884324653	0.0	934743	2825.728622542533	1.5
3718.7892554272307	1500.0	14.255841635359545	0.0	735572	1819.9692489651095	1.5
3720.6968509328485	1500.0	16.348246129741568	0.0	772616	1907.5955056179776	1.5
3722.544789430779	1500.0	18.500307631811346	0.0	747396	1847.9384979302188	1.5
3724.1915522929903	1500.0	20.853544769599637	0.0	662349	1646.762862211709	1.5
3729.266178810144	4000.0	19.778918252445926	0.0	2379358	5074.626517153711	4.0
3733.201803509066	4000.0	19.84329355352425	0.0	1950922	3935.6246989216766	4.0
3737.2481863420408	4000.0	19.796910720549548	0.0	1849252	4046.382832974702	4.0
3742.4702690286495	4000.0	18.574828033940264	0.0	1822097	5222.082686609285	4.0
3747.286690508312	4000.0	17.758406554277617	0.0	1836837	4816.421479662647	4.0
3751.1332544502834	4000.0	17.91184261230639	0.0	1984579	3846.563941971223	4.0
3755.13858095112	4000.0	17.906516111470122	0.0	2068230	4005.3265008362696	4.0
3759.970424032938	4000.0	17.074673029652228	0.0	2055338	4831.843081817893	4.0
3765.552913630498	4000.0	15.49218343209164	0.0	2165436	5582.489597560589	4.0
3773.0190135043426	4000.0	12.026083558247203	0.0	2002600	7466.099873844437	4.0
3780.279117199497	4000.0	8.765979863092966	0.0	2290706	7260.103695154237	4.0
3785.2799941818685	4000.0	7.765102880721068	0.0	1947068	5000.876982371897	4.0
3786.9615611244353	1500.0	10.083535938154567	0.0	633700	1681.5669425665003	1.5
3789.948380697864	1500.0	11.096716364725722	0.0	755142	2986.8195734288465	1.5
3792.6308975016304	1500.0	12.414199560959736	0.0	670327	2682.516803765985	1.5
3795.760642472633	1500.0	13.284454589956848	0.0	785519	3129.7449710028877	1.5
3797.910761364925	1500.0	15.134335697665286	0.0	681043	2150.118892291562	1.5
3799.684838173295	1500.0	17.360258889295082	0.0	866245	1774.0768083702055	1.5
3801.1166967794015	1500.0	19.928400283188545	0.0	691256	1431.8586061065346	1.5
3802.616199553988	1500.0	22.428897508602287	0.0	725845	1499.5027745862567	1.5
3806.579024498374	4000.0	22.46607256421624	0.0	1985434	3962.8249443860464	4.0
3811.820597727005	4000.0	21.224499335585744	0.0	1830641	5241.573228630496	4.0
3817.3096737858123	4000.0	19.73542327677862	0.0	1697030	5489.076058807124	4.0
3821.5999902664184	4000.0	19.44510679617246	0.0	1910697	4290.316480606158	4.0
3826.2740743711524	4000.0	18.771022691438265	0.0	2171279	4674.084104734198	4.0
3831.0088776362154	4000.0	18.03621942637548	0.0	2042818	4734.803265062782	4.0
3835.2621062923445	4000.0	17.782990770246055	0.0	1750852	4253.228656129426	4.0
3843.638862604899	8000.0	13.406234457691932	0.0	4346302	8376.756312554124	8.0

