23023.91981983833	600.0	4.0	0.8277216937420807	247108	827.7216937420807	-15.954433874841614
23026.21599700421	1500.0	5.703822834124478	0.0	732405	2296.1771658755224	1.5
23028.24420737923	1500.0	7.675612459103202	0.0	643847	2028.210375021276	1.5
23030.49816127223	1500.0	9.421658566106247	0.0	718451	2253.953892996955	1.5
23032.769801493876	1500.0	11.150018344459784	0.0	724296	2271.6402216464626	1.5
23035.122683751466	1500.0	12.79713608686775	0.0	689829	2352.882257592032	1.5
23037.73897762902	1500.0	14.18084220931673	0.0	737903	2616.2938775510206	1.5
23040.50100727456	1500.0	15.418812563774303	0.0	780303	2762.0296455424277	1.5
23043.645112108075	1500.0	16.27470773026195	0.0	891463	3144.1048335123523	1.5
23046.156656114603	1500.0	17.763163723732372	0.0	763093	2511.544006529577	1.5
23048.674913745886	1500.0	19.244906092450552	0.0	769316	2518.2576312818182	1.5
23051.11425372172	1500.0	20.805566116617104	0.0	744416	2439.339975833449	1.5
23053.115191859313	1500.0	22.804627979026233	0.0	606092	2000.9381375908722	1.5
23058.893225682543	4000.0	21.02659415579609	0.0	1805063	5778.033823230144	4.0
23066.042461873865	4000.0	17.87735796447186	0.0	2157416	7149.236191324232	4.0
23074.408986964278	4000.0	13.510832874059737	0.0	2231719	8366.525090412122	4.0
23080.206405214045	4000.0	11.713414624293309	0.0	1835863	5797.418249766429	4.0
23087.326927234128	4000.0	8.592892604211531	0.0	2192675	7120.522020081779	4.0
23094.42465980084	4000.0	5.495160037500636	0.0	2082556	7097.732566710895	4.0
23096.768192158583	1500.0	7.151627679755467	0.0	662349	2343.532357745168	1.5
23099.70782901994	1500.0	8.211990818402574	0.0	835711	2939.636861352895	1.5
23102.54714893696	1500.0	9.37267090138125	0.0	806394	2839.3199170213225	1.5
23105.393878048908	1500.0	10.52594178943586	0.0	809327	2846.729111945391	1.5
23107.79364838384	1500.0	12.126171454507631	0.0	681795	2399.7703349282297	1.5
23110.78345040404	1500.0	13.136369434305609	0.0	855209	2989.8020202020207	1.5
23113.057554816587	1500.0	14.862265021759091	0.0	644861	2274.1044125465182	1.5
23115.75958642521	1500.0	16.16023341313837	0.0	794014	2702.0316086207195	1.5
23118.52880531596	1500.0	17.39101452239072	0.0	914284	2769.2188907476516	1.5
23120.596294331895	1500.0	19.32352550645234	0.0	675709	2067.489015938379	1.5
23122.757370861855	1500.0	21.162448976496645	0.0	707527	2161.076529955696	1.5
23125.06535549336	1500.0	22.854464344991232	0.0	757473	2307.984631505414	1.5
23130.91647218291	4000.0	21.003347655440976	0.0	1947068	5851.116689550257	4.0
23138.677463107404	4000.0	17.242356730947495	0.0	2544033	7760.990924493477	4.0
23145.363537984522	4000.0	14.556281853832228	0.0	2125133	6686.0748771152685	4.0
23152.04271301657	4000.0	11.877106821783345	0.0	1828568	6679.175032048883	4.0
23158.393241769885	4000.0	9.526578068470648	0.0	1785821	6350.5287533126975	4.0
23165.41025014544	4000.0	6.509569692914862	0.0	2096494	7017.008375555785	4.0
23168.522804047883	1500.0	7.397015790470386	0.0	866245	3112.553902444477	1.5
23171.06104017875	1500.0	8.858779659602675	0.0	691256	2538.23613086771	1.5
23173.722281288283	1500.0	10.19753855007209	0.0	725845	2661.241109530584	1.5
23176.62706794321	1500.0	11.292751895144864	0.0	811013	2904.786654927228	1.5
23178.60443005352	1500.0	13.315389784833112	0.0	657685	1977.3621103117507	1.5
23180.897326322975	1500.0	15.022493515382505	0.0	767059	2292.8962694506054	1.5
23183.42383107406	1500.0	16.495988764296154	0.0	848035	2526.504751086349	1.5
23185.319703128298	1500.0	18.600116710059847	0.0	629438	1895.8720542363105	1.5
23191.495311044437	4000.0	16.424508793919145	0.0	2042818	6175.6079161407015	4.0
23196.85233840289	4000.0	15.067481435464424	0.0	1750852	5357.027358454719	4.0
23203.04281516541	4000.0	12.877004672944715	0.0	2034636	6190.476762519709	4.0

