12490.871821087105	600.0	4.0	0.9643644172053594	247108	964.3644172053594	0.028688664	-18.687288344107188
12491.304757316331	200.0	7.567063770774151	0.0	98617	432.9362292258483	0.004705182	0.2
12491.765819789769	200.0	11.106001297335988	0.0	106476	461.06247343816403	0.004705182	0.2
12492.258211585236	200.0	14.613609501867717	0.0	115230	492.39179546827125	0.004705182	0.2
12492.687715689739	200.0	18.184105397365066	0.0	97658	429.50410450265065	0.004705182	0.2
12493.117219794241	200.0	21.754601292862414	0.0	97658	429.50410450265065	0.004705182	0.2
12493.611622907847	200.0	25.260198179256044	0.0	115792	494.40311360637037	0.004705182	0.2
12494.076972853047	200.0	28.794848234057305	0.0	107674	465.34994519873845	0.004705182	0.2
12497.347392250456	1500.0	29.524428836647505	0.0	891463	3270.419397409802	0.004705182	1.5
12500.15839365963	1500.0	30.713427427472208	0.0	763093	2811.001409175297	0.07428712	1.5
12503.01056222633	1500.0	31.861258860772487	0.0	769316	2852.1685666997223	0.009151924	1.5
12505.777560218527	1500.0	33.09426086857812	0.0	744416	2766.997992194374	0.004705182	1.5
12508.045272448093	1500.0	34.826548639011484	0.0	606092	2267.71222956663	0.004705182	1.5
12510.825246730134	1500.0	36.04657435697119	0.0	748011	2779.9742820402917	0.004705182	1.5
12514.557352024121	1500.0	36.31446906298403	0.0	754517	3732.1052939871624	0.004705182	1.5
12519.254079296848	1500.0	35.61774179025676	0.0	934743	4696.727272727273	0.004705182	1.5
12522.599816258526	1500.0	36.27200482857862	0.0	735572	3345.7369616781352	0.004705182	1.5
12525.67119097117	1500.0	37.20063011593495	0.0	772616	3071.3747126436783	0.004705182	1.5
12528.64492019077	1500.0	38.22690089633422	0.0	747396	2973.729219600726	0.004705182	1.5
12531.289368829608	1500.0	39.582452257495746	0.0	662349	2644.4486388384757	0.004705182	1.5
12534.386273413249	1500.0	40.485547673854455	0.0	835711	3096.904583641295	0.0071217585	1.5
12537.362088473286	1500.0	41.5097326138163	0.0	806394	2975.815060038155	0.67366624	1.5
12540.348436133481	1500.0	42.52338495362103	0.0	809327	2986.3476601952643	0.6453445	1.5
12555.124275901428	8000.0	31.747545185674802	0.0	4032749	14775.839767946227	0.065373294	8.0
12558.213786975393	1500.0	32.65803411170907	0.0	855209	3089.511073965734	0.004705182	1.5
12560.563075910226	1500.0	34.30874517687722	0.0	644861	2349.2889348318563	0.004705182	1.5
12563.379137552778	1500.0	35.4926835343259	0.0	794014	2816.0616425513167	0.7101006	1.5
12566.540063396798	1500.0	36.33175769030408	0.0	914284	3160.925844021819	0.027687265	1.5
12579.42843929372	8000.0	27.44338179338177	0.0	3811227	12888.37589692231	0.014921172	8.0
12581.881247778492	1500.0	28.990573308609505	0.0	707527	2452.808484772265	0.004705182	1.5
12584.7363546671	1500.0	30.135466419999965	0.0	757473	2855.1068886095427	0.004705182	1.5
12597.448885652188	8000.0	21.422935434913576	0.0	3568902	12712.530985086389	0.5146833	8.0
12599.611797850717	1500.0	23.260023236384466	0.0	633700	2162.91219852911	0.004705182	1.5
12602.173878462081	1500.0	24.69794262501999	0.0	755142	2562.0806113644767	0.0050199656	1.5
12608.995619214065	4000.0	21.876201873035757	0.0	1828568	6821.740751984234	0.39710146	4.0
12611.99739343761	1500.0	22.87442764949103	0.0	785519	3001.7742235447276	0.004705182	1.5
12620.089114911998	4000.0	18.782706175104895	0.0	2096494	8091.721474386135	0.32929423	4.0
12623.462901645973	1500.0	19.408919441128816	0.0	866245	3373.7867339760805	0.004705182	1.5
12626.062859722984	1500.0	20.808961364118105	0.0	691256	2599.9580770107086	0.006135942	1.5
12633.776242217207	4000.0	17.09557886989596	0.0	2094647	7713.382494222149	0.39323094	4.0
12636.8012974815	1500.0	18.070523605603274	0.0	811013	3025.0552642926855	0.07076083	1.5
12651.090464249013	8000.0	7.781356838089112	0.0	4074581	14289.166767514162	0.5159307	8.0
12653.804183265145	1500.0	9.067637821956184	0.0	767059	2713.719016132927	0.05626495	1.5
12657.044071481261	1500.0	9.827749605840676	0.0	848035	3239.8882161155097	0.004705182	1.5
12659.469438970782	1500.0	11.402382116320416	0.0	629438	2425.3674895202607	0.076900125	1.5
12662.395631797983	1500.0	12.47618928911967	0.0	763847	2926.1928272007453	0.36529502	1.5
12669.218121170854	4000.0	9.653699916247769	0.0	1750852	6822.489372871901	0.14420773	4.0
12672.434724724879	1500.0	10.437096362222217	0.0	808636	3216.6035540255525	0.008802803	1.5

