6339.434143553404	600.0	4.0	1.0245798791122156	247108	1024.5798791122156	0.004710903	-19.89159758224431
6339.891110846808	200.0	7.543032706596268	0.0	98617	456.96729340373173	0.004705182	0.2
6340.378119471411	200.0	11.056024081993455	0.0	106476	487.0086246028144	0.004705182	0.2
6340.8985905992995	200.0	14.535552954105645	0.0	115230	520.4711278878085	0.004705182	0.2
6341.351892078144	200.0	18.082251475261007	0.0	97658	453.3014788446377	0.004705182	0.2
6341.805193556989	200.0	21.62894999641637	0.0	97658	453.3014788446377	0.004705182	0.2
6342.327812951595	200.0	25.106330601810928	0.0	115792	522.6193946054424	0.004705182	0.2
6342.8194009774925	200.0	28.61474257591323	0.0	107674	491.5880258976993	0.004705182	0.2
6343.26370802291	200.0	32.17043553049669	0.0	95305	444.3070454165373	0.004705182	0.2
6343.746699159397	200.0	35.68744439400817	0.0	105425	482.99113648852045	0.0049047833	0.2
6344.191235557133	200.0	39.242907996273026	0.0	95365	444.53639773514584	0.004705182	0.2
6344.63568403648	200.0	42.79845951692668	0.0	95342	444.44847934634595	0.004705182	0.2
6345.107184621806	200.0	46.32695893160045	0.0	102419	471.5005853262298	0.004705182	0.2
6345.496301854288	200.0	49.93784169911843	0.0	80867	389.11723248202213	0.004705182	0.2
6345.892616927035	200.0	53.54152662637074	0.0	82750	396.3150727476886	0.004750111	0.2
6346.333376656591	200.0	57.100766896815344	0.0	94377	440.759729555391	0.26736245	0.2
6347.756912027019	200.0	59.677231526387466	0.0	89871	423.5353704278854	0.0060192114	0.2
6362.992591893465	12000.0	48.441551659940856	0.0	4055239	15235.6798664466	0.004705182	12.0
6363.429863794637	200.0	52.00427975876936	0.0	90919	437.2719011715009	0.0101518305	0.2
6363.847318911664	200.0	55.586824641742076	0.0	85876	417.45511702728595	0.10356577	0.2
6384.376825499744	12000.0	39.05731805366251	0.0	5251330	20529.506588079563	0.051055863	12.0
6384.85755116981	200.0	42.576592383596406	0.0	97742	480.72567006610984	0.004705182	0.2
6385.3503016438535	200.0	46.08384190955346	0.0	100675	492.75047404294577	0.17669258	0.2
6385.781870341644	200.0	49.65227321176224	0.0	85752	431.5686977912162	0.004705182	0.2
6386.24953395052	200.0	53.184609602886106	0.0	94556	467.66360887613394	0.004705182	0.2
6399.322631301188	8000.0	44.1115122522193	0.0	3253093	13073.097350666807	0.004705182	8.0
6420.028710736581	12000.0	27.40543281682562	0.0	5138482	20706.079435393676	0.086158894	12.0
6433.365019375471	8000.0	18.06912417793568	0.0	3354913	13336.30863888994	0.0060024634	8.0
6433.792634658739	200.0	21.641508894668227	0.0	93993	427.6152832674572	0.004705182	0.2
6434.23167772094	200.0	25.202465832467272	0.0	97083	439.043062200957	0.004705182	0.2
6434.659252322794	200.0	28.77489123061349	0.0	93982	427.57460185377806	0.0071318485	0.2
6448.050104786111	8000.0	19.384038767296524	0.0	3568902	13390.852463316967	0.026565306	8.0
6450.511372547214	1500.0	20.92277100619363	0.0	633700	2461.267761102891	0.03802554	1.5
6450.927395469312	200.0	24.506748084095882	0.0	89422	416.02292209774777	0.0270606	0.2
6451.417602473062	200.0	28.016541080344975	0.0	108225	490.2070037509087	0.005314112	0.2
6451.833186963112	200.0	31.600956590295517	0.0	87791	415.58449004945413	0.14736937	0.2
6452.303422288148	200.0	35.13072126526028	0.0	102088	470.23532503523904	0.08900079	0.2
6452.6907658627	200.0	38.743377690708826	0.0	80403	387.343574551449	0.031398967	0.2
6472.4988396773	12000.0	22.935303876109444	0.0	5257310	19808.073814599382	0.6518302	12.0
6472.919044865388	200.0	26.51509868802036	0.0	101968	420.2051880890817	0.06439964	0.2
6483.815448057385	8000.0	19.618695496023324	0.0	3189942	10896.403191997037	0.018209515	8.0
6490.545976189623	4000.0	16.888167363785914	0.0	1830641	6730.52813223741	0.026753781	4.0
6496.753032491888	4000.0	14.681111061520268	0.0	1697030	6207.056302265646	0.004705182	4.0
6503.6797030126045	4000.0	11.754440540804062	0.0	1910697	6926.670520716204	0.15373617	4.0
6505.976570652218	1500.0	13.457572901190598	0.0	629438	2296.867639613463	0.0060862033	1.5
6508.746824014607	1500.0	14.687319538800935	0.0	763847	2770.253362389663	0.55376536	1.5
6515.034021169327	4000.0	12.400122384080595	0.0	1750852	6287.197154720342	0.004705182	4.0
6522.388524960278	4000.0	9.045618593129493	0.0	2034636	7354.5037909511	0.1692878	4.0

