5337.241207691561	600.0	4.0	0.6521499790168301	247108	652.1499790168301	-12.442999580336602
5339.017006716204	1500.0	6.224200975355629	0.0	732405	1775.7990246443715	1.5
5340.587759939654	1500.0	8.653447751906572	0.0	643847	1570.7532234490543	1.5
5342.331250092036	1500.0	10.909957599525345	0.0	718451	1743.4901523812282	1.5
5344.088273665542	1500.0	13.15293402601913	0.0	724296	1757.0235735062156	1.5
5345.76549288902	1500.0	15.475714802541134	0.0	689829	1677.2192234779968	1.5
5347.597006233482	1500.0	17.64420145807945	0.0	737903	1831.5133444616843	1.5
5349.675477228488	1500.0	19.565730463073688	0.0	780303	2078.4709950057627	1.5
5352.038645367814	1500.0	21.20256232374727	0.0	891463	2363.1681393264184	1.5
5354.073039016169	1500.0	23.168168675392803	0.0	763093	2034.393648354463	1.5
5356.123370684756	1500.0	25.117837006805274	0.0	769316	2050.331668587527	1.5
5358.121774286588	1500.0	27.11943340497302	0.0	744416	1998.4036018322545	1.5
5359.78684653242	1500.0	29.454361159141047	0.0	606092	1665.0722458319713	1.5
5361.823070134905	1500.0	31.41813755665658	0.0	748011	2036.2236024844722	1.5
5363.876308448079	1500.0	33.364899243482334	0.0	754517	2053.23831317424	1.5
5366.400879876651	1500.0	34.84032781491091	0.0	934743	2524.5714285714284	1.5
5368.394339404936	1500.0	36.84686828662556	0.0	735572	1993.459528285353	1.5
5370.449518518476	1500.0	38.791689173085786	0.0	772616	2055.1791135397693	1.5
5372.440223148905	1500.0	40.80098454265725	0.0	747396	1990.7046304285304	1.5
5374.213506630833	1500.0	43.02770106072838	0.0	662349	1773.283481928866	1.5
5376.429986993854	1500.0	44.811220697707896	0.0	835711	2216.480363020484	1.5
5378.5752266534155	1500.0	46.66598103814612	0.0	806394	2145.2396595617765	1.5
5380.758740623526	1500.0	48.48246706803566	0.0	809327	2183.5139701104613	1.5
5382.610787407152	1500.0	50.63042028440993	0.0	681795	1852.0467836257312	1.5
5384.913552839252	1500.0	52.32765485231116	0.0	855209	2302.7654320987654	1.5
5386.669604821058	1500.0	54.57160287050479	0.0	644861	1756.0519818063676	1.5
5388.834109312133	1500.0	56.40709837942961	0.0	794014	2164.5044910751835	1.5
5392.059221111239	1500.0	57.181986580324	0.0	914284	3225.111799105607	1.5
5394.463641475876	1500.0	58.777566215686925	0.0	675709	2404.420364637083	1.5
5397.4775148848885	1500.0	59.7636928066742	0.0	707527	2513.8734090127277	1.5
5401.384916121895	1500.0	59.85629156966722	0.0	757473	2407.401237006977	1.5
5405.29184335469	1500.0	59.94936433687308	0.0	712239	1906.9272327941387	1.5
5407.265570850401	1500.0	59.74389341008917	0.0	633700	1705.4709267839107	1.5
5411.281367053237	1500.0	59.72809720725331	0.0	755142	2015.7962028358568	1.5
5415.079741162024	1500.0	59.92972309846536	0.0	670327	1798.3741087879519	1.5
5419.109502497435	1500.0	59.83605587103606	0.0	785519	2093.667227429304	1.5
5423.428465186145	1500.0	59.5170931823252	0.0	681043	1818.9626887108616	1.5
5427.220319260385	1500.0	59.725239108085624	0.0	866245	2291.854074239571	1.5
5436.7264600308645	1500.0	54.21909833760519	0.0	691256	9506.140770480433	1.5
5439.248329765481	1500.0	55.697228602989085	0.0	725845	2521.869734616106	1.5
5441.42715679618	1500.0	57.518401572290024	0.0	811013	2178.827030699059	1.5
5443.209185069075	1500.0	59.736373299395126	0.0	657685	1782.0282728948985	1.5
5447.274263191547	1500.0	59.67129517692238	0.0	767059	2065.078122472746	1.5
5451.037771410654	1500.0	59.90778695781488	0.0	848035	2263.5082191075026	1.5
5455.236254014109	1500.0	59.70930435435967	0.0	629438	1698.482603455203	1.5
5458.587280273559	1500.0	59.66521403696313	0.0	763847	2044.0903173965446	1.5
5462.607377342579	1500.0	59.64511696794328	0.0	769491	2020.097069019855	1.5
5466.726169652696	1500.0	59.52632465782667	0.0	808636	2118.7923101166093	1.5

