27253.095197750736	600.0	4.0	0.8091203481724636	247108	809.1203481724635	-15.582406963449271
27255.336242268128	1500.0	5.758955482609818	0.0	732405	2241.0445173901817	1.5
27257.315986302354	1500.0	7.7792114483826955	0.0	643847	1979.7440342271234	1.5
27259.51585795064	1500.0	9.579339800095894	0.0	718451	2199.8716482867994	1.5
27261.73297593832	1500.0	11.362221812414708	0.0	724296	2217.1179876811866	1.5
27263.853730478917	1500.0	13.241467271819609	0.0	689829	2120.7545405950996	1.5
27266.121730478917	1500.0	14.973467271819608	0.0	737903	2267.9999999999995	1.5
27268.515453236512	1500.0	16.57974451422139	0.0	780303	2393.722757598221	1.5
27273.883666469676	4000.0	15.211531281058665	0.0	1857129	5368.213233162721	4.0
27279.597851622435	4000.0	13.497346128297991	0.0	2373154	5714.185152760673	4.0
27284.391338601614	4000.0	12.7038591491176	0.0	2094766	4793.486979180392	4.0
27287.922303207826	4000.0	13.17289454290563	0.0	1761739	3530.964606211971	4.0
27292.17719822625	4000.0	12.917999524480292	0.0	2131310	4254.895018425338	4.0
27297.50575736555	4000.0	11.589440385180682	0.0	1805063	5328.559139299611	4.0
27304.28084304006	4000.0	8.81435471067446	0.0	2157416	6775.085674506222	4.0
27308.75490971247	4000.0	8.340288038265122	0.0	2231719	4474.066672409337	4.0
27312.44956927463	4000.0	8.64562847610276	0.0	1835863	3694.659562162362	4.0
27316.703361880765	4000.0	8.39183586996825	0.0	2192675	4253.792606134511	4.0
27320.695321212508	4000.0	8.399876538223765	0.0	2082556	3991.959331744485	4.0
27324.883307164593	4000.0	8.211890586136342	0.0	2164412	4187.985952087422	4.0
27329.63060251688	4000.0	7.464595233849265	0.0	2379358	4747.295352287077	4.0
27333.537487409056	4000.0	7.557710341674734	0.0	1950922	3906.884892174531	4.0
27337.513193916333	4000.0	7.582003834398776	0.0	1849252	3975.7065072759574	4.0
27341.474796430077	4000.0	7.620401320651721	0.0	1822097	3961.6025137470547	4.0
27345.453622358422	4000.0	7.641575392306161	0.0	1836837	3978.82592834556	4.0
27349.710639156856	4000.0	7.384558593874191	0.0	1984579	4257.0167984319705	4.0
27354.14371930787	4000.0	6.951478442859312	0.0	2068230	4433.0801510148785	4.0
27359.025343678924	4000.0	6.069854071805183	0.0	2055338	4881.6243710541285	4.0
27364.201836279906	4000.0	4.893361470822571	0.0	2165436	5176.492600982613	4.0
27366.623281081567	1500.0	6.471916669159549	0.0	707527	2421.444801663021	1.5
27369.44210461098	1500.0	7.653093139747783	0.0	757473	2818.8235294117653	1.5
27372.09737387043	1500.0	8.997823880296018	0.0	712239	2655.269259451764	1.5
27374.46866672257	1500.0	10.626531028157084	0.0	633700	2371.292852138935	1.5
27376.83973900721	1500.0	12.255458743520016	0.0	755142	2371.072284637068	1.5
27378.87500708735	1500.0	14.220190663378546	0.0	670327	2035.2680801414692	1.5
27381.246277209313	1500.0	15.84892054141621	0.0	785519	2371.270121962336	1.5
27383.312802650034	1500.0	17.78239510069282	0.0	681043	2066.525440723388	1.5
27385.77388987676	1500.0	19.3213078739655	0.0	866245	2461.0872267273194	1.5
27390.570207592114	4000.0	18.52499015861073	0.0	2142800	4796.317715354775	4.0
27395.260540219293	4000.0	17.8346575314338	0.0	2094647	4690.332627176933	4.0
27402.767048768295	4000.0	14.328148982428393	0.0	1985434	7506.508549005405	4.0
27407.93685808042	4000.0	13.158339670307951	0.0	1830641	5169.809312120442	4.0
27411.55505539346	4000.0	13.540142357267985	0.0	1697030	3618.197313039966	4.0
27415.618734521955	4000.0	13.476463228770832	0.0	1910697	4063.679128497153	4.0
27421.793653014993	4000.0	11.301544735733867	0.0	2171279	6174.918493036965	4.0
27427.522182795186	4000.0	9.573014955539577	0.0	2042818	5728.529780194292	4.0
27432.136013312436	4000.0	8.959184438287036	0.0	1750852	4613.8305172525415	4.0
27437.31665903043	4000.0	7.77853872029516	0.0	2034636	5180.645717991875	4.0

