26197.659674811384	600.0	4.0	0.786590653203467	247108	786.590653203467	-15.13181306406934
26199.83394342009	1500.0	5.8257313912965785	0.0	732405	2174.268608703422	1.5
26201.7549856862	1500.0	7.904689125189885	0.0	643847	1921.042266106693	1.5
26203.889353660463	1500.0	9.77032115092485	0.0	718451	2134.3679742650343	1.5
26206.040435065166	1500.0	11.619239746224645	0.0	724296	2151.081404700206	1.5
26208.03400126345	1500.0	13.625673547940309	0.0	689829	1993.5661982843355	1.5
26210.055851263452	1500.0	15.603823547940308	0.0	737903	2021.8500000000001	1.5
26212.18928021082	1500.0	17.47039460057189	0.0	780303	2133.4289473684207	1.5
26214.615235473975	1500.0	19.044439337413994	0.0	891463	2425.955263157895	1.5
26216.70337494766	1500.0	20.956299863729782	0.0	763093	2088.1394736842108	1.5
26218.7712986537	1500.0	22.88837615768866	0.0	769316	2067.923706041121	1.5
26220.742329216533	1500.0	24.91734559485624	0.0	744416	1971.0305628324206	1.5
26222.361977069195	1500.0	27.29769774219291	0.0	606092	1619.6478526633325	1.5
26224.342139965123	1500.0	29.317534846265307	0.0	748011	1980.162895927602	1.5
26226.33882997068	1500.0	31.320844840708425	0.0	754517	1996.6900055568788	1.5
26228.979268419927	1500.0	32.68040639145919	0.0	934743	2640.43844924924	1.5
26231.47043639436	1500.0	34.1892384170272	0.0	735572	2491.1679744319927	1.5
26234.083032735347	1500.0	35.57664207603849	0.0	772616	2612.5963409887113	1.5
26236.612959186354	1500.0	37.04671562503359	0.0	747396	2529.9264510048965	1.5
26238.81222485259	1500.0	38.847449958793575	0.0	662349	2199.265666240014	1.5
26241.26817566819	1500.0	40.39149914319957	0.0	835711	2455.9508155940152	1.5
26243.640777395325	1500.0	42.018897416059296	0.0	806394	2372.601727140268	1.5
26246.02171772725	1500.0	43.637957084135635	0.0	809327	2380.940331923665	1.5
26248.04008085316	1500.0	45.619593958224975	0.0	681795	2018.363125910658	1.5
26250.325849853834	1500.0	47.333824957549965	0.0	855209	2285.7690006750126	1.5
26251.992760555488	1500.0	49.666914255898114	0.0	644861	1666.9107016518503	1.5
26254.02671546028	1500.0	51.632959351102514	0.0	794014	2033.954904795595	1.5
26256.35663763568	1500.0	53.30303717570494	0.0	914284	2329.922175397582	1.5
26258.099460853864	1500.0	55.5602139575192	0.0	675709	1742.8232181857331	1.5
26260.01191148659	1500.0	57.64776332479576	0.0	707527	1912.450632723442	1.5
26262.218860469584	1500.0	59.44081434180143	0.0	757473	2206.9489829943313	1.5
26265.798794482675	1500.0	59.86088032870935	0.0	712239	2079.9340130920837	1.5
26268.303305109024	1500.0	59.50148017778184	0.0	633700	1859.4001509275024	1.5
26271.836657935535	1500.0	59.96812735127112	0.0	755142	2533.3528265107216	1.5
26276.09445845535	1500.0	59.71032683145306	0.0	670327	2257.8005198180635	1.5
26280.1046680354	1500.0	59.700117251399476	0.0	785519	2510.209580053581	1.5
26284.071834520226	1500.0	59.73295076657933	0.0	681043	1967.1664848201453	1.5
26288.05219474952	1500.0	59.752590537279524	0.0	866245	2480.3602292998044	1.5
26291.824095130458	1500.0	59.980690156344785	0.0	691256	1771.9003809347441	1.5
26296.179917021036	1500.0	59.624868265767084	0.0	725845	1855.8218905776937	1.5
26300.190020092898	1500.0	59.560677923554785	0.0	811013	2064.1903422123005	1.5
26304.13417357657	1500.0	59.61652443987926	0.0	657685	1944.1534836755302	1.5
26307.888338575067	1500.0	59.86235944138504	0.0	767059	2254.164998494216	1.5
26312.089889870756	1500.0	59.66080814569313	0.0	848035	2201.551295691908	1.5
26316.187362108467	1500.0	59.56333590798464	0.0	629438	1597.4722377084997	1.5
26319.57363763208	1500.0	59.64182551878518	0.0	763847	1921.5103891994518	1.5
26323.517827566062	1500.0	59.69763558480178	0.0	769491	1944.1899339834051	1.5
26327.556851247242	1500.0	59.65861190361954	0.0	808636	2039.0236811822424	1.5

