2131.9794164554837	600.0	4.0	0.7155862778510113	247108	715.5862778510112	-13.711725557020225
2132.313069157795	200.0	7.666347297688326	0.0	98617	333.65270231167415	0.2
2134.0491074820725	1500.0	9.930308973410925	0.0	643847	1736.038324277401	1.5
2134.848503038771	600.0	13.130913416712215	0.0	279692	799.3955566987108	0.6
2135.7473308045815	600.0	16.23208565090184	0.0	318350	898.827765810372	0.6
2136.078516863804	200.0	19.90089959167926	0.0	97658	331.186059222583	0.2
2136.4563453690926	200.0	23.52307108639038	0.0	115792	377.82850528887894	0.2
2136.813293573446	200.0	27.166122882037104	0.0	107674	356.94820435327784	0.2
2137.641061955917	600.0	30.33835449956596	0.0	290723	827.7683824711443	0.6
2154.092045259386	12000.0	17.887371196097167	0.0	5088378	16450.98330346879	12.0
2154.420290602264	200.0	21.559125853219108	0.0	95365	328.2453428780607	0.2
2159.0862865349086	4000.0	20.893129920574513	0.0	1761739	4665.995932644594	4.0
2160.74400914127	1500.0	23.235407314213166	0.0	606092	1657.7226063613439	1.5
2162.7122755111495	1500.0	25.26714094433373	0.0	748011	1968.266369879437	1.5
2162.9749339922146	200.0	29.00448246326868	0.0	82750	262.6584810650479	0.2
2163.7709442012233	600.0	32.20847225425992	0.0	324375	796.0102090087604	0.6
2164.049321244749	200.0	35.93009521073367	0.0	89871	278.37704352624684	0.2
2173.1281600104785	12000.0	30.851256445004427	0.0	4055239	9078.838765729244	12.0
2175.065852174773	1500.0	32.91356428070939	0.0	747396	1937.6921642950354	1.5
2176.7921555364837	1500.0	35.18726091899933	0.0	662349	1726.3033617100602	1.5
2189.15304326022	12000.0	26.826373195262676	0.0	5251330	12360.887723736654	12.0
2189.920259963043	600.0	30.059156492439726	0.0	310841	767.216702822954	0.6
2204.170143055837	12000.0	19.809273399646013	0.0	5141915	14249.883092793712	12.0
2204.535454041717	200.0	23.443962413765664	0.0	85752	365.3109858803469	0.2
2205.7697770677732	600.0	26.20963938770981	0.0	346939	1234.3230260558548	0.6
2206.5864345154223	600.0	29.392981940060658	0.0	221407	816.6574476491506	0.6
2206.960855276927	200.0	33.01856117855594	0.0	88490	374.42076150471	0.2
2217.5535780406503	8000.0	26.425838414832885	0.0	3354913	10592.722763723063	8.0
2217.9030775299248	200.0	30.07633892555811	0.0	93993	349.4994892747702	0.2
2218.2614367579235	200.0	33.71797969755962	0.0	97083	358.3592279984947	0.2
2219.030638413749	600.0	36.94877804173466	0.0	240372	769.2016558249557	0.6
2219.951909313163	600.0	40.02750714232065	0.0	293409	921.27089941401	0.6
2230.853177428441	8000.0	33.126239027042416	0.0	3713878	10901.268115278239	8.0
2233.153530265842	1500.0	34.82588618964165	0.0	755142	2300.3528374007647	1.5
2241.7499602910857	8000.0	30.229456164397902	0.0	3707853	8596.430025243746	8.0
2242.4486821556993	600.0	33.53073429978433	0.0	275745	698.7218646135724	0.6
2244.05681936523	1500.0	35.92259709025371	0.0	681043	1608.1372095306212	1.5
2245.2128673610346	600.0	38.7665490944488	0.0	327462	1156.0479958049102	0.6
2262.115435352185	12000.0	25.86398110329845	0.0	5257310	16902.567991150347	12.0
2264.2534754018043	1500.0	27.725941053679453	0.0	725845	2138.040049618997	1.5
2276.772010840234	12000.0	19.20740561524983	0.0	4828747	12518.535438429624	12.0
2278.5451933532268	1500.0	21.434223102256862	0.0	657685	1773.1825129929684	1.5
2280.5999546526846	1500.0	23.37946180279911	0.0	767059	2054.761299457755	1.5
2281.398068862085	600.0	26.58134759339912	0.0	278938	798.1142093999904	0.6
2282.225099385504	600.0	29.754317069979592	0.0	290170	827.0305234195241	0.6
2284.2715915253616	1500.0	31.70782493012215	0.0	763847	2046.4921398574395	1.5
2297.9295179803203	12000.0	22.04989847516329	0.0	5704199	13657.92645495886	12.0
2311.6249102494867	12000.0	12.354506205997081	0.0	5646381	13695.392269166208	12.0

