17117.66227301421	600.0	4.0	0.5643830246006077	247108	564.3830246006078	-10.687660492012155
17118.349392488875	600.0	7.312880525335686	0.0	309722	687.1194746643145	0.6
17118.99480854298	600.0	10.66746447123395	0.0	288447	645.4160541017347	0.6
17120.483121784182	1500.0	13.179151230030383	0.0	718451	1488.3132412035675	1.5
17124.61935818524	4000.0	13.04291482897187	0.0	2069289	4136.236401058513	4.0
17128.173602271567	4000.0	13.488670742643702	0.0	1863995	3554.2440863281677	4.0
17131.335924424653	4000.0	14.326348589559327	0.0	2046450	3162.3221530843743	4.0
17134.5165677518	4000.0	15.145705262407608	0.0	2058614	3180.64332715172	4.0
17140.033397070565	8000.0	13.628875943645205	0.0	3448932	5516.829318762402	8.0
17146.242957839957	8000.0	11.419315174251842	0.0	3624869	6209.560769393363	8.0
17153.94572116174	8000.0	7.716551852467373	0.0	4206014	7702.763321784469	8.0
17157.28344993691	4000.0	8.378823077301528	0.0	1761739	3337.7287751658464	4.0
17161.2212925306	4000.0	8.440980483610543	0.0	2131310	3937.8425936909853	4.0
17164.551352510567	4000.0	9.110920503641378	0.0	1805063	3330.059979969166	4.0
17168.4915294073	4000.0	9.170743606907436	0.0	2157416	3940.1768967339403	4.0
17172.14170857863	4000.0	9.520564435574848	0.0	2231719	3650.179171332587	4.0
17175.158619472888	4000.0	10.503653541317929	0.0	1835863	3016.910894256919	4.0
17178.753973404127	4000.0	10.90829961007769	0.0	2192675	3595.3539312402413	4.0
17182.287560187153	4000.0	11.374712827050804	0.0	2082556	3533.586783026886	4.0
17185.956892083257	4000.0	11.70538093094583	0.0	2164412	3669.331896104973	4.0
17194.48341350584	8000.0	7.178859508363204	0.0	3690869	8526.521422582626	8.0
17199.72502547465	4000.0	5.937247539555564	0.0	1950922	5241.611968807641	4.0
17203.651073491703	4000.0	6.01119952250132	0.0	1849252	3926.0480170542437	4.0
17207.520644925848	4000.0	6.141628088359037	0.0	1822097	3869.571434142283	4.0
17211.15965145157	4000.0	6.5026215626379384	0.0	1836837	3639.0065257210986	4.0
17212.430008404892	1500.0	9.232264609316449	0.0	644861	1270.3569533214888	1.5
17213.975688739003	1500.0	11.686584275206295	0.0	794014	1545.6803341101547	1.5
17217.849662757784	4000.0	11.812610256424135	0.0	2055338	3873.9740187821594	4.0
17222.90113950109	4000.0	10.761133513116473	0.0	2165436	5051.476743307663	4.0
17228.11321497279	4000.0	9.54905804141836	0.0	2002600	5212.075471698113	4.0
17232.49672438252	4000.0	9.165548631687635	0.0	2290706	4383.509409730727	4.0
17235.8235287598	4000.0	9.8387442544078	0.0	1947068	3326.8043772798333	4.0
17240.160869779946	4000.0	9.50140323426234	0.0	2544033	4337.34102014546	4.0
17243.91558371056	4000.0	9.746689303645242	0.0	2125133	3754.7139306170975	4.0
17247.15748666096	4000.0	10.504786353250775	0.0	1828568	3241.9029503944666	4.0
17250.373942498045	4000.0	11.288330516165269	0.0	1785821	3216.455837085506	4.0
17254.584659932712	4000.0	11.077613081492954	0.0	2096494	4210.717434672315	4.0
17258.517196937366	4000.0	11.145076076838127	0.0	1955307	3932.5370046548287	4.0
17262.600613837374	4000.0	11.06165917683288	0.0	2142800	4083.416900005247	4.0
17266.460968023308	4000.0	11.201304990896544	0.0	2094647	3860.3541859363368	4.0
17270.12421796127	4000.0	11.538055052935482	0.0	1985434	3663.249937961062	4.0
17273.088141426735	4000.0	12.574131587469616	0.0	1830641	2963.923465465866	4.0
17275.80920203427	4000.0	13.853070979935255	0.0	1697030	2721.06060753436	4.0
17282.865560395127	8000.0	10.796712619078605	0.0	4340973	7056.358360856652	8.0
17289.301023725584	8000.0	8.361249288621313	0.0	3682991	6435.463330457291	8.0
17295.850882125116	8000.0	5.811390889089416	0.0	3954105	6549.858399531898	8.0
17298.75540642437	4000.0	6.906866589835534	0.0	1750852	2904.524299253882	4.0
17302.82709631831	4000.0	6.835176695895396	0.0	2034636	4071.689893940138	4.0

