11403.756199933128	600.0	4.0	0.7248433448045276	247108	724.8433448045276	-13.896866896090552
11405.74745529496	1500.0	6.008744638168088	0.0	732405	1991.2553618319116	1.5
11407.507613173388	1500.0	8.248586759741002	0.0	643847	1760.1578784270873	1.5
11409.46245472412	1500.0	10.293745209009508	0.0	718451	1954.8415507314926	1.5
11411.4325491576	1500.0	12.323650775528844	0.0	724296	1970.0944334806647	1.5
11413.312699859736	1500.0	14.443500073393897	0.0	689829	1880.150702134947	1.5
11416.329860144513	1500.0	15.426339788616762	0.0	737903	3017.160284777135	1.5
11419.638839324649	1500.0	16.11736060847969	0.0	780303	3308.9791801370748	1.5
11423.407810745832	1500.0	16.34838918729774	0.0	891463	3768.971421181947	1.5
11425.79734715692	1500.0	17.958852776210026	0.0	763093	2389.5364110877154	1.5
11428.101326053698	1500.0	19.65487387943152	0.0	769316	2303.978896778506	1.5
11430.333322729217	1500.0	21.422877203911618	0.0	744416	2231.9966755199016	1.5
11432.16544515681	1500.0	23.590754776318434	0.0	606092	1832.1224275931847	1.5
11434.34556506246	1500.0	25.41063487066884	0.0	748011	2180.1199056495925	1.5
11439.148131655704	4000.0	24.608068277424618	0.0	2157416	4802.566593244223	4.0
11444.113346929398	4000.0	23.6428530037322	0.0	2231719	4965.215273692419	4.0
11448.429311475544	4000.0	23.326888457586488	0.0	1835863	4315.964546145713	4.0
11453.582012458772	4000.0	22.174187474359186	0.0	2192675	5152.700983227299	4.0
11459.02433158133	4000.0	20.73186835180122	0.0	2082556	5442.319122557966	4.0
11464.768481815187	4000.0	18.98771811794428	0.0	2164412	5744.150233856944	4.0
11469.78362933917	4000.0	17.97257059396191	0.0	2379358	5015.14752398237	4.0
11473.910135950526	4000.0	17.84606398260593	0.0	1950922	4126.506611355977	4.0
11478.023759382435	4000.0	17.732440550697053	0.0	1849252	4113.623431908877	4.0
11482.13634144205	4000.0	17.619858491080205	0.0	1822097	4112.582059616848	4.0
11486.233218240941	4000.0	17.522981692188907	0.0	1836837	4096.876798891298	4.0
11490.535614453807	4000.0	17.220585479322228	0.0	1984579	4302.396212866679	4.0
11495.015986784332	4000.0	16.740213148799103	0.0	2068230	4480.372330523125	4.0
11504.45035978693	4000.0	11.30584014620026	0.0	2055338	9434.373002598843	4.0
11506.52636409031	1500.0	13.229835842818709	0.0	675709	2076.0043033815514	1.5
11508.271574293012	1500.0	15.484625640117994	0.0	707527	1745.210202700715	1.5
11510.134335612185	1500.0	17.62186432094527	0.0	757473	1862.7613191727223	1.5
11511.890635809297	1500.0	19.86556412383427	0.0	712239	1756.300197111	1.5
11513.462089429373	1500.0	22.29411050375837	0.0	633700	1571.4536200759026	1.5
11515.319364590445	1500.0	24.436835342686322	0.0	755142	1857.2751610720486	1.5
11516.857437083683	1500.0	26.898762849448495	0.0	670327	1538.0724932378253	1.5
11518.593231036652	1500.0	29.162968896480972	0.0	785519	1735.7939529675255	1.5
11520.108800234992	1500.0	31.647399698140944	0.0	681043	1515.5691983400302	1.5
11524.310388009184	4000.0	31.44581192394952	0.0	1955307	4201.587774191424	4.0
11529.042523107568	4000.0	30.713676825565262	0.0	2142800	4732.13509838426	4.0
11533.754648273423	4000.0	30.001551659709442	0.0	2094647	4712.125165855817	4.0
11538.492780996401	4000.0	29.263418936732567	0.0	1985434	4738.132722976876	4.0
11543.186945680784	4000.0	28.569254252348756	0.0	1830641	4694.164684383812	4.0
11547.408325251492	4000.0	28.34787468164114	0.0	1697030	4221.379570707618	4.0
11557.070088784336	8000.0	22.686111148797274	0.0	4340973	9661.763532843865	8.0
11565.705857350578	8000.0	18.050342582554077	0.0	3682991	8635.768566243196	8.0
11580.504554483065	8000.0	7.2516454500676915	0.0	3954105	14798.697132486384	8.0
11584.270558693592	4000.0	7.485641239541375	0.0	1750852	3766.004210526316	4.0
11586.05295027254	1500.0	9.703249660594008	0.0	808636	1782.3915789473685	1.5

