26823.521567819997	600.0	4.0	0.7863508057312324	247108	786.3508057312324	0.008633126	-15.127016114624649
26823.883461556376	200.0	7.638106263622396	0.0	98617	361.8937363776039	0.004705182	0.2
26824.267820008514	200.0	11.253747811483903	0.0	106476	384.3584521384929	0.004705182	0.2
26824.677201507064	200.0	14.844366312931005	0.0	115230	409.38149855289953	0.004705182	0.2
26825.03635397071	200.0	18.485213849287167	0.0	97658	359.15246364383466	0.004705182	0.2
26825.395506434354	200.0	22.126061385643332	0.0	97658	359.15246364383466	0.004705182	0.2
26825.80649439305	200.0	25.715073426948223	0.0	115792	410.9879586951085	0.004705182	0.2
26826.194277292256	200.0	29.327290527745024	0.0	107674	387.7828992032015	0.004705182	0.2
26828.82249753737	1500.0	30.69907028263122	0.0	891463	2628.220245113803	0.042715535	1.5
26843.056412765305	12000.0	20.465155054697306	0.0	5088378	14233.915227933914	0.004705182	12.0
26843.398256157616	200.0	24.12331166238869	0.0	95365	341.8433923086164	0.004705182	0.2
26845.702146587486	1500.0	25.819421232514525	0.0	744416	2303.890429874167	0.25665125	1.5
26846.091056254205	200.0	29.430511565797588	0.0	102419	388.9096667169356	0.004705182	0.2
26848.427159406066	1500.0	31.09440841393512	0.0	748011	2336.1031518624645	0.004705182	1.5
26850.782885540888	1500.0	32.73868227911383	0.0	754517	2355.7261348212937	0.004705182	1.5
26853.682197861806	1500.0	33.839369958196926	0.0	934743	2899.3123209169057	0.004705182	1.5
26855.813396208992	1500.0	35.70817161100813	0.0	735572	2131.198347188792	0.004705182	1.5
26866.784162035165	12000.0	28.737405784838238	0.0	4055239	10970.765826169898	0.004705182	12.0
26868.735663983614	1500.0	30.785903836389952	0.0	747396	1951.5019484482839	0.004705182	1.5
26870.474205699185	1500.0	33.04736212081645	0.0	662349	1738.5417155735013	0.004705182	1.5
26872.6468510503	1500.0	34.874716769704506	0.0	835711	2172.6453511119457	0.3277777	1.5
26883.661425355815	8000.0	27.860142464190076	0.0	3905272	11014.57430551443	0.32898355	8.0
26885.875834290477	1500.0	29.64573352952523	0.0	809327	2214.408934664848	0.004705182	1.5
26887.666630350952	1500.0	31.854937469052235	0.0	681795	1790.7960604729944	0.008316026	1.5
26889.892565988615	1500.0	33.62900183138835	0.0	855209	2225.9356376638857	0.07602216	1.5
26898.44234283664	8000.0	29.079224983362817	0.0	3253093	8549.776848025533	0.004705182	8.0
26900.698916301553	1500.0	30.822651518450535	0.0	794014	2256.573464912281	0.004705182	1.5
26914.648304645187	8000.0	20.873263174815147	0.0	3354913	13949.388343635386	0.008462036	8.0
26918.255120609894	1500.0	21.26644721010851	0.0	675709	3606.815964706639	0.06441764	1.5
26922.0220773582	1500.0	21.4994904618021	0.0	707527	3766.9567483064097	0.004705182	1.5
26925.622802837006	1500.0	21.898764982994777	0.0	757473	3600.7254788073237	0.017638883	1.5
26927.516471450635	1500.0	24.005096369368182	0.0	712239	1893.6686136265976	0.004705182	1.5
26934.074680035297	4000.0	21.446887784707254	0.0	2544033	6558.208584660927	0.9770776	4.0
26936.152916925064	1500.0	23.368650894937304	0.0	755142	2078.236889769952	0.01048896	1.5
26938.146428432647	1500.0	25.375139387354785	0.0	670327	1993.5115075825158	0.015162488	1.5
26949.857451113305	8000.0	17.664116706697502	0.0	4086583	11711.022680657281	0.22744152	8.0
26951.865863671264	1500.0	19.655704148739055	0.0	681043	2008.412557958447	0.004705182	1.5
26954.398686380355	1500.0	21.122881439646214	0.0	866245	2532.82270909284	0.37787116	1.5
26960.807588144442	4000.0	18.713979675562893	0.0	2142800	6408.901764083323	0.59334075	4.0
26967.037364002757	4000.0	16.4842038172481	0.0	2094647	6229.775858314792	0.39499465	4.0
26972.50551875961	4000.0	15.016049060391408	0.0	1985434	5468.154756856693	0.07581112	4.0
26978.07914096268	4000.0	13.442426857324476	0.0	1830641	5573.622203066932	0.13915299	4.0
26980.99098849031	1500.0	14.530579329693474	0.0	767059	2911.8475276310023	0.155199	1.5
26987.586735820656	4000.0	11.93483199934906	0.0	1910697	6595.747330344416	0.06137057	4.0
26989.321600174797	1500.0	14.199967645207382	0.0	629438	1734.8643541416766	0.48281783	1.5
26994.77240189029	4000.0	12.749165929710397	0.0	2042818	5450.801715496985	0.27204946	4.0
27003.034582531513	4000.0	8.486985288489832	0.0	1750852	8262.180641220566	0.0092009995	4.0
27007.147993969447	1500.0	8.373573850555564	0.0	808636	4113.411437934268	0.005458415	1.5

