24978.807378539434	600.0	4.0	0.6271757753574049	247108	627.1757753574049	0.017109664	-11.943515507148097
24979.105747970767	200.0	7.701630568664627	0.0	98617	298.3694313353724	0.004705182	0.2
24979.421519729905	200.0	11.385858809527104	0.0	106476	315.771759137523	0.004705182	0.2
24979.756675631754	200.0	15.050702907676765	0.0	115230	335.1559018503398	0.004705182	0.2
24980.052921531806	200.0	18.754457007625557	0.0	97658	296.24590005120615	0.004705182	0.2
24980.349167431854	200.0	22.458211107574353	0.0	97658	296.24590005120615	0.004705182	0.2
24980.68556778061	200.0	26.121810758819215	0.0	115792	336.40034875513794	0.004705182	0.2
24981.003992293117	200.0	29.803386246315235	0.0	107674	318.42451250397886	0.004705182	0.2
24997.301214269264	12000.0	17.50616427016562	0.0	6619479	16297.221976149616	0.005364186	12.0
24997.667875384435	200.0	21.139503154994742	0.0	105425	366.6611151708784	0.004705182	0.2
24998.007182353827	200.0	24.80019618560161	0.0	95365	339.30696939313094	0.30419707	0.2
24998.346426783923	200.0	28.46095175550797	0.0	95342	339.24443009363904	0.004705182	0.2
24999.86563053208	1500.0	30.941748007352366	0.0	606092	1519.2037481556038	0.004705182	1.5
25001.482356562818	1500.0	33.325021976613165	0.0	748011	1616.7260307392046	0.004705182	1.5
25003.11244862635	1500.0	35.694929913080344	0.0	754517	1630.0920635328257	0.004705182	1.5
25005.112799931547	1500.0	37.694578607883955	0.0	934743	2000.3513051963896	0.004705182	1.5
25018.430612987166	12000.0	28.376765552268818	0.0	5964284	13317.813055615134	0.004705182	12.0
25020.40371175935	1500.0	30.40366678008118	0.0	772616	1973.0987721876381	0.006188566	1.5
25022.48685022295	1500.0	32.32052831648106	0.0	747396	2083.1384636001203	0.004705182	1.5
25022.79701136738	200.0	36.01036717205412	0.0	85876	310.161144426949	0.05017575	0.2
25025.116847877816	1500.0	37.690530661618254	0.0	835711	2319.8365104358604	0.004705182	1.5
25035.010087173436	8000.0	31.79729136599739	0.0	3905272	9893.239295620868	0.0053455294	8.0
25037.011537769195	1500.0	33.79584077023818	0.0	809327	2001.4505957592037	0.004705182	1.5
25038.710210331625	1500.0	36.09716820780588	0.0	681795	1698.6725624323	0.004705182	1.5
25050.4669526669	8000.0	28.340425872535356	0.0	4925863	11756.742335270521	0.004705182	8.0
25052.151209216692	1500.0	30.656169322741373	0.0	644861	1684.2565497939827	0.004705182	1.5
25054.206521974214	1500.0	32.6008565652198	0.0	794014	2055.312757521574	0.2982871	1.5
25062.35644616472	8000.0	28.45093237471516	0.0	3354913	8149.924190504642	0.004705182	8.0
25063.90753743996	1500.0	30.899841099474312	0.0	675709	1551.0912752408426	0.0094315605	1.5
25074.70975787136	8000.0	24.097620668077006	0.0	4435580	10802.220431397307	0.004705182	8.0
25077.01230839401	1500.0	25.795070145428923	0.0	757473	2302.5505226480836	0.005696318	1.5
25079.182134911523	1500.0	27.62524362791563	0.0	712239	2169.8265175132956	0.004705182	1.5
25086.589274517937	8000.0	24.218104021500096	0.0	3713878	7407.139606415532	0.004705182	8.0
25096.555831332902	8000.0	18.251547206535005	0.0	4271839	9966.556814965092	0.42912006	8.0
25098.59245488485	1500.0	20.214923654587547	0.0	670327	2036.6235519474596	0.006805146	1.5
25100.965313408975	1500.0	21.842065130460938	0.0	785519	2372.858524126608	0.9497721	1.5
25108.34622702872	4000.0	18.461151510715702	0.0	2096494	7380.9136197452335	0.7064141	4.0
25115.289940707262	4000.0	15.517437832173087	0.0	1955307	6943.713678542616	0.69704574	4.0
25117.805548723118	1500.0	17.00182981631755	0.0	691256	2515.6080158555383	0.004705182	1.5
25120.443029454233	1500.0	18.364349085201056	0.0	725845	2637.4807311164946	0.321389	1.5
25125.55048524995	4000.0	17.256893289481702	0.0	1985434	5107.455795719353	0.44932675	4.0
25135.192196506272	8000.0	11.61518203316172	0.0	4074581	9641.71125631998	0.40075693	8.0
25137.033702972192	1500.0	13.773675567242353	0.0	767059	1841.5064659193663	0.048987262	1.5
25141.501507717214	4000.0	13.305870822219175	0.0	1910697	4467.80474502318	0.016998343	4.0
25147.517405378458	4000.0	11.289973160978324	0.0	2171279	6015.8976612408505	0.030578228	4.0
25153.02050351596	4000.0	9.786875023477707	0.0	2042818	5503.098137500617	0.06737974	4.0
25157.21434750092	4000.0	9.593031038515303	0.0	1750852	4193.843984962406	0.41336223	4.0
25162.07564235147	4000.0	8.731736187967584	0.0	2034636	4861.294850547719	0.010073713	4.0

