3999.566112882363	600.0	4.0	1.0867293051205662	247108	1086.729305120566	-21.134586102411323
4000.047883055255	200.0	7.518229827107682	0.0	98617	481.7701728923179	0.2
4001.3030293389616	600.0	10.263083543401319	0.0	288447	1255.1462837063632	0.6
4004.3100316051496	1500.0	11.256081277213354	0.0	718451	3007.0022661879657	1.5
4012.5438464889075	4000.0	7.02226639345544	0.0	2069289	8233.814883757914	4.0
4013.8774544629587	600.0	9.688658419404252	0.0	330929	1333.6079740511875	0.6
4016.752740112981	1500.0	10.81337276938176	0.0	737903	2875.285650022492	1.5
4021.1137055752665	1500.0	10.452407307096022	0.0	780303	4360.965462285738	1.5
4029.9469827261123	1500.0	5.619130156249852	0.0	891463	8833.27715084617	1.5
4030.45941793005	200.0	9.106694952312097	0.0	105425	512.4352039377547	0.2
4033.695019745109	1500.0	9.871093137253261	0.0	769316	3235.6018150588357	1.5
4036.8284860460294	1500.0	10.737626836332915	0.0	744416	3133.4663009203477	1.5
4039.3945711076844	1500.0	12.171541774677314	0.0	606092	2566.0850616556004	1.5
4046.8258296731387	4000.0	8.740283209223184	0.0	1805063	7431.258565454131	4.0
4047.981317813218	600.0	11.584795069143778	0.0	264113	1155.4881400794054	0.6
4058.287186678745	4000.0	5.278926203616809	0.0	2231719	10305.868865526969	4.0
4058.7895128065647	200.0	8.776600075797262	0.0	89871	502.32612781954884	0.2
4060.2218688444636	600.0	11.344244037898461	0.0	297839	1432.356037898801	0.6
4068.76582332526	4000.0	6.800289557101874	0.0	2082556	8543.954480796587	4.0
4069.194841817436	200.0	10.371271064925487	0.0	85876	429.0184921763869	0.2
4072.052036591595	1500.0	11.514076290766504	0.0	835711	2857.1947741589847	1.5
4078.106151806906	4000.0	9.459961075455498	0.0	1950922	6054.115215311005	4.0
4080.7695723318598	1500.0	10.796540550501575	0.0	809327	2663.420524953923	1.5
4083.5732116008103	1500.0	11.99290128155121	0.0	681795	2803.6392689503646	1.5
4090.868604265193	4000.0	8.697508617168282	0.0	1836837	7295.392664382929	4.0
4091.621458830332	600.0	11.944654052029342	0.0	221407	752.854565138939	0.6
4097.986797583205	4000.0	9.579315299156544	0.0	2068230	6365.338752872799	4.0
4100.90235048586	1500.0	10.663762396501355	0.0	914284	2915.5529026551885	1.5
4103.966189527618	1500.0	11.599923354743842	0.0	675709	3063.839041757514	1.5
4112.2943333547855	4000.0	7.271779527575936	0.0	2002600	8328.143827167905	4.0
4113.1215409085535	600.0	10.444571973807795	0.0	240372	827.2075537681413	0.6
4115.4155690020425	1500.0	12.150543880318256	0.0	712239	2294.028093489538	1.5
4124.070514767161	4000.0	7.495598115200133	0.0	2544033	8654.945765118124	4.0
4125.533286144818	600.0	10.032826737542827	0.0	344336	1462.7713776573053	0.6
4128.305159748713	1500.0	11.26095313364754	0.0	670327	2771.873603895289	1.5
4134.398591195733	4000.0	9.16752168662682	0.0	1785821	6093.431447020718	4.0
4136.4589430422	1500.0	11.107169840159823	0.0	681043	2060.351846466996	1.5
4142.500357337288	4000.0	9.065755545072035	0.0	1955307	6041.4142950877895	4.0
4145.376276241176	1500.0	10.189836641184073	0.0	691256	2875.918903887962	1.5
4148.392097061237	1500.0	11.17401582112239	0.0	725845	3015.8208200616823	1.5
4156.555553409299	4000.0	7.010559473061061	0.0	1985434	8163.456348061329	4.0
4157.874425626267	600.0	9.691687256093191	0.0	302912	1318.8722169678688	0.6
4161.091601056342	1500.0	10.474511826017274	0.0	767059	3217.175430075918	1.5
4163.943231685174	1500.0	11.622881197185373	0.0	848035	2851.630628831899	1.5
4170.560398198168	4000.0	9.005714684192128	0.0	2171279	6617.166512993245	4.0
4172.980358646491	1500.0	10.585754235868487	0.0	763847	2419.96044832364	1.5
4175.496420379772	1500.0	12.069692502587918	0.0	769491	2516.06173328057	1.5
4182.017689869285	4000.0	9.54842301307466	0.0	2034636	6521.269489513257	4.0

