13691.89119408153	600.0	4.0	0.9255544387176801	247108	925.5544387176801	-17.9110887743536
13692.308641845597	200.0	7.58255223593319	0.0	98617	417.44776406681063	0.2
13694.591758250994	1500.0	9.299435830535298	0.0	643847	2283.1164053978914	1.5
13695.066052397575	200.0	12.825141683953891	0.0	115230	474.29414658140684	0.2
13695.480218654338	200.0	16.41097542719049	0.0	97658	414.16625676340385	0.2
13695.894384911102	200.0	19.996809170427085	0.0	97658	414.16625676340385	0.2
13696.37060210993	200.0	23.520591971599053	0.0	115792	476.21719882803313	0.2
13699.120643813132	1500.0	24.77055026839753	0.0	780303	2750.041703201523	1.5
13700.195440109032	600.0	27.695753972497275	0.0	290723	1074.7962959002546	0.6
13714.37771165097	12000.0	17.513482430559122	0.0	5088378	14182.271541938153	12.0
13715.04169781689	600.0	20.849496264638844	0.0	329266	663.9861659202768	0.6
13715.290796384706	200.0	24.600397696820814	0.0	95342	249.09856781802864	0.2
13715.552446719474	200.0	28.338747362053823	0.0	102419	261.6503347669933	0.2
13715.775872427805	200.0	32.11532165372234	0.0	80867	223.42570833148585	0.2
13716.324303235237	600.0	35.56689084629095	0.0	264113	548.4308074313839	0.6
13716.571690279088	200.0	39.319503802438696	0.0	94377	247.3870438522591	0.2
13717.956300752196	1500.0	41.934893329330905	0.0	735572	1384.6104731077905	1.5
13727.405177128821	12000.0	36.486016952705	0.0	4055239	9448.876376625902	12.0
13741.20404001054	12000.0	26.687154070986125	0.0	5385367	13798.862881718876	12.0
13741.99847117579	600.0	29.892722905736758	0.0	310849	794.431165249368	0.6
13750.747066219632	12000.0	25.144127861895	0.0	5251330	8748.595043841757	12.0
13759.085540722208	8000.0	20.805653359319354	0.0	3905272	8338.474502575647	8.0
13770.412420492941	12000.0	13.478773588586801	0.0	5141915	11326.879770732552	12.0
13771.941910919337	1500.0	15.949283162192614	0.0	681795	1529.4904263941855	1.5
13772.759500310638	600.0	19.131693770890575	0.0	346939	817.589391302037	0.6
13783.878090870548	8000.0	12.013103210980562	0.0	3253093	11118.590559910013	8.0
13784.134924982407	200.0	15.756269099122845	0.0	88490	256.8341118577174	0.2
13790.919219939065	8000.0	12.97197414246209	0.0	3354913	6784.294956660755	8.0
13791.18705097846	200.0	16.70414310306959	0.0	93993	267.8310393925012	0.2
13791.87205584944	600.0	20.01913823208815	0.0	302752	685.0048709814403	0.6
13792.139864906969	200.0	23.75132917456061	0.0	93982	267.8090575275398	0.2
13792.806199181192	600.0	27.084994900336845	0.0	293409	666.3342742237654	0.6
13800.080431022912	8000.0	23.810763058616814	0.0	3713878	7274.231841720034	8.0
13800.333064532408	200.0	27.558129549120927	0.0	89422	252.63350949588553	0.2
13808.132935783717	8000.0	23.758258297812933	0.0	3707853	7799.8712513079945	8.0
13812.169392671793	4000.0	23.72180140973639	0.0	1785821	4036.456888076545	4.0
13812.47556694726	200.0	27.415627134268714	0.0	102088	306.1742754676747	0.2
13813.281053592049	600.0	30.610140489479946	0.0	327462	805.4866447887675	0.6
13824.59303559564	12000.0	23.298158485888795	0.0	5257310	11311.98200359115	12.0
13828.517659098601	4000.0	23.37353498292913	0.0	2094647	3924.623502959666	4.0
13838.183225840019	12000.0	17.707968241510834	0.0	4828747	9665.566741418299	12.0
13839.741709555983	1500.0	20.149484525547138	0.0	657685	1558.4837159636945	1.5
13843.636653215184	4000.0	20.254540866345742	0.0	1697030	3894.943659201394	4.0
13846.934102449504	4000.0	20.95709163202533	0.0	1910697	3297.4492343204092	4.0
13847.996591889045	1500.0	23.894602192485795	0.0	629438	1062.4894395395347	1.5
13849.268880265221	1500.0	26.622313816309028	0.0	763847	1272.2883761767716	1.5
13858.398949132754	12000.0	21.49224494877662	0.0	5704199	9130.068867532407	12.0
13867.666475022646	12000.0	16.22471905888379	0.0	5646381	9267.525889892833	12.0

