13660.481470286997	600.0	4.0	0.9546992323178691	247108	954.6992323178691	-18.493984646357383
13661.657807093705	600.0	6.823663193292184	0.0	309722	1176.3368067078163	0.6
13662.758835832008	600.0	9.722634454989933	0.0	288447	1101.02873830225	0.6
13663.828874105497	600.0	12.652596181500408	0.0	279692	1070.0382734895247	0.6
13666.472697029767	1500.0	14.008773257228821	0.0	724296	2643.8229242715875	1.5
13668.994515573606	1500.0	15.486954713391295	0.0	689829	2521.818543837526	1.5
13671.687176525886	1500.0	16.79429376111252	0.0	737903	2692.660952278775	1.5
13674.530411442445	1500.0	17.951058844552826	0.0	780303	2843.2349165596925	1.5
13677.76728984535	1500.0	18.714180441649017	0.0	891463	3236.8784029038115	1.5
13680.566843551282	1500.0	19.914626735716144	0.0	763093	2799.5537059328717	1.5
13683.582253848661	1500.0	20.899216438336992	0.0	769316	3015.4102973791523	1.5
13686.50265544168	1500.0	21.97881484531956	0.0	744416	2920.4015930174323	1.5
13688.89526651172	1500.0	23.58620377527926	0.0	606092	2392.6110700403024	1.5
13691.659981254094	1500.0	24.8214890329063	0.0	748011	2764.714742372963	1.5
13694.206529145562	1500.0	26.2749411414385	0.0	754517	2546.5478914678	1.5
13697.342243431276	1500.0	27.139226855724214	0.0	934743	3135.714285714286	1.5
13703.726960446022	4000.0	24.754509840977722	0.0	1835863	6384.717014746492	4.0
13706.634531067491	1500.0	25.846939219508794	0.0	772616	2907.5706214689267	1.5
13709.449803145992	1500.0	27.031667141007457	0.0	747396	2815.272078501338	1.5
13711.943531840765	1500.0	28.537938446232484	0.0	662349	2493.728694774971	1.5
13715.043946568572	1500.0	29.437523718425844	0.0	835711	3100.414727806641	1.5
13722.257881232754	4000.0	26.223589054244812	0.0	1950922	7213.934664181032	4.0
13725.536091116921	1500.0	26.94537917007874	0.0	809327	3278.20988416607	1.5
13728.310333997702	1500.0	28.171136289296303	0.0	681795	2774.242880782435	1.5
13731.757408913798	1500.0	28.724061373199905	0.0	855209	3447.074916096402	1.5
13734.255222102158	1500.0	30.226248184841655	0.0	644861	2497.8131883582514	1.5
13737.312262923268	1500.0	31.16920736373278	0.0	794014	3057.040821108872	1.5
13740.820238739923	1500.0	31.66123154707627	0.0	914284	3507.975816656512	1.5
13743.401862448085	1500.0	33.07960783891289	0.0	675709	2581.623708163379	1.5
13750.839628591191	4000.0	29.641841695806434	0.0	2002600	7437.766143106457	4.0
13753.591357061074	1500.0	30.890113225923983	0.0	757473	2751.728469882453	1.5
13760.35556501267	4000.0	28.12590527432873	0.0	1947068	6764.207951595255	4.0
13762.650040514362	1500.0	29.831429772637627	0.0	633700	2294.4755016911013	1.5
13765.55003631317	1500.0	30.931433973827968	0.0	755142	2899.995798809663	1.5
13772.458624946617	4000.0	28.022845340381824	0.0	1828568	6908.588633446143	4.0
13779.20757955042	4000.0	25.273890736577414	0.0	1785821	6748.954603804411	4.0
13781.830860680073	1500.0	26.65060960692401	0.0	681043	2623.281129653402	1.5
13785.651978928474	1500.0	26.829491358521977	0.0	866245	3821.118248402037	1.5
13788.820097314627	1500.0	27.661372972370923	0.0	691256	3168.1183861510544	1.5
13792.142738666014	1500.0	28.33873162098184	0.0	725845	3322.641351389083	1.5
13795.29533843316	1500.0	29.186131853836915	0.0	811013	3152.5997671449204	1.5
13797.78124633933	1500.0	30.70022394766837	0.0	657685	2485.9079061685493	1.5
13804.12455438161	4000.0	28.356915905387407	0.0	1697030	6343.308042280962	4.0
13807.462468327056	1500.0	29.019001959939843	0.0	848035	3337.9139454475608	1.5
13809.960593567164	1500.0	30.520876719832273	0.0	629438	2498.1252401075685	1.5
13812.975080697399	1500.0	31.50638958959793	0.0	763847	3014.487130234345	1.5
13819.682167091942	4000.0	28.799303195054897	0.0	1750852	6707.08639454303	4.0
13822.821271456627	1500.0	29.6601988303696	0.0	808636	3139.104364685298	1.5

