7747.194090205026	600.0	4.0	0.7547436685097959	247108	754.743668509796	-14.494873370195918
7748.119805270901	600.0	7.074284934125196	0.0	309722	925.7150658748037	0.6
7748.9874276342025	600.0	10.206662570823948	0.0	288447	867.6223633012493	0.6
7751.029202499381	1500.0	12.164887705645437	0.0	718451	2041.7748651785107	1.5
7753.086937498357	1500.0	14.107152706669396	0.0	724296	2057.7349989760396	1.5
7755.050558223321	1500.0	16.143531981705234	0.0	689829	1963.6207249641614	1.5
7757.157388220875	1500.0	18.036701984151584	0.0	737903	2106.8299975536524	1.5
7759.542183952751	1500.0	19.651906252275417	0.0	780303	2384.7957318761655	1.5
7762.255315079409	1500.0	20.93877512561626	0.0	891463	2713.1311266591592	1.5
7764.589277308729	1500.0	22.604812896296906	0.0	763093	2333.9622293193524	1.5
7766.941620530867	1500.0	24.25246967415878	0.0	769316	2352.343222138123	1.5
7772.4633141478525	4000.0	22.730776057173763	0.0	1761739	5521.69361698502	4.0
7774.421831862824	1500.0	24.772258342201756	0.0	606092	1958.5177149720087	1.5
7780.045196936045	4000.0	23.1488932689805	0.0	1805063	5623.3650732212545	4.0
7782.4165158572205	1500.0	24.777574347804496	0.0	754517	2371.318921176002	1.5
7785.335145500207	1500.0	25.858944704818562	0.0	934743	2918.6296429859362	1.5
7790.92934635034	4000.0	24.264743854684465	0.0	1835863	5594.200850134097	4.0
7793.310810800287	1500.0	25.883279404737525	0.0	772616	2381.4644499469405	1.5
7799.362949074594	4000.0	23.831141130430616	0.0	2082556	6052.138274306908	4.0
7801.136746763472	1500.0	26.057343441553094	0.0	662349	1773.7976888775233	1.5
7803.353875921015	1500.0	27.84021428400998	0.0	835711	2217.129157543114	1.5
7808.46810232522	4000.0	26.725987879804737	0.0	1950922	5114.226404205244	4.0
7814.233625662589	4000.0	24.96046454243612	0.0	1849252	5765.523337368614	4.0
7819.721681232315	4000.0	23.47240897270989	0.0	1822097	5488.05556972623	4.0
7824.745145934337	4000.0	22.44894427068638	0.0	1836837	5023.464702023515	4.0
7830.632134780186	4000.0	20.561955424837883	0.0	1984579	5886.988845848494	4.0
7833.453600005365	1500.0	21.74049019965932	0.0	794014	2821.465225178568	1.5
7836.690317383065	1500.0	22.503772821959224	0.0	914284	3236.717377700093	1.5
7839.063199831468	1500.0	24.13089037355564	0.0	675709	2372.882448403583	1.5
7841.30115785583	1500.0	25.892932349193757	0.0	707527	2237.9580243618825	1.5
7843.691451227797	1500.0	27.50263897722708	0.0	757473	2390.293371966679	1.5
7849.624232892532	4000.0	25.569857312492363	0.0	1947068	5932.7816647347145	4.0
7851.403730043052	1500.0	27.790360161972753	0.0	633700	1779.497150519611	1.5
7857.183047508691	4000.0	26.011042696334133	0.0	2125133	5779.317465638619	4.0
7863.2467085334865	4000.0	23.947381671538285	0.0	1828568	6063.661024795848	4.0
7870.125955563768	4000.0	21.068134641257075	0.0	1785821	6879.24703028121	4.0
7873.788153532143	1500.0	21.405936672882046	0.0	681043	3662.1979683750287	1.5
7878.4244900323565	1500.0	20.769600172668365	0.0	866245	4636.3365002136825	1.5
7881.463622064044	1500.0	21.73046814098129	0.0	691256	3039.1320316870747	1.5
7884.360386555919	1500.0	22.833703649106443	0.0	725845	2896.7644918748488	1.5
7887.5876599005705	1500.0	23.60643030445449	0.0	811013	3227.2733446519524	1.5
7890.194087020944	1500.0	25.000003184080725	0.0	657685	2606.4271203737667	1.5
7893.067964274632	1500.0	26.12612593039287	0.0	767059	2873.8772536878528	1.5
7896.236782340558	1500.0	26.95730786446681	0.0	848035	3168.818065926061	1.5
7898.60939935021	1500.0	28.584690854814653	0.0	629438	2372.6170096521582	1.5
7901.253317481287	1500.0	29.94077272373763	0.0	763847	2643.918131077023	1.5
7906.681165447229	4000.0	28.51292475779448	0.0	1750852	5427.8479659431505	4.0
7909.231084314037	1500.0	29.963005890986548	0.0	808636	2549.9188668079337	1.5

