5996.359189048493	600.0	4.0	0.7715618058106384	247108	771.5618058106384	-14.831236116212768
5998.488913559171	1500.0	5.87027548932151	0.0	732405	2129.724510678491	1.5
6000.370797731217	1500.0	7.988391317276243	0.0	643847	1881.8841720452676	1.5
6002.46147027499	1500.0	9.89771877350405	0.0	718451	2090.6725437721925	1.5
6004.568500762474	1500.0	11.790688286019137	0.0	724296	2107.0304874849135	1.5
6006.541583120984	1500.0	13.817605927510021	0.0	689829	1973.082358509115	1.5
6008.535325036599	1500.0	15.823864011895608	0.0	737903	1993.7419156144133	1.5
6010.639030805486	1500.0	17.720158243007727	0.0	780303	2103.7057688878804	1.5
6013.031028601023	1500.0	19.328160447471767	0.0	891463	2391.9977955359604	1.5
6015.090100456824	1500.0	21.26908859166965	0.0	763093	2059.071855802117	1.5
6017.170506874279	1500.0	23.188682174215362	0.0	769316	2080.406417454289	1.5
6019.1955165906265	1500.0	25.163672457867403	0.0	744416	2025.0097163479597	1.5
6020.859113435672	1500.0	27.50007561282274	0.0	606092	1663.5968450446626	1.5
6022.893516166047	1500.0	29.465672882447315	0.0	748011	2034.4027303754267	1.5
6024.944917769652	1500.0	31.41427127884165	0.0	754517	2051.4016036056637	1.5
6027.51113951988	1500.0	32.848049528614155	0.0	934743	2566.2217502274993	1.5
6029.653840327845	1500.0	34.705348720650186	0.0	735572	2142.700807963966	1.5
6031.900420414426	1500.0	36.458768634070104	0.0	772616	2246.580086580087	1.5
6034.076278240809	1500.0	38.282910807685965	0.0	747396	2175.8578263841423	1.5
6036.013646136072	1500.0	40.34554291242333	0.0	662349	1937.3678952626321	1.5
6038.362421835151	1500.0	41.99676721334444	0.0	835711	2348.775699078888	1.5
6040.559219315135	1500.0	43.79996973336019	0.0	806394	2196.79747998425	1.5
6042.763715968239	1500.0	45.59547308025611	0.0	809327	2204.496653104082	1.5
6044.6334390290085	1500.0	47.72575001948698	0.0	681795	1869.72306076913	1.5
6046.958376684869	1500.0	49.400812363626635	0.0	855209	2324.9376558603494	1.5
6049.448301893822	1500.0	50.910887154673404	0.0	644861	2489.9252089532292	1.5
6053.018089829214	1500.0	51.34109921928169	0.0	794014	3569.7879353917156	1.5
6057.116479017215	1500.0	51.24271003128037	0.0	914284	4098.389188001318	1.5
6059.288048631084	1500.0	53.071140417411414	0.0	675709	2171.5696138689505	1.5
6061.268566049031	1500.0	55.090622999464635	0.0	707527	1980.5174179467808	1.5
6063.383245474868	1500.0	56.97594357362731	0.0	757473	2114.6794258373207	1.5
6065.376419990103	1500.0	58.98276905839186	0.0	712239	1993.1745152354572	1.5
6067.589628082104	1500.0	59.700561386101086	0.0	633700	1782.2076722907748	1.5
6071.753209512745	1500.0	59.53697995546027	0.0	755142	2163.5814306408224	1.5
6075.68277011149	1500.0	59.607419356715695	0.0	670327	1929.560598744568	1.5
6079.491775595391	1500.0	59.79841387281501	0.0	785519	2309.0054839006816	1.5
6083.668703912527	1500.0	59.62148555567848	0.0	681043	2176.9283171365346	1.5
6087.415868350129	1500.0	59.87432111807625	0.0	866245	2747.1644376022327	1.5
6091.765546907107	1500.0	59.52464256109875	0.0	691256	1849.678556977499	1.5
6095.676696981214	1500.0	59.61349248699197	0.0	725845	1911.1500741067769	1.5
6099.304092567737	1500.0	59.98609690046896	0.0	811013	2127.3955865230073	1.5
6103.60656447785	1500.0	59.6836249903566	0.0	657685	2302.4719101123596	1.5
6107.77863679347	1500.0	59.51155267473609	0.0	767059	2672.0723156205117	1.5
6111.686512811002	1500.0	59.60367665720383	0.0	848035	2407.8760175322623	1.5
6115.467581657702	1500.0	59.82260781050427	0.0	629438	1781.0688466995473	1.5
6119.025159394648	1500.0	59.67829593968474	0.0	763847	2144.3118708195393	1.5
6123.134575057199	1500.0	59.56888027713343	0.0	769491	2109.4156625513046	1.5
6126.847229712943	1500.0	59.856225621389775	0.0	808636	2212.65465574365	1.5

