23285.54961387516	600.0	4.0	0.9673814386713051	247108	967.3814386713051	-18.7476287734261
23288.259729462636	1500.0	5.289884412523847	0.0	732405	2710.1155874761535	1.5
23290.651827319216	1500.0	6.897786555942093	0.0	643847	2392.097856581753	1.5
23293.3118331547	1500.0	8.23778072045786	0.0	718451	2660.005835484233	1.5
23296.002838991633	1500.0	9.546774883523746	0.0	724296	2691.005836934115	1.5
23298.584598817557	1500.0	10.965015057602352	0.0	689829	2581.759825921393	1.5
23301.340705622035	1500.0	12.208908253123452	0.0	737903	2756.106804478898	1.5
23304.250581863027	1500.0	13.299032012133381	0.0	780303	2909.8762409900723	1.5
23307.639074541752	1500.0	13.910539333408144	0.0	891463	3388.4926787252366	1.5
23310.57890823814	1500.0	14.970705637017634	0.0	763093	2939.833696390509	1.5
23313.542063790574	1500.0	16.00755008458515	0.0	769316	2963.155552432483	1.5
23316.330195085044	1500.0	17.219418790114425	0.0	744416	2788.1312944707265	1.5
23318.468232436488	1500.0	19.0813814386713	0.0	606092	2138.037351443124	1.5
23321.08816792036	1500.0	20.461445954800336	0.0	748011	2619.935483870968	1.5
23323.730195085045	1500.0	21.81941879011443	0.0	754517	2642.0271646859087	1.5
23327.034291142645	1500.0	22.51532273251248	0.0	934743	3304.09605760195	1.5
23329.72351208886	1500.0	23.8261017862969	0.0	735572	2689.220946215581	1.5
23332.544135509248	1500.0	25.005478365909365	0.0	772616	2820.6234203875315	1.5
23335.275298547425	1500.0	26.274315327732626	0.0	747396	2731.1630381767395	1.5
23338.03965008132	1500.0	27.509963793839802	0.0	662349	2764.3515338928255	1.5
23341.736076759524	1500.0	27.813537115633494	0.0	835711	3696.4266782063078	1.5
23345.305638072878	1500.0	28.243975802278165	0.0	806394	3569.561313355331	1.5
23348.51476302156	1500.0	29.034850853595447	0.0	809327	3209.124948682719	1.5
23351.098658171562	1500.0	30.45095570359659	0.0	681795	2583.8951499988525	1.5
23354.319417002785	1500.0	31.23019687237112	0.0	855209	3220.7588312254693	1.5
23356.758902820962	1500.0	32.79071105419351	0.0	644861	2439.4858181776062	1.5
23359.51240689302	1500.0	34.03720698213812	0.0	794014	2753.504072055389	1.5
23362.67086898187	1500.0	34.87874489328945	0.0	914284	3158.462088848671	1.5
23365.026031337977	1500.0	36.52358253717926	0.0	675709	2355.162356110188	1.5
23367.582964832258	1500.0	37.96664904289781	0.0	707527	2556.9334942814526	1.5
23370.690359231878	1500.0	38.85925464327749	0.0	757473	3107.3943996203134	1.5
23373.61696678065	1500.0	39.93264709450523	0.0	712239	2926.607548772263	1.5
23376.22967729448	1500.0	41.31993658067913	0.0	633700	2612.710513826094	1.5
23379.134682776592	1500.0	42.41493109856599	0.0	755142	2905.005482113151	1.5
23381.63840924605	1500.0	43.91120462910767	0.0	670327	2503.7264694583173	1.5
23384.558639749313	1500.0	44.99097412584221	0.0	785519	2920.230503265463	1.5
23387.101112461794	1500.0	46.448501413361136	0.0	681043	2542.4727124810743	1.5
23390.20563157737	1500.0	47.34398229778528	0.0	866245	3104.5191155758525	1.5
23392.685097017555	1500.0	48.86451685759784	0.0	691256	2479.465440187443	1.5
23395.284626674344	1500.0	50.264987200809536	0.0	725845	2599.5296567883024	1.5
23398.2271739708	1500.0	51.32243990435231	0.0	811013	2942.5472964572227	1.5
23400.9307646861	1500.0	52.6188491890515	0.0	657685	2703.590715300805	1.5
23404.070662464652	1500.0	53.478951410498055	0.0	767059	3139.897778553442	1.5
23407.53358400346	1500.0	54.0160298716913	0.0	848035	3462.921538806752	1.5
23409.864675474728	1500.0	55.68493840042323	0.0	629438	2331.091471268078	1.5
23412.584148511032	1500.0	56.965465364118884	0.0	763847	2719.473036304343	1.5
23415.323124387327	1500.0	58.22648948782577	0.0	769491	2738.9758762931124	1.5
23418.197365797172	1500.0	59.352248077981926	0.0	808636	2874.241409843855	1.5

