14090.222444290772	600.0	4.0	0.7665422216048203	247108	766.5422216048204	-14.730844432096406
14092.337291223344	1500.0	5.885153067426071	0.0	732405	2114.846932573929	1.5
14094.206096724396	1500.0	8.016347566375524	0.0	643847	1868.805501050548	1.5
14096.28217514215	1500.0	9.940269148622134	0.0	718451	2076.0784177533906	1.5
14098.374492772253	1500.0	11.847951518519164	0.0	724296	2092.3176301029707	1.5
14100.463475963903	1500.0	13.75896832686798	0.0	689829	2088.9831916511835	1.5
14103.029043963903	1500.0	15.19340032686798	0.0	737903	2565.568	1.5
14105.737433016535	1500.0	16.4850112742364	0.0	780303	2708.389052631579	1.5
14108.820255753377	1500.0	17.40218853739429	0.0	891463	3082.8227368421053	1.5
14111.417696455668	1500.0	18.804747835102987	0.0	763093	2597.4407022913056	1.5
14113.976063145155	1500.0	20.246381145617217	0.0	769316	2558.366689485765	1.5
14116.454213992818	1500.0	21.768230297954833	0.0	744416	2478.150847662385	1.5
14118.486751342312	1500.0	23.73569294846021	0.0	606092	2032.5373494946243	1.5
14120.951752751147	1500.0	25.27069153962348	0.0	748011	2465.0014088367293	1.5
14123.312379947278	1500.0	26.91006434349245	0.0	754517	2360.6271961310313	1.5
14126.217764010451	1500.0	28.00468028031944	0.0	934743	2905.384063173008	1.5
14128.52112744416	1500.0	29.701316846609537	0.0	735572	2303.363433709903	1.5
14130.931751655058	1500.0	31.29069263571115	0.0	772616	2410.62421089839	1.5
14133.008534983941	1500.0	33.213909306830566	0.0	747396	2076.7833288805773	1.5
14134.858102176033	1500.0	35.36434211473866	0.0	662349	1849.5671920919049	1.5
14137.170832606169	1500.0	37.051611684602406	0.0	835711	2312.730430136254	1.5
14139.405238163208	1500.0	38.817206127562606	0.0	806394	2234.4055570398077	1.5
14141.66187717867	1500.0	40.560567112100536	0.0	809327	2256.6390154620644	1.5
14143.637990645959	1500.0	42.58445364481277	0.0	681795	1976.1134672877702	1.5
14146.096379021123	1500.0	44.12606526964765	0.0	855209	2458.3883751651256	1.5
14147.969776782369	1500.0	46.252667508401736	0.0	644861	1873.3977612459155	1.5
14150.257978131185	1500.0	47.96446615958716	0.0	794014	2288.201348814573	1.5
14153.03900951956	1500.0	49.18343477121171	0.0	914284	2781.031388375453	1.5
14155.24936558569	1500.0	50.97307870508233	0.0	675709	2210.356066129382	1.5
14157.560036534873	1500.0	52.662407755901064	0.0	707527	2310.670949181265	1.5
14160.028175808553	1500.0	54.19426848222079	0.0	757473	2468.13927368027	1.5
14162.336308767733	1500.0	55.88613552304023	0.0	712239	2308.1329591805656	1.5
14164.311344652902	1500.0	57.91109963787277	0.0	633700	1975.0358851674641	1.5
14166.649544413667	1500.0	59.57289987710722	0.0	755142	2338.1997607655503	1.5
14170.234110801228	1500.0	59.98833348954741	0.0	670327	2084.566387559809	1.5
14174.661072369658	1500.0	59.56137192111825	0.0	785519	2426.9615684291566	1.5
14178.26474878016	1500.0	59.95769551061423	0.0	681043	2103.67641050403	1.5
14182.418741277283	1500.0	59.80370301349281	0.0	866245	2653.9924971214205	1.5
14186.489300113462	1500.0	59.733144177313775	0.0	691256	2070.5588361790324	1.5
14190.656861229365	1500.0	59.565583061409264	0.0	725845	2167.5611159045156	1.5
14194.640707864753	1500.0	59.581736426021344	0.0	811013	2483.846635387917	1.5
14198.516893602731	1500.0	59.70555068804456	0.0	657685	2376.1857379767825	1.5
14202.274938466133	1500.0	59.94750582464227	0.0	767059	2758.0448634022873	1.5
14206.436841317918	1500.0	59.785602972857525	0.0	848035	2661.902851784744	1.5
14210.35858229301	1500.0	59.86386199776517	0.0	629438	1921.7409750923523	1.5
14214.211308235735	1500.0	59.5488391383233	0.0	763847	2315.0228594418636	1.5
14217.794995375663	1500.0	59.965151998395555	0.0	769491	2083.6871399277416	1.5
14221.980612665642	1500.0	59.779534708417366	0.0	808636	2185.6172899781927	1.5

