12673.159568069683	600.0	4.0	0.7248433448045276	247108	724.8433448045276	0.005903265	-13.896866896090552
12673.496915124957	200.0	7.66265294472624	0.0	98617	337.3470552737593	0.004705182	0.2
12673.854770718386	200.0	11.304797351295809	0.0	106476	357.8555934304307	0.004705182	0.2
12674.23547040687	200.0	14.924097662812127	0.0	115230	380.6996884836821	0.004705182	0.2
12674.570314893357	200.0	18.58925317632476	0.0	97658	334.84448648736804	0.004705182	0.2
12674.905159379845	200.0	22.254408689837394	0.0	97658	334.84448648736804	0.004705182	0.2
12675.287325641486	200.0	25.872242428196305	0.0	115792	382.16626164108754	0.004705182	0.2
12675.648307488731	200.0	29.511260580953472	0.0	107674	360.9818472428359	0.004705182	0.2
12678.054634368837	1500.0	31.10493370084648	0.0	891463	2406.326880106992	0.68755454	1.5
12691.43084502563	12000.0	21.72872304405265	0.0	5088378	13376.210656793828	0.004705182	12.0
12691.760246790915	200.0	25.39932127876988	0.0	95365	329.4017652827722	0.004705182	0.2
12693.772859226054	1500.0	27.386708843630913	0.0	744416	2012.6124351389649	0.025690874	1.5
12694.111008220209	200.0	31.048559849475364	0.0	102419	338.14899415554754	0.004705182	0.2
12696.076383856247	1500.0	33.083184213438244	0.0	748011	1965.3756360371146	0.004705182	1.5
12698.058157986274	1500.0	35.10141008341099	0.0	754517	1981.7741300272532	0.004705182	1.5
12700.494195100911	1500.0	36.665372968774655	0.0	934743	2436.037114636337	0.004705182	1.5
12702.428218006124	1500.0	38.731350063561905	0.0	735572	1934.0229052127474	0.004705182	1.5
12712.737481496979	12000.0	32.42208657270651	0.0	4055239	10309.263490855396	0.004705182	12.0
12714.691304836322	1500.0	34.46826323336402	0.0	747396	1953.8233393424903	0.004705182	1.5
12716.41615172204	1500.0	36.74341634764486	0.0	662349	1724.8468857191638	0.490202	1.5
12725.751673571254	8000.0	31.407894498429616	0.0	3690869	9335.521849215243	0.004705182	8.0
12727.950452452937	1500.0	33.209115616748036	0.0	806394	2198.7788816815832	0.004705182	1.5
12738.865267902047	8000.0	26.294300167639644	0.0	3805854	10914.81544910839	0.13837469	8.0
12741.134982463049	1500.0	28.024585606637597	0.0	681795	2269.7145610020475	0.01238998	1.5
12743.961649129715	1500.0	29.19791893997093	0.0	855209	2826.6666666666665	0.004705182	1.5
12745.799607954114	1500.0	31.35996011557229	0.0	644861	1837.9588243986404	0.08487018	1.5
12756.86022333984	8000.0	24.299344729846073	0.0	4274504	11060.615385726216	0.010790632	8.0
12759.242625757366	1500.0	25.916942312319	0.0	914284	2382.402417527071	0.004705182	1.5
12761.024234923823	1500.0	28.13533314586219	0.0	675709	1781.6091664568119	0.18618815	1.5
12762.885970003148	1500.0	30.273598066537083	0.0	707527	1861.735079325107	0.29722995	1.5
12773.79125530579	8000.0	23.3683127638952	0.0	4025712	10905.285302641885	0.004705182	8.0
12775.94979788496	1500.0	25.209770184725905	0.0	712239	2158.542579169295	0.004705182	1.5
12778.042782061735	1500.0	27.11678600795051	0.0	633700	2092.984176775398	0.2641193	1.5
12780.52153367483	1500.0	28.638034394855154	0.0	755142	2478.7516130953563	0.029859263	1.5
12792.863172485442	8000.0	20.296395584243232	0.0	3707853	12341.638810611918	0.004705182	8.0
12795.5663992334	1500.0	21.59316883628791	0.0	785519	2703.2267479553243	0.004705182	1.5
12797.633613005877	1500.0	23.52595506381098	0.0	681043	2067.21377247693	0.13859995	1.5
12803.418998715473	4000.0	21.740569354214742	0.0	1955307	5785.385709596236	0.69385946	4.0
12809.208361622557	4000.0	19.951206447130474	0.0	2142800	5789.36290708427	0.5784511	4.0
12814.609366941284	4000.0	18.550201128403792	0.0	2094647	5401.005318726681	0.024323184	4.0
12820.917999395937	4000.0	16.241568673751882	0.0	1985434	6308.632454651908	0.5718058	4.0
12823.161436895936	1500.0	17.998131173751883	0.0	657685	2243.4375	0.25490195	1.5
12829.008623481739	4000.0	16.150944587949738	0.0	1697030	5847.1865858021465	0.10243814	4.0
12835.767776657332	4000.0	13.391791412358206	0.0	1910697	6759.153175591532	0.08899554	4.0
12837.790125604935	1500.0	15.369442464754226	0.0	629438	2022.3489476039792	0.69013953	1.5
12844.096212428944	4000.0	13.063355640745234	0.0	2042818	6306.086824008991	0.07297491	4.0
12849.372148422777	4000.0	11.787419646911601	0.0	1750852	5275.935993833633	0.007830922	4.0
12855.39106587238	4000.0	9.76850219730839	0.0	2034636	6018.917449603212	0.014901484	4.0

