11017.884539688612	600.0	4.0	0.7248433448045276	247108	724.8433448045276	-13.896866896090552
11018.221886743884	200.0	7.66265294472624	0.0	98617	337.3470552737593	0.2
11019.982044622311	1500.0	9.902495066299153	0.0	643847	1760.1578784270873	1.5
11020.791917895516	600.0	13.092621793094448	0.0	279692	809.8732732047038	0.6
11021.126762382004	200.0	16.757777306607082	0.0	97658	334.84448648736804	0.2
11021.461606868492	200.0	20.422932820119712	0.0	97658	334.84448648736804	0.2
11022.397381011007	600.0	23.487158677605077	0.0	327938	935.774142514638	0.6
11023.194548332782	600.0	26.689991355829925	0.0	274823	797.1673217751537	0.6
11023.523252522758	200.0	30.3612871658539	0.0	95305	328.7041899760247	0.2
11040.85748375776	12000.0	17.02705593085255	0.0	5088378	17334.231235001345	12.0
11041.889343117798	600.0	19.995196570814972	0.0	329266	1031.8593600375812	0.6
11047.06227028639	4000.0	18.822269402224084	0.0	1761739	5172.92716859089	4.0
11048.7257297533	1500.0	21.15880993531251	0.0	606092	1663.4594669115706	1.5
11048.982746977932	200.0	24.90179271068088	0.0	80867	257.01722463163367	0.2
11049.243886074699	200.0	28.640653613913745	0.0	82750	261.1390967671323	0.2
11050.033940389067	600.0	31.850599299547117	0.0	324375	790.0543143666289	0.6
11050.310667298621	200.0	35.57387238999353	0.0	89871	276.72690955358246	0.2
11059.30553324375	12000.0	30.579006444862365	0.0	4055239	8994.86594513117	12.0
11059.595872167984	200.0	34.28866752062871	0.0	90919	290.33892423366103	0.2
11059.874544232762	200.0	38.00999545585138	0.0	85876	278.67206477732793	0.2
11072.555608959254	12000.0	29.328930729359126	0.0	5251330	12681.06472649225	12.0
11082.071487891644	8000.0	23.813051796969418	0.0	3905272	9515.878932389705	8.0
11093.072392934168	12000.0	16.81214675444558	0.0	5141915	11000.905042523842	12.0
11094.661310563326	1500.0	19.22322912528727	0.0	681795	1588.9176291583096	1.5
11094.950577594242	200.0	22.933962094372266	0.0	94556	289.26703091500104	0.2
11102.114575203414	8000.0	19.769964485199722	0.0	3253093	7163.997609172542	8.0
11102.382846791934	200.0	23.50169289667814	0.0	88490	268.27158852158186	0.2
11109.839391604059	8000.0	20.04514808455445	0.0	3354913	7456.544812123692	8.0
11111.273408469426	600.0	22.61113121918661	0.0	291029	1434.0168653678397	0.6
11114.64518863808	1500.0	23.23935105053293	0.0	707527	3371.7801686536786	1.5
11115.843523037614	600.0	26.041016650998184	0.0	240372	1198.3343995347486	0.6
11117.288612889315	600.0	28.595926799297107	0.0	293409	1445.089851701076	0.6
11120.061339719996	1500.0	29.823199968616702	0.0	633700	2772.726830680404	1.5
11120.351800135988	200.0	33.532739552624236	0.0	89422	290.4604159924686	0.2
11121.101273820199	600.0	36.78326586841371	0.0	284451	749.4736842105264	0.6
11121.830257374668	600.0	40.0542823139434	0.0	275745	728.983554470301	0.6
11122.15052803455	200.0	43.73401165406285	0.0	102088	320.27065988055665	0.2
11123.001230867652	600.0	46.88330882095997	0.0	327462	850.7028331028803	0.6
11134.914483511979	12000.0	38.97005617663377	0.0	5257310	11913.252644326194	12.0
11135.209421658346	200.0	42.6751180302666	0.0	101968	294.93814636716945	0.2
11145.714850036866	12000.0	36.16968965174834	0.0	4828747	10505.428378518262	12.0
11146.46471292939	600.0	39.41982675922291	0.0	302912	749.8628925254313	0.6
11147.2723975822	600.0	42.61214210641442	0.0	329059	807.6846528084919	0.6
11151.703260042039	4000.0	42.18127964657359	0.0	1910697	4430.862459840818	4.0
11153.36977022651	1500.0	44.51476946210314	0.0	629438	1666.5101844704548	1.5
11167.317741849627	12000.0	34.56679783898559	0.0	5875126	13947.971623117548	12.0
11180.453589338364	12000.0	25.430950350249148	0.0	5704199	13135.847488736441	12.0
11198.77190476486	12000.0	11.11263492375187	0.0	5646381	18318.31542649728	12.0

