20273.08413163051	600.0	4.0	0.5907779758675039	247108	590.7779758675039	-11.215559517350078
20273.3679752602	200.0	7.716156370307211	0.0	98617	283.8436296927887	0.2
20274.0442019093	600.0	11.039929721210243	0.0	288447	676.2266490969693	0.6
20278.361802095333	4000.0	10.722329535178153	0.0	2050098	4317.60018603209	4.0
20279.938938751402	1500.0	13.145192879104979	0.0	724296	1577.1366560731726	1.5
20291.14304327265	8000.0	5.94108835786206	0.0	4224313	11204.10452124292	8.0
20291.561498852763	200.0	9.522632777745507	0.0	115792	418.4555801165531	0.2
20293.757959026272	1500.0	11.326172604235621	0.0	780303	2196.460173509886	1.5
20298.13556305283	4000.0	10.948568577681188	0.0	1857129	4377.6040265544325	4.0
20299.981445524878	1500.0	13.102686105631319	0.0	763093	1845.8824720498692	1.5
20307.08830303126	8000.0	9.995828599246298	0.0	4206014	7106.85750638502	8.0
20308.16492724681	1500.0	12.919204383699482	0.0	744416	1076.6242155468162	1.5
20311.098325288815	4000.0	13.985806341694628	0.0	2131310	2933.3980420048533	4.0
20319.536539396773	8000.0	9.54759223373439	0.0	5541092	8438.214107960239	8.0
20320.817187047647	1500.0	12.266944582861175	0.0	754517	1280.6476508732148	1.5
20324.520790783026	4000.0	12.563340847481683	0.0	2231719	3703.6037353794927	4.0
20327.83507926574	4000.0	13.249052364768625	0.0	1835863	3314.2884827130592	4.0
20335.290417535718	8000.0	9.793714094790765	0.0	4260556	7455.33826997786	8.0
20336.57153605721	1500.0	12.512595573296188	0.0	747396	1281.118521494576	1.5
20340.12990005882	4000.0	12.954231571689117	0.0	2164412	3558.3640016070713	4.0
20344.03369756786	4000.0	13.050434062649343	0.0	2379358	3903.797509039775	4.0
20349.50224414728	8000.0	11.581887483230425	0.0	3905272	5468.546579418918	8.0
20352.12430232897	4000.0	12.95982930153721	0.0	1849252	2622.0581816932145	4.0
20354.950679764337	4000.0	14.133451866170239	0.0	1822097	2826.3774353669733	4.0
20366.58784062617	8000.0	6.49629100434032	0.0	4925863	11637.160861829918	8.0
20366.853948650325	200.0	10.230182980181562	0.0	101109	266.10802415875753	0.2
20368.395464209716	1500.0	12.688667420791283	0.0	794014	1541.515559390279	1.5
20372.258657537295	4000.0	12.825474093210035	0.0	2055338	3863.1933275812485	4.0
20375.847691744028	4000.0	13.236439886478852	0.0	2165436	3589.034206731182	4.0
20381.5160000372	8000.0	11.568131593304264	0.0	4435580	5668.3082931745885	8.0
20384.482019754356	4000.0	12.602111876147818	0.0	2290706	2966.019717156446	4.0
20387.751354954184	4000.0	13.332776676322334	0.0	1947068	3269.335199825483	4.0
20394.266491189836	8000.0	10.817640440671477	0.0	3713878	6515.136235650856	8.0
20395.76648224932	1500.0	13.31764938118491	0.0	755142	1499.9910594865676	1.5
20403.893911440857	8000.0	9.19022018964937	0.0	3707853	8127.429191535541	8.0
20405.592363274416	1500.0	11.491768356087118	0.0	785519	1698.451833562252	1.5
20408.935103306903	4000.0	12.149028323599689	0.0	2096494	3342.7400324874284	4.0
20412.058116272696	4000.0	13.026015357808756	0.0	1955307	3123.0129657909324	4.0
20420.51062866134	8000.0	8.573502969161716	0.0	4857577	8452.51238864704	8.0
20421.12075939478	600.0	11.963372235724979	0.0	284107	610.1307334367383	0.6
20424.90548888969	4000.0	12.178642740815535	0.0	1985434	3784.729494909443	4.0
20427.513895246884	4000.0	13.570236383619712	0.0	1830641	2608.406357195825	4.0
20432.13613807417	8000.0	12.947993556334891	0.0	3735285	4622.242827284819	8.0
20434.539615330486	4000.0	14.544516300017204	0.0	1910697	2403.4772563176894	4.0
20440.68594318408	8000.0	12.398188446427037	0.0	3682991	6146.327853590166	8.0
20444.562605707746	4000.0	12.521525922759668	0.0	2042818	3876.662523667368	4.0
20447.370825948612	4000.0	13.713305681895271	0.0	1750852	2808.220240864396	4.0
20452.943912830608	8000.0	12.14021879989965	0.0	4346302	5573.086881995624	8.0

