13823.696118467202	600.0	4.0	0.8748470105745648	247108	874.8470105745648	-16.896940211491295
13824.093329677045	200.0	7.602788790157211	0.0	98617	397.21120984278883	0.2
13825.101147617619	600.0	10.594970849583854	0.0	288447	1007.8179405733586	0.6
13826.080804245821	600.0	13.615314221382334	0.0	279692	979.6566282015199	0.6
13828.490573052864	1500.0	15.205545414337985	0.0	724296	2409.768807044349	1.5
13830.789475388918	1500.0	16.906643078283945	0.0	689829	2298.902336054039	1.5
13833.243012440102	1500.0	18.453106027099835	0.0	737903	2453.53705118411	1.5
13835.810499805593	1500.0	19.885618661609076	0.0	780303	2567.4873654907606	1.5
13838.73085426723	1500.0	20.965264199972573	0.0	891463	2920.354461636498	1.5
13841.242199827499	1500.0	22.453918639704142	0.0	763093	2511.3455602684353	1.5
13843.777803268084	1500.0	23.91831519911821	0.0	769316	2535.6034405859295	1.5
13849.815914449653	4000.0	21.880204017549833	0.0	1761739	6038.111181568379	4.0
13851.945686590849	1500.0	23.750431876353467	0.0	606092	2129.7721411963644	1.5
13854.521625795987	1500.0	25.174492671215727	0.0	748011	2575.9392051377386	1.5
13857.012945480397	1500.0	26.68317298680546	0.0	754517	2491.3196844102667	1.5
13860.080239598043	1500.0	27.6158788691584	0.0	934743	3067.294117647059	1.5
13865.81639078436	4000.0	25.87972768284347	0.0	1835863	5736.151186314933	4.0
13868.08336221293	1500.0	27.61275625427204	0.0	772616	2266.9714285714285	1.5
13874.058257568966	4000.0	25.637860898234887	0.0	2082556	5974.895356037153	4.0
13875.953863519308	1500.0	27.74225494789359	0.0	662349	1895.6059503413017	1.5
13878.311393071343	1500.0	29.38472539585816	0.0	835711	2357.5295520354284	1.5
13883.708162275907	4000.0	27.987956191293346	0.0	1950922	5396.76920456481	4.0
13889.108504980852	4000.0	26.58761348634949	0.0	1849252	5400.342704943858	4.0
13894.488668965943	4000.0	25.207449501257223	0.0	1822097	5380.163985092265	4.0
13899.508554167218	4000.0	24.187564299981283	0.0	1836837	5019.885201275942	4.0
13904.904695890726	4000.0	22.791422576473433	0.0	1984579	5396.141723507849	4.0
13907.511692747948	1500.0	24.184425719251013	0.0	794014	2606.996857222421	1.5
13914.132928376703	4000.0	21.563190090496587	0.0	2055338	6621.235628754426	4.0
13916.306599479385	1500.0	23.38951898781496	0.0	675709	2173.6711026816292	1.5
13918.533670508308	1500.0	25.1624479588913	0.0	707527	2227.071028923661	1.5
13920.912308346147	1500.0	26.78381012105346	0.0	757473	2378.6378378378377	1.5
13926.677211675951	4000.0	25.018906791249357	0.0	1947068	5764.903329804102	4.0
13928.397168975469	1500.0	27.298949491731353	0.0	633700	1719.9572995180022	1.5
13933.976817666957	4000.0	25.719300800242337	0.0	2125133	5579.648691489017	4.0
13938.9854146475	4000.0	24.7107038196992	0.0	1828568	5008.596980543138	4.0
13943.973538874518	4000.0	23.72257959268257	0.0	1785821	4988.1242270166285	4.0
13949.88379840127	4000.0	21.81232006593117	0.0	2096494	5910.2595267514	4.0
13955.428698221349	4000.0	20.26742024585326	0.0	1955307	5544.899820077909	4.0
13957.708783193717	1500.0	21.987335273485353	0.0	691256	2280.0849723679057	1.5
13960.180167758415	1500.0	23.515950708787223	0.0	725845	2471.3845646981304	1.5
13962.932148649608	1500.0	24.763969817592102	0.0	811013	2751.980891195124	1.5
13968.743669465659	4000.0	22.952449001541467	0.0	1830641	5811.5208160506345	4.0
13973.82919624232	4000.0	21.86692222488002	0.0	1697030	5085.526776661443	4.0
13976.408747618885	1500.0	23.2873708483163	0.0	848035	2579.551376563722	1.5
13978.297185191836	1500.0	25.398933275366527	0.0	629438	1888.437572949775	1.5
13980.571793103632	1500.0	27.124325363570662	0.0	763847	2274.607911795866	1.5
13985.682163912948	4000.0	26.013954554254635	0.0	1750852	5110.370809316024	4.0
13993.20391253586	4000.0	22.49220593134218	0.0	2034636	7521.748622912455	4.0

