16516.594613518882	600.0	4.0	1.0886812766283134	247108	1088.6812766283133	-21.173625532566266
16517.938881702674	600.0	6.655731816210424	0.0	309722	1344.2681837895757	0.6
16519.19630650559	600.0	9.398307013291832	0.0	288447	1257.4248029185906	0.6
16520.417993879622	600.0	12.176619639258107	0.0	279692	1221.687374033727	0.6
16523.454530349252	1500.0	13.140083169630328	0.0	724296	3036.5364696277775	1.5
16526.281004538378	1500.0	14.313608980503384	0.0	689829	2826.474189126943	1.5
16528.799748651407	1500.0	15.794864867473557	0.0	737903	2518.7441130298275	1.5
16531.458623310584	1500.0	17.135990208298143	0.0	780303	2658.874659175411	1.5
16534.48487795819	1500.0	18.109735560690112	0.0	891463	3026.254647608031	1.5
16537.21453498198	1500.0	19.38007853690228	0.0	763093	2729.657023787831	1.5
16540.252731569337	1500.0	20.34188194954347	0.0	769316	3038.196587358808	1.5
16543.195181941843	1500.0	21.39943157703686	0.0	744416	2942.4503725066093	1.5
16545.605744787314	1500.0	22.98886873156702	0.0	606092	2410.5628454698394	1.5
16548.628780363975	1500.0	23.9658331549069	0.0	748011	3023.03557666012	1.5
16551.71011591826	1500.0	24.884497600622037	0.0	754517	3081.3355542848617	1.5
16555.50835871467	1500.0	25.086254804212025	0.0	934743	3798.2427964100143	1.5
16558.220091096897	1500.0	26.374522421982963	0.0	735572	2711.732382229065	1.5
16560.824825283937	1500.0	27.769788234943768	0.0	772616	2604.734187039193	1.5
16563.347146220156	1500.0	29.247467298726622	0.0	747396	2522.3209362171433	1.5
16565.59155281289	1500.0	31.003060705993335	0.0	662349	2244.406592733288	1.5
16568.28055882267	1500.0	32.31405469621078	0.0	835711	2689.0060097825553	1.5
16574.096877552456	4000.0	30.49773596642542	0.0	1950922	5816.318729785357	4.0
16579.922876228557	4000.0	28.671737290323783	0.0	1849252	5825.998676101635	4.0
16586.08933982905	4000.0	26.505273689831082	0.0	1822097	6166.463600492703	4.0
16593.12010930905	4000.0	23.47450420983138	0.0	1836837	7030.769479999704	4.0
16595.720020409306	1500.0	24.874593109574935	0.0	644861	2599.9111002564414	1.5
16598.916116897137	1500.0	25.678496621745314	0.0	794014	3196.096487829622	1.5
16602.607389732133	1500.0	25.987223786749755	0.0	914284	3691.272834995557	1.5
16605.356330188337	1500.0	27.238283330543574	0.0	675709	2748.9404562061814	1.5
16608.224814214787	1500.0	28.36979930409457	0.0	707527	2868.4840264490035	1.5
16611.240258301303	1500.0	29.35435521757823	0.0	757473	3015.444086516337	1.5
16614.08040653198	1500.0	30.514206986900295	0.0	712239	2840.1482306779376	1.5
16616.61619164594	1500.0	31.978421872941908	0.0	633700	2535.785113958389	1.5
16619.656169853246	1500.0	32.93844366563569	0.0	755142	3039.978207306219	1.5
16626.99275202498	4000.0	29.601861493900977	0.0	1828568	7336.582171734709	4.0
16633.23625853304	4000.0	27.35835498584194	0.0	1785821	6243.50650805903	4.0
16635.586685669765	1500.0	29.007927849116516	0.0	681043	2350.427136725424	1.5
16638.556593948066	1500.0	30.038019570817365	0.0	866245	2969.9082782991504	1.5
16641.494278365295	1500.0	31.100335153588727	0.0	691256	2937.684417228639	1.5
16644.5749553154	1500.0	32.0196582034815	0.0	725845	3080.676950107227	1.5
16652.013543672692	4000.0	28.581069846186654	0.0	1985434	7438.588357294845	4.0
16658.084963886657	4000.0	26.509649632223844	0.0	1830641	6071.420213962812	4.0
16664.615991045768	4000.0	23.978622473109795	0.0	1697030	6531.027159114051	4.0
16667.993011991486	1500.0	24.6016015273937	0.0	848035	3377.020945716091	1.5
16670.37016058033	1500.0	26.224452938552393	0.0	629438	2377.14858884131	1.5
16673.10488438944	1500.0	27.48972912944233	0.0	763847	2734.723809110064	1.5
16679.270406659492	4000.0	25.32420685938741	0.0	1750852	6165.52227005492	4.0
16682.51176520907	1500.0	26.082848309810124	0.0	808636	3241.358549577286	1.5

