16063.205048081596	600.0	4.0	0.8703188278329701	247108	870.3188278329701	-16.8063765566594
16064.275623570831	600.0	6.929424510764187	0.0	309722	1070.5754892358127	0.6
16066.414822003677	1500.0	8.790226077917923	0.0	643847	2139.198432846263	1.5
16068.792624390388	1500.0	10.412423691206746	0.0	718451	2377.802386711176	1.5
16071.189120682391	1500.0	12.015927399204427	0.0	724296	2396.496292002319	1.5
16073.34281029425	1500.0	13.862237787344679	0.0	689829	2153.689611859748	1.5
16075.30924623839	1500.0	15.895801843203817	0.0	737903	1966.4359441408621	1.5
16077.38407703122	1500.0	17.820971050374748	0.0	780303	2074.830792829067	1.5
16079.743086394335	1500.0	19.4619616872584	0.0	891463	2359.009363116352	1.5
16081.77392012712	1500.0	21.431127954474707	0.0	763093	2030.8337327836898	1.5
16083.888579781498	1500.0	23.316468300095664	0.0	769316	2114.659654379045	1.5
16086.084976241928	1500.0	25.120071839667077	0.0	744416	2196.3964604285866	1.5
16087.888113524703	1500.0	27.31693455689228	0.0	606092	1803.1372827747969	1.5
16090.094730675277	1500.0	29.110317406318345	0.0	748011	2206.617150573936	1.5
16092.319844574135	1500.0	30.885203507459106	0.0	754517	2225.1138988592343	1.5
16095.194992411656	1500.0	32.010055669938225	0.0	934743	2875.1478375208785	1.5
16097.565780328194	1500.0	33.63926775340132	0.0	735572	2370.7879165369045	1.5
16100.051934174347	1500.0	35.15311390724747	0.0	772616	2486.153846153846	1.5
16102.459545510379	1500.0	36.74550257121509	0.0	747396	2407.611336032389	1.5
16104.59184572532	1500.0	38.61320235627548	0.0	662349	2132.3002149396125	1.5
16107.23375555997	1500.0	39.97129252162332	0.0	835711	2641.909834652157	1.5
16109.785792806344	1500.0	41.419255275249284	0.0	806394	2552.037246374035	1.5
16112.346821296755	1500.0	42.85822678483869	0.0	809327	2561.0284904105915	1.5
16114.485109426843	1500.0	44.71993865475151	0.0	681795	2138.2881300871836	1.5
16116.868935402532	1500.0	46.33611267906373	0.0	855209	2383.82597568778	1.5
16118.686110201334	1500.0	48.5189378802625	0.0	644861	1817.1747988012257	1.5
16120.9050845085	1500.0	50.29996357309342	0.0	794014	2218.974307169074	1.5
16123.448051138128	1500.0	51.756996943467534	0.0	914284	2542.966629625888	1.5
16125.4848154954	1500.0	53.72023258619517	0.0	675709	2036.7643572723625	1.5
16127.845872962958	1500.0	55.359175118636536	0.0	707527	2361.0574675586363	1.5
16130.367955658212	1500.0	56.83709242338386	0.0	757473	2522.08269525268	1.5
16132.744204549967	1500.0	58.4608435316292	0.0	712239	2376.248891754655	1.5
16135.259760284633	1500.0	59.83780331239812	0.0	633700	2123.0402192310794	1.5
16139.291598997437	1500.0	59.80596459959401	0.0	755142	2031.8387128041097	1.5
16143.104213775634	1500.0	59.993349821396215	0.0	670327	1812.6147781977966	1.5
16147.237472651908	1500.0	59.86009094512303	0.0	785519	2133.258876273193	1.5
16151.453449913499	1500.0	59.64411368353329	0.0	681043	2215.9772615897286	1.5
16155.250282217723	1500.0	59.847281379309045	0.0	866245	2796.8323042242478	1.5
16159.430028291441	1500.0	59.66753530558938	0.0	691256	2179.746073719665	1.5
16163.214276018583	1500.0	59.883287578446065	0.0	725845	2284.247727143318	1.5
16167.273177544503	1500.0	59.82438605252805	0.0	811013	2558.901525918017	1.5
16171.478426968908	1500.0	59.619136628122824	0.0	657685	2205.2494244052186	1.5
16175.537108553914	1500.0	59.56045504311656	0.0	767059	2558.6815850062612	1.5
16186.54378291645	1500.0	52.553780680581276	0.0	848035	11006.674362535283	1.5
16188.180473232547	1500.0	54.91709036448266	0.0	629438	1636.6903160986167	1.5
16190.149576254418	1500.0	56.9479873426108	0.0	763847	1969.1030218718604	1.5
16192.13263769657	1500.0	58.964925900459164	0.0	769491	1983.0614421516345	1.5
16195.212510329693	1500.0	59.8850532673345	0.0	808636	2079.8726331246617	1.5

