36026.38896307663	600.0	4.0	0.8037945995423341	247108	803.7945995423341	0.009628432	-15.475891990846682
36026.75781836267	200.0	7.63114471395881	0.0	98617	368.8552860411899	0.004705182	0.2
36027.14969314528	200.0	11.239269931350114	0.0	106476	391.87478260869574	0.004705182	0.2
36027.56720893475	200.0	14.821754141876431	0.0	115230	417.5157894736842	0.004705182	0.2
36027.93325525054	200.0	18.455707826086957	0.0	97658	366.0463157894737	0.004705182	0.2
36028.29930156632	200.0	22.089661510297482	0.0	97658	366.0463157894737	0.004705182	0.2
36028.71846348852	200.0	25.670499588100686	0.0	115792	419.16192219679635	0.004705182	0.2
36029.113847287146	200.0	29.275115789473688	0.0	107674	395.38379862700225	0.004705182	0.2
36029.47300152056	200.0	32.915961556064076	0.0	95305	359.154233409611	0.004705182	0.2
36029.86179785923	200.0	36.5271652173913	0.0	105425	388.7963386727689	0.008403635	0.2
36030.22112783635	200.0	40.16783524027459	0.0	95365	359.3299771167048	0.004705182	0.2
36030.58039044504	200.0	43.80857263157894	0.0	95342	359.2626086956522	0.004705182	0.2
36030.960382023986	200.0	47.42858105263158	0.0	102419	379.99157894736845	0.0068439213	0.2
36031.277246463345	200.0	51.11171661327231	0.0	80867	316.86443935926775	0.004705182	0.2
36031.599626326046	200.0	54.78933675057208	0.0	82750	322.37986270022884	0.008080503	0.2
36049.147340381656	12000.0	41.24162269496074	0.0	5443841	17547.714055611345	0.1834175	12.0
36049.49957362664	200.0	44.88938944997778	0.0	89871	352.233244982961	0.004705182	0.2
36062.26295172024	12000.0	36.126011356387714	0.0	4055239	12763.378093590058	0.004705182	12.0
36062.641095678264	200.0	39.74786739836181	0.0	90919	378.1439580259059	0.004705182	0.2
36063.002702499056	200.0	43.38626057757152	0.0	85876	361.60682079029345	0.0062534595	0.2
36063.45868544708	200.0	46.93027762954725	0.0	114656	455.9829480242663	0.0066553354	0.2
36063.85920356481	200.0	50.52975951182303	0.0	97742	400.5181177242171	0.105240636	0.2
36078.985481732874	12000.0	39.40348134375515	0.0	5141915	15126.278168067873	0.013955275	12.0
36079.328837715824	200.0	43.06012536079995	0.0	85752	343.35598295519986	0.004705182	0.2
36079.69923197281	200.0	46.68973110382272	0.0	94556	370.3942569772352	0.004705182	0.2
36089.570493493164	8000.0	40.81846958346962	0.0	3253093	9871.261520353095	0.004705182	8.0
36105.039084012715	12000.0	29.34987906391212	0.0	5138482	15468.590519557507	0.041184995	12.0
36115.8638833844	8000.0	22.52507969222874	0.0	3354913	10824.799371683375	0.004705182	8.0
36116.2426829314	200.0	26.146280145229873	0.0	93993	378.7995469988675	0.014728247	0.2
36116.631305450326	200.0	29.757657626305154	0.0	97083	388.62251892471835	0.0064998465	0.2
36117.01007002882	200.0	33.378893047814756	0.0	93982	378.7645784903936	0.038502146	0.2
36128.53295250277	8000.0	25.85601057385889	0.0	3568902	11522.88247395587	0.013309974	8.0
36130.58575141317	1500.0	27.803211663459045	0.0	633700	2052.7989103998443	0.0516652	1.5
36130.94413491351	200.0	31.444828163118544	0.0	89422	358.3835003405	0.032207314	0.2
36131.36105484736	200.0	35.02790822927284	0.0	108225	416.91993384570486	0.013987182	0.2
36131.714360810976	200.0	38.674602265657704	0.0	87791	353.3059636151377	0.13094221	0.2
36132.11217538437	200.0	42.276787692255624	0.0	102088	397.8145734020819	0.344065	0.2
36132.44248144527	200.0	45.94648163135476	0.0	80403	330.3060609008658	0.19508259	0.2
36150.05107323223	12000.0	32.337889844404394	0.0	5257310	17608.59178695036	0.00861578	12.0
36150.4208733992	200.0	35.9680896774328	0.0	101968	369.8001669715971	0.054043144	0.2
36164.67765980791	12000.0	25.71130326872627	0.0	4828747	14256.786408706534	0.31268993	12.0
36170.362007581265	4000.0	24.026955495367062	0.0	1830641	5684.347773359204	0.012559489	4.0
36175.53494377063	4000.0	22.854019305998417	0.0	1697030	5172.936189368647	0.011042247	4.0
36181.44327076958	4000.0	20.945692307049114	0.0	1910697	5908.326998949301	0.0168736	4.0
36192.74158181258	8000.0	13.64738126404531	0.0	3682991	11298.311043003805	0.034975003	8.0
36198.714928128014	4000.0	11.674034948616448	0.0	2042818	5973.34631542886	0.2573741	4.0
36204.16110149144	4000.0	10.227861585188254	0.0	1750852	5446.173363428194	0.004705182	4.0
36210.49667352911	4000.0	7.892289547513971	0.0	2034636	6335.572037674284	0.43403602	4.0

