36363.09934836682	600.0	4.0	0.8037945995423341	247108	803.7945995423341	0.56026775	-15.475891990846682
36363.46820365286	200.0	7.63114471395881	0.0	98617	368.8552860411899	0.004705182	0.2
36363.860078435464	200.0	11.239269931350114	0.0	106476	391.87478260869574	0.004705182	0.2
36364.277594224935	200.0	14.821754141876431	0.0	115230	417.5157894736842	0.004705182	0.2
36364.64364054073	200.0	18.455707826086957	0.0	97658	366.0463157894737	0.004705182	0.2
36365.009686856516	200.0	22.089661510297482	0.0	97658	366.0463157894737	0.004705182	0.2
36365.42884877871	200.0	25.670499588100686	0.0	115792	419.16192219679635	0.004705182	0.2
36365.82423257734	200.0	29.275115789473688	0.0	107674	395.38379862700225	0.004705182	0.2
36368.515382783284	1500.0	30.58396558352403	0.0	891463	2691.1502059496565	0.017752336	1.5
36385.009765050876	12000.0	18.08958331593764	0.0	5088378	16494.38226758639	0.004705182	12.0
36385.37864047685	200.0	21.720707889962632	0.0	95365	368.8754259750095	0.004705182	0.2
36385.74744623224	200.0	25.35190213456695	0.0	95342	368.8057553956835	0.2904145	0.2
36386.13768932198	200.0	28.961659044828217	0.0	102419	390.2430897387353	0.004705182	0.2
36388.483531048594	1500.0	30.61581731820951	0.0	748011	2345.8417266187053	0.004705182	1.5
36390.849080461696	1500.0	32.250267905108416	0.0	754517	2365.5494131010983	0.004705182	1.5
36393.77583578071	1500.0	33.32351258609751	0.0	934743	2926.7553190109006	0.004705182	1.5
36396.26794268348	1500.0	34.831405683326565	0.0	735572	2492.106902770946	0.004705182	1.5
36408.78310807038	12000.0	26.316240296425047	0.0	4055239	12515.165386901517	0.004705182	12.0
36410.956177924934	1500.0	28.143170441875135	0.0	747396	2173.0698545499104	0.01914332	1.5
36412.89107509469	1500.0	30.208273272113352	0.0	662349	1934.897169761784	0.004705182	1.5
36415.44057891218	1500.0	31.658769454623144	0.0	835711	2549.5038174902093	0.037539203	1.5
36417.997123885114	1500.0	33.102224481687514	0.0	806394	2556.5449729356214	0.004705182	1.5
36420.5626764975	1500.0	34.53667186930316	0.0	809327	2565.552612384353	0.032700866	1.5
36422.736561099606	1500.0	36.36278726720712	0.0	681795	2173.88460209605	0.5653862	1.5
36425.334299922855	1500.0	37.765048443958584	0.0	855209	2597.7388232485296	0.007843355	1.5
36434.473114822766	8000.0	32.62623354404478	0.0	3253093	9138.814899913808	0.07788409	8.0
36437.15382804105	1500.0	33.945520325759865	0.0	794014	2680.7132182849186	0.58194166	1.5
36448.11394640799	8000.0	26.985401958823893	0.0	3354913	10960.11836693597	0.010183752	8.0
36450.34199512548	1500.0	28.757353241333675	0.0	675709	2228.0487174902146	0.004705182	1.5
36452.67119184321	1500.0	30.42815652360504	0.0	707527	2329.1967177286365	0.005562141	1.5
36465.636255391946	8000.0	21.463092974870676	0.0	4025712	12965.063548734366	0.021526633	8.0
36467.93355746413	1500.0	23.165790902684666	0.0	712239	2297.3020721860107	0.004705182	1.5
36469.98635637453	1500.0	25.11299199228482	0.0	633700	2052.7989103998443	0.004705182	1.5
36472.4172216338	1500.0	26.682126733018354	0.0	755142	2430.8652592664657	0.94369	1.5
36474.58404564392	1500.0	28.51530272290064	0.0	670327	2166.8240101177157	0.24842916	1.5
36480.97133609236	4000.0	26.12801227445968	0.0	1785821	6387.29044844096	0.108045846	4.0
36483.48558861671	1500.0	27.613759750109754	0.0	681043	2514.252524349924	0.033896893	1.5
36486.39011226951	1500.0	28.709236097313088	0.0	866245	2904.523652796665	0.14399706	1.5
36500.686625663715	8000.0	18.412722703110187	0.0	4857577	14296.513394202902	0.004705182	8.0
36503.00395324328	1500.0	20.095395123546343	0.0	725845	2317.327579563844	0.006556606	1.5
36509.10812382393	4000.0	17.991224542896802	0.0	1985434	6104.170580649541	0.5954257	4.0
36514.68203836795	4000.0	16.417309998874593	0.0	1830641	5573.914544022208	0.08370191	4.0
36520.02782808471	4000.0	15.071520282111178	0.0	1697030	5345.7897167634155	0.20122163	4.0
36526.0619308611	4000.0	13.037417505728666	0.0	1910697	6034.102776382513	0.018865187	4.0
36532.40587561508	4000.0	10.693472751757405	0.0	2171279	6343.94475397126	0.65450186	4.0
36534.68950555323	1500.0	12.409842813602666	0.0	763847	2283.6299381547396	0.037731476	1.5
36540.084161577135	4000.0	11.015186789695134	0.0	1750852	5394.656023907531	0.004705182	4.0
36546.437781183966	4000.0	8.661567182863099	0.0	2034636	6353.619606832035	0.07809346	4.0

