24741.7886141041	600.0	4.0	0.6271757753574049	247108	627.1757753574049	0.012975583	-11.943515507148097
24742.08698353544	200.0	7.701630568664627	0.0	98617	298.3694313353724	0.004705182	0.2
24742.402755294577	200.0	11.385858809527104	0.0	106476	315.771759137523	0.004705182	0.2
24742.737911196426	200.0	15.050702907676765	0.0	115230	335.1559018503398	0.004705182	0.2
24743.034157096474	200.0	18.754457007625557	0.0	97658	296.24590005120615	0.004705182	0.2
24743.330402996526	200.0	22.458211107574353	0.0	97658	296.24590005120615	0.004705182	0.2
24743.66680334528	200.0	26.121810758819215	0.0	115792	336.40034875513794	0.004705182	0.2
24743.985227857786	200.0	29.803386246315235	0.0	107674	318.42451250397886	0.004705182	0.2
24744.276263466792	200.0	33.512350637308494	0.0	95305	291.03560900673983	0.004705182	0.2
24744.58970797736	200.0	37.198906126742045	0.0	105425	313.44451056645033	0.017540827	0.2
24744.88087644547	200.0	40.907737658635156	0.0	95365	291.1684681068962	0.004705182	0.2
24745.17199398425	200.0	44.61662011984998	0.0	95342	291.1175387851696	0.004705182	0.2
24745.478782253904	200.0	48.30983185020137	0.0	102419	306.78826964861537	0.014037859	0.2
24745.737847534776	200.0	52.05076656932893	0.0	80867	259.0652808724414	0.004705182	0.2
24746.001082377075	200.0	55.787531727029915	0.0	82750	263.234842299016	0.01568639	0.2
24759.43350739389	12000.0	46.355106710217974	0.0	5443841	13432.425016811942	0.0053526293	12.0
24759.757875628	200.0	50.030738476103465	0.0	89871	324.3682341145081	0.004705182	0.2
24768.84457747694	12000.0	44.94403662716979	0.0	4055239	9086.701848933673	0.004705182	12.0
24769.111362957352	200.0	48.677251146757364	0.0	90919	266.78548041242414	0.0062668305	0.2
24769.367788016094	200.0	52.4208260880139	0.0	85876	256.4250587434676	0.26552704	0.2
24781.157255526065	12000.0	44.63135857804314	0.0	5251330	11789.467509970762	0.009578651	12.0
24781.463069113535	200.0	48.325544990576525	0.0	97742	305.8135874666089	0.024402164	0.2
24794.852180097187	12000.0	38.936434006924486	0.0	5141915	13389.11098365204	0.0048703765	12.0
24795.135766819843	200.0	42.65284728426783	0.0	85752	283.58672265665575	0.004705182	0.2
24795.44025541658	200.0	46.3483586875293	0.0	94556	304.4885967385337	0.004705182	0.2
24803.24352702435	8000.0	42.54508707975669	0.0	3253093	7803.27160777261	0.004705182	8.0
24815.59584274452	12000.0	34.192771359591255	0.0	5138482	12352.31572016543	0.004705182	12.0
24823.944550504228	8000.0	29.844063599882524	0.0	3354913	8348.707759708732	0.004705182	8.0
24824.229183389438	200.0	33.559430714670526	0.0	93993	284.63288521199587	0.1170966	0.2
24836.968889639957	12000.0	24.819724464152564	0.0	5411094	12739.70625051796	0.18048862	12.0
24837.324648304908	200.0	28.463965799197492	0.0	93982	355.75866495507057	0.04539122	0.2
24846.28810303183	8000.0	23.500511072273817	0.0	3568902	8963.454726923674	0.009802943	8.0
24847.516708510233	1500.0	26.27190559387701	0.0	633700	1228.6054783968098	0.16126478	1.5
24847.758789304124	200.0	30.02982479998526	0.0	89422	242.08079389174614	0.58499235	0.2
24848.034951254413	200.0	33.75366284969412	0.0	108225	276.16195029113896	0.048269387	0.2
24848.274075798443	200.0	37.51453830566078	0.0	87791	239.12454403335073	0.6376458	0.2
24849.58849227442	1500.0	40.200121829688236	0.0	681043	1314.4164759725402	0.7041541	1.5
24857.81643714294	8000.0	35.972176961164216	0.0	3739359	8227.94486852402	0.7430407	8.0
24875.005854977066	12000.0	22.782759127042066	0.0	5257310	17189.41783412215	0.004705182	12.0
24875.44513443093	200.0	26.34347967317728	0.0	101968	439.27945386478757	0.094255604	0.2
24889.908434463156	12000.0	15.880179640953601	0.0	4828747	14463.300032223678	0.6350686	12.0
24894.343215313587	4000.0	15.445398790522438	0.0	1830641	4434.780850431163	0.13736631	4.0
24898.326518632457	4000.0	15.46209547165296	0.0	1697030	3983.30331886948	0.030941056	4.0
24902.79432337748	4000.0	14.994290726629782	0.0	1910697	4467.80474502318	0.010565607	4.0
24912.635494056307	8000.0	9.153120047803231	0.0	3682991	9841.17067882655	0.37240258	8.0
24917.826172821235	4000.0	7.962441282876204	0.0	2042818	5190.678764927027	0.47342077	4.0
24922.020016806197	4000.0	7.768597297913798	0.0	1750852	4193.843984962406	0.0074178013	4.0
24926.903466599088	4000.0	6.885147505020453	0.0	2034636	4883.449792893346	0.47643858	4.0

