28393.831772079066	600.0	4.0	0.8529975756627827	247108	852.9975756627827	0.0047535747	-16.459951513255653
28394.220263515683	200.0	7.611508563384687	0.0	98617	388.4914366153124	0.004705182	0.2
28394.63333929577	200.0	11.198432783295535	0.0	106476	413.07578008915306	0.004705182	0.2
28395.073799137797	200.0	14.757972941268475	0.0	115230	440.4598420270587	0.004705182	0.2
28395.45929065262	200.0	18.372481426448736	0.0	97658	385.49151481973877	0.004705182	0.2
28395.844782167438	200.0	21.986989911628996	0.0	97658	385.49151481973877	0.004705182	0.2
28396.287000044973	200.0	25.54477203409713	0.0	115792	442.2178775318683	0.004705182	0.2
28396.703823381173	200.0	29.1279486978963	0.0	107674	416.8233362008289	0.004705182	0.2
28397.081954295387	200.0	32.74981778368655	0.0	95305	378.1309142097443	0.004705182	0.2
28397.491742361388	200.0	36.340029717682015	0.0	105425	409.78806600453584	0.0071892994	0.2
28397.870060966223	200.0	39.96171111284899	0.0	95365	378.31860483303353	0.004705182	0.2
28398.248307622984	200.0	43.583464456088215	0.0	95342	378.2466567607727	0.004705182	0.2
28398.64869238876	200.0	47.18307969031047	0.0	102419	400.38476577774304	0.0060192947	0.2
28398.981658682656	200.0	50.85011339641824	0.0	80867	332.96629389223426	0.004705182	0.2
28399.320515333944	200.0	54.511256745131774	0.0	82750	338.8566512864628	0.0069018896	0.2
28416.863276310694	12000.0	40.968495768380755	0.0	5443841	17542.76097675102	0.44263965	12.0
28417.196813470175	200.0	44.63495860889914	0.0	89871	333.5371594816187	0.004705182	0.2
28428.68711361466	12000.0	37.1446584644116	0.0	4055239	11490.300144487539	0.004705182	12.0
28429.021815439082	200.0	40.80995663999027	0.0	90919	334.70182442133273	0.004705182	0.2
28429.342389729096	200.0	44.489382349973816	0.0	85876	320.57429001645835	0.009021524	0.2
28429.743588734596	200.0	48.088183344476036	0.0	114656	401.19900549777634	0.03398401	0.2
28430.097404611613	200.0	51.73436746745814	0.0	97742	353.8158770178941	0.080301166	0.2
28446.093977306966	12000.0	39.73779477210642	0.0	5141915	15996.57269535172	0.004766209	12.0
28446.619182057435	200.0	43.21259002163592	0.0	85752	525.2047504705042	0.004705182	0.2
28447.190095160167	200.0	46.64167691890374	0.0	94556	570.9131027321696	0.004705182	0.2
28460.570809407694	8000.0	37.26096267137443	0.0	3253093	13380.714247529317	0.004705182	8.0
28460.929068910074	200.0	40.902703168996375	0.0	88490	358.2595023780512	0.26198065	0.2
28471.269489887734	8000.0	34.56228219133597	0.0	3354913	10340.420977660415	0.004705182	8.0
28471.63157114219	200.0	38.20020093688123	0.0	93993	362.08125445473985	0.19734085	0.2
28473.834921856826	1500.0	39.996850222247176	0.0	707527	2203.350714634055	0.86838496	1.5
28474.19697009931	200.0	43.634801979759274	0.0	93982	362.0482424879019	0.12932345	0.2
28485.24349208066	8000.0	36.58827999841073	0.0	3568902	11046.521981348546	0.013525952	8.0
28487.33197778392	1500.0	38.49979429514682	0.0	633700	2088.485703263904	0.050105523	1.5
28487.696783899057	200.0	42.13498818001027	0.0	89422	364.80611513655543	0.10616773	0.2
28488.121476947865	200.0	45.710295131200645	0.0	108225	424.6930488096186	0.2942901	0.2
28488.481088381897	200.0	49.35068369716927	0.0	87791	359.61143403137197	0.24404143	0.2
28490.73018783249	1500.0	51.101584246576074	0.0	681043	2249.0994505932003	0.61248595	1.5
28502.585800370518	8000.0	43.245971708548744	0.0	3739359	11855.61253802733	0.4620601	8.0
28520.197800976504	12000.0	29.63397110256287	0.0	5257310	17612.00060598587	0.004705182	12.0
28520.644443971694	200.0	33.187328107372075	0.0	101968	446.64299519079515	0.21684453	0.2
28535.807802606236	12000.0	22.02396947283073	0.0	4828747	15163.358634541344	0.32100034	12.0
28541.09683680925	4000.0	20.734935269813846	0.0	1830641	5289.034203016885	0.0071561537	4.0
28545.996661074805	4000.0	19.835111004259574	0.0	1697030	4899.824265554274	0.07324798	4.0
28551.532191628303	4000.0	18.299580450760978	0.0	1910697	5535.530553498594	0.004705182	4.0
28563.05038507132	8000.0	10.781387007741	0.0	3682991	11518.19344301998	0.2594564	8.0
28569.712594662655	4000.0	8.119177416408556	0.0	2042818	6662.209591332443	0.40715697	4.0
28575.233191283358	4000.0	6.598580795705508	0.0	1750852	5520.596620703049	0.016107915	4.0
28577.806984419934	1500.0	8.024787659126327	0.0	808636	2573.79313657918	0.049389884	1.5

