12178.425002711665	600.0	4.0	0.8045506523970092	247108	804.5506523970092	0.01174322	-15.491013047940184
12178.794159726765	200.0	7.630842984899575	0.0	98617	369.1570151004252	0.004705182	0.2
12179.186360283868	200.0	11.23864242779651	0.0	106476	392.20055710306406	0.004705182	0.2
12179.604228631617	200.0	14.820774080046915	0.0	115230	417.86834774959686	0.004705182	0.2
12179.970573742306	200.0	18.45442896935933	0.0	97658	366.34511068758246	0.004705182	0.2
12180.336918852994	200.0	22.088083858671748	0.0	97658	366.34511068758246	0.004705182	0.2
12180.756435052965	200.0	25.66856765870107	0.0	115792	419.51619997067877	0.004705182	0.2
12181.152148291492	200.0	29.272854420172994	0.0	107674	395.71323852807507	0.004705182	0.2
12181.511594120551	200.0	32.913408591115676	0.0	95305	359.44582905732295	0.004705182	0.2
12181.900713018073	200.0	36.52428969359332	0.0	105425	389.11889752235743	0.008382235	0.2
12182.260334774413	200.0	40.1646679372526	0.0	95365	359.6217563407126	0.004705182	0.2
12182.619889091962	200.0	43.80511361970386	0.0	95342	359.55431754874655	0.004705182	0.2
12183.000194032587	200.0	47.42480867907932	0.0	102419	380.3049406245418	0.0068293256	0.2
12183.317305893019	200.0	51.10769681864829	0.0	80867	317.1118604310218	0.004705182	0.2
12183.639938938028	200.0	54.785063773640225	0.0	82750	322.63304500806333	0.0080596935	0.2
12199.817429136907	12000.0	42.607573574759215	0.0	5443841	16177.490198881012	0.18612045	12.0
12200.172332304744	200.0	46.252670406923166	0.0	89871	354.90316783604493	0.004705182	0.2
12211.624053138614	12000.0	38.80094957305442	0.0	4055239	11451.720833868747	0.004705182	12.0
12211.902301114846	200.0	42.52270159682176	0.0	90919	278.2479762326583	0.004705182	0.2
12212.16955287968	200.0	46.25544983198761	0.0	85876	267.25176483414646	0.018221993	0.2
12212.49955914859	200.0	49.92544356307867	0.0	114656	330.0062689089373	0.3965842	0.2
12212.792684608536	200.0	53.63231810313155	0.0	97742	293.1254599471231	0.13623045	0.2
12223.988438607792	12000.0	46.4365641038756	0.0	5141915	11195.753999255958	0.004705182	12.0
12224.251532447868	200.0	50.173470263798734	0.0	85752	263.0938400768656	0.004705182	0.2
12224.533424195495	200.0	53.89157851617409	0.0	94556	281.8917476246397	0.004705182	0.2
12231.72733330718	8000.0	50.697669404488735	0.0	3253093	7193.90911168536	0.004705182	8.0
12245.829344281447	12000.0	40.5956584302238	0.0	5138482	14102.010974264937	0.004705182	12.0
12256.389954587707	8000.0	34.035048123963534	0.0	3354913	10560.610306260261	0.004705182	8.0
12256.744501934221	200.0	37.68050077744949	0.0	93993	354.5473465140479	0.20732385	0.2
12270.726779740853	12000.0	27.698222970817152	0.0	5411094	13982.277806632335	0.08011285	12.0
12271.077723721826	200.0	31.34727898984452	0.0	93982	350.94398097263013	0.09662347	0.2
12281.236267675964	8000.0	25.188735035707545	0.0	3568902	10158.543954136974	0.004705182	8.0
12282.839653645884	1500.0	27.585349065787025	0.0	633700	1603.3859699205195	0.14251341	1.5
12283.134620065644	200.0	31.29038264602652	0.0	89422	294.966419760506	0.5960782	0.2
12283.474788041965	200.0	34.95021466970547	0.0	108225	340.1679763210482	0.05292468	0.2
12283.765833611928	200.0	38.65916909974288	0.0	87791	291.0455699625885	0.6377359	0.2
12285.483029999987	1500.0	40.94197271168452	0.0	681043	1717.196388058356	0.6983604	1.5
12294.599507093566	8000.0	35.82549561810511	0.0	3739359	9116.477093579413	0.69202965	8.0
12308.428621592016	12000.0	25.996381119654245	0.0	5257310	13829.114498450866	0.004705182	12.0
12308.792013636485	200.0	29.63298907518664	0.0	101968	363.3920444676047	0.12724201	0.2
12322.421774440372	12000.0	20.003228271299744	0.0	4828747	13629.760803886897	0.1684006	12.0
12326.745078654665	4000.0	19.679924057006787	0.0	1830641	4323.304214292958	0.032691337	4.0
12330.758681447776	4000.0	19.666321263896844	0.0	1697030	4013.6027931099425	0.09137654	4.0
12336.882982648485	4000.0	17.542020063189394	0.0	1910697	6124.301200707451	0.015673913	4.0
12338.993059449065	1500.0	19.431943262608854	0.0	629438	2110.07680058054	0.5753543	1.5
12345.077220148654	4000.0	17.347782563019322	0.0	2042818	6084.160699589531	0.045895807	4.0
12350.04744132348	4000.0	16.377561388191705	0.0	1750852	4970.221174827616	0.0047160285	4.0
12359.631635531976	4000.0	10.793367179696558	0.0	2034636	9584.194208495148	0.03914068	4.0

