27795.219685106254	600.0	4.0	0.9587624466571836	247108	958.7624466571835	-18.57524893314367
27796.401114693737	600.0	6.818570412517781	0.0	309722	1181.4295874822192	0.6
27798.770755518777	1500.0	8.448929587482219	0.0	643847	2369.640825035562	1.5
27799.845392787625	600.0	11.374292318634422	0.0	279692	1074.637268847795	0.6
27802.5011253623	1500.0	12.71855974395448	0.0	724296	2655.732574679943	1.5
27805.02149063851	1500.0	14.198194467743825	0.0	689829	2520.3652762106553	1.5
27807.611151381647	1500.0	15.608533724609737	0.0	737903	2589.660743134087	1.5
27810.345017549487	1500.0	16.874667556766866	0.0	780303	2733.8661678428707	1.5
27813.456946807204	1500.0	17.76273829905068	0.0	891463	3111.929257716181	1.5
27816.18589386624	1500.0	19.033791240014615	0.0	763093	2728.9470590360647	1.5
27819.013328355773	1500.0	20.206356750482897	0.0	769316	2827.4344895317176	1.5
27821.751838243727	1500.0	21.467846862531466	0.0	744416	2738.5098879514308	1.5
27823.996355899188	1500.0	23.22332920706966	0.0	606092	2244.5176554618097	1.5
27826.741932616926	1500.0	24.47775248933143	0.0	748011	2745.5767177382286	1.5
27829.505136742104	1500.0	25.714548364153618	0.0	754517	2763.204125177809	1.5
27832.909258363725	1500.0	26.310426742531998	0.0	934743	3404.1216216216217	1.5
27835.60509051166	1500.0	27.61459459459459	0.0	735572	2695.832147937411	1.5
27838.48917674308	1500.0	28.730508363172603	0.0	772616	2884.0862314219844	1.5
27841.282047886456	1500.0	29.937637219796926	0.0	747396	2792.8711433756803	1.5
27843.766218485365	1500.0	31.453466620885855	0.0	662349	2484.1705989110706	1.5
27846.907568301664	1500.0	32.312116804589294	0.0	835711	3141.3498162965616	1.5
27854.279542044274	4000.0	28.940143061977103	0.0	1950922	7371.97374261219	4.0
27860.61091797308	4000.0	26.608767133170208	0.0	1849252	6331.375928806893	4.0
27862.91369442641	1500.0	28.305990679841766	0.0	681795	2302.776453328443	1.5
27869.16061347078	4000.0	26.059071635470794	0.0	1836837	6246.9190443709695	4.0
27871.480880971216	1500.0	27.738804135036542	0.0	644861	2320.267500434254	1.5
27874.319310708925	1500.0	28.90037439732593	0.0	794014	2838.4297377106136	1.5
27881.457822864653	4000.0	25.76186224159908	0.0	2055338	7138.512155726851	4.0
27883.847149590554	1500.0	27.372535515693407	0.0	675709	2389.3267259056734	1.5
27886.345218626782	1500.0	28.874466479466474	0.0	707527	2498.069036226931	1.5
27889.372889418595	1500.0	29.846795687654414	0.0	757473	3027.670791812064	1.5
27897.095286610787	4000.0	26.124398495463204	0.0	1947068	7722.397192191211	4.0
27899.216763677592	1500.0	28.002921428656936	0.0	633700	2121.4770668062656	1.5
27901.729468546117	1500.0	29.49021656013521	0.0	755142	2512.7048685217255	1.5
27907.69322168184	4000.0	27.526463424413713	0.0	1828568	5963.7531357214975	4.0
27913.46315457309	4000.0	25.756530533161744	0.0	1785821	5769.932891251967	4.0
27915.713074719653	1500.0	27.50661038659783	0.0	681043	2249.9201465639126	1.5
27922.880046956703	4000.0	24.339638149548737	0.0	1955307	7166.9722370490945	4.0
27925.562238801987	1500.0	25.65744630426723	0.0	691256	2682.19184528151	1.5
27928.516699084128	1500.0	26.702986022124772	0.0	725845	2954.460282142454	1.5
27932.12437633511	1500.0	27.095308771146087	0.0	811013	3607.6772509786865	1.5
27935.065120136762	1500.0	28.154564969493194	0.0	657685	2940.7438016528927	1.5
27941.566353053953	4000.0	25.6533320523014	0.0	1697030	6501.232917191791	4.0
27944.600985808782	1500.0	26.618699297472666	0.0	848035	3034.6327548287354	1.5
27946.874006299604	1500.0	28.345678806651076	0.0	629438	2273.020490821593	1.5
27949.70895190703	1500.0	29.51073319922667	0.0	763847	2834.9456074244044	1.5
27956.230199981343	4000.0	26.989485124912445	0.0	1750852	6521.248074314226	4.0
27959.05636929522	1500.0	28.16331581103392	0.0	808636	2826.1693138785245	1.5

