34951.564612104914	600.0	4.0	0.6909540439472139	247108	690.9540439472139	-13.219080878944279
34951.88843446175	200.0	7.676177643168403	0.0	98617	323.8223568315975	0.2
34952.23168754455	200.0	11.332924560373336	0.0	106476	343.25308279506754	0.2
34953.003202827174	600.0	14.561409277745158	0.0	279692	771.5152826281795	0.6
34953.87029680993	600.0	17.694315294990265	0.0	318350	867.0939827548908	0.6
34954.19174811877	200.0	21.372863986154464	0.0	97658	321.4513088358006	0.2
34955.08254763665	600.0	24.482064468275798	0.0	327938	890.7995178786662	0.6
34957.091782114505	1500.0	26.472829990419385	0.0	780303	2009.2344778564143	1.5
34957.40741582591	200.0	30.157196279012272	0.0	95305	315.6337114071144	0.2
34970.37720688738	12000.0	21.187405217543304	0.0	5088378	12969.791061468966	12.0
34971.30127578107	600.0	24.263336323847877	0.0	329266	924.0688936954258	0.6
34971.625683695835	200.0	27.938928409083797	0.0	95342	324.4079147640791	0.2
34973.54552843458	1500.0	30.019083670338773	0.0	606092	1919.8447387450253	1.5
34973.87690726927	200.0	33.68770483565517	0.0	80867	331.37883468360826	0.2
34974.777914826926	600.0	36.78669727800135	0.0	264113	901.0075576538245	0.6
34975.86624961739	600.0	39.69836248753681	0.0	324375	1088.3347904645334	0.6
34981.653115231034	4000.0	37.91149687389029	0.0	1835863	5786.86561364652	4.0
34995.218577296	12000.0	28.346034808922717	0.0	4055239	13565.462064967574	12.0
34995.75841734658	200.0	31.806194758345825	0.0	90919	539.8400505768927	0.2
34999.188372775694	1500.0	32.3762393292325	0.0	662349	3429.955429113324	1.5
35000.687793038065	600.0	34.87681906686487	0.0	280646	1499.4202623676308	0.6
35002.339930227885	600.0	37.224681877043466	0.0	310841	1652.1371898214002	0.6
35002.85494700607	200.0	40.70966509885901	0.0	100675	515.0167781844577	0.2
35003.219359020746	200.0	44.345253084182694	0.0	85752	364.4120146763127	0.2
35004.4500449518	600.0	47.1145671531282	0.0	346939	1230.6859310544974	0.6
35005.264381304696	600.0	50.30023080023336	0.0	221407	814.3363528948406	0.6
35022.84702735198	12000.0	36.717584752951126	0.0	5138482	17582.646047282233	12.0
35023.250922588144	200.0	40.31368951677562	0.0	103756	403.8952361755037	0.2
35023.5883274662	200.0	43.97628463872684	0.0	93993	337.40487804878046	0.2
35038.21835756421	12000.0	33.34625454071658	0.0	5411094	14630.030098010257	12.0
35038.542474580994	200.0	37.022137523930326	0.0	93982	324.11701678625934	0.2
35039.38460062405	600.0	40.18001148087698	0.0	293409	842.1260430533458	0.6
35049.20081503206	8000.0	34.36379707286076	0.0	3713878	9816.214408016216	8.0
35051.27363562947	1500.0	36.29097647545687	0.0	755142	2072.820597403883	1.5
35061.395160065586	8000.0	30.169452039340875	0.0	3707853	10121.524436116002	8.0
35066.350715880624	4000.0	29.213896224300814	0.0	1785821	4955.555815040062	4.0
35068.2903458895	1500.0	31.274266215426486	0.0	681043	1939.630008874326	1.5
35073.709432516574	4000.0	29.855179588352968	0.0	1955307	5419.0866270735205	4.0
35090.74646915849	12000.0	16.81814294643599	0.0	5257310	17037.036641916977	12.0
35091.75378698795	600.0	19.810825116978624	0.0	284107	1007.3178294573644	0.6
35107.30890704757	12000.0	8.255705057360506	0.0	4828747	15555.120059618117	12.0
35107.65707565318	200.0	11.907536451751305	0.0	101713	348.16860560920145	0.2
35112.211333307336	4000.0	11.353278797597133	0.0	1697030	4554.25765415417	4.0
35112.54704434448	200.0	15.017567760455124	0.0	96988	335.7110371420097	0.2
35112.85171296656	200.0	18.712899138367654	0.0	85214	304.6686220874666	0.2
35113.691653644804	600.0	21.87295846012226	0.0	288236	839.9406782453943	0.6
35115.98733844793	1500.0	23.5772736570009	0.0	769491	2295.684803121358	1.5
35131.57840327179	12000.0	11.98620883313177	0.0	5646381	15591.06482386913	12.0

