31657.224049055476	600.0	4.0	0.8394560122935075	247108	839.4560122935076	-16.18912024587015
31658.255941487285	600.0	6.9681075681905496	0.0	309722	1031.8924318094507	0.6
31659.222447826123	600.0	10.001601229350749	0.0	288447	966.5063388398003	0.6
31661.51051851379	1500.0	11.713530541682672	0.0	718451	2288.0706876680756	1.5
31663.81655308928	1500.0	13.407495966192851	0.0	724296	2306.03457548982	1.5
31666.016657584092	1500.0	15.207391471379175	0.0	689829	2200.104494813677	1.5
31668.11751340559	1500.0	17.10653564988613	0.0	737903	2100.8558214930454	1.5
31670.17851208861	1500.0	19.045536966865647	0.0	780303	2060.9986830204843	1.5
31672.52171885439	1500.0	20.702330201081725	0.0	891463	2343.20676578392	1.5
31674.539025551945	1500.0	22.685023503526864	0.0	763093	2017.3066975548609	1.5
31676.57213092617	1500.0	24.651918129298405	0.0	769316	2033.1053742284564	1.5
31680.840216126537	4000.0	24.383832928936936	0.0	1761739	4268.085200361469	4.0
31685.923805110146	4000.0	23.300243945326528	0.0	2131310	5083.588983610406	4.0
31690.333758521716	4000.0	22.890290533755657	0.0	1805063	4409.953411570872	4.0
31695.64941088028	4000.0	21.57463817519355	0.0	2157416	5315.652358562112	4.0
31697.99509830032	1500.0	23.228950755152365	0.0	934743	2345.687420041184	1.5
31702.493474678533	4000.0	22.73057437693904	0.0	1835863	4498.376378213324	4.0
31707.851886298817	4000.0	21.372162756652145	0.0	2192675	5358.411620286893	4.0
31713.193606576107	4000.0	20.030442479361255	0.0	2082556	5341.720277290888	4.0
31714.94707665996	1500.0	22.276972395510764	0.0	662349	1753.4700838504903	1.5
31717.138557702798	1500.0	24.08549135266964	0.0	835711	2191.481042841126	1.5
31721.649279424215	4000.0	23.574769631250266	0.0	1950922	4510.721721419373	4.0
31725.81980961099	4000.0	23.404239444475213	0.0	1849252	4170.530186775055	4.0
31730.29525377348	4000.0	22.928795281985902	0.0	1822097	4475.444162489312	4.0
31735.350519470692	4000.0	21.873529584774072	0.0	1836837	5055.26569721183	4.0
31741.369345426923	4000.0	19.85470362854082	0.0	1984579	6018.825956233251	4.0
31744.11751529293	1500.0	21.106533762535022	0.0	794014	2748.1698660057973	1.5
31747.269835198844	1500.0	21.954213856624996	0.0	914284	3152.319905910026	1.5
31749.279244494035	1500.0	23.94480456143299	0.0	675709	2009.4092951920068	1.5
31750.851012672618	1500.0	26.373036382849325	0.0	707527	1571.7681785836648	1.5
31752.52808828604	1500.0	28.695960769429195	0.0	757473	1677.0756134201304	1.5
31756.713336684952	4000.0	28.510712370515034	0.0	1947068	4185.248398914161	4.0
31763.330098168684	4000.0	25.89395088678185	0.0	2544033	6616.761483733183	4.0
31769.512849552368	4000.0	23.711199503101703	0.0	2125133	6182.751383680148	4.0
31774.2576382129	4000.0	22.966410842568212	0.0	1828568	4744.788660533492	4.0
31778.893376665364	4000.0	22.330672390105644	0.0	1785821	4635.738452462571	4.0
31783.853182794173	4000.0	21.370866261296907	0.0	2096494	4959.806128808739	4.0
31788.451773122903	4000.0	20.772275932566185	0.0	1955307	4598.590328730718	4.0
31790.09595375204	1500.0	23.12809530342858	0.0	691256	1644.1806291376054	1.5
31794.758736976666	4000.0	22.465312078804278	0.0	2094647	4662.783224624304	4.0
31799.18257802902	4000.0	22.041471026446178	0.0	1985434	4423.841052358098	4.0
31804.641901970965	4000.0	20.582147084502733	0.0	1830641	5459.323941943448	4.0
31809.869823463014	4000.0	19.354225592450106	0.0	1697030	5227.921492052624	4.0
31811.950761363947	1500.0	21.27328769151958	0.0	848035	2080.9379009305276	1.5
31813.515919819063	1500.0	23.708129236401682	0.0	629438	1565.1584551179012	1.5
31818.415947248242	4000.0	22.808101807223522	0.0	2042818	4900.027429178157	4.0
31822.875789097427	4000.0	22.34825995803949	0.0	1750852	4459.841849184035	4.0
31828.237471231245	4000.0	20.98657782422159	0.0	2034636	5361.682133817898	4.0

