24073.26555607556	600.0	4.0	0.5880345394736842	247108	588.0345394736843	-11.160690789473685
24073.548304842006	200.0	7.7172512335526315	0.0	98617	282.74876644736844	0.2
24074.952003443977	1500.0	10.313552631578947	0.0	643847	1403.6986019736842	1.5
24075.60702811503	600.0	13.658527960526316	0.0	279692	655.0246710526317	0.6
24075.887805253187	200.0	17.37775082236842	0.0	97658	280.77713815789474	0.2
24076.168582391347	200.0	21.09697368421053	0.0	97658	280.77713815789474	0.2
24076.486641601874	200.0	24.77891447368421	0.0	115792	318.05921052631584	0.2
24078.170882967006	1500.0	27.09467310855263	0.0	780303	1684.241365131579	1.5
24078.84858650319	600.0	30.41696957236842	0.0	290723	677.7035361842105	0.6
24089.655343233182	12000.0	23.610212842373787	0.0	5088378	10806.75672999463	12.0
24089.940208968954	200.0	27.325347106605797	0.0	95365	284.8657357679914	0.2
24090.633794361	600.0	30.63176171455424	0.0	285624	693.5853920515575	0.6
24103.968133591516	12000.0	21.297422484043274	0.0	5575398	13334.339230510965	12.0
24107.991202469937	4000.0	21.27435360562154	0.0	1805063	4023.0688784217355	4.0
24109.719406715958	1500.0	23.54614935959792	0.0	754517	1728.2042460236194	1.5
24110.50798750646	600.0	26.757568569100272	0.0	324375	788.580790497645	0.6
24112.194807357642	1500.0	29.070748717915894	0.0	735572	1686.8198511843812	1.5
24122.31071084076	12000.0	22.954845234797265	0.0	4055239	10115.903483118629	12.0
24122.622650763275	200.0	26.642905312285745	0.0	90919	311.9399225115196	0.2
24122.921725684748	200.0	30.34383039081059	0.0	85876	299.0749214751511	0.2
24130.94630806407	8000.0	26.319248011489528	0.0	3690869	8024.582379321066	8.0
24131.674551853335	600.0	29.591004222224388	0.0	310841	728.2437892651391	0.6
24131.96450467	200.0	33.30105140556163	0.0	100675	289.95281666275645	0.2
24133.466354986725	1500.0	35.799201088833705	0.0	681795	1501.8503167279268	1.5
24134.26987939954	600.0	38.995676676018604	0.0	346939	803.5244128150986	0.6
24135.757878256598	1500.0	41.507677818965035	0.0	644861	1487.9988570535752	1.5
24147.285326482255	12000.0	33.9802295933062	0.0	5138482	11527.44822565884	12.0
24154.861187174047	8000.0	30.40436890151304	0.0	3354913	7575.860691793161	8.0
24156.466903736222	1500.0	32.79865233933815	0.0	675709	1605.7165621748838	1.5
24168.86952269601	12000.0	24.396033379549078	0.0	5411094	12402.618959789073	12.0
24169.50714949027	600.0	27.758406585290704	0.0	240372	637.6267942583733	0.6
24177.708536826776	8000.0	23.5570192487871	0.0	3568902	8201.387336503605	8.0
24190.371499235553	12000.0	14.894056840010975	0.0	5639869	12662.962408776124	12.0
24190.658147799884	200.0	18.60740827568028	0.0	89422	286.648564330695	0.2
24191.39549600024	600.0	21.870060075322087	0.0	284451	737.3482003581952	0.6
24192.11272518737	600.0	25.152830888194003	0.0	275745	717.2291871280836	0.6
24193.76657231892	1500.0	27.49898375664394	0.0	681043	1653.8471315500606	1.5
24194.032378546894	200.0	31.233177528670055	0.0	80403	265.8062279738864	0.2
24206.495625781907	12000.0	22.769930293658298	0.0	5257310	12463.247235011757	12.0
24206.83496673471	200.0	26.430589340853455	0.0	101968	339.3409528048451	0.2
24218.580621752386	12000.0	18.684934323179522	0.0	4828747	11745.655017673931	12.0
24218.87014487526	200.0	22.39541120030384	0.0	101713	289.52312287568236	0.2
24226.721105790846	8000.0	18.544450284719147	0.0	3735285	7850.960915584693	8.0
24231.30813100093	4000.0	17.957425074635115	0.0	1910697	4587.025210084034	4.0
24232.872873445278	1500.0	20.392682630288952	0.0	629438	1564.7424443461593	1.5
24234.754664982946	1500.0	22.510891092621257	0.0	763847	1881.7915376676988	1.5
24238.50201099773	4000.0	22.76354507783331	0.0	1750852	3747.346014787946	4.0
24250.043628529602	12000.0	15.221927545962506	0.0	5646381	11541.617531870805	12.0

