34441.26989786996	600.0	4.0	1.0551215902925073	247108	1055.1215902925073	-20.502431805850144
34442.57210277303	600.0	6.697795096926947	0.0	309722	1302.204903073053	0.6
34445.19281011778	1500.0	8.077087752182706	0.0	643847	2620.707344744241	1.5
34448.10791493699	1500.0	9.161982932965028	0.0	718451	2915.104819217679	1.5
34450.805101472295	1500.0	10.464796397658317	0.0	724296	2697.1865353067105	1.5
34452.08631865919	1500.0	13.183579210770501	0.0	689829	1281.217186887815	1.5
34453.45124835314	1500.0	15.818649516808549	0.0	737903	1364.9296939619521	1.5
34454.89001027035	1500.0	18.379887599608598	0.0	780303	1438.761917199948	1.5
34456.52233798791	1500.0	20.74755988205168	0.0	891463	1632.3277175569197	1.5
34460.73477279701	4000.0	20.535125072944545	0.0	2373154	4212.434809107135	4.0
34469.730003159166	4000.0	15.539894710792588	0.0	2094766	8995.230362151959	4.0
34474.282947315616	4000.0	14.9869505543376	0.0	1761739	4552.944156454988	4.0
34478.912471696916	4000.0	14.357426173042155	0.0	2131310	4629.524381295445	4.0
34482.56240531105	4000.0	14.70749255890869	0.0	1805063	3649.9336141334647	4.0
34483.95112361556	1500.0	17.31877425439354	0.0	754517	1388.7183045151498	1.5
34485.65244596366	1500.0	19.61745190629879	0.0	934743	1701.3223480947477	1.5
34487.00830395054	1500.0	22.261593919416033	0.0	735572	1355.857986882758	1.5
34488.42841517608	1500.0	24.84148269387535	0.0	772616	1420.1112255406797	1.5
34489.80478202523	1500.0	27.465115844723634	0.0	747396	1376.3668491517158	1.5
34494.555031620985	4000.0	26.71486624896889	0.0	2164412	4750.2495957547435	4.0
34500.8345053052	4000.0	24.435392564758363	0.0	2379358	6279.473684210527	4.0
34504.09824860575	4000.0	25.171649264205357	0.0	1950922	3263.7433005530065	4.0
34506.72155228386	4000.0	26.54834558609779	0.0	1849252	2623.3036781075675	4.0
34509.30750928808	4000.0	27.962388581877292	0.0	1822097	2585.9570042204973	4.0
34511.91373843272	4000.0	29.35615943723715	0.0	1836837	2606.2291446401405	4.0
34515.75912611044	4000.0	29.510771759517986	0.0	1984579	3845.387677719166	4.0
34524.47824798514	8000.0	24.79164988481753	0.0	4274504	8719.121874700453	8.0
34532.03823182082	8000.0	21.23166604913619	0.0	3354913	7559.98383568134	8.0
34545.933808829155	8000.0	11.336089040797129	0.0	3811227	13895.577008339062	8.0
34550.14916929998	4000.0	11.1207285699781	0.0	2002600	4215.360470819029	4.0
34556.20367085653	4000.0	9.066227013424802	0.0	2290706	6054.501556553298	4.0
34558.5624710485	1500.0	10.707426821455517	0.0	712239	2358.8001919692847	1.5
34560.669986646004	1500.0	12.599911223951118	0.0	633700	2107.5155975043995	1.5
34563.25977585816	1500.0	14.010122011794747	0.0	755142	2589.789212156371	1.5
34566.35358202334	1500.0	14.916315846622073	0.0	670327	3093.8061651726753	1.5
34569.96529416541	1500.0	15.304603704547718	0.0	785519	3611.712142074353	1.5
34573.10727972193	1500.0	16.16261814802427	0.0	681043	3141.9855565234498	1.5
34574.80366860555	1500.0	18.466229264404316	0.0	866245	1696.3888836199521	1.5
34576.141469633614	1500.0	21.12842823633717	0.0	691256	1337.801028067143	1.5
34577.54220838629	1500.0	23.72768948366465	0.0	725845	1400.73875267252	1.5
34579.0979177981	1500.0	26.171980071846423	0.0	811013	1555.7094118182235	1.5
34582.508929943855	4000.0	26.760967926097436	0.0	1830641	3411.012145748988	4.0
34586.7199718595	4000.0	26.549926010448683	0.0	1697030	4211.041915648755	4.0
34597.70064485674	8000.0	19.56925301320399	0.0	4340973	10980.672997244694	8.0
34606.40968257678	8000.0	14.860215293171793	0.0	3682991	8709.037720032198	8.0
34612.35689877553	4000.0	12.912999094421162	0.0	2042818	5947.21619875063	4.0
34625.03430826093	4000.0	4.2355896090132426	0.0	1750852	12677.40948540792	4.0
34625.79062651366	600.0	7.479271356283134	0.0	308883	756.3182527301093	0.6

