9431.596182641028	600.0	4.0	0.9546992323178691	247108	954.6992323178691	-18.493984646357383
9432.772519447735	600.0	6.823663193292184	0.0	309722	1176.3368067078163	0.6
9433.873548186039	600.0	9.722634454989933	0.0	288447	1101.02873830225	0.6
9436.496681302562	1500.0	11.099501338465961	0.0	718451	2623.133116523971	1.5
9439.140504226834	1500.0	12.455678414194374	0.0	724296	2643.8229242715875	1.5
9441.793016207304	1500.0	13.803166433724305	0.0	689829	2652.5119804700685	1.5
9445.116189484965	1500.0	14.47999315606251	0.0	737903	3323.173277661796	1.5
9448.625715910632	1500.0	14.970466730395001	0.0	780303	3509.526425667509	1.5
9452.14879015213	1500.0	15.447392488896813	0.0	891463	3523.074241498186	1.5
9454.320602103886	1500.0	17.275580537142428	0.0	763093	2171.811951754386	1.5
9456.50947271792	1500.0	19.086709923107342	0.0	769316	2188.870614035088	1.5
9458.630086753008	1500.0	20.96609588801962	0.0	744416	2120.6140350877195	1.5
9460.371523156518	1500.0	23.22465948451085	0.0	606092	1741.436403508772	1.5
9466.77104532336	4000.0	20.825137317670197	0.0	1805063	6399.522166840653	4.0
9469.699018146497	1500.0	21.897164494532117	0.0	754517	2927.9728231380786	1.5
9473.405727287733	1500.0	22.19045535329722	0.0	934743	3706.7091412348973	1.5
9476.459462538003	1500.0	23.136720103025596	0.0	735572	3053.735250271622	1.5
9479.662957497198	1500.0	23.933225143832125	0.0	772616	3203.494959193471	1.5
9482.717267293201	1500.0	24.878915347827878	0.0	747396	3054.3097960042483	1.5
9485.265265430138	1500.0	26.330917210892622	0.0	662349	2547.998136935259	1.5
9488.459232826504	1500.0	27.136949814525597	0.0	835711	3193.967396367024	1.5
9491.543961284819	1500.0	28.05222135621167	0.0	806394	3084.7284583139262	1.5
9494.460138687882	1500.0	29.136043953146306	0.0	809327	2916.177403065364	1.5
9500.76487488944	4000.0	26.831307751587644	0.0	1822097	6304.736201558664	4.0
9503.645509476777	1500.0	27.95067316425125	0.0	855209	2880.6345873363944	1.5
9505.691624039071	1500.0	29.90455860195848	0.0	644861	2046.1145622927704	1.5
9512.077443620608	4000.0	27.518739020419552	0.0	2068230	6385.819581538931	4.0
9520.609051091167	4000.0	22.98713154986084	0.0	2055338	8531.607470558709	4.0
9523.47420671828	1500.0	24.12197592274973	0.0	675709	2865.155627111112	1.5
9526.124578635994	1500.0	25.471604005034823	0.0	707527	2650.3719177149082	1.5
9528.956399170938	1500.0	26.639783470090908	0.0	757473	2831.8205349439177	1.5
9531.623889294004	1500.0	27.97229334702656	0.0	712239	2667.4901230643477	1.5
9534.475199041079	1500.0	29.12098359995338	0.0	633700	2851.30974707318	1.5
9539.074808512518	1500.0	28.521374128513585	0.0	755142	4599.609471439793	1.5
9543.16679070681	1500.0	28.429391934221883	0.0	670327	4091.9821942916997	1.5
9546.22009875123	1500.0	29.376083889802135	0.0	785519	3053.308044419749	1.5
9548.784976977993	1500.0	30.811205663039388	0.0	681043	2564.8782267627475	1.5
9552.025589948895	1500.0	31.570592692137264	0.0	866245	3240.6129709021257	1.5
9554.501143435584	1500.0	33.095039205447144	0.0	691256	2475.5534866901216	1.5
9556.84247489965	1500.0	34.753707741381874	0.0	725845	2341.331464065269	1.5
9563.107988851008	4000.0	32.48819379002179	0.0	1985434	6265.513951360088	4.0
9569.431659423935	4000.0	30.16452321709494	0.0	1830641	6323.670572926852	4.0
9575.246982808427	4000.0	28.349199832604462	0.0	1697030	5815.323384490476	4.0
9581.246806207984	4000.0	26.349376433045965	0.0	1910697	5999.8233995585	4.0
9583.276964606188	1500.0	28.31921803484295	0.0	629438	2030.1583982030131	1.5
9590.836727282473	4000.0	24.759455358558416	0.0	2042818	7559.762676284536	4.0
9597.136864516071	4000.0	22.459318124961065	0.0	1750852	6300.137233597351	4.0
9599.898852037059	1500.0	23.69733060397269	0.0	808636	2761.987520988371	1.5

