2678.567230666382	600.0	4.0	0.7084836827798886	247108	708.4836827798886	-13.569673655597773
2678.8980488323036	200.0	7.669181834077795	0.0	98617	330.81816592220514	0.2
2679.2488552352033	200.0	11.31837543117837	0.0	106476	350.80640289942613	0.2
2680.0402116388973	600.0	14.527019027484146	0.0	279692	791.356403694225	0.6
2680.36859072615	200.0	18.19863994023113	0.0	97658	328.3790872530163	0.2
2680.696969813403	200.0	21.870260852978113	0.0	97658	328.3790872530163	0.2
2681.0714701233746	200.0	25.49576054300657	0.0	115792	374.5003099715462	0.2
2681.8504429253585	600.0	28.71678774102275	0.0	274823	778.9728019838179	0.6
2682.172837495293	200.0	32.394393171088396	0.0	95305	322.39456993434965	0.2
2692.4039066636947	12000.0	26.163324002686615	0.0	5088378	10231.069168401784	12.0
2692.6228948402627	200.0	29.944335826118508	0.0	95365	218.98817656810772	0.2
2692.841849495853	200.0	33.72538117052834	0.0	95342	218.9546555901696	0.2
2701.3929627963353	12000.0	29.174267870045966	0.0	5575398	8551.11330048237	12.0
2701.924311255873	600.0	32.64291941050821	0.0	266809	531.3484595377556	0.6
2702.451099016758	600.0	36.116131649623476	0.0	264113	526.787760884735	0.6
2704.112360567581	1500.0	38.45487009879985	0.0	934743	1661.261550823624	1.5
2705.4366937387977	1500.0	41.13053692758334	0.0	735572	1324.3331712165104	1.5
2712.5299405728038	12000.0	38.03729009357702	0.0	4055239	7093.246834006319	12.0
2716.308235318525	4000.0	38.2589953478557	0.0	2082556	3778.294745721326	4.0
2726.137571538249	12000.0	32.42965912813182	0.0	5848459	9829.336219723884	12.0
2735.055527726622	12000.0	27.511702939758504	0.0	5251330	8917.956188373315	12.0
2738.4958911633385	4000.0	28.071339503042353	0.0	1950922	3440.363436716151	4.0
2751.975482363415	12000.0	18.591748302966064	0.0	5141915	13479.59120007629	12.0
2753.2459098108434	1500.0	21.321320855537625	0.0	681795	1270.4274474284405	1.5
2753.4910064421165	200.0	25.07622422426423	0.0	94556	245.09663127339394	0.2
2759.2509706487144	8000.0	23.31626001766646	0.0	3253093	5759.964206597771	8.0
2770.223627366376	12000.0	16.343603300004776	0.0	5138482	10972.656717661683	12.0
2770.5318757302325	200.0	20.035354936148426	0.0	103756	308.24836385634933	0.2
2771.25209791579	600.0	23.31513275059049	0.0	291029	720.2221855579387	0.6
2788.00052329939	12000.0	10.566707366990412	0.0	5411094	16748.425383600075	12.0
2788.6181777616325	200.0	13.94905290474785	0.0	93982	617.654462242563	0.2
2789.3762212398933	200.0	17.191009426486982	0.0	118522	758.0434782608696	0.2
2791.5074557015346	1500.0	19.059774964845495	0.0	633700	2131.2344616414857	1.5
2791.7872507050956	200.0	22.77997996128459	0.0	89422	279.79500356090546	0.2
2792.109057131482	200.0	26.458173534897583	0.0	108225	321.8064263870076	0.2
2792.3852080021584	200.0	30.182022664221286	0.0	87791	276.15087067629275	0.2
2792.6933025686353	200.0	33.87392809774406	0.0	102088	308.0945664772172	0.2
2793.504948824099	600.0	37.06228184228052	0.0	327462	811.6462554635461	0.6
2805.908091619227	12000.0	28.659139047152355	0.0	5257310	12403.142795128164	12.0
2806.7069858499963	600.0	31.860244816383126	0.0	284107	798.8942307692307	0.6
2819.630628780209	12000.0	22.936601886170294	0.0	4828747	12923.64293021283	12.0
2821.4885926359816	1500.0	25.078638030397563	0.0	657685	1857.9638557727312	1.5
2825.907019760259	4000.0	24.66021090612057	0.0	1697030	4418.4271242769955	4.0
2826.700119814584	600.0	27.86711085179532	0.0	278938	793.1000543252485	0.6
2841.067597061906	12000.0	17.49963360447321	0.0	5626380	14367.477247322115	12.0
2842.446092695359	1500.0	20.121137971020374	0.0	763847	1378.4956334528351	1.5
2843.6719678873174	1500.0	22.895262779061696	0.0	769491	1225.8751919586766	1.5
2852.291261922172	12000.0	18.27596874420729	0.0	5646381	8619.294034854405	12.0

