23018.997611551767	600.0	4.0	0.8818918973734916	247108	881.8918973734916	-17.037837947469832
23019.397634267516	200.0	7.59997728425109	0.0	98617	400.02271574890983	0.2
23020.41367564263	600.0	10.583935909137004	0.0	288447	1016.0413751140859	0.6
23022.825126002637	1500.0	12.172485549132947	0.0	718451	2411.4503600040566	1.5
23029.741596922417	4000.0	9.256014629353139	0.0	2069289	6916.470919779807	4.0
23032.306236065182	1500.0	10.691375486586043	0.0	689829	2564.6391427670974	1.5
23035.04402905064	1500.0	11.953582501128388	0.0	737903	2737.7929854576564	1.5
23041.68155631021	4000.0	9.316055241559294	0.0	2058614	6637.527259569092	4.0
23044.244869853745	1500.0	10.752741698024638	0.0	891463	2563.3135435346553	1.5
23046.450588118973	1500.0	12.547023432794907	0.0	763093	2205.71826522973	1.5
23052.87835765183	4000.0	10.119253899940883	0.0	2094766	6427.769532854025	4.0
23055.3473692051	1500.0	11.650242346667456	0.0	744416	2469.0115532734276	1.5
23062.49505793876	4000.0	8.502553613012278	0.0	2131310	7147.688733655178	4.0
23063.493999710365	600.0	11.503611841405347	0.0	266809	998.9417716069315	0.6
23070.903266144614	4000.0	8.094345407157174	0.0	2157416	7409.266434248172	4.0
23072.033469507693	600.0	10.964142044078196	0.0	324375	1130.2033630789779	0.6
23074.494972978016	1500.0	12.502638573753018	0.0	735572	2461.5034703251786	1.5
23082.014313797048	4000.0	8.983297754721006	0.0	2192675	7519.3408190320115	4.0
23083.33475626869	600.0	11.662855283080058	0.0	330105	1320.4424716409496	0.6
23091.594113259634	4000.0	7.403498292134407	0.0	2164412	8259.356990945651	4.0
23092.755236195062	600.0	10.24237535670801	0.0	280646	1161.1229354263976	0.6
23095.941680072367	1500.0	11.055931479402668	0.0	806394	3186.4438773053403	1.5
23103.324240376493	4000.0	7.673371175278395	0.0	1849252	7382.560304124274	4.0
23104.620309534897	600.0	10.37730201687514	0.0	298925	1296.0691584032547	0.6
23108.179420646007	1500.0	10.818190905764029	0.0	855209	3559.1111111111113	1.5
23110.988512003165	1500.0	12.009099548608598	0.0	644861	2809.0913571554297	1.5
23120.78331037032	4000.0	6.21430118145325	0.0	2068230	9794.798367155348	4.0
23121.35666708226	200.0	9.640944469515302	0.0	103756	573.3567119379477	0.2
23124.64964339656	1500.0	10.347968155211756	0.0	675709	3292.976314303545	1.5
23128.093913360008	1500.0	10.90369819176559	0.0	707527	3444.269963446165	1.5
23131.41585350551	1500.0	11.581758046262188	0.0	757473	3321.940145503403	1.5
23137.93084648246	4000.0	9.066765069314323	0.0	1947068	6514.992976947864	4.0
23140.105203253508	1500.0	10.892408298265824	0.0	633700	2174.3567710485004	1.5
23143.24802069947	1500.0	11.749590852303138	0.0	755142	3142.8174459626866	1.5
23151.1806098434	4000.0	7.817001708375153	0.0	1828568	7932.589143927985	4.0
23152.268887376136	600.0	10.728724175637533	0.0	275745	1088.2775327376194	0.6
23154.839160475298	1500.0	12.158451076476256	0.0	681043	2570.273099161277	1.5
23162.12392746675	4000.0	8.873684085024934	0.0	1955307	7284.766991451323	4.0
23163.405292204563	600.0	11.592319347213554	0.0	309862	1281.3647378113792	0.6
23171.551421114098	4000.0	7.44619043767721	0.0	2094647	8146.128909536344	4.0
23172.622829534368	600.0	10.374782017410418	0.0	315398	1071.4084202667923	0.6
23174.77016809353	1500.0	12.227443458246551	0.0	657685	2147.338559163867	1.5
23180.184538734582	4000.0	10.813072817198242	0.0	1697030	5414.370641048309	4.0
23183.03634715207	1500.0	11.961264399711721	0.0	848035	2851.80841748652	1.5
23190.50102192462	4000.0	8.496589627158366	0.0	2171279	7464.674772553354	4.0
23191.56133312265	600.0	11.436278429130986	0.0	288236	1060.3111980273786	0.6
23197.89513137964	4000.0	9.1024801721403	0.0	1750852	6333.798256990687	4.0
23200.869124714012	1500.0	10.128486837763134	0.0	808636	2973.993334377167	1.5

