13500.614483719499	600.0	4.0	1.0144003025075037	247108	1014.4003025075037	-19.688006050150072
13501.067388500534	200.0	7.547095218963439	0.0	98617	452.9047810365609	0.2
13502.238105774184	600.0	10.376377945312315	0.0	288447	1170.7172736511236	0.6
13505.034816005083	1500.0	11.579667714414008	0.0	718451	2796.710230898306	1.5
13511.310351842256	4000.0	9.304131877240973	0.0	2069289	6275.535837173035	4.0
13512.553099303383	1500.0	12.061384416114175	0.0	689829	1242.7474611267962	1.5
13516.08251146469	4000.0	12.53197225480618	0.0	2046450	3529.412161307994	4.0
13519.632426765353	4000.0	12.982056954144598	0.0	2058614	3549.9153006615816	4.0
13523.222692449937	4000.0	13.391791269561248	0.0	1857129	3590.2656845833526	4.0
13530.332911849195	8000.0	10.281571870303084	0.0	3624869	7110.219399258164	8.0
13531.912211097302	1500.0	12.70227262219561	0.0	769316	1579.2992481074739	1.5
13535.426400181123	4000.0	13.188083538374947	0.0	1761739	3514.1890838206627	4.0
13543.746251793596	8000.0	8.86823192590096	0.0	4206019	8319.851612473987	8.0
13544.353301437412	600.0	12.261182282086992	0.0	266809	607.0496438139685	0.6
13548.69502174804	4000.0	11.919461971458203	0.0	2157416	4341.720310628789	4.0
13553.446613804643	4000.0	11.16786991485515	0.0	2231719	4751.592056603054	4.0
13557.567361046506	4000.0	11.047122672991998	0.0	1835863	4120.747241863152	4.0
13562.224293261403	4000.0	10.390190458095132	0.0	2192675	4656.932214896866	4.0
13563.663364963548	1500.0	12.951118755950546	0.0	747396	1439.0717021445862	1.5
13567.679151482318	4000.0	12.935332237181154	0.0	2164412	4015.786518769392	4.0
13572.047991043642	4000.0	12.566492675857011	0.0	2379358	4368.839561324144	4.0
13575.509101733516	4000.0	13.105381985981468	0.0	1950922	3461.1106898755434	4.0
13582.266613867347	8000.0	10.347869852152341	0.0	3805854	6757.512133829129	8.0
13583.65774233936	1500.0	12.956741380138784	0.0	681795	1391.1284720135577	1.5
13587.270078729547	4000.0	13.344404989951165	0.0	1836837	3612.3363901876182	4.0
13593.75778157962	8000.0	10.856702139879944	0.0	3253093	6487.70285007122	8.0
13595.48509216947	1500.0	13.129391550027634	0.0	794014	1727.3105898523102	1.5
13602.430053612896	8000.0	10.18443010660417	0.0	3354913	6944.9614434234645	8.0
13603.716878862659	1500.0	12.897604856841376	0.0	675709	1286.8252497627952	1.5
13607.373549064143	4000.0	13.240934655356751	0.0	2002600	3656.6702014846237	4.0
13614.915322252999	8000.0	9.699161466501229	0.0	4025712	7541.773188855523	8.0
13616.402266213887	1500.0	12.21221750561379	0.0	712239	1486.9439608874404	1.5
13621.507702711533	4000.0	11.10678100796573	0.0	2544033	5105.436497648061	4.0
13626.660188556458	4000.0	9.954295163043094	0.0	2125133	5152.485844922634	4.0
13628.398490244874	1500.0	12.21599347462699	0.0	670327	1738.301688416105	1.5
13632.833115174264	4000.0	11.781368545236898	0.0	1785821	4434.624929390093	4.0
13637.311392781585	4000.0	11.303090937915155	0.0	2096494	4478.277607321743	4.0
13641.493471296259	4000.0	11.121012423242824	0.0	1955307	4182.078514672331	4.0
13653.657256100769	4000.0	4.0	1.0427723812680505	2142800	12163.784804510875	-16.85544762536101
13653.95230190461	200.0	7.7049541961590675	0.0	101968	295.0458038409322	0.2
13654.697461723767	600.0	10.959794377001858	0.0	315398	745.1598191572093	0.6
13656.164489021538	1500.0	13.492767079230758	0.0	657685	1467.0272977710995	1.5
13663.963602689737	8000.0	9.693653411031917	0.0	3735285	7799.113668198841	8.0
13665.57018399979	1500.0	12.08707210098039	0.0	848035	1606.581310051529	1.5
13669.558789116687	4000.0	12.098466984083828	0.0	2171279	3988.6051168965596	4.0
13673.336695214946	4000.0	12.320560885824293	0.0	2042818	3777.9060982595365	4.0
13678.36435187337	4000.0	11.292904227399708	0.0	1750852	5027.656658424586	4.0
13683.9295162802	4000.0	9.727739820571792	0.0	2034636	5565.1644068279165	4.0

