12990.765600708504	600.0	4.0	0.9255544387176801	247108	925.5544387176801	-17.9110887743536
12991.905407804465	600.0	6.860192904039865	0.0	309722	1139.807095960136	0.6
12994.188524209863	1500.0	8.577076498641972	0.0	643847	2283.1164053978914	1.5
12995.22557461727	600.0	11.540026091233772	0.0	279692	1037.0504074081996	0.6
12997.783971503432	1500.0	12.981629205072819	0.0	724296	2558.3968861609533	1.5
13000.224429169335	1500.0	14.541171539168928	0.0	689829	2440.45766590389	1.5
13002.632535558729	1500.0	16.133065149774634	0.0	737903	2408.1063893942946	1.5
13005.166222127651	1500.0	17.599378580850455	0.0	780303	2533.686568924177	1.5
13008.049454704988	1500.0	18.71614600351466	0.0	891463	2883.232577335797	1.5
13010.52902390431	1500.0	20.236576804190737	0.0	763093	2479.5691993239257	1.5
13012.021885492946	1500.0	22.743715215554463	0.0	769316	1492.8615886362707	1.5
13015.226505720853	4000.0	23.53909498764687	0.0	1761739	3204.6202279075956	4.0
13019.086597061252	4000.0	23.6790036472487	0.0	2131310	3860.091340398173	4.0
13023.453606017716	4000.0	23.31199469078388	0.0	1805063	4367.00895646482	4.0
13030.310075127829	4000.0	20.455525580671782	0.0	2157416	6856.469110112095	4.0
13035.715125561901	4000.0	19.050475146600924	0.0	2231719	5405.050434070857	4.0
13040.014530296445	4000.0	18.751070412057143	0.0	1835863	4299.404734543783	4.0
13041.69575358883	1500.0	21.06984711967035	0.0	772616	1681.223292386792	1.5
13045.147017272839	4000.0	21.618583435662174	0.0	2082556	3451.2636840081755	4.0
13048.730790315596	4000.0	22.03481039290534	0.0	2164412	3583.773042756835	4.0
13053.162707815856	4000.0	21.60289289264686	0.0	2379358	4431.917500258477	4.0
13057.783563770003	4000.0	20.98203693849947	0.0	1950922	4620.8559541473915	4.0
13062.125543552504	4000.0	20.64005715600066	0.0	1849252	4341.979782498811	4.0
13066.07930642472	4000.0	20.68629428378604	0.0	1822097	3953.7628722146187	4.0
13070.06440641276	4000.0	20.70119429574474	0.0	1836837	3985.0999880412974	4.0
13076.115509961526	4000.0	18.65009074697858	0.0	1984579	6051.103548766163	4.0
13079.093834055247	1500.0	19.671766653259237	0.0	794014	2978.3240937193445	1.5
13082.316069550581	1500.0	20.44953115792433	0.0	914284	3222.235495334907	1.5
13083.746373549782	1500.0	23.019227158723673	0.0	675709	1430.3039992006593	1.5
13085.240261092558	1500.0	25.52533961594646	0.0	707527	1493.887542777209	1.5
13086.833958292369	1500.0	27.931642416136302	0.0	757473	1593.6971998101567	1.5
13090.80488427843	4000.0	27.960716430074804	0.0	1947068	3970.9259860614993	4.0
13095.850386287644	4000.0	26.915214420860103	0.0	2544033	5045.502009214704	4.0
13100.03305864943	4000.0	26.73254205907531	0.0	2125133	4182.672361784793	4.0
13103.791255785289	4000.0	26.974344923216215	0.0	1828568	3758.1971358590936	4.0
13107.827712673365	4000.0	26.93788803513967	0.0	1785821	4036.456888076545	4.0
13112.552460454419	4000.0	26.213140254084824	0.0	2096494	4724.747781054847	4.0
13116.841431693028	4000.0	25.92416901547598	0.0	1955307	4288.971238608845	4.0
13121.52582862565	4000.0	25.23977208285353	0.0	2142800	4684.396932622447	4.0
13125.65958281822	4000.0	25.10601789028469	0.0	2094647	4133.754192568844	4.0
13129.383751129144	4000.0	25.381849579359162	0.0	1985434	3724.168310925527	4.0
13132.823804357246	4000.0	25.941796351258397	0.0	1830641	3440.0532281007663	4.0
13136.63417895869	4000.0	26.13142174981443	0.0	1697030	3810.3746014439666	4.0
13141.009448579618	4000.0	25.756152128885436	0.0	1910697	4375.269620928992	4.0
13145.197064951803	4000.0	25.56853575670215	0.0	2171279	4187.616372183284	4.0
13148.465698481872	4000.0	26.299902226630447	0.0	2042818	3268.6335300717037	4.0
13151.278602437778	4000.0	27.486998270725856	0.0	1750852	2812.90395590459	4.0
13154.569928001141	4000.0	28.195672707362245	0.0	2034636	3291.3255633636095	4.0

