9427.523913280907	600.0	4.0	0.8617090434576299	247108	861.7090434576298	0.017348818	-16.634180869152598
9427.915881330257	200.0	7.6080319506504805	0.0	98617	391.9680493495196	0.004705182	0.2
9428.332710781799	200.0	11.191202499110284	0.0	106476	416.8294515401954	0.004705182	0.2
9428.77723290604	200.0	14.746680374866543	0.0	115230	444.5221242437424	0.004705182	0.2
9429.16616722531	200.0	18.357746055597293	0.0	97658	388.93431926924745	0.004705182	0.2
9429.55510154458	200.0	21.968811736328046	0.0	97658	388.93431926924745	0.004705182	0.2
9430.0014015169	200.0	25.522511764008065	0.0	115792	446.299972319981	0.004705182	0.2
9430.422020758468	200.0	29.101892522440583	0.0	107674	420.61924156747995	0.004705182	0.2
9430.803511525202	200.0	32.72040175570406	0.0	95305	381.4907667365258	0.004705182	0.2
9431.217016211034	200.0	36.30689706987227	0.0	105425	413.50468583178457	0.0070113223	0.2
9431.598696783616	200.0	39.92521649729131	0.0	95365	381.6805725809641	0.004705182	0.2
9431.980304597288	200.0	43.54360868361738	0.0	95342	381.6078136739294	0.004705182	0.2
9432.384300010313	200.0	47.13961327059195	0.0	102419	403.99541302542605	0.0058982666	0.2
9432.720117164017	200.0	50.80379611688876	0.0	80867	335.81715370319114	0.004705182	0.2
9433.061891057807	200.0	54.46202222310095	0.0	82750	341.7738937878129	0.0067272447	0.2
9433.440446160816	200.0	58.08346712009175	0.0	94377	378.5551030092135	0.502915	0.2
9435.804746844908	200.0	59.719166435999846	0.0	89871	364.30068409189766	0.0089116255	0.2
9450.768516403406	12000.0	48.75539687750058	0.0	4055239	14963.769558499273	0.004705182	12.0
9451.177962911243	200.0	52.34595036966472	0.0	90919	409.44650783585473	0.012261212	0.2
9451.56913602475	200.0	55.95477725615807	0.0	85876	391.17311350665824	0.15592286	0.2
9471.335505844196	12000.0	40.18840743671024	0.0	5251330	19766.369819447824	0.019092623	12.0
9471.783943859557	200.0	43.73996942134956	0.0	97742	448.4380153606936	0.004705182	0.2
9472.243437804806	200.0	47.28047547610147	0.0	100675	459.49394524807997	0.6965231	0.2
9472.646679570815	200.0	50.877233710092895	0.0	85752	403.2417660085756	0.004705182	0.2
9473.083107973964	200.0	54.440805306945364	0.0	94556	436.4284031475286	0.004705182	0.2
9485.337065684354	8000.0	46.186847596554166	0.0	3253093	12253.957710391203	0.004705182	8.0
9506.896561329379	12000.0	28.62735195153063	0.0	5138482	21559.495645023533	0.007846585	12.0
9518.923129820267	8000.0	20.600783460641804	0.0	3354913	12026.56849088883	0.0054428563	8.0
9519.309327112336	200.0	24.214586168572172	0.0	93993	386.1972920696325	0.004705182	0.2
9519.705590575635	200.0	27.818322705271754	0.0	97083	396.2634633004174	0.004705182	0.2
9520.091752033439	200.0	31.432161247468642	0.0	93982	386.1614578031152	0.023412853	0.2
9532.160638761536	8000.0	23.363274519371615	0.0	3568902	12068.886728097026	0.0049102106	8.0
9534.595634813006	1500.0	24.928278467901368	0.0	633700	2434.9960514702466	0.044308577	1.5
9535.007950509573	200.0	28.515962771334266	0.0	89422	412.3156965671018	0.018771421	0.2
9535.490143104918	200.0	32.033770175988884	0.0	108225	482.19259534538025	0.008379019	0.2
9535.896397576047	200.0	35.62751570485961	0.0	87791	406.2544711292795	0.11707102	0.2
9536.355783463538	200.0	39.16812981736948	0.0	102088	459.3858874901287	0.18502481	0.2
9536.734582181427	200.0	42.789331099480314	0.0	80403	378.79871788916245	0.059367895	0.2
9557.737169021673	12000.0	25.786744259234318	0.0	5257310	21002.586840246	0.5898593	12.0
9558.235017145633	200.0	29.288896135274783	0.0	101968	497.84812395953384	0.07206508	0.2
9571.693198900235	8000.0	19.830714380672596	0.0	3189942	13458.18175460219	0.017602129	8.0
9579.2530262707	4000.0	16.27088701020859	0.0	1830641	7559.827370464006	0.057916343	4.0
9585.248216047048	4000.0	14.275697233860756	0.0	1697030	5995.189776347834	0.004705182	4.0
9592.034068539613	4000.0	11.489844741294934	0.0	1910697	6785.852492565819	0.3719217	4.0
9594.504925790998	1500.0	13.01898748991208	0.0	629438	2470.857251382855	0.005876204	1.5
9602.500099997756	4000.0	9.023813283152656	0.0	2042818	7995.174206759424	0.6723298	4.0
9609.747828166013	4000.0	5.776085114895357	0.0	1750852	7247.728168257299	0.061244223	4.0
9612.869019923546	1500.0	6.654893357363321	0.0	808636	3121.191757532037	0.005069577	1.5

