33148.630237091806	600.0	4.0	0.9847432494279177	247108	984.7432494279177	-19.094864988558353
33149.84423068448	600.0	6.786006407322655	0.0	309722	1213.9935926773455	0.6
33150.98032954032	600.0	9.649907551487415	0.0	288447	1136.0988558352403	0.6
33153.69081375084	1500.0	10.939423340961099	0.0	718451	2710.4842105263156	1.5
33156.42269841903	1500.0	12.207538672768878	0.0	724296	2731.88466819222	1.5
33158.98753487272	1500.0	13.64270221908119	0.0	689829	2564.8364536876875	1.5
33161.64699522972	1500.0	14.983241862086587	0.0	737903	2659.460356994604	1.5
33164.45467170609	1500.0	16.175565385715085	0.0	780303	2807.6764763715014	1.5
33167.65092610298	1500.0	16.979310988826224	0.0	891463	3196.25439688886	1.5
33170.423901172726	1500.0	18.206335919075123	0.0	763093	2772.975069751104	1.5
33173.22822855974	1500.0	19.402008532062595	0.0	769316	2804.3273870125277	1.5
33175.94437923921	1500.0	20.685857852588466	0.0	744416	2716.150679474127	1.5
33178.17069237276	1500.0	22.459544719039705	0.0	606092	2226.3131335487583	1.5
33180.5530394941	1500.0	24.077197597697317	0.0	748011	2382.3471213423863	1.5
33182.871090698194	1500.0	25.75914639360396	0.0	754517	2318.0512040933613	1.5
33189.70810496223	4000.0	22.9221321295736	0.0	2231719	6837.0142640303575	4.0
33196.392077173834	4000.0	20.238159917968122	0.0	1835863	6683.972211605478	4.0
33205.10823684622	4000.0	15.52200024557682	0.0	2192675	8716.159672391303	4.0
33213.39439733138	4000.0	11.235839760421483	0.0	2082556	8286.160485155337	4.0
33221.65142558251	4000.0	6.97881150929195	0.0	2164412	8257.028251129532	4.0
33224.85506797744	1500.0	7.775169114356543	0.0	835711	3203.6423949354075	1.5
33227.94913203239	1500.0	8.681105059412259	0.0	806394	3094.0640549442846	1.5
33231.12397418788	1500.0	9.506262903918795	0.0	809327	3174.8421554934625	1.5
33233.86574126203	1500.0	10.764495829766098	0.0	681795	2741.7670741526977	1.5
33237.28452661206	1500.0	11.345710479742916	0.0	855209	3418.7853500231804	1.5
33239.86712994521	1500.0	12.763107146592203	0.0	644861	2582.6033331507133	1.5
33242.75066608115	1500.0	13.879571010654876	0.0	794014	2883.536135937328	1.5
33246.058856305135	1500.0	14.571380786667234	0.0	914284	3308.190223987642	1.5
33248.52467645299	1500.0	16.105560638813323	0.0	675709	2465.8201478539117	1.5
33251.05703521083	1500.0	17.573201880964632	0.0	707527	2532.3587578486895	1.5
33253.695687437066	1500.0	18.93454965473118	0.0	757473	2638.652226233454	1.5
33256.18154467945	1500.0	20.44869241234724	0.0	712239	2485.8572423839382	1.5
33258.40210667409	1500.0	22.22813041770962	0.0	633700	2220.5619946376173	1.5
33266.488208421026	4000.0	18.142028670773477	0.0	2125133	8086.101746936142	4.0
33273.487429883855	4000.0	15.142807207941303	0.0	1828568	6999.221462832175	4.0
33280.06634631928	4000.0	12.563890772513929	0.0	1785821	6578.916435427375	4.0
33287.92774403979	4000.0	8.70249305200142	0.0	2096494	7861.397720512509	4.0
33294.91059018746	4000.0	5.719646904339262	0.0	1955307	6982.846147662159	4.0
33297.3559307636	1500.0	7.274306328193493	0.0	691256	2445.340576145769	1.5
33299.91962801975	1500.0	8.710609072050291	0.0	725845	2563.697256143203	1.5
33302.77550496774	1500.0	9.854732124053497	0.0	811013	2855.8769479967946	1.5
33305.106887081565	1500.0	11.523350010232358	0.0	657685	2331.3821138211383	1.5
33307.81267741105	1500.0	12.817559680750115	0.0	767059	2705.790329482242	1.5
33310.79566414618	1500.0	13.834572945619605	0.0	848035	2982.9867351305097	1.5
33313.32543201086	1500.0	15.304805080937044	0.0	629438	2529.767864682563	1.5
33316.45251670507	1500.0	16.177720386728762	0.0	763847	3127.084694208282	1.5
33323.17913574657	4000.0	13.451101345224503	0.0	1750852	6726.619041504258	4.0
33330.07719258784	4000.0	10.553044503956988	0.0	2034636	6898.056841267515	4.0

