6241.865247826005	600.0	4.0	0.9163784058216281	247108	916.3784058216281	0.012817777	-17.72756811643256
6242.279033576555	200.0	7.586214249449991	0.0	98617	413.78575055000846	0.004705182	0.2
6242.719419428645	200.0	11.14582839735996	0.0	106476	440.38585209003213	0.004705182	0.2
6243.189434659649	200.0	14.675813166356406	0.0	115230	470.0152310035539	0.004705182	0.2
6243.599974514108	200.0	18.265273311897108	0.0	97658	410.5398544592994	0.004705182	0.2
6244.010514368568	200.0	21.854733457437806	0.0	97658	410.5398544592994	0.004705182	0.2
6244.4824317826815	200.0	25.382816043323743	0.0	115792	471.9174141140633	0.004705182	0.2
6244.926872466384	200.0	28.938375359620917	0.0	107674	444.4406837028262	0.004705182	0.2
6248.024178271089	1500.0	29.84106955491623	0.0	891463	3097.305804704688	0.004705182	1.5
6250.686994314413	1500.0	31.178253511592487	0.0	763093	2662.8160433237435	0.69620514	1.5
6271.059645897045	12000.0	14.805601928960419	0.0	5709459	20372.65158263207	0.29308695	12.0
6271.478556829928	200.0	18.38669099607735	0.0	95342	418.910932883073	0.004705182	0.2
6271.922624280106	200.0	21.942623545898503	0.0	102419	444.06745017884515	0.005611472	0.2
6272.263611347465	200.0	25.601636478539657	0.0	80867	340.98706735884315	0.004705182	0.2
6274.704751209383	1500.0	27.160496616621764	0.0	754517	2441.1398619178945	0.004705182	1.5
6277.709879414511	1500.0	28.155368411493562	0.0	934743	3005.128205128205	0.004705182	1.5
6280.09173393934	1500.0	29.773513886664208	0.0	735572	2381.854524829353	0.004705182	1.5
6282.6132785727405	1500.0	31.25196925326443	0.0	772616	2521.5446333997775	0.004705182	1.5
6301.430440589485	12000.0	16.434807236519063	0.0	5385367	18817.162016745366	0.004705182	12.0
6301.807306893176	200.0	20.057940932828803	0.0	85876	376.86630369026017	0.004705182	0.2
6304.742453258567	1500.0	21.12279456743779	0.0	835711	2935.1463653910123	0.42464912	1.5
6305.155015087382	200.0	24.71023273862333	0.0	97742	412.5618288144604	0.004705182	0.2
6307.988706102799	1500.0	25.876541723206	0.0	809327	2833.691015417331	0.004705182	1.5
6310.388476437728	1500.0	27.47677138827777	0.0	681795	2399.7703349282297	0.004705182	1.5
6313.346321689601	1500.0	28.51892613640463	0.0	855209	2957.8452518731383	0.004705182	1.5
6315.457140096876	1500.0	30.408107729129895	0.0	644861	2110.8184072747313	0.004705182	1.5
6331.920435879386	12000.0	17.94481194661966	0.0	5138482	16463.29578251024	0.3228054	12.0
6335.64285277601	1500.0	18.222395049996166	0.0	914284	3722.416896623496	0.6654329	1.5
6338.76247940669	1500.0	19.102768419316906	0.0	675709	3119.6266306792622	0.004705182	1.5
6339.279200054463	200.0	22.586047771543626	0.0	97083	516.7206477732793	0.004705182	0.2
6342.766635951899	1500.0	23.098611874107725	0.0	757473	3487.4358974358975	0.004705182	1.5
6345.353809727525	1500.0	24.511438098480966	0.0	712239	2587.17377562676	0.013697914	1.5
6347.502991989111	1500.0	26.362255836894466	0.0	633700	2149.1822615864985	0.004705182	1.5
6350.048711464225	1500.0	27.81653636178171	0.0	755142	2545.7194751127527	0.004705182	1.5
6361.9037270560775	8000.0	19.96152076992862	0.0	3707853	11855.015591853095	0.019579912	8.0
6364.530656983225	1500.0	21.334590842781484	0.0	785519	2626.9299271471364	0.004705182	1.5
6367.031551431249	1500.0	22.833696394757666	0.0	681043	2500.8944480238165	0.1276213	1.5
6370.190780952921	1500.0	23.674466873085183	0.0	866245	3159.2295216724806	0.7375345	1.5
6372.727979415519	1500.0	25.137268410487152	0.0	691256	2537.1984625980317	0.7029686	1.5
6379.77632631144	4000.0	22.08892151456625	0.0	2094647	7048.346895920901	0.63837725	4.0
6382.513751664706	1500.0	23.351496161299817	0.0	811013	2737.4253532664347	0.624908	1.5
6390.0362739877955	4000.0	19.82897383821113	0.0	1830641	7522.522323088683	0.14520097	4.0
6397.024971122837	4000.0	16.840276703169508	0.0	1697030	6988.697135041625	0.14350665	4.0
6400.201826009403	1500.0	17.66342181660357	0.0	848035	3176.854886565938	0.67258537	1.5
6407.756105512695	4000.0	14.109142313311589	0.0	2171279	7554.279503291984	0.06149296	4.0
6414.369595028356	4000.0	11.495652797650044	0.0	2042818	6613.489515661543	0.49797666	4.0
6417.147764976282	1500.0	12.717482849724824	0.0	769491	2778.1699479252193	0.6183094	1.5
6424.435916781964	4000.0	9.429331044043181	0.0	2034636	7288.151805681642	0.07971266	4.0

