6191.805842242576	600.0	4.0	0.9163784058216281	247108	916.3784058216281	-17.72756811643256
6192.219627993126	200.0	7.586214249449991	0.0	98617	413.78575055000846	0.2
6193.275925166929	600.0	10.529917075647317	0.0	288447	1056.297173802674	0.6
6195.7876428856625	1500.0	12.018199356913183	0.0	718451	2511.7177187341345	1.5
6202.95942609922	4000.0	8.84641614335596	0.0	2069289	7171.783213557223	4.0
6204.221764039957	600.0	11.58407820261952	0.0	330929	1262.3379407364403	0.6
6211.612458660242	4000.0	8.193383582334034	0.0	2046450	7390.694620285484	4.0
6212.669368304551	600.0	11.136473938024865	0.0	274823	1056.909644309169	0.6
6219.350879935042	4000.0	8.45496230753454	0.0	1857129	6681.511630490325	4.0
6220.532608845752	600.0	11.273233396823825	0.0	309937	1181.7289107107151	0.6
6227.3062699546135	4000.0	8.499572287962877	0.0	2094766	6773.661108860949	4.0
6228.280084423897	600.0	11.525757818679299	0.0	285624	973.8144692835768	0.6
6235.396909258288	4000.0	8.408932984287741	0.0	2131310	7116.824834391559	4.0
6236.410746594772	600.0	11.395095647804387	0.0	266809	1013.837336483353	0.6
6244.0177068581015	4000.0	7.788135384475154	0.0	2157416	7606.960263329233	4.0
6245.219044685428	600.0	10.586797557148216	0.0	324375	1201.3378273269382	0.6
6247.841856888349	1500.0	11.963985354227122	0.0	735572	2622.812202921096	1.5
6255.451767292364	4000.0	8.354074950212906	0.0	2192675	7609.910404014216	4.0
6256.654931566685	600.0	11.150910675890737	0.0	330105	1203.164274322169	0.6
6263.979426439596	4000.0	7.826415802979441	0.0	2164412	7324.494872911296	4.0
6264.943246460854	600.0	10.86259578172211	0.0	280646	963.8200212573319	0.6
6267.5627701391595	1500.0	12.243072103416399	0.0	806394	2619.523678305712	1.5
6273.48370397211	4000.0	10.322138270466013	0.0	1849252	5920.9338329503835	4.0
6275.7609606039305	1500.0	12.04488163864536	0.0	681795	2277.256631820654	1.5
6281.760631883161	4000.0	10.045210359413987	0.0	1836837	5999.671279231373	4.0
6284.294661767478	1500.0	11.511180475097381	0.0	644861	2534.029884316607	1.5
6293.506014519394	4000.0	6.299827723182496	0.0	2068230	9211.352751914885	4.0
6293.92480270739	200.0	9.881039535186334	0.0	103756	418.7881879961634	0.2
6296.211154414498	1500.0	11.594687828078316	0.0	675709	2286.351707108018	1.5
6302.8301230069765	4000.0	8.975719235600609	0.0	2002600	6618.968592477705	4.0
6303.682260134504	600.0	12.12358210807278	0.0	240372	852.1371275278276	0.6
6309.871187893545	4000.0	9.934654349032854	0.0	1947068	6188.927759039924	4.0
6311.939422264867	1500.0	11.866419977709615	0.0	633700	2068.2343713232412	1.5
6319.362180283846	4000.0	8.443661958730912	0.0	2125133	7422.758018978702	4.0
6320.45331445105	600.0	11.35252779152734	0.0	284451	1091.1341672035724	0.6
6326.63796762541	4000.0	9.167874617167108	0.0	1785821	6184.653174360232	4.0
6328.94952363606	1500.0	10.856318606517918	0.0	681043	2311.556010649191	1.5
6331.867926257399	1500.0	11.937915985178577	0.0	866245	2918.402621339341	1.5
6340.64134729149	4000.0	7.164494951086972	0.0	2142800	8773.421034091605	4.0
6341.9661339720315	600.0	9.839708270545868	0.0	284107	1324.7866805411031	0.6
6345.361373272096	1500.0	10.444468970481323	0.0	811013	3395.2393000645466	1.5
6347.843107877473	1500.0	11.962734365104046	0.0	657685	2481.7346053772767	1.5
6354.120323379368	4000.0	9.685518863209676	0.0	1697030	6277.215501894371	4.0
6356.938544533179	1500.0	10.867297709397693	0.0	848035	2818.2211538119823	1.5
6359.031659051339	1500.0	12.7741831912375	0.0	629438	2093.1145181601937	1.5
6365.760998500085	4000.0	10.044843742491022	0.0	2042818	6729.3394487464775	4.0
6368.567091983689	1500.0	11.238750258887187	0.0	769491	2806.093483603835	1.5
6375.755922965012	4000.0	8.049919277563696	0.0	2034636	7188.830981323491	4.0

