24087.251843393733	600.0	4.0	0.9441650638223467	247108	944.1650638223466	-18.28330127644693
24089.893147817584	1500.0	5.358695576149676	0.0	732405	2641.3044238503235	1.5
24092.22475474187	1500.0	7.027088651862214	0.0	643847	2331.606924287463	1.5
24094.81726042468	1500.0	8.434582969050535	0.0	718451	2592.5056828116803	1.5
24097.030410368687	1500.0	10.221433025044266	0.0	724296	2213.1499440062676	1.5
24098.187963014912	1500.0	13.063880378821029	0.0	689829	1157.5526462232374	1.5
24099.420610019177	1500.0	15.83123337455466	0.0	737903	1232.64700426637	1.5
24100.71948826655	1500.0	18.53235512718331	0.0	780303	1298.87824737135	1.5
24102.192004839006	1500.0	21.05983855472824	0.0	891463	1472.5165724550666	1.5
24105.97900812909	4000.0	21.272835264644378	0.0	2373154	3787.0032900838632	4.0
24109.653109028484	4000.0	21.598734365249584	0.0	2094766	3674.1008993947935	4.0
24112.898395318673	4000.0	22.353448075062843	0.0	1761739	3245.2862901867425	4.0
24116.807683495375	4000.0	22.444159898359082	0.0	2131310	3909.288176703761	4.0
24119.60532953941	4000.0	23.64651385432731	0.0	1805063	2797.64604403177	4.0
24122.808002912425	4000.0	24.44384048131072	0.0	2157416	3202.673373016591	4.0
24126.11822346208	4000.0	25.13361993165538	0.0	2231719	3310.2205496553347	4.0
24129.028034732728	4000.0	26.223808661004274	0.0	1835863	2909.811270651109	4.0
24132.742804728587	4000.0	26.50903866514849	0.0	2192675	3714.7699958557814	4.0
24136.275031831778	4000.0	26.97681156195744	0.0	2082556	3532.2271031910486	4.0
24140.25963082261	4000.0	26.99221257112563	0.0	2164412	3984.598990831811	4.0
24144.897569618646	4000.0	26.35427377509096	0.0	2379358	4637.938796034673	4.0
24148.846407852874	4000.0	26.40543554086356	0.0	1950922	3948.838234227398	4.0
24153.189383057103	4000.0	26.06246033663344	0.0	1849252	4342.975204230122	4.0
24157.46975938802	4000.0	25.782084005715806	0.0	1822097	4280.37633091763	4.0
24159.446995242084	1500.0	27.804848151649846	0.0	855209	1977.2358540659586	1.5
24160.922628349526	1500.0	30.329215044208922	0.0	644861	1475.6331074409231	1.5
24162.721064146033	1500.0	32.53077924770146	0.0	794014	1798.4357965074598	1.5
24164.779792926354	1500.0	34.47205046738521	0.0	914284	2058.7287803162494	1.5
24166.32218846802	1500.0	36.929654925716854	0.0	675709	1542.3955416683575	1.5
24167.933445755418	1500.0	39.31839763831948	0.0	707527	1611.2572873973677	1.5
24169.561335202503	1500.0	41.69050819123405	0.0	757473	1627.889447085426	1.5
24171.01982339034	1500.0	44.23202000340065	0.0	712239	1458.4881878334081	1.5
24172.32630490094	1500.0	46.92553849279812	0.0	633700	1306.4815106025235	1.5
24173.86782880954	1500.0	49.384014584198766	0.0	755142	1541.5239085993542	1.5
24175.245199286986	1500.0	52.00664410675257	0.0	670327	1377.3704774462012	1.5
24176.845515729667	1500.0	54.40632766407151	0.0	785519	1600.3164426810533	1.5
24178.243626266867	1500.0	57.008217126868935	0.0	681043	1398.110537202579	1.5
24180.00915181792	1500.0	59.24269157581526	0.0	866245	1765.5255510536713	1.5
24184.293399622893	4000.0	58.958443770841505	0.0	2142800	4284.247804973758	4.0
24188.483169574334	4000.0	58.76867381940186	0.0	2094647	4189.769951439644	4.0
24192.19501066838	4000.0	59.05683272535873	0.0	1985434	3711.8410940431277	4.0
24195.536949773443	4000.0	59.71489362029603	0.0	1830641	3341.939105062699	4.0
24199.640813283255	4000.0	59.61103011048469	0.0	1697030	3103.863509811346	4.0
24204.3820429674	4000.0	58.869800426337314	0.0	1910697	4741.229684147374	4.0
24209.805250079276	4000.0	57.4465933144606	0.0	2171279	5423.207111876711	4.0
24212.851089966352	1500.0	58.400753427386576	0.0	763847	3045.8398870740252	1.5
24215.981901741554	1500.0	59.26994165218586	0.0	769491	3130.811775200714	1.5
24219.267912248044	1500.0	59.98393114569364	0.0	808636	3286.01050649222	1.5

