7246.662163027048	600.0	4.0	0.8527105360877127	247108	852.7105360877127	-16.454210721754254
7247.710668509097	600.0	6.951494517951023	0.0	309722	1048.5054820489768	0.6
7248.692646737251	600.0	9.969516289796157	0.0	288447	981.9782281548655	0.6
7251.019254120917	1500.0	11.642908906130906	0.0	718451	2326.607383665253	1.5
7253.364138909941	1500.0	13.29802411710673	0.0	724296	2344.884789024176	1.5
7255.601244857135	1500.0	15.060918169914203	0.0	689829	2237.105947192527	1.5
7258.172834146091	1500.0	16.48932888095733	0.0	737903	2571.5892889568718	1.5
7260.970357980491	1500.0	17.691805046557434	0.0	780303	2797.523834399896	1.5
7264.155013415605	1500.0	18.507149611443594	0.0	891463	3184.6554351138393	1.5
7266.81635869573	1500.0	19.84580433131922	0.0	763093	2661.3452801243766	1.5
7268.854185992894	1500.0	21.807977034155186	0.0	769316	2037.8272971640345	1.5
7270.828645441607	1500.0	23.833517585442742	0.0	744416	1974.4594487124432	1.5
7272.451085040149	1500.0	26.211077986899696	0.0	606092	1622.4395985430485	1.5
7277.218898362695	4000.0	25.44326466435509	0.0	1805063	4767.8133225446045	4.0
7285.434909864804	4000.0	21.227253162245585	0.0	2157416	8216.011502109506	4.0
7288.248772777304	1500.0	22.41339024974503	0.0	934743	2813.8629125005555	1.5
7292.443731240804	4000.0	22.218431786245322	0.0	1835863	4194.958463499713	4.0
7294.255495946686	1500.0	24.40666708036297	0.0	772616	1811.764705882353	1.5
7299.272907048244	4000.0	23.389255978804524	0.0	2082556	5017.411101558444	4.0
7301.076539863286	1500.0	25.585623163763216	0.0	662349	1803.6328150413117	1.5
7307.348350415625	4000.0	23.313812611424392	0.0	2379358	6271.81055233882	4.0
7314.639930811597	4000.0	20.022232215452128	0.0	1950922	7291.580395972264	4.0
7317.719896622681	1500.0	20.942266404368045	0.0	809327	3079.965811084084	1.5
7319.8467528005585	1500.0	22.815410226490197	0.0	681795	2126.85617787785	1.5
7322.494225171325	1500.0	24.167937855723707	0.0	855209	2647.4723707664884	1.5
7324.510199652984	1500.0	26.151963374065012	0.0	644861	2015.9744816586924	1.5
7326.973954977123	1500.0	27.688208049925787	0.0	794014	2463.7553241392256	1.5
7334.689772229008	4000.0	23.97239079804177	0.0	2055338	7715.817251884017	4.0
7337.372782774584	1500.0	25.28938025246465	0.0	675709	2683.010545577118	1.5
7339.4301110574	1500.0	27.232051969648936	0.0	707527	2057.3282828157153	1.5
7341.319163808393	1500.0	29.34299921865631	0.0	757473	1889.0527509926262	1.5
7346.049294864905	4000.0	28.612868162143787	0.0	1947068	4730.131056512523	4.0
7347.6427438304845	1500.0	31.01941919656478	0.0	633700	1593.448965579007	1.5
7353.469197192393	4000.0	29.19296583465577	0.0	2125133	5826.4533619090125	4.0
7358.6028458200335	4000.0	28.059317207015123	0.0	1828568	5133.648627640648	4.0
7364.841997392748	4000.0	25.82016563430027	0.0	1785821	6239.151572714855	4.0
7372.309747444282	4000.0	22.352415582766106	0.0	2096494	7467.750051534163	4.0
7375.515152215851	1500.0	23.14701081119708	0.0	866245	3205.404771569026	1.5
7378.089198127545	1500.0	24.572964899502676	0.0	691256	2574.0459116944035	1.5
7380.82221461461	1500.0	25.839948412437973	0.0	725845	2733.016487064701	1.5
7383.8845653385815	1500.0	26.777597688466475	0.0	811013	3062.350723971501	1.5
7386.383080622424	1500.0	28.279082404623683	0.0	657685	2498.515283842795	1.5
7391.559612353232	4000.0	27.102550673815227	0.0	1697030	5176.531730808458	4.0
7393.7252862341975	1500.0	28.936876792851134	0.0	848035	2165.673880964093	1.5
7395.353338373892	1500.0	31.3088246531561	0.0	629438	1628.052139695032	1.5
7400.803704337865	4000.0	29.858458689182584	0.0	2042818	5450.3659639735215	4.0
7406.729864862094	4000.0	27.93229816495369	0.0	1750852	5926.1605242288915	4.0
7413.64638108499	4000.0	25.015781942057544	0.0	2034636	6916.516222896145	4.0

