4034.5812104047586	600.0	4.0	0.9430897858499422	247108	943.0897858499421	-18.261795716998844
4035.0056562560108	200.0	7.575554148748062	0.0	98617	424.44585125193737	0.2
4036.0931333893254	600.0	10.488077015433648	0.0	288447	1087.477133314414	0.6
4038.6825127689235	1500.0	11.898697635835754	0.0	718451	2589.3793795978954	1.5
4041.2923073507736	1500.0	13.288903053985024	0.0	724296	2609.794581850728	1.5
4043.781716855456	1500.0	14.79949354930254	0.0	689829	2489.409504682486	1.5
4046.1181101449624	1500.0	16.463100259796	0.0	737903	2336.393289506538	1.5
4048.5332105826237	1500.0	18.047999822134685	0.0	780303	2415.1004376613178	1.5
4051.2809635471244	1500.0	19.30024685763388	0.0	891463	2747.7529645008044	1.5
4053.6445620957347	1500.0	20.93664830902355	0.0	763093	2363.598548610332	1.5
4055.5723487892847	1500.0	23.008861615473666	0.0	769316	1927.7866935498814	1.5
4059.336405616229	4000.0	23.244804788529226	0.0	1761739	3764.056826944441	4.0
4060.683833634997	1500.0	25.897376769761173	0.0	606092	1347.4280187680527	1.5
4064.5384873539724	4000.0	26.042723050785312	0.0	1805063	3854.6537189758606	4.0
4069.8332797305598	4000.0	24.74793067419798	0.0	2157416	5294.792376587333	4.0
4075.3174374615824	4000.0	23.263772943175383	0.0	2231719	5484.157731022599	4.0
4079.5780483180906	4000.0	23.003162086666887	0.0	1835863	4260.610856508497	4.0
4084.6511882799477	4000.0	21.930022124809835	0.0	2192675	5073.1399618570495	4.0
4090.4847287279654	4000.0	20.09648167679225	0.0	2082556	5833.540448017582	4.0
4092.426436267843	1500.0	22.154774136914522	0.0	662349	1941.707539877732	1.5
4094.8554236896684	1500.0	23.72578671508893	0.0	835711	2428.987421825592	1.5
4099.465880716827	4000.0	23.115329687930725	0.0	1950922	4610.457027158204	4.0
4103.756980884769	4000.0	22.82422951998788	0.0	1849252	4291.100167942842	4.0
4108.931223549035	4000.0	21.649986855722222	0.0	1822097	5174.242664265662	4.0
4114.8219301803765	4000.0	19.759280224380532	0.0	1836837	5890.706631341691	4.0
4116.556655875968	1500.0	22.024554528788368	0.0	644861	1734.7256955921628	1.5
4118.357745627374	1500.0	24.22346477738283	0.0	794014	1801.089751405541	1.5
4122.892857461013	4000.0	23.68835294374468	0.0	2055338	4535.11183363815	4.0
4128.353466399453	4000.0	22.227744005303304	0.0	2165436	5460.608938441376	4.0
4134.519355970006	4000.0	20.061854434751154	0.0	2002600	6165.889570552147	4.0
4136.699170995853	1500.0	21.882039408903566	0.0	757473	2179.815025847591	1.5
4141.169093915602	4000.0	21.412116489154393	0.0	1947068	4469.922919749172	4.0
4142.677854572264	1500.0	23.903355832492657	0.0	633700	1508.7606566617349	1.5
4147.868257468158	4000.0	22.712952936598505	0.0	2125133	5190.402895894153	4.0
4153.175164246305	4000.0	21.406046158451506	0.0	1828568	5306.906778146997	4.0
4157.997352668496	4000.0	20.58385773626032	0.0	1785821	4822.188422191186	4.0
4159.64090199984	1500.0	22.940308404916692	0.0	681043	1643.5493313436261	1.5
4164.209926852047	4000.0	22.37128355270984	0.0	1955307	4569.024852206853	4.0
4169.721633091584	4000.0	20.85957731317187	0.0	2142800	5511.706239537971	4.0
4171.816260299023	1500.0	22.764950105733362	0.0	725845	2094.6272074385042	1.5
4177.380439820901	4000.0	21.200770583854922	0.0	1985434	5564.179521878438	4.0
4182.265902480043	4000.0	20.315307924713302	0.0	1830641	4885.46265914162	4.0
4186.800634072116	4000.0	19.78057633264085	0.0	1697030	4534.731592072451	4.0
4190.997905954481	1500.0	19.583304450275108	0.0	848035	4197.271882365747	1.5
4194.333760086125	1500.0	20.2474503186315	0.0	629438	3335.854131643606	1.5
4197.9648366880165	1500.0	20.616373716739776	0.0	763847	3631.0766018917247	1.5
4200.504010961461	1500.0	22.077199443295257	0.0	769491	2539.1742734445224	1.5
4203.168286603127	1500.0	23.41292380162942	0.0	808636	2664.2756416658344	1.5

