2759.8539937335936	600.0	4.0	0.7084836827798886	247108	708.4836827798886	-13.569673655597773
2761.7967605873027	1500.0	6.057233146290673	0.0	732405	1942.7668537093264	1.5
2763.5142928958758	1500.0	8.339700837717974	0.0	643847	1717.5323085727002	1.5
2765.4215697561026	1500.0	10.432423977491297	0.0	718451	1907.2768602266767	1.5
2767.343712533766	1500.0	12.510281199828324	0.0	724296	1922.1427776629735	1.5
2769.178193450646	1500.0	14.675800282948385	0.0	689829	1834.4809168799377	1.5
2772.4317471388617	4000.0	15.422246594732668	0.0	2046450	3253.5536882157185	4.0
2775.5120408117773	4000.0	16.341952921817253	0.0	2058614	3080.293672915414	4.0
2778.298683430786	4000.0	17.555310302808675	0.0	1857129	2786.642619008581	4.0
2782.1414382401103	4000.0	17.71255549348383	0.0	2373154	3842.754809324845	4.0
2785.765057110508	4000.0	18.088936623085655	0.0	2094766	3623.618870398173	4.0
2788.8253095898385	4000.0	19.028684143755548	0.0	1761739	3060.2524793301054	4.0
2792.626470782462	4000.0	19.227522951132126	0.0	2131310	3801.1611926234227	4.0
2795.911981226645	4000.0	19.942012506949126	0.0	1805063	3285.510444183001	4.0
2799.8232156602617	4000.0	20.030778073332396	0.0	2157416	3911.2344336167284	4.0
2801.4641700431125	1500.0	22.38982369048108	0.0	934743	1640.954382851316	1.5
2804.5206619467262	4000.0	23.3333317868676	0.0	1835863	3056.4919036134816	4.0
2811.565887482427	8000.0	20.28810625116649	0.0	4260556	7045.225535701109	8.0
2818.3184684644384	8000.0	17.535525269155315	0.0	3873892	6752.580982011175	8.0
2829.9762392031766	8000.0	9.877754530417056	0.0	4303587	11657.770738738258	8.0
2831.856738048238	1500.0	11.997255685355263	0.0	835711	1880.4988450617925	1.5
2833.3447177944104	1500.0	14.509275939182865	0.0	806394	1487.9797461723977	1.5
2834.837818616131	1500.0	17.01617511746238	0.0	809327	1493.1008217204842	1.5
2838.0992357293057	4000.0	17.75475800428757	0.0	1822097	3261.4171131748094	4.0
2841.442104383211	4000.0	18.41188935038264	0.0	1836837	3342.8686539049318	4.0
2848.5158412656265	8000.0	15.338152467967259	0.0	3253093	7073.736882415382	8.0
2857.9361397598823	8000.0	9.917853973710972	0.0	4274504	9420.298494256285	8.0
2864.381542659509	4000.0	7.472451074084227	0.0	2055338	6445.402899626746	4.0
2868.3271547876557	1500.0	7.526838945937774	0.0	675709	3945.612128146453	1.5
2871.900634263574	1500.0	7.953359470019272	0.0	707527	3573.4794759185015	1.5
2873.673051350335	1500.0	10.180942383258857	0.0	757473	1772.417086760414	1.5
2875.3444023997545	1500.0	12.509591333839076	0.0	712239	1671.351049419782	1.5
2876.840274263016	1500.0	15.013719470577845	0.0	633700	1495.871863261231	1.5
2878.607483211362	1500.0	17.246510522231922	0.0	755142	1767.2089483459245	1.5
2880.185190546827	1500.0	19.668803186766702	0.0	670327	1577.707335465222	1.5
2884.5507048888703	4000.0	19.303288844723202	0.0	1785821	4365.5143420435	4.0
2889.9355986135665	4000.0	17.918395120026847	0.0	2096494	5384.893724696357	4.0
2895.1839783916303	4000.0	16.67001534196352	0.0	1955307	5248.379778063326	4.0
2901.1169240870395	4000.0	14.73706964655406	0.0	2142800	5932.945695409461	4.0
2906.625425686899	4000.0	13.228568046695136	0.0	2094647	5508.501599858924	4.0
2911.781152526767	4000.0	12.072841206826794	0.0	1985434	5155.726839868342	4.0
2916.5011248768783	4000.0	11.352868856715624	0.0	1830641	4719.97235011117	4.0
2920.8765198114643	4000.0	10.977473922129384	0.0	1697030	4375.39493458624	4.0
2924.5053455015095	4000.0	11.348648232084177	0.0	1910697	3628.825690045207	4.0
2927.8186708307476	4000.0	12.03532290284596	0.0	2171279	3313.325329238215	4.0
2930.940700520356	4000.0	12.913293213237324	0.0	2042818	3122.0296896086365	4.0
2933.833171028872	4000.0	14.020822704721652	0.0	1750852	2892.4705085156716	4.0
2942.223897163008	8000.0	9.630096570585224	0.0	4346302	8390.72613413643	8.0

