32521.177506878474	600.0	4.0	0.7406061821219716	247108	740.6061821219716	0.037983835	-14.212123642439431
32521.52114463954	200.0	7.65636223893066	0.0	98617	343.63776106934006	0.004705182	0.2
32521.88579225859	200.0	11.291714619883042	0.0	106476	364.64761904761906	0.004705182	0.2
32522.2738423839	200.0	14.903664494569759	0.0	115230	388.0501253132832	0.004705182	0.2
32522.614916402275	200.0	18.562590476190476	0.0	97658	341.0740183792816	0.004705182	0.2
32522.955990420654	200.0	22.221516457811195	0.0	97658	341.0740183792816	0.004705182	0.2
32523.34554296869	200.0	25.831963909774437	0.0	115792	389.5525480367586	0.004705182	0.2
32523.713393261085	200.0	29.46411361737678	0.0	107674	367.85029239766084	0.004705182	0.2
32526.176585909376	1500.0	31.000920969089393	0.0	891463	2463.1926482873855	0.45326144	1.5
32542.510708565158	12000.0	18.666798313307286	0.0	5088378	16334.122655782105	0.004705182	12.0
32542.883694221564	200.0	22.29381265690067	0.0	95365	372.98565640661303	0.004705182	0.2
32543.25660921609	200.0	25.920897662373125	0.0	95342	372.91499452754465	0.41180742	0.2
32543.651266563582	200.0	29.52624031488181	0.0	102419	394.6573474913113	0.004705182	0.2
32546.02934755592	1500.0	31.148159322543247	0.0	748011	2378.080992338563	0.004705182	1.5
32548.42741664327	1500.0	32.75009023519518	0.0	754517	2398.0690873480676	0.004705182	1.5
32551.379186070488	1500.0	33.79832080797884	0.0	934743	2951.7694272163444	0.004705182	1.5
32553.987592894613	1500.0	35.18991398385082	0.0	735572	2608.4068241280174	0.004705182	1.5
32567.021860786557	12000.0	26.15564609190647	0.0	4055239	13034.267891944352	0.004705182	12.0
32569.20894516976	1500.0	27.968561708702058	0.0	747396	2187.084383204412	0.067992106	1.5
32571.15626213979	1500.0	30.021244738674042	0.0	662349	1947.3169700280162	0.004705182	1.5
32573.47711642084	1500.0	31.700390457625538	0.0	835711	2320.8542810485033	0.41797194	1.5
32575.653007259043	1500.0	33.52449961941891	0.0	806394	2175.890838206628	0.004705182	1.5
32586.228478876765	8000.0	26.949028001698224	0.0	3805854	10575.471617720683	0.30127594	8.0
32588.40007508039	1500.0	28.777431798074414	0.0	681795	2171.596203623814	0.004705182	1.5
32591.103667065818	1500.0	30.073839812646362	0.0	855209	2703.591985428051	0.004705182	1.5
32600.847803136716	8000.0	24.32970374174584	0.0	3253093	9744.136070900524	0.07670492	8.0
32603.239768451615	1500.0	25.93773842684829	0.0	794014	2391.9653148975462	0.004705182	1.5
32605.882762354482	1500.0	27.29474452398194	0.0	914284	2642.993902866354	0.004705182	1.5
32616.995185636115	8000.0	20.182321242351428	0.0	3811227	11112.42328163051	0.18021128	8.0
32619.236274539002	1500.0	21.941232339463088	0.0	707527	2241.088902888341	0.004705182	1.5
32621.629919805593	1500.0	23.54758707286896	0.0	757473	2393.6452665941238	0.004705182	1.5
32633.872314431752	8000.0	15.30519244671105	0.0	3568902	12242.394626157911	0.70275456	8.0
32635.996137125218	1500.0	17.18136975324817	0.0	633700	2123.8226934628797	0.004705182	1.5
32638.511637135296	1500.0	18.665869743169356	0.0	755142	2515.500010078816	0.004705182	1.5
32640.75359000675	1500.0	20.423916871714578	0.0	670327	2241.952871454777	0.022831628	1.5
32643.35840026275	1500.0	21.819106615715448	0.0	785519	2604.8102559991275	0.043293	1.5
32649.03240733366	4000.0	20.14509954480624	0.0	2096494	5674.007070909212	0.6754511	4.0
32651.42378082442	1500.0	21.753726054045117	0.0	866245	2391.3734907611233	0.91254604	1.5
32657.202860741476	4000.0	19.974646136990216	0.0	2142800	5779.079917054899	0.7511491	4.0
32670.712102522048	8000.0	10.465404356419493	0.0	4253567	13509.241780570725	0.008254894	8.0
32673.881896036513	1500.0	11.295610841954208	0.0	811013	3169.793514465286	0.07367752	1.5
32676.542697527657	1500.0	12.634809350807888	0.0	657685	2660.8014911463188	0.0049784053	1.5
32679.632690170027	1500.0	13.54481670843775	0.0	767059	3089.9926423701386	0.03304602	1.5
32683.04043824478	1500.0	14.137068633684232	0.0	848035	3407.7480747535196	0.6759109	1.5
32691.377308395753	4000.0	9.800198482711494	0.0	2171279	8336.870150972738	0.25482395	4.0
32694.31504245073	1500.0	10.862464427736002	0.0	763847	2937.7340549754917	0.004705182	1.5
32696.86358500712	1500.0	12.313921871345025	0.0	769491	2548.5425563909776	0.037821867	1.5
32703.470738089825	4000.0	9.706768788638257	0.0	2034636	6607.153082706767	0.006272167	4.0

