4421.0199621011725	600.0	4.0	0.7208714116674501	247108	720.87141166745	-13.817428233349002
4421.903222114464	600.0	7.116739986708379	0.0	309722	883.2600132916215	0.6
4422.25936624751	200.0	10.760595853662489	0.0	106476	356.1441330458885	0.2
4423.064743843023	600.0	13.955218258149221	0.0	279692	805.3775955132674	0.6
4423.398018606774	200.0	17.62194349439969	0.0	97658	333.27476374953403	0.2
4425.267081223278	1500.0	19.752880877895386	0.0	689829	1869.0626165043038	1.5
4425.6473862821995	200.0	23.3725758189746	0.0	115792	380.3050589207852	0.2
4427.751092051087	1500.0	25.26887005008672	0.0	780303	2103.7057688878804	1.5
4428.078264339677	200.0	28.941697761496442	0.0	95305	327.1722885902777	0.2
4444.211054334372	12000.0	16.808907766800985	0.0	5088378	16132.789994695455	12.0
4445.54244520289	1500.0	19.477516898283348	0.0	769316	1331.3908685176339	1.5
4446.087049169828	600.0	22.932912931344564	0.0	285624	544.603966938788	0.6
4446.645977222043	600.0	26.373984879129807	0.0	294430	558.9280522147556	0.6
4447.1599761850675	600.0	29.859985916105092	0.0	266809	513.9989630247146	0.6
4448.467294587313	1500.0	32.55266751386035	0.0	754517	1307.3184022447465	1.5
4450.067773629228	1500.0	34.952188471944176	0.0	934743	1600.4790419161675	1.5
4450.293960305113	200.0	38.726001796059954	0.0	89871	226.18667588422477	0.2
4457.6265039618165	12000.0	35.393458139356234	0.0	4055239	7332.5436567037195	12.0
4459.074734625432	1500.0	37.94522747574067	0.0	747396	1448.2306636155608	1.5
4470.989719420678	12000.0	30.030242680494762	0.0	5848459	11914.984795245911	12.0
4481.153003712279	12000.0	23.866958388893362	0.0	5251330	10163.284291601396	12.0
4485.192935751019	4000.0	23.827026350154203	0.0	1950922	4039.9320387391585	4.0
4495.002892964135	12000.0	18.017069137037936	0.0	5141915	9809.95721311627	12.0
4501.436492885359	8000.0	15.583469215812984	0.0	4032749	6433.599921224953	8.0
4502.063095612946	600.0	18.956866488226943	0.0	346939	626.6027275860372	0.6
4503.522539602517	1500.0	21.497422498655343	0.0	644861	1459.4439895716012	1.5
4514.950116575455	12000.0	14.06984552571845	0.0	5138482	11427.576972936893	12.0
4518.95663868836	4000.0	14.063323412813682	0.0	2055338	4006.5221129047663	4.0
4519.59262111266	600.0	17.427340988513365	0.0	291029	635.9824243003153	0.6
4529.019237673951	12000.0	12.000724427222604	0.0	5411094	9426.616561290763	12.0
4529.254449944674	200.0	15.765512156498726	0.0	93982	235.21227072387774	0.2
4529.819018023039	600.0	19.200944078134548	0.0	293409	564.5680783641787	0.6
4536.063779988029	8000.0	16.95618211314379	0.0	3713878	6244.7619649907565	8.0
4536.292953396987	200.0	20.727008704185575	0.0	89422	229.17340895821172	0.2
4542.558378369879	8000.0	18.461583731293757	0.0	3707853	6265.4249728918185	8.0
4544.103081427349	1500.0	20.916880673824014	0.0	785519	1544.703057469744	1.5
4544.753724396245	600.0	24.266237704927335	0.0	284947	650.6429688966768	0.6
4545.489509113687	600.0	27.530452987485692	0.0	327462	735.7847174416422	0.6
4555.359589170851	12000.0	21.66037293032195	0.0	5257310	9870.080057163741	12.0
4555.587509566154	200.0	25.43245253501845	0.0	101968	227.92039530350425	0.2
4562.672355842051	12000.0	22.34760625912199	0.0	4828747	7084.84627589646	12.0
4563.718430834296	1500.0	25.301531266876605	0.0	657685	1046.0749922453824	1.5
4564.396794720691	600.0	28.623167380481714	0.0	329059	678.3638863948902	0.6
4564.984018123617	600.0	32.03594397755635	0.0	278938	587.2234029253657	0.6
4565.591665897769	600.0	35.42829620340276	0.0	290170	607.6477741535874	0.6
4575.737329911722	12000.0	29.282632189450815	0.0	5875126	10145.664013951942	12.0
4583.493162446078	12000.0	25.52679965509479	0.0	5704199	7755.832534356025	12.0
4592.732508504693	12000.0	20.287453596479192	0.0	5646381	9239.346058615596	12.0

