16463.328675602334	600.0	4.0	0.7844378719310126	247108	784.4378719310125	-15.08875743862025
16465.496563568693	1500.0	5.832112033638599	0.0	732405	2167.887966361401	1.5
16467.41199670129	1500.0	7.9166789010440795	0.0	643847	1915.4331325945195	1.5
16469.540105599124	1500.0	9.78857000320707	0.0	718451	2128.10889783701	1.5
16471.684877006315	1500.0	11.643798596016108	0.0	724296	2144.7714071909636	1.5
16473.84374920033	1500.0	13.484926402004726	0.0	689829	2158.872194011382	1.5
16476.36153656792	1500.0	14.967139034409591	0.0	737903	2517.7873675951355	1.5
16479.01939950695	1500.0	16.309276095382934	0.0	780303	2657.8629390266565	1.5
16482.044498307303	1500.0	17.28417729502779	0.0	891463	3025.0988003551447	1.5
16484.97018406683	1500.0	18.3584915355017	0.0	763093	2925.685759526086	1.5
16488.225895109143	1500.0	19.10278049319004	0.0	769316	3255.711042311662	1.5
16491.378819773745	1500.0	19.949855828587356	0.0	744416	3152.9246646026836	1.5
16493.952092136533	1500.0	21.376583465800742	0.0	606092	2573.2723627866153	1.5
16497.048873745727	1500.0	22.27980185660534	0.0	748011	3096.7816091954023	1.5
16500.171894516046	1500.0	23.156781086288742	0.0	754517	3123.020770316596	1.5
16503.9825745321	1500.0	23.346101070233868	0.0	934743	3810.6800160548737	1.5
16506.440421183277	1500.0	24.88825441905698	0.0	735572	2457.8466511768866	1.5
16509.01801811226	1500.0	26.310657490074256	0.0	772616	2577.596928982726	1.5
16511.51408761423	1500.0	27.814587988104357	0.0	747396	2496.069501969896	1.5
16513.73522995184	1500.0	29.5934456504945	0.0	662349	2221.1423376098596	1.5
16517.339574742728	1500.0	29.98910085960363	0.0	835711	3604.344790890866	1.5
16520.96192545519	1500.0	30.366750147141722	0.0	806394	3622.3507124619064	1.5
16524.555810925685	1500.0	30.772864676647714	0.0	809327	3593.8854704940095	1.5
16527.049191160637	1500.0	32.279484441697164	0.0	681795	2493.380234950554	1.5
16530.156412682285	1500.0	33.17226292004941	0.0	855209	3107.221521647751	1.5
16532.519055986635	1500.0	34.80961961569774	0.0	644861	2362.643304351674	1.5
16535.38147998859	1500.0	35.94719561374316	0.0	794014	2862.424001954574	1.5
16538.568515373663	1500.0	36.760160228670316	0.0	914284	3187.0353850728516	1.5
16540.94479505592	1500.0	38.38388054641383	0.0	675709	2376.2796822564887	1.5
16543.42920268516	1500.0	39.89947291717123	0.0	707527	2484.4076292425984	1.5
16546.31771390482	1500.0	41.01096169751271	0.0	757473	2888.5112196585183	1.5
16549.35375239928	1500.0	41.97492320305083	0.0	712239	3036.0384944618822	1.5
16552.06382684612	1500.0	43.264848756214164	0.0	633700	2710.074446836658	1.5
16555.275456164207	1500.0	44.05321943812435	0.0	755142	3211.629318089812	1.5
16557.63528611064	1500.0	45.69338949169123	0.0	670327	2359.829946433126	1.5
16560.38689226658	1500.0	46.9417833357521	0.0	785519	2751.606155939121	1.5
16562.783168093465	1500.0	48.545507508866635	0.0	681043	2396.275826885469	1.5
16565.85102869057	1500.0	49.477646911763706	0.0	866245	3067.8605971029215	1.5
16568.71757879009	1500.0	50.611096812244924	0.0	691256	2866.550099518783	1.5
16571.723562010466	1500.0	51.605113591867514	0.0	725845	3005.983220377416	1.5
16575.072869410127	1500.0	52.25580619220512	0.0	811013	3349.307399662392	1.5
16577.560661594736	1500.0	53.7680140075957	0.0	657685	2487.792184609418	1.5
16580.336589896295	1500.0	54.992085706040484	0.0	767059	2775.9283015552237	1.5
16583.397118848057	1500.0	55.93155675427877	0.0	848035	3060.528951761708	1.5
16585.689360303113	1500.0	57.6393152992221	0.0	629438	2292.241455056673	1.5
16588.66262635372	1500.0	58.66604924861553	0.0	763847	2973.266050606574	1.5
16591.70014539093	1500.0	59.62853021140589	0.0	769491	3037.5190372096376	1.5
16595.388117237475	1500.0	59.9405583648566	0.0	808636	3187.971846549281	1.5

