15927.328461594316	600.0	4.0	0.6264573197700132	247108	626.4573197700132	-11.929146395400265
15929.028109979985	1500.0	6.3003516143299425	0.0	732405	1699.6483856700577	1.5
15930.531920240932	1500.0	8.796541353383459	0.0	643847	1503.810260946484	1.5
15932.20071059918	1500.0	11.127750995134894	0.0	718451	1668.7903582485626	1.5
15933.882426654023	1500.0	13.446034940291906	0.0	724296	1681.71605484299	1.5
15935.487922010061	1500.0	15.840539584254753	0.0	689829	1605.4953560371519	1.5
15937.19972873275	1500.0	18.128732861565677	0.0	737903	1711.8067226890757	1.5
15947.207778991713	1500.0	12.120682602603262	0.0	780303	10008.050258962416	1.5
15951.655252540675	1500.0	11.673209053639768	0.0	891463	4447.473548963493	1.5
15955.400994877122	1500.0	11.927466717193976	0.0	763093	3745.742336445792	1.5
15957.062721240949	600.0	14.265740353366553	0.0	329266	1661.7263638274237	0.6
15958.052841288649	600.0	17.275620305666123	0.0	285624	990.120047700428	0.6
15958.781053190954	600.0	20.547408403361345	0.0	294430	728.2119023047817	0.6
15960.507861034092	1500.0	22.820600560224086	0.0	748011	1726.807843137255	1.5
15962.24899237224	1500.0	25.079469222074792	0.0	754517	1741.1313381492948	1.5
15964.38690609773	1500.0	26.941555496584595	0.0	934743	2137.913725490196	1.5
15966.086328457552	1500.0	29.242133136763474	0.0	735572	1699.4223598211215	1.5
15967.867306235328	1500.0	31.461155358985696	0.0	772616	1780.9777777777779	1.5
15970.86604918258	1500.0	32.46241241173593	0.0	747396	2998.742947249766	1.5
15973.758795420337	1500.0	33.56966617397815	0.0	662349	2892.7462377577835	1.5
15977.387744646656	1500.0	33.9407169476597	0.0	835711	3628.949226318444	1.5
15979.736216192496	1500.0	35.59224540182072	0.0	806394	2348.471545838981	1.5
15981.618274696768	1500.0	37.710186897548404	0.0	809327	1882.0585042723148	1.5
15983.216368715526	1500.0	40.112092878789184	0.0	681795	1598.0940187592196	1.5
15985.200588704949	1500.0	42.12787288936559	0.0	855209	1984.2199894235855	1.5
15986.71644497704	1500.0	44.61201661727341	0.0	644861	1515.8562720921818	1.5
15988.56440734727	1500.0	46.764054247043234	0.0	794014	1847.962370230176	1.5
15990.639763082721	1500.0	48.688698511592534	0.0	914284	2075.355735450702	1.5
15992.18933463557	1500.0	51.139126958743475	0.0	675709	1549.571552849065	1.5
15993.808105840442	1500.0	53.52035575387179	0.0	707527	1618.7712048716833	1.5
15995.535502534658	1500.0	55.79295905965691	0.0	757473	1727.3966942148763	1.5
15997.164521673412	1500.0	58.16393992090093	0.0	712239	1629.0191387559807	1.5
15998.903454905252	1500.0	59.7057320044155	0.0	633700	1458.2079164854283	1.5
16002.81816076974	1500.0	59.79102613992739	0.0	755142	1914.70586448811	1.5
16007.02679866569	1500.0	59.582388243975736	0.0	670327	1708.6378959516505	1.5
16011.005082284057	1500.0	59.60410462560898	0.0	785519	1978.283618366754	1.5
16014.628850506768	1500.0	59.98033640289878	0.0	681043	1623.7682227102075	1.5
16018.672429170789	1500.0	59.93675773887668	0.0	866245	2043.578664022101	1.5
16022.658089799497	1500.0	59.951097110168625	0.0	691256	2485.660628708058	1.5
16027.017707328996	1500.0	59.59147958066957	0.0	725845	2859.6175294990544	1.5
16030.745484557201	1500.0	59.86370235246521	0.0	811013	3227.77722820436	1.5
16034.95655344081	1500.0	59.65263346885476	0.0	657685	2711.0688836104514	1.5
16039.105173018259	1500.0	59.50401389140758	0.0	767059	3148.619577447181	1.5
16042.877542303724	1500.0	59.731644605941035	0.0	848035	3772.3692854665424	1.5
16046.721114006703	1500.0	59.88807290296096	0.0	629438	2843.571702980078	1.5
16050.945980296048	1500.0	59.663206613617774	0.0	763847	3724.8662893431824	1.5
16056.403510761214	1500.0	58.205676148450706	0.0	769491	5457.530465167068	1.5
16062.334729253764	1500.0	56.27445765590235	0.0	808636	5931.218492548356	1.5

