19946.018017748425	600.0	4.0	0.9847432494279177	247108	984.7432494279177	-19.094864988558353
19946.45908685598	200.0	7.558930892448513	0.0	98617	441.0691075514875	0.2
19947.595185711813	600.0	10.422832036613272	0.0	288447	1136.0988558352403	0.6
19948.097080448653	200.0	13.920937299771166	0.0	115230	501.89473684210526	0.2
19948.53463834339	200.0	17.483379405034327	0.0	97658	437.5578947368421	0.2
19951.14032804591	1500.0	18.877689702517163	0.0	689829	2605.6897025171625	1.5
19953.922032393733	1500.0	20.095985354691074	0.0	737903	2781.7043478260875	1.5
19954.396262142018	200.0	23.621755606407323	0.0	107674	474.2297482837529	0.2
19955.54069417863	600.0	26.47732356979405	0.0	290723	1144.4320366132724	0.6
19972.936079717172	12000.0	13.081938031254275	0.0	5088378	17395.385538539773	12.0
19974.201022587164	600.0	15.816995161258772	0.0	329266	1264.9428699955017	0.6
19974.62413369828	200.0	19.39388405014766	0.0	95342	423.11111111111114	0.2
19976.614471638815	1500.0	21.403546109611693	0.0	606092	1990.337940535965	1.5
19981.023873668524	4000.0	20.994144079900558	0.0	1805063	4409.402029711134	4.0
19981.302347637557	200.0	24.715670110870892	0.0	82750	278.47396902966614	0.2
19981.608708698284	200.0	28.409309050144454	0.0	94377	306.3610607264387	0.2
19981.904262221797	200.0	32.113755526631884	0.0	89871	295.55352351256954	0.2
19992.842674896427	12000.0	25.17534285200206	0.0	4055239	10938.412674629824	12.0
19993.187875341253	200.0	28.8301424071768	0.0	90919	345.20044482526026	0.2
19993.518365925174	200.0	32.49965182325249	0.0	85876	330.49058392430675	0.2
20005.25475209089	8000.0	24.763265657536348	0.0	3690869	11736.386165716147	8.0
20006.34697499153	600.0	27.67104275689728	0.0	310841	1092.2229006390685	0.6
20006.75481314841	200.0	31.263204600020167	0.0	100675	407.8381568771116	0.2
20007.10235339919	200.0	34.91566434923731	0.0	85752	347.54025078285616	0.2
20007.46785395589	200.0	38.550163792539	0.0	94556	365.50055669830726	0.2
20017.338521111287	8000.0	32.67949663714114	0.0	3253093	9870.667155397861	8.0
20018.277984702676	600.0	35.74003304575148	0.0	324657	939.4635913896657	0.6
20027.23943674523	8000.0	30.778581003196177	0.0	3354913	8961.452042555302	8.0
20028.087798834917	600.0	33.93021891350975	0.0	291029	848.3620896864276	0.6
20030.035548711174	1500.0	35.982469037251704	0.0	707527	1947.7498762580433	1.5
20030.750089546018	600.0	39.26792820240597	0.0	240372	714.540834845735	0.6
20041.910663286646	8000.0	32.1073544617765	0.0	3568902	11160.573740629472	8.0
20044.70778194888	1500.0	33.31023579954046	0.0	633700	2797.1186622360383	1.5
20046.26419313979	600.0	35.753824608630396	0.0	344336	1556.4111909100654	0.6
20055.97466387577	8000.0	30.0433538726488	0.0	3707853	9710.470735981598	8.0
20061.574376549892	4000.0	28.443641198526006	0.0	1785821	5599.712674122793	4.0
20062.678513845756	600.0	31.339503902661505	0.0	284947	1104.137295864501	0.6
20063.047492887472	200.0	34.9705248609471	0.0	80403	368.97904171440126	0.2
20063.43916887642	200.0	38.57884887199906	0.0	86718	391.67598894804235	0.2
20064.540287100917	600.0	41.47773064750055	0.0	284107	1101.1182244985062	0.6
20080.048520920074	12000.0	29.96949682834278	0.0	4828747	15508.233819157773	12.0
20081.83843138627	1500.0	32.179586362149514	0.0	657685	1789.9104661932695	1.5
20086.33052738731	4000.0	31.687490361109553	0.0	1697030	4492.096001039958	4.0
20086.662685785774	200.0	35.35533196264349	0.0	96988	332.15839846606326	0.2
20097.186897939035	8000.0	28.831119809384496	0.0	3682991	10524.212153258992	8.0
20099.334347124688	1500.0	30.683670623729586	0.0	763847	2147.4491856549084	1.5
20103.532787583375	4000.0	30.485230165040964	0.0	1750852	4198.440458688621	4.0
20120.552780412414	12000.0	17.465237336006645	0.0	5646381	17019.99282903432	12.0

