34935.367028272456	600.0	4.0	1.0857561496782073	247108	1085.7561496782073	0.05054882	-21.115122993564146
34935.84841007399	200.0	7.518618198468622	0.0	98617	481.381801531378	0.004705182	0.2
34936.36177885118	200.0	11.005249421281574	0.0	106476	513.3687771870469	0.004705182	0.2
34936.91077735032	200.0	14.456250922133753	0.0	115230	548.9984991478212	0.004705182	0.2
34937.38825591866	200.0	17.978772353794103	0.0	97658	477.4785683396505	0.004705182	0.2
34937.865734487	200.0	21.50129378545445	0.0	97658	477.4785683396505	0.004705182	0.2
34938.41702038662	200.0	24.95000788583348	0.0	115792	551.2858996209712	0.004705182	0.2
34938.935265152715	200.0	28.431763119737475	0.0	107674	518.2447660960038	0.004705182	0.2
34939.40316675787	200.0	31.96386151458879	0.0	95305	467.9016051486861	0.004705182	0.2
34939.91225785197	200.0	35.45477042049299	0.0	105425	509.09109409580014	0.004705182	0.2
34940.38040366357	200.0	38.98662460888809	0.0	95365	468.14581160489433	0.004705182	0.2
34940.8484558627	200.0	42.51857240975808	0.0	95342	468.05219913001446	0.004705182	0.2
34941.345312213336	200.0	46.02171605911831	0.0	102419	496.8563506397701	0.004705182	0.2
34941.75444960491	200.0	49.61257866754852	0.0	80867	409.13739156978966	0.004705182	0.2
34942.171251009095	200.0	53.1957772633614	0.0	82750	416.80140418712324	0.004705182	0.2
34942.63537555438	200.0	56.73165271806873	0.0	94377	464.1245452926662	0.11644451	0.2
34943.581160194815	200.0	59.7858680776373	0.0	89871	445.7846404314314	0.005431369	0.2
34956.77816448232	12000.0	50.588863790134404	0.0	4055239	13197.004287502894	0.004705182	12.0
34957.077042036406	200.0	54.28998623604335	0.0	90919	298.87755409105955	0.036890812	0.2
34957.36377911925	200.0	58.003249153199015	0.0	85876	286.7370828443321	0.5201307	0.2
34971.25772432155	12000.0	48.109303950899324	0.0	5251330	13893.945202299694	0.0066863927	12.0
34971.63988677615	200.0	51.72714149630468	0.0	97742	382.16245459463636	0.014872259	0.2
34987.298034754036	12000.0	40.06899351841843	0.0	5141915	15658.147977886254	0.004705182	12.0
34987.59699233598	200.0	43.77003593647083	0.0	85752	298.95758194759185	0.004705182	0.2
34987.91842988984	200.0	47.44859838261044	0.0	94556	321.4375538603939	0.004705182	0.2
34996.30481781234	8000.0	43.062210460105575	0.0	3253093	8386.387922504868	0.004705182	8.0
35013.21134660723	12000.0	30.15568166522145	0.0	5138482	16906.528794884125	0.004705182	12.0
35024.38235086293	8000.0	22.984677409520728	0.0	3354913	11171.004255700724	0.004705182	8.0
35024.773972910174	200.0	26.593055362276633	0.0	93993	391.62204724409446	0.010796806	0.2
35025.17583946633	200.0	30.191188806122472	0.0	97083	401.866556154165	0.0061616213	0.2
35025.56742504445	200.0	33.79960322800395	0.0	93982	391.58557811852467	0.049408514	0.2
35037.48316007795	8000.0	25.88386819449614	0.0	3568902	11915.735033507808	0.01404004	8.0
35039.05795589101	1500.0	28.309072381434074	0.0	633700	1574.7958130620668	0.060239144	1.5
35039.348887926986	200.0	32.01814034546179	0.0	89422	290.93203597228364	0.09280173	0.2
35039.68417319899	200.0	35.682855073458256	0.0	108225	335.2852720035383	0.025413992	0.2
35039.971257969744	200.0	39.395770302707845	0.0	87791	287.0847707504055	0.2415567	0.2
35040.29206705127	200.0	43.0749612211805	0.0	102088	320.80908152734776	0.4931656	0.2
35040.56172472487	200.0	46.80530354758474	0.0	80403	269.6576735957541	0.579023	0.2
35056.15801125321	12000.0	35.20901701924343	0.0	5257310	15596.286528341308	0.004705182	12.0
35056.611349468316	200.0	38.75567880414046	0.0	101968	453.3382151029748	0.044994235	0.2
35072.24679265233	12000.0	27.120235620122134	0.0	4828747	15635.443184018326	0.054077826	12.0
35076.84626618224	4000.0	26.520762090211164	0.0	1830641	4599.47352991097	0.013230121	4.0
35082.06123227428	4000.0	25.305795998175018	0.0	1697030	5214.9660920361475	0.032877937	4.0
35088.16172900478	4000.0	23.20529926767729	0.0	1910697	6100.496730497725	0.01764967	4.0
35099.160709952004	8000.0	16.206318320454184	0.0	3682991	10998.98094722311	0.007981626	8.0
35104.06343994773	4000.0	15.303588324733171	0.0	2042818	4902.729995721011	0.09133672	4.0
35108.289631896325	4000.0	15.077396376130865	0.0	1750852	4226.191948602305	0.004705182	4.0
35113.432804722004	4000.0	13.934223550449643	0.0	2034636	5143.172825681225	0.06901834	4.0

