7648.854628257124	600.0	4.0	0.8527105360877127	247108	852.7105360877127	-16.454210721754254
7649.9031337391725	600.0	6.951494517951023	0.0	309722	1048.5054820489768	0.6
7650.885111967327	600.0	9.969516289796157	0.0	288447	981.9782281548655	0.6
7651.325437958689	200.0	13.529190298434537	0.0	115230	440.3259913616198	0.2
7653.670322747713	1500.0	15.184305509410361	0.0	724296	2344.884789024176	1.5
7654.055700823426	200.0	18.7989274336975	0.0	97658	385.3780757128618	0.2
7654.497784197476	200.0	22.356844059647816	0.0	115792	442.0833740496805	0.2
7655.437159967015	600.0	25.417468290108857	0.0	274823	939.3757695389606	0.6
7655.815180175352	200.0	29.03944808177145	0.0	95305	378.02020833740494	0.2
7658.281383783145	1500.0	30.573244473977365	0.0	763093	2466.203607794086	1.5
7660.981443209695	1500.0	31.873185047428095	0.0	769316	2700.05942654927	1.5
7667.196967131161	4000.0	29.657661125961898	0.0	1761739	6215.523921466197	4.0
7667.633656870397	200.0	33.220971386725466	0.0	102419	436.6897392364285	0.2
7668.6428597784125	600.0	36.21176847871102	0.0	266809	1009.202908014453	0.6
7669.011049234684	200.0	39.84357902244007	0.0	82750	368.1894562709503	0.2
7669.967943392649	600.0	42.88668486447441	0.0	324375	956.8941579656608	0.6
7674.720019230475	4000.0	42.134609026647745	0.0	1835863	4752.075837826661	4.0
7687.856310442651	12000.0	32.99831781447176	0.0	4055239	13136.29121217599	12.0
7688.279182670242	200.0	36.575445586880846	0.0	90919	422.8722275909209	0.2
7690.347898136541	1500.0	38.506730120582624	0.0	662349	2068.7154662982175	1.5
7691.056946509402	600.0	41.79768174772074	0.0	280646	709.0483728618859	0.6
7692.944422238918	1500.0	43.9102060182053	0.0	806394	1887.4757295154309	1.5
7705.307618065841	12000.0	35.54701019128255	0.0	5141915	12363.195826922747	12.0
7706.165511501531	600.0	38.68911675559197	0.0	298925	857.8934356905862	0.6
7707.148351915297	600.0	41.706276341825784	0.0	346939	982.840413766183	0.6
7718.121018394365	8000.0	34.73360986275763	0.0	3253093	10972.666479068153	8.0
7735.0986770025875	12000.0	21.755951254535233	0.0	5138482	16977.658608222395	12.0
7745.11533086251	8000.0	15.739297394612342	0.0	3354913	10016.653859922892	8.0
7745.419811860808	200.0	19.434816396313987	0.0	93993	304.4809982983551	0.2
7745.731672624459	200.0	23.122955632663516	0.0	97083	311.8607636504762	0.2
7746.385746720646	600.0	26.468881536475795	0.0	240372	654.0740961877184	0.6
7755.685256293919	8000.0	21.169371963203236	0.0	3568902	9299.509573272557	8.0
7774.165673640396	12000.0	6.688954616726307	0.0	5639869	18480.41734647693	12.0
7774.568307474337	200.0	10.286320782784125	0.0	89422	402.6338339421819	0.2
7775.038782376246	200.0	13.815845880876399	0.0	108225	470.4749019077256	0.2
7775.435531575723	200.0	17.41909668139956	0.0	87791	396.7491994768412	0.2
7775.883864232558	200.0	20.97076402456467	0.0	102088	448.3326568348893	0.2
7776.253957589343	200.0	24.600670667779386	0.0	80403	370.09335678527935	0.2
7776.646835413724	200.0	28.207792843398384	0.0	86718	392.8778243810039	0.2
7777.094735111555	200.0	31.759893145567688	0.0	101968	447.89969783069506	0.2
7793.670051021576	12000.0	19.184577235546627	0.0	4828747	16575.31591002106	12.0
7794.00020596501	200.0	22.854422292113274	0.0	101713	330.1549434333497	0.2
7798.253914769732	4000.0	22.60071348739119	0.0	1697030	4253.708804722086	4.0
7799.0199403476945	600.0	25.83468790942759	0.0	278938	766.0255779636005	0.6
7800.647992487389	1500.0	28.206635769732557	0.0	629438	1628.052139695032	1.5
7802.937332387756	1500.0	29.917295869365375	0.0	763847	2289.339900367185	1.5
7808.863492911985	4000.0	27.991135345136485	0.0	1750852	5926.1605242288915	4.0
7826.1619641212965	12000.0	14.692664135825952	0.0	5646381	17298.471209310534	12.0

