34586.83493301941	600.0	4.0	1.0709092731829573	247108	1070.9092731829573	-20.818185463659145
34587.31038966101	200.0	7.52454335839599	0.0	98617	475.4566416040101	0.2
34588.54706936026	600.0	10.287863659147868	0.0	288447	1236.6796992481204	0.6
34589.08914454823	200.0	13.745788471177942	0.0	115230	542.0751879699249	0.2
34589.560755575796	200.0	17.27417744360902	0.0	97658	471.6110275689223	0.2
34590.032366603366	200.0	20.8025664160401	0.0	97658	471.6110275689223	0.2
34593.071376127176	1500.0	21.763556892230575	0.0	737903	3039.0095238095237	1.5
34593.58315156578	200.0	25.251781453634084	0.0	107674	511.7754385964912	0.2
34594.04532700437	200.0	28.78960601503759	0.0	95305	462.17543859649123	0.2
34613.86859443571	12000.0	12.966338583699326	0.0	5088378	19823.267431338267	12.0
34616.569356548935	600.0	14.265576470476761	0.0	329266	2700.762113222565	0.6
34616.96097369886	200.0	17.873959320559997	0.0	95342	391.6171499167671	0.2
34618.711655411316	1500.0	20.12327760809553	0.0	606092	1750.6817124644672	1.5
34619.527109627874	600.0	23.307823391539408	0.0	266809	815.4542165561203	0.6
34619.83520851666	200.0	26.99972450274623	0.0	82750	308.0988887931777	0.2
34620.17535702213	200.0	30.659575997276338	0.0	94377	340.148505469894	0.2
34622.28294802912	1500.0	32.55198499029899	0.0	735572	2107.5910069773454	1.5
34639.66498991524	12000.0	19.169943104178788	0.0	4055239	17382.041886120205	12.0
34640.63000474458	600.0	22.204928274841834	0.0	330105	965.0148293369527	0.6
34640.94023916539	200.0	25.89469385402379	0.0	85876	310.2344208180432	0.2
34641.32763305605	200.0	29.507299963375488	0.0	114656	387.39389064830175	0.2
34642.24100090739	600.0	32.59393211203749	0.0	310841	913.3678513379916	0.6
34655.58560237901	12000.0	23.24933064040855	0.0	5141915	13344.601471628945	12.0
34655.881418907775	200.0	26.95351411163893	0.0	85752	295.8165287696228	0.2
34656.19939292231	200.0	30.635540097104688	0.0	94556	317.97401453424357	0.2
34658.026070093445	1500.0	32.80886292597165	0.0	644861	1826.6771711330346	1.5
34705.37945420172	12000.0	4.0	14.544521182306097	5138482	47353.38410827775	-278.8904236461219
34706.473067585524	200.0	6.906386616192453	0.0	103756	1093.6133838075466	0.2
34707.47130424446	200.0	9.908149957259738	0.0	93993	998.2366589327147	0.2
34708.24606991638	200.0	13.133384285342967	0.0	97083	774.7656719167711	0.2
34708.55046100468	200.0	16.828993197046664	0.0	93982	304.3910882963007	0.2
34708.91344370952	200.0	20.46601049219835	0.0	118522	362.98270484831306	0.2
34709.231881027656	200.0	24.14757317406605	0.0	99865	318.4373181323027	0.2
34710.13401643422	600.0	27.245437767503144	0.0	344336	902.1354065629057	0.6
34710.47241405856	200.0	30.9070401431616	0.0	108225	338.3976243415457	0.2
34714.816233914404	4000.0	30.56322028731273	0.0	1785821	4343.819855848866	4.0
34715.5765723562	600.0	33.80288184551785	0.0	284947	760.3384417948757	0.6
34715.848542272484	200.0	37.53091192923296	0.0	80403	271.96991628489997	0.2
34743.29825441613	12000.0	14.081199785585678	0.0	5257310	27449.712143647277	12.0
34744.220921633736	200.0	17.158532567983283	0.0	101968	922.6672176023967	0.2
34745.18834687003	200.0	20.191107331683504	0.0	107384	967.4252362997781	0.2
34750.930382066275	1500.0	18.449072135446567	0.0	657685	5742.035196236934	1.5
34754.12039683383	600.0	19.25905736788794	0.0	329059	3190.014767558627	0.6
34755.117053458554	200.0	22.262400743161137	0.0	96988	996.6566247268003	0.2
34761.19958443988	1500.0	20.17986976184748	0.0	629438	6082.530981313659	1.5
34764.08565441249	600.0	21.293799789228068	0.0	288236	2886.06997261941	0.6
34770.079392420776	1500.0	19.300061780942965	0.0	769491	5993.738008285106	1.5
34772.2092317693	1500.0	21.17022243242115	0.0	808636	2129.839348521816	1.5

