29974.966954388678	600.0	4.0	0.6251688429877419	247108	625.1688429877419	-11.903376859754838
29975.26452288419	200.0	7.702431504488231	0.0	98617	297.5684955117687	0.2
29975.980893690696	600.0	10.986060697985467	0.0	288447	716.3708065027647	0.6
29977.64593788357	1500.0	13.321016505108725	0.0	718451	1665.0441928767427	1.5
29986.3067972258	8000.0	8.66015716288049	0.0	4143114	8660.859342228236	8.0
29986.924576177233	600.0	12.042378211449421	0.0	330929	617.7789514310671	0.6
29990.33017694101	4000.0	12.636777447671971	0.0	2046450	3405.6007637774487	4.0
29993.755544915173	4000.0	13.2114094735104	0.0	2058614	3425.3679741615715	4.0
30000.29454821806	8000.0	10.672406170624177	0.0	3448932	6539.003302886224	8.0
30001.856569969856	1500.0	13.110384418827712	0.0	763093	1562.0217517964654	1.5
30009.47537544652	8000.0	9.491578942160947	0.0	4206014	7618.805476666766	8.0
30010.81466960397	1500.0	12.152284784710272	0.0	744416	1339.2941574506776	1.5
30014.500108270946	4000.0	12.466846117733468	0.0	2131310	3685.4386669768037	4.0
30017.60948937021	4000.0	13.357465018468163	0.0	1805063	3109.381099265306	4.0
30024.762832322347	8000.0	10.204122066332163	0.0	4228356	7153.342952136001	8.0
30026.895244434694	1500.0	12.071709953985744	0.0	934743	2132.412112346418	1.5
30031.95909322495	4000.0	11.007861163731578	0.0	1835863	5063.8487902541665	4.0
30037.365611793382	4000.0	9.601342595298279	0.0	2192675	5406.518568433297	4.0
30038.899831075414	1500.0	12.067123313266952	0.0	747396	1534.2192820313262	1.5
30043.191159025606	4000.0	11.775795363077247	0.0	2164412	4291.327950189707	4.0
30047.900710538397	4000.0	11.066243850284172	0.0	2379358	4709.551512793073	4.0
30051.77664788639	4000.0	11.190306502293122	0.0	1950922	3875.9373479910496	4.0
30055.454764434693	4000.0	11.512189953990758	0.0	1849252	3678.116548302364	4.0
30060.507322395126	4000.0	10.459631993554723	0.0	1822097	5052.557960436034	4.0
30063.094026189072	1500.0	11.87292819961111	0.0	855209	2586.703793943613	1.5
30068.355616192523	4000.0	10.611338196158458	0.0	1984579	5261.590003452651	4.0
30070.18736722323	1500.0	12.779587165450959	0.0	794014	1831.7510307074997	1.5
30074.801847043425	4000.0	12.165107345255986	0.0	2055338	4614.4798201949725	4.0
30080.93568366417	4000.0	10.031270724512618	0.0	2165436	6133.836620743369	4.0
30083.241354977305	1500.0	11.725599411377335	0.0	707527	2305.671313135285	1.5
30089.501283967602	4000.0	9.465670421082084	0.0	2290706	6259.92899029525	4.0
30091.20143580587	1500.0	11.765518582815428	0.0	712239	1700.1518382666554	1.5
30097.05158773343	4000.0	9.91536665525508	0.0	2544033	5850.1519275603505	4.0
30098.515502973107	1500.0	12.451451415578083	0.0	755142	1463.9152396769946	1.5
30101.94663841781	4000.0	13.02031597087274	0.0	1828568	3431.135444705344	4.0
30109.52044003189	8000.0	9.446514356794061	0.0	4086583	7573.801614078679	8.0
30110.851006745226	1500.0	12.115947643455984	0.0	681043	1330.566713338077	1.5
30114.52144354372	4000.0	12.445510844961712	0.0	1955307	3670.4367984942737	4.0
30118.443867099988	4000.0	12.523087288693393	0.0	2142800	3922.423556268316	4.0
30122.039739659605	4000.0	12.927214729080289	0.0	2094647	3595.8725596131053	4.0
30125.452297804015	4000.0	13.514656584666033	0.0	1985434	3412.558144414255	4.0
30132.694952862967	8000.0	10.272001525717581	0.0	4074581	7242.655058948455	8.0
30134.151646002465	1500.0	12.815308386219218	0.0	767059	1456.6931394983621	1.5
30137.660904314485	4000.0	13.306050074198758	0.0	1910697	3509.2583120204604	4.0
30143.854511915295	8000.0	11.112442473386983	0.0	3682991	6193.607600811777	8.0
30147.316870919374	4000.0	11.650083469309742	0.0	2042818	3462.35900407724	4.0
30151.421875118034	4000.0	11.545079270648651	0.0	1750852	4105.00419866109	4.0
30156.59969625523	4000.0	10.367258133455772	0.0	2034636	5177.821137192878	4.0

