21242.92277162127	600.0	4.0	0.8818918973734916	247108	881.8918973734916	-17.037837947469832
21243.322794337015	200.0	7.59997728425109	0.0	98617	400.02271574890983	0.2
21244.33883571213	600.0	10.583935909137004	0.0	288447	1016.0413751140859	0.6
21246.750286072136	1500.0	12.172485549132947	0.0	718451	2411.4503600040566	1.5
21249.18070408248	1500.0	13.742067538789168	0.0	724296	2430.4180103437784	1.5
21251.4992729903	1500.0	15.423498630970487	0.0	689829	2318.5689078186797	1.5
21254.124767887417	1500.0	16.79800373385091	0.0	737903	2625.494897119577	1.5
21257.01527799502	1500.0	17.90749362624657	0.0	780303	2890.51010760434	1.5
21260.30616629361	1500.0	18.616605327655783	0.0	891463	3290.8882985907885	1.5
21263.068113040394	1500.0	19.854658580870193	0.0	763093	2761.946746785592	1.5
21265.291166472853	1500.0	21.631605148413765	0.0	769316	2223.0534324564305	1.5
21267.444856951115	1500.0	23.477914670150625	0.0	744416	2153.690478263141	1.5
21269.21322368336	1500.0	25.70954793790486	0.0	606092	1768.366732245765	1.5
21274.498001033266	4000.0	24.424770588002506	0.0	1805063	5284.777349902352	4.0
21276.99942914623	1500.0	25.923342475037167	0.0	754517	2501.4281129653405	1.5
21280.0792462194	1500.0	26.843525401866433	0.0	934743	3079.817073170732	1.5
21286.244991229654	4000.0	24.677780391615233	0.0	1835863	6165.745010251201	4.0
21288.986030084456	1500.0	25.936741536809507	0.0	772616	2741.038854805726	1.5
21291.640206384105	1500.0	27.28256523716469	0.0	747396	2654.1762996448174	1.5
21293.979837614585	1500.0	28.94293400668368	0.0	662349	2339.6312304810112	1.5
21296.765553230038	1500.0	30.15721839123213	0.0	835711	2785.7156154515474	1.5
21303.16189957456	4000.0	27.76087204670877	0.0	1950922	6396.346344523361	4.0
21310.088225128908	4000.0	24.834546492361632	0.0	1849252	6926.325554347137	4.0
21312.73022047873	1500.0	26.192551142541298	0.0	681795	2641.995349820334	1.5
21319.855240970104	4000.0	23.067530651165566	0.0	1836837	7125.0204913757325	4.0
21322.41941682603	1500.0	24.5033547952403	0.0	644861	2564.175855925266	1.5
21325.63423034683	1500.0	25.288541274439343	0.0	794014	3214.813520800956	1.5
21329.433666909248	1500.0	25.489104712018797	0.0	914284	3799.4365624205443	1.5
21332.26254664482	1500.0	26.660224976447985	0.0	675709	2828.879735570812	1.5
21335.340864468362	1500.0	27.581907152903614	0.0	707527	3078.3178235443715	1.5
21338.976449752645	1500.0	27.94632186862268	0.0	757473	3635.5852842809363	1.5
21342.39970622158	1500.0	28.523065399691152	0.0	712239	3423.2564689315263	1.5
21345.464344314227	1500.0	29.45842730704391	0.0	633700	3064.6380926472466	1.5
21349.1350221947	1500.0	29.78774942657198	0.0	755142	3670.6778804719306	1.5
21352.40240725815	1500.0	30.520364363122845	0.0	670327	3267.385063449137	1.5
21355.82212073852	1500.0	31.100650882749026	0.0	785519	3419.7134803738195	1.5
21358.152944501224	1500.0	32.76982712004556	0.0	681043	2330.823762703462	1.5
21361.095854523533	1500.0	33.826917097737045	0.0	866245	2942.910022308519	1.5
21363.460431901043	1500.0	35.462339720227334	0.0	691256	2364.5773775097086	1.5
21372.068171452447	4000.0	30.854600168821737	0.0	2094647	8607.739551405595	4.0
21379.895710722365	4000.0	27.027060898904676	0.0	1985434	7827.5392699170625	4.0
21386.746073094062	4000.0	24.176698527207744	0.0	1830641	6850.3623716969305	4.0
21389.800034516957	1500.0	25.12273710431349	0.0	767059	3053.961422894253	1.5
21393.167947670005	1500.0	25.754823951265124	0.0	848035	3367.913153048367	1.5
21395.679357553407	1500.0	27.243414067861305	0.0	629438	2511.409883403819	1.5
21398.160401147834	1500.0	28.762370473432902	0.0	763847	2481.0435944284004	1.5
21403.743953533838	4000.0	27.1788180874287	0.0	1750852	5583.552386004205	4.0
21406.405540892163	1500.0	28.517230729105485	0.0	808636	2661.587358323212	1.5

