1100.1254989187855	600.0	4.0	0.6747154826190942	247108	674.7154826190942	0.016180122	-12.894309652381883
1100.4428407156897	200.0	7.682658203095621	0.0	98617	317.3417969043787	0.004705182	0.2
1100.7790967888536	200.0	11.346402129931858	0.0	106476	336.2560731637611	0.004705182	0.2
1101.1364211371636	200.0	14.989077781621816	0.0	115230	357.3243483100435	0.004705182	0.2
1101.4514549062105	200.0	18.67404401257502	0.0	97658	315.0337690467953	0.004705182	0.2
1101.7664886752575	200.0	22.359010243528225	0.0	97658	315.0337690467953	0.004705182	0.2
1102.1251655904662	200.0	26.000333328319368	0.0	115792	358.67691520885666	0.004705182	0.2
1102.464304893425	200.0	29.661194025360626	0.0	107674	339.13930295874013	0.004705182	0.2
1117.7399245227982	12000.0	18.38557439598743	0.0	6619479	15275.619629373197	0.07643377	12.0
1118.0511799209967	200.0	22.074318997788886	0.0	105425	311.25539819854407	0.004705182	0.2
1119.8187158747128	1500.0	24.30678304407287	0.0	769316	1767.5359537160173	0.5874843	1.5
1120.1078536710138	200.0	28.017645247771746	0.0	95342	289.1377963011201	0.004705182	0.2
1122.034451772695	1500.0	30.09104714609034	0.0	606092	1926.5981016814078	0.004705182	1.5
1124.5817608208738	1500.0	31.543738097911724	0.0	748011	2547.309048178614	0.004705182	1.5
1127.150529864517	1500.0	32.97496905426854	0.0	754517	2568.7690436431853	0.004705182	1.5
1130.3137731077604	1500.0	33.811725811025305	0.0	934743	3163.2432432432433	0.004705182	1.5
1150.6734687536668	12000.0	17.45203016511884	0.0	5964284	20359.695645906464	0.004705182	12.0
1151.081745323644	200.0	21.043753595141776	0.0	103142	408.2765699770623	0.004705182	0.2
1153.5207637091883	1500.0	22.604735209597706	0.0	747396	2439.0183855440705	0.022923704	1.5
1153.8718155516879	200.0	26.253683367097903	0.0	85876	351.0518424998027	0.004705182	0.2
1156.589584035867	1500.0	27.53591488291894	0.0	835711	2717.7684841789633	0.004705182	1.5
1159.2148187869125	1500.0	28.91068013187341	0.0	806394	2625.23475104553	0.004705182	1.5
1161.7136414324627	1500.0	30.41185748632302	0.0	809327	2498.822645550395	0.004705182	1.5
1163.422878543401	1500.0	32.70262037538449	0.0	681795	1709.237110938527	0.004705182	1.5
1181.803683474175	12000.0	18.32181544461073	0.0	6078444	18380.804930773756	0.033074006	12.0
1182.207303470574	200.0	21.918195448211524	0.0	101109	403.6199963992079	0.2131354	0.2
1184.828707379434	1500.0	23.296791539351577	0.0	794014	2621.4039088599493	0.004705182	1.5
1185.2407996397312	200.0	26.884699279054313	0.0	103756	412.0922602972654	0.004705182	0.2
1187.4835442435442	1500.0	28.64195467524147	0.0	675709	2242.744603812839	0.004705182	1.5
1194.772957001949	4000.0	25.35254191683651	0.0	2002600	7289.412758404958	0.6960265	4.0
1198.1908533912738	1500.0	25.934645527511552	0.0	757473	3417.896389324961	0.004705182	1.5
1201.4094206886382	1500.0	26.71607823014726	0.0	712239	3218.5672973642895	0.004705182	1.5
1214.995753155839	8000.0	17.129745762946246	0.0	3713878	13586.332467201013	0.25485596	8.0
1216.9616044388508	1500.0	19.163894479934445	0.0	755142	1965.8512830118	0.004807742	1.5
1218.7156432725901	1500.0	21.409855646195293	0.0	670327	1754.0388337391523	0.005420877	1.5
1223.8539881259562	4000.0	20.271510792829158	0.0	1785821	5138.344853366136	0.56385034	4.0
1226.7356974309726	1500.0	21.389801487812832	0.0	681043	2881.7093050163267	0.75568026	1.5
1230.3793001358295	1500.0	21.746198782955915	0.0	866245	3643.602704856915	0.60448545	1.5
1232.9995296724665	1500.0	23.125969246318963	0.0	691256	2620.229536636951	0.12972161	1.5
1234.827921819883	1500.0	25.297577098902366	0.0	725845	1828.3921474165966	0.07468715	1.5
1242.5917517608682	8000.0	21.53374715791718	0.0	3189942	7763.829940985187	0.004705182	8.0
1257.8757640209615	8000.0	10.249734897823764	0.0	4074581	15284.012260093416	0.22824791	8.0
1260.8266281145288	1500.0	11.298870804256513	0.0	767059	2950.864093567252	0.052456826	1.5
1264.0674008690764	1500.0	12.058098049708748	0.0	848035	3240.7727545477655	0.04107357	1.5
1266.475257929382	1500.0	13.650240989403175	0.0	629438	2407.8570603055728	0.56361425	1.5
1274.0584898903214	4000.0	10.067009028463733	0.0	2042818	7583.231960939443	0.07970435	4.0
1276.833965851439	1500.0	11.291533067346297	0.0	769491	2775.475961117436	0.009442413	1.5
1279.7465641525162	1500.0	12.378934766269145	0.0	808636	2912.598301077152	0.64915365	1.5

