35808.26656759784	600.0	4.0	0.6909540439472139	247108	690.9540439472139	-13.219080878944279
35808.590389954676	200.0	7.676177643168403	0.0	98617	323.8223568315975	0.2
35809.38355124899	600.0	10.883016348858053	0.0	288447	793.1612943103503	0.6
35811.239861784576	1500.0	13.026705813270699	0.0	718451	1856.3105355873536	1.5
35821.695519345776	8000.0	6.571048252070261	0.0	4143114	10455.657561200438	8.0
35822.02586429491	200.0	10.240703302939442	0.0	97658	330.34494913081795	0.2
35823.9974685567	1500.0	12.269099041143399	0.0	737903	1971.6042617960427	1.5
35829.59689466365	4000.0	10.669672934196091	0.0	2058614	5599.426106947309	4.0
35832.44804890584	1500.0	11.818518692001456	0.0	891463	2851.1542421946338	1.5
35839.86926968413	4000.0	8.39729791371536	0.0	2373154	7421.220778286097	4.0
35840.948824952975	600.0	11.317742644865513	0.0	329266	1079.5552688498465	0.6
35846.3769492652	4000.0	9.889618332642995	0.0	1761739	5428.124312222519	4.0
35848.29686730109	1500.0	11.969700296745753	0.0	606092	1919.9180358972415	1.5
35857.29400900197	4000.0	6.972558595867548	0.0	1805063	8997.141700878205	4.0
35857.79253278892	200.0	10.474034808922708	0.0	82750	498.5237869448396	0.2
35861.31118288289	1500.0	10.955384714953198	0.0	934743	3518.6500939695097	1.5
35863.83084043559	1500.0	12.435727162249066	0.0	735572	2519.657552704132	1.5
35871.28983364959	4000.0	8.976733948253425	0.0	2192675	7458.99321399564	4.0
35872.51852438469	600.0	11.748043213151208	0.0	330105	1228.6907351022185	0.6
35879.9268563438	4000.0	8.339711254045625	0.0	2164412	7408.331959105583	4.0
35880.775420485865	600.0	11.491147111983151	0.0	280646	848.5641420624733	0.6
35886.19812514996	4000.0	10.068442447883877	0.0	1950922	5422.704664099273	4.0
35888.49451060139	1500.0	11.772056996450416	0.0	809327	2296.3854514334616	1.5
35893.35483106096	4000.0	10.91173653688529	0.0	1822097	4860.320459565126	4.0
35895.65622526207	1500.0	12.610342335774863	0.0	855209	2301.394201110426	1.5
35900.91089007173	4000.0	11.355677526109208	0.0	1984579	5254.664809665656	4.0
35906.44895139553	4000.0	9.817616202320263	0.0	2068230	5538.061323788946	4.0
35908.94174791204	1500.0	11.324819685801765	0.0	914284	2492.796516518498	1.5
35914.90266226157	4000.0	9.36390533627852	0.0	2165436	5960.914349523245	4.0
35916.91398223086	1500.0	11.352585366987384	0.0	707527	2011.3199692911373	1.5
35923.24790381262	4000.0	9.018663785226472	0.0	2290706	6333.92158176091	4.0
35925.27271642781	1500.0	10.993851170030895	0.0	712239	2024.8126151955764	1.5
35927.08307344877	1500.0	13.183494149073834	0.0	633700	1810.357020957062	1.5
35940.33151563468	8000.0	4.0	0.06494803683615283	4271839	13248.442185909986	6.701039263276943
35940.76475920873	200.0	7.566756425948593	0.0	108225	433.2435740514076	0.2
35941.74478368854	600.0	10.58673194614443	0.0	275745	980.0244798041616	0.6
35944.04769025729	1500.0	12.283825377396981	0.0	681043	2302.90656874745	1.5
35950.50976124872	4000.0	9.821754385964912	0.0	1955307	6462.070991432069	4.0
35952.950899818345	1500.0	11.380615816341761	0.0	691256	2441.1385696231514	1.5
35960.20127893687	4000.0	8.130236697813734	0.0	2094647	7250.379118528027	4.0
35961.24481831282	600.0	11.086697321860376	0.0	315398	1043.5393759533567	0.6
35966.15134436496	4000.0	10.180171269723145	0.0	1830641	4906.526052137232	4.0
35968.253712621234	1500.0	12.077803013453165	0.0	767059	2102.36825626998	1.5
35973.735849086435	4000.0	10.595666548254247	0.0	1910697	5482.136465198919	4.0
35975.74121433392	1500.0	12.59030130077303	0.0	629438	2005.3652474812168	1.5
35981.903713248066	4000.0	10.427802386621671	0.0	2042818	6162.498914151359	4.0
35983.857065144715	1500.0	12.474450489967634	0.0	769491	1953.3518966540378	1.5
35988.890455385284	4000.0	11.441060249405258	0.0	2034636	5033.390240562377	4.0

