27927.73311877554	600.0	4.0	0.6852674443525918	247108	685.2674443525918	0.6622922	-13.105348887051836
27928.054671697984	200.0	7.67844707755427	0.0	98617	321.55292244573036	0.004705182	0.2
27928.395474490306	200.0	11.337644285233154	0.0	106476	340.80279232111695	0.004705182	0.2
27928.757719369518	200.0	14.975399406019413	0.0	115230	362.2448792137411	0.004705182	0.2
27929.07692331306	200.0	18.656195462478188	0.0	97658	319.2039435412266	0.004705182	0.2
27929.396127256598	200.0	22.336991518936962	0.0	97658	319.2039435412266	0.004705182	0.2
27929.759748701134	200.0	25.973370074400663	0.0	115792	363.62144453629713	0.004705182	0.2
27930.103485880034	200.0	29.629632895502283	0.0	107674	343.73717889838036	0.004705182	0.2
27943.79546868827	12000.0	19.93765008726626	0.0	6619479	13691.982808236025	0.16009587	12.0
27944.055840381418	200.0	23.67727839411628	0.0	105425	260.37169314998187	0.004705182	0.2
27945.4520635684	1500.0	26.281055207136234	0.0	769316	1396.2231869800464	0.0064708074	1.5
27945.695184251046	200.0	30.037934524486904	0.0	95342	243.12068264932955	0.004705182	0.2
27946.812147402525	1500.0	32.920971373008044	0.0	606092	1116.9631514788598	0.004705182	1.5
27948.177270551856	1500.0	35.55584822367626	0.0	748011	1365.1231493317841	0.0067254375	1.5
27951.245900546408	1500.0	36.487218229122604	0.0	754517	3068.629994553647	0.004705182	1.5
27955.028402898246	1500.0	36.70471587728817	0.0	934743	3782.5023518344315	0.004705182	1.5
27972.468607288873	12000.0	23.26451148666175	0.0	5964284	17440.204390626423	0.004705182	12.0
27974.12396806369	1500.0	25.609150711843352	0.0	772616	1655.360774818402	0.093998864	1.5
27975.72790536457	1500.0	28.005213410964036	0.0	747396	1603.937300879317	0.014962472	1.5
27975.983006167422	200.0	31.75011260810944	0.0	85876	255.10080285459412	0.004705182	0.2
27977.7670173819	1500.0	33.96610139363257	0.0	835711	1784.0112144768702	0.004705182	1.5
27985.628194926016	8000.0	30.10492384951644	0.0	3905272	7861.177544116128	0.23329094	8.0
27987.315597110723	1500.0	32.417521664809385	0.0	809327	1687.4021847070508	0.004705182	1.5
27988.749708332172	1500.0	34.98341044335953	0.0	681795	1434.1112214498512	0.004705182	1.5
28003.105425482387	8000.0	24.627693293147242	0.0	4925863	14355.717150212291	0.6860565	8.0
28007.52627953598	1500.0	24.206839239548017	0.0	644861	4420.854053599226	0.004705182	1.5
28011.097628316016	1500.0	24.63549045951762	0.0	794014	3571.3487800304	0.004705182	1.5
28011.530225062117	200.0	28.202893713415076	0.0	103756	432.5967461025445	0.42294902	0.2
28013.906504744373	1500.0	29.826614031158588	0.0	675709	2376.2796822564887	0.004705182	1.5
28016.390912373616	1500.0	31.342206401915988	0.0	707527	2484.4076292425984	0.07047507	1.5
28019.045052809455	1500.0	32.688065966080636	0.0	757473	2654.140435835351	0.004705182	1.5
28020.86378315656	1500.0	34.86933561897433	0.0	712239	1818.7303471063026	0.004705182	1.5
28029.124469032908	8000.0	30.60864974263032	0.0	3713878	8260.685876344014	0.004705182	8.0
28036.946703066762	8000.0	26.786415708772918	0.0	4271839	7822.234033857402	0.34468403	8.0
28048.351215859144	8000.0	19.38190291638972	0.0	3707853	11404.512792383195	0.013898903	8.0
28051.697806618584	1500.0	20.035312156952926	0.0	785519	3346.5907594367986	0.18711805	1.5
28054.712862374658	1500.0	21.020256400879013	0.0	681043	3015.0557560739107	0.008091882	1.5
28062.281947687166	4000.0	17.4511710883676	0.0	1955307	7569.085312511412	0.62816304	4.0
28064.44911267745	1500.0	19.284006098086234	0.0	691256	2167.1649902813683	0.005736164	1.5
28066.720715025014	1500.0	21.012403750517777	0.0	725845	2271.602347568455	0.67458355	1.5
28077.791896186856	8000.0	13.941222588679866	0.0	3189942	11071.18116183791	0.6315499	8.0
28080.299954056212	1500.0	15.43316471932432	0.0	657685	2508.057869355546	0.020180015	1.5
28085.578342546534	4000.0	14.154776228999953	0.0	1697030	5278.388490324367	0.37083727	4.0
28091.119258755483	4000.0	12.613860020049662	0.0	1910697	5540.9162089502925	0.56088245	4.0
28092.347802748183	1500.0	15.385316027348516	0.0	629438	1228.543992701146	0.67818856	1.5
28099.642911375657	8000.0	12.090207399875172	0.0	3954105	7295.1086274733425	0.35598445	8.0
28104.1367466978	4000.0	11.596372077730893	0.0	1750852	4493.83532214428	0.026247386	4.0
28110.07444818228	4000.0	9.65867059325046	0.0	2034636	5937.701484480433	0.0156678	4.0

