3487.7450793065327	600.0	4.0	0.8938089455159212	247108	893.8089455159212	-17.27617891031842
3490.237132905528	1500.0	5.5079464010044665	0.0	732405	2492.0535989955333	1.5
3492.4375355154943	1500.0	7.307543791038017	0.0	643847	2200.4026099664493	1.5
3494.883633944986	1500.0	8.861445361546219	0.0	718451	2446.0984294917976	1.5
3497.334304066916	1500.0	10.410775239616076	0.0	724296	2450.6701219301435	1.5
3499.344874460997	1500.0	12.40020484553516	0.0	689829	2010.570394080915	1.5
3501.4899857936657	1500.0	14.2550935128665	0.0	737903	2145.1113326686605	1.5
3503.753758685516	1500.0	15.991320621015737	0.0	780303	2263.7728918507632	1.5
3506.328626363185	1500.0	17.416452943346986	0.0	891463	2574.8676776687485	1.5
3508.483395020761	1500.0	19.26168428577117	0.0	763093	2154.7686575758157	1.5
3510.5697284138596	1500.0	21.175350892672444	0.0	769316	2086.3333930987274	1.5
3512.5911239901334	1500.0	23.153955316398218	0.0	744416	2021.3955762742255	1.5
3514.2517782581976	1500.0	25.49330104833413	0.0	606092	1660.6542680640903	1.5
3516.2825493947726	1500.0	27.462529911759336	0.0	748011	2030.7711365747912	1.5
3518.460419937955	1500.0	29.284659368576293	0.0	754517	2177.870543183043	1.5
3522.115133834413	1500.0	29.62994547211853	0.0	934743	3654.7138964577657	1.5
3525.008163137917	1500.0	30.73691616861454	0.0	735572	2893.0293035039917	1.5
3528.0428588690706	1500.0	31.70222043746104	0.0	772616	3034.695731153497	1.5
3530.3933882172328	1500.0	33.351691089299024	0.0	747396	2350.529348162017	1.5
3532.4359764612414	1500.0	35.30910284528999	0.0	662349	2042.5882440090375	1.5
3534.9922489157766	1500.0	36.75283039075464	0.0	835711	2556.272454535353	1.5
3537.4616529677787	1500.0	38.28342633875271	0.0	806394	2469.404052001926	1.5
3539.8187481594196	1500.0	39.926331147111426	0.0	809327	2357.0951916412805	1.5
3541.72316238851	1500.0	42.02191691802107	0.0	681795	1904.414229090362	1.5
3544.091614882949	1500.0	43.653464423581916	0.0	855209	2368.4524944391487	1.5
3545.89719747623	1500.0	45.84788183030176	0.0	644861	1805.58259328015	1.5
3548.1018983609483	1500.0	47.64318094558281	0.0	794014	2204.7008847189472	1.5
3550.5801715613848	1500.0	49.16490774514657	0.0	914284	2478.2732004362415	1.5
3552.411535381831	1500.0	51.33354392469979	0.0	675709	1831.3638204467773	1.5
3554.3253679780955	1500.0	53.419711328435355	0.0	707527	1913.8325962644378	1.5
3556.3686551433775	1500.0	55.37642416315373	0.0	757473	2043.2871652816252	1.5
3558.2947007282532	1500.0	57.450378578277416	0.0	712239	1926.0455848763181	1.5
3560.0912304438066	1500.0	59.653848862724665	0.0	633700	1796.5297155527494	1.5
3563.904057173552	1500.0	59.84102213297895	0.0	755142	2312.8267297457123	1.5
3567.966100343274	1500.0	59.7789789632569	0.0	670327	2062.043169722058	1.5
3571.790929002069	1500.0	59.95415030446199	0.0	785519	2324.8286587949065	1.5
3576.138838665253	1500.0	59.606240641278134	0.0	681043	1847.9096631838536	1.5
3578.543752676545	1500.0	59.777567787750975	0.0	866245	2328.6728535271595	1.5
3582.3825693390545	1500.0	59.93875112524162	0.0	691256	2838.816662509354	1.5
3586.359431399419	1500.0	59.96188906487744	0.0	725845	2976.8620603641807	1.5
3590.471599035058	1500.0	59.84972142923857	0.0	811013	3112.16763563887	1.5
3594.6220289415996	1500.0	59.69929152269651	0.0	657685	2150.4299065420564	1.5
3598.6167744408617	1500.0	59.70454602343434	0.0	767059	2494.7454992621742	1.5
3602.599301915755	1500.0	59.72201854854111	0.0	848035	3482.527474893237	1.5
3606.7611482510283	1500.0	59.56017221326795	0.0	629438	2661.8463352731565	1.5
3610.6674712421213	1500.0	59.6538492221746	0.0	763847	2906.322991093355	1.5
3614.7864656444267	1500.0	59.534854819869274	0.0	769491	2118.994402305323	1.5
3618.5091863227744	1500.0	59.81213414152142	0.0	808636	2222.720678347852	1.5

