6879.827516819123	600.0	4.0	0.8643609022556392	247108	864.3609022556392	0.026175613	-16.687218045112783
6880.220543184509	200.0	7.60697363461424	0.0	98617	393.0263653857599	0.004705182	0.2
6880.638515291557	200.0	11.189001527565615	0.0	106476	417.9721070486242	0.004705182	0.2
6881.084274015544	200.0	14.743242803578868	0.0	115230	445.75872398674784	0.004705182	0.2
6881.474256359266	200.0	18.353260459856763	0.0	97658	389.98234372210214	0.004705182	0.2
6881.864238702989	200.0	21.96327811613466	0.0	97658	389.98234372210214	0.004705182	0.2
6882.311781306198	200.0	25.51573551292479	0.0	115792	447.54260320987163	0.004705182	0.2
6882.733556059704	200.0	29.09396075941833	0.0	107674	421.77475350645744	0.004705182	0.2
6883.11606959949	200.0	32.711447219632184	0.0	95305	382.5135397861408	0.004705182	0.2
6883.530705661942	200.0	36.29681115718055	0.0	105425	414.6360624516437	0.0069593056	0.2
6883.913409651467	200.0	39.91410716765528	0.0	95365	382.7039895252644	0.004705182	0.2
6884.2960406352595	200.0	43.53147618386335	0.0	95342	382.63098379193366	0.004705182	0.2
6884.701135165782	200.0	47.126381653341795	0.0	102419	405.0945305215546	0.0058616414	0.2
6885.037820150011	200.0	50.78969666911341	0.0	80867	336.684984228381	0.004705182	0.2
6885.380482081884	200.0	54.447034737238866	0.0	82750	342.6619318745412	0.006676113	0.2
6897.1159664257275	12000.0	46.711550393396415	0.0	5443841	11735.484343842449	0.52139455	12.0
6897.352850426774	200.0	50.47466639234902	0.0	89871	236.8840010473946	0.004705182	0.2
6912.080333867381	12000.0	39.74718295174236	0.0	4055239	14727.483440606657	0.004705182	12.0
6912.376126901262	200.0	43.45138991786116	0.0	90919	295.7930338812081	0.004705182	0.2
6912.6599505528375	200.0	47.16756626628577	0.0	85876	283.8236515753872	0.013398013	0.2
6913.012082517473	200.0	50.81543430165039	0.0	114656	352.1319646353765	0.2262627	0.2
6923.424900515463	8000.0	44.40261630366011	0.0	3905272	10412.81799799028	0.2589013	8.0
6923.899037881193	200.0	47.928478937930585	0.0	100675	474.1373657295261	0.17476611	0.2
6924.3147524815	200.0	51.512764337622286	0.0	85752	415.7146003083021	0.004705182	0.2
6924.764934281888	200.0	55.062582537235684	0.0	94556	450.18180038660114	0.004705182	0.2
6937.091367801418	8000.0	46.736149017705536	0.0	3253093	12326.433519530143	0.004705182	8.0
6949.242145912103	12000.0	38.585370907019794	0.0	5138482	12150.778110685742	0.004705182	12.0
6958.320435269094	8000.0	33.5070815500289	0.0	3354913	9078.289356990892	0.004705182	8.0
6958.677190513849	200.0	37.15032630527366	0.0	93993	356.75524475524475	0.3729527	0.2
6972.160930691939	12000.0	27.666586127183937	0.0	5411094	13483.740178089718	0.5343998	12.0
6972.736501993392	200.0	31.091014825730557	0.0	93982	575.5713014533831	0.078310184	0.2
6985.166970281298	8000.0	22.66054653782469	0.0	3568902	12430.468287905867	0.011040127	8.0
6986.451036403281	1500.0	25.37648041584103	0.0	633700	1284.0661219836597	0.1291262	1.5
6987.965849247667	1500.0	27.861667571455698	0.0	755142	1514.8128443853316	0.7506854	1.5
6988.251482916678	200.0	31.57603390244563	0.0	108225	285.6336690100703	0.15780321	0.2
6991.724644611528	4000.0	32.102872207594785	0.0	1785821	3473.161694850846	0.66571987	4.0
6994.373700057086	1500.0	33.45381676203677	0.0	681043	2649.0554455580104	0.7520393	1.5
7005.480452265849	8000.0	26.347064553275064	0.0	3739359	11106.752208761713	0.6665218	8.0
7019.165154066729	12000.0	16.662362752394383	0.0	5257310	13684.70180088068	0.04292609	12.0
7019.642322380669	200.0	20.18519443845505	0.0	101968	477.16831393933495	0.60753274	0.2
7028.515161590102	8000.0	15.312355229021577	0.0	3189942	8872.83920943347	0.8059185	8.0
7033.563262733725	4000.0	14.264254085397974	0.0	1830641	5048.101143623605	0.06363188	4.0
7040.234950440076	4000.0	11.592566379047225	0.0	1697030	6671.687706350748	0.0087511	4.0
7045.739133768873	4000.0	10.088383050249973	0.0	1910697	5504.183328797252	0.23952499	4.0
7047.334436949639	1500.0	12.493079869485026	0.0	629438	1595.3031807649484	0.010114843	1.5
7052.332297983011	4000.0	11.495218836112572	0.0	2042818	4997.861033372454	0.04028344	4.0
7059.828585567999	4000.0	7.998931251124656	0.0	1750852	7496.287584987916	0.0047478536	4.0
7063.130243083604	1500.0	8.697273735519895	0.0	808636	3301.6575156047606	0.079077125	1.5

