27438.76705157905	600.0	4.0	1.1454938421322125	247108	1145.4938421322124	-22.30987684264425
27439.272273774317	200.0	7.494777804726871	0.0	98617	505.2221952731291	0.2
27439.8113828373	200.0	10.955668741746841	0.0	106476	539.1090629800308	0.2
27441.09737415969	600.0	13.669677419354839	0.0	279692	1285.9913223920016	0.6
27441.59846128611	200.0	17.168590292936642	0.0	97658	501.087126418196	0.2
27442.099548412527	200.0	20.667503166518447	0.0	97658	501.087126418196	0.2
27442.67882671581	200.0	24.088224863233354	0.0	115792	579.2783032850945	0.2
27443.22310138097	200.0	27.543950198075837	0.0	107674	544.2746651575175	0.2
27443.714042712792	200.0	31.05300886625165	0.0	95305	490.9413318241842	0.2
27463.45081160553	12000.0	15.316239973515712	0.0	5088378	19736.768892735938	12.0
27463.88165200929	200.0	18.885399569754014	0.0	95365	430.8404037616978	0.2
27464.312407797843	200.0	22.454643781200062	0.0	95342	430.75578855395366	0.2
27464.76919931793	200.0	25.997852261115447	0.0	102419	456.7915200846152	0.2
27471.272097602265	4000.0	23.49495397678098	0.0	1805063	6502.898284334468	4.0
27473.907941274196	1500.0	24.859110304849747	0.0	754517	2635.843671931236	1.5
27475.086726047877	600.0	27.680325531169768	0.0	324375	1178.7847736799763	0.6
27476.3207659344	600.0	30.44628564464735	0.0	340687	1234.0398865224201	0.6
27488.430272480564	12000.0	22.33677909848507	0.0	4055239	12109.50654616228	12.0
27489.45600814866	600.0	25.311043430388562	0.0	330105	1025.735668096504	0.6
27490.42637406345	600.0	28.340677515601598	0.0	310849	970.3659147869674	0.6
27491.310229416114	600.0	31.456822162934216	0.0	280646	883.8553526673828	0.6
27491.67019218017	200.0	35.09685939888122	0.0	97742	359.96276405298966	0.2
27507.14458272957	12000.0	23.62246884948298	0.0	5141915	15474.390549398237	12.0
27512.61531004221	4000.0	22.151741536840674	0.0	1822097	5470.727312642311	4.0
27513.67967378175	600.0	25.08737779730315	0.0	346939	1064.363739537523	0.6
27514.38786785183	600.0	28.379183727222287	0.0	221407	708.1940700808626	0.6
27529.872313731656	12000.0	16.894737847397266	0.0	5138482	15484.44587982502	12.0
27540.171756559375	8000.0	10.59529501967654	0.0	3354913	10299.442827720728	8.0
27540.520889507352	200.0	14.24616207169966	0.0	93993	349.13294797687865	0.2
27541.46776829903	600.0	17.29928328002479	0.0	302752	946.8787916748689	0.6
27541.816869750375	200.0	20.950181828674555	0.0	93982	349.1014513502389	0.2
27542.236237312427	200.0	24.530814266620833	0.0	118522	419.36756205372325	0.2
27553.179481994055	8000.0	17.587569584994895	0.0	3713878	10943.244681625936	8.0
27554.329471506582	600.0	20.437580072468194	0.0	344336	1149.9895125267042	0.6
27555.293374400346	600.0	23.473677178702417	0.0	284451	963.9028937657798	0.6
27560.945917468023	4000.0	21.821134111028748	0.0	1785821	5652.543067673669	4.0
27563.259211450644	1500.0	23.507840128408642	0.0	681043	2313.293982620102	1.5
27563.602871066974	200.0	27.164180512078097	0.0	80403	343.659616330546	0.2
27563.96723899614	200.0	30.799812582909382	0.0	86718	364.36792916871616	0.2
27564.978890086484	600.0	33.7881614925667	0.0	284107	1011.6510903426791	0.6
27583.465296157287	12000.0	19.30175542176577	0.0	4828747	18486.40607080093	12.0
27584.6538741211	600.0	22.11317745795141	0.0	302912	1188.57796381436	0.6
27590.94455597567	4000.0	19.822495603380172	0.0	1697030	6290.6818545712395	4.0
27591.384360397675	200.0	23.382691181378323	0.0	96988	439.8044220018504	0.2
27591.782582827364	200.0	26.98446875168991	0.0	85214	398.22242968841175	0.2
27592.938968870072	600.0	29.82808270897781	0.0	288236	1156.3860427121017	0.6
27595.89254945124	1500.0	30.874502127813145	0.0	769491	2953.5805811646637	1.5
27618.69022377068	12000.0	12.076827808372043	0.0	5646381	22797.674319441103	12.0

