403.5123500465842	600.0	4.0	0.9194148744188021	247108	919.4148744188021	-17.788297488376042
406.08029722392644	1500.0	5.432052822657694	0.0	732405	2567.947177342307	1.5
408.3474168179903	1500.0	7.164933228593872	0.0	643847	2267.119594063821	1.5
410.8679628785835	1500.0	8.64438716800068	0.0	718451	2520.5460605931935	1.5
413.49579084650753	1500.0	10.016559200076697	0.0	724296	2627.8279679239827	1.5
416.4122587741391	1500.0	11.10009127244512	0.0	689829	2916.4679276315787	1.5
419.5263993991391	1500.0	11.985950647445119	0.0	737903	3114.140625	1.5
422.81488212940224	1500.0	12.69746791718196	0.0	780303	3288.482730263158	1.5
426.16739191488057	1500.0	13.344958131703647	0.0	891463	3352.5097854783153	1.5
429.0053517070649	1500.0	14.506998339519322	0.0	763093	2837.9597921843238	1.5
431.86580257672836	1500.0	15.646547469855893	0.0	769316	2860.450869663429	1.5
434.50652314663506	1500.0	17.005826899949195	0.0	744416	2640.7205699066985	1.5
436.5147183229021	1500.0	18.99763172368212	0.0	606092	2008.195176267075	1.5
438.97440853824025	1500.0	20.537941508344	0.0	748011	2459.6902153381184	1.5
441.4547966638243	1500.0	22.05755338275992	0.0	754517	2480.388125584078	1.5
444.5092692751991	1500.0	23.003080771385118	0.0	934743	3054.4726113748025	1.5
446.93204178893427	1500.0	24.580308257649946	0.0	735572	2422.77251373517	1.5
449.4727982185863	1500.0	26.039551827997904	0.0	772616	2540.7564296520427	1.5
451.9332297816089	1500.0	27.57912026497537	0.0	747396	2460.431563022534	1.5
454.12278945992716	1500.0	29.389560586657034	0.0	662349	2189.5596783183373	1.5
457.1825322221151	1500.0	30.32981782446908	0.0	835711	3059.7427621879515	1.5
460.14605082754593	1500.0	31.366299219038307	0.0	806394	2963.518605430775	1.5
463.120057308717	1500.0	32.39229273786723	0.0	809327	2974.0064811710804	1.5
465.6811909969125	1500.0	33.83115904967175	0.0	681795	2561.133688195483	1.5
468.936570185625	1500.0	34.57577986095923	0.0	855209	3255.3791887125226	1.5
471.4109301596341	1500.0	36.101419886950126	0.0	644861	2474.3599740090967	1.5
474.43909315972695	1500.0	37.0732568868573	0.0	794014	3028.163000092825	1.5
477.24739267043776	1500.0	38.264957376146505	0.0	914284	2808.2995107107904	1.5
479.2935920666477	1500.0	40.21875797993656	0.0	675709	2046.1993962099446	1.5
481.43237648449957	1500.0	42.07997356208475	0.0	707527	2138.7844178518167	1.5
483.71649535112016	1500.0	43.79585469546416	0.0	757473	2284.1188666205944	1.5
485.9855045828356	1500.0	45.52684546374869	0.0	712239	2269.0092317154613	1.5
488.2095066128201	1500.0	47.30284343376413	0.0	633700	2224.0020299845637	1.5
490.8443842851045	1500.0	48.66796576147976	0.0	755142	2634.8776722843672	1.5
493.1923067227777	1500.0	50.32004332380663	0.0	670327	2347.922437673131	1.5
495.9482935639661	1500.0	51.56405648261815	0.0	785519	2755.986841188479	1.5
498.42490825154175	1500.0	53.08744179504255	0.0	681043	2476.6146875756044	1.5
501.5532554044218	1500.0	53.95909464216244	0.0	866245	3128.347152880111	1.5
504.06581000446147	1500.0	55.44654004212285	0.0	691256	2512.5546000395893	1.5
506.72102769933633	1500.0	56.79132234724794	0.0	725845	2655.2176948749047	1.5
509.72090078950083	1500.0	57.79144925708346	0.0	811013	2999.8730901644876	1.5
512.1687502978377	1500.0	59.343599748746556	0.0	657685	2447.849508336896	1.5
516.0103767238858	1500.0	59.50197332269854	0.0	767059	2841.6264260480193	1.5
519.6089151573398	1500.0	59.9034348892446	0.0	848035	2598.5384334539444	1.5
523.555299145479	1500.0	59.957050901105234	0.0	629438	1946.3839881393624	1.5
527.5275193085629	1500.0	59.612122806220135	0.0	763847	2344.9280948851	1.5
531.3509249861777	1500.0	59.78871712860527	0.0	769491	2823.4056776148673	1.5
535.3138912502715	1500.0	59.8257508645115	0.0	808636	2962.9662640937654	1.5

