12306.314808403542	600.0	4.0	0.8045506523970092	247108	804.5506523970092	0.22049664	-15.491013047940184
12306.683965418642	200.0	7.630842984899575	0.0	98617	369.1570151004252	0.004705182	0.2
12307.076165975746	200.0	11.23864242779651	0.0	106476	392.20055710306406	0.004705182	0.2
12307.494034323496	200.0	14.820774080046915	0.0	115230	417.86834774959686	0.004705182	0.2
12307.860379434183	200.0	18.45442896935933	0.0	97658	366.34511068758246	0.004705182	0.2
12308.226724544871	200.0	22.088083858671748	0.0	97658	366.34511068758246	0.004705182	0.2
12308.646240744842	200.0	25.66856765870107	0.0	115792	419.51619997067877	0.004705182	0.2
12309.041953983371	200.0	29.272854420172994	0.0	107674	395.71323852807507	0.004705182	0.2
12311.735831713908	1500.0	30.578976689634946	0.0	891463	2693.877730538045	0.017142095	1.5
12326.855665440366	12000.0	19.45914296317759	0.0	5088378	15119.833726457358	0.004705182	12.0
12327.227374007096	200.0	23.087434396446557	0.0	95365	371.7085667310303	0.004705182	0.2
12327.599012219956	200.0	26.71579618358786	0.0	95342	371.6382128586996	0.9965049	0.2
12327.992298013445	200.0	30.322510390099414	0.0	102419	393.2857934884433	0.004705182	0.2
12330.360361943704	1500.0	31.954446459841513	0.0	748011	2368.0639302579007	0.004705182	1.5
12332.748326843239	1500.0	33.56648156030608	0.0	754517	2387.9648995354346	0.004705182	1.5
12335.68757856863	1500.0	34.62722983491559	0.0	934743	2939.2517253904834	0.004705182	1.5
12337.688127957477	1500.0	36.62668044606813	0.0	735572	2000.549388847464	0.004705182	1.5
12346.610536308754	12000.0	31.70427209479118	0.0	4055239	8922.40835127695	0.004705182	12.0
12348.293406037687	1500.0	34.02140236585916	0.0	747396	1682.8697289320235	0.004705182	1.5
12349.787624037046	1500.0	36.527184366499704	0.0	662349	1494.2179993594534	0.52986616	1.5
12357.79864446302	8000.0	32.516163940524706	0.0	3690869	8011.020425975001	0.004705182	8.0
12359.756080547011	1500.0	34.558727856535356	0.0	806394	1957.4360839893486	0.209973	1.5
12369.391547732179	8000.0	28.92326067136731	0.0	3805854	9635.467185168045	0.005298332	8.0
12371.877847639533	1500.0	30.436960764013005	0.0	681795	2486.2999073543037	0.004705182	1.5
12374.976187958058	1500.0	31.338620445488278	0.0	855209	3098.3403185247275	0.004705182	1.5
12377.332134488257	1500.0	32.98267391529019	0.0	644861	2355.9465301980854	0.6959897	1.5
12389.580418454745	8000.0	24.734389948800736	0.0	4274504	12248.283966489455	0.22731468	8.0
12391.905747613162	1500.0	26.40906079038414	0.0	914284	2325.3291584166013	0.004705182	1.5
12393.645176324924	1500.0	28.669632078622232	0.0	675709	1739.4287117619072	0.011034766	1.5
12395.462744742908	1500.0	30.85206366063939	0.0	707527	1817.56841798284	0.6438608	1.5
12406.722955637599	8000.0	23.591852765948598	0.0	4025712	11260.210894690796	0.004705182	8.0
12408.725699552913	1500.0	25.5891088506331	0.0	712239	2002.7439153154994	0.004705182	1.5
12410.329085522833	1500.0	27.98572288071258	0.0	633700	1603.3859699205195	0.16402583	1.5
12412.22441253577	1500.0	30.0903958677763	0.0	755142	1895.3270129362804	0.5240442	1.5
12421.253207613527	8000.0	25.061600790020748	0.0	3707853	9028.795077755552	0.004705182	8.0
12425.678336949433	4000.0	24.636471454112353	0.0	1785821	4425.129335908393	0.27496305	4.0
12436.540142760703	8000.0	17.774665642843413	0.0	4018228	10861.80581126894	0.018553069	8.0
12439.049204393368	1500.0	19.265604010179178	0.0	866245	2509.061632664238	0.02940271	1.5
12445.353637500973	4000.0	16.96117090257401	0.0	2142800	6304.433107605163	0.24768843	4.0
12450.95088822908	4000.0	15.363920174468072	0.0	2094647	5597.25072810594	0.27019203	4.0
12455.63299233327	4000.0	14.681816070276959	0.0	1985434	4682.104104191114	0.2017733	4.0
12460.38139484321	4000.0	13.933413560337089	0.0	1830641	4748.4025099398705	0.042725626	4.0
12465.934692027191	4000.0	12.380116376358375	0.0	1697030	5553.297183978713	0.03801168	4.0
12468.74979251299	1500.0	13.565015890559428	0.0	848035	2815.100485798948	0.6940591	1.5
12474.931869691452	4000.0	11.382938712098488	0.0	2171279	6182.077178460939	0.023512049	4.0
12482.059315629493	4000.0	8.255492774056282	0.0	2042818	7127.445938042207	0.08590415	4.0
12486.17665158621	1500.0	8.138156817342066	0.0	769491	4117.335956714216	0.034502797	1.5
12489.9074566699	1500.0	8.407351733649973	0.0	808636	3730.8050836920916	0.005211118	1.5

