28130.25716128716	600.0	4.0	0.5675607951462537	247108	567.5607951462537	-10.751215902925074
28130.9482637387	600.0	7.308897548463474	0.0	309722	691.1024515365265	0.6
28132.29861741107	1500.0	9.958543876091353	0.0	643847	1350.3536723721204	1.5
28133.79616982068	1500.0	12.460991466482513	0.0	718451	1497.5524096088395	1.5
28135.305254810562	1500.0	14.951906476594486	0.0	724296	1509.0849898880285	1.5
28136.746334078558	1500.0	17.510827208602574	0.0	689829	1441.0792679919105	1.5
28140.734041220727	4000.0	17.52312006643123	0.0	2046450	3987.707142171348	4.0
28144.0160539363	4000.0	18.241107350859515	0.0	2058614	3282.0127155717146	4.0
28146.984672527477	4000.0	19.272488759682645	0.0	1857129	2968.6185911768707	4.0
28150.846593494447	4000.0	19.410567792709486	0.0	2373154	3861.920966973155	4.0
28155.294044531052	4000.0	18.963116756105848	0.0	2094766	4447.451036603641	4.0
28159.047155905675	4000.0	19.210005381482112	0.0	1761739	3753.111374623735	4.0
28163.048371960995	4000.0	19.20878932616262	0.0	2131310	4001.216055319491	4.0
28166.199806700602	4000.0	20.05735458655547	0.0	1805063	3151.4347396071507	4.0
28169.950793502827	4000.0	20.30636778433067	0.0	2157416	3750.986802224799	4.0
28174.52062141782	4000.0	19.736539869337758	0.0	2231719	4569.827914992914	4.0
28178.481118141557	4000.0	19.776043145600703	0.0	1835863	3960.496723737054	4.0
28182.621679138872	4000.0	19.6354821482844	0.0	2192675	4140.560997316303	4.0
28185.880456315637	4000.0	20.376704971519757	0.0	2082556	3258.7771767646414	4.0
28189.264177063946	4000.0	20.992984223210705	0.0	2164412	3383.7207483090547	4.0
28193.254824464515	4000.0	21.002336822643205	0.0	2379358	3990.647400567502	4.0
28196.829573845946	4000.0	21.427587441212598	0.0	1950922	3574.7493814306026	4.0
28200.222198483483	4000.0	22.034962803677473	0.0	1849252	3392.624637535127	4.0
28203.638693343266	4000.0	22.618467943891712	0.0	1822097	3416.4948597857624	4.0
28207.131025364586	4000.0	23.126135922574356	0.0	1836837	3492.3320213173574	4.0
28210.897820910697	4000.0	23.359340376462217	0.0	1984579	3766.795546112137	4.0
28214.405094293892	4000.0	23.852066993266337	0.0	2068230	3507.273383195879	4.0
28217.769988860924	4000.0	24.48717242623574	0.0	2055338	3364.894567030596	4.0
28221.310844910706	4000.0	24.946316376451	0.0	2165436	3540.8560497847393	4.0
28224.672837184567	4000.0	25.58432410259182	0.0	2002600	3361.9922738591827	4.0
28228.53299704925	4000.0	25.72416423790954	0.0	2290706	3860.159864682282	4.0
28234.592442189693	8000.0	23.6647190974641	0.0	3568902	6059.445140445438	8.0
28239.038334952984	4000.0	23.21882633417213	0.0	2544033	4445.892763291968	4.0
28242.826613593326	4000.0	23.430547693831095	0.0	2125133	3788.278640341039	4.0
28246.585177226487	4000.0	23.671984060667917	0.0	1828568	3758.563633163176	4.0
28250.25774593924	4000.0	23.99941534791614	0.0	1785821	3672.5687127517795	4.0
28254.523957437006	4000.0	23.73320385015219	0.0	2096494	4266.211497763949	4.0
28258.472788066207	4000.0	23.7843732209476	0.0	1955307	3948.8306292045904	4.0
28262.792598117652	4000.0	23.464563169503197	0.0	2142800	4319.810051444401	4.0
28266.85054085871	4000.0	23.406620428445965	0.0	2094647	4057.9427410572366	4.0
28270.700426813735	4000.0	23.55673447342312	0.0	1985434	3849.885955022845	4.0
28274.411814527997	4000.0	23.84534675916549	0.0	1830641	3711.387714257628	4.0
28278.129070559393	4000.0	24.128090727766043	0.0	1697030	3717.2560313994454	4.0
28282.30428053649	4000.0	23.952880750672637	0.0	1910697	4175.209977093409	4.0
28286.163249785983	4000.0	24.093911501179637	0.0	2171279	3858.969249492999	4.0
28289.599869863003	4000.0	24.657291424157815	0.0	2042818	3436.620077021823	4.0
28292.556751198048	4000.0	25.700410089112882	0.0	1750852	2956.8813350449295	4.0
28295.976108228337	4000.0	26.281053058827084	0.0	2034636	3419.357030285797	4.0

