7447.4649498998015	600.0	4.0	0.9546992323178691	247108	954.6992323178691	-18.493984646357383
7450.137476613812	1500.0	5.327473285989249	0.0	732405	2672.526714010752	1.5
7452.4965306170425	1500.0	6.968419282759231	0.0	643847	2359.054003230017	1.5
7455.119663733566	1500.0	8.34528616623526	0.0	718451	2623.133116523971	1.5
7457.9696705114575	1500.0	9.495279388344679	0.0	724296	2850.0067778905814	1.5
7461.081552722204	1500.0	10.383397177598608	0.0	689829	3111.8822107460715	1.5
7464.404725999866	1500.0	11.060223899936814	0.0	737903	3323.173277661796	1.5
7467.6267569723095	1500.0	11.838192927493308	0.0	780303	3222.0309724435047	1.5
7470.150460371432	1500.0	13.314489528370501	0.0	891463	2523.703399122807	1.5
7472.322272323187	1500.0	15.142677576616116	0.0	763093	2171.811951754386	1.5
7474.511142937222	1500.0	16.953806962581027	0.0	769316	2188.870614035088	1.5
7476.63175697231	1500.0	18.833192927493307	0.0	744416	2120.6140350877195	1.5
7478.683410685414	1500.0	20.781539214388687	0.0	606092	2051.6537131046193	1.5
7481.586826194154	1500.0	21.87812370564821	0.0	748011	2903.4155087404747	1.5
7484.514799017293	1500.0	22.95015088251013	0.0	754517	2927.9728231380786	1.5
7488.146692034946	1500.0	23.31825786485696	0.0	934743	3631.8930176531667	1.5
7491.200427285217	1500.0	24.26452261458534	0.0	735572	3053.735250271622	1.5
7494.403922244411	1500.0	25.061027655391868	0.0	772616	3203.494959193471	1.5
7497.505458995554	1500.0	25.959490904248526	0.0	747396	3101.53675114334	1.5
7500.094558073168	1500.0	27.370391826635515	0.0	662349	2589.0990776130143	1.5
7503.288525469535	1500.0	28.17642443026849	0.0	835711	3193.967396367024	1.5
7506.373253927849	1500.0	29.091695971954564	0.0	806394	3084.7284583139262	1.5
7509.375878509912	1500.0	30.089071389892325	0.0	809327	3002.6245820622385	1.5
7511.785059677842	1500.0	31.679890221962356	0.0	681795	2409.181167929967	1.5
7514.786666168714	1500.0	32.67828373109015	0.0	855209	3001.606490872211	1.5
7517.06967161336	1500.0	34.39527828644405	0.0	644861	2283.005444646098	1.5
7519.734047306078	1500.0	35.730902593726455	0.0	794014	2664.3756927175978	1.5
7522.6016047587245	1500.0	36.86334514107963	0.0	914284	2867.557452646823	1.5
7524.741771685818	1500.0	38.723178213986365	0.0	675709	2140.1669270932584	1.5
7526.978948407492	1500.0	40.48600149231252	0.0	707527	2237.1767216738444	1.5
7529.5174910298765	1500.0	41.94745886992777	0.0	757473	2538.5426223847435	1.5
7532.625154889171	1500.0	42.83979501063289	0.0	712239	3107.6638592948807	1.5
7535.398956531085	1500.0	44.06599336871892	0.0	633700	2773.801641913972	1.5
7538.688997180411	1500.0	44.77595271939242	0.0	755142	3290.0406493264964	1.5
7541.282914942496	1500.0	46.18203495730763	0.0	670327	2593.9177620847913	1.5
7544.21662367507	1500.0	47.24832622473418	0.0	785519	2933.7087325734533	1.5
7546.770781978507	1500.0	48.69416792129655	0.0	681043	2554.1583034376276	1.5
7550.287511730592	1500.0	49.17743816921231	0.0	866245	3516.72975208424	1.5
7554.504756334639	1500.0	48.96019356516487	0.0	691256	4217.244604047432	1.5
7558.929019978824	1500.0	48.53592992097978	0.0	725845	4424.26364418509	1.5
7562.2730893065445	1500.0	49.191860593259186	0.0	811013	3344.0693277205924	1.5
7564.752742686093	1500.0	50.712207213709796	0.0	657685	2479.6533795493933	1.5
7567.631462014745	1500.0	51.83348788505888	0.0	767059	2878.719328650917	1.5
7570.692323607884	1500.0	52.77262629192023	0.0	848035	3060.861593138644	1.5
7572.733304194756	1500.0	54.73164570504795	0.0	629438	2040.9805868722863	1.5
7575.1930288671465	1500.0	56.27192103265666	0.0	763847	2459.7246723913004	1.5
7577.670337121133	1500.0	57.79461277866986	0.0	769491	2477.3082539867983	1.5
7580.26959953911	1500.0	59.19535036069373	0.0	808636	2599.2624179761283	1.5

