24371.781674585436	600.0	4.0	0.7356110503100852	247108	735.6110503100853	0.015143126	-14.112221006201706
24372.12331886627	200.0	7.6583557191655895	0.0	98617	341.6442808344112	0.004705182	0.2
24372.48581414037	200.0	11.29586044506351	0.0	106476	362.49527410207935	0.004705182	0.2
24372.87153496417	200.0	14.910139621264884	0.0	115230	385.720823798627	0.004705182	0.2
24373.21063488789	200.0	18.57103969754253	0.0	97658	339.09992372234933	0.004705182	0.2
24373.549734811615	200.0	22.231939773820184	0.0	97658	339.09992372234933	0.004705182	0.2
24373.936946697664	200.0	25.84472788777236	0.0	115792	387.2118860478228	0.004705182	0.2
24374.302620428305	200.0	29.479054157131962	0.0	107674	365.67373064040066	0.004705182	0.2
24374.635477523785	200.0	33.146197061652245	0.0	95305	332.8570954797201	0.004705182	0.2
24374.995184352294	200.0	36.7864902331443	0.0	105425	359.7068285079428	0.01090866	0.2
24375.328200635915	200.0	40.453473949524096	0.0	95365	333.0162836202037	0.004705182	0.2
24375.66115589741	200.0	44.120518688024404	0.0	95342	332.955261499685	0.004705182	0.2
24376.012887400084	200.0	47.76878718535469	0.0	102419	351.7315026697177	0.008542599	0.2
24376.307438522694	200.0	51.474236062746655	0.0	80867	294.5511226080324	0.004705182	0.2
24376.606985499777	200.0	55.17468908566311	0.0	82750	299.5469770835406	0.010237596	0.2
24390.837923996518	12000.0	44.94375058892207	0.0	5443841	14230.938496741046	0.044210263	12.0
24391.14844742663	200.0	48.633227158811614	0.0	89871	310.5234301104574	0.004705182	0.2
24401.599793762336	12000.0	42.18188082310272	0.0	4055239	10451.346335708895	0.004705182	12.0
24401.912226574786	200.0	45.869448010652654	0.0	90919	312.4328124500687	0.004705182	0.2
24402.211767047094	200.0	49.56990753834255	0.0	85876	299.5404723101013	0.049538143	0.2
24416.19918551919	12000.0	39.582489066245444	0.0	5251330	13987.418472097106	0.3989671	12.0
24416.498559326847	200.0	43.28311525859198	0.0	97742	299.37380765346205	0.014616945	0.2
24428.59877259903	12000.0	35.18290198640796	0.0	5141915	12100.213272184015	0.13471483	12.0
24428.888875044555	200.0	38.89279954088479	0.0	85752	290.1024455231766	0.004705182	0.2
24429.200548321434	200.0	42.58112626400624	0.0	94556	311.6732768785508	0.004705182	0.2
24437.94013198299	8000.0	37.84154260245019	0.0	3253093	8739.583661556046	0.0049485937	8.0
24450.480383864404	12000.0	29.301290721037947	0.0	5138482	12540.25188141224	0.015317183	12.0
24458.054052231702	8000.0	25.72762235373643	0.0	3354913	7573.668367301521	0.004705182	8.0
24458.34654082231	200.0	29.435133763132402	0.0	93993	292.48859060402685	0.043653022	0.2
24458.646014930397	200.0	33.13565965504339	0.0	97083	299.4741080890145	0.57397825	0.2
24458.938478653465	200.0	36.84319593197734	0.0	93982	292.4637230660544	0.12478089	0.2
24467.061596023068	8000.0	32.72007856237382	0.0	3568902	8123.117369603515	0.08244263	8.0
24468.563883084003	1500.0	35.217791501437894	0.0	633700	1502.287060935922	0.22231035	1.5
24468.844583342114	200.0	38.93709124332994	0.0	89422	280.7002581079565	0.10935207	0.2
24469.16748537331	200.0	42.614189212132544	0.0	108225	322.90203119739647	0.057327993	0.2
24469.44452498727	200.0	46.33714959817227	0.0	87791	277.03961396027387	0.29138058	0.2
24471.053069482838	1500.0	48.72860510260499	0.0	681043	1608.5444955672765	0.7103404	1.5
24486.32741081535	8000.0	37.45426377009067	0.0	3739359	15274.341332514317	0.6472651	8.0
24498.57756985441	12000.0	29.204104731031915	0.0	5257310	12250.159039058755	0.007990535	12.0
24498.91628570097	200.0	32.865388884470654	0.0	101968	338.71584656126606	0.48918283	0.2
24514.49168853513	12000.0	21.28998605031008	0.0	4828747	15575.402834160575	0.020597357	12.0
24518.873006674232	4000.0	20.908667911212333	0.0	1830641	4381.318139097744	0.018514615	4.0
24533.476439242382	8000.0	10.30523534306053	0.0	3735285	14603.432568151804	0.4601488	8.0
24534.188102856173	200.0	13.593571729269673	0.0	96988	711.6636137908577	1.0617096	0.2
24535.89362054017	1500.0	15.888054045274808	0.0	629438	1705.517683994865	0.004705182	1.5
24540.433739258013	4000.0	15.347935327427559	0.0	2042818	4540.11871784725	0.006967651	4.0
24544.33640372317	4000.0	15.445270862271927	0.0	1750852	3902.6644651556303	0.004705182	4.0
24557.492016555152	12000.0	6.289658030287737	0.0	5646381	13155.61283198419	0.5523634	12.0

