24427.888071998936	600.0	4.0	0.8688208770599737	247108	868.8208770599737	0.010271993	-16.77641754119947
24428.282878271628	200.0	7.605193727305376	0.0	98617	394.80627269462514	0.004705182	0.2
24428.70277213061	200.0	11.185299868321298	0.0	106476	419.89385898407886	0.004705182	0.2
24429.150610604738	200.0	14.737461394198156	0.0	115230	447.8384741231396	0.004705182	0.2
24429.542355547077	200.0	18.345716451857466	0.0	97658	391.74494234068874	0.004705182	0.2
24429.93410048942	200.0	21.95397150951678	0.0	97658	391.74494234068874	0.004705182	0.2
24430.383732986127	200.0	25.50433901280875	0.0	115792	449.63249670803236	0.004705182	0.2
24430.807451113895	200.0	29.080620885040503	0.0	107674	423.7181277682455	0.004705182	0.2
24433.733189113176	1500.0	30.15488288575875	0.0	891463	2925.7379992817528	0.004705182	1.5
24452.122248402622	12000.0	15.765823596315865	0.0	5088378	18389.059289442885	0.06258867	12.0
24452.590019375202	200.0	19.298052623737146	0.0	95365	467.7709725787186	0.004705182	0.2
24453.05769682571	200.0	22.83037517323014	0.0	95342	467.6774505070014	0.009480464	0.2
24453.554150611064	200.0	26.333921387873463	0.0	102419	496.45378535668	0.004705182	0.2
24456.67569575834	1500.0	27.212376240601614	0.0	748011	3121.545147271849	0.004705182	1.5
24459.338794319494	1500.0	28.54927767944329	0.0	754517	2663.0985611583246	0.0058084265	1.5
24462.07092369955	1500.0	29.81714829938938	0.0	934743	2732.1293800539083	0.004705182	1.5
24464.237948809492	1500.0	31.65012318944471	0.0	735572	2167.025109944673	0.004705182	1.5
24478.53954138525	12000.0	21.34853061368865	0.0	4055239	14301.59257575606	0.004705182	12.0
24478.930017331804	200.0	24.958054667131258	0.0	90919	390.47594655739107	0.0047111413	0.2
24481.271848552195	1500.0	26.616223446744527	0.0	662349	2341.831220386733	0.0054897545	1.5
24481.74338310634	200.0	30.144688892597603	0.0	114656	471.5345541469245	0.004705182	0.2
24484.577108295223	1500.0	31.31096370371298	0.0	806394	2833.7251888846204	0.004705182	1.5
24487.42084927785	1500.0	32.467222721086095	0.0	809327	2843.740982626883	0.004705182	1.5
24489.73487571636	1500.0	34.15319628257884	0.0	681795	2314.026438507251	0.004705182	1.5
24492.4261012421	1500.0	35.461970756835555	0.0	855209	2691.2255257432926	0.004705182	1.5
24517.74032837066	12000.0	14.147743628278521	0.0	6864763	25314.22712855703	0.36777613	12.0
24518.168868570552	200.0	17.719203428386834	0.0	88490	428.5401998916843	0.004705182	0.2
24519.463409598025	600.0	20.42466240091168	0.0	302611	1294.5410274751546	0.94657695	0.6
24519.959779929428	200.0	23.928292069507155	0.0	93993	496.37033140452394	0.004705182	0.2
24523.173984087905	1500.0	24.714087911031005	0.0	707527	3214.204158476148	0.004705182	1.5
24526.60943911158	1500.0	25.278632887359255	0.0	757473	3435.455023671752	0.6789406	1.5
24529.82487677881	1500.0	26.063195220126595	0.0	712239	3215.43766723266	0.004705182	1.5
24532.504205104495	1500.0	27.38386689444146	0.0	633700	2679.3283256851337	0.004705182	1.5
24550.802153711684	8000.0	13.085918287252113	0.0	4271839	18297.948607189348	0.79292643	8.0
24551.460800328226	200.0	16.427271670710763	0.0	108225	658.6466165413534	0.021179158	0.2
24555.74073483115	1500.0	16.147337167786784	0.0	785519	4279.934502923977	0.055860944	1.5
24556.36656874928	200.0	19.521503249658124	0.0	102088	625.833918128655	0.004705182	0.2
24560.56245588826	1500.0	19.325616110675522	0.0	866245	4195.887138982606	0.004705182	1.5
24562.467825332566	1500.0	21.42024666636861	0.0	691256	1905.3694443069103	0.39715266	1.5
24564.464532434282	1500.0	23.423539564653833	0.0	725845	1996.7071017147764	0.6811822	1.5
24566.686138943496	1500.0	25.201933055436292	0.0	811013	2221.606509217541	0.011980594	1.5
24578.136244422007	8000.0	17.751827576927404	0.0	4074581	11450.105478508889	0.03580672	8.0
24580.414829925932	1500.0	19.473242073004222	0.0	767059	2278.5855039231847	0.3428899	1.5
24585.751390418518	4000.0	18.136681580418625	0.0	1910697	5336.560492585593	0.004705182	4.0
24592.2164416301	4000.0	15.671630368837	0.0	2171279	6465.0512115816255	0.005967728	4.0
24599.878053747656	4000.0	12.010018251279996	0.0	2042818	7661.612117557004	0.01619256	4.0
24607.15584518128	4000.0	8.732226817654013	0.0	1750852	7277.791433625983	0.5368299	4.0
24610.60691761484	1500.0	9.281154384094867	0.0	808636	3451.0724335591453	0.021176636	1.5

