10785.812216219823	600.0	4.0	0.9546992323178691	247108	954.6992323178691	-18.493984646357383
10788.484742933833	1500.0	5.327473285989249	0.0	732405	2672.526714010752	1.5
10790.843796937063	1500.0	6.968419282759231	0.0	643847	2359.054003230017	1.5
10793.466930053588	1500.0	8.34528616623526	0.0	718451	2623.133116523971	1.5
10796.111111781893	1500.0	9.701104437930724	0.0	724296	2644.1817283045366	1.5
10798.633957162798	1500.0	11.178259057026825	0.0	689829	2522.8453809039	1.5
10801.327043790216	1500.0	12.485172429608825	0.0	737903	2693.0866274179984	1.5
10804.170278706775	1500.0	13.641937513049132	0.0	780303	2843.2349165596925	1.5
10807.548918985933	1500.0	14.263297233891807	0.0	891463	3378.6402791573255	1.5
10810.540584738443	1500.0	15.27163148138185	0.0	763093	2991.6657525099563	1.5
10813.555995035822	1500.0	16.256221184002698	0.0	769316	3015.4102973791523	1.5
10816.382015189534	1500.0	17.430201030291062	0.0	744416	2826.020153711636	1.5
10818.443355496824	1500.0	19.3688607230011	0.0	606092	2061.340307289964	1.5
10820.968634999928	1500.0	20.84358121989551	0.0	748011	2525.27950310559	1.5
10823.515182891397	1500.0	22.297033328427712	0.0	754517	2546.5478914678	1.5
10826.712252914678	1500.0	23.09996330514662	0.0	934743	3197.0700232810927	1.5
10829.484252274224	1500.0	24.327963945600427	0.0	735572	2771.999359546193	1.5
10832.391822895692	1500.0	25.4203933241315	0.0	772616	2907.5706214689267	1.5
10835.207094974194	1500.0	26.605121245630162	0.0	747396	2815.272078501338	1.5
10837.695514728639	1500.0	28.11670149118392	0.0	662349	2488.419754446241	1.5
10840.795929456446	1500.0	29.01628676337728	0.0	835711	3100.414727806641	1.5
10843.790387102708	1500.0	30.021829117115704	0.0	806394	2994.4576462615773	1.5
10846.804590019688	1500.0	31.007626200136293	0.0	809327	3014.2029169794123	1.5
10849.57883290047	1500.0	32.233383319353855	0.0	681795	2774.242880782435	1.5
10853.038354251948	1500.0	32.77386196787568	0.0	855209	3459.521351478179	1.5
10855.666645392754	1500.0	34.14557082707201	0.0	644861	2628.291140803675	1.5
10858.788757555534	1500.0	35.02345866429051	0.0	794014	3122.1121627815005	1.5
10862.296733372192	1500.0	35.51548284763399	0.0	914284	3507.975816656512	1.5
10864.910206681465	1500.0	36.902009538359025	0.0	675709	2613.473309274968	1.5
10867.635240878386	1500.0	38.17697534143885	0.0	707527	2725.034196920179	1.5
10870.4982775276	1500.0	39.31393869222419	0.0	757473	2863.03664921466	1.5
10873.195119632865	1500.0	40.61709658696103	0.0	712239	2696.8421052631584	1.5
10875.60340106944	1500.0	42.2088151503853	0.0	633700	2408.2814365757326	1.5
10878.400092137164	1500.0	43.41212408266225	0.0	755142	2796.6910677230494	1.5
10880.781298393735	1500.0	45.030917826091354	0.0	670327	2381.2062565709016	1.5
10883.557954260878	1500.0	46.254261958946934	0.0	785519	2776.6558671444204	1.5
10885.97594812446	1500.0	47.83626809536421	0.0	681043	2417.993863582724	1.5
10889.129147282756	1500.0	48.68306893706757	0.0	866245	3153.199158296646	1.5
10891.79056775189	1500.0	50.02164846793465	0.0	691256	2661.420469132921	1.5
10894.581157085535	1500.0	51.23105913429012	0.0	725845	2790.5893336445324	1.5
10897.689797066862	1500.0	52.122419152962074	0.0	811013	3108.6399813280427	1.5
10900.225850281939	1500.0	53.586365937884466	0.0	657685	2536.0532150776053	1.5
10903.170348823192	1500.0	54.64186739663111	0.0	767059	2944.498541253355	1.5
10906.417243443335	1500.0	55.394972776488736	0.0	848035	3246.894620142374	1.5
10908.924420798758	1500.0	56.88779542106562	0.0	629438	2507.1773554231204	1.5
10912.416832358162	1500.0	57.395383861663134	0.0	763847	3492.4115594024847	1.5
10915.934457934038	1500.0	57.8777582857871	0.0	769491	3517.62557587603	1.5
10919.458594311573	1500.0	58.35362190825186	0.0	808636	3524.1363775352424	1.5

