16790.988558523586	600.0	4.0	0.6755665351128252	247108	675.5665351128251	-12.911330702256503
16791.306239962443	200.0	7.682318561142409	0.0	98617	317.6814388575905	0.2
16792.081439552716	600.0	10.907118970867351	0.0	288447	775.1995902750581	0.6
16793.893011872184	1500.0	13.095546651402405	0.0	718451	1811.5723194649477	1.5
16804.484156114286	8000.0	6.504402409301121	0.0	4143114	10591.144242101283	8.0
16804.837645691234	200.0	10.150912832349096	0.0	97658	353.4895769520242	0.2
16806.98413055987	1500.0	12.004427963709256	0.0	737903	2146.4848686398404	1.5
16812.48403419371	4000.0	10.50452432987109	0.0	2058614	5499.903633838167	4.0
16814.601227366602	1500.0	12.387331156979567	0.0	891463	2117.1931728915233	1.5
16820.104417254483	4000.0	10.884141269098397	0.0	2373154	5503.189887881169	4.0
16821.905728151454	1500.0	13.082830372124707	0.0	769316	1801.31089697369	1.5
16831.125045502897	8000.0	7.863513020681583	0.0	4205514	9219.317351443124	8.0
16832.009594776868	600.0	10.97896374670881	0.0	294430	884.5492739727714	0.6
16834.259432875388	1500.0	12.729125648190037	0.0	748011	2249.838098518774	1.5
16840.597687675323	4000.0	10.390870848255306	0.0	2157416	6338.254799934732	4.0
16843.1402891929	1500.0	11.8482693306774	0.0	934743	2542.6015175779044	1.5
16847.807796298945	4000.0	11.180762224633359	0.0	1835863	4667.507106044041	4.0
16853.470908004023	4000.0	9.517650519552761	0.0	2192675	5663.1117050806	4.0
16855.53886158982	1500.0	11.449696933756305	0.0	747396	2067.9535857964556	1.5
16861.375850651228	4000.0	9.612707872347254	0.0	2164412	5836.98906140905	4.0
16863.813243298864	1500.0	11.175315224708573	0.0	835711	2437.392647638683	1.5
16869.496523258655	4000.0	9.492035264918238	0.0	1950922	5683.279959790335	4.0
16871.901006636268	1500.0	11.087551887306407	0.0	809327	2404.483377611833	1.5
16875.94082486082	4000.0	11.047733662756762	0.0	1822097	4039.818224549644	4.0
16879.947735511396	4000.0	11.040823012177533	0.0	1836837	4006.910650579228	4.0
16884.65807589271	4000.0	10.330482630865221	0.0	1984579	4710.340381312313	4.0
16886.785988200278	1500.0	12.202570323296914	0.0	794014	2127.9123075683083	1.5
16892.167093705233	4000.0	10.821464818340035	0.0	2055338	5381.1055049568795	4.0
16893.766331246043	1500.0	13.222227277529111	0.0	675709	1599.2375408109233	1.5
16903.491164181953	8000.0	7.49739434162332	0.0	4435580	9724.832935905792	8.0
16904.156188824483	600.0	10.832369699092137	0.0	240372	665.0246425311834	0.6
16905.96965764103	1500.0	13.01890088254209	0.0	712239	1813.4688165500456	1.5
16914.862352521577	8000.0	8.126206001997087	0.0	3713878	8892.694880545003	8.0
16915.69162166342	600.0	11.296936860150222	0.0	344336	829.2691418468653	0.6
16919.750553799964	4000.0	11.238004723607313	0.0	1828568	4058.932136542908	4.0
16923.8787932214	4000.0	11.10976530217265	0.0	1785821	4128.239421434662	4.0
16929.935328873325	4000.0	9.053229650246626	0.0	2096494	6056.535651926024	4.0
16932.48475837124	1500.0	10.503800152331223	0.0	866245	2549.429497915404	1.5
16934.381809311486	1500.0	12.60674921208497	0.0	691256	1897.050940246252	1.5
16939.60141672162	4000.0	11.387141801951246	0.0	2094647	5219.607410133726	4.0
16944.423155227243	4000.0	10.565403296328027	0.0	1985434	4821.73850562322	4.0
16945.898569689325	1500.0	13.089988834246897	0.0	657685	1475.414462081129	1.5
16953.90287913117	8000.0	9.085679392406353	0.0	3735285	8004.309441840544	8.0
16955.771793802614	1500.0	11.216764720958194	0.0	848035	1868.9146714481597	1.5
16960.43206803529	4000.0	10.556490488282316	0.0	2171279	4660.274232675878	4.0
16962.123389625838	1500.0	12.865168897732795	0.0	763847	1691.3215905495201	1.5
16966.45459624444	4000.0	12.533962279134299	0.0	1750852	4331.206618598497	4.0
16972.139364593182	4000.0	10.849193930391982	0.0	2034636	5684.768348742316	4.0

