19779.49642455492	600.0	4.0	0.5907779758675039	247108	590.7779758675039	-11.215559517350078
19779.780268184615	200.0	7.716156370307211	0.0	98617	283.8436296927887	0.2
19780.080356549854	200.0	11.416068005064208	0.0	106476	300.08836524300443	0.2
19780.398539636437	200.0	15.097884918481771	0.0	115230	318.18308658243546	0.2
19780.680400990856	200.0	18.816023564064803	0.0	97658	281.86135441697024	0.2
19781.44443892073	600.0	22.051985634188565	0.0	330929	764.0379298762371	0.6
19782.202294384133	600.0	25.294130170787795	0.0	327938	757.8554634007701	0.6
19783.895198810143	1500.0	27.601225744774307	0.0	780303	1692.9044260134874	1.5
19791.716487843965	8000.0	23.77993671095583	0.0	3448932	7821.289033818476	8.0
19805.21903284769	12000.0	14.277391707228055	0.0	5088378	13502.545003727775	12.0
19806.060991164755	600.0	17.435433390165816	0.0	329266	841.9583170622353	0.6
19810.06941061554	4000.0	17.427013939385198	0.0	1761739	4008.4194507806196	4.0
19815.780429275062	8000.0	15.715995279858799	0.0	4206019	5711.0186595263995	8.0
19815.968694022784	200.0	19.527730532138943	0.0	80867	188.26474771985608	0.2
19816.402288533704	600.0	23.094136021219352	0.0	264113	433.59451091958834	0.6
19817.73372255596	1500.0	25.762701998961802	0.0	934743	1331.4340222575518	1.5
19818.26983434577	600.0	29.226590209153418	0.0	340687	536.1117898083842	0.6
19824.426470861985	12000.0	27.069953692937958	0.0	4055239	6156.6365162154625	12.0
19825.695787009496	1500.0	29.800637545426323	0.0	747396	1269.3161475116362	1.5
19835.572542857408	12000.0	23.92388169751472	0.0	5848459	9876.755847911603	12.0
19844.524862328355	12000.0	18.971562226570597	0.0	5251330	8952.319470944121	12.0
19850.84977840716	8000.0	16.646646147766397	0.0	3905272	6324.9160788042	8.0
19857.998067150565	12000.0	13.49835740436038	0.0	5141915	7148.2887434060185	12.0
19860.582796947634	4000.0	14.913627607291803	0.0	1822097	2584.7297970685777	4.0
19862.600711295134	1500.0	16.895713259790753	0.0	855209	2017.914347501049	1.5
19870.807221935425	8000.0	12.689202619499728	0.0	3253093	8206.510640291028	8.0
19871.531763346386	600.0	15.96466120853935	0.0	324657	724.5414109603776	0.6
19871.802743616732	200.0	19.69368093819135	0.0	103756	270.98027034800117	0.2
19872.41843116347	600.0	23.077993391455657	0.0	291029	615.6875467356917	0.6
19873.055696852283	600.0	26.440727702643464	0.0	302752	637.2656888121944	0.6
19873.578141718543	600.0	29.918282836379444	0.0	240372	522.4448662640207	0.6
19880.227302719406	8000.0	27.269121835516632	0.0	3568902	6649.161000862813	8.0
19887.80360745971	12000.0	23.69281709520985	0.0	5639869	7576.304740306781	12.0
19888.31743025728	600.0	27.178994297641424	0.0	344336	513.8227975684274	0.6
19897.151601961337	12000.0	22.34482259358464	0.0	5768811	8834.171704056784	12.0
19909.25142411568	12000.0	14.245000439242437	0.0	6068110	12099.822154342204	12.0
19909.949865786868	600.0	17.546558768054158	0.0	284947	698.4416711882801	0.6
19910.74058092523	600.0	20.75584362969279	0.0	327462	790.7151383613674	0.6
19919.343412144324	12000.0	16.153012410595984	0.0	5257310	8602.831219096804	12.0
19919.86556331786	600.0	19.630861237060596	0.0	284107	522.1511735353909	0.6
19928.510052097616	12000.0	14.98637245730709	0.0	4828747	8644.488779753507	12.0
19929.817262379023	1500.0	17.679162175897826	0.0	657685	1307.2102814092623	1.5
19930.081698919075	200.0	21.414725635843944	0.0	98843	264.4365400538794	0.2
19930.342674113544	200.0	25.1537504413765	0.0	96988	260.9751944674449	0.2
19931.59717677836	1500.0	27.899247776560237	0.0	629438	1254.502664816262	1.5
19931.85033922136	200.0	31.646085333559316	0.0	92801	253.16244300092131	0.2
19937.296227160474	8000.0	30.20019739445007	0.0	4201994	5445.88793910925	8.0
19945.033274498997	12000.0	26.463150055924185	0.0	5646381	7737.047338525882	12.0

