17365.683729287764	600.0	4.0	0.7587049816321627	247108	758.7049816321627	-14.574099632643255
17366.614409412734	600.0	7.069319875030041	0.0	309722	930.6801249699591	0.6
17368.462794759664	1500.0	9.220934528101076	0.0	643847	1848.3853469289663	1.5
17370.51608689411	1500.0	11.167642393655372	0.0	718451	2053.2921344457036	1.5
17372.585432861768	1500.0	13.0982964259965	0.0	724296	2069.345967658873	1.5
17374.56011202543	1500.0	15.12361726233392	0.0	689829	1974.6791636625812	1.5
17376.670310190122	1500.0	17.013419097638568	0.0	737903	2110.19816469535	1.5
17378.899794204375	1500.0	18.783935083383106	0.0	780303	2229.484014255462	1.5
17381.435488297313	1500.0	20.248240990447137	0.0	891463	2535.6940929359707	1.5
17383.61756429201	1500.0	22.066164995749894	0.0	763093	2182.0759946972435	1.5
17385.81661581311	1500.0	23.867113474647997	0.0	769316	2199.0515211018924	1.5
17390.6807811927	4000.0	23.00294809505907	0.0	1761739	4864.165379588927	4.0
17392.40668013871	1500.0	25.277049149048448	0.0	606092	1725.8989460106247	1.5
17397.873867705224	4000.0	23.80986158252861	0.0	1805063	5467.187566519837	4.0
17400.743080773016	1500.0	24.940648514740616	0.0	754517	2869.2130677879954	1.5
17404.27853292402	1500.0	25.40519636373096	0.0	934743	3535.452151009658	1.5
17409.952249075566	4000.0	23.731480212189517	0.0	1835863	5673.716151541445	4.0
17412.18734679004	1500.0	25.496382497714524	0.0	772616	2235.0977144749922	1.5
17414.3520970559	1500.0	27.331632231854446	0.0	747396	2164.7502658600793	1.5
17416.279621331978	1500.0	29.404107955778365	0.0	662349	1927.5242760760796	1.5
17418.680401608974	1500.0	31.003327678783744	0.0	835711	2400.7802769946165	1.5
17424.175304984747	4000.0	29.50842430300746	0.0	1950922	5494.90337577629	4.0
17429.378541547503	4000.0	28.305187740252855	0.0	1849252	5203.2365627546005	4.0
17434.49761371067	4000.0	27.18611557708632	0.0	1822097	5119.072163166537	4.0
17439.62552277723	4000.0	26.05820651052743	0.0	1836837	5127.909066558887	4.0
17445.12981495851	4000.0	24.553914329246574	0.0	1984579	5504.292181280855	4.0
17451.046615076786	4000.0	22.637114210968267	0.0	2068230	5916.800118278308	4.0
17453.74718474466	1500.0	23.936544543095383	0.0	914284	2700.569667872882	1.5
17455.763937996067	1500.0	25.91979129168913	0.0	675709	2016.7532514062557	1.5
17468.075058688562	4000.0	17.608670599193648	0.0	2002600	12311.120692495482	4.0
17471.360445623235	1500.0	18.323283664520282	0.0	757473	3285.386934673367	1.5
17474.4544165304	1500.0	19.22931275735286	0.0	712239	3093.9709071674165	1.5
17477.216035149813	1500.0	20.467694137940008	0.0	633700	2761.6186194128536	1.5
17479.464684474853	1500.0	22.219044812900023	0.0	755142	2248.6493250399853	1.5
17481.358002479148	1500.0	24.325726808605637	0.0	670327	1893.3180042943852	1.5
17483.562929187177	1500.0	26.120800100573106	0.0	785519	2204.9267080325294	1.5
17485.48523530583	1500.0	28.198493981919583	0.0	681043	1922.3061186535244	1.5
17490.87609226728	4000.0	26.807637020467116	0.0	1955307	5390.856961452469	4.0
17496.795778862408	4000.0	24.887950425338516	0.0	2142800	5919.686595128598	4.0
17502.701232944615	4000.0	22.982496343131228	0.0	2094647	5905.4540822072895	4.0
17508.33740618105	4000.0	21.34632310669943	0.0	1985434	5636.173236431797	4.0
17513.67164074496	4000.0	20.012088542784532	0.0	1830641	5334.2345639149	4.0
17518.611069134706	4000.0	19.072660153040644	0.0	1697030	4939.428389743886	4.0
17521.01799887352	1500.0	20.665730414226356	0.0	848035	2406.929738814289	1.5
17522.825118627938	1500.0	22.858610659806093	0.0	629438	1807.1197544202637	1.5
17525.001044268043	1500.0	24.682685019703882	0.0	763847	2175.9256401022108	1.5
17529.870541559176	4000.0	23.81318772857032	0.0	1750852	4869.497291133564	4.0
17535.465114086404	4000.0	22.218615201339787	0.0	2034636	5594.572527230533	4.0

