9073.842626304357	600.0	4.0	1.0620242914979758	247108	1062.0242914979758	-20.640485829959516
9074.314537086504	200.0	7.528089217853506	0.0	98617	471.9107821464941	0.2
9074.81768007848	200.0	11.024946225876159	0.0	106476	503.1429919773478	0.2
9076.009195440742	600.0	13.833430863614913	0.0	279692	1191.5153622612454	0.6
9076.477295090526	200.0	17.365331213829762	0.0	97658	468.0996497851519	0.2
9079.298723271644	1500.0	18.543903032711558	0.0	689829	2821.4281811182036	1.5
9080.681971576454	600.0	21.16065472790045	0.0	327938	1383.2483048111076	0.6
9081.854137195789	600.0	23.988489108566604	0.0	274823	1172.1656193338467	0.6
9082.312885860749	200.0	27.52974044360548	0.0	95305	458.74866496112867	0.2
9093.287636530558	12000.0	20.554989773795782	0.0	5088378	10974.750669809695	12.0
9095.141372895874	1500.0	22.701253408478443	0.0	769316	1853.736365317341	1.5
9095.447345313549	200.0	26.39528099080324	0.0	95342	305.97241767520404	0.2
9096.963858860292	1500.0	28.87876744405994	0.0	606092	1516.5135467433008	1.5
9098.816738117257	1500.0	31.025888187093994	0.0	748011	1852.8792569659445	1.5
9099.522718830367	600.0	34.31990747398276	0.0	264113	705.980713111233	0.6
9099.826404077825	200.0	38.01622222652694	0.0	94377	303.6852474558194	0.2
9100.119409543924	200.0	41.72321676042713	0.0	89871	293.0054660998119	0.2
9112.291339197138	12000.0	33.5512871072126	0.0	4055239	12171.929653214527	12.0
9114.977460709506	1500.0	34.86516559484391	0.0	747396	2686.1215123686916	1.5
9117.499525415931	1500.0	36.34310088841935	0.0	662349	2522.0647064245554	1.5
9135.625281269522	12000.0	22.217345034827872	0.0	5251330	18125.75585359148	12.0
9135.901910635579	200.0	25.940715668770586	0.0	97742	276.6293660572837	0.2
9136.18444037129	200.0	29.65818593306007	0.0	100675	282.5297357105137	0.2
9136.436949235422	200.0	33.405677068926494	0.0	85752	252.5088641335781	0.2
9136.707169267107	200.0	37.135457037241935	0.0	94556	270.22003168456257	0.2
9137.232577771645	600.0	40.610048532703	0.0	221407	525.4085045389394	0.6
9149.236252730554	12000.0	32.606373573794635	0.0	5138482	12003.674958908361	12.0
9158.712854137706	8000.0	27.129772166643438	0.0	3354913	9476.601407151195	8.0
9159.47876808294	600.0	30.36385822141092	0.0	291029	765.9139452325188	0.6
9174.730937371489	12000.0	19.111688932861515	0.0	5411094	15252.169288549407	12.0
9175.459367683055	600.0	22.38325862129547	0.0	240372	728.4303115660452	0.6
9182.784765845772	8000.0	19.057860458579132	0.0	3568902	7325.398162716338	8.0
9183.067506545158	200.0	22.77511975919325	0.0	99865	282.74069938588036	0.2
9183.329046412184	200.0	26.51357989216792	0.0	89422	261.5398670253261	0.2
9184.769909224953	1500.0	29.072717079398295	0.0	670327	1440.8628127696295	1.5
9190.120395346456	4000.0	27.722230957896603	0.0	1785821	5350.486121501694	4.0
9191.116955195275	600.0	30.725671109076693	0.0	284947	996.5598488199107	0.6
9191.455579295633	200.0	34.387047008718845	0.0	80403	338.6241003578465	0.2
9203.594313593281	12000.0	26.24831271107115	0.0	5257310	12138.734297647692	12.0
9204.23474460757	600.0	29.60788169678209	0.0	284107	640.4310142890606	0.6
9218.685972724401	12000.0	19.15665357995089	0.0	4828747	14451.228116831198	12.0
9222.412123199927	4000.0	19.43050310442433	0.0	1830641	3726.1504755265646	4.0
9225.872156063542	4000.0	19.970470240808336	0.0	1697030	3460.032863615994	4.0
9226.145330390087	200.0	23.697295914263496	0.0	96988	273.1743265448389	0.2
9233.425896195164	8000.0	20.416730109186776	0.0	3682991	7280.565805076721	8.0
9234.998677766172	1500.0	22.843948538178726	0.0	763847	1572.7815710080492	1.5
9240.18365001249	4000.0	21.658976291861332	0.0	1750852	5184.972246317393	4.0
9258.774553200601	12000.0	7.068073103749877	0.0	5646381	18590.903188111457	12.0

