36547.07402536298	600.0	4.0	0.6362441790120853	247108	636.2441790120853	0.5044894	-12.124883580241706
36547.37601385465	200.0	7.698011508321726	0.0	98617	301.9884916782735	0.004705182	0.2
36547.6956930848	200.0	11.37833227816936	0.0	106476	319.6792301523657	0.004705182	0.2
36548.035077713175	200.0	15.038947649798112	0.0	115230	339.3846283712489	0.004705182	0.2
36548.33490748006	200.0	18.739117882919007	0.0	97658	299.8297668791064	0.004705182	0.2
36548.63473724693	200.0	22.4392881160399	0.0	97658	299.8297668791064	0.004705182	0.2
36548.97538694656	200.0	26.098638416409912	0.0	115792	340.6496996299892	0.004705182	0.2
36549.29776289445	200.0	29.77626246852094	0.0	107674	322.3759478889686	0.004705182	0.2
36571.44668061176	12000.0	11.627344751206529	0.0	6619479	22148.917717314413	0.0068304725	12.0
36571.961445290355	200.0	15.112580072614849	0.0	105425	514.7646785916801	0.004705182	0.2
36572.43472329438	200.0	18.63930206859402	0.0	95365	473.27800402082585	0.004705182	0.2
36572.90790644815	200.0	22.16611891482321	0.0	95342	473.18315377081296	0.004705182	0.2
36575.48738374079	1500.0	23.586641622179258	0.0	606092	2579.477292643951	0.004705182	1.5
36578.32124152596	1500.0	24.75278383700572	0.0	748011	2833.8577851735386	0.22572835	1.5
36580.57200591558	1500.0	26.502019447384583	0.0	754517	2250.764389621132	0.016850604	1.5
36583.341285040966	1500.0	27.732740322000232	0.0	934743	2769.2791253843525	0.004705182	1.5
36598.851261738484	12000.0	16.222763624478894	0.0	5964284	15509.976697521337	0.26450452	12.0
36599.18433988841	200.0	19.88968547455864	0.0	103142	333.0781499202552	0.004705182	0.2
36601.0982154865	1500.0	21.975809876472514	0.0	747396	1913.8755980861245	0.060590357	1.5
36601.38892828247	200.0	25.68509708049656	0.0	85876	290.7127959759539	0.004705182	0.2
36603.5195012183	1500.0	27.554524144660466	0.0	835711	2130.5729358360936	0.004705182	1.5
36605.57813942221	1500.0	29.495885940759106	0.0	806394	2058.6382039013615	0.004705182	1.5
36607.643974289094	1500.0	31.430051073871603	0.0	809327	2065.8348668874987	0.004705182	1.5
36609.40358948771	1500.0	33.6704358752615	0.0	681795	1759.6151986101054	0.004705182	1.5
36624.602886604225	12000.0	22.471138758744985	0.0	6078444	15199.297116516507	0.004705182	12.0
36626.30390404334	1500.0	24.7701213196248	0.0	644861	1701.0174391201886	0.004705182	1.5
36628.379854396844	1500.0	26.69417096612912	0.0	794014	2075.9503534956793	0.004705182	1.5
36628.72614200524	200.0	30.34788335773977	0.0	103756	346.2876083893483	0.041642636	0.2
36630.72138301925	1500.0	32.35264234372712	0.0	675709	1995.2410140126485	0.054720785	1.5
36645.6958543057	8000.0	21.37817105727642	0.0	4435580	14974.471286450706	0.009228385	8.0
36648.995664714086	1500.0	22.078360648893995	0.0	757473	3299.810408382422	0.004705182	1.5
36651.35619783396	1500.0	23.71782752902207	0.0	712239	2360.533119871923	0.004705182	1.5
36665.918293971445	8000.0	13.155731391535392	0.0	3713878	14562.096137486678	0.31964836	8.0
36669.534509276236	1500.0	13.53951608674109	0.0	755142	3616.2153047943007	0.03919834	1.5
36671.3918578113	1500.0	15.682167551675466	0.0	670327	1857.3485350656238	0.004705182	1.5
36673.554633895095	1500.0	17.519391467889175	0.0	785519	2162.776083786292	0.4379987	1.5
36675.44039552839	1500.0	19.633629834586777	0.0	681043	1885.7616333023998	0.006252367	1.5
36680.65195603054	4000.0	18.422069332434948	0.0	1955307	5211.560502151828	0.006545903	4.0
36682.48582863009	1500.0	20.588196732888477	0.0	691256	1833.872599546471	0.6550661	1.5
36687.88042116747	4000.0	19.19360419550404	0.0	2094647	5394.5925373844375	0.6859903	4.0
36701.611404099574	8000.0	9.462621263401157	0.0	3189942	13730.982932102885	0.086433895	8.0
36702.08412786222	200.0	12.989897500762098	0.0	101713	472.7237626390598	0.4597302	0.2
36705.125817092165	1500.0	13.948208270809637	0.0	767059	3041.68922995246	0.056535844	1.5
36711.65388495049	4000.0	11.420140412486765	0.0	1910697	6528.067858322873	0.649567	4.0
36713.30394731018	1500.0	13.77007805279607	0.0	629438	1650.062359690696	0.05252023	1.5
36718.4795272553	4000.0	12.594498107672596	0.0	2042818	5175.579945123472	0.008692036	4.0
36727.97269390882	4000.0	7.101331454161911	0.0	1750852	9493.166653510685	0.008136263	4.0
36732.20607965658	1500.0	6.867945706397987	0.0	808636	4233.385747763924	0.1620453	1.5

