11182.667067328586	600.0	4.0	0.7551815294238191	247108	755.1815294238191	-14.503630588476382
11184.748242232099	1500.0	5.918825096485536	0.0	732405	2081.1749035144644	1.5
11186.587447122976	1500.0	8.079620205608114	0.0	643847	1839.204890877421	1.5
11188.63049504128	1500.0	10.036572287304894	0.0	718451	2043.0479183032207	1.5
11190.68951345038	1500.0	11.977553878206223	0.0	724296	2059.0184090986713	1.5
11192.888774458155	1500.0	13.778292870429896	0.0	689829	2199.261007776327	1.5
11196.785678635059	1500.0	13.881388693525718	0.0	737903	3896.9041769041773	1.5
11200.90190261023	1500.0	13.765164718354375	0.0	780303	4116.223975171343	1.5
11204.127197278853	1500.0	14.539870049732034	0.0	891463	3225.294668622342	1.5
11206.200387823454	1500.0	16.46667950513232	0.0	763093	2073.1905445997127	1.5
11208.289832775785	1500.0	18.37723455280112	0.0	769316	2089.4449523312005	1.5
11210.314239201278	1500.0	20.352828127308108	0.0	744416	2024.406425493013	1.5
11211.977344856234	1500.0	22.68972247235186	0.0	606092	1663.1056549562493	1.5
11214.088485531425	1500.0	24.578581797161437	0.0	748011	2111.1406751904233	1.5
11216.294933780562	1500.0	26.37213354802454	0.0	754517	2206.4482491368985	1.5
11219.009311290603	1500.0	27.657756037984377	0.0	934743	2714.3775100401604	1.5
11221.162367022302	1500.0	29.504700306285653	0.0	735572	2153.0557316987247	1.5
11223.425038193664	1500.0	31.242029134924056	0.0	772616	2262.6711713615964	1.5
11225.773096230649	1500.0	32.893971097939705	0.0	747396	2348.058036984353	1.5
11227.863069488116	1500.0	34.80399784047171	0.0	662349	2089.9732574679947	1.5
11230.479129421734	1500.0	36.18793790685388	0.0	835711	2616.059933617829	1.5
11233.006223589586	1500.0	37.66084373900182	0.0	806394	2527.0941678520626	1.5
11235.511153728192	1500.0	39.15591360039445	0.0	809327	2504.930138607371	1.5
11237.624238564931	1500.0	41.04282876365671	0.0	681795	2113.084836737737	1.5
11240.254436865214	1500.0	42.412630463373425	0.0	855209	2630.1983002832862	1.5
11242.25738602281	1500.0	44.40968130577688	0.0	644861	2002.949157596541	1.5
11245.227804555328	1500.0	45.43926277325738	0.0	794014	2970.418532519501	1.5
11250.284684764903	1500.0	44.38238256368367	0.0	914284	5056.880209573708	1.5
11254.042888418835	1500.0	44.62417890975246	0.0	675709	3758.203653931208	1.5
11256.032427298676	1500.0	46.634640029911296	0.0	707527	1989.5388798411693	1.5
11258.049481656404	1500.0	48.61758567218278	0.0	757473	2017.054357728515	1.5
11259.950860977773	1500.0	50.716206350815284	0.0	712239	1901.379321367494	1.5
11261.651395764482	1500.0	53.01567156410664	0.0	633700	1700.5347867086484	1.5
11263.66248915237	1500.0	55.00457817621846	0.0	755142	2011.093387888184	1.5
11266.201039283971	1500.0	56.46602804461893	0.0	670327	2538.5501315995316	1.5
11270.297370092778	1500.0	56.36969723581184	0.0	785519	4096.330808807082	1.5
11273.859518816134	1500.0	56.807548512455185	0.0	681043	3562.1487233566613	1.5
11277.031459456146	1500.0	57.63560787244324	0.0	866245	3171.940640011946	1.5
11279.262643180422	1500.0	59.4044241481658	0.0	691256	2231.183724277434	1.5
11283.101467625127	1500.0	59.56559970346202	0.0	725845	2338.8244447037773	1.5
11286.673644321683	1500.0	59.99342300690393	0.0	811013	2572.176696558093	1.5
11290.674032671199	1500.0	59.99303465738937	0.0	657685	2000.3883495145633	1.5
11294.9937844779	1500.0	59.673282850688146	0.0	767059	2319.7518067012193	1.5
11298.994899361438	1500.0	59.67216796714934	0.0	848035	2501.114883538807	1.5
11302.86501436526	1500.0	59.80205296332773	0.0	629438	1870.1150038216108	1.5
11306.64288848318	1500.0	59.54968018741632	0.0	763847	2252.37277591141	1.5
11310.412052067817	1500.0	59.78051660277905	0.0	769491	2269.163584637269	1.5
11314.292581228556	1500.0	59.89998744203937	0.0	808636	2380.5291607396875	1.5

