34074.551295837584	600.0	4.0	0.582392436910722	247108	582.3924369107219	-11.047848738214439
34076.12034003184	1500.0	6.430955805738393	0.0	732405	1569.0441942616076	1.5
34077.509337973344	1500.0	9.041957864240514	0.0	643847	1388.997941497878	1.5
34079.050012450454	1500.0	11.501283387125467	0.0	718451	1540.6744771150472	1.5
34080.60257032994	1500.0	13.948725507636787	0.0	724296	1552.557879488678	1.5
34084.471843923115	4000.0	14.079451914467656	0.0	1863995	3869.273593169131	4.0
34088.642340756225	4000.0	13.908955081357108	0.0	2046450	4170.496833110547	4.0
34092.83715130503	4000.0	13.714144532554528	0.0	2058614	4194.8105488025785	4.0
34101.33890226532	8000.0	9.212393572260652	0.0	3448932	8501.750960293877	8.0
34106.98257866242	4000.0	7.56871717515906	0.0	2373154	5643.676397101591	4.0
34111.34728469517	4000.0	7.204011142406545	0.0	2094766	4364.706032752516	4.0
34115.04544024277	4000.0	7.505855594805456	0.0	1761739	3698.1555476010885	4.0
34120.110960710605	4000.0	6.4403351269692	0.0	2131310	5065.520467836257	4.0
34124.41333030125	4000.0	6.1379655363259245	0.0	1805063	4302.369590643275	4.0
34129.79023982543	4000.0	4.761056012148373	0.0	2157416	5376.909524177551	4.0
34132.181993129394	1500.0	6.369302708183615	0.0	934743	2391.753303964758	1.5
34134.08116802699	1500.0	8.4701278105872	0.0	735572	1899.1748975964142	1.5
34136.04219962862	1500.0	10.509096208963573	0.0	772616	1961.0316016236293	1.5
34137.88765854941	1500.0	12.663637288169301	0.0	747396	1845.4589207942718	1.5
34139.53222398825	1500.0	15.019071849326751	0.0	662349	1644.5654388425482	1.5
34145.23261639985	4000.0	13.318679437722706	0.0	2379358	5700.392411604046	4.0
34150.33579417878	4000.0	12.215501658794034	0.0	1950922	5103.1777789286725	4.0
34155.21624067109	4000.0	11.335055166484345	0.0	1849252	4880.446492309689	4.0
34159.0543224672	4000.0	11.496973370376455	0.0	1822097	3838.081796107888	4.0
34162.782459507915	4000.0	11.768836329661461	0.0	1836837	3728.1370407149952	4.0
34166.77722963025	4000.0	11.77406620732401	0.0	1984579	3994.7701223374506	4.0
34170.8191663191	4000.0	11.732129518468112	0.0	2068230	4041.936688855898	4.0
34174.83640687271	4000.0	11.714888964854778	0.0	2055338	4017.240553613333	4.0
34180.15756408216	4000.0	10.393731755403522	0.0	2165436	5321.157209451256	4.0
34185.58442521089	4000.0	8.966870626678094	0.0	2002600	5426.861128725428	4.0
34191.17778742172	4000.0	7.3735084158344	0.0	2290706	5593.362210843694	4.0
34195.868687901275	4000.0	6.682607936289079	0.0	1947068	4690.900479545321	4.0
34197.44094536525	1500.0	9.110350472311016	0.0	633700	1572.2574639780626	1.5
34199.291293507325	1500.0	11.26000233024092	0.0	755142	1850.3481420700973	1.5
34200.94280212296	1500.0	13.60849371460383	0.0	670327	1651.5086156370883	1.5
34205.209464882304	4000.0	13.341830955255569	0.0	1785821	4266.66275934826	4.0
34209.57588273876	4000.0	12.975413098801656	0.0	2096494	4366.4178564539125	4.0
34213.36021190814	4000.0	13.191083929421513	0.0	1955307	3784.3291693801434	4.0
34217.597027467076	4000.0	12.954268370484208	0.0	2142800	4236.8155589373055	4.0
34222.584966429684	4000.0	11.966329407885725	0.0	2094647	4987.938962598483	4.0
34227.32218925001	4000.0	11.229106587556785	0.0	1985434	4737.22282032894	4.0
34232.01773542082	4000.0	10.533560416740523	0.0	1830641	4695.546170816263	4.0
34236.376411752375	4000.0	10.17488408519309	0.0	1697030	4358.676331547432	4.0
34241.8345747292	4000.0	8.716721108365903	0.0	1910697	5458.162976827189	4.0
34243.736689038684	1500.0	10.814606798872678	0.0	629438	1902.1143094932245	1.5
34246.02789419148	1500.0	12.523401646080075	0.0	763847	2291.2051527926037	1.5
34250.10139004665	4000.0	12.449905790913178	0.0	1750852	4073.495855166898	4.0
34254.2348030682	4000.0	12.316492769360003	0.0	2034636	4133.413021553173	4.0

