10800.361953687334	600.0	4.0	0.564045004346176	247108	564.045004346176	-10.68090008692352
10801.048649491744	600.0	7.313304195590161	0.0	309722	686.6958044098383	0.6
10802.389842670085	1500.0	9.972111017250034	0.0	643847	1341.1931783401283	1.5
10803.877173138615	1500.0	12.484780548720021	0.0	718451	1487.3304685300131	1.5
10805.375953026225	1500.0	14.986000661108458	0.0	724296	1498.7798876115623	1.5
10806.807217579793	1500.0	17.55473610754031	0.0	689829	1431.2645535681493	1.5
10810.810238451277	4000.0	17.551715236056882	0.0	2046450	4003.020871483427	4.0
10814.280752208777	4000.0	18.081201478555364	0.0	2058614	3470.5137575015187	4.0
10817.419422471368	4000.0	18.942531215963623	0.0	1857129	3138.6702625917424	4.0
10821.603467007057	4000.0	18.758486680276718	0.0	2373154	4184.044535686907	4.0
10825.966092580458	4000.0	18.395861106874893	0.0	2094766	4362.625573401822	4.0
10829.647864088618	4000.0	18.714089598716296	0.0	1761739	3681.7715081585975	4.0
10834.70592487732	4000.0	17.656028810014192	0.0	2131310	5058.060788702105	4.0
10839.181682692912	4000.0	17.180270994422578	0.0	1805063	4475.757815591611	4.0
10841.09329104732	1500.0	19.268662640013428	0.0	754517	1911.608354409151	1.5
10843.318703966372	1500.0	21.043249720961914	0.0	934743	2225.4129190515127	1.5
10847.612358626324	4000.0	20.74959506100868	0.0	1835863	4293.654659953236	4.0
10849.4656592532	1500.0	22.896294434134873	0.0	772616	1853.3006268738077	1.5
10853.966080155586	4000.0	22.39587353174819	0.0	2082556	4500.420902386681	4.0
10858.420120800754	4000.0	21.94183288657875	0.0	2164412	4454.040645169439	4.0
10863.1898155147	4000.0	21.172138172634934	0.0	2379358	4769.694713943814	4.0
10866.95671336975	4000.0	21.405240317584383	0.0	1950922	3766.8978550505526	4.0
10870.531472889734	4000.0	21.8304807975995	0.0	1849252	3574.759519984882	4.0
10874.247961365714	4000.0	22.11399232161894	0.0	1822097	3716.4884759805573	4.0
10878.0860034096	4000.0	22.275950277733717	0.0	1836837	3838.042043885224	4.0
10882.216126160643	4000.0	22.14582752668976	0.0	1984579	4130.122751043957	4.0
10886.40383221824	4000.0	21.95812146909294	0.0	2068230	4187.706057596822	4.0
10890.565933509204	4000.0	21.796020178129684	0.0	2055338	4162.101290963257	4.0
10896.29848581421	4000.0	20.063467873124953	0.0	2165436	5732.552305004735	4.0
10902.243994723427	4000.0	18.117958963909185	0.0	2002600	5945.508909215766	4.0
10904.073026804588	1500.0	20.288926882746587	0.0	757473	1829.0320811625995	1.5
10908.648876024568	4000.0	19.713077662767656	0.0	1947068	4575.84921997893	4.0
10910.192111849256	1500.0	22.169841838081183	0.0	633700	1543.2358246864762	1.5
10914.900780224722	4000.0	21.461173462614358	0.0	2125133	4708.668375466825	4.0
10918.76140074238	4000.0	21.600552944956355	0.0	1828568	3860.6205176580042	4.0
10922.533640524254	4000.0	21.828313163080846	0.0	1785821	3772.2397818755085	4.0
10929.021058079416	4000.0	19.34089560791932	0.0	2096494	6487.4175551615235	4.0
10934.744684180154	4000.0	17.61726950718141	0.0	1955307	5723.626100737913	4.0
10936.591331572534	1500.0	19.77062211480061	0.0	691256	1846.6473923808003	1.5
10938.526378294044	1500.0	21.83557539329274	0.0	725845	1935.046721507867	1.5
10943.64429532844	4000.0	20.71765835889627	0.0	1985434	5117.917034396474	4.0
10948.12130736795	4000.0	20.240646319385053	0.0	1830641	4477.012039511214	4.0
10952.27739948072	4000.0	20.08455420661597	0.0	1697030	4156.092112769087	4.0
10956.436177000844	4000.0	19.925776686492725	0.0	1910697	4158.777520123243	4.0
10957.815326639648	1500.0	22.546627047689835	0.0	629438	1379.1496388028897	1.5
10962.111669260907	4000.0	22.250284426430802	0.0	2042818	4296.342621259031	4.0
10965.485138611533	4000.0	22.876815075804785	0.0	1750852	3373.4693506260187	4.0
10969.16618460609	4000.0	23.195769081247143	0.0	2034636	3681.045994557643	4.0

