3203.5596210799254	600.0	4.0	0.9430897858499422	247108	943.0897858499421	-18.261795716998844
3206.1977384804363	1500.0	5.361882599489183	0.0	732405	2638.117400510817	1.5
3208.526543737045	1500.0	7.033077342880221	0.0	643847	2328.805256608963	1.5
3211.115923116643	1500.0	8.443697963282323	0.0	718451	2589.3793795978954	1.5
3213.6241533342504	1500.0	9.935467745674877	0.0	724296	2508.230217607447	1.5
3215.7685052588376	1500.0	11.791115821087288	0.0	689829	2144.3519245875887	1.5
3218.056721321382	1500.0	13.502899758542869	0.0	737903	2288.2160625444208	1.5
3220.4718217590435	1500.0	15.08779932088155	0.0	780303	2415.1004376613178	1.5
3223.219574723544	1500.0	16.340046356380746	0.0	891463	2747.7529645008044	1.5
3224.9305443376097	1500.0	18.629076742314858	0.0	763093	1710.9696140658907	1.5
3226.619297882759	1500.0	20.940323197165668	0.0	769316	1688.7535451491904	1.5
3228.2559818449618	1500.0	23.303639234963164	0.0	744416	1636.6839622025018	1.5
3229.6034098637297	1500.0	25.95621121619511	0.0	606092	1347.4280187680527	1.5
3231.2476115026666	1500.0	28.312009577257935	0.0	748011	1644.201638937174	1.5
3232.9054181499027	1500.0	30.65420293002152	0.0	754517	1657.8066472364173	1.5
3235.111117238705	1500.0	32.448503841219576	0.0	934743	2205.699088801941	1.5
3236.981374616253	1500.0	34.57824646367166	0.0	735572	1870.2573775479161	1.5
3238.941790801224	1500.0	36.617830278700566	0.0	772616	1960.4161849710983	1.5
3240.840825787534	1500.0	38.71879529239086	0.0	747396	1899.034986309705	1.5
3242.5328708133934	1500.0	41.02675026653141	0.0	662349	1692.0450258594465	1.5
3244.6243033472474	1500.0	42.935317732677525	0.0	835711	2091.4325338538847	1.5
3246.540616574881	1500.0	45.01900450504381	0.0	806394	1916.313227633714	1.5
3248.4636088039665	1500.0	47.09601227595839	0.0	809327	1922.9922290854233	1.5
3250.096186299626	1500.0	49.46343478029929	0.0	681795	1632.5774956591044	1.5
3252.123660610064	1500.0	51.43596046986121	0.0	855209	2027.4743104380748	1.5
3253.672132330197	1500.0	53.88748874972799	0.0	644861	1548.4717201332155	1.5
3255.74388987745	1500.0	55.81573120247561	0.0	794014	2071.7575472523804	1.5
3258.393727555758	1500.0	57.165893524167686	0.0	914284	2649.8376783079193	1.5
3260.3729869191193	1500.0	59.18663416080601	0.0	675709	1979.2593633616755	1.5
3263.941679210596	1500.0	59.617941869329655	0.0	707527	2068.6922914763545	1.5
3267.9506316612724	1500.0	59.60898941865286	0.0	757473	2008.9524506767893	1.5
3271.652535962317	1500.0	59.9070851176082	0.0	712239	1701.9043010446615	1.5
3273.5946526114303	1500.0	59.884029127172404	0.0	633700	1523.0559904357974	1.5
3277.563492027777	1500.0	59.91518971082537	0.0	755142	2468.8394163470284	1.5
3281.764025065857	1500.0	59.714656672745576	0.0	670327	2200.5330380797977	1.5
3285.5414312807293	1500.0	59.93725045787334	0.0	785519	2277.4062148722387	1.5
3289.5976472259977	1500.0	59.88103451260477	0.0	681043	1556.2159452685771	1.5
3293.5553035289176	1500.0	59.92337820968531	0.0	866245	1957.656302919461	1.5
3297.727870058597	1500.0	59.750811680005725	0.0	691256	2172.566529679588	1.5
3301.513708725998	1500.0	59.96497301260463	0.0	725845	2285.8386674010903	1.5
3305.495711025459	1500.0	59.98297071314379	0.0	811013	2482.002299460844	1.5
3309.558549044201	1500.0	59.920132694402156	0.0	657685	1562.8380187416335	1.5
3313.867985245145	1500.0	59.61069649345803	0.0	767059	1809.4362009441272	1.5
3317.8432485432163	1500.0	59.63543319538665	0.0	848035	2475.2632980713765	1.5
3321.7224781855502	1500.0	59.756203553052714	0.0	629438	1879.229642333941	1.5
3325.2562318925316	1500.0	59.99276981596049	0.0	763847	2263.4337370922212	1.5
3329.6028415464375	1500.0	59.646160162054734	0.0	769491	1846.6096539057569	1.5
3333.5393209127924	1500.0	59.70968079569992	0.0	808636	1936.4793663548185	1.5

