30490.0948403511	600.0	4.0	0.8091203481724636	247108	809.1203481724635	0.31183058	-15.582406963449271
30490.46582106146	200.0	7.629019289639657	0.0	98617	370.9807103603438	0.004705182	0.2
30490.85999064801	200.0	11.234849703094456	0.0	106476	394.1695865451997	0.004705182	0.2
30491.279989910356	200.0	14.814850440747982	0.0	115230	419.99926234647586	0.004705182	0.2
30491.648140981797	200.0	18.446699369306238	0.0	97658	368.15107144174385	0.004705182	0.2
30492.01629205324	200.0	22.078548297864494	0.0	97658	368.15107144174385	0.004705182	0.2
30492.437949560706	200.0	25.656890790395753	0.0	115792	421.657507468742	0.004705182	0.2
30492.835653982936	200.0	29.259186368162876	0.0	107674	397.7044222328772	0.004705182	0.2
30495.5460172773	1500.0	30.548823073802236	0.0	891463	2710.363294360639	0.013977941	1.5
30510.464455028945	12000.0	19.630385322153533	0.0	5088378	14918.437751648702	0.004705182	12.0
30510.810902833924	200.0	23.283937517173264	0.0	95365	346.44780498026756	0.004705182	0.2
30511.157286377387	200.0	26.93755397370943	0.0	95342	346.38354346383545	0.90431684	0.2
30511.52344291006	200.0	30.571397441037337	0.0	102419	366.1565326720916	0.004705182	0.2
30513.69336991736	1500.0	32.40147043373807	0.0	748011	2169.92700729927	0.004705182	1.5
30515.881474551872	1500.0	34.21336579922544	0.0	754517	2188.1046345126256	0.004705182	1.5
30518.573126841187	1500.0	35.52171350990892	0.0	934743	2691.652289316523	0.004705182	1.5
30520.709013538777	1500.0	37.38582681231941	0.0	735572	2135.8866975895135	0.004705182	1.5
30532.33379788722	12000.0	29.76104246387987	0.0	4055239	11624.784348439533	0.004705182	12.0
30534.644081747116	1500.0	31.450758603982077	0.0	747396	2310.2838598977955	0.004705182	1.5
30536.700579192002	1500.0	33.394261159094164	0.0	662349	2056.497444887911	0.004705182	1.5
30547.599294783246	8000.0	26.495545567848154	0.0	3690869	10898.715591246011	0.5310366	8.0
30550.01688043412	1500.0	28.07795991697398	0.0	806394	2417.5856508741736	0.004705182	1.5
30552.526381172684	1500.0	29.56845917841057	0.0	809327	2509.5007385634085	0.004705182	1.5
30554.70793006688	1500.0	31.386910284213148	0.0	681795	2181.548894197426	0.043861263	1.5
30557.42400620158	1500.0	32.67083414951329	0.0	855209	2716.0761346998534	0.004705182	1.5
30567.760657460458	8000.0	26.334182890633393	0.0	3253093	10336.651258879898	0.008920234	8.0
30570.379166831837	1500.0	27.715673519255063	0.0	794014	2618.509371378332	0.004705182	1.5
30573.274622946974	1500.0	28.82021740411704	0.0	914284	2895.4561151380217	0.004705182	1.5
30575.389737772664	1500.0	30.705102578426203	0.0	675709	2115.1148256908364	0.3330911	1.5
30589.33210833209	8000.0	20.762732019003437	0.0	4435580	13942.370559422765	0.034190092	8.0
30591.841635349767	1500.0	22.253205001329658	0.0	757473	2509.52701767378	0.004705182	1.5
30593.8920039783	1500.0	24.202836372793797	0.0	712239	2050.36862853586	0.004705182	1.5
30595.72509893646	1500.0	26.36974141463625	0.0	633700	1833.094958157549	0.063992254	1.5
30607.953090620773	8000.0	18.141749730323486	0.0	4271839	12227.991684312765	0.3638973	8.0
30609.996519819855	1500.0	20.098320531238816	0.0	670327	2043.4291990846684	0.004705182	1.5
30612.38497993654	1500.0	21.709860414554626	0.0	785519	2388.4601166841903	0.11214133	1.5
30614.531682259916	1500.0	23.563158091178618	0.0	681043	2146.7023233760074	0.06574845	1.5
30625.50343327444	8000.0	16.591407076654548	0.0	3739359	10971.75101452407	0.13493317	8.0
30627.418007229022	1500.0	18.67683312207064	0.0	691256	1914.5739545839072	0.046299376	1.5
30639.316433684973	8000.0	10.778406666119693	0.0	4253567	11898.426455950945	0.6573515	8.0
30639.705380154326	200.0	14.389460196769003	0.0	107384	388.9464693506914	0.55398136	0.2
30641.677556444043	1500.0	16.41728390705257	0.0	657685	1972.176289716433	0.6452786	1.5
30646.676397316896	4000.0	15.418443034197859	0.0	1697030	4998.840872854711	0.200712	4.0
30652.30470076517	4000.0	13.790139585921997	0.0	1910697	5628.303448275861	0.032499753	4.0
30658.44067015057	4000.0	11.654170200526107	0.0	2171279	6135.96938539589	0.29862046	4.0
30664.251593571138	4000.0	9.843246779954383	0.0	2042818	5810.923420571724	0.0084952945	4.0
30666.56297243151	1500.0	11.531867919580307	0.0	769491	2311.3788603740754	0.2584794	1.5
30672.543033327554	4000.0	9.551807023538549	0.0	2034636	5980.060896041757	0.009435834	4.0

