10533.141959750035	600.0	4.0	0.4088935472868991	247108	408.8935472868991	0.10685489	-7.577870945737983
10533.353216103342	200.0	7.788743646693785	0.0	98617	211.2563533062148	0.004705182	0.2
10533.574932556636	200.0	11.567027193398387	0.0	106476	221.71645329540067	0.004705182	0.2
10533.808300328841	200.0	15.333659421194048	0.0	115230	233.3677722043373	0.004705182	0.2
10534.018280281092	200.0	19.123679468942626	0.0	97658	209.9799522514204	0.004705182	0.2
10534.228260233345	200.0	22.91369951669121	0.0	97658	209.9799522514204	0.004705182	0.2
10534.462376011172	200.0	26.67958373886352	0.0	115792	234.1157778276892	0.004705182	0.2
10534.685686967558	200.0	30.45627278247777	0.0	107674	223.31095638574865	0.004705182	0.2
10534.892535145376	200.0	34.249424604660064	0.0	95305	206.84817781770693	0.004705182	0.2
10535.112852748298	200.0	38.02910700173858	0.0	105425	220.317602921481	0.07103905	0.2
10535.319780784366	200.0	41.82217896566927	0.0	95365	206.92803606931034	0.004705182	0.2
10535.526678208105	200.0	45.61528154192974	0.0	95342	206.89742373952902	0.004705182	0.2
10535.74299491262	200.0	49.39896483741359	0.0	102419	216.31670451615048	0.07415753	0.2
10535.93062653316	200.0	53.21133321687338	0.0	80867	187.6316205402078	0.004705182	0.2
10536.12076437183	200.0	57.02119537820368	0.0	82750	190.13783866969462	0.05574396	0.2
10543.446358109612	12000.0	53.69560164042158	0.0	5443841	7325.593737782105	0.004705182	12.0
10543.645973791776	200.0	57.49598595825742	0.0	89871	199.6156821641586	0.005302577	0.2
10549.356884039295	12000.0	55.78507571073922	0.0	4055239	5710.910247518203	0.004705182	12.0
10557.25308213699	12000.0	51.8888776130448	0.0	5385367	7896.198097694429	0.004705182	12.0
10574.009639531885	12000.0	39.1323202181485	0.0	5848459	16756.557394896292	0.24951078	12.0
10574.50360648649	200.0	42.638353263542506	0.0	114656	493.9669546059948	0.05875309	0.2
10574.71060703059	200.0	46.43135271944194	0.0	97742	207.00054410056927	0.0074792188	0.2
10574.921418552529	200.0	50.220541197503316	0.0	100675	210.81152193862223	0.0646828	0.2
10582.454424342734	12000.0	46.687535407298746	0.0	5735973	7533.0057902045655	0.09992209	12.0
10590.551827851668	12000.0	42.59013189836307	0.0	6078444	8097.403508935679	0.02947921	12.0
10594.959653662447	8000.0	42.18230608758464	0.0	3253093	4407.825810778429	0.004705182	8.0
10602.484840752679	12000.0	38.6571189973539	0.0	5138482	7525.187090230739	0.004705182	12.0
10607.20045567643	8000.0	37.94150407360268	0.0	3354913	4715.614923751222	0.004705182	8.0
10612.29522804485	8000.0	36.846731705181625	0.0	3811227	5094.772368421053	1.0212775	8.0
10620.731009486863	12000.0	32.41095026316924	0.0	5411094	8435.78144201239	0.004705182	12.0
10627.272300223682	8000.0	29.869659526350368	0.0	4025712	6541.290736818867	0.99082744	8.0
10632.53222293636	8000.0	28.60973681367416	0.0	3568902	5259.92271267621	0.08327858	8.0
10637.749074530684	8000.0	27.392885219349772	0.0	3713878	5216.851594324386	0.04032024	8.0
10646.037745027046	12000.0	23.104214722986537	0.0	6041881	8288.670496363238	0.119818196	12.0
10650.793866305037	4000.0	22.348093444996543	0.0	1828568	4756.121277989996	0.5809179	4.0
10651.098370596437	200.0	26.043589153596923	0.0	87791	304.5042913996196	0.69686747	0.2
10651.439436014309	200.0	29.702523735724885	0.0	102088	341.06541787204117	0.18005209	0.2
10651.725047279035	200.0	33.41691247100067	0.0	80403	285.61126472421563	0.7559435	0.2
10661.884636942463	12000.0	27.257322807572113	0.0	5257310	10159.58966342856	0.004705182	12.0
10665.403064356025	4000.0	27.738895394008964	0.0	2094647	3518.427413563148	0.30407023	4.0
10676.983524566042	12000.0	20.15843518399389	0.0	4828747	11580.460210015075	0.17124733	12.0
10677.192113445537	200.0	23.94984630449895	0.0	101713	208.58887949493914	0.37113944	0.2
10679.41755391204	4000.0	25.72440583799716	0.0	1697030	2225.4404665017896	0.00927906	4.0
10681.913119142486	4000.0	27.228840607551284	0.0	1910697	2495.565230445879	0.2886273	4.0
10689.427664081262	12000.0	23.714295668774234	0.0	5626380	7514.544938777048	0.28371578	12.0
10697.898297359434	12000.0	19.243662390604044	0.0	5875126	8470.63327817019	0.018435147	12.0
10706.618559764982	12000.0	14.523399985055141	0.0	5704199	8720.262405548903	0.21340221	12.0
10715.20150532631	12000.0	9.940454423726926	0.0	5646381	8582.945561328215	0.0068801725	12.0

