19745.587327813126	600.0	4.0	0.9190764006791171	247108	919.0764006791171	-17.781528013582342
19746.719015419236	600.0	6.868312393887945	0.0	309722	1131.6876061120543	0.6
19747.77846193876	600.0	9.808865874363327	0.0	288447	1059.446519524618	0.6
19750.298023908203	1500.0	11.2893039049236	0.0	718451	2519.5619694397283	1.5
19752.837433076285	1500.0	12.749894736842105	0.0	724296	2539.409168081494	1.5
19755.257300226836	1500.0	14.33002758628997	0.0	689829	2419.8671505521343	1.5
19757.78661831907	1500.0	15.800709494055047	0.0	737903	2529.3180922349234	1.5
19760.45667453964	1500.0	17.130653273487862	0.0	780303	2670.0562205671845	1.5
19763.495703645713	1500.0	18.091624167415628	0.0	891463	3039.0291060722366	1.5
19766.135459885376	1500.0	19.451867927751415	0.0	763093	2639.7562396642097	1.5
19768.87601451631	1500.0	20.711313296820908	0.0	769316	2740.554630930509	1.5
19771.53045653511	1500.0	22.056871278016196	0.0	744416	2654.442018804712	1.5
19773.706527431037	1500.0	23.880800382090552	0.0	606092	2176.070895925646	1.5
19776.380701352267	1500.0	25.206626460860758	0.0	748011	2674.1739212297953	1.5
19779.10262541398	1500.0	26.48470239914722	0.0	754517	2721.9240617135356	1.5
19782.455606702963	1500.0	27.13172111016593	0.0	934743	3352.9812889812893	1.5
19789.148043025816	4000.0	24.43928478731074	0.0	1835863	6692.43632285519	4.0
19792.103093843314	1500.0	25.484233969811847	0.0	772616	2955.0508174988954	1.5
19794.964296252783	1500.0	26.623031560341417	0.0	747396	2861.2024094704284	1.5
19797.437707998517	1500.0	28.149619814607522	0.0	662349	2473.411745733895	1.5
19800.44880600593	1500.0	29.13852180719833	0.0	835711	3011.098007409193	1.5
19807.364665151512	4000.0	26.22266266161682	0.0	1950922	6915.859145581509	4.0
19810.263269478706	1500.0	27.32405833442166	0.0	809327	2898.604327195159	1.5
19816.688213833888	4000.0	24.89911397923774	0.0	1822097	6424.94435518392	4.0
19819.723388228635	1500.0	25.8639395844901	0.0	855209	3035.1743947476407	1.5
19822.03170518434	1500.0	27.555622628785287	0.0	644861	2308.316955704814	1.5
19824.855420278396	1500.0	28.731907534730908	0.0	794014	2823.715094054381	1.5
19828.146557284195	1500.0	29.440770528933374	0.0	914284	3291.1370057975346	1.5
19830.66346565791	1500.0	30.923862155215357	0.0	675709	2516.908373718021	1.5
19838.028666290156	4000.0	27.558661522971562	0.0	2002600	7365.200632243795	4.0
19841.03200267879	1500.0	28.55532513433728	0.0	757473	3003.336388634281	1.5
19843.860766246737	1500.0	29.726561566388995	0.0	712239	2828.763567948285	1.5
19846.386422091204	1500.0	31.200905721919895	0.0	633700	2525.6558444691013	1.5
19849.078632029617	1500.0	32.50869578350633	0.0	755142	2692.209938413562	1.5
19855.14559445902	4000.0	30.44173335410468	0.0	1828568	6066.962429401654	4.0
19861.38269259154	4000.0	28.204635221589264	0.0	1785821	6237.098132515413	4.0
19863.88870737469	1500.0	29.698620438438496	0.0	681043	2506.01478315077	1.5
19870.810554525804	4000.0	26.776773287322094	0.0	1955307	6921.8471511164025	4.0
19873.258782010707	1500.0	28.328545802417803	0.0	691256	2448.227484904287	1.5
19875.825510630468	1500.0	29.76181718265848	0.0	725845	2566.728619759325	1.5
19882.592311503122	4000.0	26.995016309999862	0.0	1985434	6766.800872658618	4.0
19888.84053996413	4000.0	24.746787848991755	0.0	1830641	6248.228461008107	4.0
19894.9529498195	4000.0	22.634377993623065	0.0	1697030	6112.409855368688	4.0
19898.0474484976	1500.0	23.539879315522153	0.0	848035	3094.498678100909	1.5
19900.200172229655	1500.0	25.38715558346689	0.0	629438	2152.7237320552626	1.5
19902.782076465155	1500.0	26.80525134796565	0.0	763847	2581.9042355012384	1.5
19908.608676496802	4000.0	24.97865131631959	0.0	1750852	5826.600031646062	4.0
19911.52363333102	1500.0	26.063694482102488	0.0	808636	2914.9568342171	1.5

