35365.0245000808	600.0	4.0	1.0857561496782073	247108	1085.7561496782073	-21.115122993564146
35366.365101947966	600.0	6.659398132838137	0.0	309722	1340.601867161863	0.6
35367.61911227586	600.0	9.405387804940093	0.0	288447	1254.010327898044	0.6
35368.837488811696	600.0	12.187011269110426	0.0	279692	1218.376535829666	0.6
35370.213207567256	600.0	14.811292513545826	0.0	318350	1375.7187555646003	0.6
35371.64012420637	600.0	17.38437587443718	0.0	330929	1426.9166391086465	0.6
35373.05486715364	600.0	19.96963292717051	0.0	327938	1414.7429472666686	0.6
35375.94704923046	1500.0	21.077450850347407	0.0	780303	2892.182076823106	1.5
35378.89343214077	1500.0	22.131067940036118	0.0	891463	2946.382910311288	1.5
35381.42705807273	1500.0	23.597442008081373	0.0	763093	2533.6259319547444	1.5
35383.98069324887	1500.0	25.043806831939413	0.0	769316	2553.6351761419587	1.5
35386.06338417669	1500.0	26.961115904124355	0.0	744416	2082.690927815059	1.5
35391.274280026955	4000.0	25.75022005386406	0.0	2131310	5210.895850260299	4.0
35395.881914191596	4000.0	25.142585889225312	0.0	1805063	4607.6341646387455	4.0
35402.63141260724	4000.0	22.39308747358268	0.0	2157416	6749.498415642632	4.0
35409.580192210975	4000.0	19.444307869846288	0.0	2231719	6948.779603736391	4.0
35415.29632015387	4000.0	17.728179926948577	0.0	1835863	5716.127942897711	4.0
35420.97546411243	4000.0	16.049035968388107	0.0	2192675	5679.143958560469	4.0
35426.63109884642	4000.0	14.39340123439622	0.0	2082556	5655.634733991888	4.0
35433.79765692124	4000.0	11.226843159582437	0.0	2164412	7166.5580748137845	4.0
35441.684483953715	4000.0	7.340016127107157	0.0	2379358	7886.827032475279	4.0
35448.19379904925	4000.0	4.830701031567968	0.0	1950922	6509.315095539189	4.0
35450.9570215938	1500.0	6.067478487017615	0.0	809327	2763.2225445503523	1.5
35453.297427727244	1500.0	7.727072353573769	0.0	681795	2340.406133443846	1.5
35456.22019028864	1500.0	8.804309792175063	0.0	855209	2922.7625613987047	1.5
35458.49606914875	1500.0	10.52843093206482	0.0	644861	2275.8788601102433	1.5
35461.279843384174	1500.0	11.744656696638001	0.0	794014	2783.7742354268203	1.5
35464.473160684705	1500.0	12.551339396108068	0.0	914284	3193.317300529934	1.5
35466.671145523345	1500.0	14.353354557462369	0.0	675709	2197.9848386456983	1.5
35468.42008728952	1500.0	16.604412791282215	0.0	707527	1748.9417661801565	1.5
35470.286843592046	1500.0	18.737656488761207	0.0	757473	1866.7563025210084	1.5
35472.046900204165	1500.0	20.977599876642675	0.0	712239	1760.0566121185316	1.5
35473.62169601723	1500.0	23.402804063580607	0.0	633700	1574.7958130620668	1.5
35479.8496986222	4000.0	21.174801458602687	0.0	2125133	6228.00260497792	4.0
35486.624684434566	4000.0	18.39981564624571	0.0	1828568	6774.98581235698	4.0
35493.333803803034	4000.0	15.690696277776226	0.0	1785821	6709.119368469483	4.0
35499.75739010682	4000.0	13.26710997399273	0.0	2096494	6423.586303783496	4.0
35504.66463817422	4000.0	12.359861906594684	0.0	1955307	4907.248067398047	4.0
35510.86354784497	4000.0	10.160952235845645	0.0	2142800	6198.909670749039	4.0
35517.54339024079	4000.0	7.481109840026522	0.0	2094647	6679.842395819123	4.0
35520.11230538579	1500.0	8.912194695021151	0.0	811013	2568.915145005371	1.5
35522.210672732734	1500.0	10.813827348082375	0.0	657685	2098.3673469387754	1.5
35524.6446975908	1500.0	12.37980249001885	0.0	767059	2434.024858063526	1.5
35527.3272294306	1500.0	13.697270650215259	0.0	848035	2682.5318398035906	1.5
35528.92356443488	1500.0	16.10093564593778	0.0	629438	1596.3350042774798	1.5
35533.8262944306	4000.0	15.198205650216769	0.0	2042818	4902.729995721011	4.0
35538.05818526497	4000.0	14.966314815847173	0.0	1750852	4231.890834369596	4.0
35549.12772200726	8000.0	7.8967780735516575	0.0	4346302	11069.536742295517	8.0

