2367.0606727345394	600.0	4.0	0.8315021573435213	247108	831.5021573435213	-16.030043146870426
2367.4405856805015	200.0	7.620087054038129	0.0	98617	379.91294596187106	0.2
2368.397807554254	600.0	10.662865180285491	0.0	288447	957.2218737526374	0.6
2370.6627529078874	1500.0	12.39791982665222	0.0	718451	2264.945353633271	1.5
2377.0843448102733	4000.0	9.97632792426689	0.0	2069289	6421.5919023853285	4.0
2379.5123991012147	1500.0	11.548273633325309	0.0	689829	2428.0542909415817	1.5
2386.558148154527	4000.0	8.502524580012965	0.0	2046450	7045.749053312344	4.0
2387.551264304666	600.0	11.50940842987416	0.0	274823	993.1161501388049	0.6
2393.7521962235037	4000.0	9.30847651103597	0.0	1857129	6200.9319188381905	4.0
2396.3472828441654	1500.0	10.713389890374726	0.0	763093	2595.0866206612427	1.5
2398.908649060639	1500.0	12.15202367390087	0.0	769316	2561.3662164738575	1.5
2404.62531199457	4000.0	10.435360739970298	0.0	1761739	5716.662933930571	4.0
2406.644496125109	1500.0	12.416176609431185	0.0	606092	2019.1841305391138	1.5
2412.673753204228	4000.0	10.386919530312468	0.0	1805063	6029.257079118716	4.0
2415.249364896459	1500.0	11.811307838081106	0.0	754517	2575.611692231364	1.5
2422.31629866966	4000.0	8.744374064880056	0.0	2231719	7066.93377320105	4.0
2423.437657347662	600.0	11.623015386878336	0.0	340687	1121.3586780017195	0.6
2430.1041021889705	4000.0	8.956570545569802	0.0	2192675	6666.444841308534	4.0
2431.1473147942884	600.0	11.913357940251933	0.0	330105	1043.2126053178686	0.6
2437.542847492979	4000.0	9.517825241561338	0.0	2164412	6395.532698690595	4.0
2440.1434288127134	1500.0	10.917243921826667	0.0	835711	2600.581319734671	1.5
2442.666121732062	1500.0	12.394551002477936	0.0	806394	2522.6929193487317	1.5
2448.3828897475405	4000.0	10.677782986999675	0.0	1849252	5716.768015478262	4.0
2450.788297434437	1500.0	12.27237530010321	0.0	681795	2405.4076868964635	1.5
2457.133222931655	4000.0	9.927449802885073	0.0	1836837	6344.925497218137	4.0
2459.3269194319637	1500.0	11.733753302576792	0.0	644861	2193.696500308283	1.5
2465.912961151878	4000.0	9.147711582662513	0.0	2068230	6586.04171991428	4.0
2468.881823257471	1500.0	10.178849477069202	0.0	914284	2968.8621055933118	1.5
2471.1554165699736	1500.0	11.905256164566664	0.0	675709	2273.5933125025363	1.5
2477.7365730850083	4000.0	9.324099649531968	0.0	2002600	6581.156515034696	4.0
2480.316497359342	1500.0	10.74417537519828	0.0	757473	2579.924274333688	1.5
2482.769045660474	1500.0	12.291627074065701	0.0	712239	2452.5483011325787	1.5
2491.292826827196	4000.0	7.767845907343517	0.0	2544033	8523.781166722185	4.0
2492.5055110377225	600.0	10.555161696817201	0.0	344336	1212.6842105263158	0.6
2494.7905340640386	1500.0	12.270138670501412	0.0	670327	2285.0230263157896	1.5
2500.7278729961736	4000.0	10.332799738366038	0.0	1785821	5937.338932135373	4.0
2503.024764742354	1500.0	12.035907992185745	0.0	681043	2296.8917461802944	1.5
2509.47931458334	4000.0	9.581358151199252	0.0	1955307	6454.549840986492	4.0
2511.9189024057537	1500.0	11.141770328785496	0.0	691256	2439.5878224137564	1.5
2519.1489359005163	4000.0	7.911736834023054	0.0	2094647	7230.033494762443	4.0
2520.22125619174	600.0	10.839416542799729	0.0	315398	1072.320291223324	0.6
2522.308650175067	1500.0	12.752022559472437	0.0	657685	2087.3939833272925	1.5
2527.5683453354036	4000.0	11.49232739913593	0.0	1697030	5259.695160336507	4.0
2533.2386292747874	4000.0	9.822043459752084	0.0	1910697	5670.283939383845	4.0
2535.115419283708	1500.0	11.945253450831476	0.0	629438	1876.7900089206066	1.5
2541.0796042225447	4000.0	9.981068511994788	0.0	2042818	5964.184938836688	4.0
2543.4598968070413	1500.0	11.600775927498404	0.0	769491	2380.2925844963847	1.5
2549.6221747062627	4000.0	9.43849802827751	0.0	2034636	6162.277899220895	4.0

