12250.682179637945	600.0	4.0	0.6755665351128252	247108	675.5665351128251	-12.911330702256503
12252.527383144708	1500.0	6.154796493236526	0.0	732405	1845.2035067634745	1.5
12254.159148878447	1500.0	8.523030759497484	0.0	643847	1631.7657337390413	1.5
12255.970721197913	1500.0	10.711458440032537	0.0	718451	1811.5723194649477	1.5
12257.796380824942	1500.0	12.88579881300274	0.0	724296	1825.6596270297955	1.5
12259.538969925054	1500.0	15.143209712891272	0.0	689829	1742.5891001114692	1.5
12261.53197882842	1500.0	17.15020080952516	0.0	737903	1993.0089033661113	1.5
12263.797204179791	1500.0	18.884975458152045	0.0	780303	2265.225351373112	1.5
12266.373731230708	1500.0	20.308448407235762	0.0	891463	2576.5270509162833	1.5
12268.590760268216	1500.0	22.09141936972679	0.0	763093	2217.0290375089703	1.5
12270.825216711954	1500.0	23.856962925990246	0.0	769316	2234.4564437365448	1.5
12272.617670733338	1500.0	26.064508904605074	0.0	744416	1792.454021385174	1.5
12274.082727078408	1500.0	28.59945255953616	0.0	606092	1465.0563450689137	1.5
12275.872100212737	1500.0	30.8100794252078	0.0	748011	1789.3731343283582	1.5
12277.676341018278	1500.0	33.00583861966613	0.0	754517	1804.2408055416697	1.5
12279.89243871163	1500.0	34.78974092631471	0.0	934743	2216.0976933514253	1.5
12281.639324817603	1500.0	37.04285482034202	0.0	735572	1746.8861059726835	1.5
12283.398354495022	1500.0	39.283825142922666	0.0	772616	1759.029677419355	1.5
12285.102576702153	1500.0	41.57960293579193	0.0	747396	1704.2222071307299	1.5
12286.621976905888	1500.0	44.06020273205679	0.0	662349	1519.4002037351443	1.5
12288.5181230519	1500.0	46.1640565860466	0.0	835711	1896.1461460101868	1.5
12290.350558230168	1500.0	48.33162140777835	0.0	806394	1832.4351782682515	1.5
12292.30413037172	1500.0	50.378049266225815	0.0	809327	1953.5721415525306	1.5
12294.361888407871	1500.0	52.32029123007447	0.0	681795	2057.75803615135	1.5
12296.92268758114	1500.0	53.759492056805435	0.0	855209	2560.7991732690316	1.5
12298.873307085463	1500.0	55.80887255248142	0.0	644861	1950.6195043240207	1.5
12301.256591165453	1500.0	57.42558847249157	0.0	794014	2383.284079989847	1.5
12303.74733713844	1500.0	58.9348424995045	0.0	914284	2490.7459729870648	1.5
12307.015818162961	1500.0	59.66636147498474	0.0	675709	1768.4810245197566	1.5
12310.863806918233	1500.0	59.81837271971377	0.0	707527	1847.9887552709667	1.5
12314.859153582269	1500.0	59.823026055676685	0.0	757473	1995.3466640370825	1.5
12318.833595182163	1500.0	59.848584455783076	0.0	712239	1974.4415998936063	1.5
12321.051658153869	1500.0	59.58304400959496	0.0	633700	1765.5404461881174	1.5
12324.800515768575	1500.0	59.834186394889706	0.0	755142	2248.857614705249	1.5
12328.805774618291	1500.0	59.82892754517333	0.0	670327	2005.2588497163783	1.5
12333.064482762296	1500.0	59.57021940116819	0.0	785519	2258.708144005137	1.5
12337.100461169854	1500.0	59.53424099361083	0.0	681043	1535.978407557355	1.5
12339.065617499295	1500.0	59.602325599642285	0.0	866245	1931.9153939685466	1.5
12342.928497486397	1500.0	59.739445612538226	0.0	691256	1862.8799871040542	1.5
12346.880589047612	1500.0	59.78735405132279	0.0	725845	1952.0915612154429	1.5
12350.832313419854	1500.0	59.61559810709775	0.0	811013	2171.755944225034	1.5
12354.829146369457	1500.0	59.61876515749427	0.0	657685	1496.8329496034792	1.5
12358.561600759462	1500.0	59.886310767490095	0.0	767059	1732.454390004174	1.5
12362.621127698214	1500.0	59.8267838287376	0.0	848035	2059.526938752496	1.5
12366.733072937033	1500.0	59.71483858991801	0.0	629438	1611.9452388195923	1.5
12369.891948737417	1500.0	59.775764662324455	0.0	763847	1939.0739275935505	1.5
12374.146347758224	1500.0	59.521365641516624	0.0	769491	1754.3990208078335	1.5
12377.985925617602	1500.0	59.6817877821395	0.0	808636	1839.577859377125	1.5

