34809.51325864631	600.0	4.0	0.9248678334081244	247108	924.8678334081244	-17.897356668162487
34812.09736788408	1500.0	5.415890762228348	0.0	732405	2584.1092377716523	1.5
34814.3786953196	1500.0	7.134563326708977	0.0	643847	2281.3274355193707	1.5
34816.9150955162	1500.0	8.598163130115179	0.0	718451	2536.4001965937987	1.5
34819.36987475681	1500.0	10.14338388949898	0.0	724296	2454.7792406162016	1.5
34821.31235834636	1500.0	12.200900299954421	0.0	689829	1942.4835895445574	1.5
34823.38463792315	1500.0	14.12862072316699	0.0	737903	2072.2795767874322	1.5
34825.57139413718	1500.0	15.941864509130777	0.0	780303	2186.7562140362124	1.5
34828.058273535105	1500.0	17.454985111213094	0.0	891463	2486.879397917686	1.5
34830.068953841816	1500.0	19.44430480450541	0.0	763093	2010.6803067076812	1.5
34834.899865432664	4000.0	18.613393213651086	0.0	2094766	4830.9115908543245	4.0
34838.97547460102	4000.0	18.537784045295236	0.0	1761739	4075.6091683558484	4.0
34843.12930601306	4000.0	18.383952633259046	0.0	2131310	4153.831412036188	4.0
34846.57299942451	4000.0	18.94025922181497	0.0	1805063	3443.6934114440783	4.0
34850.971141478396	4000.0	18.54211716792454	0.0	2157416	4398.142053890428	4.0
34856.609681306225	4000.0	16.903577340094095	0.0	2231719	5638.539827830446	4.0
34861.65103631129	4000.0	15.862222335032062	0.0	1835863	5041.355005062034	4.0
34868.80831940019	4000.0	12.704939246129273	0.0	2192675	7157.283088902787	4.0
34874.698780121646	4000.0	10.81447852467098	0.0	2082556	5890.460721458293	4.0
34880.74216129743	4000.0	8.771097348895193	0.0	2164412	6043.381175775786	4.0
34881.82061281278	600.0	11.692645833541537	0.0	280646	1078.4515153536568	0.6
34883.006488782805	600.0	14.506769863515077	0.0	310841	1185.8759700264604	0.6
34884.317951215824	600.0	17.195307430499714	0.0	346141	1311.4624330153647	0.6
34885.461433749784	600.0	20.05182489653489	0.0	298925	1143.4825339648235	0.6
34886.77573521956	600.0	22.737523426764138	0.0	346939	1314.3014697707515	0.6
34887.64343272696	600.0	25.869825919370815	0.0	221407	867.6975073933249	0.6
34888.03825273007	200.0	29.475005916257835	0.0	88490	394.8200031129789	0.2
34891.225403747114	1500.0	30.287854899217933	0.0	914284	3187.1510170398997	1.5
34893.06434688548	1500.0	32.4489117608465	0.0	675709	1838.9431383714311	1.5
34894.986115697	1500.0	34.527142949327754	0.0	707527	1921.7688115187507	1.5
34901.02906957319	4000.0	32.484189073138054	0.0	2290706	6042.953876189702	4.0
34906.562420062415	4000.0	30.950838583911672	0.0	1947068	5533.350489226381	4.0
34914.51411466683	4000.0	26.9991439794913	0.0	2544033	7951.694604420368	4.0
34921.893208709815	4000.0	23.62004993650982	0.0	2125133	7379.094042981483	4.0
34925.9255873978	4000.0	23.587671248516735	0.0	1828568	4032.3786879930835	4.0
34929.86557010612	4000.0	23.647688540205916	0.0	1785821	3939.982708310818	4.0
34935.38500710145	4000.0	22.128251544872388	0.0	2096494	5519.43699533353	4.0
34941.001571714056	4000.0	20.511686932264876	0.0	1955307	5616.564612607512	4.0
34947.85131851943	4000.0	17.661940126898102	0.0	2142800	6849.746805366771	4.0
34954.24313456433	4000.0	15.270124082004662	0.0	2094647	6391.816044893439	4.0
34959.81031677979	4000.0	13.702941866538199	0.0	1985434	5567.182215466464	4.0
34964.44224754365	4000.0	13.071011102680288	0.0	1830641	4631.930763857909	4.0
34968.419378426486	4000.0	13.093880219841886	0.0	1697030	3977.130882838402	4.0
34973.00028075012	4000.0	12.512977896197816	0.0	1910697	4580.902323644071	4.0
34978.79060390342	4000.0	10.722654742905465	0.0	2171279	5790.32315329235	4.0
34984.19788858848	4000.0	9.31537005784317	0.0	2042818	5407.2846850622955	4.0
34988.77713083508	4000.0	8.736127811244067	0.0	1750852	4579.242246599105	4.0
34993.84856808664	4000.0	7.664690559679864	0.0	2034636	5071.4372515642035	4.0

