3638.533650219784	600.0	4.0	0.6769332970981672	247108	676.9332970981671	-12.938665941963345
3638.851877112316	200.0	7.681773107467464	0.0	98617	318.22689253253617	0.2
3639.6286721118627	600.0	10.904978107920403	0.0	288447	776.7949995470605	0.6
3641.444218206014	1500.0	13.089432013769363	0.0	718451	1815.5460941510403	1.5
3651.4573588863386	8000.0	7.0762913334446385	0.0	4143114	10013.140680324725	8.0
3652.318404437436	600.0	10.215245782347163	0.0	330929	861.0455510974747	0.6
3654.1399739441626	1500.0	12.393676275620706	0.0	737903	1821.5695067264573	1.5
3658.908513411129	4000.0	11.62513680865373	0.0	2058614	4768.539466966976	4.0
3662.0902549923735	4000.0	12.443395227409862	0.0	1857129	3181.7415812438676	4.0
3666.1338517271693	4000.0	12.399798492613728	0.0	2373154	4043.5967347961337	4.0
3670.9821977173233	4000.0	11.551452502459812	0.0	2094766	4848.345990153918	4.0
3677.8333966411506	4000.0	8.700253578632672	0.0	1761739	6851.19892382714	4.0
3679.0428301373768	600.0	11.49082008240676	0.0	294430	1209.4334962259118	0.6
3685.957601057483	4000.0	8.57604916230074	0.0	1805063	6914.770920106022	4.0
3687.0376502812614	600.0	11.49599993852187	0.0	264113	1080.0492237788717	0.6
3693.1544188741937	4000.0	9.379231345590187	0.0	2231719	6116.768592931682	4.0
3694.9743881231584	1500.0	11.559262096625076	0.0	735572	1819.9692489651095	1.5
3700.0857197512773	4000.0	10.447930468505918	0.0	2192675	5111.331628119157	4.0
3701.642805189586	1500.0	12.890845030197637	0.0	747396	1557.0854383082797	1.5
3706.0003520960445	4000.0	12.533298123738811	0.0	2164412	4357.546906458824	4.0
3711.3159154552095	4000.0	11.217734764573823	0.0	2379358	5315.563359164989	4.0
3716.9015511261564	4000.0	9.632099093627017	0.0	1950922	5585.635670946805	4.0
3719.2655274207805	1500.0	11.26812279900306	0.0	809327	2363.9762946239593	1.5
3722.9449173425996	4000.0	11.588732877184281	0.0	1822097	3679.3899218187785	4.0
3726.5110794008892	4000.0	12.02257081889454	0.0	1836837	3566.162058289741	4.0
3730.500280750783	4000.0	12.033369469000458	0.0	1984579	3989.2013498940814	4.0
3735.8357646627355	4000.0	10.697885557047975	0.0	2068230	5335.483911952483	4.0
3738.2390095885685	1500.0	12.294640631214987	0.0	914284	2403.2449258329893	1.5
3745.9395071999047	4000.0	8.594143019878395	0.0	2165436	7700.497611336592	4.0
3747.235867183834	600.0	11.297783035949106	0.0	302752	1296.359983929289	0.6
3754.225808980561	4000.0	8.30784123922238	0.0	2290706	6989.941796726725	4.0
3755.0473493861964	600.0	11.48630083358644	0.0	293409	821.5404056359386	0.6
3762.125441292392	4000.0	8.408208927391039	0.0	2544033	7078.091906195403	4.0
3763.54231154548	600.0	10.991338674303272	0.0	344336	1416.8702530877679	0.6
3766.2248283492463	1500.0	12.308821870537285	0.0	670327	2682.516803765985	1.5
3771.996755546882	4000.0	10.53689467290181	0.0	1785821	5771.927197635476	4.0
3773.408641043252	1500.0	13.125009176531997	0.0	681043	1411.8854963698143	1.5
3780.8015390802625	8000.0	9.732111139521214	0.0	3739359	7392.898037010781	8.0
3783.0248877661456	1500.0	11.508762453638276	0.0	691256	2223.348685882939	1.5
3789.7813194964933	4000.0	8.752330723290452	0.0	2094647	6756.431730347823	4.0
3790.866612137634	600.0	11.667038082149372	0.0	315398	1085.2926411410813	0.6
3794.9107640001785	4000.0	11.622886219605421	0.0	1830641	4044.1518625439503	4.0
3798.5814119769043	4000.0	11.952238242879687	0.0	1697030	3670.6479767257338	4.0
3802.8720937457224	4000.0	11.661556474061225	0.0	1910697	4290.681768818464	4.0
3808.1274276650097	4000.0	10.406222554773903	0.0	2171279	5255.333919287322	4.0
3810.0280887998733	1500.0	12.505561419910139	0.0	763847	1900.6611348637657	1.5
3813.547800755344	4000.0	12.98584946443957	0.0	1750852	3519.711955470569	4.0
3817.142421646032	4000.0	13.39122857375131	0.0	2034636	3594.620890688259	4.0

