7658.002661276922	600.0	4.0	0.8166051234280391	247108	816.6051234280392	-15.732102468560784
7658.376629045902	200.0	7.626032231020028	0.0	98617	373.96776897997205	0.2
7659.316461742688	600.0	10.686199534233817	0.0	288447	939.8326967862133	0.6
7661.5380949052405	1500.0	12.464566371681416	0.0	718451	2221.633162552399	1.5
7667.762741875289	4000.0	10.239919401632914	0.0	2069289	6224.646970048501	4.0
7669.655815007558	1500.0	12.34684626936404	0.0	689829	1893.0731322688744	1.5
7675.114486405153	4000.0	10.888174871768928	0.0	2046450	5458.671397595112	4.0
7677.2453517708145	1500.0	12.757309506107584	0.0	780303	2130.865365661344	1.5
7681.006507145962	4000.0	12.99615413096037	0.0	1857129	3761.1553751472134	4.0
7685.583459156952	4000.0	12.419202119969798	0.0	2373154	4576.952010990573	4.0
7689.705951039083	4000.0	12.296710237839125	0.0	2094766	4122.491882130673	4.0
7693.279991746126	4000.0	12.722669530795963	0.0	1761739	3574.040707043162	4.0
7697.586999208257	4000.0	12.415662068664421	0.0	2131310	4307.007462131542	4.0
7702.130587466462	4000.0	11.872073810459554	0.0	1805063	4543.588258204867	4.0
7707.77497144325	4000.0	10.227689833672255	0.0	2157416	5644.383976787299	4.0
7710.005167840517	1500.0	11.997493436405346	0.0	934743	2230.196397266909	1.5
7714.134381813113	4000.0	11.86827946381016	0.0	1835863	4129.2139725951865	4.0
7719.252838422392	4000.0	10.74982285453074	0.0	2192675	5118.45660927942	4.0
7721.766659401755	1500.0	12.23600187516818	0.0	747396	2513.8209793625592	1.5
7728.889951045821	4000.0	9.11271023110121	0.0	2164412	7123.29164406697	4.0
7731.568756923144	1500.0	10.433904353778656	0.0	835711	2678.8058773225534	1.5
7734.156395887615	1500.0	11.846265389306916	0.0	806394	2587.6389644717406	1.5
7739.670815425311	4000.0	10.331845851611225	0.0	1849252	5514.4195376956895	4.0
7741.173370325942	1500.0	12.829290950980065	0.0	681795	1502.554900631162	1.5
7745.085902796862	4000.0	12.916758480060446	0.0	1836837	3912.5324709196184	4.0
7749.304915490893	4000.0	12.69774578602981	0.0	1984579	4219.012694030636	4.0
7753.511111578126	4000.0	12.4915496987968	0.0	2068230	4206.196087233007	4.0
7757.6915876439125	4000.0	12.311073633010444	0.0	2055338	4180.476065786356	4.0
7763.6796924622395	4000.0	10.322968814682945	0.0	2165436	5988.1048183275	4.0
7766.038133037866	1500.0	11.964528239056497	0.0	707527	2358.440575626447	1.5
7772.233980452573	4000.0	9.768680824349994	0.0	2290706	6195.847414706503	4.0
7773.852272862232	1500.0	12.150388414690296	0.0	712239	1618.292409659697	1.5
7779.426870397363	4000.0	10.57579087955983	0.0	2544033	5574.597535130465	4.0
7781.086362190152	1500.0	12.91629908677089	0.0	755142	1659.4917927889396	1.5
7784.950699218517	4000.0	13.051962058404941	0.0	1828568	3864.3370283659506	4.0
7793.259740364021	8000.0	8.742920912901713	0.0	4086583	8309.041145503228	8.0
7793.89009671361	600.0	12.112564563312143	0.0	284947	630.3563495895704	0.6
7797.746643309457	4000.0	12.256017967464727	0.0	1955307	3856.546595847417	4.0
7802.290255708883	4000.0	11.712405568039282	0.0	2142800	4543.612399425446	4.0
7807.2081966391015	4000.0	10.79446463782015	0.0	2094647	4917.94093021913	4.0
7809.161368103144	1500.0	12.841293173778807	0.0	811013	1953.1714640413431	1.5
7813.953674944718	4000.0	12.048986332204441	0.0	1830641	4792.306841574367	4.0
7818.6023382910635	4000.0	11.400322985859038	0.0	1697030	4648.663346345403	4.0
7823.688907781342	4000.0	10.313753495580901	0.0	1910697	5086.569490278138	4.0
7825.388874323615	1500.0	12.613786953308349	0.0	629438	1699.9665422725518	1.5
7830.726416467483	4000.0	11.276244809440119	0.0	2042818	5337.542143868229	4.0
7834.677347819589	4000.0	11.325313457334087	0.0	1750852	3950.9313521060326	4.0
7839.232087135887	4000.0	10.770574141036027	0.0	2034636	4554.739316298059	4.0

