9490.242367306337	600.0	4.0	0.8617090434576299	247108	861.7090434576298	-16.634180869152598
9490.634335355686	200.0	7.6080319506504805	0.0	98617	391.9680493495196	0.2
9491.62681746253	600.0	10.615549843805606	0.0	288447	992.4821068448733	0.6
9493.979587441572	1500.0	12.262779864763333	0.0	718451	2352.7699790422716	1.5
9500.776622459083	4000.0	9.46574484725283	0.0	2069289	6797.035017510504	4.0
9503.491128724749	1500.0	10.75123858158867	0.0	689829	2714.5062656641603	1.5
9506.389233033138	1500.0	11.853134273198648	0.0	737903	2898.1043083900227	1.5
9514.110505169301	4000.0	8.131862137034945	0.0	2058614	7721.272136163702	4.0
9515.243944792455	600.0	10.998422513880675	0.0	290723	1133.4396231542712	0.6
9518.089024962761	1500.0	12.153342343575392	0.0	763093	2845.0801703052816	1.5
9526.074661423645	4000.0	8.167705882689466	0.0	2094766	7985.636460885927	4.0
9527.24895384259	600.0	10.993413463744012	0.0	285624	1174.2924189454527	0.6
9529.651034202729	1500.0	12.591333103608005	0.0	606092	2402.0803601360085	1.5
9536.547612981814	4000.0	9.694754324520627	0.0	1805063	6896.578779087378	4.0
9539.471761311457	1500.0	10.770605994878258	0.0	754517	2924.148329642369	1.5
9543.04327496364	1500.0	11.199092342695122	0.0	934743	3571.5136521831355	1.5
9549.951852237211	4000.0	8.290515069122499	0.0	1835863	6908.577273572624	4.0
9551.191619255496	600.0	11.050748050837404	0.0	297839	1239.7670182850943	0.6
9560.27897091662	4000.0	5.963396389712327	0.0	2082556	9087.351661125078	4.0
9560.73039686207	200.0	9.511970444263188	0.0	85876	451.425945449139	0.2
9564.34731524653	1500.0	9.895052059804316	0.0	835711	3616.918384458871	1.5
9567.834583844518	1500.0	10.407783461816624	0.0	806394	3487.268597987694	1.5
9571.313588865245	1500.0	10.928778441089639	0.0	809327	3479.005020726984	1.5
9573.750498380412	1500.0	12.491868925922411	0.0	681795	2436.909515167228	1.5
9580.18029355801	4000.0	10.06207374832324	0.0	1836837	6429.795177599171	4.0
9582.430221125545	1500.0	11.81214618078838	0.0	644861	2249.9275675348576	1.5
9589.247812492746	4000.0	8.99455481358895	0.0	2068230	6817.591367199431	4.0
9590.313616422298	600.0	11.92875088403586	0.0	302611	1065.8039295530898	0.6
9598.25694571584	4000.0	7.985421590491582	0.0	2165436	7943.329293544278	4.0
9599.462051861612	600.0	10.780315444721154	0.0	302752	1205.106145770428	0.6
9602.391204439638	1500.0	11.851162866694963	0.0	757473	2929.1525780261913	1.5
9610.20533750816	4000.0	8.037029798174606	0.0	1947068	7814.133068520358	4.0
9611.519550020572	600.0	10.722817285761497	0.0	310713	1314.2125124131082	0.6
9614.6781478262	1500.0	11.564219480133255	0.0	755142	3158.5978056282424	1.5
9622.253590669232	4000.0	7.9887766371027125	0.0	1828568	7575.4428430305425	4.0
9623.49987050745	600.0	10.742496798883359	0.0	275745	1246.2798382193555	0.6
9626.46038228413	1500.0	11.781985022204092	0.0	681043	2960.5117766792673	1.5
9634.729301486657	4000.0	7.513065819677655	0.0	1955307	8268.919202526436	4.0
9636.075368546593	600.0	10.166998759742519	0.0	309862	1346.0670599351363	0.6
9639.121103115915	1500.0	11.121264190422567	0.0	725845	3045.7345693199522	1.5
9646.544538802626	4000.0	7.6978285037121585	0.0	1985434	7423.435686710409	4.0
9647.657684973034	600.0	10.584682333304364	0.0	302912	1113.1461704077935	0.6
9650.353903770329	1500.0	11.888463536007356	0.0	767059	2696.2187972970096	1.5
9657.41110623667	4000.0	8.831261069666585	0.0	1910697	7057.20246634077	4.0
9658.593287942627	600.0	11.649079363710218	0.0	290170	1182.1817059563662	0.6
9666.695017958911	4000.0	7.547349347426097	0.0	2042818	8101.73001628412	4.0
9667.823428776914	600.0	10.418938529423386	0.0	256094	1128.4108180027124	0.6
9671.213864516238	1500.0	11.028502790099383	0.0	808636	3390.435739324003	1.5

