7530.936624199101	600.0	4.0	0.932482373488001	247108	932.482373488001	-18.049647469760018
7533.543302221482	1500.0	5.3933219776191805	0.0	732405	2606.678022380819	1.5
7535.844469560148	1500.0	7.092154638952974	0.0	643847	2301.1673386662064	1.5
7538.40300855409	1500.0	8.53361564501175	0.0	718451	2558.5389939412235	1.5
7540.973087919663	1500.0	9.96353627943932	0.0	724296	2570.0793655724315	1.5
7543.397351969618	1500.0	11.539272229483922	0.0	689829	2424.2640499553972	1.5
7545.984987159288	1500.0	12.951637039814834	0.0	737903	2587.635189669088	1.5
7548.7167113851065	1500.0	14.219912813996048	0.0	780303	2731.7242258187844	1.5
7551.940571318054	1500.0	14.996052881048659	0.0	891463	3223.8599329473886	1.5
7554.882952750477	1500.0	16.05367144862573	0.0	763093	2942.3814324229284	1.5
7557.848676815652	1500.0	17.08794738345166	0.0	769316	2965.7240651740713	1.5
7560.721000341616	1500.0	18.215623857487532	0.0	744416	2872.323525964131	1.5
7562.80469802492	1500.0	20.13192617418325	0.0	606092	2083.697683304282	1.5
7565.317699183669	1500.0	21.618925015434694	0.0	748011	2513.0011587485515	1.5
7567.851861937018	1500.0	23.084762262085505	0.0	754517	2534.16275334919	1.5
7570.972232736555	1500.0	23.964391462549003	0.0	934743	3120.3707995365003	1.5
7573.4724619409735	1500.0	25.46416225813111	0.0	735572	2500.2292044178926	1.5
7580.779323615708	4000.0	22.157300583396324	0.0	2192675	7306.861674734782	4.0
7587.594936443437	4000.0	19.34168775566709	0.0	2082556	6815.612827729236	4.0
7595.193399488225	4000.0	15.743224710879625	0.0	2164412	7598.463044787463	4.0
7604.017755634513	4000.0	10.918868564590245	0.0	2379358	8824.356146289381	4.0
7610.716940502404	4000.0	8.219683696699326	0.0	1950922	6699.18486789092	4.0
7617.075389703375	4000.0	5.86123449572908	0.0	1849252	6358.449200970245	4.0
7619.470483081983	1500.0	7.4661411171212695	0.0	681795	2395.09337860781	1.5
7622.50422526305	1500.0	8.432398936054282	0.0	855209	3033.7421810669875	1.5
7625.016114390257	1500.0	9.92050980884755	0.0	644861	2511.8891272067317	1.5
7628.090486841762	1500.0	10.846137357342611	0.0	794014	3074.372451504938	1.5
7631.618419526138	1500.0	11.318204672967095	0.0	914284	3527.932684375516	1.5
7634.003040205709	1500.0	12.933583993396189	0.0	675709	2384.6206795709054	1.5
7636.413162264865	1500.0	14.523461934239695	0.0	707527	2410.122059156495	1.5
7638.987773136981	1500.0	15.948851062123932	0.0	757473	2574.6108721157607	1.5
7641.4134133815105	1500.0	17.523210817593952	0.0	712239	2425.6402445299796	1.5
7643.420660937213	1500.0	19.515963261891287	0.0	633700	2007.247555702665	1.5
7645.563291662583	1500.0	21.37333253652126	0.0	755142	2142.6307253700256	1.5
7650.637929148285	4000.0	20.298695050818683	0.0	1828568	5074.637485702579	4.0
7656.0012406128535	4000.0	18.93538358625144	0.0	1785821	5363.311464567241	4.0
7662.663897703006	4000.0	16.272726496098763	0.0	2096494	6662.657090152675	4.0
7668.898530020403	4000.0	14.038094178701956	0.0	1955307	6234.6323173968085	4.0
7675.726132098718	4000.0	11.2104921003866	0.0	2142800	6827.6020783153535	4.0
7682.405134205556	4000.0	8.531489993548236	0.0	2094647	6679.002106838365	4.0
7688.774991540265	4000.0	6.161632658839917	0.0	1985434	6369.857334708318	4.0
7690.94023250412	1500.0	7.996391694984495	0.0	657685	2165.2409638554213	1.5
7693.452487835935	1500.0	9.484136363169663	0.0	767059	2512.255331814832	1.5
7696.299379493596	1500.0	10.637244705509433	0.0	848035	2846.8916576602296	1.5
7698.433052692478	1500.0	12.503571506626912	0.0	629438	2133.6731988825222	1.5
7705.3405408127755	4000.0	9.596083386329354	0.0	2042818	6907.4881202975575	4.0
7711.7538813806905	4000.0	7.182742818414721	0.0	1750852	6413.340567914633	4.0
7714.731508492284	1500.0	8.205115706821307	0.0	808636	2977.6271115934146	1.5

