24558.080051094625	600.0	4.0	0.5880345394736842	247108	588.0345394736843	0.016747467	-11.160690789473685
24558.362799861072	200.0	7.7172512335526315	0.0	98617	282.74876644736844	0.004705182	0.2
24558.661706111074	200.0	11.418344983552632	0.0	106476	298.90625	0.004705182	0.2
24558.978609893966	200.0	15.101441200657895	0.0	115230	316.9037828947369	0.004705182	0.2
24559.259387032125	200.0	18.8206640625	0.0	97658	280.77713815789474	0.004705182	0.2
24559.540164170285	200.0	22.539886924342106	0.0	97658	280.77713815789474	0.004705182	0.2
24559.858223380812	200.0	26.22182771381579	0.0	115792	318.05921052631584	0.004705182	0.2
24560.159592624233	200.0	29.92045847039474	0.0	107674	301.36924342105266	0.004705182	0.2
24560.435532180152	200.0	33.64451891447368	0.0	95305	275.93955592105266	0.004705182	0.2
24560.732277657124	200.0	37.347773437499995	0.0	105425	296.7454769736842	0.021346206	0.2
24561.008340568307	200.0	41.071710526315776	0.0	95365	276.0629111842105	0.004705182	0.2
24561.284356193308	200.0	44.79569490131578	0.0	95342	276.015625	0.004705182	0.2
24561.5749215716	200.0	48.505129523026305	0.0	102419	290.5653782894737	0.017673153	0.2
24561.82117773936	200.0	52.25887335526315	0.0	80867	246.25616776315792	0.004705182	0.2
24562.071305206468	200.0	56.00874588815788	0.0	82750	250.12746710526315	0.01879468	0.2
24573.54865887524	12000.0	48.53139221938775	0.0	5443841	11477.35366877014	0.004705182	12.0
24573.821722247954	200.0	52.25832884667024	0.0	89871	273.06337271750806	0.004705182	0.2
24583.150264835895	12000.0	46.92978625873089	0.0	4055239	9328.542587939344	0.004705182	12.0
24583.454068894418	200.0	50.62598220020691	0.0	90919	303.80405852397735	0.03282333	0.2
24583.7454592235	200.0	54.33459187112493	0.0	85876	291.3903290819859	0.38524535	0.2
24595.89864526701	12000.0	46.1814058276162	0.0	5251330	12153.186043508722	0.0063380017	12.0
24596.192157725196	200.0	49.887893369427935	0.0	97742	293.51245818827226	0.024562413	0.2
24608.875967192118	12000.0	41.2040839025056	0.0	5141915	12683.809466922328	0.004705182	12.0
24609.174725782017	200.0	44.90532531260462	0.0	85752	298.758589900987	0.004705182	0.2
24609.49522710753	200.0	48.584823987089734	0.0	94556	320.5013255148798	0.004705182	0.2
24616.359394360734	8000.0	45.720656733889875	0.0	3253093	6864.167253199865	0.004705182	8.0
24627.661231185695	12000.0	38.418819908924256	0.0	5138482	11301.836824965616	0.004705182	12.0
24635.22969707909	8000.0	34.85035401553181	0.0	3354913	7568.465893392442	0.004705182	8.0
24643.86923250274	8000.0	30.210818591879352	0.0	3811227	8639.535423652456	0.84118414	8.0
24656.34171584469	12000.0	21.73833524992748	0.0	5411094	12472.483341951873	0.2848192	12.0
24656.639739913124	200.0	25.44031118149193	0.0	93982	298.0240684355517	0.043093078	0.2
24664.701873460483	8000.0	21.378177634134186	0.0	3568902	8062.133547357743	0.06048076	8.0
24666.16365001476	1500.0	23.91640107985361	0.0	633700	1461.7765542805744	0.15515946	1.5
24666.438633797366	200.0	27.64141729724847	0.0	89422	274.9837826051405	0.3962038	0.2
24666.754617334667	200.0	31.32543375994846	0.0	108225	315.9835373000082	0.09106359	0.2
24667.026044737977	200.0	35.05400635663957	0.0	87791	271.42740330889364	0.25495842	0.2
24667.328646607744	200.0	38.75140448686934	0.0	102088	302.60186977023085	0.23996592	0.2
24675.863214197987	8000.0	34.2168368966289	0.0	3739359	8534.567590240442	0.37676874	8.0
24688.222002155657	12000.0	25.858048938956454	0.0	5257310	12358.787957672444	0.004705182	12.0
24688.541722394275	200.0	29.538328700336454	0.0	101968	319.7202386200006	0.13990617	0.2
24700.726948281917	12000.0	21.353102812693702	0.0	4828747	12185.22588764275	0.06448659	12.0
24704.586532983194	4000.0	21.49351811141722	0.0	1830641	3859.584701276484	0.03467289	4.0
24708.162320396932	4000.0	21.917730697677392	0.0	1697030	3575.787413739829	0.038750768	4.0
24712.347468125237	4000.0	21.732582969371933	0.0	1910697	4185.147728305459	0.016818322	4.0
24721.110831923073	8000.0	16.969219171534366	0.0	3682991	8763.363797837565	0.042718135	8.0
24725.127371487088	4000.0	16.952679607521357	0.0	2042818	4016.5395640130073	0.038078506	4.0
24728.581288384594	4000.0	17.498762710014432	0.0	1750852	3453.9168975069256	0.007865677	4.0
24741.161438328745	12000.0	8.91861276586154	0.0	5646381	12580.14994415289	0.017276607	12.0

