10655.159979617023	600.0	4.0	0.6598020266604098	247108	659.8020266604098	-12.596040533208196
10656.958458595189	1500.0	6.201521021835726	0.0	732405	1798.478978164274	1.5
10658.54914944882	1500.0	8.610830168204014	0.0	643847	1590.690853631711	1.5
10660.314887449436	1500.0	10.845092167588096	0.0	718451	1765.7380006159174	1.5
10662.094339869844	1500.0	13.065639747180711	0.0	724296	1779.4524204073853	1.5
10663.792920620968	1500.0	15.367058996055196	0.0	689829	1698.5807511255152	1.5
10665.681512218693	1500.0	17.478467398330118	0.0	737903	1888.5915977250795	1.5
10667.852181207423	1500.0	19.307798409599943	0.0	780303	2170.6689887301773	1.5
10670.320681634437	1500.0	20.839297982585858	0.0	891463	2468.5004270140835	1.5
10672.445239800452	1500.0	22.71473981656948	0.0	763093	2124.558166016377	1.5
10674.586471275577	1500.0	24.573508341445145	0.0	769316	2141.2314751243366	1.5
10676.689141240126	1500.0	26.470838376897774	0.0	744416	2102.6699645473695	1.5
10678.431118651906	1500.0	28.728860965116937	0.0	606092	1741.977411780836	1.5
10680.56225508955	1500.0	30.597724527474476	0.0	748011	2131.1364376424617	1.5
10682.711231764386	1500.0	32.448747852638576	0.0	754517	2148.9766748359016	1.5
10685.354409882262	1500.0	33.80556973476167	0.0	934743	2643.1781178769133	1.5
10687.22863401566	1500.0	35.93134560136306	0.0	735572	1874.224133398604	1.5
10689.130599851562	1500.0	38.02937976546276	0.0	772616	1901.9658359003079	1.5
10690.973092445409	1500.0	40.18688717161465	0.0	747396	1842.492593848104	1.5
10692.615029098859	1500.0	42.5449505181636	0.0	662349	1641.936653451046	1.5
10694.665784157887	1500.0	44.49419545913547	0.0	835711	2050.755059028136	1.5
10696.706525998503	1500.0	46.45345361851933	0.0	806394	2040.741840616131	1.5
10698.986456683835	1500.0	48.17352293318755	0.0	809327	2279.930685331793	1.5
10700.919727045019	1500.0	50.24025257200376	0.0	681795	1933.2703611837858	1.5
10703.324375205122	1500.0	51.83560441190046	0.0	855209	2404.648160103293	1.5
10705.15725074452	1500.0	54.00272887250323	0.0	644861	1832.8755393972342	1.5
10707.41330364517	1500.0	55.746675971853975	0.0	794014	2256.052900649257	1.5
10710.03850486309	1500.0	57.12147475393314	0.0	914284	2625.201217920835	1.5
10711.999556450737	1500.0	59.160423166286336	0.0	675709	1961.0515876468032	1.5
10715.549183592973	1500.0	59.610796024050586	0.0	707527	2049.627142235755	1.5
10719.176611245148	1500.0	59.98336837187623	0.0	757473	2127.4276521743495	1.5
10723.57909745155	1500.0	59.580882165476005	0.0	712239	1902.4862064002305	1.5
10725.421056542533	1500.0	59.87936255057732	0.0	633700	1701.519614898687	1.5
10729.463133224519	1500.0	59.83728586859157	0.0	755142	2042.076681985742	1.5
10733.784836077764	1500.0	59.515583015346145	0.0	670327	1821.7028532454249	1.5
10737.436233130957	1500.0	59.864185962154814	0.0	785519	2151.3970531913264	1.5
10741.425387241265	1500.0	59.87503185184575	0.0	681043	1989.1541103090617	1.5
10745.433714384022	1500.0	59.86670470908872	0.0	866245	2508.3271427570257	1.5
10749.773060608399	1500.0	59.527358484711094	0.0	691256	2339.3462243776335	1.5
10753.774763836358	1500.0	59.52565525675213	0.0	725845	2501.703227958962	1.5
10757.37913810112	1500.0	59.92128099199018	0.0	811013	2604.3742647619542	1.5
10761.531207360273	1500.0	59.76921173283605	0.0	657685	1652.0692591541301	1.5
10765.444714090481	1500.0	59.85570500262705	0.0	767059	1913.5067302090024	1.5
10769.66678215068	1500.0	59.63363694242851	0.0	848035	2222.068060198535	1.5
10773.375709786304	1500.0	59.92470930680595	0.0	629438	1708.9276356225537	1.5
10776.544334030112	1500.0	59.86794354482879	0.0	763847	2056.7657619771617	1.5
10780.893215056207	1500.0	59.519062518734145	0.0	769491	2348.881026094648	1.5
10784.857516987506	1500.0	59.55476058743531	0.0	808636	2464.301931298836	1.5

