20757.94472875461	600.0	4.0	0.5968677281878317	247108	596.8677281878317	0.02105372	-11.337354563756636
20758.231002710738	200.0	7.713726043872723	0.0	98617	286.273956127278	0.004705182	0.2
20758.533715080335	200.0	11.411013674275107	0.0	106476	302.7123695976155	0.004705182	0.2
20758.854737905654	200.0	15.089990848955475	0.0	115230	321.02282531963294	0.004705182	0.2
20759.139005952824	200.0	18.805722801788374	0.0	97658	284.2680471670981	0.004705182	0.2
20759.423273999993	200.0	22.521454754621278	0.0	97658	284.2680471670981	0.004705182	0.2
20759.745472342347	200.0	26.19925641226763	0.0	115792	322.1983423536487	0.004705182	0.2
20760.050690529395	200.0	29.894038225220278	0.0	107674	305.2181870473501	0.004705182	0.2
20775.089092617804	12000.0	18.855636136812695	0.0	6619479	15038.402088407582	0.004705182	12.0
20775.43113201381	200.0	22.513596740802008	0.0	105425	342.0393960106879	0.004705182	0.2
20777.423307493835	1500.0	24.521421260779636	0.0	769316	1992.17548002237	0.86892676	1.5
20777.74028506172	200.0	28.20444369289298	0.0	95342	316.9775678866588	0.004705182	0.2
20779.274917708848	1500.0	30.669811045767894	0.0	606092	1534.6326471250884	0.004705182	1.5
20781.111482126027	1500.0	32.833246628589976	0.0	748011	1836.5644171779143	0.004705182	1.5
20782.9633246716	1500.0	34.98140408301801	0.0	754517	1851.8425455719612	0.004705182	1.5
20785.23839438716	1500.0	36.7063343674575	0.0	934743	2275.069715560513	0.004705182	1.5
20798.432234488824	12000.0	27.512494265796217	0.0	5964284	13193.840101661286	0.004705182	12.0
20800.452634678353	1500.0	29.492094076266614	0.0	772616	2020.400189529603	0.004705182	1.5
20802.463266903087	1500.0	31.481461851533002	0.0	747396	2010.6322247336132	0.004705182	1.5
20802.765097061307	200.0	35.17963169331537	0.0	85876	301.83015821762996	0.37861124	0.2
20805.003859734865	1500.0	36.94086901976032	0.0	835711	2238.7626735550534	0.004705182	1.5
20813.80675735211	8000.0	32.13797140251508	0.0	3905272	8802.897617245242	0.0062172785	8.0
20815.50676811112	1500.0	34.43796064350441	0.0	809327	1700.0107590106716	0.004705182	1.5
20816.95150107498	1500.0	36.99322767964718	0.0	681795	1444.7329638572305	0.05043447	1.5
20828.935784066667	8000.0	29.008944687958863	0.0	4925863	11984.282991688317	0.005579029	8.0
20830.41870744072	1500.0	31.52602131390651	0.0	644861	1482.9233740523487	0.004705182	1.5
20839.26961951623	8000.0	26.6751092383961	0.0	4274504	8850.912075510414	0.005335525	8.0
20839.562517843922	200.0	30.38221091070553	0.0	103756	292.8983276905715	0.72632504	0.2
20848.641363056406	8000.0	25.303365698218098	0.0	3811227	9078.84521248743	0.2218771	8.0
20850.355489057656	1500.0	27.58923969696783	0.0	707527	1714.126001250267	0.5444574	1.5
20859.396824672665	8000.0	22.547904081958855	0.0	4025712	9041.335615008975	0.004705182	8.0
20861.11794458946	1500.0	24.826784165165563	0.0	712239	1721.1199167932932	0.016685415	1.5
20869.86371408385	8000.0	20.081014670772888	0.0	3713878	8745.769494392673	0.006985735	8.0
20871.620131039705	1500.0	22.324597714919364	0.0	755142	1756.4169558535245	0.6456126	1.5
20879.899717505872	8000.0	18.04501124875395	0.0	3707853	8279.586466165414	0.0076979464	8.0
20881.84738868019	1500.0	20.09734007443477	0.0	785519	1947.6711743191822	0.6958986	1.5
20892.00894869265	8000.0	13.935780061972373	0.0	4018228	10161.560012462394	0.02703943	8.0
20894.847910393426	1500.0	15.096818361200018	0.0	866245	2838.9617007723546	0.028911928	1.5
20901.313938761246	4000.0	12.630789993377574	0.0	2142800	6466.028367822443	0.49535394	4.0
20902.916324551374	1500.0	15.028404203248453	0.0	725845	1602.3857901291212	0.02652815	1.5
20909.686902253412	8000.0	12.257826501210042	0.0	3189942	6770.577702038409	0.6968489	8.0
20913.689663418656	4000.0	12.255065335965915	0.0	1830641	4002.7611652441274	0.3284362	4.0
20917.431149185337	4000.0	12.513579569281719	0.0	1697030	3741.4857666841967	0.20784801	4.0
20921.582209421318	4000.0	12.362519333300032	0.0	1910697	4151.0602359816885	0.027941199	4.0
20926.032298985574	4000.0	11.912429769045225	0.0	2171279	4450.089564254806	0.66845775	4.0
20930.223837679347	4000.0	11.720891075274471	0.0	2042818	4191.538693770756	0.12088945	4.0
20933.87334903564	4000.0	12.071379718978896	0.0	1750852	3649.511356295574	0.667237	4.0
20938.117085813796	4000.0	11.82764294082452	0.0	2034636	4243.736778154377	0.5827473	4.0

