6922.800982667339	600.0	4.0	0.5982838041554698	247108	598.2838041554697	-11.365676083109395
6923.087821757592	200.0	7.713160909746346	0.0	98617	286.8390902536541	0.2
6923.391144298065	200.0	11.409838369273121	0.0	106476	303.32254047322544	0.2
6923.712827459894	200.0	15.088155207445762	0.0	115230	321.68316182735794	0.2
6923.997655145546	200.0	18.803327521793275	0.0	97658	284.82768565248745	0.2
6925.524501052342	1500.0	21.276481614996396	0.0	689829	1526.8459067968804	1.5
6925.8473629517985	200.0	24.95361971554041	0.0	115792	322.86189945598744	0.2
6927.563968837621	1500.0	27.237013829717508	0.0	780303	1716.6058858229012	1.5
6928.253730651871	600.0	30.547252015468313	0.0	290723	689.7618142491972	0.6
6946.4088343958765	12000.0	16.39214827146267	0.0	5088378	18155.103744005643	12.0
6946.813177563974	200.0	19.98780510336472	0.0	95365	404.34316809795087	0.2
6947.217442507431	200.0	23.583540159907532	0.0	95342	404.264943457189	0.2
6947.645776832744	200.0	27.15520583459506	0.0	102419	428.3343253124734	0.2
6948.00081126859	200.0	30.800171398747768	0.0	80867	355.03443584729195	0.2
6948.362249921766	200.0	34.43873274557202	0.0	82750	361.4386531757504	0.2
6948.763232831382	200.0	38.03774983595549	0.0	94377	400.9829096165292	0.2
6949.148890513552	200.0	41.6520921537856	0.0	89871	385.6576821698835	0.2
6959.410406657258	12000.0	35.39057601008012	0.0	4055239	10261.516143705485	12.0
6959.680578958354	200.0	39.12040370898461	0.0	90919	270.17230109551076	0.2
6959.940202981154	200.0	42.86077968618544	0.0	85876	259.6240227991738	0.2
6976.422933729712	12000.0	30.378048937627394	0.0	5251330	16482.730748558042	12.0
6976.71823337039	200.0	34.0827492969484	0.0	97742	295.29964067899283	0.2
6987.56839819964	12000.0	27.232584467698654	0.0	5141915	10850.16482924975	12.0
6988.9456037077625	1500.0	29.85537895957679	0.0	681795	1377.2055081218637	1.5
6989.205509051782	200.0	33.595473615557	0.0	94556	259.9053440197874	0.2
6995.6360985203155	8000.0	31.164884147023415	0.0	3253093	6430.589468533585	8.0
7007.262678423735	12000.0	23.538304243603605	0.0	5138482	11626.579903419808	12.0
7015.613121541501	8000.0	19.187861125838054	0.0	3354913	8350.443117765548	8.0
7015.884125402505	200.0	22.916857264834196	0.0	93993	271.00386100386106	0.2
7016.579349950361	600.0	26.221632716978068	0.0	302752	695.224547856127	0.6
7017.147811645139	600.0	29.65317102220058	0.0	240372	568.4616947774842	0.6
7018.675157713012	1500.0	32.1258249543282	0.0	712239	1527.3460678723836	1.5
7030.985281803293	12000.0	23.815700864046576	0.0	5639869	12310.124090281624	12.0
7032.819513672622	1500.0	25.98146899471808	0.0	755142	1834.2318693284938	1.5
7033.560307284237	600.0	29.240675383102836	0.0	284451	740.7936116152449	0.6
7045.271569063821	12000.0	21.529413603519227	0.0	6068110	11711.26177958361	12.0
7047.067636971472	1500.0	23.733345695868593	0.0	681043	1796.0679076506349	1.5
7052.074549945109	4000.0	22.72643272223163	0.0	1955307	5006.912973636965	4.0
7064.700240769175	12000.0	14.10074189816555	0.0	5257310	12625.690824066078	12.0
7065.019293635193	200.0	17.7816890321475	0.0	101968	319.0528660180518	0.2
7075.8451798130345	12000.0	10.955802854306073	0.0	4828747	10825.886177841427	12.0
7076.405836674043	200.0	14.395145993298335	0.0	101713	560.6568610077383	0.2
7084.505353479525	4000.0	10.295629187816619	0.0	1697030	8099.516805481718	4.0
7085.043681791889	200.0	13.75730087545322	0.0	96988	538.3283123634001	0.2
7085.526370668964	200.0	17.27461199837838	0.0	85214	482.688877074842	0.2
7086.615312904917	600.0	20.185669762424858	0.0	288236	1088.9422359535206	0.6
7092.278053095036	4000.0	18.522929572305486	0.0	1750852	5662.7401901193725	4.0
7097.811546501997	4000.0	16.989436165345193	0.0	2034636	5533.493406960294	4.0

