25032.104580010116	600.0	4.0	0.5995778960509889	247108	599.5778960509889	-11.391557921019778
25032.39193555253	200.0	7.712644457585912	0.0	98617	287.35554241408767	0.2
25033.078434271236	600.0	11.026145738879034	0.0	288447	686.4987187068796	0.6
25037.469041801298	4000.0	10.635538208817925	0.0	2050098	4390.607530061108	4.0
25039.07197182298	1500.0	13.032608187134503	0.0	724296	1602.930021683422	1.5
25047.18948670901	8000.0	8.915093301104976	0.0	4224313	8117.514886029527	8.0
25047.862737655927	600.0	12.241842354188814	0.0	327938	673.2509469161627	0.6
25051.66684009247	4000.0	12.43773991764633	0.0	2058614	3804.102436542484	4.0
25056.148119061156	4000.0	11.956460948959656	0.0	1857129	4481.278968686675	4.0
25062.07323597746	4000.0	10.031344032656026	0.0	2373154	5925.116916303628	4.0
25063.565168595025	1500.0	12.539411415091429	0.0	769316	1491.932617564598	1.5
25066.72439168388	4000.0	13.38018832623604	0.0	1761739	3159.2230888553886	4.0
25074.129171600856	8000.0	9.975408409259911	0.0	4206019	7404.7799169761265	8.0
25075.494952372443	1500.0	12.609627637673873	0.0	748011	1365.780771586038	1.5
25079.283405869934	4000.0	12.82117414018244	0.0	2157416	3788.4534974914327	4.0
25083.273816351826	4000.0	12.830763658290518	0.0	2231719	3990.410481891923	4.0
25087.07461032231	4000.0	13.029969687804735	0.0	1835863	3800.7939704857813	4.0
25095.44062889216	8000.0	8.663951117957101	0.0	4260556	8366.018569847634	8.0
25096.107586573526	600.0	11.996993436591525	0.0	330105	666.9576813655761	0.6
25100.03611431179	4000.0	12.068465698326944	0.0	2164412	3928.5277382645804	4.0
25104.527717174045	4000.0	11.576862836073072	0.0	2379358	4491.6028622538715	4.0
25108.61670127412	4000.0	11.487878735998581	0.0	1950922	4088.984100074491	4.0
25112.496761894192	4000.0	11.607818115927174	0.0	1849252	3880.0606200714087	4.0
25115.871988983305	4000.0	12.232591026816038	0.0	1822097	3375.2270891111343	4.0
25119.141288169412	4000.0	12.963291840706436	0.0	1836837	3269.299186109604	4.0
25122.667111717976	4000.0	13.43746829214431	0.0	1984579	3525.823548562127	4.0
25131.394493595777	8000.0	8.710086414345001	0.0	4274504	8727.381877799307	8.0
25132.098924656275	600.0	12.005655353846414	0.0	302611	704.4310604985877	0.6
25136.25282850974	4000.0	11.851751500382218	0.0	2165436	4153.903853464197	4.0
25139.88763458057	4000.0	12.21694542955591	0.0	2002600	3634.806070826307	4.0
25144.031955965474	4000.0	12.07262404464776	0.0	2290706	4144.32138490815	4.0
25147.433747315812	4000.0	12.670832694310816	0.0	1947068	3401.7913503369446	4.0
25151.853989574618	4000.0	12.250590435503343	0.0	2544033	4420.242258807473	4.0
25155.428183656968	4000.0	12.676396353152642	0.0	2125133	3574.1940823506984	4.0
25158.32068911239	4000.0	13.783890897733272	0.0	1828568	2892.5054554193703	4.0
25164.716369773727	8000.0	11.388210236395514	0.0	4086583	6395.680661337758	8.0
25168.343624408204	4000.0	11.760955601919028	0.0	2096494	3627.254634476487	4.0
25171.731991528537	4000.0	12.37258848158655	0.0	1955307	3388.367120332477	4.0
25175.65434237743	4000.0	12.450237632692145	0.0	2142800	3922.350848894404	4.0
25180.22381365042	4000.0	11.880766359701829	0.0	2094647	4569.471272990316	4.0
25184.559207951905	4000.0	11.545372058218927	0.0	1985434	4335.394301482901	4.0
25188.173011892617	4000.0	11.931568117506252	0.0	1830641	3613.803940712674	4.0
25191.506832235824	4000.0	12.597747774298506	0.0	1697030	3333.820343207746	4.0
25195.221203124132	4000.0	12.88337688599213	0.0	1910697	3714.370888306377	4.0
25198.92619415047	4000.0	13.17838585965547	0.0	2171279	3704.9910263366587	4.0
25205.595440879453	8000.0	10.509139130673926	0.0	3954105	6669.246728981545	8.0
25206.92301966469	1500.0	13.1815603454359	0.0	769491	1327.5787852380279	1.5
25214.049696194288	8000.0	10.05488381583697	0.0	4346302	7126.67652959893	8.0

