24302.95291281206	600.0	4.0	0.8688208770599737	247108	868.8208770599737	-16.77641754119947
24303.34771908475	200.0	7.605193727305376	0.0	98617	394.80627269462514	0.2
24304.34850277255	600.0	10.60441003950361	0.0	288447	1000.7836878017638	0.6
24306.721949961408	1500.0	12.230962850644428	0.0	718451	2373.447188859184	1.5
24313.526497177885	4000.0	9.42641563417098	0.0	2069289	6804.547216473448	4.0
24316.09219949529	1500.0	10.860713316759993	0.0	689829	2565.7023174109863	1.5
24318.831129747752	1500.0	12.121783064299574	0.0	737903	2738.9302524604195	1.5
24326.79208044804	4000.0	8.160832364010087	0.0	2058614	7960.950700289488	4.0
24328.05421163308	600.0	10.898701178973617	0.0	290723	1262.1311850364684	0.6
24331.237082862335	1500.0	11.715829949717474	0.0	763093	3182.871229256143	1.5
24337.758289693542	4000.0	9.194623118512663	0.0	2094766	6521.206831204811	4.0
24339.95040772447	1500.0	11.002505087586291	0.0	744416	2192.1180309263727	1.5
24347.171099759267	4000.0	7.781813052790159	0.0	2131310	7220.692034796132	4.0
24348.2884093768	600.0	10.664503435256018	0.0	266809	1117.30961753414	0.6
24351.301847681705	1500.0	11.651065130352485	0.0	754517	3013.438304903533	1.5
24359.244011685714	4000.0	7.708901126344987	0.0	2231719	7942.164004007498	4.0
24360.487411182025	600.0	10.465501630037306	0.0	340687	1243.3994963076793	0.6
24363.205789122007	1500.0	11.747123690053526	0.0	772616	2718.3779399837795	1.5
24369.67819597683	4000.0	9.274716835229505	0.0	2082556	6472.40685482402	4.0
24371.78055848208	1500.0	11.172354329981614	0.0	662349	2102.362505247891	1.5
24380.75546483534	4000.0	6.197447976724021	0.0	2379358	8974.906353257593	4.0
24381.22463293289	200.0	9.728279879175185	0.0	97742	469.1680975488366	0.2
24384.520550996593	1500.0	10.432361815467727	0.0	809327	3295.918063707458	1.5
24387.285972689275	1500.0	11.666940122788885	0.0	681795	2765.421692678844	1.5
24394.665239807317	4000.0	8.287673004748994	0.0	1836837	7379.267118039889	4.0
24395.726028865705	600.0	11.226883946358674	0.0	221407	1060.7890583903209	0.6
24404.914289591834	4000.0	6.038623220229143	0.0	2068230	9188.26072612953	4.0
24405.419878845045	200.0	9.533033967018183	0.0	103756	505.58925321096217	0.2
24408.271520858016	1500.0	10.68139195404615	0.0	675709	2851.642012972031	1.5
24411.25367483038	1500.0	11.699237981682217	0.0	707527	2982.153972363935	1.5
24421.019017724746	4000.0	5.933895087317893	0.0	2290706	9765.342894364323	4.0
24421.607982538615	200.0	9.344930273447419	0.0	118522	588.9648138704742	0.2
24424.409257935164	1500.0	10.543654876898934	0.0	633700	2801.275396548485	1.5
24428.44961641286	1500.0	10.503296399198645	0.0	755142	4040.3584777002884	1.5
24432.113653839762	1500.0	10.83925897229806	0.0	670327	3664.037426900585	1.5
24435.67009909778	1500.0	11.282813714280016	0.0	785519	3556.445258018044	1.5
24441.286218983572	4000.0	9.666693828488397	0.0	2096494	5616.119885791619	4.0
24443.653674216195	1500.0	11.29923859586309	0.0	866245	2367.4552326253074	1.5
24449.749860986627	4000.0	9.203051825431576	0.0	2142800	6096.186770431513	4.0
24451.910316720925	1500.0	11.04259609113327	0.0	725845	2160.4557342983053	1.5
24457.587244329374	4000.0	9.365668482684084	0.0	1985434	5676.927608449185	4.0
24459.475996778754	1500.0	11.476916033304594	0.0	657685	1888.7524493794906	1.5
24464.223135559732	4000.0	10.729777252322092	0.0	1697030	4747.138780982502	4.0
24466.99581469717	1500.0	11.9570981148879	0.0	848035	2772.679137434192	1.5
24475.134190517725	4000.0	7.8187222943316605	0.0	2171279	8138.37582055624	4.0
24476.348014811494	600.0	10.60489800056179	0.0	288236	1213.8242937698712	0.6
24479.63589808403	1500.0	11.31701472802401	0.0	769491	3287.88327253778	1.5
24487.935136270877	4000.0	7.017776541176472	0.0	2034636	8299.238186847537	4.0

