31321.87151877811	600.0	4.0	0.8320453464706218	247108	832.0453464706218	-16.040906929412433
31322.89412277636	600.0	6.9773960017499475	0.0	309722	1022.6039982500523	0.6
31323.851978710016	600.0	10.01954006809579	0.0	288447	957.8559336541571	0.6
31326.118503351943	1500.0	11.753015426169325	0.0	718451	2266.5246419264645	1.5
31328.402816592577	1500.0	13.468702185532496	0.0	724296	2284.3132406368286	1.5
31330.58223340349	1500.0	15.28928537462195	0.0	689829	2179.416810910544	1.5
31332.828454029775	1500.0	17.043064748335773	0.0	737903	2246.220626286181	1.5
31335.138926749252	1500.0	18.73259202885887	0.0	780303	2310.4727194769002	1.5
31337.767146994367	1500.0	20.10437178374507	0.0	891463	2628.220245113803	1.5
31340.028425445074	1500.0	21.84309333303581	0.0	763093	2261.2784507092583	1.5
31342.291335226662	1500.0	23.580183551449558	0.0	769316	2262.909781586251	1.5
31347.197521577382	4000.0	22.673997200732167	0.0	1761739	4906.186350717392	4.0
31348.937877020315	1500.0	24.93364175779822	0.0	606092	1740.3554429339454	1.5
31353.85986090339	4000.0	24.011657874723767	0.0	1805063	4921.983883074456	4.0
31355.88888770352	1500.0	25.982631074594607	0.0	754517	2029.0268001291574	1.5
31361.733741432934	4000.0	24.137777345179042	0.0	2231719	5844.853729415564	4.0
31367.56941339028	4000.0	22.302105387836907	0.0	1835863	5835.671957342136	4.0
31370.131763638277	1500.0	23.73975513983996	0.0	772616	2562.3502479969475	1.5
31372.612139730078	1500.0	25.259379048040884	0.0	747396	2480.376091799077	1.5
31374.782722859563	1500.0	27.088795918552993	0.0	662349	2170.5831294878876	1.5
31377.500491343744	1500.0	28.37102743437403	0.0	835711	2717.7684841789633	1.5
31383.7594476101	4000.0	26.1120711680195	0.0	1950922	6258.9562663545275	4.0
31389.808266475968	4000.0	24.063252302150342	0.0	1849252	6048.818865869158	4.0
31395.771593028683	4000.0	22.09992574943429	0.0	1822097	5963.326552716052	4.0
31398.614063301025	1500.0	23.257455477090602	0.0	855209	2842.4702723436903	1.5
31400.77707381927	1500.0	25.09444495885024	0.0	644861	2163.010518240365	1.5
31403.413263215843	1500.0	26.45825556227561	0.0	794014	2636.1893965746262	1.5
31406.332213689373	1500.0	27.539305088746655	0.0	914284	2918.950473528955	1.5
31408.51036304506	1500.0	29.361155733056545	0.0	675709	2178.14935569011	1.5
31414.987290285164	4000.0	26.88422849295708	0.0	2002600	6476.927240099461	4.0
31417.726198163447	1500.0	28.145320614674464	0.0	757473	2738.9078782826177	1.5
31424.450681178445	4000.0	25.420837599676023	0.0	1947068	6724.483014998439	4.0
31426.348882559236	1500.0	27.522636218881615	0.0	633700	1898.2013807944054	1.5
31428.595523283704	1500.0	29.27599549441286	0.0	755142	2246.640724468753	1.5
31433.93229859801	4000.0	27.939220180106414	0.0	1828568	5336.775314306446	4.0
31439.7741731695	4000.0	26.097345608620227	0.0	1785821	5841.874571486187	4.0
31442.05152908803	1500.0	27.819989690088267	0.0	681043	2277.3559185319623	1.5
31448.54284928304	4000.0	25.32866949507741	0.0	1955307	6491.320195010854	4.0
31450.905634835155	1500.0	26.965883942961828	0.0	691256	2362.7855521155834	1.5
31453.382646187063	1500.0	28.48887259105264	0.0	725845	2477.011351909185	1.5
31460.80520959266	4000.0	25.06630918545225	0.0	1985434	7422.563405600391	4.0
31463.356606290563	1500.0	26.51491248754953	0.0	657685	2551.3966979027223	1.5
31469.34068273795	4000.0	24.53083604016294	0.0	1697030	5984.0764473865875	4.0
31472.32485002889	1500.0	25.546668749223105	0.0	848035	2984.1672909398344	1.5
31474.560413480016	1500.0	27.311105298098344	0.0	629438	2235.563451124762	1.5
31477.342680903646	1500.0	28.528837874468472	0.0	763847	2782.267423629873	1.5
31483.622856194692	4000.0	26.248662583423364	0.0	1750852	6280.175291045107	4.0
31486.37912596485	1500.0	27.49239281326843	0.0	808636	2756.2697701549314	1.5

