21549.093842953844	600.0	4.0	0.8703188278329701	247108	870.3188278329701	-16.8063765566594
21550.164418443077	600.0	6.929424510764187	0.0	309722	1070.5754892358127	0.6
21551.16695067567	600.0	9.926892278169788	0.0	288447	1002.5322325943991	0.6
21551.615487665695	200.0	13.478355288144401	0.0	115230	448.53699002538633	0.2
21554.0119839577	1500.0	15.081858996142081	0.0	724296	2396.496292002319	1.5
21554.404320895752	200.0	18.68952205808863	0.0	97658	392.33693805345115	0.2
21554.854655315165	200.0	22.239187638675112	0.0	115792	450.33441941351674	0.2
21555.27902615491	200.0	25.814816798928575	0.0	107674	424.3708397465369	0.2
21564.89545331145	8000.0	20.198389642392133	0.0	3448932	9616.427156536442	8.0
21574.827328099138	8000.0	14.266514854699592	0.0	3624869	9931.87478769254	8.0
21575.8434409674	600.0	17.25040198643846	0.0	329266	1016.1128682611323	0.6
21581.098957012957	4000.0	15.994885940881861	0.0	1761739	5255.516045556601	4.0
21581.49791995285	200.0	19.595923000987746	0.0	102419	398.962939894114	0.2
21587.199417928558	4000.0	17.894425025279244	0.0	1805063	5701.497975708502	4.0
21588.101943621492	600.0	20.991899332348694	0.0	264113	902.5256929305513	0.6
21589.192142936346	600.0	23.90170001749351	0.0	324375	1090.1993148551853	0.6
21589.552027707447	200.0	27.54181524639416	0.0	89871	359.884771099346	0.2
21601.772997810218	12000.0	19.320845143622442	0.0	4055239	12220.970102771722	12.0
21603.86638906186	1500.0	21.22745389198086	0.0	747396	2093.39125164158	1.5
21604.17772825437	200.0	24.916114699469837	0.0	85876	311.33919251102805	0.2
21605.0137534421	600.0	28.080089511740436	0.0	280646	836.0251877294003	0.6
21605.357058153015	200.0	31.73678480082688	0.0	97742	343.30471091356026	0.2
21620.89777956202	12000.0	20.196063391821212	0.0	5141915	15540.721409005666	12.0
21621.750420187527	600.0	23.34342276631638	0.0	298925	852.6406255048303	0.6
21622.074821983915	200.0	27.01902096992854	0.0	94556	324.4017963878389	0.2
21623.82161401002	1500.0	29.27222894382276	0.0	644861	1746.7920261057802	1.5
21638.634311541475	12000.0	18.459531412366932	0.0	5138482	14812.697531455831	12.0
21639.03972485129	200.0	22.054118102556092	0.0	103756	405.41330981083996	0.2
21640.03248854824	600.0	25.061354405604217	0.0	291029	992.7636969518769	0.6
21641.048104003403	600.0	28.045738950443862	0.0	302752	1015.6154551603528	0.6
21641.858066233177	600.0	31.23577672067181	0.0	240372	809.96222977205	0.6
21652.90380687433	8000.0	24.190036079519363	0.0	3568902	11045.74064115245	8.0
21653.987847751654	600.0	27.10599520219174	0.0	310713	1084.0408773276245	0.6
21654.356806833934	200.0	30.73703611991198	0.0	89422	368.95908227975923	0.2
21655.355984440266	600.0	33.737858513578416	0.0	284451	999.1776063335623	0.6
21657.974317840923	1500.0	35.11952511292406	0.0	785519	2618.3334006543605	1.5
21660.255046523722	1500.0	36.838796430127275	0.0	681043	2280.7286827967846	1.5
21660.59486152554	200.0	40.498981428309605	0.0	80403	339.81500181766773	0.2
21682.950240624436	12000.0	22.143602329412694	0.0	5257310	22355.379098896912	12.0
21683.905965368212	600.0	25.187877585635242	0.0	284107	955.7247437774524	0.6
21697.628040895725	12000.0	15.465802058124165	0.0	4828747	13722.075527511075	12.0
21699.393494334552	1500.0	17.70034861929276	0.0	657685	1765.453438831406	1.5
21704.236734518694	4000.0	16.857108435148323	0.0	1697030	4843.240184144438	4.0
21704.612977192846	200.0	20.480865760998313	0.0	96988	376.24267415001054	0.2
21706.61554901958	1500.0	22.47829393426063	0.0	629438	2002.5718267376822	1.5
21707.575944567754	600.0	25.517898386086603	0.0	288236	960.395548174026	0.6
21710.00629792667	1500.0	27.08754502717245	0.0	769491	2430.3533589141516	1.5
21725.950284622755	12000.0	15.143558331085492	0.0	5646381	15943.986696086959	12.0

