15832.562555442442	600.0	4.0	0.8355953063486604	247108	835.5953063486604	-16.111906126973206
15834.882069259666	1500.0	5.680486182777204	0.0	732405	2319.5138172227958	1.5
15836.930794558752	1500.0	7.631760883690707	0.0	643847	2048.7252990864963	1.5
15839.207640486207	1500.0	9.354914956235906	0.0	718451	2276.845927454802	1.5
15841.502358981792	1500.0	11.060196460650536	0.0	724296	2294.718495585369	1.5
15843.87659457335	1500.0	12.685960869091776	0.0	689829	2374.2355915587596	1.5
15846.493924095605	1500.0	14.068631346837794	0.0	737903	2617.3295222539814	1.5
15849.257048894126	1500.0	15.305506548316378	0.0	780303	2763.124798521416	1.5
15852.402404893352	1500.0	16.160150549090055	0.0	891463	3145.355999226322	1.5
15854.828209872456	1500.0	17.734345569985894	0.0	763093	2425.8049791041635	1.5
15857.268301138874	1500.0	19.294254303568483	0.0	769316	2440.0912664174098	1.5
15859.632004714753	1500.0	20.930550727688892	0.0	744416	2363.7035758795896	1.5
15866.591768557146	4000.0	17.970786885296025	0.0	2131310	6959.763842392868	4.0
15872.751980767673	4000.0	15.810574674769708	0.0	1805063	6160.212210526317	4.0
15880.794562269994	4000.0	11.767993172448746	0.0	2157416	8042.581502320962	4.0
15889.36356981723	4000.0	7.198985625211506	0.0	2231719	8569.00754723724	4.0
15892.269432283616	1500.0	8.293123158826566	0.0	735572	2905.862466384941	1.5
15895.215729778582	1500.0	9.34682566385912	0.0	772616	2946.2974949674453	1.5
15898.031001857084	1500.0	10.531553585357782	0.0	747396	2815.272078501338	1.5
15900.53502436446	1500.0	12.027531077981125	0.0	662349	2504.022507376655	1.5
15903.638839949048	1500.0	12.92371549339472	0.0	835711	3103.8155845864053	1.5
15906.286207176188	1500.0	14.276348266253143	0.0	806394	2647.367227141578	1.5
15908.94291237965	1500.0	15.619643062790802	0.0	809327	2656.705203462342	1.5
15911.19358594447	1500.0	17.36896949797138	0.0	681795	2250.673564819421	1.5
15913.999772258281	1500.0	18.562783184159567	0.0	855209	2806.186313811811	1.5
15916.158795390384	1500.0	20.403760052056725	0.0	644861	2159.0231321028455	1.5
15918.798685774844	1500.0	21.76386966759634	0.0	794014	2639.8903844603856	1.5
15921.82632501076	1500.0	22.736230431681133	0.0	914284	3027.639235915209	1.5
15924.083126292428	1500.0	24.479429150013804	0.0	675709	2256.8012816673286	1.5
15930.333634891036	4000.0	22.228920551404215	0.0	2002600	6250.508598609587	4.0
15938.500991846746	4000.0	18.061563595695706	0.0	2290706	8167.356955708511	4.0
15946.697666455795	4000.0	13.86488898664606	0.0	1947068	8196.674609049645	4.0
15957.165232317135	4000.0	7.39732312530759	0.0	2544033	10467.56586133847	4.0
15959.739971636993	1500.0	8.822583805450474	0.0	755142	2574.7393198571162	1.5
15962.034510258949	1500.0	10.528045183493465	0.0	670327	2294.538621957011	1.5
15964.705917059417	1500.0	11.856638383026741	0.0	785519	2671.4068004667247	1.5
15966.95501651001	1500.0	13.607538932433542	0.0	681043	2249.0994505932003	1.5
15969.793978210782	1500.0	14.768577231661187	0.0	866245	2838.9617007723546	1.5
15972.075605728896	1500.0	16.48694971354669	0.0	691256	2281.6275181144997	1.5
15974.46739806905	1500.0	18.09515737339222	0.0	725845	2391.792340154471	1.5
15977.599065885232	1500.0	18.963489557211282	0.0	811013	3131.667816180936	1.5
15980.236037261038	1500.0	20.32651818140334	0.0	657685	2636.971375807941	1.5
15983.29823680422	1500.0	21.264318638224065	0.0	767059	3062.199543179278	1.5
15986.63426624891	1500.0	21.928289193532997	0.0	848035	3336.029444691068	1.5
15989.091185767436	1500.0	23.47136967500574	0.0	629438	2456.9195185272597	1.5
15996.691800764555	4000.0	19.870754677887415	0.0	2042818	7600.614997118324	4.0
16002.517715356178	4000.0	18.044840086264166	0.0	1750852	5825.914591623252	4.0
16009.605455355468	4000.0	14.957100086975961	0.0	2034636	7087.739999288204	4.0

