7582.141993285243	600.0	4.0	0.7715618058106384	247108	771.5618058106384	-14.831236116212768
7583.088787988851	600.0	7.053205296391527	0.0	309722	946.7947036084729	0.6
7583.976042016244	600.0	10.165951269000015	0.0	288447	887.2540273915098	0.6
7586.066714560016	1500.0	12.075278725227824	0.0	718451	2090.6725437721925	1.5
7588.173745047501	1500.0	13.968248237742909	0.0	724296	2107.0304874849135	1.5
7590.184315441582	1500.0	15.957677843661996	0.0	689829	2010.570394080915	1.5
7592.3001810458345	1500.0	17.841812239409265	0.0	737903	2115.8656042527327	1.5
7594.403886814723	1500.0	19.738106470521384	0.0	780303	2103.7057688878804	1.5
7596.795884610259	1500.0	21.346108674985423	0.0	891463	2391.9977955359604	1.5
7598.854956466061	1500.0	23.287036819183303	0.0	763093	2059.071855802117	1.5
7604.383471308296	4000.0	21.758521976948998	0.0	2094766	5528.5148422343045	4.0
7609.066542000851	4000.0	21.075451284393846	0.0	1761739	4683.070692555154	4.0
7610.730138845895	1500.0	23.411854439349185	0.0	606092	1663.5968450446626	1.5
7615.748822211509	4000.0	22.39317107373569	0.0	1805063	5018.6833656134895	4.0
7617.944648841019	1500.0	24.19734444422485	0.0	754517	2195.82662951084	1.5
7620.645867622238	1500.0	25.496125663006072	0.0	934743	2701.2187812187813	1.5
7625.673135246333	4000.0	24.468858038912092	0.0	1835863	5027.267624093979	4.0
7627.781264922143	1500.0	26.360728363101618	0.0	772616	2108.129675810474	1.5
7633.623076243745	4000.0	24.518917041499016	0.0	2082556	5841.811321602601	4.0
7643.120471267899	4000.0	19.02152201734425	0.0	2164412	9497.395024154765	4.0
7645.445309008183	1500.0	20.696684277060527	0.0	835711	2324.8377402837236	1.5
7647.69139714719	1500.0	22.45059613805272	0.0	806394	2246.0881390078066	1.5
7649.945363738309	1500.0	24.19662954693377	0.0	809327	2253.966591118946	1.5
7654.964083959257	4000.0	23.177909325987216	0.0	1822097	5018.720220946554	4.0
7660.11226910101	4000.0	22.02972418423375	0.0	1836837	5148.185141753466	4.0
7661.971564127567	1500.0	24.17042915767653	0.0	644861	1859.295026557219	1.5
7668.248226918671	4000.0	21.89376636657268	0.0	2068230	6276.662791103851	4.0
7671.143303220028	1500.0	22.998690065215996	0.0	914284	2895.0763013566825	1.5
7673.303808175287	1500.0	24.83818510995765	0.0	675709	2160.504955258347	1.5
7678.505777573848	4000.0	23.636215711395437	0.0	2002600	5201.9693985622125	4.0
7680.496718256892	1500.0	25.645275028351698	0.0	757473	1990.940683043739	1.5
7686.01777793546	4000.0	24.124215349782922	0.0	1947068	5521.059678568779	4.0
7688.2391989036105	1500.0	25.90279438163221	0.0	633700	2221.420968150714	1.5
7695.218141769278	4000.0	22.923851515965346	0.0	2125133	6978.942865666862	4.0
7700.239883543482	4000.0	21.902109741760903	0.0	1828568	5021.741774204445	4.0
7705.124501402125	4000.0	21.017491883117895	0.0	1785821	4884.617858643006	4.0
7707.00064889582	1500.0	23.141344389422805	0.0	681043	1876.1474936950897	1.5
7709.365238540931	1500.0	24.776754744310963	0.0	866245	2364.5896451118406	1.5
7715.1422773960085	4000.0	22.999715889234075	0.0	2142800	5777.038855076891	4.0
7721.163379663297	4000.0	20.978613621945776	0.0	2094647	6021.1022672882955	4.0
7723.5436771230125	1500.0	22.59831616223047	0.0	811013	2380.2974597153043	1.5
7731.237926396983	4000.0	18.90406688825924	0.0	1830641	7694.2492739712325	4.0
7734.783293462717	1500.0	19.358699822526237	0.0	767059	3545.367065733002	1.5
7737.377545511443	1500.0	20.764447773799695	0.0	848035	2594.2520487265388	1.5
7739.316728438948	1500.0	22.825264846295035	0.0	629438	1939.1829275046614	1.5
7741.652917772331	1500.0	24.489075512912475	0.0	763847	2336.189333382562	1.5
7744.0057778952805	1500.0	26.136215389963922	0.0	769491	2352.8601229485503	1.5
7746.439346536517	1500.0	27.70264674872726	0.0	808636	2433.5686412366613	1.5

