32640.932478990908	600.0	4.0	0.6694927687490682	247108	669.4927687490682	-12.789855374981363
32641.24773648308	200.0	7.684742507827643	0.0	98617	315.2574921723573	0.2
32641.581742148806	200.0	11.350736842105263	0.0	106476	334.0056657223796	0.2
32642.328966243036	600.0	14.603512747875355	0.0	279692	747.2240942299092	0.6
32644.136823109	1500.0	16.79565588191442	0.0	724296	1807.8568659609366	1.5
32644.44979284211	200.0	20.482686148799765	0.0	97658	312.9697331146563	0.2
32645.312111017152	600.0	23.620367973758764	0.0	327938	862.318175041002	0.6
32647.25357635188	1500.0	25.678902639033847	0.0	780303	1941.4653347249143	1.5
32647.560932845092	200.0	29.371546145817803	0.0	95305	307.35649321604296	0.2
32659.37910798603	12000.0	21.553371004879935	0.0	5088378	11818.175140937867	12.0
32661.22725967754	1500.0	23.705219313371494	0.0	769316	1848.1516915084428	1.5
32662.12426196587	600.0	26.808217025041973	0.0	285624	897.0022883295195	0.6
32663.93793473475	1500.0	28.994544256163255	0.0	606092	1813.6727688787187	1.5
32666.15755429997	1500.0	30.774924690945863	0.0	748011	2219.6195652173915	1.5
32666.47425338464	200.0	34.45822560627767	0.0	82750	316.69908466819226	0.2
32666.82421047846	200.0	38.10826851245616	0.0	94377	349.9570938215103	0.2
32672.25593864764	4000.0	36.67654034327683	0.0	1835863	5431.728169179334	4.0
32684.813871192477	12000.0	28.11860779843753	0.0	4055239	12557.932544839301	12.0
32685.11144257191	200.0	31.821036419008564	0.0	90919	297.5713794289646	0.2
32685.39694592962	200.0	35.53553306129629	0.0	85876	285.5033577122688	0.2
32698.628669973747	12000.0	26.30380901717143	0.0	5251330	13231.724044124861	12.0
32699.52387035402	600.0	29.408608636899668	0.0	310841	895.2003802717633	0.6
32714.786918694863	12000.0	18.145560296057905	0.0	5141915	15263.048340841764	12.0
32715.156811149805	200.0	21.775667841114846	0.0	85752	369.89245494305817	0.2
32715.556466329504	200.0	25.3760126614153	0.0	94556	399.65517969955	0.2
32726.113189508163	8000.0	18.819289482756307	0.0	3253093	10556.72317865899	8.0
32727.15754706873	600.0	21.77493192218822	0.0	324657	1044.3575605680871	0.6
32735.784044815464	8000.0	17.1484341754547	0.0	3354913	8626.497746733517	8.0
32736.058952473675	200.0	20.873526517242436	0.0	93993	274.90765821226296	0.2
32736.340267679938	200.0	24.592211310980044	0.0	97083	281.31520626239325	0.2
32736.615152528106	200.0	28.317326462809387	0.0	93982	274.8848481706606	0.2
32744.52548258164	8000.0	24.4069964092733	0.0	3568902	7910.330053536084	8.0
32754.66123508131	8000.0	18.271243909606994	0.0	3713878	10135.75249966631	8.0
32755.579290450947	600.0	21.353188539969025	0.0	344336	918.0553696379678	0.6
32760.109714545866	4000.0	20.822764445049646	0.0	1828568	4530.42409491938	4.0
32760.403382936493	200.0	24.529096054419888	0.0	87791	293.6683906297536	0.2
32762.140925984862	1500.0	26.791553006047515	0.0	681043	1737.543048372376	1.5
32764.428070606125	1500.0	28.504408384785354	0.0	866245	2287.1446212621613	1.5
32778.329108645004	12000.0	18.603370345903635	0.0	5257310	13901.038038881723	12.0
32779.13674854769	600.0	21.795730443227235	0.0	284107	807.6399026763991	0.6
32791.03051472907	12000.0	13.901964261840336	0.0	4828747	11893.7661813869	12.0
32792.67902223403	1500.0	16.253456756884233	0.0	657685	1648.5075049561033	1.5
32797.54912244724	4000.0	15.383356543665471	0.0	1697030	4870.10021321876	4.0
32798.453605275936	600.0	18.478873714972117	0.0	278938	904.4828286933551	0.6
32800.39409335116	1500.0	20.538385639747197	0.0	629438	1940.4880752249176	1.5
32802.73186653104	1500.0	22.200612459868754	0.0	763847	2337.7731798784434	1.5
32804.86309831604	1500.0	24.06938067487044	0.0	769491	2131.231784998312	1.5
32817.868005877106	12000.0	15.06447311380257	0.0	5646381	13004.90756106787	12.0

