23177.88357117452	600.0	4.0	0.5100288228320335	247108	510.0288228320336	-9.600576456640672
23178.135189059907	200.0	7.748382114616983	0.0	98617	251.61788538301735	0.2
23179.335641523987	1500.0	10.547929650536757	0.0	643847	1200.4524640802254	1.5
23179.61617012385	200.0	14.2674010506738	0.0	115230	280.5285998629556	0.2
23180.250177585156	600.0	17.633393589367092	0.0	318350	634.0074613067076	0.6
23189.501069204536	12000.0	12.382501969985631	0.0	5243469	9250.891619381462	12.0
23190.902055599094	1500.0	14.981515575427808	0.0	737903	1400.9863945578234	1.5
23191.47404091954	600.0	18.40953025498384	0.0	274823	571.9853204439671	0.6
23194.878654238553	4000.0	19.004916935972023	0.0	1857129	3404.6133190118153	4.0
23204.25928977556	12000.0	13.624281398960672	0.0	5088378	9380.635537011349	12.0
23204.94788642082	600.0	16.93568475370399	0.0	329266	688.5966452566888	0.6
23208.284185113116	4000.0	17.599386061406957	0.0	1761739	3336.298692297029	4.0
23216.958869422113	12000.0	12.924701752412748	0.0	5575398	8674.684308994209	12.0
23218.19085186542	1500.0	15.692719309106236	0.0	748011	1231.9824433065107	1.5
23218.729946390926	600.0	19.153624783597053	0.0	264113	539.0945255091833	0.6
23219.028405347555	200.0	22.855165826969642	0.0	94377	298.4589566274124	0.2
23219.31643405043	200.0	26.56713712409646	0.0	89871	288.02870287318075	0.2
23228.783289754836	12000.0	21.10028141968976	0.0	4055239	9466.855704406702	12.0
23230.13826902345	1500.0	23.74530215108019	0.0	747396	1354.9792686095711	1.5
23230.363833901825	200.0	27.519737272700667	0.0	85876	225.5648783795237	0.2
23230.9195454028	600.0	30.964025771726007	0.0	280646	555.711500974659	0.6
23231.526439207362	600.0	34.357131967166296	0.0	310841	606.8938045597084	0.6
23238.057585914714	8000.0	31.82598525981821	0.0	3805854	6531.146707348081	8.0
23239.293268599686	1500.0	34.590302574844905	0.0	681795	1235.682684973303	1.5
23243.360843473798	4000.0	34.52272770073056	0.0	1836837	4067.5748741143475	4.0
23244.840794085052	1500.0	37.04277708947698	0.0	644861	1479.9506112535787	1.5
23255.042241470885	12000.0	30.84132970364269	0.0	5138482	10201.44738583429	12.0
23261.446384967323	8000.0	28.43718620720204	0.0	3354913	6404.14349644065	8.0
23262.905822798264	1500.0	30.97774837626105	0.0	675709	1459.4378309409888	1.5
23273.126169109426	12000.0	24.757402065097995	0.0	5411094	10220.346311163057	12.0
23274.423482086524	1500.0	27.460089087998757	0.0	757473	1297.3129770992368	1.5
23280.265368142584	8000.0	25.618203031939693	0.0	3568902	5841.88605605906	8.0
23290.19757418847	12000.0	19.68599698605157	0.0	5639869	9932.206045888126	12.0
23290.43796340432	200.0	23.44560777020044	0.0	89422	240.38921585112942	0.2
23297.168448018412	8000.0	20.7151231561093	0.0	3707853	6730.484614091139	8.0
23298.657371733454	1500.0	23.226199441070904	0.0	785519	1488.923715038395	1.5
23299.958905055573	1500.0	25.924666118947705	0.0	681043	1301.5333221231997	1.5
23303.29046352787	4000.0	26.59310764665213	0.0	1955307	3331.5584722955755	4.0
23312.30393287534	12000.0	21.57963829918357	0.0	5257310	9013.469347468557	12.0
23312.58173934729	200.0	25.301831827233134	0.0	101968	277.8064719504358	0.2
23318.849868689307	8000.0	23.033702485218804	0.0	3189942	6268.12934201433	8.0
23320.205703750355	1500.0	25.67786742417296	0.0	657685	1355.8350610458422	1.5
23322.99525718423	4000.0	26.888313990296126	0.0	1697030	2789.553433876835	4.0
23323.223755557436	200.0	30.659815617090384	0.0	96988	228.49837320574164	0.2
23324.267488380403	1500.0	33.616082794123884	0.0	629438	1043.7328229665072	1.5
23334.802112884907	12000.0	27.08145828962195	0.0	5875126	10534.624504501931	12.0
23346.242538651968	12000.0	19.64103252255752	0.0	5704199	11440.425767064431	12.0
23363.21506091657	12000.0	6.668510257959261	0.0	5646381	16972.52226459826	12.0

