16749.769609064537	600.0	4.0	0.7647349370464661	247108	764.7349370464661	-14.694698740929322
16750.707847058336	600.0	7.061762006200101	0.0	309722	938.2379937998995	0.6
16751.587132141725	600.0	10.182476922810482	0.0	288447	879.2850833896192	0.6
16753.65795599306	1500.0	12.111653071474342	0.0	718451	2070.8238513361393	1.5
16755.744976307913	1500.0	14.024632756620077	0.0	724296	2087.0203148542632	1.5
16757.736488751412	1500.0	16.03312031312239	0.0	689829	1991.512443497688	1.5
16759.873079754492	1500.0	17.89652931004261	0.0	737903	2136.59100307978	1.5
16765.88589866007	4000.0	15.883710404462436	0.0	2058614	6012.818905580173	4.0
16772.03288341695	4000.0	13.736725647585825	0.0	1857129	6146.984756876611	4.0
16782.0783784376	4000.0	7.691230626932418	0.0	2373154	10045.495020653407	4.0
16785.453622855868	1500.0	8.31598620866396	0.0	769316	3375.244418268459	1.5
16788.72221202972	1500.0	9.047397034813768	0.0	744416	3268.58917385019	1.5
16791.364090264007	1500.0	10.405518800522703	0.0	606092	2641.878234291066	1.5
16794.56706497893	1500.0	11.20254408559955	0.0	748011	3202.9747149231534	1.5
16797.79720249426	1500.0	11.97240657026933	0.0	754517	3230.1375153302192	1.5
16801.750720659224	1500.0	12.018888405306319	0.0	934743	3953.5181649630113	1.5
16804.842043229135	1500.0	12.927565835391011	0.0	735572	3091.3225699153086	1.5
16808.085018435748	1500.0	13.684590628779441	0.0	772616	3242.9752066115702	1.5
16811.233008851894	1500.0	14.536600212630898	0.0	747396	3147.9904161485433	1.5
16814.056577858028	1500.0	15.713031206495293	0.0	662349	2823.569006135605	1.5
16817.598243532295	1500.0	16.171365532225998	0.0	835711	3541.6656742692935	1.5
16820.941922999657	1500.0	16.82768606486601	0.0	806394	3343.679467359986	1.5
16823.36237123563	1500.0	18.407237828891457	0.0	809327	2420.4482359745516	1.5
16825.414016695435	1500.0	20.355592369088104	0.0	681795	2051.6454598033547	1.5
16827.967148563566	1500.0	21.802460500956236	0.0	855209	2553.131868131868	1.5
16829.91198662025	1500.0	23.857622444276075	0.0	644861	1944.8380566801618	1.5
16832.19154872357	1500.0	25.578060340951705	0.0	794014	2279.5621033243683	1.5
16837.70410034745	4000.0	24.065508717070912	0.0	2055338	5512.551623880794	4.0
16844.831856105873	4000.0	20.93775295865115	0.0	2165436	7127.755758419764	4.0
16853.34756543929	4000.0	16.42204362523063	0.0	2002600	8515.70933342052	4.0
16862.442539999473	4000.0	11.327069065049397	0.0	2290706	9094.974560181232	4.0
16868.235558154618	4000.0	9.53405090990544	0.0	1947068	5793.018155143957	4.0
16870.174938312328	1500.0	11.594670752194087	0.0	633700	1939.3801577113516	1.5
16872.424342995724	1500.0	13.34526606879741	0.0	755142	2249.404683396678	1.5
16874.349068141924	1500.0	15.420540922598578	0.0	670327	1924.7251461988305	1.5
16876.59079913608	1500.0	17.178809928446533	0.0	785519	2241.730994152047	1.5
16878.545014478357	1500.0	19.224594586169268	0.0	681043	1954.2153422772622	1.5
16885.074138454373	4000.0	16.69547061015147	0.0	1955307	6529.123976017795	4.0
16894.27930149804	4000.0	11.490307566483724	0.0	2142800	9205.163043667748	4.0
16903.258507258834	4000.0	6.511101805692853	0.0	2094647	8979.20576079087	4.0
16906.587595345365	1500.0	7.182013719158726	0.0	811013	3329.0880865341283	1.5
16909.302419322532	1500.0	8.467189741994119	0.0	657685	2714.8239771646054	1.5
16912.452225441088	1500.0	9.31738362343906	0.0	767059	3149.8061185550596	1.5
16914.900831533432	1500.0	10.868777531093768	0.0	848035	2448.606092345291	1.5
16916.738884775994	1500.0	13.030724288534635	0.0	629438	1838.053242559134	1.5
16918.952349382784	1500.0	14.817259681744027	0.0	763847	2213.4646067906083	1.5
16923.871549694013	4000.0	13.898059370514405	0.0	1750852	4919.200311229622	4.0
16929.383945649024	4000.0	12.385663415503224	0.0	2034636	5512.395955011181	4.0

