30499.179395898747	600.0	4.0	0.6678275349390425	247108	667.8275349390425	-12.756550698780849
30499.493988821734	200.0	7.68540707701457	0.0	98617	314.5929229854297	0.2
30499.827276957327	200.0	11.352118941421349	0.0	106476	333.2881355932203	0.2
30501.616348619533	1500.0	13.563047279214986	0.0	718451	1789.0716622063635	1.5
30502.45364864927	600.0	16.72574724947963	0.0	318350	837.3000297353552	0.6
30502.765960275792	200.0	20.413435622955696	0.0	97658	312.311626523937	0.2
30503.626068512483	600.0	23.553327386262268	0.0	327938	860.1082366934286	0.6
30505.56227547056	1500.0	25.617120428189118	0.0	780303	1936.206958073149	1.5
30506.333855607343	600.0	28.845540291406483	0.0	290723	771.5801367826346	0.6
30518.474232347355	12000.0	20.705163551392886	0.0	5088378	12140.376740013598	12.0
30518.780005100856	200.0	24.399390797889783	0.0	95365	305.7727535030999	0.2
30519.5447460247	600.0	27.63464987404588	0.0	285624	764.7409238439047	0.6
30534.82621502061	12000.0	16.353180878136392	0.0	5575398	15281.468995909489	12.0
30537.01432747041	1500.0	18.165068428337197	0.0	748011	2188.112449799197	1.5
30537.32754102639	200.0	21.851854872358896	0.0	82750	313.21355597829915	0.2
30537.673522848414	200.0	25.505873050333953	0.0	94377	345.98182202494183	0.2
30538.006805452515	200.0	29.172590446233343	0.0	89871	333.28260410061296	0.2
30550.606339541835	12000.0	20.57305635691403	0.0	4055239	12599.534089319312	12.0
30552.699086920355	1500.0	22.480308978394177	0.0	747396	2092.7473785198526	1.5
30553.01035213167	200.0	26.169043767076786	0.0	85876	311.26521131738843	0.2
30553.84613554608	600.0	29.333260352672532	0.0	280646	835.783414404255	0.6
30554.763234497485	600.0	32.41616140126459	0.0	310841	917.0989514079411	0.6
30568.923487115324	12000.0	22.25590878342515	0.0	5141915	14160.252617839446	12.0
30569.24087110785	200.0	25.938524790899454	0.0	85752	317.383992525693	0.2
30570.281289115395	600.0	28.89810678335594	0.0	346939	1040.4180075435138	0.6
30570.966800641796	600.0	32.212595256952	0.0	221407	685.5115264039376	0.6
30585.30076018394	12000.0	21.878635714809004	0.0	5138482	14333.959542142999	12.0
30595.141636475266	8000.0	16.03775942348393	0.0	3354913	9840.876291325072	8.0
30597.190557254722	1500.0	17.988838644026636	0.0	675709	2048.920779457294	1.5
30597.5534434321	200.0	21.62595246664547	0.0	97083	362.8861773811692	0.2
30599.840612982272	1500.0	23.338782916472457	0.0	757473	2287.1695501730105	1.5
30609.87224354534	8000.0	17.307152353406014	0.0	3568902	10031.630563066443	8.0
30611.692632426068	1500.0	19.486763472675428	0.0	633700	1820.388880730589	1.5
30612.013139410552	200.0	23.1662564881909	0.0	89422	320.5069844845266	0.2
30622.083429825238	8000.0	17.095966073505128	0.0	3707853	10070.290414685767	8.0
30627.079576484797	4000.0	16.099819413950062	0.0	1785821	4996.146659555067	4.0
30627.440612255	200.0	19.738783643746523	0.0	102088	361.03577020354095	0.2
30627.74195187407	200.0	23.437444024675962	0.0	80403	301.3396190705597	0.2
30629.724895044354	1500.0	25.454500854393274	0.0	691256	1982.9431702826862	1.5
30630.587006845595	600.0	28.592389053151038	0.0	284107	862.111801242236	0.6
30642.928823571954	12000.0	20.250572326790543	0.0	4828747	12341.816726360496	12.0
30648.206370507396	4000.0	18.973025391346738	0.0	1830641	5277.546935443802	4.0
30652.894441841956	4000.0	18.284954056785416	0.0	1697030	4688.071334561321	4.0
30653.199625479298	200.0	21.979770419445583	0.0	96988	305.18363733983426	0.2
30661.830676224436	8000.0	17.34871967430316	0.0	3682991	8631.050745142426	8.0
30662.12613861905	200.0	21.05325727968966	0.0	92801	295.4623946134982	0.2
30664.304991988007	1500.0	22.874403910731935	0.0	769491	2178.853368957722	1.5
30679.538335281093	12000.0	11.641060617645799	0.0	5646381	15233.343293086138	12.0

