17851.503451232904	600.0	4.0	0.7567185280273857	247108	756.7185280273857	-14.534370560547714
17852.431641562383	600.0	7.071809670517758	0.0	309722	928.1903294822423	0.6
17854.274851147322	1500.0	9.228600085579803	0.0	643847	1843.2095849379546	1.5
17856.322367792593	1500.0	11.181083440308088	0.0	718451	2047.516645271716	1.5
17858.385891284244	1500.0	13.117559948652119	0.0	724296	2063.5234916559693	1.5
17860.355025045475	1500.0	15.14842618741977	0.0	689829	1969.1337612323493	1.5
17862.688053638165	1500.0	16.81539759473246	0.0	737903	2333.0285926873094	1.5
17869.54510478832	4000.0	13.958346444574028	0.0	2058614	6857.05115015843	4.0
17874.960369802728	4000.0	12.543081430167645	0.0	1857129	5415.265014406384	4.0
17881.429261982026	4000.0	10.074189250870296	0.0	2373154	6468.892179297349	4.0
17887.177081778067	4000.0	8.32636945483025	0.0	2094766	5747.819796040045	4.0
17892.020904083733	4000.0	7.482547149167008	0.0	1761739	4843.822305663242	4.0
17897.80588618297	4000.0	5.697565049926535	0.0	2131310	5784.982099240473	4.0
17902.70480013393	4000.0	4.798651098966312	0.0	1805063	4898.913950960223	4.0
17904.774101125924	1500.0	6.729350106974749	0.0	754517	2069.3009919915635	1.5
17907.31857200883	1500.0	8.1848792240693	0.0	934743	2544.4708829054484	1.5
17909.33792408344	1500.0	10.165527149455716	0.0	735572	2019.3520746135846	1.5
17911.45494349484	1500.0	12.048507738059348	0.0	772616	2117.019411396368	1.5
17913.425984482128	1500.0	14.07746675076706	0.0	747396	1971.0409872922885	1.5
17918.846338237894	4000.0	12.657112995003494	0.0	2164412	5420.353755763566	4.0
17925.01963418935	4000.0	10.48381704354695	0.0	2379358	6173.295951456545	4.0
17930.365280613103	4000.0	9.138170619795263	0.0	1950922	5345.646423751687	4.0
17935.469780011856	4000.0	8.03367122104397	0.0	1849252	5104.499398751293	4.0
17940.525128499805	4000.0	6.978322733092573	0.0	1822097	5055.348487951397	4.0
17945.619793866692	4000.0	5.883657366208733	0.0	1836837	5094.66536688384	4.0
17951.11705293007	4000.0	4.386398302829052	0.0	1984579	5497.259063379681	4.0
17953.357441794862	1500.0	6.1460094380346035	0.0	794014	2240.3888647944486	1.5
17955.89490546681	1500.0	7.60854576608742	0.0	914284	2537.4636719471837	1.5
17957.79111391004	1500.0	9.712337322859977	0.0	675709	1896.208443227443	1.5
17959.772844553278	1500.0	11.730606679622454	0.0	707527	1981.7306432375226	1.5
17961.888822848843	1500.0	13.614628384059097	0.0	757473	2115.978295563358	1.5
17967.499343672345	4000.0	12.004107560553733	0.0	1947068	5610.520823505362	4.0
17974.873936890453	4000.0	8.629514342448227	0.0	2544033	7374.593218105508	4.0
17980.844607345392	4000.0	6.658843887509035	0.0	2125133	5970.670454939192	4.0
17993.211817914646	4000.0	4.0	5.708366681746025	1828568	12367.21056925506	-110.1673336349205
17994.288647961115	600.0	6.923169953534062	0.0	275745	1076.8300464659378	0.6
17994.644277464497	200.0	10.567540450150723	0.0	102088	355.6295033833381	0.2
17994.941359187724	200.0	14.270458726926343	0.0	80403	297.0817232243803	0.2
17995.857962012513	600.0	17.35385590213432	0.0	309862	916.6028247920218	0.6
17996.70502837994	600.0	20.506789534708865	0.0	284107	847.0663674254569	0.6
17997.63657796567	600.0	23.575239948977945	0.0	315398	931.5495857309193	0.6
17999.49227530456	1500.0	25.719542610087277	0.0	657685	1855.6973388906704	1.5
18004.15412171282	4000.0	25.057696201825518	0.0	1697030	4661.8464082617575	4.0
18009.35209094781	4000.0	23.859726966837826	0.0	1910697	5197.969234987692	4.0
18015.25005574462	4000.0	21.961762170031193	0.0	2171279	5897.964796806629	4.0
18020.815603542687	4000.0	20.396214371964597	0.0	2042818	5565.5477980665955	4.0
18025.60167852283	4000.0	19.610139391818336	0.0	1750852	4786.074980146262	4.0
18041.08590536488	12000.0	8.125912549773059	0.0	5646381	15484.226842045276	12.0

