6127.601973381452	600.0	4.0	0.7547436685097959	247108	754.743668509796	-14.494873370195918
6129.681850506171	1500.0	5.9201228752815895	0.0	732405	2079.877124718411	1.5
6131.519914537846	1500.0	8.082058843607072	0.0	643847	1838.064031674517	1.5
6133.561689403024	1500.0	10.04028397842856	0.0	718451	2041.7748651785107	1.5
6135.619424402	1500.0	11.98254897945252	0.0	724296	2057.7349989760396	1.5
6137.603951823375	1500.0	13.998021558077628	0.0	689829	1984.5274213748928	1.5
6139.863509873182	1500.0	15.738463508270543	0.0	737903	2259.5580498070854	1.5
6142.248305605058	1500.0	17.353667776394378	0.0	780303	2384.7957318761655	1.5
6144.961436731716	1500.0	18.640536649735218	0.0	891463	2713.1311266591592	1.5
6147.295398961036	1500.0	20.306574420415867	0.0	763093	2333.9622293193524	1.5
6149.742460133491	1500.0	21.859513247960816	0.0	769316	2447.061172455052	1.5
6152.129698380008	1500.0	23.472275001442792	0.0	744416	2387.238246518025	1.5
6154.08821609498	1500.0	25.513757286470785	0.0	606092	1958.5177149720087	1.5
6156.486596661782	1500.0	27.11537671966916	0.0	748011	2398.38056680162	1.5
6158.887816574976	1500.0	28.71415680647552	0.0	754517	2401.219913193645	1.5
6161.806446217962	1500.0	29.795527163489584	0.0	934743	2918.6296429859362	1.5
6164.1202329205635	1500.0	31.481740460887423	0.0	735572	2313.7867026021604	1.5
6166.546514925612	1500.0	33.055458455838746	0.0	772616	2426.2820050486835	1.5
6168.886104473241	1500.0	34.715868908209686	0.0	747396	2339.5895476290566	1.5
6170.939106167431	1500.0	36.662867214020196	0.0	662349	2053.0016941894883	1.5
6173.508517669303	1500.0	38.09345571214914	0.0	835711	2569.4115018710554	1.5
6175.990599846802	1500.0	39.611373534650205	0.0	806394	2482.0821774989295	1.5
6178.481418829171	1500.0	41.12055455228095	0.0	809327	2490.8189823692587	1.5
6180.334069740432	1500.0	43.26790364101927	0.0	681795	1852.6509112616845	1.5
6182.601060326524	1500.0	45.00091305492756	0.0	855209	2266.9905860917097	1.5
6184.330136676676	1500.0	47.27183670477492	0.0	644861	1729.0763501526365	1.5
6186.440635821593	1500.0	49.161337559858275	0.0	794014	2110.4991449166496	1.5
6188.858696460587	1500.0	50.74327692086327	0.0	914284	2418.060638994998	1.5
6190.9699391151435	1500.0	52.63203426630769	0.0	675709	2111.242654555585	1.5
6193.225230135685	1500.0	54.37674324576619	0.0	707527	2255.291020541496	1.5
6195.63408008092	1500.0	55.967893300530704	0.0	757473	2408.8499452354877	1.5
6197.903858140527	1500.0	57.698115240923855	0.0	712239	2269.7780596068483	1.5
6199.876710798204	1500.0	59.725262583246305	0.0	633700	1972.8526576775537	1.5
6203.989018412878	1500.0	59.61295496857203	0.0	755142	2112.3076146742696	1.5
6207.873064097559	1500.0	59.72890928389054	0.0	670327	1884.0456846815025	1.5
6211.663282452415	1500.0	59.93869092903505	0.0	785519	2290.2183548554913	1.5
6216.094696534977	1500.0	59.50727684647316	0.0	681043	2431.414082561879	1.5
6219.66555128563	1500.0	59.9364220958204	0.0	866245	3070.85475065277	1.5
6223.879735860598	1500.0	59.72223752085163	0.0	691256	2214.1845749687636	1.5
6227.673563802419	1500.0	59.9284095790304	0.0	725845	2293.8279418212323	1.5
6231.715093273115	1500.0	59.886880108335475	0.0	811013	2541.5294706949203	1.5
6236.058914929165	1500.0	59.54305845228453	0.0	657685	1843.8216560509554	1.5
6239.696062766912	1500.0	59.905910614537284	0.0	767059	2137.1478377472345	1.5
6243.671102057271	1500.0	59.93087132417905	0.0	848035	2975.039290358234	1.5
6248.061708215211	1500.0	59.54026516623843	0.0	629438	2390.6061579406232	1.5
6251.626860864523	1500.0	59.97511251692691	0.0	763847	3065.1526493115134	1.5
6255.7542838567315	1500.0	59.84768952471809	0.0	769491	4127.422992208818	1.5
6260.087604478711	1500.0	59.51436890273841	0.0	808636	4333.320621979684	1.5

