33514.18571384406	600.0	4.0	0.8394560122935075	247108	839.4560122935076	-16.18912024587015
33515.21760627587	600.0	6.9681075681905496	0.0	309722	1031.8924318094507	0.6
33515.62484715178	200.0	10.560866692278141	0.0	106476	407.24087591240874	0.2
33516.564446076096	600.0	13.621267767960047	0.0	279692	939.5989243180945	0.6
33518.87048065159	1500.0	15.315233192470227	0.0	724296	2306.03457548982	1.5
33519.25062049023	200.0	18.935093353822513	0.0	97658	380.1398386477142	0.2
33520.33849755516	600.0	21.847216288897428	0.0	327938	1087.8770649250864	0.6
33521.26313220748	600.0	24.922581636573184	0.0	274823	924.6346523242414	0.6
33530.57282210195	8000.0	19.61289174210643	0.0	3448932	9309.689894466752	8.0
33539.42573547765	8000.0	14.759978366408514	0.0	3624869	8852.913375697917	8.0
33540.27873974745	600.0	17.90697409660381	0.0	329266	853.0042698047041	0.6
33544.50105595098	4000.0	17.684657893076157	0.0	1761739	4222.316203527655	4.0
33546.05192990821	1500.0	20.133783935848793	0.0	606092	1550.8739572273623	1.5
33546.32817926358	200.0	23.857534580471878	0.0	80867	276.24935537691493	0.2
33547.049133002394	600.0	27.136580841657985	0.0	264113	720.9537388138936	0.6
33547.91633154631	600.0	30.26938229774778	0.0	324375	867.1985439102078	0.6
33552.451633836616	4000.0	29.734080007439875	0.0	1835863	4535.302290307903	4.0
33562.31007486219	12000.0	23.875638981863762	0.0	4055239	9858.441025576114	12.0
33562.608889861964	200.0	27.57682398208939	0.0	90919	298.81499977437164	0.2
33564.282966966704	1500.0	29.9027468773527	0.0	662349	1674.077104736692	1.5
33577.2776031375	12000.0	20.908110706554773	0.0	5251330	12994.636170797927	12.0
33578.04518086828	600.0	24.14053297578182	0.0	310841	767.5777307729528	0.6
33590.46731825058	12000.0	15.718395593475478	0.0	5141915	12422.137382306344	12.0
33592.39403152782	1500.0	17.791682316232837	0.0	681795	1926.7132772426403	1.5
33594.790454815055	1500.0	19.395259029002215	0.0	855209	2396.423287230621	1.5
33605.578104549204	8000.0	12.607609294848922	0.0	3253093	10787.649734153294	8.0
33605.844679147944	200.0	16.341034696108707	0.0	88490	266.5745987402156	0.2
33612.99826426246	8000.0	13.18744958159483	0.0	3354913	7153.585114513877	8.0
33613.27644152836	200.0	16.909272315695983	0.0	93993	278.1772658988483	0.2
33613.994771655125	600.0	20.190942188926886	0.0	302752	718.3301267691011	0.6
33614.58157818071	600.0	23.604135663349044	0.0	240372	586.8065255778404	0.6
33614.91147302298	200.0	27.274240821085648	0.0	118522	329.89484226339505	0.2
33625.381162022735	8000.0	20.804551821327447	0.0	3713878	10469.688999758202	8.0
33625.72029050464	200.0	24.465423339420685	0.0	89422	339.1284819067628	0.2
33630.506477860785	4000.0	23.67923598327519	0.0	1828568	4786.187356145495	4.0
33635.14221631325	4000.0	23.04349753081262	0.0	1785821	4635.738452462571	4.0
33636.89810138137	1500.0	25.287612462695037	0.0	681043	1755.8850681175818	1.5
33637.16390760934	200.0	29.021806234721147	0.0	80403	265.8062279738864	0.2
33649.237325641596	12000.0	20.948388202472778	0.0	5257310	12073.418032248372	12.0
33650.90536901581	1500.0	23.28034482825391	0.0	725845	1668.0433742188675	1.5
33663.47037180034	12000.0	14.715342043731795	0.0	4828747	12565.002784522116	12.0
33668.57716727124	4000.0	13.608546572822037	0.0	1830641	5106.795470909758	4.0
33672.66130819233	4000.0	13.52440565173254	0.0	1697030	4084.1409210894985	4.0
33677.288000968896	4000.0	12.897712875165857	0.0	1910697	4626.692776566683	4.0
33678.12124907065	600.0	16.064464773407146	0.0	290170	833.2481017587124	0.6
33678.94947672981	600.0	19.23623711424691	0.0	288236	828.227659160231	0.6
33683.574488086815	4000.0	18.61122575724776	0.0	1750852	4625.011356999156	4.0
33698.2964851916	12000.0	7.889228652457859	0.0	5646381	14721.997104789898	12.0

