12319.544064102814	600.0	4.0	0.8045506523970092	247108	804.5506523970092	-15.491013047940184
12321.771564469329	1500.0	5.772499633484825	0.0	732405	2227.500366515174	1.5
12323.739402029803	1500.0	7.804662073009822	0.0	643847	1967.8375604750038	1.5
12325.925987574445	1500.0	9.618076528368274	0.0	718451	2186.585544641548	1.5
12328.12971136861	1500.0	11.414352734203195	0.0	724296	2203.7237941650787	1.5
12330.242345636369	1500.0	13.301718466446902	0.0	689829	2112.6342677562943	1.5
12332.507268280531	1500.0	15.036795822283752	0.0	737903	2264.922644163151	1.5
12334.897736857034	1500.0	16.646327245779197	0.0	780303	2390.468576504553	1.5
12340.510297475501	4000.0	15.033766627314323	0.0	1857129	5612.560618464875	4.0
12347.849452846674	4000.0	11.694611256140291	0.0	2373154	7339.155371174031	4.0
12352.982381885098	4000.0	10.561682217716312	0.0	2094766	5132.929038423979	4.0
12356.903836271971	4000.0	10.64022783084286	0.0	1761739	3921.45438687345	4.0
12361.592639317823	4000.0	9.95142478499015	0.0	2131310	4688.80304585271	4.0
12365.526729207862	4000.0	10.01733489495065	0.0	1805063	3934.089890039501	4.0
12370.237885756631	4000.0	9.3061783461822	0.0	2157416	4711.156548768451	4.0
12375.513745075927	4000.0	8.030319026885893	0.0	2231719	5275.859319296306	4.0
12379.867977574508	4000.0	7.676086528304633	0.0	1835863	4354.232498581261	4.0
12387.56726127765	4000.0	4.0	0.023197174840834122	2192675	7699.2837031454665	3.5360565031833175
12390.280681458886	1500.0	5.2865798187671285	0.0	747396	2713.420181232872	1.5
12392.295359152076	1500.0	7.27190212557473	0.0	662349	2014.6776931923982	1.5
12394.81641579994	1500.0	8.750845477711577	0.0	835711	2521.0566478631545	1.5
12397.251839426644	1500.0	10.315421851006937	0.0	806394	2435.423626704639	1.5
12399.69583015268	1500.0	11.871431124972286	0.0	809327	2443.9907260346495	1.5
12401.590914042883	1500.0	13.976347234768035	0.0	681795	1895.0838902042517	1.5
12403.771164844866	1500.0	15.79609643278495	0.0	855209	2180.2508019830857	1.5
12405.434836008775	1500.0	18.13242526887342	0.0	644861	1663.6711639115285	1.5
12410.59406426314	4000.0	16.97319701451048	0.0	2068230	5159.228254362942	4.0
12416.546348168153	4000.0	15.020913109495172	0.0	2055338	5952.283905015307	4.0
12422.568498530869	4000.0	12.998762746780482	0.0	2165436	6022.15036271469	4.0
12427.462657822904	4000.0	12.104603454745083	0.0	2002600	4894.159292035399	4.0
12433.071617040794	4000.0	10.495644236854769	0.0	2290706	5608.959217890315	4.0
12437.889080810013	4000.0	9.678180467636867	0.0	1947068	4817.463769217902	4.0
12439.510953405399	1500.0	12.056307872250683	0.0	633700	1621.8725953861829	1.5
12445.231384911243	4000.0	10.335876366407541	0.0	2125133	5720.431505843143	4.0
12450.393387343065	4000.0	9.173873934585412	0.0	1828568	5162.002431822129	4.0
12455.6090721004	4000.0	7.958189177249636	0.0	1785821	5215.684757335775	4.0
12461.762936748542	4000.0	5.804324529108118	0.0	2096494	6153.864648141519	4.0
12463.850835107156	1500.0	7.716426170494821	0.0	866245	2087.8983586132963	1.5
12465.533120589647	1500.0	10.034140688002463	0.0	691256	1682.285482492358	1.5
12467.295581076123	1500.0	12.271680201526156	0.0	725845	1762.4604864763064	1.5
12469.255455328228	1500.0	14.311805949421906	0.0	811013	1959.8742521042493	1.5
12474.15776739627	4000.0	13.409493881381225	0.0	1830641	4902.31206804068	4.0
12479.71106458025	4000.0	11.856196697402513	0.0	1697030	5553.297183978713	4.0
12485.45850515854	4000.0	10.108756119111789	0.0	1910697	5747.440578290723	4.0
12491.603000925319	4000.0	7.964260352331655	0.0	2171279	6144.4957667801345	4.0
12501.754150604045	4000.0	4.0	2.186889326393931	2042818	10151.149678725586	-39.73778652787862
12502.82841788673	600.0	6.92573271731438	0.0	256094	1074.26728268562	0.6
12504.965688676999	1500.0	8.788461927045656	0.0	808636	2137.2707902687234	1.5

