9122.842694251043	600.0	4.0	0.8419587966621057	247108	841.9587966621057	-16.239175933242112
9123.226780280838	200.0	7.615913970205631	0.0	98617	384.08602979436876	0.2
9124.196208097908	600.0	10.646486153134575	0.0	288447	969.4278170710555	0.6
9126.49155547404	1500.0	12.351138777004758	0.0	718451	2295.3473761298155	1.5
9132.966088702366	4000.0	9.87660554867728	0.0	2069289	6474.533228327481	4.0
9135.226676658744	1500.0	11.616017592299848	0.0	689829	2260.58795637743	1.5
9141.775619285581	4000.0	9.067074965462483	0.0	2046450	6548.9426268373645	4.0
9144.538796114506	1500.0	10.303898136537216	0.0	780303	2763.176828925268	1.5
9147.799752403533	1500.0	11.04294184750956	0.0	891463	3260.956289027654	1.5
9156.115957132337	4000.0	6.7267371187048335	0.0	2373154	8316.204728804727	4.0
9156.514006116184	200.0	10.32868813485908	0.0	95365	398.048983845753	0.2
9159.07668584521	1500.0	11.766008405833546	0.0	744416	2562.6797290255345	1.5
9166.132512294887	4000.0	8.710181956155974	0.0	2131310	7055.82644967757	4.0
9167.065840297764	600.0	11.776853953277529	0.0	266809	933.3280028784457	0.6
9174.000295187345	4000.0	8.842399063696918	0.0	2157416	6934.45488958061	4.0
9175.06181834486	600.0	11.780875906180416	0.0	324375	1061.5231575165008	0.6
9180.696938340323	4000.0	10.14575591071925	0.0	1835863	5635.119995461165	4.0
9183.114789579993	1500.0	11.727904671049828	0.0	772616	2417.851239669422	1.5
9189.574687516919	4000.0	9.268006734124976	0.0	2082556	6459.897936924852	4.0
9191.685148306678	1500.0	11.157545944363898	0.0	662349	2110.4607897610795	1.5
9200.040865050865	4000.0	6.801829200178421	0.0	2379358	8355.716744185476	4.0
9200.47518727485	200.0	10.367506976194008	0.0	97742	434.3222239844122	0.2
9203.489059536218	1500.0	11.353634714825995	0.0	809327	3013.8722613680134	1.5
9209.279286387227	4000.0	9.56340786381541	0.0	1822097	5790.226851010587	4.0
9212.01578214525	1500.0	10.826912105792541	0.0	855209	2736.4957580228697	1.5
9214.098401522602	1500.0	12.744292728439476	0.0	644861	2082.6193773530645	1.5
9220.43214431765	4000.0	10.410549933390811	0.0	2068230	6333.7427950486635	4.0
9223.276680649504	1500.0	11.566013601537842	0.0	914284	2844.5363318529717	1.5
9230.662643241792	4000.0	8.180051009249029	0.0	2165436	7385.962592288812	4.0
9231.78240283654	600.0	11.0602914145036	0.0	302752	1119.759594745428	0.6
9239.208878073972	4000.0	7.633816177071238	0.0	2290706	7426.475237432363	4.0
9240.196597630025	600.0	10.646096621017252	0.0	293409	987.7195560539851	0.6
9242.237075606747	1500.0	12.605618644297348	0.0	633700	2040.4779767199043	1.5
9249.006539432048	4000.0	9.836154818994254	0.0	2125133	6769.463825303093	4.0
9251.21747901203	1500.0	11.625215239013725	0.0	670327	2210.9395799805293	1.5
9257.261184516952	4000.0	9.581509734091501	0.0	1785821	6043.705504922224	4.0
9259.802600374192	1500.0	11.040093876851836	0.0	681043	2541.4158572396655	1.5
9266.803433996218	4000.0	8.039260254825932	0.0	1955307	7000.833622025904	4.0
9267.917664757424	600.0	10.925029493618513	0.0	309862	1114.2307612074183	0.6
9270.42032783605	1500.0	12.422366414994485	0.0	725845	2502.663078624027	1.5
9277.965735909409	4000.0	8.876958341634028	0.0	1985434	7545.408073360457	4.0
9279.515959479862	600.0	11.326734771180515	0.0	302912	1550.2235704535115	0.6
9286.971570065807	4000.0	7.871124185234959	0.0	1697030	7455.610585945557	4.0
9287.918022142145	600.0	10.924672108898783	0.0	278938	946.4520763361743	0.6
9289.953215991762	1500.0	12.889478259280269	0.0	629438	2035.1938496185135	1.5
9296.374376448359	4000.0	10.468317802681533	0.0	2042818	6421.160456598736	4.0
9298.82971523521	1500.0	12.01297901583171	0.0	769491	2455.338786849823	1.5
9305.190425221319	4000.0	9.652269029722742	0.0	2034636	6360.709986108967	4.0

