27800.598705968605	600.0	4.0	0.8529975756627827	247108	852.9975756627827	-16.459951513255653
27801.647571222376	600.0	6.951134746226637	0.0	309722	1048.8652537733637	0.6
27803.741638634594	1500.0	8.857067334011106	0.0	643847	2094.0674122155315	1.5
27804.18209847662	200.0	12.416607491984047	0.0	115230	440.4598420270587	0.2
27806.527824604716	1500.0	14.070881363885198	0.0	724296	2345.7261280988505	1.5
27808.765731854266	1500.0	15.832974114334872	0.0	689829	2237.9072495503247	1.5
27811.219539188416	1500.0	17.3791667801867	0.0	737903	2453.807334148174	1.5
27813.92898001738	1500.0	18.669725951223537	0.0	780303	2709.440828963164	1.5
27814.33013584813	200.0	22.268570120470184	0.0	95305	401.155830753354	0.2
27829.76403440898	12000.0	10.834671559617648	0.0	5088378	15433.898560852535	12.0
27830.1130708191	200.0	14.48563514949687	0.0	95365	349.03641012077935	0.2
27830.996803395912	600.0	17.60190257268628	0.0	285624	883.7325768105859	0.6
27831.36372148955	200.0	21.234984479048997	0.0	102419	366.91809363728686	0.2
27836.500451538224	4000.0	20.098254430374414	0.0	1805063	5136.730048674581	4.0
27836.81226860584	200.0	23.786437362755265	0.0	82750	311.8170676191477	0.2
27837.156657722346	200.0	27.442048246251435	0.0	94377	344.38911650383443	0.2
27838.19106329716	600.0	30.40764267143615	0.0	340687	1034.4055748152819	0.6
27850.492144571355	12000.0	22.106561397240192	0.0	4055239	12301.081274195962	12.0
27850.852802080233	200.0	25.745903888365365	0.0	90919	360.65750887482636	0.2
27854.090016264956	1500.0	26.508689703639945	0.0	662349	3237.214184725419	1.5
27854.76528396565	200.0	29.833422002945547	0.0	114656	675.2677006943994	0.2
27855.352738050926	200.0	33.245967917670704	0.0	97742	587.4540852748394	0.2
27855.95541960067	200.0	36.643286367927054	0.0	100675	602.6815497436563	0.2
27856.48062435114	200.0	40.118081617456546	0.0	85752	525.2047504705042	0.2
27864.381218003404	4000.0	36.2174879651915	0.0	1836837	7900.593652265046	4.0
27865.157439063896	600.0	39.441266904698594	0.0	221407	776.221060492905	0.6
27880.96265853736	12000.0	27.636047431235433	0.0	5138482	15805.219473463163	12.0
27891.358219759193	8000.0	21.2404862093994	0.0	3354913	10395.561221836035	8.0
27893.569445951653	1500.0	23.02926001693996	0.0	675709	2211.226192459439	1.5
27895.902896067106	1500.0	24.69580990148491	0.0	707527	2333.4501154550526	1.5
27896.28222563156	200.0	28.31648033702914	0.0	93982	379.32956445576883	0.2
27907.620513121576	8000.0	20.978192847013887	0.0	3568902	11338.287490015253	8.0
27908.012213796537	200.0	24.586492172049976	0.0	99865	391.70067496391084	0.2
27908.371319566893	200.0	28.227386401693767	0.0	89422	359.10577035620923	0.2
27914.2583437002	4000.0	26.340362268386333	0.0	1828568	5887.024133307434	4.0
27915.252182014996	600.0	29.34652395359108	0.0	275745	993.8383147952527	0.6
27916.276516404687	600.0	32.32218956389784	0.0	284947	1024.3343896932415	0.6
27916.622977598996	200.0	35.97572836958975	0.0	80403	346.46119430808426	0.2
27934.65563781835	12000.0	21.943068150237792	0.0	5257310	18032.660219351957	12.0
27935.031631577305	200.0	25.5670743912799	0.0	101968	375.9937589578911	0.2
27948.996836821076	12000.0	15.601869147509767	0.0	4828747	13965.205243770133	12.0
27950.94476262209	1500.0	17.653943346497964	0.0	657685	1947.9258010118044	1.5
27955.859919633374	4000.0	16.738786335214307	0.0	1697030	4915.157011283657	4.0
27956.216968837114	200.0	20.381737131472253	0.0	96988	357.0492037420553	0.2
27958.09497783519	1500.0	22.50372813340041	0.0	629438	1878.008998071842	1.5
27958.99833283055	600.0	25.600373138042272	0.0	288236	903.3549953581376	0.6
27964.174528030955	4000.0	24.42417793763491	0.0	1750852	5176.1952004073655	4.0
27982.419872696675	12000.0	10.178833271914481	0.0	5646381	18245.344665720426	12.0

