2570.291324917273	600.0	4.0	0.6668329029002287	247108	666.8329029002286	0.62419045	-12.736658058004574
2570.6055208979183	200.0	7.685804019354648	0.0	98617	314.19598064535285	0.004705182	0.2
2570.938380457986	200.0	11.352944459286967	0.0	106476	332.8595600676819	0.004705182	0.2
2571.292029046462	200.0	14.9992958708107	0.0	115230	353.6485884762668	0.004705182	0.2
2571.603947590708	200.0	18.687377326565148	0.0	97658	311.9185442455547	0.004705182	0.2
2571.9158661349534	200.0	22.37545878231959	0.0	97658	311.9185442455547	0.004705182	0.2
2572.2708493629048	200.0	26.020475554368158	0.0	115792	354.98322795143525	0.004705182	0.2
2572.6065539373694	200.0	29.68477097990323	0.0	107674	335.7045744649271	0.004705182	0.2
2588.427028805885	12000.0	17.86429611138795	0.0	6619479	15820.474868515283	0.042948693	12.0
2588.7580295052585	200.0	21.53329541201441	0.0	105425	331.0006993735399	0.004705182	0.2
2589.6219611749757	600.0	24.669363742297282	0.0	329266	863.9316697171257	0.9699651	0.6
2589.928955803192	200.0	28.362369114081282	0.0	95342	306.9946282160023	0.004705182	0.2
2591.410022274713	1500.0	30.881302642559874	0.0	606092	1481.066471521407	0.004705182	1.5
2593.17606081861	1500.0	33.11526409866266	0.0	748011	1766.0385438972164	0.004705182	1.5
2594.9567640756823	1500.0	35.334560841590644	0.0	754517	1780.7032570720162	0.004705182	1.5
2597.1437019771806	1500.0	37.147622940091715	0.0	934743	2186.9379014989295	0.004705182	1.5
2611.785923131669	12000.0	26.50540178560361	0.0	5964284	14642.221154488108	0.004705182	12.0
2613.964033418673	1500.0	28.327291498599415	0.0	772616	2178.1102870041923	0.062164895	1.5
2616.0736564604763	1500.0	30.217668456796257	0.0	747396	2109.6230418031537	0.004705182	1.5
2616.3868606900114	200.0	33.904464227260796	0.0	85876	313.2042295354639	0.004705182	0.2
2618.7363112916855	1500.0	35.55501362558731	0.0	835711	2349.4506016734845	0.004705182	1.5
2629.2989323546644	8000.0	28.992392562608405	0.0	3905272	10562.621062978902	0.39820474	8.0
2631.544272546785	1500.0	30.747052370488117	0.0	809327	2245.34019212029	0.004705182	1.5
2633.4715800046183	1500.0	32.81974491265434	0.0	681795	1927.3074578337737	0.004705182	1.5
2646.2092027983254	8000.0	24.08212211894734	0.0	4925863	12737.622793707003	0.004705182	8.0
2647.808198160858	1500.0	26.483126756415135	0.0	644861	1598.9953625322048	0.004705182	1.5
2649.758529261336	1500.0	28.532795655936663	0.0	794014	1950.331100478469	0.004705182	1.5
2657.9207278475415	8000.0	24.370597069731257	0.0	3354913	8162.198586205408	0.004705182	8.0
2659.6410221838437	1500.0	26.650302733429275	0.0	675709	1720.294336301983	0.004705182	1.5
2671.168533057498	8000.0	19.122791859775443	0.0	4435580	11527.510873653831	0.009987005	8.0
2673.354573209095	1500.0	20.936751708177887	0.0	757473	2186.040151597557	0.004705182	1.5
2675.49993206077	1500.0	22.791392856503244	0.0	712239	2145.3588516746413	0.004705182	1.5
2685.716994924734	8000.0	16.574329992539344	0.0	3713878	10217.062863963902	0.17381963	8.0
2687.647719757771	1500.0	18.64360515950215	0.0	755142	1930.7248330371913	0.004705182	1.5
2689.3705774258065	1500.0	20.920747491467107	0.0	670327	1722.8576680350468	0.5566205	1.5
2699.115901632947	8000.0	15.175423284326433	0.0	4086583	9745.324207140675	0.006441396	8.0
2700.781058887609	1500.0	17.51026602966407	0.0	681043	1665.1572546623609	0.011656762	1.5
2710.6225786878626	8000.0	11.66874622941064	0.0	3739359	9841.51980025343	0.38350537	8.0
2712.558206089168	1500.0	13.733118828105336	0.0	691256	1935.6274013053035	0.011048708	1.5
2714.4726732904614	1500.0	15.818651626811976	0.0	725845	1914.4672012933602	0.21068795	1.5
2722.5618174388464	8000.0	11.7295074784267	0.0	3189942	8089.144148385275	0.6692101	8.0
2724.283802101313	1500.0	14.007522815959964	0.0	657685	1721.9846624667364	0.46301973	1.5
2728.594346490706	4000.0	13.6969784265673	0.0	1697030	4310.544389392665	0.15101048	4.0
2733.442753063199	4000.0	12.848571854074487	0.0	1910697	4848.406572492813	0.65001506	4.0
2739.031778292738	4000.0	11.259546624534837	0.0	2171279	5589.025229539652	0.021417927	4.0
2744.251226188518	4000.0	10.040098728755186	0.0	2042818	5219.447895779648	0.017197244	4.0
2748.5777748181567	4000.0	9.713550099116574	0.0	1750852	4326.548629638613	0.013694096	4.0
2753.5963008252893	4000.0	8.695024091984047	0.0	2034636	5018.526007132527	0.020286115	4.0

