9849.957772599413	600.0	4.0	1.0144003025075037	247108	1014.4003025075037	-19.688006050150072
9852.807247701629	1500.0	5.15052489778555	0.0	732405	2849.4751022144496	1.5
9855.32185456004	1500.0	6.635918039373241	0.0	643847	2514.6068584123086	1.5
9858.118564790939	1500.0	7.839207808474936	0.0	718451	2796.710230898306	1.5
9860.053910411607	1500.0	9.903862187805215	0.0	724296	1935.3456206697206	1.5
9861.296657872734	1500.0	12.661114726678417	0.0	689829	1242.7474611267962	1.5
9862.620436895953	1500.0	15.337335703459843	0.0	737903	1323.779023218575	1.5
9864.015683619647	1500.0	17.942088979765096	0.0	780303	1395.2467236947452	1.5
9865.598297078837	1500.0	20.35947552057669	0.0	891463	1582.6134591884036	1.5
9869.678388099022	4000.0	20.279384500392123	0.0	2373154	4080.091020184569	4.0
9873.811275033944	4000.0	20.14649756547145	0.0	2094766	4132.886934920673	4.0
9877.30806380458	4000.0	20.649708794834588	0.0	1761739	3496.7887706368642	4.0
9881.52944734564	4000.0	20.428325253774556	0.0	2131310	4221.3835410600295	4.0
9885.128088671176	4000.0	20.8296839282385	0.0	1805063	3598.641325536062	4.0
9889.413577949928	4000.0	20.54419464948606	0.0	2157416	4285.489278752437	4.0
9893.89231707264	4000.0	20.065455526775068	0.0	2231719	4478.739122710993	4.0
9897.598847437961	4000.0	20.3589251614529	0.0	1835863	3706.530365322172	4.0
9902.196033589447	4000.0	19.761739009966167	0.0	2192675	4597.186151486731	4.0
9906.859753841461	4000.0	19.09801875795087	0.0	2082556	4663.720252015297	4.0
9908.397588600865	1500.0	21.560183998548442	0.0	662349	1537.8347594024267	1.5
9910.316994328985	1500.0	23.64077827042783	0.0	835711	1919.405728120615	1.5
9911.916605769271	1500.0	26.04116683014164	0.0	806394	1599.6114402861867	1.5
9913.468293366584	1500.0	28.489479232828344	0.0	809327	1551.6875973133006	1.5
9914.788075612092	1500.0	31.169696987320382	0.0	681795	1319.7822455079613	1.5
9916.423195456618	1500.0	33.53457714279436	0.0	855209	1635.1198445260204	1.5
9920.111972008232	4000.0	33.84580059117996	0.0	1984579	3688.7765516144063	4.0
9923.81915310517	4000.0	34.1386194942407	0.0	2068230	3707.181096939256	4.0
9927.461225439743	4000.0	34.49654715966893	0.0	2055338	3642.072334571766	4.0
9931.297475733163	4000.0	34.66029686625073	0.0	2165436	3836.2502934182025	4.0
9935.228583291966	4000.0	34.729189307447356	0.0	2002600	3931.10755880338	4.0
9939.713734191595	4000.0	34.24403840781875	0.0	2290706	4485.15089962861	4.0
9943.698458978874	4000.0	34.25931362054021	0.0	1947068	3984.7247872785333	4.0
9949.056467303453	4000.0	32.90130529595936	0.0	2544033	5358.008324580854	4.0
9953.283552460995	4000.0	32.674220138417546	0.0	2125133	4227.085157541817	4.0
9956.62939919873	4000.0	33.32837340068244	0.0	1828568	3345.846737735112	4.0
9959.898899226635	4000.0	34.058873372775984	0.0	1785821	3269.500027906458	4.0
9963.916226106305	4000.0	34.04154649310718	0.0	2096494	4017.326879668811	4.0
9967.858703975857	4000.0	34.09906862355645	0.0	1955307	3942.477869550724	4.0
9972.198851299936	4000.0	33.758921299477024	0.0	2142800	4340.147324079429	4.0
9977.460735151752	4000.0	32.49703744766182	0.0	2094647	5261.883851815202	4.0
9979.547075679922	1500.0	34.410696919490626	0.0	811013	2086.340528171192	1.5
9981.254102706951	1500.0	36.7036698924636	0.0	657685	1707.0270270270273	1.5
9983.102786977104	1500.0	38.854985622309265	0.0	767059	1848.6842701543326	1.5
9984.961896934361	1500.0	40.99587566505439	0.0	848035	1859.109957254871	1.5
9986.362407777988	1500.0	43.59536482142814	0.0	629438	1400.5108436262553	1.5
9988.044898009546	1500.0	45.91287458987018	0.0	763847	1682.4902315579682	1.5
9989.739228904045	1500.0	48.21854369536935	0.0	769491	1694.330894500826	1.5
9991.515682894029	1500.0	50.44208970538692	0.0	808636	1776.45398998243	1.5

