29980.471575826014	600.0	4.0	0.7119190627647162	247108	711.9190627647162	-13.638381255294323
29980.803764999222	200.0	7.667810826793676	0.0	98617	332.18917320632283	0.2
29981.62139857603	600.0	10.850177249988013	0.0	288447	817.6335768056643	0.6
29983.538663587937	1500.0	12.932912238080778	0.0	718451	1917.2650119072355	1.5
29985.47087577647	1500.0	15.000700049546888	0.0	724296	1932.2121885338918	1.5
29987.31494693219	1500.0	17.156628893825822	0.0	689829	1844.071155721067	1.5
29989.28195573875	1500.0	19.189620087266455	0.0	737903	1967.0088065593684	1.5
29991.268717980638	1500.0	21.20285784537846	0.0	780303	1986.7622418879942	1.5
29995.65816439911	4000.0	20.813411426907372	0.0	1857129	4389.446418471089	4.0
29997.50891290167	1500.0	22.962662924347583	0.0	763093	1850.748502559789	1.5
30002.48799251541	4000.0	21.983583310609998	0.0	2094766	4979.079613737589	4.0
30006.742358537384	4000.0	21.729217288633276	0.0	1761739	4254.36602197672	4.0
30011.906028147314	4000.0	20.565547678703876	0.0	2131310	5163.669609929403	4.0
30016.397093302945	4000.0	20.07448252306958	0.0	1805063	4491.065155634297	4.0
30018.320920165515	1500.0	22.150655660498177	0.0	754517	1923.8268625714024	1.5
30023.81276620925	4000.0	20.65880961676551	0.0	2231719	5491.846043732669	4.0
30028.312405702494	4000.0	20.15917012352125	0.0	1835863	4499.63949324426	4.0
30030.252394267387	1500.0	22.219181558627024	0.0	772616	1939.9885648942254	1.5
30037.861697241584	4000.0	18.609878584428674	0.0	2082556	7609.302974198347	4.0
30040.522759615244	1500.0	19.948816210771255	0.0	662349	2661.06237365742	1.5
30044.593475568403	1500.0	19.878100257609507	0.0	835711	4070.7159531617513	1.5
30048.769185047164	1500.0	19.702390778846254	0.0	806394	4175.709478763253	1.5
30052.27605243148	1500.0	20.19552339452995	0.0	809327	3506.8673843163006	1.5
30054.07813748815	1500.0	22.393438337857074	0.0	681795	1802.0850566728761	1.5
30056.318233468955	1500.0	24.153342357053237	0.0	855209	2240.095980803839	1.5
30058.02703023592	1500.0	26.44454559009084	0.0	644861	1708.796766962397	1.5
30060.112559235382	1500.0	28.359016590627572	0.0	794014	2085.528999463266	1.5
30064.968932109507	4000.0	27.502643716504334	0.0	2055338	4856.372874123236	4.0
30069.847682248008	4000.0	26.62389357800018	0.0	2165436	4878.750138504155	4.0
30074.391418435793	4000.0	26.080157390212733	0.0	2002600	4543.736187787445	4.0
30079.60724266089	4000.0	24.864333165113244	0.0	2290706	5215.824225099491	4.0
30085.07421230147	4000.0	23.397363524532764	0.0	1947068	5466.969640580478	4.0
30087.412536911135	1500.0	25.059038914870648	0.0	633700	2338.3246096621156	1.5
30094.223747126132	4000.0	22.24782869987118	0.0	2125133	6811.210214999468	4.0
30098.698286900228	4000.0	21.773288925778417	0.0	1828568	4474.5397740927665	4.0
30103.518591863227	4000.0	20.952983962776994	0.0	1785821	4820.304963001422	4.0
30106.940724116936	1500.0	21.530851709065793	0.0	681043	3422.1322537112014	1.5
30111.27171172582	1500.0	21.199864100183447	0.0	866245	4330.987608882346	1.5
30114.45559246456	1500.0	22.015983361442455	0.0	691256	3183.8807387409947	1.5
30117.54661657657	1500.0	22.924959249438302	0.0	725845	3091.024112004149	1.5
30120.990943255332	1500.0	23.480632570672423	0.0	811013	3444.3266787658804	1.5
30123.50445776155	1500.0	24.967118064453043	0.0	657685	2513.5145062193815	1.5
30125.386255309815	1500.0	27.085320516189075	0.0	767059	1881.7975482639654	1.5
30127.458262943965	1500.0	29.013312882040942	0.0	848035	2072.0076341481317	1.5
30129.01679307683	1500.0	31.454782749177404	0.0	629438	1558.5301328635398	1.5
30133.9170125724	4000.0	30.55456325360418	0.0	2042818	4900.219495573226	4.0
30138.305608961095	4000.0	30.165966864911812	0.0	1750852	4388.596388692363	4.0
30143.39255719082	4000.0	29.079018635190813	0.0	2034636	5086.948229721001	4.0

