9184.994791989438	600.0	4.0	0.8419587966621057	247108	841.9587966621057	-16.239175933242112
9187.333166596774	1500.0	5.661625392665112	0.0	732405	2338.374607334888	1.5
9189.398472152865	1500.0	7.596319836574225	0.0	643847	2065.305556090886	1.5
9191.693819528995	1500.0	9.30097246044441	0.0	718451	2295.3473761298155	1.5
9194.00718999287	1500.0	10.9876019965696	0.0	724296	2313.37046387481	1.5
9196.25405494084	1500.0	12.74073704859825	0.0	689829	2246.8649479713486	1.5
9198.666607493393	1500.0	14.328184496045699	0.0	737903	2412.5525525525527	1.5
9201.213188811553	1500.0	15.781603177885433	0.0	780303	2546.5813181602653	1.5
9204.111153091622	1500.0	16.88363889781589	0.0	891463	2897.964280069543	1.5
9206.815939347995	1500.0	18.17885264144355	0.0	763093	2704.78625637234	1.5
9209.641045503215	1500.0	19.353746486225	0.0	769316	2825.106155218555	1.5
9212.377302416684	1500.0	20.617489572754884	0.0	744416	2736.256913470116	1.5
9214.61998573515	1500.0	22.374806254289226	0.0	606092	2242.6833184656557	1.5
9217.232088638322	1500.0	23.762703351117555	0.0	748011	2612.1029031716735	1.5
9219.828455912944	1500.0	25.166336076495355	0.0	754517	2596.367274622199	1.5
9223.02588957631	1500.0	25.968902413129015	0.0	934743	3197.4336633663365	1.5
9229.076208170289	4000.0	23.918583819149966	0.0	1835863	6050.318593979054	4.0
9236.13792765729	4000.0	20.856864332150124	0.0	2192675	7061.7194869998375	4.0
9242.51951360203	4000.0	18.475278387410444	0.0	2082556	6381.58594473968	4.0
9249.193291491783	4000.0	15.801500497656493	0.0	2164412	6673.777889753955	4.0
9256.701381576222	4000.0	12.293410413219645	0.0	2379358	7508.090084436848	4.0
9263.853623006315	4000.0	9.141168983126978	0.0	1950922	7152.241430092667	4.0
9269.972583527671	4000.0	7.022208461769173	0.0	1849252	6118.960521357804	4.0
9275.712478303341	4000.0	5.2823136860989015	0.0	1822097	5739.894775670272	4.0
9278.387963496094	1500.0	6.606828493345464	0.0	855209	2675.4851927534373	1.5
9280.417840846563	1500.0	8.576951142877734	0.0	644861	2029.8773504677313	1.5
9282.898714700857	1500.0	10.09607728858311	0.0	794014	2480.873854294624	1.5
9285.74325103271	1500.0	11.251540956730139	0.0	914284	2844.5363318529717	1.5
9288.05566138888	1500.0	12.939130600560105	0.0	675709	2312.4103561700335	1.5
9290.565564368188	1500.0	14.429227621252128	0.0	707527	2509.9029793079767	1.5
9293.246999930994	1500.0	15.747792058446255	0.0	757473	2681.4355628058725	1.5
9295.773085618297	1500.0	17.221706371144805	0.0	712239	2526.085687301451	1.5
9297.906778820994	1500.0	19.08801316844756	0.0	633700	2133.693202697247	1.5
9300.32296196806	1500.0	20.671830021380774	0.0	755142	2416.1831470667853	1.5
9302.476752911252	1500.0	22.51803907818885	0.0	670327	2153.7909431919256	1.5
9308.110448181555	4000.0	20.88434380788779	0.0	1785821	5633.695270301057	4.0
9314.855108927417	4000.0	18.1396830620254	0.0	2096494	6744.660745862391	4.0
9321.692846745977	4000.0	15.301945243465807	0.0	1955307	6837.7378185595935	4.0
9329.345628736932	4000.0	11.649163252510403	0.0	2142800	7652.781990955403	4.0
9336.416961527886	4000.0	8.577830461555608	0.0	2094647	7071.332790954796	4.0
9345.708475844076	4000.0	4.0	0.7136838546347389	1985434	9291.514316190347	-10.27367709269478
9348.452206117898	1500.0	5.25626972617696	0.0	657685	2743.73027382304	1.5
9350.91488564963	1500.0	6.793590194444642	0.0	767059	2462.679531732319	1.5
9353.629097146651	1500.0	8.079378697424703	0.0	848035	2714.211497019938	1.5
9355.664290996268	1500.0	10.04418484780619	0.0	629438	2035.1938496185135	1.5
9358.115222450378	1500.0	11.593253393695358	0.0	763847	2450.9314541108297	1.5
9363.599920706283	4000.0	10.10855513779167	0.0	1750852	5484.698255903689	4.0
9370.18212829023	4000.0	7.526347553846848	0.0	2034636	6582.207583944823	4.0

