17709.942577648246	600.0	4.0	1.0380614519724727	247108	1038.0614519724727	-20.161229039449452
17711.223399592607	600.0	6.719178055636328	0.0	309722	1280.821944363672	0.6
17712.421736318403	600.0	9.520841329843947	0.0	288447	1198.3367257923815	0.6
17713.586129068233	600.0	12.35644858001357	0.0	279692	1164.3927498303772	0.6
17716.474294232525	1500.0	13.468283415721624	0.0	724296	2888.1651642919455	1.5
17719.228827527088	1500.0	14.713750121159253	0.0	689829	2754.5332945623727	1.5
17722.13168106714	1500.0	15.810896581102606	0.0	737903	2902.853540056646	1.5
17725.194419438263	1500.0	16.748158209981884	0.0	780303	3062.738371120721	1.5
17728.68207120499	1500.0	17.260506443252307	0.0	891463	3487.6517667295793	1.5
17730.939915230636	1500.0	19.002662417607237	0.0	763093	2257.8440256450704	1.5
17732.859861418172	1500.0	21.0827162300708	0.0	769316	1919.9461875364357	1.5
17734.72025514603	1500.0	23.22232250221239	0.0	744416	1860.3937278584135	1.5
17736.249824197883	1500.0	25.6927534503581	0.0	606092	1529.5690518542879	1.5
17740.675205032374	4000.0	25.26737261586796	0.0	1805063	4425.38083449014	4.0
17746.149419309157	4000.0	23.793158339083362	0.0	2157416	5474.214276784599	4.0
17752.314783554037	4000.0	21.627794094204756	0.0	2231719	6165.364244878605	4.0
17758.412650018563	4000.0	19.52992762967832	0.0	1835863	6097.866464526439	4.0
17760.84632273557	1500.0	21.09625491266869	0.0	772616	2433.672717009628	1.5
17762.732308690414	1500.0	23.21026895782462	0.0	747396	1885.9859548440686	1.5
17764.412789548227	1500.0	25.529788100012947	0.0	662349	1680.4808578116742	1.5
17766.512177300243	1500.0	27.43040034799301	0.0	835711	2099.3877520199353	1.5
17771.427639972953	4000.0	26.514937675284077	0.0	1950922	4915.462672708935	4.0
17776.820723705827	4000.0	25.12185394241044	0.0	1849252	5393.083732873638	4.0
17782.1282268297	4000.0	23.814350818536777	0.0	1822097	5307.503123873661	4.0
17787.455208190837	4000.0	22.487369457399875	0.0	1836837	5326.981361136899	4.0
17793.016716261645	4000.0	20.925861386591627	0.0	1984579	5561.5080708082505	4.0
17795.17324846171	1500.0	22.769329186526246	0.0	794014	2156.532200065381	1.5
17797.644314823265	1500.0	24.29826282497018	0.0	914284	2471.0663615560643	1.5
17799.491451796133	1500.0	26.45112585210323	0.0	675709	1847.13697286695	1.5
17805.895050220504	4000.0	24.047527427733677	0.0	2002600	6403.5984243695575	4.0
17808.570135655817	1500.0	25.372441992420413	0.0	757473	2675.085435313263	1.5
17814.72850198719	4000.0	23.21407566104888	0.0	1947068	6158.3663313715315	4.0
17816.6461125425	1500.0	25.296465105734978	0.0	633700	1917.6105553139046	1.5
17818.915882007488	1500.0	27.0266956407502	0.0	755142	2269.7694649847763	1.5
17825.931560912435	4000.0	24.011016735804933	0.0	1828568	7015.678904945266	4.0
17833.968923697776	4000.0	19.973653950460058	0.0	1785821	8037.362785344873	4.0
17836.685750800018	1500.0	21.256826848221703	0.0	681043	2716.8271022383547	1.5
17840.119633437644	1500.0	21.82294421059315	0.0	866245	3433.882637628554	1.5
17842.53470439403	1500.0	23.40787325420532	0.0	691256	2415.0709563878286	1.5
17844.29855534372	1500.0	25.64402230451705	0.0	725845	1763.8509496882702	1.5
17846.25998321091	1500.0	27.68259443732842	0.0	811013	1961.427867188633	1.5
17850.586794288192	4000.0	27.35578336004844	0.0	1830641	4326.811077279977	4.0
17857.060242717864	4000.0	24.882334930378107	0.0	1697030	6473.448429670336	4.0
17864.85349487316	4000.0	21.08908277507961	0.0	1910697	7793.252155298496	4.0
17866.79922191516	1500.0	23.143355733081794	0.0	629438	1945.727041997814	1.5
17869.143352780866	1500.0	24.79922486737476	0.0	763847	2344.1308657070344	1.5
17875.186176896244	4000.0	22.75640075199919	0.0	1750852	6042.82411537557	4.0
17878.72280954385	1500.0	23.219768104390322	0.0	808636	3536.6326476088702	1.5

