26883.244810899527	600.0	4.0	0.7863508057312324	247108	786.3508057312324	-15.127016114624649
26885.418368622755	1500.0	5.826442276771359	0.0	732405	2173.557723228642	1.5
26887.338785959375	1500.0	7.906024940150784	0.0	643847	1920.417336620574	1.5
26889.472456592168	1500.0	9.772354307356988	0.0	718451	2133.6706327937973	1.5
26891.622834982136	1500.0	11.621975917390216	0.0	724296	2150.37838996677	1.5
26893.645644553148	1500.0	13.599166346376126	0.0	689829	2022.8095710140892	1.5
26895.751702590318	1500.0	15.493108309206255	0.0	737903	2106.058037169873	1.5
26901.48403282902	4000.0	13.760778070502223	0.0	2058614	5732.330238704031	4.0
26907.006372927448	4000.0	12.238437972071152	0.0	1857129	5522.340098431073	4.0
26914.15662829497	4000.0	9.088182604549427	0.0	2373154	7150.255367521724	4.0
26919.993852425796	4000.0	7.2509584737262855	0.0	2094766	5837.224130823141	4.0
26924.78266436003	4000.0	6.462146539490251	0.0	1761739	4788.811934236034	4.0
26926.38033686422	1500.0	8.864474035303827	0.0	606092	1597.6725041864252	1.5
26928.333378791067	1500.0	10.911432108452802	0.0	748011	1953.041926851026	1.5
26930.3027119366	1500.0	12.942098962921714	0.0	754517	1969.333145531089	1.5
26932.723336379062	1500.0	14.521474520459625	0.0	934743	2420.6244424620877	1.5
26937.917146005573	4000.0	13.327664893945986	0.0	1835863	5193.809626513639	4.0
26944.2323902111	4000.0	11.012420688423664	0.0	2192675	6315.244205522325	4.0
26949.538049830946	4000.0	9.706761068575473	0.0	2082556	5305.65961984819	4.0
26955.140690082826	4000.0	8.104120816696145	0.0	2164412	5602.640251879328	4.0
26961.743053021422	4000.0	5.501757878099654	0.0	2379358	6602.362938596491	4.0
26964.033562889843	1500.0	7.2112480096786005	0.0	806394	2290.509868421053	1.5
26968.232579144566	1500.0	7.012231754955668	0.0	809327	4199.016254722933	1.5
26971.928090214435	1500.0	7.3167206850895665	0.0	681795	3695.511069866101	1.5
26976.50708177175	1500.0	6.737729127773952	0.0	855209	4578.991557315614	1.5
26979.947483022403	1500.0	7.297327877122571	0.0	644861	3440.401250651381	1.5
26981.71928604481	600.0	9.525524854715067	0.0	324657	1771.803022407504	0.6
26983.376206315785	600.0	11.868604583740602	0.0	302611	1656.9202709744661	0.6
26984.873412746063	600.0	14.371398153462524	0.0	291029	1497.206430278079	0.6
26986.755082569245	1500.0	16.489728330280435	0.0	707527	1881.669823182086	1.5
26988.76393651542	1500.0	18.480874384105658	0.0	757473	2008.853946174781	1.5
26990.657605129047	1500.0	20.58720577047906	0.0	712239	1893.6686136265976	1.5
26992.35127947215	1500.0	22.8935314273791	0.0	633700	1693.6743430999636	1.5
26994.35419768392	1500.0	24.890613215611396	0.0	755142	2002.918211767702	1.5
26999.554267408694	4000.0	23.69054349083382	0.0	1828568	5200.069724777575	4.0
27004.732061521096	4000.0	22.51274937843418	0.0	1785821	5177.794112399643	4.0
27010.75329887198	4000.0	20.491512027548385	0.0	2096494	6021.237350885792	4.0
27016.418429452762	4000.0	18.82638144676406	0.0	1955307	5665.130580784326	4.0
27022.904049466586	4000.0	16.340761432938226	0.0	2142800	6485.620013825832	4.0
27028.915088483976	4000.0	14.329722415548556	0.0	2094647	6011.03901738967	4.0
27034.383243240834	4000.0	12.861567658691863	0.0	1985434	5468.154756856693	4.0
27040.73327215683	4000.0	10.511538742693313	0.0	1830641	6350.0289159985505	4.0
27046.738755211856	4000.0	8.506055687667573	0.0	1697030	6005.483055025738	4.0
27051.842195736364	4000.0	7.4026151631592985	0.0	1910697	5103.440524508274	4.0
27053.577060090505	1500.0	9.66775080901762	0.0	629438	1734.8643541416766	1.5
27055.665301048815	1500.0	11.579509850705511	0.0	763847	2088.240958312109	1.5
27065.341555556584	4000.0	5.903255342936289	0.0	1750852	9676.254507769223	4.0
27068.068937950833	1500.0	7.175872948684523	0.0	808636	2727.3823942517656	1.5

