36170.26335102332	600.0	4.0	0.8037945995423341	247108	803.7945995423341	-15.475891990846682
36170.63220630936	200.0	7.63114471395881	0.0	98617	368.8552860411899	0.2
36171.55708539403	600.0	10.706265629290618	0.0	288447	924.8790846681923	0.6
36173.74147276245	1500.0	12.521878260869565	0.0	718451	2184.387368421053	1.5
36179.88643769772	4000.0	10.376913325596998	0.0	2069289	6144.964935272566	4.0
36182.328815215325	1500.0	11.934535807992495	0.0	689829	2442.3775176045033	1.5
36189.41705562114	4000.0	8.846295402179265	0.0	2046450	7088.2404058132315	4.0
36190.39910659417	600.0	11.86424442915233	0.0	274823	982.0509730269334	0.6
36196.104639346915	4000.0	10.158711676407158	0.0	1857129	5705.532752745173	4.0
36198.496166798635	1500.0	11.767184224684327	0.0	763093	2391.527451722832	1.5
36205.299802365735	4000.0	8.963548657584635	0.0	2094766	6803.635567099691	4.0
36206.316428042075	600.0	11.946922981244251	0.0	285624	1016.6256763403836	0.6
36212.96415236658	4000.0	9.2991986567422	0.0	2131310	6647.724324502051	4.0
36215.13894451822	1500.0	11.124406505096042	0.0	748011	2174.7921516461593	1.5
36221.31885390161	4000.0	8.94449712171209	0.0	2157416	6179.909383383952	4.0
36222.39505337184	600.0	11.868297651482907	0.0	324375	1076.1994702291836	0.6
36228.11323679539	4000.0	10.150114227934976	0.0	1835863	5718.183423547929	4.0
36230.5660449646	1500.0	11.697306058715428	0.0	772616	2452.808169219548	1.5
36236.467448554235	4000.0	9.79590246908413	0.0	2082556	5901.4035896313	4.0
36238.38887337744	1500.0	11.874477645883838	0.0	662349	1921.424823200292	1.5
36245.78646424174	4000.0	8.47688678157267	0.0	2379358	7397.590864311168	4.0
36246.884592760245	600.0	11.378758263076897	0.0	310841	1098.1285184957728	0.6
36252.9709255601	4000.0	9.292425463224754	0.0	1849252	6086.3327998521445	4.0
36255.21832139964	1500.0	11.045029623682524	0.0	681795	2247.3958395422305	1.5
36261.137544145065	4000.0	9.125806878257238	0.0	1836837	5919.222745425284	4.0
36263.285988279844	1500.0	10.977362743480963	0.0	644861	2148.444134776274	1.5
36265.917088502734	1500.0	12.346262520584922	0.0	794014	2631.100222896042	1.5
36272.57273241366	4000.0	9.690618609660048	0.0	2055338	6655.643910924876	4.0
36274.75631136102	1500.0	11.507039662291625	0.0	675709	2183.5789473684213	1.5
36281.070692137364	4000.0	9.192658885951515	0.0	2002600	6314.380776340111	4.0
36283.74127208814	1500.0	10.522078935169171	0.0	757473	2670.5799507823435	1.5
36286.367028499546	1500.0	11.89632252376715	0.0	712239	2625.7564114020197	1.5
36294.83532422667	4000.0	7.428026796639868	0.0	2544033	8468.295727127283	4.0
36295.89395115173	600.0	10.369399871581694	0.0	344336	1058.6269250581736	0.6
36297.87906723251	1500.0	12.384283790795863	0.0	670327	1985.1160807858323	1.5
36303.09325450499	4000.0	11.170096518321708	0.0	1785821	5214.187272474154	4.0
36309.63543836874	4000.0	8.627912654562751	0.0	2096494	6542.183863758958	4.0
36310.72479954621	600.0	11.538551477094924	0.0	327462	1089.3611774678277	0.6
36317.28233468089	4000.0	8.981016342424125	0.0	2142800	6557.535134670798	4.0
36318.21496475929	600.0	12.048386264020705	0.0	284107	932.6300784034213	0.6
36324.31694966551	4000.0	9.94640135780449	0.0	1985434	6101.984906216214	4.0
36326.45354082778	1500.0	11.809810195531933	0.0	657685	2136.5911622725584	1.5
36331.84017987247	4000.0	10.423171150835154	0.0	1697030	5386.639044696777	4.0
36334.44870555559	1500.0	11.814645467719968	0.0	848035	2608.5256831151864	1.5
36340.792650309566	4000.0	9.470700713748709	0.0	2171279	6343.94475397126	4.0
36343.07628024772	1500.0	11.18707077559397	0.0	763847	2283.6299381547396	1.5
36348.55654824349	4000.0	9.706802779817062	0.0	1750852	5480.267995776907	4.0
36351.13272357919	1500.0	11.130627444117108	0.0	808636	2576.1753356999543	1.5

