28297.008469543525	600.0	4.0	1.032361315187282	247108	1032.361315187282	-20.04722630374564
28298.2821470095	600.0	6.726322534023847	0.0	309722	1273.6774659761531	0.6
28299.473830015642	600.0	9.534639527881488	0.0	288447	1191.6830061423582	0.6
28302.322760763564	1500.0	10.685708779959052	0.0	718451	2848.930747922438	1.5
28305.19421830903	1500.0	11.814251234493558	0.0	724296	2871.4575454654946	1.5
28308.017142017456	1500.0	12.991327526070076	0.0	689829	2822.92370842348	1.5
28311.103392622193	1500.0	13.905076921328906	0.0	737903	3086.2506047411707	1.5
28314.362382768097	1500.0	14.646086775427142	0.0	780303	3258.990145901764	1.5
28317.82785487744	1500.0	15.180614666085386	0.0	891463	3465.472109341756	1.5
28320.460912611165	1500.0	16.547556932358937	0.0	763093	2633.05773372645	1.5
28323.114790452368	1500.0	17.893679091152823	0.0	769316	2653.8778412061147	1.5
28325.685361098294	1500.0	19.323108445229316	0.0	744416	2570.57064592351	1.5
28327.869052888287	1500.0	21.139416655238243	0.0	606092	2183.691789991074	1.5
28330.696126590858	1500.0	22.312342952665194	0.0	748011	2827.0737025730486	1.5
28333.54709360718	1500.0	23.461375936345505	0.0	754517	2850.9670163196915	1.5
28337.059941404823	1500.0	23.948528138700496	0.0	934743	3512.8477976450067	1.5
28340.167296005566	1500.0	24.841173537957122	0.0	735572	3107.3546007433724	1.5
28343.453919958254	1500.0	25.55454958527107	0.0	772616	3286.6239526860527	1.5
28346.635872177394	1500.0	26.372597366132783	0.0	747396	3181.952219138285	1.5
28349.170225051177	1500.0	27.838244492348156	0.0	662349	2534.3528737846286	1.5
28352.17766528237	1500.0	28.830804261154533	0.0	835711	3007.4402311936246	1.5
28355.082410006074	1500.0	29.926059537448428	0.0	806394	2904.7447237061037	1.5
28362.581871781855	4000.0	26.426597761668962	0.0	1849252	7499.461775779464	4.0
28365.638248961197	1500.0	27.3702205823287	0.0	681795	3056.377179340264	1.5
28369.15520908736	1500.0	27.85326045616317	0.0	855209	3516.960126165531	1.5
28371.484756900558	1500.0	29.52371264296821	0.0	644861	2329.5478131949594	1.5
28374.33461343917	1500.0	30.673856104355732	0.0	794014	2849.85653861248	1.5
28377.604022587555	1500.0	31.404446955966947	0.0	914284	3269.4091483887846	1.5
28380.320426496375	1500.0	32.68804304714813	0.0	675709	2716.4039088188156	1.5
28388.49298955924	4000.0	28.5154799842844	0.0	2002600	8172.56306286373	4.0
28391.369447253233	1500.0	29.639022290290537	0.0	757473	2876.4576939938624	1.5
28394.078908939016	1500.0	30.929560604510986	0.0	712239	2709.4616857795518	1.5
28396.49841838778	1500.0	32.510051155746595	0.0	633700	2419.5094487643923	1.5
28399.338124188016	1500.0	33.67034535550648	0.0	755142	2839.705800240118	1.5
28405.885351138215	4000.0	31.12311840530864	0.0	1828568	6547.226950197839	4.0
28412.887546686074	4000.0	28.120922857451248	0.0	1785821	7002.195547857391	4.0
28415.802494262625	1500.0	29.20597528089741	0.0	681043	2914.9475765538414	1.5
28419.484438465694	1500.0	29.524031077829182	0.0	866245	3681.944203068224	1.5
28422.417920405835	1500.0	30.590549137684704	0.0	691256	2933.4819401444793	1.5
28425.494184595722	1500.0	31.51428494779822	0.0	725845	3076.264189886481	1.5
28428.922019477042	1500.0	32.08645006647727	0.0	811013	3427.8348813209495	1.5
28436.60875539413	4000.0	28.39971414939521	0.0	1830641	7686.735917082062	4.0
28439.82550207683	1500.0	29.182967466690545	0.0	767059	3216.7466827046633	1.5
28443.036298818795	1500.0	29.97217072472603	0.0	848035	3210.7967419645124	1.5
28445.44007370977	1500.0	31.568395833750234	0.0	629438	2403.7748909757956	1.5
28448.340063095773	1500.0	32.66840644774686	0.0	763847	2899.989386003369	1.5
28454.886159936552	4000.0	30.122309606969363	0.0	1750852	6546.096840777502	4.0
28457.95281182944	1500.0	31.055657714079242	0.0	808636	3066.65189289012	1.5

