19836.681906320533	600.0	4.0	1.3660997983215146	247108	1366.0997983215145	0.0466181	-26.721995966430292
19837.275168957967	200.0	7.406737362565871	0.0	98617	593.2626374341293	0.004705182	0.2
19837.909334594555	200.0	10.77257172597749	0.0	106476	634.1656365883808	0.004705182	0.2
19838.589061352737	200.0	14.0928449677965	0.0	115230	679.7267581809903	0.004705182	0.2
19839.177332772942	200.0	17.504573547589615	0.0	97658	588.271420206883	0.004705182	0.2
19839.76560419315	200.0	20.916302127382732	0.0	97658	588.271420206883	0.004705182	0.2
19840.448255939944	200.0	24.23365038058682	0.0	115792	682.6517467959144	0.004705182	0.2
19841.088656694614	200.0	27.59324962591894	0.0	107674	640.4007546678812	0.004705182	0.2
19845.808370441282	1500.0	26.87353587925314	0.0	891463	4719.7137466658	0.004705182	1.5
19847.941621693048	1500.0	28.740284627483028	0.0	763093	2133.251251770111	0.007680907	1.5
19849.974138427926	1500.0	30.707767892607865	0.0	769316	2032.5167348751627	0.004705182	1.5
19851.943459198203	1500.0	32.738447122327734	0.0	744416	1969.3207702801308	0.004705182	1.5
19853.5617149642	1500.0	35.120191356330466	0.0	606092	1618.2557659972717	0.004705182	1.5
19855.54015981049	1500.0	37.141746510037514	0.0	748011	1978.4448462929474	0.004705182	1.5
19857.370728559352	1500.0	39.31117776117607	0.0	754517	1830.5687488614408	0.004705182	1.5
19859.440496001214	1500.0	41.241410319315605	0.0	934743	2069.767441860465	0.004705182	1.5
19861.0862923931	1500.0	43.595613927425866	0.0	735572	1645.7963918897344	0.039769053	1.5
19870.345804481614	12000.0	38.33610183891359	0.0	4055239	9259.512088512272	0.05859721	12.0
19884.499706973624	12000.0	28.182199346903854	0.0	5385367	14153.90249200974	0.12081761	12.0
19886.371443494496	1500.0	30.310462826032126	0.0	662349	1871.7365208717265	0.004705182	1.5
19888.434020307006	1500.0	32.247886013523036	0.0	835711	2062.576812509089	0.09344556	1.5
19888.73557899511	200.0	35.9463273254165	0.0	97742	301.5586881065382	0.7451611	0.2
19897.448726945346	8000.0	31.233179375185028	0.0	3805854	8713.14795023147	0.01719758	8.0
19899.107344371507	1500.0	33.57456194902408	0.0	681795	1658.6174261609483	0.004705182	1.5
19911.83866600488	8000.0	24.843240315648977	0.0	4925863	12731.3216333751	0.1868559	8.0
19913.979542066	1500.0	26.702364254528433	0.0	644861	2140.8760611205435	0.24524745	1.5
19916.597088056213	1500.0	28.08481826431571	0.0	794014	2617.5459902127236	0.004705182	1.5
19919.26386823741	1500.0	29.418038083119793	0.0	914284	2666.780181195918	0.22517353	1.5
19921.14912872365	1500.0	31.532777596878812	0.0	675709	1885.2604862409833	0.58823246	1.5
19933.883717580407	8000.0	22.798188740121464	0.0	4435580	12734.58885675735	0.004705182	8.0
19936.290868255343	1500.0	24.39103806518531	0.0	757473	2407.150674936155	0.004705182	1.5
19938.37802328697	1500.0	26.303883033561654	0.0	712239	2087.155031623655	0.004705182	1.5
19946.8449265064	8000.0	21.836979814129325	0.0	3713878	8466.90321943233	0.0067953127	8.0
19948.653593296836	1500.0	24.028313023692622	0.0	755142	1808.6667904367014	0.120048374	1.5
19957.435941474974	8000.0	19.24596484555497	0.0	3707853	8782.348178137652	0.036612626	8.0
19960.66216272577	1500.0	20.019743594758854	0.0	785519	3226.2212507961162	0.5001293	1.5
19964.12969902073	1500.0	20.552207299798177	0.0	681043	3467.536294960674	0.0049756933	1.5
19968.440109870902	1500.0	20.241796449625202	0.0	866245	4310.410850172976	0.6212078	1.5
19970.302443967015	1500.0	22.37946235351536	0.0	691256	1862.33409610984	0.085531764	1.5
19981.002627982092	8000.0	15.679278338438586	0.0	4253567	10700.184015076777	0.101387754	8.0
19982.91755091543	1500.0	17.76435540509771	0.0	811013	1914.922933340875	0.22547545	1.5
19987.13938976834	4000.0	17.542516552188975	0.0	1830641	4221.838852908736	0.06800591	4.0
19995.559001981117	8000.0	13.12290433941253	0.0	3735285	8419.612212776445	0.5335232	8.0
20000.170220018386	4000.0	12.511686302143662	0.0	1910697	4611.218037268869	0.054151773	4.0
20006.355213252722	4000.0	10.32669306780573	0.0	2171279	6184.993234337932	0.03609588	4.0
20011.70501398246	4000.0	8.976892338068138	0.0	2042818	5349.80072973759	0.676422	4.0
20015.97484542381	4000.0	8.70706089671967	0.0	1750852	4269.8314413484695	0.6298481	4.0
20020.870661741847	4000.0	7.811244578684757	0.0	2034636	4895.816318034912	0.010534051	4.0

