10170.273536326842	600.0	4.0	0.9546992323178691	247108	954.6992323178691	0.0123084495	-18.493984646357383
10170.70261532952	200.0	7.570920997323068	0.0	98617	429.0790026769319	0.004705182	0.2
10171.159513185761	200.0	11.114023141080951	0.0	106476	456.8978562421185	0.004705182	0.2
10171.647397967072	200.0	14.626138359770803	0.0	115230	487.884781310148	0.004705182	0.2
10172.073082354587	200.0	18.20045397225725	0.0	97658	425.6843875135506	0.004705182	0.2
10172.498766742101	200.0	21.7747695847437	0.0	97658	425.6843875135506	0.004705182	0.2
10172.98864085993	200.0	25.284895466914453	0.0	115792	489.8741178292516	0.004705182	0.2
10173.449779330316	200.0	28.823756996526626	0.0	107674	461.13847038782336	0.004705182	0.2
10173.867134698561	200.0	32.40640162828256	0.0	95305	417.3553682440654	0.004705182	0.2
10174.320312283127	200.0	35.95322404371585	0.0	105425	453.17758456671316	0.0055650417	0.2
10174.737880036053	200.0	39.53565629079003	0.0	95365	417.56775292582023	0.004705182	0.2
10175.155366374851	200.0	43.11816995199222	0.0	95342	417.4863387978142	0.004705182	0.2
10175.597903486861	200.0	46.675632839981425	0.0	102419	442.53711201079625	0.004926386	0.2
10175.964152021184	200.0	50.30938430565696	0.0	80867	366.2485343244619	0.004705182	0.2
10176.337065894772	200.0	53.93647043207009	0.0	82750	372.91387358686757	0.0053542596	0.2
10176.751136379937	200.0	57.52239994690383	0.0	94377	414.0704851662574	0.6650847	0.2
10178.649256775503	200.0	59.62427955133737	0.0	89871	398.1203955664698	0.006966959	0.2
10194.066457365905	12000.0	48.2070789609363	0.0	4055239	15417.20059040107	0.004705182	12.0
10194.395687080818	200.0	51.87784924602401	0.0	90919	329.2297149122807	0.009320027	0.2
10194.711092782572	200.0	55.56244354426963	0.0	85876	315.405701754386	0.17674617	0.2
10212.362992538343	12000.0	41.91054378849949	0.0	5251330	17651.899755770133	0.01395475	12.0
10212.838139214442	200.0	45.435397112399734	0.0	97742	475.1466760997549	0.006161384	0.2
10232.592899227542	12000.0	29.680637099297687	0.0	5141915	19754.760013102044	0.42707062	12.0
10232.965849371667	200.0	33.30768695517471	0.0	85752	372.95014412298497	0.004705182	0.2
10233.368876167866	200.0	36.90466015897528	0.0	94556	403.02679619942353	0.004705182	0.2
10244.22208607505	8000.0	30.051450251792694	0.0	3253093	10853.209907182589	0.004705182	8.0
10263.048828920508	12000.0	15.224707406333579	0.0	5138482	18826.742845459117	0.5016897	12.0
10263.505763664616	200.0	18.76777266222568	0.0	103756	456.934744107897	0.21875678	0.2
10263.927230446323	200.0	22.346305880517313	0.0	93993	421.4667817083693	0.00903417	0.2
10264.359922876276	200.0	25.91361345056409	0.0	97083	432.69242995322645	0.004705182	0.2
10264.78134969613	200.0	29.49218663071031	0.0	93982	421.42681985377595	0.01628764	0.2
10265.291927780687	200.0	32.98160854615466	0.0	118522	510.57808455565146	0.52717626	0.2
10267.67409389485	1500.0	34.59944243199091	0.0	633700	2382.166114163753	0.06714259	1.5
10268.078954709528	200.0	38.194581617314014	0.0	89422	404.86081467689934	0.025976645	0.2
10268.552124865288	200.0	41.7214114615536	0.0	108225	473.1701557604105	0.02165331	0.2
10268.951060426798	200.0	45.32247590004413	0.0	87791	398.93556150946824	0.119551904	0.2
10271.505218730235	1500.0	46.7683175966065	0.0	681043	2554.1583034376276	0.54030764	1.5
10289.129240724917	8000.0	33.14429560192473	0.0	3739359	17624.021994681774	0.3794653	8.0
10289.525643169503	200.0	36.74789315733839	0.0	86718	396.40244458633583	0.038754836	0.2
10289.977687318004	200.0	40.29584900883889	0.0	101968	452.0441484994983	0.68398196	0.2
10305.790356793525	12000.0	28.48317953331687	0.0	4828747	15812.669475522021	0.070539705	12.0
10312.203932886592	4000.0	26.06960344024936	0.0	1830641	6413.576093067508	0.040378522	4.0
10317.591383858788	4000.0	24.682152468056213	0.0	1697030	5387.450972193147	0.0142180445	4.0
10323.75257351332	4000.0	22.52096281352289	0.0	1910697	6161.189654533325	0.005794073	4.0
10337.125061260691	8000.0	13.14847506615215	0.0	3682991	13372.487747370738	0.09934862	8.0
10344.357768966189	4000.0	9.915767360653984	0.0	2042818	7232.707705498168	0.18693934	4.0
10352.477036600925	4000.0	5.796499725918289	0.0	1750852	8119.267634735694	0.0053984434	4.0
10355.697032917713	1500.0	6.576503409130002	0.0	808636	3219.996316788288	0.004756447	1.5

