16992.377297617346	600.0	4.0	0.7679039582427142	247108	767.9039582427142	-14.758079164854284
16994.496180609953	1500.0	5.881117007394519	0.0	732405	2118.8829926054805	1.5
16996.368534154975	1500.0	8.008763462374946	0.0	643847	1872.3535450195739	1.5
16998.448571736528	1500.0	9.928725880817746	0.0	718451	2080.037581557199	1.5
17000.544880740446	1500.0	11.832416876903	0.0	724296	2096.3090039147455	1.5
17002.973326182724	1500.0	13.403971434625978	0.0	689829	2428.445442277022	1.5
17007.036608234008	1500.0	13.340689383343928	0.0	737903	4063.2820512820513	1.5
17011.328770177326	1500.0	13.048527440024088	0.0	780303	4292.161943319838	1.5
17016.344528718982	1500.0	12.03276889837081	0.0	891463	5015.758541653278	1.5
17020.674559351115	1500.0	11.702738266234915	0.0	763093	4330.030632135896	1.5
17023.68708892243	1500.0	12.690208694921315	0.0	769316	3012.5295713135997	1.5
17025.71451555051	1500.0	14.662782066841329	0.0	744416	2027.4266280799857	1.5
17027.380080207724	1500.0	16.99721740962513	0.0	606092	1665.5646572162002	1.5
17029.416911521796	1500.0	18.960386095552437	0.0	748011	2036.8313140726934	1.5
17031.470762832272	1500.0	20.906534785076804	0.0	754517	2053.85131047563	1.5
17034.169475358143	1500.0	22.207822259205322	0.0	934743	2698.712525871484	1.5
17036.475235518516	1500.0	23.902062098833134	0.0	735572	2305.7601603721846	1.5
17038.893086758184	1500.0	25.484210859163714	0.0	772616	2417.851239669422	1.5
17041.234625045156	1500.0	27.142672572195846	0.0	747396	2341.5382869678688	1.5
17043.302070085414	1500.0	29.075227531936534	0.0	662349	2067.4450402593143	1.5
17045.52375186137	1500.0	30.853545755981123	0.0	835711	2221.681775955409	1.5
17047.670302779137	1500.0	32.706994838211955	0.0	806394	2146.5509177691642	1.5
17049.824370114246	1500.0	34.55292750310608	0.0	809327	2154.0673351058717	1.5
17051.65161039999	1500.0	36.72568721736433	0.0	681795	1827.2402857417433	1.5
17053.939008299738	1500.0	38.438289317614284	0.0	855209	2287.3978997500503	1.5
17055.754517542646	1500.0	40.62278007470836	0.0	644861	1815.5092429059227	1.5
17057.971441059493	1500.0	42.405856557862556	0.0	794014	2216.9235168458063	1.5
17060.512046263775	1500.0	43.865251353576674	0.0	914284	2540.605204285883	1.5
17062.41057648194	1500.0	45.96672113541382	0.0	675709	1898.530218162857	1.5
17064.760635502033	1500.0	47.61666211531761	0.0	707527	2350.059020096213	1.5
17068.814915875864	1500.0	47.56238174148584	0.0	757473	4054.280373831776	1.5
17072.63186422805	1500.0	47.74543338929695	0.0	712239	3816.9483521888833	1.5
17075.137806887902	1500.0	49.23949072944448	0.0	633700	2505.9426598524674	1.5
17077.187175276355	1500.0	51.19012234099116	0.0	755142	2049.3683884533257	1.5
17079.015350856214	1500.0	53.36194676113101	0.0	670327	1828.1755798601491	1.5
17081.143940773247	1500.0	55.23335684409624	0.0	785519	2128.5899170347675	1.5
17083.00006308584	1500.0	57.3772345315015	0.0	681043	1856.1223125947415	1.5
17085.35268583333	1500.0	59.02461178401174	0.0	866245	2352.6227474897573	1.5
17088.770735456917	1500.0	59.60656216042641	0.0	691256	1918.0496235853293	1.5
17092.78075722748	1500.0	59.596540389864856	0.0	725845	2010.0217705615476	1.5
17096.595655288726	1500.0	59.78164232862099	0.0	811013	2314.898061243865	1.5
17100.497051111444	1500.0	59.880246505900665	0.0	657685	2901.3958227203266	1.5
17104.86764928288	1500.0	59.509648334465965	0.0	767059	3370.5981714347	1.5
17108.80468247703	1500.0	59.57261514031486	0.0	848035	3937.0331941511026	1.5
17112.756042458783	1500.0	59.62125515856199	0.0	629438	2951.359981752865	1.5
17116.607613516226	1500.0	59.76968410112062	0.0	763847	3851.5710574413724	1.5
17121.17509565648	1500.0	59.20220196086694	0.0	769491	4567.482140253682	1.5
17125.687534076565	1500.0	58.689763540785385	0.0	808636	4512.43842008155	1.5

