8147.422439116935	600.0	4.0	0.7715618058106384	247108	771.5618058106384	0.006147029	-14.831236116212768
8147.778430791034	200.0	7.644008325899494	0.0	98617	355.9916741005055	0.004705182	0.2
8148.156416832909	200.0	11.26602228402512	0.0	106476	377.9860418743769	0.004705182	0.2
8148.55890200896	200.0	14.863537107974324	0.0	115230	402.485176050795	0.004705182	0.2
8148.91220980487	200.0	18.51022931206381	0.0	97658	353.3077959105141	0.004705182	0.2
8149.26551760078	200.0	22.156921516153297	0.0	97658	353.3077959105141	0.004705182	0.2
8149.6695756022145	200.0	25.752863514719003	0.0	115792	404.05800143429366	0.004705182	0.2
8150.05091439286	200.0	29.371524724073396	0.0	107674	381.3387906456071	0.004705182	0.2
8150.3976370319615	200.0	33.02480208497315	0.0	95305	346.72263910024316	0.004705182	0.2
8150.772681722451	200.0	36.649757394483224	0.0	105425	375.0446904899337	0.009432341	0.2
8151.119572278852	200.0	40.30286683808226	0.0	95365	346.8905564009725	0.004705182	0.2
8151.466398466954	200.0	43.9560406499799	0.0	95342	346.82618810235965	0.004705182	0.2
8151.8330305006775	200.0	47.589408616256506	0.0	102419	366.63203372339126	0.0075422702	0.2
8152.139346639979	200.0	51.28309247695511	0.0	80867	306.31613930139406	0.004705182	0.2
8152.450932583901	200.0	54.971506533032496	0.0	82750	311.58594392261807	0.009080455	0.2
8167.045271488745	12000.0	44.3771676281892	0.0	5443841	14594.338904843293	0.095716774	12.0
8167.358350768404	200.0	48.06408834853024	0.0	89871	313.07927965895647	0.004705182	0.2
8178.029017977715	12000.0	41.39342113922018	0.0	4055239	10670.667209310057	0.004705182	12.0
8178.3594424302155	200.0	45.0629966867192	0.0	90919	330.4244525009751	0.004705182	0.2
8178.680257054189	200.0	48.742182062746686	0.0	85876	320.8146239725187	0.030251127	0.2
8193.15667334735	12000.0	38.265765769585414	0.0	5251330	14476.416293161274	0.7492136	12.0
8193.493247700939	200.0	41.9291914159957	0.0	97742	336.5743535897099	0.009749899	0.2
8211.159005238598	12000.0	28.26343387833645	0.0	5141915	17665.75753765925	0.6313434	12.0
8211.469347217948	200.0	31.95309189898616	0.0	85752	310.3419793502896	0.004705182	0.2
8211.803337984338	200.0	35.6191011325965	0.0	94556	333.9907663896584	0.004705182	0.2
8220.673023962156	8000.0	30.74941515477939	0.0	3253093	8869.685977817111	0.006399158	8.0
8235.6404418257	12000.0	19.781997291233516	0.0	5138482	14967.417863545872	0.63685226	12.0
8244.756892258618	8000.0	14.665546858316073	0.0	3354913	9116.450432917442	0.025438484	8.0
8245.074016284982	200.0	18.34842283195298	0.0	93993	317.1240263630917	0.011831981	0.2
8245.39893571357	200.0	22.02350340336353	0.0	97083	324.91942858944844	0.0078026555	0.2
8245.71603198931	200.0	25.706407127623255	0.0	93982	317.0962757402794	0.009770688	0.2
8256.696895727951	8000.0	18.725543388982043	0.0	3568902	10980.863738641214	0.6599111	8.0
8258.918316696103	1500.0	20.50412242083133	0.0	633700	2221.420968150714	0.35425195	1.5
8259.300494612804	200.0	24.12194450412946	0.0	89422	382.177916701867	0.006153634	0.2
8259.687069460302	200.0	27.735369656631523	0.0	108225	386.57484749793605	0.0050723627	0.2
8260.0043264024	200.0	31.418112714533017	0.0	87791	317.2569420985069	0.11571849	0.2
8261.924858798862	1500.0	33.49758031807332	0.0	681043	1920.532396459699	0.14753662	1.5
8262.22214952246	200.0	37.20028959447357	0.0	80403	297.2907235997568	0.14430805	0.2
8276.34761655981	12000.0	27.074822557125188	0.0	5257310	14125.467037348373	0.06051811	12.0
8276.696541675605	200.0	30.72589744132912	0.0	101968	348.925115796067	0.043624703	0.2
8285.586275017245	8000.0	25.836164099689487	0.0	3189942	8889.733341639636	0.6454002	8.0
8291.361091903398	4000.0	24.061347213535942	0.0	1830641	5774.816886153543	0.05948829	4.0
8299.107818806493	4000.0	20.314620310441292	0.0	1697030	7746.726903094647	0.007962753	4.0
8305.171809947873	4000.0	18.250629169062673	0.0	1910697	6063.991141378617	0.023685098	4.0
8315.967903231998	8000.0	11.454535884937506	0.0	3682991	10796.093284125169	0.65658486	8.0
8321.841445732178	4000.0	9.580993384757999	0.0	2042818	5873.542500179506	0.30871153	4.0
8326.716247957253	4000.0	8.706191159683117	0.0	1750852	4874.802225074882	0.0049105184	4.0
8329.010741068078	1500.0	10.411698048857273	0.0	808636	2294.493110825845	0.5789566	1.5

