28635.505583840328	600.0	4.0	1.5684903245237558	247108	1568.4903245237558	-30.769806490475116
28637.451238535006	600.0	6.054345305323395	0.0	309722	1945.6546946766057	0.6
28639.268740229156	600.0	8.236843611173857	0.0	288447	1817.501694149537	0.6
28641.03350493061	600.0	10.472078909720654	0.0	279692	1764.764701453204	0.6
28643.031131615346	600.0	12.47445222498306	0.0	318350	1997.626684737595	0.6
28644.763912638675	600.0	14.741671201653425	0.0	330929	1732.781023329633	0.6
28645.84051428353	600.0	17.665069556797874	0.0	327938	1076.6016448555529	0.6
28648.291850491245	1500.0	19.213733349082627	0.0	780303	2451.336207715246	1.5
28651.081001282335	1500.0	20.42458255799448	0.0	891463	2789.1507910881496	1.5
28653.48003640171	1500.0	22.025547438618993	0.0	763093	2399.035119375487	1.5
28655.841775439567	1500.0	23.66380840076122	0.0	769316	2361.7390378577716	1.5
28660.99727897775	4000.0	22.508304862579468	0.0	1761739	5155.503538181752	4.0
28662.823407144555	1500.0	24.682176695771755	0.0	606092	1826.128166807714	1.5
28667.599287424782	4000.0	23.906296415543487	0.0	1805063	4775.880280228271	4.0
28669.493111966152	1500.0	26.01247187417293	0.0	754517	1893.8245413705547	1.5
28674.938062910456	4000.0	24.567520929869552	0.0	2231719	5444.9509443033785	4.0
28679.456328075492	4000.0	24.04925576483332	0.0	1835863	4518.265165036232	4.0
28684.839209057383	4000.0	22.666374782941485	0.0	2192675	5382.880981891834	4.0
28690.803305119898	4000.0	20.702278720428193	0.0	2082556	5964.096062513292	4.0
28692.786948734054	1500.0	22.718635106273354	0.0	662349	1983.643614154841	1.5
28695.268848500535	1500.0	24.236735339792304	0.0	835711	2481.8997664810495	1.5
28700.074496625853	4000.0	23.431087214475912	0.0	1950922	4805.648125316392	4.0
28704.578544472744	4000.0	22.92703936758596	0.0	1849252	4504.047846889953	4.0
28709.634710529477	4000.0	21.87087331085206	0.0	1822097	5056.166056733901	4.0
28714.967036863138	4000.0	20.53854697719108	0.0	1836837	5332.326333660978	4.0
28716.911012091336	1500.0	22.594571748994976	0.0	644861	1943.975228196106	1.5
28723.0405687722	4000.0	20.465015068129908	0.0	2068230	6129.5566808650665	4.0
28725.79484236866	1500.0	21.71074147166915	0.0	914284	2754.2735964607596	1.5
28727.575209541083	1500.0	23.93037429925093	0.0	675709	1780.3671724182207	1.5
28732.498403108	4000.0	23.007180732335364	0.0	2002600	4923.193566915566	4.0
28734.41031580185	1500.0	25.095268038481255	0.0	757473	1911.912693854107	1.5
28739.711566390855	4000.0	23.794017449476552	0.0	1947068	5301.250589004701	4.0
28741.61473723221	1500.0	25.890846608126505	0.0	633700	1903.170841350044	1.5
28748.050661105724	4000.0	23.45492273461056	0.0	2125133	6435.923873515948	4.0
28754.496294577584	4000.0	21.009289262753985	0.0	1828568	6445.633471856575	4.0
28757.17278267916	1500.0	22.33280116117464	0.0	785519	2676.488101579343	1.5
28758.96067396784	1500.0	24.544909872500305	0.0	681043	1787.8912886743362	1.5
28763.944111477635	4000.0	23.561472362704375	0.0	1955307	4983.437509795932	4.0
28765.75761450262	1500.0	25.747969337720832	0.0	691256	1813.5030249835431	1.5
28771.074069229122	4000.0	24.43151461121914	0.0	2094647	5316.454726501693	4.0
28776.112386017536	4000.0	23.393197822806826	0.0	1985434	5038.316788412312	4.0
28781.32981187605	4000.0	22.17577196429064	0.0	1830641	5217.425858516187	4.0
28786.339366531924	4000.0	21.166217308420194	0.0	1697030	5009.5546558704455	4.0
28791.330860016762	4000.0	20.17472382358084	0.0	1910697	4991.493484839351	4.0
28792.980457448302	1500.0	22.525126392039297	0.0	629438	1649.5974315415426	1.5
28798.219455910355	4000.0	21.286127929987785	0.0	2042818	5238.998462051509	4.0
28803.192923166283	4000.0	20.31266067406171	0.0	1750852	4973.467255926075	4.0
28805.53298500358	1500.0	21.97259883676019	0.0	808636	2340.061837301518	1.5

