10256.207063855636	600.0	4.0	0.9255544387176801	247108	925.5544387176801	-17.9110887743536
10258.793208127327	1500.0	5.413855728308989	0.0	732405	2586.1442716910115	1.5
10261.076324532725	1500.0	7.130739322911096	0.0	643847	2283.1164053978914	1.5
10263.614720991161	1500.0	8.592342864475288	0.0	718451	2538.3964584358096	1.5
10266.133282539044	1500.0	10.073781316591976	0.0	724296	2518.561547883311	1.5
10268.382470857114	1500.0	11.824592998522718	0.0	689829	2249.1883180692585	1.5
10270.782829333588	1500.0	13.424234522047737	0.0	737903	2400.358476474981	1.5
10273.316515902512	1500.0	14.89054795312356	0.0	780303	2533.686568924177	1.5
10276.11332159268	1500.0	16.093742262953924	0.0	891463	2796.805690169637	1.5
10277.546743310413	1500.0	18.660320545222355	0.0	763093	1433.4217177315656	1.5
10278.991202140722	1500.0	21.21586171491153	0.0	769316	1444.4588303108235	1.5
10280.391498331915	1500.0	23.815565523717453	0.0	744416	1400.2961911940763	1.5
10281.546463081617	1500.0	26.660600774016746	0.0	606092	1154.9647497007052	1.5
10282.953135364683	1500.0	29.253928490950194	0.0	748011	1406.6722830665542	1.5
10287.150973678092	4000.0	29.056090177542544	0.0	2157416	4197.838313407649	4.0
10294.240829387862	4000.0	25.966234467772036	0.0	2231719	7089.85570977051	4.0
10296.631269718453	1500.0	27.575794137180544	0.0	735572	2390.4403305914916	1.5
10298.48973741048	1500.0	29.717326445152977	0.0	772616	1858.4676920275656	1.5
10300.287494247988	1500.0	31.919569607644355	0.0	747396	1797.7568375086187	1.5
10301.889785675246	1500.0	34.31727818038626	0.0	662349	1602.2914272581015	1.5
10303.890518840035	1500.0	36.31654501559655	0.0	835711	2000.7331647897038	1.5
10305.823872092162	1500.0	38.383191763470606	0.0	806394	1933.353252125948	1.5
10307.574020394475	1500.0	40.63304346115844	0.0	809327	1750.1483023121684	1.5
10308.757717353134	1500.0	43.44934650249881	0.0	681795	1183.696958659625	1.5
10310.222138729527	1500.0	45.98492512610512	0.0	855209	1464.4213763936948	1.5
10311.346046538265	1500.0	48.86101731736758	0.0	644861	1123.90780873753	1.5
10314.774119141919	4000.0	49.43294471371312	0.0	2068230	3428.072603654465	4.0
10318.470195227626	4000.0	49.736868628005155	0.0	2055338	3696.076085707969	4.0
10323.590341862871	4000.0	48.61672199276033	0.0	2165436	5120.146635244829	4.0
10328.27519681643	4000.0	47.931867039204	0.0	2002600	4684.854953556332	4.0
10333.225218474969	4000.0	46.98184538066482	0.0	2290706	4950.021658539178	4.0
10334.819432588896	1500.0	49.38763126673825	0.0	712239	1594.2141139265734	1.5
10336.246673450452	1500.0	51.96039040518016	0.0	633700	1427.240861558086	1.5
10337.932098980953	1500.0	54.27496487467883	0.0	755142	1685.4255305013355	1.5
10340.409174874447	1500.0	55.797888981185686	0.0	670327	2477.0758934931455	1.5
10343.35649036734	1500.0	56.850573488292206	0.0	785519	2947.3154928934823	1.5
10345.922445697799	1500.0	58.284618157833414	0.0	681043	2565.955330458787	1.5
10348.78297470805	1500.0	59.42408914758287	0.0	866245	2860.5290102505473	1.5
10352.244347075848	1500.0	59.9627167797863	0.0	691256	1461.372367796568	1.5
10356.27484041884	1500.0	59.93222343679427	0.0	725845	1530.4933429920318	1.5
10359.889549284026	1500.0	59.73153450516286	0.0	811013	1700.688931631404	1.5
10363.739242085494	1500.0	59.88184170369564	0.0	657685	1349.692801467217	1.5
10367.80008670047	1500.0	59.820997088719416	0.0	767059	1560.84461497623	1.5
10371.709385317092	1500.0	59.91169847210008	0.0	848035	1909.2986166193332	1.5
10375.683894795206	1500.0	59.9371889939849	0.0	629438	1474.5094781151774	1.5
10379.036841028927	1500.0	59.66489859949038	0.0	763847	1772.2903944945238	1.5
10382.770304721329	1500.0	59.93143490708764	0.0	769491	1733.4636924027343	1.5
10387.087882245134	1500.0	59.61385738328323	0.0	808636	1817.5775238044077	1.5

