35300.76036668887	600.0	4.0	1.0709092731829573	247108	1070.9092731829573	0.025473408	-20.818185463659145
35301.23582333048	200.0	7.52454335839599	0.0	98617	475.4566416040101	0.004705182	0.2
35301.74279475905	200.0	11.01757192982456	0.0	106476	506.97142857142853	0.004705182	0.2
35302.28486994702	200.0	14.475496741854634	0.0	115230	542.0751879699249	0.004705182	0.2
35302.75648097458	200.0	18.003885714285712	0.0	97658	471.6110275689223	0.004705182	0.2
35303.22809200215	200.0	21.532274686716793	0.0	97658	471.6110275689223	0.004705182	0.2
35303.77242082421	200.0	24.987945864661654	0.0	115792	544.3288220551378	0.004705182	0.2
35304.28419626281	200.0	28.476170426065163	0.0	107674	511.7754385964912	0.004705182	0.2
35304.7463717014	200.0	32.01399498746867	0.0	95305	462.17543859649123	0.004705182	0.2
35305.24912859364	200.0	35.51123809523809	0.0	105425	502.75689223057645	0.004705182	0.2
35305.71154463374	200.0	39.04882205513784	0.0	95365	462.41604010025065	0.004705182	0.2
35306.173868443264	200.0	42.58649824561403	0.0	95342	462.3238095238096	0.004705182	0.2
35306.664571200155	200.0	46.0957954887218	0.0	102419	490.7027568922306	0.004705182	0.2
35307.068849896896	200.0	49.69151679197994	0.0	80867	404.2786967418547	0.004705182	0.2
35307.48067947083	200.0	53.279687218045105	0.0	82750	411.82957393483713	0.004705182	0.2
35307.93913360617	200.0	56.821233082706755	0.0	94377	458.45413533834585	0.14029355	0.2
35308.879518568574	200.0	59.88084812030074	0.0	89871	440.384962406015	0.005557812	0.2
35320.993627240256	12000.0	51.76673944862154	0.0	4055239	12114.1086716792	0.004705182	12.0
35321.547967016726	200.0	55.212399672148216	0.0	90919	554.3397764733211	0.09612503	0.2
35326.899872299786	1500.0	53.860494389091805	0.0	662349	5351.905283056412	0.3707104	1.5
35327.89246607155	200.0	56.867900617327805	0.0	114656	992.5937717640037	0.8587772	0.2
35329.2504344329	200.0	59.509932255970725	0.0	97742	857.968361357079	0.086964615	0.2
35350.49228675904	12000.0	42.26807992983317	0.0	5141915	21241.852326137556	0.17001706	12.0
35351.19320000518	200.0	45.56716668369116	0.0	85752	700.9132461420102	0.004705182	0.2
35351.788837767235	200.0	48.9715289216355	0.0	94556	595.637762055656	0.004705182	0.2
35360.590412860656	8000.0	44.16995382821906	0.0	3253093	8801.575093416444	0.004705182	8.0
35377.547263778615	12000.0	31.213102910260723	0.0	5138482	16956.85091795833	0.004705182	12.0
35408.72748294546	8000.0	4.0328837434087	0.0	3354913	31180.219166852025	0.004705182	8.0
35409.7531460279	200.0	7.007220660971424	0.0	93993	1025.663082437276	0.004705182	0.2
35410.80989758421	200.0	9.950469104661293	0.0	97083	1056.7515563101301	0.004705182	0.2
35411.835449995706	200.0	12.924916693166608	0.0	93982	1025.5524114946866	0.004705182	0.2
35413.08300241508	200.0	15.67736427379353	0.0	118522	1247.5524193730755	0.005281811	0.2
35414.13860383161	200.0	18.621762857259156	0.0	99865	1055.6014165343754	0.62808955	0.2
35415.09218546551	200.0	21.668181223360026	0.0	89422	953.5816338991331	0.09376741	0.2
35416.229457415684	200.0	24.53090927318296	0.0	108225	1137.2719501770669	0.010974189	0.2
35417.16710548016	200.0	27.593261208706224	0.0	87791	937.6480644767371	0.004705182	0.2
35418.244423834054	200.0	30.515942854816856	0.0	102088	1077.3183538893638	0.013251956	0.2
35419.10989702981	200.0	33.65046965906646	0.0	80403	865.4731957503968	0.02064405	0.2
35420.03706273991	200.0	36.72330394896754	0.0	86718	927.1657100989132	0.027312618	0.2
35421.11320878949	200.0	39.64715789938884	0.0	101968	1076.1460495787032	0.113599546	0.2
35430.151635799	8000.0	34.608730889884185	0.0	3189942	9038.427009504649	0.33201066	8.0
35435.399293266586	4000.0	33.36107342229447	0.0	1830641	5247.65746758972	0.27034804	4.0
35441.61004356576	4000.0	31.150323123123115	0.0	1697030	6210.750299171353	0.015907144	4.0
35459.59643122903	4000.0	17.16393545984688	0.0	1910697	17986.387663276237	0.0068639433	4.0
35465.10635622838	1500.0	15.654010460494682	0.0	629438	5509.924999352194	0.013442916	1.5
35466.063440521604	200.0	18.69692616727004	0.0	92801	957.0842932246442	0.48468238	0.2
35482.96894387751	4000.0	5.791422811363682	0.0	1750852	16905.503355906356	0.0077957315	4.0
35483.68462899908	200.0	9.07573768979943	0.0	110571	715.6851215642505	0.023275228	0.2

