34893.969756417646	600.0	4.0	0.37267362499074685	247108	372.6736249907469	0.04641151	-6.853472499814938
34894.16655795736	200.0	7.803198460285736	0.0	98617	196.80153971426458	0.004705182	0.2
34894.372667662	200.0	11.597088755644386	0.0	106476	206.10970464135022	0.004705182	0.2
34894.589145565624	200.0	15.380610852024576	0.0	115230	216.477903619809	0.004705182	0.2
34894.78481126997	200.0	19.184945147679326	0.0	97658	195.66570434525133	0.004705182	0.2
34894.98047697431	200.0	22.989279443334077	0.0	97658	195.66570434525133	0.004705182	0.2
34895.197620508254	200.0	26.77213590939374	0.0	115792	217.14353394033608	0.25378954	0.2
34895.40514911881	200.0	30.564607298837814	0.0	107674	207.5286105559257	0.004705182	0.2
34903.32523084211	12000.0	26.644525575542232	0.0	6619479	7920.0817232955815	0.004705182	12.0
34909.994804697104	12000.0	23.97495172054237	0.0	5088378	6669.573854999861	0.004705182	12.0
34917.66643719659	12000.0	20.303319221055173	0.0	5709459	7671.632499487199	0.004705182	12.0
34917.87493911721	200.0	24.094817300440575	0.0	95342	208.50192061459668	0.004705182	0.2
34918.77182974326	1500.0	27.197926674387606	0.0	606092	896.8906260529685	0.028091788	1.5
34919.85999875734	1500.0	30.1097576603031	0.0	748011	1088.1690140845071	0.1555006	1.5
34928.94321798091	12000.0	25.026538436736168	0.0	6464780	9083.219223566934	0.01922274	12.0
34930.37780755241	1500.0	27.59194886523385	0.0	934743	1434.589571502323	0.004705182	1.5
34938.37757441944	12000.0	23.592181998196494	0.0	5964284	7999.766867037355	0.67614824	12.0
34938.58095001753	200.0	27.38880640011037	0.0	103142	203.3755980861244	0.27239573	0.2
34945.10277657255	12000.0	24.866979845086448	0.0	5385367	6521.826555023924	0.44772795	12.0
34952.04307954243	8000.0	21.9266768752076	0.0	4303587	6940.302969878847	0.10755866	8.0
34953.4562044365	1500.0	24.51355198113875	0.0	835711	1413.1248940688527	0.045138326	1.5
34959.15135801445	8000.0	22.81839840318992	0.0	3905272	5695.1535779488295	0.38820535	8.0
34964.456218927735	8000.0	21.51353748990246	0.0	3805854	5304.860913287458	0.0072338018	8.0
34969.94972439029	8000.0	20.020032027341806	0.0	4032749	5493.5054625606535	0.54062057	8.0
34976.59635094267	8000.0	17.373405474963153	0.0	4925863	6646.626552378652	0.054517873	8.0
34979.29213497938	4000.0	18.677621438255326	0.0	1984579	2695.7840367078284	0.7210521	4.0
34985.00616583834	8000.0	16.963590579295435	0.0	4274504	5714.030858959891	0.09975231	8.0
34988.886262528256	8000.0	17.08349388938027	0.0	3354913	3880.0966899151645	0.6977768	8.0
34993.13872003708	8000.0	16.831036380553602	0.0	3811227	4252.457508826669	0.058161005	8.0
34995.41112773339	4000.0	18.55862868424575	0.0	2002600	2272.407696307852	0.01625903	4.0
35001.0956189572	8000.0	16.874137460437318	0.0	4025712	5684.491223808434	0.007662651	8.0
35006.315529505315	8000.0	15.654226912326102	0.0	3568902	5219.910548111216	0.014256925	8.0
35012.04283216065	8000.0	13.926924256987865	0.0	3713878	5727.302655338238	0.02451297	8.0
35015.354297823724	4000.0	14.615458593913605	0.0	2125133	3311.465663074262	0.66966623	4.0
35020.7545587444	8000.0	13.215197673246701	0.0	3707853	5400.260920666903	0.05504333	8.0
35026.62808085397	8000.0	11.341675563671014	0.0	4086583	5873.522109575687	0.36867273	8.0
35029.718770880536	4000.0	12.250985537103915	0.0	2096494	3090.6900265670997	0.50629735	4.0
35035.16871272013	8000.0	10.801043697511755	0.0	3739359	5449.941839592159	0.29923004	8.0
35038.58153130523	4000.0	11.388225112404944	0.0	2142800	3412.818585106811	0.42509753	4.0
35045.74048616273	8000.0	8.229270254905463	0.0	4253567	7158.954857499481	0.6602819	8.0
35048.711448157665	4000.0	9.258308259965283	0.0	1985434	2970.96199494018	0.046135906	4.0
35051.277887546465	4000.0	10.691868871170714	0.0	1830641	2566.4393887945675	0.44156528	4.0
35056.431279736615	8000.0	9.538476681017913	0.0	3735285	5153.392190152801	0.07867353	8.0
35063.21026190427	8000.0	6.75949451336253	0.0	4340973	6778.982167655383	0.37206265	8.0
35066.68696536644	4000.0	7.282791051196061	0.0	2171279	3476.7034621664698	0.019728152	4.0
35072.32779600318	8000.0	5.641960414455732	0.0	3954105	5640.830636740328	0.28989673	8.0
35074.84522646145	4000.0	7.124529956180768	0.0	1750852	2517.430458274965	0.06670729	4.0
35077.8346961372	4000.0	8.135060280436264	0.0	2034636	2989.4696757445035	0.6606858	4.0

