22356.825701814432	600.0	4.0	1.032361315187282	247108	1032.361315187282	-20.04722630374564
22359.728411678338	1500.0	5.0972901360953875	0.0	732405	2902.709863904613	1.5
22362.289816471784	1500.0	6.535885342647236	0.0	643847	2561.4047934481514	1.5
22365.13874721971	1500.0	7.686954594724798	0.0	718451	2848.930747922438	1.5
22368.113925124817	1500.0	8.711776689617553	0.0	724296	2975.1779051072463	1.5
22371.00432005263	1500.0	9.82138176180455	0.0	689829	2890.3949278130012	1.5
22374.090570657372	1500.0	10.73513115706338	0.0	737903	3086.2506047411707	1.5
22377.185755027822	1500.0	11.639946786613166	0.0	780303	3095.184370450215	1.5
22380.248296482772	1500.0	12.577405331664709	0.0	891463	3062.541454948456	1.5
22382.881354216497	1500.0	13.94434759793826	0.0	763093	2633.05773372645	1.5
22385.5352320577	1500.0	15.290469756732145	0.0	769316	2653.8778412061147	1.5
22388.237922866636	1500.0	16.58777894779912	0.0	744416	2702.690808933024	1.5
22390.54379841464	1500.0	18.2819033997926	0.0	606092	2305.8755480065192	1.5
22393.370872117215	1500.0	19.45482969721955	0.0	748011	2827.0737025730486	1.5
22396.221839133534	1500.0	20.60386268089986	0.0	754517	2850.9670163196915	1.5
22400.080963647804	1500.0	20.74473816663082	0.0	934743	3859.124514269039	1.5
22403.213842172358	1500.0	21.61185964207893	0.0	735572	3132.878524551893	1.5
22406.500466125046	1500.0	22.325235689392876	0.0	772616	3286.6239526860527	1.5
22409.312865851734	1500.0	23.512835962704575	0.0	747396	2812.3997266883016	1.5
22411.71303048962	1500.0	25.112671324820347	0.0	662349	2400.1646378842283	1.5
22414.72047072081	1500.0	26.105231093626724	0.0	835711	3007.4402311936246	1.5
22417.642914044314	1500.0	27.18278777012712	0.0	806394	2922.443323499604	1.5
22421.256032376692	1500.0	27.56966943774874	0.0	809327	3613.11833237838	1.5
22424.31240955603	1500.0	28.513292258408477	0.0	681795	3056.377179340264	1.5
22428.059025756305	1500.0	28.766676058134127	0.0	855209	3746.61620027435	1.5
22430.388573569504	1500.0	30.437128244939167	0.0	644861	2329.5478131949594	1.5
22433.238430108115	1500.0	31.587271706326685	0.0	794014	2849.85653861248	1.5
22436.5078392565	1500.0	32.3178625579379	0.0	914284	3269.4091483887846	1.5
22439.07807911176	1500.0	33.747622702678115	0.0	675709	2570.239855259792	1.5
22442.02118440021	1500.0	34.80451741422873	0.0	707527	2943.1052884493793	1.5
22445.166403045096	1500.0	35.659298769346464	0.0	757473	3145.218644882268	1.5
22448.12857608943	1500.0	36.69712572501048	0.0	712239	2962.1730443359725	1.5
22450.56779307084	1500.0	38.257908743600474	0.0	633700	2439.2169814100043	1.5
22453.43564512096	1500.0	39.39005669348395	0.0	755142	2867.852050116523	1.5
22455.990375040892	1500.0	40.835326773550406	0.0	670327	2554.7299199335475	1.5
22458.95789851336	1500.0	41.86780330108439	0.0	785519	2967.5234724660127	1.5
22461.446591897384	1500.0	43.379109917057335	0.0	681043	2488.6933840270563	1.5
22464.59030241265	1500.0	44.235399401793956	0.0	866245	3143.710515263379	1.5
22467.115116842677	1500.0	45.710584971766764	0.0	691256	2524.814430027189	1.5
22469.89833724718	1500.0	46.92736456726208	0.0	725845	2783.22040450468	1.5
22473.35430519473	1500.0	47.47139661971154	0.0	811013	3455.9679475505372	1.5
22476.17202145771	1500.0	48.65368035673576	0.0	657685	2817.716262975778	1.5
22479.443260003904	1500.0	49.38244181054329	0.0	767059	3271.23854619247	1.5
22483.02392047862	1500.0	49.80178133582709	0.0	848035	3580.6604747162023	1.5
22485.702219756226	1500.0	51.123482058221306	0.0	629438	2678.2992776057795	1.5
22488.935354947145	1500.0	51.89034686730283	0.0	763847	3233.1351909184727	1.5
22492.21002050134	1500.0	52.615681313109	0.0	769491	3274.665554193829	1.5
22495.651109502225	1500.0	53.17459231222575	0.0	808636	3441.089000883255	1.5

