183.43885546553759	600.0	4.0	0.6518355245078897	247108	651.8355245078898	-12.436710490157795
185.2137224764284	1500.0	6.225132989109212	0.0	732405	1774.8670108907884	1.5
186.78365637961173	1500.0	8.655199085925862	0.0	643847	1569.93390318335	1.5
188.52623227524526	1500.0	10.912623190292303	0.0	718451	1742.5758956335605	1.5
190.28233415401473	1500.0	13.156521311522832	0.0	724296	1756.101878769471	1.5
191.95867554334959	1500.0	15.480179922187995	0.0	689829	1676.3413893348375	1.5
197.42957244339854	4000.0	14.00928302213904	0.0	2046450	5470.896900048954	4.0
203.1841049612726	4000.0	12.254750504264978	0.0	2058614	5754.532517874064	4.0
207.51155644357635	4000.0	11.927299021961204	0.0	1857129	4327.451482303774	4.0
212.96372169541561	4000.0	10.475133770121927	0.0	2373154	5452.165251839276	4.0
218.51865555317593	4000.0	8.92019991236163	0.0	2094766	5554.933857760297	4.0
223.29646962604016	4000.0	8.142385839497392	0.0	1761739	4777.814072864238	4.0
228.15861516762828	4000.0	7.280240297909284	0.0	2131310	4862.145541588107	4.0
232.22302683900855	4000.0	7.215828626528998	0.0	1805063	4064.411671380286	4.0
237.19206360915192	4000.0	6.24679185638562	0.0	2157416	4969.036770143378	4.0
242.4012729863066	4000.0	5.037582479230943	0.0	2231719	5209.209377154677	4.0
246.45501256689624	4000.0	4.983842898641302	0.0	1835863	4053.7395805896417	4.0
248.13990649881535	1500.0	7.29894896672221	0.0	772616	1684.8939319190922	1.5
249.7724129252168	1500.0	9.666442540320736	0.0	747396	1632.5064264014748	1.5
254.3483742889122	4000.0	9.090481176625358	0.0	2164412	4575.961363695375	4.0
259.39636025188616	4000.0	8.042495213651407	0.0	2379358	5047.985962973953	4.0
263.54995728687385	4000.0	7.888898178663738	0.0	1950922	4153.597034987668	4.0
268.9276508929441	4000.0	6.5112045725934795	0.0	1849252	5377.693606070258	4.0
274.7162399757799	4000.0	4.722615489757641	0.0	1822097	5788.589082835839	4.0
276.66828572571495	1500.0	6.770569739822625	0.0	855209	1952.0457499350146	1.5
278.1598813641482	1500.0	9.278974101389396	0.0	644861	1491.5956384332292	1.5
279.97797174215975	1500.0	11.46088372337782	0.0	794014	1818.0903780115743	1.5
282.0593322007536	1500.0	13.379523264783975	0.0	914284	2081.360458593846	1.5
283.61845386767106	1500.0	15.820401597866487	0.0	675709	1559.1216669174887	1.5
288.1753446836617	4000.0	15.263510781875885	0.0	2002600	4556.890815990601	4.0
293.43113105057176	4000.0	14.007724414965855	0.0	2290706	5255.786366910031	4.0
297.9097893108061	4000.0	13.529066154731515	0.0	1947068	4478.658260234339	4.0
303.73641908266063	4000.0	11.702436382876986	0.0	2544033	5826.62977185453	4.0
308.3422600589327	4000.0	11.096595406604912	0.0	2125133	4605.840976272072	4.0
312.188087246123	4000.0	11.250768219414633	0.0	1828568	3845.827187190279	4.0
316.0064831271284	4000.0	11.432372338409262	0.0	1785821	3818.3958810053705	4.0
321.3424183208734	4000.0	10.096437144664257	0.0	2096494	5335.935193745006	4.0
326.30083908901315	4000.0	9.138016376524483	0.0	1955307	4958.420768139775	4.0
331.4984317092478	4000.0	7.940423756289834	0.0	2142800	5197.592620234649	4.0
336.47308411515735	4000.0	6.965771350380298	0.0	2094647	4974.652405909536	4.0
340.43320576995575	4000.0	7.005649695581895	0.0	1985434	3960.1216547984027	4.0
344.09081640131484	4000.0	7.348039064222805	0.0	1830641	3657.6106313590894	4.0
347.88420574961594	4000.0	7.554649715921719	0.0	1697030	3793.389348301086	4.0
352.87420880118754	4000.0	6.5646466643501595	0.0	1910697	4990.003051571559	4.0
358.28995005506255	4000.0	5.148905410475168	0.0	2171279	5415.741253874992	4.0
360.10984613011624	1500.0	7.329009335421426	0.0	763847	1819.896075053742	1.5
364.1779491439397	4000.0	7.260906321597984	0.0	1750852	4068.1030138234414	4.0
368.6326047363515	4000.0	6.806250729186248	0.0	2034636	4454.6555924117365	4.0

