12591.81659292192	600.0	4.0	0.7248433448045276	247108	724.8433448045276	-13.896866896090552
12592.153939977194	200.0	7.66265294472624	0.0	98617	337.3470552737593	0.2
12592.986659955011	600.0	10.829932966907506	0.0	288447	832.7199778187335	0.6
12594.941501505744	1500.0	12.875091416176014	0.0	718451	1954.8415507314926	1.5
12600.421436919114	4000.0	11.395156002805278	0.0	2069289	5479.935413370737	4.0
12605.373892761161	4000.0	10.442700160757452	0.0	1863995	4952.455842047824	4.0
12607.383681581037	1500.0	12.432911340881677	0.0	737903	2009.7888198757764	1.5
12612.807031796432	4000.0	11.009561125487902	0.0	2058614	5423.350215393775	4.0
12617.567959977405	4000.0	10.248632944514666	0.0	1857129	4760.928180973236	4.0
12619.571350074917	1500.0	12.245242847002102	0.0	763093	2003.3900975125634	1.5
12624.933906557342	4000.0	10.882686364576843	0.0	2094766	5362.556482425259	4.0
12626.891907251109	1500.0	12.924685670811272	0.0	744416	1958.0006937655705	1.5
12632.345350284872	4000.0	11.471242637048697	0.0	2131310	5453.443033762574	4.0
12636.907960289682	4000.0	10.9086326322372	0.0	1805063	4562.610004811498	4.0
12638.861692925606	1500.0	12.954899996312385	0.0	754517	1953.7326359248166	1.5
12644.606414492133	4000.0	11.210178429786868	0.0	2231719	5744.721566525514	4.0
12649.510095910968	4000.0	10.306497010951167	0.0	1835863	4903.681418835701	4.0
12651.62012399209	1500.0	12.196468929827923	0.0	772616	2110.0280811232446	1.5
12658.185950066898	4000.0	9.630642855021714	0.0	2082556	6565.82607480621	4.0
12660.393210093394	1500.0	11.423382828525266	0.0	662349	2207.260026496447	1.5
12667.06795577799	4000.0	8.748637143929749	0.0	2379358	6674.745684595517	4.0
12667.950656919067	600.0	11.865936002852584	0.0	310841	882.7011410771639	0.6
12672.806078084677	4000.0	11.010514837243067	0.0	1849252	4855.421165609517	4.0
12677.477706514916	4000.0	10.338886407005475	0.0	1822097	4671.628430237592	4.0
12679.711342878552	1500.0	12.10525004336911	0.0	855209	2233.636363636364	1.5
12684.924801185069	4000.0	10.891791736854335	0.0	1984579	5213.458306514777	4.0
12687.17220270345	1500.0	12.644390218471669	0.0	794014	2247.401518382667	1.5
12692.862610960721	4000.0	10.95398196119964	0.0	2055338	5690.40825727203	4.0
12695.012235590339	1500.0	12.804357331582098	0.0	675709	2149.6246296175404	1.5
12701.453608657106	4000.0	10.362984264814841	0.0	2002600	6441.373066767258	4.0
12703.96466476884	1500.0	11.851928153079735	0.0	757473	2511.0561117351053	1.5
12710.648113059322	4000.0	9.168479862599202	0.0	1947068	6683.448290480532	4.0
12712.877295923854	1500.0	10.939296998067757	0.0	633700	2229.182864531446	1.5
12715.28003859488	1500.0	12.536554327041811	0.0	755142	2402.7426710259456	1.5
12720.695612873613	4000.0	11.120980048309637	0.0	1828568	5415.574278732173	4.0
12725.72572909605	4000.0	10.09086382587143	0.0	1785821	5030.116222438205	4.0
12727.535774027383	1500.0	12.280818894538573	0.0	681043	1810.0449313328572	1.5
12732.582815703972	4000.0	11.233777217948909	0.0	1955307	5047.041676589664	4.0
12739.254685432381	4000.0	8.561907489541351	0.0	2142800	6671.86972840756	4.0
12740.26924793238	600.0	11.547344989541351	0.0	284107	1014.5625	0.6
12747.037519606174	4000.0	8.779073315746805	0.0	1985434	6768.271673794544	4.0
12748.176397935247	600.0	11.640194986673812	0.0	302912	1138.878329072994	0.6
12754.188643243411	4000.0	9.627949678509252	0.0	1697030	6012.245308164559	4.0
12756.897237890733	1500.0	10.919355031186587	0.0	848035	2708.594647322666	1.5
12758.895634751507	1500.0	12.920958170413591	0.0	629438	1998.3968607729967	1.5
12765.183539050799	4000.0	10.633053871120298	0.0	2042818	6287.904299293293	4.0
12767.509613300548	1500.0	12.306979621371141	0.0	769491	2326.074249749156	1.5
12773.52853075015	4000.0	10.28806217176793	0.0	2034636	6018.917449603212	4.0

