17465.57456378381	600.0	4.0	0.7501801847614205	247108	750.1801847614205	0.010735412	-14.40360369522841
17465.922022381998	200.0	7.652541401813712	0.0	98617	347.45859818628696	0.004705182	0.2
17466.29079532886	200.0	11.28376845495381	0.0	106476	368.77294685990336	0.004705182	0.2
17466.68330994874	200.0	14.891253835070769	0.0	115230	392.5146198830409	0.004705182	0.2
17467.028167648547	200.0	18.5463961352657	0.0	97658	344.85769980506825	0.004705182	0.2
17467.37302534835	200.0	22.20153843546063	0.0	97658	344.85769980506825	0.004705182	0.2
17467.7670641652	200.0	25.807499618611747	0.0	115792	394.0388168488855	0.004705182	0.2
17468.13908620097	200.0	29.435477582846005	0.0	107674	372.0220357657429	0.004705182	0.2
17468.477562343014	200.0	33.09700144080007	0.0	95305	338.4761420459361	0.004705182	0.2
17468.84348487882	200.0	36.73107890499195	0.0	105425	365.92253580811933	0.010261844	0.2
17469.182123746523	200.0	40.3924400372913	0.0	95365	338.6388677006526	0.004705182	0.2
17469.520700236055	200.0	44.05386354775829	0.0	95342	338.5764895330113	0.004705182	0.2
17469.87847021656	200.0	47.69609356725146	0.0	102419	357.7699805068226	0.008104486	0.2
17470.177789141893	200.0	51.3967746419188	0.0	80867	299.31892533265534	0.004705182	0.2
17470.48221494069	200.0	55.092348843122295	0.0	82750	304.42579879650816	0.009752909	0.2
17488.146158756947	12000.0	41.42840502686668	0.0	5443841	17663.943816255614	0.0608125	12.0
17488.528882125367	200.0	45.04568165844562	0.0	89871	382.7233684210526	0.004705182	0.2
17501.770849985118	12000.0	35.80371379869353	0.0	4055239	13241.967859752096	0.004705182	12.0
17502.131713405593	200.0	39.442850378220115	0.0	90919	360.8634204734139	0.004705182	0.2
17502.476998187616	200.0	43.09756559619903	0.0	85876	345.2847820210835	0.0064425855	0.2
17502.91118902053	200.0	46.663374763284025	0.0	114656	434.1908329150095	0.005830309	0.2
17503.293129785874	200.0	50.28143399794441	0.0	97742	381.9407653396146	0.13274638	0.2
17518.119889005906	12000.0	39.45467477791213	0.0	5141915	14826.759220032283	0.011145931	12.0
17518.45264438052	200.0	43.12191940330129	0.0	85752	332.7553746108358	0.004705182	0.2
17518.811349684205	200.0	46.763214099615055	0.0	94556	358.70530368623696	0.004705182	0.2
17528.329274220676	8000.0	41.24528956314565	0.0	3253093	9517.924536469407	0.004705182	8.0
17544.069609887196	12000.0	29.50495389662426	0.0	5138482	15740.335666521387	0.023564402	12.0
17554.172532311855	8000.0	23.4020314719656	0.0	3354913	10102.92242465866	0.004705182	8.0
17554.51307214069	200.0	27.06149164313084	0.0	93993	340.53982883475976	0.020754356	0.2
17554.862177161307	200.0	30.71238662251478	0.0	97083	349.10502061605627	0.018622305	0.2
17555.202686499168	200.0	34.371877284654005	0.0	93982	340.509337860781	0.07027093	0.2
17565.4874153654	8000.0	28.087148418423283	0.0	3568902	10284.72886623072	0.011837316	8.0
17567.394331165684	1500.0	30.180232618138593	0.0	633700	1906.91580028469	0.0318433	1.5
17567.732257600608	200.0	33.84230618321078	0.0	89422	337.9264349278172	0.0573097	0.2
17568.124476998022	200.0	37.45008678579637	0.0	108225	392.2193974143993	0.020499527	0.2
17568.457746142107	200.0	41.11681764171315	0.0	87791	333.26914408322966	0.14873615	0.2
17568.832260846135	200.0	44.742302937686894	0.0	102088	374.5147040262527	0.5023396	0.2
17569.14421627427	200.0	48.4303475095482	0.0	80403	311.955428138692	0.44769892	0.2
17583.39411304866	12000.0	38.180450735159994	0.0	5257310	14249.8967743882	0.004705182	12.0
17583.722788952145	200.0	41.85177483167409	0.0	101968	328.6759034859085	0.06356162	0.2
17596.946359041263	12000.0	32.628204742558786	0.0	4828747	13223.570089115306	0.006843836	12.0
17601.75155921445	4000.0	31.823004569374397	0.0	1830641	4805.200173184387	0.01735047	4.0
17606.06711906844	4000.0	31.507444715382572	0.0	1697030	4315.559853991826	0.027914561	4.0
17611.279603312756	4000.0	30.29496047106581	0.0	1910697	5212.484244316764	0.012437824	4.0
17621.33898961929	8000.0	24.235574164532476	0.0	3682991	10059.386306533332	0.015279662	8.0
17626.367976355403	4000.0	23.206587428417162	0.0	2042818	5028.9867361153165	0.6377135	4.0
17631.147558822584	4000.0	22.42700496123851	0.0	1750852	4779.582467178654	0.019754078	4.0
17649.0353506089	12000.0	8.539213174920068	0.0	5646381	17887.79178631844	0.037542544	12.0

