5388.890520231361	600.0	4.0	1.4562628794207741	247108	1456.2628794207742	-28.52525758841548
5389.519765566922	200.0	7.370754664438875	0.0	98617	629.2453355611251	0.2
5391.206265149211	600.0	9.68425508214982	0.0	288447	1686.499582289056	0.6
5392.844003940633	600.0	12.046516290726817	0.0	279692	1637.7387914230019	0.6
5394.697047661046	600.0	14.193472570314675	0.0	318350	1853.0437204121415	0.6
5396.62014986099	600.0	16.27037037037037	0.0	330929	1923.1021999443053	0.6
5398.305989587253	600.0	18.58453064410747	0.0	327938	1685.8397262628987	0.6
5400.930905401188	1500.0	19.959614830172946	0.0	780303	2624.915813934527	1.5
5403.918363511995	1500.0	20.972156719365326	0.0	891463	2987.4581108076154	1.5
5406.487149846538	1500.0	22.40337038482254	0.0	763093	2568.786334542786	1.5
5409.118269999005	1500.0	23.77225023235562	0.0	769316	2631.120152466919	1.5
5411.760087046732	1500.0	25.130433184628007	0.0	744416	2641.8170477276153	1.5
5413.925878886364	1500.0	26.964641344996235	0.0	606092	2165.7918396317723	1.5
5420.210338890204	4000.0	24.68018134115689	0.0	1805063	6284.460003839349	4.0
5422.875297136104	1500.0	26.015223095257355	0.0	754517	2664.9582458995333	1.5
5426.157705598268	1500.0	26.732814633092996	0.0	934743	3282.4084621643615	1.5
5433.3300431833	4000.0	23.560477048060367	0.0	1835863	7172.337585032629	4.0
5436.626177637083	1500.0	24.26434259427885	0.0	772616	3296.134453781512	1.5
5439.818184016697	1500.0	25.072336214663878	0.0	747396	3192.0063796149743	1.5
5442.658043388035	1500.0	26.232476843326083	0.0	662349	2839.8593713377954	1.5
5446.220263237511	1500.0	26.670256993850835	0.0	835711	3562.219849475247	1.5
5449.594055403947	1500.0	27.296464827414695	0.0	806394	3373.7921664361365	1.5
5452.566833529227	1500.0	28.323686702135454	0.0	809327	2972.7781252792424	1.5
5455.083773927761	1500.0	29.806746303600917	0.0	681795	2516.9403985345366	1.5
5461.53318674063	4000.0	27.35733349073166	0.0	1836837	6449.412812869257	4.0
5463.721264543834	1500.0	29.169255687528	0.0	644861	2188.0778032036615	1.5
5466.396929793916	1500.0	30.493590437446272	0.0	794014	2675.665250081726	1.5
5473.481136782999	4000.0	27.409383448363062	0.0	2055338	7084.20698908321	4.0
5475.948959297742	1500.0	28.94156093362048	0.0	675709	2467.822514742585	1.5
5482.932816468334	4000.0	25.957703763028842	0.0	2002600	6983.857170591637	4.0
5485.5480787894785	1500.0	27.34244144188417	0.0	757473	2615.2623211446744	1.5
5491.8770189532315	4000.0	25.013501278131542	0.0	1947068	6328.940163752628	4.0
5493.813811247118	1500.0	27.076708984244423	0.0	633700	1936.7922938871186	1.5
5496.106438430944	1500.0	28.78408180041847	0.0	755142	2292.6271838259536	1.5
5501.4038863638925	4000.0	27.48663386746872	0.0	1828568	5297.447932949753	4.0
5506.155676556989	4000.0	26.73484367437181	0.0	1785821	4751.790193096909	4.0
5512.13496483026	4000.0	24.755555401100178	0.0	2096494	5979.288273271632	4.0
5518.9301945031375	4000.0	21.96032572822304	0.0	1955307	6795.229672877136	4.0
5521.302166595832	1500.0	23.588353635528247	0.0	691256	2371.972092694796	1.5
5523.628538866089	1500.0	25.261981365271566	0.0	725845	2326.3722702566783	1.5
5529.85313431281	4000.0	23.037385918551127	0.0	1985434	6224.59544672044	4.0
5531.941164821619	1500.0	24.949355409741553	0.0	657685	2088.0305088095733	1.5
5537.150661931227	4000.0	23.73985830013336	0.0	1697030	5209.497109608192	4.0
5539.793959622692	1500.0	25.09656060866852	0.0	848035	2643.297691464843	1.5
5541.67468505483	1500.0	27.215835176530856	0.0	629438	1880.7254321376656	1.5
5547.082240921889	4000.0	25.808279309470826	0.0	2042818	5407.555867060031	4.0
5551.731862024469	4000.0	25.15865820689158	0.0	1750852	4649.621102579244	4.0
5557.152814905424	4000.0	23.737705325936076	0.0	2034636	5420.952880955507	4.0

