28163.708223614663	600.0	4.0	0.8007861010336718	247108	800.7861010336718	-15.415722020673437
28164.691647675336	600.0	7.016575939328752	0.0	309722	983.4240606712488	0.6
28165.08222613048	200.0	10.625997484185003	0.0	106476	390.5784551437479	0.2
28165.498339014004	200.0	14.209884600659946	0.0	115230	416.1128835250579	0.2
28167.69102856608	1500.0	16.017195048584398	0.0	724296	2192.6895520755475	1.5
28169.78318177557	1500.0	17.925041839097222	0.0	689829	2092.1532094871745	1.5
28172.015561408407	1500.0	19.69266220626037	0.0	737903	2232.3796328368553	1.5
28172.89718903133	600.0	22.811034583340927	0.0	274823	881.6276229194393	0.6
28173.25518294233	200.0	26.45304067234244	0.0	95305	357.9939109984869	0.2
28192.41520221952	12000.0	11.293021395151314	0.0	5088378	19160.019277191124	12.0
28193.582561559044	600.0	14.125662055626032	0.0	329266	1167.3593395252838	0.6
28193.949897471233	200.0	17.758326143436058	0.0	95342	367.3359121899731	0.2
28194.283492234383	200.0	21.4247313802859	0.0	102419	333.5947631501571	0.2
28198.83292196867	4000.0	20.87530164599722	0.0	1805063	4549.429734288677	4.0
28199.117815266312	200.0	24.590408348360302	0.0	82750	284.89329763691796	0.2
28200.00098461279	600.0	27.70723900188326	0.0	324375	883.1693464770424	0.6
28200.303509876256	200.0	31.40471373841586	0.0	89871	302.52526346740126	0.2
28211.273732137597	12000.0	24.434491477074307	0.0	4055239	10970.222261341556	12.0
28213.462934903226	1500.0	26.245288711447103	0.0	747396	2189.202765627205	1.5
28215.421007733607	1500.0	28.28721588106751	0.0	662349	1958.0728303795922	1.5
28225.987372028947	8000.0	21.720851585724883	0.0	3690869	10566.364295342628	8.0
28226.93355615239	600.0	24.774667462279275	0.0	310841	946.1841234456094	0.6
28243.47654279985	12000.0	12.231680814822084	0.0	5141915	16542.98664745719	12.0
28243.87284683194	200.0	15.835376782731347	0.0	85752	396.3040320907393	0.2
28245.11854702804	600.0	18.589676586633335	0.0	346939	1245.7001960980117	0.6
28245.728831442142	600.0	21.979392172526392	0.0	221407	610.2844141069397	0.6
28246.02077084697	200.0	25.687452767700336	0.0	88490	291.9394048260583	0.2
28254.13600945544	8000.0	21.572214159233777	0.0	3354913	8115.23860846656	8.0
28255.895356136487	1500.0	23.812867478185467	0.0	675709	1759.346681048308	1.5
28256.23123753011	200.0	27.47698608456056	0.0	97083	335.88139362490733	0.2
28256.94478534331	600.0	30.7634382713656	0.0	240372	713.5478131949592	0.6
28257.337173449723	200.0	34.371050164949324	0.0	118522	392.38810641627543	0.2
28271.325482626424	12000.0	24.382740988251708	0.0	5639869	13988.309176697614	12.0
28273.113079438	1500.0	26.595144176673895	0.0	755142	1787.5968115778167	1.5
28273.836306302153	600.0	29.871917312521028	0.0	284451	723.2268641528633	0.6
28278.00275456003	4000.0	29.705469054643327	0.0	1785821	4166.448257877702	4.0
28278.741429740985	600.0	32.96679387369066	0.0	284947	738.6751809526562	0.6
28288.428053319643	8000.0	27.280170295031436	0.0	3739359	9686.623578659228	8.0
28309.6051695906	12000.0	10.103054024074751	0.0	5257310	21177.116270956685	12.0
28310.49949225908	600.0	13.208731355592791	0.0	284107	894.3226684819606	0.6
28310.88728201939	200.0	16.820941595283234	0.0	107384	387.7897603095554	0.2
28311.835504583974	600.0	19.87271903070296	0.0	302912	948.222564580273	0.6
28312.198813673578	200.0	23.50940994109671	0.0	98843	363.30908960624845	0.2
28313.078320677985	600.0	26.629902936689845	0.0	278938	879.5070044068648	0.6
28314.962449516075	1500.0	28.74577409859734	0.0	629438	1884.1288380925084	1.5
28317.21164491642	1500.0	30.49657869825371	0.0	763847	2249.1954003436313	1.5
28322.152844007123	4000.0	29.5553796075497	0.0	1750852	4941.199090704011	4.0
28342.350515147846	12000.0	13.357708466828383	0.0	5646381	20197.67114072132	12.0

