26915.817918285433	600.0	4.0	1.6981255627404437	247108	1698.1255627404437	-33.36251125480887
26916.543687295827	200.0	7.274230989604649	0.0	98617	725.7690103953508	0.2
26917.32091902211	200.0	10.4969992633216	0.0	106476	777.2317262830483	0.2
26919.232412842197	600.0	12.585505443234837	0.0	279692	1911.4938200867643	0.6
26919.951902078505	200.0	15.866016206924778	0.0	97658	719.4892363100598	0.2
26920.671391314816	200.0	19.14652697061472	0.0	97658	719.4892363100598	0.2
26921.509626560786	200.0	22.308291724645986	0.0	115792	838.2352459687321	0.2
26923.389236939765	600.0	24.42868134566588	0.0	274823	1879.6103789801098	0.6
26930.21826028695	4000.0	21.599657998480957	0.0	1857129	6829.02334718492	4.0
26931.309886561936	600.0	24.508031723491158	0.0	309937	1091.6262749898	0.6
26931.701155431787	200.0	28.116762853642115	0.0	95365	391.2688698490412	0.2
26932.713424709633	600.0	31.104493575796337	0.0	285624	1012.2692778457773	0.6
26934.771693171486	1500.0	33.04622511394403	0.0	606092	2058.2684618523053	1.5
26940.960676560004	4000.0	30.857241725427578	0.0	1805063	6188.983388516454	4.0
26941.321434861882	200.0	34.49648342354879	0.0	82750	360.75830187879046	0.2
26941.721641825705	200.0	38.09627645972504	0.0	94377	400.2069638237415	0.2
26942.10656060937	200.0	41.71135767606161	0.0	89871	384.91878366342934	0.2
26952.662856637646	12000.0	35.15506164778634	0.0	4055239	10556.296028275276	12.0
26952.953833128195	200.0	38.864085157235074	0.0	90919	290.97649055126107	0.2
26953.23310739543	200.0	42.58481089000182	0.0	85876	279.2742672332526	0.2
26966.178266845614	12000.0	33.63965143981548	0.0	5251330	12945.15945018634	12.0
26966.962114229602	600.0	36.85580405582714	0.0	310841	783.8473839883387	0.6
26978.800457107864	12000.0	29.017461177562243	0.0	5141915	11838.342878264903	12.0
26979.58596808261	600.0	32.23195020281596	0.0	298925	785.5109747462827	0.6
26981.684398575882	1500.0	34.133519709542426	0.0	855209	2098.430493273543	1.5
26983.286374030213	1500.0	36.53154425521153	0.0	644861	1601.9754543308945	1.5
26985.240374502246	1500.0	38.57754378317943	0.0	794014	1954.0004720320983	1.5
26993.49861027267	8000.0	34.319308012757276	0.0	3354913	8258.235770422152	8.0
27002.5278118405	8000.0	29.290106444924014	0.0	3811227	9029.201567833263	8.0
27024.28439344512	12000.0	11.533524840306203	0.0	5411094	21756.58160461781	12.0
27024.67126718239	200.0	15.146651103035536	0.0	93982	386.87373727066796	0.2
27025.138269896623	200.0	18.679648388805212	0.0	118522	467.0027142303218	0.2
27025.54435303778	200.0	22.27356524764483	0.0	99865	406.0831411603845	0.2
27025.916337283	200.0	25.901581002425345	0.0	89422	371.9842452194853	0.2
27026.349717826255	200.0	29.468200459171126	0.0	108225	433.3805432542193	0.2
27027.32729752853	600.0	32.49062075689654	0.0	275745	977.5797022745915	0.6
27028.329847964596	600.0	35.488070320829436	0.0	284947	1002.5504360670998	0.6
27029.47004586419	600.0	38.34787242123616	0.0	327462	1140.1978995932739	0.6
27044.164486768786	12000.0	27.65343151664088	0.0	5257310	14694.440904595283	12.0
27045.988389464186	1500.0	29.829528821243326	0.0	725845	1823.9026953975522	1.5
27064.401297243803	12000.0	15.416621041623374	0.0	4828747	18412.907779619953	12.0
27066.819161321473	1500.0	16.998756963953472	0.0	657685	2417.8640776699026	1.5
27072.59570216388	4000.0	15.222216121547422	0.0	1697030	5776.540842406047	4.0
27072.99890796231	200.0	18.81901032311783	0.0	96988	403.205798429592	0.2
27073.362877720498	200.0	22.455040564927337	0.0	85214	363.9697581904901	0.2
27073.75213063117	200.0	26.06578765425731	0.0	92801	389.25291067002684	0.2
27074.68554616446	600.0	29.13237212096424	0.0	256094	933.4155332930666	0.6
27092.904013007374	12000.0	14.913905278050468	0.0	5646381	18218.466842913775	12.0

