2939.5490963738093	600.0	4.0	1.0847848738214438	247108	1084.7848738214439	0.01526223	-21.095697476428874
2940.0300905540935	200.0	7.519005819715876	0.0	98617	480.99418028412407	0.004705182	0.2
2940.5430408196657	200.0	11.006055554143687	0.0	106476	512.9502655721873	0.004705182	0.2
2941.091586398969	200.0	14.457509974840528	0.0	115230	548.5455793031589	0.004705182	0.2
2941.56868111548	200.0	17.980415258329312	0.0	97658	477.0947165112201	0.004705182	0.2
2942.0457758319913	200.0	21.50332054181809	0.0	97658	477.0947165112201	0.004705182	0.2
2942.5966066027863	200.0	24.95248977102341	0.0	115792	550.8307707946834	0.004705182	0.2
2943.1144281484417	200.0	28.43466822536786	0.0	107674	517.821545655544	0.004705182	0.2
2946.819274523191	1500.0	28.72982185061882	0.0	891463	3704.8463747490405	0.004705182	1.5
2949.725263155144	1500.0	29.823833218665456	0.0	763093	2905.9886319533666	0.004705182	1.5
2951.75954687349	1500.0	31.789549500319815	0.0	769316	2034.2837183456381	0.004705182	1.5
2953.730577436322	1500.0	33.8185189374874	0.0	744416	1971.0305628324206	0.004705182	1.5
2955.3502252889857	1500.0	36.198871084824056	0.0	606092	1619.6478526633325	0.004705182	1.5
2957.3303881849133	1500.0	38.21870818889646	0.0	748011	1980.162895927602	0.004705182	1.5
2959.3270781904703	1500.0	40.222018183339586	0.0	754517	1996.6900055568788	0.004705182	1.5
2962.1771614924046	1500.0	41.371934881405245	0.0	934743	2850.0833019343386	0.004705182	1.5
2964.488534160386	1500.0	43.06056221342405	0.0	735572	2311.372667981192	0.004705182	1.5
2966.9122805580805	1500.0	44.63681581572953	0.0	772616	2423.746397694524	0.44544494	1.5
2977.3063140673826	8000.0	38.242782306427344	0.0	3873892	10394.033509302179	0.41493267	8.0
2979.065831016938	1500.0	40.48326535687189	0.0	662349	1759.5169495554608	0.010981243	1.5
2992.861056370217	8000.0	30.688040003592818	0.0	3690869	13795.225353279073	0.004705182	8.0
2993.330961877709	200.0	34.21813449610073	0.0	97742	469.9055074920841	0.6950444	0.2
2996.6394721871156	1500.0	34.90962418669387	0.0	809327	3308.510309406867	0.004705182	1.5
2999.4392408175977	1500.0	36.109855556211926	0.0	681795	2799.768630481937	0.17169237	1.5
3002.1272676767603	1500.0	37.421828697049264	0.0	855209	2688.0268591626627	0.004705182	1.5
3003.9416683222576	1500.0	39.60742805155177	0.0	644861	1814.400645497487	0.6932162	1.5
3017.130870892099	8000.0	30.418225481710586	0.0	4274504	13189.202569841187	0.004705182	8.0
3020.4801845584307	1500.0	31.068911815379153	0.0	914284	3349.313666331434	0.004705182	1.5
3023.707506350081	1500.0	31.841590023729047	0.0	675709	3227.3217916501058	0.009931119	1.5
3027.1613014266736	1500.0	32.38779494713609	0.0	707527	3453.7950765929545	0.19890219	1.5
3030.853260656572	1500.0	32.69583571723802	0.0	757473	3691.959229898075	0.004705182	1.5
3033.115678865015	1500.0	34.433417508794754	0.0	712239	2262.4182084432655	0.022039374	1.5
3045.937173065667	8000.0	25.611923308142533	0.0	3713878	12821.49420065222	0.004705182	8.0
3049.357031535371	1500.0	26.192064838438863	0.0	755142	3419.8584697036713	0.004705182	1.5
3051.9571195277354	1500.0	27.59197684607453	0.0	670327	2600.0879923643333	0.006056529	1.5
3054.15320936846	1500.0	29.395887005349877	0.0	785519	2196.0898407246523	0.88609445	1.5
3065.169225515988	8000.0	22.379870857821995	0.0	4018228	11016.016147527882	0.6531305	8.0
3067.654334232388	1500.0	23.894762141421698	0.0	866245	2485.1087164002984	0.07271051	1.5
3073.863356069178	4000.0	21.685740304631825	0.0	2142800	6209.021836789874	0.06868515	4.0
3076.1310364368833	1500.0	23.418059936926593	0.0	725845	2267.680367705233	0.67644924	1.5
3082.411405612388	4000.0	21.137690761421787	0.0	1985434	6280.369175504807	0.48717675	4.0
3090.6566197069465	4000.0	16.892476666863352	0.0	1830641	8245.214094558432	0.009868284	4.0
3093.5068885641176	1500.0	18.04220780969219	0.0	767059	2850.268857171164	0.03338734	1.5
3099.6471823494285	4000.0	15.901914024381455	0.0	1910697	6140.293785310735	0.19051899	4.0
3107.156797521112	4000.0	12.392298852697799	0.0	2171279	7509.615171683656	0.0071493676	4.0
3109.948600130502	1500.0	13.600496243307543	0.0	763847	2791.8026093902554	0.3423565	1.5
3117.119480634323	4000.0	10.429615739486616	0.0	1750852	7170.8805038209275	0.01559922	4.0
3120.6951512276437	1500.0	10.853945146165533	0.0	808636	3575.670593321085	0.03677637	1.5

