25138.430888295075	600.0	4.0	0.9248678334081244	247108	924.8678334081244	-17.897356668162487
25141.01499753285	1500.0	5.415890762228348	0.0	732405	2584.1092377716523	1.5
25143.296324968367	1500.0	7.134563326708977	0.0	643847	2281.3274355193707	1.5
25145.83272516496	1500.0	8.598163130115179	0.0	718451	2536.4001965937987	1.5
25148.287504405576	1500.0	10.14338388949898	0.0	724296	2454.7792406162016	1.5
25150.22998799512	1500.0	12.200900299954421	0.0	689829	1942.4835895445574	1.5
25152.302267571908	1500.0	14.12862072316699	0.0	737903	2072.2795767874322	1.5
25154.489023785944	1500.0	15.941864509130777	0.0	780303	2186.7562140362124	1.5
25156.975903183862	1500.0	17.454985111213094	0.0	891463	2486.879397917686	1.5
25158.98658349057	1500.0	19.44430480450541	0.0	763093	2010.6803067076812	1.5
25160.811385679182	1500.0	21.619502615893563	0.0	769316	1824.8021886118474	1.5
25162.579714878157	1500.0	23.851173416919828	0.0	744416	1768.3291989737338	1.5
25164.03432641373	1500.0	26.3965618813478	0.0	606092	1454.61153557203	1.5
25165.81080904233	1500.0	28.620079252745594	0.0	748011	1776.4826286022085	1.5
25167.60204722397	1500.0	30.828841071107817	0.0	754517	1791.2381816377733	1.5
25169.620821826666	1500.0	32.810066468411215	0.0	934743	2018.7746026966029	1.5
25171.071543341674	1500.0	35.359344953404396	0.0	735572	1450.7215150068134	1.5
25172.59129549923	1500.0	37.839592795847416	0.0	772616	1519.7521575569817	1.5
25174.064050766465	1500.0	40.36683752861316	0.0	747396	1472.7552672342508	1.5
25175.37832290399	1500.0	43.05256539108856	0.0	662349	1314.2721375246037	1.5
25180.129893186964	4000.0	42.30099510811663	0.0	2379358	4751.570282971928	4.0
25185.069052264782	4000.0	41.36183603029786	0.0	1950922	4939.15907781877	4.0
25187.164842049802	1500.0	43.2660462452763	0.0	809327	2095.78978502156	1.5
25188.942988035888	1500.0	45.48790025919308	0.0	681795	1778.1459860832204	1.5
25191.64041194056	1500.0	46.790476354519264	0.0	855209	2697.423904673825	1.5
25193.80182567036	1500.0	48.62906262471756	0.0	644861	2161.4137298016985	1.5
25196.44465958535	1500.0	49.986228709726944	0.0	794014	2642.8339149906196	1.5
25199.47568821096	1500.0	50.95520008411923	0.0	914284	3031.0286256077147	1.5
25201.420163157716	1500.0	53.01072513736518	0.0	675709	1944.4749467540555	1.5
25203.405542788438	1500.0	55.025345506644626	0.0	707527	1985.3796307205494	1.5
25205.52542766212	1500.0	56.90546063296378	0.0	757473	2119.884873680844	1.5
25207.523496771573	1500.0	58.907391523509624	0.0	712239	1998.06910945416	1.5
25209.974098155108	1500.0	59.62082898669108	0.0	633700	1786.5625368185415	1.5
25213.740659425202	1500.0	59.854267716595686	0.0	755142	2766.5612700953907	1.5
25217.70547520356	1500.0	59.88945193823979	0.0	670327	2464.8157783559027	1.5
25221.80373048798	1500.0	59.791196653819654	0.0	785519	2598.2552844201364	1.5
25225.65655860154	1500.0	59.938368540259084	0.0	681043	1852.828113560563	1.5
25228.27291553725	1500.0	59.603439718978684	0.0	866245	2334.9288212804036	1.5
25232.290054691293	1500.0	59.586300564937176	0.0	691256	2017.1391540415098	1.5
25235.904124224526	1500.0	59.972231031703096	0.0	725845	2114.069533234084	1.5
25240.264271922828	1500.0	59.61208333340023	0.0	811013	2360.147698302862	1.5
25244.225355327813	1500.0	59.65099992841313	0.0	657685	2461.0834049871023	1.5
25248.082416467336	1500.0	59.79393878889192	0.0	767059	2857.061139521202	1.5
25252.11995978575	1500.0	59.75639547048058	0.0	848035	2037.54331841134	1.5
25256.060465567654	1500.0	59.81588968857201	0.0	629438	1440.5057819085703	1.5
25259.451494939123	1500.0	59.58486407525741	0.0	763847	1731.0256133146006	1.5
25263.210353113474	1500.0	59.826005900904235	0.0	769491	2258.8581743531663	1.5
25267.080052614412	1500.0	59.95630639996629	0.0	808636	2369.699500937954	1.5

