27847.309790205814	600.0	4.0	0.7105786283891548	247108	710.5786283891548	0.01916786	-13.611572567783096
27847.641444432287	200.0	7.668345773524721	0.0	98617	331.65422647527913	0.004705182	0.2
27847.9931535232	200.0	11.31663668261563	0.0	106476	351.70909090909095	0.004705182	0.2
27848.36720137009	200.0	14.942588835725678	0.0	115230	374.04784688995215	0.004705182	0.2
27848.696408387634	200.0	18.613381818181818	0.0	97658	329.20701754385965	0.004705182	0.2
27849.02561540518	200.0	22.284174800637956	0.0	97658	329.20701754385965	0.004705182	0.2
27849.40109738285	200.0	25.908692822966508	0.0	115792	375.4819776714513	0.004705182	0.2
27849.75586357105	200.0	29.55392663476874	0.0	107674	354.7661881977672	0.004705182	0.2
27850.079066122882	200.0	33.230724082934614	0.0	95305	323.20255183413076	0.004705182	0.2
27850.428093236118	200.0	36.881696969696975	0.0	105425	349.0271132376396	0.012205026	0.2
27850.751448897998	200.0	40.558341307815	0.0	95365	323.35566188197765	0.004705182	0.2
27851.074745867696	200.0	44.23504433811803	0.0	95342	323.2969696969697	0.004705182	0.2
27851.416102167535	200.0	47.89368803827752	0.0	102419	341.3562998405104	0.009419606	0.2
27851.702461338187	200.0	51.607328867623615	0.0	80867	286.3591706539075	0.004705182	0.2
27851.99362561251	200.0	55.316164593301444	0.0	82750	291.16427432216904	0.011180464	0.2
27868.131032990346	12000.0	43.17875721546741	0.0	5443841	16137.407377834039	0.025336444	12.0
27868.561083138848	200.0	46.74870706696943	0.0	89871	430.0501484979795	0.004705182	0.2
27881.975075939525	12000.0	37.3347142662887	0.0	4055239	13413.992800680733	0.004705182	12.0
27882.272956896897	200.0	41.036833308915185	0.0	90919	297.88095737351347	0.004705182	0.2
27882.55875266121	200.0	44.75103754460401	0.0	85876	285.79576431117636	0.010661064	0.2
27882.91351766136	200.0	48.396272544454234	0.0	114656	354.7650001497768	0.036368106	0.2
27883.227749455986	200.0	52.08204074982823	0.0	97742	314.2317946260073	0.2240275	0.2
27900.80519454956	12000.0	38.504595656252945	0.0	5141915	17577.44509357528	0.004705182	12.0
27901.2170521347	200.0	42.09273807111363	0.0	85752	411.8575851393189	0.004705182	0.2
27901.66298092727	200.0	45.64680927854396	0.0	94556	445.92879256965944	0.004705182	0.2
27911.957790861456	8000.0	39.35199934435819	0.0	3253093	10294.80993418577	0.004705182	8.0
27923.972222504974	12000.0	31.337567700839273	0.0	5138482	12014.431643518916	0.06022249	12.0
27932.10299569525	8000.0	27.206794510560343	0.0	3354913	8130.773190278932	0.004705182	8.0
27932.404276097823	200.0	30.905514107988353	0.0	93993	301.2804025719877	0.171075	0.2
27945.615313555994	12000.0	21.694476649817172	0.0	5411094	13211.037458171182	0.6540997	12.0
27945.930507424764	200.0	25.379282781044203	0.0	93982	315.19386877297256	0.016735913	0.2
27957.489058369054	8000.0	17.820731836752536	0.0	3568902	11558.550944291666	0.023509735	8.0
27960.010686393493	1500.0	19.299103812316723	0.0	633700	2521.628024435814	0.32291666	1.5
27960.495539817373	200.0	22.814250388434438	0.0	89422	484.85342388228634	0.07389879	0.2
27961.065522839446	200.0	26.24426736636313	0.0	108225	569.9830220713072	0.004705182	0.2
27961.54299199621	200.0	29.766798209600253	0.0	87791	477.46915676287495	0.10430315	0.2
27962.085190072044	200.0	33.224600133765506	0.0	102088	542.1980758347481	0.33886123	0.2
27962.529210445562	200.0	36.78057976025107	0.0	80403	444.0203735144313	0.06857426	0.2
27963.001821650992	200.0	40.30796855481814	0.0	86718	472.6112054329372	0.2841664	0.2
27963.54347643311	200.0	43.76631377270156	0.0	101968	541.6547821165818	0.040476926	0.2
27974.24475117182	8000.0	37.06503903399033	0.0	3189942	10701.274738711223	0.7072749	8.0
27978.74445421383	4000.0	36.56533599198164	0.0	1830641	4499.703042008692	0.29793537	4.0
27991.88589435135	4000.0	27.423895854456823	0.0	1697030	13141.440137524818	0.009687313	4.0
27996.956613954328	4000.0	26.353176251479155	0.0	1910697	5070.719602977668	0.005431373	4.0
28005.870267506536	8000.0	21.439522699271908	0.0	3682991	8913.653552207248	0.006110975	8.0
28010.642605205616	4000.0	20.667185000194518	0.0	2042818	4772.337699077391	0.01734979	4.0
28014.809084374712	4000.0	20.500705831096607	0.0	1750852	4166.479169097911	0.004705182	4.0
28032.798090556513	12000.0	6.511699649293743	0.0	5646381	17989.006181802863	0.15921523	12.0

