31487.968256498247	600.0	4.0	0.8416798951991985	247108	841.6798951991985	0.27035066	-16.23359790398397
31488.35223122276	200.0	7.6160252754874005	0.0	98617	383.9747245125992	0.004705182	0.2
31488.760430344282	200.0	11.207826153964707	0.0	106476	408.19912152269404	0.004705182	0.2
31489.195612589796	200.0	14.772643908453418	0.0	115230	435.18224551128924	0.004705182	0.2
31489.57663131523	200.0	18.391625183016107	0.0	97658	381.0187254373122	0.004705182	0.2
31489.95765004067	200.0	22.010606457578792	0.0	97658	381.0187254373122	0.004705182	0.2
31490.394564581777	200.0	25.573691916467595	0.0	115792	436.91454111119674	0.004705182	0.2
31490.80645639036	200.0	29.161800107883177	0.0	107674	411.89180858441864	0.004705182	0.2
31491.180222283867	200.0	32.78803421437928	0.0	95305	373.76589350389156	0.004705182	0.2
31491.585181827675	200.0	36.383074670571006	0.0	105425	404.9595438082762	0.0074374177	0.2
31491.95913266377	200.0	40.00912383447638	0.0	95365	373.95083609462904	0.004705182	0.2
31492.333012605206	200.0	43.63524389304153	0.0	95342	373.87994143484633	0.004705182	0.2
31492.728706525217	200.0	47.2395499730292	0.0	102419	395.69392001232956	0.006186657	0.2
31493.057969066638	200.0	50.91028743160977	0.0	80867	329.26254141943434	0.004705182	0.2
31493.39303572303	200.0	54.575220775217694	0.0	82750	335.06665639207836	0.007145805	0.2
31510.077362172313	12000.0	41.89089432593479	0.0	5443841	16684.3264492829	0.3678067	12.0
31510.438077462022	200.0	45.53017903622683	0.0	89871	360.71528970794947	0.004705182	0.2
31523.31148032577	12000.0	36.656776172477755	0.0	4055239	12873.402863749083	0.004705182	12.0
31523.683261455422	200.0	40.284995042824356	0.0	90919	371.7811296534018	0.004705182	0.2
31524.03885837455	200.0	43.92939812369727	0.0	85876	355.596919127086	0.006488283	0.2
31524.486817296245	200.0	47.48143920200279	0.0	114656	447.95892169448007	0.009057275	0.2
31524.880495088288	200.0	51.087761409961715	0.0	97742	393.6777920410783	0.10861007	0.2
31539.147457376414	12000.0	40.82079912183722	0.0	5141915	14266.962288124492	0.008607139	12.0
31539.461380960885	200.0	44.506875537365836	0.0	85752	313.9235844713825	0.004705182	0.2
31539.799321049202	200.0	48.168935449049805	0.0	94556	337.94008831602815	0.004705182	0.2
31548.75346013842	8000.0	43.21479635983016	0.0	3253093	8954.139089219649	0.004705182	8.0
31563.49891291704	12000.0	32.46934358121012	0.0	5138482	14745.452778620043	0.0054940986	12.0
31577.758687292142	8000.0	22.209569206105332	0.0	3354913	14259.774375104786	0.004705182	8.0
31578.348687292142	200.0	25.619569206105332	0.0	93993	590.0	0.007063219	0.2
31578.955453434304	200.0	29.012803063945807	0.0	97083	606.7661421595226	0.004705182	0.2
31579.545393749006	200.0	32.422862749241524	0.0	93982	589.9403147042866	0.008111304	0.2
31590.383185476665	8000.0	25.585071021584486	0.0	3568902	10837.791727657037	0.6475007	8.0
31592.42078674322	1500.0	27.547469755028512	0.0	633700	2037.601266555972	0.04246013	1.5
31592.777025689815	200.0	31.19123080843238	0.0	89422	356.23894659613086	0.04362381	0.2
31593.19135012894	200.0	34.77690636930816	0.0	108225	414.32443912422286	0.018102113	0.2
31593.542550654096	200.0	38.4257058441508	0.0	87791	351.20052515735415	0.12240148	0.2
31593.937916912735	200.0	42.0303395855108	0.0	102088	395.36625863999694	0.36268398	0.2
31605.25575857664	8000.0	34.7124979216059	0.0	3739359	11317.8416639049	0.16173694	8.0
31622.347329798944	12000.0	21.620926699299147	0.0	5257310	17091.571222306753	0.09207504	12.0
31622.897066065212	200.0	25.071190433031727	0.0	101968	549.7362662674192	0.13911572	0.2
31634.554460491403	8000.0	17.413796006839927	0.0	3189942	11657.3944261918	0.11825575	8.0
31639.448927765145	4000.0	16.519328733096543	0.0	1830641	4894.467273743384	0.06770447	4.0
31647.89338179237	4000.0	12.074874705873153	0.0	1697030	8444.45402722339	0.0047283056	4.0
31648.518966997868	200.0	15.449289500374435	0.0	96988	625.5852054987168	0.68893546	0.2
31651.383156040465	1500.0	16.58510045777881	0.0	629438	2864.1890425956235	0.004705182	1.5
31656.802286361613	4000.0	15.165970136631437	0.0	2042818	5419.130321147375	0.18795234	4.0
31661.73708153574	4000.0	14.231174962507344	0.0	1750852	4934.795174124092	0.004705182	4.0
31669.727412487773	4000.0	10.24084401047352	0.0	2034636	7990.330952033824	0.029488824	4.0

