21407.066151794417	600.0	4.0	0.6606109022556392	247108	660.6109022556392	-12.612218045112785
21407.377864670358	200.0	7.6882871240601505	0.0	98617	311.7128759398496	0.2
21408.135606681637	600.0	10.930545112781955	0.0	288447	757.7420112781955	0.6
21409.903696437275	1500.0	13.162455357142857	0.0	718451	1768.0897556390978	1.5
21411.685519745548	1500.0	15.38063204887218	0.0	724296	1781.8233082706768	1.5
21413.386358561336	1500.0	17.679793233082705	0.0	689829	1700.8388157894738	1.5
21415.200153204194	1500.0	19.865998590225566	0.0	737903	1813.794642857143	1.5
21417.11480883475	1500.0	21.95134295967191	0.0	780303	1914.6556305536571	1.5
21421.637701179247	4000.0	21.4284506151743	0.0	1857129	4522.892344497608	4.0
21423.54328251896	1500.0	23.522869275461378	0.0	763093	1905.5813397129189	1.5
21428.61952551665	4000.0	22.44662627777308	0.0	2094766	5076.242997688296	4.0
21432.866856090273	4000.0	22.199295704148007	0.0	1761739	4247.330573625074	4.0
21438.039442486963	4000.0	21.02670930745733	0.0	2131310	5172.586396690676	4.0
21442.790779464933	4000.0	20.2753723294869	0.0	1805063	4751.3369779704335	4.0
21444.823400045272	1500.0	22.242751749148532	0.0	754517	2032.6205803383689	1.5
21447.32242893279	1500.0	23.74372286162548	0.0	934743	2499.028887523049	1.5
21454.70350621363	4000.0	20.362645580788705	0.0	1835863	7381.077280836777	4.0
21457.90095059736	1500.0	21.165201197060906	0.0	772616	3197.444383727798	1.5
21459.685680026567	1500.0	23.380471767854083	0.0	747396	1784.72942920682	1.5
21461.27642644842	1500.0	25.789725346003138	0.0	662349	1590.7464218509438	1.5
21463.26259283948	1500.0	27.803558954944233	0.0	835711	1986.166391058904	1.5
21467.79243488772	4000.0	27.27371690670337	0.0	1950922	4529.842048240862	4.0
21473.067259999723	4000.0	25.998891794704143	0.0	1849252	5274.825111999228	4.0
21478.3596481838	4000.0	24.706503610626697	0.0	1822097	5292.388184077448	4.0
21483.762463411822	4000.0	23.30368838260482	0.0	1836837	5402.815228021879	4.0
21489.283622461986	4000.0	21.78252933244116	0.0	1984579	5521.1590501636565	4.0
21491.021141967245	1500.0	24.04500982718322	0.0	794014	1737.5195052579393	1.5
21495.391699595824	4000.0	23.67445219860508	0.0	2055338	4370.557628578139	4.0
21500.197948597317	4000.0	22.868203197113814	0.0	2165436	4806.24900149127	4.0
21505.13789096043	4000.0	21.92826083400142	0.0	2002600	4939.942363112392	4.0
21510.574529704918	4000.0	20.491622089513534	0.0	2290706	5436.638744487886	4.0
21514.873871471584	4000.0	20.192280322847772	0.0	1947068	4299.341766665764	4.0
21516.32711415111	1500.0	22.739037643323435	0.0	633700	1453.2426795243384	1.5
21521.269415315077	4000.0	21.796736479356277	0.0	2125133	4942.301163967157	4.0
21525.851891153798	4000.0	21.214260640636674	0.0	1828568	4582.475838719606	4.0
21530.34774640596	4000.0	20.718405388471172	0.0	1785821	4495.855252165501	4.0
21535.682117333283	4000.0	19.38403446115288	0.0	2096494	5334.370927318296	4.0
21540.5510937443	4000.0	18.51505805013344	0.0	1955307	4868.976411019438	4.0
21542.20479019142	1500.0	20.861361603014018	0.0	691256	1653.6964471194206	1.5
21543.93723110717	1500.0	23.12892068726154	0.0	725845	1732.4409157524794	1.5
21548.537221431725	4000.0	22.52893036270725	0.0	1985434	4599.990324554289	4.0
21552.996171648992	4000.0	22.069980145438798	0.0	1830641	4458.9502172684515	4.0
21557.21003885969	4000.0	21.85611293474501	0.0	1697030	4213.8672106937875	4.0
21562.774173330414	4000.0	20.29197846401716	0.0	1910697	5564.13447072785	4.0
21565.01765517789	1500.0	22.04849661654133	0.0	629438	2243.4818474758326	1.5
21567.723122847066	1500.0	23.343028947368396	0.0	763847	2705.467669172933	1.5
21572.450841385056	4000.0	22.61531040938016	0.0	1750852	4727.718537988235	4.0
21574.26841890886	1500.0	24.79773288557575	0.0	808636	1817.5775238044077	1.5

