8416.119883228246	600.0	4.0	0.8419587966621057	247108	841.9587966621057	-16.239175933242112
8417.154912617905	600.0	6.964970610341306	0.0	309722	1035.0293896586945	0.6
8418.124340434975	600.0	9.99554279327025	0.0	288447	969.4278170710555	0.6
8420.419687811107	1500.0	11.700195417140433	0.0	718451	2295.3473761298155	1.5
8422.73305827498	1500.0	13.386824953265625	0.0	724296	2313.37046387481	1.5
8424.940149566006	1500.0	15.179733662240551	0.0	689829	2207.091291025073	1.5
8427.3321349579	1500.0	16.787748270346313	0.0	737903	2391.9853918942363	1.5
8429.87871627606	1500.0	18.24116695218605	0.0	780303	2546.5813181602653	1.5
8432.77668055613	1500.0	19.343202672116504	0.0	891463	2897.964280069543	1.5
8435.268860104099	1500.0	20.85102312414748	0.0	763093	2492.1795479690218	1.5
8437.989747803575	1500.0	22.130135424672808	0.0	769316	2720.887699474675	1.5
8440.726004717044	1500.0	23.393878511202693	0.0	744416	2736.256913470116	1.5
8442.968688035511	1500.0	25.151195192737035	0.0	606092	2242.6833184656557	1.5
8445.717772781274	1500.0	26.402110446974323	0.0	748011	2749.084745762712	1.5
8448.358585609281	1500.0	27.761297618965386	0.0	754517	2640.812828008938	1.5
8451.556019272648	1500.0	28.56386395559905	0.0	934743	3197.4336633663365	1.5
8457.712777610868	4000.0	26.407105617378914	0.0	1835863	6156.758338220134	4.0
8460.263814450973	1500.0	27.856068777272572	0.0	772616	2551.036840106343	1.5
8462.73419084772	1500.0	29.385692380526816	0.0	747396	2470.3763967457576	1.5
8469.582493904132	4000.0	26.5373893241126	0.0	2164412	6848.3030564142155	4.0
8472.191263690618	1500.0	27.928619537626982	0.0	835711	2608.7697864856177	1.5
8478.189435170572	4000.0	25.930448057674116	0.0	1950922	5998.171479952868	4.0
8483.938400740668	4000.0	24.18148248757851	0.0	1849252	5748.965570095607	4.0
8490.04330676387	4000.0	22.076576464378533	0.0	1822097	6104.9060231999765	4.0
8493.223504783671	1500.0	22.896378444576552	0.0	855209	3180.19801980198	1.5
8495.641175218907	1500.0	24.478708009340806	0.0	644861	2417.6704352357433	1.5
8498.43328601888	1500.0	25.686597209366674	0.0	794014	2792.1107999741316	1.5
8501.35328368919	1500.0	26.76659953905663	0.0	914284	2919.997670310043	1.5
8503.532206984148	1500.0	28.587676244098468	0.0	675709	2178.923294958163	1.5
8509.775533049178	4000.0	26.344350179067842	0.0	2002600	6243.326065030626	4.0
8512.145917250255	1500.0	27.973965977990645	0.0	757473	2370.384201077199	1.5
8518.150698536505	4000.0	25.969184691742374	0.0	1947068	6004.781286248267	4.0
8520.407052962535	1500.0	27.71283026570992	0.0	633700	2256.354426032455	1.5
8527.785526389169	4000.0	24.33435683907645	0.0	2125133	7378.473426633469	4.0
8533.543636176044	4000.0	22.576247052201747	0.0	1828568	5758.1097868747	4.0
8536.053796661756	1500.0	24.066086566490775	0.0	785519	2510.1604857109714	1.5
8538.240817280921	1500.0	25.879065947324705	0.0	681043	2187.020619166073	1.5
8541.074571428462	1500.0	27.04531179978144	0.0	866245	2833.7541475432636	1.5
8543.352043364248	1500.0	28.767839863996336	0.0	691256	2277.4719357851027	1.5
8550.311655626523	4000.0	25.808227601721953	0.0	2094647	6959.612262274387	4.0
8553.322807196435	1500.0	26.797076031810047	0.0	811013	3011.1515699119045	1.5
8559.91343019957	4000.0	24.206453028674943	0.0	1830641	6590.623003135105	4.0
8565.657631129958	4000.0	22.46225209828714	0.0	1697030	5744.2009303878	4.0
8568.56812949239	1500.0	23.551753735853115	0.0	848035	2910.4983624340284	1.5
8571.59882235362	1500.0	24.52106087462356	0.0	629438	3030.6928612295533	1.5
8575.386255085305	1500.0	24.733628142938443	0.0	763847	3787.432731685121	1.5
8579.142342688585	1500.0	24.977540539658463	0.0	769491	3756.0876032799783	1.5
8581.734170912778	1500.0	26.385712315464637	0.0	808636	2591.82822419383	1.5

