15461.93254869735	600.0	4.0	0.7551815294238191	247108	755.1815294238191	-14.503630588476382
15464.013723600865	1500.0	5.918825096485536	0.0	732405	2081.1749035144644	1.5
15465.852928491742	1500.0	8.079620205608114	0.0	643847	1839.204890877421	1.5
15467.895976410044	1500.0	10.036572287304894	0.0	718451	2043.0479183032207	1.5
15469.954994819143	1500.0	11.977553878206223	0.0	724296	2059.0184090986713	1.5
15472.154255826921	1500.0	13.778292870429896	0.0	689829	2199.261007776327	1.5
15476.051160003824	1500.0	13.881388693525718	0.0	737903	3896.9041769041773	1.5
15480.167383978996	1500.0	13.765164718354375	0.0	780303	4116.223975171343	1.5
15483.392678647619	1500.0	14.539870049732034	0.0	891463	3225.294668622342	1.5
15485.465869192218	1500.0	16.46667950513232	0.0	763093	2073.1905445997127	1.5
15487.55531414455	1500.0	18.37723455280112	0.0	769316	2089.4449523312005	1.5
15489.579720570042	1500.0	20.352828127308108	0.0	744416	2024.406425493013	1.5
15491.242826225	1500.0	22.68972247235186	0.0	606092	1663.1056549562493	1.5
15493.353966900191	1500.0	24.578581797161437	0.0	748011	2111.1406751904233	1.5
15499.514192363447	4000.0	22.418356333904903	0.0	2157416	6160.225463256535	4.0
15506.146829093012	4000.0	19.785719604340844	0.0	2231719	6632.636729564059	4.0
15511.79796384882	4000.0	18.134584848532402	0.0	1835863	5651.134755808441	4.0
15518.429260711986	4000.0	15.503287985365372	0.0	2192675	6631.29686316703	4.0
15526.388447357089	4000.0	11.544101340263138	0.0	2082556	7959.186645102234	4.0
15535.348496357437	4000.0	6.5840523399149715	0.0	2164412	8960.049000348166	4.0
15537.56562551498	1500.0	8.366923182371858	0.0	835711	2217.129157543114	1.5
15539.707783521599	1500.0	10.224765175754952	0.0	806394	2142.1580066169067	1.5
15541.857441967744	1500.0	12.075106729609221	0.0	809327	2149.658446145732	1.5
15544.26421470572	1500.0	13.668333991635812	0.0	681795	2406.772737973408	1.5
15548.716868014766	1500.0	13.21568068258906	0.0	855209	4452.653309046752	1.5
15552.094019454384	1500.0	13.838529242969976	0.0	644861	3377.151439619084	1.5
15555.100264433266	1500.0	14.832284264087532	0.0	794014	3006.2449788824442	1.5
15558.025509697203	1500.0	15.90703900015164	0.0	914284	2925.245263935893	1.5
15560.20831126876	1500.0	17.724237428595252	0.0	675709	2182.801571556385	1.5
15562.490130228578	1500.0	19.44241846877886	0.0	707527	2281.8189598163926	1.5
15564.84899575396	1500.0	21.08355294339565	0.0	757473	2358.8655253832158	1.5
15567.008677482554	1500.0	22.92387121480232	0.0	712239	2159.6817285933284	1.5
15568.939031522996	1500.0	24.99351717436141	0.0	633700	1930.3540404409082	1.5
15575.189747053817	4000.0	22.7428016435389	0.0	2125133	6250.715530822512	4.0
15580.470175074224	4000.0	21.462373623133278	0.0	1828568	5280.428020405623	4.0
15585.629562047023	4000.0	20.30298665033421	0.0	1785821	5159.386972799068	4.0
15591.673983099654	4000.0	18.258565597702628	0.0	2096494	6044.421052631579	4.0
15597.921091962358	4000.0	16.011456734999328	0.0	1955307	6247.108862703301	4.0
15605.204986847228	4000.0	12.72756185012922	0.0	2142800	7283.8948848701075	4.0
15611.82284178851	4000.0	10.109706908847178	0.0	2094647	6617.854941282041	4.0
15619.344157191226	4000.0	6.588391506130882	0.0	1985434	7521.315402716296	4.0
15622.17820990132	1500.0	7.754338796036402	0.0	657685	2834.0527100944796	1.5
15625.190813823689	1500.0	8.741734873667077	0.0	767059	3012.603922369324	1.5
15627.65842578237	1500.0	10.27412291498401	0.0	848035	2467.611958683067	1.5
15629.51058577111	1500.0	12.421962926245868	0.0	629438	1852.1599887381442	1.5
15631.741169451976	1500.0	14.191379245378705	0.0	763847	2230.5836808671634	1.5
15637.873733964729	4000.0	12.058814732626757	0.0	1750852	6132.5645127519465	4.0
15646.351324842797	4000.0	7.581223854557809	0.0	2034636	8477.590878068948	4.0

