2886.3055187442524	600.0	4.0	1.0847848738214438	247108	1084.7848738214439	0.6716053	-21.095697476428874
2886.786512924536	200.0	7.519005819715876	0.0	98617	480.99418028412407	0.004705182	0.2
2887.2994631901083	200.0	11.006055554143687	0.0	106476	512.9502655721873	0.004705182	0.2
2887.8480087694115	200.0	14.457509974840528	0.0	115230	548.5455793031589	0.004705182	0.2
2888.3251034859227	200.0	17.980415258329312	0.0	97658	477.0947165112201	0.004705182	0.2
2888.802198202434	200.0	21.50332054181809	0.0	97658	477.0947165112201	0.004705182	0.2
2889.353028973229	200.0	24.95248977102341	0.0	115792	550.8307707946834	0.004705182	0.2
2889.8708505188843	200.0	28.43466822536786	0.0	107674	517.821545655544	0.004705182	0.2
2890.3383775208413	200.0	31.967141223411012	0.0	95305	467.52700195684764	0.004705182	0.2
2890.8470542343534	200.0	35.4584645098986	0.0	105425	508.6767135124145	0.004705182	0.2
2891.3148252069323	200.0	38.99069353731988	0.0	95365	467.7709725787186	0.004705182	0.2
2891.782502657439	200.0	42.52301608681288	0.0	95342	467.6774505070014	0.004705182	0.2
2892.278956442796	200.0	46.0265623014562	0.0	102419	496.45378535668	0.004705182	0.2
2892.687775980776	200.0	49.61774276347557	0.0	80867	408.8195379806348	0.004705182	0.2
2893.1042521301065	200.0	53.20126661414521	0.0	82750	416.4761493303514	0.004705182	0.2
2893.5680057197787	200.0	56.7375130244733	0.0	94377	463.75358967191033	0.1178227	0.2
2894.513437115748	200.0	59.792081628503894	0.0	89871	445.431395969402	0.0054393923	0.2
2905.670691479385	12000.0	52.63482726486692	0.0	4055239	11157.254363636972	0.004705182	12.0
2905.9816518667785	200.0	56.3238668774731	0.0	90919	310.9603873938239	0.22908787	0.2
2907.9235144710674	1500.0	58.38200427318439	0.0	662349	1941.862604288703	0.75366235	1.5
2922.779398508539	12000.0	47.52612023571306	0.0	5251330	14855.88403747133	0.0066846483	12.0
2923.107242689905	200.0	51.19827605434727	0.0	97742	327.8441813657903	0.010300571	0.2
2941.042956812912	12000.0	37.26256193133969	0.0	5141915	17935.714123007583	0.004705182	12.0
2941.4650326562387	200.0	40.84048608801275	0.0	85752	422.07584332693415	0.004705182	0.2
2941.922228796756	200.0	44.38328994749566	0.0	94556	457.19614051709095	0.004705182	0.2
2952.4777773574615	8000.0	37.827741386790215	0.0	3253093	10555.548560705449	0.004705182	8.0
2969.997240397223	12000.0	24.30827834702879	0.0	5138482	17519.463039761424	0.01655583	12.0
2982.9113427825346	8000.0	15.39417596171673	0.0	3354913	12914.10238531206	0.004705182	8.0
2983.274940059496	200.0	19.03057868475507	0.0	93993	363.5972769616625	0.013346678	0.2
2983.6478605369707	200.0	22.65765820728048	0.0	97083	372.9204774745894	0.010474155	0.2
2984.0114246245457	200.0	26.294094119705758	0.0	93982	363.5640875747233	0.010445408	0.2
2998.0101162996316	8000.0	16.29540244461983	0.0	3568902	13998.69167508593	0.1903107	8.0
2999.797224761766	1500.0	18.508293982485608	0.0	633700	1787.1084621342225	0.08643777	1.5
3000.1181164343257	200.0	22.18740230992609	0.0	89422	320.8916725595178	0.024754504	0.2
3000.4896610347905	200.0	25.815857709461394	0.0	108225	371.5446004646934	0.0057601314	0.2
3000.8061589975473	200.0	29.49935974670421	0.0	87791	316.49796275718086	0.17872684	0.2
3001.161171288351	200.0	33.14434745590042	0.0	102088	355.01229080378494	0.092816755	0.2
3001.45776690407	200.0	36.847751840181665	0.0	80403	296.5956157187595	0.05600476	0.2
3015.925966140026	12000.0	26.379552604225577	0.0	5257310	14468.199235956086	0.11385502	12.0
3016.2890778758447	200.0	30.016440868407297	0.0	101968	363.11173581827967	0.031320848	0.2
3025.801147915565	8000.0	24.504370828687115	0.0	3189942	9512.070039720184	0.6625385	8.0
3032.750903919494	4000.0	21.554614824758087	0.0	1830641	6949.756003929029	0.05169829	4.0
3039.8976679570596	4000.0	18.407850787192427	0.0	1697030	7146.764037565659	0.0084673595	4.0
3046.0379617423705	4000.0	16.26755700188169	0.0	1910697	6140.293785310735	0.029189501	4.0
3048.114395085616	1500.0	18.19112365863657	0.0	629438	2076.4333432451185	0.40546516	1.5
3055.3625165099975	4000.0	14.943002234254545	0.0	2042818	7248.121424382025	0.120847166	4.0
3062.241188317637	4000.0	12.064330426615104	0.0	1750852	6878.671807639441	0.004705182	4.0
3070.905571321036	4000.0	7.399947423216554	0.0	2034636	8664.38300339855	0.30617553	4.0

