9671.963613300815	600.0	4.0	0.7497487845781172	247108	749.7487845781172	-14.394975691562346
9672.310899733826	200.0	7.652713566987956	0.0	98617	347.2864330120441	0.2
9673.172691612946	600.0	10.790921687869497	0.0	288447	861.7918791184593	0.6
9675.199944166603	1500.0	12.763669134213067	0.0	718451	2027.2525536564297	1.5
9680.888438398642	4000.0	11.075174902173359	0.0	2069289	5688.494232039707	4.0
9686.04572630084	4000.0	9.91788699997741	0.0	1863995	5157.287902195949	4.0
9688.137354659531	1500.0	11.826258641285277	0.0	737903	2091.6283586921336	1.5
9694.500229605022	4000.0	9.463383695793706	0.0	2058614	6362.87494549157	4.0
9697.835674896482	1500.0	10.127938404334355	0.0	891463	3335.445291459351	1.5
9700.702338519981	1500.0	11.261274780835016	0.0	763093	2866.6636234993384	1.5
9706.627287527861	4000.0	9.336325772954762	0.0	2094766	5924.949007880253	4.0
9708.651693953354	1500.0	11.31191934746175	0.0	744416	2024.406425493013	1.5
9714.57023689483	4000.0	9.393376405985816	0.0	2131310	5918.542941475936	4.0
9716.863532748659	1500.0	11.100080552155879	0.0	748011	2293.2958538299367	1.5
9724.162955682914	4000.0	7.800657617899638	0.0	2157416	7299.422934256239	4.0
9726.081164934172	600.0	9.88244836664229	0.0	324375	1918.2092512573493	0.6
9730.329597320655	1500.0	9.634015980157908	0.0	735572	4248.432386484381	1.5
9734.099947027575	1500.0	9.863666273238202	0.0	772616	3770.349706919706	1.5
9737.049924707753	1500.0	10.913688593059643	0.0	747396	2949.977680178559	1.5
9739.673324520554	1500.0	12.290288780258146	0.0	662349	2623.3998128014982	1.5
9747.555152973107	4000.0	8.408460327703917	0.0	2379358	7881.828452554229	4.0
9748.563053866781	600.0	11.400559434030527	0.0	310841	1007.9008936733894	0.6
9754.07266385834	4000.0	9.890949442472849	0.0	1849252	5509.609991557678	4.0
9756.021619450445	1500.0	11.941993850367586	0.0	681795	1948.9555921052631	1.5
9761.13680859518	4000.0	10.826804705630744	0.0	1836837	5115.189144736842	4.0
9762.98451966974	1500.0	12.97909363106934	0.0	644861	1847.7110745614036	1.5
9770.002836463009	4000.0	9.960776837802953	0.0	2068230	7018.3167932663855	4.0
9773.182366931691	1500.0	10.781246369119168	0.0	914284	3179.5304686837867	1.5
9775.372493934354	1500.0	12.591119366458027	0.0	675709	2190.127002661141	1.5
9781.634312116172	4000.0	10.329301184639844	0.0	2002600	6261.818181818183	4.0
9784.055870085094	1500.0	11.907743215716996	0.0	757473	2421.5579689228475	1.5
9790.201856805501	4000.0	9.761756495308873	0.0	1947068	6145.986720408124	4.0
9792.256115426528	1500.0	11.7074978742835	0.0	633700	2054.258621025371	1.5
9799.406311534625	4000.0	8.55730176618569	0.0	2125133	7150.196108097812	4.0
9800.45179998368	600.0	11.511813317130768	0.0	284451	1045.4884490549227	0.6
9806.092900791642	4000.0	9.870712509170053	0.0	1785821	5641.1008079607145	4.0
9808.021739910717	1500.0	11.94187339009577	0.0	681043	1928.8391190742816	1.5
9813.409845377479	4000.0	10.553767923334089	0.0	1955307	5388.105466761682	4.0
9815.445230161438	1500.0	12.51838313937558	0.0	691256	2035.3847839585103	1.5
9821.645678680376	4000.0	10.317934620437708	0.0	2094647	6200.448518937873	4.0
9824.095416070346	1500.0	11.86819723046729	0.0	811013	2449.7373899704157	1.5
9829.615417798736	4000.0	10.348195502078568	0.0	1830641	5520.001728388722	4.0
9831.977906919063	1500.0	11.985706381751248	0.0	767059	2362.4891203273205	1.5
9838.81685588728	4000.0	9.146757413533022	0.0	1910697	6838.948968218226	4.0
9841.437858057136	1500.0	10.525755243678855	0.0	629438	2621.002169854166	1.5
9844.601461024284	1500.0	11.362152276529438	0.0	763847	3163.6029671494175	1.5
9849.715247662125	4000.0	10.248365638689227	0.0	1750852	5113.7866378402105	4.0
9852.079570478558	1500.0	11.88404282225532	0.0	808636	2364.322816433906	1.5

