31975.782278477764	600.0	4.0	0.9673814386713051	247108	967.3814386713051	-18.7476287734261
31976.216418753826	200.0	7.565859723936708	0.0	98617	434.14027606329256	0.2
31977.332251320317	600.0	10.450027157445852	0.0	288447	1115.832566490854	0.6
31979.9922571558	1500.0	11.79002132196162	0.0	718451	2660.005835484233	1.5
31987.525879404566	4000.0	8.256399073196896	0.0	2069289	7533.622248764726	4.0
31988.806038976625	600.0	10.976239501140139	0.0	330929	1280.1595720567568	0.6
31991.562145781103	1500.0	12.22013269666124	0.0	737903	2756.106804478898	1.5
31999.22992526386	4000.0	8.552353213903778	0.0	2058614	7667.779482757462	4.0
32000.399464064132	600.0	11.38281441363207	0.0	290723	1169.5388002717073	0.6
32009.020194152847	4000.0	6.76208432491918	0.0	2373154	8620.73008871289	4.0
32009.424014186803	200.0	10.358264290963323	0.0	95365	403.8200339558574	0.2
32012.031742539944	1500.0	11.750535937822406	0.0	744416	2607.7283531409166	1.5
32019.5047919533	4000.0	8.2774865244692	0.0	2131310	7473.049413353206	4.0
32020.53121681917	600.0	11.251061658597699	0.0	266809	1026.4248658715028	0.6
32028.758667256006	4000.0	7.023611221762125	0.0	2157416	8227.450436835574	4.0
32030.242356334817	600.0	9.539922142949987	0.0	324375	1483.6890788121384	0.6
32033.50544499171	1500.0	10.276833486055951	0.0	735572	3263.088656894034	1.5
32036.82684920473	1500.0	10.955429273041352	0.0	772616	3321.4042130145986	1.5
32039.651664317083	1500.0	12.13061416068567	0.0	747396	2824.8151123556822	1.5
32047.57522280353	4000.0	8.207055674240232	0.0	2164412	7923.5584864454395	4.0
32048.6001787159	600.0	11.182099761868338	0.0	280646	1024.9559123718932	0.6
32055.24907789307	4000.0	8.5332005846971	0.0	1950922	6648.899177171238	4.0
32056.494560331677	600.0	11.287718146093594	0.0	346141	1245.4824386035061	0.6
32063.82695808873	4000.0	7.955320389037249	0.0	1822097	7332.397757056345	4.0
32065.2935701338	600.0	10.488708343974425	0.0	346939	1466.6120450628232	0.6
32067.85023092986	1500.0	11.932047547911768	0.0	644861	2556.6607960626575	1.5
32075.408407694224	4000.0	8.373870783544863	0.0	2068230	7558.176764366907	4.0
32076.58256963407	600.0	11.199708843701695	0.0	302611	1174.1619398431674	0.6
32084.198046255915	4000.0	7.584232221853491	0.0	2165436	7615.476621848203	4.0
32085.32894919339	600.0	10.453329284377897	0.0	302752	1130.9029374755935	0.6
32088.149189093252	1500.0	11.633089384518867	0.0	757473	2820.239899859033	1.5
32095.99629572767	4000.0	7.785982750097664	0.0	1947068	7847.106634421202	4.0
32097.315770159843	600.0	10.466508317925335	0.0	310713	1319.4744321723304	0.6
32100.023774217683	1500.0	11.758504260086758	0.0	755142	2708.004057838576	1.5
32106.422390290078	4000.0	9.35988818769404	0.0	1828568	6398.616072392718	4.0
32109.148741764595	1500.0	10.633536713176651	0.0	785519	2726.351474517388	1.5
32111.476918537377	1500.0	12.305359940394046	0.0	681043	2328.1767727826036	1.5
32118.017799607383	4000.0	9.76447887038756	0.0	1955307	6540.881070006486	4.0
32120.47085429874	1500.0	11.311424179032185	0.0	691256	2453.054691355376	1.5
32127.741695159555	4000.0	8.040583318217285	0.0	2094647	7270.8408608149	4.0
32128.89984999709	600.0	10.88242848067842	0.0	315398	1158.1548375388654	0.6
32131.224843916832	1500.0	12.557434560937843	0.0	657685	2324.9939197405756	1.5
32137.097620141954	4000.0	10.684658335818906	0.0	1697030	5872.776225118939	4.0
32140.327619151216	1500.0	11.454659326556978	0.0	848035	3229.9990092619264	1.5
32148.907833842077	4000.0	6.874444635697318	0.0	2171279	8580.21469085966	4.0
32149.3509760843	200.0	10.431302393474661	0.0	92801	443.142242222657	0.2
32152.442093282498	1500.0	11.3401851952747	0.0	769491	3091.117198199961	1.5
32160.356575879523	4000.0	7.425702598249878	0.0	2034636	7914.482597024822	4.0

