13817.182514126065	600.0	4.0	0.671671729793634	247108	671.671729793634	0.0066104764	-12.83343459587268
13817.498641208056	200.0	7.683872918007273	0.0	98617	316.1270819927271	0.004705182	0.2
13817.833585763074	200.0	11.34892836298879	0.0	106476	334.94455501848165	0.004705182	0.2
13818.189490765844	200.0	14.993023360220283	0.0	115230	355.90500276850787	0.004705182	0.2
13818.503321632461	200.0	18.679192493602503	0.0	97658	313.8308666177813	0.004705182	0.2
13818.81715249908	200.0	22.365361626984722	0.0	97658	313.8308666177813	0.004705182	0.2
13819.174403146311	200.0	26.00811097975248	0.0	115792	357.2506472322404	0.004705182	0.2
13819.51221617476	200.0	29.67029795130419	0.0	107674	337.8130284482888	0.004705182	0.2
13819.820413053081	200.0	33.362101072983855	0.0	95305	308.19687832033884	0.004705182	0.2
13820.15284110929	200.0	37.02967301677566	0.0	105425	332.42805620819183	0.014363875	0.2
13820.461181650719	200.0	40.721332475345314	0.0	95365	308.3405414303458	0.004705182	0.2
13820.76946712129	200.0	44.41304700477381	0.0	95342	308.2854705715098	0.004705182	0.2
13821.094697655688	200.0	48.087816470376964	0.0	102419	325.2305343968394	0.011180974	0.2
13821.368324400968	200.0	51.81418972509465	0.0	80867	273.626745282313	0.004705182	0.2
13821.64645977352	200.0	55.53605435254328	0.0	82750	278.135372551367	0.012984592	0.2
13831.919242176455	12000.0	49.263271949608914	0.0	5443841	10272.782402934368	0.010947348	12.0
13832.12669391459	200.0	53.055820211472735	0.0	89871	207.45173813617913	0.004705182	0.2
13837.962642387098	12000.0	51.21987173896556	0.0	4055239	5835.948472507177	0.004705182	12.0
13851.027312138147	12000.0	42.155201987915696	0.0	5385367	13064.669751049862	0.034989174	12.0
13851.305006592984	200.0	45.877507533079864	0.0	85876	277.69445483583206	0.01225236	0.2
13862.785701870205	12000.0	38.396812255859146	0.0	5251330	11480.695277220717	0.0948281	12.0
13863.061396241654	200.0	42.12111788440984	0.0	97742	275.69437144930805	0.010364878	0.2
13874.000447867953	12000.0	35.182066258111256	0.0	5141915	10939.051626298588	0.37223884	12.0
13874.271182708222	200.0	38.911331417841005	0.0	85752	270.73484027024773	0.004705182	0.2
13874.561499943466	200.0	42.62101418259759	0.0	94556	290.3172352434176	0.004705182	0.2
13881.004939571689	8000.0	40.177574554375454	0.0	3253093	6443.439628222135	0.0052375216	8.0
13889.71924335345	12000.0	35.46327077261545	0.0	5138482	8714.30378176	0.004705182	12.0
13896.895927339225	8000.0	32.28658678684092	0.0	3354913	7176.683985774534	0.004705182	8.0
13897.174751755201	200.0	36.00776237086504	0.0	93993	278.8244159758855	0.29540303	0.2
13910.780885249695	12000.0	26.401628876371273	0.0	5411094	13606.13349449376	0.06589247	12.0
13911.03889410449	200.0	30.143620021575714	0.0	93982	258.0088547955584	0.028071705	0.2
13917.878658292288	8000.0	27.303855833778282	0.0	3568902	6839.764187797429	0.015727574	8.0
13919.17827986867	1500.0	30.004234257394092	0.0	633700	1299.621576384192	0.7273371	1.5
13919.832671454042	200.0	33.34984267202334	0.0	89422	654.3915853707496	0.7503041	0.2
13920.607841874373	200.0	36.574672251693336	0.0	108225	775.1704203300013	0.015648093	0.2
13921.251756925156	200.0	39.93075720090848	0.0	87791	643.9150507848569	0.12298087	0.2
13921.987507055632	200.0	43.195007070433554	0.0	102088	735.7501304749288	0.6245605	0.2
13922.583966166796	200.0	46.59854795926891	0.0	80403	596.4591111646392	0.39837345	0.2
13927.104166897456	1500.0	46.07834722860932	0.0	691256	4520.2007306596015	0.9074363	1.5
13927.839146222197	200.0	49.343367903867254	0.0	101968	734.9793247420611	0.035471845	0.2
13936.790171750981	12000.0	44.392342375082414	0.0	4828747	8951.025528784841	0.60421497	12.0
13939.694118299896	4000.0	45.48839582616753	0.0	1830641	2903.9465489148774	0.44091412	4.0
13944.239880730762	4000.0	44.942633395302735	0.0	1697030	4545.7624308648	0.14051127	4.0
13962.383995722712	12000.0	30.79851840335279	0.0	6168595	18144.114991949944	0.47777605	12.0
13969.548203363787	8000.0	27.634310762276595	0.0	3682991	7164.207641076195	0.03921509	8.0
13972.397676384971	4000.0	28.784837741093753	0.0	2042818	2849.473021182843	0.80860704	4.0
13979.669675187188	12000.0	25.512838938877852	0.0	5704199	7271.998802215901	0.008649609	12.0
13994.20361039259	12000.0	14.97890373347604	0.0	5646381	14533.935205401813	0.004705182	12.0

