18077.92407369861	600.0	4.0	0.6271757753574049	247108	627.1757753574049	-11.943515507148097
18079.625851519442	1500.0	6.298222179166032	0.0	732405	1701.7778208339678	1.5
18081.131533737083	1500.0	8.792539961526218	0.0	643847	1505.6822176398136	1.5
18082.802412959856	1500.0	11.121660738751954	0.0	718451	1670.879222774264	1.5
18084.486234873304	1500.0	13.437838825304123	0.0	724296	1683.8219134478322	1.5
18086.093735876664	1500.0	15.830337821941129	0.0	689829	1607.501003362996	1.5
18087.807688019708	1500.0	18.116385678896165	0.0	737903	1713.9521430449647	1.5
18089.998191874947	1500.0	19.925881823655423	0.0	780303	2190.5038552407445	1.5
18092.502168898554	1500.0	21.421904800050235	0.0	891463	2503.9770236051863	1.5
18094.657095057995	1500.0	23.266978640609015	0.0	763093	2154.926159441225	1.5
18096.8289421766	1500.0	25.09513152200527	0.0	769316	2171.8471186037423	1.5
18098.767790181948	1500.0	27.156283516655034	0.0	744416	1938.8480053502387	1.5
18100.09295549827	1500.0	29.831118200339116	0.0	606092	1325.165316315918	1.5
18101.709681529006	1500.0	32.21439216959991	0.0	748011	1616.7260307392046	1.5
18103.33977359254	1500.0	34.58430010606708	0.0	754517	1630.0920635328257	1.5
18105.34012489774	1500.0	36.583948800870694	0.0	934743	2000.3513051963896	1.5
18106.931296043458	1500.0	38.992777655148366	0.0	735572	1591.17114572232	1.5
18108.598570988568	1500.0	41.32550271003981	0.0	772616	1667.2749451085633	1.5
18110.38805264132	1500.0	43.53602105728651	0.0	747396	1789.481652753298	1.5
18111.998279195363	1500.0	45.92579450324709	0.0	662349	1610.2265540394199	1.5
18114.009024412313	1500.0	47.91504928629524	0.0	835711	2010.7452169518447	1.5
18115.952038490715	1500.0	49.972035207889355	0.0	806394	1943.0140784058913	1.5
18117.901828686372	1500.0	52.02224501223561	0.0	809327	1949.7901956537435	1.5
18119.611425043087	1500.0	54.312648655520896	0.0	681795	1709.5963567147141	1.5
18121.983519250596	1500.0	55.94055444800976	0.0	855209	2372.0942075111393	1.5
18123.79184783782	1500.0	58.13222586078741	0.0	644861	1808.3285872223523	1.5
18125.99992985062	1500.0	59.92414384798966	0.0	794014	2208.0820127977486	1.5
18129.02381071765	1500.0	59.893719378158174	0.0	914284	2530.424469831485	1.5
18133.2080343017	1500.0	59.709495794106424	0.0	675709	1684.2235840517562	1.5
18136.967798075388	1500.0	59.949732020420726	0.0	707527	1759.7637736856946	1.5
18141.345906034552	1500.0	59.571624061259485	0.0	757473	1878.1079591612413	1.5
18145.11162894216	1500.0	59.805901153653195	0.0	712239	1765.722907606284	1.5
18146.952578129705	1500.0	59.726063870732574	0.0	633700	1579.8372829206237	1.5
18150.911186852398	1500.0	59.76745514803957	0.0	755142	1958.6087226929956	1.5
18155.158796585743	1500.0	59.51984541469587	0.0	670327	1747.609733343699	1.5
18159.160320959552	1500.0	59.51832104088364	0.0	785519	2001.5243738122392	1.5
18162.723024927334	1500.0	59.95561707310483	0.0	681043	1562.7039677788061	1.5
18166.688933597667	1500.0	59.98970840277337	0.0	866245	1965.9086703314647	1.5
18171.157217777363	1500.0	59.52142422307524	0.0	691256	1968.2841796981197	1.5
18174.866966539514	1500.0	59.81167546092597	0.0	725845	2209.748762149276	1.5
18178.821758253176	1500.0	59.85202976131107	0.0	811013	2459.645699614891	1.5
18183.093837461096	1500.0	59.57995055339028	0.0	657685	1272.079207920792	1.5
18187.064161225735	1500.0	59.60962678874838	0.0	767059	1470.3237646419104	1.5
18190.861634755664	1500.0	59.812153258821326	0.0	848035	2297.473529927056	1.5
18194.77890703515	1500.0	59.89488097933578	0.0	629438	1917.2722794855422	1.5
18198.450401685226	1500.0	59.58528105230851	0.0	763847	2309.5999270272737	1.5
18202.21693742757	1500.0	59.818745309967575	0.0	769491	2766.535742340927	1.5
18206.120140709405	1500.0	59.91554202813114	0.0	808636	2903.203281836432	1.5

