32997.980668939505	600.0	4.0	0.582392436910722	247108	582.3924369107219	-11.047848738214439
32998.261166029646	200.0	7.719502909857938	0.0	98617	280.497090142062	0.2
32998.557641162435	200.0	11.423027777071844	0.0	106476	296.47513278609364	0.2
32999.20627975553	600.0	14.774389183969097	0.0	279692	648.6385931027472	0.6
32999.93351348447	600.0	18.047155455030623	0.0	318350	727.2337289384736	0.6
33000.21206084273	200.0	21.76860809677501	0.0	97658	278.54735825561005	0.2
33000.958787824355	600.0	25.021881115149053	0.0	327938	746.7269816259625	0.6
33002.62521289234	1500.0	27.355456047167657	0.0	780303	1666.4250679813972	1.5
33009.69025096759	8000.0	24.290417971908916	0.0	3448932	7065.038075258742	8.0
33020.4609043511	12000.0	17.519764588398843	0.0	5088378	10770.65338351007	12.0
33022.53734519126	1500.0	19.443323748239894	0.0	769316	2076.440840158949	1.5
33027.18920862488	4000.0	18.791460314617318	0.0	1761739	4651.863433622578	4.0
33028.756544019816	1500.0	21.224124919684336	0.0	606092	1567.3353949329842	1.5
33030.36655130667	1500.0	23.61411763282497	0.0	748011	1610.0072868593636	1.5
33030.61581098733	200.0	27.364857952168386	0.0	82750	249.2596806565844	0.2
33032.60776629459	1500.0	29.372902644905814	0.0	934743	1991.95530726257	1.5
33034.19233042534	1500.0	31.788338514151434	0.0	735572	1584.5641307543817	1.5
33043.1025490172	12000.0	26.87811992229084	0.0	4055239	8910.218591860594	12.0
33043.39522504059	200.0	30.585443898899026	0.0	90919	292.6760233918129	0.2
33043.67610457276	200.0	34.304564366735285	0.0	85876	280.87953216374274	0.2
33056.43860172091	12000.0	25.54206721857855	0.0	5251330	12762.497148156737	12.0
33056.76033168459	200.0	29.220337254902837	0.0	97742	321.7299636757091	0.2
33057.6963879486	600.0	32.2842809908948	0.0	346141	936.0562640080377	0.6
33058.51567228278	600.0	35.46499665671132	0.0	298925	819.2843341834763	0.6
33060.6518228228	1500.0	37.32884611669222	0.0	855209	2136.1505400191013	1.5
33062.25507904189	1500.0	39.72558989760312	0.0	644861	1603.2562190890972	1.5
33074.95924087406	12000.0	31.0214280654395	0.0	5138482	12704.161832163623	12.0
33082.782764089476	8000.0	27.197904850018965	0.0	3354913	7823.523215420536	8.0
33083.049443334756	200.0	30.931225604735943	0.0	93993	266.6792452830189	0.2
33084.53466081242	1500.0	33.44600812707954	0.0	707527	1485.2174776564052	1.5
33084.80131821063	200.0	37.17935072886702	0.0	93982	266.6573982125124	0.2
33086.295894178846	1500.0	39.68477476064458	0.0	712239	1494.575968222443	1.5
33093.620228516374	8000.0	36.36044042311827	0.0	3713878	7324.334337526306	8.0
33095.14679142045	1500.0	38.8338775190428	0.0	755142	1526.5629040754754	1.5
33108.6715842488	12000.0	29.30908469069037	0.0	5768811	13524.792828352429	12.0
33123.263990955755	12000.0	18.716677983739924	0.0	6068110	14592.406706950447	12.0
33124.012018150686	600.0	21.968650788803807	0.0	284947	748.0271949361154	0.6
33126.122835170965	1500.0	23.857833768524827	0.0	866245	2110.8170202789825	1.5
33136.990946681966	12000.0	16.989722257525244	0.0	5257310	10868.111510999579	12.0
33137.26412506098	200.0	20.716543878506833	0.0	101968	273.17837901841216	0.2
33147.86882449192	12000.0	14.111844447571757	0.0	4828747	10604.699430935076	12.0
33148.187146842036	200.0	17.793522097456066	0.0	101713	318.3223501156899	0.2
33152.35029415149	4000.0	17.63037478799801	0.0	1697030	4163.147309458054	4.0
33153.133573067345	600.0	20.847095872145506	0.0	278938	783.2789158525054	0.6
33154.800558254865	1500.0	23.18011068462581	0.0	629438	1666.9851875196975	1.5
33156.8064252577	1500.0	25.174243681789378	0.0	763847	2005.8670028364324	1.5
33161.32191819533	4000.0	24.658750744160447	0.0	1750852	4515.492937628931	4.0
33175.71769577468	12000.0	14.2629731648128	0.0	5646381	14395.777579347647	12.0

