2003.510109731922	600.0	4.0	1.0371800706919094	247108	1037.1800706919093	-20.143601413838187
2003.972105567878	200.0	7.538004164043965	0.0	98617	461.9958359560355	0.2
2005.1694134650359	600.0	10.340696266886168	0.0	288447	1197.3078971577982	0.6
2008.0323544421335	1500.0	11.477755289788409	0.0	718451	2862.940977097758	1.5
2015.540136993545	4000.0	7.969972738376954	0.0	2069289	7507.782551411456	4.0
2016.6705593555184	600.0	10.839550376403418	0.0	330929	1130.4223619735355	0.6
2019.092783252993	1500.0	12.417326478928862	0.0	737903	2422.223897474557	1.5
2026.0317118584535	4000.0	9.478397873468573	0.0	2058614	6938.92860546029	4.0
2029.2953661596007	1500.0	10.214743572321304	0.0	891463	3263.65430114727	1.5
2032.1005766412754	1500.0	11.409533090646379	0.0	763093	2805.2104816749256	1.5
2039.6006097602594	4000.0	7.909499971662314	0.0	2094766	7500.0331189840645	4.0
2040.6907965459975	600.0	10.819313185924344	0.0	285624	1090.1867857379696	0.6
2042.914405379084	1500.0	12.595704352837847	0.0	606092	2223.6088330864964	1.5
2049.390675541081	4000.0	10.119434190840765	0.0	1805063	6476.27016199708	4.0
2052.144845308935	1500.0	11.365264422986787	0.0	754517	2754.1697678539786	1.5
2059.262629783629	4000.0	8.247479948292886	0.0	2231719	7117.784474693901	4.0
2060.385123663678	600.0	11.124986068243926	0.0	340687	1122.4938800489597	0.6
2068.006075796061	4000.0	7.504033935860987	0.0	2192675	7620.95213238294	4.0
2069.3536688553163	600.0	10.15644087660546	0.0	330105	1347.593059255526	0.6
2071.9770686681177	1500.0	11.533041063803962	0.0	662349	2623.3998128014982	1.5
2080.401604606383	4000.0	7.108505125538655	0.0	2379358	8424.535938265306	4.0
2081.54093622154	600.0	9.969173510381783	0.0	310841	1139.3316151568724	0.6
2084.3816143140384	1500.0	11.128495417883414	0.0	809327	2840.6780924983686	1.5
2090.9086625227956	4000.0	8.601447209126228	0.0	1822097	6527.048208757187	4.0
2092.2162220097484	600.0	11.293887722173551	0.0	346939	1307.559486952676	0.6
2098.8652034254883	4000.0	8.644906306433349	0.0	1984579	6648.981415740201	4.0
2099.984729541158	600.0	11.525380190763949	0.0	324657	1119.5261156694019	0.6
2106.813484685153	4000.0	8.69662504676846	0.0	2055338	6828.755143995488	4.0
2107.906199778672	600.0	11.603909953249538	0.0	291029	1092.7150935189213	0.6
2114.9694292638655	4000.0	8.540680468056483	0.0	2002600	7063.229485193057	4.0
2116.0353938343274	600.0	11.47471589759477	0.0	240372	1065.964570461712	0.6
2124.101931635235	4000.0	7.408178096687239	0.0	1947068	8066.53780090753	4.0
2125.3814717705022	600.0	10.128637961420246	0.0	310713	1279.5401352669937	0.6
2127.883059937416	1500.0	11.627049794506387	0.0	755142	2501.5881669138575	1.5
2133.826908897211	4000.0	9.683200834711622	0.0	1828568	5943.848959794765	4.0
2136.399992580513	1500.0	11.110117151409302	0.0	785519	2573.083683302321	1.5
2143.040634095113	4000.0	8.469475636808976	0.0	2096494	6640.641514600325	4.0
2144.1453738709743	600.0	11.36473586094792	0.0	327462	1104.7397758610573	0.6
2151.3757553244222	4000.0	8.134354407500103	0.0	2142800	7230.381453447816	4.0
2152.4189115241	600.0	11.091198207822165	0.0	284107	1043.1561996779387	0.6
2158.8618076878306	4000.0	8.648302044091922	0.0	1985434	6442.896163730242	4.0
2159.8600358716812	600.0	11.650073860241367	0.0	302912	998.2281838505552	0.6
2165.0843047512235	4000.0	10.4258049806991	0.0	1697030	5224.268879542268	4.0
2167.9458866299237	1500.0	11.564223101998982	0.0	848035	2861.581878700119	1.5
2175.4046012129916	4000.0	8.105508518931142	0.0	2171279	7458.71458306784	4.0
2176.4373754862318	600.0	11.072734245690445	0.0	288236	1032.7742732406978	0.6
2181.9559652472444	4000.0	9.554144484677805	0.0	1750852	5518.589761012639	4.0
2184.547793471438	1500.0	10.962316260483975	0.0	808636	2591.82822419383	1.5

