16596.215838931217	600.0	4.0	0.8277216937420807	247108	827.7216937420807	-15.954433874841614
16598.512016097095	1500.0	5.703822834124478	0.0	732405	2296.1771658755224	1.5
16600.540226472116	1500.0	7.675612459103202	0.0	643847	2028.210375021276	1.5
16602.794180365112	1500.0	9.421658566106247	0.0	718451	2253.953892996955	1.5
16605.06582058676	1500.0	11.150018344459784	0.0	724296	2271.6402216464626	1.5
16607.41870284435	1500.0	12.79713608686775	0.0	689829	2352.882257592032	1.5
16610.0349967219	1500.0	14.18084220931673	0.0	737903	2616.2938775510206	1.5
16612.797026367443	1500.0	15.418812563774303	0.0	780303	2762.0296455424277	1.5
16615.941131200954	1500.0	16.27470773026195	0.0	891463	3144.1048335123523	1.5
16618.452675207485	1500.0	17.763163723732372	0.0	763093	2511.544006529577	1.5
16620.970932838765	1500.0	19.244906092450552	0.0	769316	2518.2576312818182	1.5
16623.4102728146	1500.0	20.805566116617104	0.0	744416	2439.339975833449	1.5
16625.411210952192	1500.0	22.804627979026233	0.0	606092	2000.9381375908722	1.5
16627.85535319253	1500.0	24.3604857386859	0.0	748011	2444.142240340335	1.5
16630.31506381741	1500.0	25.9007751138091	0.0	754517	2459.7106248767986	1.5
16633.34319864887	1500.0	26.872640282348428	0.0	934743	3028.134831460674	1.5
16635.74315764749	1500.0	28.47268128372828	0.0	735572	2399.958998620146	1.5
16638.515230165427	1500.0	29.700608765791134	0.0	772616	2772.072517937149	1.5
16641.372750488743	1500.0	30.843088442476226	0.0	747396	2857.520323314907	1.5
16643.914213767413	1500.0	32.30162516380293	0.0	662349	2541.463278673294	1.5
16647.094781827946	1500.0	33.12105710327182	0.0	835711	3180.5680605311104	1.5
16649.686130317514	1500.0	34.529708613704706	0.0	806394	2591.348489567113	1.5
16652.28661303318	1500.0	35.9292258980398	0.0	809327	2600.482715664902	1.5
16654.489923528352	1500.0	37.72591540286696	0.0	681795	2203.3104951728433	1.5
16657.233296309416	1500.0	38.98254262180187	0.0	855209	2743.372781065089	1.5
16659.47362849461	1500.0	40.742210436607635	0.0	644861	2240.3321851942287	1.5
16662.229272225784	1500.0	41.98656670543096	0.0	794014	2755.6437311766813	1.5
16665.390198069807	1500.0	42.82564086140914	0.0	914284	3160.925844021819	1.5
16667.747784467312	1500.0	44.46805446390397	0.0	675709	2357.586397505173	1.5
16670.24880116998	1500.0	45.9670377612371	0.0	707527	2501.0167026668664	1.5
16672.920723152914	1500.0	47.295115778303334	0.0	757473	2671.921982933767	1.5
16675.4378633826	1500.0	48.77797554861493	0.0	712239	2517.1402296884025	1.5
16677.686258771726	1500.0	50.529580159491985	0.0	633700	2248.39538912295	1.5
16680.337522022164	1500.0	51.878316909053076	0.0	755142	2651.2632504389044	1.5
16682.69827311201	1500.0	53.51756581920725	0.0	670327	2360.7510898458268	1.5
16685.45095870478	1500.0	54.76488022643745	0.0	785519	2752.6855927698034	1.5
16687.848170400688	1500.0	56.36766853053102	0.0	681043	2397.211695906433	1.5
16690.543844207714	1500.0	57.67199472350475	0.0	866245	2695.6738070262686	1.5
16692.65706221606	1500.0	59.5587767151587	0.0	691256	2113.2180083460485	1.5
16696.372018187896	1500.0	59.84382074332202	0.0	725845	2214.9559718366822	1.5
16700.33891384859	1500.0	59.87692508262994	0.0	811013	2466.8956606920815	1.5
16704.36974160484	1500.0	59.846097326377745	0.0	657685	2030.8277562522017	1.5
16708.224994937187	1500.0	59.99084399403314	0.0	767059	2355.253332344599	1.5
16712.41220847332	1500.0	59.803630457900546	0.0	848035	2687.213536132602	1.5
16716.44884580308	1500.0	59.76699312814204	0.0	629438	2036.6373297585048	1.5
16720.238482297416	1500.0	59.81253916377376	0.0	763847	2454.453964368285	1.5
16724.128510142396	1500.0	59.9225113187927	0.0	769491	2890.027844981056	1.5
16728.161487729467	1500.0	59.88953373172008	0.0	808636	3032.9775870726253	1.5

