3818.1139852594356	600.0	4.0	0.9715636134036891	247108	971.5636134036891	-18.831272268073782
3818.5497945770744	200.0	7.5641906823614296	0.0	98617	435.8093176385695	0.2
3819.670508959431	600.0	10.443476300004509	0.0	288447	1120.7143823569204	0.6
3822.342674205451	1500.0	11.771311053984574	0.0	718451	2672.1652460199343	1.5
3829.1151100586203	4000.0	8.998875200815641	0.0	2069289	6772.435853168933	4.0
3829.9954462235582	600.0	12.118539035877161	0.0	330929	880.3361649384807	0.6
3835.024688945527	4000.0	11.08929631390854	0.0	2046450	5029.2427219686215	4.0
3839.8367374355057	4000.0	10.277247823930002	0.0	2058614	4812.048489978537	4.0
3841.841623805276	1500.0	12.272361454159421	0.0	891463	2004.8863697705806	1.5
3847.045842968569	4000.0	11.068142290866573	0.0	2373154	5204.219163292848	4.0
3851.7346205685353	4000.0	10.379364690900577	0.0	2094766	4688.777599965997	4.0
3853.459966058244	1500.0	12.654019201192053	0.0	744416	1725.3454897085232	1.5
3858.2840699050153	4000.0	11.82991535442094	0.0	2131310	4824.103846771112	4.0
3864.304097465123	4000.0	9.809887794313168	0.0	1805063	6020.027560107772	4.0
3866.8670311768933	1500.0	11.246954082542533	0.0	754517	2562.933711770634	1.5
3872.886719787343	4000.0	9.227265472093213	0.0	2231719	6019.688610449321	4.0
3874.808066554975	1500.0	11.305918704460694	0.0	735572	1921.3467676325176	1.5
3880.6336690305484	4000.0	9.480316228887347	0.0	2192675	5825.60247557335	4.0
3882.8522558646064	1500.0	11.261729394829725	0.0	747396	2218.586834057621	1.5
3888.9894219689254	4000.0	9.124563290510563	0.0	2164412	6137.166104319162	4.0
3890.611395307179	1500.0	11.502589952256953	0.0	835711	1621.9733382536097	1.5
3894.2910484277104	4000.0	11.822936831725562	0.0	1950922	3679.6531205313904	4.0
3897.783109869659	4000.0	12.33087538977713	0.0	1849252	3492.0614419484295	4.0
3903.1376965384657	4000.0	10.976288720970286	0.0	1822097	5354.5866688068445	4.0
3906.1911730041966	1500.0	11.922812255239485	0.0	855209	3053.4764657308015	1.5
3912.0157394030416	4000.0	10.098245856394337	0.0	1984579	5824.56639884515	4.0
3914.0485529790376	1500.0	12.065432280398273	0.0	794014	2032.8135759960653	1.5
3919.1834914935484	4000.0	10.930493765887695	0.0	2055338	5134.938514510576	4.0
3921.6450117159784	1500.0	12.468973543457572	0.0	675709	2461.520222430123	1.5
3929.073159864127	4000.0	9.040825395309424	0.0	2002600	7428.148148148148	4.0
3931.526790974526	1500.0	10.587194284910032	0.0	757473	2453.631110399392	1.5
3933.761173914635	1500.0	12.35281134480114	0.0	712239	2234.382940108893	1.5
3941.0932946944254	4000.0	9.020690565010884	0.0	2544033	7332.120779790255	4.0
3942.880433090752	1500.0	11.233552168684499	0.0	755142	1787.1383963263863	1.5
3947.0942498339523	4000.0	11.019735425484216	0.0	1828568	4213.816743200283	4.0
3951.1981722782543	4000.0	10.91581298118203	0.0	1785821	4103.922444302185	4.0
3952.8006301883597	1500.0	13.313355071076264	0.0	681043	1602.4579101057664	1.5
3961.640507490218	8000.0	8.473477769217808	0.0	3739359	8839.877301858456	8.0
3962.6756188410695	600.0	11.438366418366302	0.0	309862	1035.1113508515066	0.6
3969.2121095554107	4000.0	8.901875704025544	0.0	2094647	6536.490714340758	4.0
3970.2642849426343	600.0	11.849700316801995	0.0	315398	1052.1753872235495	0.6
3973.9870483290197	4000.0	12.126936930417145	0.0	1830641	3722.7633863848487	4.0
3977.390485293524	4000.0	12.723499965912861	0.0	1697030	3403.436964504284	4.0
3981.43546959772	4000.0	12.67851566171668	0.0	1910697	4044.98430419618	4.0
3987.492734957917	4000.0	10.62125030151985	0.0	2171279	6057.26536019683	4.0
3989.675512267323	1500.0	12.438472992113613	0.0	763847	2182.7773094062386	1.5
3995.570315726894	4000.0	10.54366953254303	0.0	1750852	5894.803459570584	4.0
3998.4793835772425	1500.0	11.634601682194267	0.0	808636	2909.067850348764	1.5

