16715.917399204118	600.0	4.0	0.7647349370464661	247108	764.7349370464661	0.6019198	-14.694698740929322
16716.270666379954	200.0	7.646732824163073	0.0	98617	353.267175836927	0.004705182	0.2
16716.645710802462	200.0	11.271688401655668	0.0	106476	375.0444225074038	0.004705182	0.2
16717.04501251182	200.0	14.872386692298367	0.0	115230	399.30170935730246	0.004705182	0.2
16717.395622303822	200.0	18.52177690029615	0.0	97658	350.6097920022168	0.004705182	0.2
16717.746232095822	200.0	22.171167108293933	0.0	97658	350.6097920022168	0.004705182	0.2
16718.147091104154	200.0	25.77030809996363	0.0	115792	400.8590083303026	0.004705182	0.2
16718.52545517821	200.0	29.391944025908796	0.0	107674	378.36407405483106	0.004705182	0.2
16721.07569434968	1500.0	30.841704854436188	0.0	891463	2550.2391714726105	0.1371445	1.5
16735.628060354826	12000.0	20.28933884929114	0.0	5088378	14552.366005145046	0.004705182	12.0
16735.98289734463	200.0	23.93450185948603	0.0	95365	354.83698980510826	0.004705182	0.2
16739.148533066487	1500.0	24.768866137630965	0.0	744416	3165.635721855065	0.5024696	1.5
16739.656136333455	200.0	28.261262870663348	0.0	102419	507.60326696761734	0.004705182	0.2
16742.85911104838	1500.0	29.058288155740193	0.0	748011	3202.9747149231534	0.004705182	1.5
16746.08924856371	1500.0	29.828150640409973	0.0	754517	3230.1375153302192	0.004705182	1.5
16750.166240323186	1500.0	29.751158880934664	0.0	934743	4076.9917594753106	0.004705182	1.5
16753.39694761022	1500.0	30.520451593897132	0.0	735572	3230.707287037533	0.004705182	1.5
16756.78143028226	1500.0	31.135968921859757	0.0	772616	3384.482672037375	0.004705182	1.5
16759.98183734851	1500.0	31.935561855607112	0.0	747396	3200.4070662526424	0.004705182	1.5
16762.82716991642	1500.0	33.090229287697504	0.0	662349	2845.3325679096106	0.004705182	1.5
16766.3962955068	1500.0	33.52110369732097	0.0	835711	3569.1255903765364	0.004705182	1.5
16769.786038368344	1500.0	34.13136083577481	0.0	806394	3389.7428615461613	0.004705182	1.5
16773.179302959088	1500.0	34.73809624503203	0.0	809327	3393.2645907427786	0.004705182	1.5
16776.050470474373	1500.0	35.86692872974405	0.0	681795	2871.167515287977	0.004705182	1.5
16779.660833164475	1500.0	36.25656603964309	0.0	855209	3610.3626901009634	0.00538921	1.5
16782.41196372082	1500.0	37.505435483296495	0.0	644861	2751.130556346597	0.030638842	1.5
16785.780912901446	1500.0	38.13648630267155	0.0	794014	3368.9491806249516	0.6606554	1.5
16796.025167158918	8000.0	31.892232045201467	0.0	3354913	10244.254257470078	0.17426984	8.0
16798.008768935524	1500.0	33.90863026859568	0.0	675709	1983.6017766057914	0.004705182	1.5
16811.183668858732	8000.0	24.73373034538577	0.0	4435580	13174.899923209909	0.02362081	8.0
16814.48037082545	1500.0	25.43702837866867	0.0	757473	3296.7019667170957	0.5380848	1.5
16817.58498106512	1500.0	26.332418138999905	0.0	712239	3104.6102396687634	0.004705182	1.5
16820.26866293398	1500.0	27.64873627014052	0.0	633700	2683.681868859386	0.006518744	1.5
16823.44612544071	1500.0	28.471273763410963	0.0	755142	3177.4625067295615	0.010731819	1.5
16826.27569141605	1500.0	29.6417077880732	0.0	670327	2829.5659753377604	0.072293624	1.5
16832.072966486037	4000.0	27.844432718084423	0.0	1785821	5797.275069988781	0.93152666	4.0
16834.151258802194	1500.0	29.76614040192818	0.0	681043	2078.2923161562444	0.015664704	1.5
16844.767862065495	8000.0	23.14953713862885	0.0	3739359	10616.60326329933	0.004705182	8.0
16852.09130982089	4000.0	19.826089383232603	0.0	2142800	7323.447755396248	0.62512314	4.0
16861.096239787774	4000.0	14.821159416352565	0.0	2094647	9004.92996688004	0.60016066	4.0
16864.650086765338	1500.0	15.267312438786574	0.0	811013	3553.8469775659905	0.5685939	1.5
16867.547177304503	1500.0	16.370221899620756	0.0	657685	2897.0905391658193	0.006960762	1.5
16874.488302506346	4000.0	13.429096697775595	0.0	1697030	6941.12520184516	0.5421328	4.0
16877.965708485615	1500.0	13.951690718507729	0.0	848035	3477.4059792678654	0.016423527	1.5
16880.01784153861	1500.0	15.899557665509414	0.0	629438	2052.133052998315	0.17952228	1.5
16885.803539016135	4000.0	14.113860187984756	0.0	2042818	5785.697477524658	0.01721003	4.0
16890.691739793558	4000.0	13.225659410563804	0.0	1750852	4888.200777420952	0.008364084	4.0
16896.20413574857	4000.0	11.713263455552623	0.0	2034636	5512.395955011181	0.008688813	4.0

