31997.541731035933	600.0	4.0	0.37267362499074685	247108	372.6736249907469	-6.853472499814938
31997.988564406278	600.0	7.553166629654305	0.0	309722	446.8333703456955	0.6
31998.83113395251	1500.0	10.710597083425863	0.0	643847	842.5695462284405	1.5
31999.76206414719	1500.0	13.77966688874084	0.0	718451	930.9301946850247	1.5
32002.292920909353	4000.0	15.24881012658228	0.0	2069289	2530.856762158561	4.0
32004.58062836364	4000.0	16.961102672292544	0.0	1863995	2287.707454289733	4.0
32007.084434714965	4000.0	18.457296320971203	0.0	2046450	2503.8063513213415	4.0
32009.803182426378	4000.0	19.73854860955928	0.0	2058614	2718.747711411921	4.0
32014.424798985365	8000.0	19.11693205056994	0.0	3448932	4621.616558989343	8.0
32019.30889095768	8000.0	18.23284007825579	0.0	3624869	4884.09197231415	8.0
32022.21221597958	4000.0	19.329515056354044	0.0	2094766	2903.325021901746	4.0
32024.66668730514	4000.0	20.875043730793024	0.0	1761739	2454.471325561022	4.0
32027.6192663199	4000.0	21.922464716034614	0.0	2131310	2952.579014758407	4.0
32030.27073281784	4000.0	23.270998218094565	0.0	1805063	2651.466497940048	4.0
32033.477167800494	4000.0	24.064563235439167	0.0	2157416	3206.4349826554	4.0
32036.791279512403	4000.0	24.750451523531623	0.0	2231719	3314.111711907544	4.0
32039.356692578403	4000.0	26.18503845752663	0.0	1835863	2565.4130660049946	4.0
32044.287456932474	12000.0	25.254274103459643	0.0	4055239	4930.764354066985	12.0
32049.105458443835	8000.0	24.436272592099744	0.0	3873892	4818.0015113599	8.0
32056.050533767113	8000.0	21.491197268822805	0.0	4303587	6945.075323276937	8.0
32061.576464614966	8000.0	19.965266420968295	0.0	3690869	5525.930847854511	8.0
32064.334784934836	4000.0	21.206946101094594	0.0	1950922	2758.3203198736983	4.0
32066.953527748836	4000.0	22.58820328709841	0.0	1849252	2618.74281399619	4.0
32069.52296537247	4000.0	24.018765663462556	0.0	1822097	2569.437623635851	4.0
32072.056661605435	4000.0	25.48506943049435	0.0	1836837	2533.6962329682074	4.0
32076.482230667683	8000.0	25.059500368244816	0.0	3253093	4425.569062249533	8.0
32082.233071711835	8000.0	23.308659324095284	0.0	4274504	5750.841044149528	8.0
32086.73503116517	8000.0	22.80669987075855	0.0	3354913	4501.959453336738	8.0
32091.440460098624	8000.0	22.10127093730429	0.0	3811227	4705.428933454257	8.0
32093.71286779493	4000.0	23.828863240996437	0.0	2002600	2272.407696307852	4.0
32098.2001393279	8000.0	23.341591708029856	0.0	4025712	4487.271532966582	8.0
32102.957473611077	8000.0	22.584257424852353	0.0	3568902	4757.334283177503	8.0
32108.37719737841	8000.0	21.164533657520412	0.0	3713878	5419.723767331938	8.0
32111.60618500783	4000.0	21.93554602810035	0.0	2125133	3228.9876294200617	4.0
32117.32432608099	8000.0	20.217404954940747	0.0	3707853	5718.141073159605	8.0
32120.115023504226	4000.0	21.42670753170299	0.0	1785821	2790.6974232377556	4.0
32123.166192524048	4000.0	22.37553851187979	0.0	2096494	3051.169019823203	4.0
32126.01727013393	4000.0	23.52446090200185	0.0	1955307	2851.0776098779434	4.0
32129.134064408405	4000.0	24.407666627523998	0.0	2142800	3116.7942744778475	4.0
32132.206738892954	4000.0	25.33499214297738	0.0	2094647	3072.6744845466164	4.0
32136.867685256133	8000.0	24.674045779797947	0.0	3189942	4660.946363179436	8.0
32143.159708544707	8000.0	22.382022491227467	0.0	4074581	6292.02328857048	8.0
32149.45611794766	8000.0	20.085613088273444	0.0	3735285	6296.4094029540265	8.0
32152.34328423607	4000.0	21.198446799863408	0.0	1910697	2887.166288410036	4.0
32155.372389838783	4000.0	22.169341197146935	0.0	2171279	3029.105602716469	4.0
32158.227015305678	4000.0	23.314715730253898	0.0	2042818	2854.625466893039	4.0
32160.685082538275	4000.0	24.856648497656273	0.0	1750852	2458.067232597623	4.0
32163.910995481085	4000.0	25.630735554847885	0.0	2034636	3225.9129428083893	4.0

