30983.70170158142	600.0	4.0	0.879734617096161	247108	879.734617096161	-16.99469234192322
30984.78407870023	600.0	6.917622881184514	0.0	309722	1082.377118815486	0.6
30985.79760190101	600.0	9.904099680407784	0.0	288447	1013.5232007767305	0.6
30988.202780104013	1500.0	11.498921477406045	0.0	718451	2405.17820300174	1.5
30990.626874929854	1500.0	13.074826651563573	0.0	724296	2424.0948258424696	1.5
30992.939421553907	1500.0	14.7622800275092	0.0	689829	2312.546624054371	1.5
30995.44724002157	1500.0	16.25446155984488	0.0	737903	2507.8184676643214	1.5
30998.102072557456	1500.0	17.599629023959714	0.0	780303	2654.8325358851675	1.5
31001.12370925107	1500.0	18.577992330344802	0.0	891463	3021.636693614915	1.5
31003.721208052233	1500.0	19.980493529185427	0.0	763093	2597.498801159374	1.5
31006.325935459216	1500.0	21.375766122203437	0.0	769316	2604.7274069819914	1.5
31008.848946494207	1500.0	22.852755087211438	0.0	744416	2523.0110349920005	1.5
31010.918008314777	1500.0	24.78369326664287	0.0	606092	2069.0618205685687	1.5
31016.80898332412	4000.0	22.892718257299034	0.0	1805063	5890.975009343835	4.0
31019.271370788847	1500.0	24.43033079257423	0.0	754517	2462.387464724804	1.5
31022.302821857462	1500.0	25.398879723957805	0.0	934743	3031.451068616423	1.5
31028.129237955578	4000.0	23.572463625845362	0.0	1835863	5826.416098112446	4.0
31030.618064316182	1500.0	25.08363726523818	0.0	772616	2488.826360607183	1.5
31033.028260929525	1500.0	26.67344065189809	0.0	747396	2410.196613340089	1.5
31035.194466313194	1500.0	28.507235268229138	0.0	662349	2166.205383668954	1.5
31037.95340286279	1500.0	29.74829871863284	0.0	835711	2758.9365495962975	1.5
31044.28723493059	4000.0	27.41446665083487	0.0	1950922	6333.832067797969	4.0
31050.32533756074	4000.0	25.376364020685504	0.0	1849252	6038.102630149365	4.0
31056.274572810493	4000.0	23.427128770929947	0.0	1822097	5949.2352497555585	4.0
31059.10543606489	1500.0	24.596265516537283	0.0	855209	2830.8632543926665	1.5
31061.259694438093	1500.0	26.442007143331537	0.0	644861	2154.258373205742	1.5
31063.893717999672	1500.0	27.807983581753795	0.0	794014	2634.023561577741	1.5
31070.752275379997	4000.0	24.949426201428896	0.0	2055338	6858.557380324902	4.0
31073.071622508145	1500.0	26.63007907327794	0.0	675709	2319.347128150956	1.5
31075.485625505768	1500.0	28.2160760756575	0.0	707527	2414.0029976204396	1.5
31077.977239872496	1500.0	29.724461708927823	0.0	757473	2491.6143667296787	1.5
31084.256242558797	4000.0	27.44545902262795	0.0	1947068	6279.00268629987	4.0
31086.367487117877	1500.0	29.3342144635453	0.0	633700	2111.244559082652	1.5
31093.31729780583	4000.0	26.384403775597022	0.0	2125133	6949.810687948278	4.0
31099.274764305723	4000.0	24.426937275701594	0.0	1828568	5957.466499895425	4.0
31105.07499733409	4000.0	22.626704247333794	0.0	1785821	5800.233028367801	4.0
31107.344795182096	1500.0	24.3569063993242	0.0	681043	2269.7978480095962	1.5
31110.214353398864	1500.0	25.487348182558577	0.0	866245	2869.558216765623	1.5
31112.52039667148	1500.0	27.181304909941087	0.0	691256	2306.04327261749	1.5
31114.937826479272	1500.0	28.763875102152014	0.0	725845	2417.429807789071	1.5
31121.46481626603	4000.0	26.236885315394634	0.0	1985434	6526.989786757382	4.0
31127.52673867278	4000.0	24.174962908645227	0.0	1830641	6061.922406749408	4.0
31133.241903872844	4000.0	22.459797708578815	0.0	1697030	5715.165200066413	4.0
31136.13789258279	1500.0	23.563808998633604	0.0	848035	2895.9887099452108	1.5
31138.251029256768	1500.0	25.450672324653777	0.0	629438	2113.1366739798273	1.5
31140.790836442036	1500.0	26.910865139386594	0.0	763847	2539.8071852671833	1.5
31146.509083800393	4000.0	25.19261778102894	0.0	1750852	5718.247358357654	4.0
31149.185404570926	1500.0	26.516297010498658	0.0	808636	2676.3207705302843	1.5

