22829.949887905314	600.0	4.0	0.7679039582427142	247108	767.9039582427142	-14.758079164854284
22830.30441978874	200.0	7.645468116572423	0.0	98617	354.5318834275772	0.2
22831.187404042765	600.0	10.762483862548935	0.0	288447	882.9842540234885	0.6
22831.5881835121	200.0	14.361704393214442	0.0	115230	400.7794693344932	0.2
22833.684492516015	1500.0	16.265395389299698	0.0	724296	2096.3090039147455	1.5
22834.685738970995	600.0	19.264148934319273	0.0	330929	1001.2464549804264	0.6
22835.088082946637	200.0	22.86180495867769	0.0	115792	402.3439756415833	0.2
22837.34030530418	1500.0	24.60958260113093	0.0	780303	2252.222357546759	1.5
22838.229625530366	600.0	27.720262374945637	0.0	290723	889.320226185298	0.6
22856.50733343189	8000.0	13.44255447341955	0.0	3624869	18277.707901526086	8.0
22857.11846682092	200.0	16.831421084391426	0.0	95365	611.1333890281259	0.2
22857.729472111925	200.0	20.220415793386135	0.0	95342	611.005291005291	0.2
22858.379892607612	200.0	23.56999529770248	0.0	102419	650.4204956836536	0.2
22864.158861368956	4000.0	21.791026536356224	0.0	1805063	5778.968761346256	4.0
22864.929793171905	600.0	25.020094733409902	0.0	264113	770.9318029463219	0.6
22865.85837314934	600.0	28.0915147559733	0.0	324375	928.5799774366019	0.6
22866.17347983498	200.0	31.776408070340302	0.0	89871	315.1066856330014	0.2
22877.839794337226	12000.0	24.110093568091994	0.0	4055239	11666.314502248306	12.0
22880.181332624194	1500.0	25.768555281124126	0.0	747396	2341.5382869678688	1.5
22880.521183977333	200.0	29.42870392798382	0.0	85876	339.8513531403068	0.2
22881.36031882871	600.0	32.58956907660772	0.0	280646	839.1348513761033	0.6
22882.236912992146	600.0	35.71297491317113	0.0	310841	876.594163436589	0.6
22895.718523954813	12000.0	26.231363950505255	0.0	5141915	13481.61096266587	12.0
22900.70231901293	4000.0	25.24756889239017	0.0	1822097	4983.795058115086	4.0
22901.03679681818	200.0	28.913091087138785	0.0	94556	334.47780525138353	0.2
22914.634599878358	8000.0	19.315288026962058	0.0	3253093	13597.803060176728	8.0
22914.94537688281	200.0	23.00451102251225	0.0	88490	310.7770044498052	0.2
22923.82086450813	8000.0	18.129023397193745	0.0	3354913	8875.487625318507	8.0
22925.697574660524	1500.0	20.252313244799815	0.0	675709	1876.710152393931	1.5
22926.03571834623	200.0	23.9141695590936	0.0	97083	338.1436857062138	0.2
22926.3656164733	200.0	27.584271432026643	0.0	93982	329.89812706695693	0.2
22938.507300192356	8000.0	19.442587712968294	0.0	3568902	12141.683719058348	8.0
22941.305803021	1500.0	20.644084884322556	0.0	633700	2798.502828645736	1.5
22942.92387366596	600.0	23.02601423936263	0.0	344336	1618.0706449599288	0.6
22944.301477589095	600.0	25.648410316228684	0.0	284451	1377.6039231339455	0.6
22944.781961138164	200.0	29.167926767161	0.0	87791	480.48354906768554	0.2
22947.968731965557	1500.0	29.98115593976749	0.0	681043	3186.770827393511	1.5
22948.415513056963	200.0	33.53437484836075	0.0	80403	446.78109140674	0.2
22948.891101812165	200.0	37.05878609315746	0.0	86718	475.58875520328445	0.2
22949.436257768142	200.0	40.51363013717867	0.0	101968	545.1559559787877	0.2
22969.03545709865	12000.0	24.914430806673092	0.0	4828747	19599.199330505584	12.0
22969.38633961804	200.0	28.563548287281634	0.0	101713	350.8825193914577	0.2
22975.393598072365	4000.0	26.556289832955212	0.0	1697030	6007.258454326423	4.0
22976.983207056266	600.0	28.966680849055876	0.0	278938	1589.608983899337	0.6
22978.633603484355	600.0	31.31628442096766	0.0	290170	1650.3964280882158	0.6
22979.215841341207	200.0	34.734046564114735	0.0	92801	582.2378568529293	0.2
22983.21409134107	1500.0	34.735796564251665	0.0	769491	3998.249999863068	1.5
22995.397202360087	8000.0	26.552685545237726	0.0	4346302	12183.11101901394	8.0

