19520.80562874596	600.0	4.0	0.7665422216048203	247108	766.5422216048204	-14.730844432096406
19522.920475678533	1500.0	5.885153067426071	0.0	732405	2114.846932573929	1.5
19524.789281179583	1500.0	8.016347566375524	0.0	643847	1868.805501050548	1.5
19526.865359597337	1500.0	9.940269148622134	0.0	718451	2076.0784177533906	1.5
19528.95767722744	1500.0	11.847951518519164	0.0	724296	2092.3176301029707	1.5
19531.04666041909	1500.0	13.75896832686798	0.0	689829	2088.9831916511835	1.5
19533.612228419093	1500.0	15.19340032686798	0.0	737903	2565.568	1.5
19536.320617471723	1500.0	16.4850112742364	0.0	780303	2708.389052631579	1.5
19539.403440208567	1500.0	17.40218853739429	0.0	891463	3082.8227368421053	1.5
19542.00088091086	1500.0	18.804747835102987	0.0	763093	2597.4407022913056	1.5
19544.559247600344	1500.0	20.246381145617217	0.0	769316	2558.366689485765	1.5
19547.037398448007	1500.0	21.768230297954833	0.0	744416	2478.150847662385	1.5
19549.069935797503	1500.0	23.73569294846021	0.0	606092	2032.5373494946243	1.5
19554.73001636151	4000.0	22.07561238444911	0.0	1805063	5660.0805640110975	4.0
19561.32040765714	4000.0	19.48522108882362	0.0	2157416	6590.391295625488	4.0
19567.362788100632	4000.0	17.4428406453291	0.0	2231719	6042.380443494523	4.0
19572.38642018215	4000.0	16.419208563814365	0.0	1835863	5023.632081514733	4.0
19578.564383054985	4000.0	14.241245690978378	0.0	2192675	6177.962872835988	4.0
19584.82063335287	4000.0	11.984995393095875	0.0	2082556	6256.250297882502	4.0
19591.720130184647	4000.0	9.085498561317731	0.0	2164412	6899.496831778145	4.0
19594.299265950194	1500.0	10.50636279576749	0.0	835711	2579.1357655502397	1.5
19596.7907312612	1500.0	12.014897484762708	0.0	806394	2491.465311004785	1.5
19599.29096750522	1500.0	13.514661240743568	0.0	809327	2500.2362440191387	1.5
19601.40982815115	1500.0	15.395800594810552	0.0	681795	2118.860645933015	1.5
19604.034516454158	1500.0	16.77111229180501	0.0	855209	2624.6883030055415	1.5
19606.03068032891	1500.0	18.774948417051085	0.0	644861	1996.163874753928	1.5
19612.25445897187	4000.0	16.55116977409259	0.0	2068230	6223.778642958496	4.0
19618.245698546216	4000.0	14.559930199746887	0.0	2055338	5991.239574345701	4.0
19625.023054404253	4000.0	11.782574341706056	0.0	2165436	6777.35585804083	4.0
19632.094762530294	4000.0	8.710866215669572	0.0	2002600	7071.708126036485	4.0
19638.933140143465	4000.0	5.872488602497973	0.0	2290706	6838.377613171599	4.0
19641.097157553213	1500.0	7.70847119274705	0.0	712239	2164.0174097509234	1.5
19642.992589762973	1500.0	9.81303898298879	0.0	633700	1895.432209758259	1.5
19645.038913364187	1500.0	11.76671538177797	0.0	755142	2046.3236012108193	1.5
19646.864386137026	1500.0	13.941242608936776	0.0	670327	1825.472772841194	1.5
19648.989808784554	1500.0	15.815819961408867	0.0	785519	2125.4226475279106	1.5
19650.84318508244	1500.0	17.96244366352129	0.0	681043	1853.376297887576	1.5
19656.522524280885	4000.0	16.283104465080747	0.0	1955307	5679.339198440547	4.0
19663.14754842994	4000.0	13.658080316024753	0.0	2142800	6625.024149055992	4.0
19670.333092207384	4000.0	10.472536538581773	0.0	2094647	7185.543777442979	4.0
19676.805249456444	4000.0	8.000379289522124	0.0	1985434	6472.157249059648	4.0
19682.53832030739	4000.0	6.267308438577381	0.0	1830641	5733.070850944743	4.0
19684.754167062914	1500.0	8.051461683049121	0.0	767059	2215.8467555282605	1.5
19687.048538339946	1500.0	9.757090406019337	0.0	848035	2294.371277029784	1.5
19688.772113696945	1500.0	12.033515049022194	0.0	629438	1723.5753569971441	1.5
19694.25111001529	4000.0	10.554518730674092	0.0	2042818	5478.996318348101	4.0
19699.53733065163	4000.0	9.268298094337485	0.0	1750852	5286.220636336605	4.0
19705.52233253686	4000.0	7.283296209104384	0.0	2034636	5985.001885233102	4.0

