30307.925554809197	600.0	4.0	0.9587624466571836	247108	958.7624466571835	0.10904851	-18.57524893314367
30308.35625537819	200.0	7.5692994310099575	0.0	98617	430.7005689900427	0.004705182	0.2
30308.814904026836	200.0	11.11065078236131	0.0	106476	458.6486486486486	0.004705182	0.2
30309.304683543192	200.0	14.620871266002847	0.0	115230	489.7795163584637	0.004705182	0.2
30309.731973728118	200.0	18.193581081081085	0.0	97658	427.2901849217639	0.004705182	0.2
30310.15926391304	200.0	21.76629089615932	0.0	97658	427.2901849217639	0.004705182	0.2
30310.65104200692	200.0	25.274512802275964	0.0	115792	491.7780938833571	0.004705182	0.2
30311.113950968516	200.0	28.81160384068279	0.0	107674	462.90896159317214	0.004705182	0.2
30314.364160783593	1500.0	29.561394025604553	0.0	891463	3250.2098150782363	0.004705182	1.5
30317.157862775057	1500.0	30.767692034139404	0.0	763093	2793.7019914651496	0.10855389	1.5
30319.88092211341	1500.0	32.04463269578566	0.0	769316	2723.059338353744	0.0128237475	1.5
30322.492734034167	1500.0	33.43282077503062	0.0	744416	2611.8119207550376	0.004705182	1.5
30324.634096163234	1500.0	35.291458645959956	0.0	606092	2141.3621290706574	0.004705182	1.5
30327.25813493545	1500.0	36.66741987374671	0.0	748011	2624.0387722132473	0.004705182	1.5
30329.991250199244	1500.0	37.93430460995346	0.0	754517	2733.115263793252	0.004705182	1.5
30333.40946902876	1500.0	38.51608578043692	0.0	934743	3418.2188295165397	0.004705182	1.5
30336.11639461244	1500.0	39.80916019675762	0.0	735572	2706.9255836793	0.004705182	1.5
30338.953296629967	1500.0	40.97225817923185	0.0	772616	2836.9020175257624	0.004705182	1.5
30341.691177142056	1500.0	42.23437766714081	0.0	747396	2737.8805120910383	0.017825756	1.5
30344.12661455315	1500.0	43.798940256045505	0.0	662349	2435.437411095306	0.6971582	1.5
30357.511732471437	8000.0	34.41382233776425	0.0	3690869	13385.117918281258	0.017125562	8.0
30360.572041971252	1500.0	35.353512837948315	0.0	806394	3060.3094998159345	0.004705182	1.5
30363.67706871921	1500.0	36.24848608998653	0.0	809327	3105.0267479617823	0.004705182	1.5
30366.305418288208	1500.0	37.620136520990805	0.0	681795	2628.3495689957253	0.69595444	1.5
30369.50334838675	1500.0	38.4222064224503	0.0	855209	3197.9300985404957	0.03425753	1.5
30380.26395060468	8000.0	31.66160420451716	0.0	3253093	10760.602217933145	0.047682516	8.0
30383.10238034239	1500.0	32.82317446680655	0.0	794014	2838.4297377106136	0.004705182	1.5
30386.35863186228	1500.0	33.56692294691772	0.0	914284	3256.2515198888314	0.004705182	1.5
30399.54553395336	8000.0	24.380020855838016	0.0	3811227	13186.902091079708	0.020016726	8.0
30402.425403363726	1500.0	25.50015144546999	0.0	707527	2879.8694103680255	0.004705182	1.5
30405.50292216072	1500.0	26.42263264847751	0.0	757473	3077.5187969924814	0.004705182	1.5
30408.40143818763	1500.0	27.52411662156813	0.0	712239	2898.516026909379	0.004749522	1.5
30410.732143306846	1500.0	29.19341150234919	0.0	633700	2330.7051192189374	0.004705182	1.5
30424.520333195323	8000.0	19.405221613871458	0.0	4271839	13788.189888477733	0.15590566	8.0
30426.736110322592	1500.0	21.1894444866038	0.0	670327	2215.7771272676587	0.004705182	1.5
30429.31890897643	1500.0	22.606645832761476	0.0	785519	2582.7986538423247	0.004705182	1.5
30437.195228002372	4000.0	18.73032680681998	0.0	2096494	7876.319025941496	0.5987244	4.0
30440.61845830425	1500.0	19.30709650494338	0.0	866245	3423.2303018766015	0.004705182	1.5
30443.70522646432	1500.0	20.220328344873785	0.0	691256	3086.7681600695955	0.42920023	1.5
30446.942446994988	1500.0	20.983107814208278	0.0	725845	3237.2205306655073	0.35191748	1.5
30450.489759067674	1500.0	21.43579574152031	0.0	811013	3547.312072687969	0.045195583	1.5
30456.947882448116	4000.0	18.977672361079136	0.0	1830641	6458.123380441173	0.5177582	4.0
30463.08217623506	4000.0	16.84337857413182	0.0	1697030	6134.293786947317	0.35998124	4.0
30470.19148160859	4000.0	13.734073200606264	0.0	1910697	7109.305373525557	0.59282035	4.0
30472.19688196794	1500.0	15.728672841254872	0.0	629438	2005.4003593513928	0.48085454	1.5
30478.34056821917	4000.0	13.584986590025812	0.0	2042818	6143.686251229059	0.046136275	4.0
30483.471524272634	4000.0	12.45403053656064	0.0	1750852	5130.956053465171	0.03630194	4.0
30489.28572000293	4000.0	10.639834806271061	0.0	2034636	5814.19573028958	0.04106672	4.0

