10920.333441322147	600.0	4.0	0.8748470105745648	247108	874.8470105745648	-16.896940211491295
10922.769293519486	1500.0	5.564147802661735	0.0	732405	2435.852197338266	1.5
10924.92029026268	1500.0	7.413151059466849	0.0	643847	2150.9967431948858	1.5
10927.311258056498	1500.0	9.022183265650758	0.0	718451	2390.9677938160908	1.5
10929.72102686354	1500.0	10.612414458606409	0.0	724296	2409.768807044349	1.5
10932.000241960775	1500.0	12.333199361372102	0.0	689829	2279.2150972343056	1.5
10934.431327848024	1500.0	13.902113474122766	0.0	737903	2431.0858872493377	1.5
10936.997507428645	1500.0	15.335933893502657	0.0	780303	2566.179580620109	1.5
10939.91786189028	1500.0	16.415579431866156	0.0	891463	2920.354461636498	1.5
10942.562582474751	1500.0	17.77085884739553	0.0	763093	2644.7205844706264	1.5
10945.244369834718	1500.0	19.08907148742935	0.0	769316	2681.7873599661807	1.5
10947.841946668368	1500.0	20.491494653778958	0.0	744416	2597.5768336503916	1.5
10949.971718809564	1500.0	22.361722512582592	0.0	606092	2129.7721411963644	1.5
10952.471239472863	1500.0	23.86220184928424	0.0	748011	2499.520663298355	1.5
10954.962559157273	1500.0	25.370882164873972	0.0	754517	2491.3196844102667	1.5
10958.029853274918	1500.0	26.303588047226913	0.0	934743	3067.294117647059	1.5
10960.460627668208	1500.0	27.872813653938188	0.0	735572	2430.7743932887247	1.5
10962.768509570305	1500.0	29.564931751839488	0.0	772616	2307.8819020987003	1.5
10964.964093117409	1500.0	31.369348204736436	0.0	747396	2195.5835471030523	1.5
10966.918942122273	1500.0	33.41449919987134	0.0	662349	1954.849004865104	1.5
10969.364510631784	1500.0	34.96893069036227	0.0	835711	2445.568509509067	1.5
10971.708169511707	1500.0	36.6252718104383	0.0	806394	2343.6588799239676	1.5
10973.993795810466	1500.0	38.3396455116817	0.0	809327	2285.6262987566006	1.5
10975.931864282615	1500.0	40.40157703953045	0.0	681795	1938.068472151252	1.5
10978.342530949281	1500.0	41.99091037286379	0.0	855209	2410.6666666666665	1.5
10980.179944677777	1500.0	44.15349664436779	0.0	644861	1837.4137284959975	1.5
10982.478078358476	1500.0	45.85536296366974	0.0	794014	2298.133680698048	1.5
10985.217571859066	1500.0	47.11586946307889	0.0	914284	2739.4935005908555	1.5
10987.263092084499	1500.0	49.070349237644834	0.0	675709	2045.5202254340516	1.5
10989.401165350566	1500.0	50.932275971578115	0.0	707527	2138.0732660667213	1.5
10991.68452286352	1500.0	52.64891845862474	0.0	757473	2283.357512953368	1.5
10993.692342804938	1500.0	54.64109851720373	0.0	712239	2007.8199414210083	1.5
10995.469677745343	1500.0	56.863763576799286	0.0	633700	1777.3349404044463	1.5
10997.5722892359	1500.0	58.76115208624083	0.0	755142	2102.6114905584573	1.5
11000.447727832392	1500.0	59.8857134897496	0.0	670327	1875.438596491228	1.5
11004.686868170818	1500.0	59.64657315132326	0.0	785519	2239.1403384263403	1.5
11008.43432809046	1500.0	59.89911323168289	0.0	681043	2247.459919640371	1.5
11011.543814504908	1500.0	59.562236913904314	0.0	866245	2836.8763177785736	1.5
11015.221509336581	1500.0	59.88454208223054	0.0	691256	2177.694831673779	1.5
11019.504168416714	1500.0	59.60188300209778	0.0	725845	2282.6590801327648	1.5
11023.466661778064	1500.0	59.63938964074733	0.0	811013	2462.4933613504472	1.5
11027.24869005096	1500.0	59.857361367852434	0.0	657685	1782.0282728948985	1.5
11031.313768173432	1500.0	59.792283245379686	0.0	767059	2065.078122472746	1.5
11035.202330341777	1500.0	59.903721077035016	0.0	848035	2388.5621683446725	1.5
11039.512268503107	1500.0	59.59378291570479	0.0	629438	1809.9381613302185	1.5
11042.972024366563	1500.0	59.91443703141182	0.0	763847	2179.345884292978	1.5
11047.202679597405	1500.0	59.68378180057003	0.0	769491	2230.655230841791	1.5
11051.042741434707	1500.0	59.84371996326851	0.0	808636	2340.061837301518	1.5

