11315.707651327071	600.0	4.0	0.7248433448045276	247108	724.8433448045276	-13.896866896090552
11316.044998382346	200.0	7.66265294472624	0.0	98617	337.3470552737593	0.2
11316.877718360163	600.0	10.829932966907506	0.0	288447	832.7199778187335	0.6
11318.832559910896	1500.0	12.875091416176014	0.0	718451	1954.8415507314926	1.5
11324.312495324266	4000.0	11.395156002805278	0.0	2069289	5479.935413370737	4.0
11331.478975575697	4000.0	8.228675751373776	0.0	1863995	7166.4802514315015	4.0
11332.916018896529	600.0	10.791632430540982	0.0	327938	1437.0433208327943	0.6
11336.043493475609	1500.0	11.664157851462521	0.0	780303	3127.47457907846	1.5
11341.49217904122	4000.0	10.21547228584921	0.0	1857129	5448.685565613313	4.0
11343.77816816439	1500.0	11.929483162680835	0.0	763093	2285.9891231683746	1.5
11348.930294061644	4000.0	10.777357265426202	0.0	2094766	5152.125897254634	4.0
11350.639814809185	1500.0	13.067836517885398	0.0	744416	1709.5207475408042	1.5
11360.148767496436	8000.0	7.558883830634488	0.0	4206019	9508.95268725091	8.0
11360.846023713902	600.0	10.861627613167744	0.0	266809	697.2562174667438	0.6
11362.671580683249	1500.0	13.036070643821303	0.0	754517	1825.556969346443	1.5
11373.997685745959	8000.0	5.709965581111592	0.0	4454226	11326.10506270971	8.0
11374.314410306813	200.0	9.393241020256843	0.0	89871	316.7245608547487	0.2
11376.42809188167	1500.0	11.279559445400846	0.0	772616	2113.681574855996	1.5
11380.82762727187	4000.0	10.880024055201208	0.0	2082556	4399.535390199638	4.0
11382.281439042676	1500.0	13.426212284394882	0.0	662349	1453.8117708063264	1.5
11390.241636946927	8000.0	9.466014380145836	0.0	3690869	7960.197904249047	8.0
11392.106311405742	1500.0	11.601339921331256	0.0	806394	1864.674458814579	1.5
11396.278991674086	4000.0	11.428659652986282	0.0	1849252	4172.680268344975	4.0
11400.256712399705	4000.0	11.45093892736882	0.0	1822097	3977.720725617461	4.0
11404.24477229173	4000.0	11.462879035344672	0.0	1836837	3988.0598920241487	4.0
11410.308719002916	4000.0	9.398932324158974	0.0	1984579	6063.9467111857	4.0
11414.082881259386	1500.0	9.624770067689068	0.0	794014	3774.162256469904	1.5
11417.82671136846	1500.0	9.880939958614064	0.0	914284	3743.8301090750056	1.5
11419.497035866121	1500.0	12.21061546095292	0.0	675709	1670.3244976611456	1.5
11424.290283490493	4000.0	11.41736783658176	0.0	2002600	4793.247624371156	4.0
11429.521657333431	4000.0	10.185993993641889	0.0	2290706	5231.373842939872	4.0
11431.10298451873	1500.0	12.604666808344478	0.0	712239	1581.3271852974112	1.5
11436.545546668785	4000.0	11.162104658288488	0.0	2544033	5442.562150055991	4.0
11441.272187681516	4000.0	10.435463645556407	0.0	2125133	4726.6410127320805	4.0
11442.83455610257	1500.0	12.873095224503775	0.0	670327	1562.3684210526314	1.5
11446.863740091956	4000.0	12.843911235118547	0.0	1785821	4029.1839893852275	4.0
11452.088343986303	4000.0	11.619307340771696	0.0	2096494	5224.60389434685	4.0
11457.096731642063	4000.0	10.610919685011522	0.0	1955307	5008.387655760173	4.0
11458.815584277425	1500.0	12.892067049649489	0.0	691256	1718.8526353620318	1.5
11463.505916904602	4000.0	12.201734422472557	0.0	2094647	4690.332627176933	4.0
11467.955870958582	4000.0	11.751780368492861	0.0	1985434	4449.954053979696	4.0
11472.271520577551	4000.0	11.436130749523217	0.0	1830641	4315.649618969644	4.0
11476.293804425102	4000.0	11.413846901973308	0.0	1697030	4022.2838475499098	4.0
11484.171353754284	4000.0	7.536297572791576	0.0	1910697	7877.549329181731	4.0
11485.905745658216	600.0	9.801905668861135	0.0	290170	1734.3919039304424	0.6
11489.282401666484	1500.0	10.425249660593991	0.0	763847	3376.656008267144	1.5
11490.982382719114	1500.0	12.72526860796241	0.0	769491	1699.981052631579	1.5
11495.34582692964	4000.0	12.361824397436095	0.0	2034636	4363.444210526316	4.0

