17448.945890866184	600.0	4.0	0.7096246516442393	247108	709.6246516442393	0.023294458	-13.592493032884786
17449.27716437522	200.0	7.668726490962657	0.0	98617	331.27350903734373	0.004705182	0.2
17449.628462408502	200.0	11.317428457679751	0.0	106476	351.29803328290467	0.004705182	0.2
17450.00206540237	200.0	14.943825463810812	0.0	115230	373.6029938689386	0.004705182	0.2
17450.33089540476	200.0	18.614995461422083	0.0	97658	328.83000238872523	0.004705182	0.2
17450.65972540715	200.0	22.28616545903336	0.0	97658	328.83000238872523	0.004705182	0.2
17451.034760362163	200.0	25.911130504021017	0.0	115792	375.03495501234175	0.004705182	0.2
17451.389110867774	200.0	29.556779998407514	0.0	107674	354.35050561350425	0.004705182	0.2
17453.74053502575	1500.0	31.205355840433153	0.0	891463	2351.424157974361	0.57418156	1.5
17465.47779221263	12000.0	23.468098653550413	0.0	5088378	11737.257186882742	0.004705182	12.0
17465.759772515503	200.0	27.186118350680562	0.0	95365	281.9803028698507	0.016464332	0.2
17467.41642400338	1500.0	29.529466862805943	0.0	744416	1656.6514878746161	0.004705182	1.5
17467.713344473566	200.0	33.232546392616385	0.0	102419	296.9204701895584	0.004705182	0.2
17469.40487054323	1500.0	35.54102032295309	0.0	748011	1691.5260696632945	0.004705182	1.5
17473.123946928354	1500.0	35.821943937832216	0.0	754517	3719.0763851208776	0.004705182	1.5
17477.712263079553	1500.0	35.23362778662946	0.0	934743	4588.31615120275	0.004705182	1.5
17480.466621003743	1500.0	36.479269862441384	0.0	735572	2754.3579241880802	0.004705182	1.5
17490.301656639756	12000.0	30.644234226428658	0.0	4055239	9835.035636012728	0.008941262	12.0
17492.159583490782	1500.0	32.786307375402785	0.0	747396	1857.9268510258698	0.004705182	1.5
17493.815198120574	1500.0	35.13069274560796	0.0	662349	1655.6146297948262	0.004705182	1.5
17504.90167767581	8000.0	28.044213190372368	0.0	3690869	11086.47955523559	0.004705182	8.0
17508.448082124913	1500.0	28.49780874127105	0.0	806394	3546.4044491013137	0.004705182	1.5
17511.208749038364	1500.0	29.737141827818196	0.0	809327	2760.666913452855	0.004705182	1.5
17513.00774052907	1500.0	31.93815033711539	0.0	681795	1798.991490702805	0.004705182	1.5
17515.24395609793	1500.0	33.70193476825311	0.0	855209	2236.2155688622756	0.024259338	1.5
17525.515175806657	8000.0	27.430715059526197	0.0	3253093	10271.219708726912	0.004705182	8.0
17528.837869154962	1500.0	28.10802171121847	0.0	794014	3322.6933483077246	0.004705182	1.5
17531.79175564192	1500.0	29.154135224263445	0.0	914284	2953.8864869550234	0.004705182	1.5
17541.482811640486	8000.0	23.463079225696077	0.0	3811227	9691.055998567366	0.36299115	8.0
17543.788482953623	1500.0	25.157407912560792	0.0	707527	2305.671313135285	0.004705182	1.5
17546.251269655153	1500.0	26.69462121102923	0.0	757473	2462.7867015315655	0.004705182	1.5
17557.378490137984	8000.0	19.56740072819924	0.0	3568902	11127.220482829991	0.04406663	8.0
17559.399006884396	1500.0	21.546883981787754	0.0	633700	2020.5167464114834	0.004705182	1.5
17561.63393731764	1500.0	23.311953548539744	0.0	755142	2234.9304332480115	0.020213332	1.5
17566.25759838829	4000.0	22.688292477893224	0.0	1828568	4623.661070646519	0.72269523	4.0
17568.28947116554	1500.0	24.656419700641745	0.0	785519	2031.8727772514792	0.8808806	1.5
17578.17689961098	8000.0	18.768991255203474	0.0	4018228	9887.428445438272	0.004705182	8.0
17580.356092341004	1500.0	20.589798525176967	0.0	866245	2179.192730026505	0.5013782	1.5
17586.883826664434	4000.0	18.062064201748065	0.0	2142800	6527.734323428903	0.4634043	4.0
17593.55934545982	4000.0	15.386545406361193	0.0	2094647	6675.518795386871	0.18533783	4.0
17599.948569690205	4000.0	12.997321175973907	0.0	1985434	6389.224230387289	0.6955362	4.0
17602.00153831132	1500.0	14.944352554857595	0.0	657685	2052.968621116311	0.37281507	1.5
17606.26624664144	4000.0	14.67964422473507	0.0	1697030	4264.708330122525	0.1285885	4.0
17611.057836685366	4000.0	13.888054180811203	0.0	1910697	4791.590043923866	0.049176387	4.0
17622.337344802185	8000.0	6.608546063993101	0.0	3682991	11279.508116818102	0.29434326	8.0
17624.14138548551	1500.0	8.804505380671287	0.0	763847	1804.040683321813	0.005334506	1.5
17628.17314556112	4000.0	8.77274530506012	0.0	1750852	4031.7600756111674	0.035723675	4.0
17632.927813301834	4000.0	8.018077564341388	0.0	2034636	4754.667740718733	0.083943576	4.0

