24265.948045462945	600.0	4.0	0.8160840020106865	247108	816.0840020106865	-15.721680040213732
24266.950643716627	600.0	6.9974017463183955	0.0	309722	1002.5982536816042	0.6
24267.889868112954	600.0	10.05817734998976	0.0	288447	939.2243963286355	0.6
24270.109986147694	1500.0	11.838059315249568	0.0	718451	2220.1180347401937	1.5
24272.34751523749	1500.0	13.600530225457526	0.0	724296	2237.529089792043	1.5
24274.482374210176	1500.0	15.465671252769349	0.0	689829	2134.858972688176	1.5
24276.63736892325	1500.0	17.310676539692917	0.0	737903	2154.9947130764285	1.5
24278.774011374448	1500.0	19.1740340884945	0.0	780303	2136.6424511984187	1.5
24281.2036379291	1500.0	20.744407533844967	0.0	891463	2429.626554649535	1.5
24283.29492003107	1500.0	22.65312543187643	0.0	763093	2091.282101968536	1.5
24285.402604076862	1500.0	24.54544138608119	0.0	769316	2107.6840457952394	1.5
24290.34850043055	4000.0	23.599545032393777	0.0	1761739	4945.8963536874135	4.0
24296.36708017254	4000.0	21.58096529040517	0.0	2131310	6018.579741988605	4.0
24301.774991327922	4000.0	20.17305413501934	0.0	1805063	5407.911155385836	4.0
24304.082060156674	1500.0	21.865985306270282	0.0	754517	2307.0688287490543	1.5
24306.894376465567	1500.0	23.053668997378548	0.0	934743	2812.3163088917363	1.5
24312.108849712782	4000.0	21.839195750162197	0.0	1835863	5214.473247216348	4.0
24314.349673359407	1500.0	23.598372103533173	0.0	772616	2240.823646629027	1.5
24316.519962649552	1500.0	25.428082813386517	0.0	747396	2170.2892901466553	1.5
24319.00299494117	1500.0	26.94505052177348	0.0	662349	2483.0322916130335	1.5
24322.168293632876	1500.0	27.779751830063933	0.0	835711	3165.298691709546	1.5
24329.19801066137	4000.0	24.75003480156983	0.0	1950922	7029.717028494105	4.0
24331.970774495094	1500.0	25.97727096784486	0.0	809327	2772.763833724968	1.5
24337.927440771982	4000.0	24.020604690955988	0.0	1822097	5956.666276888872	4.0
24340.354820172244	1500.0	25.59322529069523	0.0	855209	2427.379400260756	1.5
24342.204835954857	1500.0	27.74320950808355	0.0	644861	1850.0157826116792	1.5
24348.15605424124	4000.0	25.791991221699934	0.0	2068230	5951.218286383616	4.0
24355.51448547492	4000.0	22.433559988022804	0.0	2055338	7358.431233677129	4.0
24357.959173874435	1500.0	23.988871588506793	0.0	675709	2444.6883995160088	1.5
24360.412927701233	1500.0	25.535117761708722	0.0	707527	2453.753826798071	1.5
24363.034250410394	1500.0	26.913795052545378	0.0	757473	2621.3227091633466	1.5
24369.309070020066	4000.0	24.63897544287387	0.0	1947068	6274.819609671507	4.0
24371.147943142223	1500.0	26.800102320714483	0.0	633700	1838.8731221593866	1.5
24373.323885965663	1500.0	28.624159497274867	0.0	755142	2175.942823439614	1.5
24378.522600491804	4000.0	27.42544497113572	0.0	1828568	5198.714526139144	4.0
24383.95247335967	4000.0	25.995572103267012	0.0	1785821	5429.872867868711	4.0
24390.346734037004	4000.0	23.60131142593342	0.0	2096494	6394.260677333589	4.0
24396.373192382216	4000.0	21.574853080720445	0.0	1955307	6026.458345212978	4.0
24398.532720424824	1500.0	23.415325038112453	0.0	691256	2159.5280426079935	1.5
24400.65494526524	1500.0	25.29310019769534	0.0	725845	2122.2248404171137	1.5
24406.321127761243	4000.0	23.6269177016959	0.0	1985434	5666.182495999437	4.0
24411.829446500054	4000.0	22.118598962882235	0.0	1830641	5508.318738813663	4.0
24417.117456320524	4000.0	20.830589142412695	0.0	1697030	5288.009820469541	4.0
24419.74350174615	1500.0	22.20454371678617	0.0	848035	2626.045425626522	1.5
24421.660137410156	1500.0	24.287908052782083	0.0	629438	1916.6356640040851	1.5
24423.968964780037	1500.0	25.979080682902083	0.0	763847	2308.8273698800017	1.5
24429.124072934774	4000.0	24.823972528167207	0.0	1750852	5155.108154734877	4.0
24434.38827167671	4000.0	23.559773786229155	0.0	2034636	5264.198741938053	4.0

