5467.6586520261835	600.0	4.0	0.932482373488001	247108	932.482373488001	-18.049647469760018
5470.2653300485645	1500.0	5.3933219776191805	0.0	732405	2606.678022380819	1.5
5472.566497387232	1500.0	7.092154638952974	0.0	643847	2301.1673386662064	1.5
5475.125036381173	1500.0	8.53361564501175	0.0	718451	2558.5389939412235	1.5
5477.695115746746	1500.0	9.96353627943932	0.0	724296	2570.0793655724315	1.5
5480.119379796702	1500.0	11.539272229483922	0.0	689829	2424.2640499553972	1.5
5482.70701498637	1500.0	12.951637039814834	0.0	737903	2587.635189669088	1.5
5485.43873921219	1500.0	14.219912813996048	0.0	780303	2731.7242258187844	1.5
5488.6625991451365	1500.0	14.996052881048659	0.0	891463	3223.8599329473886	1.5
5491.60498057756	1500.0	16.05367144862573	0.0	763093	2942.3814324229284	1.5
5494.570704642734	1500.0	17.08794738345166	0.0	769316	2965.7240651740713	1.5
5497.443028168699	1500.0	18.215623857487532	0.0	744416	2872.323525964131	1.5
5499.526725852003	1500.0	20.13192617418325	0.0	606092	2083.697683304282	1.5
5502.039727010752	1500.0	21.618925015434694	0.0	748011	2513.0011587485515	1.5
5504.573889764101	1500.0	23.084762262085505	0.0	754517	2534.16275334919	1.5
5507.694260563638	1500.0	23.964391462549003	0.0	934743	3120.3707995365003	1.5
5510.194489768056	1500.0	25.46416225813111	0.0	735572	2500.2292044178926	1.5
5512.82096334927	1500.0	26.8376886769178	0.0	772616	2626.4735812133076	1.5
5515.3643140548	1500.0	28.294337971386852	0.0	747396	2543.3507055309506	1.5
5517.62735741663	1500.0	30.031294609557623	0.0	662349	2263.0433618292304	1.5
5520.419240197978	1500.0	31.23941182820951	0.0	835711	2791.8827813481157	1.5
5523.102032959875	1500.0	32.55661906631243	0.0	806394	2682.792761897077	1.5
5525.794292547133	1500.0	33.864359479053746	0.0	809327	2692.2595872586794	1.5
5528.074917912771	1500.0	35.583734113416575	0.0	681795	2280.625365637167	1.5
5531.29654058453	1500.0	36.362111441657966	0.0	855209	3221.622671758612	1.5
5533.820468766821	1500.0	37.83818325936605	0.0	644861	2523.928182291914	1.5
5536.909664844324	1500.0	38.74898718186357	0.0	794014	3089.1960775024872	1.5
5540.298740160354	1500.0	39.35991186583287	0.0	914284	3389.075316030692	1.5
5542.671319150133	1500.0	40.987332876053834	0.0	675709	2372.5789897790405	1.5
5545.151851827515	1500.0	42.50680019867142	0.0	707527	2480.5326773824163	1.5
5547.801843769497	1500.0	43.856808256689156	0.0	757473	2649.9919419822727	1.5
5550.299179839456	1500.0	45.359472186730784	0.0	712239	2497.3360699583695	1.5
5552.530962521969	1500.0	47.12768950421805	0.0	633700	2231.7826825127336	1.5
5555.175111927741	1500.0	48.483540098445545	0.0	755142	2644.1494057724963	1.5
5557.531264729099	1500.0	50.12738729708731	0.0	670327	2356.1528013582347	1.5
5560.352937512788	1500.0	51.3057145133989	0.0	785519	2821.672783688414	1.5
5563.001275599384	1500.0	52.6573764268031	0.0	681043	2648.3380865958	1.5
5566.348044402269	1500.0	53.31060762391814	0.0	866245	3346.7688028849557	1.5
5569.034897585384	1500.0	54.6237544408036	0.0	691256	2686.8531831145265	1.5
5571.608144005868	1500.0	56.05050802031918	0.0	725845	2573.246420484431	1.5
5574.359079929956	1500.0	57.299572096230506	0.0	811013	2750.9359240886733	1.5
5576.605055682791	1500.0	59.05359634339516	0.0	657685	2245.975752835354	1.5
5579.71123644561	1500.0	59.94741558057688	0.0	767059	2606.18076281827	1.5
5583.685217060384	1500.0	59.97343496580237	0.0	848035	2473.980614774515	1.5
5587.98449390966	1500.0	59.67415811652706	0.0	629438	1799.2768492753128	1.5
5591.895634118274	1500.0	59.507750140700374	0.0	763847	2166.4079758266894	1.5
5595.8917132422575	1500.0	59.511671016715916	0.0	769491	2496.0791239844575	1.5
5599.510701428607	1500.0	59.892682830366375	0.0	808636	2618.988186349543	1.5

