9798.91504108589	600.0	4.0	0.851850694986725	247108	851.8506949867251	0.009983339	-16.4370138997345
9799.303074820076	200.0	7.6119662658129	0.0	98617	388.0337341870998	0.004705182	0.2
9799.715656422452	200.0	11.199384663439014	0.0	106476	412.5816023738872	0.004705182	0.2
9800.155581457591	200.0	14.759459628299235	0.0	115230	439.92503513977823	0.004705182	0.2
9800.540619720905	200.0	18.374421364985167	0.0	97658	385.0382633140715	0.004705182	0.2
9800.925657984217	200.0	21.989383101671095	0.0	97658	385.0382633140715	0.004705182	0.2
9801.367338446502	200.0	25.54770263938779	0.0	115792	441.6804622833047	0.004705182	0.2
9801.783662044816	200.0	29.1313790410745	0.0	107674	416.32359831329063	0.004705182	0.2
9802.161350628292	200.0	32.753690457598005	0.0	95305	377.6885834764954	0.004705182	0.2
9802.570649394496	200.0	36.34439169139466	0.0	105425	409.2987662033422	0.0072135516	0.2
9802.948525390122	200.0	39.966515695767605	0.0	95365	377.87599562704986	0.004705182	0.2
9803.326329544425	200.0	43.58871154146494	0.0	95342	377.80415430267067	0.004705182	0.2
9803.726238961885	200.0	47.188802124004376	0.0	102419	399.90941746056535	0.006035687	0.2
9804.058829934866	200.0	50.85621115102296	0.0	80867	332.590972981415	0.004705182	0.2
9804.397302525838	200.0	54.51773856004998	0.0	82750	338.47259097298144	0.0069256425	0.2
9804.772092468053	200.0	58.142948617835394	0.0	94377	374.7899422145869	0.43482685	0.2
9807.132807757762	200.0	59.78223332812744	0.0	89871	360.71528970794947	0.009182157	0.2
9818.341897965527	12000.0	52.573143120362964	0.0	4055239	11209.090207764479	0.004705182	12.0
9818.663804342843	200.0	56.251236743045254	0.0	90919	321.90637731770187	0.3242134	0.2
9818.972292910234	200.0	59.94274817565522	0.0	85876	308.48856739003907	0.78610617	0.2
9835.57894602879	12000.0	47.336095057097396	0.0	5251330	16606.653118557817	0.0047241338	12.0
9835.923520289902	200.0	50.99152079598657	0.0	97742	344.5742611108292	0.006268444	0.2
9849.490536794438	12000.0	41.42450429145096	0.0	5141915	13567.016504535603	0.004705182	12.0
9849.79265986588	200.0	45.12238122000736	0.0	85752	302.12307144360443	0.004705182	0.2
9850.117621389913	200.0	48.797419695974874	0.0	94556	324.96152403248317	0.004705182	0.2
9858.629282629809	8000.0	44.28575845607919	0.0	3253093	8511.661239895677	0.004705182	8.0
9879.421068974829	12000.0	27.49397211105886	0.0	5138482	20791.786345020337	0.004705182	12.0
9892.53554195078	8000.0	18.379499135107473	0.0	3354913	13114.472975951388	0.004705182	8.0
9892.881063587813	200.0	22.033977498072918	0.0	93993	345.52163703455216	0.006399686	0.2
9893.23531419252	200.0	25.679726893365913	0.0	97083	354.25060470700396	0.004705182	0.2
9893.580804755558	200.0	29.334236330326313	0.0	93982	345.49056303960174	0.04480424	0.2
9905.48925004553	8000.0	21.425791040355616	0.0	3568902	11908.445289970696	0.01838965	8.0
9908.361725740262	1500.0	22.553315345624284	0.0	633700	2872.475694731334	0.11638758	1.5
9908.83577459867	200.0	26.07926648721452	0.0	89422	474.04885840976067	0.017358888	0.2
9909.392681150766	200.0	29.52235993512	0.0	108225	556.9065520945221	0.0052098753	0.2
9909.85954281041	200.0	33.05549827547638	0.0	87791	466.86165964361453	0.09491472	0.2
9910.389405929747	200.0	36.525635156139586	0.0	102088	529.8631193368035	0.10494592	0.2
9910.823711473828	200.0	40.0913296120596	0.0	80403	434.30554407998017	0.029805368	0.2
9911.249308568042	200.0	43.665732517845164	0.0	86718	425.5970942144434	0.5368164	0.2
9911.618718037114	200.0	47.29632304877309	0.0	101968	369.40946907207353	0.055983707	0.2
9925.293348803325	12000.0	37.6216922825622	0.0	4828747	13674.63076621089	0.010707827	12.0
9930.427750183824	4000.0	36.487290902061766	0.0	1830641	5134.401380500432	0.1941087	4.0
9934.809502469569	4000.0	36.105538616317645	0.0	1697030	4381.752285744122	0.009026389	4.0
9939.616317980734	4000.0	35.29872310515431	0.0	1910697	4806.815511163338	0.006557146	4.0
9949.44789825531	8000.0	29.46714283057535	0.0	3682991	9831.580274578955	0.22610015	8.0
9955.03451729972	4000.0	27.88052378616535	0.0	2042818	5586.619044410001	0.72194755	4.0
9959.834112959807	4000.0	27.080928126080437	0.0	1750852	4799.595660084912	0.014992068	4.0
9983.614498223751	12000.0	7.300542862134687	0.0	5646381	23780.38526394575	0.006948807	12.0

