20473.425687592833	600.0	4.0	1.1454938421322125	247108	1145.4938421322124	-22.30987684264425
20476.663711685324	1500.0	4.761975907510712	0.0	732405	3238.0240924892873	1.5
20479.51988653104	1500.0	5.905801061794271	0.0	643847	2856.1748457164417	1.5
20482.685625896087	1500.0	6.740061696746326	0.0	718451	3165.739365047945	1.5
20485.50075358077	1500.0	7.924934012063768	0.0	724296	2815.1276846825585	1.5
20488.18572502283	1500.0	9.239962570005707	0.0	689829	2684.9714420580603	1.5
20491.05223623359	1500.0	10.373451359243376	0.0	737903	2866.511210762332	1.5
20494.04899557177	1500.0	11.376692021065784	0.0	780303	2996.759338177591	1.5
20497.40861848226	1500.0	12.017069110578557	0.0	891463	3359.6229104872277	1.5
20500.295978165872	1500.0	13.129709426965855	0.0	763093	2887.3596836127017	1.5
20503.20258355466	1500.0	14.223104038177432	0.0	769316	2906.6053887884223	1.5
20505.804211195762	1500.0	15.62147639707145	0.0	744416	2601.627641105983	1.5
20507.937281441773	1500.0	17.488406151062218	0.0	606092	2133.0702460092307	1.5
20510.551086751508	1500.0	18.874600841327705	0.0	748011	2613.8053097345137	1.5
20513.186930423442	1500.0	20.23875716939647	0.0	754517	2635.843671931236	1.5
20515.990431031558	1500.0	21.435256561281225	0.0	934743	2803.500608115246	1.5
20518.17804944813	1500.0	23.24763814470559	0.0	735572	2187.6184165756345	1.5
20520.471809230374	1500.0	24.953878362466735	0.0	772616	2293.759782238857	1.5
20522.693306696394	1500.0	26.732380896447143	0.0	747396	2221.4974660195917	1.5
20524.670851824463	1500.0	28.75483576837639	0.0	662349	1977.5451280707482	1.5
20527.144581863846	1500.0	30.281105728992216	0.0	835711	2473.730039384175	1.5
20529.534339114114	1500.0	31.89134847872369	0.0	806394	2389.7572502685284	1.5
20531.93249736689	1500.0	33.4931902259489	0.0	809327	2398.1582527747937	1.5
20533.965365250886	1500.0	35.4603223419532	0.0	681795	2032.8678839957036	1.5
20536.70528284215	1500.0	36.72040475068852	0.0	855209	2739.9175912646742	1.5
20538.80778132299	1500.0	38.617906269849556	0.0	644861	2102.498480838969	1.5
20541.378073197928	1500.0	40.04761439491081	0.0	794014	2570.2918749387436	1.5
20544.32557177678	1500.0	41.100115816061454	0.0	914284	2947.498578849358	1.5
20546.341305965205	1500.0	43.084381627633704	0.0	675709	2015.7341884277464	1.5
20548.428759504714	1500.0	44.99692808812455	0.0	707527	2087.4535395091507	1.5
20550.6579239252	1500.0	46.76776366763937	0.0	757473	2229.164420485175	1.5
20552.758746736945	1500.0	48.66694085589303	0.0	712239	2100.822811746347	1.5
20554.636732266805	1500.0	50.78895532603063	0.0	633700	1877.985529862392	1.5
20557.025065986338	1500.0	52.400621606497246	0.0	755142	2388.333719533385	1.5
20559.17657385693	1500.0	54.24911373590333	0.0	670327	2151.507870593916	1.5
20561.684058936604	1500.0	55.741628656231676	0.0	785519	2507.4850796716564	1.5
20563.86868240353	1500.0	57.55700518930748	0.0	681043	2184.6234669241912	1.5
20566.60954725407	1500.0	58.81614033876524	0.0	866245	2740.864850542249	1.5
20569.799407043087	1500.0	59.62628054974938	0.0	691256	2189.8597890158526	1.5
20573.594839789504	1500.0	59.83084780333097	0.0	725845	2295.4327464184203	1.5
20577.61371009853	1500.0	59.81197749430923	0.0	811013	2518.8703090217305	1.5
20581.576879088665	1500.0	59.84880850416983	0.0	657685	1963.1689901394084	1.5
20583.986250050926	1500.0	59.572465692022156	0.0	767059	2276.3428121476763	1.5
20587.701433581708	1500.0	59.857282161239475	0.0	848035	2715.183530782676	1.5
20591.737348905073	1500.0	59.821366837875715	0.0	629438	2035.91532336376	1.5
20595.69632936616	1500.0	59.86238637678611	0.0	763847	2458.980461089605	1.5
20599.79966433911	1500.0	59.75905140383972	0.0	769491	2603.3349729463844	1.5
20604.031364617844	1500.0	59.527351125105504	0.0	808636	2731.700278734219	1.5

