30954.655451304086	600.0	4.0	1.032361315187282	247108	1032.361315187282	-20.04722630374564
30955.92912877006	600.0	6.726322534023847	0.0	309722	1273.6774659761531	0.6
30957.120811776203	600.0	9.534639527881488	0.0	288447	1191.6830061423582	0.6
30958.27875276139	600.0	12.376698542695413	0.0	279692	1157.9409851860773	0.6
30958.735129492692	200.0	15.920321811393473	0.0	97658	456.3767313019391	0.2
30959.191506223997	200.0	19.463945080091534	0.0	97658	456.3767313019391	0.2
30960.535388676122	600.0	22.120062627965794	0.0	327938	1343.8824521257377	0.6
30961.67456439574	600.0	24.98088690834638	0.0	274823	1139.1757196194146	0.6
30965.23865284379	1500.0	25.4167984602997	0.0	891463	3564.0884480466816	1.5
30968.42752866178	1500.0	26.227922642307693	0.0	763093	3188.8758179920046	1.5
30971.641757266676	1500.0	27.01369403741375	0.0	769316	3214.2286048939477	1.5
30974.723889185938	1500.0	27.931562118148204	0.0	744416	3082.131919265547	1.5
30976.83167330655	1500.0	29.82377799753678	0.0	606092	2107.7841206114213	1.5
30979.4142716379	1500.0	31.24117966618994	0.0	748011	2582.598331346842	1.5
30982.018636901477	1500.0	32.63681440261384	0.0	754517	2604.3652635761036	1.5
30990.020671644743	4000.0	28.63477965934685	0.0	2231719	8002.034743266983	4.0
30997.084871006256	4000.0	25.570580297833647	0.0	1835863	7064.199361513206	4.0
31006.077709482728	4000.0	20.577741821361204	0.0	2192675	8992.838476472445	4.0
31013.452765091803	4000.0	17.202686212288604	0.0	2082556	7375.055609072599	4.0
31022.56528092503	4000.0	12.090170379060028	0.0	2164412	9112.515833228577	4.0
31031.47947162236	4000.0	7.175979681733308	0.0	2379358	8914.19069732672	4.0
31034.3725148352	1500.0	8.282936468895912	0.0	806394	2893.043212837396	1.5
31037.565856371468	1500.0	9.08959493262829	0.0	809327	3193.341536267622	1.5
31040.404833583838	1500.0	10.250617720255695	0.0	681795	2838.9772123725943	1.5
31043.945554391143	1500.0	10.709896912951516	0.0	855209	3540.7208073041807	1.5
31046.55335603104	1500.0	12.102095273054331	0.0	644861	2607.8016398971836	1.5
31049.564716699257	1500.0	13.090734604834022	0.0	794014	3011.3606682203094	1.5
31053.02009315003	1500.0	13.6353581540622	0.0	914284	3455.376450771823	1.5
31055.594692471655	1500.0	15.060758832435027	0.0	675709	2574.5993216271722	1.5
31058.191686111717	1500.0	16.4637651923729	0.0	707527	2596.99364006213	1.5
31060.95069493154	1500.0	17.704756372549294	0.0	757473	2759.0088198236035	1.5
31063.54972143522	1500.0	19.105729868868842	0.0	712239	2599.026503680453	1.5
31065.87097345229	1500.0	20.78447785180392	0.0	633700	2321.252017064922	1.5
31069.024978793965	1500.0	21.630472510129657	0.0	755142	3154.0053416742644	1.5
31071.895319351243	1500.0	22.760131952854113	0.0	670327	2870.340557275542	1.5
31075.24516455248	1500.0	23.410286751615725	0.0	785519	3349.84520123839	1.5
31078.146970277863	1500.0	24.508481026229592	0.0	681043	2901.80572538613	1.5
31081.802801031215	1500.0	24.85265027287562	0.0	866245	3655.8307533539733	1.5
31084.73628297136	1500.0	25.91916833273114	0.0	691256	2933.4819401444793	1.5
31087.819384476355	1500.0	26.836066827734694	0.0	725845	3083.10150499645	1.5
31091.270353458534	1500.0	27.385097845555652	0.0	811013	3450.968982179041	1.5
31094.08401584748	1500.0	28.57143545661192	0.0	657685	2813.6623889437324	1.5
31100.75324989107	4000.0	25.902201413020645	0.0	1697030	6669.234043591276	4.0
31107.88753504892	4000.0	22.767916255168817	0.0	1910697	7134.2851578518275	4.0
31115.98703274052	4000.0	18.668418563571404	0.0	2171279	8099.497691597415	4.0
31123.75063251173	4000.0	14.904818792362967	0.0	2042818	7763.599771208436	4.0
31130.143609912193	4000.0	12.511841391897281	0.0	1750852	6392.977400465685	4.0
31137.160361670132	4000.0	9.495089633959928	0.0	2034636	7016.751757937353	4.0

