28140.323364304957	600.0	4.0	1.1454938421322125	247108	1145.4938421322124	-22.30987684264425
28140.82858650023	200.0	7.494777804726871	0.0	98617	505.2221952731291	0.2
28142.152328112323	600.0	10.171036192632119	0.0	288447	1323.741612094753	0.6
28145.33018458145	1500.0	10.993179723502305	0.0	718451	3177.856469129814	1.5
28148.53324384251	1500.0	11.790120462446437	0.0	724296	3203.059261055866	1.5
28155.78192616261	4000.0	8.541438142344624	0.0	1863995	7248.682320101813	4.0
28157.100304260322	600.0	11.223060044633982	0.0	327938	1318.3780977106442	0.6
28164.82176920049	4000.0	7.501595104462349	0.0	2058614	7721.464940171632	4.0
28165.971316463147	600.0	10.352047841810306	0.0	290723	1149.547262652043	0.6
28168.85867614676	1500.0	11.464688158197603	0.0	763093	2887.3596836127017	1.5
28176.123155638757	4000.0	8.20020866619962	0.0	2094766	7264.479491997983	4.0
28177.170675645535	600.0	11.15268865942484	0.0	285624	1047.520006774781	0.6
28183.8148175089	4000.0	8.508546796054958	0.0	2131310	6644.141863369882	4.0
28184.65929952033	600.0	11.66406478462966	0.0	266809	844.482011425297	0.6
28190.920711852013	4000.0	9.402652452944956	0.0	2157416	6261.412331684703	4.0
28193.678099607117	1500.0	10.645264697842915	0.0	934743	2757.387755102041	1.5
28195.86500114668	1500.0	12.45836315827972	0.0	735572	2186.9015395631936	1.5
28202.378166846247	4000.0	9.945197458715565	0.0	2192675	6513.165699564155	4.0
28204.802249174973	1500.0	11.52111512998872	0.0	747396	2424.082328726845	1.5
28211.585446005458	4000.0	8.737918299502049	0.0	2164412	6783.196830486671	4.0
28212.46171781706	600.0	11.861646487897568	0.0	280646	876.2718116044829	0.6
28218.07703346467	4000.0	10.246330840287978	0.0	1950922	5615.315647609591	4.0
28220.453322299963	1500.0	11.87004200499219	0.0	809327	2376.288835295787	1.5
28226.113795523182	4000.0	10.209568781774895	0.0	1822097	5660.473223217296	4.0
28228.836643229602	1500.0	11.486721075352877	0.0	855209	2722.8477064220187	1.5
28235.002850528064	4000.0	9.32051377689118	0.0	1984579	6166.207298461696	4.0
28237.50634950748	1500.0	10.817014797474535	0.0	794014	2503.4989794166463	1.5
28240.37693801209	1500.0	11.946426292867601	0.0	914284	2870.588504606933	1.5
28246.721711977527	4000.0	9.601652327430802	0.0	2165436	6344.7739654368	4.0
28248.8275950463	1500.0	11.495769258657202	0.0	707527	2105.8830687736	1.5
28255.791300643443	4000.0	8.532063661514613	0.0	2290706	6963.705597142589	4.0
28256.783039621885	600.0	11.540324683072196	0.0	293409	991.7389784424162	0.6
28264.931516962253	4000.0	7.391847342706071	0.0	2544033	8148.477340366126	4.0
28266.14067256153	600.0	10.1826917434275	0.0	344336	1209.1555992785702	0.6
28268.418826357236	1500.0	11.904537947723286	0.0	670327	2278.153795704214	1.5
28275.04312722822	4000.0	9.280237076736924	0.0	1785821	6624.300870986362	4.0
28278.025505238023	1500.0	10.297859066935093	0.0	681043	2982.378009801833	1.5
28281.79715237205	1500.0	10.526211932905687	0.0	866245	3771.6471340294056	1.5
28284.46639032833	1500.0	11.856973976627502	0.0	691256	2669.237956278187	1.5
28292.21224544853	4000.0	8.111118856428046	0.0	2094647	7745.855120199455	4.0
28293.466686427346	600.0	10.85667787760892	0.0	315398	1254.4409788191267	0.6
28296.002739642427	1500.0	12.320624662531314	0.0	657685	2536.0532150776057	1.5
28302.420113898468	4000.0	9.903250406492102	0.0	1697030	6417.374256039212	4.0
28306.270659318638	1500.0	10.05270498632137	0.0	848035	3850.545420170731	1.5
28309.179117443673	1500.0	11.144246861286264	0.0	629438	2908.4581250351066	1.5
28317.459108798437	4000.0	6.864255506521944	0.0	2042818	8279.991354764321	4.0
28317.892522557206	200.0	10.430841747751943	0.0	95393	433.41375877000024	0.2
28320.96837223419	1500.0	11.354992070765814	0.0	808636	3075.84967698613	1.5

