11586.92296905526	600.0	4.0	0.8700187827198977	247108	870.0187827198978	-16.800375654397953
11587.993168471796	600.0	6.929800583463214	0.0	309722	1070.1994165367862	0.6
11590.131585128473	1500.0	8.791383926787356	0.0	643847	2138.4166566758586	1.5
11592.508515152851	1500.0	10.414453902409782	0.0	718451	2376.930024377573	1.5
11594.904131985364	1500.0	12.018837069895696	0.0	724296	2395.6168325140875	1.5
11597.109257819147	1500.0	13.813711236112626	0.0	689829	2205.12583378307	1.5
11599.259874280327	1500.0	15.663094774933018	0.0	737903	2150.616461179607	1.5
11601.529468626073	1500.0	17.393500429188617	0.0	780303	2269.594345744401	1.5
11604.110987067294	1500.0	18.811981987967272	0.0	891463	2581.5184412213475	1.5
11606.332288738666	1500.0	20.59068031659457	0.0	763093	2221.3016713727006	1.5
11611.745171006956	4000.0	19.177798048303792	0.0	2094766	5412.8822682907785	4.0
11616.265666918991	4000.0	18.657302136269895	0.0	1761739	4520.495912033901	4.0
11620.737960888251	4000.0	18.185008167008647	0.0	2131310	4472.2939692612445	4.0
11624.403837398351	4000.0	18.5191316569082	0.0	1805063	3665.8765101004456	4.0
11632.35568377296	4000.0	14.567285282302171	0.0	2157416	7951.84637460603	4.0
11640.459744270169	4000.0	10.463224785092686	0.0	2231719	8104.060497209484	4.0
11644.369295656685	4000.0	10.553673398575862	0.0	1835863	3909.5513865168246	4.0
11649.105847895189	4000.0	9.817121160073203	0.0	2192675	4736.55223850266	4.0
11653.764780972006	4000.0	9.158188083255832	0.0	2082556	4658.93307681737	4.0
11658.884380420452	4000.0	8.038588634810383	0.0	2164412	5119.599448445449	4.0
11661.34434873827	1500.0	9.578620316991826	0.0	835711	2459.968317818557	1.5
11663.720827032415	1500.0	11.20214202284591	0.0	806394	2376.478294145916	1.5
11666.105658031116	1500.0	12.817311024145235	0.0	809327	2384.8309987006746	1.5
11668.091590361195	1500.0	14.831378694065716	0.0	681795	1985.9323300795209	1.5
11670.04363611113	1500.0	16.8793329441307	0.0	855209	1952.0457499350146	1.5
11671.535231749562	1500.0	19.387737305697467	0.0	644861	1491.5956384332292	1.5
11673.353322127574	1500.0	21.569646927685895	0.0	794014	1818.0903780115743	1.5
11677.932440784625	4000.0	20.990528270632552	0.0	2055338	4579.118657053344	4.0
11683.351783170385	4000.0	19.57118588487244	0.0	2165436	5419.3423857601165	4.0
11688.415234707029	4000.0	18.50773434822941	0.0	2002600	5063.451536643027	4.0
11693.647048568719	4000.0	17.275920486539086	0.0	2290706	5231.813861690322	4.0
11698.102912487924	4000.0	16.820056567333545	0.0	1947068	4455.86391920554	4.0
11705.522605228969	4000.0	13.40036382628785	0.0	2544033	7419.6927410456965	4.0
11710.754160999422	4000.0	12.168808055835433	0.0	2125133	5231.555770452416	4.0
11714.285958212698	4000.0	12.637010842560146	0.0	1828568	3531.7972132752866	4.0
11717.737061694334	4000.0	13.185907360923979	0.0	1785821	3451.1034816361685	4.0
11723.064192419339	4000.0	11.858776635919142	0.0	2096494	5327.130725004836	4.0
11728.5587741878	4000.0	10.364194867456552	0.0	1955307	5494.581768462591	4.0
11734.47320918321	4000.0	8.449759872047464	0.0	2142800	5914.4349954090885	4.0
11736.526217235943	1500.0	10.396751819313952	0.0	725845	2053.008052733512	1.5
11738.810730844043	1500.0	12.112238211213649	0.0	811013	2284.5136081003025	1.5
11740.084855021556	1500.0	14.838114033700831	0.0	657685	1274.124177512818	1.5
11741.271872024217	1500.0	17.651097031039935	0.0	767059	1187.017002660894	1.5
11744.10938359234	4000.0	18.813585462916542	0.0	1910697	2837.5115681233933	4.0
11747.3229662379	4000.0	19.600002817356625	0.0	2171279	3213.582645559915	4.0
11761.005056118547	8000.0	9.917912936709529	0.0	3954105	13682.089880647096	8.0
11763.806358599557	4000.0	11.116610455700805	0.0	1750852	2801.3024810087236	4.0
11767.048738969086	4000.0	11.87423008617233	0.0	2034636	3242.3803695284723	4.0

