25032.649564229218	600.0	4.0	0.6271757753574049	247108	627.1757753574049	-11.943515507148097
25033.41538733286	600.0	7.234176896356063	0.0	309722	765.8231036439378	0.6
25034.9210695505	1500.0	9.728494678716247	0.0	643847	1505.6822176398136	1.5
25036.59194877327	1500.0	12.057615455941985	0.0	718451	1670.879222774264	1.5
25038.27577068672	1500.0	14.373793542494154	0.0	724296	1683.8219134478322	1.5
25042.483248993318	4000.0	14.1663152358941	0.0	1863995	4207.478306600053	4.0
25048.123388062984	4000.0	12.526176166228026	0.0	2046450	5640.139069666074	4.0
25053.52264037666	4000.0	11.126923852552098	0.0	2058614	5399.252313675928	4.0
25057.417956564175	4000.0	11.231607665035245	0.0	1857129	3895.316187516853	4.0
25062.373402950332	4000.0	10.27616127888201	0.0	2373154	4955.446386153234	4.0
25067.237023065074	4000.0	9.412541164137995	0.0	2094766	4863.620114744014	4.0
25071.38717309034	4000.0	9.26239113886906	0.0	1761739	4150.150025268935	4.0
25076.924041440554	4000.0	7.725522788657678	0.0	2131310	5536.868350211382	4.0
25081.841893294884	4000.0	6.807670934324199	0.0	1805063	4917.8518543334785	4.0
25083.861709451583	1500.0	8.787854777627665	0.0	754517	2019.8161566965346	1.5
25086.160914413522	1500.0	10.488649815687998	0.0	934743	2299.2049619396676	1.5
25087.98726076997	1500.0	12.662303459241482	0.0	735572	1826.3463564465153	1.5
25089.901554539352	1500.0	14.748009689858906	0.0	772616	1914.293769382577	1.5
25091.75597265399	1500.0	16.893591575217922	0.0	747396	1854.4181146409865	1.5
25096.964212660238	4000.0	15.685351568972976	0.0	2164412	5208.240006244946	4.0
25102.67566261734	4000.0	13.973901611871115	0.0	2379358	5711.449957101861	4.0
25107.556605976984	4000.0	13.09295825222905	0.0	1950922	4880.943359642066	4.0
25112.23709295514	4000.0	12.412471274074653	0.0	1849252	4680.486978154397	4.0
25116.48694622885	4000.0	12.162618000361483	0.0	1822097	4249.853273713171	4.0
25120.56593822798	4000.0	12.083626001232325	0.0	1836837	4078.9919991291567	4.0
25125.267090452755	4000.0	11.382473776457715	0.0	1984579	4701.152224774612	4.0
25131.41561786886	4000.0	9.233946360356487	0.0	2068230	6148.5274161012285	4.0
25136.27863423404	4000.0	8.370929995172974	0.0	2055338	4863.016365183513	4.0
25140.28356977565	4000.0	8.365994453563893	0.0	2165436	4004.9355416090807	4.0
25143.99335884151	4000.0	8.656205387700785	0.0	2002600	3709.789065863108	4.0
25150.497842253	4000.0	6.151721976214838	0.0	2290706	6504.483411485948	4.0
25156.590367855097	4000.0	4.059196374117994	0.0	1947068	6092.525602096844	4.0
25158.882814394332	1500.0	5.7667498348843385	0.0	633700	2292.4465392336565	1.5
25161.599253252672	1500.0	7.050310976544459	0.0	755142	2716.4388583398795	1.5
25164.019576199345	1500.0	8.629988029874301	0.0	670327	2420.322946670158	1.5
25166.859925560224	1500.0	9.789638668993176	0.0	785519	2840.349360881126	1.5
25169.339548550754	1500.0	11.310015678462454	0.0	681043	2479.6229905307205	1.5
25172.471722080816	1500.0	12.177842148402997	0.0	866245	3132.1735300594582	1.5
25174.98733009667	1500.0	13.662234132547459	0.0	691256	2515.6080158555383	1.5
25176.844362881457	1500.0	15.805201347763	0.0	725845	1857.0327847844596	1.5
25178.853623660525	1500.0	17.79594056869669	0.0	811013	2009.26077906631	1.5
25180.498143434535	1500.0	20.15142079468539	0.0	657685	1644.5197740112994	1.5
25182.402845188924	1500.0	22.246719040299425	0.0	767059	1904.701754385965	1.5
25186.976611754137	4000.0	21.67295247508327	0.0	1910697	4573.766565216154	4.0
25192.042827935442	4000.0	20.606736293779182	0.0	2171279	5066.216181304091	4.0
25197.034554948532	4000.0	19.615009280689367	0.0	2042818	4991.727013089812	4.0
25201.932861106085	4000.0	18.71670312313863	0.0	1750852	4898.306157550739	4.0
25215.842555277173	12000.0	8.807008952049136	0.0	5646381	13909.694171089492	12.0

