1213.291003239366	600.0	4.0	0.5803388972551602	247108	580.3388972551602	-11.006777945103204
1214.853960934156	1500.0	6.437042305210007	0.0	732405	1562.9576947899925	1.5
1216.2376083190286	1500.0	9.053394920337633	0.0	643847	1383.6473848723758	1.5
1217.7723122584875	1500.0	11.518690980878501	0.0	718451	1534.7039394591313	1.5
1219.3188510266632	1500.0	13.972152212702953	0.0	724296	1546.5387681755485	1.5
1220.795601763809	1500.0	16.495401475557134	0.0	689829	1476.750737145822	1.5
1222.3696916892718	1500.0	18.92131155009428	0.0	737903	1574.0899254628516	1.5
1224.2639332193492	1500.0	21.02707002001679	0.0	780303	1894.2415300774935	1.5
1226.771829998814	1500.0	22.519173240551954	0.0	891463	2507.896779464833	1.5
1228.930111472226	1500.0	24.360891767140092	0.0	763093	2158.281473411861	1.5
1231.105341267283	1500.0	26.18566197208324	0.0	769316	2175.229795056853	1.5
1233.2127559877838	1500.0	28.078247251582113	0.0	744416	2107.414720501123	1.5
1234.89674265162	1500.0	30.394260587746146	0.0	606092	1683.9866638359674	1.5
1236.934182054976	1500.0	32.35682118439002	0.0	748011	2037.4394033561218	1.5
1238.9886467437334	1500.0	34.3023564956327	0.0	754517	2054.464688757319	1.5
1241.5147374833234	1500.0	35.77626575604289	0.0	934743	2526.0907395898075	1.5
1243.5196257761497	1500.0	37.77137746321635	0.0	735572	2004.888292826535	1.5
1245.219302385628	1500.0	40.07170085373814	0.0	772616	1699.6766094782158	1.5
1246.720359295231	1500.0	42.57064394413517	0.0	747396	1501.0569096029758	1.5
1248.059712600599	1500.0	45.23129063876744	0.0	662349	1339.3533053677318	1.5
1249.72868670667	1500.0	47.562316532696215	0.0	835711	1668.9741060712292	1.5
1251.3419191103253	1500.0	49.94908412904088	0.0	806394	1613.2324036553339	1.5
1255.095593118945	4000.0	50.19541012042108	0.0	1849252	3753.6740086197974	4.0
1260.0497909387807	4000.0	49.241212300585595	0.0	1822097	4954.197819835485	4.0
1262.417516478806	1500.0	50.87348676056018	0.0	855209	2367.7255400254135	1.5
1264.2225509200553	1500.0	53.068452319310936	0.0	644861	1805.0344412492477	1.5
1266.5293208377354	1500.0	54.76168240163073	0.0	794014	2306.7699176802066	1.5
1269.2165791121042	1500.0	56.07442412726211	0.0	914284	2687.2582743686175	1.5
1271.223494470259	1500.0	58.067508769107164	0.0	675709	2006.915358154954	1.5
1273.3211450307954	1500.0	59.96985820857105	0.0	707527	2097.6505605361185	1.5
1277.4437916781474	1500.0	59.847211561219034	0.0	757473	2122.6466473520113	1.5
1281.4112083113332	1500.0	59.879794928033014	0.0	712239	1467.4166331860185	1.5
1283.1006031029617	1500.0	59.565369516829776	0.0	633700	1314.4254112032338	1.5
1287.153637739588	1500.0	59.51233488020347	0.0	755142	1553.0346366263122	1.5
1291.0412260989508	1500.0	59.624746520840844	0.0	670327	1387.588359362618	1.5
1294.8413988979294	1500.0	59.51245630955865	0.0	785519	1612.2902112822012	1.5
1298.4645406675654	1500.0	59.88931453992259	0.0	681043	2123.1417696360604	1.5
1302.6432919097606	1500.0	59.710563297727326	0.0	866245	2678.751242195264	1.5
1306.6932075415461	1500.0	59.6606476659418	0.0	691256	2049.915631785526	1.5
1310.8319407673355	1500.0	59.52191444015251	0.0	725845	2138.7332257892967	1.5
1314.7120246758677	1500.0	59.64183053162027	0.0	811013	2380.0839085322323	1.5
1318.6549241040548	1500.0	59.69893110343326	0.0	657685	1942.8994281870166	1.5
1322.4076264957555	1500.0	59.94622871173251	0.0	767059	2252.7023917007455	1.5
1326.403819761328	1500.0	59.95003544616019	0.0	848035	1996.193265572314	1.5
1330.7240000435731	1500.0	59.62985516391504	0.0	629438	1320.1802822451543	1.5
1333.664495844987	1500.0	59.544849129878145	0.0	763847	1585.0060340368939	1.5
1337.2549676889325	1500.0	59.954377285932615	0.0	769491	1590.4718439455282	1.5
1341.4222791844545	1500.0	59.78706579041059	0.0	808636	1667.3114955220217	1.5

