29655.988108443096	600.0	4.0	0.6337279067813226	247108	633.7279067813226	-12.074558135626452
29657.70930616865	1500.0	6.278802274446094	0.0	732405	1721.1977255539061	1.5
29659.232060153132	1500.0	8.756048289963866	0.0	643847	1522.7539844822275	1.5
29660.92198928677	1500.0	11.066119156326153	0.0	718451	1689.9291336377132	1.5
29662.62501609274	1500.0	13.36309235035433	0.0	724296	1703.0268059718217	1.5
29664.250808087363	1500.0	15.737300355732332	0.0	689829	1625.7919946219995	1.5
29668.884943436457	4000.0	15.103165006639973	0.0	2046450	4634.135349092359	4.0
29673.52937125165	4000.0	14.45873719144638	0.0	2058614	4644.427815193593	4.0
29677.839034961245	4000.0	14.149073481851975	0.0	1857129	4309.663709594405	4.0
29683.537380403148	4000.0	12.450728039950903	0.0	2373154	5698.34544190107	4.0
29689.90301341309	4000.0	10.085095030005496	0.0	2094766	6365.633009945408	4.0
29696.445372543556	4000.0	7.542735899542592	0.0	1761739	6542.3591304629035	4.0
29697.987817423666	1500.0	10.00029101943401	0.0	606092	1542.444880108581	1.5
29699.872699945154	1500.0	12.11540849794404	0.0	748011	1884.8825214899714	1.5
29701.77328085301	1500.0	14.214827590087003	0.0	754517	1900.5809078570355	1.5
29704.108730709744	1500.0	15.879377733353477	0.0	934743	2335.4498567335245	1.5
29705.96359905539	1500.0	18.024509387704253	0.0	735572	1854.8683456492233	1.5
29714.54984025757	4000.0	13.438268185525164	0.0	2192675	8586.241202179088	4.0
29721.290240711813	4000.0	10.697867731282901	0.0	2082556	6740.400454242264	4.0
29727.478733802458	4000.0	8.50937464063723	0.0	2164412	6188.493090645672	4.0
29729.555206516154	1500.0	10.432901926938088	0.0	835711	2076.4727136991414	1.5
29731.56164235042	1500.0	12.42646609267157	0.0	806394	2006.4358342665173	1.5
29733.575084978267	1500.0	14.41302346482536	0.0	809327	2013.4426278462113	1.5
29735.28385989428	1500.0	16.70424854881192	0.0	681795	1708.7749160134379	1.5
29741.176866194142	4000.0	14.811242248946092	0.0	1836837	5893.0062998658295	4.0
29749.143255746156	4000.0	10.844852696932412	0.0	1984579	7966.38955201368	4.0
29758.28442308419	4000.0	5.703685358895462	0.0	2068230	9141.16733803695	4.0
29760.644326455295	1500.0	7.3437819877937365	0.0	914284	2359.9033711017255	1.5
29762.40930751915	1500.0	9.578800923940737	0.0	675709	1764.9810638529993	1.5
29764.253631506494	1500.0	11.734476936596005	0.0	707527	1844.3239873447314	1.5
29766.222503286182	1500.0	13.765605156909892	0.0	757473	1968.871779686112	1.5
29768.092788718932	1500.0	15.895319724162606	0.0	712239	1870.2854327472871	1.5
29769.88978390961	1500.0	18.098324533483204	0.0	633700	1796.9951906794015	1.5
29775.727781606554	4000.0	16.260326836538137	0.0	2125133	5837.997696945065	4.0
29780.178160285308	4000.0	15.809948157783346	0.0	1828568	4450.378678754791	4.0
29784.013089781332	4000.0	15.975018661758641	0.0	1785821	3834.9294960247057	4.0
29788.531124481317	4000.0	15.456983961775444	0.0	2096494	4518.034699983197	4.0
29793.37965710741	4000.0	14.608451335683716	0.0	1955307	4848.532626091728	4.0
29798.690190894307	4000.0	13.297917548786831	0.0	2142800	5310.533786896885	4.0
29803.993505265516	4000.0	11.994603177576009	0.0	2094647	5303.314371210822	4.0
29809.1577688641	4000.0	10.83033957898925	0.0	1985434	5164.263598586761	4.0
29815.36249044159	4000.0	8.625618001505613	0.0	1830641	6204.721577483638	4.0
29821.58070684709	4000.0	6.407401596001987	0.0	1697030	6218.216405503625	4.0
29825.05972986871	1500.0	6.928378574383211	0.0	848035	3479.023021618778	1.5
29827.662590661817	1500.0	8.32551778127717	0.0	629438	2602.8607931060396	1.5
29830.623416973558	1500.0	9.364691469534351	0.0	763847	2960.826311742819	1.5
29833.472615354123	1500.0	10.515493088967549	0.0	769491	2849.198380566802	1.5
29836.462686429248	1500.0	11.525422013843842	0.0	808636	2990.0710751237066	1.5

