27995.77938495907	600.0	4.0	0.6852674443525918	247108	685.2674443525918	-13.105348887051836
27997.653341053498	1500.0	6.1260439055754565	0.0	732405	1873.956094424543	1.5
27999.31038278523	1500.0	8.469002173846484	0.0	643847	1657.0417317289734	1.5
28001.150159889417	1500.0	10.62922506965494	0.0	718451	1839.7771041915435	1.5
28003.004253762843	1500.0	12.775131196227917	0.0	724296	1854.093873427023	1.5
28004.773924011766	1500.0	15.005460947307187	0.0	689829	1769.6702489207312	1.5
28008.596457598986	4000.0	15.18292736009074	0.0	2046450	3822.5335872164474	4.0
28012.198541475886	4000.0	15.580843483190035	0.0	2058614	3602.0838769007037	4.0
28015.455904550374	4000.0	16.323480408701702	0.0	1857129	3257.363074488334	4.0
28024.46482801628	4000.0	11.31455694279295	0.0	2373154	9008.92346590875	4.0
28031.496608158883	4000.0	8.282776800193023	0.0	2094766	7031.780142599928	4.0
28036.779822624954	4000.0	6.999562334119382	0.0	1761739	5283.214466073641	4.0
28038.09564166408	1500.0	9.683743294996152	0.0	606092	1315.819039123232	1.5
28039.700832947372	1500.0	12.078552011703174	0.0	748011	1605.1912832929784	1.5
28041.319289937306	1500.0	14.460095021770716	0.0	754517	1618.4569899324583	1.5
28043.305226983313	1500.0	16.474157975765873	0.0	934743	1985.9370460048426	1.5
28047.11104700827	4000.0	16.66833795080741	0.0	1835863	3805.8200249584625	4.0
28051.545912946705	4000.0	16.233472012376428	0.0	2192675	4434.865938430983	4.0
28055.76207183449	4000.0	16.017313124590924	0.0	2082556	4216.158887785502	4.0
28060.8130447087	4000.0	14.966340250381188	0.0	2164412	5050.972874209735	4.0
28066.54036684719	4000.0	13.239018111889525	0.0	2379358	5727.322138491663	4.0
28078.10087678579	4000.0	5.678508173293578	0.0	1950922	11560.509938595947	4.0
28079.357176858004	600.0	8.422208101079145	0.0	346141	1256.3000722144345	0.6
28080.45302155449	600.0	11.326363404592165	0.0	298925	1095.8446964869804	0.6
28081.712033491112	600.0	14.06735146797095	0.0	346939	1259.011936621214	0.6
28082.544446727592	600.0	17.234938231489917	0.0	221407	832.4132364810331	0.6
28083.727737157053	600.0	20.051647802026427	0.0	324657	1183.290429463489	0.6
28086.914772542128	1500.0	20.864612416953577	0.0	914284	3187.0353850728516	1.5
28088.630712913768	1500.0	23.148672045313525	0.0	675709	1715.940371640052	1.5
28090.269206794295	1500.0	25.510178164784318	0.0	707527	1638.493880529207	1.5
28092.017718434367	1500.0	27.761666524711075	0.0	757473	1748.511640073241	1.5
28096.386591598184	4000.0	27.392793360896487	0.0	1947068	4368.8731638145855	4.0
28101.25304857194	4000.0	26.526336387140454	0.0	2544033	4866.456973756033	4.0
28105.131787022823	4000.0	26.647597936258418	0.0	2125133	3878.7384508820346	4.0
28109.20374692253	4000.0	26.57563803655141	0.0	1828568	4071.959899707009	4.0
28116.414374059364	4000.0	23.365010899719287	0.0	1785821	7210.627136832123	4.0
28125.40579989366	4000.0	18.37358506542674	0.0	2096494	8991.425834292548	4.0
28132.182497050882	4000.0	15.59688790820492	0.0	1955307	6776.697157221821	4.0
28138.84785802559	4000.0	12.931526933496288	0.0	2142800	6665.360974708632	4.0
28141.607550681165	1500.0	14.17183427792048	0.0	725845	2759.6926555758096	1.5
28144.681668681118	1500.0	15.097716277966628	0.0	811013	3074.117999953852	1.5
28147.189726550474	1500.0	16.589658408611083	0.0	657685	2508.057869355546	1.5
28149.8300103821	1500.0	17.94937457699025	0.0	767059	2640.283831620827	1.5
28152.498392900554	1500.0	19.280992058533904	0.0	848035	2668.3825184563443	1.5
28154.499571054348	1500.0	21.27981390474058	0.0	629438	2001.1781537933273	1.5
28159.994036086897	4000.0	19.785348872190873	0.0	2042818	5494.465032549705	4.0
28163.268839302957	4000.0	20.51054565613339	0.0	1750852	3274.8032160574785	4.0
28172.63475988991	8000.0	15.144625069183876	0.0	4346302	9365.920586949516	8.0

