10951.061902023077	600.0	4.0	0.8617090434576299	247108	861.7090434576298	-16.634180869152598
10951.453870072426	200.0	7.6080319506504805	0.0	98617	391.9680493495196	0.2
10952.44635217927	600.0	10.615549843805606	0.0	288447	992.4821068448733	0.6
10954.799122158312	1500.0	12.262779864763333	0.0	718451	2352.7699790422716	1.5
10961.704871577522	4000.0	9.35703044555442	0.0	2069289	6905.749419208914	4.0
10964.706947189085	1500.0	10.354954833990298	0.0	689829	3002.0756115641216	1.5
10967.9126614748	1500.0	11.149240548276012	0.0	737903	3205.714285714286	1.5
10976.605528392223	4000.0	6.45637363085204	0.0	2058614	8692.866917423971	4.0
10977.081858476695	200.0	9.980043546381605	0.0	95305	476.33008447043534	0.2
10980.335214682022	1500.0	10.72668734105347	0.0	763093	3253.356205328135	1.5
10983.695824719518	1500.0	11.366077303557418	0.0	769316	3360.610037496051	1.5
10991.29617354135	4000.0	7.765728481724657	0.0	1761739	7600.348821832762	4.0
10992.346208958532	600.0	10.715693064543204	0.0	294430	1050.0354171814513	0.6
10994.890622104072	1500.0	12.171279919003297	0.0	748011	2544.4131455399065	1.5
11002.279812729144	4000.0	8.782089293931602	0.0	2157416	7389.190625071695	4.0
11003.745697532477	600.0	11.31620449059907	0.0	324375	1465.8848033325323	0.6
11011.67123963651	4000.0	7.390662386567722	0.0	1835863	7925.542104031348	4.0
11013.045418116764	600.0	10.016483906311354	0.0	297839	1374.1784802563684	0.6
11016.373024439072	1500.0	10.688877584004038	0.0	747396	3327.6063223073165	1.5
11019.33108212198	1500.0	11.73081990109708	0.0	662349	2958.0576829069582	1.5
11029.177591116108	4000.0	5.884310906968076	0.0	2379358	9846.508994129004	4.0
11029.651414334441	200.0	9.410487688635163	0.0	97742	473.82321833291365	0.2
11032.98557915289	1500.0	10.076322870185965	0.0	809327	3334.164818449197	1.5
11035.793100093008	1500.0	11.268801930068452	0.0	681795	2807.520940117515	1.5
11043.332141650664	4000.0	7.729760372411924	0.0	1836837	7539.041557656527	4.0
11044.393963662249	600.0	10.66793836082688	0.0	221407	1061.822011585045	0.6
11047.994992458567	1500.0	11.066909564507489	0.0	794014	3601.0287963193923	1.5
11056.972149604848	4000.0	6.089752418226208	0.0	2055338	8977.15714628128	4.0
11057.449898348566	200.0	9.612003674507614	0.0	93993	477.748743718593	0.2
11060.523929557241	1500.0	10.53797246583266	0.0	707527	3074.031208674954	1.5
11063.916142258757	1500.0	11.145759764319187	0.0	757473	3392.212701513473	1.5
11072.99243252585	4000.0	6.069469497223621	0.0	1947068	9076.290267095566	4.0
11073.493970581516	200.0	9.567931441558141	0.0	99865	501.53805566547953	0.2
11076.761484629795	1500.0	10.300417393279549	0.0	755142	3267.514048278591	1.5
11079.670987861558	1500.0	11.39091416151593	0.0	670327	2909.5032317636196	1.5
11085.89316732503	4000.0	9.168734698046357	0.0	1785821	6222.1794634695725	4.0
11087.894473505052	1500.0	11.167428518023437	0.0	681043	2001.3061800229216	1.5
11093.519137205854	4000.0	9.542764817220391	0.0	1955307	5624.663700803045	4.0
11095.77119062298	1500.0	11.29071140009549	0.0	691256	2252.053417124902	1.5
11102.432956530287	4000.0	8.628945492789912	0.0	2094647	6661.765907305578	4.0
11103.502257826967	600.0	11.559644196109229	0.0	315398	1069.3012966806816	0.6
11108.91464254178	4000.0	10.147259481295562	0.0	1830641	5412.384714813668	4.0
11111.228971220622	1500.0	11.832930802455605	0.0	767059	2314.328678839957	1.5
11116.511511588356	4000.0	10.550390434722743	0.0	1910697	5282.54036773286	4.0
11118.213957418266	1500.0	12.847944604812799	0.0	629438	1702.4458299099447	1.5
11123.559545999451	4000.0	11.502356023626133	0.0	2042818	5345.588581186667	4.0
11129.32294284567	4000.0	9.73895917740644	0.0	1750852	5763.396846219694	4.0
11132.069178678008	1500.0	10.992723345069134	0.0	808636	2746.2358323373037	1.5

