36177.768037305184	600.0	4.0	0.786590653203467	247108	786.590653203467	0.011479932	-15.13181306406934
36178.130026761	200.0	7.638010544187293	0.0	98617	361.98945581270664	0.004705182	0.2
36178.51448856066	200.0	11.253548744526851	0.0	106476	384.46179966044144	0.004705182	0.2
36178.923981903514	200.0	14.84405540166205	0.0	115230	409.49334286480206	0.004705182	0.2
36179.28322915577	200.0	18.484808149405772	0.0	97658	359.2472522562773	0.004705182	0.2
36179.64247640803	200.0	22.125560897149494	0.0	97658	359.2472522562773	0.004705182	0.2
36180.05357675652	200.0	25.71446054865517	0.0	115792	411.10034849432583	0.004705182	0.2
36180.44146416605	200.0	29.326573139129657	0.0	107674	387.88740952551166	0.004705182	0.2
36183.07054968119	1500.0	30.69748762398356	0.0	891463	2629.0855151460996	0.042175077	1.5
36196.91004270461	12000.0	20.85799460057189	0.0	5088378	13839.49302341167	0.004705182	12.0
36197.24100323092	200.0	24.527034074256097	0.0	95365	330.9605263157895	0.004705182	0.2
36199.23355747201	1500.0	26.53447983316695	0.0	744416	1992.5542410891483	0.09685897	1.5
36199.573731164164	200.0	30.19430614101803	0.0	102419	340.1736921489244	0.004705182	0.2
36201.55389406009	1500.0	32.214143245090426	0.0	748011	1980.162895927602	0.004705182	1.5
36203.55058406565	1500.0	34.21745323953354	0.0	754517	1996.6900055568788	0.004705182	1.5
36206.00509990275	1500.0	35.762937402429465	0.0	934743	2454.5158371040725	0.004705182	1.5
36207.95366416408	1500.0	37.8143731410974	0.0	735572	1948.5642613320633	0.004705182	1.5
36220.84341900352	12000.0	28.92461830166289	0.0	4055239	12889.75483943451	0.004705182	12.0
36223.048287691105	1500.0	30.719749614076267	0.0	747396	2204.8686875866238	0.004705182	1.5
36225.011365270264	1500.0	32.756672034915674	0.0	662349	1963.0775791605956	0.004705182	1.5
36234.653971798856	8000.0	27.114065506321058	0.0	3690869	9642.606528594615	0.1063087	8.0
36236.71839211323	1500.0	29.049645191946578	0.0	806394	2064.4203143744808	0.004705182	1.5
36238.79003012117	1500.0	30.978007184010313	0.0	809327	2071.638007936264	0.008925596	1.5
36250.391602597396	8000.0	23.37643470778435	0.0	4032749	11601.57247622596	0.010015099	8.0
36253.25005938752	1500.0	24.517977917660893	0.0	855209	2858.4567901234573	0.004705182	1.5
36255.42512436478	1500.0	26.342912940402933	0.0	644861	2175.0649772579595	0.004705182	1.5
36258.08476698986	1500.0	27.68327031532171	0.0	794014	2659.6426250812215	0.007005125	1.5
36260.853667777345	1500.0	28.914369527833266	0.0	914284	2768.9007874884437	0.004705182	1.5
36271.23778109645	8000.0	22.530256208725035	0.0	3811227	10384.113319108234	0.08337603	8.0
36273.04878693761	1500.0	24.719250367567813	0.0	707527	1811.005841157222	0.004705182	1.5
36274.98198856457	1500.0	26.786048740606745	0.0	757473	1933.2016269610695	0.004705182	1.5
36284.467605131314	8000.0	21.300432173868124	0.0	3568902	9485.61656673862	0.004705182	8.0
36286.34377512547	1500.0	23.424262179714113	0.0	633700	1876.1699941540153	0.013990174	1.5
36288.564162377676	1500.0	25.203874927504152	0.0	755142	2220.3872522099596	0.5851786	1.5
36297.75314825066	8000.0	20.014889054517365	0.0	3707853	9188.985872986786	0.004730213	8.0
36299.726906293065	1500.0	22.041131012116775	0.0	785519	1973.7580424005907	0.1624225	1.5
36309.5409173079	8000.0	16.227119997277104	0.0	4018228	9814.011014839669	0.008632668	8.0
36314.718705348736	4000.0	15.049331956445979	0.0	1955307	5177.788040831126	0.5391298	4.0
36316.6126982306	1500.0	17.15533907458411	0.0	691256	1893.992881861869	0.20311937	1.5
36318.59745951056	1500.0	19.170577794631345	0.0	725845	1984.7612799527644	0.5900438	1.5
36327.06758875724	8000.0	14.700448547940297	0.0	3189942	8470.129246691049	0.05414034	8.0
36331.88591126178	4000.0	13.882126043403094	0.0	1830641	4818.322504537204	0.4815334	4.0
36336.214061959574	4000.0	13.553975345612242	0.0	1697030	4328.150697790851	0.030737542	4.0
36341.07081974659	4000.0	12.697217558602796	0.0	1910697	4856.757787009445	0.08547978	4.0
36346.52701931637	4000.0	11.24101798881682	0.0	2171279	5456.1995697859775	0.019050645	4.0
36351.753090568294	4000.0	10.014946736888842	0.0	2042818	5226.071251927979	0.00665987	4.0
36356.548158314414	4000.0	9.21987899077267	0.0	1750852	4795.06774611617	0.02232239	4.0
36362.29555376728	4000.0	7.4724835379078725	0.0	2034636	5747.395452864799	0.18212424	4.0

