16923.365050224027	600.0	4.0	0.5643830246006077	247108	564.3830246006078	0.07985276	-10.687660492012155
16923.638360034867	200.0	7.726690189160051	0.0	98617	273.309810839949	0.004705182	0.2
16923.927075118667	200.0	11.437975105361168	0.0	106476	288.7150837988827	0.004705182	0.2
16924.23294986139	200.0	15.132100362638441	0.0	115230	305.8747427227286	0.004705182	0.2
16924.504379832968	200.0	18.860670391061454	0.0	97658	271.4299715769872	0.004705182	0.2
16924.775809804545	200.0	22.589240419484465	0.0	97658	271.4299715769872	0.004705182	0.2
16925.08278618404	200.0	26.282264039988238	0.0	115792	306.9763794962266	0.004705182	0.2
16925.373849596763	200.0	29.991200627266487	0.0	107674	291.0634127217485	0.004705182	0.2
16925.640667199426	200.0	33.724383024600606	0.0	95305	266.8176026658826	0.004705182	0.2
16925.927322104846	200.0	37.43772811918063	0.0	105425	286.6549054199745	0.024279015	0.2
16926.194257319978	200.0	41.17079290404783	0.0	95365	266.9352151328041	0.004705182	0.2
16926.461147450333	200.0	44.903902773694014	0.0	95342	266.89013035381754	0.004705182	0.2
16926.74190997116	200.0	48.623140252866804	0.0	102419	280.7625208272077	0.020609364	0.2
16926.98042609387	200.0	52.384624130157796	0.0	80867	238.51612270900713	0.004705182	0.2
16927.22263328783	200.0	56.14241693619524	0.0	82750	242.20719396256004	0.021148913	0.2
16937.071981435653	12000.0	50.293068788375095	0.0	5443841	9849.348147820143	0.004705182	12.0
16937.287343342476	200.0	54.07770688155116	0.0	89871	215.36190682393698	0.004705182	0.2
16943.47526340197	12000.0	51.88978682205705	0.0	4055239	6187.920059494112	0.004705182	12.0
16952.567873286935	12000.0	46.79717693709268	0.0	5385367	9092.609884964364	0.029473037	12.0
16952.79308740657	200.0	50.57196281745624	0.0	85876	225.2141196364405	0.22245419	0.2
16962.433231746498	12000.0	44.93181847752805	0.0	5251330	9640.14433992819	0.0058610174	12.0
16962.693971870853	200.0	48.67107835317236	0.0	97742	260.740124355685	0.0164092	0.2
16972.081207356747	12000.0	43.28384286727979	0.0	5141915	9387.235485892577	0.004705182	12.0
16972.31560592533	200.0	47.04944429869669	0.0	85752	234.39856858309983	0.08858526	0.2
16972.565856310754	200.0	50.799193913271935	0.0	94556	250.25038542475497	0.014027163	0.2
16978.099181037214	8000.0	49.265869186814655	0.0	3253093	5533.324726457279	0.004705182	8.0
16986.452137110915	12000.0	44.91291311311453	0.0	5138482	8352.956073700127	0.004705182	12.0
16992.095724930405	8000.0	43.26932529362488	0.0	3354913	5643.587819489646	0.004705182	8.0
17000.818847490584	8000.0	38.54620273344719	0.0	3811227	8723.122560177695	1.0286145	8.0
17013.258763935464	12000.0	30.106286288564412	0.0	5411094	12439.91644488277	0.0053915023	12.0
17013.534226362837	200.0	33.83082386119443	0.0	93982	275.4624273699809	0.18995005	0.2
17020.398495483423	8000.0	30.96655474060697	0.0	3568902	6864.269120587462	0.03140343	8.0
17028.069192682342	8000.0	27.29585754169065	0.0	3713878	7670.697198916322	0.1584047	8.0
17040.799148908656	12000.0	18.56590131537705	0.0	6041881	12729.956226313601	1.1399606	12.0
17041.059617902923	200.0	22.3054323211092	0.0	108225	260.46899426784785	0.16561064	0.2
17041.286012483433	200.0	26.07903774059852	0.0	87791	226.39458051068263	0.48096886	0.2
17041.536247814336	200.0	29.82880240969701	0.0	102088	250.23533090151122	0.22004992	0.2
17047.926092466914	8000.0	27.438957757119788	0.0	3739359	6389.8446525772215	0.089078	8.0
17057.260888365356	12000.0	22.104161858676903	0.0	5257310	9334.795898442882	0.004705182	12.0
17057.541795687473	200.0	25.823254536557847	0.0	101968	280.90732211905527	0.45832455	0.2
17067.04721580412	12000.0	20.317834419912717	0.0	4828747	9505.420116645131	0.27138212	12.0
17070.43110011842	4000.0	20.933950105612176	0.0	1830641	3383.8843143005392	0.17433213	4.0
17073.573847428186	4000.0	21.791202795846118	0.0	1697030	3142.747309766057	0.016743371	4.0
17076.99460897496	4000.0	22.370441249075117	0.0	1910697	3420.761546771001	0.042106114	4.0
17082.806388877496	8000.0	20.5586613465374	0.0	3682991	5811.779902537716	0.4563001	8.0
17092.63355762221	12000.0	14.731492601822342	0.0	5875126	9827.168744715056	0.57468957	12.0
17095.734872548874	4000.0	15.630177675161429	0.0	1750852	3101.314926660915	0.19066958	4.0
17102.880238080663	8000.0	12.484812143374548	0.0	4346302	7145.365531786881	0.008994405	8.0

