19907.51874025883	600.0	4.0	0.943806340259116	247108	943.806340259116	-18.27612680518232
19907.94347207592	200.0	7.575268182910577	0.0	98617	424.7318170894235	0.2
19909.03178563691	600.0	10.486954621922177	0.0	288447	1088.3135609883989	0.6
19911.623248353477	1500.0	11.895491905354918	0.0	718451	2591.4627165672587	1.5
19918.8407456251	4000.0	8.677994633732633	0.0	2069289	7217.497271622286	4.0
19920.020931383613	600.0	11.4978088752187	0.0	330929	1180.1857585139321	0.6
19926.904430458977	4000.0	8.614309799855597	0.0	2046450	6883.499075363102	4.0
19927.89009337398	600.0	11.62864688485118	0.0	274823	985.662915004415	0.6
19934.071919769856	4000.0	9.44682048897464	0.0	1857129	6181.826395876542	4.0
19936.65915594457	1500.0	10.859584314261618	0.0	763093	2587.2361747130217	1.5
19939.338873707195	1500.0	12.17986655163949	0.0	769316	2679.717762622128	1.5
19945.437411979856	4000.0	10.081328278980154	0.0	1761739	6098.538272659336	4.0
19947.58797288516	1500.0	11.930767373674293	0.0	606092	2150.5609053058615	1.5
19953.746142066895	4000.0	9.77259819193949	0.0	1805063	6158.169181734801	4.0
19956.366656808368	1500.0	11.152083450467659	0.0	754517	2620.514741471832	1.5
19963.697061732375	4000.0	7.821678526462953	0.0	2231719	7330.404924004706	4.0
19964.874591632106	600.0	10.644148626732754	0.0	340687	1177.5298997301977	0.6
19967.44358933677	1500.0	12.075150922065577	0.0	772616	2568.997704667177	1.5
19974.36940358904	4000.0	9.149336669798249	0.0	2082556	6925.814252267329	4.0
19976.63073944726	1500.0	10.888000811576237	0.0	662349	2261.335858222012	1.5
19979.455968542465	1500.0	12.062771716374359	0.0	835711	2825.2290952018784	1.5
19985.92353341109	4000.0	9.595206847748672	0.0	1950922	6467.564868625685	4.0
19988.667098046	1500.0	10.851642212835285	0.0	809327	2743.5646349133867	1.5
19991.10788405708	1500.0	12.410856201754953	0.0	681795	2440.7860110803326	1.5
19997.54812297675	4000.0	9.970617282087364	0.0	1836837	6440.23891966759	4.0
19999.867502835703	1500.0	11.65123742313372	0.0	644861	2319.3798589536436	1.5
20007.14745061752	4000.0	8.3712896413187	0.0	2068230	7279.947781815018	4.0
20008.280903762574	600.0	11.237836496260934	0.0	302611	1133.4531450577665	0.6
20015.99909810262	4000.0	7.519642156214088	0.0	2165436	7718.194340046846	4.0
20017.148066876758	600.0	10.370673382077488	0.0	302752	1148.9687741365994	0.6
20019.85653665659	1500.0	11.662203602248336	0.0	757473	2708.4697798291504	1.5
20026.43786976732	4000.0	9.080870491517503	0.0	1947068	6581.333110730832	4.0
20028.633817845286	1500.0	10.884922413550978	0.0	633700	2195.948077966526	1.5
20031.223793118214	1500.0	12.294947140624226	0.0	755142	2589.975272926751	1.5
20037.373350614635	4000.0	10.145389644202842	0.0	1828568	6149.557496421386	4.0
20040.06072028042	1500.0	11.458019978414406	0.0	785519	2687.3696657884366	1.5
20047.099603337494	4000.0	8.41913692134327	0.0	2096494	7038.883057071137	4.0
20048.266546473813	600.0	11.252193785023954	0.0	327462	1166.9431363193162	0.6
20055.405114563473	4000.0	8.113625695362991	0.0	2142800	7138.568089660963	4.0
20056.419312142545	600.0	11.099428116292314	0.0	284107	1014.1975790706756	0.6
20063.045234995177	4000.0	8.473505263657117	0.0	1985434	6625.922852635199	4.0
20064.12674182468	600.0	11.391998434156982	0.0	302912	1081.5068295001342	0.6
20069.817569836996	4000.0	9.70117042184115	0.0	1697030	5690.828012315831	4.0
20072.64238635627	1500.0	10.876353902564713	0.0	848035	2824.8165192764372	1.5
20074.756358162223	1500.0	12.76238209661084	0.0	629438	2113.971805953872	1.5
20081.481304580608	4000.0	10.037435678227979	0.0	2042818	6724.946418382861	4.0
20084.13986574675	1500.0	11.378874512081415	0.0	769491	2658.5611661465646	1.5
20091.03866719599	4000.0	8.480073062842452	0.0	2034636	6898.801449238963	4.0

