9306.252449512816	600.0	4.0	1.0620242914979758	247108	1062.0242914979758	-20.640485829959516
9306.724360294964	200.0	7.528089217853506	0.0	98617	471.9107821464941	0.2
9307.950668633059	600.0	10.301780879759567	0.0	288447	1226.3083380939372	0.6
9310.885842622776	1500.0	11.366606890042473	0.0	718451	2935.173989717096	1.5
9317.425828603422	4000.0	8.826620909396512	0.0	2069289	6539.98598064596	4.0
9318.176531497842	600.0	12.075918014976345	0.0	330929	750.7028944201659	0.6
9322.404127925734	4000.0	11.848321587083507	0.0	2046450	4227.596427892837	4.0
9326.796322091273	4000.0	11.456127421543748	0.0	2058614	4392.194165539761	4.0
9331.277949181796	4000.0	10.9745003310198	0.0	1857129	4481.627090523946	4.0
9333.166574657673	1500.0	13.085874855143226	0.0	763093	1888.6254758765758	1.5
9346.410146854649	8000.0	4.0	0.157697341832285	4206014	13243.57219697551	4.8460531633543
9346.84167049738	200.0	7.568476357267952	0.0	95342	431.52364273204904	0.2
9348.007226769847	600.0	10.402920084800444	0.0	294430	1165.5562724675085	0.6
9350.845125193664	1500.0	11.56502166098258	0.0	748011	2837.8984238178637	1.5
9358.79625189125	4000.0	7.613894963396858	0.0	2157416	7951.1266975857225	4.0
9360.032231132625	600.0	10.377915722022157	0.0	324375	1235.979241374702	0.6
9362.733598261832	1500.0	11.676548592815307	0.0	735572	2701.367129206851	1.5
9368.886868000505	4000.0	9.523278854141484	0.0	2192675	6153.269738673821	4.0
9370.470418180304	1500.0	11.939728674344165	0.0	747396	1583.5501797973195	1.5
9374.904605320395	4000.0	11.505541534253137	0.0	2164412	4434.1871400910295	4.0
9381.469916449387	4000.0	8.94023040526008	0.0	2379358	6565.311128993057	4.0
9382.541434790695	600.0	11.868712063952266	0.0	310841	1071.518341307815	0.6
9388.131156731031	4000.0	10.278990123615586	0.0	1849252	5589.72194033668	4.0
9389.818050539861	1500.0	12.592096314786208	0.0	681795	1686.8938088293785	1.5
9394.227214002674	4000.0	12.182932851973005	0.0	1836837	4409.163462813204	4.0
9399.566036363116	4000.0	10.844110491532735	0.0	1984579	5338.822360440268	4.0
9402.152195914918	1500.0	12.257950939729689	0.0	794014	2586.159551803046	1.5
9408.25955581057	4000.0	10.15059104407989	0.0	2055338	6107.359895649798	4.0
9409.711344878222	1500.0	12.69880197642522	0.0	675709	1451.789067654672	1.5
9413.856918648715	4000.0	12.553228205933413	0.0	2002600	4145.573770491805	4.0
9419.123278745503	4000.0	11.286868109145457	0.0	2290706	5266.3600967879565	4.0
9425.466213086702	4000.0	8.943933767944861	0.0	1947068	6342.934341200596	4.0
9426.545651790413	600.0	11.864495064233711	0.0	310713	1079.4387037111496	0.6
9431.31457607632	4000.0	11.095570778329082	0.0	2125133	4768.924285904631	4.0
9435.001619264049	4000.0	11.408527590598688	0.0	1828568	3687.0431877303945	4.0
9439.101307175186	4000.0	11.308839679463215	0.0	1785821	4099.687911135472	4.0
9447.16623992769	4000.0	7.243906926957799	0.0	2096494	8064.932752505416	4.0
9448.36797040879	600.0	10.042176445858257	0.0	327462	1201.7304810995429	0.6
9449.824768695898	1500.0	12.585378158749757	0.0	691256	1456.7982871084998	1.5
9454.076748977728	4000.0	12.333397876919353	0.0	2094647	4251.980281830404	4.0
9458.111205981164	4000.0	12.29894087348361	0.0	1985434	4034.457003435742	4.0
9461.775569167281	4000.0	12.634577687366475	0.0	1830641	3664.3631861171357	4.0
9465.172064629653	4000.0	13.238082224992741	0.0	1697030	3396.4954623737344	4.0
9478.051877471442	8000.0	4.358269383205357	0.0	4340973	12879.812841787383	8.0
9478.441451060287	200.0	7.968695794358347	0.0	85214	389.5735888470097	0.2
9479.551539876642	600.0	10.858606978005056	0.0	288236	1110.0888163532913	0.6
9482.358780705988	1500.0	12.051366148658964	0.0	769491	2807.2408293460926	1.5
9489.380658262879	4000.0	9.029488591768454	0.0	2034636	7021.877556890511	4.0

