944.3301516278761	600.0	4.0	0.6800315668062891	247108	680.0315668062891	-13.000631336125782
946.1885890709648	1500.0	6.141562556911309	0.0	732405	1858.4374430886908	1.5
947.8319885731806	1500.0	8.498163054695562	0.0	643847	1643.399502215747	1.5
949.6565426920419	1500.0	10.673608935834396	0.0	718451	1824.554118861167	1.5
951.4952897326538	1500.0	12.834861895222486	0.0	724296	1838.7470406119103	1.5
953.25034345693	1500.0	15.079808170946398	0.0	689829	1755.0537242760884	1.5
955.0860144772545	1500.0	17.244137150621825	0.0	737903	1835.6710203245739	1.5
956.985724427844	1500.0	19.344427200032253	0.0	780303	1899.709950589573	1.5
959.1446656746192	1500.0	21.185485953257047	0.0	891463	2158.9412467752045	1.5
961.0042409490001	1500.0	23.325910678876134	0.0	763093	1859.5752743809123	1.5
962.8783286051386	1500.0	25.451823022737727	0.0	769316	1874.0876561384075	1.5
964.6622447171833	1500.0	27.667906910693	0.0	744416	1783.9161120447272	1.5
965.6169546797504	1500.0	30.713196948125915	0.0	606092	954.7099625670861	1.5
966.7764816720384	1500.0	33.553669955838	0.0	748011	1159.526992287918	1.5
967.9453981019306	1500.0	36.38475352594579	0.0	754517	1168.9164298922115	1.5
971.2462075548688	4000.0	37.08394407300753	0.0	2231719	3300.8094529382583	4.0
973.9757189425926	4000.0	38.35443268528372	0.0	1835863	2729.5113877238086	4.0
977.8109828133975	4000.0	38.51916881447889	0.0	2192675	3835.2638708048316	4.0
981.7301495568761	4000.0	38.60000207100022	0.0	2082556	3919.166743478662	4.0
985.7091705004676	4000.0	38.620981127408555	0.0	2164412	3979.0209435916613	4.0
989.4495100962603	4000.0	38.88064153161601	0.0	2379358	3740.3395957925504	4.0
992.5307554090306	4000.0	39.799396218845594	0.0	1950922	3081.2453127704175	4.0
995.4555943606296	4000.0	40.874557267246644	0.0	1849252	2924.838951598946	4.0
1004.9250466367683	4000.0	35.405104991107784	0.0	1822097	9469.452276138858	4.0
1006.897181242482	1500.0	37.43297038539418	0.0	855209	1972.134605713607	1.5
1008.0771221825372	1500.0	40.25302944533895	0.0	644861	1179.9409400552222	1.5
1009.5114737491183	1500.0	42.818677878757924	0.0	794014	1434.3515665810262	1.5
1011.1509701404917	1500.0	45.17918148738451	0.0	914284	1639.49639137341	1.5
1012.3835285874497	1500.0	47.94662304042653	0.0	675709	1232.5584469579867	1.5
1015.8793681661413	4000.0	48.450783461735014	0.0	2002600	3495.8395786915135	4.0
1019.9829090510889	4000.0	48.34724257678738	0.0	2290706	4103.540884947641	4.0
1023.4873789978856	4000.0	48.84277262999056	0.0	1947068	3504.469946796817	4.0
1028.147695161612	4000.0	48.182456466264235	0.0	2544033	4660.316163726328	4.0
1032.1913400878811	4000.0	48.138811539995075	0.0	2125133	4043.6449262691613	4.0
1035.6818533477751	4000.0	48.64829828010115	0.0	1828568	3490.513259893921	4.0
1038.8302728286749	4000.0	49.49987879920139	0.0	1785821	3148.4194808997636	4.0
1042.4201508238616	4000.0	49.910000804014615	0.0	2096494	3589.877995186774	4.0
1045.773658409924	4000.0	50.55649321795204	0.0	1955307	3353.507586062572	4.0
1050.9489161648596	4000.0	49.38123546301649	0.0	2142800	5175.257754935554	4.0
1056.515427092256	4000.0	47.814724535620236	0.0	2094647	5566.510927396252	4.0
1057.927787004569	1500.0	50.40236462330743	0.0	811013	1412.3599123128051	1.5
1058.9681476773624	1500.0	53.362003950513945	0.0	657685	1040.3606727934803	1.5
1061.5261741984946	4000.0	54.803977429381916	0.0	1697030	2558.0265211320307	4.0
1064.3962002085518	4000.0	55.93395141932469	0.0	1910697	2870.0260100572223	4.0
1067.6787667903372	4000.0	56.65138483753933	0.0	2171279	3282.5665817853587	4.0
1070.98265695052	4000.0	57.347494677356266	0.0	2042818	3303.8901601830667	4.0
1073.8257785476162	4000.0	58.50437308026008	0.0	1750852	2843.121597096189	4.0
1077.1167562166765	4000.0	59.213395411199876	0.0	2034636	3290.977669060207	4.0

