24435.0390093272	600.0	4.0	0.650737650489361	247108	650.737650489361	-12.414753009787221
24435.834364583137	600.0	7.20464474405982	0.0	309722	795.3552559401795	0.6
24437.401437943994	1500.0	9.637571383202932	0.0	643847	1567.0733608568873	1.5
24439.14082183983	1500.0	11.898187487368997	0.0	718451	1739.383895833935	1.5
24440.893705750095	1500.0	14.145303577099632	0.0	724296	1752.8839102693653	1.5
24442.56698230407	1500.0	16.472027023125555	0.0	689829	1673.276553974074	1.5
24444.3512938784	1500.0	18.687715448797526	0.0	737903	1784.3115743280307	1.5
24446.237182702553	1500.0	20.801826624644143	0.0	780303	1885.888824153386	1.5
24450.61951586696	4000.0	20.419493460233802	0.0	1857129	4382.333164410338	4.0
24452.467341538428	1500.0	22.5716677887649	0.0	763093	1847.825671468906	1.5
24457.205175871706	4000.0	21.833833455485482	0.0	2094766	4737.834333279418	4.0
24460.993173082934	4000.0	22.045836244261974	0.0	1761739	3787.9972112235096	4.0
24465.58012195552	4000.0	21.458887371671857	0.0	2131310	4586.948872590117	4.0
24470.072467536454	4000.0	20.96654179073839	0.0	1805063	4492.345580933466	4.0
24475.42611446946	4000.0	19.61289485773098	0.0	2157416	5353.646933007411	4.0
24477.748160306124	1500.0	21.290849021065974	0.0	934743	2322.045836665004	1.5
24482.225173658622	4000.0	20.813835668572107	0.0	1835863	4477.013352493863	4.0
24484.155640097757	1500.0	22.883369229436727	0.0	772616	1930.466439135381	1.5
24489.248197479752	4000.0	21.790811847443063	0.0	2082556	5092.557381993666	4.0
24494.550726811678	4000.0	20.488282515517263	0.0	2164412	5302.5293319258035	4.0
24496.60252200374	1500.0	22.43648732345549	0.0	835711	2051.7951920617706	1.5
24501.026471459612	4000.0	22.012537867584186	0.0	1950922	4423.949455871303	4.0
24505.22404111087	4000.0	21.81496821632754	0.0	1849252	4197.569651256646	4.0
24509.679359191116	4000.0	21.3596501360829	0.0	1822097	4455.318080244637	4.0
24514.275593075097	4000.0	20.76341625210288	0.0	1836837	4596.233883980023	4.0
24518.845672579868	4000.0	20.193336747328292	0.0	1984579	4570.079504774584	4.0
24523.2951341163	4000.0	19.743875210898157	0.0	2068230	4449.461536430137	4.0
24527.85042909729	4000.0	19.188580229910883	0.0	2055338	4555.294980987273	4.0
24529.532394483726	1500.0	21.506614843471812	0.0	675709	1681.965386439071	1.5
24534.360142231475	4000.0	20.678867095724065	0.0	2002600	4827.747747747749	4.0
24536.235953042287	1500.0	22.803056284913254	0.0	757473	1875.8108108108108	1.5
24540.808164288766	4000.0	22.23084503843549	0.0	1947068	4572.211246477764	4.0
24542.343816512614	1500.0	24.69519281458618	0.0	633700	1535.6522238493123	1.5
24547.30149205386	4000.0	23.737517273343286	0.0	2125133	4957.675541242895	4.0
24551.49872931814	4000.0	23.540280009059583	0.0	1828568	4197.237264283704	4.0
24555.59971665279	4000.0	23.439292674412805	0.0	1785821	4100.9873346467775	4.0
24560.33708825862	4000.0	22.701921068578965	0.0	2096494	4737.371605833838	4.0
24564.72862090012	4000.0	22.310388427077335	0.0	1955307	4391.5326415016325	4.0
24569.673631492824	4000.0	21.365377834375725	0.0	2142800	4945.010592701608	4.0
24574.69179852294	4000.0	20.347210804258438	0.0	2094647	5018.167030117287	4.0
24579.336659662382	4000.0	19.70234966481837	0.0	1985434	4644.861139440065	4.0
24583.452241916446	4000.0	19.586767410753893	0.0	1830641	4115.58225406448	4.0
24587.2732835257	4000.0	19.765725801495144	0.0	1697030	3821.0416092587493	4.0
24591.714818069937	4000.0	19.324191257258324	0.0	1910697	4441.534544236822	4.0
24593.23910431689	1500.0	21.799905010305793	0.0	629438	1524.2862469525312	1.5
24598.006482489844	4000.0	21.03252683735297	0.0	2042818	4767.378172952819	4.0
24602.073974901778	4000.0	20.965034425417482	0.0	1750852	4067.49241193549	4.0
24606.787229861784	4000.0	20.25177946541065	0.0	2034636	4713.254960006831	4.0

