3879.98866791584	600.0	4.0	0.5984129231898879	247108	598.4129231898879	-11.368258463797758
3881.6051953330375	1500.0	6.383472582802297	0.0	732405	1616.5274171977028	1.5
3883.0359351122315	1500.0	8.952732803608423	0.0	643847	1430.739779193874	1.5
3884.6231881476597	1500.0	11.365479768179792	0.0	718451	1587.2530354286314	1.5
3886.2227035280393	1500.0	13.765964387800592	0.0	724296	1599.515380379199	1.5
3887.7499098847384	1500.0	16.23875803110167	0.0	689829	1527.206356698922	1.5
3889.3779716684953	1500.0	18.61069624734482	0.0	737903	1628.061783756851	1.5
3891.405802906529	1500.0	20.58286500931121	0.0	780303	2027.8312380336092	1.5
3893.901978266074	1500.0	22.086689649766548	0.0	891463	2496.1753595446617	1.5
3896.050226195198	1500.0	23.93844172064216	0.0	763093	2148.247929124388	1.5
3898.2153406227217	1500.0	25.77332729311857	0.0	769316	2165.1144275235883	1.5
3900.312967373861	1500.0	27.675700541979378	0.0	744416	2097.6267511391934	1.5
3901.8681564051612	1500.0	30.120511510679076	0.0	606092	1555.1890313003012	1.5
3903.763964995533	1500.0	32.224702920307216	0.0	748011	1895.808590371865	1.5
3905.6755670043026	1500.0	34.31310091153781	0.0	754517	1911.6020087694014	1.5
3908.0246704923393	1500.0	35.96399742350091	0.0	934743	2349.1034880368984	1.5
3909.8902832125227	1500.0	38.098384703317635	0.0	735572	1865.6127201832776	1.5
3912.1245231391367	1500.0	39.86414477670317	0.0	772616	2234.239926614464	1.5
3914.5167424824986	1500.0	41.47192543334109	0.0	747396	2392.219343362079	1.5
3916.6458518834806	1500.0	43.34281603235885	0.0	662349	2129.10940098225	1.5
3919.311291382301	1500.0	44.67737653353832	0.0	835711	2665.4394988205268	1.5
3921.680233126659	1500.0	46.308434789180616	0.0	806394	2368.9417443577026	1.5
3923.563722214554	1500.0	48.42494570128491	0.0	809327	1883.489087895712	1.5
3925.1630213886606	1500.0	50.825646527178705	0.0	681795	1599.2991741062103	1.5
3927.1487530637073	1500.0	52.839914852132395	0.0	855209	1985.7316750463087	1.5
3928.665749205822	1500.0	55.32291871001738	0.0	644861	1516.9961421150124	1.5
3930.515115092091	1500.0	57.47355282374839	0.0	794014	1849.3658862689936	1.5
3932.88271531011	1500.0	59.105952605729584	0.0	914284	2367.600218018807	1.5
3936.344388938626	1500.0	59.64427897721385	0.0	675709	1961.6736285157338	1.5
3940.394667412588	1500.0	59.59400050325116	0.0	707527	2050.2784739626845	1.5
3944.451580917211	1500.0	59.53708699862897	0.0	757473	2056.9135046221936	1.5
3948.1469329520246	1500.0	59.8417349638153	0.0	712239	1695.3520348136703	1.5
3949.7980634040637	1500.0	59.82450871748306	0.0	633700	1517.2262463322324	1.5
3953.6439869048454	1500.0	59.97858521670112	0.0	755142	1845.9235007819466	1.5
3957.7915678399663	1500.0	59.83100428158075	0.0	670327	1647.5809351203613	1.5
3961.5128986377017	1500.0	59.91404320351764	0.0	785519	1916.9610780631112	1.5
3965.690864351652	1500.0	59.73607748956712	0.0	681043	1677.9657139505214	1.5
3969.8033789063584	1500.0	59.62356293486049	0.0	866245	2112.514554706633	1.5
3973.8537803682325	1500.0	59.57316147298643	0.0	691256	1550.4014618740573	1.5
3977.4710990169674	1500.0	59.95584282425192	0.0	725845	1617.3186487345124	1.5
3980.9290731188707	1500.0	59.65814082276933	0.0	811013	1797.7020014825796	1.5
3984.969568694092	1500.0	59.61764524754809	0.0	657685	2040.495575221239	1.5
3988.836097618172	1500.0	59.751116323467976	0.0	767059	2366.528924080112	1.5
3993.0441548020076	1500.0	59.54305913963239	0.0	848035	2708.0571838355927	1.5
3996.5975466584173	1500.0	59.989667283222936	0.0	629438	2053.391856409453	1.5
4000.4758647402855	1500.0	59.5148810622722	0.0	763847	2474.786220950739	1.5
4004.239399219508	1500.0	59.75134658304999	0.0	769491	1763.5344792222174	1.5
4008.0885772698557	1500.0	59.90216853270198	0.0	808636	1849.1780503480056	1.5

