17815.5762828002	600.0	4.0	0.9647404224847835	247108	964.7404224847835	-18.69480844969567
17816.765205105963	600.0	6.811077694235589	0.0	309722	1188.922305764411	0.6
17819.150421718925	1500.0	8.425861081274615	0.0	643847	2385.2166129609736	1.5
17820.231825227696	600.0	11.344457572502685	0.0	279692	1081.4035087719299	0.6
17822.905079792683	1500.0	12.671203007518798	0.0	724296	2673.2545649838885	1.5
17825.440964420148	1500.0	14.135318380052457	0.0	689829	2535.8846274663415	1.5
17825.91961140556	200.0	17.656671394641258	0.0	115792	478.6469854111977	0.2
17826.37030986061	200.0	21.20597293959112	0.0	107674	450.6984550501355	0.2
17827.45120670616	600.0	24.12507609404307	0.0	290723	1080.8968455480485	0.6
17841.155742644467	12000.0	14.420540155736036	0.0	5088378	13704.535938307034	12.0
17841.43142336674	200.0	18.144859433462514	0.0	95365	275.6807222735201	0.2
17843.038900539206	1500.0	20.537382260999195	0.0	744416	1607.477172463322	1.5
17844.362548841247	1500.0	23.21373395895754	0.0	606092	1323.6483020416538	1.5
17844.60848092291	200.0	26.96780187729139	0.0	80867	245.9320816661537	0.2
17844.858276757528	200.0	30.71800604267561	0.0	82750	249.79583461577923	0.2
17845.131930189353	200.0	34.44435261085043	0.0	94377	273.653431825177	0.2
17845.396337699356	200.0	38.179945100847355	0.0	89871	264.40751000307785	0.2
17857.427879764546	12000.0	30.148403035658102	0.0	4055239	12031.542065189253	12.0
17857.66264703445	200.0	33.913635765755025	0.0	90919	234.76726990307787	0.2
17858.271791119645	600.0	37.30449168055719	0.0	310849	609.144085197834	0.6
17867.507723642688	12000.0	32.06855915751424	0.0	5251330	9235.932523042955	12.0
17868.231661753645	600.0	35.34462104655418	0.0	310841	723.938110960057	0.6
17878.896292702175	12000.0	28.679990098026284	0.0	5141915	10664.630948527898	12.0
17882.649736498402	4000.0	28.926546301798822	0.0	1822097	3753.443796227462	4.0
17883.429183847926	600.0	32.14709895227826	0.0	346939	779.4473495205575	0.6
17884.80925768586	1500.0	34.76702511434371	0.0	644861	1380.0738379345541	1.5
17901.73290471213	12000.0	21.84337808807735	0.0	5138482	16923.64702626636	12.0
17910.629709426303	8000.0	16.946573373902726	0.0	3354913	8896.804714174626	8.0
17911.274273012183	600.0	20.30200978802026	0.0	291029	644.563585882467	0.6
17911.941577901915	600.0	23.63470489829075	0.0	302752	667.3048897295068	0.6
17912.48787259511	600.0	27.088410205096118	0.0	240372	546.2946931946315	0.6
17919.245992532775	8000.0	24.330290267430897	0.0	3568902	6758.119937665222	8.0
17925.76908320135	8000.0	21.807199598855874	0.0	3713878	6523.090668575022	8.0
17940.143298985946	12000.0	11.432983814257616	0.0	6041881	14374.215784598258	12.0
17941.04335268061	600.0	14.53293011959645	0.0	284451	900.0536946611652	0.6
17941.91830754466	600.0	17.657975255544848	0.0	275745	874.9548640516045	0.6
17942.292620595348	200.0	21.283662204859247	0.0	102088	374.313050685598	0.2
17943.31667219988	600.0	24.259610600325832	0.0	327462	1024.0516045334152	0.6
17944.289984151445	600.0	27.286298648759136	0.0	309862	973.3119515666949	0.6
17944.663951249953	200.0	30.91233155025286	0.0	101968	373.9670985062794	0.2
17952.22632054001	8000.0	27.34996226019979	0.0	3189942	7562.36929005307	8.0
17953.665103660715	1500.0	29.91117913949321	0.0	657685	1438.7831207065753	1.5
17957.25118289216	4000.0	30.325099908048553	0.0	1697030	3586.0792314446576	4.0
17957.531560971805	200.0	34.0447218284039	0.0	96988	280.37807964464645	0.2
17969.212118291434	12000.0	26.364164508775538	0.0	5626380	11680.557319628366	12.0
17970.763389057553	1500.0	28.812893742656215	0.0	763847	1551.270766119324	1.5
17979.33646287569	8000.0	24.23981992451857	0.0	4201994	8573.073818137644	8.0
17998.11514550435	12000.0	9.461137295856345	0.0	5646381	18778.682628662227	12.0

