2021.4974421350178	600.0	4.0	1.0371800706919094	247108	1037.1800706919093	-20.143601413838187
2024.41443433954	1500.0	5.083007795477656	0.0	732405	2916.992204522345	1.5
2026.9883945390268	1500.0	6.509047595990898	0.0	643847	2573.960199486757	1.5
2029.8513355161244	1500.0	7.64610661889314	0.0	718451	2862.940977097758	1.5
2032.3980865728265	1500.0	9.099355562191107	0.0	724296	2546.751056702033	1.5
2034.6677157909908	1500.0	10.829726344026964	0.0	689829	2269.6292181641443	1.5
2037.0899396884654	1500.0	12.407502446552407	0.0	737903	2422.223897474557	1.5
2039.6467480682538	1500.0	13.850694066763886	0.0	780303	2556.8083797885215	1.5
2042.7285590153547	1500.0	14.76888311966294	0.0	891463	3081.810947100946	1.5
2045.5337694970294	1500.0	15.963672637988015	0.0	763093	2805.2104816749256	1.5
2048.361203986561	1500.0	17.136238148456297	0.0	769316	2827.4344895317176	1.5
2051.0997138745124	1500.0	18.397728260504866	0.0	744416	2738.5098879514308	1.5
2053.326419141184	1500.0	20.171022993833454	0.0	606092	2226.705266671417	1.5
2056.0519630303065	1500.0	21.445479104711232	0.0	748011	2725.5438891222175	1.5
2058.8005171539608	1500.0	22.696924981056867	0.0	754517	2748.5541236543695	1.5
2062.1874284651763	1500.0	23.310013669841304	0.0	934743	3386.9113112155624	1.5
2064.8744530974636	1500.0	24.622989037553513	0.0	735572	2687.02463228779	1.5
2067.69276959578	1500.0	25.804672539237018	0.0	772616	2818.3164983164984	1.5
2074.720200864815	4000.0	22.77724127020232	0.0	2082556	7027.431269034697	4.0
2081.4232486004335	4000.0	20.074193534584207	0.0	2164412	6703.047735618115	4.0
2090.477534246148	4000.0	15.019907888869373	0.0	2379358	9054.285645714834	4.0
2097.3932506263823	4000.0	12.104191508635216	0.0	1950922	6915.716380234156	4.0
2103.831818013021	4000.0	9.665624121996649	0.0	1849252	6438.567386638568	4.0
2110.358866221778	4000.0	7.138575913239461	0.0	1822097	6527.048208757187	4.0
2113.3693259026286	1500.0	8.128116232388933	0.0	855209	3010.4596808505275	1.5
2115.5141199790746	1500.0	9.983322155943066	0.0	644861	2144.794076445868	1.5
2118.136490201208	1500.0	11.360951933809785	0.0	794014	2622.3702221332796	1.5
2121.1439554803756	1500.0	12.353486654642285	0.0	914284	3007.4652791675007	1.5
2123.440218567153	1500.0	14.057223567864597	0.0	675709	2296.2630867776875	1.5
2125.9822524949477	1500.0	15.515189640069904	0.0	707527	2542.033927794693	1.5
2128.698087205691	1500.0	16.799354929326103	0.0	757473	2715.8347107438017	1.5
2131.256517827701	1500.0	18.240924307316533	0.0	712239	2558.4306220095696	1.5
2133.6205543195615	1500.0	19.876887815455675	0.0	633700	2364.0364918608616	1.5
2136.798016826291	1500.0	20.699425308726113	0.0	755142	3177.4625067295615	1.5
2139.6275828016287	1500.0	21.869859333388355	0.0	670327	2829.5659753377604	1.5
2142.9296465337793	1500.0	22.567795601237716	0.0	785519	3302.06373215064	1.5
2145.283211517165	1500.0	24.2142306178519	0.0	681043	2353.5649833858165	1.5
2148.1410846081176	1500.0	25.356357526899078	0.0	866245	2857.8730909528203	1.5
2150.437803251642	1500.0	27.059638883374806	0.0	691256	2296.718643524272	1.5
2157.148569678399	4000.0	24.348872456617713	0.0	2094647	6710.766426757093	4.0
2163.4416667465985	4000.0	22.05577538841767	0.0	1985434	6293.097068200043	4.0
2169.7028724550355	4000.0	19.794569679980835	0.0	1830641	6261.205708436833	4.0
2175.3628909908525	4000.0	18.134551144163932	0.0	1697030	5660.018535816903	4.0
2181.234856433617	4000.0	16.262585701399352	0.0	1910697	5871.965442764579	4.0
2188.361197453645	4000.0	13.136244681371151	0.0	2171279	7126.341020028201	4.0
2195.276520193972	4000.0	10.220921941044663	0.0	2042818	6915.3227403264855	4.0
2200.7951099549846	4000.0	8.702332180032025	0.0	1750852	5518.589761012639	4.0
2208.4287152330166	4000.0	5.068726901999513	0.0	2034636	7633.605278032512	4.0

