3014.4658137891943	600.0	4.0	0.7039608616744261	247108	703.960861674426	-13.479217233488521
3016.3951754241666	1500.0	6.070638365028012	0.0	732405	1929.3616349719878	1.5
3018.1009233922878	1500.0	8.364890396906809	0.0	643847	1705.7479681212026	1.5
3019.99505043403	1500.0	10.470763355164522	0.0	718451	1894.127041742287	1.5
3021.9039364120936	1500.0	12.561877377100922	0.0	724296	1908.8859780635999	1.5
3023.725791379347	1500.0	14.740022409847706	0.0	689829	1821.8549672532156	1.5
3026.093483344256	1500.0	16.37233044493858	0.0	737903	2367.691964909128	1.5
3028.7645608803678	1500.0	17.70125290882701	0.0	780303	2671.0775361115725	1.5
3031.8047567960243	1500.0	18.66105699317036	0.0	891463	3040.19591565665	1.5
3034.4186867312724	1500.0	20.047127057922143	0.0	763093	2613.929935248215	1.5
3036.4500673132775	1500.0	22.01574647591701	0.0	769316	2031.3805820051323	1.5
3038.3836351180644	1500.0	24.08217867113006	0.0	744416	1933.5678047869528	1.5
3039.972781372227	1500.0	26.493032416967154	0.0	606092	1589.1462541629057	1.5
3044.5473202623266	4000.0	25.918493526867866	0.0	1805063	4574.5388900992875	4.0
3051.340109838986	4000.0	23.12570395020819	0.0	2157416	6792.789576659676	4.0
3054.36714091349	1500.0	24.09867287570426	0.0	934743	3027.0310745039314	1.5
3064.5150738064017	4000.0	17.95073998279221	0.0	1835863	10147.93289291205	4.0
3067.2717767986624	1500.0	19.194036990531718	0.0	772616	2756.7029922604925	1.5
3069.66825123835	1500.0	20.79756255084398	0.0	747396	2396.474439687736	1.5
3071.80113154364	1500.0	22.664682245553703	0.0	662349	2132.8803052902776	1.5
3074.4713289362753	1500.0	23.99448485291864	0.0	835711	2670.1973926350656	1.5
3077.0176298924375	1500.0	25.44818389675583	0.0	806394	2546.300956162811	1.5
3082.705353486623	4000.0	23.760460302570507	0.0	1849252	5687.72359418532	4.0
3088.0016482212827	4000.0	22.46416556791094	0.0	1822097	5296.2947346595665	4.0
3090.370100715722	1500.0	24.09571307347179	0.0	855209	2368.4524944391487	1.5
3095.7606327177955	4000.0	22.70518107139797	0.0	1984579	5390.532002073823	4.0
3098.2957302565005	1500.0	24.17008353269305	0.0	794014	2535.097538704918	1.5
3104.764844126447	4000.0	21.700969662746864	0.0	2055338	6469.1138699461835	4.0
3106.731248877138	1500.0	23.73456491205579	0.0	675709	1966.4047506910747	1.5
3111.49309229746	4000.0	22.972721491733747	0.0	2002600	4761.843420322044	4.0
3113.3439751403253	1500.0	25.121838648868675	0.0	757473	1850.882842865075	1.5
3118.1235482150278	4000.0	24.342265574166266	0.0	1947068	4779.573074702407	4.0
3119.817222558128	1500.0	26.648591231066305	0.0	633700	1693.6743430999636	1.5
3125.3087305236872	4000.0	25.157083265506806	0.0	2125133	5491.507965559499	4.0
3129.9768993487905	4000.0	24.488914440403338	0.0	1828568	4668.168825103466	4.0
3134.5153910865847	4000.0	23.9504227026094	0.0	1785821	4538.491737793936	4.0
3140.719614379204	4000.0	21.746199409990286	0.0	2096494	6204.223292619114	4.0
3147.7841386012183	4000.0	18.68167518797597	0.0	1955307	7064.524222014317	4.0
3155.7198783554622	1500.0	14.745935433732058	0.0	691256	7935.739754243909	1.5
3158.973866639962	1500.0	15.49194714923239	0.0	725845	3253.9882844996673	1.5
3160.0714847081213	600.0	18.394329081073487	0.0	315398	1097.618068158903	0.6
3162.273477045286	1500.0	20.192336743908736	0.0	657685	2201.9923371647515	1.5
3164.828359884568	1500.0	21.637453904626625	0.0	767059	2554.8828392821133	1.5
3167.5469132821313	1500.0	22.918900507063448	0.0	848035	2718.553397563178	1.5
3169.1112399486997	1500.0	25.35457384049504	0.0	629438	1564.326666568409	1.5
3170.9925269241894	1500.0	27.47328686500535	0.0	763847	1881.2869754896903	1.5
3175.2013470983993	4000.0	27.264466690794972	0.0	1750852	4208.820174210378	4.0
3184.2891171197466	4000.0	22.176696669447782	0.0	2034636	9087.770021347189	4.0

