11218.191464462354	600.0	4.0	0.7204769078744878	247108	720.4769078744878	-13.809538157489756
11219.074230009648	600.0	7.117234452706096	0.0	309722	882.7655472939042	0.6
11219.901853083955	600.0	10.289611378399831	0.0	288447	827.6230743062642	0.6
11221.843999493378	1500.0	12.34746496897831	0.0	718451	1942.1464094215225	1.5
11223.801295503486	1500.0	14.390168958869936	0.0	724296	1957.2960101083736	1.5
11225.669256819518	1500.0	16.522207642837472	0.0	689829	1867.9613160324636	1.5
11231.036778800273	4000.0	15.15468566208324	0.0	2046450	5367.52198075423	4.0
11236.423083312702	4000.0	13.768381149654324	0.0	2058614	5386.304512428916	4.0
11241.312972720913	4000.0	12.878491741443142	0.0	1857129	4889.889408211182	4.0
11247.555308439949	4000.0	10.636156022404565	0.0	2373154	6242.335719038578	4.0
11254.994173750672	4000.0	7.197290711681484	0.0	2094766	7438.86531072308	4.0
11260.30101502167	4000.0	5.890449440682517	0.0	1761739	5306.841270998967	4.0
11261.726279289353	1500.0	8.465185173002247	0.0	606092	1425.264267680271	1.5
11263.466542863416	1500.0	10.724921598937934	0.0	748011	1740.2635740643123	1.5
11265.221246966848	1500.0	12.970217495505922	0.0	754517	1754.7041034320118	1.5
11267.375975485562	1500.0	14.815488976792164	0.0	934743	2154.7285187137586	1.5
11269.205076623306	1500.0	16.986387839048568	0.0	735572	1829.1011377435914	1.5
11276.351525754171	4000.0	13.839938708184668	0.0	2192675	7146.4491308639	4.0
11282.237378936887	4000.0	11.954085525468734	0.0	2082556	5885.853182715935	4.0
11287.771187245811	4000.0	10.42027721654562	0.0	2164412	5533.808308923115	4.0
11294.03361553077	4000.0	8.157848931586528	0.0	2379358	6262.42828495909	4.0
11299.225257360922	4000.0	6.966207101435545	0.0	1950922	5191.641830150984	4.0
11301.42776376783	1500.0	8.763700694528907	0.0	809327	2202.5064069066375	1.5
11303.295814711133	1500.0	10.89564975122546	0.0	681795	1868.0509433034472	1.5
11305.618654947819	1500.0	12.572809514539069	0.0	855209	2322.8402366863907	1.5
11307.38984411663	1500.0	14.80162034572791	0.0	644861	1771.189168811159	1.5
11312.87672550531	4000.0	13.31473895704946	0.0	2068230	5486.88138867845	4.0
11318.318593372001	4000.0	11.872871090356705	0.0	2055338	5441.867866692754	4.0
11324.627524726347	4000.0	9.563939736011344	0.0	2165436	6308.931354345361	4.0
11330.814091166545	4000.0	7.377373295814671	0.0	2002600	6186.566440196672	4.0
11339.183801432757	4000.0	4.0	0.9923369703966246	2290706	8369.710266211296	-15.846739407932493
11341.197255550056	1500.0	5.986545882700782	0.0	712239	2013.4541172992176	1.5
11342.754670016455	1500.0	8.429131416302228	0.0	633700	1557.4144663985546	1.5
11344.595215566376	1500.0	10.588585866380914	0.0	755142	1840.545549921315	1.5
11346.23802258392	1500.0	12.945778848837055	0.0	670327	1642.8070175438595	1.5
11348.149389372986	1500.0	15.034412059771368	0.0	785519	1911.3667890656875	1.5
11349.817179779233	1500.0	17.366621653523186	0.0	681043	1667.7904062481787	1.5
11354.547437830315	4000.0	16.63636360243988	0.0	1955307	4730.258051083306	4.0
11359.739231478743	4000.0	15.444569954012863	0.0	2142800	5191.793648427017	4.0
11364.953233291742	4000.0	14.230568141013118	0.0	2094647	5214.001812999745	4.0
11369.92625179058	4000.0	13.257549642176034	0.0	1985434	4973.018498837084	4.0
11375.886285349536	4000.0	11.297516083221677	0.0	1830641	5960.033558954357	4.0
11381.57807703352	4000.0	9.605724399236339	0.0	1697030	5691.791683985339	4.0
11387.110493163646	4000.0	8.073308269110957	0.0	1910697	5532.416130125382	4.0
11388.986674297605	1500.0	10.197127135151016	0.0	629438	1876.1811339599424	1.5
11391.25590088102	1500.0	11.927900551735684	0.0	763847	2269.226583415331	1.5
11396.829200747676	4000.0	10.354600685079475	0.0	1750852	5573.299866656209	4.0
11403.031356588324	4000.0	8.152444844431646	0.0	2034636	6202.155840647829	4.0

