1782.7703296767293	600.0	4.0	0.8150439680975664	247108	815.0439680975664	-15.700879361951328
1785.0289312495415	1500.0	5.741398427187715	0.0	732405	2258.601572812285	1.5
1787.0241094458268	1500.0	7.746220230902229	0.0	643847	1995.178196285486	1.5
1787.9360773202993	600.0	10.83425235642975	0.0	279692	911.9678744724758	0.6
1788.9630367357931	600.0	13.807292940935877	0.0	318350	1026.9594154938743	0.6
1791.0949923400988	1500.0	15.675337336630164	0.0	689829	2131.955604305713	1.5
1791.5194255885326	200.0	19.250904088196467	0.0	115792	424.43324843369464	0.2
1791.9197111487772	200.0	22.85061852795181	0.0	107674	400.2855602446597	0.2
1803.349152533663	8000.0	15.421177143066016	0.0	3448932	11429.441384885795	8.0
1814.321286072584	8000.0	8.449043604145041	0.0	3624869	10972.133538920974	8.0
1814.7098045836137	200.0	12.060525093115258	0.0	95365	388.51851102978344	0.2
1815.0982486865719	200.0	15.672080990157134	0.0	95342	388.44410295812526	0.2
1815.5095878296656	200.0	19.26074184706313	0.0	102419	411.33914309400086	0.2
1818.0095033118016	1500.0	20.760826364927134	0.0	748011	2499.9154821359975	1.5
1818.943944139187	600.0	23.826385537541725	0.0	264113	934.4408273854056	0.6
1819.329266338269	200.0	27.441063338459696	0.0	94377	385.32219908203086	0.2
1819.700011025573	200.0	31.07031865115557	0.0	89871	370.7446873041228	0.2
1833.9794030625346	12000.0	20.79092661419407	0.0	4055239	14279.3920369615	12.0
1835.203837636	600.0	23.566492040728708	0.0	330105	1224.4345734653637	0.6
1836.361513959373	600.0	26.40881571735543	0.0	310849	1157.676323373275	0.6
1837.4144800922847	600.0	29.355849584443902	0.0	280646	1052.9661329115297	0.6
1837.8333399219744	200.0	32.93698975475441	0.0	97742	418.85982968949753	0.2
1855.566594185038	12000.0	19.203735491690644	0.0	5141915	17733.254263063765	12.0
1856.722807591577	600.0	22.047522085151638	0.0	298925	1156.2134065390067	0.6
1858.0518847950605	600.0	24.71844488166837	0.0	346939	1329.07720348327	0.6
1869.319771368522	8000.0	17.450558308206883	0.0	3253093	11267.886573461486	8.0
1869.689611488074	200.0	21.080718188654796	0.0	88490	369.8401195520891	0.2
1880.444726644304	8000.0	14.325603032425052	0.0	3354913	10755.115156229744	8.0
1880.8178821998595	200.0	17.952447476869498	0.0	93993	373.15555555555557	0.2
1883.1045940906977	1500.0	19.66573558603129	0.0	707527	2286.7118908382067	1.5
1883.9342923363117	600.0	22.836037340417253	0.0	240372	829.6982456140352	0.6
1894.0158581924725	8000.0	16.754471484256385	0.0	3568902	10081.565856160869	8.0
1896.2366452825233	1500.0	18.533684394205718	0.0	633700	2220.787090050666	1.5
1896.6395558178667	200.0	22.130773858862213	0.0	89422	402.91053534350453	0.2
1897.7467328513596	600.0	25.02359682536939	0.0	284451	1107.177033492823	0.6
1898.1437537053814	200.0	28.626575971347542	0.0	87791	397.0208540218471	0.2
1899.2527218375471	600.0	31.517607839181792	0.0	284947	1108.9681321657488	0.6
1900.5152152924538	600.0	34.25511438427524	0.0	327462	1262.4934549065633	0.6
1901.7141536331599	600.0	37.05617604356927	0.0	309862	1198.9383407059674	0.6
1902.820088453057	600.0	39.95024122367219	0.0	284107	1105.934819897084	0.6
1920.6540988283875	12000.0	26.11623084834166	0.0	4828747	17834.010375330527	12.0
1923.9447654950543	1500.0	26.82556418167499	0.0	657685	3290.6666666666665	1.5
1929.4561068114397	4000.0	25.314222865289484	0.0	1697030	5511.341316385508	4.0
1929.814193652649	200.0	28.95613602408023	0.0	96988	358.086841209254	0.2
1930.7261775961647	600.0	32.04415208056465	0.0	290170	911.9839435155816	0.6
1931.632616318097	600.0	35.13771335863213	0.0	288236	906.4387219325126	0.6
1937.1945811750204	4000.0	33.57574850170884	0.0	1750852	5561.964856923295	4.0
1957.3875833081545	12000.0	17.38274636857469	0.0	5646381	20193.00213313415	12.0

