27290.550800938272	600.0	4.0	0.7667688031961092	247108	766.7688031961092	-14.735376063922184
27290.90487979879	200.0	7.645921139482369	0.0	98617	354.07886051763074	0.2
27291.786538996286	600.0	10.764261941983673	0.0	288447	881.6591974986973	0.6
27293.863276185795	1500.0	12.687524752475246	0.0	718451	2076.7371895084248	1.5
27295.956257947128	1500.0	14.594542991141218	0.0	724296	2092.9817613340283	1.5
27297.953448150358	1500.0	16.597352787910367	0.0	689829	1997.1902032308494	1.5
27300.08424683023	1500.0	18.46655410804238	0.0	737903	2130.7986798679867	1.5
27302.304950235204	1500.0	20.245850703067735	0.0	780303	2220.703404974644	1.5
27304.82626953345	1500.0	21.724531404822123	0.0	891463	2521.319298245614	1.5
27306.996040693055	1500.0	23.55476024521579	0.0	763093	2169.7711596063327	1.5
27309.182853872342	1500.0	25.3679470659261	0.0	769316	2186.8131792896875	1.5
27315.703546695717	4000.0	22.847254242554264	0.0	1761739	6520.692823371834	4.0
27318.245646373274	1500.0	24.30515456499568	0.0	606092	2542.0996775585854	1.5
27324.544791958535	4000.0	22.006008979736457	0.0	1805063	6299.145585259224	4.0
27326.971976062123	1500.0	23.578824876145376	0.0	754517	2427.18410359108	1.5
27329.959814998212	1500.0	24.59098594005376	0.0	934743	2987.838936091615	1.5
27332.64107778516	1500.0	25.909723153106373	0.0	735572	2681.262786947389	1.5
27335.759956813654	1500.0	26.790844124615013	0.0	772616	3118.87902849136	1.5
27338.779639696713	1500.0	27.771161241554957	0.0	747396	3019.6828830600557	1.5
27341.473644352143	1500.0	29.07715658612492	0.0	662349	2694.0046554300357	1.5
27345.200051769647	1500.0	29.350749168617423	0.0	835711	3726.4074175074998	1.5
27348.79854208871	1500.0	29.752258849555517	0.0	806394	3598.490319061904	1.5
27352.301383396203	1500.0	30.24941754205978	0.0	809327	3502.8413074957357	1.5
27354.945667263535	1500.0	31.605133674731793	0.0	681795	2644.2838673279894	1.5
27361.89452592378	4000.0	28.656275014483686	0.0	1836837	6948.858660248105	4.0
27363.759670046416	1500.0	30.791130891849686	0.0	644861	1865.1441226340012	1.5
27366.037708732874	1500.0	32.513092205389945	0.0	794014	2278.0386864597394	1.5
27371.8074225638	4000.0	30.743378374461543	0.0	2055338	5769.7138309284055	4.0
27378.97246676208	4000.0	27.57833417618308	0.0	2165436	7165.044198278462	4.0
27385.220163939706	4000.0	25.330636998555857	0.0	2002600	6247.697177627226	4.0
27387.488404076925	1500.0	27.062396861334587	0.0	757473	2268.2401372212694	1.5
27393.28560928067	4000.0	25.26519165759341	0.0	1947068	5797.205203741177	4.0
27395.395438513315	1500.0	27.155362424945416	0.0	633700	2109.829232647995	1.5
27402.282535067938	4000.0	24.268265870321883	0.0	2125133	6887.096554623531	4.0
27409.96995017043	4000.0	20.580850767828515	0.0	1828568	7687.415102493366	4.0
27413.121353156093	1500.0	21.429447782164534	0.0	785519	3151.4029856639836	1.5
27415.11432812186	1500.0	23.436472816397885	0.0	681043	1992.9749657666514	1.5
27417.62751515883	1500.0	24.923285779425868	0.0	866245	2513.187036972017	1.5
27419.64917731957	1500.0	26.90162361868713	0.0	691256	2021.662160738738	1.5
27421.76799618127	1500.0	28.782804756989854	0.0	725845	2118.818861697272	1.5
27427.756698474277	4000.0	26.794102463981226	0.0	1985434	5988.70229300863	4.0
27433.42870330666	4000.0	25.122097631596212	0.0	1830641	5672.004832385013	4.0
27439.96927245104	4000.0	22.581528487216275	0.0	1697030	6540.569144379937	4.0
27443.277729670037	1500.0	23.273071268219415	0.0	848035	3308.457218996859	1.5
27445.23449082679	1500.0	25.316310111461462	0.0	629438	1956.76115675795	1.5
27447.58501528478	1500.0	26.965785653475695	0.0	763847	2350.5244579857695	1.5
27452.86939821528	4000.0	25.68140272297613	0.0	1750852	5284.382930499563	4.0
27455.75931043543	1500.0	26.791490502824413	0.0	808636	2889.9122201517152	1.5

