11678.155734652795	600.0	4.0	0.564045004346176	247108	564.045004346176	-10.68090008692352
11678.428909564953	200.0	7.726825087841726	0.0	98617	273.17491215827425	0.2
11679.073931050978	600.0	11.081803601816825	0.0	288447	645.0214860249017	0.6
11683.169744765306	4000.0	10.985989887489133	0.0	2050098	4095.81371432769	4.0
11684.668524652918	1500.0	13.487209999877571	0.0	724296	1498.7798876115623	1.5
11692.23497456718	8000.0	9.920760085614766	0.0	4224313	7566.449914262804	8.0
11693.530292384508	1500.0	12.625442268286388	0.0	737903	1295.3178173283786	1.5
11697.00080614201	4000.0	13.15492851078487	0.0	2058614	3470.5137575015187	4.0
11703.834906576421	8000.0	10.320828076374386	0.0	3448932	6834.100434410483	8.0
11705.475005220702	1500.0	12.680729432094349	0.0	763093	1640.0986442800372	1.5
11710.098731747625	4000.0	12.05700290517111	0.0	2094766	4623.726526923238	4.0
11714.46898531677	4000.0	11.686749336025574	0.0	1761739	4370.253569145536	4.0
11719.675538682317	4000.0	10.480195970477773	0.0	2131310	5206.553365547801	4.0
11721.472366155744	1500.0	12.683368497051772	0.0	748011	1796.827473426002	1.5
11726.504046091479	4000.0	11.651688561317096	0.0	2157416	5031.679935734676	4.0
11731.36750413066	4000.0	10.788230522136327	0.0	2231719	4863.4580391807685	4.0
11732.934014936112	1500.0	13.221719716684975	0.0	735572	1566.5108054513535	1.5
11741.455997500667	8000.0	8.699737152130353	0.0	4260556	8521.98256455462	8.0
11742.159837621617	600.0	11.995897031181663	0.0	330105	703.8401209486913	0.6
11746.33019385331	4000.0	11.825540799489325	0.0	2164412	4170.356231692337	4.0
11751.041824168426	4000.0	11.113910484372767	0.0	2379358	4711.6303151165575	4.0
11755.11327626806	4000.0	11.04245838473592	0.0	1950922	4071.452099636848	4.0
11758.976718547228	4000.0	11.179016105568612	0.0	1849252	3863.4422791673064	4.0
11762.688886272086	4000.0	11.46684838071161	0.0	1822097	3712.167724857002	4.0
11766.4170233128	4000.0	11.738711339996614	0.0	1836837	3728.1370407149952	4.0
11770.805066764997	4000.0	11.35066788780089	0.0	1984579	4388.043452195726	4.0
11776.955709387588	4000.0	9.200025265210952	0.0	2068230	6150.642622589937	4.0
11779.719304258346	1500.0	10.436430394450923	0.0	914284	2763.59487076003	1.5
11781.383515085363	1500.0	12.772219567433355	0.0	675709	1664.2108270175688	1.5
11786.087589667211	4000.0	12.068144985585258	0.0	2002600	4704.074581848095	4.0
11791.312029240371	4000.0	10.84370541242505	0.0	2290706	5224.43957316021	4.0
11792.86460525443	1500.0	13.291129398365841	0.0	712239	1552.5760140592088	1.5
11800.816815288239	8000.0	9.338919364558627	0.0	3713878	7952.210033807213	8.0
11803.230426490556	1500.0	10.925308162240906	0.0	755142	2413.611202317721	1.5
11805.38193436115	1500.0	12.77380029164699	0.0	670327	2151.507870593916	1.5
11810.89260299403	4000.0	11.263131658766746	0.0	1785821	5510.668632880245	4.0
11816.330626155119	4000.0	9.825108497677377	0.0	2096494	5438.02316108937	4.0
11818.624494057045	1500.0	11.53124059575261	0.0	866245	2293.8679019247666	1.5
11823.97207815537	4000.0	10.183656497425705	0.0	2142800	5347.5840983269045	4.0
11825.795483445549	1500.0	12.360251207246463	0.0	725845	1823.4052901792418	1.5
11830.644292404628	4000.0	11.511442248168791	0.0	1985434	4848.808959077672	4.0
11834.534696872393	4000.0	11.621037780403961	0.0	1830641	3890.404467764829	4.0
11838.117338771257	4000.0	12.038395881539152	0.0	1697030	3582.641898864809	4.0
11841.994314369142	4000.0	12.161420283654149	0.0	1910697	3876.9755978850035	4.0
11845.917201030941	4000.0	12.23853362185463	0.0	2171279	3922.8866617995177	4.0
11849.61272812105	4000.0	12.543006531746006	0.0	2042818	3695.527090108626	4.0
11853.136185062553	4000.0	13.019549590244361	0.0	1750852	3523.456941501644	4.0
11862.593561960082	8000.0	7.562172692713092	0.0	4346302	9457.37689753127	8.0

