23569.01947790478	600.0	4.0	0.6998717526613674	247108	699.8717526613674	-13.397435053227348
23569.346859181926	200.0	7.672618722857187	0.0	98617	327.38127714281234	0.2
23570.150430039364	600.0	10.869047865418684	0.0	288447	803.5708574385025	0.6
23572.03266825331	1500.0	12.98680965147453	0.0	718451	1882.2382139441545	1.5
23577.3034908863	4000.0	11.71598701848455	0.0	2069289	5270.822632989981	4.0
23581.83340184179	4000.0	11.186076062993616	0.0	1863995	4529.910955490934	4.0
23586.691129359922	4000.0	10.328348544863664	0.0	2046450	4857.727518129952	4.0
23588.592857286618	1500.0	12.426620618171413	0.0	780303	1901.7279266922505	1.5
23594.114444115523	4000.0	10.905033789266527	0.0	1857129	5521.586828904887	4.0
23596.472376166494	1500.0	12.547101738295426	0.0	763093	2357.9320509711	1.5
23602.120162841005	4000.0	10.899315063781545	0.0	2094766	5647.786674513883	4.0
23603.999980904682	1500.0	13.019497000103833	0.0	744416	1879.8180636777129	1.5
23615.11109977981	8000.0	5.908378124975128	0.0	4206019	11111.118875128705	8.0
23615.421084671118	200.0	9.59839323366885	0.0	80867	309.9848913062799	0.2
23617.64692302587	1500.0	11.37255487891672	0.0	754517	2225.8383547521285	1.5
23622.968987744458	4000.0	10.05049016032855	0.0	2231719	5322.064718588169	4.0
23624.624341387975	1500.0	12.395136516809783	0.0	735572	1655.3536435187666	1.5
23629.40033110795	4000.0	11.619146796833341	0.0	2192675	4775.989719976442	4.0
23634.614448974313	4000.0	10.405028930474122	0.0	2082556	5214.11786635922	4.0
23636.34611488769	1500.0	12.673363017097254	0.0	662349	1731.6659133768683	1.5
23642.35521328998	4000.0	10.6642646148049	0.0	2379358	6009.098402292356	4.0
23644.44251045693	1500.0	12.576967447855601	0.0	806394	2087.297166949297	1.5
23649.125717202733	4000.0	11.893760702052282	0.0	1849252	4683.206745803321	4.0
23653.383536200177	4000.0	11.635941704611305	0.0	1822097	4257.818997440977	4.0
23657.568658560216	4000.0	11.450819344571078	0.0	1836837	4185.122360040227	4.0
23662.50115372968	4000.0	10.51832417510821	0.0	1984579	4932.49516946287	4.0
23664.79520461849	1500.0	12.224273286296777	0.0	794014	2294.0508888114323	1.5
23670.615291026774	4000.0	10.404186878014174	0.0	2055338	5820.086408282602	4.0
23672.9390532715	1500.0	12.080424633285634	0.0	675709	2323.7622447285403	1.5
23679.668895542796	4000.0	9.35058236199226	0.0	2002600	6729.842271293376	4.0
23681.844071251886	1500.0	11.175406652904105	0.0	757473	2175.1757090881556	1.5
23686.534971731428	4000.0	10.484506173358783	0.0	1947068	4690.900479545321	4.0
23688.115652567376	1500.0	12.903825337410645	0.0	633700	1580.680835948138	1.5
23693.900914201662	4000.0	11.11856370312576	0.0	2125133	5785.261634284884	4.0
23699.642115440052	4000.0	9.377362464735667	0.0	1828568	5741.201238390094	4.0
23701.960486018852	1500.0	11.058991885937111	0.0	785519	2318.3705787985546	1.5
23707.214778608475	4000.0	9.804699296315343	0.0	2096494	5254.2925896217685	4.0
23709.432731344947	1500.0	11.586746559843448	0.0	866245	2217.9527364718947	1.5
23714.7327829356	4000.0	10.286694969186744	0.0	2142800	5300.0515906567025	4.0
23716.56770080737	1500.0	12.451777097418608	0.0	725845	1834.917871768137	1.5
23721.448000609416	4000.0	11.571477295372581	0.0	1985434	4880.299802046028	4.0
23725.38674811061	4000.0	11.632729794179507	0.0	1830641	3938.7475011930733	4.0
23729.02520900388	4000.0	11.99426890091048	0.0	1697030	3638.460893269029	4.0
23733.23543704083	4000.0	11.784040863964215	0.0	1910697	4210.228036946263	4.0
23738.311189701166	4000.0	10.708288203624841	0.0	2171279	5075.7526603393735	4.0
23740.148674889548	1500.0	12.870803015244054	0.0	763847	1837.4851883807883	1.5
23744.52277243694	4000.0	12.496705467850624	0.0	1750852	4374.097547393429	4.0
23749.8553097889	4000.0	11.164168115887025	0.0	2034636	5332.5373519636	4.0

