13801.922284944714	600.0	4.0	0.8055611832929604	247108	805.5611832929604	-15.51122366585921
13804.152780430291	1500.0	5.769504514424136	0.0	732405	2230.495485575864	1.5
13806.123250958073	1500.0	7.799033986640241	0.0	643847	1970.4705277838948	1.5
13808.312774557868	1500.0	9.609510386845775	0.0	718451	2189.5235997944656	1.5
13810.519460309906	1500.0	11.402824634808779	0.0	724296	2206.6857520369963	1.5
13812.795965216015	1500.0	13.126319728700809	0.0	689829	2276.5049061079726	1.5
13815.402976196088	1500.0	14.519308748627607	0.0	737903	2607.0109800732007	1.5
13818.155189547686	1500.0	15.767095397029825	0.0	780303	2752.2133515977825	1.5
13821.288079682743	1500.0	16.634205261972784	0.0	891463	3132.890135057041	1.5
13823.877685726009	1500.0	18.044599218705944	0.0	763093	2589.6060432668405	1.5
13826.459984113926	1500.0	19.462300830789456	0.0	769316	2582.2983879164894	1.5
13832.287083918744	4000.0	17.63520102597271	0.0	1761739	5827.099804816746	4.0
13839.901875557789	4000.0	14.020409386925468	0.0	2131310	7614.791639047241	4.0
13846.011486474657	4000.0	11.910798470058262	0.0	1805063	6109.6109168672065	4.0
13853.014227606567	4000.0	8.908057338149098	0.0	2157416	7002.741131909165	4.0
13859.791812481082	4000.0	6.130472463632085	0.0	2231719	6777.584874517012	4.0
13862.079328705715	1500.0	7.842956239000656	0.0	735572	2287.516224631429	1.5
13864.742915762106	1500.0	9.179369182609989	0.0	772616	2663.5870563906665	1.5
13867.375170852387	1500.0	10.547114092329542	0.0	747396	2632.255090280446	1.5
13869.717002072774	1500.0	12.205282871942808	0.0	662349	2341.831220386733	1.5
13872.65084080586	1500.0	13.271444138857053	0.0	835711	2933.8387330857563	1.5
13875.064862225992	1500.0	14.857422718723916	0.0	806394	2414.0214201331364	1.5
13877.463809236255	1500.0	16.45847570846264	0.0	809327	2398.9470102612777	1.5
13879.497341587037	1500.0	18.424943357680956	0.0	681795	2033.5323507816838	1.5
13882.027753291699	1500.0	19.894531653019506	0.0	855209	2530.4117046614497	1.5
13884.483465948688	1500.0	21.438818996030218	0.0	644861	2455.712656989286	1.5
13888.42176582417	1500.0	21.50051912054809	0.0	794014	3938.2998754821274	1.5
13892.94448578044	1500.0	20.977799164281198	0.0	914284	4522.719956266894	1.5
13895.391072791897	1500.0	22.531212152822047	0.0	675709	2446.5870114591535	1.5
13897.811262149817	1500.0	24.1110227949025	0.0	707527	2420.189357919544	1.5
13900.396650995064	1500.0	25.525633949655052	0.0	757473	2585.388845247447	1.5
13902.83242558472	1500.0	27.08985935999945	0.0	712239	2435.7745896556003	1.5
13905.460004303777	1500.0	28.462280640942954	0.0	633700	2627.578719056499	1.5
13914.805961807522	4000.0	23.116323137197323	0.0	2125133	9345.957503745629	4.0
13921.176185405735	4000.0	20.74609953898611	0.0	1828568	6370.223598211214	4.0
13927.173556231619	4000.0	18.74872871310146	0.0	1785821	5997.37082588465	4.0
13933.98684620713	4000.0	15.935438737590601	0.0	2096494	6813.28997551086	4.0
13941.086734098972	4000.0	12.835550845749694	0.0	1955307	7099.8878918409055	4.0
13948.62069621275	4000.0	9.301588731970787	0.0	2142800	7533.962113778906	4.0
13955.760035868521	4000.0	6.162249076198779	0.0	2094647	7139.339655772008	4.0
13958.479998434386	1500.0	7.442286510333013	0.0	811013	2719.962565865766	1.5
13960.700856571226	1500.0	9.221428373494977	0.0	657685	2220.8581368380364	1.5
13963.277742620909	1500.0	10.64454232381337	0.0	767059	2576.8860496816064	1.5
13965.990529186329	1500.0	11.931755758391954	0.0	848035	2712.7865654214156	1.5
13967.942846574642	1500.0	13.97943837007836	0.0	629438	1952.3173883135958	1.5
13974.099384156676	4000.0	11.822900788044858	0.0	2042818	6156.537582033501	4.0
13979.283158689328	4000.0	10.639126255393501	0.0	1750852	5183.774532651359	4.0
13985.328254438482	4000.0	8.594030506238292	0.0	2034636	6045.095749155209	4.0

