2134.5293611675756	600.0	4.0	1.0847848738214438	247108	1084.7848738214439	-21.095697476428874
2137.587449556099	1500.0	4.941911611476785	0.0	732405	3058.088388523215	1.5
2140.2854454390945	1500.0	6.243915728481029	0.0	643847	2697.995882995756	1.5
2143.2867943933247	1500.0	7.242566774250934	0.0	718451	3001.3489542300945	1.5
2145.386008698295	1500.0	9.143352469280678	0.0	724296	2099.2143049702545	1.5
2147.218372594461	1500.0	11.310988573114926	0.0	689829	1832.3638961657537	1.5
2149.1728582656524	1500.0	13.356502901923374	0.0	737903	1954.4856711915536	1.5
2151.2350521213325	1500.0	15.294309046243448	0.0	780303	2062.193855679924	1.5
2153.5796243210625	1500.0	16.949736846513353	0.0	891463	2344.5721997300943	1.5
2155.86090573407	1500.0	18.668455433505958	0.0	763093	2281.2814130073966	1.5
2158.2746415144434	1500.0	20.254719653132838	0.0	769316	2413.735780373123	1.5
2160.612842636846	1500.0	21.91651853073029	0.0	744416	2338.201122402548	1.5
2162.5314350833805	1500.0	23.997926084196084	0.0	606092	1918.5924465342032	1.5
2164.828689512665	1500.0	25.700671654911478	0.0	748011	2297.2544292846073	1.5
2166.82191666365	1500.0	27.70744450392652	0.0	754517	1993.2271509849604	1.5
2169.2721424992415	1500.0	29.25721866833483	0.0	934743	2450.2258355916897	1.5
2171.217330854049	1500.0	31.312030313527305	0.0	735572	1945.1883548075248	1.5
2173.256451600812	1500.0	33.272909566764284	0.0	772616	2039.1207467630231	1.5
2175.3671450397233	1500.0	35.162216127853036	0.0	747396	2110.69343891125	1.5
2177.978999687691	1500.0	36.550361479884955	0.0	662349	2611.8546479680817	1.5
2181.2535372799694	1500.0	37.27582388760648	0.0	835711	3274.5375922784724	1.5
2184.416009506837	1500.0	38.11335166073881	0.0	806394	3162.4722268676687	1.5
2187.6901530969653	1500.0	38.8392080706102	0.0	809327	3274.143590128611	1.5
2190.4899217274474	1500.0	40.03943944012826	0.0	681795	2799.768630481937	1.5
2193.9814612821606	1500.0	40.54789988541486	0.0	855209	3491.539554713406	1.5
2196.2725075079284	1500.0	42.2568536596474	0.0	644861	2291.0462257674594	1.5
2198.4880660145427	1500.0	44.041295153032735	0.0	794014	2215.5585066146687	1.5
2201.0270994492957	1500.0	45.50226171828009	0.0	914284	2539.0334347526436	1.5
2202.9244680384463	1500.0	47.60489312912915	0.0	675709	1897.3685891509356	1.5
2204.907413456927	1500.0	49.62194771064843	0.0	707527	1982.9454184807275	1.5
2207.3871933459386	1500.0	51.14216782163685	0.0	757473	2479.779889011575	1.5
2210.0140307579404	1500.0	52.51533040963551	0.0	712239	2626.837412001341	1.5
2212.360026958633	1500.0	54.16933420894269	0.0	633700	2345.996200692815	1.5
2215.140277712908	1500.0	55.38908345466848	0.0	755142	2780.2507542742205	1.5
2218.0750608857556	1500.0	56.454300281820515	0.0	670327	2934.783172847968	1.5
2221.9007555868347	1500.0	56.628605580741656	0.0	785519	3825.694701078858	1.5
2225.2282634845515	1500.0	57.301097683024544	0.0	681043	3327.5078977171133	1.5
2228.353915711809	1500.0	58.17544545576718	0.0	866245	3125.6522272573557	1.5
2231.0195850625414	1500.0	59.50977610503457	0.0	691256	2165.669350732618	1.5
2234.789616931896	1500.0	59.73974423568006	0.0	725845	2270.031869354504	1.5
2238.59242901379	1500.0	59.93693215378608	0.0	811013	2802.812081893976	1.5
2242.5812525432016	1500.0	59.94810862437432	0.0	657685	2988.8235294117644	1.5
2246.5538177798226	1500.0	59.975543387753355	0.0	767059	3472.5652366209642	1.5
2250.547616331469	1500.0	59.98174483610721	0.0	848035	2493.7985516461504	1.5
2254.823243499196	1500.0	59.706117668379825	0.0	629438	1775.62716772738	1.5
2258.797327076662	1500.0	59.56840948236778	0.0	763847	2137.7081860120547	1.5
2262.5138006046955	1500.0	59.85193595433404	0.0	769491	2216.4735280337345	1.5
2266.838959297669	1500.0	59.52677726136026	0.0	808636	2325.1586929737796	1.5

