23924.896852654027	600.0	4.0	0.5100288228320335	247108	510.0288228320336	-9.600576456640672
23926.25141786432	1500.0	6.645434789702092	0.0	732405	1354.5652102979084	1.5
23927.451870328405	1500.0	9.444982325621867	0.0	643847	1200.4524640802254	1.5
23931.099546120488	4000.0	9.797306533537812	0.0	2050098	3647.6757920840537	4.0
23934.78061898243	4000.0	10.116233671593738	0.0	2069289	3681.0728619440733	4.0
23938.19734567151	4000.0	10.69950698251696	0.0	1863995	3416.7266890767796	4.0
23941.940879506095	4000.0	10.955973147930493	0.0	2046450	3743.533834586466	4.0
23945.72825814569	4000.0	11.1685945083364	0.0	2058614	3787.3786395940942	4.0
23952.18306892153	8000.0	8.713783732494248	0.0	3448932	6454.810775842151	8.0
23958.3332366445	8000.0	6.563616009525908	0.0	3624869	6150.167722968341	8.0
23961.63930371415	4000.0	7.257548939876656	0.0	2094766	3306.067069649251	4.0
23964.432488944967	4000.0	8.464363709060038	0.0	1761739	2793.1852308166176	4.0
23968.98600209571	4000.0	7.910850558314219	0.0	2131310	4553.51315074582	4.0
23973.244267770893	4000.0	7.652584883131209	0.0	1805063	4258.26567518301	4.0
23977.58693146743	4000.0	7.309921186591669	0.0	2157416	4342.663696539539	4.0
23981.44982662804	4000.0	7.447026025984838	0.0	2231719	3862.8951606068313	4.0
23984.641722551423	4000.0	8.2551301026015	0.0	1835863	3191.8959233833375	4.0
23989.171626208365	4000.0	7.725226445659397	0.0	2192675	4529.903656942104	4.0
23993.77271764539	4000.0	7.1241350086368325	0.0	2082556	4601.091437022565	4.0
23998.146239822876	4000.0	6.750612831148891	0.0	2164412	4373.522177487941	4.0
24002.57542561566	4000.0	6.321427038362169	0.0	2379358	4429.185792786721	4.0
24006.230204501047	4000.0	6.666648152975566	0.0	1950922	3654.778885386604	4.0
24010.08539199706	4000.0	6.811460656962806	0.0	1849252	3855.1874960127598	4.0
24013.885143448417	4000.0	7.0117092056071435	0.0	1822097	3799.751451355662	4.0
24017.43237144067	4000.0	7.464481213350309	0.0	1836837	3547.2279922568337	4.0
24020.70173102283	4000.0	8.195121631188798	0.0	1984579	3269.359582161511	4.0
24024.105523710656	4000.0	8.79132894336236	0.0	2068230	3403.792687826436	4.0
24027.563107646678	4000.0	9.333745007342648	0.0	2055338	3457.583936019713	4.0
24031.42400139047	4000.0	9.472851263549202	0.0	2165436	3860.893743793446	4.0
24035.00058028328	4000.0	9.896272370743894	0.0	2002600	3576.5788928053084	4.0
24039.14054122371	4000.0	9.756311430309182	0.0	2290706	4139.960940434712	4.0
24042.71284412153	4000.0	10.184008532489553	0.0	1947068	3572.3028978196294	4.0
24047.329034522234	4000.0	9.56781813178516	0.0	2544033	4616.190400704394	4.0
24050.909788990564	4000.0	9.987063663454709	0.0	2125133	3580.754468330451	4.0
24054.002008741823	4000.0	10.894843912198635	0.0	1828568	3092.2197512560747	4.0
24057.0238108998	4000.0	11.87304175422153	0.0	1785821	3021.8021579771025	4.0
24061.127612638033	4000.0	11.769240015984215	0.0	2096494	4103.801738237317	4.0
24065.00068869376	4000.0	11.896163960260939	0.0	1955307	3873.0760557232757	4.0
24068.8727836398	4000.0	12.024069014219588	0.0	2142800	3872.0949460413517	4.0
24075.4654221087	8000.0	9.431430545320065	0.0	4253567	6592.638468899522	8.0
24082.190479681143	8000.0	6.70637297287666	0.0	3189942	6725.057572443405	8.0
24086.859918267186	4000.0	6.036934386831314	0.0	1830641	4669.438586045346	4.0
24089.96432631756	4000.0	6.932526336457349	0.0	1697030	3104.4080503739656	4.0
24093.0847798323	4000.0	7.812072821718121	0.0	1910697	3120.4535147392294	4.0
24096.619892216437	4000.0	8.276960437583181	0.0	2171279	3535.1123841349404	4.0
24106.326041552376	4000.0	4.0	1.4291888983558765	2042818	9706.149335939057	-24.58377796711753
24108.15839179992	600.0	6.167649752455048	0.0	256094	1832.3502475449518	0.6
24108.780970022697	600.0	9.545071529676576	0.0	308883	622.5782227784731	0.6

