31829.162339064653	600.0	4.0	0.9248678334081244	247108	924.8678334081244	-17.897356668162487
31830.301285578316	600.0	6.861053486334594	0.0	309722	1138.946513665406	0.6
31831.367492386446	600.0	9.794846678205868	0.0	288447	1066.2068081287262	0.6
31833.90389258304	1500.0	11.258446481612069	0.0	718451	2536.4001965937987	1.5
31836.460276966653	1500.0	12.702062097997734	0.0	724296	2556.3843836143346	1.5
31838.860676374592	1500.0	14.301662690059208	0.0	689829	2400.3994079385247	1.5
31840.93295595138	1500.0	16.229383113271776	0.0	737903	2072.2795767874322	1.5
31843.119712165415	1500.0	18.042626899235565	0.0	780303	2186.7562140362124	1.5
31845.606591563333	1500.0	19.555747501317878	0.0	891463	2486.879397917686	1.5
31847.7468821423	1500.0	21.415456922353634	0.0	763093	2140.2905789642427	1.5
31849.778150778213	1500.0	23.384188286439436	0.0	769316	2031.2686359141992	1.5
31853.853759946567	4000.0	23.30857911808359	0.0	1761739	4075.6091683558484	4.0
31858.767553020687	4000.0	22.39478604396279	0.0	2131310	4913.793074120799	4.0
31862.30219444667	4000.0	22.860144617978534	0.0	1805063	3534.6414259842545	4.0
31866.402489574844	4000.0	22.759849489806257	0.0	2157416	4100.295128172278	4.0
31871.01949461268	4000.0	22.142844451973172	0.0	2231719	4617.005037833087	4.0
31875.67207637765	4000.0	21.490262687001735	0.0	1835863	4652.581764971435	4.0
31881.667839793507	4000.0	19.494499271143898	0.0	2192675	5995.763415857838	4.0
31888.469692489638	4000.0	16.69264657501108	0.0	2082556	6801.852696132819	4.0
31890.546732840652	1500.0	18.615606223996046	0.0	662349	2077.0403510150354	1.5
31892.87731368996	1500.0	20.28502537468697	0.0	835711	2330.580849309074	1.5
31895.128943467957	1500.0	22.033395596692255	0.0	806394	2251.629777994715	1.5
31900.22481474846	4000.0	20.937524316186682	0.0	1849252	5095.871280505573	4.0
31902.730430117685	1500.0	22.431908946965148	0.0	681795	2505.615369221533	1.5
31909.34532705585	4000.0	19.817012008802248	0.0	1836837	6614.896938162899	4.0
31911.343345468613	1500.0	21.818993596037263	0.0	644861	1998.018412764986	1.5
31913.490249234987	1500.0	23.67208982966616	0.0	794014	2146.9037663711056	1.5
31915.950228735514	1500.0	25.212110329137403	0.0	914284	2459.9795005287565	1.5
31917.789171873887	1500.0	27.37316719076597	0.0	675709	1838.9431383714311	1.5
31923.269268761676	4000.0	25.893070302976387	0.0	2002600	5480.096887789584	4.0
31929.76862176982	4000.0	23.393717294832065	0.0	2290706	6499.353008144321	4.0
31936.62080290523	4000.0	20.541536159425224	0.0	1947068	6852.181135406843	4.0
31938.995050993202	1500.0	22.167288071449484	0.0	633700	2374.248087975743	1.5
31941.465833924427	1500.0	23.696505140227544	0.0	755142	2470.7829312219415	1.5
31945.49821261242	4000.0	23.664126452234456	0.0	1828568	4032.3786879930835	4.0
31949.438195320734	4000.0	23.72414374392364	0.0	1785821	3939.982708310818	4.0
31950.99024330517	1500.0	26.17209575948616	0.0	681043	1552.0479844374797	1.5
31956.5425630799	4000.0	24.619775984754884	0.0	1955307	5552.319774731276	4.0
31962.86203263476	4000.0	22.300306429899347	0.0	2142800	6319.4695548555355	4.0
31969.638742062085	4000.0	19.52359700257249	0.0	2094647	6776.709427326859	4.0
31972.203959753177	1500.0	20.95837931147974	0.0	811013	2565.217691092751	1.5
31974.101616464697	1500.0	23.060722599960208	0.0	657685	1897.6567115195278	1.5
31978.871730986317	4000.0	22.290608078342743	0.0	1697030	4770.114521617467	4.0
31981.29546166187	1500.0	23.866877402786113	0.0	848035	2423.7306755566306	1.5
31982.89904400693	1500.0	26.263295057727444	0.0	629438	1603.582345058669	1.5
31987.67025695886	4000.0	25.492082105794843	0.0	2042818	4771.212951932601	4.0
31991.770986940348	4000.0	25.3913521243099	0.0	1750852	4100.7299814849375	4.0
31997.16905741094	4000.0	23.99328165371779	0.0	2034636	5398.0704705921125	4.0

