7199.074198587913	750	4.0	8.167903151621386	450283	8167.903151621386	-34.37198355197196
7201.594765021606	300	5.479433566307663	0.0	155580	2520.566433692337	-0.15000000000000002
7205.252806222914	300	5.821392364999212	0.0	139857	3658.041201308451	0.3
7206.657203816092	300	8.416994771821596	0.0	155432	1404.3975931776165	0.3
7208.2608630908735	300	10.813335497039567	0.0	163442	1603.6592747820291	0.3
7209.058358089481	300	14.015840498433128	0.0	126289	797.4949986064382	0.3
7210.18653650364	300	16.88766208427341	0.0	153295	1128.1784141597204	0.3
7212.6947983000355	750	18.37940028787846	0.0	437162	2508.2617963949497	0.3
7215.345033383823	750	19.729165204091128	0.0	374758	2650.2350837873287	0.75
7218.8464120328945	1200	20.227786555019744	0.0	560821	3501.378649071384	0.75
7222.846269915096	1200	20.227928672818933	0.0	607410	3999.8578822008135	1.2
7226.421264614703	1200	20.652933973211493	0.0	594078	3574.994699607439	1.2
7230.7899607759955	1200	20.284237811919027	0.0	624282	4368.696161292463	1.2
7235.327932780008	1200	19.746265807906397	0.0	687371	4537.972004012632	1.2
7238.8467152656285	1200	20.22748332228513	0.0	526950	3518.78248562127	1.2
7242.827236134599	1200	20.24696245331538	0.0	587876	3980.5208689697497	1.2
7245.926787349942	750	21.14741123797255	0.0	360831	3099.55121534283	0.3
7248.9272471264385	750	22.14695146147638	0.0	372963	3000.459776496168	0.75
7251.8763367913225	750	23.197861796592242	0.0	405596	2949.089664884138	0.75
7253.768741241505	750	25.30545734640959	0.0	350713	1892.4044501826543	0.75
7255.985557383377	750	27.08864120453753	0.0	386472	2216.816141872059	0.75
7260.002806499383	1200	27.071392088531212	0.0	616206	4017.249116006319	0.75
7264.919903914846	1200	26.15429467306854	0.0	656471	4917.097415462672	1.2
7269.602305117441	1200	25.471893470474527	0.0	536667	4682.401202594014	1.2
7274.46583864136	750	24.608359946554213	0.0	359903	4863.533523920314	0.3
7278.553697977346	750	24.520500610568362	0.0	379700	4087.859335985854	0.75
7282.862757075466	750	24.211441512448737	0.0	425781	4309.059098119624	0.75
7285.789461916022	750	25.284736671892603	0.0	277716	2926.7048405561313	0.75
7293.719788006566	750	21.354410581348944	0.0	400396	7930.326090543658	0.75
7296.308713416771	300	22.76548517114379	0.0	149029	2588.9254102051523	-0.15000000000000002
7300.667062830755	300	22.407135757160596	0.0	157421	4358.349413983197	0.3
7304.185300695365	300	22.888897892550027	0.0	157488	3518.237864610567	0.3
7305.284295680191	300	25.78990290772493	0.0	143881	1098.9949848250997	0.3
7307.021601729881	300	28.0525968580343	0.0	163444	1737.30604969063	0.3
7309.770268569989	300	29.30393001792583	0.0	179328	2748.6668401084708	0.3
7316.803163715405	750	26.27103487250994	0.0	365161	7032.8951454158905	0.3
7318.462988278092	300	28.611210309823246	0.0	131610	1659.824562686693	-0.15000000000000002
7320.0050285744355	300	31.06917001347934	0.0	124011	1542.040296343908	0.3
7323.234039456712	750	31.840159131202924	0.0	378327	3229.0108822764173	0.3
7326.231745936246	750	32.84245265166953	0.0	390680	2997.7064795333854	0.75
7330.555875809272	1200	32.518322778643544	0.0	566904	4324.129873025989	0.75
7334.554949150225	1200	32.51924943768983	0.0	641452	3999.0733409537165	1.2
7338.792270353504	1200	32.28192823441098	0.0	599477	4237.32120327885	1.2
7343.189267886144	1200	31.88493070177165	0.0	634861	4396.997532639326	1.2
7347.413341485301	1200	31.660857102614827	0.0	630203	4224.073599156826	1.2
7350.966779991515	1200	32.107418596401	0.0	638661	3553.4385062138304	1.2
7354.3517804260855	1200	32.722418161829964	0.0	538612	3385.000434571035	1.2
7357.169565176646	1200	33.9046334112696	0.0	550906	2817.7847505603645	1.2

