22760.71932884076	600.0	4.0	0.6678275349390425	247108	667.8275349390425	-12.756550698780849
22762.54159467484	1500.0	6.177734165923282	0.0	732405	1822.2658340767175	1.5
22764.15319622108	1500.0	8.566132619684806	0.0	643847	1611.6015462384776	1.5
22765.942267883285	1500.0	10.777060957478444	0.0	718451	1789.0716622063635	1.5
22767.74524379765	1500.0	12.974085043116267	0.0	724296	1802.9759143621766	1.5
22769.466228632617	1500.0	15.253100208147488	0.0	689829	1720.9848349687782	1.5
22771.298275198667	1500.0	17.42105364209617	0.0	737903	1832.0465660513196	1.5
22773.225610771224	1500.0	19.49371806954094	0.0	780303	1927.3355725552285	1.5
22775.416113116487	1500.0	21.3032157242766	0.0	891463	2190.5023452643413	1.5
22777.302704714966	1500.0	23.416624125797693	0.0	763093	1886.5915984789074	1.5
22779.204029012493	1500.0	25.51529982826725	0.0	769316	1901.324297530444	1.5
22781.051013517288	1500.0	27.668315323474676	0.0	744416	1846.9845047925749	1.5
22782.755435105948	1500.0	29.96389373481174	0.0	606092	1704.421588662937	1.5
22784.840221865976	1500.0	31.87910697478628	0.0	748011	2084.786760025462	1.5
22786.942445726072	1500.0	33.77688311469046	0.0	754517	2102.223860095816	1.5
22789.52770352365	1500.0	35.191625317109306	0.0	934743	2585.2577975811587	1.5
22791.58779243525	1500.0	37.131536405509046	0.0	735572	2060.088911600258	1.5
22793.845248927886	1500.0	38.87407991287183	0.0	772616	2257.456492637216	1.5
22796.0316281289	1500.0	40.68770071185725	0.0	747396	2186.3792010145844	1.5
22797.978320160186	1500.0	42.74100868057422	0.0	662349	1946.6920312830268	1.5
22800.41359670496	1500.0	44.30573213579862	0.0	835711	2435.2765447755937	1.5
22802.88680751329	1500.0	45.83252132746786	0.0	806394	2473.2108083307635	1.5
22805.535742780216	1500.0	47.18358606054065	0.0	809327	2648.9352669272125	1.5
22807.77987077831	1500.0	48.93945806244515	0.0	681795	2244.1279980955023	1.5
22810.574442960748	1500.0	50.144885880010165	0.0	855209	2794.572182434979	1.5
22812.614959134913	1500.0	52.1043697058444	0.0	644861	2040.516174165764	1.5
22814.833249408086	1500.0	53.88607943267186	0.0	794014	2218.290273172538	1.5
22817.375428392483	1500.0	55.34390044827451	0.0	914284	2542.1789843973543	1.5
22819.27512172559	1500.0	57.44420711516559	0.0	675709	1899.6933331089158	1.5
22821.26050135631	1500.0	59.458827484445045	0.0	707527	1985.3796307205494	1.5
22824.904105894213	1500.0	59.81522294654498	0.0	757473	2143.604537900062	1.5
22828.955769965632	1500.0	59.76355887512383	0.0	712239	2051.664071421156	1.5
22830.888533729085	1500.0	59.92931132330543	0.0	633700	1834.247551818402	1.5
22835.018530675028	1500.0	59.79931437736223	0.0	755142	2129.9969459431945	1.5
22838.918278885012	1500.0	59.89956616737886	0.0	670327	1899.7482099833726	1.5
22843.137831045497	1500.0	59.68001400689317	0.0	785519	2219.552160485693	1.5
22847.196816189517	1500.0	59.62102886287369	0.0	681043	2058.985144019469	1.5
22849.897910746222	1500.0	59.52388092055413	0.0	866245	2597.1479423195674	1.5
22853.492133292206	1500.0	59.92965837456978	0.0	691256	2094.2225459843385	1.5
22857.687143308594	1500.0	59.73464835817933	0.0	725845	2195.0100163904567	1.5
22861.62565691377	1500.0	59.79613475300611	0.0	811013	2438.513605173217	1.5
22865.529298665497	1500.0	59.89249300127743	0.0	657685	1903.6417517286795	1.5
22869.73621477038	1500.0	59.68557689639553	0.0	767059	2206.916104881895	1.5
22873.610809407364	1500.0	59.8109822594112	0.0	848035	2374.5946369843386	1.5
22877.88372877061	1500.0	59.538062896167574	0.0	629438	1772.919363243625	1.5
22881.102337733544	1500.0	59.90364073408719	0.0	763847	2134.4221620803846	1.5
22885.300652284222	1500.0	59.70532618340843	0.0	769491	2198.3145506787564	1.5
22889.106728229235	1500.0	59.899250238397165	0.0	808636	2306.07594501127	1.5

