15624.993593129922	600.0	4.0	0.8419587966621057	247108	841.9587966621057	0.03389712	-16.239175933242112
15625.377679159716	200.0	7.615913970205631	0.0	98617	384.08602979436876	0.004705182	0.2
15625.785998456677	200.0	11.20759467324481	0.0	106476	408.3192969608202	0.004705182	0.2
15626.221310757935	200.0	14.772282371986355	0.0	115230	435.3123012584556	0.004705182	0.2
15626.602439706268	200.0	18.391153423654337	0.0	97658	381.1289483320164	0.004705182	0.2
15626.983568654601	200.0	22.010024475322318	0.0	97658	381.1289483320164	0.004705182	0.2
15627.420613885768	200.0	25.572979244155793	0.0	115792	437.04523116652854	0.004705182	0.2
15627.832627221927	200.0	29.160965907995912	0.0	107674	412.01333615987977	0.004705182	0.2
15630.66145799531	1500.0	30.33213513461427	0.0	891463	2828.830773381642	0.005205308	1.5
15648.689292153023	12000.0	16.304300976899018	0.0	5088378	18027.83415771525	0.011800373	12.0
15649.150618688736	200.0	19.842974441186517	0.0	95365	461.32653571250063	0.004705182	0.2
15649.611853256638	200.0	23.38173987328528	0.0	95342	461.2345679012346	0.016661674	0.2
15650.101385920205	200.0	26.89220720971753	0.0	102419	489.5326635677513	0.004705182	0.2
15653.172383071202	1500.0	27.82121005872038	0.0	748011	3070.9971509971515	0.004705182	1.5
15656.082649541477	1500.0	28.910943588444884	0.0	754517	2910.266470275494	0.004705182	1.5
15659.139775108799	1500.0	29.853818021122642	0.0	934743	3057.1255673222395	0.004705182	1.5
15661.562547622536	1500.0	31.431045507387473	0.0	735572	2422.77251373517	0.004705182	1.5
15674.004691746133	12000.0	22.988901383789962	0.0	4055239	12442.144123597513	0.041030064	12.0
15674.35638574337	200.0	26.637207386554145	0.0	90919	351.69399723581483	0.66053355	0.2
15676.388566008944	1500.0	28.605027120978676	0.0	662349	2032.1802655754698	0.004705182	1.5
15678.86392554461	1500.0	30.129667585311733	0.0	835711	2475.3595356669416	0.016966155	1.5
15681.25525512793	1500.0	31.738338001993327	0.0	806394	2391.329583318405	0.004705182	1.5
15683.654991432613	1500.0	33.33860169731059	0.0	809327	2399.7363046827413	0.004705182	1.5
15694.57600807364	8000.0	26.41758505628479	0.0	4032749	10921.016641025799	0.6788365	8.0
15696.964136746346	1500.0	28.029456383577035	0.0	855209	2388.1286727077545	0.004705182	1.5
15698.854876466605	1500.0	30.138716663319407	0.0	644861	1890.7397202576299	0.6869971	1.5
15710.585487172384	8000.0	22.40810595754026	0.0	4274504	11730.610705779143	0.04259832	8.0
15713.03740143123	1500.0	23.956191698695367	0.0	914284	2451.9142588448944	0.004705182	1.5
15714.87038388737	1500.0	26.123209242555014	0.0	675709	1832.982456140351	0.004705182	1.5
15727.696277585752	8000.0	17.297315544171408	0.0	4435580	12825.893698383607	0.07029815	8.0
15730.825378924184	1500.0	18.168214205739286	0.0	757473	3129.1013384321227	0.004705182	1.5
15733.772397138937	1500.0	19.221195990986345	0.0	712239	2947.0182147529435	0.004705182	1.5
15736.403267622987	1500.0	20.590325506936832	0.0	633700	2630.870484049512	0.0047410596	1.5
15739.701546255925	1500.0	21.2920468739983	0.0	755142	3298.2786329385326	0.004705182	1.5
15742.661576331115	1500.0	22.33201679881033	0.0	670327	2960.03007518797	0.3805767	1.5
15746.116523699535	1500.0	22.877069430389273	0.0	785519	3454.947368421053	0.004705182	1.5
15749.004757342514	1500.0	23.98883578740986	0.0	681043	2888.233642979413	0.004705182	1.5
15761.781901707634	8000.0	15.21169142228837	0.0	3739359	12777.144365121492	0.51682	8.0
15763.69071199915	1500.0	17.302881130772583	0.0	691256	1908.8102915157829	0.004705182	1.5
15765.69103212085	1500.0	19.302561009073425	0.0	725845	2000.3201216991583	0.6501097	1.5
15772.006963412261	4000.0	16.986629717662076	0.0	1985434	6315.931291411351	0.5654971	4.0
15778.223606606976	4000.0	14.769986522945647	0.0	1830641	6216.643194716429	0.6840739	4.0
15783.77480834793	4000.0	13.218784781992959	0.0	1697030	5551.201740952688	0.19680732	4.0
15786.588861704904	1500.0	14.404731425017058	0.0	848035	2814.053356975901	0.56753016	1.5
15788.767798912402	1500.0	16.225794217520036	0.0	629438	2178.9372074970215	0.55521077	1.5
15795.918361137941	4000.0	13.075231991980848	0.0	2042818	7150.562225539188	0.10211961	4.0
15802.738918140865	4000.0	10.254674989056955	0.0	1750852	6820.557002923894	0.3108861	4.0
15806.077083842201	1500.0	10.916509287722278	0.0	808636	3338.165701334677	0.049423367	1.5

