24966.84207292423	600.0	4.0	0.8470141812326614	247108	847.0141812326614	-16.340283624653225
24969.195431218603	1500.0	5.646641705627873	0.0	732405	2353.3582943721267	1.5
24970.17076014172	600.0	8.671312782509165	0.0	288447	975.3289231187073	0.6
24971.118913865506	600.0	11.723159058723105	0.0	279692	948.1537237860593	0.6
24972.187060605378	600.0	14.655012318854636	0.0	318350	1068.1467398684695	0.6
24972.57018746048	200.0	18.271885463751524	0.0	97658	383.1268551031098	0.2
24973.009601587393	200.0	21.83247133683822	0.0	115792	439.4141269133025	0.2
24973.423817739644	200.0	25.41825518458882	0.0	107674	414.2161522494035	0.2
24985.51278312752	8000.0	17.329289796710125	0.0	3448932	12088.965387878696	8.0
24997.130827714675	8000.0	9.711245209554717	0.0	3624869	11618.044587155407	8.0
24999.01340159512	1500.0	11.828671329110701	0.0	769316	1882.573880444015	1.5
24999.316796141586	200.0	15.525276782644369	0.0	95342	303.39454646633277	0.2
25000.816922082482	1500.0	18.025150841748722	0.0	606092	1500.1259408956448	1.5
25005.126340704162	4000.0	17.715732220069317	0.0	1805063	4309.418621679408	4.0
25005.400231106294	200.0	21.441841817937107	0.0	82750	273.8904021322087	0.2
25006.24026976722	600.0	24.601803157011002	0.0	324375	840.038660926105	0.6
25011.335013783137	4000.0	23.50705914108993	0.0	1835863	5094.744015921075	4.0
25023.14594669458	12000.0	15.696126229646374	0.0	4055239	11810.932911443555	12.0
25023.492718013124	200.0	19.349354911106122	0.0	90919	346.7713185402531	0.2
25025.516159054754	1500.0	21.32591386947766	0.0	662349	2023.4410416284616	1.5
25026.419620635534	600.0	24.422452288696437	0.0	280646	903.4615807812213	0.6
25026.786411759684	200.0	28.055661164544595	0.0	97742	366.791124151843	0.2
25027.16180878884	200.0	31.680264135386334	0.0	100675	375.39702915826155	0.2
25028.0830276748	600.0	34.75904524942855	0.0	298925	921.2188859577791	0.6
25028.391641241447	200.0	38.450431682781534	0.0	94556	308.61356664702237	0.2
25036.336834284346	8000.0	34.50523863988143	0.0	3253093	7945.193042900101	8.0
25048.963965822357	12000.0	25.878107101869617	0.0	5138482	12627.13153801182	12.0
25050.07608536788	600.0	28.765987556347245	0.0	302611	1112.1195455223722	0.6
25050.47666859996	200.0	32.365404324269484	0.0	93993	400.5832320777643	0.2
25050.887790938006	200.0	35.954281986225105	0.0	97083	411.1223380443819	0.2
25051.78763106079	600.0	39.0544418634394	0.0	240372	899.8401227857006	0.6
25052.86836521696	600.0	41.97370770727134	0.0	293409	1080.7341561680628	0.6
25063.455846376415	8000.0	35.38622654781345	0.0	3713878	10587.481159457882	8.0
25063.746483402545	200.0	39.09558952168169	0.0	89422	290.637026131763	0.2
25064.08141163221	200.0	42.760661292016614	0.0	108225	334.92822966507174	0.2
25068.367982997686	4000.0	42.47408992653999	0.0	1785821	4286.571365476629	4.0
25069.205595845786	600.0	45.63647707844152	0.0	284947	837.612848098464	0.6
25082.165654345925	8000.0	36.67641857830128	0.0	3739359	12960.058500140241	8.0
25104.09697245061	12000.0	18.74510047361663	0.0	5257310	21931.318104684648	12.0
25104.87693734236	600.0	21.96513558186707	0.0	284107	779.9648917495613	0.6
25113.685893482903	8000.0	17.15617944132165	0.0	3189942	8808.956140545419	8.0
25115.784260829845	1500.0	19.057812094382875	0.0	657685	2098.3673469387754	1.5
25120.785783178857	4000.0	18.056289745368492	0.0	1697030	5001.522349014382	4.0
25121.111345732264	200.0	21.730727191961524	0.0	96988	325.5625534069691	0.2
25130.7400182269	8000.0	16.102054697321083	0.0	3682991	9628.672494640441	8.0
25131.727062519247	600.0	19.11501040497587	0.0	288236	987.0442923452129	0.6
25134.228558861	1500.0	20.613514063224635	0.0	769491	2501.496341751239	1.5
25151.691337545974	12000.0	7.150735378250003	0.0	5646381	17462.77868497463	12.0

