27191.07375227615	600.0	4.0	0.8091203481724636	247108	809.1203481724635	0.12778339	-15.582406963449271
27191.44473298651	200.0	7.629019289639657	0.0	98617	370.9807103603438	0.004705182	0.2
27191.838902573058	200.0	11.234849703094456	0.0	106476	394.1695865451997	0.004705182	0.2
27192.258901835405	200.0	14.814850440747982	0.0	115230	419.99926234647586	0.004705182	0.2
27192.627052906846	200.0	18.446699369306238	0.0	97658	368.15107144174385	0.004705182	0.2
27192.995203978284	200.0	22.078548297864494	0.0	97658	368.15107144174385	0.004705182	0.2
27193.41686148575	200.0	25.656890790395753	0.0	115792	421.657507468742	0.004705182	0.2
27193.814565907986	200.0	29.259186368162876	0.0	107674	397.7044222328772	0.004705182	0.2
27196.524929202344	1500.0	30.548823073802236	0.0	891463	2710.363294360639	0.013977941	1.5
27211.549973729052	12000.0	19.5237785470952	0.0	5088378	15025.044526707035	0.004705182	12.0
27211.856383000046	200.0	23.217369276102666	0.0	95365	306.40927099253634	0.004705182	0.2
27213.703726195927	1500.0	25.370026080221784	0.0	744416	1847.343195880878	0.5750298	1.5
27214.02688260683	200.0	29.04686966931858	0.0	102419	323.1564109032096	0.004705182	0.2
27215.882760813765	1500.0	31.19099146238314	0.0	748011	1855.8782069354386	0.004705182	1.5
27217.754085135282	1500.0	33.319667140866066	0.0	754517	1871.3243215170714	0.004705182	1.5
27220.05329009722	1500.0	35.02046217892641	0.0	934743	2299.2049619396676	0.004705182	1.5
27221.835029939753	1500.0	37.23872233639494	0.0	735572	1781.7398425314605	0.004705182	1.5
27229.858593804052	12000.0	33.21515847209358	0.0	4055239	8023.563864301368	0.004705182	12.0
27244.680199160295	12000.0	22.393553115852715	0.0	5385367	14821.605356240862	0.012008909	12.0
27246.064308533565	1500.0	25.00944374258321	0.0	662349	1384.1093732695076	0.044856295	1.5
27246.37005653696	200.0	28.703695739186827	0.0	114656	305.74800339637966	0.722725	0.2
27246.642502299484	200.0	32.43124997666268	0.0	97742	272.4457625241499	0.16890581	0.2
27254.11889211558	8000.0	28.954860160563133	0.0	3805854	7476.389816099543	0.4034077	8.0
27255.47960404486	1500.0	31.59414823128645	0.0	681795	1360.7119292766827	0.004705182	1.5
27257.16606400471	1500.0	33.90768827143813	0.0	855209	1686.4599598483157	0.68469644	1.5
27263.401605458937	8000.0	31.672146817210187	0.0	3253093	6235.541454227948	0.119113676	8.0
27271.866376751248	8000.0	27.207375524898346	0.0	4274504	8464.771292311842	0.54594046	8.0
27279.04531229066	8000.0	24.02843998548989	0.0	3354913	7178.935539408456	0.6912993	8.0
27287.18844413282	8000.0	19.88530814332894	0.0	3811227	8143.131842160953	0.74420714	8.0
27288.757602369576	1500.0	22.316149906572335	0.0	707527	1569.1582367566002	0.25042275	1.5
27297.85047523944	8000.0	17.223277036707664	0.0	4025712	9092.872869864674	0.24214162	8.0
27299.60677543655	1500.0	19.46697683959666	0.0	712239	1756.300197111	0.014129769	1.5
27301.178229056626	1500.0	21.895523219520758	0.0	633700	1571.4536200759026	0.85438544	1.5
27315.238290251127	8000.0	11.835462025017844	0.0	4271839	14060.061194502914	0.004868842	8.0
27317.27355833127	1500.0	13.800193944876373	0.0	670327	2035.2680801414692	0.004705182	1.5
27319.64482845323	1500.0	15.428923822914037	0.0	785519	2371.270121962336	0.004705182	1.5
27321.711353893956	1500.0	17.36239838219065	0.0	681043	2066.525440723388	0.42771518	1.5
27324.069362992435	1500.0	19.00438928371047	0.0	866245	2358.0090984801836	0.475124	1.5
27328.86568070779	4000.0	18.20807156835569	0.0	2142800	4796.317715354775	0.6954853	4.0
27341.879711042653	8000.0	9.194041233492017	0.0	4253567	13014.030334863675	0.38836998	8.0
27344.37146712689	1500.0	10.702285149256626	0.0	811013	2491.7560842353914	0.01305363	1.5
27345.82269762949	1500.0	13.251054646656971	0.0	657685	1451.2305025996536	0.21127765	1.5
27349.44089494253	4000.0	13.632857333617007	0.0	1697030	3618.197313039966	0.42223823	4.0
27353.504574071027	4000.0	13.569178205119853	0.0	1910697	4063.679128497153	0.008258908	4.0
27359.645993927512	4000.0	11.427758348633672	0.0	2171279	6141.419856486182	0.095954694	4.0
27365.38558486382	4000.0	9.688167412327308	0.0	2042818	5739.590936306363	0.09732266	4.0
27369.99941538107	4000.0	9.074336895074767	0.0	1750852	4613.8305172525415	0.6863864	4.0
27375.194303884746	4000.0	7.879448391400977	0.0	2034636	5194.888503673789	0.009135783	4.0

