14779.673931208214	600.0	4.0	0.6781343701305579	247108	678.1343701305578	-12.962687402611158
14779.992637430509	200.0	7.681293777703817	0.0	98617	318.7062222961831	0.2
14780.770834432067	600.0	10.903096776145594	0.0	288447	778.1970015582216	0.6
14781.129753056597	200.0	14.544178151616464	0.0	115230	358.9186245291297	0.2
14791.154407191125	8000.0	8.519524017087456	0.0	4143114	10024.65413452901	8.0
14792.828120858008	1500.0	10.845810350204198	0.0	689829	1673.7136668832577	1.5
14793.66575684097	600.0	14.008174367242678	0.0	327938	837.6359829615191	0.6
14793.99451635292	200.0	17.679414855294084	0.0	107674	328.7595119485958	0.2
14802.157826934921	8000.0	13.516104273293301	0.0	3448932	8163.310582000781	8.0
14802.493453043095	200.0	17.18047816512048	0.0	105425	335.62610817282194	0.2
14803.3718309054	600.0	20.302100302814267	0.0	329266	878.3778623062119	0.6
14807.72355472979	4000.0	19.950376478424612	0.0	1761739	4351.723824389654	4.0
14808.517465045457	600.0	23.156466162756377	0.0	294430	793.9103156682377	0.6
14813.401915411578	4000.0	22.272015796636246	0.0	1805063	4884.4503661201325	4.0
14815.585135328301	1500.0	24.088795879912958	0.0	754517	2183.219916723288	1.5
14818.27073612274	1500.0	25.40319508547403	0.0	934743	2685.600794438928	1.5
14818.601251985387	200.0	29.07267922282834	0.0	89871	330.51586264569073	0.2
14827.93681115234	12000.0	23.737120055873778	0.0	4055239	9335.559166954563	12.0
14828.215883873145	200.0	27.45804733507021	0.0	90919	279.072720803569	0.2
14828.48391463648	200.0	31.190016571734414	0.0	85876	268.03076333579656	0.2
14837.410529357267	8000.0	26.263401850947595	0.0	3690869	8926.614720786822	8.0
14837.731975683553	200.0	29.941955524659594	0.0	97742	321.4463262879993	0.2
14854.905771605798	12000.0	16.768159602416013	0.0	5141915	17173.795922243582	12.0
14855.189415741515	200.0	20.484515466696003	0.0	85752	283.6441357200107	0.2
14855.49396764581	200.0	24.17996356240058	0.0	94556	304.5519042954255	0.2
14856.099765728157	600.0	27.574165480054276	0.0	221407	605.7980823463058	0.6
14856.389912075414	200.0	31.284019132798658	0.0	88490	290.1463472556179	0.2
14864.56192387557	8000.0	27.11200733264232	0.0	3354913	8172.011800156333	8.0
14864.873837148352	200.0	30.800094059861777	0.0	93993	311.91327278054496	0.2
14877.500041970718	12000.0	22.173889237495715	0.0	5411094	12626.204822366062	12.0
14877.784915739401	200.0	25.88901546881307	0.0	93982	284.87376868264374	0.2
14887.358896725937	8000.0	20.315034482277202	0.0	3568902	9573.980986535871	8.0
14889.399374702656	1500.0	22.2745565055573	0.0	633700	2040.4779767199043	1.5
14889.756019584516	200.0	25.917911623697986	0.0	89422	356.64488185931395	0.2
14891.899765100448	1500.0	27.774166107766113	0.0	670327	2143.745515931876	1.5
14897.017786082552	4000.0	26.65614512566261	0.0	1785821	5118.0209821035005	4.0
14897.385788903674	200.0	30.288142304539452	0.0	102088	368.00282112315966	0.2
14898.389599535782	600.0	33.28433167243154	0.0	327462	1003.8106321079081	0.6
14913.400032680855	12000.0	22.27389852735908	0.0	5257310	15010.433145072466	12.0
14914.237146604904	600.0	25.436784603308446	0.0	284107	837.1139240506329	0.6
14926.768643028276	12000.0	16.905288179937443	0.0	4828747	12531.496423371002	12.0
14928.45258163239	1500.0	19.22134957582508	0.0	657685	1683.9386041123662	1.5
14932.681334996376	4000.0	18.99259621183843	0.0	1697030	4228.753363986651	4.0
14933.47077370944	600.0	22.2031574987767	0.0	278938	789.4387130617241	0.6
14942.886817158327	8000.0	16.787114049889308	0.0	3682991	9416.043448887396	8.0
14944.721904686152	1500.0	18.952026522065655	0.0	763847	1835.0875278236522	1.5
14948.82482879041	4000.0	18.84910241780774	0.0	1750852	4102.924104257916	4.0
14962.318335803526	12000.0	9.355595404691213	0.0	5646381	13493.507013116525	12.0

