34234.154846975376	600.0	4.0	1.0857561496782073	247108	1085.7561496782073	-21.115122993564146
34234.63622877691	200.0	7.518618198468622	0.0	98617	481.381801531378	0.2
34235.1495975541	200.0	11.005249421281574	0.0	106476	513.3687771870469	0.2
34235.69859605324	200.0	14.456250922133753	0.0	115230	548.9984991478212	0.2
34236.17607462158	200.0	17.978772353794103	0.0	97658	477.4785683396505	0.2
34236.65355318992	200.0	21.50129378545445	0.0	97658	477.4785683396505	0.2
34237.20483908954	200.0	24.95000788583348	0.0	115792	551.2858996209712	0.2
34237.723083855635	200.0	28.431763119737475	0.0	107674	518.2447660960038	0.2
34238.98635774844	600.0	31.168489226933936	0.0	290723	1263.273892803541	0.6
34255.79094451653	12000.0	18.363902458847356	0.0	5088378	16804.58676808658	12.0
34257.72298869214	1500.0	20.431858283228205	0.0	769316	1932.044175619151	1.5
34258.03251413525	200.0	24.122332840117856	0.0	95342	309.52544311034876	0.2
34258.35907668227	200.0	27.795770293098506	0.0	102419	326.5625470193494	0.2
34260.239831399245	1500.0	29.915015576117373	0.0	748011	1880.754716981132	1.5
34260.9556545764	600.0	33.19919239896351	0.0	264113	715.8231771538624	0.6
34261.816551931275	600.0	36.338295044084035	0.0	324375	860.8973548794801	0.6
34263.66736111547	1500.0	38.48748585988856	0.0	735572	1850.8091841954802	1.5
34276.056611980006	12000.0	30.098234995352367	0.0	4055239	12389.25086453619	12.0
34277.15003946048	600.0	33.00480751487575	0.0	330105	1093.4274804766198	0.6
34279.26346118468	1500.0	34.891385790678264	0.0	662349	2113.4217241974793	1.5
34293.661790707585	12000.0	24.49305626777211	0.0	5251330	14398.329522906157	12.0
34294.53548640833	600.0	27.619360567028437	0.0	310841	873.6957007436724	0.6
34311.38551557176	12000.0	14.769331403602493	0.0	5141915	16850.029163425945	12.0
34313.70389045634	1500.0	16.450956519022622	0.0	681795	2318.374884579871	1.5
34314.09432361526	200.0	20.06052336010193	0.0	94556	390.4331589206936	0.2
34314.90121640278	600.0	23.25363057257756	0.0	221407	806.8927875243664	0.6
34315.27215423223	200.0	26.88269274313034	0.0	88490	370.9378294472193	0.2
34326.5065352252	8000.0	19.648311750163447	0.0	3354913	11234.380992966895	8.0
34326.90659992395	200.0	23.24824705141699	0.0	93993	400.0646987464618	0.2
34328.01753018125	600.0	26.137316794111776	0.0	302752	1110.930257305212	0.6
34328.91604423833	600.0	29.23880273703216	0.0	240372	898.5140570796178	0.6
34329.99515973836	600.0	32.159687237000234	0.0	293409	1079.1155000319236	0.6
34345.109909342566	12000.0	21.04493763279777	0.0	5639869	15114.749604202465	12.0
34345.40084137854	200.0	24.754005596825486	0.0	89422	290.93203597228364	0.2
34351.96144597443	4000.0	22.1934010009368	0.0	1828568	6560.604595888686	4.0
34353.05103865178	600.0	25.103808323591263	0.0	275745	1089.5926773455376	0.6
34353.504816226145	200.0	28.650030749220555	0.0	102088	453.77757437070943	0.2
34353.87919791951	200.0	32.27564905585671	0.0	80403	374.3816933638444	0.2
34354.27670089434	200.0	35.87814608102833	0.0	86718	397.50297482837533	0.2
34354.73003910945	200.0	39.42480786592536	0.0	101968	453.3382151029748	0.2
34370.58342494596	12000.0	27.571422029417132	0.0	4828747	15853.385836508225	12.0
34372.287113013976	1500.0	29.867733961401886	0.0	657685	1703.6880680152449	1.5
34376.5699951104	4000.0	29.584851864978457	0.0	1697030	4282.882096423429	4.0
34377.530411744185	600.0	32.624435231190084	0.0	278938	960.416633788369	0.6
34389.164027146086	8000.0	24.990819829285392	0.0	3682991	11633.615401904697	8.0
34390.12859366442	600.0	28.026253310948736	0.0	288236	964.566518336658	0.6
34395.58177764478	4000.0	26.57306933058967	0.0	1750852	5453.183980359062	4.0
34409.40786275552	12000.0	16.746984219853648	0.0	5646381	13826.085110736025	12.0

