4009.027038273851	600.0	4.0	0.9384610039951363	247108	938.4610039951364	-18.169220079902725
4011.651436397874	1500.0	5.37560187597707	0.0	732405	2624.398124022929	1.5
4013.9681812302515	1500.0	7.058857043599096	0.0	643847	2316.7448323779745	1.5
4016.5441027171373	1500.0	8.482935556713564	0.0	718451	2575.921486885531	1.5
4019.097147539907	1500.0	9.929890733944045	0.0	724296	2553.0448227695206	1.5
4021.4148541330464	1500.0	11.612184140804802	0.0	689829	2317.7065931392426	1.5
4023.8885059050035	1500.0	13.138532368847946	0.0	737903	2473.651771956857	1.5
4026.499697211467	1500.0	14.527341062384561	0.0	780303	2611.191306463385	1.5
4029.888178405695	1500.0	15.138859868156795	0.0	891463	3388.4811942277665	1.5
4033.9995750906314	1500.0	15.02746318321986	0.0	763093	4111.396684936935	1.5
4038.143847691833	1500.0	14.883190582017983	0.0	769316	4144.272601201876	1.5
4041.407695064342	1500.0	15.61934320950892	0.0	744416	3263.8473725090653	1.5
4043.918139174618	1500.0	17.10889909923323	0.0	606092	2510.4441102756896	1.5
4046.9976820317606	1500.0	18.029356242090373	0.0	748011	3079.542857142857	1.5
4049.9274672505953	1500.0	19.099571023255383	0.0	754517	2929.785218834989	1.5
4052.9467951072047	1500.0	20.080243166645975	0.0	934743	3019.32785660941	1.5
4055.339823683126	1500.0	21.687214590725215	0.0	735572	2393.0285759207577	1.5
4057.849338246233	1500.0	23.177700027618418	0.0	772616	2509.5145631067962	1.5
4060.5405580516863	1500.0	24.48648022216504	0.0	747396	2691.2198054533806	1.5
4063.5135434196704	1500.0	25.513494854180763	0.0	662349	2972.985367984276	1.5
4067.2437334174865	1500.0	25.783304856364648	0.0	835711	3730.1899978161173	1.5
4070.475709483953	1500.0	26.551328789898253	0.0	806394	3231.9760664663972	1.5
4072.7786009592164	1500.0	28.24843731463475	0.0	809327	2302.891475263501	1.5
4074.7312139986643	1500.0	30.295824275186817	0.0	681795	1952.613039447935	1.5
4077.1601246314103	1500.0	31.866913642440565	0.0	855209	2428.910632746249	1.5
4079.0112950231432	1500.0	34.01574325070781	0.0	644861	1851.1703917327566	1.5
4081.260575436831	1500.0	35.76646283702013	0.0	794014	2249.2804136876716	1.5
4083.8233982953316	1500.0	37.20363997851948	0.0	914284	2562.8228585006536	1.5
4085.7383486509048	1500.0	39.28868962294658	0.0	675709	1914.9503555729052	1.5
4087.739703731609	1500.0	41.28733454224256	0.0	707527	2001.3550807040176	1.5
4089.876691799974	1500.0	43.15034647387752	0.0	757473	2136.9880683650435	1.5
4092.083312935837	1500.0	44.943725338014545	0.0	712239	2206.6211358629753	1.5
4094.1508068101875	1500.0	46.87623146366387	0.0	633700	2067.4938743506814	1.5
4096.599183170081	1500.0	48.427855103769716	0.0	755142	2448.376359894149	1.5
4098.7815514931235	1500.0	50.245486780727475	0.0	670327	2182.3683230422425	1.5
4101.279565458092	1500.0	51.747472815759046	0.0	785519	2498.0139649684334	1.5
4103.222215327325	1500.0	53.80482294652604	0.0	681043	1942.6498692330044	1.5
4105.671391922597	1500.0	55.35564635125416	0.0	866245	2449.1765952718756	1.5
4107.641974305804	1500.0	57.385063968047035	0.0	691256	1970.5823832071246	1.5
4109.707157465066	1500.0	59.3198808087848	0.0	725845	2065.1831592622348	1.5
4113.0965355242	1500.0	59.93050274965152	0.0	811013	2389.378059133282	1.5
4117.233126686472	1500.0	59.79391158737896	0.0	657685	2136.5911622725584	1.5
4121.211732037577	1500.0	59.815306236273756	0.0	767059	2478.605351105204	1.5
4125.296602582405	1500.0	59.73043569144691	0.0	848035	4084.870544826846	1.5
4129.485418140362	1500.0	59.54162013349043	0.0	629438	3188.815557956475	1.5
4133.809774427511	1500.0	59.21726384634129	0.0	763847	4324.356287149149	1.5
4138.832508379095	1500.0	58.19452989475752	0.0	769491	5022.733951583765	1.5
4142.8706755872445	1500.0	58.156362686608134	0.0	808636	4038.1672081493894	1.5

