11810.825119685845	600.0	4.0	0.9999422960584486	247108	999.9422960584486	0.017011376	-19.39884592116897
11811.272254499005	200.0	7.552865186839778	0.0	98617	447.1348131602215	0.004705182	0.2
11811.74864707195	200.0	11.076472613895481	0.0	106476	476.39257294429706	0.004705182	0.2
11812.257629341948	200.0	14.567490343896878	0.0	115230	508.98226999860395	0.004705182	0.2
11812.701193956404	200.0	18.12392572944297	0.0	97658	443.5646144539067	0.004705182	0.2
11813.144758570857	200.0	21.680361114989065	0.0	97658	443.5646144539067	0.004705182	0.2
11813.655833074092	200.0	25.169286611754853	0.0	115792	511.07450323421284	0.004705182	0.2
11814.136685603293	200.0	28.688434082553865	0.0	107674	480.85252920098657	0.004705182	0.2
11814.571490387136	200.0	32.25362929871097	0.0	95305	434.80478384289637	0.004705182	0.2
11815.04397026056	200.0	35.78114942528735	0.0	105425	472.47987342361205	0.0051023453	0.2
11815.478998414499	200.0	39.34612127134813	0.0	95365	435.02815393922475	0.004705182	0.2
11815.913940943236	200.0	42.91117874261249	0.0	95342	434.9425287356322	0.004705182	0.2
11816.375229974832	200.0	46.44988971101493	0.0	102419	461.2890315975616	0.004705182	0.2
11816.756284467829	200.0	50.06883521801852	0.0	80867	381.05449299641674	0.004705182	0.2
11817.144349059015	200.0	53.680770626832334	0.0	82750	388.06459118618835	0.004931497	0.2
11817.575699052035	200.0	57.24942063381265	0.0	94377	431.3499930196845	0.38237646	0.2
11818.990273950822	200.0	59.83484573502722	0.0	89871	414.57489878542515	0.006315003	0.2
11834.490300861977	12000.0	48.33481882387087	0.0	4055239	15500.026911156352	0.004705182	12.0
11834.973478157508	200.0	51.85164152834137	0.0	90919	483.17729552950306	0.009472659	0.2
11835.43429243649	200.0	55.39082724935796	0.0	85876	460.8142789833985	0.07400253	0.2
11855.790599597914	12000.0	39.034520087933736	0.0	5251330	20356.307161424225	0.1176324	12.0
11856.224921821899	200.0	42.600197863949326	0.0	97742	434.3222239844122	0.004705182	0.2
11856.669876395159	200.0	46.155243290688794	0.0	100675	444.95457326052974	0.40035397	0.2
11857.06073395231	200.0	49.764385733537196	0.0	85752	390.85755715159615	0.004705182	0.2
11857.48350668267	200.0	53.34161300317491	0.0	94556	422.7727303622811	0.004705182	0.2
11868.803848699388	8000.0	46.02127098645721	0.0	3253093	11320.342016717705	0.004705182	8.0
11888.930141317056	12000.0	29.894978368789577	0.0	5138482	20126.292617667634	0.0065807453	12.0
11901.976865311064	8000.0	20.848254374782687	0.0	3354913	13046.72399400689	0.004705182	8.0
11902.405419665798	200.0	24.41970002004837	0.0	93993	428.5543547343138	0.004705182	0.2
11902.84383310404	200.0	27.981286581805676	0.0	97083	438.4134382426913	0.004705182	0.2
11903.270798193222	200.0	31.554321492625032	0.0	93982	426.9650891806457	0.013375724	0.2
11916.465735761962	8000.0	22.359383923886096	0.0	3568902	13194.937568738935	0.008195225	8.0
11918.850885244738	1500.0	23.97423444110788	0.0	633700	2385.14948277822	0.0690948	1.5
11919.256167045352	200.0	27.568952640494032	0.0	89422	405.28180061384563	0.017420884	0.2
11919.729846708875	200.0	31.095272976972378	0.0	108225	473.67966352165513	0.008231514	0.2
11920.129195577807	200.0	34.69592410803979	0.0	87791	399.3488689325907	0.14873819	0.2
11920.580551267247	200.0	38.24456841860021	0.0	102088	451.3556894395817	0.15791269	0.2
11920.953025519833	200.0	41.8720941660141	0.0	80403	372.47425258610895	0.05604298	0.2
11923.59893809253	1500.0	43.22618159331705	0.0	691256	2645.9125726970506	0.76284105	1.5
11924.081506256964	200.0	46.743613428883464	0.0	101968	482.5681644335875	0.045090172	0.2
11943.350451686643	12000.0	31.47466799920519	0.0	4828747	19268.945429678275	0.024761898	12.0
11950.22759640028	4000.0	28.59752328556925	0.0	1830641	6877.144713635942	0.08749002	4.0
11956.397348089153	4000.0	26.427771596695404	0.0	1697030	6169.751688873843	0.0059681516	4.0
11963.123395177134	4000.0	23.701724508715234	0.0	1910697	6726.047087980173	0.006262865	4.0
11977.663319266221	8000.0	13.161800419628229	0.0	3682991	14539.924089087004	0.021251507	8.0
11984.904541261743	4000.0	9.920578424104374	0.0	2042818	7241.221995523856	0.81292903	4.0
11990.207359838472	4000.0	8.617759847375622	0.0	1750852	5302.818576728751	0.0062743654	4.0
11992.699533524546	1500.0	10.125586161300712	0.0	808636	2492.1736860749106	0.6811974	1.5

