23505.234720768858	600.0	4.0	0.7679039582427142	247108	767.9039582427142	0.31339172	-14.758079164854284
23505.589252652284	200.0	7.645468116572423	0.0	98617	354.5318834275772	0.004705182	0.2
23505.965662569637	200.0	11.269058199217051	0.0	106476	376.40991735537193	0.004705182	0.2
23506.366442038972	200.0	14.868278729882558	0.0	115230	400.7794693344932	0.004705182	0.2
23506.71830423993	200.0	18.51641652892562	0.0	97658	351.8622009569378	0.004705182	0.2
23507.070166440884	200.0	22.164554327968684	0.0	97658	351.8622009569378	0.004705182	0.2
23507.472510416526	200.0	25.7622103523271	0.0	115792	402.3439756415833	0.004705182	0.2
23507.852255349106	200.0	29.382465419747717	0.0	107674	379.74493257938235	0.004705182	0.2
23510.41392703245	1500.0	30.820793736407133	0.0	891463	2561.6716833405826	0.1156752	1.5
23533.740035969622	12000.0	11.494684799234081	0.0	5088378	23326.108937173052	0.004705182	12.0
23534.35116935865	200.0	14.883551410205955	0.0	95365	611.1333890281259	0.004705182	0.2
23534.962174649656	200.0	18.272546119200662	0.0	95342	611.005291005291	0.004705182	0.2
23535.556502067557	200.0	21.678218701297926	0.0	102419	594.3274179027355	0.004705182	0.2
23537.593333381632	1500.0	23.641387387225233	0.0	748011	2036.8313140726934	0.004705182	1.5
23539.64718469211	1500.0	25.5875360767496	0.0	754517	2053.85131047563	0.005674074	1.5
23542.1725155402	1500.0	27.062205228660133	0.0	934743	2525.3308480894693	0.03097625	1.5
23544.17680585592	1500.0	29.05791491293606	0.0	735572	2004.2903157240728	0.004705182	1.5
23556.21357146353	12000.0	21.02114930532923	0.0	4055239	12036.765607606827	0.5141839	12.0
23556.52657015014	200.0	24.708150618716168	0.0	90919	312.9986866130634	0.0092960745	0.2
23558.30397605077	1500.0	26.9307447180851	0.0	662349	1777.4059006310665	0.004705182	1.5
23560.525657826725	1500.0	28.70906294212969	0.0	835711	2221.681775955409	0.64654464	1.5
23562.672208744498	1500.0	30.562512024360526	0.0	806394	2146.5509177691642	0.004705182	1.5
23564.826276079602	1500.0	32.40844468925466	0.0	809327	2154.0673351058717	0.022895766	1.5
23575.685293875762	8000.0	25.549426893096616	0.0	4032749	10859.017796158038	0.17690322	8.0
23579.586252783727	1500.0	25.648467985132342	0.0	855209	3900.958907964274	0.004705182	1.5
23583.049684821766	1500.0	26.18503594709332	0.0	644861	3463.432038039023	0.004705182	1.5
23586.959284089062	1500.0	26.275436679795725	0.0	794014	3909.599267297591	0.009982908	1.5
23589.423685973303	1500.0	27.811034795555862	0.0	914284	2464.401884239866	0.004705182	1.5
23599.495157096124	8000.0	21.739563672732583	0.0	3811227	10071.471122823277	0.45353842	8.0
23601.45647130682	1500.0	23.77824946204008	0.0	707527	1961.3142106925034	0.004705182	1.5
23603.550591925705	1500.0	25.684128843157858	0.0	757473	2094.120618882223	0.004705182	1.5
23616.85772224537	8000.0	16.37699852348922	0.0	3568902	13307.130319668639	0.028746944	8.0
23619.817807287895	1500.0	17.41691348096607	0.0	633700	2960.0850425231524	0.32688534	1.5
23623.34260172252	1500.0	17.89211904634213	0.0	755142	3524.7944346239387	0.004705182	1.5
23626.480488476238	1500.0	18.754232292621424	0.0	670327	3137.8867537207047	0.035208624	1.5
23630.922533387376	1500.0	18.31218738148221	0.0	785519	4442.044911139216	0.004705182	1.5
23634.974208558688	1500.0	18.26051221017444	0.0	681043	4051.6751713077715	0.008668618	1.5
23638.69376444536	1500.0	18.5409563235012	0.0	866245	3719.555886673238	0.004705182	1.5
23640.614720535777	1500.0	20.620000233085406	0.0	691256	1920.956090415793	0.004705182	1.5
23656.518836834974	8000.0	8.715883933888723	0.0	4253567	15904.116299196685	0.6978757	8.0
23657.179997706306	200.0	12.054723062558727	0.0	107384	661.1608713299961	0.18412964	0.2
23659.397811909705	1500.0	13.83690885915895	0.0	657685	2217.8142033997783	0.02993657	1.5
23661.657111575874	1500.0	15.577609192989478	0.0	767059	2259.2996661694724	1.01307	1.5
23667.16561360017	4000.0	14.069107168697977	0.0	1910697	5508.502024291499	0.18429282	4.0
23672.91403651125	4000.0	12.320684257614976	0.0	2171279	5748.422911083001	0.35364228	4.0
23678.25719077617	4000.0	10.977529992694246	0.0	2042818	5343.1542649207295	0.05293901	4.0
23680.362800094874	1500.0	12.871920673992678	0.0	769491	2105.609318701568	0.15260412	1.5
23685.798779101468	4000.0	11.43594166739522	0.0	2034636	5435.979006597458	0.03284009	4.0

