14781.115748317707	600.0	4.0	0.9546992323178691	247108	954.6992323178691	-18.493984646357383
14781.544827320384	200.0	7.570920997323068	0.0	98617	429.0790026769319	0.2
14782.645856058687	600.0	10.469892259020819	0.0	288447	1101.02873830225	0.6
14785.268989175212	1500.0	11.846759142496849	0.0	718451	2623.133116523971	1.5
14792.67463237077	4000.0	8.441115946938739	0.0	2069289	7405.643195558111	4.0
14793.926529143822	600.0	11.189219173887523	0.0	330929	1251.8967730512152	0.6
14801.294739496285	4000.0	7.821008821424303	0.0	2046450	7368.21035246322	4.0
14802.423357052863	600.0	10.692391264845952	0.0	274823	1128.6175565783512	0.6
14805.904832740269	1500.0	11.21091557743985	0.0	891463	3481.4756874061	1.5
14814.45559305401	4000.0	6.660155263700675	0.0	2373154	8550.760313739176	4.0
14814.847345260612	200.0	10.26840305709721	0.0	95365	391.7522066034652	0.2
14817.360872557114	1500.0	11.754875760595086	0.0	744416	2513.5272965021254	1.5
14824.791513643137	4000.0	8.324234674574098	0.0	2131310	7430.641086020988	4.0
14825.847964156643	600.0	11.267784161067384	0.0	266809	1056.4505135067134	0.6
14833.792888254131	4000.0	7.322860063580575	0.0	2157416	7944.924097486809	4.0
14835.045239733687	600.0	10.070508584023314	0.0	324375	1252.3514795572623	0.6
14837.783733521805	1500.0	11.33201479590495	0.0	735572	2738.493788118364	1.5
14846.179503480413	4000.0	6.936244837296999	0.0	2192675	8395.76995860795	4.0
14846.618787236494	200.0	10.496961081215101	0.0	90919	439.28375608189884	0.2
14849.316185542206	1500.0	11.799562775502437	0.0	662349	2697.398305712663	1.5
14858.442426973565	4000.0	6.6733213441423995	0.0	2379358	9126.241431360038	4.0
14858.888896486618	200.0	10.226851831089956	0.0	97742	446.46951305244414	0.2
14862.003304986923	1500.0	11.112443330783933	0.0	809327	3114.4085003060254	1.5
14868.77788384244	4000.0	8.33786447526818	0.0	1822097	6774.578855515753	4.0
14870.13257475821	600.0	10.983173559497075	0.0	346939	1354.6909157711032	0.6
14872.559493954188	1500.0	12.55625436352134	0.0	644861	2426.919195975736	1.5
14879.739646291819	4000.0	9.376102025889653	0.0	2068230	7180.152337631686	4.0
14883.007280851058	1500.0	10.108467466650932	0.0	914284	3267.634559238721	1.5
14885.610642736925	1500.0	11.50510558078327	0.0	675709	2603.3618858676627	1.5
14893.169134976393	4000.0	7.946613341315421	0.0	2002600	7558.49223946785	4.0
14894.146778108614	600.0	10.968970209094627	0.0	240372	977.6431322207958	0.6
14896.886557312722	1500.0	12.229191004986795	0.0	712239	2739.779204107831	1.5
14907.186543431335	4000.0	5.929204886373431	0.0	2544033	10299.986118613364	4.0
14907.666027446412	200.0	9.449720871295948	0.0	89422	479.4840150774815	0.2
14910.74064757764	1500.0	10.375100740066017	0.0	670327	3074.6201312299318	1.5
14914.096409641428	1500.0	11.01933867627964	0.0	785519	3355.7620637863756	1.5
14921.845691272962	4000.0	7.2700570447464195	0.0	2096494	7749.28163153322	4.0
14923.123595155168	600.0	9.99215316253873	0.0	327462	1277.9038822076914	0.6
14925.855321079243	1500.0	11.26042723846462	0.0	691256	2731.7259240741078	1.5
14933.972880550846	4000.0	7.142867766861774	0.0	2094647	8117.559471602847	4.0
14935.246044593026	600.0	9.86970372468085	0.0	315398	1273.164042180924	0.6
14937.814094907493	1500.0	11.301653410215442	0.0	657685	2568.050314465409	1.5
14944.214539208067	4000.0	8.901209109639694	0.0	1697030	6400.4443005757485	4.0
14945.202522037192	600.0	11.91322628051431	0.0	278938	987.982829125384	0.6
14952.350343736785	4000.0	8.765404580923237	0.0	2171279	7147.821699591073	4.0
14953.368592877225	600.0	11.7471554404842	0.0	288236	1018.2491404390373	0.6
14959.995520168759	4000.0	9.120228148949067	0.0	1750852	6626.927291535133	4.0
14963.134624533444	1500.0	9.981123784263769	0.0	808636	3139.104364685298	1.5

