30579.55299279852	600.0	4.0	0.8091203481724636	247108	809.1203481724635	-15.582406963449271
30581.794037315907	1500.0	5.758955482609818	0.0	732405	2241.0445173901817	1.5
30583.773781350137	1500.0	7.7792114483826955	0.0	643847	1979.7440342271234	1.5
30585.973652998422	1500.0	9.579339800095894	0.0	718451	2199.8716482867994	1.5
30588.190770986104	1500.0	11.362221812414708	0.0	724296	2217.1179876811866	1.5
30590.289757452705	1500.0	13.263235345811486	0.0	689829	2098.9864666032204	1.5
30592.513967252566	1500.0	15.039025545949514	0.0	737903	2224.209799861974	1.5
30594.861383619573	1500.0	16.691609178945043	0.0	780303	2347.4163670044677	1.5
30600.304220300728	4000.0	15.248772497790032	0.0	1857129	5442.83668115501	4.0
30607.014762681894	4000.0	12.538230116621449	0.0	2373154	6710.542381168582	4.0
30612.98541536804	4000.0	10.567577430475529	0.0	2094766	5970.65268614592	4.0
30618.043837127134	4000.0	9.509155671379801	0.0	1761739	5058.421759095727	4.0
30624.390877560567	4000.0	7.162115237948274	0.0	2131310	6347.040433431527	4.0
30629.857316443035	4000.0	5.695676355483431	0.0	1805063	5466.438882464844	4.0
30632.124707670926	1500.0	7.428285127590878	0.0	754517	2267.3912278925523	1.5
30634.914353109827	1500.0	8.638639688692427	0.0	934743	2789.645438898451	1.5
30637.126639005288	1500.0	10.42635379323088	0.0	735572	2212.285895461546	1.5
30639.446308540573	1500.0	12.106684257946887	0.0	772616	2319.6695352839934	1.5
30641.783359234658	1500.0	13.769633563861747	0.0	747396	2337.050694085139	1.5
30643.904968235198	1500.0	15.64802456332233	0.0	662349	2121.609000539416	1.5
30646.560944192664	1500.0	16.992048605859125	0.0	835711	2655.975957463204	1.5
30652.73443313452	4000.0	14.818559664001889	0.0	1950922	6173.488941857238	4.0
30658.72660034069	4000.0	12.826392457831565	0.0	1849252	5992.167206170323	4.0
30664.40204126294	4000.0	11.150951535583037	0.0	1822097	5675.440922248528	4.0
30670.014266246	4000.0	9.538726552524531	0.0	1836837	5612.224983058505	4.0
30676.44112561389	4000.0	7.111867184635735	0.0	1984579	6426.8593678887955	4.0
30682.864759095344	4000.0	4.688233703176253	0.0	2068230	6423.633481459483	4.0
30685.474073709083	1500.0	6.078919089440863	0.0	914284	2609.3146137353897	1.5
30687.42338417315	1500.0	8.129608625370043	0.0	675709	1949.310464070821	1.5
30689.460717322054	1500.0	10.092275476466245	0.0	707527	2037.333148903797	1.5
30691.66046229017	1500.0	11.892530508355517	0.0	757473	2199.74496811073	1.5
30693.826654326782	1500.0	13.726338471742244	0.0	712239	2166.1920366132726	1.5
30695.76280077987	1500.0	15.790192018652998	0.0	633700	1936.146453089245	1.5
30702.089197059173	4000.0	13.463795739353102	0.0	2125133	6326.396279299896	4.0
30707.718194309055	4000.0	11.834798489471643	0.0	1828568	5628.99724988146	4.0
30713.017580546628	4000.0	10.535412251899622	0.0	1785821	5299.386237572021	4.0
30718.661616574296	4000.0	8.891376224231966	0.0	2096494	5644.0360276676565	4.0
30724.11139730965	4000.0	7.4415954888769615	0.0	1955307	5449.780735355005	4.0
30726.18015821088	1500.0	9.372834587648832	0.0	691256	2068.76090122813	1.5
30728.348432535226	1500.0	11.204560263300207	0.0	725845	2168.274324348624	1.5
30730.761737338064	1500.0	12.791255460466338	0.0	811013	2413.30480283387	1.5
30732.739779528394	1500.0	14.813213270132522	0.0	657685	1978.0421903338156	1.5
30737.747634337833	4000.0	13.805358460695135	0.0	1697030	5007.854809437387	4.0
30743.328225411966	4000.0	12.224767386560499	0.0	1910697	5580.591074134637	4.0
30749.442698922474	4000.0	10.110293876051553	0.0	2171279	6114.473510508947	4.0
30755.320608712493	4000.0	8.232384086029489	0.0	2042818	5877.909790022064	4.0
30760.477749498346	4000.0	7.07524330018057	0.0	1750852	5157.14078584892	4.0
30766.577452780308	4000.0	4.9755400182208405	0.0	2034636	6099.703281959729	4.0

