22197.878204914414	600.0	4.0	0.5675607951462537	247108	567.5607951462537	-10.751215902925074
22199.403289509686	1500.0	6.474915404725497	0.0	732405	1525.084595274503	1.5
22200.75364318206	1500.0	9.124561732353378	0.0	643847	1350.3536723721204	1.5
22202.251195591667	1500.0	11.627009322744538	0.0	718451	1497.5524096088395	1.5
22203.76028058155	1500.0	14.11792433285651	0.0	724296	1509.0849898880285	1.5
22205.201359849547	1500.0	16.6768450648646	0.0	689829	1441.0792679919105	1.5
22206.73729237063	1500.0	19.14091254377744	0.0	737903	1535.9325210871602	1.5
22208.270892986722	1500.0	21.60731192768762	0.0	780303	1533.6006160898196	1.5
22209.737493807206	1500.0	24.140711107202716	0.0	891463	1466.6008204849027	1.5
22213.508748838027	4000.0	24.369456076385923	0.0	2373154	3771.255030816791	4.0
22216.84699315588	4000.0	25.031211758535516	0.0	2094766	3338.2443178504077	4.0
22220.142684358514	4000.0	25.735520555899956	0.0	1761739	3295.6912026355603	4.0
22224.666327261264	4000.0	25.21187765314914	0.0	2131310	4523.642902750812	4.0
22228.49521771734	4000.0	25.382987197077526	0.0	1805063	3828.8904560716146	4.0
22232.24620451956	4000.0	25.63200039485273	0.0	2157416	3750.986802224799	4.0
22236.123622817784	4000.0	25.75458209663193	0.0	2231719	3877.4182982207994	4.0
22239.486560416037	4000.0	26.391644498380234	0.0	1835863	3362.937598251692	4.0
22244.2012570975	4000.0	25.67694781691754	0.0	2192675	4714.696681462692	4.0
22248.683193263216	4000.0	25.195011651202048	0.0	2082556	4481.936165715494	4.0
22252.107885945967	4000.0	25.770318968447906	0.0	2164412	3424.6926827541406	4.0
22255.819696521892	4000.0	26.058508392524683	0.0	2379358	3711.810575923223	4.0
22258.87754985561	4000.0	27.000655058809752	0.0	1950922	3057.8533337149292	4.0
22262.236657173602	4000.0	27.641547740812896	0.0	1849252	3359.1073179968553	4.0
22265.58063818548	4000.0	28.297566728934125	0.0	1822097	3343.981011878772	4.0
22268.95102343386	4000.0	28.927181480554722	0.0	1836837	3370.3852483794044	4.0
22272.70449088045	4000.0	29.173714033967983	0.0	1984579	3753.4674465867406	4.0
22276.626686707543	4000.0	29.25151820687543	0.0	2068230	3922.1958270925493	4.0
22280.388839322593	4000.0	29.489365591821937	0.0	2055338	3762.152615053497	4.0
22283.929695372375	4000.0	29.948509542037197	0.0	2165436	3540.8560497847393	4.0
22287.210302698244	4000.0	30.667902216168912	0.0	2002600	3280.6073258682864	4.0
22290.989126745586	4000.0	30.889078168827364	0.0	2290706	3778.8240473415494	4.0
22294.28220965863	4000.0	31.595995255783436	0.0	1947068	3293.082913043927	4.0
22298.56041381099	4000.0	31.317791103427236	0.0	2544033	4278.204152356199	4.0
22302.23188960102	4000.0	31.64631531339622	0.0	2125133	3671.475790031016	4.0
22305.44995101704	4000.0	32.42825389737399	0.0	1828568	3218.0614160222244	4.0
22308.594653000244	4000.0	33.283551914170616	0.0	1785821	3144.701983203372	4.0
22312.617313468225	4000.0	33.26089144618856	0.0	2096494	4022.6604679820643	4.0
22316.630840261798	4000.0	33.247364652616	0.0	1955307	4013.5267935725606	4.0
22321.01183129774	4000.0	32.86637361667374	0.0	2142800	4380.991035942257	4.0
22325.236364340875	4000.0	32.6418405735396	0.0	2094647	4224.533043134152	4.0
22329.244805179816	4000.0	32.63339973460014	0.0	1985434	4008.4408389394544	4.0
22332.855093653478	4000.0	33.02311126093868	0.0	1830641	3610.2884736614565	4.0
22336.157366245894	4000.0	33.72083866852189	0.0	1697030	3302.2725924167808	4.0
22339.86534369798	4000.0	34.012861216436214	0.0	1910697	3707.977452085682	4.0
22344.474743729457	4000.0	33.403461184960165	0.0	2171279	4609.400031476044	4.0
22348.933129551482	4000.0	32.94507536293501	0.0	2042818	4458.385822025158	4.0
22352.370164530053	4000.0	33.50804038436317	0.0	1750852	3437.034978571835	4.0
22355.793340499244	4000.0	34.08486441517191	0.0	2034636	3423.1759691912707	4.0

