17949.693241696943	600.0	4.0	0.5880345394736842	247108	588.0345394736843	-11.160690789473685
17951.279008555495	1500.0	6.414233141447368	0.0	732405	1585.7668585526317	1.5
17952.682707157466	1500.0	9.010534539473683	0.0	643847	1403.6986019736842	1.5
17954.239785693648	1500.0	11.453456003289473	0.0	718451	1557.0785361842106	1.5
17955.808881088386	1500.0	13.884360608552631	0.0	724296	1569.0953947368423	1.5
17957.307115052205	1500.0	16.38612664473684	0.0	689829	1498.2339638157894	1.5
17958.904185364703	1500.0	18.78905633223684	0.0	737903	1597.0703125	1.5
17960.626285567778	1500.0	21.06695612916219	0.0	780303	1722.100203074651	1.5
17962.621351088725	1500.0	23.07189060821697	0.0	891463	1995.0655209452202	1.5
17964.34064861826	1500.0	25.352593078678836	0.0	763093	1719.2975295381311	1.5
17966.073314568854	1500.0	27.619927128088076	0.0	769316	1732.6659505907628	1.5
17967.752489649414	1500.0	29.940752047529536	0.0	744416	1679.175080558539	1.5
17969.134513279918	1500.0	32.5587284170247	0.0	606092	1382.0236305048336	1.5
17970.9083758216	1500.0	34.78486587534039	0.0	748011	1773.862541684315	1.5
17972.84567701085	1500.0	36.84756468609132	0.0	754517	1937.3011892490654	1.5
17975.2266182561	1500.0	38.46662344084139	0.0	934743	2380.9412452499273	1.5
17977.11728488174	1500.0	40.575956815200996	0.0	735572	1890.6666256403944	1.5
17979.09913814102	1500.0	42.594103555920086	0.0	772616	1981.8532592809122	1.5
17980.974586910354	1500.0	44.71865478658952	0.0	747396	1875.4487693305632	1.5
17982.501454819427	1500.0	47.191786877517224	0.0	662349	1526.8679090722915	1.5
17984.40702325413	1500.0	49.28621844281178	0.0	835711	1905.5684347054407	1.5
17986.248550184293	1500.0	51.444691512645896	0.0	806394	1841.5269301658816	1.5
17988.0964841047	1500.0	53.59675759224177	0.0	809327	1847.9339204041232	1.5
17989.665830817787	1500.0	56.02741087915555	0.0	681795	1569.3467130862175	1.5
17991.69937989619	1500.0	57.99386180075015	0.0	855209	2033.5490784054027	1.5
17993.92445969657	1500.0	59.76878200037068	0.0	644861	1725.0798003794705	1.5
17998.030037910507	1500.0	59.66320378643232	0.0	794014	2105.57821393836	1.5
18001.03965732408	1500.0	59.75080945616558	0.0	914284	2412.394330266746	1.5
18005.02881558377	1500.0	59.76165119647474	0.0	675709	1489.1582596908318	1.5
18009.084328735145	1500.0	59.70613804509704	0.0	707527	1555.5131513777012	1.5
18013.24815205158	1500.0	59.54231472866404	0.0	757473	1663.8233164330002	1.5
18016.913613882207	1500.0	59.87685289803672	0.0	712239	1665.461830627322	1.5
18018.4660596276	1500.0	59.88622084605903	0.0	633700	1490.6320519776841	1.5
18022.733268575947	1500.0	59.61901189771311	0.0	755142	1767.2089483459245	1.5
18026.810975911412	1500.0	59.54130456224788	0.0	670327	1577.707335465222	1.5
18030.64607590368	1500.0	59.70620456998084	0.0	785519	1835.099992267039	1.5
18034.764460814455	1500.0	59.587819659206055	0.0	681043	1618.384910774791	1.5
18038.80119223528	1500.0	59.551088238379315	0.0	866245	2036.731420826745	1.5
18042.48471947919	1500.0	59.86756099446692	0.0	691256	1683.527243912392	1.5
18046.74857042888	1500.0	59.60371004477865	0.0	725845	1763.8509496882702	1.5
18050.375750657953	1500.0	59.64228217759002	0.0	811013	1961.427867188633	1.5
18054.389826266444	1500.0	59.628206569097	0.0	657685	1514.0756084930088	1.5
18058.142390795325	1500.0	59.875642040219134	0.0	767059	1752.5645288778655	1.5
18062.13861717657	1500.0	59.87941565897365	0.0	848035	1996.2263812454826	1.5
18066.173208429675	1500.0	59.84482440586834	0.0	629438	1534.5912531053211	1.5
18068.926822399433	1500.0	59.99962248779104	0.0	763847	1845.201918077301	1.5
18073.31584646714	1500.0	59.610598420084074	0.0	769491	1889.024067706956	1.5
18077.296897923254	1500.0	59.62954696397311	0.0	808636	1981.0514561109642	1.5

