12229.022726796109	600.0	4.0	0.8045506523970092	247108	804.5506523970092	-15.491013047940184
12229.39188381121	200.0	7.630842984899575	0.0	98617	369.1570151004252	0.2
12230.317645429739	600.0	10.705081366368567	0.0	288447	925.7616185310073	0.6
12232.504230974382	1500.0	12.51849582172702	0.0	718451	2186.585544641548	1.5
12238.651966949841	4000.0	10.370759846267761	0.0	2069289	6147.735975459258	4.0
12240.774543010246	1500.0	12.248183785863587	0.0	689829	2122.576060404175	1.5
12246.91405888855	4000.0	10.108667907560234	0.0	2046450	6139.515878303354	4.0
12249.319281540696	1500.0	11.703445255413813	0.0	780303	2405.22265214642	1.5
12255.079986608851	4000.0	9.942740187258499	0.0	1857129	5760.705068155314	4.0
12257.494184326173	1500.0	11.52854246993577	0.0	763093	2414.197717322729	1.5
12262.57942556452	4000.0	10.44330123158968	0.0	2094766	5085.24123834609	4.0
12264.282617256853	1500.0	12.74010953925683	0.0	744416	1703.1916923328517	1.5
12269.009917537593	4000.0	12.012809258518732	0.0	2131310	4727.300280738095	4.0
12272.949168990943	4000.0	12.07355780516737	0.0	1805063	3939.251453351362	4.0
12277.635587267874	4000.0	11.387139528237723	0.0	2157416	4686.418276929647	4.0
12282.750289118992	4000.0	10.272437677119443	0.0	2231719	5114.70185111828	4.0
12284.54283833832	1500.0	12.479888457789672	0.0	735572	1792.5492193297732	1.5
12289.763714591678	4000.0	11.259012204433013	0.0	2192675	5220.87625335666	4.0
12297.193804149185	4000.0	7.828922646926506	0.0	2082556	7430.089557506507	4.0
12298.370902133038	600.0	10.651824663073327	0.0	310849	1177.0979838531787	0.6
12301.14145416186	1500.0	11.881272634250706	0.0	835711	2770.5520288226203	1.5
12306.919968501821	4000.0	10.102758294290503	0.0	1950922	5778.514339960203	4.0
12309.363959227856	1500.0	11.658767568255852	0.0	809327	2443.9907260346495	1.5
12314.029266073265	4000.0	10.993460722848722	0.0	1822097	4665.306845407131	4.0
12316.209516875246	1500.0	12.813209920865637	0.0	855209	2180.2508019830857	1.5
12321.313770658931	4000.0	11.708956137180516	0.0	1984579	5104.253783685121	4.0
12327.35634295753	4000.0	9.666383838580542	0.0	2068230	6042.572298599975	4.0
12330.072164143498	1500.0	10.950562652613225	0.0	914284	2715.8211859673147	1.5
12331.840671147995	1500.0	13.182055648114957	0.0	675709	1768.5070044982676	1.5
12342.60745456948	8000.0	6.4152722266301865	0.0	4435580	10766.783421484772	8.0
12342.916124713489	200.0	10.10660208261948	0.0	93982	308.67014401070577	0.2
12344.729092672247	1500.0	12.293634123860983	0.0	712239	1812.967958758497	1.5
12351.019086339993	4000.0	10.003640456114216	0.0	2544033	6289.993667746766	4.0
12353.197796084653	1500.0	11.82493071145554	0.0	755142	2178.7097446586763	1.5
12358.359798516474	4000.0	10.66292827963341	0.0	1828568	5162.002431822129	4.0
12360.622932787797	1500.0	12.399794008311542	0.0	785519	2263.1342713218687	1.5
12366.771380333905	4000.0	10.251346462204376	0.0	2096494	6148.447546107164	4.0
12369.367659994768	1500.0	11.655066801341283	0.0	866245	2596.2796608630924	1.5
12374.79648202402	4000.0	10.226244772089292	0.0	2142800	5428.822029251992	4.0
12376.558942510495	1500.0	12.463784285612986	0.0	725845	1762.4604864763064	1.5
12381.241046614687	4000.0	11.781680181421873	0.0	1985434	4682.104104191114	4.0
12387.124622957797	4000.0	9.89810383831084	0.0	1830641	5883.576343111032	4.0
12389.678557929275	1500.0	11.34416886683389	0.0	767059	2553.93497147695	1.5
12395.360496821027	4000.0	9.662229975081814	0.0	1910697	5681.9388917520755	4.0
12397.198550063586	1500.0	11.82417673252268	0.0	629438	1838.053242559134	1.5
12403.938366338825	4000.0	9.08436045728305	0.0	2042818	6739.816275239631	4.0
12408.05570229554	1500.0	8.967024500568835	0.0	769491	4117.335956714216	1.5
12409.756337809558	600.0	11.266388986550142	0.0	308883	1700.6355140186918	0.6

