1738.604005817475	600.0	4.0	0.8315021573435213	247108	831.5021573435213	-16.030043146870426
1740.9113879238785	1500.0	5.692617893596396	0.0	732405	2307.382106403604	1.5
1742.9494484055267	1500.0	7.654557411948072	0.0	643847	2038.0604816483246	1.5
1745.21439375916	1500.0	9.3896120583148	0.0	718451	2264.945353633271	1.5
1747.4971148631116	1500.0	11.106890954363156	0.0	724296	2282.721103951645	1.5
1749.8446357283779	1500.0	12.759370089096914	0.0	689829	2347.520865266242	1.5
1752.436325299922	1500.0	14.167680517552855	0.0	737903	2591.6895715440583	1.5
1755.1723368729124	1500.0	15.431668944562174	0.0	780303	2736.011572990682	1.5
1758.28671716479	1500.0	16.317288652684542	0.0	891463	3114.3802918776328	1.5
1760.8883277408809	1500.0	17.7156780765937	0.0	763093	2601.6105760908404	1.5
1763.5039248157598	1500.0	19.100081001714724	0.0	769316	2615.597074878978	1.5
1766.0374537064797	1500.0	20.566552110994774	0.0	744416	2533.5288907199506	1.5
1768.1150790025968	1500.0	22.48892681487777	0.0	606092	2077.625296117005	1.5
1770.6087346631705	1500.0	23.99527115430401	0.0	748011	2493.6556605737605	1.5
1773.1028028122666	1500.0	25.501203005207866	0.0	754517	2494.0681490961447	1.5
1776.1735019004127	1500.0	26.430503917061973	0.0	934743	3070.699088145897	1.5
1778.606955747797	1500.0	27.997050069677552	0.0	735572	2433.453847384418	1.5
1781.2246787955341	1500.0	29.37932702194021	0.0	772616	2617.7230477373423	1.5
1783.77673733938	1500.0	30.827268478094343	0.0	747396	2552.058543845868	1.5
1786.0474976651747	1500.0	32.55650815229949	0.0	662349	2270.7603257948485	1.5
1788.8916635394048	1500.0	33.71234227806954	0.0	835711	2844.1658742299583	1.5
1791.4790689481238	1500.0	35.12493686935041	0.0	806394	2587.4054087191325	1.5
1794.0328930000867	1500.0	36.571112817387466	0.0	809327	2553.8240519629385	1.5
1796.1968972029713	1500.0	38.40710861450276	0.0	681795	2164.0042028847074	1.5
1798.8909661684886	1500.0	39.71303964898552	0.0	855209	2694.0689655172414	1.5
1800.892618917088	1500.0	41.71138690038617	0.0	644861	2001.6527485993531	1.5
1803.2894705055187	1500.0	43.31453531195563	0.0	794014	2396.851588430536	1.5
1806.0372576448847	1500.0	44.56674817258954	0.0	914284	2747.7871393660866	1.5
1808.0889073512712	1500.0	46.51509846620299	0.0	675709	2051.6497063865486	1.5
1810.2357206234021	1500.0	48.368285194072044	0.0	707527	2146.8132721309544	1.5
1812.6102242205245	1500.0	49.99378159694974	0.0	757473	2374.5035971223024	1.5
1814.847706992202	1500.0	51.756298825272346	0.0	712239	2237.4827716773952	1.5
1816.8472829104148	1500.0	53.75672290705955	0.0	633700	1999.5759182127983	1.5
1819.21472554578	1500.0	55.38928027169416	0.0	755142	2367.4426353653917	1.5
1821.4200677708936	1500.0	57.1839380465806	0.0	670327	2205.3422251135576	1.5
1824.179248346878	1500.0	58.42475747059629	0.0	785519	2759.180575984311	1.5
1827.0820911769179	1500.0	59.521914640556425	0.0	681043	2402.8428300398627	1.5
1830.6166050436016	1500.0	59.9874007738727	0.0	866245	3034.51386668372	1.5
1834.8863136988623	1500.0	59.71769211861203	0.0	691256	2269.7086552606684	1.5
1838.749608038559	1500.0	59.8543977789152	0.0	725845	2363.294339696833	1.5
1842.8913207684373	1500.0	59.71268504903691	0.0	811013	2641.712729878291	1.5
1846.6064017244898	1500.0	59.997604092984474	0.0	657685	2215.0809560524285	1.5
1850.6765498395732	1500.0	59.92745597790108	0.0	767059	2570.1481150833906	1.5
1855.0674574409434	1500.0	59.53654837653073	0.0	848035	2890.907601370354	1.5
1858.7441862883784	1500.0	59.85981952909569	0.0	629438	2176.728847435043	1.5
1862.7847896361466	1500.0	59.735359169335524	0.0	763847	2624.4603597601604	1.5
1866.8960100308834	1500.0	59.624138774598684	0.0	769491	2611.220394736842	1.5
1870.6359968729885	1500.0	59.88415193249342	0.0	808636	2739.9868421052633	1.5

