1280.4265957193224	600.0	4.0	0.6800315668062891	247108	680.0315668062891	0.67568505	-13.000631336125782
1280.7460590836156	200.0	7.680536635706914	0.0	98617	319.46336429308565	0.004705182	0.2
1281.0846057964184	200.0	11.341989922904146	0.0	106476	338.5467128027682	0.004705182	0.2
1281.444409110933	200.0	14.982186608389485	0.0	115230	359.8033145146603	0.004705182	0.2
1281.7615438162084	200.0	18.66505190311419	0.0	97658	317.134705275299	0.004705182	0.2
1282.0786785214837	200.0	22.347917197838893	0.0	97658	317.134705275299	0.004705182	0.2
1282.4398464933163	200.0	25.986749226006197	0.0	115792	361.1679718326959	0.004705182	0.2
1282.7813022087296	200.0	29.645293510593095	0.0	107674	341.4557154131003	0.004705182	0.2
1298.5994726630618	12000.0	17.82712305626103	0.0	6619479	15818.170454332067	0.11172826	12.0
1298.9253296206036	200.0	21.501266098719015	0.0	105425	325.85695754201345	0.004705182	0.2
1299.7731962270257	600.0	24.653399492297115	0.0	329266	847.866606421898	1.0365751	0.6
1300.075539068344	200.0	28.351056650978922	0.0	95342	302.34284131819436	0.004705182	0.2
1301.2707631332587	1500.0	31.155832586063944	0.0	606092	1195.2240649149746	0.004705182	1.5
1302.4302901255467	1500.0	33.99630559377603	0.0	748011	1159.526992287918	0.004705182	1.5
1303.599206555439	1500.0	36.827389163883815	0.0	754517	1168.9164298922115	0.004705182	1.5
1305.0282245502974	1500.0	39.39837116902521	0.0	934743	1429.017994858612	0.004705182	1.5
1314.4395847074063	12000.0	33.987011011916444	0.0	5964284	9411.360157108767	0.004705182	12.0
1321.8615036752365	12000.0	30.565092044086455	0.0	4055239	7421.918967829991	0.010062305	12.0
1323.0912773421403	1500.0	33.335318377182624	0.0	747396	1229.7736669038325	0.1381016	1.5
1329.7917984659216	8000.0	30.634797253401302	0.0	4303587	6700.52112378132	0.004705182	8.0
1331.1574335254372	1500.0	33.269162193885506	0.0	835711	1365.6350595157974	0.5697175	1.5
1344.588046834307	8000.0	23.83854888501574	0.0	3905272	13430.613308869768	0.004705182	8.0
1346.0485178213758	1500.0	26.378077897947097	0.0	809327	1460.470987068644	0.004705182	1.5
1347.2914571729957	1500.0	29.135138546327212	0.0	681795	1242.9393516198843	0.0061049694	1.5
1355.8988299046162	8000.0	24.52776581470675	0.0	4925863	8607.37273162046	0.004705182	8.0
1357.1130004186205	1500.0	27.313595300702442	0.0	644861	1214.1705140043093	0.0062659304	1.5
1364.8804910628155	8000.0	23.546104656507293	0.0	4274504	7767.490644195149	0.004705182	8.0
1366.6657476927624	1500.0	25.760848026560332	0.0	914284	1785.2566299469604	0.75728863	1.5
1368.0060314253496	1500.0	28.42056429397305	0.0	675709	1340.2837325872822	0.10877428	1.5
1375.9276670090615	8000.0	24.498928710261357	0.0	4435580	7921.635583711694	0.004705182	8.0
1383.0413946346316	8000.0	21.385201084691207	0.0	4025712	7113.727625570149	0.012008365	8.0
1392.3973551320462	8000.0	16.02924058727667	0.0	3568902	9355.960497414537	0.99676675	8.0
1393.4026925783148	1500.0	19.023903141007978	0.0	633700	1005.3374462686976	0.01915618	1.5
1399.7204905759968	8000.0	16.706105143326067	0.0	4271839	6317.797997681911	0.6483653	8.0
1402.470590691901	4000.0	17.956005027421597	0.0	1828568	2750.100115904466	0.26508904	4.0
1408.9937289911497	8000.0	15.432866728172986	0.0	4086583	6523.138299248612	0.17783844	8.0
1412.382328375668	4000.0	16.044267343654717	0.0	2096494	3388.599384518267	0.17371154	4.0
1421.2916275540897	8000.0	11.134968165232912	0.0	3739359	8909.299178421805	0.027040327	8.0
1422.9882545256353	1500.0	13.438341193687348	0.0	691256	1696.626971545563	0.55560994	1.5
1426.7044393600158	4000.0	13.722156359307025	0.0	2094647	3716.184834380323	0.0975953	4.0
1430.2310368060118	4000.0	14.195558913311084	0.0	1985434	3526.5974459959425	0.5606081	4.0
1437.222224187173	8000.0	11.204371532150038	0.0	4074581	6991.187381161047	0.14534111	8.0
1440.1365714595586	4000.0	12.290024259764394	0.0	1697030	2914.3472723856453	0.03595495	4.0
1447.9250549020478	8000.0	8.501540817275185	0.0	4340973	7788.48344248921	0.062545486	8.0
1452.0271522924663	4000.0	8.399443426856772	0.0	2171279	4102.097390418413	0.118256144	4.0
1455.5734565799833	4000.0	8.853139139339854	0.0	2042818	3546.304287516918	0.014938181	4.0
1458.4785220795243	4000.0	9.948073639798702	0.0	1750852	2905.0654995411505	0.13131589	4.0
1466.203155795808	8000.0	6.223439923515184	0.0	4346302	7724.633716283518	0.42527527	8.0

