13303.221912692616	600.0	4.0	0.9647404224847835	247108	964.7404224847835	-18.69480844969567
13305.92420055513	1500.0	5.297712137486573	0.0	732405	2702.2878625134267	1.5
13308.30941716809	1500.0	6.912495524525599	0.0	643847	2385.2166129609736	1.5
13310.961744414779	1500.0	8.26016827783745	0.0	718451	2652.327246688149	1.5
13313.597421011362	1500.0	9.624491681253124	0.0	724296	2635.6765965843238	1.5
13316.052354092226	1500.0	11.169558600390706	0.0	689829	2454.9330808624177	1.5
13318.672795629429	1500.0	12.549117063187108	0.0	737903	2620.441537203598	1.5
13321.439211259674	1500.0	13.78270143294224	0.0	780303	2766.415630244868	1.5
13323.937426707394	1500.0	15.284485985222032	0.0	891463	2498.2154477202075	1.5
13325.583227466603	1500.0	17.638685226014072	0.0	763093	1645.8007592079614	1.5
13327.241797282957	1500.0	19.980115409660325	0.0	769316	1658.5698163537497	1.5
13328.84927445542	1500.0	22.372638237197002	0.0	744416	1607.477172463322	1.5
13330.172922757461	1500.0	25.04898993515535	0.0	606092	1323.6483020416538	1.5
13331.787776558633	1500.0	27.43413613398576	0.0	748011	1614.8538011695907	1.5
13333.415980108442	1500.0	29.805932584175565	0.0	754517	1628.2035498101982	1.5
13336.620625980468	1500.0	30.6012867121481	0.0	934743	3204.6458720274645	1.5
13339.18032595097	1500.0	32.04158674164538	0.0	735572	2559.6999705027183	1.5
13341.864905614702	1500.0	33.357007077914396	0.0	772616	2684.579663730985	1.5
13344.124222795172	1500.0	35.09768989744568	0.0	747396	2259.317180468705	1.5
13345.331709310125	1500.0	37.890203382492444	0.0	662349	1207.486514953241	1.5
13346.834302056395	1500.0	40.3876106362241	0.0	835711	1502.5927462683392	1.5
13348.286989809738	1500.0	42.93492288288077	0.0	806394	1452.6877533433342	1.5
13349.744670275304	1500.0	45.47724241731419	0.0	809327	1457.6804655665846	1.5
13350.98525882977	1500.0	48.23665386284736	0.0	681795	1240.588554466822	1.5
13354.192022737721	4000.0	49.029889954896774	0.0	1836837	3206.763907950592	4.0
13358.36914016034	4000.0	48.85277253227957	0.0	1984579	4177.117422617204	4.0
13362.7336847321	4000.0	48.48822796051807	0.0	2068230	4364.544571761507	4.0
13367.002494901586	4000.0	48.219417791031844	0.0	2055338	4268.810169486219	4.0
13371.44812825718	4000.0	47.773784435437925	0.0	2165436	4445.633355593917	4.0
13376.25531176377	4000.0	46.966600928847576	0.0	2002600	4807.183506590347	4.0
13379.022219935634	1500.0	48.19969275698573	0.0	757473	2766.9081718618368	1.5
13381.628674065905	1500.0	49.593238626714815	0.0	712239	2606.454130270917	1.5
13383.956534660947	1500.0	51.26537803167203	0.0	633700	2327.860595042788	1.5
13386.731431131573	1500.0	52.49048156104547	0.0	755142	2774.8964706265606	1.5
13389.211456194229	1500.0	54.01045649838883	0.0	670327	2480.025062656642	1.5
13392.10391233458	1500.0	55.118000358037946	0.0	785519	2892.4561403508774	1.5
13394.622304744174	1500.0	56.599607948442525	0.0	681043	2518.392409595417	1.5
13396.655284759372	1500.0	58.566627933245094	0.0	866245	2032.9800151974373	1.5
13399.576243791367	1500.0	59.64566890124907	0.0	691256	1420.9590319960234	1.5
13403.564301600023	1500.0	59.65761109259474	0.0	725845	1488.0578086543244	1.5
13407.397979263427	1500.0	59.504336925837144	0.0	811013	1653.2741667575992	1.5
13411.118976379208	1500.0	59.78333981005635	0.0	657685	1220.9971157807995	1.5
13415.029723023321	1500.0	59.87259316594298	0.0	767059	1410.7466441133738	1.5
13419.517796455602	4000.0	59.38451973366214	0.0	1910697	4488.073432280841	4.0
13424.752703345042	4000.0	58.14961284422258	0.0	2171279	5234.906889439556	4.0
13427.366618323977	1500.0	59.53569786528871	0.0	763847	2113.9149789338685	1.5
13431.165010727444	1500.0	59.73730546182198	0.0	769491	2298.3924034667293	1.5
13435.076255614738	1500.0	59.826060574526714	0.0	808636	2411.244887295267	1.5

