20021.814468082102	600.0	4.0	0.943806340259116	247108	943.806340259116	0.04554186	-18.27612680518232
20022.23919989919	200.0	7.575268182910577	0.0	98617	424.7318170894235	0.004705182	0.2
20022.691404133315	200.0	11.123063948788534	0.0	106476	452.20423412204235	0.004705182	0.2
20023.174209403027	200.0	14.64025867907627	0.0	115230	482.8052697122632	0.004705182	0.2
20023.595588879114	200.0	18.21887920298879	0.0	97658	421.37947608747896	0.004705182	0.2
20024.016968355205	200.0	21.79749972690131	0.0	97658	421.37947608747896	0.004705182	0.2
20024.50173818763	200.0	25.312729894474664	0.0	115792	484.76983242664573	0.004705182	0.2
20024.95813022626	200.0	28.85633785584759	0.0	107674	456.3920386270783	0.004705182	0.2
20028.154384623147	1500.0	29.660083458958727	0.0	891463	3196.25439688886	0.004705182	1.5
20030.90190073597	1500.0	30.9125673461362	0.0	763093	2747.51611282253	0.28413084	1.5
20033.577154147355	1500.0	32.23731393474869	0.0	769316	2675.253411387504	0.037849613	1.5
20036.131992803414	1500.0	33.68247527869284	0.0	744416	2554.8386560558524	0.004705182	1.5
20038.226968181058	1500.0	35.58749990104621	0.0	606092	2094.975377646643	0.004705182	1.5
20040.79375854821	1500.0	37.02070953389263	0.0	748011	2566.7903671535732	0.004705182	1.5
20043.366827008696	1500.0	38.447641073404895	0.0	754517	2573.0684604877324	0.004705182	1.5
20046.51804043047	1500.0	39.296427651633536	0.0	934743	3151.213421771362	0.004705182	1.5
20049.014852965123	1500.0	40.79961511698048	0.0	735572	2496.8125346530587	0.004705182	1.5
20051.633378130948	1500.0	42.18108995115918	0.0	772616	2618.5251658213033	0.0071389643	1.5
20064.88421253206	8000.0	32.93025555004889	0.0	3873892	13250.834401110287	0.7252565	8.0
20067.19439077655	1500.0	34.62007730555722	0.0	662349	2310.178244491677	0.004705182	1.5
20070.08829174248	1500.0	35.7261763396278	0.0	835711	2893.9009659294175	0.004705182	1.5
20072.872551163182	1500.0	36.94191691892461	0.0	806394	2784.2594207031884	0.69196695	1.5
20075.559814079465	1500.0	38.25465400264385	0.0	809327	2687.2629162807552	0.011543503	1.5
20088.76159478427	8000.0	29.05287329783687	0.0	4032749	13201.780704806979	0.019062715	8.0
20091.65808285623	1500.0	30.156385225877543	0.0	855209	2896.4880719593275	0.004705182	1.5
20093.856510968333	1500.0	31.95795711377144	0.0	644861	2198.428112106107	0.004705182	1.5
20108.21391312689	8000.0	21.600554955217568	0.0	4274504	14357.402158553869	0.3134554	8.0
20111.45971645099	1500.0	22.354751631117846	0.0	914284	3245.803324099723	0.005480586	1.5
20113.88313057412	1500.0	23.93133750798828	0.0	675709	2423.414123129564	0.004705182	1.5
20116.42618229188	1500.0	25.38828579022757	0.0	707527	2543.0517177607103	0.037717175	1.5
20119.143106640786	1500.0	26.671361441323068	0.0	757473	2716.9243489045057	0.004705182	1.5
20126.037909673	4000.0	23.776558409110496	0.0	1947068	6894.803032212571	0.7223182	4.0
20128.355402776826	1500.0	25.459065305281744	0.0	633700	2317.493103828754	0.004705182	1.5
20131.101688112805	1500.0	26.712779969300282	0.0	755142	2746.2853359814635	0.004705182	1.5
20143.69739534764	8000.0	18.117072734466955	0.0	3707853	12595.707234833328	0.020609476	8.0
20146.384765013427	1500.0	19.429703068678517	0.0	785519	2687.3696657884366	0.004705182	1.5
20148.725347964697	1500.0	21.089120117409927	0.0	681043	2340.5829512685937	0.01069438	1.5
20155.295589650897	4000.0	18.51887843120782	0.0	1955307	6570.241686202105	1.0847094	4.0
20157.6700725669	1500.0	20.144395515206742	0.0	691256	2374.482916001079	0.19309501	1.5
20164.6969006699	4000.0	17.117567412208818	0.0	2094647	7026.828102997927	0.24475226	4.0
20167.44366488618	1500.0	18.37080319592817	0.0	811013	2746.7642162806474	0.18345328	1.5
20173.54315891606	4000.0	16.27130916604675	0.0	1830641	6099.49402988142	0.6820249	4.0
20179.230207957207	4000.0	14.5842601248974	0.0	1697030	5687.04904114935	0.032761585	4.0
20185.599473795006	4000.0	12.214994287102442	0.0	1910697	6369.265837794957	0.31050202	4.0
20187.713445600955	1500.0	14.10102248114857	0.0	629438	2113.971805953872	0.39978594	1.5
20194.394626681056	4000.0	11.41984140105001	0.0	2042818	6681.181080098559	0.022535028	4.0
20197.047413370223	1500.0	12.767054711884564	0.0	769491	2652.7866891654458	0.59678614	1.5
20203.945470211493	4000.0	9.868997870617049	0.0	2034636	6898.056841267515	0.014394079	4.0

