18921.385334796694	600.0	4.0	0.7587049816321627	247108	758.7049816321627	0.6964671	-14.574099632643255
18921.73619551012	200.0	7.649139286572596	0.0	98617	350.86071342740416	0.004705182	0.2
18922.108641694074	200.0	11.276693102619564	0.0	106476	372.4461839530333	0.004705182	0.2
18922.50513154885	200.0	14.880203247845643	0.0	115230	396.4898547739211	0.004705182	0.2
18922.85335828006	200.0	18.53197651663405	0.0	97658	348.2267312115906	0.004705182	0.2
18923.20158501127	200.0	22.18374978542246	0.0	97658	348.2267312115906	0.004705182	0.2
18923.599618451033	200.0	25.785716345658667	0.0	115792	398.03343976379307	0.004705182	0.2
18923.97535505281	200.0	29.40997974388025	0.0	107674	375.7366017784187	0.004705182	0.2
18926.503840650366	1500.0	30.881494146324716	0.0	891463	2528.4855975555324	0.19010133	1.5
18940.586429412186	12000.0	20.798905384503914	0.0	5088378	14082.5887618208	0.004705182	12.0
18940.9291293416	200.0	24.456205455092558	0.0	95365	342.6999294113596	0.004705182	0.2
18943.038854055118	1500.0	26.346480741573778	0.0	744416	2109.724713518778	0.17114091	1.5
18943.39698233292	200.0	29.988352463768656	0.0	102419	358.1282778051223	0.004705182	0.2
18945.50827546417	1500.0	31.877059332520673	0.0	748011	2111.293131247985	0.004705182	1.5
18947.63723624083	1500.0	33.74809855586118	0.0	754517	2128.960776659482	0.004705182	1.5
18950.2556174082	1500.0	35.12971738849582	0.0	934743	2618.3811673653663	0.004705182	1.5
18952.45831596635	1500.0	36.92701883034525	0.0	735572	2202.6985581505696	0.004705182	1.5
18966.188485431245	12000.0	27.19684936544694	0.0	4055239	13730.169464898305	0.004705182	12.0
18968.353235697105	1500.0	29.032099099586862	0.0	747396	2164.7502658600793	0.0074692583	1.5
18970.280759973182	1500.0	31.10457482351078	0.0	662349	1927.5242760760796	0.004705182	1.5
18970.680575875977	200.0	34.704758920719684	0.0	114656	399.815902791095	0.23783463	0.2
18973.00681092043	1500.0	36.37852387626491	0.0	806394	2326.2350444547756	0.004705182	1.5
18983.645915961464	8000.0	29.73941883523167	0.0	3805854	10639.105041033241	0.040581353	8.0
18985.611443573598	1500.0	31.77389122309789	0.0	681795	1965.527612133783	0.004705182	1.5
18988.056553590017	1500.0	33.32878120667753	0.0	855209	2445.1100164203613	0.004705182	1.5
18997.081373490222	8000.0	28.303961306475422	0.0	3253093	9024.819900202107	0.004705182	8.0
18999.33158890217	1500.0	30.053745894527832	0.0	794014	2250.2154119475904	0.004705182	1.5
19008.859454149555	8000.0	24.52588064714038	0.0	3354913	9527.865247387455	0.037057385	8.0
19010.87620740096	1500.0	26.509127395734126	0.0	675709	2016.7532514062557	0.004705182	1.5
19012.98415910459	1500.0	28.40117569210473	0.0	707527	2107.9517036293937	0.004705182	1.5
19034.024057917926	8000.0	11.3612768787698	0.0	4025712	21039.89881333493	0.0047104266	8.0
19034.424674686317	200.0	14.96066011037918	0.0	118522	400.61676839062	0.018005084	0.2
19036.218912094806	1500.0	17.16642270188847	0.0	633700	1794.2374084907096	0.004705182	1.5
19036.540809739658	200.0	20.844525057037508	0.0	89422	321.8976448509645	0.004705182	0.2
19038.434127743953	1500.0	22.951207052743122	0.0	670327	1893.3180042943852	0.010002351	1.5
19043.344995919855	4000.0	22.040338876842398	0.0	1785821	4910.868175900722	0.004705182	4.0
19045.279811896482	1500.0	24.10552290021502	0.0	681043	1934.8159766273739	0.009458627	1.5
19047.720554529762	1500.0	25.664780266932787	0.0	866245	2440.7426332822347	0.004705182	1.5
19061.230036971283	8000.0	16.155297825415474	0.0	4857577	13509.482441517312	0.27273095	8.0
19063.340053227465	1500.0	18.045281569232007	0.0	725845	2110.0162561834677	0.06445261	1.5
19069.10579890343	4000.0	16.27953589326707	0.0	1985434	5765.745675964938	0.487884	4.0
19074.420089025167	4000.0	14.965245771534574	0.0	1830641	5314.290121732496	0.096437454	4.0
19079.156582654155	4000.0	14.228752142545188	0.0	1697030	4736.493628989384	0.12324306	4.0
19084.475289378363	4000.0	12.910045418337047	0.0	1910697	5318.706724208141	0.004779737	4.0
19090.440212048736	4000.0	10.945122747966238	0.0	2171279	5964.92267037081	0.046752103	4.0
19092.590503580588	1500.0	12.794831216111174	0.0	763847	2150.291531855064	0.58062345	1.5
19097.513544310612	4000.0	11.871790486090973	0.0	1750852	4923.0407300202	0.0202816	4.0
19103.285828975764	4000.0	10.099505820939722	0.0	2034636	5772.28466515125	0.03152485	4.0

