6390.893856968572	600.0	4.0	0.9207715045188729	247108	920.7715045188729	-17.815430090377458
6393.465825070645	1500.0	5.428031897926634	0.0	732405	2571.9681020733656	1.5
6395.736479403447	1500.0	7.157377565124933	0.0	643847	2270.654332801701	1.5
6398.260969780906	1500.0	8.632887187666133	0.0	718451	2524.4903774587983	1.5
6401.169103634479	1500.0	9.724753334092807	0.0	724296	2908.1338535733285	1.5
6405.571340476585	1500.0	9.322516491987543	0.0	689829	4402.236842105263	1.5
6410.274792857537	1500.0	8.619064111035161	0.0	737903	4703.452380952381	1.5
6412.478741150031	1500.0	10.415115818541334	0.0	780303	2203.9482924938256	1.5
6414.809057949224	1500.0	12.08479901934911	0.0	891463	2330.316799192225	1.5
6416.81533082566	1500.0	14.078526142913415	0.0	763093	2006.272876435694	1.5
6418.837312398296	1500.0	16.056544570276788	0.0	769316	2021.9815726366276	1.5
6420.796438991758	1500.0	18.097417976814715	0.0	744416	1959.1265934620724	1.5
6423.044588960557	1500.0	19.849268008015372	0.0	606092	2248.149968799343	1.5
6425.877665883634	1500.0	21.016191084938452	0.0	748011	2833.0769230769233	1.5
6428.734688334867	1500.0	22.159168633705473	0.0	754517	2857.022451232978	1.5
6431.942549334256	1500.0	22.95130763431705	0.0	934743	3207.860999388424	1.5
6433.885493853449	1500.0	25.008363115124332	0.0	735572	1942.9445191927186	1.5
6435.922257763224	1500.0	26.971599205349897	0.0	772616	2036.7639097744363	1.5
6437.895148305369	1500.0	28.99870866320506	0.0	747396	1972.8905421448358	1.5
6439.652644783406	1500.0	31.24121218516786	0.0	662349	1757.4964780371984	1.5
6441.974159345213	1500.0	32.91969762336103	0.0	835711	2321.514561806832	1.5
6445.397677964507	1500.0	33.49617900406538	0.0	806394	3423.518619295654	1.5
6448.83335756232	1500.0	34.06049940625254	0.0	809327	3435.679597812848	1.5
6451.740256419508	1500.0	35.15360054906526	0.0	681795	2906.898857187281	1.5
6454.270972830018	1500.0	36.62288413855479	0.0	855209	2530.7164105104707	1.5
6456.161712550276	1500.0	38.73214441829715	0.0	644861	1890.7397202576299	1.5
6458.47126696315	1500.0	40.42259000542269	0.0	794014	2309.5544128744673	1.5
6461.118533946882	1500.0	41.77532302169127	0.0	914284	2647.2669837314193	1.5
6463.3076750353275	1500.0	43.58618193324557	0.0	675709	2189.141088445703	1.5
6465.898472382679	1500.0	44.99538458589489	0.0	707527	2590.7973473506777	1.5
6468.666512837798	1500.0	46.227344130774796	0.0	757473	2768.0404551201013	1.5
6471.274031634791	1500.0	47.61982533378231	0.0	712239	2607.5187969924814	1.5
6473.36853297637	1500.0	49.52532399220319	0.0	633700	2094.501341579118	1.5
6475.493914297154	1500.0	51.39994267141973	0.0	755142	2125.381320783464	1.5
6477.3895652934125	1500.0	53.50429167516099	0.0	670327	1895.6509962587397	1.5
6479.597225905219	1500.0	55.296631063354866	0.0	785519	2207.6606118061322	1.5
6481.521902311578	1500.0	57.371954656996415	0.0	681043	1924.67640635845	1.5
6484.278791304625	1500.0	58.61506566394881	0.0	866245	2756.8889930476003	1.5
6487.393011225345	1500.0	59.500845743228425	0.0	691256	2614.2199207203903	1.5
6491.13403819416	1500.0	59.75981877441327	0.0	725845	2741.0269688151593	1.5
6495.106662066659	1500.0	59.78719490191453	0.0	811013	2972.6238724987356	1.5
6499.389685137463	1500.0	59.50417183111103	0.0	657685	2283.0230708035006	1.5
6503.039074242684	1500.0	59.85478272588975	0.0	767059	2649.389105221287	1.5
6507.095147551477	1500.0	59.79870941709695	0.0	848035	2556.0733087927983	1.5
6510.971937560397	1500.0	59.92191940817634	0.0	629438	1876.7900089206066	1.5
6514.811735954689	1500.0	59.66144625920221	0.0	763847	2260.4731489741303	1.5
6518.7238706620865	1500.0	59.74931155180434	0.0	769491	2912.1347073978654	1.5
6522.780079716191	1500.0	59.69310249770055	0.0	808636	3056.209054103791	1.5

