2732.7295802905714	600.0	4.0	0.7084836827798886	247108	708.4836827798886	-13.569673655597773
2733.060398456493	200.0	7.669181834077795	0.0	98617	330.81816592220514	0.2
2733.874021944389	600.0	10.855558346182582	0.0	288447	813.6234878952137	0.6
2735.7812988046157	1500.0	12.948281485955905	0.0	718451	1907.2768602266767	1.5
2741.124237970713	4000.0	11.605342319858842	0.0	2069289	5342.9391660970605	4.0
2744.474599732165	4000.0	12.254980558406128	0.0	1863995	3350.3617614527143	4.0
2747.537165180053	4000.0	13.192415110518498	0.0	2046450	3062.565447887632	4.0
2754.2862506540155	8000.0	10.443329636555449	0.0	4421520	6749.0854739630495	8.0
2755.874297428243	1500.0	12.855282862327794	0.0	891463	1588.0467742276542	1.5
2759.968852417565	4000.0	12.76072787300636	0.0	2373154	4094.5549893214347	4.0
2763.626879644041	4000.0	13.10270064653047	0.0	2094766	3658.027226475888	4.0
2771.1752167880395	8000.0	9.554363502531713	0.0	4205514	7548.337143998758	8.0
2772.331541678714	1500.0	12.398038611857114	0.0	606092	1156.3248906745987	1.5
2775.401585836253	4000.0	13.327994454317896	0.0	1805063	3070.0441575392174	4.0
2782.3370360520894	8000.0	10.39254423848181	0.0	4228356	6935.4502158360865	8.0
2783.971931026626	1500.0	12.757649263944906	0.0	934743	1634.894974536902	1.5
2787.2141112163104	4000.0	13.515469074260222	0.0	1835863	3242.180189684684	4.0
2795.5960107847727	8000.0	9.133569505798109	0.0	4260556	8381.899568462113	8.0
2798.021840472671	1500.0	10.707739817899645	0.0	747396	2425.829687898464	1.5
2800.1807356606973	1500.0	12.54884462987367	0.0	662349	2158.895188025973	1.5
2805.9416544610604	4000.0	10.787925829511005	0.0	2379358	5760.918800362667	4.0
2807.4296342072325	1500.0	13.299946083338607	0.0	806394	1487.9797461723977	1.5
2814.222647203709	8000.0	10.506933086861954	0.0	3805854	6793.012996476653	8.0
2815.76841988151	1500.0	12.961160409060737	0.0	681795	1545.7726778012175	1.5
2819.797386195687	4000.0	12.932194094883668	0.0	1836837	4028.9663141770693	4.0
2824.1449760556266	4000.0	12.584604234943992	0.0	1984579	4347.589859939676	4.0
2828.7747863179598	4000.0	11.954793972611045	0.0	2068230	4629.810262332948	4.0
2833.3762360237292	4000.0	11.353344266841919	0.0	2055338	4601.449705769125	4.0
2844.3750589878728	4000.0	4.354521302698611	0.0	2165436	10998.822964143308	4.0
2844.6719709148115	200.0	8.057609375760013	0.0	97083	296.9119269385988	0.2
2845.2890325394224	600.0	11.440547751149268	0.0	240372	617.0616246107442	0.6
2849.719354138059	4000.0	11.010226152512187	0.0	1947068	4430.321598637081	4.0
2855.592445292002	4000.0	9.13713499856936	0.0	2544033	5873.091153942828	4.0
2857.5832297049574	1500.0	11.146350585613895	0.0	755142	1990.7844129554655	1.5
2862.2901730247954	4000.0	10.439407265775838	0.0	1828568	4706.9433198380575	4.0
2864.3578223162936	1500.0	12.371757974277863	0.0	785519	2067.649291497976	1.5
2870.1211126550456	4000.0	10.608467635525844	0.0	2096494	5763.290338752016	4.0
2872.5672153916144	1500.0	12.162364898956884	0.0	866245	2446.1027365689606	1.5
2878.284993325907	4000.0	10.444586964664014	0.0	2142800	5717.7779342928725	4.0
2880.2206032067115	1500.0	12.50897708386	0.0	725845	1935.6098808040138	1.5
2885.3755838177008	4000.0	11.35399647287053	0.0	1985434	5154.980610989468	4.0
2890.089164884886	4000.0	10.640415405684983	0.0	1830641	4713.581067185547	4.0
2892.110687040139	1500.0	12.618893250432109	0.0	767059	2021.522155252875	1.5
2896.4152376101647	4000.0	12.314342680406574	0.0	1910697	4304.550570025536	4.0
2899.7285629394028	4000.0	13.001017351168358	0.0	2171279	3313.325329238215	4.0
2905.6967550376853	8000.0	11.032825252885514	0.0	3954105	5968.192098282843	8.0
2909.123391172541	4000.0	11.606189118030127	0.0	1750852	3426.636134855388	4.0
2913.093894542683	4000.0	11.63568574788815	0.0	2034636	3970.5033701419766	4.0

