1445.9457069904765	600.0	4.0	0.8456031912009604	247108	845.6031912009604	0.06916251	-16.312063824019205
1446.3312474420468	200.0	7.614459548429573	0.0	98617	385.5404515704272	0.004705182	0.2
1446.741137066771	200.0	11.204569923705513	0.0	106476	409.88962472406183	0.004705182	0.2
1447.1781488014058	200.0	14.767558189070913	0.0	115230	437.0117346345998	0.004705182	0.2
1447.5607180280042	200.0	18.38498896247241	0.0	97658	382.5692265985051	0.004705182	0.2
1447.9432872546029	200.0	22.002419735873904	0.0	97658	382.5692265985051	0.004705182	0.2
1448.3820402076256	200.0	25.563666782851172	0.0	115792	438.7529530227335	0.004705182	0.2
1448.7956415398744	200.0	29.150065450602227	0.0	107674	413.6013322489447	0.004705182	0.2
1449.1709205763177	200.0	32.774786414159024	0.0	95305	375.2790364432052	0.004705182	0.2
1449.5775539367608	200.0	36.36815305371597	0.0	105425	406.63336044305026	0.0073491153	0.2
1449.9530188684055	200.0	39.992688122071186	0.0	95365	375.4649316447853	0.004705182	0.2
1450.3284125402229	200.0	43.61729445025368	0.0	95342	375.39367181751294	0.004705182	0.2
1450.7257325510668	200.0	47.219974439409796	0.0	102419	397.3200108438868	0.006127012	0.2
1451.0562790055033	200.0	50.88942798497348	0.0	80867	330.5464544363116	0.004705182	0.2
1451.3926594710158	200.0	54.55304751946092	0.0	82750	336.3804655125673	0.0070589557	0.2
1454.3687301111925	1500.0	55.57697687928432	0.0	934743	2976.0706401766006	0.39310822	1.5
1454.7271732388792	200.0	59.21853375159755	0.0	89871	358.4431276867666	0.004705182	0.2
1468.2778078255674	12000.0	49.66789916490947	0.0	4055239	13550.634586688082	0.004705182	12.0
1468.5933149569764	200.0	53.35239203350051	0.0	90919	315.5071314089592	0.015397059	0.2
1468.8957592251368	200.0	57.04994776534011	0.0	85876	302.44426816040414	0.41275468	0.2
1482.5907702928835	12000.0	47.35493669759334	0.0	5251330	13695.011067746764	0.0057968725	12.0
1482.924497335521	200.0	51.02120965495592	0.0	97742	333.7270426374197	0.0284953	0.2
1496.0300798259757	12000.0	41.915627164501295	0.0	5141915	13105.582490454624	0.004705182	12.0
1496.3250611017313	200.0	45.62064588874567	0.0	85752	294.98127575562904	0.004705182	0.2
1496.642114109362	200.0	49.30359288111495	0.0	94556	317.05300763071716	0.004705182	0.2
1503.7094169305892	8000.0	46.23629005988784	0.0	3253093	7067.302821227109	0.004705182	8.0
1519.208611738225	12000.0	34.737095252252054	0.0	5138482	15499.194807635791	0.004705182	12.0
1534.0546035326313	8000.0	23.891103457845762	0.0	3354913	14845.991794406293	0.004705182	8.0
1534.4430680688743	200.0	27.502638921602582	0.0	93993	388.46453624318	0.006590696	0.2
1534.8416733115212	200.0	31.104033678955822	0.0	97083	398.60524264675723	0.0058483467	0.2
1535.2301017481623	200.0	34.71560524231473	0.0	93982	388.4284366410961	0.044852436	0.2
1549.0279136663491	8000.0	24.91779332412767	0.0	3568902	13797.811918187055	0.008572984	8.0
1550.6696406352198	1500.0	27.276066355256855	0.0	633700	1641.726968870816	0.09137742	1.5
1550.9700173892206	200.0	30.97568960125596	0.0	89422	300.37675400089336	0.09166755	0.2
1551.3167333450453	200.0	34.628973645431365	0.0	108225	346.71595582459224	0.03025714	0.2
1551.613090568217	200.0	38.3326164222593	0.0	87791	296.35722317206535	0.29913303	0.2
1551.9446821459323	200.0	42.00102484454416	0.0	102088	331.5915777151395	0.41666514	0.2
1561.5147272965341	8000.0	36.43097969394237	0.0	3739359	9570.04515060179	0.5714739	8.0
1580.8156113860955	12000.0	21.130095604381076	0.0	5257310	19300.884089561292	0.004705182	12.0
1581.2408779300185	200.0	24.70482906045794	0.0	101968	425.26654392313714	0.082732275	0.2
1590.9360979593532	8000.0	19.00960903112349	0.0	3189942	9695.220029334449	0.35999873	8.0
1595.2500787916865	4000.0	18.695628198789976	0.0	1830641	4313.980832333512	0.021868926	4.0
1599.309562236975	4000.0	18.636144753501632	0.0	1697030	4059.483445288342	0.10416172	4.0
1604.1457194938475	4000.0	17.799987496629036	0.0	1910697	4836.157256872599	0.013235972	4.0
1613.978634034438	8000.0	11.967072956038594	0.0	3682991	9832.914540590444	0.12726939	8.0
1620.024090881409	4000.0	9.921616109067772	0.0	2042818	6045.456846970821	0.06345495	4.0
1626.2168673499434	4000.0	7.728839640533251	0.0	1750852	6192.776468534521	0.0052229236	4.0
1629.063702888114	1500.0	8.882004102362698	0.0	808636	2846.8355381705524	0.19136673	1.5

