18392.030994861085	600.0	4.0	0.943806340259116	247108	943.806340259116	-18.27612680518232
18393.1936786565	600.0	6.837316204583688	0.0	309722	1162.6837954163118	0.6
18394.28199221749	600.0	9.74900264359529	0.0	288447	1088.3135609883989	0.6
18395.339701247223	600.0	12.691293613860303	0.0	279692	1057.709029734985	0.6
18397.951596115152	1500.0	14.079398745930828	0.0	724296	2611.8948679294754	1.5
18400.443005959816	1500.0	15.58798890126936	0.0	689829	2491.409844661467	1.5
18403.031224924507	1500.0	16.999769936577188	0.0	737903	2588.2189646921715	1.5
18405.705371245702	1500.0	18.32562361538534	0.0	780303	2674.1463211918467	1.5
18408.74907311783	1500.0	19.28192174325535	0.0	891463	3043.7018721299896	1.5
18411.36600415446	1500.0	20.664990706623108	0.0	763093	2616.931036632244	1.5
18413.97978724354	1500.0	22.051207617545188	0.0	769316	2613.78308907792	1.5
18416.50565783105	1500.0	23.525337030034667	0.0	744416	2525.8705875105243	1.5
18418.577047855077	1500.0	25.453947006008544	0.0	606092	2071.390024026121	1.5
18424.68245018411	4000.0	23.34854467697311	0.0	1805063	6105.402329035434	4.0
18427.34006777779	1500.0	24.690927083293168	0.0	754517	2657.6175936799405	1.5
18430.613382179414	1500.0	25.417612681670448	0.0	934743	3273.3144016227184	1.5
18436.900113877	4000.0	23.130880984085792	0.0	1835863	6286.731697584658	4.0
18439.58156929483	1500.0	24.449425566252923	0.0	772616	2681.455417832867	1.5
18442.17810710076	1500.0	25.852887760322666	0.0	747396	2596.5378059302593	1.5
18444.410426148177	1500.0	27.62056871290841	0.0	662349	2232.319047414256	1.5
18447.18268564159	1500.0	28.84830921949239	0.0	835711	2772.2594934160193	1.5
18453.56323322782	4000.0	26.467761633262835	0.0	1950922	6380.547586229553	4.0
18459.733435973638	4000.0	24.297558887446396	0.0	1849252	6170.2027458164375	4.0
18462.05881398652	1500.0	25.972180874561232	0.0	681795	2325.378012885166	1.5
18468.158381121295	4000.0	23.872613739784363	0.0	1836837	6099.567134776871	4.0
18470.34973742808	1500.0	25.681257432998738	0.0	644861	2191.356306785627	1.5
18473.029439482594	1500.0	27.001555378484536	0.0	794014	2679.702054514202	1.5
18476.262707911403	1500.0	27.768286949677393	0.0	914284	3233.2684288071423	1.5
18478.68242051528	1500.0	29.348574345799275	0.0	675709	2419.7126038781166	1.5
18485.708504854232	4000.0	26.322490006845996	0.0	2002600	7026.0843389532765	4.0
18488.425429203136	1500.0	27.605565657941494	0.0	757473	2716.9243489045057	1.5
18495.306914439392	4000.0	24.724080421689102	0.0	1947068	6881.485236252393	4.0
18497.62440754322	1500.0	26.406587317860346	0.0	633700	2317.493103828754	1.5
18500.3706928792	1500.0	27.66030198187888	0.0	755142	2746.2853359814635	1.5
18506.74302724531	4000.0	25.287967615771443	0.0	1828568	6372.334366107439	4.0
18509.445904660897	1500.0	26.585090200186485	0.0	785519	2702.877415584958	1.5
18511.799932792288	1500.0	28.23106206879536	0.0	681043	2354.028131391127	1.5
18518.38346136691	4000.0	25.64753349417069	0.0	1955307	6583.528574624668	4.0
18520.757944282912	1500.0	27.273050578169613	0.0	691256	2374.482916001079	1.5
18523.247238310254	1500.0	28.783756550826915	0.0	725845	2489.294027342697	1.5
18529.917480411368	4000.0	26.113514449712873	0.0	1985434	6670.242101114039	4.0
18536.058674165823	4000.0	23.972320695260237	0.0	1830641	6141.193754452638	4.0
18541.718829943788	4000.0	22.312164917295217	0.0	1697030	5660.155777965023	4.0
18544.587329501937	1500.0	23.443665359145644	0.0	848035	2868.4995581495714	1.5
18546.748308104237	1500.0	25.282686756848285	0.0	629438	2160.978602297361	1.5
18549.353787409094	1500.0	26.677207451990142	0.0	763847	2605.479304858141	1.5
18555.214066575518	4000.0	24.816928285567506	0.0	1750852	5860.279166422638	4.0
18557.907100464923	1500.0	26.123894396162488	0.0	808636	2693.033889405017	1.5

