19833.072729275245	600.0	4.0	0.943806340259116	247108	943.806340259116	0.0093680415	-18.27612680518232
19833.497461092335	200.0	7.575268182910577	0.0	98617	424.7318170894235	0.004705182	0.2
19833.949665326458	200.0	11.123063948788534	0.0	106476	452.20423412204235	0.004705182	0.2
19834.43247059617	200.0	14.64025867907627	0.0	115230	482.8052697122632	0.004705182	0.2
19834.853850072257	200.0	18.21887920298879	0.0	97658	421.37947608747896	0.004705182	0.2
19835.275229548348	200.0	21.79749972690131	0.0	97658	421.37947608747896	0.004705182	0.2
19835.75999938077	200.0	25.312729894474664	0.0	115792	484.76983242664573	0.004705182	0.2
19836.2163914194	200.0	28.85633785584759	0.0	107674	456.3920386270783	0.004705182	0.2
19836.629545599993	200.0	32.44318367525289	0.0	95305	413.15418059469977	0.004705182	0.2
19837.0780758921	200.0	35.994653383146535	0.0	105425	448.53029210635555	0.0057009305	0.2
19837.491439812486	200.0	39.58128946276027	0.0	95365	413.3639203862708	0.004705182	0.2
19837.904723332616	200.0	43.16800594262743	0.0	95342	413.2835201328352	0.004705182	0.2
19838.342745661164	200.0	46.72998361407879	0.0	102419	438.02232854864434	0.005016232	0.2
19838.70542945658	200.0	50.367299818662474	0.0	80867	362.6837954163117	0.004705182	0.2
19839.074695585787	200.0	53.998033689454026	0.0	82750	369.2661292084508	0.005477644	0.2
19839.484605790938	200.0	57.588123484302294	0.0	94377	409.9102051517337	0.7237075	0.2
19841.378764537745	200.0	59.693964737497545	0.0	89871	394.15874680474536	0.0071491958	0.2
19855.026593428032	12000.0	50.046135847210266	0.0	4055239	13647.82889028728	0.004705182	12.0
19855.405319016878	200.0	53.66741025836496	0.0	90919	378.7255888453088	0.026759733	0.2
19855.767475207198	200.0	57.30525406804523	0.0	85876	362.1561903197322	0.31957075	0.2
19873.4708035798	12000.0	43.60192569544222	0.0	5251330	17703.328372603017	0.008721144	12.0
19873.884714543823	200.0	47.188014731419585	0.0	97742	413.9109640226327	0.0065787304	0.2
19890.962022842366	12000.0	34.11070643287782	0.0	5141915	17077.308298541764	0.057907607	12.0
19891.318274604135	200.0	37.7544546711092	0.0	85752	356.2517617686143	0.004705182	0.2
19891.7028886258	200.0	41.369840649444484	0.0	94556	384.6140216647203	0.004705182	0.2
19902.442326800538	8000.0	34.63040247470945	0.0	3253093	10739.438174735036	0.004705182	8.0
19919.648397052024	12000.0	21.424332223223118	0.0	5138482	17206.070251486333	0.17251544	12.0
19931.382622810972	8000.0	13.690106464277319	0.0	3354913	11734.2257589458	0.009142353	8.0
19931.78983240171	200.0	17.282896873537343	0.0	93993	407.20959073997517	0.013027373	0.2
19932.207798938558	200.0	20.864930336690886	0.0	97083	417.9665368464568	0.008632887	0.2
19932.61497023596	200.0	24.457759039286564	0.0	93982	407.1712974043211	0.0080114	0.2
19945.23632182476	8000.0	15.836407450489101	0.0	3568902	12621.351588797463	0.67407316	8.0
19947.432269902725	1500.0	17.640459372522574	0.0	633700	2195.948077966526	0.09354658	1.5
19947.810853316056	200.0	21.261875959191467	0.0	89422	378.58341333110735	0.018036654	0.2
19948.252220651924	200.0	24.82050862332603	0.0	108225	441.3673358654368	0.004705182	0.2
19948.625358095058	200.0	28.44737118019401	0.0	87791	373.1374431320172	0.098097116	0.2
19949.04623375765	200.0	32.026495517603756	0.0	102088	420.87566259025834	0.061600447	0.2
19949.394702391564	200.0	35.67802688368748	0.0	80403	348.46863391627363	0.024800584	0.2
19949.764257047438	200.0	39.308472227817035	0.0	86718	369.55465587044534	0.63765764	0.2
19950.184732025526	200.0	42.88799724972947	0.0	101968	420.47497808756634	0.047635946	0.2
19966.32318511785	12000.0	30.749544157407435	0.0	4828747	16138.453092322035	0.04810231	12.0
19972.4796235138	4000.0	28.593105761456975	0.0	1830641	6156.43839595046	0.20704807	4.0
19978.167980457758	4000.0	26.90474881749869	0.0	1697030	5688.356943958286	0.010282936	4.0
19984.53071376506	4000.0	24.542015510196855	0.0	1910697	6362.733307301836	0.008336389	4.0
19996.757674803157	8000.0	16.315054472100623	0.0	3682991	12226.961038096231	0.03847964	8.0
20003.438855883254	4000.0	13.633873392002066	0.0	2042818	6681.181080098559	0.017489007	4.0
20009.298243311147	4000.0	11.774485964109838	0.0	1750852	5859.3874278922285	0.004705182	4.0
20016.196571918015	4000.0	8.876157357243818	0.0	2034636	6898.328606866021	0.20984577	4.0

