21383.228078723245	600.0	4.0	0.6264573197700132	247108	626.4573197700132	-11.929146395400265
21383.52616143001	200.0	7.701917293233082	0.0	98617	298.08270676691734	0.2
21383.841623614884	200.0	11.386455108359133	0.0	106476	315.4621848739496	0.2
21384.176444490604	200.0	15.051634232640422	0.0	115230	334.8208757187085	0.2
21384.472406454337	200.0	18.75567226890756	0.0	97658	295.9619637328616	0.2
21385.28422644549	600.0	21.943852277753205	0.0	330929	811.8199911543564	0.6
21385.62029013412	200.0	25.607788589119856	0.0	115792	336.0636886333481	0.2
21385.93840158923	200.0	29.289677134011498	0.0	107674	318.11145510835917	0.2
21386.66130959454	600.0	32.56676912870411	0.0	290723	722.9080053073862	0.6
21409.714816827855	12000.0	13.513261895384746	0.0	5088378	23053.507233319368	12.0
21413.485669012687	1500.0	13.742409710550882	0.0	769316	3770.8521848338623	1.5
21413.77557228066	200.0	17.452506442577025	0.0	95342	289.90326797385626	0.2
21414.503784182965	600.0	20.724294540272243	0.0	294430	728.2119023047817	0.6
21414.761819545885	200.0	24.46625917735515	0.0	80867	258.0353629170967	0.2
21415.42328607495	600.0	27.804792648287382	0.0	264113	661.4665290677675	0.6
21417.561199800442	1500.0	29.666878922797185	0.0	934743	2137.913725490196	1.5
21419.260622160262	1500.0	31.967456562976064	0.0	735572	1699.4223598211215	1.5
21432.194954205974	12000.0	23.033124517264504	0.0	4055239	12934.332045711562	12.0
21432.661052886866	200.0	26.56702583637165	0.0	90919	466.09868089285237	0.2
21434.910603006072	1500.0	28.317475717164868	0.0	662349	2249.5501192067813	1.5
21435.615493206187	600.0	31.612585517047968	0.0	280646	704.8902001168973	0.6
21435.913126872583	200.0	35.31495185065035	0.0	97742	297.6336663976175	0.2
21436.217291196666	200.0	39.01078752656674	0.0	100675	304.16432408360936	0.2
21436.48822776601	200.0	42.73985095722164	0.0	85752	270.93656934509727	0.2
21436.778767441483	200.0	46.449311281750575	0.0	94556	290.53967547106794	0.2
21438.294623713577	1500.0	48.93345500965839	0.0	644861	1515.8562720921818	1.5
21449.69855376536	12000.0	41.52952495787353	0.0	5138482	11403.930051784866	12.0
21457.33663036268	8000.0	37.89144836055719	0.0	3354913	7638.076597316327	8.0
21459.058344457495	1500.0	40.16973426574139	0.0	675709	1721.7140948158049	1.5
21471.797042526934	12000.0	31.43103619630184	0.0	5411094	12738.69806943955	12.0
21472.42191070006	600.0	34.80616802317724	0.0	240372	624.8681731246015	0.6
21484.335375980907	8000.0	26.892702742330496	0.0	3568902	11913.465280846745	8.0
21499.62527542904	8000.0	15.60280329419512	0.0	3713878	15289.899448135378	8.0
21500.09788615293	200.0	19.130192570305102	0.0	89422	472.610723890017	0.2
21500.653052170164	200.0	22.575026553072238	0.0	108225	555.1660172328632	0.2
21510.40339471642	4000.0	16.824684006819588	0.0	1785821	9750.342546252652	4.0
21512.474725574688	600.0	18.753353148553593	0.0	284947	2071.330858265997	0.6
21513.116615943763	200.0	22.111462779477378	0.0	80403	641.8903690762176	0.2
21513.802638219368	200.0	25.42544050387135	0.0	86718	686.0222756060276	0.2
21515.87385338107	600.0	27.354225342170473	0.0	284107	2071.2151617008763	0.6
21518.348788600088	600.0	28.87929012314907	0.0	315398	2474.935219021404	0.6
21520.7289129416	600.0	30.49916578163704	0.0	302912	2380.124341512031	0.6
21529.25058369577	4000.0	25.97749502746078	0.0	1697030	8521.670754176259	4.0
21530.218656126377	600.0	29.00942259685686	0.0	278938	968.07243060392	0.6
21530.56995729044	200.0	32.658121432793585	0.0	85214	351.3011640632773	0.2
21533.081864961317	1500.0	34.146213761915064	0.0	763847	2511.9076708785196	1.5
21535.611741789493	1500.0	35.61633693373877	0.0	769491	2529.876828176301	1.5
21548.22352412601	12000.0	27.0045545972249	0.0	5646381	12611.782336513872	12.0

