13866.866458432429	600.0	4.0	0.671671729793634	247108	671.671729793634	-12.83343459587268
13867.18258551442	200.0	7.683872918007273	0.0	98617	316.1270819927271	0.2
13867.953238732625	600.0	10.91321969980396	0.0	288447	770.6532182033133	0.6
13869.753487150087	1500.0	13.112971282342905	0.0	718451	1800.248417461054	1.5
13878.465768603328	8000.0	8.400689829100507	0.0	4143114	8712.281453242398	8.0
13879.01507990786	600.0	11.851378524567703	0.0	330929	549.3113045328039	0.6
13881.997279833406	4000.0	12.869178599021266	0.0	2046450	2982.199925546436	4.0
13884.996730295195	4000.0	13.869728137231899	0.0	2058614	2999.4504617893676	4.0
13892.180328075672	8000.0	10.686130356756044	0.0	3448932	7183.597780475855	8.0
13894.126737113078	1500.0	12.739721319349865	0.0	763093	1946.4090374061789	1.5
13899.19765165616	4000.0	11.668806776267116	0.0	2094766	5070.914543082748	4.0
13903.33333696018	4000.0	11.533121472247089	0.0	1761739	4135.685304020028	4.0
13908.178441131146	4000.0	10.688017301282985	0.0	2131310	4845.104170964103	4.0
13909.756073085497	1500.0	13.110385346932059	0.0	748011	1577.6319543509271	1.5
13918.402514897924	8000.0	8.463943534503507	0.0	4228356	8646.441812428551	8.0
13919.204009601403	600.0	11.662448831025317	0.0	324375	801.4947034781883	0.6
13923.367448309107	4000.0	11.499010123321034	0.0	1835863	4163.438707704285	4.0
13928.141455003188	4000.0	10.725003429240152	0.0	2192675	4774.006694080881	4.0
13929.442615471296	1500.0	13.42384296113158	0.0	747396	1301.1604681085716	1.5
13936.554189517004	8000.0	10.312268915423596	0.0	4303587	7111.574045707984	8.0
13938.036436645125	1500.0	12.830021787303645	0.0	835711	1482.2471281199507	1.5
13942.243243186724	4000.0	12.623215245704735	0.0	1950922	4206.80654159891	4.0
13946.234986070685	4000.0	12.631472361742757	0.0	1849252	3991.7428839619774	4.0
13950.782421543161	4000.0	12.084036889267656	0.0	1822097	4547.4354724751	4.0
13955.907464287007	4000.0	10.958994145421741	0.0	1836837	5125.042743845916	4.0
13957.75863467874	1500.0	13.107823753688985	0.0	644861	1851.1703917327566	1.5
13966.095070340205	8000.0	8.771388092224672	0.0	4274504	8336.435661464313	8.0
13966.748237942069	600.0	12.11822049035901	0.0	302611	653.1676018656628	0.6
13976.704607249425	4000.0	6.161851183003326	0.0	2165436	9956.369307355684	4.0
13977.40820835746	200.0	9.458250074970085	0.0	97083	703.6011080332411	0.2
13979.558303059015	1500.0	11.308155373414499	0.0	757473	2150.094701555586	1.5
13982.641849881742	4000.0	12.224608550688146	0.0	1947068	3083.5468227263523	4.0
13986.646274829438	4000.0	12.220183602991924	0.0	2544033	4004.4249476962236	4.0
13990.829421567882	4000.0	12.03703686454877	0.0	2125133	4183.146738443153	4.0
13995.865478010888	4000.0	11.000980421542318	0.0	1828568	5036.056443006454	4.0
14001.298941734567	4000.0	9.567516697862338	0.0	1785821	5433.463723679978	4.0
14003.778564725097	1500.0	11.087893707331617	0.0	681043	2479.6229905307205	1.5
14010.06086542159	4000.0	8.80559301084002	0.0	1955307	6282.300696491598	4.0
14010.736882829202	600.0	12.129575603227797	0.0	309862	676.0174076122238	0.6
14014.84592180398	4000.0	12.0205366284496	0.0	2094647	4109.038974778197	4.0
14018.744890330825	4000.0	12.121568101604849	0.0	1985434	3898.9685268447506	4.0
14021.384467477414	4000.0	13.481990955016451	0.0	1830641	2639.577146588397	4.0
14026.174009561399	8000.0	12.692448871029724	0.0	3735285	4789.54208398673	8.0
14028.66306480919	4000.0	14.203393623238139	0.0	1910697	2489.0552477915853	4.0
14039.728621289101	8000.0	7.137837143327472	0.0	3682991	11065.556479910667	8.0
14040.325484586281	600.0	10.540973846145935	0.0	288236	596.8632971815365	0.6
14041.693483833058	1500.0	13.172974599370677	0.0	769491	1367.9992467752568	1.5
14049.04846651935	8000.0	9.817991913078322	0.0	4346302	7354.982686292356	8.0

