12904.838315607625	600.0	4.0	0.7567185280273857	247108	756.7185280273857	-14.534370560547714
12906.924046031247	1500.0	5.914269576379974	0.0	732405	2085.730423620026	1.5
12908.767255616185	1500.0	8.071059991442018	0.0	643847	1843.2095849379546	1.5
12910.814772261456	1500.0	10.023543346170303	0.0	718451	2047.516645271716	1.5
12912.878295753111	1500.0	11.960019854514334	0.0	724296	2063.5234916559693	1.5
12914.905199400491	1500.0	13.93311620713524	0.0	689829	2026.9036473790936	1.5
12917.414409721054	1500.0	15.423905886572301	0.0	737903	2509.21032056294	1.5
12920.063202774838	1500.0	16.77511283278851	0.0	780303	2648.793053783795	1.5
12923.077939616942	1500.0	17.760375990683247	0.0	891463	3014.7368421052633	1.5
12925.526395841209	1500.0	19.31191976641748	0.0	763093	2448.4562242657644	1.5
12927.67751173837	1500.0	21.1608038692577	0.0	769316	2151.1158971597797	1.5
12929.761593041372	1500.0	23.07672256625595	0.0	744416	2084.08130300175	1.5
12931.473285059139	1500.0	25.365030548487745	0.0	606092	1711.692017768206	1.5
12933.567044649932	1500.0	27.271270957694906	0.0	748011	2093.759590792839	1.5
12935.680359087446	1500.0	29.157956520180004	0.0	754517	2113.3144375149013	1.5
12938.289767827808	1500.0	30.548547779820105	0.0	934743	2609.4087403598974	1.5
12940.360221081766	1500.0	32.47809452586259	0.0	735572	2070.4532539575157	1.5
12942.530915169169	1500.0	34.30740043845899	0.0	772616	2170.694087403599	1.5
12944.633364093537	1500.0	36.20495151409152	0.0	747396	2102.448924367474	1.5
12946.496770231808	1500.0	38.34154537582074	0.0	662349	1863.4061382707769	1.5
12948.813758889082	1500.0	40.02455671854501	0.0	835711	2316.9886572757387	1.5
12951.052273293339	1500.0	41.78604231428898	0.0	806394	2238.514404256031	1.5
12953.29863860267	1500.0	43.53967700495716	0.0	809327	2246.365309331817	1.5
12955.203632747282	1500.0	45.6346828603458	0.0	681795	1904.9941446113696	1.5
12957.550402405375	1500.0	47.28791320225209	0.0	855209	2346.7696580937013	1.5
12959.33059289412	1500.0	49.50772271350675	0.0	644861	1780.190488745345	1.5
12961.504028612408	1500.0	51.33428699521917	0.0	794014	2173.4357182875788	1.5
12963.99455888298	1500.0	52.84375672464606	0.0	914284	2490.530270573114	1.5
12965.85608081555	1500.0	54.98223479207512	0.0	675709	1861.521932570939	1.5
12967.716798708047	1500.0	57.1215168995789	0.0	707527	1860.717892496223	1.5
12969.665746847511	1500.0	59.172568760112156	0.0	757473	1948.9481394667448	1.5
12973.003087048291	1500.0	59.83522855933185	0.0	712239	1837.3402007802986	1.5
12975.071691609797	1500.0	59.69167126292646	0.0	633700	1643.557296405385	1.5
12979.189861650284	1500.0	59.57350122244064	0.0	755142	2118.17004048583	1.5
12983.079111312902	1500.0	59.684251559822556	0.0	670327	1889.2496626180837	1.5
12986.783853742525	1500.0	59.97950913019849	0.0	785519	2204.7424296240724	1.5
12991.223483751399	1500.0	59.53987912132416	0.0	681043	1939.630008874326	1.5
12993.790994193667	1500.0	59.59454360354138	0.0	866245	2445.3355177827843	1.5
12997.757899593309	1500.0	59.62763820389965	0.0	691256	1966.90539964173	1.5
13001.819221780463	1500.0	59.56631601674619	0.0	725845	2061.322187153459	1.5
13005.60989648118	1500.0	59.77564131602699	0.0	811013	2290.6747007191957	1.5
13009.45765900911	1500.0	59.92787878809849	0.0	657685	1847.7625279285032	1.5
13013.599403091626	1500.0	59.78613470558131	0.0	767059	2141.744082517177	1.5
13017.59683248943	1500.0	59.788705307778464	0.0	848035	2497.429397802846	1.5
13021.497694916881	1500.0	59.88784288032543	0.0	629438	1900.8624274530366	1.5
13025.265942457043	1500.0	59.59815693409606	0.0	763847	2289.685946229366	1.5
13028.97889973503	1500.0	59.88519965610847	0.0	769491	2212.9572779875957	1.5
13033.30036330178	1500.0	59.56373608935749	0.0	808636	2321.4635667509788	1.5

