180.4801581561896	600.0	4.0	0.6518355245078897	247108	651.8355245078898	-12.436710490157795
180.78836891391657	200.0	7.691789242273036	0.0	98617	308.2107577269637	0.2
181.53586750375473	600.0	10.94429065243488	0.0	288447	747.4985898381569	0.6
183.2784433993883	1500.0	13.20171475680132	0.0	718451	1742.5758956335605	1.5
193.46560267302894	8000.0	7.014555483160659	0.0	4143114	10187.15927364066	8.0
194.45780251797686	600.0	10.022355638212774	0.0	330929	992.1998449478853	0.6
196.57181888458896	1500.0	11.908339271600662	0.0	737903	2114.0163666121116	1.5
201.9942037861809	4000.0	10.485954370008738	0.0	2058614	5422.384901591924	4.0
204.09222981900487	1500.0	12.387928337184741	0.0	891463	2098.0260328239956	1.5
209.54439507084413	4000.0	10.935763085345465	0.0	2373154	5452.165251839276	4.0
211.48293947778683	1500.0	12.997218678402756	0.0	769316	1938.5444069427085	1.5
216.2607535506511	4000.0	12.219404605538518	0.0	1761739	4777.814072864238	4.0
221.8250226385797	4000.0	10.65513551760991	0.0	2131310	5564.26908792861	4.0
223.5561471470987	1500.0	12.924011009090906	0.0	748011	1731.124508519004	1.5
228.39832635659033	4000.0	12.081831799599287	0.0	2157416	4842.179209491619	4.0
233.4991488785215	4000.0	10.98100927766808	0.0	2231719	5100.822521931206	4.0
235.26973035404438	1500.0	13.210427802145214	0.0	735572	1770.5814755228682	1.5
244.76922154893043	8000.0	7.710936607259168	0.0	4260556	9499.491194886046	8.0
245.53492248108319	600.0	10.945235675106389	0.0	330105	765.7009321527795	0.6
246.99076752042058	1500.0	13.489390635769023	0.0	662349	1455.8450393373664	1.5
254.75433147973789	8000.0	9.725826676451721	0.0	3690869	7763.563959317301	8.0
256.5181118704618	1500.0	11.962046285727824	0.0	806394	1763.7803907238963	1.5
260.4594181985185	4000.0	12.020739957671136	0.0	1849252	3941.3063280566903	4.0
265.64574003968426	4000.0	10.834418116505377	0.0	1822097	5186.321841165757	4.0
268.4069611863708	1500.0	12.073196969818856	0.0	855209	2761.221146686523	1.5
273.8637339569797	4000.0	10.616424199209979	0.0	1984579	5456.772770608876	4.0
275.68182433499123	1500.0	12.798333821198403	0.0	794014	1818.0903780115743	1.5
280.26094299204453	4000.0	12.219215164145059	0.0	2055338	4579.118657053344	4.0
285.1754922191869	4000.0	11.304665937002763	0.0	2165436	4914.549227142295	4.0
289.78031110837384	4000.0	10.69984704781575	0.0	2002600	4604.818889187013	4.0
291.5718002417251	1500.0	12.90835791446453	0.0	757473	1791.489133351221	1.5
296.0501636075119	4000.0	12.429994548677751	0.0	1947068	4478.36336578678	4.0
301.87679337936646	4000.0	10.60336477682322	0.0	2544033	5826.62977185453	4.0
303.56418701751795	1500.0	12.915971138671686	0.0	755142	1687.3936381515339	1.5
307.41001420470826	4000.0	13.070143951481409	0.0	1828568	3845.827187190279	4.0
316.60104885032456	8000.0	7.879109305865115	0.0	4086583	9191.034645616293	8.0
317.3954143413072	600.0	11.084743814882524	0.0	284947	794.3654909825921	0.6
322.3773920602398	4000.0	10.102766095949882	0.0	1955307	4981.9777189326405	4.0
324.13155217462594	1500.0	12.348605981563738	0.0	691256	1754.1601143861444	1.5
329.2141422573199	4000.0	11.266015898869766	0.0	2094647	5082.590082693973	4.0
333.86734890472104	4000.0	10.6128092514686	0.0	1985434	4653.206647401166	4.0
335.2326587213838	1500.0	13.247499434805801	0.0	657685	1365.3098166627988	1.5
342.6125035993016	8000.0	9.867654556888102	0.0	3735285	7379.844877917701	8.0
344.6652048892023	1500.0	11.814953266987358	0.0	848035	2052.7012899007436	1.5
350.32483709452487	4000.0	10.155321061664774	0.0	2171279	5659.632205322583	4.0
352.3677286994909	1500.0	12.112429456698743	0.0	763847	2042.8916049660313	1.5
356.56540960120185	4000.0	11.914748554987789	0.0	1750852	4197.6809017109545	4.0
361.2799178084253	4000.0	11.200240347764293	0.0	2034636	4714.508207223496	4.0

