0.6831621662852785	600.0	4.0	0.6831621662852785	247108	683.1621662852784	-13.06324332570557
1.519157894736842	600.0	7.164004271548436	0.0	309722	835.9957284515638	0.6
3.1707142639206713	1500.0	9.512447902364608	0.0	643847	1651.556369183829	1.5
5.004370404271549	1500.0	11.67879176201373	0.0	718451	1833.6561403508772	1.5
6.852293516399695	1500.0	13.830868649885584	0.0	724296	1847.9231121281466	1.5
8.616086651411136	1500.0	16.067075514874144	0.0	689829	1763.7931350114418	1.5
10.497222883295196	1500.0	18.185939282990084	0.0	737903	1881.1362318840584	1.5
12.142930837026341	1500.0	20.540231329258937	0.0	780303	1645.707953731146	1.5
15.921838370761341	4000.0	20.761323795523936	0.0	1857129	3778.907533735	4.0
17.521716874968877	1500.0	23.161445291316394	0.0	763093	1599.8785042075388	1.5
21.607536801580466	4000.0	23.075625364704806	0.0	2094766	4085.819926611588	4.0
24.54330135251507	4000.0	24.139860813770202	0.0	1761739	2935.764550934603	4.0
28.078137480370803	4000.0	24.605024685914472	0.0	2131310	3534.836127855732	4.0
31.08412988197153	4000.0	25.599032284313743	0.0	1805063	3005.9924016007294	4.0
34.840690103472895	4000.0	25.84247206281238	0.0	2157416	3756.5602215013646	4.0
38.72579703967349	4000.0	25.957365126611784	0.0	2231719	3885.106936200595	4.0
41.89511860916399	4000.0	26.78804355712128	0.0	1835863	3169.3215694905034	4.0
45.44852560294641	4000.0	27.234636563338857	0.0	2192675	3553.4069937824247	4.0
51.70124748092924	8000.0	24.98191468535603	0.0	3873892	6252.7218779828245	8.0
56.06281369385408	4000.0	24.620348472431186	0.0	2164412	4361.566212924843	4.0
60.849578774278896	4000.0	23.833583392006375	0.0	2379358	4786.7650804248115	4.0
64.29913227337742	4000.0	24.384029892907854	0.0	1950922	3449.553499098522	4.0
67.44582160402977	4000.0	25.237340562255504	0.0	1849252	3146.68933065235	4.0
70.54747870069029	4000.0	26.135683465594987	0.0	1822097	3101.6570966605173	4.0
73.55222609949533	4000.0	27.130936066789957	0.0	1836837	3004.7473988050297	4.0
78.6357817832252	8000.0	26.047380383060084	0.0	3253093	5083.555683729873	8.0
81.89690939677963	4000.0	26.786252769505648	0.0	2068230	3261.1276135544344	4.0
87.98367564154604	8000.0	24.69948652473925	0.0	3354913	6086.7662447664015	8.0
91.97011320073965	4000.0	24.71304896554563	0.0	2165436	3986.437559193614	4.0
95.50958113945543	4000.0	25.17358102682985	0.0	2002600	3539.4679387157794	4.0
99.52795512668975	4000.0	25.155207039595535	0.0	2290706	4018.373987234317	4.0
105.90724099366254	8000.0	22.77592117262275	0.0	3568902	6379.285866972787	8.0
110.58553156878031	4000.0	22.09763059750498	0.0	2544033	4678.290575117769	4.0
114.50820374243882	4000.0	22.174958423846466	0.0	2125133	3922.6721736585146	4.0
117.89614517496751	4000.0	22.787016991317778	0.0	1828568	3387.9414325286903	4.0
121.20675583696085	4000.0	23.476406329324448	0.0	1785821	3310.6106619933294	4.0
125.39718743499066	4000.0	23.285974731294633	0.0	2096494	4190.431598029812	4.0
129.54481173288957	4000.0	23.13835043339574	0.0	1955307	4147.624297898898	4.0
134.57812480302553	4000.0	22.105037363259754	0.0	2142800	5033.313070135985	4.0
141.25959659628114	4000.0	19.42356557000416	0.0	2094647	6681.471793255595	4.0
146.74699318178224	4000.0	17.93616898450305	0.0	1985434	5487.396585501112	4.0
148.49167607928752	1500.0	20.191486086997788	0.0	657685	1744.6828975052601	1.5
152.86707101387375	4000.0	19.816091152411552	0.0	1697030	4375.39493458624	4.0
154.47030180279165	1500.0	22.21286036349366	0.0	848035	1603.230788917887	1.5
155.51246018476948	1500.0	25.170701981515844	0.0	629438	1042.1583819778164	1.5
158.715110011369	4000.0	25.96805215491631	0.0	2042818	3202.649826599536	4.0
161.47146086308535	4000.0	27.211701303199977	0.0	1750852	2756.3508517163305	4.0
164.7534641244889	4000.0	27.929698041796446	0.0	2034636	3282.0032614035335	4.0

