30144.018154850408	600.0	4.0	0.6255976595920846	247108	625.5976595920846	-11.911953191841691
30144.78199996398	600.0	7.236154886429498	0.0	309722	763.845113570502	0.6
30146.283570355612	1500.0	9.734584494797561	0.0	643847	1501.570391631938	1.5
30147.949861305853	1500.0	12.068293544558827	0.0	718451	1666.2909502387329	1.5
30149.629057618607	1500.0	14.389097231805259	0.0	724296	1679.1963127535673	1.5
30151.232153139263	1500.0	16.786001711147296	0.0	689829	1603.0955206579638	1.5
30152.94139278268	1500.0	19.07676206772831	0.0	737903	1709.239643418983	1.5
30156.00093397033	1500.0	20.01722088007985	0.0	780303	3059.541187648462	1.5
30164.74233536244	4000.0	15.275819487969263	0.0	1857129	8741.401392110587	4.0
30165.70917586972	1500.0	18.30897898068394	0.0	763093	966.8405072853262	1.5
30166.683248534133	1500.0	21.334906316273813	0.0	769316	974.0726644101283	1.5
30168.81068116484	4000.0	23.207473685566487	0.0	1761739	2127.4326307073234	4.0
30171.3676165339	4000.0	24.650538316506246	0.0	2131310	2556.935369060244	4.0
30173.545398831207	4000.0	26.472756019195206	0.0	1805063	2177.782297311039	4.0
30179.79903433397	8000.0	24.219120516433808	0.0	4228356	6253.6355027614	8.0
30186.419463039587	8000.0	21.59869181081637	0.0	4454226	6620.428705617435	8.0
30188.915449748038	4000.0	23.102705102366862	0.0	1835863	2495.986708449511	4.0
30194.332124392928	12000.0	21.686030457479912	0.0	4055239	5416.674644886949	12.0
30200.249030789102	8000.0	19.769124061302872	0.0	3873892	5916.90639617704	8.0
30203.63514857768	4000.0	20.383006272726586	0.0	2164412	3386.1177885762836	4.0
30207.230223960003	4000.0	20.787930890400283	0.0	2379358	3595.0753823263053	4.0
30210.134015098214	4000.0	21.88413975219037	0.0	1950922	2903.7911382099114	4.0
30212.89064769035	4000.0	23.127507160053447	0.0	1849252	2756.6325921369253	4.0
30215.623304842804	4000.0	24.394850007601864	0.0	1822097	2732.657152451581	4.0
30218.499924089345	4000.0	25.518230761058458	0.0	1836837	2876.619246543406	4.0
30223.53282001566	8000.0	24.48533483474838	0.0	3253093	5032.89592631008	8.0
30226.881120434442	4000.0	25.13703441596454	0.0	2068230	3348.3004187838396	4.0
30232.573337150247	8000.0	23.44481770015834	0.0	3354913	5692.216715806202	8.0
30236.29317092051	4000.0	23.724983929896144	0.0	2165436	3719.833770262192	4.0
30239.82678550171	4000.0	24.19136934869606	0.0	2002600	3533.614581200082	4.0
30243.85725770926	4000.0	24.160897141144623	0.0	2290706	4030.472207551441	4.0
30247.231709334585	4000.0	24.786445515818013	0.0	1947068	3374.45162532661	4.0
30251.491891927653	4000.0	24.52626292274998	0.0	2544033	4260.182593068036	4.0
30255.063766433428	4000.0	24.954388416973345	0.0	2125133	3571.874505776637	4.0
30258.101779045446	4000.0	25.916375804955493	0.0	1828568	3038.0126120178493	4.0
30261.046253832414	4000.0	26.971901017988074	0.0	1785821	2944.4747869674184	4.0
30264.489051225897	4000.0	27.529103624504366	0.0	2096494	3442.797393483709	4.0
30272.412152957084	8000.0	23.60600189331689	0.0	3739359	7923.101731187475	8.0
30277.54196178822	4000.0	22.476193062179696	0.0	2142800	5129.808831137193	4.0
30282.8842328597	4000.0	21.133921990706263	0.0	2094647	5342.271071473434	4.0
30287.519376747106	4000.0	20.498778103297596	0.0	1985434	4635.143887408666	4.0
30290.642994557675	4000.0	21.375160292729714	0.0	1830641	3123.6178105678805	4.0
30293.544471151432	4000.0	22.473683698974842	0.0	1697030	2901.476593754871	4.0
30296.801189808884	4000.0	23.216965041521732	0.0	1910697	3256.7186574531092	4.0
30300.151833166456	4000.0	23.866321683951433	0.0	2171279	3350.643357570302	4.0
30303.298810862074	4000.0	24.71934398833067	0.0	2042818	3146.9776956207597	4.0
30306.007446419593	4000.0	26.010708430815022	0.0	1750852	2708.635557515647	4.0
30310.981542324284	4000.0	25.036612526124873	0.0	2034636	4974.09590469015	4.0

