3354.256525724055	600.0	4.0	0.6769332970981672	247108	676.9332970981671	-12.938665941963345
3355.084714267703	600.0	7.171811456351723	0.0	309722	828.1885436482773	0.6
3355.86150926725	600.0	10.395016456804662	0.0	288447	776.7949995470605	0.6
3357.6770553614015	1500.0	12.579470362653622	0.0	718451	1815.5460941510403	1.5
3359.506721091993	1500.0	14.749804632062082	0.0	724296	1829.6657305915392	1.5
3361.2531256576235	1500.0	17.003400066431137	0.0	689829	1746.404565630945	1.5
3363.1156615153404	1500.0	19.140864208714557	0.0	737903	1862.5358577165807	1.5
3365.060833871375	1500.0	21.195691852679946	0.0	780303	1945.1723560346106	1.5
3369.5239563637047	4000.0	20.732569360350467	0.0	1857129	4463.1224923294785	4.0
3371.404978313197	1500.0	22.8515474108579	0.0	763093	1881.0219494925655	1.5
3375.853228202234	4000.0	22.40329752182102	0.0	2094766	4448.2498890368815	4.0
3378.8756512173286	4000.0	23.38087450672676	0.0	1761739	3022.423015094261	4.0
3382.5153246969417	4000.0	23.741201027113405	0.0	2131310	3639.6734796133537	4.0
3386.79489714242	4000.0	23.461628581635384	0.0	1805063	4279.572445478022	4.0
3395.1611240437687	4000.0	19.095401680286347	0.0	2157416	8366.226901349035	4.0
3398.7804765617543	1500.0	19.476049162300736	0.0	934743	3619.352517985612	1.5
3401.6456791365367	1500.0	20.610846587518456	0.0	735572	2865.2025747822795	1.5
3404.651146762436	1500.0	21.605378961619174	0.0	772616	3005.4676258992813	1.5
3406.637355880535	1500.0	23.619169843520403	0.0	747396	1986.209118098773	1.5
3408.284118742746	1500.0	25.972406981308694	0.0	662349	1646.762862211709	1.5
3410.3409632134735	1500.0	27.915562510581314	0.0	835711	2056.84447072738	1.5
3415.035799405076	4000.0	27.220726318978713	0.0	1950922	4694.8361916026015	4.0
3418.8204713903824	4000.0	27.436054333672235	0.0	1849252	3784.671985306475	4.0
3422.5014980829055	4000.0	27.75502764114886	0.0	1822097	3681.0266925233764	4.0
3426.482146399018	4000.0	27.774379325036644	0.0	1836837	3980.648316112217	4.0
3432.1627644320365	4000.0	26.09376129201844	0.0	1984579	5680.618033018202	4.0
3437.3132094987095	4000.0	24.943316225345086	0.0	2068230	5150.445066673355	4.0
3441.294068068393	4000.0	24.96245765566192	0.0	2055338	3980.858569683167	4.0
3445.483883377456	4000.0	24.772642346598186	0.0	2165436	4189.815309063735	4.0
3450.5117285003926	4000.0	23.744797223661706	0.0	2002600	5027.845122936479	4.0
3456.6176338090377	4000.0	21.638891915017	0.0	2290706	6105.905308644709	4.0
3464.5203256531518	4000.0	17.736200070902893	0.0	1947068	7902.691844114103	4.0
3466.802556981199	1500.0	19.453968742855416	0.0	633700	2282.231328047479	1.5
3468.791047535315	1500.0	21.465478188739034	0.0	755142	1988.4905541163835	1.5
3470.5651828736613	1500.0	23.69134285039317	0.0	670327	1774.1353383458647	1.5
3475.1585360043873	4000.0	23.097989719667197	0.0	1785821	4593.353130725975	4.0
3477.1850414575547	1500.0	25.07148426649954	0.0	681043	2026.505453167659	1.5
3484.8564398706	4000.0	21.400085853454474	0.0	1955307	7671.398413045061	4.0
3487.1633233287575	1500.0	23.093202395296526	0.0	691256	2306.8834581579486	1.5
3488.6628261033443	1500.0	25.593699620710268	0.0	725845	1499.5027745862567	1.5
3492.6256510477306	4000.0	25.63087467632422	0.0	1985434	3962.8249443860464	4.0
3496.2857542085585	4000.0	25.970771515495997	0.0	1830641	3660.1031608282206	4.0
3501.363026029889	4000.0	24.893499694165776	0.0	1697030	5077.271821330221	4.0
3507.387389306089	4000.0	22.869136417965667	0.0	1910697	6024.36327620011	4.0
3512.061473410823	4000.0	22.19505231323147	0.0	2171279	4674.084104734198	4.0
3516.4637542888972	4000.0	21.792771435156887	0.0	2042818	4402.280878074584	4.0
3520.6162924135488	4000.0	21.640233310505586	0.0	1750852	4152.538124651297	4.0
3525.545932051846	4000.0	20.71059367220803	0.0	2034636	4929.639638297556	4.0

