4330.359982490304	600.0	4.0	0.9430897858499422	247108	943.0897858499421	0.010354215	-18.261795716998844
4330.784428341555	200.0	7.575554148748062	0.0	98617	424.44585125193737	0.004705182	0.2
4331.23632382061	200.0	11.123658669693729	0.0	106476	451.8954790543343	0.004705182	0.2
4331.718794950737	200.0	14.641187539566461	0.0	115230	482.4711301272676	0.004705182	0.2
4332.139891241859	200.0	18.220091248444632	0.0	97658	421.09629112183194	0.004705182	0.2
4332.560987532981	200.0	21.7989949573228	0.0	97658	421.09629112183194	0.004705182	0.2
4333.045421596156	200.0	25.31456089414744	0.0	115792	484.4340631753586	0.004705182	0.2
4333.501501405801	200.0	28.858481084503047	0.0	107674	456.07980964439304	0.004705182	0.2
4333.9143792245695	200.0	32.44560326573381	0.0	95305	412.8778187692375	0.004705182	0.2
4334.362603809258	200.0	35.99737868104521	0.0	105425	448.2245846885984	0.0057102176	0.2
4334.775691193833	200.0	39.584291296470134	0.0	95365	413.08738457508355	0.004705182	0.2
4335.18869824485	200.0	43.171284245453954	0.0	95342	413.00705101617586	0.004705182	0.2
4335.626423582665	200.0	46.73355890763825	0.0	102419	437.7253378157131	0.005022284	0.2
4335.988872883021	200.0	50.37110960728242	0.0	80867	362.4493003558253	0.004705182	0.2
4336.357899056917	200.0	54.00208343338646	0.0	82750	369.02617389595935	0.005486062	0.2
4336.767535591222	200.0	57.592446899080976	0.0	94377	409.63653430548584	0.7270573	0.2
4338.661433733509	200.0	59.69854875679452	0.0	89871	393.8981422864503	0.007161561	0.2
4351.082621404152	12000.0	51.27736108615186	0.0	4055239	12421.187670642663	0.004705182	12.0
4351.352746480936	200.0	55.007236009367524	0.0	90919	270.12507678433735	0.073052496	0.2
4351.612325898813	200.0	58.74765659149082	0.0	85876	259.57941787670075	0.73080075	0.2
4362.932018655169	12000.0	51.42796383513502	0.0	5251330	11319.69275635581	0.006086479	12.0
4363.24990609052	200.0	55.11007639978363	0.0	97742	317.8874353513842	0.027303299	0.2
4375.54920291481	12000.0	46.81077957549442	0.0	5141915	12299.296824289206	0.004705182	12.0
4375.824476604713	200.0	50.53550588559092	0.0	85752	275.273689903504	0.0068075745	0.2
4376.119798684927	200.0	54.240183805376866	0.0	94556	295.322080214056	0.004744278	0.2
4384.102304481561	8000.0	50.25767800874363	0.0	3253093	7982.505796633231	0.004705182	8.0
4397.287341880396	12000.0	41.07264060990847	0.0	5138482	13185.03739883516	0.004705182	12.0
4406.310964830675	8000.0	36.04901765962906	0.0	3354913	9023.622950279412	0.004705182	8.0
4406.68830517628	200.0	39.671677314024244	0.0	93993	377.3403456048084	0.8293801	0.2
4420.086588294781	12000.0	30.273394195522766	0.0	5411094	13398.283118501477	0.022208996	12.0
4420.370301903125	200.0	33.98968058717758	0.0	93982	283.71360834518725	0.18085058	0.2
4430.682452544146	8000.0	27.67752994615688	0.0	3568902	10312.150641020698	0.004705182	8.0
4432.525306993188	1500.0	29.834675497116052	0.0	633700	1842.8544490408274	0.14493765	1.5
4434.30787473785	1500.0	32.05210775245319	0.0	755142	1782.567744662862	0.49589634	1.5
4434.631882347236	200.0	35.72810014306828	0.0	108225	324.00760938490805	0.14719024	0.2
4438.73825252972	4000.0	35.621729960583956	0.0	1785821	4106.370182484324	0.7111468	4.0
4440.3537542559225	1500.0	38.0062282343809	0.0	681043	1615.5017262030578	0.7251318	1.5
4450.5807612862955	8000.0	31.77922120400837	0.0	3739359	10227.007030372532	0.27581015	8.0
4463.217512695433	12000.0	23.142469794870514	0.0	5257310	12636.751409137856	0.004705182	12.0
4463.580531118219	200.0	26.779451372083155	0.0	101968	363.01842278735734	0.46801597	0.2
4476.826198059486	12000.0	17.53378443081647	0.0	4828747	13245.666941266687	0.47397342	12.0
4481.711660718628	4000.0	16.64832177167485	0.0	1830641	4885.46265914162	0.0325255	4.0
4489.535955810621	4000.0	12.824026679681568	0.0	1697030	7824.295091993283	0.039713416	4.0
4496.9913878607495	4000.0	9.368594629553124	0.0	1910697	7455.432050128445	0.2581963	4.0
4499.08297439825	1500.0	11.277008092051878	0.0	629438	2091.586537501248	0.004705182	1.5
4501.604111320253	1500.0	12.75587117005048	0.0	763847	2521.1369220013985	0.25350276	1.5
4506.654067968119	4000.0	11.705914522184178	0.0	1750852	5049.9566478663	0.004705182	4.0
4512.245093005786	4000.0	10.114889484517644	0.0	2034636	5591.025037666536	0.20236759	4.0

