32095.658349651298	600.0	4.0	0.9847432494279177	247108	984.7432494279177	-19.094864988558353
32096.09941875885	200.0	7.558930892448513	0.0	98617	441.0691075514875	0.2
32098.536753312626	1500.0	9.121596338672768	0.0	643847	2437.3345537757436	1.5
32099.038648049467	200.0	12.619701601830664	0.0	115230	501.89473684210526	0.2
32099.476205944204	200.0	16.18214370709382	0.0	97658	437.5578947368421	0.2
32099.91376383894	200.0	19.74458581235698	0.0	97658	437.5578947368421	0.2
32101.194452168456	600.0	22.46389748283753	0.0	327938	1280.688329519451	0.6
32102.280669102096	600.0	25.377680549199088	0.0	274823	1086.216933638444	0.6
32103.425101138706	600.0	28.233248512585813	0.0	290723	1144.4320366132724	0.6
32121.45844107054	12000.0	14.199908580754556	0.0	5088378	18033.33993183126	12.0
32121.87615077794	200.0	17.782198873348953	0.0	95365	417.70970740560404	0.2
32122.967611979308	600.0	20.690737671985577	0.0	285624	1091.4612013633748	0.6
32125.193925112853	1500.0	22.46442453843682	0.0	606092	2226.3131335487583	1.5
32130.712496300086	4000.0	20.94585335120579	0.0	1805063	5518.5711872310285	4.0
32131.0379496658	200.0	24.6203999854914	0.0	82750	325.4533657143917	0.2
32132.080112028383	600.0	27.578237622910063	0.0	324375	1042.162362581339	0.6
32132.426687731466	200.0	31.231661919827065	0.0	89871	346.57570308299813	0.2
32146.35718637619	12000.0	21.301163275101867	0.0	4055239	13930.498644725198	12.0
32146.810666222147	200.0	24.847683429145512	0.0	90919	453.4798459563544	0.2
32147.243430278628	200.0	28.414919372662844	0.0	85876	432.7640564826702	0.2
32147.7944176984	200.0	31.863931952893907	0.0	114656	550.9874197689346	0.2
32148.27592527221	200.0	35.38242437908133	0.0	97742	481.5075738125803	0.2
32148.76948111303	200.0	38.888868538259764	0.0	100675	493.5558408215662	0.2
32151.650179444223	1500.0	40.00817020706592	0.0	681795	2880.698331193839	1.5
32155.24323310276	1500.0	40.41511654852934	0.0	855209	3593.053658536586	1.5
32156.232735541787	600.0	43.42561410950495	0.0	221407	989.5024390243905	0.6
32175.716714304777	12000.0	27.94163534651485	0.0	5138482	19483.978762990097	12.0
32188.66016449521	8000.0	18.998185156081348	0.0	3354913	12943.450190433501	8.0
32191.125984643066	1500.0	20.532365008227437	0.0	675709	2465.8201478539117	1.5
32192.2749534172	600.0	23.383396234090835	0.0	302752	1148.9687741365994	0.6
32193.203668412236	600.0	26.454681239056082	0.0	240372	928.7149950347567	0.6
32205.510104385692	8000.0	18.148245265599513	0.0	3568902	12306.435973456564	8.0
32205.92743628343	200.0	21.730913367864808	0.0	99865	417.33189773470986	0.2
32207.17056166608	600.0	24.48778798521444	0.0	344336	1243.1253826503682	0.6
32221.40963697094	8000.0	14.24871268035182	0.0	3707853	14239.07530486262	8.0
32221.809123847164	200.0	17.849225804129283	0.0	87791	399.48687622253556	0.2
32224.367559001603	1500.0	19.290790649691765	0.0	681043	2558.43515443752	1.5
32224.740159647554	200.0	22.918190003738072	0.0	80403	372.6006459536915	0.2
32225.94780191658	600.0	25.710547734712005	0.0	309862	1207.6422690260656	0.6
32227.06171721477	600.0	28.596632436527045	0.0	284107	1113.9152981849613	0.6
32244.505585699968	12000.0	15.15276395132488	0.0	4828747	17443.868485202165	12.0
32244.933627360395	200.0	18.724722290895873	0.0	101713	428.0416604290083	0.2
32247.63835072916	1500.0	20.01999892213264	0.0	767059	2704.723368763233	1.5
32248.050224379152	200.0	23.608125272140125	0.0	96988	411.8736499925148	0.2
32249.12347375317	600.0	26.534875898122827	0.0	290170	1073.2493740172972	0.6
32250.19016095899	600.0	29.4681886923034	0.0	288236	1066.6872058194267	0.6
32256.263663740334	4000.0	27.394685910959797	0.0	1750852	6073.502781343604	4.0
32276.91010963767	12000.0	10.74824001362253	0.0	5646381	20646.445897337268	12.0

