21908.783791387123	600.0	4.0	0.5100288228320335	247108	510.0288228320336	-9.600576456640672
21909.40278400195	600.0	7.381007385170925	0.0	309722	618.9926148290751	0.6
21910.60323646603	1500.0	10.1805549210907	0.0	643847	1200.4524640802254	1.5
21911.933518277194	1500.0	12.850273109929194	0.0	718451	1330.2818111615059	1.5
21913.27397182893	1500.0	15.509819558194929	0.0	724296	1340.4535517342645	1.5
21916.59778253362	4000.0	16.18600885350388	0.0	1863995	3323.810704691052	4.0
21920.279441941308	4000.0	16.50434944581807	0.0	2046450	3681.6594076858073	4.0
21924.044751644135	4000.0	16.739039742989572	0.0	2058614	3765.3097028285	4.0
21927.449364963148	4000.0	17.334426423977757	0.0	1857129	3404.6133190118153	4.0
21931.86559935557	4000.0	16.918192031556213	0.0	2373154	4416.234392421541	4.0
21935.817446312736	4000.0	16.966345074391572	0.0	2094766	3951.8469571646415	4.0
21939.153745005035	4000.0	17.630046382094545	0.0	1761739	3336.298692297029	4.0
21942.529438073478	4000.0	18.25435331364942	0.0	2131310	3375.6930684451236	4.0
21945.3893448998	4000.0	19.394446487329784	0.0	1805063	2859.90682631964	4.0
21948.7918967806	4000.0	19.99189460653049	0.0	2157416	3402.5518807992917	4.0
21953.69476890092	4000.0	19.08902248620983	0.0	2231719	4902.8721203206605	4.0
21958.02432880949	4000.0	18.75946257764237	0.0	1835863	4329.559908567461	4.0
21962.25190901739	4000.0	18.531882369742792	0.0	2192675	4227.58020789958	4.0
21965.861964106803	4000.0	18.921827280328433	0.0	2082556	3610.055089414357	4.0
21969.610769937804	4000.0	19.173021449325805	0.0	2164412	3748.8058310026277	4.0
21974.78236570401	4000.0	18.001425683118867	0.0	2379358	5171.595766206937	4.0
21979.097688426904	4000.0	17.686102960225014	0.0	1950922	4315.322722893855	4.0
21982.705821787677	4000.0	18.077969599453418	0.0	1849252	3608.133360771591	4.0
21986.116400198105	4000.0	18.667391189025352	0.0	1822097	3410.578410428067	4.0
21989.55392159004	4000.0	19.229869797093166	0.0	1836837	3437.521391932186	4.0
21993.60126240481	4000.0	19.182528982321664	0.0	1984579	4047.3408147715013	4.0
21997.903486328254	4000.0	18.880305058876687	0.0	2068230	4302.223923444976	4.0
22001.824968671168	4000.0	18.958822715961798	0.0	2055338	3921.4823429148896	4.0
22005.384978313596	4000.0	19.39881307353512	0.0	2165436	3560.0096424266776	4.0
22008.683298924283	4000.0	20.100492462848095	0.0	2002600	3298.320610687023	4.0
22012.590819648227	4000.0	20.192971738903044	0.0	2290706	3907.5207239450506	4.0
22016.07043857945	4000.0	20.713352807685304	0.0	1947068	3479.61893121774	4.0
22020.592370113653	4000.0	20.19142127347969	0.0	2544033	4521.931534205616	4.0
22024.475292074978	4000.0	20.308499312154375	0.0	2125133	3882.9219613253167	4.0
22027.835050832895	4000.0	20.94874055423722	0.0	1828568	3359.7587579171573	4.0
22031.11813765538	4000.0	21.66565373174969	0.0	1785821	3283.086822487529	4.0
22034.654620813206	4000.0	22.129170573923368	0.0	2096494	3536.483157826319	4.0
22037.955619083532	4000.0	22.828172303599672	0.0	1955307	3300.998270323697	4.0
22041.595974521282	4000.0	23.18781686584904	0.0	2142800	3640.3554377506334	4.0
22045.739354533165	4000.0	23.04443685396723	0.0	2094647	4143.380011881813	4.0
22051.911872420762	8000.0	20.871918966372697	0.0	3189942	6172.517887594532	8.0
22054.794767731768	4000.0	21.989023655367912	0.0	1830641	2882.895311004785	4.0
22057.473091176744	4000.0	23.310700210391836	0.0	1697030	2678.3234449760766	4.0
22060.478560267653	4000.0	24.305231119482745	0.0	1910697	3005.469090909091	4.0
22065.16368280999	4000.0	23.620108577144865	0.0	2171279	4685.122542337879	4.0
22070.365051638433	4000.0	22.418739748702816	0.0	2042818	5201.368828442049	4.0
22073.81145282169	4000.0	22.972338565442527	0.0	1750852	3446.401183260292	4.0
22077.12912796192	4000.0	23.654663425210995	0.0	2034636	3317.6751402315313	4.0

