1274.3243773431127	600.0	4.0	0.6800315668062891	247108	680.0315668062891	-13.000631336125782
1274.6438407074056	200.0	7.680536635706914	0.0	98617	319.46336429308565	0.2
1275.4242522899954	600.0	10.900125053117224	0.0	288447	780.4115825896922	0.6
1277.2488064088566	1500.0	13.075570934256055	0.0	718451	1824.554118861167	1.5
1287.2567219951698	8000.0	7.067655347942875	0.0	4143114	10007.91558631318	8.0
1288.10846680999	600.0	10.215910533122662	0.0	330929	851.7448148202132	0.6
1289.9092976047837	1500.0	12.415079738328975	0.0	737903	1800.830794793686	1.5
1294.5973325620369	4000.0	11.727044781075897	0.0	2058614	4688.034957253079	4.0
1297.3575349703713	4000.0	12.966842372741436	0.0	1857129	2760.202408334461	4.0
1300.8624629458368	4000.0	13.461914397275779	0.0	2373154	3504.9279754656563	4.0
1307.7027124460453	8000.0	10.621664897067141	0.0	4206014	6840.249500208637	8.0
1309.155034319029	1500.0	13.169343024083457	0.0	744416	1452.3218729836854	1.5
1316.6073732939492	8000.0	9.717004049163075	0.0	4206019	7452.338974920382	8.0
1317.8380930601165	1500.0	12.486284282995738	0.0	748011	1230.7197661673365	1.5
1321.2370031229975	4000.0	13.08737422011475	0.0	2157416	3398.9100628809883	4.0
1335.2408695548631	8000.0	4.0	0.9164922117509013	4454226	14003.866431865652	-10.329844235018026
1335.4741627331198	200.0	7.7667068217434405	0.0	89871	233.29317825655895	0.2
1336.0621874231615	600.0	11.178682131701546	0.0	297839	588.0246900418963	0.6
1339.6944081410488	4000.0	11.54646141381406	0.0	2082556	3632.2207178874874	4.0
1343.4662508326473	4000.0	11.77461872221571	0.0	2164412	3771.84269159835	4.0
1347.6756916849372	4000.0	11.565177869925963	0.0	2379358	4209.4408522897465	4.0
1351.1869399811162	4000.0	12.053929573746919	0.0	1950922	3511.2482961790442	4.0
1354.5193728175934	4000.0	12.721496737269762	0.0	1849252	3332.432836477158	4.0
1357.939469632458	4000.0	13.30139992240518	0.0	1822097	3420.0968148645807	4.0
1367.0468578616883	8000.0	8.19401169317475	0.0	4925863	9107.388229230432	8.0
1367.4975298298793	600.0	11.743339724983892	0.0	221407	450.6719681908549	0.6
1371.040089210438	4000.0	12.20078034442514	0.0	2068230	3542.559380558753	4.0
1374.5610652489438	4000.0	12.679804305919333	0.0	2055338	3520.9760385058075	4.0
1379.5659474788517	4000.0	11.67492207601154	0.0	2165436	5004.882229907793	4.0
1384.8913596094894	4000.0	10.349509945373907	0.0	2002600	5325.4121306376355	4.0
1386.58764896231	1500.0	12.653220592553343	0.0	757473	1696.2893528205634	1.5
1389.5107844062604	4000.0	13.730085148602733	0.0	1947068	2923.1354439506085	4.0
1395.0138400860355	8000.0	12.227029468827604	0.0	3713878	5503.055679775128	8.0
1398.3450149154205	4000.0	12.895854639442536	0.0	2125133	3331.1748293850687	4.0
1401.310784662126	4000.0	13.930084892736941	0.0	1828568	2965.7697467055946	4.0
1408.5308186031286	8000.0	10.710050951734473	0.0	4086583	7220.033941002467	8.0
1410.249886607521	1500.0	12.99098294734224	0.0	681043	1719.0680043922323	1.5
1415.0357291790826	4000.0	12.20514037578044	0.0	1955307	4785.8425715618	4.0
1419.2949831923568	4000.0	11.945886362506235	0.0	2142800	4259.254013274205	4.0
1423.011168026737	4000.0	12.229701528125911	0.0	2094647	3716.184834380323	4.0
1426.537765472733	4000.0	12.703104082129968	0.0	1985434	3526.5974459959425	4.0
1429.689911654508	4000.0	13.550957900355133	0.0	1830641	3152.1461817748345	4.0
1436.008513713006	8000.0	11.232355841857045	0.0	3735285	6318.602058498089	8.0
1439.5105258767992	4000.0	11.73034367806398	0.0	1910697	3502.0121637930647	4.0
1443.6126232672175	4000.0	11.628246287645569	0.0	2171279	4102.097390418413	4.0
1447.4571044213378	4000.0	11.78376513352537	0.0	2042818	3844.4811541201993	4.0
1450.3621699208788	4000.0	12.878699633984219	0.0	1750852	2905.0654995411505	4.0
1453.7251315691076	4000.0	13.51573798575558	0.0	2034636	3362.9616482286383	4.0

