11032.509450270736	600.0	4.0	0.8617090434576299	247108	861.7090434576298	-16.634180869152598
11033.569234366589	600.0	6.940215904148048	0.0	309722	1059.7840958519514	0.6
11034.561716473432	600.0	9.947733797303176	0.0	288447	992.4821068448733	0.6
11035.526502744142	600.0	12.982947526592591	0.0	279692	964.7862707105857	0.6
11036.613580920424	600.0	15.895869350310411	0.0	318350	1087.078176282178	0.6
11037.740451891992	600.0	18.768998378741745	0.0	330929	1126.8709715686662	0.6
11040.1547569258	1500.0	20.354693344932578	0.0	737903	2414.305033809166	1.5
11048.258894462475	4000.0	16.250555808256948	0.0	2058614	8104.137536675628	4.0
11056.135461565158	4000.0	12.373988705575885	0.0	1857129	7876.567102681064	4.0
11066.201099240045	4000.0	6.3083510306887005	0.0	2373154	10065.637674887184	4.0
11069.583061791682	1500.0	6.926388479049663	0.0	769316	3381.9625516390365	1.5
11072.79995768391	1500.0	7.709492586823081	0.0	744416	3216.895892226582	1.5
11074.876801436483	1500.0	9.632648834249158	0.0	606092	2076.843752573923	1.5
11077.421214582024	1500.0	11.08823568870925	0.0	748011	2544.4131455399065	1.5
11079.987062535241	1500.0	12.522387735492876	0.0	754517	2565.847953216374	1.5
11083.211670838215	1500.0	13.29777943252008	0.0	934743	3224.6083029727947	1.5
11086.434385463439	1500.0	14.075064807296442	0.0	735572	3222.7146252236375	1.5
11089.815369735383	1500.0	14.694080535353267	0.0	772616	3380.9842719431763	1.5
11093.088602131442	1500.0	15.420848139294627	0.0	747396	3273.2323960586396	1.5
11096.045312244605	1500.0	16.46413802613102	0.0	662349	2956.7101131636036	1.5
11099.756667412712	1500.0	16.752782858025	0.0	835711	3711.355168106024	1.5
11103.340633519929	1500.0	17.16881675080649	0.0	806394	3583.9661072185113	1.5
11110.87654203312	4000.0	13.632908237615261	0.0	1849252	7535.908513191224	4.0
11118.264448315666	4000.0	10.24500195507157	0.0	1822097	7387.906282543691	4.0
11125.914549796888	4000.0	6.594900473850344	0.0	1836837	7650.101481221226	4.0
11128.854164552575	1500.0	7.655285718161755	0.0	644861	2939.6147556885894	1.5
11132.455193348895	1500.0	8.054256921842363	0.0	794014	3601.0287963193923	1.5
11136.466005178614	1500.0	8.043445092121992	0.0	914284	4010.81182972037	1.5
11139.405392642248	1500.0	9.104057628488034	0.0	675709	2939.387463633959	1.5
11142.479423850924	1500.0	10.03002641981308	0.0	707527	3074.031208674954	1.5
11145.91969305404	1500.0	10.589757216695991	0.0	757473	3440.269203117089	1.5
11149.298814124042	1500.0	11.210636146694254	0.0	712239	3379.1210700017373	1.5
11152.314139235501	1500.0	12.19531103523574	0.0	633700	3015.3251114585146	1.5
11155.756754813876	1500.0	12.752695456859543	0.0	755142	3442.6155783761965	1.5
11158.66625804564	1500.0	13.843192225095923	0.0	670327	2909.5032317636196	1.5
11162.061995811107	1500.0	14.447454459629625	0.0	785519	3395.7377654662973	1.5
11164.881086903026	1500.0	15.628363367710469	0.0	681043	2819.091091919158	1.5
11167.404870734465	1500.0	17.104579536272578	0.0	866245	2523.783831437892	1.5
11169.434989045316	1500.0	19.07446122542007	0.0	691256	2030.118310852508	1.5
11171.562687185138	1500.0	20.946763085598153	0.0	725845	2127.698139821917	1.5
11173.930654742222	1500.0	22.578795528514487	0.0	811013	2367.9675570836644	1.5
11175.963747511647	1500.0	24.545702759089984	0.0	657685	2033.0927694245	1.5
11181.37612771589	4000.0	23.133322554848036	0.0	1697030	5412.380204241948	4.0
11187.292596221909	4000.0	21.21685404882819	0.0	1910697	5916.468506019845	4.0
11193.69720872168	4000.0	18.81224154905576	0.0	2171279	6404.612499772434	4.0
11199.221248549304	4000.0	17.28820172143356	0.0	2042818	5524.039827622202	4.0
11203.814262581169	4000.0	16.695187689567852	0.0	1750852	4593.014031865707	4.0
11217.47098755448	8000.0	7.038462716257509	0.0	4346302	13656.724973310342	8.0

