21305.56282599351	600.0	4.0	0.8301476112776534	247108	830.1476112776534	0.06283822	-16.002952225553067
21305.942198360983	200.0	7.620627632527606	0.0	98617	379.37236747239405	0.004705182	0.2
21306.345428353776	200.0	11.21739763973741	0.0	106476	403.2299927901947	0.004705182	0.2
21306.775232930104	200.0	14.78759306340834	0.0	115230	429.80457632907076	0.004705182	0.2
21307.151694054075	200.0	18.411131939437634	0.0	97658	376.46112397070544	0.004705182	0.2
21307.528155178043	200.0	22.034670815466928	0.0	97658	376.46112397070544	0.004705182	0.2
21307.959665821993	200.0	25.603160171517473	0.0	115792	431.51064394945547	0.004705182	0.2
21308.36653259238	200.0	29.1962934011308	0.0	107674	406.8667703866733	0.004705182	0.2
21311.15275351599	1500.0	30.41007247751679	0.0	891463	2786.22092361401	0.0066976096	1.5
21325.207743265968	12000.0	20.3550827275414	0.0	5088378	14054.989749975386	0.007008883	12.0
21325.53901788556	200.0	24.023808107951126	0.0	95365	331.2746195902773	0.004705182	0.2
21327.554822631744	1500.0	26.00800336176498	0.0	744416	2015.8047461861443	0.20260505	1.5
21327.901018863064	200.0	29.661807130445943	0.0	102419	346.1962313190383	0.004705182	0.2
21329.925167011213	1500.0	31.637658982297793	0.0	748011	2024.1481481481483	0.004705182	1.5
21331.966224840973	1500.0	33.596601152538206	0.0	754517	2041.0578297595841	0.004705182	1.5
21334.475706322453	1500.0	35.087119671056726	0.0	934743	2509.4814814814813	0.004705182	1.5
21336.46182763835	1500.0	37.10099835515862	0.0	735572	1986.1213158980986	0.004705182	1.5
21346.971343570323	12000.0	30.59148242318586	0.0	4055239	10509.515931972766	0.004705182	12.0
21349.09149302012	1500.0	32.47133297338632	0.0	747396	2120.149449799539	0.004705182	1.5
21350.979491655282	1500.0	34.583334338224674	0.0	662349	1887.998635161648	0.004705182	1.5
21361.30402191904	8000.0	28.25880407446382	0.0	3690869	10324.530263760855	0.040962756	8.0
21363.66430610836	1500.0	29.898519885145664	0.0	806394	2360.2841893181576	0.004705182	1.5
21366.03288410136	1500.0	31.529941892144354	0.0	809327	2368.5779930013077	0.004705182	1.5
21376.991441233116	8000.0	24.571384760387332	0.0	4032749	10958.557131757021	0.12013571	8.0
21379.225721819417	1500.0	26.337104174087603	0.0	855209	2234.280586299731	0.004705182	1.5
21380.93013355171	1500.0	28.632692441795463	0.0	644861	1704.4117322921422	0.004705182	1.5
21391.676063206327	8000.0	21.886762787178732	0.0	4274504	10745.929654616726	0.0111354515	8.0
21394.01125760709	1500.0	23.551568386414083	0.0	914284	2335.1944007646534	0.004705182	1.5
21395.757977306166	1500.0	25.80484868734215	0.0	675709	1746.7196990719328	0.072241284	1.5
21407.612742068843	8000.0	17.950083924663854	0.0	4435580	11854.764762678296	0.007327026	8.0
21409.513153027747	1500.0	20.049672965759747	0.0	757473	1900.4109589041095	0.004705182	1.5
21411.304854541806	1500.0	22.257971451700627	0.0	712239	1791.7015140591204	0.16235784	1.5
21420.52726844304	8000.0	17.035557550468255	0.0	3713878	9222.41390123237	0.004716386	8.0
21422.556116290514	1500.0	19.006709702991763	0.0	755142	2028.8478474764909	0.004705182	1.5
21432.32266994927	8000.0	13.240156044235633	0.0	3707853	9766.553658756131	0.8310526	8.0
21434.480865626963	1500.0	15.081960366539981	0.0	785519	2158.195677695653	0.004705182	1.5
21436.36265605969	1500.0	17.20016993381349	0.0	681043	1881.7904327264912	0.0072336528	1.5
21441.553909326663	4000.0	16.00891666683772	0.0	1955307	5191.253266975767	0.6881086	4.0
21447.211847990944	4000.0	14.350978002557236	0.0	2142800	5657.938664280486	0.8559983	4.0
21449.153746287782	1500.0	16.409079705721734	0.0	725845	1941.8982968355	0.49929664	1.5
21457.354263057336	8000.0	12.208562936167862	0.0	3189942	8200.516769553873	0.08444741	8.0
21459.275904475628	1500.0	14.286921517875129	0.0	657685	1921.6414182927326	0.45190218	1.5
21470.135773144837	8000.0	7.427052848667325	0.0	3735285	10859.868669207804	0.6364304	8.0
21472.4010079577	1500.0	9.161818035808984	0.0	848035	2265.23481285834	0.005337684	1.5
21474.102957323157	1500.0	11.459868670351275	0.0	629438	1701.9493654577082	0.66470486	1.5
21479.498082837494	4000.0	10.064743156016174	0.0	2042818	5395.1255143351	0.012897071	4.0
21484.312834553002	4000.0	9.249991440503887	0.0	1750852	4814.751715512288	0.010881547	4.0
21489.81670954776	4000.0	7.7461164457505305	0.0	2034636	5503.874994753357	0.1126015	4.0

