25510.773843130424	600.0	4.0	0.9738614577681318	247108	973.8614577681318	-18.877229155362635
25511.974197624906	600.0	6.799645505516368	0.0	309722	1200.3544944836317	0.6
25514.38317935759	1500.0	8.390663772834147	0.0	643847	2408.9817326822213	1.5
25514.87999975911	200.0	11.893843371314885	0.0	115230	496.8204015192621	0.2
25515.31325712934	200.0	15.460586001085186	0.0	97658	433.2573702296979	0.2
25515.746514499566	200.0	19.02732863085549	0.0	97658	433.2573702296979	0.2
25517.01276156052	600.0	21.761081569904142	0.0	327938	1266.2470609513475	0.6
25517.48224971389	200.0	25.29159341653102	0.0	107674	469.48815337312357	0.2
25517.90699559922	200.0	28.86684753119913	0.0	95305	424.7458853318864	0.2
25533.209713769887	12000.0	17.56412936053476	0.0	5088378	15302.718170664373	12.0
25533.568172051513	200.0	21.205671078908363	0.0	95365	358.45828162639606	0.2
25533.92656317495	200.0	24.847279955468696	0.0	95342	358.3911234396671	0.2
25534.305618580456	200.0	28.468224549964646	0.0	102419	379.0554055040514	0.2
25539.656260233132	4000.0	27.117582897289267	0.0	1805063	5350.641652675378	4.0
25542.086726452777	1500.0	28.68711667764695	0.0	754517	2430.4662196423155	1.5
25542.48552054993	200.0	32.2883225804907	0.0	94377	398.7940971562481	0.2
25545.050193845687	1500.0	33.72364928473627	0.0	735572	2564.6732957544286	1.5
25559.475802308265	12000.0	23.29804082215646	0.0	4055239	14425.608462579812	12.0
25559.88912128267	200.0	26.884721847750484	0.0	90919	413.3189744059758	0.2
25562.212677477437	1500.0	28.561165652984798	0.0	662349	2323.5561947656865	1.5
25563.131036731374	600.0	31.64280639905003	0.0	280646	918.359253934766	0.6
25564.139595944234	600.0	34.634247186189924	0.0	310841	1008.5592128601036	0.6
25564.52033715519	200.0	38.25350597523419	0.0	100675	380.7412109557327	0.2
25566.637028031015	1500.0	40.13681509941036	0.0	681795	2116.6908758238274	1.5
25567.75342092883	600.0	43.02042220159292	0.0	346939	1116.392897817442	0.6
25569.759780780216	1500.0	45.01406235020851	0.0	644861	2006.3598513844029	1.5
25586.291801149404	12000.0	32.482041981018696	0.0	5138482	16532.02036918982	12.0
25598.083595508488	8000.0	24.69024762193951	0.0	3354913	11791.794359079184	8.0
25601.10122124552	1500.0	25.6726218849072	0.0	675709	3017.6257370323074	1.5
25601.603286838	200.0	29.17055629242833	0.0	97083	502.065592478874	0.2
25602.09187092082	200.0	32.68197220960899	0.0	93982	488.5840828193354	0.2
25612.845002242953	8000.0	25.928840887474458	0.0	3568902	10753.131322134535	8.0
25613.806582608962	600.0	28.967260521465093	0.0	310713	961.580366009363	0.6
25614.140298029586	200.0	32.633545100838056	0.0	89422	333.7154206270393	0.2
25615.02736569876	600.0	35.74647743166513	0.0	284451	887.0676691729324	0.6
25615.35645351263	200.0	39.41738961779082	0.0	87791	329.0878138743084	0.2
25616.244928473618	600.0	42.528914656803444	0.0	284947	888.4749609873742	0.6
25618.782709719184	1500.0	43.991133411236696	0.0	866245	2537.781245566747	1.5
25635.389725454774	12000.0	31.384117675647097	0.0	5257310	16607.0157355896	12.0
25637.648050097458	1500.0	33.125793032964125	0.0	725845	2258.3246426829724	1.5
25653.69419433557	12000.0	21.07964879485237	0.0	4828747	16046.144238111754	12.0
25655.6478073261	1500.0	23.12603580432463	0.0	657685	1953.6129905277403	1.5
25657.913004961596	1500.0	24.860838168828586	0.0	767059	2265.1976354960475	1.5
25658.26930437047	200.0	28.50453875995457	0.0	96988	356.2994088740118	0.2
25660.142447309005	1500.0	30.63139582141743	0.0	629438	1873.1429385371414	1.5
25661.043574009385	600.0	33.73026912103997	0.0	288236	901.1267003774659	0.6
25673.515188871155	8000.0	25.258654259270283	0.0	4201994	12471.614861769684	8.0
25692.398876294836	12000.0	10.37496683559175	0.0	5646381	18883.687423678533	12.0

