19150.491426284807	600.0	4.0	0.8160840020106865	247108	816.0840020106865	-15.721680040213732
19152.753110420865	1500.0	5.738315863943551	0.0	732405	2261.6841360564486	1.5
19154.750998455416	1500.0	7.740427829389533	0.0	643847	1997.8880345540185	1.5
19156.971116490156	1500.0	9.52030979464934	0.0	718451	2220.1180347401937	1.5
19159.20864557995	1500.0	11.282780704857299	0.0	724296	2237.529089792043	1.5
19161.206652059584	1500.0	13.284774225221296	0.0	689829	1998.006479636002	1.5
19163.231540948473	1500.0	15.259885336332406	0.0	737903	2024.888888888889	1.5
19165.36818339967	1500.0	17.123242885133987	0.0	780303	2136.6424511984187	1.5
19167.797809954318	1500.0	18.693616330484453	0.0	891463	2429.626554649535	1.5
19169.889092056288	1500.0	20.602334228515915	0.0	763093	2091.282101968536	1.5
19172.07627393822	1500.0	22.41515234658414	0.0	769316	2187.181881931776	1.5
19174.22654022481	1500.0	24.264886059995806	0.0	744416	2150.2662865883335	1.5
19175.992119033126	1500.0	26.499307251680435	0.0	606092	1765.5788083153725	1.5
19178.152383233915	1500.0	28.339043050887835	0.0	748011	2160.2642007926024	1.5
19180.33074101741	1500.0	30.16068526739343	0.0	754517	2178.357783494403	1.5
19183.136368349536	1500.0	31.355057935266537	0.0	934743	2805.627332126891	1.5
19185.38751820103	1500.0	33.103908083771344	0.0	735572	2251.1498514951945	1.5
19187.748008912564	1500.0	34.74341737223962	0.0	772616	2360.4907115317214	1.5
19190.03405905369	1500.0	36.457367231113935	0.0	747396	2286.050141125685	1.5
19192.027429541788	1500.0	38.46399674301298	0.0	662349	1993.3704881009623	1.5
19194.444714933947	1500.0	40.0467113508544	0.0	835711	2417.285392158577	1.5
19196.780007632646	1500.0	41.71141865215314	0.0	806394	2335.2926987012534	1.5
19199.123503236482	1500.0	43.36792304831459	0.0	809327	2343.4956038385567	1.5
19201.110322093657	1500.0	45.381104191141766	0.0	681795	1986.8188571728224	1.5
19204.19238051625	1500.0	46.2990457685489	0.0	855209	3082.05842259286	1.5
19206.65309442289	1500.0	47.83833186190592	0.0	644861	2460.7139066429777	1.5
19209.66445509111	1500.0	48.82697119368561	0.0	794014	3011.3606682203094	1.5
19213.000857889267	1500.0	49.49056839553102	0.0	914284	3336.4027981545873	1.5
19215.32905269473	1500.0	51.16237359006615	0.0	675709	2328.1948054648674	1.5
19217.763111211232	1500.0	52.7283150735655	0.0	707527	2434.0585165006555	1.5
19220.363348271683	1500.0	54.12807801311508	0.0	757473	2600.237060450415	1.5
19222.711960686684	1500.0	55.779465598113056	0.0	712239	2348.6124150020287	1.5
19224.531341733826	1500.0	57.960084550971075	0.0	633700	1819.381047141975	1.5
19226.684057029233	1500.0	59.80736925556176	0.0	755142	2152.715295409319	1.5
19230.603971940367	1500.0	59.887454344424725	0.0	670327	1919.9149111370343	1.5
19234.92268148866	1500.0	59.56874479613222	0.0	785519	2318.7095482925006	1.5
19238.914413594364	1500.0	59.57701269042641	0.0	681043	2491.732105705812	1.5
19242.561989177564	1500.0	59.92943710722956	0.0	866245	3147.575583196848	1.5
19246.96921856712	1500.0	59.522207717674334	0.0	691256	2407.2293895552316	1.5
19250.98442930312	1500.0	59.50699698167098	0.0	725845	2515.210736003355	1.5
19254.64202375244	1500.0	59.84940253235102	0.0	811013	2657.5944493199545	1.5
19258.547468709592	1500.0	59.94395757519875	0.0	657685	1905.4449571522744	1.5
19262.756487895662	1500.0	59.73493838913207	0.0	767059	2209.019186066683	1.5
19266.848520211595	1500.0	59.642906073197175	0.0	848035	2592.0323159348923	1.5
19270.81415896162	1500.0	59.67726732317377	0.0	629438	1965.6387500234043	1.5
19274.50956460487	1500.0	59.8089728409704	0.0	763847	2368.294482203374	1.5
19278.429732250417	1500.0	59.888805195420986	0.0	769491	2420.16764554941	1.5
19282.46894724348	1500.0	59.8495902023587	0.0	808636	2539.2149930622877	1.5

