32762.98061911432	600.0	4.0	0.9847432494279177	247108	984.7432494279177	0.0154663585	-19.094864988558353
32763.42168822187	200.0	7.558930892448513	0.0	98617	441.0691075514875	0.004705182	0.2
32763.891531700134	200.0	11.089087414187643	0.0	106476	469.8434782608696	0.004705182	0.2
32764.393426436975	200.0	14.587192677345538	0.0	115230	501.89473684210526	0.004705182	0.2
32764.83098433171	200.0	18.149634782608697	0.0	97658	437.5578947368421	0.004705182	0.2
32765.268542226448	200.0	21.712076887871856	0.0	97658	437.5578947368421	0.004705182	0.2
32765.772494629193	200.0	25.20812448512586	0.0	115792	503.9524027459954	0.004705182	0.2
32766.246724377477	200.0	28.733894736842107	0.0	107674	474.2297482837529	0.004705182	0.2
32766.67566716924	200.0	32.30495194508009	0.0	95305	428.9427917620137	0.004705182	0.2
32767.141662592578	200.0	35.838956521739135	0.0	105425	465.9954233409611	0.005241525	0.2
32767.570825063973	200.0	39.40979405034325	0.0	95365	429.162471395881	0.004705182	0.2
32767.999903324842	200.0	42.98071578947369	0.0	95342	429.0782608695652	0.004705182	0.2
32768.45489279853	200.0	46.52572631578948	0.0	102419	454.98947368421057	0.0047121444	0.2
32768.83097334773	200.0	50.149645766590396	0.0	80867	376.08054919908466	0.004705182	0.2
32769.213948176104	200.0	53.76667093821511	0.0	82750	382.97482837528605	0.0050602844	0.2
32769.639493256196	200.0	57.341125858123576	0.0	94377	425.54508009153324	0.47230333	0.2
32771.04854039578	200.0	59.93207871853547	0.0	89871	409.0471395881007	0.0065166084	0.2
32785.43440802371	12000.0	49.54621109060361	0.0	4055239	14385.867627931862	0.004705182	12.0
32785.83637340816	200.0	53.14424570615848	0.0	90919	401.965384445133	0.017865265	0.2
32788.26190569978	1500.0	54.71871341453792	0.0	662349	2425.532291620557	0.22511749	1.5
32805.02040609264	12000.0	41.96021302168	0.0	5251330	16758.500392857928	0.03538269	12.0
32805.452003925326	200.0	45.52861518899491	0.0	97742	431.5978326850874	0.0090630725	0.2
32825.350509768265	12000.0	29.63010934605751	0.0	5141915	19898.5058429374	0.39142686	12.0
32825.755936584515	200.0	33.22468252980552	0.0	85752	405.42681625198645	0.004705182	0.2
32826.19477437299	200.0	36.78584474132801	0.0	94556	438.8377884775029	0.004705182	0.2
32838.55160740412	8000.0	28.429011710193677	0.0	3253093	12356.833031134336	0.004705182	8.0
32838.96235704787	200.0	32.018262066443825	0.0	88490	410.74964374985404	0.057498977	0.2
32851.90898715494	8000.0	23.07163195938082	0.0	3354913	12946.630107063003	0.004705182	8.0
32852.35594125786	200.0	26.624677856460092	0.0	93993	446.95410292072324	0.0052352394	0.2
32852.814958899326	200.0	30.165660214999	0.0	97083	459.0176414610936	0.016707173	0.2
32853.261870057606	200.0	33.71874905671386	0.0	93982	446.9111582851426	0.004705182	0.2
32865.9940230982	8000.0	24.98659601612202	0.0	3568902	12732.153040591837	0.14853603	8.0
32868.214585092835	1500.0	26.766034021484405	0.0	633700	2220.5619946376173	0.116224155	1.5
32868.596641798984	200.0	30.383977315338775	0.0	89422	382.0567061456288	0.00737384	0.2
32869.042212766115	200.0	33.93840634820976	0.0	108225	445.57096712901387	0.0556426	0.2
32869.41876015142	200.0	37.561858962899315	0.0	87791	376.5473853104482	0.15085837	0.2
32869.843601074426	200.0	41.137018039893846	0.0	102088	424.84092300546797	0.26513278	0.2
32870.19519268884	200.0	44.78542642547875	0.0	80403	351.5916144150992	0.11937743	0.2
32889.71581581849	12000.0	29.2648032958274	0.0	5257310	19520.62312965135	0.06840601	12.0
32890.166895288996	200.0	32.81372382532747	0.0	101968	451.0794704999318	0.055238605	0.2
32901.995032273124	8000.0	24.98558684119639	0.0	3189942	11828.136984131082	0.3800117	8.0
32908.59908294802	4000.0	22.381536166299533	0.0	1830641	6604.0506748968555	0.012200964	4.0
32914.48598215459	4000.0	20.494636959729675	0.0	1697030	5886.8992065698585	0.004705182	4.0
32921.106278945765	4000.0	17.874340168555	0.0	1910697	6620.296791174675	0.011962815	4.0
32923.34096615159	1500.0	19.639652962735575	0.0	629438	2234.6872058194267	0.37608135	1.5
32931.19724014722	4000.0	15.78337896709726	0.0	2042818	7856.273995638314	0.2108954	4.0
32937.86077711524	4000.0	13.119841999087582	0.0	1750852	6663.53696800968	0.004705182	4.0
32944.758833956505	4000.0	10.221785157820067	0.0	2034636	6898.056841267515	0.14590357	4.0

