6057.283060853935	600.0	4.0	0.9197536213414893	247108	919.7536213414893	-17.795072426829783
6057.698193601057	200.0	7.584867252877957	0.0	98617	415.13274712204236	0.2
6058.758430634318	600.0	10.524630219616839	0.0	288447	1060.237033261119	0.6
6059.78891532061	600.0	13.494145533324838	0.0	279692	1030.4846862920012	0.6
6062.330309483985	1500.0	14.952751369950299	0.0	724296	2541.394163374538	1.5
6064.75457353394	1500.0	16.528487319994902	0.0	689829	2424.2640499553972	1.5
6067.442066800178	1500.0	17.840994053756862	0.0	737903	2687.493266238042	1.5
6070.80591119377	1500.0	18.477149660164184	0.0	780303	3363.8443935926775	1.5
6074.637563788526	1500.0	18.64549706540893	0.0	891463	3831.652594755254	1.5
6077.586543056961	1500.0	19.696517796973943	0.0	763093	2948.9792684349886	1.5
6079.456170274176	1500.0	21.826890579759635	0.0	769316	1869.6272172143067	1.5
6081.267873676327	1500.0	24.01518717760785	0.0	744416	1811.7034021517884	1.5
6082.757799817647	1500.0	26.525261036287695	0.0	606092	1489.9261413201514	1.5
6087.036841399502	4000.0	26.246219454432502	0.0	1805063	4279.041581855191	4.0
6092.299074719981	4000.0	24.98398613395349	0.0	2157416	5262.233320479013	4.0
6097.821364277821	4000.0	23.461696576113454	0.0	2231719	5522.289557840039	4.0
6104.871562180151	4000.0	20.411498673783235	0.0	1835863	7050.197902330217	4.0
6107.883532963069	1500.0	21.399527890865546	0.0	772616	3011.970782917691	1.5
6110.752128910181	1500.0	22.530931943753636	0.0	747396	2868.5959471119095	1.5
6113.303407505428	1500.0	23.9796533485061	0.0	662349	2551.278595247534	1.5
6116.501513981188	1500.0	24.781546872746475	0.0	835711	3198.106475759625	1.5
6119.088009723085	1500.0	26.195051130849524	0.0	806394	2586.495741896951	1.5
6121.153844589973	1500.0	28.12921626396203	0.0	809327	2065.8348668874987	1.5
6125.704699699775	4000.0	27.578361154159552	0.0	1822097	4550.855109802478	4.0
6130.191067519807	4000.0	27.091993334128016	0.0	1836837	4486.367820031537	4.0
6134.886434603632	4000.0	26.39662625030412	0.0	1984579	4695.367083823893	4.0
6141.063753982166	4000.0	24.2193068717688	0.0	2068230	6177.319378535323	4.0
6149.796882365395	4000.0	19.486178488540936	0.0	2055338	8733.128383227864	4.0
6151.581039613861	1500.0	21.702021240073858	0.0	675709	1784.1572484670796	1.5
6153.445442760092	1500.0	23.8376180938435	0.0	707527	1864.4031462303558	1.5
6155.435811133857	1500.0	25.8472497200789	0.0	757473	1990.3683737646002	1.5
6160.527248629712	4000.0	24.755812224224538	0.0	1947068	5091.437495854364	4.0
6162.312720362735	1500.0	26.9703404912007	0.0	633700	1785.4717330238348	1.5
6168.112073779835	4000.0	25.170987074100907	0.0	2125133	5799.353417099797	4.0
6172.83189669378	4000.0	24.451164160155134	0.0	1828568	4719.8229139457735	4.0
6177.375681980683	4000.0	23.90737887325132	0.0	1785821	4543.785286903813	4.0
6182.652535724274	4000.0	22.630525129661073	0.0	2096494	5276.853743590245	4.0
6187.556955049763	4000.0	21.726105804171848	0.0	1955307	4904.419325489228	4.0
6189.342522924916	1500.0	23.940537929019563	0.0	691256	1785.5678751522819	1.5
6194.395364621913	4000.0	22.88769623202195	0.0	2094647	5052.841696997612	4.0
6199.183740913247	4000.0	22.099319940688154	0.0	1985434	4788.376291333798	4.0
6205.626521027251	4000.0	19.65653982668354	0.0	1830641	6442.780114004614	4.0
6212.016320421303	4000.0	17.266740432632012	0.0	1697030	6389.799394051527	4.0
6215.441213802295	1500.0	17.841847051638545	0.0	848035	3424.8933809934674	1.5
6218.003897889563	1500.0	19.279162964371196	0.0	629438	2562.684087267349	1.5
6220.919108183568	1500.0	20.363952670365922	0.0	763847	2915.210294005275	1.5
6223.522443156514	1500.0	21.760617697419537	0.0	769491	2603.3349729463844	1.5
6226.254143435248	1500.0	23.02891741868532	0.0	808636	2731.700278734219	1.5

