3003.041676900133	750	4.0	1.5978841476978987	450283	1597.8841476978987	-6.120901835100964
3003.6631122201443	300	7.378564679988611	0.0	155580	621.4353200113896	-0.15000000000000002
3004.206606145589	300	10.835070754543766	0.0	139857	543.4939254448466	0.3
3007.2705389892976	1850	11.771137910835249	0.0	933276	3063.9328437085173	0.30000000000000004
3010.689247042485	1850	12.352429857647968	0.0	996749	3418.708053187281	1.85
3013.484694539994	1850	13.556982360138981	0.0	801058	2795.447497508985	1.85
3016.6570799185142	1850	14.384596981618863	0.0	905515	3172.38537852012	1.85
3020.1962273894005	1850	14.84544951073234	0.0	1060487	3539.147470886523	1.85
3022.8684121137294	1850	16.173264786403404	0.0	852833	2672.1847243289367	1.85
3025.8133058774433	1850	17.228371022689352	0.0	913888	2944.893763714051	1.85
3028.5480991316053	1850	18.493577768527718	0.0	939819	2734.7932541616365	1.85
3031.2821230055783	1850	19.75955389455442	0.0	917428	2734.023873973298	1.85
3034.153052092535	1850	20.888624807597694	0.0	946851	2870.9290869567235	1.85
3037.3627176084324	1850	21.678959291700416	0.0	1036454	3209.6655158972785	1.85
3039.7632959376206	1850	23.278380962512294	0.0	821631	2400.5783291881185	1.85
3042.746967195321	1850	24.29470970481208	0.0	923170	2983.671257700215	1.85
3045.9580304411215	1850	25.083646459011206	0.0	966699	3211.0632458008768	1.85
3048.9923718967284	1850	26.04930500340444	0.0	885714	3034.341455606761	1.85
3052.180368413788	1850	26.86130848634469	0.0	987708	3187.996517059754	1.85
3055.4016666108137	1850	27.640010289319136	0.0	923755	3221.298197025552	1.85
3059.006152802221	1850	28.03552409791176	0.0	891604	3604.486191407373	1.85
3062.689363803677	1850	28.352313096455713	0.0	955231	3683.2110014560485	1.85
3066.4226988893056	1850	28.618978010827274	0.0	968026	3733.3350856284374	1.85
3070.543029299206	1850	28.49864760092694	0.0	874175	4120.330409900336	1.85
3076.1236311997495	1850	26.918045700383306	0.0	897976	5580.601900543634	1.85
3080.1998845832336	1850	26.841792316899436	0.0	905935	4076.2533834838723	1.85
3083.929088262392	1200	27.112588637741155	0.0	696376	3729.2036791582786	0.5499999999999999
3086.7139726606783	1200	28.327704239454626	0.0	487160	2784.88439828653	1.2
3089.89695444119	1200	29.144722458943303	0.0	622896	3182.981780511324	1.2
3094.2792359561226	1850	28.762440944010663	0.0	975811	4382.281514932639	1.2000000000000002
3098.454554396624	1850	28.587122503509093	0.0	873429	4175.31844050157	1.85
3105.841580132006	1850	25.20009676812695	0.0	954453	7387.025735382144	1.85
3109.0749257079287	1200	25.966751192204462	0.0	584349	3233.3455759224903	0.5499999999999999
3112.3482441232227	1200	26.693432776910694	0.0	670129	3273.3184152937692	1.2
3115.475589214671	1200	27.566087685462723	0.0	690253	3127.3450914479704	1.2
3118.131580300649	1200	28.910096599484298	0.0	598727	2655.991085978424	1.2
3121.761030754769	1850	29.280646145364933	0.0	728962	3629.4504541193674	1.2000000000000002
3132.0358247047807	1850	23.005852195353118	0.0	938587	10274.793950011815	1.85
3139.2246495915606	1200	19.817027308573373	0.0	605884	7188.8248867797465	0.5499999999999999
3142.7451192494696	750	20.296557650664436	0.0	390680	3520.4696579089336	0.3
3145.79206674682	750	21.249610153313895	0.0	345516	3046.9474973505394	0.75
3149.5349759146325	750	21.506700985501524	0.0	384505	3742.9091678123746	0.75
3153.3225580675726	750	21.71911883256122	0.0	372093	3787.5821529403047	0.75
3156.8734833824683	750	22.168193517665717	0.0	438281	3550.9253148955036	0.75
3161.152168304304	750	21.889508595830357	0.0	398987	4278.68492183536	0.75
3164.230153265474	750	22.811523634659515	0.0	393804	3077.98496117084	0.75
3167.1535696152982	750	23.888107284835684	0.0	331053	2923.416349823832	0.75
3170.5451979669688	750	24.49647893316535	0.0	314107	3391.628351670338	0.75

