11387.050937585638	600.0	4.0	0.7248433448045276	247108	724.8433448045276	0.05498379	-13.896866896090552
11387.388284640912	200.0	7.66265294472624	0.0	98617	337.3470552737593	0.004705182	0.2
11387.746140234342	200.0	11.304797351295809	0.0	106476	357.8555934304307	0.004705182	0.2
11388.126839922825	200.0	14.924097662812127	0.0	115230	380.6996884836821	0.004705182	0.2
11388.461684409313	200.0	18.58925317632476	0.0	97658	334.84448648736804	0.004705182	0.2
11388.7965288958	200.0	22.254408689837394	0.0	97658	334.84448648736804	0.004705182	0.2
11389.178695157443	200.0	25.872242428196305	0.0	115792	382.16626164108754	0.004705182	0.2
11389.539677004686	200.0	29.511260580953472	0.0	107674	360.9818472428359	0.004705182	0.2
11410.969174443917	12000.0	12.081763141722163	0.0	6619479	21429.49743923131	0.68755454	12.0
11411.353942543363	200.0	15.696995042276845	0.0	105425	384.7680994453177	0.004705182	0.2
11411.70962866908	200.0	19.341308916560905	0.0	95365	355.68612571593764	0.004705182	0.2
11412.065248305194	200.0	22.985689280446934	0.0	95342	355.6196361139718	0.004705182	0.2
11413.897370732788	1500.0	25.15356685285375	0.0	606092	1832.1224275931847	0.004705182	1.5
11416.13976002218	1500.0	26.91117756346137	0.0	748011	2242.389289392379	0.08465523	1.5
11418.188552205349	1500.0	28.862385380293567	0.0	754517	2048.7921831678027	0.010017076	1.5
11420.314697253438	1500.0	30.736240332204147	0.0	934743	2126.1450480894205	0.004705182	1.5
11433.778277005442	12000.0	21.272660580200714	0.0	5964284	13463.579752003432	0.004705182	12.0
11434.096893546795	200.0	24.954044038847332	0.0	103142	318.61654135338347	0.6946501	0.2
11435.905976253562	1500.0	27.144961332080417	0.0	747396	1809.0827067669172	0.004705182	1.5
11436.18464831834	200.0	30.866289267303088	0.0	85876	278.67206477732793	0.004705182	0.2
11438.224643867954	1500.0	32.826293717687	0.0	835711	2039.995549616082	0.004705182	1.5
11440.428724667388	1500.0	34.622212918253325	0.0	806394	2204.08079943368	0.6120309	1.5
11442.640531130684	1500.0	36.41040645495714	0.0	809327	2211.8064632961823	0.0050241505	1.5
11444.51641213755	1500.0	38.53452544809215	0.0	681795	1875.8810068649886	0.004705182	1.5
11457.996809304359	12000.0	29.054128281283653	0.0	6078444	13480.397166808496	0.020559154	12.0
11459.481918571704	1500.0	31.569019013937936	0.0	644861	1485.1092673457174	0.004705182	1.5
11469.001337984355	8000.0	26.049599601287067	0.0	4274504	9519.41941265087	0.011860912	8.0
11469.302089560111	200.0	29.748848025531103	0.0	103756	300.7515757559639	0.004710903	0.2
11477.490867518145	8000.0	25.560070067498074	0.0	3811227	8188.7779580330325	0.51471746	8.0
11485.517040446131	4000.0	21.53389713951227	0.0	2002600	8026.172927985804	0.66783845	4.0
11488.965494081973	1500.0	22.085443503670103	0.0	757473	3448.453635842164	0.004705182	1.5
11490.721794279083	1500.0	24.329143306559104	0.0	712239	1756.300197111	0.004705182	1.5
11499.482463913455	8000.0	19.568473672187437	0.0	3713878	8760.669634371669	0.0062989774	8.0
11501.154226247952	1500.0	21.896711337690366	0.0	755142	1671.7623344970689	0.019469148	1.5
11509.050002283788	8000.0	18.0009353018561	0.0	3707853	7895.776035834267	0.035167594	8.0
11510.863370888339	1500.0	20.187566697303417	0.0	785519	1813.3686045526836	0.46801883	1.5
11519.90525585334	8000.0	15.14568173230275	0.0	4018228	9041.884965000667	0.023895264	8.0
11522.16864248514	1500.0	16.88229510050326	0.0	866245	2263.386631799493	0.6013063	1.5
11527.649609734151	4000.0	15.401327851491775	0.0	2142800	5480.9672490114845	0.24614999	4.0
11532.567672362831	4000.0	14.483265222813712	0.0	2094647	4918.062628678062	0.401903	4.0
11537.01762641681	4000.0	14.033311168834016	0.0	1985434	4449.954053979696	0.2885245	4.0
11541.206769086575	4000.0	13.844168499069495	0.0	1830641	4189.142669764521	0.18013696	4.0
11550.251861265035	8000.0	8.799076320608977	0.0	3735285	9045.092178460518	0.66854453	8.0
11555.166896720973	1500.0	7.8840408646705535	0.0	848035	4915.035455938424	0.27375454	1.5
11558.835610685981	1500.0	8.215326899663248	0.0	629438	3668.713965007305	0.004705182	1.5
11561.211532135578	1500.0	9.83940545006768	0.0	763847	2375.9214495955684	0.0053082504	1.5
11564.977536346105	4000.0	10.073401239541363	0.0	1750852	3766.004210526316	0.1533116	4.0
11569.34098055663	4000.0	9.709957029015047	0.0	2034636	4363.444210526316	0.037168108	4.0

