27619.70044704904	600.0	4.0	1.010223278356822	247108	1010.223278356822	-19.604465567136437
27620.946376983396	600.0	6.754070065642425	0.0	309722	1245.929934357575	0.6
27621.427199513568	200.0	10.273247535468085	0.0	106476	480.82253017434067	0.2
27621.94097595288	200.0	13.759471096157919	0.0	115230	513.7764393101663	0.2
27622.388603649746	200.0	17.311843399289465	0.0	97658	447.6276968684564	0.2
27622.836231346613	200.0	20.864215702421006	0.0	97658	447.6276968684564	0.2
27624.150734322877	600.0	23.549712726160507	0.0	327938	1314.5029762604993	0.6
27624.636066652358	200.0	27.06438039667788	0.0	107674	485.33232948262474	0.2
27625.810475988168	600.0	29.88997106086629	0.0	290723	1174.40933581159	0.6
27645.35472783724	12000.0	14.345719211796101	0.0	5088378	19544.251849070188	12.0
27646.665973981017	600.0	17.034473068017473	0.0	329266	1311.2461437786294	0.6
27647.102492631104	200.0	20.597954417928666	0.0	95342	436.51865008881003	0.2
27647.56547477563	200.0	24.13497227340216	0.0	102419	462.9821445265028	0.2
27654.837251905767	4000.0	20.863195143267394	0.0	1805063	7271.7771301347675	4.0
27655.256512911248	200.0	24.443934137783867	0.0	82750	419.2610054835239	0.2
27655.723442650396	200.0	27.977004398635607	0.0	94377	466.9297391482602	0.2
27656.17189855159	200.0	31.52854849744153	0.0	89871	448.4559011940758	0.2
27672.182288152668	12000.0	19.518158896363218	0.0	4055239	16010.389601078312	12.0
27672.602116685386	200.0	23.098330363646603	0.0	90919	419.8285327166118	0.2
27675.15778281476	1500.0	24.54266423427524	0.0	662349	2555.6661293713646	1.5
27675.666333285477	200.0	28.03411376355783	0.0	114656	508.55047071740603	0.2
27678.760397340422	1500.0	28.940049708613547	0.0	806394	3094.0640549442846	1.5
27679.21669093726	200.0	32.48375611177191	0.0	100675	456.293596841638	0.2
27680.413984837793	600.0	35.28646221124163	0.0	298925	1197.2939005302874	0.6
27681.75711932281	600.0	37.94332772622347	0.0	346939	1343.1344850181542	0.6
27682.63939126773	600.0	41.06105578130092	0.0	221407	882.2719449225474	0.6
27702.032641878883	12000.0	25.66780517014923	0.0	5138482	19393.250611151692	12.0
27715.380511141997	8000.0	16.31993590703595	0.0	3354913	13347.86926311328	8.0
27715.89661031555	200.0	19.803836733482232	0.0	93993	516.0991735537191	0.2
27719.259322219274	1500.0	20.441124829755974	0.0	707527	3362.711903726258	1.5
27720.45457580779	600.0	23.245871241239232	0.0	240372	1195.2535885167465	0.6
27734.49500602604	8000.0	13.205441022990879	0.0	3568902	14040.430218248352	8.0
27735.76325785452	600.0	15.937189194509594	0.0	310713	1268.251828481285	0.6
27736.185232136275	200.0	19.515214912756164	0.0	89422	421.9742817534299	0.2
27738.828746644616	1500.0	20.87170040441446	0.0	670327	2643.514508341699	1.5
27739.96327123948	600.0	23.737175809548553	0.0	275745	1134.5245948659115	0.6
27742.650492201312	1500.0	25.049954847717373	0.0	681043	2687.22096183118	1.5
27743.98621840206	600.0	27.714228646969605	0.0	327462	1335.7262007477711	0.6
27744.398757947645	200.0	31.30168910138433	0.0	86718	412.5395455852747	0.2
27747.262172768853	1500.0	32.43827428017831	0.0	725845	2863.4148212060204	1.5
27766.005592191726	12000.0	17.69485485730418	0.0	4828747	18743.41942287413	12.0
27768.536211660754	1500.0	19.164235388277632	0.0	657685	2530.6194690265484	1.5
27774.544334637194	4000.0	17.156112411836897	0.0	1697030	6008.122976440736	4.0
27775.517472119685	600.0	20.182974929347402	0.0	278938	973.1374824894938	0.6
27776.526573580562	600.0	23.173873468470877	0.0	290170	1009.1014608765261	0.6
27779.052351447284	1500.0	24.648095601750843	0.0	763847	2525.7778667200323	1.5
27781.59620095699	1500.0	26.10424609204502	0.0	769491	2543.8495097058235	1.5
27799.74570839294	12000.0	11.954738656093923	0.0	5646381	18149.507435951098	12.0

