6523.600616895438	600.0	4.0	0.82053717924705	247108	820.5371792470501	-15.810743584941003
6525.875499832318	1500.0	5.725117063120434	0.0	732405	2274.882936879566	1.5
6527.88499074822	1500.0	7.71562614721858	0.0	643847	2009.4909159018546	1.5
6530.118056116266	1500.0	9.482560779172129	0.0	718451	2233.0653680464507	1.5
6532.368637873149	1500.0	11.231979022288817	0.0	724296	2250.5817568833113	1.5
6534.811259820297	1500.0	12.78935707514063	0.0	689829	2442.621947148188	1.5
6537.62265322689	1500.0	13.977963668547224	0.0	737903	2811.393406593407	1.5
6540.590992845167	1500.0	15.009624050270762	0.0	780303	2968.3396182764604	1.5
6543.872820478643	1500.0	15.72779641679445	0.0	891463	3281.827633476312	1.5
6546.18952299023	1500.0	17.411093905207444	0.0	763093	2316.702511587008	1.5
6548.524465742168	1500.0	19.07615115327017	0.0	769316	2334.9427519372744	1.5
6550.786424083898	1500.0	20.81419281154045	0.0	744416	2261.9583417297163	1.5
6552.64294083697	1500.0	22.957676058467374	0.0	606092	1856.5167530730762	1.5
6554.896023724385	1500.0	24.704593171053126	0.0	748011	2253.08288741425	1.5
6557.14530585768	1500.0	26.455311037758126	0.0	754517	2249.2821332949993	1.5
6559.912748670927	1500.0	27.687868224511284	0.0	934743	2767.442813246842	1.5
6562.107562780287	1500.0	29.493054115151164	0.0	735572	2194.81410936012	1.5
6564.47609726005	1500.0	31.124519635387397	0.0	772616	2368.5344797637676	1.5
6567.469921821453	1500.0	32.13069507398389	0.0	747396	2993.8245614035086	1.5
6570.132179131394	1500.0	33.46843776404237	0.0	662349	2662.257309941521	1.5
6573.4703116850005	1500.0	34.13030521043613	0.0	835711	3338.132553606238	1.5
6576.040494862407	1500.0	35.56012203302936	0.0	806394	2570.1831774067714	1.5
6578.318297269101	1500.0	37.28231962633543	0.0	809327	2277.8024066939356	1.5
6580.249774721196	1500.0	39.35084217424018	0.0	681795	1931.4774520952494	1.5
6582.652173947254	1500.0	40.948442948184066	0.0	855209	2402.399226056111	1.5
6584.483353702511	1500.0	43.11726319292685	0.0	644861	1831.1797552572175	1.5
6586.842253558242	1500.0	44.758363337196215	0.0	794014	2358.8998557306345	1.5
6589.576246555212	1500.0	46.02437034022602	0.0	914284	2733.992996970192	1.5
6591.617701588866	1500.0	47.98291530657156	0.0	675709	2041.4550336544567	1.5
6593.751518240112	1500.0	49.84909865532608	0.0	707527	2133.8166512454873	1.5
6595.999723263988	1500.0	51.600893631450056	0.0	757473	2248.205023876028	1.5
6598.06509304395	1500.0	53.53552385148873	0.0	712239	2065.3697799613237	1.5
6599.911534968025	1500.0	55.6890819274134	0.0	633700	1846.4419240753325	1.5
6602.0964970753785	1500.0	57.504119820059614	0.0	755142	2184.962107353787	1.5
6604.045036945412	1500.0	59.55557995002703	0.0	670327	1948.539870032579	1.5
6608.070965313419	1500.0	59.52965158202044	0.0	785519	2525.9283680065832	1.5
6611.79265068761	1500.0	59.80796620782955	0.0	681043	2721.68537419089	1.5
6615.73271274972	1500.0	59.86790414571895	0.0	866245	3440.062062110597	1.5
6620.02423138147	1500.0	59.576385513970145	0.0	691256	2791.518631748807	1.5
6623.952497433365	1500.0	59.648119462074334	0.0	725845	2928.2660518958164	1.5
6628.931912368507	1500.0	58.66870452693257	0.0	811013	4979.4149351417545	1.5
6635.429525346491	1500.0	56.171091548948795	0.0	657685	6497.6129779837775	1.5
6637.029159107585	600.0	58.571457787855174	0.0	329059	1599.6337610936262	0.6
6639.989905856346	600.0	59.6107110390935	0.0	278938	960.7467487616681	0.6
6643.986117645662	600.0	59.6144992497777	0.0	290170	996.2117893158093	0.6
6646.492365943572	600.0	59.624394065557304	0.0	288236	990.1051842203935	0.6
6650.5164478202305	1500.0	59.600312188898364	0.0	769491	3024.0818766589355	1.5
6654.190298940534	1500.0	59.92646106859419	0.0	808636	3173.851120304168	1.5

