25901.484993366405	600.0	4.0	0.8837502795226769	247108	883.7502795226769	0.07966613	-17.075005590453536
25901.88575773387	200.0	7.599235632534406	0.0	98617	400.76436746559335	0.004705182	0.2
25902.31208450096	200.0	11.172908865442865	0.0	106476	426.32676709154117	0.004705182	0.2
25902.766884769302	200.0	14.718108597101095	0.0	115230	454.8002683417699	0.004705182	0.2
25903.164529866983	200.0	18.320463499420626	0.0	97658	397.64509768047	0.004705182	0.2
25903.562174964663	200.0	21.922818401740155	0.0	97658	397.64509768047	0.004705182	0.2
25904.018803209667	200.0	25.466190156735987	0.0	115792	456.62824500416747	0.004705182	0.2
25904.44902662452	200.0	29.035966741883676	0.0	107674	430.2234148523104	0.004705182	0.2
25907.428623705287	1500.0	30.05636966111687	0.0	891463	2979.5970807668073	0.004705182	1.5
25918.291803929693	12000.0	23.193189436709165	0.0	5088378	10863.180224407704	0.18218023	12.0
25918.540658783397	200.0	26.944334583006363	0.0	95365	248.85485370280202	0.68833	0.2
25919.938734123138	1500.0	29.546259243269297	0.0	744416	1398.0753397370636	0.004705182	1.5
25920.20007890646	200.0	33.28491445994851	0.0	102419	261.34478332079146	0.30776042	0.2
25921.604519612934	1500.0	35.88047375347248	0.0	748011	1404.4407064760303	0.004705182	1.5
25923.402206788243	1500.0	38.08278657816547	0.0	754517	1797.6871753070056	0.004705182	1.5
25925.65545913501	1500.0	39.829534231395726	0.0	934743	2253.2523467697406	0.004705182	1.5
25927.445644260995	1500.0	42.03934910541125	0.0	735572	1790.185125984481	0.004705182	1.5
25936.462083361483	12000.0	37.022910004923126	0.0	4055239	9016.439100488118	0.004705182	12.0
25948.373111206118	12000.0	29.11188216028958	0.0	5385367	11911.027844633549	0.004705182	12.0
25949.9762340323	1500.0	31.508759334108888	0.0	662349	1603.1228261806896	0.004705182	1.5
25951.978016204826	1500.0	33.50697716158308	0.0	835711	2001.7821725257984	0.0128072705	1.5
25960.935469803164	8000.0	28.549523563244648	0.0	3905272	8957.453598338436	0.06506431	8.0
25962.72427200459	1500.0	30.760721361820902	0.0	809327	1788.8022014237472	0.004705182	1.5
25969.080374680427	8000.0	28.40461868598513	0.0	4032749	6356.102675835773	0.26474506	8.0
25970.491322749174	1500.0	30.993670617236283	0.0	855209	1410.948068748845	0.28396747	1.5
25978.01069219331	8000.0	27.474301173100837	0.0	3253093	7519.369444135444	0.004705182	8.0
25988.530789671084	8000.0	20.954203695328697	0.0	4274504	10520.097477772139	0.0049344045	8.0
25990.630525684777	1500.0	22.854467681632336	0.0	914284	2099.7360136963607	0.004705182	1.5
25992.20322795462	1500.0	25.281765411791945	0.0	675709	1572.7022698403932	0.004884963	1.5
26004.27771422067	8000.0	17.207279145741065	0.0	4435580	12074.48626605088	0.009925843	8.0
26005.762718625956	1500.0	19.72227474045472	0.0	757473	1485.0044052863436	0.004705182	1.5
26012.4625229385	8000.0	17.022470427911244	0.0	3568902	6699.804312543473	0.34703827	8.0
26013.63827694837	1500.0	19.846716418039	0.0	633700	1175.7540098722407	0.87555176	1.5
26020.317686424176	8000.0	17.167306942230603	0.0	4271839	6679.409475808398	0.16141893	8.0
26026.252392615534	8000.0	15.232600750872843	0.0	3707853	5934.70619135776	0.5269772	8.0
26027.60229026232	1500.0	17.882703104087422	0.0	785519	1349.897646785422	0.37387812	1.5
26031.07155620891	4000.0	18.413437157497007	0.0	2096494	3469.2659465904153	0.7450535	4.0
26038.099731291022	8000.0	15.38526207538206	0.0	3739359	7028.175082114945	0.004705182	8.0
26047.13599520199	8000.0	10.348998164412421	0.0	4857577	9036.26391096964	0.6461488	8.0
26050.583527204963	4000.0	10.901466161438206	0.0	2094647	3447.532002974217	0.4422186	4.0
26053.85547913519	4000.0	11.629514231211724	0.0	1985434	3271.9519302264825	0.08119585	4.0
26057.401353989982	4000.0	12.083639376420681	0.0	1830641	3545.8748547910436	0.25688815	4.0
26060.698548710236	4000.0	12.786444656166646	0.0	1697030	3297.194720254034	0.69042075	4.0
26067.94632038806	8000.0	9.538672978340182	0.0	4340973	7247.771677826464	0.2636391	8.0
26071.24825073816	4000.0	10.236742628235847	0.0	2171279	3301.930350104336	0.018639676	4.0
26074.468063732438	4000.0	11.016929633961679	0.0	2042818	3219.8129942741675	0.6725938	4.0
26087.311416805907	8000.0	4.0	1.8264234395090697	4201994	12843.35307347075	0.026213199	-28.528468790181392
26089.060019186647	1500.0	6.251397619262565	0.0	808636	1748.6023807374352	0.004705182	1.5

