10485.007361965021	600.0	4.0	0.7467444644934991	247108	746.7444644934991	-14.334889289869983
10487.063530197202	1500.0	5.943831767820705	0.0	732405	2056.168232179295	1.5
10488.88075207278	1500.0	8.126609892241015	0.0	643847	1817.2218755796896	1.5
10490.899269754362	1500.0	10.108092210661225	0.0	718451	2018.5176815797906	1.5
10492.933558359566	1500.0	12.07380360545709	0.0	724296	2034.2886052041351	1.5
10494.863544359932	1500.0	14.143817605091474	0.0	689829	1929.9860003656174	1.5
10496.766877693266	1500.0	16.240484271758138	0.0	737903	1903.3333333333335	1.5
10501.933643198578	4000.0	15.073718766445563	0.0	2058614	5166.765505312577	4.0
10506.56534589261	4000.0	14.442016072412379	0.0	1857129	4631.702694033183	4.0
10512.374834062577	4000.0	12.63252790244618	0.0	2373154	5809.4881699662	4.0
10517.52108429341	4000.0	11.486277671612015	0.0	2094766	5146.2502308341645	4.0
10521.870349571715	4000.0	11.137012393308341	0.0	1761739	4349.265278303673	4.0
10527.671178640221	4000.0	9.336183324802166	0.0	2131310	5800.829068506177	4.0
10533.465663800489	4000.0	7.541698164533071	0.0	1805063	5794.485160269094	4.0
10539.122784683192	4000.0	5.884577281830959	0.0	2157416	5657.120882702112	4.0
10541.407692246217	1500.0	7.599669718805749	0.0	934743	2284.90756302521	1.5
10543.222787631741	1500.0	9.78457433328312	0.0	735572	1815.0953855226303	1.5
10545.125263822216	1500.0	11.882098142806928	0.0	772616	1902.4761904761906	1.5
10547.284643190864	1500.0	13.722718774159114	0.0	747396	2159.3793686478148	1.5
10553.830279007969	4000.0	11.177082957053383	0.0	2164412	6545.63581710573	4.0
10556.375442816632	1500.0	12.631919148390532	0.0	835711	2545.16380866285	1.5
10558.702526309613	1500.0	14.304835655409237	0.0	806394	2327.0834929812954	1.5
10561.037782849373	1500.0	15.969579115648186	0.0	809327	2335.2565397610506	1.5
10563.017660936384	1500.0	17.989701028637143	0.0	681795	1979.8780870110418	1.5
10565.480771459217	1500.0	19.526590505804585	0.0	855209	2463.1105228325614	1.5
10572.636911129337	4000.0	16.370450835684633	0.0	1984579	7156.139670119952	4.0
10578.935959008208	4000.0	14.071402956813447	0.0	2068230	6299.0478788711835	4.0
10583.868246497326	4000.0	13.139115467695362	0.0	2055338	4932.287489118085	4.0
10589.488435764135	4000.0	11.518926200885758	0.0	2165436	5620.189266809602	4.0
10595.112157000165	4000.0	9.89520496485683	0.0	2002600	5623.721236028929	4.0
10601.749115936589	4000.0	7.2582460284342645	0.0	2290706	6636.958936422566	4.0
10607.422974199248	4000.0	5.584387765774457	0.0	1947068	5673.858262659807	4.0
10609.225511659748	1500.0	7.7818503052736245	0.0	633700	1802.5374605008326	1.5
10611.358155470698	1500.0	9.649206494325982	0.0	755142	2132.6438109476403	1.5
10613.260253258744	1500.0	11.747108706279365	0.0	670327	1902.0977880466176	1.5
10615.475468507972	1500.0	13.53189345705236	0.0	785519	2215.2152492270056	1.5
10617.37842406183	1500.0	15.628937903195641	0.0	681043	1902.9555538567188	1.5
10621.965881811047	4000.0	15.041480153977263	0.0	1955307	4587.457749218379	4.0
10626.98555648363	4000.0	14.021805481393807	0.0	2142800	5019.674672583456	4.0
10632.256582776468	4000.0	12.750779188555647	0.0	2094647	5271.026292838161	4.0
10637.287558260781	4000.0	11.719803704242258	0.0	1985434	5030.975484313389	4.0
10641.61549902533	4000.0	11.391862939693842	0.0	1830641	4327.940764548415	4.0
10645.616151685786	4000.0	11.391210279236114	0.0	1697030	4000.652660457729	4.0
10650.120711770374	4000.0	10.886650194649693	0.0	1910697	4504.56008458642	4.0
10655.239139639441	4000.0	9.768222325583256	0.0	2171279	5118.427869066438	4.0
10660.123227417318	4000.0	8.884134547706068	0.0	2042818	4884.087777877187	4.0
10664.388301740935	4000.0	8.619060224088338	0.0	1750852	4265.07432361773	4.0
10669.471391337778	4000.0	7.535970627245503	0.0	2034636	5083.089596842835	4.0

