20912.985278231412	600.0	4.0	0.7064026109826039	247108	706.402610982604	0.006464961	-13.528052219652078
20913.315265873607	200.0	7.670012357806014	0.0	98617	329.9876421939859	0.004705182	0.2
20913.665175566563	200.0	11.320102664849962	0.0	106476	349.9096929560506	0.004705182	0.2
20914.037276076717	200.0	14.94800215469438	0.0	115230	372.1005101555816	0.004705182	0.2
20914.36483271666	200.0	18.620445514750152	0.0	97658	327.5566399442315	0.004705182	0.2
20914.6923893566	200.0	22.292888874805918	0.0	97658	327.5566399442315	0.004705182	0.2
20915.065914499985	200.0	25.91936373142368	0.0	115792	373.52514338223654	0.004705182	0.2
20915.418861044553	200.0	29.56641718685636	0.0	107674	352.94654456731837	0.004705182	0.2
20915.74045298346	200.0	33.244825247948285	0.0	95305	321.59193890807694	0.004705182	0.2
20916.08769846019	200.0	36.897579771222155	0.0	105425	347.24547672613204	0.012415196	0.2
20916.409442495173	200.0	40.57583573624006	0.0	95365	321.74403498209705	0.004705182	0.2
20916.731128226656	200.0	44.254150004753	0.0	95342	321.685731487056	0.004705182	0.2
20917.070753690074	200.0	47.914524541335275	0.0	102419	339.62546341772554	0.009583423	0.2
20917.355746243706	200.0	51.62953198770557	0.0	80867	284.99255362970945	0.004705182	0.2
20917.645512079125	200.0	55.339766152286195	0.0	82750	289.7658354193733	0.011352819	0.2
20932.339379235138	12000.0	44.64589899627231	0.0	5443841	14693.867156013888	0.023090022	12.0
20932.67047691963	200.0	48.31480131178238	0.0	89871	331.0976844899243	0.004705182	0.2
20944.156438056605	12000.0	40.82884017480337	0.0	4055239	11485.961136979011	0.004705182	12.0
20944.488208423005	200.0	44.497069808407275	0.0	90919	331.7703663960955	0.004705182	0.2
20944.806013854042	200.0	48.17926437736831	0.0	85876	317.8054310389588	0.022212952	0.2
20945.203516060727	200.0	51.781762170684225	0.0	114656	397.50220668408934	0.6859993	0.2
20945.554180488976	200.0	55.431097742431746	0.0	97742	350.6644282524793	0.10076818	0.2
20960.846433847022	12000.0	44.13884438438959	0.0	5141915	15292.253358042155	0.004705182	12.0
20961.20406633655	200.0	47.78121189486128	0.0	85752	357.632489528319	0.004705182	0.2
20961.59020284275	200.0	51.39507538865921	0.0	94556	386.13650620206806	0.004705182	0.2
20971.350386749178	8000.0	45.63489148223544	0.0	3253093	9760.183906423761	0.004705182	8.0
20987.50136562438	12000.0	33.483912607035656	0.0	5138482	16150.978875199782	0.004705182	12.0
20997.422520828375	8000.0	27.562757403041843	0.0	3354913	9921.155203993814	0.004705182	8.0
20997.832046223877	200.0	31.153232007538097	0.0	93993	409.5253955037469	0.06667272	0.2
20998.25240469708	200.0	34.732873534335944	0.0	97083	420.35847320215606	0.12145814	0.2
20998.66189152823	200.0	38.323386703186465	0.0	93982	409.48683114948074	0.12111137	0.2
21010.58848598964	8000.0	30.396792241776005	0.0	3568902	11926.594461410461	0.0055211596	8.0
21012.65968787495	1500.0	32.32559035646571	0.0	633700	2071.201885310291	0.023371926	1.5
21013.0206682363	200.0	35.96460999511457	0.0	89422	360.9803613511391	0.08594081	0.2
21013.440731079976	200.0	39.544547151438216	0.0	108225	420.0628436763551	0.028082512	0.2
21013.796586539524	200.0	43.18869169189383	0.0	87791	355.8554595443834	0.16765723	0.2
21016.121248275187	1500.0	44.86402995622971	0.0	681043	2324.6617356641223	0.56550545	1.5
21016.48790276068	200.0	48.4973754707357	0.0	80403	366.654485494006	0.6577304	0.2
21032.06174594365	12000.0	36.923532287764196	0.0	5257310	15573.843182971503	0.0061709443	12.0
21032.386105048587	200.0	40.59917318283055	0.0	101968	324.35910493364884	0.081347056	0.2
21046.267018520168	12000.0	30.718259711247423	0.0	4828747	13880.913471583126	0.026036069	12.0
21051.483947613982	4000.0	29.50133061743659	0.0	1830641	5216.929093810835	0.01375712	4.0
21056.407401697532	4000.0	28.57787653388509	0.0	1697030	4923.454083551499	0.054487444	4.0
21062.56830872701	4000.0	26.416969504406634	0.0	1910697	6160.907029478459	0.013608413	4.0
21074.190596320634	8000.0	18.794681910785933	0.0	3682991	11622.287593620698	0.0055813356	8.0
21080.52013832248	4000.0	16.465139908936973	0.0	2042818	6329.54200184896	0.086887434	4.0
21085.920967208116	4000.0	15.064311023298119	0.0	1750852	5400.828885638854	0.004705182	4.0
21091.085498738514	4000.0	13.899779492903718	0.0	2034636	5164.5315303944	0.03915144	4.0

