12815.482198703425	600.0	4.0	0.671671729793634	247108	671.671729793634	-12.83343459587268
12815.798325785418	200.0	7.683872918007273	0.0	98617	316.1270819927271	0.2
12816.568979003621	600.0	10.91321969980396	0.0	288447	770.6532182033133	0.6
12818.369227421083	1500.0	13.112971282342905	0.0	718451	1800.248417461054	1.5
12820.183471019844	1500.0	15.298727683582	0.0	724296	1814.243598760906	1.5
12821.915187345061	1500.0	17.567011358364635	0.0	689829	1731.7163252173655	1.5
12823.762011342786	1500.0	19.720187360639297	0.0	737903	1846.8239977253343	1.5
12825.604421072301	1500.0	21.877777631124932	0.0	780303	1842.4097295143658	1.5
12828.318132937009	4000.0	23.164065766417693	0.0	1857129	2713.711864707238	4.0
12831.763652427888	4000.0	23.718546275538255	0.0	2373154	3445.5194908794388	4.0
12834.814372322942	4000.0	24.667826380482325	0.0	2094766	3050.7198950559286	4.0
12838.568403978079	4000.0	24.913794725345245	0.0	1761739	3754.031655137082	4.0
12843.861263020835	4000.0	23.620935682588772	0.0	2131310	5292.85904275647	4.0
12848.213603719623	4000.0	23.268594983800707	0.0	1805063	4352.340698788066	4.0
12853.260173890267	4000.0	22.222024813158136	0.0	2157416	5046.570170642572	4.0
12858.166758922978	4000.0	21.31543978044808	0.0	2231719	4906.585032710055	4.0
12861.922436276132	4000.0	21.55976242729344	0.0	1835863	3755.6773531546414	4.0
12866.40825600302	4000.0	21.073942700405578	0.0	2192675	4485.819726887862	4.0
12871.120404361236	4000.0	20.361794342188322	0.0	2082556	4712.148358217255	4.0
12876.014621838369	4000.0	19.467576865056508	0.0	2164412	4894.217477131815	4.0
12877.565162106283	1500.0	21.917036597142445	0.0	835711	1550.5402679140652	1.5
12880.832747834282	4000.0	22.649450869143752	0.0	1950922	3267.585727998693	4.0
12883.934216290056	4000.0	23.547982413371024	0.0	1849252	3101.4684557727264	4.0
12887.068158089856	4000.0	24.41404061357052	0.0	1822097	3133.941799800505	4.0
12891.033639389185	4000.0	24.44855931424081	0.0	1836837	3965.481299329711	4.0
12898.324538028666	8000.0	21.157660674758787	0.0	3253093	7290.898639482025	8.0
12904.085123052871	4000.0	19.39707565055444	0.0	2068230	5760.585024204347	4.0
12908.953689603553	4000.0	18.528509099872	0.0	2055338	4868.56655068244	4.0
12910.31353239542	1500.0	21.168666308007047	0.0	675709	1359.8427918649527	1.5
12914.18660482007	4000.0	21.295593883355675	0.0	2002600	3873.0724246513723	4.0
12921.74956426939	4000.0	17.73263443403707	0.0	2290706	7562.959449318603	4.0
12926.404546805823	1500.0	17.077651897604454	0.0	712239	4654.982536432615	1.5
12928.196088624602	1500.0	19.286110078826123	0.0	633700	1791.5418187783273	1.5
12929.440970567506	1500.0	22.041228135921603	0.0	755142	1244.8819429045227	1.5
12930.555016903349	1500.0	24.92718180007833	0.0	670327	1114.046335843272	1.5
12933.38982412657	4000.0	26.09237457685449	0.0	1785821	2834.8072232238405	4.0
12936.703875475865	4000.0	26.778323227561675	0.0	2096494	3314.051349292815	4.0
12941.275983243855	4000.0	26.206215459571883	0.0	1955307	4572.1077679897935	4.0
12947.163717900741	4000.0	24.318480802685055	0.0	2142800	5887.734656886826	4.0
12954.394065401291	4000.0	21.088133302134512	0.0	2094647	7230.347500550543	4.0
12959.93522799068	4000.0	19.546970712746667	0.0	1985434	5541.162589387846	4.0
12963.536453255761	4000.0	19.945745447665278	0.0	1830641	3601.225265081388	4.0
12966.88067868915	4000.0	20.60152001427825	0.0	1697030	3344.2254333870314	4.0
12969.841664001711	4000.0	21.64053470171662	0.0	1910697	2960.9853125616273	4.0
12972.659267645497	4000.0	22.822931057931306	0.0	2171279	2817.603643785313	4.0
12975.314904401708	4000.0	24.16729430171977	0.0	2042818	2655.636756211535	4.0
12977.602423018583	4000.0	25.8797756848452	0.0	1750852	2287.5186168745718	4.0
12989.840046269788	8000.0	17.642152433640298	0.0	4346302	12237.623251204903	8.0

