26750.327836683606	600.0	4.0	0.834499446586008	247108	834.499446586008	0.27108425	-16.08998893172016
26750.70894580158	200.0	7.6188908820274035	0.0	98617	381.1091179725965	0.004705182	0.2
26751.114050950237	200.0	11.213785733368955	0.0	106476	405.1051486584482	0.004705182	0.2
26751.545884849704	200.0	14.78195183389947	0.0	115230	431.8338994694859	0.004705182	0.2
26751.924065835163	200.0	18.403770848440903	0.0	97658	378.1809854585703	0.004705182	0.2
26752.30224682062	200.0	22.025589862982333	0.0	97658	378.1809854585703	0.004705182	0.2
26752.73579668513	200.0	25.592039998473346	0.0	115792	433.5498645089882	0.004705182	0.2
26753.144559709443	200.0	29.1832769741613	0.0	107674	408.7630243120492	0.004705182	0.2
26753.51555623629	200.0	32.812280447311174	0.0	95305	370.99652685012023	0.004705182	0.2
26753.917452347127	200.0	36.410384336475715	0.0	105425	401.8961108354643	0.0076050987	0.2
26754.28863207309	200.0	40.03920461051106	0.0	95365	371.1797259646578	0.004705182	0.2
26754.659741572726	200.0	43.668095110873644	0.0	95342	371.1094996374184	0.004705182	0.2
26755.05245940792	200.0	47.27537727567651	0.0	102419	392.71783519712994	0.0063000238	0.2
26755.379372121177	200.0	50.94846456242129	0.0	80867	326.9127132552193	0.004705182	0.2
26755.71203423331	200.0	54.615802450288164	0.0	82750	332.66211213312477	0.007307487	0.2
26772.365271966657	12000.0	41.96256471693804	0.0	5443841	16653.237733350124	0.32526362	12.0
26772.680378652294	200.0	45.64745803130504	0.0	89871	315.1066856330014	0.004705182	0.2
26783.305690449848	12000.0	39.022146233750604	0.0	4055239	10625.311797554437	0.004705182	12.0
26783.617349658383	200.0	42.71048702521489	0.0	90919	311.65920853571146	0.004705182	0.2
26783.916159436234	200.0	46.411677247366335	0.0	85876	298.80977784855486	0.01463153	0.2
26784.288299893276	200.0	50.03953679032358	0.0	114656	372.1404570427582	0.3748641	0.2
26784.61734392544	200.0	53.71049275815542	0.0	97742	329.04403216816627	0.073438086	0.2
26797.773475557497	12000.0	44.55436112610126	0.0	5141915	13156.13163205415	0.004705182	12.0
26798.071113322796	200.0	48.256723360801935	0.0	85752	297.63776529932426	0.004705182	0.2
26798.391095556857	200.0	51.93674112673576	0.0	94556	319.9822340661781	0.004705182	0.2
26806.849865923738	8000.0	47.4779707598584	0.0	3253093	8458.77036687736	0.004705182	8.0
26820.9094302003	12000.0	37.41840648329398	0.0	5138482	14059.564276564426	0.004705182	12.0
26830.321367550576	8000.0	32.0064691330214	0.0	3354913	9411.937350272581	0.004705182	8.0
26832.297836155536	1500.0	34.030000528056824	0.0	675709	1976.4686049645752	0.23973727	1.5
26847.758061580847	12000.0	22.56977510274489	0.0	5411094	15460.225425311934	0.13274777	12.0
26848.099086438506	200.0	26.228750245086232	0.0	93982	341.0248576586585	0.024796577	0.2
26857.88365034462	8000.0	20.444186338976237	0.0	3568902	9784.563906109996	0.007934831	8.0
26859.663147495135	1500.0	22.664689188456624	0.0	633700	1779.497150519611	0.18811347	1.5
26861.76833556084	1500.0	24.55950112275096	0.0	755142	2105.1880657056654	0.21090864	1.5
26862.13858028092	200.0	28.189256402670505	0.0	108225	370.2447200804559	0.042566538	0.2
26867.51740078931	4000.0	26.810435894280022	0.0	1785821	5378.820508390482	0.6034489	4.0
26867.901284996115	200.0	30.426551687474568	0.0	102088	383.8842068054548	0.3532115	0.2
26868.220619706164	200.0	34.10721697742267	0.0	80403	319.334710051906	0.68068296	0.2
26883.074067805144	12000.0	23.253768878443818	0.0	5257310	14853.448098978846	0.1707157	12.0
26883.438398233866	200.0	26.88943844972301	0.0	101968	364.33042872080864	0.12393948	0.2
26892.413321900647	8000.0	21.914514782940156	0.0	3189942	8974.923666782852	0.5503298	8.0
26905.32509028531	4000.0	13.002746398276102	0.0	1830641	12911.768384664056	0.060256187	4.0
26909.595934551402	4000.0	12.731902132185656	0.0	1697030	4270.844266090447	0.39624983	4.0
26914.389589967017	4000.0	11.938246716572799	0.0	1910697	4793.655415612857	0.019527344	4.0
26916.01854687126	1500.0	14.309289812330897	0.0	629438	1628.9569042419025	0.3715921	1.5
26921.125629832903	4000.0	13.202206850689505	0.0	2042818	5107.082961641392	0.10666954	4.0
26925.597810602238	4000.0	12.730026081354767	0.0	1750852	4472.180769334738	0.004721631	4.0
26930.869864190754	4000.0	11.45797249283802	0.0	2034636	5272.053588516747	0.066151366	4.0

