17303.551939663113	600.0	4.0	0.7248433448045276	247108	724.8433448045276	-13.896866896090552
17305.543195024944	1500.0	6.008744638168088	0.0	732405	1991.2553618319116	1.5
17307.303352903375	1500.0	8.248586759741002	0.0	643847	1760.1578784270873	1.5
17309.258194454105	1500.0	10.293745209009508	0.0	718451	1954.8415507314926	1.5
17311.22828888758	1500.0	12.323650775528844	0.0	724296	1970.0944334806647	1.5
17313.108439589716	1500.0	14.443500073393897	0.0	689829	1880.150702134947	1.5
17315.036846092386	1500.0	16.515093570724567	0.0	737903	1928.4065026693295	1.5
17320.248787135046	4000.0	15.303152528064631	0.0	2058614	5211.941042659935	4.0
17325.16870605694	4000.0	14.383233606172231	0.0	1857129	4919.918921892399	4.0
17332.046139640897	4000.0	11.50580002221233	0.0	2373154	6877.4335839599	4.0
17340.383418057907	4000.0	7.168521605203721	0.0	2094766	8337.278417008609	4.0
17343.684777932413	1500.0	7.867161730697311	0.0	744416	3301.35987450641	1.5
17346.405823571222	1500.0	9.146116091889626	0.0	606092	2721.045638807686	1.5
17349.746196242028	1500.0	9.805743421082171	0.0	748011	3340.3726708074532	1.5
17353.114926763985	1500.0	10.437012899125106	0.0	754517	3368.7305219570667	1.5
17357.46564960091	1500.0	10.086290062202744	0.0	934743	4350.722836922362	1.5
17360.950976993056	1500.0	10.600962670055527	0.0	735572	3485.3273921472182	1.5
17364.453820918294	1500.0	11.098118744814045	0.0	772616	3502.8439252414832	1.5
17366.43013337766	1500.0	13.121806285449303	0.0	747396	1976.312459364742	1.5
17368.190662389254	1500.0	15.36127727385735	0.0	662349	1760.5290115919506	1.5
17370.391049950504	1500.0	17.16088971260713	0.0	835711	2200.387561250218	1.5
17372.5170536612	1500.0	19.03488600191431	0.0	806394	2126.003710692821	1.5
17374.65049905534	1500.0	20.90144060777213	0.0	809327	2133.44539414218	1.5
17376.45624728409	1500.0	23.09569237902217	0.0	681795	1805.748228749958	1.5
17381.185511201325	4000.0	22.366428461789955	0.0	1836837	4729.263917232215	4.0
17386.253125755007	4000.0	21.29881390810883	0.0	1984579	5067.614553681123	4.0
17391.43317661422	4000.0	20.118763048896376	0.0	2068230	5180.050859212453	4.0
17396.678649351725	4000.0	18.873290311395195	0.0	2055338	5245.472737501183	4.0
17402.441183015268	4000.0	17.11075664785023	0.0	2165436	5762.533663544964	4.0
17409.04095375912	4000.0	14.510985903999707	0.0	2002600	6599.770743850523	4.0
17418.540651635176	4000.0	9.011288027940925	0.0	2290706	9499.69787605878	4.0
17427.306834490842	4000.0	4.245105172275109	0.0	1947068	8766.182855665817	4.0
17430.084721777308	1500.0	5.467217885808183	0.0	633700	2777.8872864669256	1.5
17433.379631042382	1500.0	6.172308620734477	0.0	755142	3294.9092650737057	1.5
17436.0040015464	1500.0	7.5479381167148585	0.0	670327	2624.3705040196196	1.5
17437.920452640825	1500.0	9.63148702229363	0.0	785519	1916.451094421228	1.5
17439.592651127045	1500.0	11.959288536072524	0.0	681043	1672.1984862211052	1.5
17441.69783012117	1500.0	13.854109541946455	0.0	866245	2105.1789941260704	1.5
17443.393905400986	1500.0	16.158034262131146	0.0	691256	1696.0752798153076	1.5
17445.170845697314	1500.0	18.381093965804546	0.0	725845	1776.9402963266023	1.5
17449.707632223697	4000.0	17.844307439421836	0.0	1985434	4536.786526382711	4.0
17453.858380628906	4000.0	17.69355903421288	0.0	1830641	4150.748405208957	4.0
17457.92525772182	4000.0	17.626681941295747	0.0	1697030	4066.8770929171305	4.0
17462.881039540003	4000.0	16.67090012311393	0.0	1910697	4955.781818181819	4.0
17468.639202091632	4000.0	14.912737571485929	0.0	2171279	5758.162551628002	4.0
17474.277417889607	4000.0	13.274521773509564	0.0	2042818	5638.215797976363	4.0
17478.98341837919	4000.0	12.568521283923628	0.0	1750852	4706.0004895859365	4.0
17484.298302840576	4000.0	11.253636822541024	0.0	2034636	5314.884461382604	4.0

