29751.748797073156	600.0	4.0	0.7667688031961092	247108	766.7688031961092	0.58041084	-14.735376063922184
29752.102875933673	200.0	7.645921139482369	0.0	98617	354.07886051763074	0.004705182	0.2
29752.478796725754	200.0	11.270000347403162	0.0	106476	375.92079207920796	0.004705182	0.2
29752.87904685603	200.0	14.869750217126978	0.0	115230	400.25013027618553	0.004705182	0.2
29753.230460439496	200.0	18.51833663366337	0.0	97658	351.41358346360954	0.004705182	0.2
29753.581874022962	200.0	22.16692305019976	0.0	97658	351.41358346360954	0.004705182	0.2
29753.983686077852	200.0	25.76511099531006	0.0	115792	401.8120548896995	0.004705182	0.2
29754.36293638183	200.0	29.385860691332294	0.0	107674	379.2503039777662	0.004705182	0.2
29756.920512897377	1500.0	30.828284175786003	0.0	891463	2557.576515546292	0.12295251	1.5
29771.00528269872	12000.0	20.7435143744413	0.0	5088378	14084.769801344704	0.004705182	12.0
29771.346444872448	200.0	24.4023522007143	0.0	95365	341.16217372700044	0.004705182	0.2
29774.201240700462	1500.0	25.547556372698743	0.0	744416	2854.795828015558	0.17362161	1.5
29774.697292697314	200.0	29.05150437584699	0.0	102419	496.05199685175313	0.004705182	0.2
29777.81590340643	1500.0	29.93289366672977	0.0	748011	3118.6107091172216	0.004705182	1.5
29780.960943140355	1500.0	30.78785393280741	0.0	754517	3145.0397339223605	0.004705182	1.5
29784.234769506136	1500.0	31.514027567024787	0.0	934743	3273.826365782622	0.004705182	1.5
29786.60301868468	1500.0	33.14577838848183	0.0	735572	2368.2491785429593	0.004705182	1.5
29801.11604139713	12000.0	22.632755676029763	0.0	4055239	14513.022712452064	0.3630739	12.0
29801.55364704132	200.0	26.195150031839887	0.0	90919	437.60564418987684	0.5374233	0.2
29804.419951367865	1500.0	27.328845705295922	0.0	662349	2866.3043265439633	0.004705182	1.5
29805.00022297954	200.0	30.74857409362426	0.0	114656	580.2716116716663	0.004705182	0.2
29808.5987132986	1500.0	31.150083774562354	0.0	806394	3598.490319061904	0.004705182	1.5
29812.21000099972	1500.0	31.538796073444274	0.0	809327	3611.2877011180803	0.004705182	1.5
29814.938749550616	1500.0	32.81004752254921	0.0	681795	2728.748550895064	0.004705182	1.5
29818.235256919976	1500.0	33.51354015318789	0.0	855209	3296.507369361322	0.004705182	1.5
29828.573680576275	8000.0	27.175116496887938	0.0	3253093	10338.42365629995	0.45368212	8.0
29830.851719262733	1500.0	28.8970778104282	0.0	794014	2278.0386864597394	0.004705182	1.5
29833.5081219332	1500.0	30.24067513996418	0.0	914284	2656.402670464021	0.0066930884	1.5
29835.811717498902	1500.0	31.937079574262114	0.0	675709	2303.595565702063	0.65251535	1.5
29838.220018438824	1500.0	33.528778634339034	0.0	707527	2408.3009399230787	0.45656347	1.5
29850.560192754936	8000.0	25.188604318227256	0.0	4025712	12340.174316111776	0.1492794	8.0
29852.697757799622	1500.0	27.051039273540063	0.0	712239	2137.56504468719	0.004705182	1.5
29854.715741709137	1500.0	29.03305536402572	0.0	633700	2017.9839095143443	0.004705182	1.5
29869.9626233269	8000.0	17.786173746261642	0.0	4271839	15246.881617764077	0.004705182	8.0
29872.85661083805	1500.0	18.892186235110888	0.0	670327	2893.9875111507586	0.004705182	1.5
29875.44925624651	1500.0	20.299540826650343	0.0	785519	2592.6454084605443	0.004705182	1.5
29881.418077565988	4000.0	18.3307195071742	0.0	2096494	5968.821319476143	0.4961453	4.0
29883.931264602958	1500.0	19.817532470202185	0.0	866245	2513.187036972017	0.016410766	1.5
29890.481253720525	4000.0	17.267543352635034	0.0	2142800	6549.989117567152	0.009006244	4.0
29892.755216013193	1500.0	18.993581059968697	0.0	725845	2273.962292666339	0.38492984	1.5
29895.552482253028	1500.0	20.1963148201372	0.0	811013	2797.2662398314965	0.2673735	1.5
29909.65326909706	8000.0	10.0955279761019	0.0	4074581	14100.786844035298	0.684131	8.0
29912.013341179845	1500.0	11.73545589331817	0.0	767059	2360.072082783733	0.025172872	1.5
29914.640448863734	1500.0	13.108348209427474	0.0	848035	2627.1076838906956	0.159573	1.5
29922.691004546752	4000.0	9.05779252640999	0.0	2171279	8050.555683017484	0.046627115	4.0
29925.744399003	1500.0	10.00439807016198	0.0	763847	3053.394456248009	0.0053049685	1.5
29933.444045949826	4000.0	6.304751123337554	0.0	1750852	7699.646946824427	0.64498127	4.0
29937.02611571936	1500.0	6.722681353803402	0.0	808636	3582.069769534152	0.21447217	1.5

