17029.81268407871	600.0	4.0	0.7465309012441417	247108	746.5309012441417	-14.330618024882833
17030.728105367358	600.0	7.084578711352372	0.0	309722	915.4212886476281	0.6
17031.586141039497	600.0	10.226543039212382	0.0	288447	858.0356721399912	0.6
17033.604037799338	1500.0	12.208646279375571	0.0	718451	2017.8967598368117	1.5
17035.637700431253	1500.0	14.174983647459458	0.0	724296	2033.6626319161132	1.5
17037.57839431844	1500.0	16.23428976027513	0.0	689829	1940.6938871843286	1.5
17039.65018342674	1500.0	18.16250065197439	0.0	737903	2071.789108300738	1.5
17041.96749109837	1500.0	19.845192980343832	0.0	780303	2317.3076716305573	1.5
17044.603519985707	1500.0	21.209164093008024	0.0	891463	2636.0288873358063	1.5
17046.871482640043	1500.0	22.941201438670443	0.0	763093	2267.9626543375803	1.5
17049.15728806269	1500.0	24.655396016022916	0.0	769316	2285.805422647528	1.5
17054.560307469394	4000.0	23.252376609320923	0.0	1761739	5403.019406701992	4.0
17056.488888647076	1500.0	25.323795431639304	0.0	606092	1928.581177681618	1.5
17062.263978270297	4000.0	23.54870580842041	0.0	1805063	5775.089623218895	4.0
17064.876392526345	1500.0	24.936291552373756	0.0	754517	2612.414256046653	1.5
17068.093706197127	1500.0	25.718977881588582	0.0	934743	3217.3136707851736	1.5
17073.908052174167	4000.0	23.90463190455113	0.0	1835863	5814.345977037455	4.0
17076.297686536964	1500.0	25.514997541753825	0.0	772616	2389.6343627973024	1.5
17078.61192901216	1500.0	27.200755066556248	0.0	747396	2314.2424751975786	1.5
17080.671373150482	1500.0	29.14131092823469	0.0	662349	2059.4441383215544	1.5
17083.007003379902	1500.0	30.80568069881499	0.0	835711	2335.6302294197035	1.5
17088.352649803655	4000.0	29.4600342750633	0.0	1950922	5345.646423751687	4.0
17093.713629194182	4000.0	28.099054884540475	0.0	1849252	5360.979390522825	4.0
17099.277537248807	4000.0	26.53514682991499	0.0	1822097	5563.908054625485	4.0
17104.617962311477	4000.0	25.19472176724263	0.0	1836837	5340.42506267236	4.0
17110.252048124214	4000.0	23.560635954505404	0.0	1984579	5634.085812737227	4.0
17112.520217807963	1500.0	25.292466270755998	0.0	794014	2268.169683749407	1.5
17118.20517553908	4000.0	23.607508539640648	0.0	2055338	5684.9577311153525	4.0
17120.127850750425	1500.0	25.68483332829622	0.0	675709	1922.6752113444234	1.5
17126.2747349134	4000.0	23.53794916531855	0.0	2002600	6146.8841629776725	4.0
17128.71809912237	1500.0	25.094584956352268	0.0	757473	2443.3642089662835	1.5
17134.57581464181	4000.0	23.236869436913505	0.0	1947068	5857.715519438764	4.0
17136.45198463596	1500.0	25.36069944275949	0.0	633700	1876.1699941540153	1.5
17138.672371888173	1500.0	27.140312190549533	0.0	755142	2220.3872522099596	1.5
17144.001416518186	4000.0	25.811267560537388	0.0	1828568	5329.044630012142	4.0
17149.30492906823	4000.0	24.5077550104926	0.0	1785821	5303.512550044789	4.0
17151.37697455186	1500.0	26.435709526863416	0.0	681043	2072.0454836291838	1.5
17159.92444878259	4000.0	21.88823529613604	0.0	1955307	8547.47423072738	4.0
17163.001386877404	1500.0	22.811297201322702	0.0	691256	3076.9380948133376	1.5
17165.9323098939	1500.0	23.880374184826238	0.0	725845	2930.9230164964656	1.5
17169.19774979963	1500.0	24.614934279091752	0.0	811013	3265.439905734486	1.5
17171.860958754856	1500.0	25.951725323867873	0.0	657685	2663.208955223881	1.5
17174.088682540696	1500.0	27.72400153802911	0.0	767059	2227.723785838761	1.5
17176.32228548654	1500.0	29.490398592184402	0.0	848035	2233.6029458447088	1.5
17178.00075669472	1500.0	31.811927384007145	0.0	629438	1678.4712081772586	1.5
17183.333347468295	4000.0	30.47933661043237	0.0	2042818	5332.590773574776	4.0
17188.411319279177	4000.0	29.401364799549228	0.0	1750852	5077.971810883141	4.0
17194.266635415854	4000.0	27.54604866287762	0.0	2034636	5855.316136671608	4.0

