11901.384170283223	600.0	4.0	0.8045506523970092	247108	804.5506523970092	-15.491013047940184
11903.611670649738	1500.0	5.772499633484825	0.0	732405	2227.500366515174	1.5
11905.579508210212	1500.0	7.804662073009822	0.0	643847	1967.8375604750038	1.5
11906.479599105975	600.0	10.904571177246737	0.0	279692	900.0908957630847	0.6
11907.493039950425	600.0	13.891130332795775	0.0	318350	1013.4408444509603	0.6
11907.859385061112	200.0	17.524785222108193	0.0	97658	366.34511068758246	0.2
11908.90093908545	600.0	20.483231197771584	0.0	327938	1041.5540243366077	0.6
11909.296652323977	200.0	24.08751795924351	0.0	107674	395.71323852807507	0.2
11919.56996976777	8000.0	17.814200515451265	0.0	3448932	10273.317443792244	8.0
11930.680777793212	8000.0	10.703392490009563	0.0	3624869	11110.808025441704	8.0
11931.052486359942	200.0	14.331683923278531	0.0	95365	371.7085667310303	0.2
11931.424124572803	200.0	17.96004571041983	0.0	95342	371.6382128586996	0.2
11932.858867361752	1500.0	20.52530292146948	0.0	606092	1434.7427889503517	1.5
11936.87478930021	4000.0	20.509380983013813	0.0	1805063	4015.9219384556677	4.0
11938.60000612269	1500.0	22.78416416053296	0.0	754517	1725.2168224808524	1.5
11938.885794233567	200.0	26.498376049655043	0.0	94377	285.78811087791985	0.2
11940.569701671764	1500.0	28.81446861145831	0.0	735572	1683.9074381967346	1.5
11949.33674891448	12000.0	24.047421368741627	0.0	4055239	8767.047242716684	12.0
11949.61087510216	200.0	27.77329518106147	0.0	90919	274.12618768015375	0.2
11950.354586002128	600.0	31.0295842810935	0.0	310849	743.7108999679728	0.6
11962.617454368548	12000.0	22.766715914672563	0.0	5251330	12262.868366420935	12.0
11963.794524117522	600.0	25.589646165698284	0.0	310841	1177.06974897428	0.6
11964.229842421664	200.0	29.154327861555696	0.0	100675	435.31830414258616	0.2
11964.612492088581	200.0	32.77167819463903	0.0	85752	382.649666916663	0.2
11965.916964669867	600.0	35.467205613353464	0.0	346939	1304.4725812855693	0.6
11976.647608750343	8000.0	28.73656153287604	0.0	3253093	10730.644080477423	8.0
11977.675910409798	600.0	31.70825987342043	0.0	324657	1028.3016594556111	0.6
11986.801312620953	8000.0	26.582857662266388	0.0	3354913	9125.402211154042	8.0
11987.596031351288	600.0	29.788138931932245	0.0	291029	794.7187303341469	0.6
11988.419539816237	600.0	32.96463046698159	0.0	302752	823.5084649506531	0.6
11990.359767287804	1500.0	35.024402995415535	0.0	757473	1940.2274715660542	1.5
11990.730837570685	200.0	38.65333271253422	0.0	118522	371.0702828813065	0.2
11992.367099178337	1500.0	41.01707110488431	0.0	633700	1636.261607649921	1.5
11993.292731018215	600.0	44.091439265004645	0.0	344336	925.6318398796643	0.6
12003.94781951964	8000.0	37.4363507635799	0.0	3707853	10655.08850142474	8.0
12008.320851958002	4000.0	37.0633183252188	0.0	1785821	4373.032438361104	4.0
12010.038048346061	1500.0	39.34612193716045	0.0	681043	1717.196388058356	1.5
12014.833066307325	4000.0	38.55110397589645	0.0	1955307	4795.01796126399	4.0
12028.274478758842	12000.0	29.109691524378945	0.0	5257310	13441.41245151751	12.0
12028.63787080331	200.0	32.74629947991134	0.0	101968	363.3920444676047	0.2
12042.512132112442	12000.0	22.872038170779028	0.0	4828747	13874.261309132311	12.0
12043.472034801209	600.0	25.91213548201158	0.0	302912	959.9026887674517	0.6
12047.580106976355	4000.0	25.80406330686555	0.0	1697030	4108.072175146026	4.0
12052.088975679906	4000.0	25.29519460331477	0.0	1910697	4508.868703550785	4.0
12053.62797114545	1500.0	27.7561991377723	0.0	629438	1538.995465542469	1.5
12055.955619953347	1500.0	29.42855032987488	0.0	763847	2327.648807897419	1.5
12068.884717300372	8000.0	20.499452982850002	0.0	4201994	12929.097347024877	8.0
12088.967033846122	12000.0	4.417136437100453	0.0	5646381	20082.31654574955	12.0

