20377.36677084467	600.0	4.0	0.9847432494279177	247108	984.7432494279177	0.19145222	-19.094864988558353
20377.807839952224	200.0	7.558930892448513	0.0	98617	441.0691075514875	0.004705182	0.2
20378.277683430486	200.0	11.089087414187643	0.0	106476	469.8434782608696	0.004705182	0.2
20378.779578167327	200.0	14.587192677345538	0.0	115230	501.89473684210526	0.004705182	0.2
20379.217136062063	200.0	18.149634782608697	0.0	97658	437.5578947368421	0.004705182	0.2
20379.6546939568	200.0	21.712076887871856	0.0	97658	437.5578947368421	0.004705182	0.2
20380.158646359545	200.0	25.20812448512586	0.0	115792	503.9524027459954	0.004705182	0.2
20380.632876107826	200.0	28.733894736842107	0.0	107674	474.2297482837529	0.004705182	0.2
20381.06181889959	200.0	32.30495194508009	0.0	95305	428.9427917620137	0.004705182	0.2
20381.52781432293	200.0	35.838956521739135	0.0	105425	465.9954233409611	0.005241525	0.2
20381.956976794325	200.0	39.40979405034325	0.0	95365	429.162471395881	0.004705182	0.2
20382.386055055194	200.0	42.98071578947369	0.0	95342	429.0782608695652	0.004705182	0.2
20382.84104452888	200.0	46.52572631578948	0.0	102419	454.98947368421057	0.0047121444	0.2
20383.217125078078	200.0	50.149645766590396	0.0	80867	376.08054919908466	0.004705182	0.2
20383.600099906453	200.0	53.76667093821511	0.0	82750	382.97482837528605	0.0050602844	0.2
20384.025644986545	200.0	57.341125858123576	0.0	94377	425.54508009153324	0.47230333	0.2
20385.43469212613	200.0	59.93207871853547	0.0	89871	409.0471395881007	0.0065166084	0.2
20399.14788634468	12000.0	50.218884499990224	0.0	4055239	13713.194218545248	0.004705182	12.0
20399.55508022682	200.0	53.811690617848974	0.0	90919	407.19388214125064	0.027866501	0.2
20399.944125660917	200.0	57.42264518375091	0.0	85876	389.04543409806575	0.29691312	0.2
20415.30014658968	12000.0	46.06662425498939	0.0	5251330	15356.020928761518	0.01087547	12.0
20415.6145785254	200.0	49.75219231926858	0.0	97742	314.4319357208173	0.012428672	0.2
20430.37069857664	12000.0	38.99607226803011	0.0	5141915	14756.120051238466	0.004705182	12.0
20430.72994146344	200.0	42.63682938123075	0.0	85752	359.24288679936507	0.004705182	0.2
20431.11785370344	200.0	46.248917141234	0.0	94556	387.9122399967436	0.004705182	0.2
20441.54890951859	8000.0	39.81786132608245	0.0	3253093	10431.055815151554	0.004705182	8.0
20456.08391412547	12000.0	29.28285671920737	0.0	5138482	14535.004606875078	0.0082133515	12.0
20465.02724389619	8000.0	24.339526948487485	0.0	3354913	8943.329770719887	0.004705182	8.0
20465.355369288038	200.0	28.011401556637953	0.0	93993	328.1253918495298	0.023828678	0.2
20465.69165174968	200.0	31.67511909499796	0.0	97083	336.2824616399934	0.076044016	0.2
20466.019748103412	200.0	35.34702274126095	0.0	93982	328.0963537370071	0.08039551	0.2
20479.329553487078	8000.0	26.037217357598234	0.0	3568902	13309.805383662719	0.016504858	8.0
20480.944772432023	1500.0	28.42199841265244	0.0	633700	1615.2189449457935	0.07403365	1.5
20481.24140861396	200.0	32.12536223071313	0.0	89422	296.63618193931325	0.049770594	0.2
20481.583597457764	200.0	35.78317338691202	0.0	108225	342.1888438011023	0.02169608	0.2
20481.87628233451	200.0	39.49048851016319	0.0	87791	292.68487674883414	0.28757337	0.2
20482.20360351433	200.0	43.163167330343676	0.0	102088	327.3211798195143	0.49535805	0.2
20482.478390020297	200.0	46.888380824377954	0.0	80403	274.7865059657198	0.63092035	0.2
20498.096137710483	12000.0	35.270633134191044	0.0	5257310	15617.747690186918	0.004705182	12.0
20498.542624221252	200.0	38.82414662341987	0.0	101968	446.48651077116614	0.043131676	0.2
20513.31680083585	12000.0	28.0499700088241	0.0	4828747	14774.176614595775	0.05481911	12.0
20518.156271107702	4000.0	27.210499736972814	0.0	1830641	4839.470271851285	0.013452456	4.0
20522.967908586386	4000.0	26.398862258290286	0.0	1697030	4811.637478682529	0.027702285	4.0
20528.577145699786	4000.0	24.789625144888223	0.0	1910697	5609.237113402062	0.0178215	4.0
20537.568411599954	8000.0	19.798359244723432	0.0	3682991	8991.265900164793	0.005455626	8.0
20543.86902298501	4000.0	17.497747859664035	0.0	2042818	6300.611385059398	0.19502982	4.0
20550.362138054832	4000.0	15.004632789842224	0.0	1750852	6493.1150698218125	0.004705182	4.0
20555.064144216718	4000.0	14.302626627957881	0.0	2034636	4702.006161884344	0.077090465	4.0

