2209.1443015108675	600.0	4.0	0.7155862778510113	247108	715.5862778510112	-13.711725557020225
2210.0209372051736	600.0	7.123364305693984	0.0	309722	876.6356943060156	0.6
2210.8428514899692	600.0	10.301450020898304	0.0	288447	821.9142847956789	0.6
2212.770778699563	1500.0	12.373522811304374	0.0	718451	1927.92720959393	1.5
2214.7137398287146	1500.0	14.430561682152845	0.0	724296	1942.961129151529	1.5
2216.5680484163104	1500.0	16.576253094556794	0.0	689829	1854.3085875960521	1.5
2223.3248819752002	4000.0	13.819419535667047	0.0	2046450	6756.833558889745	4.0
2230.563496327948	4000.0	10.580805182918931	0.0	2058614	7238.6143527481145	4.0
2235.4778026811573	4000.0	9.666498829709788	0.0	1857129	4914.306353209144	4.0
2241.3542860407692	4000.0	7.7900154700976785	0.0	2373154	5876.48335961211	4.0
2246.0581745694303	4000.0	7.086126941436576	0.0	2094766	4703.888528661102	4.0
2250.107394161743	4000.0	7.036907349124231	0.0	1761739	4049.219592312346	4.0
2255.4848775396085	4000.0	5.659423971258078	0.0	2131310	5377.483377866153	4.0
2259.9958899300627	4000.0	5.148411580803847	0.0	1805063	4511.012390454231	4.0
2261.743998979268	1500.0	7.4003025315990545	0.0	754517	1748.109049204792	1.5
2263.8905571310133	1500.0	9.25374437985319	0.0	934743	2146.5581517458654	1.5
2265.596782000091	1500.0	11.547519510775798	0.0	735572	1706.224869077393	1.5
2270.7365254813603	4000.0	10.407776029506028	0.0	2192675	5139.743481269768	4.0
2276.9101021610722	4000.0	8.23419934979424	0.0	2082556	6173.5766797117885	4.0
2283.7748625848003	4000.0	5.369438926065772	0.0	2164412	6864.760423728468	4.0
2286.6354103192098	1500.0	6.508891191656656	0.0	835711	2860.5477344091164	1.5
2289.398415580288	1500.0	7.745885930578239	0.0	806394	2763.0052610784173	1.5
2291.908189813235	1500.0	9.236111697631303	0.0	809327	2509.7742329469356	1.5
2293.9430524550285	1500.0	11.20124905583785	0.0	681795	2034.862641793452	1.5
2296.4751328091315	1500.0	12.669168701735023	0.0	855209	2532.0803541028263	1.5
2298.404097201727	1500.0	14.740204309139642	0.0	644861	1928.9643925953803	1.5
2300.765101589969	1500.0	16.379199920897165	0.0	794014	2361.004388242478	1.5
2303.5333815076406	1500.0	17.610920003225893	0.0	914284	2768.2799176712733	1.5
2305.600176567917	1500.0	19.544124942949505	0.0	675709	2066.7950602763894	1.5
2307.760526465006	1500.0	21.383775045860414	0.0	707527	2160.3498970890914	1.5
2313.7072399220365	4000.0	19.437061588830296	0.0	2290706	5946.713457030118	4.0
2318.1561080556	4000.0	18.98819345526697	0.0	1947068	4448.868133563325	4.0
2325.6730928151965	4000.0	15.471208695670295	0.0	2544033	7516.984759596676	4.0
2332.915892975351	4000.0	12.228408535515365	0.0	2125133	7242.800160154929	4.0
2338.1805621229682	4000.0	10.96373938789885	0.0	1828568	5264.669147616516	4.0
2343.136342071103	4000.0	10.007959439763418	0.0	1785821	4955.779948135431	4.0
2348.6070859843217	4000.0	8.537215526545257	0.0	2096494	5470.74391321816	4.0
2353.717540475578	4000.0	7.426761035288771	0.0	1955307	5110.454491256485	4.0
2355.5771501233603	1500.0	9.567151387506827	0.0	691256	1859.6096477819435	1.5
2357.525807704335	1500.0	11.61849380653207	0.0	725845	1948.6575809747544	1.5
2359.693726737626	1500.0	13.45057477324111	0.0	811013	2167.9190332909625	1.5
2364.2198162914474	4000.0	12.924485219419799	0.0	1830641	4526.089553821311	4.0
2368.2366699959566	4000.0	12.907631514910593	0.0	1697030	4016.853704509207	4.0
2372.8340765338917	4000.0	12.310224976975409	0.0	1910697	4597.406537935183	4.0
2378.4852083854585	4000.0	10.659093125408647	0.0	2171279	5651.131851566761	4.0
2383.6064009145675	4000.0	9.537900596299634	0.0	2042818	5121.192529109015	4.0
2387.648781146254	4000.0	9.495520364613188	0.0	1750852	4042.3802316864458	4.0
2392.3362277450115	4000.0	8.808073765855722	0.0	2034636	4687.446598757465	4.0

