29608.993441779527	600.0	4.0	0.7667688031961092	247108	766.7688031961092	-14.735376063922184
29609.347520640047	200.0	7.645921139482369	0.0	98617	354.07886051763074	0.2
29610.229179837545	600.0	10.764261941983673	0.0	288447	881.6591974986973	0.6
29612.305917027054	1500.0	12.687524752475246	0.0	718451	2076.7371895084248	1.5
29618.13693735014	4000.0	10.856504429390306	0.0	2069289	5831.02032308494	4.0
29620.113237974194	1500.0	12.880203805335602	0.0	689829	1976.3006240547033	1.5
29625.797551196272	4000.0	11.195890583256013	0.0	2046450	5684.31322207959	4.0
29632.795349950968	4000.0	8.198091828559805	0.0	2058614	6997.798754696208	4.0
29634.05634063317	600.0	10.937101146355017	0.0	290723	1260.9906822047885	0.6
29637.23621825777	1500.0	11.75722352175807	0.0	763093	3179.877624596948	1.5
29644.25204501374	4000.0	8.741396765788217	0.0	2094766	7015.826755969852	4.0
29645.220576501306	600.0	11.772865278221868	0.0	285624	968.5314875663485	0.6
29652.63502913061	4000.0	8.358412648915028	0.0	2131310	7414.452629306841	4.0
29653.764451191135	600.0	11.228990588392401	0.0	266809	1129.4220605226285	0.6
29662.647489992964	4000.0	6.345951786561255	0.0	2157416	8883.038801831146	4.0
29663.139279466646	200.0	9.854162312877044	0.0	94377	491.7894736842105	0.2
29666.428756423287	1500.0	10.56468535623674	0.0	735572	3289.4769566403056	1.5
29669.850442986437	1500.0	11.142998793088212	0.0	772616	3421.686563148528	1.5
29677.763097601983	4000.0	7.230344177540858	0.0	2082556	7912.654615547354	4.0
29679.012224796923	600.0	9.981216982599507	0.0	310849	1249.1271949413506	0.6
29681.620682457626	1500.0	11.37275932189918	0.0	835711	2608.45766070033	1.5
29687.101345456347	4000.0	9.8920963231795	0.0	1950922	5480.662998719679	4.0
29689.42177453694	1500.0	11.571667242588475	0.0	809327	2320.4290805910236	1.5
29695.376135142884	4000.0	9.61730663664256	0.0	1822097	5954.360605945914	4.0
29698.27042197368	1500.0	10.723019805849283	0.0	855209	2894.2868307932786	1.5
29700.452251743147	1500.0	12.541190036381987	0.0	644861	2181.829769467294	1.5
29706.50709691783	4000.0	10.4863448616957	0.0	2068230	6054.845174686287	4.0
29709.22834346473	1500.0	11.765098314796722	0.0	914284	2721.24654689898	1.5
29716.109822462826	4000.0	8.88361931669934	0.0	2165436	6881.478998097381	4.0
29717.15957922445	600.0	11.833862555072944	0.0	302752	1049.7567616263939	0.6
29725.779039036042	4000.0	7.2144027434805125	0.0	2290706	8619.459811592433	4.0
29727.090750218285	600.0	9.902691561237766	0.0	293409	1311.7111822427455	0.6
29729.830980055092	1500.0	11.162461724432392	0.0	633700	2740.2298368053735	1.5
29736.22294277023	4000.0	8.770499009298419	0.0	2125133	6391.962715133973	4.0
29737.10193437867	600.0	11.891507400857703	0.0	284451	878.9916084407149	0.6
29742.28116196261	4000.0	10.712279816911296	0.0	1785821	5179.227583946407	4.0
29744.41970429835	1500.0	12.57373748117245	0.0	681043	2138.5423357388445	1.5
29750.40987772186	4000.0	10.583564057663931	0.0	1955307	5990.1734235085205	4.0
29752.899146565367	1500.0	12.094295214160217	0.0	691256	2489.2688435037126	1.5
29760.953437990134	4000.0	8.040003789395776	0.0	2094647	8054.291424764442	4.0
29762.074688284636	600.0	10.91875349489358	0.0	315398	1121.250294502197	0.6
29764.109647691625	1500.0	12.883794087904521	0.0	657685	2034.9594069890577	1.5
29769.234045484554	4000.0	11.759396294975323	0.0	1697030	5124.397792929199	4.0
29775.756457769614	4000.0	9.236984009913856	0.0	1910697	6522.412285061467	4.0
29778.147063927554	1500.0	10.846377851973234	0.0	629438	2390.6061579406232	1.5
29781.03107255418	1500.0	11.962369225350004	0.0	763847	2884.008626623228	1.5
29788.56826960356	4000.0	8.425172175969125	0.0	1750852	7537.19704938088	4.0
29789.992517665574	600.0	11.000924113953621	0.0	308883	1424.248062015504	0.6

