5613.916088522153	600.0	4.0	1.068086169840556	247108	1068.0861698405558	0.44066304	-20.761723396811117
5614.3904185066585	200.0	7.525670015494577	0.0	98617	474.3299845054231	0.004705182	0.2
5614.896173492414	200.0	11.019915029739591	0.0	106476	505.7549857549858	0.004705182	0.2
5615.436932226858	200.0	14.479156295296647	0.0	115230	540.758734442945	0.004705182	0.2
5615.907427553492	200.0	18.00866096866097	0.0	97658	470.49532663567754	0.004705182	0.2
5616.377922880128	200.0	21.53816564202529	0.0	97658	470.49532663567754	0.004705182	0.2
5616.920928828046	200.0	24.995159694107063	0.0	115792	543.0059479182287	0.004705182	0.2
5617.431474137189	200.0	28.484614384965262	0.0	107674	510.5453091418004	0.004705182	0.2
5617.892560756873	200.0	32.02352776528215	0.0	95305	461.08661968311094	0.004705182	0.2
5618.394113213513	200.0	35.52197530864197	0.0	105425	501.55245664017593	0.004705182	0.2
5618.855439749226	200.0	39.060648772929476	0.0	95365	461.32653571250063	0.004705182	0.2
5619.316674317127	200.0	42.59941420502824	0.0	95342	461.2345679012346	0.004705182	0.2
5619.806206980695	200.0	46.10988154146049	0.0	102419	489.5326635677513	0.004705182	0.2
5620.209561806506	200.0	49.706526715649524	0.0	80867	403.3548258109662	0.004705182	0.2
5620.620445997039	200.0	53.295642525116214	0.0	82750	410.88419053331336	0.004705182	0.2
5621.077821915467	200.0	56.83826660668766	0.0	94377	457.37591842855005	0.14557609	0.2
5622.017180140088	200.0	59.89890838206628	0.0	89871	439.35822462138253	0.005582872	0.2
5637.603165526207	12000.0	48.31292299594838	0.0	4055239	15585.985386117898	0.004705182	12.0
5637.974059783125	200.0	51.94202873902948	0.0	90919	370.894256918893	0.009176917	0.2
5638.328819021647	200.0	55.587269500507645	0.0	85876	354.75923852183655	0.13810743	0.2
5657.465490161293	12000.0	40.45059836086123	0.0	5251330	19136.671139646412	0.023221267	12.0
5657.9211590459645	200.0	43.99492947618948	0.0	97742	455.6688846717433	0.004705182	0.2
5658.388100841347	200.0	47.52798768080646	0.0	100675	466.94179538302626	0.6941812	0.2
5658.797686466753	200.0	51.11840205540109	0.0	85752	409.58562540536644	0.004705182	0.2
5659.241110041664	200.0	54.67497848048937	0.0	94556	443.4235749117202	0.004705182	0.2
5671.316909885416	8000.0	46.59917863673717	0.0	3253093	12075.799843752198	0.004705182	8.0
5690.5921531468575	12000.0	31.323935375295296	0.0	5138482	19275.24326144188	0.0058956807	12.0
5705.556856335824	8000.0	20.359232186329432	0.0	3354913	14964.703188965865	0.004705182	8.0
5705.930664799074	200.0	23.985423723077762	0.0	93993	373.8084632516704	0.004705182	0.2
5706.3141321534295	200.0	27.601956368723055	0.0	97083	383.46735435470634	0.004705182	0.2
5706.687906232279	200.0	31.22818228987337	0.0	93982	373.7740788496855	0.012292531	0.2
5717.8645056620535	8000.0	24.05158286009827	0.0	3568902	11176.5994297751	0.004705182	8.0
5719.878692342964	1500.0	26.037396179187947	0.0	633700	2014.1866809103224	0.029818166	1.5
5720.231627235468	200.0	29.684461286683035	0.0	89422	352.93489250491217	0.03623874	0.2
5720.6419528683255	200.0	33.27413565382597	0.0	108225	410.3256328570611	0.015322847	0.2
5720.989909603222	200.0	36.92617891892965	0.0	87791	347.9567348963202	0.12498506	0.2
5723.148597152105	1500.0	38.76749137004657	0.0	681043	2158.6875488830815	0.2769522	1.5
5723.474004145486	200.0	42.44208437666605	0.0	80403	325.4069933805155	0.28411332	0.2
5740.483967045568	12000.0	29.432121476584314	0.0	5257310	17009.96290008174	0.016492719	12.0
5740.921302831975	200.0	32.99478569017697	0.0	101968	437.3357864073417	0.06345222	0.2
5751.540436489385	8000.0	26.375652032767306	0.0	3189942	10619.133657409664	0.5146294	8.0
5757.754115834215	4000.0	24.1619726879376	0.0	1830641	6213.679344829707	0.025064783	4.0
5764.986657849914	4000.0	20.92943067223769	0.0	1697030	7232.542015699911	0.0049941493	4.0
5771.388468926264	4000.0	18.527619595887987	0.0	1910697	6401.8110763497025	0.012041469	4.0
5773.441126360695	1500.0	20.4749621614571	0.0	629438	2052.6574344308856	0.8266949	1.5
5780.71872449529	4000.0	17.19736402686253	0.0	2042818	7277.598134594569	0.14682949	4.0
5787.667739061442	4000.0	14.248349460710484	0.0	1750852	6949.014566152046	0.004705182	4.0
5796.405534332845	4000.0	9.510554189308127	0.0	2034636	8737.795271402356	0.09675592	4.0

