28173.345338518295	600.0	4.0	0.7105786283891548	247108	710.5786283891548	-13.611572567783096
28175.29431459485	1500.0	6.051023923444976	0.0	732405	1948.9760765550238	1.5
28177.017305344452	1500.0	8.328033173843702	0.0	643847	1722.9907496012759	1.5
28178.930673127546	1500.0	10.414665390749605	0.0	718451	1913.367783094099	1.5
28180.858956381133	1500.0	12.486382137161087	0.0	724296	1928.2832535885168	1.5
28182.699285567738	1500.0	14.646052950558216	0.0	689829	1840.3291866028708	1.5
28189.26293046938	4000.0	12.082408048918293	0.0	2046450	6563.644901639925	4.0
28196.539281044785	4000.0	8.806057473513068	0.0	2058614	7276.350575405225	4.0
28203.66121287496	4000.0	5.684125643336886	0.0	1857129	7121.931830176182	4.0
28205.569911314287	1500.0	7.775427204011481	0.0	763093	1908.6984393254052	1.5
28207.49352273327	1500.0	9.85181578502577	0.0	769316	1923.6114189857115	1.5
28209.35746306218	1500.0	11.987875456115846	0.0	744416	1863.9403289099243	1.5
28210.88991970179	1500.0	14.45541881650886	0.0	606092	1532.4566396069856	1.5
28212.762475194104	1500.0	16.58286332419241	0.0	748011	1872.5554923164486	1.5
28221.13139272448	4000.0	12.213945793817643	0.0	2157416	8368.917530374767	4.0
28230.051822583406	4000.0	7.293515934890709	0.0	2231719	8920.429858926935	4.0
28232.97846345028	1500.0	8.366875068017643	0.0	735572	2926.640866873065	1.5
28235.219423788458	1500.0	10.125914729836806	0.0	772616	2240.9603381808374	1.5
28236.976892086066	1500.0	12.36844643222711	0.0	747396	1757.468297609696	1.5
28238.54347945	1500.0	14.801859068294892	0.0	662349	1566.5873639322188	1.5
28240.499163436085	1500.0	16.846175082210276	0.0	835711	1955.6839860846146	1.5
28242.38904784861	1500.0	18.95629066968643	0.0	806394	1889.8844125238472	1.5
28246.798530274573	4000.0	18.546808243721163	0.0	1849252	4409.482425965266	4.0
28251.309363291275	4000.0	18.035975227018273	0.0	1822097	4510.833016702889	4.0
28255.81711734911	4000.0	17.52822116918341	0.0	1836837	4507.754057834863	4.0
28260.569257189905	4000.0	16.776081328387683	0.0	1984579	4752.139840795727	4.0
28265.563916064148	4000.0	15.781422454149691	0.0	2068230	4994.65887423799	4.0
28270.787485001347	4000.0	14.557853516947846	0.0	2055338	5223.568937201846	4.0
28276.873240423432	4000.0	12.472098094863567	0.0	2165436	6085.755422084279	4.0
28284.172418505623	4000.0	9.172920012671785	0.0	2002600	7299.178082191781	4.0
28287.46115264599	1500.0	9.88418587230541	0.0	757473	3288.734140366374	1.5
28290.765777433768	1500.0	10.57956108452952	0.0	712239	3304.6247877758915	1.5
28293.714821010453	1500.0	11.630517507845875	0.0	633700	2949.043576683645	1.5
28296.346045500726	1500.0	12.999293017573123	0.0	755142	2631.2244902727516	1.5
28298.044411024628	1500.0	15.300927493671626	0.0	670327	1698.365523901497	1.5
28300.02088374312	1500.0	17.324454775178143	0.0	785519	1976.4727184934816	1.5
28301.745120826654	1500.0	19.600217691643618	0.0	681043	1724.2370835345243	1.5
28303.916489730567	1500.0	21.428848787732466	0.0	866245	2171.368903911154	1.5
28318.17777020727	4000.0	11.167568311032486	0.0	2142800	14261.28047669998	4.0
28320.15366938449	1500.0	13.19166913380903	0.0	725845	1975.8991772234558	1.5
28322.352026443394	1500.0	14.99331207490868	0.0	811013	2198.3570589003525	1.5
28324.149892448353	1500.0	17.195446069945902	0.0	657685	1797.8660049627792	1.5
28326.21412016748	1500.0	19.131218350822454	0.0	767059	2064.2277191234452	1.5
28328.239461319325	1500.0	21.105877198977986	0.0	848035	2025.341151844471	1.5
28333.30024441299	4000.0	20.04509410531356	0.0	2171279	5060.783093664425	4.0
28338.096930504922	4000.0	19.248408013381574	0.0	2042818	4796.686091931987	4.0
28342.26340967402	4000.0	19.081928844283663	0.0	1750852	4166.479169097911	4.0
28360.54795479949	12000.0	4.797383718811117	0.0	5646381	18284.545125472545	12.0

