6575.0283416429365	600.0	4.0	0.8903230037711101	247108	890.32300377111	-17.2064600754222
6575.431729083501	200.0	7.596612559435973	0.0	98617	403.3874405640269	0.2
6577.6230489720065	1500.0	9.405292670929661	0.0	643847	2191.3198885063125	1.5
6578.620222279106	600.0	12.408119363830135	0.0	279692	997.1733070995245	0.6
6579.744163908882	600.0	15.284177734054763	0.0	318350	1123.9416297753733	0.6
6580.144406571613	200.0	18.88393507132317	0.0	97658	400.2426627315954	0.2
6580.6041147204905	200.0	22.424226922446305	0.0	115792	459.70814887686504	0.2
6581.0372021118665	200.0	25.99113953107067	0.0	107674	433.0873913756354	0.2
6582.070548562104	600.0	28.957793080832925	0.0	290723	1033.3464502377437	0.6
6594.767618140535	12000.0	20.260723502401326	0.0	5088378	12697.069578431598	12.0
6596.622983392874	1500.0	22.405358250062683	0.0	769316	1855.3652523386454	1.5
6597.361776802033	600.0	25.66656484090297	0.0	285624	738.7934091597111	0.6
6598.120881301161	600.0	28.907460341775117	0.0	294430	759.1044991278525	0.6
6598.816277803921	600.0	32.21206383901452	0.0	266809	695.3965027605991	0.6
6599.087141157869	200.0	35.94120048506679	0.0	82750	270.8633539477288	0.2
6611.298202009469	12000.0	27.730139633467957	0.0	5443841	12211.060851598832	12.0
6615.327090629486	4000.0	27.701251013450477	0.0	1835863	4028.8886200174766	4.0
6624.171498591613	12000.0	22.856843051323253	0.0	4055239	8844.407962127227	12.0
6625.8694625215985	1500.0	25.15887912133775	0.0	747396	1697.9639299855016	1.5
6627.398209479904	1500.0	27.6301321630329	0.0	662349	1528.746958304853	1.5
6639.293904163594	12000.0	19.734437479343107	0.0	5251330	11895.694683689791	12.0
6639.610085089366	200.0	23.418256553571002	0.0	97742	316.18092577210604	0.2
6639.933353231026	200.0	27.094988411911256	0.0	100675	323.26814165974474	0.2
6640.220561869552	200.0	30.807779773385242	0.0	85752	287.2086385260138	0.2
6641.138895177714	600.0	33.88944646522244	0.0	346939	918.3333081628031	0.6
6641.4632120243505	200.0	37.56512961858648	0.0	101109	324.31684663595865	0.2
6653.313501118354	12000.0	29.714840524583124	0.0	5138482	11850.28909400336	12.0
6661.207299732121	8000.0	25.821041910815737	0.0	3354913	7893.798613767389	8.0
6661.513577605191	200.0	29.51476403774541	0.0	93993	306.27787307032594	0.2
6674.699523440429	12000.0	20.32881820250698	0.0	5411094	13185.945835238432	12.0
6675.007995544476	200.0	24.02034609845933	0.0	93982	308.47210404764803	0.2
6679.707543564134	4000.0	23.32079807880222	0.0	1947068	4699.548019657111	4.0
6688.532445883746	8000.0	18.495895759189064	0.0	3713878	8824.902319613155	8.0
6688.827473687407	200.0	22.200867955528	0.0	89422	295.02780366106583	0.2
6689.167715954984	200.0	25.86062568795158	0.0	108225	340.2422675764225	0.2
6693.5419742735385	4000.0	25.486367369396767	0.0	1785821	4374.25831855481	4.0
6693.867459259562	200.0	29.160882383373742	0.0	102088	325.4849860230244	0.2
6694.14079960643	200.0	32.88754203650428	0.0	80403	273.340346869458	0.2
6707.224164760021	12000.0	23.804176882913403	0.0	5257310	13083.365153590878	12.0
6708.869714784531	1500.0	26.158626858402577	0.0	725845	1645.5500245108249	1.5
6719.476540795266	12000.0	19.55180084766734	0.0	4828747	10606.826010735234	12.0
6720.25655119448	600.0	22.77179044845306	0.0	302912	780.0103992142815	0.6
6724.258279774988	4000.0	22.77006186794581	0.0	1697030	4001.7285805072506	4.0
6728.58467252149	4000.0	22.443669121444028	0.0	1910697	4326.3927465017805	4.0
6735.862319551573	8000.0	19.166022091360116	0.0	3682991	7277.647030083913	8.0
6744.098302312231	8000.0	14.930039330703	0.0	3954105	8235.982760657114	8.0
6745.792231131789	1500.0	17.236110511144766	0.0	769491	1693.9288195582358	1.5
6757.98954006568	12000.0	9.038801577253988	0.0	5646381	12197.308933890778	12.0

