30311.96628557371	600.0	4.0	0.9847432494279177	247108	984.7432494279177	-19.094864988558353
30313.180279166387	600.0	6.786006407322655	0.0	309722	1213.9935926773455	0.6
30314.31637802222	600.0	9.649907551487415	0.0	288447	1136.0988558352403	0.6
30317.026862232746	1500.0	10.939423340961099	0.0	718451	2710.4842105263156	1.5
30319.758746900938	1500.0	12.207538672768878	0.0	724296	2731.88466819222	1.5
30322.323583354624	1500.0	13.64270221908119	0.0	689829	2564.8364536876875	1.5
30324.98304371162	1500.0	14.983241862086587	0.0	737903	2659.460356994604	1.5
30327.790720187993	1500.0	16.175565385715085	0.0	780303	2807.6764763715014	1.5
30330.98697458488	1500.0	16.979310988826224	0.0	891463	3196.25439688886	1.5
30333.75994965463	1500.0	18.206335919075123	0.0	763093	2772.975069751104	1.5
30336.564277041645	1500.0	19.402008532062595	0.0	769316	2804.3273870125277	1.5
30339.280427721118	1500.0	20.685857852588466	0.0	744416	2716.150679474127	1.5
30341.506740854667	1500.0	22.459544719039705	0.0	606092	2226.3131335487583	1.5
30343.889087976007	1500.0	24.077197597697317	0.0	748011	2382.3471213423863	1.5
30346.2071391801	1500.0	25.75914639360396	0.0	754517	2318.0512040933613	1.5
30349.05977743301	1500.0	26.906508140698005	0.0	934743	2852.638252905953	1.5
30355.06263947125	4000.0	24.90364610245968	0.0	1835863	6002.862038238325	4.0
30357.92189619914	1500.0	26.04438937456562	0.0	772616	2859.2567278940624	1.5
30360.690431462972	1500.0	27.275854110733246	0.0	747396	2768.5352638323707	1.5
30363.23415952582	1500.0	28.732126047887473	0.0	662349	2543.728062845774	1.5
30366.74711870425	1500.0	29.219166869453584	0.0	835711	3512.95917843389	1.5
30374.681266714117	4000.0	25.28501885958896	0.0	1950922	7934.148009864624	4.0
30377.832643578997	1500.0	26.133641994713837	0.0	809327	3151.3768648751216	1.5
30380.500039513627	1500.0	27.466246060082305	0.0	681795	2667.3959346315314	1.5
30383.81280076332	1500.0	28.153484810387567	0.0	855209	3312.76124969474	1.5
30386.3031018823	1500.0	29.663183691411696	0.0	644861	2490.3011189758686	1.5
30389.350893131395	1500.0	30.615392442316924	0.0	794014	3047.7912490947742	1.5
30392.848218335213	1500.0	31.11806723849512	0.0	914284	3497.3252038218047	1.5
30395.549610059687	1500.0	32.41667551402542	0.0	675709	2701.3917244696936	1.5
30403.44153482125	4000.0	28.52475075246223	0.0	2002600	7891.924761563199	4.0
30406.19605054452	1500.0	29.770235029191788	0.0	757473	2754.51572327044	1.5
30408.790852265804	1500.0	31.175433307907443	0.0	712239	2594.801721284343	1.5
30411.108345369634	1500.0	32.85794020407869	0.0	633700	2317.493103828754	1.5
30418.47566270345	4000.0	29.49062287026098	0.0	2125133	7367.3173338177085	4.0
30424.8809623028	4000.0	27.085323270910184	0.0	1828568	6405.2995993507975	4.0
30431.93614441392	4000.0	24.030141159788222	0.0	1785821	7055.182111121961	4.0
30434.626045804245	1500.0	25.34023976946612	0.0	681043	2689.9013903221025	1.5
30437.85846358162	1500.0	26.107821992092692	0.0	866245	3232.417777373425	1.5
30440.454065637754	1500.0	27.51221993595841	0.0	691256	2595.602056134286	1.5
30443.175543143097	1500.0	28.79074243061337	0.0	725845	2721.47750534504	1.5
30446.24817120894	1500.0	29.718114364771427	0.0	811013	3072.6280658419405	1.5
30453.13131516769	4000.0	26.83497040602195	0.0	1830641	6883.143958749478	4.0
30459.114108033562	4000.0	24.852177540152685	0.0	1697030	5982.792865869264	4.0
30462.095915172293	1500.0	25.870370401420033	0.0	848035	2981.807138732651	1.5
30464.329726844913	1500.0	27.636558728800857	0.0	629438	2233.811672619175	1.5
30467.02441951727	1500.0	28.94186605644545	0.0	763847	2694.692672355411	1.5
30473.097922298613	4000.0	26.868363275101846	0.0	1750852	6073.502781343604	4.0
30476.1319454757	1500.0	27.834340098015495	0.0	808636	3034.0231770863497	1.5

