19237.18984304223	600.0	4.0	0.8055611832929604	247108	805.5611832929604	-15.51122366585921
19238.1792521298	600.0	7.010590912427512	0.0	309722	989.4090875724877	0.6
19240.149722657585	1500.0	9.040120384643618	0.0	643847	1970.4705277838948	1.5
19242.33924625738	1500.0	10.850596784849152	0.0	718451	2189.5235997944656	1.5
19244.545932009416	1500.0	12.643911032812158	0.0	724296	2206.6857520369963	1.5
19246.651415383123	1500.0	14.538427659105924	0.0	689829	2105.483373706232	1.5
19248.603570857267	1500.0	16.58627218496059	0.0	737903	1952.1554741453353	1.5
19250.629372643343	1500.0	18.5604703988845	0.0	780303	2025.8017860760874	1.5
19252.932368450896	1500.0	20.257474591331864	0.0	891463	2302.9958075526397	1.5
19254.915254537893	1500.0	22.274588504334684	0.0	763093	1982.886086997179	1.5
19256.913658602538	1500.0	24.276184439686833	0.0	769316	1998.4040646478502	1.5
19263.352927151744	4000.0	21.836915890483475	0.0	1761739	6439.268549203361	4.0
19265.679376373388	1500.0	23.51046666883781	0.0	606092	2326.449221645664	1.5
19270.8187671873	4000.0	22.3710758549278	0.0	1805063	5139.390813910009	4.0
19272.773052546712	1500.0	24.41679049551156	0.0	754517	1954.2853594162398	1.5
19275.175034847598	1500.0	26.014808194626603	0.0	934743	2401.9823008849557	1.5
19280.220075786627	4000.0	24.969767255596427	0.0	1835863	5045.040939030177	4.0
19282.59423657647	1500.0	26.595606465751576	0.0	772616	2374.160789844852	1.5
19288.709313187253	4000.0	24.480529854972154	0.0	2082556	6115.076610779418	4.0
19294.21390466595	4000.0	22.975938376275415	0.0	2164412	5504.591478696742	4.0
19296.388418450413	1500.0	24.80142459181426	0.0	835711	2174.513784461153	1.5
19301.49559029763	4000.0	23.694252744598458	0.0	1950922	5107.1718472158045	4.0
19306.408814512728	4000.0	22.781028529498325	0.0	1849252	4913.224215100135	4.0
19312.681662655323	4000.0	20.50818038690365	0.0	1822097	6272.8481425946775	4.0
19319.498182471594	4000.0	17.691660570631285	0.0	1836837	6816.519816272364	4.0
19321.426517536624	1500.0	19.76332550560316	0.0	644861	1928.3350650281252	1.5
19323.78236290225	1500.0	21.407480139976702	0.0	794014	2355.8453656264555	1.5
19326.48293257012	1500.0	22.70691047210382	0.0	914284	2700.569667872882	1.5
19328.49968582153	1500.0	24.690157220697564	0.0	675709	2016.7532514062557	1.5
19330.428043426095	1500.0	26.761799616134805	0.0	707527	1928.3576045627613	1.5
19332.465306390193	1500.0	28.72453665203539	0.0	757473	2037.2629640994173	1.5
19337.576408601075	4000.0	27.61343444115378	0.0	1947068	5111.102210881607	4.0
19339.583138159993	1500.0	29.606704882234972	0.0	633700	2006.7295589188122	1.5
19349.973979736886	4000.0	23.215863305340672	0.0	2125133	10390.841576894298	4.0
19351.661285815295	1500.0	25.528557226932808	0.0	670327	1687.3060784078648	1.5
19356.02331674684	4000.0	25.166526295389826	0.0	1785821	4362.03093154298	4.0
19357.736317586066	1500.0	27.453525456161916	0.0	681043	1713.0008392279105	1.5
19362.655635691546	4000.0	26.534207350682756	0.0	1955307	4919.318105479159	4.0
19368.12531059565	4000.0	25.06453244657661	0.0	2142800	5469.674904106144	4.0
19373.299641870944	4000.0	23.890201171280037	0.0	2094647	5174.331275296573	4.0
19378.149811403193	4000.0	23.040031639032872	0.0	1985434	4850.169532247166	4.0
19382.928814077946	4000.0	22.261028964276605	0.0	1830641	4779.002674756269	4.0
19387.511264912027	4000.0	21.678578130197078	0.0	1697030	4582.450834079527	4.0
19392.70471854604	4000.0	20.48512449618466	0.0	1910697	5193.453634012418	4.0
19394.48143126253	1500.0	22.70841177969433	0.0	629438	1776.7127164903297	1.5
19400.06753846518	4000.0	21.12230457704705	0.0	2042818	5586.107202647284	4.0
19404.226104673227	4000.0	20.963738368995802	0.0	1750852	4158.566208051248	4.0
19406.189802132645	1500.0	23.000040909579624	0.0	808636	1963.6974594161752	1.5

