29962.151709721482	600.0	4.0	1.032361315187282	247108	1032.361315187282	-20.04722630374564
29962.611782466272	200.0	7.53992725520896	0.0	98617	460.07274479103944	0.2
29965.173187259723	1500.0	8.978522461760809	0.0	643847	2561.4047934481514	1.5
29965.697286982715	200.0	12.45442273876912	0.0	115230	524.0997229916898	0.2
29966.153663714016	200.0	15.99804600746718	0.0	97658	456.3767313019391	0.2
29966.61004044532	200.0	19.541669276165237	0.0	97658	456.3767313019391	0.2
29969.53393975882	1500.0	20.61776996266409	0.0	737903	2923.899313501144	1.5
29970.028918441225	200.0	24.12279128026014	0.0	107674	494.97868240395036	0.2
29970.476226643077	200.0	27.675483078405392	0.0	95305	447.30820185475125	0.2
29989.547905376792	12000.0	12.60380434469191	0.0	5088378	19071.67873371348	12.0
29990.72952091743	600.0	15.42218880405247	0.0	329266	1181.6155406394412	0.6
29991.1285038336	200.0	19.023205887882426	0.0	95342	398.9829161700437	0.2
29993.34149268981	1500.0	20.81021703166994	0.0	606092	2212.9888562124875	1.5
29996.168566392385	1500.0	21.98314332909689	0.0	748011	2827.0737025730486	1.5
29996.552466133013	200.0	25.599243588467512	0.0	82750	383.8997406293754	0.2
29996.979066082517	200.0	29.172643638964452	0.0	94377	426.5999495030643	0.2
29997.389117727107	200.0	32.762591994371064	0.0	89871	410.05164459338494	0.2
30013.469282726284	12000.0	20.682426995194284	0.0	4055239	16080.164999176783	12.0
30013.867765955987	200.0	24.283943765489408	0.0	90919	398.4832297048779	0.2
30014.248583891007	200.0	27.903125830468827	0.0	85876	380.81793502057974	0.2
30014.730216258115	200.0	31.421493463361372	0.0	114656	481.6323671074525	0.2
30015.899071674525	600.0	34.25263804695013	0.0	310841	1168.8554164112445	0.6
30016.33172952548	200.0	37.81998019599996	0.0	100675	432.65785095017077	0.2
30018.80001221223	1500.0	39.3516975092498	0.0	681795	2468.2826867501535	1.5
30025.854826292296	4000.0	36.296883429181435	0.0	1836837	7054.814080068367	4.0
30026.901378910232	600.0	39.25033081124468	0.0	221407	1046.5526179367548	0.6
30046.63477570592	12000.0	23.516934015559062	0.0	5138482	19733.39679568562	12.0
30059.683128835004	8000.0	14.468580886474108	0.0	3354913	13048.353129084953	8.0
30060.110134534258	200.0	18.041575187219394	0.0	93993	427.00569925471285	0.2
30060.5485479725	200.0	21.603161748976703	0.0	97083	438.4134382426913	0.2
30061.515959311015	600.0	24.63575041045943	0.0	240372	967.4113385172708	0.6
30062.67917396756	600.0	27.472535753914514	0.0	293409	1163.2146565449134	0.6
30084.333973793287	12000.0	9.81773592819037	0.0	5639869	21654.799825724145	12.0
30084.783104856237	200.0	13.368604865238874	0.0	89422	449.1310629514964	0.2
30085.309854082247	200.0	16.841855639232683	0.0	108225	526.749226006192	0.2
30086.528120336116	600.0	19.623589385362713	0.0	275745	1218.266253869969	0.6
30087.7843721421	600.0	22.36733757937716	0.0	284947	1256.2518059855522	0.6
30088.196273070895	200.0	25.95543665058459	0.0	80403	411.9009287925697	0.2
30088.634242111144	200.0	29.51746761033691	0.0	86718	437.96904024767804	0.2
30089.13516264778	200.0	33.016547073701204	0.0	101968	500.9205366357069	0.2
30102.438307205066	8000.0	23.713402516413435	0.0	3189942	13303.14455728777	8.0
30103.777358485786	600.0	26.374351235694366	0.0	302912	1339.0512807190732	0.6
30110.20097373221	4000.0	23.950735989268352	0.0	1697030	6423.61524642601	4.0
30111.310763990405	600.0	26.840945731071347	0.0	278938	1109.7902581970052	0.6
30112.46202082605	600.0	29.689688895426777	0.0	290170	1151.2568356445695	0.6
30112.884625870003	200.0	33.26708385147099	0.0	92801	422.6050439557904	0.2
30119.43046013297	4000.0	30.72124958850214	0.0	1750852	6545.834262968851	4.0
30140.1476100726	12000.0	14.00409964887574	0.0	5646381	20717.149939626397	12.0

