31598.75075818051	600.0	4.0	0.6625614428007309	247108	662.5614428007309	0.24800257	-12.651228856014619
31599.063249487164	200.0	7.687508693345907	0.0	98617	312.49130665409325	0.004705182	0.2
31599.394268524116	200.0	11.356489656391819	0.0	106476	331.01903695408737	0.004705182	0.2
31599.745925269566	200.0	15.004832910944774	0.0	115230	351.6567454470443	0.004705182	0.2
31600.056155716906	200.0	18.694602463605822	0.0	97658	310.2304473389521	0.004705182	0.2
31600.36638616425	200.0	22.38437201626687	0.0	97658	310.2304473389521	0.004705182	0.2
31600.71936783455	200.0	26.031390345965697	0.0	115792	352.98167030117287	0.004705182	0.2
31601.05321117751	200.0	29.697547003005834	0.0	107674	333.84334295986326	0.004705182	0.2
31620.19779477816	12000.0	14.552963402353551	0.0	6619479	19144.583600652284	0.031408336	12.0
31620.54264843976	200.0	18.20810974075325	0.0	105425	344.8536616003015	0.004705182	0.2
31620.86222889448	200.0	21.88852928603651	0.0	95365	319.58045471674416	0.005470711	0.2
31621.18175156751	200.0	25.56900661300548	0.0	95342	319.5226730310262	0.004705182	0.2
31622.78440450056	1500.0	27.966353679956867	0.0	606092	1602.652933048612	0.004705182	1.5
31624.743593044714	1500.0	30.007165135804122	0.0	748011	1959.1885441527447	0.004705182	1.5
31626.719126269185	1500.0	32.031631911334834	0.0	754517	1975.5332244692877	0.004705182	1.5
31629.147431758443	1500.0	33.603326422074694	0.0	934743	2428.3054892601435	0.004705182	1.5
31650.41269155818	12000.0	16.33806662234271	0.0	5964284	21265.259799731986	0.004705182	12.0
31650.875994387185	200.0	19.874763793337273	0.0	103142	463.30282900543506	0.004705182	0.2
31651.29387332991	200.0	23.45688485061418	0.0	90919	417.87894272309194	0.26981267	0.2
31651.69301115682	200.0	27.057747023699143	0.0	85876	399.13782691503695	0.004705182	0.2
31654.878733273235	1500.0	27.872024907287194	0.0	835711	3185.722116411948	0.004705182	1.5
31657.955505698563	1500.0	28.795252481960862	0.0	806394	3076.7724253263345	0.004705182	1.5
31660.848950151867	1500.0	29.90180802865312	0.0	809327	2893.4444533077394	0.004705182	1.5
31663.021308599007	1500.0	31.72944958151487	0.0	681795	2172.3584471382537	0.004705182	1.5
31683.72311858224	12000.0	15.027639598285393	0.0	6078444	20701.809983229476	0.0121440105	12.0
31684.174441831485	200.0	18.576316349037107	0.0	101109	451.32324924828424	0.004705182	0.2
31685.446746098474	600.0	21.304012082046036	0.0	324657	1272.3042669910712	0.7773408	0.6
31685.907790466918	200.0	24.84296771360203	0.0	103756	461.0443684440058	0.004705182	0.2
31688.469334755024	1500.0	26.281423425494058	0.0	675709	2561.5442881079716	0.004705182	1.5
31691.15236519575	1500.0	27.598392984765	0.0	707527	2683.0304407290582	0.09027174	1.5
31694.033735419733	1500.0	28.71702276078608	0.0	757473	2881.37022397892	0.004705182	1.5
31696.74781627404	1500.0	30.002941906476394	0.0	712239	2714.0808543096873	0.004705182	1.5
31708.862448749875	8000.0	21.888309430641748	0.0	3713878	12114.632475834644	0.69669414	8.0
31711.20134346305	1500.0	23.549414717466497	0.0	755142	2338.894713175252	0.004705182	1.5
31713.096410648697	1500.0	25.65434753181749	0.0	670327	1895.0671856490098	0.018567536	1.5
31724.821669784447	8000.0	17.929088396065804	0.0	4086583	11725.259135751685	0.01493465	8.0
31727.072411248253	1500.0	19.678346932262468	0.0	681043	2250.741463803339	0.004705182	1.5
31729.913461489297	1500.0	20.837296691217006	0.0	866245	2841.05024104546	0.40825385	1.5
31737.545360792657	4000.0	17.205397387853456	0.0	2142800	7631.899303363549	0.71703035	4.0
31740.236372730877	1500.0	18.514385449635423	0.0	725845	2691.0119382180355	0.0058486275	1.5
31746.57723006271	4000.0	16.173528117800252	0.0	1985434	6340.857331835168	0.015834032	4.0
31752.4413180922	4000.0	14.30944008831491	0.0	1830641	5864.088029485342	0.54782116	4.0
31755.306761908723	1500.0	15.443996271787823	0.0	767059	2865.4438165270876	0.17874408	1.5
31762.16911867819	4000.0	12.581639502322	0.0	1910697	6862.356769465822	0.032121874	4.0
31768.41796305634	4000.0	10.332795124170142	0.0	2171279	6248.844378151857	0.5521913	4.0
31770.668137074383	1500.0	12.082621106129087	0.0	763847	2250.1740180410543	0.59531474	1.5
31776.425095900722	4000.0	10.325662279787581	0.0	1750852	5756.958826341506	0.015127423	4.0
31783.403402443317	4000.0	7.347355737194185	0.0	2034636	6978.3065425933955	0.6441211	4.0

