185.2434222810567	600.0	4.0	0.6518355245078897	247108	651.8355245078898	0.016075624	-12.436710490157795
185.55163303878368	200.0	7.691789242273036	0.0	98617	308.2107577269637	0.004705182	0.2
185.8780304006963	200.0	11.365391880360423	0.0	106476	326.3973619126134	0.004705182	0.2
186.22468549680426	200.0	15.01873678425247	0.0	115230	346.65509610795334	0.004705182	0.2
186.53067702136997	200.0	18.712745259686727	0.0	97658	305.99152456574245	0.004705182	0.2
186.8366685459357	200.0	22.406753735120983	0.0	97658	305.99152456574245	0.004705182	0.2
187.18462417284303	200.0	26.05879810821365	0.0	115792	347.9556269073343	0.004705182	0.2
187.51379384062338	200.0	29.729628440433316	0.0	107674	329.169667780333	0.004705182	0.2
187.8143402602586	200.0	33.42908202079808	0.0	95305	300.5464196352382	0.004705182	0.2
188.1383054907297	200.0	37.10511679032701	0.0	105425	323.9652304710664	0.015656237	0.2
188.4389907570695	200.0	40.80443152398722	0.0	95365	300.6852663397984	0.004705182	0.2
188.7396227988392	200.0	44.5037994822175	0.0	95342	300.6320417697169	0.004705182	0.2
189.0566318094118	200.0	48.186790471644905	0.0	102419	317.009010572598	0.012321232	0.2
189.32376708370637	200.0	51.919655197350345	0.0	80867	267.1352742945575	0.004705182	0.2
189.59525983041237	200.0	55.64816245064434	0.0	82750	271.4927467060066	0.014101468	0.2
203.49660734402406	12000.0	45.74681493703266	0.0	5443841	13901.347513611681	0.007484911	12.0
203.82433514142264	200.0	49.41908713963409	0.0	89871	327.7277973985701	0.004705182	0.2
213.46455110289858	12000.0	43.77887117815815	0.0	4055239	9640.21596147594	0.004705182	12.0
213.75036660940677	200.0	47.49305567164995	0.0	90919	285.815506508206	0.004705182	0.2
214.02476615666203	200.0	51.21865612439471	0.0	85876	274.3995472552349	0.13462245	0.2
227.47241341033927	12000.0	41.77100887071746	0.0	5251330	13447.647253677253	0.039326943	12.0
227.76816453126085	200.0	45.47525774979589	0.0	97742	295.75112092156996	0.017039306	0.2
239.3122038560662	12000.0	37.93121842499054	0.0	5141915	11544.039324805342	0.019931365	12.0
239.58928958348517	200.0	41.654132697571555	0.0	85752	277.0857274189841	0.004705182	0.2
239.88660973977107	200.0	45.35681254128565	0.0	94556	297.3201562859113	0.004705182	0.2
247.36902917858816	8000.0	41.87439310246858	0.0	3253093	7482.4194388170645	0.004705182	8.0
258.1299301603099	12000.0	35.11349212074681	0.0	5138482	10760.900981721765	0.004705182	12.0
265.21511214577197	8000.0	32.02831013528478	0.0	3354913	7085.181985462043	0.004705182	8.0
265.49137299377594	200.0	35.75204928728081	0.0	93993	276.2608480039672	0.55224574	0.2
280.36548466742954	12000.0	24.87793761362724	0.0	5411094	14874.111673653571	0.05145482	12.0
280.65121052353066	200.0	28.59221175752611	0.0	93982	285.72585610113146	0.021820026	0.2
288.58832520852803	8000.0	24.65509707252874	0.0	3568902	7937.114684997367	0.0077946186	8.0
290.1001526978308	1500.0	27.14326958322593	0.0	633700	1511.8274893028117	0.27261534	1.5
290.3821992147133	200.0	30.861223066343438	0.0	89422	282.04651688249334	0.4312151	0.2
290.70673058607167	200.0	34.53669169498507	0.0	108225	324.5313713583664	0.03625001	0.2
294.8217433662109	4000.0	34.421678914845835	0.0	1785821	4115.012780139241	0.50322753	4.0
295.1324083571024	200.0	38.111013923954324	0.0	102088	310.66499089150295	0.7085001	0.2
295.394076694837	200.0	41.84934558621973	0.0	80403	261.6683377345968	0.75599015	0.2
307.3502359546514	12000.0	33.89318632640535	0.0	5257310	11956.159259814385	0.004705182	12.0
307.66056800796065	200.0	37.5828542730961	0.0	101968	310.33205330923874	0.15908986	0.2
317.6966527230057	12000.0	31.546769558051032	0.0	4828747	10036.08471504507	0.0070757195	12.0
322.32807349288953	4000.0	30.91534878816719	0.0	1830641	4631.420769883843	0.0166921	4.0
326.6625477255089	4000.0	30.58087455554783	0.0	1697030	4334.474232619357	0.018382484	4.0
326.98569778583385	200.0	34.25772449522287	0.0	96988	323.1500603249714	0.028294655	0.2
335.91501273499466	8000.0	29.328409546062066	0.0	3682991	8929.3149491608	0.17929502	8.0
347.8904183330533	12000.0	21.353003948003394	0.0	5875126	11975.405598058673	0.17343763	12.0
352.3496221869007	4000.0	20.89380009415601	0.0	1750852	4459.203853847386	0.028849503	4.0
365.972845529665	12000.0	11.27057675139172	0.0	5646381	13623.22334276429	0.04053898	12.0

