170.9947049280875	600.0	4.0	0.6518355245078897	247108	651.8355245078898	-12.436710490157795
171.30291568581447	200.0	7.691789242273036	0.0	98617	308.2107577269637	0.2
172.8728495889978	1500.0	10.121855339089686	0.0	643847	1569.93390318335	1.5
174.61542548463134	1500.0	12.379279443456126	0.0	718451	1742.5758956335605	1.5
174.92141700919709	200.0	16.073287918890383	0.0	97658	305.99152456574245	0.2
176.59775839853194	1500.0	18.396946529555546	0.0	689829	1676.3413893348375	1.5
178.38534839578392	1500.0	20.609356532303554	0.0	737903	1787.5899972519924	1.5
180.27105673092515	1500.0	22.723648197162323	0.0	780303	1885.708335141233	1.5
180.5716031505604	200.0	26.423101777527084	0.0	95305	300.5464196352382	0.2
190.54957799174394	8000.0	20.445126936343534	0.0	3624869	9977.974841183548	8.0
192.47715576464353	1500.0	22.517549163443938	0.0	769316	1927.5777728995952	1.5
192.77298372163278	200.0	26.221721206454692	0.0	95342	295.8279569892473	0.2
194.22500862259486	1500.0	28.76969630549261	0.0	606092	1452.0249009620827	1.5
195.9982989451755	1500.0	30.996405982911966	0.0	748011	1773.2903225806451	1.5
196.2656220917516	200.0	34.72908283633585	0.0	82750	267.32314657611767	0.2
197.07991750771086	600.0	37.91478742037659	0.0	324375	814.2954159592531	0.6
197.93113878671483	600.0	41.063566141372625	0.0	340687	851.2212790039615	0.6
208.15352904825806	12000.0	34.84117587982937	0.0	4055239	10222.390261543254	12.0
209.11377970656946	600.0	37.88092522151799	0.0	330105	960.2506583113895	0.6
210.95998483306522	1500.0	40.0347200950222	0.0	662349	1846.2051264957836	1.5
222.83285216616287	12000.0	32.16185276192457	0.0	5251330	11872.867333097633	12.0
223.1374947770569	200.0	35.85721015103052	0.0	97742	304.6426108940474	0.2
234.76086748215042	12000.0	28.23383744593701	0.0	5141915	11623.37270509351	12.0
235.01899330979305	200.0	31.975711618294397	0.0	85752	258.1258276426142	0.2
235.81966217485157	600.0	35.17504275323584	0.0	346939	800.6688650585515	0.6
236.35957337366756	600.0	38.63513155441986	0.0	221407	539.9111988159841	0.6
247.13734132600896	12000.0	31.85736360207845	0.0	5138482	10777.767952341408	12.0
255.04479204338827	8000.0	27.94991288469913	0.0	3354913	7907.450717379321	8.0
255.41947558769206	200.0	31.575229340395335	0.0	93993	374.6835443037975	0.2
257.71768932755174	1500.0	33.277015600535634	0.0	707527	2298.2137398597015	1.5
258.5512951589583	600.0	36.443409769129126	0.0	240372	833.6058314065134	0.6
267.73272725590465	8000.0	31.261977672182773	0.0	3568902	9181.432096946353	8.0
268.03133095256504	200.0	34.96337397552235	0.0	99865	298.6036966604189	0.2
268.3070750046631	200.0	38.68762992342434	0.0	89422	275.74405209801216	0.2
276.6117409384672	8000.0	34.38296398962023	0.0	3707853	8304.665933804112	8.0
280.7267537186064	4000.0	34.26795120948099	0.0	1785821	4115.012780139241	4.0
281.4505835238682	600.0	37.54412140421925	0.0	284947	723.8298052617457	0.6
289.97779147270086	8000.0	33.016913455386586	0.0	3739359	8527.207948832654	8.0
301.18552865626	12000.0	25.809176271827397	0.0	5257310	11207.737183559191	12.0
302.760363321794	1500.0	28.234341606293423	0.0	725845	1574.8346655339744	1.5
314.7214131537661	12000.0	20.273291774321304	0.0	4828747	11961.049831972121	12.0
315.524849879443	600.0	23.46985504864438	0.0	302912	803.4367256769262	0.6
316.3907327943309	600.0	26.60397213375648	0.0	329059	865.8829148879004	0.6
321.03399995258394	4000.0	25.960704975503496	0.0	1910697	4643.267158252978	4.0
332.6236418382634	12000.0	18.371063089824055	0.0	5626380	11589.64188567944	12.0
334.25107941594644	1500.0	20.74362551214099	0.0	763847	1627.4375776830634	1.5
338.83032166254554	4000.0	20.16438326554189	0.0	1750852	4579.242246599105	4.0
352.3706791497464	12000.0	10.624025778341007	0.0	5646381	13540.357487200881	12.0

