5312.161941735655	600.0	4.0	0.5984129231898879	247108	598.4129231898879	-11.368258463797758
5312.891713849048	600.0	7.2702278866074	0.0	309722	729.7721133925995	0.6
5314.322453628242	1500.0	9.839488107413526	0.0	643847	1430.739779193874	1.5
5315.909706663671	1500.0	12.252235071984895	0.0	718451	1587.2530354286314	1.5
5320.330910345522	4000.0	11.831031390134529	0.0	2069289	4421.203681850366	4.0
5324.986389924048	4000.0	11.175551811608232	0.0	1863995	4655.479578526299	4.0
5330.612982507858	4000.0	9.548959227799175	0.0	2046450	5626.592583809057	4.0
5335.84793050566	4000.0	8.314011229997552	0.0	2058614	5234.947997801622	4.0
5340.436140667848	4000.0	7.7258010678091456	0.0	1857129	4588.210162188406	4.0
5342.369942053505	1500.0	9.79199968215195	0.0	763093	1933.8013856571963	1.5
5344.829975310785	1500.0	11.331966424872084	0.0	769316	2460.0332572798643	1.5
5347.212975426799	1500.0	12.948966308858317	0.0	744416	2383.0001160137676	1.5
5349.168042521427	1500.0	14.993899214229755	0.0	606092	1955.0670946285625	1.5
5351.562164490568	1500.0	16.599777245089417	0.0	748011	2394.1219691403385	1.5
5353.637165669892	1500.0	18.524776065764502	0.0	754517	2075.001179324915	1.5
5355.800129416914	1500.0	20.361812318741478	0.0	934743	2162.963747023022	1.5
5357.519264247905	1500.0	22.64267748775027	0.0	735572	1719.1348309912116	1.5
5362.485380040165	4000.0	21.67656169549111	0.0	2192675	4966.115792259161	4.0
5368.235390410907	4000.0	19.92655132474934	0.0	2082556	5750.010370741769	4.0
5374.123899629084	4000.0	18.03804210657118	0.0	2164412	5888.509218178161	4.0
5379.60026347163	4000.0	16.56167826402649	0.0	2379358	5476.363842544687	4.0
5384.129241845395	4000.0	16.032699890260435	0.0	1950922	4528.9783737660555	4.0
5388.533776258351	4000.0	15.62816547730497	0.0	1849252	4404.534412955465	4.0
5392.874807843145	4000.0	15.287133892511273	0.0	1822097	4341.031584793698	4.0
5397.262636319322	4000.0	14.89930541633414	0.0	1836837	4387.828476177131	4.0
5401.99915462819	4000.0	14.1627871074664	0.0	1984579	4736.5183088677395	4.0
5406.6196592794795	4000.0	13.542282456177283	0.0	2068230	4620.504651289117	4.0
5411.052805525376	4000.0	13.109136210280852	0.0	2055338	4433.1462458964315	4.0
5416.467024294536	4000.0	11.69491744112188	0.0	2165436	5414.218769158971	4.0
5422.51658181666	4000.0	9.645359918997986	0.0	2002600	6049.557522123894	4.0
5429.703443379227	4000.0	6.458498356430467	0.0	2290706	7186.86156256752	4.0
5432.0164300155875	1500.0	8.145511720070393	0.0	712239	2312.9866363600736	1.5
5434.083183944341	1500.0	10.078757791317013	0.0	633700	2066.75392875338	1.5
5435.851687869502	1500.0	12.310253866155241	0.0	755142	1768.5039251617727	1.5
5437.398265928055	1500.0	14.76367580760278	0.0	670327	1546.5780585524608	1.5
5439.196867341955	1500.0	16.965074393701695	0.0	785519	1798.6014139010817	1.5
5440.76689045117	1500.0	19.395051284486726	0.0	681043	1570.0231092149704	1.5
5445.214132009443	4000.0	18.94780972621387	0.0	1955307	4447.241558272855	4.0
5450.785498892872	4000.0	17.376442842784968	0.0	2142800	5571.366883428902	4.0
5456.089051950718	4000.0	16.072889784938095	0.0	2094647	5303.553057846871	4.0
5460.757263863597	4000.0	15.404677872060402	0.0	1985434	4668.211912877694	4.0
5465.096985821326	4000.0	15.064955914331097	0.0	1830641	4339.7219577293035	4.0
5469.893414516826	4000.0	14.268527218829968	0.0	1697030	4796.428695501129	4.0
5475.253303080162	4000.0	12.908638655493757	0.0	1910697	5359.888563336212	4.0
5480.452131393948	4000.0	11.709810341708174	0.0	2171279	5198.828313785584	4.0
5485.3797177719225	4000.0	10.782223963733278	0.0	2042818	4927.586377974893	4.0
5490.834860623583	4000.0	9.327081112072593	0.0	1750852	5455.142851660687	4.0
5496.864104395622	4000.0	7.297837340033256	0.0	2034636	6029.243772039336	4.0

