20121.149648140603	600.0	4.0	0.5968677281878317	247108	596.8677281878317	-11.337354563756636
20121.43592209673	200.0	7.713726043872723	0.0	98617	286.273956127278	0.2
20121.73863446633	200.0	11.411013674275107	0.0	106476	302.7123695976155	0.2
20122.059657291647	200.0	15.089990848955475	0.0	115230	321.02282531963294	0.2
20122.343925338817	200.0	18.805722801788374	0.0	97658	284.2680471670981	0.2
20123.86681811472	1500.0	21.28283002588438	0.0	689829	1522.8927759039925	1.5
20124.189016457072	200.0	24.960631683530732	0.0	115792	322.1983423536487	0.2
20125.901150742113	1500.0	27.24849739848877	0.0	780303	1712.134285041964	1.5
20126.589246540476	600.0	30.560401600125502	0.0	290723	688.0957983632703	0.6
20138.434714172436	12000.0	22.714933968167948	0.0	5088378	11845.467631957552	12.0
20143.595001917096	4000.0	21.554646223505884	0.0	2094766	5160.287744662066	4.0
20144.345736645722	600.0	24.803911494882875	0.0	285624	750.7347286230076	0.6
20145.849030742647	1500.0	27.30061739795623	0.0	606092	1503.2940969266444	1.5
20146.555581950564	600.0	30.594066190042412	0.0	266809	706.5512079138169	0.6
20147.255802104966	600.0	33.89384603564079	0.0	264113	700.2201544016203	0.6
20148.09753633457	600.0	37.052111806034425	0.0	324375	841.734229606364	0.6
20152.440319029076	4000.0	36.70932911153125	0.0	1835863	4342.78269450318	4.0
20161.24302172451	12000.0	31.906626416095335	0.0	4055239	8802.702695435908	12.0
20174.405833344248	12000.0	22.74381479635742	0.0	5385367	13162.811619737917	12.0
20175.10805245275	600.0	26.04159568785405	0.0	310849	702.2191085033716	0.6
20186.63899062072	12000.0	18.510657519887623	0.0	5251330	11530.938167966427	12.0
20188.770557483494	1500.0	20.379090657111345	0.0	806394	2131.5668627762766	1.5
20197.34515345028	8000.0	15.804494690330026	0.0	3805854	8574.595966781319	8.0
20198.038521666138	600.0	19.111126474468737	0.0	298925	693.3682158612908	0.6
20198.830410452432	600.0	22.31923768817552	0.0	346939	791.8887862932185	0.6
20206.031899922273	8000.0	19.11774821833325	0.0	3253093	7201.489469842269	8.0
20217.93067320149	12000.0	11.218974939117613	0.0	5138482	11898.773279215637	12.0
20225.608293676043	8000.0	7.541354464563264	0.0	3354913	7677.620474554349	8.0
20225.907612046787	200.0	11.242036093823447	0.0	93993	299.31837073981717	0.2
20227.638518698288	1500.0	13.511129442323544	0.0	707527	1730.9066514999054	1.5
20227.937811402197	200.0	17.21183673841081	0.0	93982	299.2927039127328	0.2
20236.176375060808	8000.0	12.973273079802158	0.0	3568902	8238.563658608651	8.0
20236.943489169607	600.0	16.206158971000743	0.0	310713	767.1141088014153	0.6
20237.78495754643	600.0	19.364690594176327	0.0	344336	841.468376824414	0.6
20239.347325967483	1500.0	21.8023221731237	0.0	670327	1562.3684210526314	1.5
20239.621467940062	200.0	25.528180200545194	0.0	87791	274.1419725785051	0.2
20240.331602836126	600.0	28.818045304481505	0.0	284947	710.1348960636886	0.6
20240.58940690512	200.0	32.560241235485485	0.0	80403	257.8040689960195	0.2
20253.051597291807	12000.0	24.098050848799982	0.0	5257310	12462.190386685501	12.0
20253.8351245481	600.0	27.314523592508234	0.0	284107	783.5272562917473	0.6
20267.429505325574	12000.0	17.720142815033206	0.0	4828747	13594.380777475026	12.0
20267.722837959773	200.0	21.42681018083251	0.0	101713	293.3326342006948	0.2
20268.010151061957	200.0	25.139497078649907	0.0	98843	287.3131021826047	0.2
20272.09764296731	4000.0	25.052005173294987	0.0	1910697	4087.4919053549197	4.0
20273.49782491658	1500.0	27.6518232240258	0.0	629438	1400.1819492691882	1.5
20275.20709490734	1500.0	29.942553233264892	0.0	763847	1709.2699907609106	1.5
20284.350534261666	8000.0	24.799113878937547	0.0	4201994	9143.439354327342	8.0
20295.818402206878	12000.0	17.33124593372597	0.0	5646381	11467.867945211576	12.0

