8175.677304408647	600.0	4.0	0.7547436685097959	247108	754.743668509796	-14.494873370195918
8176.603019474523	600.0	7.074284934125196	0.0	309722	925.7150658748037	0.6
8176.973758774134	200.0	10.703545634514303	0.0	106476	370.73929961089493	0.2
8179.015533639312	1500.0	12.661770769335792	0.0	718451	2041.7748651785107	1.5
8181.073268638288	1500.0	14.60403577035975	0.0	724296	2057.7349989760396	1.5
8182.056890728532	600.0	17.62041368011468	0.0	330929	983.622090245068	0.6
8182.453067941994	200.0	21.22423646665301	0.0	115792	396.1772134616698	0.2
8184.663733516436	1500.0	23.01357089221107	0.0	780303	2210.6655744419418	1.5
8185.003969710033	200.0	26.673334698614237	0.0	95305	340.23619359683255	0.2
8200.27540733952	12000.0	15.401897069125798	0.0	5088378	15271.43762948844	12.0
8200.65098101792	200.0	19.026323390726635	0.0	95365	375.5736783991632	0.2
8201.026483410264	200.0	22.650820998382137	0.0	95342	375.5023923444976	0.2
8202.985001125237	1500.0	24.69230328341013	0.0	606092	1958.5177149720087	1.5
8203.8919472539	600.0	27.785357154746546	0.0	266809	906.9461286635803	0.6
8204.22842208101	200.0	31.4488823276346	0.0	82750	336.47482711194624	0.2
8205.313787906322	600.0	34.36351650232418	0.0	324375	1085.3658253104236	0.6
8210.98688932214	4000.0	32.69041508650665	0.0	1835863	5673.101415817536	4.0
8223.247769162677	12000.0	24.429535245967767	0.0	4055239	12260.879840538879	12.0
8224.311084188836	600.0	27.366220219810224	0.0	330105	1063.315026157541	0.6
8224.646891162938	200.0	31.03041324570712	0.0	85876	335.8069741031036	0.2
8225.562877981773	600.0	34.114426426873685	0.0	280646	915.9868188334295	0.6
8227.852163885564	1500.0	35.825140523081686	0.0	806394	2289.285903791999	1.5
8241.954908312242	12000.0	25.72239609640318	0.0	5141915	14102.744426678508	12.0
8242.298552746439	200.0	29.378751662207065	0.0	85752	343.6444341961147	0.2
8242.669265069415	200.0	33.00803933923095	0.0	94556	370.712322976115	0.2
8243.429980659046	600.0	36.2473237495997	0.0	221407	760.7155896312523	0.6
8257.982983260152	12000.0	25.694321148495117	0.0	5138482	14553.002601104583	12.0
8269.356703975805	8000.0	18.32060043284003	0.0	3354913	11373.720715655088	8.0
8269.723382715392	200.0	21.953921693252923	0.0	93993	366.6787395871061	0.2
8270.099485957926	200.0	25.57781845072066	0.0	97083	376.1032425322633	0.2
8270.91262078703	600.0	28.764683621616026	0.0	240372	813.1348291046343	0.6
8273.164950415883	1500.0	30.512353992763018	0.0	712239	2252.329628853009	1.5
8283.726204052238	8000.0	23.951100356407878	0.0	3713878	10561.25363635514	8.0
8284.046021685494	200.0	27.631282723152765	0.0	89422	319.81763325511236	0.2
8285.92374746491	1500.0	29.753556943736072	0.0	670327	1877.7257794166944	1.5
8286.239190978153	200.0	33.43811343049437	0.0	87791	315.443513241703	0.2
8287.083380049557	600.0	36.59392435908974	0.0	284947	844.1890714046262	0.6
8290.048553490104	1500.0	37.62875091854421	0.0	866245	2965.1734405455313	1.5
8312.700326444721	12000.0	18.976977963925755	0.0	5257310	22651.772954618456	12.0
8313.176030543678	200.0	22.501273864968685	0.0	101968	475.7040989570701	0.2
8325.178641599727	8000.0	14.498662808921376	0.0	3189942	12002.611056047308	8.0
8327.65414332983	1500.0	16.02316107881757	0.0	657685	2475.501730103806	1.5
8333.019027150996	4000.0	14.658277257651308	0.0	1697030	5364.8838211662605	4.0
8333.951022645717	600.0	17.726281762929737	0.0	278938	931.99549472157	0.6
8334.291302507505	200.0	21.386001901142517	0.0	85214	340.2798617872211	0.2
8336.704416685769	1500.0	22.97288772287858	0.0	763847	2413.1141782639406	1.5
8337.566636871707	600.0	26.110667536940394	0.0	256094	862.2201859381861	0.6
8353.239779447817	12000.0	14.437524960831189	0.0	5646381	15673.142576109205	12.0

