23936.922404978093	600.0	4.0	0.6527799266953511	247108	652.7799266953512	-12.455598533907024
23937.230992632198	200.0	7.691412345893635	0.0	98617	308.5876541063642	0.2
23937.979593614422	600.0	10.94281136366929	0.0	288447	748.600982224347	0.6
23939.72491530014	1500.0	13.197489677952106	0.0	718451	1745.3216857171833	1.5
23949.630020923552	8000.0	7.292384054539507	0.0	4143114	9905.105623412599	8.0
23950.539170142925	600.0	10.383234835165574	0.0	330929	909.1492193739333	0.6
23952.468000848072	1500.0	12.454404130018297	0.0	737903	1928.8307051472777	1.5
23957.701189054573	4000.0	11.221215923519711	0.0	2058614	5233.188206498587	4.0
23962.406738020152	4000.0	10.515666957938054	0.0	1857129	4705.5489655816555	4.0
23964.387372837005	1500.0	12.535032141082251	0.0	763093	1980.6348168558043	1.5
23969.728277277627	4000.0	11.194127700461896	0.0	2094766	5340.904440620353	4.0
23974.27148330714	4000.0	10.650921670947678	0.0	1761739	4543.206029514219	4.0
23975.88696243818	1500.0	13.03544253990708	0.0	606092	1615.479131040598	1.5
23989.58896263946	8000.0	4.0	0.6665576613692993	5541092	13702.00020127638	-5.331153227385986
23989.888440467887	200.0	7.700522171570659	0.0	82750	299.4778284293411	0.2
23990.82878029383	600.0	10.76018234562785	0.0	324375	940.3398259428097	0.6
23992.859737939914	1500.0	12.729224699544138	0.0	735572	2030.9576460837131	1.5
23998.726232522306	4000.0	10.862730117152221	0.0	2192675	5866.494582391917	4.0
24000.73331796402	1500.0	12.855644675440164	0.0	747396	2007.0854417120572	1.5
24006.394036692865	4000.0	11.194925946591097	0.0	2164412	5660.718728849068	4.0
24012.833266697227	4000.0	8.755695942229911	0.0	2379358	6439.230004361186	4.0
24013.75332074763	600.0	11.835641891827912	0.0	310841	920.054050402	0.6
24018.926667657906	4000.0	10.662294981548364	0.0	1849252	5173.346910279548	4.0
24021.093702037753	1500.0	12.495260601705628	0.0	681795	2167.034379842737	1.5
24026.796421431656	4000.0	10.792541207801019	0.0	1836837	5702.719393904609	4.0
24028.745039880083	1500.0	12.843922759374097	0.0	644861	1948.618448426923	1.5
24033.824085139615	4000.0	11.764877499841798	0.0	2068230	5079.045259532299	4.0
24038.881797345333	4000.0	10.707165294122248	0.0	2055338	5057.71220571955	4.0
24040.639327136792	1500.0	12.949635502662465	0.0	675709	1757.5297914597816	1.5
24045.69102525	4000.0	11.897937389454917	0.0	2002600	5051.698113207548	4.0
24051.32006300974	4000.0	10.268899629710454	0.0	2290706	5629.037759744465	4.0
24053.07823931228	1500.0	12.510723327174595	0.0	712239	1758.1763025358584	1.5
24059.293688395588	4000.0	10.29527424386344	0.0	2544033	6215.449083311155	4.0
24062.18744526564	1500.0	11.401517373812206	0.0	755142	2893.7568700512343	1.5
24069.07764673877	4000.0	8.511315900680362	0.0	1828568	6890.201473131845	4.0
24069.88693793158	600.0	11.702024707874225	0.0	275745	809.291192806136	0.6
24075.511751472968	4000.0	10.077211166483059	0.0	2096494	5624.813541391167	4.0
24077.882798814942	1500.0	11.706163824510037	0.0	866245	2371.047341973023	1.5
24082.591336420155	4000.0	10.99762621929413	0.0	2142800	4708.537605215906	4.0
24084.120797873173	1500.0	13.468164766278143	0.0	725845	1529.461453015988	1.5
24090.711704183377	8000.0	10.877258456073848	0.0	3189942	6590.906310204295	8.0
24092.28614562968	1500.0	13.302817009770557	0.0	657685	1574.441446303292	1.5
24100.937570849856	8000.0	8.651391789598021	0.0	3735285	8651.425220172536	8.0
24101.697834846076	600.0	11.891127793378105	0.0	278938	760.2639962199156	0.6
24107.073072244526	4000.0	10.515890394929771	0.0	2171279	5375.237398448336	4.0
24109.015914928994	1500.0	12.573047710460127	0.0	763847	1942.842684469645	1.5
24113.318210774905	4000.0	12.270751864549467	0.0	1750852	4302.295845910659	4.0
24118.289383153467	4000.0	11.299579485986731	0.0	2034636	4971.1723785627355	4.0

