10625.669678354561	600.0	4.0	0.8700187827198977	247108	870.0187827198978	-16.800375654397953
10626.06496269297	200.0	7.604715661591335	0.0	98617	395.28433840866404	0.2
10627.067144685536	600.0	10.602533669024497	0.0	288447	1002.1819925668385	0.6
10628.041336429133	600.0	13.628341925428606	0.0	279692	974.1917435958918	0.6
10630.436953261646	1500.0	15.232725092914517	0.0	724296	2395.6168325140875	1.5
10632.722377071741	1500.0	16.947301282819804	0.0	689829	2285.4238100947127	1.5
10635.161496282068	1500.0	18.508182072493305	0.0	737903	2439.1192103264993	1.5
10637.455324525628	1500.0	20.214353828932563	0.0	780303	2293.8282435607425	1.5
10640.036842966849	1500.0	21.632835387711218	0.0	891463	2581.5184412213475	1.5
10642.258144638221	1500.0	23.411533716338514	0.0	763093	2221.3016713727006	1.5
10644.49690855902	1500.0	25.172769795540184	0.0	769316	2238.7639207983307	1.5
10649.137768237699	4000.0	24.531910116861898	0.0	1761739	4640.859678678287	4.0
10654.589774728034	4000.0	23.079903626526512	0.0	2131310	5452.006490335386	4.0
10658.520429862749	4000.0	23.149248491812163	0.0	1805063	3930.6551347143486	4.0
10662.886278809248	4000.0	22.783399545312868	0.0	2157416	4365.848946499298	4.0
10670.520772353797	4000.0	19.148906000765002	0.0	2231719	7634.493544547863	4.0
10678.254210241306	4000.0	15.41546811325456	0.0	1835863	7733.437887510445	4.0
10679.9458624583	1500.0	17.723815896261744	0.0	772616	1691.6522169928164	1.5
10681.584906563485	1500.0	20.08477179107681	0.0	747396	1639.044105184934	1.5
10683.04654535206	1500.0	22.6231330025027	0.0	662349	1461.6387885741105	1.5
10684.869811717128	1500.0	24.799866637432235	0.0	835711	1823.2663650704667	1.5
10689.152312588194	4000.0	24.51736576636701	0.0	1950922	4282.500871065224	4.0
10693.298278233377	4000.0	24.371400121183555	0.0	1849252	4145.965645183454	4.0
10697.580831100595	4000.0	24.088847253965653	0.0	1822097	4282.552867217903	4.0
10702.891842616535	4000.0	22.777835738026667	0.0	1836837	5311.011515938985	4.0
10708.220140329233	4000.0	21.449538025328636	0.0	1984579	5328.297712698033	4.0
10712.827479472517	4000.0	20.84219888204542	0.0	2068230	4607.339143283215	4.0
10717.456802784483	4000.0	20.21287557007837	0.0	2055338	4629.32331196705	4.0
10719.218298367412	1500.0	22.451379987149416	0.0	675709	1761.4955829289538	1.5
10724.281749904056	4000.0	21.387928450506386	0.0	2002600	5063.451536643027	4.0
10726.246714443061	1500.0	23.4229639114993	0.0	757473	1964.964539007092	1.5
10730.802647506047	4000.0	22.867030848512886	0.0	1947068	4555.933062986409	4.0
10732.306832468052	1500.0	25.362845886508197	0.0	633700	1504.1849620046917	1.5
10737.162881798744	4000.0	24.50679655581557	0.0	2125133	4856.049330692624	4.0
10742.521473030934	4000.0	23.148205323625884	0.0	1828568	5358.591232189686	4.0
10747.798492498137	4000.0	21.87118585642299	0.0	1785821	5277.019467202893	4.0
10751.836054998874	4000.0	21.833623355685607	0.0	2096494	4037.562500737385	4.0
10755.607098073946	4000.0	22.062580280613933	0.0	1955307	3771.0430750716737	4.0
10760.57838194502	4000.0	21.091296409539325	0.0	2142800	4971.2838710746055	4.0
10766.458820166521	4000.0	19.210858188040167	0.0	2094647	5880.438221499161	4.0
10771.964020959493	4000.0	17.705657395067416	0.0	1985434	5505.200792972747	4.0
10777.020110117184	4000.0	16.64956823737655	0.0	1830641	5056.08915769087	4.0
10778.74165100286	1500.0	18.92802735170019	0.0	767059	1721.5408856763588	1.5
10780.045532299931	1500.0	21.624146054627175	0.0	848035	1303.8812970730169	1.5
10783.259114945491	4000.0	22.410563409067258	0.0	2171279	3213.582645559915	4.0
10786.28730310226	4000.0	23.38237525230002	0.0	2042818	3028.18815676724	4.0
10790.083169987221	4000.0	23.586508367337178	0.0	1750852	3795.8668849628425	4.0
10799.79790868299	4000.0	17.871769671569936	0.0	2034636	9714.73869576724	4.0

