25668.47231136485	600.0	4.0	0.7370601432536188	247108	737.0601432536188	-14.141202865072376
25670.49977617465	1500.0	5.972535190201586	0.0	732405	2027.4648097984145	1.5
25672.291765272752	1500.0	8.180546092101109	0.0	643847	1791.9890981004771	1.5
25674.28212639817	1500.0	10.190184966679407	0.0	718451	1990.3611254217008	1.5
25676.288029377916	1500.0	12.18428198693766	0.0	724296	2005.902979741745	1.5
25678.202284608666	1500.0	14.270026756186327	0.0	689829	1914.2552307513338	1.5
25680.04740981849	1500.0	16.424901546364	0.0	737903	1845.1252098223235	1.5
25681.99257377863	1500.0	18.479737586222377	0.0	780303	1945.163960141626	1.5
25684.20344429867	1500.0	20.268867066181144	0.0	891463	2210.870520041233	1.5
25686.10747107011	1500.0	22.36484029473934	0.0	763093	1904.0267714418035	1.5
25688.026372723903	1500.0	24.445938640945474	0.0	769316	1918.901653793866	1.5
25690.065887616503	1500.0	26.406423748344775	0.0	744416	2039.5148926007003	1.5
25691.81383945689	1500.0	28.6584719079595	0.0	606092	1747.9518403852771	1.5
25693.95234926081	1500.0	30.519962104037926	0.0	748011	2138.5098039215686	1.5
25696.108763433498	1500.0	32.36354793135131	0.0	754517	2156.4141726866187	1.5
25698.76115559036	1500.0	33.71115577448857	0.0	934743	2652.392156862745	1.5
25700.520338802424	1500.0	35.95197256242309	0.0	735572	1759.1832120654788	1.5
25702.312056771378	1500.0	38.16025459346754	0.0	772616	1791.7179689555383	1.5
25704.047900247475	1500.0	40.42441111737399	0.0	747396	1735.8434760935488	1.5
25705.595323501744	1500.0	42.87698786310573	0.0	662349	1547.4232542682676	1.5
25707.526827399608	1500.0	44.94548396523952	0.0	835711	1931.5038978662126	1.5
25709.39337996888	1500.0	47.07893139597104	0.0	806394	1866.552569268475	1.5
25712.233717984036	1500.0	48.23859338081401	0.0	809327	2840.3380151570304	1.5
25714.688172731327	1500.0	49.78413863352395	0.0	681795	2454.4547472900613	1.5
25717.7465680994	1500.0	50.725743265451165	0.0	855209	3058.3953680727877	1.5
25720.095328983567	1500.0	52.37698238128111	0.0	644861	2348.7608841700535	1.5
25723.18723604853	1500.0	53.28507531632141	0.0	794014	3091.9070649596965	1.5
25726.735359329705	1500.0	53.7369520351455	0.0	914284	3548.1232811759132	1.5
25729.378503948006	1500.0	55.093807416842985	0.0	675709	2643.1446183025137	1.5
25732.163354616176	1500.0	56.308956748672486	0.0	707527	2784.8506681705067	1.5
25735.146731948902	1500.0	57.325579415946045	0.0	757473	2983.377332726445	1.5
25737.956728355486	1500.0	58.515583009362906	0.0	712239	2809.99640658314	1.5
25740.929715672195	1500.0	59.54259569265344	0.0	633700	2472.9873167094665	1.5
25744.752887417348	1500.0	59.719423947501085	0.0	755142	1823.1717451523546	1.5
25748.880271997215	1500.0	59.592039367630356	0.0	670327	1627.3845798707296	1.5
25752.85599012596	1500.0	59.616321238885575	0.0	785519	1975.7181287447795	1.5
25756.826610779302	1500.0	59.64570058554317	0.0	681043	2470.6206533424015	1.5
25760.119416553644	1500.0	59.52497747723049	0.0	866245	3120.7231083126744	1.5
25764.058534731997	1500.0	59.585859298875434	0.0	691256	1439.1181783550637	1.5
25768.0656603326	1500.0	59.578733698275755	0.0	725845	1507.1256005996781	1.5
25771.293145385047	1500.0	59.90415439454129	0.0	811013	1674.5793037344706	1.5
25775.302409901175	1500.0	59.89488987841225	0.0	657685	1509.2645161290322	1.5
25779.549363245827	1500.0	59.6479365337603	0.0	767059	1746.9533446519524	1.5
25783.572027391474	1500.0	59.625272388113366	0.0	848035	2522.66414564694	1.5
25787.569730186813	1500.0	59.627569592774805	0.0	629438	1997.7027953385634	1.5
25791.313631583507	1500.0	59.72036416966566	0.0	763847	2407.205423109148	1.5
25795.484564894392	1500.0	59.54943085877949	0.0	769491	2670.9333108861715	1.5
25799.287302325738	1500.0	59.746693427436234	0.0	808636	2802.7374313432524	1.5

