25944.113875169845	600.0	4.0	1.1454938421322125	247108	1145.4938421322124	-22.30987684264425
25945.529351495068	600.0	6.584523674778344	0.0	309722	1415.4763252216565	0.6
25946.853093107165	600.0	9.26078206268359	0.0	288447	1323.741612094753	0.6
25948.139084429553	600.0	11.97479074029159	0.0	279692	1285.9913223920016	0.6
25949.591763438908	600.0	14.522111730940255	0.0	318350	1452.6790093513355	0.6
25952.646205996916	1500.0	15.467669172932332	0.0	689829	3054.4425580079233	1.5
25955.61235961424	1500.0	16.50151555560873	0.0	737903	2966.1536173236022	1.5
25958.638984112702	1500.0	17.474891057142834	0.0	780303	3026.624498465896	1.5
25962.085377315438	1500.0	18.028497854405046	0.0	891463	3446.3932027377864	1.5
25965.014055145282	1500.0	19.09982002456076	0.0	763093	2928.677829844286	1.5
25967.924308760976	1500.0	20.189566408870157	0.0	769316	2910.253615690603	1.5
25970.74295721698	1500.0	21.370917952867764	0.0	744416	2818.6484560023914	1.5
25973.052722455763	1500.0	23.061152714082727	0.0	606092	2309.765238785036	1.5
25975.742257772647	1500.0	24.371617397198474	0.0	748011	2689.535316884253	1.5
25978.37810144458	1500.0	25.735773725267237	0.0	754517	2635.843671931236	1.5
25981.624440945787	1500.0	26.48943422406048	0.0	934743	3246.3395012067576	1.5
25984.19611050585	1500.0	27.917764663997815	0.0	735572	2571.6695600626667	1.5
25986.51025772678	1500.0	29.60361744307059	0.0	772616	2314.1472209272265	1.5
25992.557360035116	4000.0	27.55651513473084	0.0	2082556	6047.10230833975	4.0
25994.53517418601	1500.0	29.57870098383813	0.0	662349	1977.8141508927133	1.5
25997.00891552034	1500.0	31.104959649507794	0.0	835711	2473.7413343303333	1.5
26002.67694845983	4000.0	29.436926710016206	0.0	1950922	5668.032939491587	4.0
26008.361988698096	4000.0	27.75188647175095	0.0	1849252	5685.040238265257	4.0
26014.156690648502	4000.0	25.957184521344207	0.0	1822097	5794.701950406743	4.0
26019.518081994476	4000.0	24.59579317537097	0.0	1836837	5361.391345973237	4.0
26025.24498895688	4000.0	22.86888621296756	0.0	1984579	5726.906962403414	4.0
26027.778726088698	1500.0	24.335149081147183	0.0	794014	2533.737131820377	1.5
26030.68413294529	1500.0	25.42974222455616	0.0	914284	2905.406856591019	1.5
26032.852272781118	1500.0	27.26160238872806	0.0	675709	2168.139835828102	1.5
26039.07465324164	4000.0	25.039221928204586	0.0	2002600	6222.380460523472	4.0
26041.466621346026	1500.0	26.64725382381894	0.0	757473	2391.968104385647	1.5
26047.368125059704	4000.0	24.74575011013987	0.0	1947068	5901.503713679071	4.0
26049.262617087123	1500.0	26.85125808272349	0.0	633700	1894.492027416382	1.5
26055.42757351082	4000.0	24.686301659022277	0.0	2125133	6164.956423701212	4.0
26061.167433570867	4000.0	22.9464415989782	0.0	1828568	5739.860060044077	4.0
26066.849130630875	4000.0	21.264744538967754	0.0	1785821	5681.697060010442	4.0
26069.1624246135	1500.0	22.951450556347655	0.0	681043	2313.293982620102	1.5
26072.08303782878	1500.0	24.030837341066462	0.0	866245	2920.6132152811942	1.5
26074.429822547587	1500.0	25.6840526222601	0.0	691256	2346.784718806362	1.5
26077.106235578725	1500.0	27.007639591120075	0.0	725845	2676.4130311400268	1.5
26080.642502359035	1500.0	27.471372810808973	0.0	811013	3536.2667803111017	1.5
26088.213956020638	4000.0	23.89991914920694	0.0	1830641	7571.453661602031	4.0
26091.101189488923	1500.0	25.01268568092084	0.0	767059	2887.2334682861	1.5
26094.28477374291	1500.0	25.829101426935157	0.0	848035	3183.5842539856817	1.5
26096.670389963492	1500.0	27.443485206352072	0.0	629438	2385.616220583083	1.5
26099.602893639534	1500.0	28.510981530310527	0.0	763847	2932.503676041545	1.5
26106.221260310092	4000.0	25.89261485975387	0.0	1750852	6618.366670556658	4.0
26109.831865010237	1500.0	26.2820101596068	0.0	808636	3610.6047001470743	1.5

