24488.67074732119	600.0	4.0	0.7356110503100852	247108	735.6110503100853	-14.112221006201706
24489.012391602024	200.0	7.6583557191655895	0.0	98617	341.6442808344112	0.2
24489.85768062799	600.0	10.813066693198023	0.0	288447	845.2890259675654	0.6
24491.84382860663	1500.0	12.826918714555767	0.0	718451	1986.1479786422578	1.5
24497.413933073847	4000.0	11.256814247338575	0.0	2069289	5570.104467217193	4.0
24502.305754928395	4000.0	10.36499239279209	0.0	1863995	4891.821854546483	4.0
24504.27851155343	1500.0	12.392235767754014	0.0	737903	1972.756625038075	1.5
24509.635402784155	4000.0	11.035344537032355	0.0	2058614	5356.89123072166	4.0
24514.463120165037	4000.0	10.207627156148451	0.0	1857129	4827.717380883903	4.0
24516.49395389782	1500.0	12.176793423364762	0.0	763093	2030.8337327836898	1.5
24522.261937346146	4000.0	10.408809975041265	0.0	2094766	5767.9834483234945	4.0
24524.44837764043	1500.0	12.222369680757168	0.0	744416	2186.4402942840975	1.5
24530.23161814721	4000.0	10.439129173977461	0.0	2131310	5783.240506779707	4.0
24531.990466761283	1500.0	12.680280559904967	0.0	748011	1758.8486140724947	1.5
24536.91260793511	4000.0	11.758139386074868	0.0	2157416	4922.141173830098	4.0
24542.25688687958	4000.0	10.413860441609105	0.0	2231719	5344.278944465765	4.0
24544.139124449062	1500.0	12.531622872125313	0.0	735572	1882.237569483791	1.5
24549.627570548422	4000.0	11.043176772765626	0.0	2192675	5488.446099359688	4.0
24555.662515772263	4000.0	9.008231548925039	0.0	2082556	6034.945223840587	4.0
24557.63646340876	1500.0	11.034283912431428	0.0	662349	1973.947636493611	1.5
24563.368087003128	4000.0	9.302660318062474	0.0	2379358	5731.623594368956	4.0
24565.212359883302	1500.0	11.458387437888538	0.0	806394	1844.2728801739347	1.5
24569.33825451075	4000.0	11.332492810439165	0.0	1849252	4125.894627449372	4.0
24573.522899181513	4000.0	11.147848139677796	0.0	1822097	4184.644670761369	4.0
24577.755409531208	4000.0	10.915337789978045	0.0	1836837	4232.510349699753	4.0
24579.293237295253	1500.0	13.37751002593707	0.0	644861	1537.827764040975	1.5
24588.972201695637	8000.0	7.698545625554165	0.0	4274504	9678.964400382905	8.0
24589.73138697226	600.0	10.939360348929767	0.0	302611	759.1852766243968	0.6
24593.651957945316	1500.0	11.01878937587081	0.0	675709	3920.570973058957	1.5
24602.702047421495	4000.0	5.968699899691985	0.0	2002600	9050.089476178826	4.0
24602.98928161066	200.0	9.681465710527005	0.0	93982	287.23418916497843	0.2
24604.639798003762	1500.0	12.030949317423271	0.0	712239	1650.5163931037337	1.5
24610.329495775295	4000.0	10.341251545893112	0.0	2544033	5689.69777153016	4.0
24612.28845638949	1500.0	12.382290931694776	0.0	755142	1958.9606141983372	1.5
24617.00794640709	4000.0	11.662800914092772	0.0	1828568	4719.490017602005	4.0
24622.007249529892	4000.0	10.663497791291222	0.0	1785821	4999.303122801549	4.0
24624.649849595742	1500.0	12.020897725442955	0.0	681043	2642.600065848267	1.5
24631.669553564105	4000.0	9.001193757077006	0.0	1955307	7019.7039683659505	4.0
24633.373745293426	1500.0	11.297002027753697	0.0	691256	1704.1917293233084	1.5
24638.375378282148	4000.0	10.295369039031891	0.0	2094647	5001.632988721805	4.0
24640.360953940042	1500.0	12.309793381137155	0.0	811013	1985.5756578947369	1.5
24650.85007419573	4000.0	5.820673125451521	0.0	1830641	10489.120255685633	4.0
24651.441741622722	200.0	9.229005698454944	0.0	98843	591.6674269965778	0.2
24653.37327062672	1500.0	11.297476694456746	0.0	848035	1931.529003998199	1.5
24658.193860395153	4000.0	10.476886926024775	0.0	2171279	4820.58976843197	4.0
24659.941580330196	1500.0	12.729166990978449	0.0	763847	1747.7199350463275	1.5
24663.90497673446	4000.0	12.765770586714407	0.0	1750852	3963.396404264041	4.0
24668.552765815264	4000.0	12.117981505907885	0.0	2034636	4647.789080806522	4.0

