30323.356405176928	600.0	4.0	1.5684903245237558	247108	1568.4903245237558	-30.769806490475116
30324.030438758735	200.0	7.325966418191402	0.0	98617	674.0335818085988	0.2
30324.751812149294	200.0	10.604593027633461	0.0	106476	721.37339055794	0.2
30325.525916508905	200.0	13.830488668021987	0.0	115230	774.104359611475	0.2
30326.19417341727	200.0	17.16223175965665	0.0	97658	668.256908365334	0.2
30326.862430325637	200.0	20.493974851291316	0.0	97658	668.256908365334	0.2
30327.6399199725	200.0	23.716485204427375	0.0	115792	777.489646863941	0.2
30328.36850968713	200.0	26.987895489797456	0.0	107674	728.5897146299226	0.2
30340.941184240237	8000.0	18.415220936691128	0.0	3448932	12572.674553106326	8.0
30341.963080952424	600.0	21.39332422450286	0.0	309937	1021.8967121882656	0.6
30342.332894624098	200.0	25.023510552828185	0.0	95365	369.8136716746757	0.2
30343.253188093666	600.0	28.103217083261175	0.0	285624	920.293469567013	0.6
30345.07931626047	1500.0	30.27708891645346	0.0	606092	1826.128166807714	1.5
30345.927982915135	600.0	33.4284222617908	0.0	266809	848.6666546626574	0.6
30346.24638254061	200.0	37.1100226363159	0.0	82750	318.3996254749086	0.2
30347.26089466766	600.0	40.095510509265466	0.0	324375	1014.5121270504349	0.6
30352.629946651025	4000.0	38.72645852590302	0.0	1835863	5369.051983362444	4.0
30362.544317935473	12000.0	32.812087241452105	0.0	4055239	9914.371284450914	12.0
30362.84288307513	200.0	36.51352210179738	0.0	90919	298.56513965473204	0.2
30363.67185209355	600.0	39.684553083373785	0.0	310849	828.9690184235894	0.6
30372.67804454193	8000.0	34.67836063499264	0.0	3690869	9006.192448381149	8.0
30372.994428955004	200.0	38.3619762219209	0.0	97742	316.38441307173736	0.2
30387.057772507902	12000.0	28.29863266902137	0.0	5141915	14063.343552899534	12.0
30387.85290408685	600.0	31.503501090074	0.0	298925	795.1315789473684	0.6
30388.762901694507	600.0	34.5935034824185	0.0	346939	909.9976076555024	0.6
30390.38563135958	1500.0	36.97077381734673	0.0	644861	1622.7296650717703	1.5
30404.4910859096	12000.0	26.86531926732188	0.0	5138482	14105.454550024848	12.0
30414.322483612035	8000.0	21.033921564887738	0.0	3354913	9831.397702434142	8.0
30415.10632351046	600.0	24.25008166646275	0.0	291029	783.8398984249826	0.6
30429.047349876586	12000.0	14.309055300338763	0.0	5411094	13941.02636612399	12.0
30429.397738454798	200.0	17.958666722128633	0.0	93982	350.38857821013073	0.2
30440.87908693308	8000.0	10.477318243846655	0.0	3568902	11481.348478281978	8.0
30441.306738202635	200.0	14.049666974292034	0.0	99865	427.65126955462244	0.2
30441.698035171805	200.0	17.65837000512252	0.0	89422	391.29696916951326	0.2
30442.154789376455	200.0	21.20161580047075	0.0	108225	456.75420465177	0.2
30442.540408488312	200.0	24.815996688615048	0.0	87791	385.61911185570375	0.2
30443.612369498733	600.0	27.744035678193168	0.0	284947	1071.9610104218796	0.6
30444.83109845166	600.0	30.525306725263547	0.0	327462	1218.7289529296183	0.6
30445.688157478027	600.0	33.66824769890074	0.0	309862	857.0590263628098	0.6
30447.588401357527	1500.0	35.76800381939853	0.0	725845	1900.24387950221	1.5
30459.758177698128	12000.0	27.598227478797348	0.0	4828747	12169.776340601184	12.0
30461.48064507654	1500.0	29.87576010038691	0.0	657685	1722.467378410439	1.5
30465.89184905839	4000.0	29.464556118536215	0.0	1697030	4411.203981850693	4.0
30466.25358105309	200.0	33.10282412383751	0.0	96988	361.7319946987164	0.2
30476.799270306477	8000.0	26.55713487044587	0.0	3682991	10545.68925339163	8.0
30478.784036604815	1500.0	28.57236857211194	0.0	763847	1984.7662983339308	1.5
30483.230046922286	4000.0	28.126358254639253	0.0	1750852	4446.010317472687	4.0
30498.511568363807	12000.0	16.84483681311445	0.0	5646381	15281.5214415248	12.0

