25872.126106299816	600.0	4.0	0.650737650489361	247108	650.737650489361	-12.414753009787221
25872.433878912918	200.0	7.692227386898403	0.0	98617	307.77261310159656	0.2
25872.75980321352	200.0	11.366303086295002	0.0	106476	325.924300603401	0.2
25873.10594635525	200.0	15.020159944567947	0.0	115230	346.1431417270549	0.2
25873.41150399592	200.0	18.71460230389468	0.0	97658	305.55764067326845	0.2
25873.717061636595	200.0	22.40904466322141	0.0	97658	305.55764067326845	0.2
25874.554489820326	600.0	25.571616479487254	0.0	327938	837.4281837341571	0.6
25875.269239943027	600.0	28.856866356786096	0.0	274823	714.7501227011577	0.6
25876.020713800463	600.0	32.10539249935041	0.0	290723	751.4738574356902	0.6
25887.870061185342	12000.0	24.256045114472567	0.0	5088378	11849.347384877841	12.0
25888.71285797098	600.0	27.41324832883585	0.0	329266	842.796785636719	0.6
25890.517415416864	1500.0	29.60869088295154	0.0	744416	1804.5574458843118	1.5
25902.50761058884	12000.0	21.618495710974248	0.0	5575398	11990.195171977293	12.0
25906.998704070607	4000.0	21.127402229207572	0.0	1805063	4491.093481766676	4.0
25908.92306615143	1500.0	23.203040148388688	0.0	754517	1924.3620808188832	1.5
25909.79597731177	600.0	26.330128988049523	0.0	324375	872.9111603391643	0.6
25910.09566045286	200.0	30.030445846960227	0.0	89871	299.683141089298	0.2
25919.943550195345	12000.0	24.18255610447416	0.0	4055239	9847.889742486066	12.0
25920.24130721588	200.0	27.884799083936464	0.0	90919	297.75702053769237	0.2
25920.526985917753	200.0	31.599120382062328	0.0	85876	285.6787018741393	0.2
25929.493732093753	8000.0	26.63237420606168	0.0	3690869	8966.746176000648	8.0
25929.809574651437	200.0	30.31653164837807	0.0	97742	315.8425576836073	0.2
25941.603130624335	12000.0	22.522975675483103	0.0	5141915	11793.555972894968	12.0
25941.87406719368	200.0	26.252039106138007	0.0	85752	270.93656934509727	0.2
25942.72656628912	600.0	29.39954001069978	0.0	346939	852.4990954382254	0.6
25950.72690057403	8000.0	25.3992057257871	0.0	3253093	8000.334284912681	8.0
25962.060838847658	12000.0	18.065267452163642	0.0	5138482	11333.938273623453	12.0
25962.78015223398	600.0	21.345954065837816	0.0	302611	719.3133863258247	0.6
25964.3478484976	1500.0	23.77825780222004	0.0	675709	1567.6962636177775	1.5
25977.151286758843	12000.0	14.974819540976625	0.0	5411094	12803.438261243415	12.0
25977.447169838062	200.0	18.67893646175648	0.0	93982	295.8830792201453	0.2
25978.20115037041	600.0	21.924955929410885	0.0	293409	753.9805323455939	0.6
25979.736802594256	1500.0	24.38930370556157	0.0	633700	1535.6522238493123	1.5
25980.022211041727	200.0	28.103895258092653	0.0	89422	285.40844746891776	0.2
25980.755614435642	600.0	31.37049186417414	0.0	284451	733.4033939185116	0.6
25982.640005281824	1500.0	33.48610101799158	0.0	785519	1884.3908461825597	1.5
25983.374548021653	600.0	36.75155827816329	0.0	284947	734.5427398282941	0.6
25991.895146864917	8000.0	32.230959434896896	0.0	3739359	8520.598843266389	8.0
26003.621934435352	12000.0	24.504171864461046	0.0	5257310	11726.787570435852	12.0
26003.926778084144	200.0	28.19932821566899	0.0	101968	304.84364879205083	0.2
26015.300987828163	12000.0	20.825118471652203	0.0	4828747	11374.209744016787	12.0
26015.60521047903	200.0	24.520895820784197	0.0	101713	304.2226508680077	0.2
26015.903106318103	200.0	28.22299998171007	0.0	98843	297.8958390741251	0.2
26016.598015108404	600.0	31.528091191409715	0.0	278938	694.9087903003583	0.6
26017.3176844388	600.0	34.80842186101567	0.0	290170	719.669330394048	0.6
26030.561469896995	12000.0	25.564636402819772	0.0	5875126	13243.785458195898	12.0
26034.65891317822	4000.0	25.467193121592178	0.0	1750852	4097.443281227592	4.0
26047.583380455064	12000.0	16.54272584474747	0.0	5646381	12924.467276844709	12.0

