22591.30372581871	600.0	4.0	2.6146035002243733	247108	2614.6035002243734	0.61985266	-51.69207000448746
22592.395247070075	200.0	6.908478748637734	0.0	98617	1091.5212513622669	0.004705182	0.2
22593.567378616965	200.0	9.736347201743701	0.0	106476	1172.1315468940315	0.004705182	0.2
22594.82930053504	200.0	12.47442528367203	0.0	115230	1261.9219180716714	0.004705182	0.2
22595.91098525842	200.0	15.392740560292326	0.0	97658	1081.6847233797039	0.004705182	0.2
22596.9926699818	200.0	18.311055836912622	0.0	97658	1081.6847233797039	0.004705182	0.2
22598.260356371953	200.0	21.043369446759407	0.0	115792	1267.6863901532151	0.004705182	0.2
22599.411904863344	200.0	23.89182095537052	0.0	107674	1151.5484913888863	0.004705182	0.2
22600.19161577969	200.0	27.112110039021236	0.0	95305	779.7109163492865	0.14986421	0.2
22605.874097310458	1500.0	25.429628508254474	0.0	763093	5682.48153076676	0.6151468	1.5
22606.654248735227	200.0	28.649477083485053	0.0	95365	780.1514247694214	0.02964086	0.2
22612.26342644341	1500.0	27.040299375300805	0.0	744416	5609.17770818425	0.047918033	1.5
22613.114182287445	200.0	30.18954353126713	0.0	102419	850.7558440336767	0.39716196	0.2
22618.823351188246	1500.0	28.48037463046284	0.0	748011	5709.1689008042895	0.007718471	1.5
22622.446720698263	1500.0	28.857005120446388	0.0	754517	3623.3695100164523	0.112814166	1.5
22626.36087559354	1500.0	28.942850225171185	0.0	934743	3914.1548952752073	0.004705182	1.5
22629.458065328712	1500.0	29.845660489995446	0.0	735572	3097.189735175738	0.004705182	1.5
22631.280231496385	1500.0	32.02349432232095	0.0	772616	1822.1661676745002	0.004705182	1.5
22632.729057301654	1500.0	34.574668517050924	0.0	747396	1448.825805270026	0.004705182	1.5
22634.0221229366	1500.0	37.28160288210667	0.0	662349	1293.065634944255	0.004705182	1.5
22635.632694123156	1500.0	39.67103169554958	0.0	835711	1610.5711865570843	0.004705182	1.5
22637.189572399755	1500.0	42.11415341895335	0.0	806394	1556.878276596232	0.5776488	1.5
22649.5518014913	8000.0	33.751924327411324	0.0	3805854	12362.22909154202	0.004712095	8.0
22651.613849517125	1500.0	35.689876301582615	0.0	681795	2062.0480258287134	0.004705182	1.5
22653.552368226803	1500.0	37.7513575919052	0.0	855209	1938.5187096774193	0.016239502	1.5
22660.70190819285	8000.0	34.601817625861045	0.0	3253093	7149.5399660441435	0.004705182	8.0
22673.033187750596	8000.0	26.27053806811234	0.0	4274504	12331.279557748707	0.4513915	8.0
22674.685422523766	1500.0	28.618303294942947	0.0	914284	1652.2347731693949	0.004705182	1.5
22681.669333210775	8000.0	25.634392607934977	0.0	3811227	6983.91068700797	0.03331755	8.0
22682.104631364895	200.0	29.19909445381434	0.0	97083	435.2981541206341	0.044736546	0.2
22684.956782603484	1500.0	30.346943215222424	0.0	757473	2852.151238591917	0.044445764	1.5
22695.23680397201	8000.0	24.06692184669784	0.0	3568902	10280.021368524584	0.0047165053	8.0
22696.667112942818	1500.0	26.636612875890258	0.0	633700	1430.3089708075856	0.004705182	1.5
22698.35619455373	1500.0	28.947531264980388	0.0	755142	1689.0816109098657	0.18597603	1.5
22711.660453548488	8000.0	19.643272270221807	0.0	3707853	13304.258994758582	0.004705182	8.0
22713.141617887	1500.0	22.162107931711905	0.0	785519	1481.1643385099053	0.004705182	1.5
22720.389105595892	8000.0	18.914620222818826	0.0	4018228	7247.487708893076	0.032609608	8.0
22726.490192581285	4000.0	16.81353323742387	0.0	1955307	6101.086985394958	0.14149004	4.0
22729.20536829785	1500.0	18.098357520857665	0.0	691256	2715.1757165662	0.005778355	1.5
22738.165489794726	4000.0	13.13823602398361	0.0	2094647	8960.121496874055	0.014940476	4.0
22741.85139431315	1500.0	13.45233150555978	0.0	811013	3685.9045184238316	0.004705182	1.5
22743.276419284062	1500.0	16.02730653465183	0.0	657685	1425.0249709079476	0.004705182	1.5
22746.656068082804	4000.0	16.64765773590595	0.0	1697030	3379.6487987458836	0.35018867	4.0
22750.451163903632	4000.0	16.85256191507935	0.0	1910697	3795.095820826599	0.6883453	4.0
22757.03769032942	8000.0	14.266035489287958	0.0	3682991	6586.5264257913905	0.019469721	8.0
22760.608493473646	4000.0	14.695232345063761	0.0	2042818	3570.8031442241972	0.57416385	4.0
22765.403181663536	4000.0	13.900544155172337	0.0	1750852	4794.688189891424	0.08392468	4.0
22773.19916631064	4000.0	10.104559508068773	0.0	2034636	7795.984647103565	0.0049824244	4.0

