18573.574084311877	600.0	4.0	0.8239790753250663	247108	823.9790753250663	0.009300627	-15.879581506501326
18573.950994911578	200.0	7.623089400297311	0.0	98617	376.91059970268896	0.004705182	0.2
18574.351566953053	200.0	11.222517358824305	0.0	106476	400.57204147300683	0.004705182	0.2
18574.778495052706	200.0	14.79558925916866	0.0	115230	426.9280996556461	0.004705182	0.2
18575.152518348343	200.0	18.42156596353236	0.0	97658	374.023295636302	0.004705182	0.2
18575.52654164398	200.0	22.047542667896053	0.0	97658	374.023295636302	0.004705182	0.2
18575.955161782098	200.0	25.618922529778146	0.0	115792	428.6201381179083	0.004705182	0.2
18576.359340695595	200.0	29.2147436162806	0.0	107674	404.1789134975444	0.004705182	0.2
18576.726279709197	200.0	32.847804602675794	0.0	95305	366.93901360480214	0.004705182	0.2
18577.1236874581	200.0	36.45039685377189	0.0	105425	397.40774890390077	0.0078607	0.2
18577.49080711638	200.0	40.0832771954914	0.0	95365	367.1196582804885	0.004705182	0.2
18577.857857527535	200.0	43.71622678433659	0.0	95342	367.0504111548087	0.004705182	0.2
18578.24621497819	200.0	47.327869333684575	0.0	102419	388.3574506520144	0.006476067	0.2
18578.569684861333	200.0	51.004399450539104	0.0	80867	323.4698831454754	0.004705182	0.2
18578.89882397655	200.0	54.67526033532167	0.0	82750	329.1391152174322	0.007555985	0.2
18592.728524845632	12000.0	44.84555946623651	0.0	5443841	13829.70086908516	0.27018914	12.0
18593.016097094966	200.0	48.557987216907755	0.0	89871	287.5722493287525	0.004705182	0.2
18604.904585785745	12000.0	40.66949852612597	0.0	4055239	11888.488690781784	0.004705182	12.0
18605.222360221836	200.0	44.351724090035745	0.0	90919	317.77443609022555	0.004705182	0.2
18605.52694603419	200.0	48.04713827767876	0.0	85876	304.58581235697943	0.021333745	0.2
18605.906798273485	200.0	51.66728603838487	0.0	114656	379.85223929388695	0.6250491	0.2
18606.24241644936	200.0	55.3316678625104	0.0	97742	335.61817587446876	0.110117	0.2
18619.04361096348	12000.0	46.53047334839089	0.0	5141915	12801.194514119512	0.004705182	12.0
18619.31643395554	200.0	50.257650356331304	0.0	85752	272.8229920595883	0.004705182	0.2
18619.609053729273	200.0	53.965030582597905	0.0	94556	292.6197737333989	0.004705182	0.2
18627.767056706132	8000.0	49.807027605742	0.0	3253093	8158.002976855906	0.004705182	8.0
18641.15816874976	12000.0	40.415915562111635	0.0	5138482	13391.112043630363	0.004705182	12.0
18648.885815178066	8000.0	36.68826913380458	0.0	3354913	7727.646428307055	0.004705182	8.0
18649.185681844734	200.0	40.388402467137915	0.0	93993	299.8666666666667	0.67989445	0.2
18661.452297833574	12000.0	32.12178647829875	0.0	5411094	12266.615988839161	0.0061123776	12.0
18661.736853886407	200.0	35.837230425463126	0.0	93982	284.55605283563006	0.46949124	0.2
18669.95184593406	8000.0	31.622238377805218	0.0	3568902	8214.992047657906	0.004705182	8.0
18679.245574923418	8000.0	26.328509388449632	0.0	3713878	9293.728989355588	0.68758607	8.0
18679.56387472355	200.0	30.010209588316386	0.0	89422	318.2998001332445	0.3073048	0.2
18679.93228245173	200.0	33.641801860135175	0.0	108225	368.4077281812125	0.09159129	0.2
18680.246235816154	200.0	37.32784849571146	0.0	87791	313.9533644237175	0.6269463	0.2
18680.598289113957	200.0	40.97579519790999	0.0	102088	352.0532978014657	0.710532	0.2
18690.811716238506	8000.0	34.76236807336041	0.0	3739359	10213.42712454958	0.62138945	8.0
18702.07328155121	12000.0	27.500802760658743	0.0	5257310	11261.565312701669	0.004705182	12.0
18702.336524806593	200.0	31.237559505273158	0.0	101968	263.2432553855831	0.12721124	0.2
18712.888456316552	12000.0	24.685627995312885	0.0	4828747	10551.931509960277	0.024517614	12.0
18717.39350979537	4000.0	24.180574516497153	0.0	1830641	4505.053478815731	0.020642089	4.0
18721.508173529804	4000.0	24.065910782062254	0.0	1697030	4114.663734434902	0.025296591	4.0
18726.130827397676	4000.0	23.443256914190993	0.0	1910697	4622.653867871259	0.015691657	4.0
18734.413867177722	8000.0	19.160217134144492	0.0	3682991	8283.0397800465	0.0419548	8.0
18738.76881126262	4000.0	18.805273049246114	0.0	2042818	4354.944084898375	0.04716634	4.0
18742.340999050895	4000.0	19.233085260969172	0.0	1750852	3572.187788276946	0.016260415	4.0
18756.09995130296	12000.0	9.474133008904635	0.0	5646381	13758.952252064537	0.009861519	12.0

