31971.11461321225	600.0	4.0	1.3419220580255975	247108	1341.9220580255976	0.02479619	-26.238441160511947
31971.698226885608	200.0	7.416386326641345	0.0	98617	583.6136733586543	0.004705182	0.2
31972.321974611503	200.0	10.792638600746864	0.0	106476	623.7477258944815	0.004705182	0.2
31972.99042694306	200.0	14.12418626919026	0.0	115230	668.4523315566053	0.004705182	0.2
31973.56914323044	200.0	17.545469981807155	0.0	97658	578.716287383103	0.004705182	0.2
31974.147859517823	200.0	20.966753694424053	0.0	97658	578.716287383103	0.004705182	0.2
31974.819181850336	200.0	24.29543136190993	0.0	115792	671.3223325141233	0.004705182	0.2
31975.44904747863	200.0	27.665565733618465	0.0	107674	629.8656282914685	0.004705182	0.2
31980.08153798324	1500.0	27.033075229006418	0.0	891463	4632.490504612046	0.004705182	1.5
31982.378551894664	1500.0	28.73606131757882	0.0	763093	2297.013911427599	0.0059961574	1.5
31984.493880366645	1500.0	30.620732845597736	0.0	769316	2115.3284719810836	0.004705182	1.5
31986.54333255508	1500.0	32.57128065716246	0.0	744416	2049.4521884352735	0.004705182	1.5
31988.22683008307	1500.0	34.88778312917662	0.0	606092	1683.497527985846	0.004705182	1.5
31990.285793325293	1500.0	36.8288198869523	0.0	748011	2058.9632422243167	0.004705182	1.5
31992.38234100406	1500.0	38.73227220818583	0.0	754517	2096.547678766473	0.004705182	1.5
31994.971591880694	1500.0	40.143021331552106	0.0	934743	2589.250876633727	0.004705182	1.5
31997.02618242144	1500.0	42.088430790807514	0.0	735572	2054.5905407445935	0.004705182	1.5
32008.206200906898	12000.0	34.90841230534729	0.0	4055239	11180.018485460218	0.21201786	12.0
32010.355869125455	1500.0	36.75874408679038	0.0	747396	2149.6682185569152	0.004705182	1.5
32012.131745396222	1500.0	38.982867816022825	0.0	662349	1775.8762707675583	0.39078236	1.5
32020.85736489699	8000.0	34.25724831525421	0.0	3690869	8725.619500768613	0.004705182	8.0
32022.88457732313	1500.0	36.23003588911495	0.0	806394	2027.2124261392553	0.033419054	1.5
32032.293705445943	8000.0	30.82090776629984	0.0	3805854	9409.128122815113	0.004705182	8.0
32034.07386285754	1500.0	33.04075035470749	0.0	681795	1780.1574115923509	0.005787471	1.5
32036.28645391469	1500.0	34.82815929755617	0.0	855209	2212.5910571513177	0.128165	1.5
32044.44097025829	8000.0	30.673642953960712	0.0	3253093	8154.516343595462	0.004705182	8.0
32046.472643838035	1500.0	32.6419693742145	0.0	794014	2031.6735797462134	0.2497245	1.5
32054.616558268815	8000.0	28.498054943430606	0.0	3354913	8143.914430783894	0.004705182	8.0
32063.73365326295	8000.0	23.380959949294137	0.0	3811227	9117.094994136467	0.03138964	8.0
32065.77679069467	1500.0	25.33782251757646	0.0	707527	2043.1374317176796	0.004705182	1.5
32067.95851062877	1500.0	27.15610258347432	0.0	757473	2181.7199341021415	0.32885712	1.5
32077.830453972118	8000.0	21.28415924012815	0.0	3568902	9871.943343346169	0.009830758	8.0
32079.634104182915	1500.0	23.480509029329838	0.0	633700	1803.6502107983135	0.008806392	1.5
32081.768073991156	1500.0	25.346539221088303	0.0	755142	2133.969808241534	0.25072184	1.5
32091.73796962554	8000.0	19.37664358670499	0.0	3707853	9969.895634383312	0.04652523	8.0
32093.80634970571	1500.0	21.30826350653952	0.0	785519	2068.3800801654706	0.5076978	1.5
32103.98999030762	8000.0	15.124622904630312	0.0	4018228	10183.64060190921	0.036136672	8.0
32106.805158937856	1500.0	16.309454274393303	0.0	866245	2815.16863023701	0.16402334	1.5
32109.067799791963	1500.0	18.04681342028954	0.0	691256	2262.6408541037636	0.056044877	1.5
32120.745302293726	8000.0	10.369310918526375	0.0	4253567	11677.502501763163	0.3731608	8.0
32122.897384562504	1500.0	12.21722864974763	0.0	811013	2152.082268778743	0.004705182	1.5
32124.648526339293	1500.0	14.466086872957993	0.0	657685	1751.1417767896385	0.16866222	1.5
32129.03817017143	4000.0	14.076443040820351	0.0	1697030	4389.643832137642	0.1362024	4.0
32133.978491709928	4000.0	13.136121502318368	0.0	1910697	4940.321538501985	0.014447448	4.0
32139.63812391525	4000.0	11.476489296995783	0.0	2171279	5659.632205322583	0.020562889	4.0
32145.032736046847	4000.0	10.08187716539939	0.0	2042818	5394.612131596394	0.027035965	4.0
32149.805293921483	4000.0	9.309319290763725	0.0	1750852	4772.557874635666	0.60714424	4.0
32155.238079264782	4000.0	7.876533947461428	0.0	2034636	5432.7853433022965	0.014071263	4.0

