15103.044886883883	600.0	4.0	0.6781343701305579	247108	678.1343701305578	0.006499886	-12.962687402611158
15103.363593106178	200.0	7.681293777703817	0.0	98617	318.7062222961831	0.004705182	0.2
15103.701322338717	200.0	11.343564545165732	0.0	106476	337.7292325380857	0.004705182	0.2
15104.060240963247	200.0	14.984645920636602	0.0	115230	358.9186245291297	0.004705182	0.2
15104.376625889345	200.0	18.66826099453866	0.0	97658	316.38492609794105	0.004705182	0.2
15104.693010815441	200.0	22.35187606844072	0.0	97658	316.38492609794105	0.004705182	0.2
15105.053289782478	200.0	25.991597101405425	0.0	115792	360.2789670352945	0.004705182	0.2
15105.39391881986	200.0	29.65096806402324	0.0	107674	340.6290373821879	0.004705182	0.2
15105.704608219416	200.0	33.340278664468016	0.0	95305	310.68939955522615	0.004705182	0.2
15106.039793466234	200.0	37.00509341764876	0.0	105425	335.1852468192614	0.013980155	0.2
15106.350628098086	200.0	40.6942587857975	0.0	95365	310.83463185125794	0.004705182	0.2
15106.661407057558	200.0	44.383479826326386	0.0	95342	310.7789594711124	0.004705182	0.2
15106.989316166346	200.0	48.05557071753832	0.0	102419	327.90910878806676	0.010848468	0.2
15107.265057834398	200.0	51.77982904948489	0.0	80867	275.7416680534334	0.004705182	0.2
15107.54535737601	200.0	55.49952950787433	0.0	82750	280.29954161056565	0.0126519175	0.2
15120.476502279113	12000.0	46.56838460477067	0.0	5443841	12931.144903103659	0.01250669	12.0
15120.76413147556	200.0	50.28075540832276	0.0	89871	287.62919644790986	0.004705182	0.2
15130.530227137542	12000.0	44.51465974634104	0.0	4055239	9766.095661981723	0.004705182	12.0
15130.830680257095	200.0	48.21420662678719	0.0	90919	300.45311955385154	0.004727471	0.2
15131.118905513584	200.0	51.925981370297265	0.0	85876	288.2252564899147	0.15502957	0.2
15145.11829533336	12000.0	41.92659155052305	0.0	5251330	13999.389819774218	0.03213679	12.0
15145.412307430684	200.0	45.63257945319705	0.0	97742	294.0120973259983	0.014851103	0.2
15157.076972828398	12000.0	37.96791405548358	0.0	5141915	11664.665397713468	0.015646208	12.0
15157.368800961358	200.0	41.676085922522844	0.0	85752	291.82813296073857	0.004705182	0.2
15157.682377098827	200.0	45.36250978505391	0.0	94556	313.576137468929	0.004705182	0.2
15166.929204873097	8000.0	40.115682010783914	0.0	3253093	9246.827774269996	0.004705182	8.0
15182.794902245101	12000.0	28.249984638780195	0.0	5138482	15865.697372003722	0.0063723973	12.0
15191.085146271365	8000.0	23.95974061251649	0.0	3354913	8290.244026263705	0.004705182	8.0
15191.397059544146	200.0	27.647827339735947	0.0	93993	311.91327278054496	0.021521412	0.2
15191.71659691673	200.0	31.32828996715125	0.0	97083	319.53737258469937	0.09581955	0.2
15192.028483048703	200.0	35.01640383517907	0.0	93982	311.8861319721807	0.12115524	0.2
15200.216723493491	8000.0	30.82816339039025	0.0	3568902	8188.240444788816	0.024484687	8.0
15201.678142352574	1500.0	33.36674453130882	0.0	633700	1461.4188590814338	0.13198379	1.5
15201.953075660474	200.0	37.09181122340795	0.0	89422	274.9333079008679	0.12920792	0.2
15202.268998109623	200.0	40.77588877426153	0.0	108225	315.9224491464229	0.045578443	0.2
15202.540375958852	200.0	44.504510925030644	0.0	87791	271.377849230895	0.27169397	0.2
15204.10499903609	1500.0	46.93988784779315	0.0	681043	1564.6230772374893	0.6946037	1.5
15204.360271594913	200.0	50.68461528896922	0.0	80403	255.27255882393015	0.7485256	0.2
15219.84505349233	12000.0	39.199833391553476	0.0	5257310	15484.781897415742	0.004705182	12.0
15220.212717778673	200.0	42.83216910520947	0.0	101968	367.66428634400074	0.09337053	0.2
15234.061801592296	12000.0	32.98308529158696	0.0	4828747	13849.083813622517	0.004705182	12.0
15239.13411427258	4000.0	31.910772611303127	0.0	1830641	5072.312680283833	0.012915065	4.0
15243.736512673646	4000.0	31.308374210237172	0.0	1697030	4602.398401065956	0.05258562	4.0
15248.65191964531	4000.0	30.392967238574492	0.0	1910697	4915.406971662678	0.01233818	4.0
15257.788795146764	8000.0	25.25609173712099	0.0	3682991	9136.875501453502	0.0219514	8.0
15263.064409128865	4000.0	23.98047775501986	0.0	2042818	5275.61398210113	0.86353004	4.0
15267.455395868388	4000.0	23.589491015495692	0.0	1750852	4390.986739524166	0.01867191	4.0
15280.718326039843	12000.0	14.326560844040669	0.0	5646381	13262.930171455024	0.011278171	12.0

