29837.229455232446	600.0	4.0	0.7667688031961092	247108	766.7688031961092	-14.735376063922184
29839.344973731662	1500.0	5.884481500781657	0.0	732405	2115.518499218343	1.5
29841.214369597565	1500.0	8.015085634879277	0.0	643847	1869.39586590238	1.5
29843.291106787074	1500.0	9.93834844537085	0.0	718451	2076.7371895084248	1.5
29845.384088548406	1500.0	11.845366684036824	0.0	724296	2092.9817613340283	1.5
29847.374860327407	1500.0	13.854594905036073	0.0	689829	1990.7717790007498	1.5
29849.475647319276	1500.0	15.753807913166154	0.0	737903	2100.786991869919	1.5
29855.193272308577	4000.0	14.036182923863631	0.0	2058614	5717.624989302524	4.0
29861.89447255157	4000.0	11.33498268087148	0.0	1857129	6701.20024299215	4.0
29870.595522546137	4000.0	6.633932686306171	0.0	2373154	8701.04999456531	4.0
29873.06874401873	1500.0	8.160711213710755	0.0	769316	2473.221472595416	1.5
29875.464505494827	1500.0	9.76494973761564	0.0	744416	2395.761476095114	1.5
29877.429962691567	1500.0	11.799492540874247	0.0	606092	1965.4571967413917	1.5
29880.432839087865	1500.0	12.796616144576177	0.0	748011	3002.8763962980706	1.5
29883.48053052571	1500.0	13.748924706733556	0.0	754517	3047.691437842622	1.5
29887.23709287975	1500.0	13.992362352693387	0.0	934743	3756.5623540401684	1.5
29895.27212847997	4000.0	9.957326752473442	0.0	1835863	8035.035600219946	4.0
29898.609994673057	1500.0	10.619460559384251	0.0	772616	3337.86619308919	1.5
29901.50100898866	1500.0	11.728446243782832	0.0	747396	2891.0143156014196	1.5
29904.072154941976	1500.0	13.157300290467207	0.0	662349	2571.145953315625	1.5
29905.207686311714	600.0	16.021768920729777	0.0	280646	1135.5313697374297	0.6
29906.456783418038	600.0	18.772671814408817	0.0	310841	1249.0971063209613	0.6
29909.243359808952	1500.0	19.986095423494383	0.0	809327	2786.576390914433	1.5
29911.21074691577	1500.0	22.01870831667408	0.0	681795	1967.3871068203055	1.5
29913.658189387832	1500.0	23.57126584461622	0.0	855209	2447.4424720578563	1.5
29915.523333510468	1500.0	25.70612172198222	0.0	644861	1865.1441226340012	1.5
29917.801372196926	1500.0	27.428083035522484	0.0	794014	2278.0386864597394	1.5
29924.489975049397	4000.0	24.739480183052546	0.0	2055338	6688.602852469936	4.0
29931.34012111373	4000.0	21.889334118714746	0.0	2165436	6850.1460643377995	4.0
29937.205369827283	4000.0	20.024085405164143	0.0	2002600	5865.248713550601	4.0
29944.442525871902	4000.0	16.786929360542302	0.0	2290706	7237.156044621842	4.0
29951.298578752278	4000.0	13.930876480165196	0.0	1947068	6856.052880377105	4.0
29961.080296765966	4000.0	8.149158466480396	0.0	2544033	9781.7180136848	4.0
29963.281407682014	1500.0	9.9480475504311	0.0	755142	2201.110916049296	1.5
29965.24428258107	1500.0	11.985172651375589	0.0	670327	1962.8748990555107	1.5
29967.53071915282	1500.0	13.698736079626002	0.0	785519	2286.436571749587	1.5
29969.531380274417	1500.0	15.698074958030425	0.0	681043	2000.6611215955768	1.5
29972.229720093812	1500.0	16.999735138632683	0.0	866245	2698.3398193977405	1.5
29978.78661585079	4000.0	14.442839381652293	0.0	2142800	6556.8957569803915	4.0
29986.634331998866	4000.0	10.595123233575862	0.0	2094647	7847.716148076432	4.0
29993.27982875559	4000.0	7.949626476854303	0.0	1985434	6645.496756721558	4.0
29998.801383365728	4000.0	6.428071866714411	0.0	1830641	5521.554610139892	4.0
30001.457216783027	1500.0	7.772238449412789	0.0	767059	2655.8334173016215	1.5
30004.650271433602	1500.0	8.579183798836915	0.0	848035	3193.054650575873	1.5
30007.040877591542	1500.0	10.188577640896291	0.0	629438	2390.6061579406232	1.5
30009.924886218167	1500.0	11.304569014273063	0.0	763847	2884.008626623228	1.5
30017.58412475374	4000.0	7.645330478702727	0.0	1750852	7659.238535570337	4.0
30021.176506672164	1500.0	8.052948560281148	0.0	808636	3592.3819184215768	1.5

