9370.708179846863	600.0	4.0	1.0620242914979758	247108	1062.0242914979758	0.010762281	-20.640485829959516
9371.18009062901	200.0	7.528089217853506	0.0	98617	471.9107821464941	0.004705182	0.2
9371.683233620986	200.0	11.024946225876159	0.0	106476	503.1429919773478	0.004705182	0.2
9372.221165614728	200.0	14.487014232135316	0.0	115230	537.9319937408411	0.004705182	0.2
9372.689265264513	200.0	18.018914582350163	0.0	97658	468.0996497851519	0.004705182	0.2
9373.157364914297	200.0	21.55081493256501	0.0	97658	468.0996497851519	0.004705182	0.2
9373.697530334928	200.0	25.010649511934627	0.0	115792	540.1654206303867	0.004705182	0.2
9374.205434261807	200.0	28.5027455850575	0.0	107674	507.90392687712676	0.004705182	0.2
9377.82816991169	1500.0	28.880009935172996	0.0	891463	3622.735649884504	0.004705182	1.5
9380.698394962546	1500.0	30.00978488431576	0.0	763093	2870.2250508572356	0.004705182	1.5
9382.337588831697	1500.0	32.370591015166355	0.0	769316	1639.1938691494076	0.004705182	1.5
9383.92631718688	1500.0	34.78186265998236	0.0	744416	1588.7283551839887	0.022135403	1.5
9385.234700491714	1500.0	37.473479355149884	0.0	606092	1308.3833048324784	0.004705182	1.5
9386.830714932148	1500.0	39.87746491471667	0.0	748011	1596.014440433213	0.004705182	1.5
9388.43991526149	1500.0	42.26826458537346	0.0	754517	1609.2003293432135	0.022825409	1.5
9390.41438457557	1500.0	44.29379527129403	0.0	934743	1974.4693140794225	0.29804403	1.5
9406.113486336606	12000.0	32.594693510258	0.0	5964284	15699.101761036036	0.007701364	12.0
9408.837224654364	1500.0	33.870955192500986	0.0	772616	2723.738317757009	0.004705182	1.5
9411.49857328972	1500.0	35.20960655714458	0.0	747396	2661.3486353564113	0.004705182	1.5
9411.895196019925	200.0	38.81298382693903	0.0	85876	396.6227302055489	0.004705182	0.2
9415.056442217732	1500.0	39.65173762913278	0.0	835711	3161.2461978062497	0.004705182	1.5
9418.109597347237	1500.0	40.59858249962776	0.0	806394	3053.155129505024	0.6271573	1.5
9421.173566376641	1500.0	41.53461347022412	0.0	809327	3063.9690294036322	0.0051872884	1.5
9423.693738244634	1500.0	43.014441602231436	0.0	681795	2520.171867992693	0.004705182	1.5
9437.11161887923	8000.0	33.596560967636485	0.0	4925863	13417.880634594949	0.032383308	8.0
9438.488897527353	1500.0	36.21928231951116	0.0	644861	1377.27864812533	0.004705182	1.5
9450.307921105607	8000.0	28.400258741258742	0.0	4274504	11819.023578252414	0.004705182	8.0
9450.718881233199	200.0	31.98929861366704	0.0	103756	410.96012759170657	0.004705182	0.2
9452.696235835834	1500.0	34.011944011031915	0.0	675709	1977.3546026351253	0.004705182	1.5
9463.631923723915	8000.0	27.076256122950674	0.0	4435580	10935.687888081238	0.004705182	8.0
9466.102748311621	1500.0	28.605431535244527	0.0	757473	2470.824587706147	0.004705182	1.5
9468.430800075213	1500.0	30.27737977165264	0.0	712239	2328.0517635918886	0.004705182	1.5
9477.397561940184	8000.0	25.310617906683483	0.0	3713878	8966.761864969156	0.004705182	8.0
9479.010611729556	1500.0	27.697568117311306	0.0	755142	1613.049789372177	0.039870374	1.5
9489.056250847076	8000.0	21.651928999792776	0.0	3707853	10045.639117518527	0.004705182	8.0
9491.662949411668	1500.0	23.045230435199475	0.0	785519	2606.6985645933014	0.35321224	1.5
9493.420216286959	1500.0	25.28796355990793	0.0	681043	1757.2668752915445	0.21259633	1.5
9500.876496199671	8000.0	21.83168364719572	0.0	3739359	7456.279912712209	0.004784065	8.0
9515.384527312577	8000.0	11.323652534290385	0.0	4857577	14508.031112905335	0.5119807	8.0
9516.91021769748	1500.0	13.79796214938773	0.0	725845	1525.690384902654	0.004705182	1.5
9520.944674700913	4000.0	13.763505145951989	0.0	1985434	4034.457003435742	0.14469522	4.0
9522.334608475749	1500.0	16.373571371117553	0.0	657685	1389.9337748344371	0.6733225	1.5
9525.74372758942	4000.0	16.964452257444403	0.0	1697030	3409.119113673151	0.061794806	4.0
9535.287398005756	8000.0	11.420781841109683	0.0	4340973	9543.670416334719	0.5471885	8.0
9543.255202161781	4000.0	7.452977685082921	0.0	2171279	7967.804156026762	0.42915154	4.0
9546.042439446914	1500.0	8.665740399950899	0.0	763847	2787.237285132022	0.004705182	1.5
9548.84968027626	1500.0	9.858499570604806	0.0	769491	2807.2408293460926	0.52596414	1.5
9551.795659365396	1500.0	10.912520481467821	0.0	808636	2945.979089136984	0.45023134	1.5

