29145.147292358582	600.0	4.0	0.8416798951991985	247108	841.6798951991985	-16.23359790398397
29145.531267083094	200.0	7.6160252754874005	0.0	98617	383.9747245125992	0.2
29146.500369340934	600.0	10.646923017646605	0.0	288447	969.1022578407953	0.6
29148.794905828567	1500.0	12.35238653001464	0.0	718451	2294.5364876319645	1.5
29151.107458806913	1500.0	14.039833551668334	0.0	724296	2312.552978346305	1.5
29153.31377151401	1500.0	15.833520844571161	0.0	689829	2206.3127070971723	1.5
29155.65270884756	1500.0	17.494583511022675	0.0	737903	2338.9373335484875	1.5
29158.091277631327	1500.0	19.056014727254208	0.0	780303	2438.5687837684663	1.5
29160.86584218341	1500.0	20.28145017517048	0.0	891463	2774.564552083727	1.5
29163.252391471204	1500.0	21.894900887378135	0.0	763093	2386.5492877923452	1.5
29165.67351188553	1500.0	23.473780473053324	0.0	769316	2421.120414324809	1.5
29171.256366797286	4000.0	21.89092556129321	0.0	1761739	5582.854911760113	4.0
29173.229516883184	1500.0	23.917775475395974	0.0	606092	1973.1500858972356	1.5
29179.044338394062	4000.0	22.102953964518832	0.0	1805063	5814.821510877143	4.0
29181.545766507024	1500.0	23.601525851553493	0.0	754517	2501.4281129653405	1.5
29184.625583580197	1500.0	24.52170877838276	0.0	934743	3079.817073170732	1.5
29189.680748410603	4000.0	23.46654394797774	0.0	1835863	5055.1648304050195	4.0
29191.779439071477	1500.0	25.36785328710278	0.0	772616	2098.6906608749614	1.5
29193.812234930192	1500.0	27.33505742838991	0.0	747396	2032.7958587128699	1.5
29199.707851394043	4000.0	25.43944096453921	0.0	2164412	5895.616463850701	4.0
29202.067594288696	1500.0	27.079698069887613	0.0	835711	2359.742894651595	1.5
29207.473178146025	4000.0	25.67411421256129	0.0	1950922	5405.583857326325	4.0
29212.61087493753	4000.0	24.53641742105345	0.0	1849252	5137.696791507838	4.0
29217.920982244737	4000.0	23.22631011384729	0.0	1822097	5310.107307206158	4.0
29223.880154062535	4000.0	21.267138296047374	0.0	1836837	5959.171817799917	4.0
29226.024163344577	1500.0	23.123129014005325	0.0	644861	2144.009282042049	1.5
29230.16114149214	1500.0	22.986150866441726	0.0	794014	4136.978147563599	1.5
29235.20198793815	1500.0	21.945304420429792	0.0	914284	5040.846446011937	1.5
29237.910315168112	1500.0	23.236977190468725	0.0	675709	2708.327229961064	1.5
29240.11366588275	1500.0	25.03362647583467	0.0	707527	2203.350714634055	1.5
29242.46690893335	1500.0	26.680383425228825	0.0	757473	2353.243050605845	1.5
29244.684400774142	1500.0	28.462891584436537	0.0	712239	2217.491840792288	1.5
29246.6661901728	1500.0	30.481102185779523	0.0	633700	1981.7893986570134	1.5
29253.302867743914	4000.0	27.844424614664764	0.0	2125133	6636.67757111476	4.0
29258.919802257144	4000.0	26.227490101433503	0.0	1828568	5616.934513231261	4.0
29264.196240623274	4000.0	24.951051735303942	0.0	1785821	5276.438366129561	4.0
29266.2579610612	1500.0	26.889331297374287	0.0	681043	2061.720437929655	1.5
29272.513270739502	4000.0	24.63402161907409	0.0	1955307	6255.309678300195	4.0
29274.813371104832	1500.0	26.33392125374429	0.0	691256	2300.1003653298008	1.5
29283.408148453243	4000.0	21.739143905333936	0.0	2094647	8594.777348410356	4.0
29287.22424427266	1500.0	21.923048085916683	0.0	811013	3816.095819417252	1.5
29289.188978780483	1500.0	23.95831357809474	0.0	657685	1964.7345078219437	1.5
29291.286294274087	1500.0	25.86099808448877	0.0	767059	2097.31549360597	1.5
29293.596571403516	1500.0	27.55072095506308	0.0	848035	2310.277129425688	1.5
29295.331952579752	1500.0	29.815339778824544	0.0	629438	1735.381176238535	1.5
29303.972131466297	4000.0	25.175160892281063	0.0	2042818	8640.178886543481	4.0
29310.776920902073	4000.0	22.370371456504667	0.0	1750852	6804.7894357763935	4.0
29312.970380342107	1500.0	24.17691201647069	0.0	808636	2193.459440033977	1.5

