17518.226915662883	600.0	4.0	0.7501801847614205	247108	750.1801847614205	-14.40360369522841
17518.574374261065	200.0	7.652541401813712	0.0	98617	347.45859818628696	0.2
17519.43666970983	600.0	10.790245953046867	0.0	288447	862.2954487668446	0.6
17521.465176532445	1500.0	12.761739130434782	0.0	718451	2028.506822612086	1.5
17527.157283321154	4000.0	11.069632341723874	0.0	2069289	5692.106788710908	4.0
17533.67832538574	4000.0	8.548590277140692	0.0	1863995	6521.042064583185	4.0
17534.931968886754	600.0	11.294946776122954	0.0	327938	1253.643501017738	0.6
17542.12880789917	4000.0	8.09810776370879	0.0	2058614	7196.839012414163	4.0
17543.188085372854	600.0	11.03883029002458	0.0	290723	1059.2774736842107	0.6
17551.014383854377	4000.0	7.212531808501624	0.0	2373154	7826.298481522956	4.0
17552.11153950947	600.0	10.115376153406439	0.0	329266	1097.1556550951848	0.6
17554.49116031497	1500.0	11.735755347907732	0.0	744416	2379.620805498707	1.5
17560.90063862345	4000.0	9.326277039427088	0.0	2131310	6409.478308480645	4.0
17563.06848747993	1500.0	11.15842818294714	0.0	748011	2167.8488564799472	1.5
17569.197907852522	4000.0	9.029007810353225	0.0	2157416	6129.420372593914	4.0
17572.03307761101	1500.0	10.193838051865301	0.0	934743	2835.1697584879244	1.5
17574.281187700726	1500.0	11.94572796215029	0.0	735572	2248.1100897150122	1.5
17580.6417850441	4000.0	9.58513061877618	0.0	2192675	6360.597343374108	4.0
17582.714143718564	1500.0	11.512771944312242	0.0	747396	2072.358674463938	1.5
17588.563889640824	4000.0	9.663026022051701	0.0	2164412	5849.745922260542	4.0
17591.528664688176	1500.0	10.698250974695972	0.0	835711	2964.77504735573	1.5
17594.581819817682	1500.0	11.645095845190946	0.0	806394	3053.155129505024	1.5
17600.943075521765	4000.0	9.283840141103889	0.0	1849252	6361.255704087058	4.0
17602.91294766757	1500.0	11.313967995301594	0.0	681795	1969.8721458022937	1.5
17608.08448850122	4000.0	10.142427161650648	0.0	1836837	5171.540833650947	4.0
17609.967814596654	1500.0	12.259101066218744	0.0	644861	1883.3260954319053	1.5
17616.010386895254	4000.0	10.216528767618769	0.0	2068230	6042.572298599975	4.0
17618.72620808122	1500.0	11.500707581651456	0.0	914284	2715.8211859673147	1.5
17625.052617629535	4000.0	9.174298033339701	0.0	2165436	6326.409548311754	4.0
17627.1737694299	1500.0	11.05314623297548	0.0	707527	2121.15180036422	1.5
17633.258269765614	4000.0	8.968645897261617	0.0	2290706	6084.500335713864	4.0
17634.053825117942	600.0	12.173090544936407	0.0	293409	795.5553523252092	0.6
17640.378621848722	4000.0	9.848293814158653	0.0	2544033	6324.7967307777535	4.0
17642.637138644306	1500.0	11.589777018572564	0.0	755142	2258.516795586088	1.5
17647.992392967164	4000.0	10.234522695715059	0.0	1828568	5355.254322857504	4.0
17650.338544677375	1500.0	11.88837098550428	0.0	785519	2346.1517102107787	1.5
17655.653566351983	4000.0	10.573349310896262	0.0	2096494	5315.021674608019	4.0
17657.895597987088	1500.0	12.331317675791903	0.0	866245	2242.031635104359	1.5
17663.709358510667	4000.0	10.517557152213874	0.0	2142800	5813.760523578029	4.0
17665.857145705308	1500.0	12.369769957569616	0.0	725845	2147.7871946442565	1.5
17671.468109713474	4000.0	10.75880594940318	0.0	1985434	5610.964008166437	4.0
17673.141435375157	1500.0	13.085480287723088	0.0	657685	1673.3256616800923	1.5
17682.56513072192	8000.0	7.661784940960133	0.0	3735285	9423.695346762956	8.0
17683.46788083714	600.0	10.759034825742141	0.0	278938	902.7501152179925	0.6
17685.404458954938	1500.0	12.822456707943266	0.0	629438	1936.5781177988756	1.5
17691.554184599543	4000.0	10.672731063337412	0.0	2042818	6149.725644605853	4.0
17694.188352597386	1500.0	12.038563065494955	0.0	769491	2634.167997842458	1.5
17701.021910674684	4000.0	9.20500498819686	0.0	2034636	6833.558077298094	4.0

