17633.6779934866	600.0	4.0	0.7501801847614205	247108	750.1801847614205	0.036080282	-14.40360369522841
17634.025452084785	200.0	7.652541401813712	0.0	98617	347.45859818628696	0.004705182	0.2
17634.394225031643	200.0	11.28376845495381	0.0	106476	368.77294685990336	0.004705182	0.2
17634.78673965153	200.0	14.891253835070769	0.0	115230	392.5146198830409	0.004705182	0.2
17635.13159735133	200.0	18.5463961352657	0.0	97658	344.85769980506825	0.004705182	0.2
17635.476455051135	200.0	22.20153843546063	0.0	97658	344.85769980506825	0.004705182	0.2
17635.870493867988	200.0	25.807499618611747	0.0	115792	394.0388168488855	0.004705182	0.2
17636.242515903752	200.0	29.435477582846005	0.0	107674	372.0220357657429	0.004705182	0.2
17638.740247575926	1500.0	30.937745910670397	0.0	891463	2497.7316721756083	0.29555064	1.5
17655.360416249205	12000.0	18.317577237393003	0.0	5088378	16620.168673277396	0.004705182	12.0
17655.761645722887	200.0	21.91634776370879	0.0	95365	401.2294736842105	0.004705182	0.2
17656.162797722885	200.0	25.515195763708792	0.0	95342	401.152	0.23023054	0.2
17656.58778803868	200.0	29.090205447919317	0.0	102419	424.9903157894737	0.004705182	0.2
17659.18740403868	1500.0	30.490589447919316	0.0	748011	2599.616	0.004705182	1.5
17661.808934986046	1500.0	31.869058500550896	0.0	754517	2621.530947368421	0.004705182	1.5
17664.968753951332	1500.0	32.70923953526534	0.0	934743	3159.818965285554	0.004705182	1.5
17667.321054217773	1500.0	34.356939268825215	0.0	735572	2352.3002664401283	0.004705182	1.5
17679.39200812765	12000.0	26.28598535894979	0.0	4055239	12070.953909875421	0.004705182	12.0
17681.558140395675	1500.0	28.11985309092474	0.0	747396	2166.132268025051	0.012554501	1.5
17683.48688941439	1500.0	30.19110407220625	0.0	662349	1928.7490187184899	0.004705182	1.5
17685.97186613606	1500.0	31.706127350540758	0.0	835711	2484.9767216654895	0.004731643	1.5
17688.428725189537	1500.0	33.24926829706177	0.0	806394	2456.8590534789896	0.004705182	1.5
17690.894229306847	1500.0	34.783764179750634	0.0	809327	2465.504117311129	0.025715493	1.5
17692.983830839556	1500.0	36.694162647042425	0.0	681795	2089.601532708214	0.6967605	1.5
17695.521786744463	1500.0	38.156206742133	0.0	855209	2537.9559049094214	0.18450996	1.5
17704.273666253303	8000.0	33.404327233294424	0.0	3253093	8751.879508838574	0.053753376	8.0
17718.654848401104	8000.0	23.023145085492498	0.0	4274504	14381.182147801925	0.041025072	8.0
17721.26915836957	1500.0	24.408835117022935	0.0	914284	2614.3099684695608	0.004705182	1.5
17723.222160691043	1500.0	26.455832795551053	0.0	675709	1953.0023214718826	0.006508447	1.5
17725.263359540702	1500.0	28.414633945892348	0.0	707527	2041.1988496587092	0.12690331	1.5
17736.947697544812	8000.0	20.730295941779854	0.0	4025712	11684.338004112493	0.9444212	8.0
17739.082443041647	1500.0	22.59555044494424	0.0	712239	2134.7454968356146	0.004705182	1.5
17740.9906105828	1500.0	24.687382903789196	0.0	633700	1908.167541155046	0.005662895	1.5
17743.24912737839	1500.0	26.428866108203106	0.0	755142	2258.516795586088	0.04439559	1.5
17752.742658668943	8000.0	20.935334817651192	0.0	3707853	9493.531290551913	0.021135531	8.0
17754.738354250207	1500.0	22.939639236387	0.0	785519	1995.6955812641945	0.46179107	1.5
17766.17082082063	8000.0	15.507172665964417	0.0	4018228	11432.466570422583	0.0049533555	8.0
17768.412852455735	1500.0	17.26514103086006	0.0	866245	2242.031635104359	0.010251912	1.5
17773.840994595314	4000.0	15.836998891278741	0.0	2142800	5428.142139581319	0.23623744	4.0
17779.576164558865	4000.0	14.10182892772843	0.0	2094647	5735.169963550309	0.16239248	4.0
17785.312268824942	4000.0	12.365724661650516	0.0	1985434	5736.104266077915	0.4996979	4.0
17787.119565467056	1500.0	14.558428019538225	0.0	657685	1807.2966421122915	0.53034234	1.5
17796.248769028316	8000.0	9.429224458276035	0.0	3735285	9129.20356126219	0.35261515	8.0
17798.80422292484	1500.0	10.873770561754673	0.0	848035	2555.4538965213633	0.07902788	1.5
17805.288585354556	4000.0	8.389408132037648	0.0	2171279	6484.3624297170245	0.11138825	4.0
17807.7486883511	1500.0	9.929305135490601	0.0	763847	2460.102996547046	0.42366222	1.5
17813.640283480036	4000.0	8.037710006556717	0.0	1750852	5891.595128933885	0.20023222	4.0
17816.404385299425	1500.0	9.273608187167884	0.0	808636	2764.101819388835	0.5131001	1.5

