36468.70782601555	600.0	4.0	0.8037945995423341	247108	803.7945995423341	-15.475891990846682
36470.933085512115	1500.0	5.774740503432494	0.0	732405	2225.2594965675057	1.5
36472.898953155134	1500.0	7.8088728604119	0.0	643847	1965.867643020595	1.5
36475.08334052355	1500.0	9.624485491990846	0.0	718451	2184.387368421053	1.5
36477.28484825811	1500.0	11.42297775743707	0.0	724296	2201.5077345537757	1.5
36479.55480601415	1500.0	13.153020001395891	0.0	689829	2269.9577560411803	1.5
36482.16181699422	1500.0	14.546009021322691	0.0	737903	2607.0109800732007	1.5
36484.91403034582	1500.0	15.793795669724908	0.0	780303	2752.2133515977825	1.5
36488.046920480876	1500.0	16.660905534667865	0.0	891463	3132.890135057041	1.5
36490.50508556216	1500.0	18.202740453385573	0.0	763093	2458.165081282292	1.5
36492.91546344933	1500.0	19.792362566221623	0.0	769316	2410.3778871639533	1.5
36495.25041536149	1500.0	21.457410654067136	0.0	744416	2334.951912154487	1.5
36502.02114241782	4000.0	18.68668359773876	0.0	2131310	6770.7270563283755	4.0
36508.020352124324	4000.0	16.687473891229494	0.0	1805063	5999.209706509264	4.0
36514.28868896944	4000.0	14.419137046114368	0.0	2157416	6268.336845115127	4.0
36520.75722194156	4000.0	11.950604073994327	0.0	2231719	6468.5329721200405	4.0
36526.47540536511	4000.0	10.232420650446398	0.0	1835863	5718.183423547929	4.0
36532.91557943429	4000.0	7.792246581262894	0.0	2192675	6440.174069183504	4.0
36538.785382565424	4000.0	5.922443450127033	0.0	2082556	5869.803131135862	4.0
36540.921070864104	1500.0	7.786755151447183	0.0	662349	2135.6882986798487	1.5
36543.738358423725	1500.0	8.969467591824673	0.0	835711	2817.2875596225103	1.5
36546.45962109031	1500.0	10.24820492523989	0.0	806394	2721.262666584782	1.5
36549.19049050421	1500.0	11.517335511331723	0.0	809327	2730.8694139081663	1.5
36551.45418539665	1500.0	13.253640618894222	0.0	681795	2263.694892437501	1.5
36554.252856593324	1500.0	14.45496942221623	0.0	855209	2798.6711966779917	1.5
36556.38284089723	1500.0	16.324985118308103	0.0	644861	2129.9843039081284	1.5
36558.98697592336	1500.0	17.720850092181063	0.0	794014	2604.135026127039	1.5
36561.99298741913	1500.0	18.71483859640974	0.0	914284	3006.011495771325	1.5
36564.24398362387	1500.0	20.463842391666674	0.0	675709	2250.996204743067	1.5
36566.59720838742	1500.0	22.110617628117204	0.0	707527	2353.224763549469	1.5
36573.92361464393	4000.0	18.784211371601874	0.0	2290706	7326.406256515332	4.0
36580.065116346435	4000.0	16.642709669101627	0.0	1947068	6141.5017025002435	4.0
36589.17916321834	4000.0	11.528662797201166	0.0	2544033	9114.04687190046	4.0
36595.5785462214	4000.0	9.129279794135291	0.0	2125133	6399.383003065875	4.0
36600.868268142505	4000.0	7.839557873026186	0.0	1828568	5289.721921109105	4.0
36606.45284084807	4000.0	6.254985167470203	0.0	1785821	5584.572705555984	4.0
36608.63207179513	1500.0	8.075754220410019	0.0	681043	2179.2309470601836	1.5
36611.37061055093	1500.0	9.337215464605915	0.0	866245	2738.538755804104	1.5
36613.525130564434	1500.0	11.182695451101019	0.0	691256	2154.5200135048954	1.5
36615.783455207114	1500.0	12.924370808418047	0.0	725845	2258.3246426829724	1.5
36618.297376503586	1500.0	14.410449511948077	0.0	811013	2513.9212964699705	1.5
36620.35114699539	1500.0	16.3566790201448	0.0	657685	2053.7704918032787	1.5
36625.69948082674	4000.0	15.008345188789306	0.0	1697030	5348.333831355492	4.0
36631.7286923489	4000.0	12.97913366663452	0.0	1910697	6029.2115221547865	4.0
36638.07263710287	4000.0	10.63518891266326	0.0	2171279	6343.94475397126	4.0
36644.218356157464	4000.0	8.489469858069878	0.0	2042818	6145.719054593381	4.0
36649.703054413374	4000.0	7.00477160216619	0.0	1750852	5484.698255903689	4.0
36655.964744732235	4000.0	4.743081283300435	0.0	2034636	6261.690318865755	4.0

