10279.714382978842	600.0	4.0	0.7204769078744878	247108	720.4769078744878	-13.809538157489756
10280.597148526136	600.0	7.117234452706096	0.0	309722	882.7655472939042	0.6
10281.424771600443	600.0	10.289611378399831	0.0	288447	827.6230743062642	0.6
10283.366918009864	1500.0	12.34746496897831	0.0	718451	1942.1464094215225	1.5
10285.324214019973	1500.0	14.390168958869936	0.0	724296	1957.2960101083736	1.5
10287.192175336006	1500.0	16.522207642837472	0.0	689829	1867.9613160324636	1.5
10289.18473920181	1500.0	18.529643777032607	0.0	737903	1992.563865804863	1.5
10291.27809017678	1500.0	20.436292802063587	0.0	780303	2093.3509749690215	1.5
10296.14504489139	4000.0	19.56933808745337	0.0	1857129	4866.954714610217	4.0
10298.192001217005	1500.0	21.522381761836762	0.0	763093	2046.9563256166127	1.5
10300.257818302982	1500.0	23.456564675860598	0.0	769316	2065.817085976162	1.5
10304.912501263852	4000.0	22.80188171498941	0.0	1761739	4654.682960871189	4.0
10310.727140197047	4000.0	20.987242781796063	0.0	2131310	5814.638933193344	4.0
10317.398870694147	4000.0	18.31551228469468	0.0	1805063	6671.730497101384	4.0
10320.218406806202	1500.0	19.49597617264157	0.0	754517	2819.536112053109	1.5
10322.373135324913	1500.0	21.341247653927812	0.0	934743	2154.7285187137586	1.5
10324.085789654466	1500.0	23.628593324376997	0.0	735572	1712.6543295508145	1.5
10325.880665774655	1500.0	25.833717204187227	0.0	772616	1794.8761201897735	1.5
10330.614296426878	4000.0	25.100086551961745	0.0	2082556	4733.630652225483	4.0
10337.669660900061	4000.0	22.04472207878109	0.0	2164412	7055.364473180656	4.0
10340.442950726234	1500.0	23.27143225260831	0.0	835711	2773.28982617278	1.5
10345.489193481595	4000.0	22.22518949724738	0.0	1950922	5046.242755360928	4.0
10350.228872841575	4000.0	21.485510137267543	0.0	1849252	4739.679359979842	4.0
10355.058882326168	4000.0	20.655500652675197	0.0	1822097	4830.009484592345	4.0
10357.37962905921	1500.0	22.334753919632263	0.0	855209	2320.746733042937	1.5
10362.660937492563	4000.0	21.053445486280953	0.0	1984579	5281.308433351306	4.0
10364.823289932367	1500.0	22.891093046476993	0.0	794014	2162.3524398039635	1.5
10370.293545140616	4000.0	21.42083783822903	0.0	2055338	5470.255208247963	4.0
10372.14125492638	1500.0	23.573128052464593	0.0	675709	1847.709785764438	1.5
10377.44554241089	4000.0	22.268840567954058	0.0	2002600	5304.287484510533	4.0
10379.501601890443	1500.0	24.212781088400156	0.0	757473	2056.0594795539037	1.5
10385.084270101424	4000.0	22.630112877418203	0.0	1947068	5582.668210981952	4.0
10387.042630204429	1500.0	24.671752774415186	0.0	633700	1958.36010300302	1.5
10393.799012261456	4000.0	21.915370717387535	0.0	2125133	6756.382057027652	4.0
10400.496316674185	4000.0	19.218066304658244	0.0	1828568	6697.304412729288	4.0
10402.869312027722	1500.0	20.845070951122143	0.0	785519	2372.995353536102	1.5
10404.537102433971	1500.0	23.177280544873962	0.0	681043	1667.7904062481787	1.5
10406.636674620251	1500.0	25.07770835859431	0.0	866245	2099.5721862796527	1.5
10408.328275716012	1500.0	27.386107262831647	0.0	691256	1691.6010957626625	1.5
10413.317258985835	4000.0	26.39712399300942	0.0	2094647	4988.983269822227	4.0
10418.13364544774	4000.0	25.580737531103946	0.0	1985434	4816.386461905472	4.0
10422.588264926846	4000.0	25.126118051999065	0.0	1830641	4454.619479104884	4.0
10426.850523910565	4000.0	24.86385906827989	0.0	1697030	4262.258983719175	4.0
10431.639356219608	4000.0	24.07502675923687	0.0	1910697	4788.83230904302	4.0
10438.731995113803	4000.0	20.98238786504268	0.0	2171279	7092.6388941941905	4.0
10441.393213327878	1500.0	22.321169650968166	0.0	763847	2661.218214074512	1.5
10446.66869106803	4000.0	21.04569191081728	0.0	1750852	5275.477740150882	4.0
10449.056236413942	1500.0	22.658146564904207	0.0	808636	2387.5453459130717	1.5

