23741.56490398038	600.0	4.0	0.6998717526613674	247108	699.8717526613674	-13.397435053227348
23742.421843290223	600.0	7.143060690152548	0.0	309722	856.9393098474517	0.6
23744.116936967224	1500.0	9.447967013153976	0.0	643847	1695.0936769985733	1.5
23745.99917518117	1500.0	11.56572879920982	0.0	718451	1882.2382139441545	1.5
23747.89607560918	1500.0	13.668828371196087	0.0	724296	1896.9004280137342	1.5
23749.706515381535	1500.0	15.858388598842952	0.0	689829	1810.4397723531351	1.5
23754.677807970787	4000.0	14.887096009588687	0.0	2046450	4971.292589254265	4.0
23759.563934070626	4000.0	14.00096990975357	0.0	2058614	4886.126099835116	4.0
23764.646868456006	4000.0	12.918035524373526	0.0	1857129	5082.934385380046	4.0
23771.783290837207	4000.0	9.781613143174686	0.0	2373154	7136.422381198839	4.0
23776.927929004545	4000.0	8.636974975835582	0.0	2094766	5144.638167339106	4.0
23781.267388333315	4000.0	8.297515647065767	0.0	1761739	4339.459328769814	4.0
23787.31050335234	4000.0	6.254400628041304	0.0	2131310	6043.115019024463	4.0
23792.39096572882	4000.0	5.17393825156376	0.0	1805063	5080.462376477544	4.0
23793.036609033417	600.0	8.528294946964522	0.0	264113	645.6433045992397	0.6
23793.318733571617	200.0	12.246170408762454	0.0	94377	282.12453820206673	0.2
23793.591207737707	200.0	15.973696242675823	0.0	89871	272.4741660866306	0.2
23795.325897463037	1500.0	18.239006517345203	0.0	772616	1734.6897253306208	1.5
23797.006574231254	1500.0	20.55832974912761	0.0	747396	1680.676768217594	1.5
23801.722033887516	4000.0	19.842870092865898	0.0	2164412	4715.459656261713	4.0
23807.613207967635	4000.0	17.951696012748958	0.0	2379358	5891.174080116942	4.0
23812.558122638085	4000.0	17.006781342300254	0.0	1950922	4944.914670448702	4.0
23817.24144805298	4000.0	16.323455927405057	0.0	1849252	4683.325414895201	4.0
23821.857059858135	4000.0	15.707844122249243	0.0	1822097	4615.6118051558105	4.0
23826.136998927912	4000.0	15.4279050524714	0.0	1836837	4279.939069777843	4.0
23830.652307900982	4000.0	14.912596079401785	0.0	1984579	4515.3089730696165	4.0
23835.93155157244	4000.0	13.633352407941954	0.0	2068230	5279.243671459831	4.0
23841.74271364982	4000.0	11.822190330563076	0.0	2055338	5811.162077378878	4.0
23848.753268986813	4000.0	8.811634993571216	0.0	2165436	7010.555336991861	4.0
23854.846879365254	4000.0	6.718024615132506	0.0	2002600	6093.610378438711	4.0
23856.720670141407	1500.0	8.844233838979523	0.0	757473	1873.790776152981	1.5
23858.487341149637	1500.0	11.077562830750288	0.0	712239	1766.6710082292345	1.5
23860.068021985582	1500.0	13.49688199480215	0.0	633700	1580.680835948138	1.5
23861.936292662274	1500.0	15.628611318110421	0.0	755142	1868.2706766917292	1.5
23867.170748945988	4000.0	14.394155034395117	0.0	1828568	5234.4562837153035	4.0
23872.779606531127	4000.0	12.785297449255797	0.0	1785821	5608.85758513932	4.0
23878.2297005809	4000.0	11.33520339948064	0.0	2096494	5450.094049775157	4.0
23883.135533862816	4000.0	10.42937011756542	0.0	1955307	4905.833281915222	4.0
23888.41199265204	4000.0	9.152911328344759	0.0	2142800	5276.45878922066	4.0
23893.556343106124	4000.0	8.008560874259503	0.0	2094647	5144.350454085256	4.0
23895.404449296293	1500.0	10.160454684093525	0.0	811013	1848.1061901659762	1.5
23896.86353296163	1500.0	12.70137101875488	0.0	657685	1459.0836653386455	1.5
23900.501993854898	4000.0	13.06291012548585	0.0	1697030	3638.460893269029	4.0
23904.608277554154	4000.0	12.95662642623053	0.0	1910697	4106.28369925532	4.0
23909.684030214492	4000.0	11.880873765891156	0.0	2171279	5075.7526603393735	4.0
23914.464215431635	4000.0	11.100688548749941	0.0	2042818	4780.185217141214	4.0
23919.05428647923	4000.0	10.510617501152764	0.0	1750852	4590.071047597178	4.0
23924.38682383119	4000.0	9.178080149189164	0.0	2034636	5332.5373519636	4.0

