2914.178679416504	600.0	4.0	1.0847848738214438	247108	1084.7848738214439	-21.095697476428874
2914.6596735967883	200.0	7.519005819715876	0.0	98617	480.99418028412407	0.2
2915.9125501629014	600.0	10.26612925360238	0.0	288447	1252.8765661134971	0.6
2918.9138991171317	1500.0	11.264780299372285	0.0	718451	3001.3489542300945	1.5
2925.9391738949093	4000.0	8.239505521594724	0.0	2069289	7025.274777777561	4.0
2926.8598286539786	600.0	11.318850762525104	0.0	330929	920.6547590696198	0.6
2932.138399742333	4000.0	10.040279674170733	0.0	2046450	5278.571088354371	4.0
2934.291209877128	1500.0	11.88746953937582	0.0	780303	2152.8101347949146	1.5
2940.0048485848483	4000.0	10.17383083165551	0.0	1857129	5713.638707720309	4.0
2942.3997067677697	1500.0	11.77897264873423	0.0	763093	2394.8581829212803	1.5
2948.0366074224426	4000.0	10.14207199406107	0.0	2094766	5636.9006546731625	4.0
2950.0042214892264	1500.0	12.174457927277127	0.0	744416	1967.6140667839427	1.5
2956.176068611536	4000.0	10.00261080496797	0.0	2131310	6171.8471223091565	4.0
2959.1153695647813	1500.0	11.063309851722396	0.0	748011	2939.3009532455744	1.5
2967.579381590477	4000.0	6.599297826026688	0.0	2157416	8464.012025695707	4.0
2968.035863676792	200.0	10.142815739711896	0.0	94377	456.4820863147922	0.2
2971.0501557309444	1500.0	11.128523685559461	0.0	735572	3014.2920541524345	1.5
2978.136366260143	4000.0	8.042313156361075	0.0	2192675	7086.210529198386	4.0
2979.1042077098227	600.0	11.074471706681303	0.0	330105	967.8414496797727	0.6
2985.1082460903417	4000.0	9.070433326162489	0.0	2164412	6004.038380518813	4.0
2988.176596967535	1500.0	10.002082448969507	0.0	835711	3068.350877192983	1.5
2991.1401155729654	1500.0	11.03856384353873	0.0	806394	2963.518605430775	1.5
2998.7995224857	4000.0	7.379156930804215	0.0	1849252	7659.406912734515	4.0
3000.3049263123676	600.0	9.873753104136755	0.0	298925	1505.4038266674613	0.6
3004.4629331073843	1500.0	9.715746309119767	0.0	855209	4158.006795016988	1.5
3006.7203404496395	1500.0	11.458338966864874	0.0	644861	2257.4073422548936	1.5
3013.0406391541223	4000.0	9.138040262382422	0.0	2068230	6320.298704482453	4.0
3016.1332841932804	1500.0	10.045395223224359	0.0	914284	3092.6450391580615	1.5
3019.201824662099	1500.0	10.976854754405252	0.0	675709	3068.540468819107	1.5
3022.4110904736867	1500.0	11.76758894281746	0.0	707527	3209.265811587793	1.5
3029.867079712902	4000.0	8.311599703602235	0.0	2290706	7455.989239215225	4.0
3030.7374868247316	600.0	11.441192591772756	0.0	293409	870.4071118294778	0.6
3037.730183782102	4000.0	8.448495634402425	0.0	2544033	6992.696957370332	4.0
3038.766224526892	600.0	11.412454889612656	0.0	344336	1036.0407447897687	0.6
3043.923200250077	4000.0	10.255479166427344	0.0	1828568	5156.975723185314	4.0
3046.2021626359656	1500.0	11.976516780538844	0.0	785519	2278.9623858884984	1.5
3052.6009480031057	4000.0	9.57773141339873	0.0	2096494	6398.7853671401135	4.0
3055.291790786514	1500.0	10.886888629990676	0.0	866245	2690.8427834080553	1.5
3058.050899449017	1500.0	12.127779967487777	0.0	691256	2759.1086625028984	1.5
3067.1328391358047	4000.0	7.045840280700215	0.0	2094647	9081.939686787562	4.0
3068.2132094400963	600.0	9.96546997640841	0.0	315398	1080.3703042918032	0.6
3070.3792358054448	1500.0	11.799443611060012	0.0	657685	2166.0263653483994	1.5
3075.841826746073	4000.0	10.336852670431602	0.0	1697030	5462.590940628407	4.0
3078.8499431802975	1500.0	11.328736236207154	0.0	848035	3008.116434224449	1.5
3086.6383979597417	4000.0	7.5402814567627585	0.0	2171279	7788.454779444396	4.0
3087.952340452118	600.0	10.226338964386633	0.0	288236	1313.9424923761271	0.6
3091.3587902521826	1500.0	10.819889164321786	0.0	769491	3406.4498000648446	1.5
3094.9344608455035	1500.0	11.244218571000701	0.0	808636	3575.670593321085	1.5

