4955.602452952925	600.0	4.0	0.8712203321993196	247108	871.2203321993196	0.011283181	-16.82440664398639
4955.99821681124	200.0	7.604236141685011	0.0	98617	395.76385831498897	0.004705182	0.2
4956.419144567893	200.0	11.183308385031017	0.0	106476	420.9277566539924	0.004705182	0.2
4956.868101942318	200.0	14.734351010606362	0.0	115230	448.9573744246548	0.004705182	0.2
4957.260795158249	200.0	18.341657794676806	0.0	97658	392.6932159295577	0.004705182	0.2
4957.653488374178	200.0	21.948964578747248	0.0	97658	392.6932159295577	0.004705182	0.2
4958.104245228291	200.0	25.49820772463478	0.0	115792	450.75685411246747	0.004705182	0.2
4958.529008886485	200.0	29.073444066439865	0.0	107674	424.763658194917	0.004705182	0.2
4961.463403123028	1500.0	30.13904982989794	0.0	891463	2934.3942365419252	0.004705182	1.5
4975.644842730224	12000.0	19.95761022270182	0.0	5088378	14181.439607196122	0.074233994	12.0
4975.977222894967	200.0	23.625230057959353	0.0	95365	332.3801647424658	0.004705182	0.2
4978.027294018722	1500.0	25.57515893420402	0.0	744416	2050.071123755334	0.38534224	1.5
4978.378342349794	200.0	29.22411060313121	0.0	102419	351.04833107281087	0.004705182	0.2
4980.437927516357	1500.0	31.164525436569296	0.0	748011	2059.585166561911	0.004705182	1.5
4982.5147305862565	1500.0	33.08772236666954	0.0	754517	2076.8030698997654	0.004705182	1.5
4985.068495513976	1500.0	34.53395743895112	0.0	934743	2553.7649277184164	0.004705182	1.5
4987.140674490843	1500.0	36.46177846208382	0.0	735572	2072.178976867294	0.004705182	1.5
4998.071035071268	12000.0	29.531417881659102	0.0	4055239	10930.36058042472	0.004705182	12.0
4999.882972620148	1500.0	31.719480332778645	0.0	747396	1811.9375488804565	0.004705182	1.5
5001.4978311202785	1500.0	34.10462183264829	0.0	662349	1614.858500130348	0.024613779	1.5
5010.452016194011	8000.0	29.15043675891633	0.0	3690869	8954.185073731962	0.004705182	8.0
5012.562116736848	1500.0	31.040336216079417	0.0	806394	2110.1005428369135	0.004705182	1.5
5021.905996788484	8000.0	25.696456164443582	0.0	3805854	9343.880051635835	0.4803361	8.0
5023.6060395590675	1500.0	27.996413393860237	0.0	681795	1700.0427705833433	0.0120368125	1.5
5025.718138881866	1500.0	29.88431407106114	0.0	855209	2112.0993227990966	0.004705182	1.5
5034.509830019788	8000.0	25.09262293313892	0.0	3253093	8791.691137922224	0.004705182	8.0
5036.752324743013	1500.0	26.8501282099143	0.0	794014	2242.494723224621	0.004705182	1.5
5039.0150140450505	1500.0	28.587438907876628	0.0	914284	2262.6893020376706	0.04696884	1.5
5048.112864877083	8000.0	23.489588075844942	0.0	3811227	9097.850832031687	0.004705182	8.0
5049.859938773351	1500.0	25.74251417957657	0.0	707527	1747.073896268371	0.004705182	1.5
5059.427795203656	8000.0	20.174657749271407	0.0	4025712	9567.856430305166	0.004705182	8.0
5061.187851815774	1500.0	22.41460113715287	0.0	712239	1760.0566121185316	0.026632588	1.5
5070.160321897875	8000.0	17.44213105505172	0.0	3713878	8972.47008210115	0.73807395	8.0
5072.110092708319	1500.0	19.49236024460897	0.0	755142	1949.770810442749	0.3307464	1.5
5073.849857173877	1500.0	21.752595779049305	0.0	670327	1739.764465559665	0.74849373	1.5
5084.003341418269	8000.0	15.59911153465801	0.0	4086583	10153.484244391295	0.022988867	8.0
5085.757822862756	1500.0	17.84463009017088	0.0	681043	1754.4814444871304	0.22410111	1.5
5091.042689828053	4000.0	16.559763124873918	0.0	1955307	5284.866965296966	1.0827044	4.0
5104.350045554289	8000.0	7.252407398638606	0.0	4857577	13307.35572623531	0.6977245	8.0
5106.352781932826	1500.0	9.249671020101827	0.0	725845	2002.7363785367793	0.04283221	1.5
5108.526355856739	1500.0	11.076097096187755	0.0	811013	2173.573923914071	0.007836721	1.5
5112.989615512845	4000.0	10.612837440081327	0.0	1830641	4463.25965610643	0.6266733	4.0
5117.132958972433	4000.0	10.46949398049406	0.0	1697030	4143.343459587268	0.30517864	4.0
5121.849286302807	4000.0	9.753166650120233	0.0	1910697	4716.327330373826	0.040608175	4.0
5127.218396727118	4000.0	8.384056225809527	0.0	2171279	5369.110424310705	0.18387474	4.0
5129.130977082104	1500.0	10.471475870823149	0.0	763847	1912.5803549863765	0.61449057	1.5
5133.31565883102	4000.0	10.286794121907429	0.0	1750852	4184.68174891572	0.17464596	4.0
5138.165641248087	4000.0	9.436811704840261	0.0	2034636	4849.982417067167	0.2725381	4.0

