18067.67654304562	600.0	4.0	1.8524952927463465	247108	1852.4952927463464	-36.44990585492693
18068.463918639634	200.0	7.21262440598942	0.0	98617	787.3755940105802	0.2
18070.612936841015	600.0	9.063606204608627	0.0	288447	2149.0182013807944	0.6
18075.8463556521	1500.0	7.830187393526406	0.0	718451	5233.418811082221	1.5
18077.16982932649	600.0	10.506713719136867	0.0	318350	1323.4736743895387	0.6
18079.606456635123	1500.0	12.070086410500164	0.0	689829	2436.627308636703	1.5
18086.698017840787	4000.0	8.97852520483677	0.0	2046450	7091.561205663395	4.0
18087.782052091276	600.0	11.894490954351554	0.0	274823	1084.0342504852154	0.6
18094.646859489378	4000.0	9.029683556246745	0.0	1857129	6864.807398104806	4.0
18097.443946861673	1500.0	10.232596183951998	0.0	763093	2797.0873722947495	1.5
18100.1111874872	1500.0	11.565355558426521	0.0	769316	2667.2406255254755	1.5
18106.11598654555	4000.0	9.560556500077775	0.0	1761739	6004.799058348747	4.0
18108.211164897923	1500.0	11.465378147704708	0.0	606092	2095.178352373066	1.5
18114.2591784536	4000.0	9.41736459202517	0.0	1805063	6048.01355567954	4.0
18116.83381032185	1500.0	10.842732723779761	0.0	754517	2574.6318682454075	1.5
18120.047069770077	1500.0	11.629473275551968	0.0	934743	3213.259448227794	1.5
18126.28639205986	4000.0	9.39015098576375	0.0	1835863	6239.322289788216	4.0
18128.929327396785	1500.0	10.747215648844106	0.0	772616	2642.9353369196424	1.5
18131.473642609246	1500.0	12.202900436380686	0.0	747396	2544.3152124634216	1.5
18138.699634589793	4000.0	8.976908455831571	0.0	2164412	7225.991980549114	4.0
18139.711916537268	600.0	11.964626508359341	0.0	280646	1012.281947472231	0.6
18146.272712135727	4000.0	9.403830909895726	0.0	1950922	6560.7955984636155	4.0
18149.4673274397	1500.0	10.209215605925985	0.0	809327	3194.6153039697397	1.5
18152.51294292469	1500.0	11.163600120932509	0.0	681795	3045.6154849934755	1.5
18159.875788861315	4000.0	7.80075418430871	0.0	1836837	7362.845936623799	4.0
18160.6720700753	600.0	11.004472970324844	0.0	221407	796.2812139838647	0.6
18167.44307033815	4000.0	8.233472707470243	0.0	2068230	6771.000262854602	4.0
18168.509240625728	600.0	11.167302419896508	0.0	302611	1066.1702875737342	0.6
18175.70960397064	4000.0	7.9669390749860085	0.0	2165436	7200.3633449105	4.0
18176.785109838	600.0	10.891433207623342	0.0	302752	1075.5058673626668	0.6
18179.66858675997	1500.0	12.007956285654144	0.0	757473	2883.4769219691993	1.5
18188.054747907518	4000.0	7.6217951381044164	0.0	1947068	8386.161147549727	4.0
18189.305148108557	600.0	10.371394937066725	0.0	310713	1250.4002010376926	0.6
18192.10503285035	1500.0	11.57151019527212	0.0	755142	2799.8847417946063	1.5
18198.7575559121	4000.0	8.918987133524075	0.0	1828568	6652.523061748046	4.0
18199.73862815032	600.0	11.937914895303377	0.0	275745	981.0722382206973	0.6
18206.669495948456	4000.0	9.007047097170092	0.0	2096494	6930.867798133285	4.0
18209.581580698774	1500.0	10.09496234685128	0.0	866245	2912.084750318813	1.5
18211.924840091422	1500.0	11.751702954201694	0.0	691256	2343.259392649587	1.5
18218.86297875067	4000.0	8.81356429495638	0.0	2094647	6938.138659245314	4.0
18220.13094362288	600.0	11.545599422746093	0.0	315398	1267.9648722102856	0.6
18227.272750407363	4000.0	8.403792638263127	0.0	1830641	7141.806784482967	4.0
18228.622115115515	600.0	11.054427930111622	0.0	329059	1349.3647081515055	0.6
18237.86419917552	4000.0	5.812343870106195	0.0	1910697	9242.084060005427	4.0
18238.360435590228	200.0	9.316107455403545	0.0	85214	496.2364147026499	0.2
18241.32172697069	1500.0	10.354816074938975	0.0	763847	2961.2913804645686	1.5
18243.962961836514	1500.0	11.713581209118297	0.0	769491	2641.234865820678	1.5
18250.929221286195	4000.0	8.747321759434342	0.0	2034636	6966.259449683956	4.0

