6700.1111833968835	600.0	4.0	0.8903230037711101	247108	890.32300377111	0.014102729	-17.2064600754222
6700.5145708374475	200.0	7.596612559435973	0.0	98617	403.3874405640269	0.004705182	0.2
6700.943729715952	200.0	11.167453680931299	0.0	106476	429.15887850467294	0.004705182	0.2
6701.401594939759	200.0	14.709588457124118	0.0	115230	457.8652238071815	0.004705182	0.2
6701.80183760249	200.0	18.309345794392524	0.0	97658	400.2426627315954	0.004705182	0.2
6702.202080265222	200.0	21.90910313166093	0.0	97658	400.2426627315954	0.004705182	0.2
6702.6617884141	200.0	25.449394982784067	0.0	115792	459.70814887686504	0.004705182	0.2
6703.094875805475	200.0	29.01630759140843	0.0	107674	433.0873913756354	0.004705182	0.2
6703.487402449186	200.0	32.623780947696346	0.0	95305	392.526643712084	0.004705182	0.2
6703.913114861058	200.0	36.19806853582554	0.0	105425	425.71241187079846	0.0064794794	0.2
6704.305838258337	200.0	39.8053451385473	0.0	95365	392.7233972782423	0.004705182	0.2
6704.698486233414	200.0	43.41269716346942	0.0	95342	392.64797507788165	0.004705182	0.2
6705.114341291621	200.0	46.99684210526316	0.0	102419	415.8550582062633	0.005538638	0.2
6705.459522468862	200.0	50.65166092802099	0.0	80867	345.1811772421708	0.004705182	0.2
6705.810878428856	200.0	54.30030496802755	0.0	82750	351.35595999344156	0.006224215	0.2
6719.8658942390875	12000.0	44.24528915779566	0.0	5443841	14055.01581023188	0.6884661	12.0
6720.154323988758	200.0	47.956859408125425	0.0	89871	288.4297496702373	0.004705182	0.2
6729.590092759155	12000.0	42.52109063772865	0.0	4055239	9435.768770396786	0.004705182	12.0
6729.8797979588835	200.0	46.231385437999656	0.0	90919	289.7051997289856	0.004705182	0.2
6730.157871449924	200.0	49.95331194695899	0.0	85876	278.07349104066657	0.076379016	0.2
6741.581341318217	12000.0	42.52984207866574	0.0	5251330	11423.46986829325	0.16352664	12.0
6741.872606853719	200.0	46.23857654316374	0.0	97742	291.26553550199935	0.024168095	0.2
6753.0906217054835	12000.0	39.02056169139927	0.0	5141915	11218.014851764468	0.013374317	12.0
6753.358185888668	200.0	42.75299750821404	0.0	85752	267.56418318523583	0.004705182	0.2
6753.6450069412995	200.0	46.466176455582456	0.0	94556	286.82105263157894	0.004705182	0.2
6760.84045301102	8000.0	43.2707303858627	0.0	3253093	7195.446069719755	0.004868935	8.0
6773.127801787586	12000.0	34.983381609297005	0.0	5138482	12287.348776565692	0.004705182	12.0
6780.630791526779	8000.0	31.480391870104047	0.0	3354913	7502.989739192964	0.004705182	8.0
6780.91875789567	200.0	35.19242550121282	0.0	93993	287.9663688912244	0.32983667	0.2
6793.993662143445	12000.0	26.11752125343684	0.0	5411094	13074.904247775978	0.107712366	12.0
6794.302134247493	200.0	29.809049149389192	0.0	93982	308.47210404764803	0.055548202	0.2
6803.011659895344	8000.0	25.099523501538474	0.0	3568902	8709.52564785072	0.006742093	8.0
6804.576060744476	1500.0	27.53512265240591	0.0	633700	1564.4008491325671	0.16594747	1.5
6804.865525937362	200.0	31.245657459521055	0.0	89422	289.4651928848547	0.3804728	0.2
6805.1990359293095	200.0	34.91214746757317	0.0	108225	333.50999194788085	0.03426505	0.2
6805.484680611251	200.0	38.62650278563188	0.0	87791	285.64468194129273	0.49728355	0.2
6805.803815081641	200.0	42.30736831524172	0.0	102088	319.13447039016177	0.70464814	0.2
6814.706280453829	8000.0	37.404902943053926	0.0	3739359	8902.465372187795	0.66869086	8.0
6827.619658989603	12000.0	28.49152440727988	0.0	5257310	12913.378535774045	0.004705182	12.0
6827.954082069525	200.0	32.15710132735785	0.0	101968	334.4230799220273	0.1376569	0.2
6839.035016621271	12000.0	25.07616677561133	0.0	4828747	11080.93455174652	0.028605178	12.0
6843.086809899149	4000.0	25.024373497733784	0.0	1830641	4051.793277877546	0.017764227	4.0
6847.088538479656	4000.0	25.022644917226536	0.0	1697030	4001.7285805072506	0.04355049	4.0
6851.584037930809	4000.0	24.527145466073954	0.0	1910697	4495.49945115258	0.012928485	4.0
6859.040215231822	8000.0	21.07096816506143	0.0	3682991	7456.177301012524	0.042442143	8.0
6863.127978175114	4000.0	20.983205221769403	0.0	2042818	4087.762943292027	0.20746699	4.0
6866.880211510632	4000.0	21.230971886251282	0.0	1750852	3752.2333355181236	0.063952476	4.0
6878.963155916867	12000.0	13.148027480015484	0.0	5646381	12082.944406235798	0.006549405	12.0

