19653.19819999191	600.0	4.0	0.7364383197741989	247108	736.4383197741989	0.1760916	-14.128766395483979
19653.54017442326	200.0	7.658025568653494	0.0	98617	341.97443134650507	0.004705182	0.2
19653.903026158274	200.0	11.295173833637723	0.0	106476	362.8517350157729	0.004705182	0.2
19654.289132749673	200.0	14.909067242238086	0.0	115230	386.10659139963474	0.004705182	0.2
19654.62855961336	200.0	18.569640378548893	0.0	97658	339.4268636891914	0.004705182	0.2
19654.96798647705	200.0	22.230213514859706	0.0	97658	339.4268636891914	0.004705182	0.2
19655.355586012167	200.0	25.842613979744314	0.0	115792	387.599535115391	0.004705182	0.2
19655.72162021439	200.0	29.47657977751951	0.0	107674	366.0342022248049	0.004705182	0.2
19672.095493452674	12000.0	17.102706539234394	0.0	6619479	16373.873238285116	0.5311005	12.0
19672.420130948867	200.0	20.778069043041448	0.0	105425	324.6374961929486	0.004705182	0.2
19672.721424331125	200.0	24.476775660784483	0.0	95365	301.29338225696506	0.607124	0.2
19673.022664342145	200.0	28.17553564976216	0.0	95342	301.24001102232023	0.004705182	0.2
19674.683276998912	1500.0	30.514922992995714	0.0	606092	1660.6126567664478	0.004705182	1.5
19676.799165815977	1500.0	32.39903417593043	0.0	748011	2115.888817065288	0.004705182	1.5
19678.9327622505	1500.0	34.2654377414052	0.0	754517	2133.5964345252273	0.004705182	1.5
19681.556886361686	1500.0	35.641313630222264	0.0	934743	2624.124111182935	0.004705182	1.5
19697.364099434013	12000.0	23.83410055789377	0.0	5964284	15807.213072328494	0.004705182	12.0
19699.418080016538	1500.0	25.780119975369498	0.0	772616	2053.980582524272	0.6430579	1.5
19701.40762523882	1500.0	27.7905747530905	0.0	747396	1989.5452222789986	0.0056324136	1.5
19701.70703249482	200.0	31.491167497086412	0.0	85876	299.4072560040879	0.004705182	0.2
19703.922216449853	1500.0	33.2759835420532	0.0	835711	2215.183955033214	0.004705182	1.5
19706.27491404545	1500.0	34.92328594645512	0.0	806394	2352.697595598084	0.20736675	1.5
19708.661304997448	1500.0	36.53689499445583	0.0	809327	2386.3909519992876	0.004705182	1.5
19710.6842598465	1500.0	38.51394014540426	0.0	681795	2022.9548490515629	0.004705182	1.5
19725.949898154155	12000.0	27.248301837752138	0.0	6078444	15265.638307652125	0.509951	12.0
19727.833421376024	1500.0	29.364778615881452	0.0	644861	1883.5232218706847	0.004705182	1.5
19730.134090151918	1500.0	31.06410983998955	0.0	794014	2300.668775891905	0.004705182	1.5
19739.62478104421	8000.0	25.57341894769671	0.0	3354913	9490.690892292841	0.012025396	8.0
19741.605309117902	1500.0	27.592890874005466	0.0	675709	1980.5280736912423	0.004705182	1.5
19743.67532986114	1500.0	29.5228701307646	0.0	707527	2070.020743240868	0.37051174	1.5
19756.555477609665	8000.0	20.642722382241146	0.0	4025712	12880.14774852345	0.004705182	8.0
19758.64411863621	1500.0	22.554081355696216	0.0	712239	2088.6410265449294	0.004705182	1.5
19760.51126567326	1500.0	24.686934318646124	0.0	633700	1867.1470370500936	0.21795753	1.5
19772.773360717478	8000.0	16.42483927442813	0.0	4271839	12262.095044217991	0.029188259	8.0
19774.77796315436	1500.0	18.42023683754834	0.0	670327	2004.6024368797891	0.004705182	1.5
19776.953398083264	1500.0	20.244801908647123	0.0	785519	2175.4349289012207	0.3771084	1.5
19787.715355616485	8000.0	13.48284437542649	0.0	4018228	10761.957533220631	0.04350394	8.0
19790.258115487126	1500.0	14.940084504784322	0.0	866245	2542.759870642169	0.004705182	1.5
19796.457659747753	4000.0	12.740540244156426	0.0	2142800	6199.544260627895	0.3592591	4.0
19798.668150841295	1500.0	14.530049150615673	0.0	725845	2210.4910935407534	0.1467461	1.5
19801.128625974754	1500.0	16.06957401715637	0.0	811013	2460.475133459302	0.1664402	1.5
19806.500093832245	4000.0	14.69810615966942	0.0	1830641	5371.467857486951	0.3628256	4.0
19811.02512616424	4000.0	14.17307382767302	0.0	1697030	4525.032331996399	0.2598979	4.0
19816.120895447773	4000.0	13.077304544138752	0.0	1910697	5095.76928353427	0.058181234	4.0
19822.380163692735	4000.0	10.818036299176903	0.0	2171279	6259.268244961848	0.17630425	4.0
19828.182793530334	4000.0	9.01540646157807	0.0	2042818	5802.6298375988345	0.2806043	4.0
19833.0327763327	4000.0	8.165423659214671	0.0	1750852	4849.982802363398	0.40389124	4.0
19835.315806522212	1500.0	9.882393469700123	0.0	808636	2283.03018951455	0.59947145	1.5

