18621.84276658601	600.0	4.0	0.8239790753250663	247108	823.9790753250663	-15.879581506501326
18622.21967718571	200.0	7.623089400297311	0.0	98617	376.91059970268896	0.2
18623.168117431836	600.0	10.67464915416894	0.0	288447	948.4402461283706	0.6
18625.411189896695	1500.0	12.431576689309974	0.0	718451	2243.0724648589658	1.5
18631.650850333674	4000.0	10.191916252332312	0.0	2069289	6239.660436977661	4.0
18633.324126887645	1500.0	12.518639698358237	0.0	689829	1673.276553974074	1.5
18638.13074870824	4000.0	11.712017877761765	0.0	2046450	4806.621820596472	4.0
18643.368818870484	4000.0	10.473947715518513	0.0	2058614	5238.0701622432525	4.0
18646.143383422568	1500.0	11.699383163434785	0.0	891463	2774.564552083727	1.5
18653.18389898502	4000.0	8.658867600987044	0.0	2373154	7040.515562447741	4.0
18654.125006536506	600.0	11.71776004949963	0.0	329266	941.1075514874143	0.6
18658.81236580424	4000.0	11.030400781765074	0.0	1761739	4687.359267734554	4.0
18664.128746332968	4000.0	9.714020253035692	0.0	2131310	5316.380528729383	4.0
18665.890732981836	1500.0	11.952033604170538	0.0	748011	1761.9866488651535	1.5
18670.82192488683	4000.0	11.020841699174401	0.0	2157416	4931.191904996135	4.0
18677.19134618008	4000.0	8.651420405924284	0.0	2231719	6369.421293250118	4.0
18678.306318459265	600.0	11.536448126741478	0.0	340687	1114.9722791828056	0.6
18684.35112595172	4000.0	9.491640634285748	0.0	2192675	6044.807492455729	4.0
18686.09089943607	1500.0	11.751867149941976	0.0	747396	1739.7734843437709	1.5
18690.977499480483	4000.0	10.865267105527142	0.0	2164412	4886.600044414835	4.0
18692.924843651035	1500.0	12.917922934974179	0.0	835711	1947.3441705529644	1.5
18697.56840388495	4000.0	12.274362701056049	0.0	1950922	4643.560233918129	4.0
18701.974139557467	4000.0	11.868627028541429	0.0	1849252	4405.735672514621	4.0
18706.081522611552	4000.0	11.761243974455796	0.0	1822097	4107.3830540856325	4.0
18710.15948101233	4000.0	11.68328557367224	0.0	1836837	4077.9584007835565	4.0
18714.684414052474	4000.0	11.15835253352852	0.0	1984579	4524.933040143721	4.0
18719.65261884737	4000.0	10.19014773863362	0.0	2068230	4968.204794894899	4.0
18721.893503967833	1500.0	11.949262618170378	0.0	914284	2240.8851204632406	1.5
18727.57003601168	4000.0	10.272730574325717	0.0	2165436	5676.532043844661	4.0
18729.535517690558	1500.0	12.307248895444971	0.0	707527	1965.4816788807464	1.5
18735.79709240848	4000.0	10.045674177520617	0.0	2290706	6261.574717924354	4.0
18737.841009273336	1500.0	12.00175731266693	0.0	712239	2043.9168648536865	1.5
18744.491109544957	4000.0	9.351657041046012	0.0	2544033	6650.100271620918	4.0
18745.928149776777	1500.0	11.91461680922446	0.0	755142	1437.0402318215515	1.5
18749.294207687235	4000.0	12.548558898763288	0.0	1828568	3366.0579104611725	4.0
18752.58344640503	4000.0	13.259320180970084	0.0	1785821	3289.238717793203	4.0
18761.977059491204	8000.0	7.8657070947956855	0.0	4018228	9393.613086174399	8.0
18762.854046409368	600.0	10.988720176633228	0.0	327462	876.9869181624582	0.6
18764.605388004005	1500.0	13.237378581996861	0.0	691256	1751.3415946363657	1.5
18774.760983158318	8000.0	7.081783427685472	0.0	4253567	10155.59515431139	8.0
18775.54269601377	600.0	10.300070572231116	0.0	315398	781.7128554543559	0.6
18777.08594568352	1500.0	12.756820902482106	0.0	657685	1543.2496697490092	1.5
18780.941580808318	4000.0	12.901185777681995	0.0	1697030	3855.6351248001115	4.0
18785.196639863014	4000.0	12.646126722985176	0.0	1910697	4255.059054696819	4.0
18789.60739655104	4000.0	12.235370034960043	0.0	2171279	4410.7566880251325	4.0
18793.76192944889	4000.0	12.080837137106695	0.0	2042818	4154.532897853349	4.0
18798.204828191923	4000.0	11.637938394072842	0.0	1750852	4442.898743033853	4.0
18803.725849735943	4000.0	10.116916850057198	0.0	2034636	5521.021544015644	4.0

