7054.600522161102	600.0	4.0	0.7497487845781172	247108	749.7487845781172	-14.394975691562346
7056.665594917018	1500.0	5.934927244083817	0.0	732405	2065.072755916183	1.5
7058.490644634972	1500.0	8.109877526129454	0.0	643847	1825.0497179543647	1.5
7060.517897188629	1500.0	10.082624972473022	0.0	718451	2027.2525536564297	1.5
7062.560991728971	1500.0	12.03953043213118	0.0	724296	2043.0945403418427	1.5
7064.511716962423	1500.0	14.088805198679085	0.0	689829	1950.725233452094	1.5
7066.603345321115	1500.0	15.99717683998695	0.0	737903	2091.6283586921336	1.5
7068.81056210052	1500.0	17.789960060582956	0.0	780303	2207.216779403997	1.5
7071.320816824412	1500.0	19.27970533669002	0.0	891463	2510.254723892931	1.5
7073.481116700032	1500.0	21.11940546107025	0.0	763093	2160.2998756197717	1.5
7075.973349721984	1500.0	22.62717243911776	0.0	769316	2492.2330219524915	1.5
7078.771808662049	1500.0	23.82871349905294	0.0	744416	2798.458940064819	1.5
7081.065135909047	1500.0	25.535386252054263	0.0	606092	2293.3272469986764	1.5
7083.876723072967	1500.0	26.723799088134054	0.0	748011	2811.5871639202082	1.5
7086.239032485835	1500.0	28.361489675266373	0.0	754517	2362.309412867681	1.5
7088.760570947374	1500.0	29.83995121372791	0.0	934743	2521.5384615384614	1.5
7090.761876941888	1500.0	31.838645219213088	0.0	735572	2001.305994514823	1.5
7092.859941458017	1500.0	33.740580703084056	0.0	772616	2098.064516129032	1.5
7094.892131610818	1500.0	35.708390550282694	0.0	747396	2032.1901528013584	1.5
7096.868389236271	1500.0	37.73213292483036	0.0	662349	1976.2576254523378	1.5
7099.421181335985	1500.0	39.179340825115155	0.0	835711	2552.792099715205	1.5
7101.887227125089	1500.0	40.71329503601133	0.0	806394	2466.045789103821	1.5
7104.361951391835	1500.0	42.23857076926576	0.0	809327	2474.724266745571	1.5
7107.089484150766	1500.0	43.51103801033429	0.0	681795	2727.53275893147	1.5
7112.015890611063	1500.0	42.58463155003819	0.0	855209	4926.406460296097	1.5
7115.750270436804	1500.0	42.85025172429618	0.0	644861	3734.3798257420135	1.5
7118.937452043094	1500.0	43.66307011800744	0.0	794014	3187.181606288739	1.5
7122.528274516513	1500.0	44.07224764458722	0.0	914284	3590.822473420213	1.5
7125.202976318899	1500.0	45.397545842201644	0.0	675709	2674.7018023855812	1.5
7127.610483818882	1500.0	46.99003834221911	0.0	707527	2407.507499982536	1.5
7129.951639437458	1500.0	48.648882723644135	0.0	757473	2341.1556185749737	1.5
7132.157765671156	1500.0	50.442756489945744	0.0	712239	2206.12623369839	1.5
7134.129442754684	1500.0	52.47107940641806	0.0	633700	1971.6770835276777	1.5
7136.463640034483	1500.0	54.13688212661807	0.0	755142	2334.197279799996	1.5
7138.38991263091	1500.0	56.21060953019214	0.0	670327	1926.2725964259282	1.5
7140.6231993633655	1500.0	57.977322797736	0.0	785519	2233.2867324561407	1.5
7143.070093551963	1500.0	59.53042860913951	0.0	681043	1946.8941885964912	1.5
7145.658563946699	1500.0	59.57585349949039	0.0	866245	2454.5751096491226	1.5
7149.582003221215	1500.0	59.652414224975594	0.0	691256	2423.4392745147898	1.5
7153.622703280542	1500.0	59.611714165648536	0.0	725845	2540.700059327062	1.5
7157.3906441569625	1500.0	59.84377328922774	0.0	811013	2767.9408764207906	1.5
7161.500849435555	1500.0	59.733568010635366	0.0	657685	2110.205278592375	1.5
7165.448680891027	1500.0	59.785736555163844	0.0	767059	2447.831455471524	1.5
7169.666286393859	1500.0	59.56813105233129	0.0	848035	2717.6055028325604	1.5
7173.707266980732	1500.0	59.527150465459	0.0	629438	2040.9805868722863	1.5
7177.667199514516	1500.0	59.56721793167499	0.0	763847	2459.93253378401	1.5
7181.3590190270215	1500.0	59.87539841916942	0.0	769491	2691.8195125055686	1.5
7185.683705168009	1500.0	59.550712278182125	0.0	808636	2824.686140987293	1.5

