34896.069326841374	600.0	4.0	0.5388554517495503	247108	538.8554517495503	-10.177109034991007
34896.33244899074	200.0	7.736877850635408	0.0	98617	263.1221493645912	0.2
34896.94806693306	600.0	11.121259908315443	0.0	288447	615.6179423199675	0.6
34900.834898941415	4000.0	11.23442789995938	0.0	2050098	3886.832008356061	4.0
34904.757366764774	4000.0	11.311960076597227	0.0	2069289	3922.467823362154	4.0
34908.40363802392	4000.0	11.665688817451628	0.0	1863995	3646.2712591455984	4.0
34912.45809908432	4000.0	11.61122775705155	0.0	2046450	4054.461060400078	4.0
34916.54332126649	4000.0	11.526005574882447	0.0	2058614	4085.2221821691037	4.0
34920.30048586857	4000.0	11.768840972805894	0.0	1857129	3757.164602076553	4.0
34925.07939363646	4000.0	10.989933204914498	0.0	2373154	4778.907767891395	4.0
34926.63723276907	1500.0	13.432094072297001	0.0	769316	1557.8391326174979	1.5
34933.65452067051	8000.0	10.414806170858782	0.0	4205514	7017.287901438219	8.0
34934.73431158757	1500.0	13.3350152538012	0.0	606092	1079.7909170575804	1.5
34945.06957989695	8000.0	6.999746944423432	0.0	5541092	10335.268309377769	8.0
34945.30691611399	200.0	10.762410727385014	0.0	82750	237.33621703841905	0.2
34947.10605510362	1500.0	12.963271737747561	0.0	934743	1799.1389896374512	1.5
34950.10301716916	4000.0	13.966309672206352	0.0	1835863	2996.9620655412114	4.0
34956.952520247614	8000.0	11.116806593755507	0.0	4260556	6849.503078450844	8.0
34960.728702648914	4000.0	11.340624192454113	0.0	2082556	3776.182401301393	4.0
34964.65236088772	4000.0	11.41696595364748	0.0	2164412	3923.658238806633	4.0
34969.03426600713	4000.0	11.035060834235036	0.0	2379358	4381.905119412444	4.0
34972.730558510346	4000.0	11.338768331020143	0.0	1950922	3696.2925032148937	4.0
34976.23839219317	4000.0	11.83093464819984	0.0	1849252	3507.8336828203023	4.0
34979.98109380276	4000.0	12.088233038609278	0.0	1822097	3742.7016095905624	4.0
34983.89838009713	4000.0	12.1709467442328	0.0	1836837	3917.2862943764776	4.0
34988.11951150034	4000.0	11.949815341027916	0.0	1984579	4221.131403204886	4.0
34992.47984418263	4000.0	11.58948265874467	0.0	2068230	4360.332682283245	4.0
34996.81349605623	4000.0	11.255830785143242	0.0	2055338	4333.651873601428	4.0
35002.78554292945	4000.0	9.283783911922692	0.0	2165436	5972.04687322055	4.0
35004.91582582871	1500.0	11.153501012658014	0.0	707527	2130.282899264679	1.5
35011.54389279549	4000.0	8.525434045885893	0.0	2290706	6628.066966772119	4.0
35012.45302455105	600.0	11.616302290322489	0.0	293409	909.1317555634052	0.6
35019.36372150847	4000.0	8.70560533290404	0.0	2544033	6910.696957418448	4.0
35020.192023851414	600.0	11.87730298994988	0.0	344336	828.3023429541596	0.6
35024.24582188198	4000.0	11.823504959389608	0.0	1828568	4053.798030560272	4.0
35028.20672320626	4000.0	11.862603635111169	0.0	1785821	3960.901324278438	4.0
35032.02022486498	4000.0	12.049101976390988	0.0	2096494	3813.501658720181	4.0
35035.54638291393	4000.0	12.522943927438552	0.0	1955307	3526.1580489524354	4.0
35039.41401711952	4000.0	12.65530972184823	0.0	2142800	3867.6342055903224	4.0
35043.23985118866	4000.0	12.829475652708508	0.0	2094647	3825.8340691397216	4.0
35046.87038085749	4000.0	13.198945983877268	0.0	1985434	3630.5296688312415	4.0
35054.5265525933	8000.0	9.542774248068746	0.0	4074581	7656.171735808523	8.0
35056.05258890638	1500.0	12.016737934989203	0.0	767059	1526.0363130795424	1.5
35059.710065377825	4000.0	12.359261463541376	0.0	1910697	3657.4764714478283	4.0
35063.736634498666	4000.0	12.332692342703451	0.0	2171279	4026.569120837925	4.0
35067.5297098051	4000.0	12.539617036263381	0.0	2042818	3793.0753064400697	4.0
35070.69253677072	4000.0	13.376790070642599	0.0	1750852	3162.8269656207835	4.0
35078.14868306148	8000.0	9.920643779885475	0.0	4346302	7456.146290757123	8.0

