19017.210843084835	600.0	4.0	0.9738614577681318	247108	973.8614577681318	-18.877229155362635
19019.940164842836	1500.0	5.270678241996745	0.0	732405	2729.321758003255	1.5
19022.349146575518	1500.0	6.861696509314523	0.0	643847	2408.9817326822213	1.5
19025.0279926598	1500.0	8.182850425031651	0.0	718451	2678.846084282872	1.5
19027.505602838097	1500.0	9.70524024673782	0.0	724296	2477.6101782938313	1.5
19029.57229446456	1500.0	11.63854862027083	0.0	689829	2066.691626466988	1.5
19031.77743810341	1500.0	13.433404981419942	0.0	737903	2205.143638850889	1.5
19034.104692765373	1500.0	15.106150319457237	0.0	780303	2327.254661962704	1.5
19036.75208566623	1500.0	16.458757418600445	0.0	891463	2647.392900856793	1.5
19039.057415235355	1500.0	18.153427849475555	0.0	763093	2305.3295691248895	1.5
19041.38375730412	1500.0	19.82708578071141	0.0	769316	2326.3420687641437	1.5
19043.63739333595	1500.0	21.573449748884272	0.0	744416	2253.6360318271404	1.5
19045.487134192947	1500.0	23.723708891887412	0.0	606092	1849.7408569968613	1.5
19047.81310677749	1500.0	25.397736307346953	0.0	748011	2325.972584540458	1.5
19050.44177399306	1500.0	26.76906909177493	0.0	754517	2628.667215572023	1.5
19053.67922284986	1500.0	27.531620234975893	0.0	934743	3237.4488567990375	1.5
19056.243896145617	1500.0	28.96694693922146	0.0	735572	2564.6732957544286	1.5
19059.040933692693	1500.0	30.169909392144778	0.0	772616	2797.0375470766853	1.5
19061.860968978992	1500.0	31.34987410584457	0.0	747396	2820.0352863002086	1.5
19064.369212683596	1500.0	32.84163040124132	0.0	662349	2508.2437046032587	1.5
19067.513020396174	1500.0	33.69782268866427	0.0	835711	3143.8077125770455	1.5
19070.076721736477	1500.0	35.13412134836016	0.0	806394	2563.701340304101	1.5
19072.57438234774	1500.0	36.6364607370945	0.0	809327	2497.66061126566	1.5
19074.691073223566	1500.0	38.519769861270674	0.0	681795	2116.6908758238274	1.5
19077.32579475602	1500.0	39.88504832881236	0.0	855209	2634.7215324583185	1.5
19079.47794415509	1500.0	41.732898929744216	0.0	644861	2152.149399068143	1.5
19082.270493317043	1500.0	42.94034976779269	0.0	794014	2792.5491619515324	1.5
19085.47391468995	1500.0	43.736928394887805	0.0	914284	3203.421372904879	1.5
19087.862304569313	1500.0	45.34853851552408	0.0	675709	2388.389879363724	1.5
19090.091501379688	1500.0	47.11934170514917	0.0	707527	2229.196810374909	1.5
19092.356742900756	1500.0	48.854100184080316	0.0	757473	2265.241521068859	1.5
19094.49148839759	1500.0	50.719354687244696	0.0	712239	2134.7454968356146	1.5
19096.399655938745	1500.0	52.81118714608965	0.0	633700	1908.167541155046	1.5
19098.658172734333	1500.0	54.55267035050356	0.0	755142	2258.516795586088	1.5
19101.50091337176	1500.0	55.70992971307341	0.0	670327	2842.740637430154	1.5
19104.99593497326	1500.0	56.21490811157352	0.0	785519	3495.0216014998778	1.5
19108.036750124196	1500.0	57.174092960634745	0.0	681043	3040.8151509387826	1.5
19111.06364580964	1500.0	58.14719727518778	0.0	866245	3026.895685446966	1.5
19113.704213299163	1500.0	59.50662978566751	0.0	691256	2140.567489520261	1.5
19117.44788726283	1500.0	59.762955821997274	0.0	725845	2243.6739636702378	1.5
19121.42479550137	1500.0	59.786047583459705	0.0	811013	2476.9082385375705	1.5
19125.37083323722	1500.0	59.840009847610645	0.0	657685	1946.0377358490568	1.5
19129.627195841844	1500.0	59.583647242985876	0.0	767059	2256.3626046247696	1.5
19133.52124374481	1500.0	59.68959934002316	0.0	848035	2894.0479029627163	1.5
19137.69631509908	1500.0	59.514527985748146	0.0	629438	2175.071354275016	1.5
19141.279244447334	1500.0	59.93159863749577	0.0	763847	2582.929348252378	1.5
19145.668554572254	1500.0	59.54228851257548	0.0	769491	2389.3101249202837	1.5
19149.675342282797	1500.0	59.535500802030406	0.0	808636	2506.7877105450725	1.5

