3274.4235080799936	600.0	4.0	0.7039608616744261	247108	703.960861674426	-13.479217233488521
3274.752521257615	200.0	7.670986822378285	0.0	98617	329.0131776217155	0.2
3275.5608652961223	600.0	10.862642783871223	0.0	288447	808.3440385070624	0.6
3277.4549923378645	1500.0	12.968515742128934	0.0	718451	1894.127041742287	1.5
3282.760057279078	4000.0	11.663450800915331	0.0	2069289	5305.064941213604	4.0
3288.601322081344	4000.0	9.822185998649354	0.0	1863995	5841.264802265977	4.0
3291.131605993016	1500.0	11.29190208697743	0.0	737903	2530.283911671924	1.5
3297.124928026934	4000.0	9.298580053059155	0.0	2058614	5993.322033918275	4.0
3299.424637323831	1500.0	10.99887075616227	0.0	891463	2299.7092968968846	1.5
3301.4047101552296	1500.0	13.018797924763845	0.0	763093	1980.0728313984253	1.5
3313.9161650827104	8000.0	4.507342997283005	0.0	4206014	12511.45492748084	8.0
3314.29675662146	200.0	8.126751458533473	0.0	95342	380.59153874953205	0.2
3315.7615945650214	600.0	10.66191351497204	0.0	294430	1464.8379435614322	0.6
3320.173809145489	1500.0	10.249698934504366	0.0	748011	4412.214580467676	1.5
3324.6237041719137	1500.0	9.799803908079983	0.0	754517	4449.895026424383	1.5
3327.7383636373575	1500.0	10.685144442636394	0.0	934743	3114.659465443588	1.5
3330.0981908461595	1500.0	12.325317233834115	0.0	735572	2359.827208802278	1.5
3336.9349474040555	4000.0	9.488560675938203	0.0	2192675	6836.756557895913	4.0
3339.281371981884	1500.0	11.142136098109042	0.0	747396	2346.4245778291606	1.5
3345.8536351550338	4000.0	8.569872924959418	0.0	2164412	6572.263173149624	4.0
3346.684615370109	600.0	11.738892709884077	0.0	280646	830.9802150753433	0.6
3351.9850846558115	4000.0	10.438423424181735	0.0	1950922	5300.469285702339	4.0
3354.2307615745144	1500.0	12.192746505478878	0.0	809327	2245.676918702858	1.5
3359.7599925176132	4000.0	10.66351556237967	0.0	1822097	5529.230943099206	4.0
3362.4984495128147	1500.0	11.92505856717849	0.0	855209	2738.456995201181	1.5
3368.01672948548	4000.0	10.4067785945129	0.0	1984579	5518.279972665591	4.0
3369.9530408914243	1500.0	12.470467188568833	0.0	794014	1936.311405944066	1.5
3374.838179557078	4000.0	11.58532852291525	0.0	2055338	4885.138665653584	4.0
3380.3322851108273	4000.0	10.091222969165704	0.0	2165436	5494.105553749546	4.0
3382.21395493401	1500.0	12.209553145983618	0.0	707527	1881.669823182086	1.5
3388.089366994561	4000.0	10.334141085432748	0.0	2290706	5875.4120605508715	4.0
3389.9475472807344	1500.0	12.475960799259264	0.0	712239	1858.180286173483	1.5
3396.3845662877316	4000.0	10.038941792261754	0.0	2544033	6437.01900699751	4.0
3398.8898487157694	1500.0	11.533659364223695	0.0	755142	2505.282428038059	1.5
3404.8426432880124	4000.0	9.58086479198073	0.0	1828568	5952.794572242964	4.0
3409.5928734488753	1500.0	8.830634631118253	0.0	785519	4750.230160862477	1.5
3412.9111375301313	600.0	9.512370549862482	0.0	284947	3318.264081255771	0.6
3418.4845675853285	1500.0	7.938940494664939	0.0	866245	5573.430055197543	1.5
3419.564323987829	600.0	10.859184092164437	0.0	309862	1079.756402500504	0.6
3421.986231630499	1500.0	12.437276449494542	0.0	725845	2421.9076426698934	1.5
3428.075853722468	4000.0	10.3476543575255	0.0	1985434	6089.622091969042	4.0
3429.7067918350417	1500.0	12.716716244951991	0.0	657685	1630.938112573509	1.5
3433.788690168105	4000.0	12.634817911888865	0.0	1697030	4081.8983330631254	4.0
3440.302849919517	4000.0	10.120658160476946	0.0	1910697	6514.159751411921	4.0
3444.3892977852133	1500.0	10.034210294780959	0.0	629438	4086.4478656959864	1.5
3448.1257977978803	1500.0	10.297710282113833	0.0	763847	3736.500012667125	1.5
3450.0472084857247	1500.0	12.3762995942689	0.0	769491	1921.4106878449322	1.5
3454.996141944692	4000.0	11.427366135301789	0.0	2034636	4948.933458967112	4.0

