9600.645596501554	600.0	4.0	0.7467444644934991	247108	746.7444644934991	-14.334889289869983
9600.991683956654	200.0	7.653912544899576	0.0	98617	346.08745510042326	0.2
9601.849968919301	600.0	10.795627582252651	0.0	288447	858.2849626469249	0.6
9603.86848660088	1500.0	12.77710990067286	0.0	718451	2018.5176815797906	1.5
9605.902775206085	1500.0	14.742821295468724	0.0	724296	2034.2886052041351	1.5
9607.844065278432	1500.0	16.801531223123494	0.0	689829	1941.2900723452335	1.5
9609.915068162123	1500.0	18.73052833943237	0.0	737903	2071.0028836911247	1.5
9611.968964466021	1500.0	20.67663203553378	0.0	780303	2053.8963038985926	1.5
9616.63786735705	4000.0	20.007729144503383	0.0	1857129	4668.902891030393	4.0
9618.603444327648	1500.0	22.042152173907883	0.0	763093	1965.576970595503	1.5
9620.58439812058	1500.0	24.061198380974844	0.0	769316	1980.953792933037	1.5
9624.922211525232	4000.0	23.723384976323533	0.0	1761739	4337.8134046513105	4.0
9630.147817512678	4000.0	22.497778988877858	0.0	2131310	5225.605987445679	4.0
9634.5991116357	4000.0	22.046484865856623	0.0	1805063	4451.2941230212355	4.0
9639.907230681516	4000.0	20.73836582004064	0.0	2157416	5308.119045815979	4.0
9642.58134669476	1500.0	22.064249806796628	0.0	934743	2674.1160132440154	1.5
9648.473338780237	4000.0	20.172257721319777	0.0	1835863	5891.992085476851	4.0
9650.999293667455	1500.0	21.646302834101732	0.0	772616	2525.9548872180453	1.5
9652.928834050921	1500.0	23.716762450635326	0.0	747396	1929.5403834664069	1.5
9654.571208221641	1500.0	26.074388279914405	0.0	662349	1642.37417072092	1.5
9656.622515312902	1500.0	28.02308118865685	0.0	835711	2051.307091257556	1.5
9661.30442479248	4000.0	27.341171709075542	0.0	1950922	4681.909479581306	4.0
9666.814177740467	4000.0	25.8314187610899	0.0	1849252	5509.752947985641	4.0
9672.302411896342	4000.0	24.343184605215917	0.0	1822097	5488.234155873983	4.0
9677.500909928318	4000.0	23.14468657323988	0.0	1836837	5198.498031976036	4.0
9683.47958149228	4000.0	21.166015009276503	0.0	1984579	5978.671563963375	4.0
9686.492227845003	1500.0	22.15336865655259	0.0	794014	3012.6463527239152	1.5
9689.949084724045	1500.0	22.696511777512885	0.0	914284	3456.856879039705	1.5
9692.414397755862	1500.0	24.231198745696926	0.0	675709	2465.3130318159606	1.5
9694.164743173653	1500.0	26.48085332790518	0.0	707527	1750.3454177917463	1.5
9696.033002214865	1500.0	28.61259428669408	0.0	757473	1868.2590412111017	1.5
9700.709683489118	4000.0	27.93591301244032	0.0	1947068	4676.681274253759	4.0
9702.285736489575	1500.0	30.35986001198291	0.0	633700	1576.0530004574093	1.5
9708.204977508534	4000.0	28.440618993023893	0.0	2125133	5919.241018959015	4.0
9713.376097331682	4000.0	27.269499169875985	0.0	1828568	5171.119823147911	4.0
9718.62218892618	4000.0	26.02340757537961	0.0	1785821	5246.091594496375	4.0
9724.651828150685	4000.0	23.993768350871804	0.0	2096494	6029.639224507804	4.0
9730.046787207462	4000.0	22.598809294094934	0.0	1955307	5394.959056776868	4.0
9732.005774669662	1500.0	24.639821831895212	0.0	691256	1958.9874621997214	1.5
9737.068361740696	4000.0	23.577234760861298	0.0	2094647	5062.587071033915	4.0
9741.725269545384	4000.0	22.920326956173014	0.0	1985434	4656.907804688288	4.0
9746.251445276157	4000.0	22.394151225399312	0.0	1830641	4526.175730773697	4.0
9750.563242417813	4000.0	22.082354083744466	0.0	1697030	4311.797141654848	4.0
9755.261608227951	4000.0	21.38398827360475	0.0	1910697	4698.365810139714	4.0
9760.357919541213	4000.0	20.28767696034217	0.0	2171279	5096.31131326258	4.0
9765.16440699638	4000.0	19.48118950517456	0.0	2042818	4806.487455167613	4.0
9769.307238862488	4000.0	19.338357639066743	0.0	1750852	4142.831866107816	4.0
9771.263669371112	1500.0	21.381927130444677	0.0	808636	1956.4305086220652	1.5

