4588.543656947636	600.0	4.0	0.7208714116674501	247108	720.87141166745	0.026647234	-13.817428233349002
4588.879418865519	200.0	7.664238082116286	0.0	98617	335.76191788371455	0.004705182	0.2
4589.235562998566	200.0	11.308093949070397	0.0	106476	356.1441330458885	0.004705182	0.2
4589.614410517734	200.0	14.929246429902905	0.0	115230	378.84751916749065	0.004705182	0.2
4589.947685281483	200.0	18.59597166615337	0.0	97658	333.27476374953403	0.004705182	0.2
4590.280960045234	200.0	22.26269690240384	0.0	97658	333.27476374953403	0.004705182	0.2
4590.661265104154	200.0	25.882391843483052	0.0	115792	380.3050589207852	0.004705182	0.2
4591.020516234753	200.0	29.523140712884768	0.0	107674	359.25113059828504	0.004705182	0.2
4611.321988284972	12000.0	13.221668662666303	0.0	6619479	20301.472050218465	0.69621354	12.0
4611.573475531192	200.0	16.970181416445673	0.0	105425	251.48724622063173	0.004705182	0.2
4611.808598900752	200.0	20.73505804688598	0.0	95365	235.12336955969215	0.0050305375	0.2
4612.04368485787	200.0	24.499972089767958	0.0	95342	235.08595711802204	0.004705182	0.2
4613.109571014251	1500.0	27.43408593338802	0.0	606092	1065.8861563799396	0.004705182	1.5
4614.406306575387	1500.0	30.137350372252225	0.0	748011	1296.735561135793	0.04620115	1.5
4615.713624977631	1500.0	32.830031970007475	0.0	754517	1307.3184022447465	0.004705182	1.5
4617.314104019548	1500.0	35.2295529280913	0.0	934743	1600.4790419161675	0.004705182	1.5
4628.08833885405	12000.0	28.45531809358964	0.0	5964284	10774.234834501663	0.004705182	12.0
4636.4891261454995	12000.0	24.054530802139155	0.0	4055239	8400.787291450486	0.22859469	12.0
4638.13126589547	1500.0	26.412391052168548	0.0	747396	1642.139749970608	0.0066743195	1.5
4638.390756169927	200.0	30.152900777710993	0.0	85876	259.4902744575512	0.010143734	0.2
4640.154113289873	1500.0	32.389543657765614	0.0	835711	1763.3571199453847	0.004705182	1.5
4647.672815179181	8000.0	28.870841768457407	0.0	3905272	7518.701889308206	0.004705182	8.0
4649.294408769581	1500.0	31.249248178057517	0.0	809327	1621.593590399886	0.004705182	1.5
4657.672978789525	8000.0	26.87067815811413	0.0	4032749	8378.570019943385	0.4265757	8.0
4659.519414894505	1500.0	29.02424205313498	0.0	855209	1846.4361049791512	0.67995554	1.5
4664.796634977162	8000.0	27.747021970477938	0.0	3253093	5277.220082657042	0.004705182	8.0
4672.369907977292	8000.0	24.173748970347464	0.0	4274504	7573.273000130473	0.004705182	8.0
4680.1751601658325	8000.0	20.368496781807853	0.0	3354913	7805.252188539611	0.7683531	8.0
4681.546036085214	1500.0	22.99762086242682	0.0	675709	1370.8759193810297	0.005146753	1.5
4690.099777607804	8000.0	18.443879339836318	0.0	4435580	8553.741522590504	0.005488305	8.0
4691.447421945589	1500.0	21.096235002051518	0.0	757473	1347.6443377847995	0.08071873	1.5
4697.421501486469	8000.0	19.12215546117147	0.0	3568902	5974.079540880049	0.004705182	8.0
4703.667059453732	8000.0	16.876597493909497	0.0	3713878	6245.557967261975	0.13056934	8.0
4710.939588339653	8000.0	13.60406860798761	0.0	4271839	7272.5288859218845	0.69444615	8.0
4714.681530638921	4000.0	13.862126308719821	0.0	1828568	3741.942299267789	0.32776847	4.0
4718.337866579844	4000.0	14.20579036779736	0.0	1785821	3656.3359409224613	0.41036886	4.0
4722.110985726373	4000.0	14.432671221268963	0.0	2096494	3773.119146528395	0.24970207	4.0
4727.615505786212	8000.0	12.928151161429444	0.0	3739359	5504.520059839521	0.18633959	8.0
4730.803969451837	4000.0	13.739687495805434	0.0	2142800	3188.4636656240086	0.37242696	4.0
4738.583503352975	8000.0	9.960153594667583	0.0	4253567	7779.533901137852	0.019229244	8.0
4741.969376846465	4000.0	10.574280101176448	0.0	1985434	3385.873493491136	0.03872827	4.0
4744.512771574897	4000.0	12.03088537274463	0.0	1830641	2543.394728431818	0.3826927	4.0
4749.619142872268	8000.0	10.924514075373684	0.0	3735285	5106.371297370945	0.0841687	8.0
4752.476189990285	4000.0	12.067466957356498	0.0	1910697	2857.047118017187	0.49017954	4.0
4758.612558092732	8000.0	9.9310988549094	0.0	3682991	6136.368102447097	0.009622878	8.0
4765.685650929546	8000.0	6.858006018095007	0.0	3954105	7073.092836814393	0.6177904	8.0
4769.02760155833	4000.0	7.516055389310656	0.0	1750852	3341.9506287843506	0.02369683	4.0
4772.593975341403	4000.0	7.949681606238403	0.0	2034636	3566.3737830722534	0.06227818	4.0

