19406.89620474363	600.0	4.0	0.7064026109826039	247108	706.402610982604	-13.528052219652078
19407.761329747587	600.0	7.134874996039165	0.0	309722	865.1250039608353	0.6
19409.473439763748	1500.0	9.422764979878957	0.0	643847	1712.110016160208	1.5
19411.374666038344	1500.0	11.52153870528217	0.0	718451	1901.226274596787	1.5
19413.290709005487	1500.0	13.60549573814126	0.0	724296	1916.0429671409108	1.5
19415.11938038291	1500.0	15.776824360721188	0.0	689829	1828.6713774200705	1.5
19417.102628591627	1500.0	17.79357615200171	0.0	737903	1983.2482087194812	1.5
19419.362778767994	1500.0	19.533425975631783	0.0	780303	2260.150176369923	1.5
19421.93350764726	1500.0	20.962697096366604	0.0	891463	2570.7288792651834	1.5
19424.145573445465	1500.0	22.750631298161736	0.0	763093	2212.0657982048688	1.5
19426.375026174832	1500.0	24.521178568793523	0.0	769316	2229.4527293682117	1.5
19431.411220896945	4000.0	23.484983846680546	0.0	1761739	5036.194722112977	4.0
19433.19822177707	1500.0	25.697982966553806	0.0	606092	1787.0008801267384	1.5
19438.344364863045	4000.0	24.551839880578825	0.0	1805063	5146.143085974982	4.0
19440.513752356772	1500.0	26.38245238685273	0.0	754517	2169.3874937260944	1.5
19446.77376654878	4000.0	24.12243819484525	0.0	2231719	6260.0141920074775	4.0
19452.679850089902	4000.0	22.2163546537192	0.0	1835863	5906.08354112605	4.0
19455.2612879984	1500.0	23.63491674522247	0.0	772616	2581.4379084967322	1.5
19457.75550322567	1500.0	25.14070151794844	0.0	747396	2494.215227274029	1.5
19459.746975394784	1500.0	27.149229348834773	0.0	662349	1991.4721691136685	1.5
19462.238752747697	1500.0	28.657451995925424	0.0	835711	2491.777352909347	1.5
19467.948916161717	4000.0	26.94728858190717	0.0	1950922	5710.163414018253	4.0
19474.233014546146	4000.0	24.66319019747872	0.0	1849252	6284.098384428449	4.0
19480.005478003113	4000.0	22.890726740510853	0.0	1822097	5772.4634569678665	4.0
19485.128875803122	4000.0	21.767328940500555	0.0	1836837	5123.397800010297	4.0
19486.979468702066	1500.0	23.916736041559364	0.0	644861	1850.5928989411907	1.5
19489.485930797353	1500.0	25.410273946273364	0.0	794014	2506.4620952860023	1.5
19496.771638321785	4000.0	22.12456642184197	0.0	2055338	7285.707524431395	4.0
19499.14684376658	1500.0	23.749360977047015	0.0	675709	2375.2054447949577	1.5
19501.450023656602	1500.0	25.446181087023447	0.0	707527	2303.1798900235663	1.5
19503.910143059587	1500.0	26.986061684038372	0.0	757473	2460.119402985075	1.5
19510.291070460113	4000.0	24.605134283517025	0.0	1947068	6380.927400521348	4.0
19512.630351176722	1500.0	26.26585356690755	0.0	633700	2339.280716609475	1.5
19515.402599494384	1500.0	27.493605249246336	0.0	755142	2772.2483176612154	1.5
19521.014405074264	4000.0	25.88179966936561	0.0	1828568	5611.805579880727	4.0
19525.373998879495	4000.0	25.5222058641354	0.0	1785821	4359.593805230207	4.0
19527.08607029309	1500.0	27.810134450541657	0.0	681043	1712.0714135937455	1.5
19532.55968629372	4000.0	26.336518449911324	0.0	1955307	5473.616000630331	4.0
19539.161056578847	4000.0	23.735148164783975	0.0	2142800	6601.3702851273465	4.0
19545.130406492597	4000.0	21.7657982510324	0.0	2094647	5969.349913751574	4.0
19550.95770761063	4000.0	19.938497133001924	0.0	1985434	5827.301118030475	4.0
19553.13082930375	1500.0	21.765375439880234	0.0	657685	2173.121693121693	1.5
19558.611728376833	4000.0	20.284476366800707	0.0	1697030	5480.899073079525	4.0
19561.355205096217	1500.0	21.540999647413845	0.0	848035	2743.476719386861	1.5
19563.39618568309	1500.0	23.500019060541558	0.0	629438	2040.9805868722863	1.5
19565.855910355484	1500.0	25.040294388150258	0.0	763847	2459.7246723913004	1.5
19571.355239652832	4000.0	23.54096509080177	0.0	1750852	5499.32929734849	4.0
19573.892679680182	1500.0	25.003525063450823	0.0	808636	2537.440027350947	1.5

