32668.482388443506	600.0	4.0	1.0709092731829573	247108	1070.9092731829573	-20.818185463659145
32668.95784508511	200.0	7.52454335839599	0.0	98617	475.4566416040101	0.2
32670.19452478436	600.0	10.287863659147868	0.0	288447	1236.6796992481204	0.6
32671.396096714183	600.0	13.086291729323305	0.0	279692	1201.5719298245615	0.6
32674.380541826966	1500.0	14.101846616541351	0.0	724296	2984.445112781955	1.5
32677.226773405913	1500.0	15.255615037593984	0.0	689829	2846.2315789473687	1.5
32679.5774918019	1500.0	16.904896641604008	0.0	737903	2350.718395989975	1.5
32681.84781601243	1500.0	18.634572431077693	0.0	780303	2270.324210526316	1.5
32684.43016829313	1500.0	20.052220150375938	0.0	891463	2582.352280701755	1.5
32686.652183731727	1500.0	21.830204711779448	0.0	763093	2222.0154385964915	1.5
32689.993335702013	1500.0	22.48905274149456	0.0	769316	3341.1519702848836	1.5
32695.998445641322	1500.0	20.48394280218504	0.0	744416	6005.109939309522	1.5
32699.30033781448	1500.0	21.182050629027554	0.0	606092	3301.8921731574837	1.5
32701.44221670155	1500.0	23.04017174195718	0.0	748011	2141.8788870703765	1.5
32703.60202926077	1500.0	24.880359182735887	0.0	754517	2159.812559221294	1.5
32706.2586315521	1500.0	26.22375689141019	0.0	934743	2656.602291325695	1.5
32708.366222559074	1500.0	28.116165884432846	0.0	735572	2107.5910069773454	1.5
32713.381299507928	1500.0	27.10108893558055	0.0	772616	5015.076948852297	1.5
32718.87304589884	1500.0	25.609342544667754	0.0	747396	5491.746390912794	1.5
32720.76560775827	1500.0	27.716780685237445	0.0	662349	1892.561859430307	1.5
32723.086157365335	1500.0	29.39623107817298	0.0	835711	2320.5496070644617	1.5
32725.32810780016	1500.0	31.15428064334666	0.0	806394	2241.9504348263213	1.5
32727.577921637523	1500.0	32.90446680598344	0.0	809327	2249.813837363227	1.5
32732.34622230431	4000.0	32.136166139197364	0.0	1822097	4768.300666786074	4.0
32737.049085739047	4000.0	31.43330270445989	0.0	1836837	4702.863434737472	4.0
32747.707594645577	4000.0	24.774793797927632	0.0	1984579	10658.508906532259	4.0
32754.126927141395	1500.0	22.35546130211021	0.0	794014	6419.332495817418	1.5
32762.31994390646	1500.0	18.16244453704539	0.0	914284	8193.016765064825	1.5
32769.986585753984	1500.0	14.495802689519463	0.0	675709	7666.6418475259225	1.5
32773.11257204588	600.0	15.369816397624852	0.0	302752	3125.9862918946114	0.6
32775.610953483345	600.0	16.871434960160222	0.0	240372	2498.3814374646295	0.6
32778.642939901	600.0	17.839448542503174	0.0	293409	3031.986417657046	0.6
32781.79688886626	600.0	18.685499577249352	0.0	310713	3153.9489652538223	0.6
32785.24077700889	600.0	19.241611434618992	0.0	344336	3443.888142630358	0.6
32788.099636454484	600.0	20.38275198902124	0.0	284451	2858.859445597753	0.6
32790.43371187144	600.0	22.048676572065247	0.0	275745	2334.075416955993	0.6
32791.194050313235	600.0	25.288338130270372	0.0	284947	760.3384417948757	0.6
32792.05589741753	600.0	28.426491025977175	0.0	327462	861.8471042931969	0.6
32793.78633777985	1500.0	30.696050663659413	0.0	691256	1730.4403623177595	1.5
32795.599362715315	1500.0	32.88302572819913	0.0	725845	1813.024935460284	1.5
32800.41977785864	4000.0	32.06261058486873	0.0	1985434	4820.415143330399	4.0
32806.973810223186	4000.0	29.508578220325575	0.0	1830641	6554.032364543156	4.0
32819.85547359347	4000.0	20.626914850039054	0.0	1697030	12881.663370286518	4.0
32827.34930056385	1500.0	17.13308787965991	0.0	848035	7493.826970379146	1.5
32832.863657089874	1500.0	15.618731353636637	0.0	629438	5514.356526023274	1.5
32835.66784398809	600.0	16.81454445541465	0.0	288236	2804.186898221986	0.6
32838.168249209906	600.0	18.31413923360592	0.0	256094	2500.405221808731	0.6
32841.16757580923	600.0	19.31481263427932	0.0	308883	2999.3265993266	0.6

