9718.476528540516	600.0	4.0	0.8250445663029755	247108	825.0445663029756	-15.90089132605951
9720.764770951053	1500.0	5.711757589462378	0.0	732405	2288.242410537622	1.5
9722.786005993546	1500.0	7.690522546968927	0.0	643847	2021.2350424934516	1.5
9725.032176306548	1500.0	9.444352233968381	0.0	718451	2246.170313000547	1.5
9727.295969624429	1500.0	11.180558916087211	0.0	724296	2263.7933178811695	1.5
9729.69353411646	1500.0	12.782994424055465	0.0	689829	2397.564492031746	1.5
9732.397655738081	1500.0	14.078872802433843	0.0	737903	2704.121621621621	1.5
9735.252559721011	1500.0	15.223968819503545	0.0	780303	2854.9039829302988	1.5
9738.480222767681	1500.0	15.99630577283452	0.0	891463	3227.6630466690253	1.5
9740.807878002304	1500.0	17.66865053821071	0.0	763093	2327.6552346238104	1.5
9743.1538627964	1500.0	19.322665744116343	0.0	769316	2345.984794094365	1.5
9745.42650578898	1500.0	21.050022751535206	0.0	744416	2272.6429925811385	1.5
9747.291721819613	1500.0	23.184806720902486	0.0	606092	1865.2160306327203	1.5
9749.78745920641	1500.0	24.689069334104833	0.0	748011	2495.7373867976526	1.5
9752.677643801024	1500.0	25.798884739491363	0.0	754517	2890.1845946134686	1.5
9756.239076795275	1500.0	26.23745174524103	0.0	934743	3561.432994250332	1.5
9759.049449086138	1500.0	27.427079454376646	0.0	735572	2810.3722908643877	1.5
9761.44319019567	1500.0	29.03333834484606	0.0	772616	2393.7411095305833	1.5
9763.761405363748	1500.0	30.715123176769396	0.0	747396	2318.2151680766638	1.5
9765.82493160467	1500.0	32.65159693584704	0.0	662349	2063.526240922363	1.5
9768.407622328636	1500.0	34.06890621188207	0.0	835711	2582.690723964962	1.5
9771.144756966532	1500.0	35.3317715739834	0.0	806394	2737.1346378986727	1.5
9774.042196099712	1500.0	36.43433244080527	0.0	809327	2897.4391331781294	1.5
9776.49566926174	1500.0	37.9808592787766	0.0	681795	2453.473162028677	1.5
9779.552833379144	1500.0	38.923695161372706	0.0	855209	3057.164117403886	1.5
9781.541725477555	1500.0	40.934803062963034	0.0	644861	1988.892098409673	1.5
9783.953117975534	1500.0	42.52341056498169	0.0	794014	2411.392497981355	1.5
9786.71764854883	1500.0	43.75887999168653	0.0	914284	2764.5305732951624	1.5
9788.781672625759	1500.0	45.694855914757795	0.0	675709	2064.024076928724	1.5
9790.772862029724	1500.0	47.70366651079299	0.0	707527	1991.189403964805	1.5
9792.66037690646	1500.0	49.81615163405737	0.0	757473	1887.514876735619	1.5
9794.439952453433	1500.0	52.03657608708566	0.0	712239	1779.5755469717083	1.5
9796.03211483729	1500.0	54.44441370322859	0.0	633700	1592.1623838570642	1.5
9797.914067380876	1500.0	56.56246115964237	0.0	755142	1881.9525435862254	1.5
9799.59363069835	1500.0	58.882897842167615	0.0	670327	1679.5633174747582	1.5
9802.878155382463	1500.0	59.59837315805262	0.0	785519	2284.524684115	1.5
9806.610970302647	1500.0	59.86555823786927	0.0	681043	2232.814920183341	1.5
9809.666954181263	1500.0	59.54730946277839	0.0	866245	2818.2487750908804	1.5
9813.315561876734	1500.0	59.89870176730688	0.0	691256	1648.6076954715	1.5
9817.542659410383	1500.0	59.6716042336587	0.0	725845	1727.0975336481868	1.5
9821.256823622249	1500.0	59.75124229404815	0.0	811013	1920.3619396105462	1.5
9825.450106465243	1500.0	59.557959451053684	0.0	657685	1693.2828429944657	1.5
9829.411680659978	1500.0	59.59638525631838	0.0	767059	1961.574194735309	1.5
9833.29317669097	1500.0	59.71488922532672	0.0	848035	2881.496030991659	1.5
9837.013075974908	1500.0	59.99498994138816	0.0	629438	2219.89928393855	1.5
9841.016829259068	1500.0	59.81814061176617	0.0	763847	2676.8493296219963	1.5
9844.89617967176	1500.0	59.93879019907456	0.0	769491	3379.3504126916073	1.5
9848.943372296908	1500.0	59.891597573927164	0.0	808636	3547.1926251473897	1.5

