18042.174586641504	600.0	4.0	1.0886812766283134	247108	1088.6812766283133	-21.173625532566266
18043.518854825295	600.0	6.655731816210424	0.0	309722	1344.2681837895757	0.6
18044.776279628215	600.0	9.398307013291832	0.0	288447	1257.4248029185906	0.6
18045.997967002248	600.0	12.176619639258107	0.0	279692	1221.687374033727	0.6
18049.034503471874	1500.0	13.140083169630328	0.0	724296	3036.5364696277775	1.5
18051.860977661003	1500.0	14.313608980503384	0.0	689829	2826.474189126943	1.5
18054.379721774032	1500.0	15.794864867473557	0.0	737903	2518.7441130298275	1.5
18057.03859643321	1500.0	17.135990208298143	0.0	780303	2658.874659175411	1.5
18060.064851080817	1500.0	18.109735560690112	0.0	891463	3026.254647608031	1.5
18062.794508104605	1500.0	19.38007853690228	0.0	763093	2729.657023787831	1.5
18065.832704691962	1500.0	20.34188194954347	0.0	769316	3038.196587358808	1.5
18068.775155064468	1500.0	21.39943157703686	0.0	744416	2942.4503725066093	1.5
18071.185717909935	1500.0	22.98886873156702	0.0	606092	2410.5628454698394	1.5
18078.413519913764	4000.0	19.761066727738367	0.0	1805063	7227.802003828655	4.0
18086.220415913656	4000.0	15.95417072784657	0.0	2157416	7806.895999891795	4.0
18093.470184988513	4000.0	12.704401652988196	0.0	2231719	7249.769074858374	4.0
18098.948194397508	4000.0	11.226392243990842	0.0	1835863	5478.0094089973545	4.0
18105.87663419011	4000.0	8.297952451391867	0.0	2192675	6928.439792598976	4.0
18108.453207396233	1500.0	9.721379245270652	0.0	747396	2576.5732061212134	1.5
18110.74569283434	1500.0	11.428893807161298	0.0	662349	2292.4854381093555	1.5
18113.76186384576	1500.0	12.412722795739304	0.0	835711	3016.171011421993	1.5
18116.992994386732	1500.0	13.18159225476971	0.0	806394	3231.1305409695938	1.5
18120.235586156177	1500.0	13.939000485322891	0.0	809327	3242.591769446819	1.5
18122.9798235478	1500.0	15.194763093699981	0.0	681795	2744.237391622909	1.5
18126.437478387485	1500.0	15.737108254015482	0.0	855209	3457.654839684499	1.5
18129.06457426978	1500.0	17.110012371720625	0.0	644861	2627.0958822948555	1.5
18132.280800200464	1500.0	17.89378644104027	0.0	794014	3216.2259306803594	1.5
18135.92214534356	1500.0	18.252441297942518	0.0	914284	3641.3451430977534	1.5
18138.62072843267	1500.0	19.553858208834566	0.0	675709	2698.5830891079518	1.5
18141.442616193952	1500.0	20.731970447553774	0.0	707527	2821.887761280791	1.5
18144.479502269485	1500.0	21.695084372019938	0.0	757473	3036.886075533836	1.5
18147.38598771023	1500.0	22.788598931273867	0.0	712239	2906.4854407460693	1.5
18149.980794992338	1500.0	24.193791649166624	0.0	633700	2594.807282107247	1.5
18153.057538878445	1500.0	25.11704776306116	0.0	755142	3076.743886105462	1.5
18159.353218779055	4000.0	22.821367862451524	0.0	1828568	6295.679900609635	4.0
18165.727773953873	4000.0	20.446812687630032	0.0	1785821	6374.555174821489	4.0
18174.385436119475	4000.0	15.789150522030958	0.0	2096494	8657.662165599075	4.0
18180.86486991578	4000.0	13.309716725725194	0.0	1955307	6479.433796305766	4.0
18188.662963245035	4000.0	9.51162339647084	0.0	2142800	7798.093329254353	4.0
18196.610758852286	4000.0	5.563827789215996	0.0	2094647	7947.795607254844	4.0
18199.50940646182	1500.0	6.665180179684533	0.0	811013	2898.647609531464	1.5
18201.875167914564	1500.0	8.29941872694	0.0	657685	2365.7614527445317	1.5
18204.632937569342	1500.0	9.541649072161698	0.0	767059	2757.769654778302	1.5
18208.02832631977	1500.0	10.146260321734099	0.0	848035	3395.388750427601	1.5
18210.56911115093	1500.0	11.605475490575422	0.0	629438	2540.7848311586768	1.5
18213.6353673206	1500.0	12.53921932090333	0.0	763847	3066.256169672091	1.5
18219.95754900887	4000.0	10.21703763263459	0.0	1750852	6322.18168826874	4.0
18227.04887240242	4000.0	7.125714239081934	0.0	2034636	7091.323393552656	4.0

