7241.444001564165	600.0	4.0	0.6521499790168301	247108	652.1499790168301	0.107799	-12.442999580336602
7241.752337815848	200.0	7.691663748317729	0.0	98617	308.3362516822714	0.004705182	0.2
7242.078870672598	200.0	11.36513089156766	0.0	106476	326.53285675006873	0.004705182	0.2
7242.425672403348	200.0	15.01832916081791	0.0	115230	346.8017307497504	0.004705182	0.2
7242.731788201504	200.0	18.712213362661533	0.0	97658	306.11579815637526	0.004705182	0.2
7243.0379039996615	200.0	22.40609756450516	0.0	97658	306.11579815637526	0.004705182	0.2
7243.386006976377	200.0	26.057994587789242	0.0	115792	348.10297671591684	0.004705182	0.2
7243.715313663497	200.0	29.728687900670014	0.0	107674	329.30668711922783	0.004705182	0.2
7244.015981362439	200.0	33.428020201727854	0.0	95305	300.66769894215884	0.004705182	0.2
7244.3400807503085	200.0	37.10392081385758	0.0	105425	324.09938787028057	0.015634282	0.2
7244.6408873723085	200.0	40.80311419185853	0.0	95365	300.8066219990449	0.004705182	0.2
7244.941640740469	200.0	44.50236082369796	0.0	95342	300.7533681605719	0.004705182	0.2
7245.25878008319	200.0	48.18522148097768	0.0	102419	317.1393427202871	0.012301663	0.2
7245.526018263877	200.0	51.91798330029088	0.0	80867	267.2381806868009	0.004705182	0.2
7245.797616313165	200.0	55.64638525100214	0.0	82750	271.5980492887429	0.014082502	0.2
7259.162617368222	12000.0	46.281384195946025	0.0	5443841	13365.001055056113	0.0075269686	12.0
7259.472790245671	200.0	49.97121131849693	0.0	89871	310.1728774490972	0.004705182	0.2
7270.101611637456	12000.0	43.342389926712166	0.0	4055239	10628.821391784762	0.004705182	12.0
7270.419386073546	200.0	47.02461549062194	0.0	90919	317.77443609022555	0.004705182	0.2
7270.723971885903	200.0	50.72002967826496	0.0	85876	304.58581235697943	0.07630711	0.2
7284.296281734599	12000.0	41.14771982956915	0.0	5251330	13572.309848695815	0.16332844	12.0
7284.630322020499	200.0	44.81367954366921	0.0	97742	334.04028589993504	0.022716593	0.2
7299.835520315802	12000.0	33.60848124836668	0.0	5141915	15205.198295302527	0.05655041	12.0
7300.210504835926	200.0	37.23349672824284	0.0	85752	374.98452012383905	0.004705182	0.2
7300.615774873766	200.0	40.82822669040314	0.0	94556	405.27003783969735	0.004705182	0.2
7309.59357914499	8000.0	35.85042241917907	0.0	3253093	8977.804271224071	0.0052846386	8.0
7322.848003471719	12000.0	26.5959980924511	0.0	5138482	13254.42432672797	0.059801336	12.0
7331.4947860589955	8000.0	21.94921550517303	0.0	3354913	8646.782587278069	0.004705182	8.0
7331.814786058996	200.0	25.62921550517303	0.0	93993	320.0	0.015557492	0.2
7332.142676008248	200.0	29.301325555921487	0.0	97083	327.88994925154	0.01455159	0.2
7332.46264792105	200.0	32.98135364311947	0.0	93982	319.9719128020172	0.036852345	0.2
7349.969908713221	8000.0	19.474092850947724	0.0	3568902	17507.260792171743	0.07618851	8.0
7351.68986601274	1500.0	21.75413555142972	0.0	633700	1719.9572995180022	0.40118662	1.5
7352.001281921905	200.0	25.442719642265292	0.0	89422	311.4159091644292	0.010137892	0.2
7352.361358265191	200.0	29.082643298979296	0.0	108225	360.0763432859962	0.008652663	0.2
7352.668553296407	200.0	32.77544826776265	0.0	87791	307.19503121664025	0.3122974	0.2
7354.5061619105845	1500.0	34.937839653584916	0.0	681043	1837.6086141777357	0.180649	1.5
7354.792903252489	200.0	38.651098311680535	0.0	80403	286.7413419043793	0.49282807	0.2
7368.303925962714	12000.0	29.14007560145615	0.0	5257310	13511.02271022439	0.005248399	12.0
7368.641015152754	200.0	32.802986411415176	0.0	101968	337.0891900409707	0.05252758	0.2
7381.117087735807	12000.0	24.326913828361974	0.0	4828747	12476.072583053206	0.41853866	12.0
7385.960206990492	4000.0	23.48379457367729	0.0	1830641	4843.119254684685	0.04411099	4.0
7390.452302991533	4000.0	22.991698572637333	0.0	1697030	4492.096001039958	0.013671032	4.0
7395.459174812721	4000.0	21.984826751448793	0.0	1910697	5006.87182118854	0.040437795	4.0
7404.7976132900285	8000.0	16.646388274141128	0.0	3682991	9338.438477307662	0.015380317	8.0
7410.154508349764	4000.0	15.289493214405901	0.0	2042818	5356.895059735228	0.06917043	4.0
7414.761194266434	4000.0	14.682807297735751	0.0	1750852	4606.685916670151	0.004705182	4.0
7420.198848063215	4000.0	13.245153500954867	0.0	2034636	5437.653796780883	0.05104536	4.0

