32164.449850932833	600.0	4.0	0.5388554517495503	247108	538.8554517495503	-10.177109034991007
32165.104974474874	600.0	7.344876457958568	0.0	309722	655.1235420414322	0.6
32166.380535549553	1500.0	10.069315383276273	0.0	643847	1275.5610746822956	1.5
32167.79462897496	1500.0	12.655221957871527	0.0	718451	1414.093425404747	1.5
32169.219575995212	1500.0	15.230274937619685	0.0	724296	1424.9470202518426	1.5
32172.76083288606	4000.0	15.689018046770732	0.0	1863995	3541.256890848953	4.0
32174.21104677801	1500.0	18.238804154819242	0.0	737903	1450.2138919514884	1.5
32178.27720154051	4000.0	18.172649392320533	0.0	2058614	4066.1547624987074	4.0
32181.963977613534	4000.0	18.485873319296648	0.0	1857129	3686.7760730238883	4.0
32183.52599936533	1500.0	20.92385156750018	0.0	763093	1562.0217517964654	1.5
32187.73056556783	4000.0	20.71928536499964	0.0	2094766	4204.566202500541	4.0
32191.298855443703	4000.0	21.15099548912255	0.0	1761739	3568.28987587709	4.0
32195.49077258299	4000.0	20.959078349837082	0.0	2131310	4191.91713928547	4.0
32198.548349571494	4000.0	21.901501361332517	0.0	1805063	3057.576988504562	4.0
32202.18715734509	4000.0	22.26269358773594	0.0	2157416	3638.807773596577	4.0
32206.064156346663	4000.0	22.385694586162685	0.0	2231719	3876.9990015732537	4.0
32209.634763469574	4000.0	22.815087463252677	0.0	1835863	3570.607122910007	4.0
32213.88379295229	4000.0	22.56605798053708	0.0	2192675	4249.029482715595	4.0
32217.51383957244	4000.0	22.936011360389067	0.0	2082556	3630.0466201480126	4.0
32221.032825868366	4000.0	23.417025064460567	0.0	2164412	3518.9862959285006	4.0
32224.893335103716	4000.0	23.556515829108033	0.0	2379358	3860.5092353525324	4.0
32228.355773389576	4000.0	24.094077543249906	0.0	1950922	3462.438285858125	4.0
32231.71975660785	4000.0	24.73009432497647	0.0	1849252	3363.983218273436	4.0
32235.035516780106	4000.0	25.414334152719594	0.0	1822097	3315.7601722568756	4.0
32238.485492741176	4000.0	25.96435819165014	0.0	1836837	3449.975961069456	4.0
32244.59553178331	8000.0	23.854319149514755	0.0	3253093	6110.039042135385	8.0
32248.81896921098	4000.0	23.630881721840545	0.0	2068230	4223.43742767421	4.0
32253.192720010706	4000.0	23.257130922117348	0.0	2055338	4373.750799723199	4.0
32257.781853703058	4000.0	22.667997229763017	0.0	2165436	4589.1336923543295	4.0
32262.006360953	4000.0	22.443489979824456	0.0	2002600	4224.50724993856	4.0
32267.00166234093	4000.0	21.448188591895153	0.0	2290706	4995.301387929305	4.0
32272.723906699244	4000.0	19.72594423358023	0.0	1947068	5722.244358314921	4.0
32274.640252553556	1500.0	21.809598379267918	0.0	633700	1916.3458543123124	1.5
32280.773021620247	4000.0	19.676829312576096	0.0	2125133	6132.769066691821	4.0
32286.02029254925	4000.0	18.429558383575742	0.0	1828568	5247.270929000353	4.0
32287.966892798562	1500.0	20.48295813426227	0.0	785519	1946.6002493134731	1.5
32289.526918333366	1500.0	22.922932599457514	0.0	681043	1560.025534804754	1.5
32293.856142374112	4000.0	22.59370855871049	0.0	1955307	4329.224040747029	4.0
32298.297650104236	4000.0	22.152200828586356	0.0	2142800	4441.507730124132	4.0
32302.069389876437	4000.0	22.380461056384817	0.0	2094647	3771.7397722015376	4.0
32305.648645676043	4000.0	22.801205256776964	0.0	1985434	3579.255799607852	4.0
32308.97976100286	4000.0	23.470089929960352	0.0	1830641	3331.115326816612	4.0
32312.094540987437	4000.0	24.35530994538434	0.0	1697030	3114.7799845760082	4.0
32315.59141930555	4000.0	24.858431627270093	0.0	1910697	3496.87831811425	4.0
32319.664989330704	4000.0	24.784861602115374	0.0	2171279	4073.570025154719	4.0
32323.596047735617	4000.0	24.853803197204506	0.0	2042818	3931.0584049108666	4.0
32326.97670071124	4000.0	25.473150221582106	0.0	1750852	3380.6529756224004	4.0
32330.779780740137	4000.0	25.67007019268129	0.0	2034636	3803.0800289008134	4.0

