21490.735785948436	600.0	4.0	0.9190764006791171	247108	919.0764006791171	0.18829729	-17.781528013582342
21491.150648427214	200.0	7.5851375212224115	0.0	98617	414.8624787775891	0.004705182	0.2
21491.59219681431	200.0	11.143589134125635	0.0	106476	441.5483870967742	0.004705182	0.2
21492.063470158962	200.0	14.672315789473684	0.0	115230	471.27334465195247	0.004705182	0.2
21492.475076271017	200.0	18.260709677419356	0.0	97658	411.6061120543294	0.004705182	0.2
21492.886682383072	200.0	21.849103565365024	0.0	97658	411.6061120543294	0.004705182	0.2
21493.35986404691	200.0	25.375921901528013	0.0	115792	473.1816638370119	0.004705182	0.2
21493.805480345723	200.0	28.930305602716466	0.0	107674	445.616298811545	0.004705182	0.2
21496.912519394955	1500.0	29.823266553480472	0.0	891463	3107.0390492359934	0.004705182	1.5
21499.583667102936	1500.0	31.152118845500844	0.0	763093	2671.1477079796264	0.6931517	1.5
21502.24046408586	1500.0	32.49532186257983	0.0	769316	2656.7969829210206	0.24437392	1.5
21504.791400749553	1500.0	33.94438519888669	0.0	744416	2550.9366636931313	0.0110167805	1.5
21506.883199185333	1500.0	35.85258676310469	0.0	606092	2091.798435782005	0.004705182	1.5
21509.446068716275	1500.0	37.28971723216263	0.0	748011	2562.8695309420573	0.004705182	1.5
21512.073001777306	1500.0	38.66278417113193	0.0	754517	2626.9330610306915	0.004705182	1.5
21515.385658861494	1500.0	39.350127086943026	0.0	934743	3312.657084188912	0.004705182	1.5
21518.009515340473	1500.0	40.72627060796324	0.0	735572	2623.8564789797906	0.004705182	1.5
21520.76148248626	1500.0	41.97430346217268	0.0	772616	2751.9671457905547	0.004735219	1.5
21523.452295060397	1500.0	43.283490888040966	0.0	747396	2690.812574131714	0.25517002	1.5
21539.05202363944	8000.0	31.683762308998297	0.0	4303587	15599.72857904267	0.15814205	8.0
21542.199034456244	1500.0	32.53675149219799	0.0	835711	3147.0108168003007	0.004705182	1.5
21545.107308640247	1500.0	33.62847730819572	0.0	806394	2908.27418400228	0.004705182	1.5
21545.54040712991	200.0	37.195378818531324	0.0	100675	433.0984896643942	0.07362711	0.2
21548.01167392664	1500.0	38.72411202180189	0.0	681795	2471.266796729433	0.004705182	1.5
21565.24598367687	8000.0	25.48980227157301	0.0	4925863	17234.309750228884	0.043980367	8.0
21567.554300632575	1500.0	27.181485315868194	0.0	644861	2308.316955704814	0.004705182	1.5
21570.37801572663	1500.0	28.357770221813816	0.0	794014	2823.715094054381	0.004705182	1.5
21570.816544547655	200.0	31.919241400787097	0.0	103756	438.5288210267154	0.006278838	0.2
21573.279278690105	1500.0	33.45650725833718	0.0	675709	2462.734142449921	0.004705182	1.5
21580.581548497383	4000.0	30.154237451056666	0.0	2002600	7302.269807280514	0.39140555	4.0
21583.470228772036	1500.0	31.265557176403945	0.0	757473	2888.68027465272	0.004705182	1.5
21586.298992339984	1500.0	32.43679360845566	0.0	712239	2828.763567948285	0.004705182	1.5
21599.4602799824	8000.0	23.275505966038857	0.0	3713878	13161.2876424168	0.004705182	8.0
21602.012710202587	1500.0	24.72307574585387	0.0	755142	2552.4302201849882	0.004705182	1.5
21604.43444754758	1500.0	26.301338400857222	0.0	670327	2421.7373449966467	0.0063685905	1.5
21618.827898790187	8000.0	15.907887158248379	0.0	4086583	14393.451242608842	0.7920503	8.0
21621.24113676715	1500.0	17.49464918128808	0.0	681043	2413.2379769603017	0.005020885	1.5
21624.254191422355	1500.0	18.481594526083928	0.0	866245	3013.054655204149	0.007972468	1.5
21626.64507000826	1500.0	20.09071594017891	0.0	691256	2390.8785859050167	0.45737177	1.5
21629.151580110432	1500.0	21.584205838008042	0.0	725845	2506.51010217087	0.46654284	1.5
21636.044444101535	4000.0	18.691341846903363	0.0	1985434	6892.863991104678	0.036375165	4.0
21638.462308179205	1500.0	20.273477769233462	0.0	657685	2417.8640776699026	0.42223042	1.5
21644.47116388664	4000.0	18.264622061798068	0.0	1697030	6008.855707435392	0.67998385	4.0
21650.80946026937	4000.0	15.926325679067613	0.0	1910697	6338.296382730456	0.31201828	4.0
21658.323827300508	4000.0	12.411958647929204	0.0	2171279	7514.367031138408	0.12118418	4.0
21661.081760601704	1500.0	13.654025346732833	0.0	763847	2757.9333011963718	0.56768507	1.5
21667.50093485433	4000.0	11.234851094104197	0.0	1750852	6419.174252628635	0.04066574	4.0
21674.991295952866	4000.0	7.7444899955676645	0.0	2034636	7490.361098536532	0.4926444	4.0

