18895.452886939915	600.0	4.0	0.9847432494279177	247108	984.7432494279177	-19.094864988558353
18896.66688053259	600.0	6.786006407322655	0.0	309722	1213.9935926773455	0.6
18899.104215086365	1500.0	8.34867185354691	0.0	643847	2437.3345537757436	1.5
18901.814699296887	1500.0	9.638187643020595	0.0	718451	2710.4842105263156	1.5
18903.060282820916	600.0	12.392604118993136	0.0	318350	1245.5835240274598	0.6
18905.589560285578	1500.0	13.863326654327112	0.0	689829	2529.277464666023	1.5
18908.08367061969	1500.0	15.369216320216779	0.0	737903	2494.110334110334	1.5
18910.716496039884	1500.0	16.73639090002294	0.0	780303	2632.825420193841	1.5
18913.712990539534	1500.0	17.739896400370544	0.0	891463	2996.4944996523946	1.5
18916.391648863668	1500.0	19.061238076238535	0.0	763093	2678.6583241320086	1.5
18919.24021746466	1500.0	20.212669475248884	0.0	769316	2848.5686009896535	1.5
18921.999177428672	1500.0	21.453709511236287	0.0	744416	2758.9599640125953	1.5
18924.260345219944	1500.0	23.19254171996323	0.0	606092	2261.1677912730547	1.5
18926.55060212937	1500.0	24.902284810536614	0.0	748011	2290.2569094266173	1.5
18928.440293775177	1500.0	27.0125931647317	0.0	754517	1889.6916458049138	1.5
18930.762253330857	1500.0	28.69063360904956	0.0	934743	2321.9595556821423	1.5
18935.245528451156	4000.0	28.20735848875095	0.0	1835863	4483.275120298611	4.0
18941.59538632078	4000.0	25.85750061912511	0.0	2192675	6349.857869625839	4.0
18947.955035862906	4000.0	23.497851077001492	0.0	2082556	6359.649542123616	4.0
18955.083228967476	4000.0	20.369657972430314	0.0	2164412	7128.1931045711735	4.0
18957.75824653813	1500.0	21.69464040177454	0.0	835711	2675.0175706557766	1.5
18960.27305697764	1500.0	23.17982996226594	0.0	806394	2514.8104395085957	1.5
18965.936652682572	4000.0	21.51623425733491	0.0	1849252	5663.595704931026	4.0
18967.86734619218	1500.0	23.585540747731986	0.0	681795	1930.6935096029272	1.5
18972.809999776786	4000.0	22.64288716312602	0.0	1836837	4942.653584605967	4.0
18974.5971385448	1500.0	24.855748395111988	0.0	644861	1787.1387680140306	1.5
18980.142415262828	4000.0	23.31047167708011	0.0	2068230	5545.276718031875	4.0
18985.64815490975	4000.0	21.80473203015716	0.0	2055338	5505.73964692295	4.0
18987.96371234736	1500.0	23.489174592551493	0.0	675709	2315.5574376056666	1.5
18996.630270392165	4000.0	18.822616547744975	0.0	2002600	8666.558044806518	4.0
18998.64881596957	1500.0	20.80407097034124	0.0	757473	2018.5455774037366	1.5
19000.454305643118	1500.0	22.998581296790274	0.0	712239	1805.4896735509662	1.5
19002.069524588063	1500.0	25.38336235184448	0.0	633700	1615.2189449457935	1.5
19003.978952242356	1500.0	27.473934697553403	0.0	755142	1909.4276542910786	1.5
19009.079205532027	4000.0	26.373681407884224	0.0	1828568	5100.253289669178	4.0
19015.57768296761	4000.0	23.875203972297818	0.0	1785821	6498.477435586406	4.0
19022.54617962913	4000.0	20.90670731077491	0.0	2096494	6968.4966615229105	4.0
19025.39036861619	1500.0	22.06251832371841	0.0	866245	2844.1889870565005	1.5
19027.65986173211	1500.0	23.793025207797132	0.0	691256	2269.4931159212792	1.5
19029.626980888446	1500.0	25.82590605146233	0.0	725845	1967.1191563348013	1.5
19034.868896359432	4000.0	24.58399058047551	0.0	1985434	5241.915470986822	4.0
19039.920941664797	4000.0	23.53194527511068	0.0	1830641	5052.045305364832	4.0
19044.911862265268	4000.0	22.541024674640433	0.0	1697030	4990.920600470247	4.0
19050.047054599036	4000.0	21.40583234087161	0.0	1910697	5135.192333768823	4.0
19051.607649718117	1500.0	23.845237221788985	0.0	629438	1560.5951190826227	1.5
19056.49286700715	4000.0	22.96001993275635	0.0	2042818	4885.217289032637	4.0
19062.14905356855	4000.0	21.303833371353445	0.0	1750852	5656.186561402905	4.0
19065.25687318429	1500.0	22.196013755617795	0.0	808636	3107.8196157356488	1.5

