11051.720875804838	600.0	4.0	0.6781343701305579	247108	678.1343701305578	-12.962687402611158
11053.573690134424	1500.0	6.1471856704134575	0.0	732405	1852.814329586542	1.5
11055.212146436146	1500.0	8.508729368693363	0.0	643847	1638.4563017200949	1.5
11057.031184574751	1500.0	10.68969123008729	0.0	718451	1819.0381386060726	1.5
11058.864370759527	1500.0	12.85650504530945	0.0	724296	1833.18618477784	1.5
11060.614128251851	1500.0	15.106747552987095	0.0	689829	1749.7574923223553	1.5
11062.440287315872	1500.0	17.280588488966742	0.0	737903	1826.1590640203526	1.5
11064.323023291614	1500.0	19.39785251322492	0.0	780303	1882.7359757418237	1.5
11066.462572493838	1500.0	21.258303311001256	0.0	891463	2139.5492022236663	1.5
11068.305548163464	1500.0	23.41532764137451	0.0	763093	1842.975669626742	1.5
11070.162900845582	1500.0	25.557974959257695	0.0	769316	1857.3526821168145	1.5
11071.962726995318	1500.0	27.758148809521217	0.0	744416	1799.8261497364813	1.5
11073.510348690683	1500.0	30.210527114155894	0.0	606092	1547.6216953653193	1.5
11075.40406593802	1500.0	32.3168098668193	0.0	748011	1893.7172473365965	1.5
11077.31355841381	1500.0	34.40731739102861	0.0	754517	1909.492475790686	1.5
11079.660048480036	1500.0	36.06082732480345	0.0	934743	2346.4900662251657	1.5
11081.523604635036	1500.0	38.19727116980322	0.0	735572	1863.5561550002271	1.5
11083.625739744783	1500.0	40.09513606005547	0.0	772616	2102.135109747752	1.5
11085.789109838339	1500.0	41.93176596649984	0.0	747396	2163.370093555637	1.5
11087.71541099341	1500.0	44.005464811427444	0.0	662349	1926.3011550723882	1.5
11090.124959591818	1500.0	45.59591621301981	0.0	835711	2409.548598407638	1.5
11092.45278690588	1500.0	47.2680888989551	0.0	806394	2327.8273140647048	1.5
11094.379926206308	1500.0	49.34094959852917	0.0	809327	1927.139300425932	1.5
11095.95275813011	1500.0	51.7681176747259	0.0	681795	1572.831923803268	1.5
11097.905290631412	1500.0	53.815585173425845	0.0	855209	1952.532501300052	1.5
11099.397253299392	1500.0	56.32362250544544	0.0	644861	1491.9626679804035	1.5
11101.21579559898	1500.0	58.50508020585872	0.0	794014	1818.5422995867204	1.5
11103.799590950695	1500.0	59.921284854143465	0.0	914284	2083.795351715259	1.5
11108.048755237183	1500.0	59.67212056765723	0.0	675709	1749.164286486236	1.5
11111.876517661723	1500.0	59.84435814311538	0.0	707527	1827.7624245418474	1.5
11116.082797015471	1500.0	59.6380787893683	0.0	757473	2206.2793537470766	1.5
11119.894371425635	1500.0	59.82650437920496	0.0	712239	3311.5744101633395	1.5
11123.016455137069	1500.0	59.871277518950876	0.0	633700	2955.2268602540835	1.5
11126.889768878274	1500.0	59.99796377774507	0.0	755142	1873.3137412058065	1.5
11131.061663674485	1500.0	59.82606898153288	0.0	670327	1671.8947962121888	1.5
11134.924635347408	1500.0	59.88061583937122	0.0	785519	1945.4531421616648	1.5
11139.185004215668	1500.0	59.62024697111209	0.0	681043	1760.368868259133	1.5
11142.902330537625	1500.0	59.90292064915425	0.0	866245	2217.3263219578394	1.5
11147.020062089126	1500.0	59.78518909765143	0.0	691256	1617.7315515028185	1.5
11151.182350193545	1500.0	59.622900993232996	0.0	725845	1662.2881044184367	1.5
11154.65347958799	1500.0	59.77495298445879	0.0	811013	1847.9480087742006	1.5
11158.768159970065	1500.0	59.66027260238679	0.0	657685	2114.680382072006	1.5
11162.721210745422	1500.0	59.70722182702811	0.0	767059	2453.050775358676	1.5
11166.734951907762	1500.0	59.69348066468804	0.0	848035	2513.741162340068	1.5
11170.59067402713	1500.0	59.83775854531927	0.0	629438	1855.7221193687737	1.5
11174.22086277621	1500.0	59.602852083184025	0.0	763847	2234.9064621352377	1.5
11178.010178906632	1500.0	59.813535952762514	0.0	769491	2289.316130421519	1.5
11181.911885799162	1500.0	59.911829060232854	0.0	808636	2401.7068925296535	1.5

