20938.922646997085	600.0	4.0	0.8055611832929604	247108	805.5611832929604	0.280267	-15.51122366585921
20939.292207299517	200.0	7.630439697570286	0.0	98617	369.56030242971445	0.004705182	0.2
20939.68484328278	200.0	11.237803714306686	0.0	106476	392.6359832635983	0.004705182	0.2
20940.103182855557	200.0	14.81946414152536	0.0	115230	418.3395727813258	0.004705182	0.2
20940.46992733181	200.0	18.452719665271964	0.0	97658	366.744476253395	0.004705182	0.2
20940.83667180807	200.0	22.08597518901857	0.0	97658	366.744476253395	0.004705182	0.2
20941.25666153133	200.0	25.66598546575644	0.0	115792	419.9897232621302	0.004705182	0.2
20941.652815095156	200.0	29.269831901930555	0.0	107674	396.1535638258827	0.004705182	0.2
20944.350338401327	1500.0	30.572308595757175	0.0	891463	2697.5233061733834	0.01636744	1.5
20957.79523427942	12000.0	21.127412717666353	0.0	5088378	13444.895878090823	0.004705182	12.0
20958.113041115135	200.0	24.809605881951065	0.0	95365	317.80683571528766	0.004705182	0.2
20960.52222109919	1500.0	26.40042589789637	0.0	744416	2409.1799840546955	0.032625794	1.5
20960.98183192202	200.0	29.94081507506464	0.0	102419	459.6108228317272	0.004705182	0.2
20963.834296710753	1500.0	31.088350286332247	0.0	748011	2852.4647887323945	0.004705182	1.5
20966.710875658122	1500.0	32.21177133896383	0.0	754517	2876.5789473684213	0.004705182	1.5
20969.97236915489	1500.0	32.950277842196854	0.0	934743	3261.493496766971	0.004705182	1.5
20971.879593498936	1500.0	35.0430534981509	0.0	735572	1907.2243440459556	0.004705182	1.5
20982.516846781797	12000.0	28.40580021528761	0.0	4055239	10637.253282863287	0.004705182	12.0
20984.81612077779	1500.0	30.10652621929622	0.0	747396	2299.273995991389	0.004705182	1.5
20986.862861183105	1500.0	32.0597858139811	0.0	662349	2046.7404053151215	0.004705182	1.5
20989.42437257795	1500.0	33.49827441913291	0.0	835711	2561.5113948481926	0.004705182	1.5
20991.583535688478	1500.0	35.33911130860624	0.0	806394	2159.1631105266697	0.004705182	1.5
21001.25533796185	8000.0	29.667309035231927	0.0	3805854	9671.802273374311	0.16901149	8.0
21003.11728444818	1500.0	31.805362548904377	0.0	681795	1861.9464863275507	0.004705182	1.5
21005.43246756426	1500.0	33.490179432827404	0.0	855209	2315.1831160769707	0.0071918573	1.5
21015.868191101217	8000.0	27.054455895869694	0.0	3253093	10435.723536957712	0.004705182	8.0
21019.030917557746	1500.0	27.8917294393411	0.0	794014	3162.726456528597	0.004705182	1.5
21022.0576626473	1500.0	28.864984349786454	0.0	914284	3026.745089554647	0.004705182	1.5
21032.803099282566	8000.0	22.119547714518223	0.0	3811227	10745.436635268228	0.693603	8.0
21034.711304899403	1500.0	24.21134209768387	0.0	707527	1908.2056168343533	0.004705182	1.5
21036.748567863502	1500.0	26.174079133584453	0.0	757473	2037.2629640994173	0.011538858	1.5
21051.187220090258	8000.0	15.735426906827298	0.0	3568902	14438.652226757153	0.0048954706	8.0
21052.786702166748	1500.0	18.13594483033767	0.0	633700	1599.4820764896294	0.008171607	1.5
21054.677377145767	1500.0	20.24526985131837	0.0	755142	1890.6749790193023	0.01744687	1.5
21059.14190657869	4000.0	19.780740418396658	0.0	1828568	4464.529432921712	0.98604244	4.0
21061.110726007468	1500.0	21.811920989618805	0.0	785519	1968.8194287778535	0.36348477	1.5
21071.287692616108	8000.0	15.634954380980465	0.0	4018228	10176.966608638339	0.06109854	8.0
21073.448917933325	1500.0	17.47372906376446	0.0	866245	2161.2253172160076	0.008428236	1.5
21075.18971769307	1500.0	19.732929304022736	0.0	691256	1740.7997597417225	0.19805574	1.5
21085.924359385248	8000.0	12.998287611840691	0.0	4253567	10734.641692182044	0.08631352	8.0
21088.156086908213	1500.0	14.766560088874485	0.0	811013	2231.7275229662055	0.25311854	1.5
21093.118889169815	4000.0	13.803757827271655	0.0	1830641	4962.80226160283	0.12996815	4.0
21097.77340227717	4000.0	13.149244719919407	0.0	1697030	4654.513107352248	0.07633873	4.0
21102.818234536222	4000.0	12.10441246086447	0.0	1910697	5044.832259054935	0.19584484	4.0
21107.956174989016	4000.0	10.96647200807274	0.0	2171279	5137.94045279173	0.0054935403	4.0
21113.11832583693	4000.0	9.804321160158185	0.0	2042818	5162.150847914554	0.016272485	4.0
21118.59906460693	4000.0	8.323582390156258	0.0	1750852	5480.738770001927	0.14499046	4.0
21121.17341124275	1500.0	9.749235754335938	0.0	808636	2574.34663582032	0.3775601	1.5

