16567.15448181517	600.0	4.0	0.7647349370464661	247108	764.7349370464661	0.0057374374	-14.694698740929322
16567.507748991007	200.0	7.646732824163073	0.0	98617	353.267175836927	0.004705182	0.2
16567.882793413515	200.0	11.271688401655668	0.0	106476	375.0444225074038	0.004705182	0.2
16568.28209512287	200.0	14.872386692298367	0.0	115230	399.30170935730246	0.004705182	0.2
16568.632704914875	200.0	18.52177690029615	0.0	97658	350.6097920022168	0.004705182	0.2
16568.983314706875	200.0	22.171167108293933	0.0	97658	350.6097920022168	0.004705182	0.2
16569.384173715207	200.0	25.77030809996363	0.0	115792	400.8590083303026	0.004705182	0.2
16569.762537789262	200.0	29.391944025908796	0.0	107674	378.36407405483106	0.004705182	0.2
16570.106627430938	200.0	33.04785438423304	0.0	95305	344.08964167575897	0.004705182	0.2
16570.478759538106	200.0	36.67572227706482	0.0	105425	372.1321071682167	0.009682955	0.2
16570.82301543946	200.0	40.33146637571223	0.0	95365	344.2559013525918	0.004705182	0.2
16571.167207607934	200.0	43.98727420723576	0.0	95342	344.19216847647255	0.004705182	0.2
16571.531010105293	200.0	47.62347170987686	0.0	102419	363.8024973588958	0.007712182	0.2
16571.835092126734	200.0	51.31938968843629	0.0	80867	304.0820214405708	0.004705182	0.2
16572.144391931033	200.0	55.010089884137784	0.0	82750	309.2998042985054	0.009310287	0.2
16587.706652130844	12000.0	43.447829684326166	0.0	5443841	15562.26019981162	0.082996346	12.0
16588.161867014856	200.0	46.99261480031395	0.0	89871	455.21488401221205	0.004705182	0.2
16605.36312804212	12000.0	33.79135377304796	0.0	4055239	17201.26102726599	0.004705182	12.0
16605.832565317916	200.0	37.3219164972542	0.0	90919	469.437275793757	0.004705182	0.2
16606.280401694206	200.0	40.8740801209625	0.0	85876	447.8363762916957	0.004705182	0.2
16606.851512686335	200.0	44.302969128833155	0.0	114656	571.110992129357	0.004705182	0.2
16607.350175212436	200.0	47.80430660273153	0.0	97742	498.66252610162235	0.24060866	0.2
16628.71591458465	12000.0	30.43856723051994	0.0	5141915	21365.73937221159	0.6539208	12.0
16629.15111483318	200.0	34.003366981989124	0.0	85752	435.2002485308204	0.004705182	0.2
16629.622782837425	200.0	37.53169897774338	0.0	94556	471.6680042457349	0.004705182	0.2
16641.756570186393	8000.0	29.397911628775788	0.0	3253093	12133.787348967597	0.004705182	8.0
16642.092469550185	200.0	33.06201226498168	0.0	88490	335.8993637941006	0.008378109	0.2
16651.595317301355	8000.0	27.559164513813236	0.0	3354913	9502.847751168447	0.004705182	8.0
16651.923754212843	200.0	31.230727602325477	0.0	93993	328.43691148775895	0.056089375	0.2
16652.260358435266	200.0	34.894123379905025	0.0	97083	336.6042224204579	0.17603628	0.2
16652.588766272183	200.0	38.56571554298693	0.0	93982	328.40783691809565	0.011122408	0.2
16664.01414797163	8000.0	31.140333843541143	0.0	3568902	11425.38169944579	0.14541772	8.0
16666.78523271829	1500.0	32.36924909687872	0.0	633700	2771.0847466624205	0.031475622	1.5
16667.24497420514	200.0	35.909507610029976	0.0	89422	459.74148684874064	0.010558737	0.2
16667.784564936886	200.0	39.36991687828382	0.0	108225	539.5907317461581	0.06868744	0.2
16668.23738018226	200.0	42.917101632908654	0.0	87791	452.8152453751626	0.121443555	0.2
16668.750909391063	200.0	46.40357242410753	0.0	102088	513.5292088011254	0.4639431	0.2
16669.17235058861	200.0	49.98213122655996	0.0	80403	421.4411975475755	0.22191344	0.2
16687.604404497783	12000.0	35.55007731738756	0.0	5257310	18432.05390917239	0.08547996	12.0
16687.983595401874	200.0	39.17088641329808	0.0	101968	379.19090408949205	0.07958702	0.2
16702.422638293945	12000.0	28.731843521227763	0.0	4828747	14439.042892070313	0.2767342	12.0
16710.288608579685	4000.0	24.865873235488394	0.0	1830641	7865.970285739368	0.007732429	4.0
16717.63757040439	4000.0	21.51691141078421	0.0	1697030	7348.961824704183	0.004705182	4.0
16725.51405755968	4000.0	17.64042425549005	0.0	1910697	7876.487155294161	0.009881421	4.0
16728.115718133573	1500.0	19.038763681600518	0.0	629438	2601.660573889529	0.03547743	1.5
16734.468907565915	4000.0	16.68557424925735	0.0	2042818	6353.18943234317	0.28470007	4.0
16739.43912874074	4000.0	15.715353074429732	0.0	1750852	4970.221174827616	0.004705182	4.0
16744.982842362555	4000.0	14.171639452615677	0.0	2034636	5543.713621814056	0.03988213	4.0

