22222.25626243333	600.0	4.0	0.8703188278329701	247108	870.3188278329701	0.6943477	-16.8063765566594
22222.651666515125	200.0	7.604595918204169	0.0	98617	395.4040817958302	0.004705182	0.2
22223.072205823893	200.0	11.184056609430908	0.0	106476	420.53930877326246	0.004705182	0.2
22223.52074281392	200.0	14.73551961940552	0.0	115230	448.53699002538633	0.004705182	0.2
22223.913079751972	200.0	18.34318268135207	0.0	97658	392.33693805345115	0.004705182	0.2
22224.305416690026	200.0	21.95084574329862	0.0	97658	392.33693805345115	0.004705182	0.2
22224.75575110944	200.0	25.5005113238851	0.0	115792	450.33441941351674	0.004705182	0.2
22225.180121949186	200.0	29.076140484138563	0.0	107674	424.3708397465369	0.004705182	0.2
22228.111263932515	1500.0	30.14499850080956	0.0	891463	2931.1419833290024	0.004705182	1.5
22242.001216030636	12000.0	20.255046402689963	0.0	5088378	13889.952098119595	0.06963306	12.0
22242.331636060804	200.0	23.924626372521836	0.0	95365	330.4200301681309	0.004705182	0.2
22244.528032521233	1500.0	25.728229912093248	0.0	744416	2196.3964604285866	0.20562391	1.5
22244.899212733748	200.0	29.357049699576812	0.0	102419	371.18021251643626	0.004705182	0.2
22247.105829884324	1500.0	31.150432549002876	0.0	748011	2206.617150573936	0.004705182	1.5
22249.33094378318	1500.0	32.925318650143645	0.0	754517	2225.1138988592343	0.004705182	1.5
22252.068445471232	1500.0	34.18781696209503	0.0	934743	2737.5016880486164	0.004705182	1.5
22254.382223580582	1500.0	35.874038852747326	0.0	735572	2313.7781093476992	0.004705182	1.5
22267.024662973992	12000.0	27.231599459335282	0.0	4055239	12642.439393412047	0.004705182	12.0
22269.39583918536	1500.0	28.86042324796594	0.0	747396	2371.1762113693408	0.004705182	1.5
22271.506299975124	1500.0	30.74996245820486	0.0	662349	2110.4607897610795	0.004705182	1.5
22274.016994553403	1500.0	32.23926787992578	0.0	835711	2510.694578279085	0.10371358	1.5
22276.26931903062	1500.0	33.986943402705855	0.0	806394	2252.324477219921	0.004705182	1.5
22287.26613059671	8000.0	26.990131836618332	0.0	3805854	10996.811566087521	0.39879522	8.0
22289.544228444698	1500.0	28.712033988629294	0.0	681795	2278.097847989038	0.004705182	1.5
22292.381410680533	1500.0	29.874851752794683	0.0	855209	2837.18223583461	0.004705182	1.5
22301.068959986223	8000.0	25.18730244710213	0.0	3253093	8687.549305692552	0.61260194	8.0
22303.20127235093	1500.0	27.05499008239663	0.0	794014	2132.312364705502	0.004705182	1.5
22306.0752153883	1500.0	28.181047045023988	0.0	914284	2873.94303737264	0.23218074	1.5
22317.96877732159	8000.0	20.287485111736014	0.0	3811227	11893.561933287972	0.11607164	8.0
22320.197396905165	1500.0	22.058865528157522	0.0	707527	2228.619583578492	0.004705182	1.5
22322.577692613784	1500.0	23.678569819538698	0.0	757473	2380.2957086188244	0.004705182	1.5
22324.876673500064	1500.0	25.379588933257693	0.0	712239	2298.980886281004	0.17446081	1.5
22327.00441757245	1500.0	27.251844860874122	0.0	633700	2127.744072383568	0.10867981	1.5
22348.095748072607	8000.0	10.160514360718036	0.0	4271839	21091.330500156088	0.03298753	8.0
22348.443403996556	200.0	13.81285843676719	0.0	108225	347.65592395084633	0.34033725	0.2
22350.466104978084	1500.0	15.790157455238479	0.0	785519	2022.7009815287117	0.004705182	1.5
22350.798583222153	200.0	19.45767921117016	0.0	102088	332.4782440683206	0.004705182	0.2
22353.020931162493	1500.0	21.235331270834738	0.0	866245	2222.3479403354204	0.10539555	1.5
22359.359737240386	4000.0	18.896525192940462	0.0	2142800	6338.806077894275	0.004705182	4.0
22361.67706481995	1500.0	20.579197613376618	0.0	725845	2317.327579563844	0.12261747	1.5
22364.256912242312	1500.0	21.999350191013974	0.0	811013	2579.8474223626417	0.004705182	1.5
22374.867375367703	8000.0	15.388887065620029	0.0	4074581	10610.463125393946	0.5944272	8.0
22380.130828014557	4000.0	14.12543441876895	0.0	1697030	5263.452646851078	0.014386921	4.0
22385.954842010222	4000.0	12.301420423101554	0.0	1910697	5824.013995667397	0.16088843	4.0
22392.131692539344	4000.0	10.12456989397781	0.0	2171279	6176.850529123743	0.1446192	4.0
22397.84051148587	4000.0	8.415750947457859	0.0	2042818	5708.818946519953	0.6968313	4.0
22400.00074397721	1500.0	10.255518456117146	0.0	769491	2160.2324913407115	0.67310995	1.5
22405.639580988667	4000.0	8.616681444655391	0.0	2034636	5638.837011461755	0.02110551	4.0

