4398.409432423209	600.0	4.0	0.9430897858499422	247108	943.0897858499421	-18.261795716998844
4401.04754982372	1500.0	5.361882599489183	0.0	732405	2638.117400510817	1.5
4403.376355080329	1500.0	7.033077342880221	0.0	643847	2328.805256608963	1.5
4405.965734459926	1500.0	8.443697963282323	0.0	718451	2589.3793795978954	1.5
4408.473964677534	1500.0	9.935467745674877	0.0	724296	2508.230217607447	1.5
4410.618316602122	1500.0	11.791115821087288	0.0	689829	2144.3519245875887	1.5
4412.906532664667	1500.0	13.502899758542869	0.0	737903	2288.2160625444208	1.5
4415.321633102329	1500.0	15.08779932088155	0.0	780303	2415.1004376613178	1.5
4418.06938606683	1500.0	16.340046356380746	0.0	891463	2747.7529645008044	1.5
4419.780355680896	1500.0	18.629076742314858	0.0	763093	1710.9696140658907	1.5
4421.4691092260455	1500.0	20.940323197165668	0.0	769316	1688.7535451491904	1.5
4425.23316605299	4000.0	21.176266370221228	0.0	1761739	3764.056826944441	4.0
4429.977137891392	4000.0	20.43229453181891	0.0	2131310	4743.9718384023145	4.0
4434.450354806512	4000.0	19.959077616698742	0.0	1805063	4473.216915120171	4.0
4439.709391796224	4000.0	18.7000406269874	0.0	2157416	5259.036989711341	4.0
4444.871442406796	4000.0	17.53799001641554	0.0	2231719	5162.05061057186	4.0
4449.203685058836	4000.0	17.205747364375696	0.0	1835863	4332.242652039845	4.0
4455.446779711356	4000.0	14.962652711856547	0.0	2192675	6243.094652519148	4.0
4460.925894600016	4000.0	13.483537823195878	0.0	2082556	5479.114888660671	4.0
4465.934674310243	4000.0	12.474758112968445	0.0	2164412	5008.779710227434	4.0
4472.322822529806	4000.0	10.086609893406587	0.0	2379358	6388.148219561857	4.0
4478.574429157193	4000.0	7.835003266019185	0.0	1950922	6251.606627387402	4.0
4482.868055568339	4000.0	7.541376854873858	0.0	1849252	4293.626411145327	4.0
4486.8975986151445	4000.0	7.511833808067652	0.0	1822097	4029.543046806205	4.0
4491.559208218855	4000.0	6.850224204357418	0.0	1836837	4661.609603710234	4.0
4497.670332076857	4000.0	4.739100346354416	0.0	1984579	6111.123858003002	4.0
4500.024738466292	1500.0	6.38469395692019	0.0	794014	2354.4063894342257	1.5
4502.166112946669	1500.0	8.243319476542538	0.0	914284	2141.3744803776513	1.5
4503.769588462769	1500.0	10.639843960443054	0.0	675709	1603.4755160994857	1.5
4505.444801877833	1500.0	12.96463054537929	0.0	707527	1675.2134150637637	1.5
4507.232625171006	1500.0	15.176807252206599	0.0	757473	1787.823293172691	1.5
4512.15147073255	4000.0	14.257961690662894	0.0	1947068	4918.845561543705	4.0
4519.503512752058	4000.0	10.905919671153836	0.0	2544033	7352.042019509058	4.0
4524.581086366915	4000.0	9.828346056297054	0.0	2125133	5077.57361485678	4.0
4528.859141810869	4000.0	9.550290612343659	0.0	1828568	4278.055443953395	4.0
4533.60174145081	4000.0	8.80769097240235	0.0	1785821	4742.599639941308	4.0
4539.50068881923	4000.0	6.908743603981297	0.0	2096494	5898.9473684210525	4.0
4544.763608682775	4000.0	5.64582374043716	0.0	1955307	5262.919863544138	4.0
4546.658167023765	1500.0	7.751265399447528	0.0	691256	1894.5583409896312	1.5
4548.643522057234	1500.0	9.765910365978568	0.0	725845	1985.3550334689594	1.5
4550.955418028544	1500.0	11.4540143946693	0.0	811013	2311.8959713092686	1.5
4554.437383630509	1500.0	11.9720487927037	0.0	657685	3481.965601965602	1.5
4558.485101204543	1500.0	11.924331218670336	0.0	767059	4047.7175740333637	1.5
4562.200599303696	1500.0	12.208833119516177	0.0	848035	3715.498099154158	1.5
4564.292185841197	1500.0	14.11724658201493	0.0	629438	2091.586537501248	1.5
4566.813322763199	1500.0	15.596109660013532	0.0	763847	2521.1369220013985	1.5
4569.352497036643	1500.0	17.05693538656901	0.0	769491	2539.1742734445224	1.5
4575.229209695648	4000.0	15.180222727564145	0.0	2034636	5876.712659004865	4.0

