889.9911461589293	600.0	4.0	1.0505734485467402	247108	1050.57344854674	-20.411468970934802
890.4584870858735	200.0	7.532659073055774	0.0	98617	467.3409269442262	0.2
890.9566960410974	200.0	11.034450117831893	0.0	106476	498.20895522388065	0.2
891.489288342747	200.0	14.501857816182246	0.0	115230	532.5923016496465	0.2
891.9528625768397	200.0	18.03828358208955	0.0	97658	463.5742340926945	0.2
892.4164368109325	200.0	21.57470934799686	0.0	97658	463.5742340926945	0.2
892.951236496714	200.0	25.03990966221524	0.0	115792	534.7996857816182	0.2
894.1106669758971	600.0	27.880479183032207	0.0	274823	1159.4304791830323	0.6
894.5649992618359	200.0	31.42614689709348	0.0	95305	454.3322859387274	0.2
914.6238016159799	12000.0	15.367344542949416	0.0	5088378	20058.802354144063	12.0
917.9173187421286	1500.0	16.07382741680071	0.0	769316	3293.5171261487053	1.5
918.3955727103826	200.0	19.595573448546745	0.0	95342	478.2539682539683	0.2
918.9033880821453	200.0	23.087758076784006	0.0	102419	507.8153717627402	0.2
920.0988077998857	600.0	25.892338359043627	0.0	266809	1195.419717740377	0.6
921.3095192760851	600.0	28.681626882844235	0.0	264113	1210.7114761993953	0.6
921.7935628369445	200.0	32.19758332198479	0.0	94377	484.04356085944397	0.2
922.2583154658478	200.0	35.732830693081574	0.0	89871	464.75262890321886	0.2
938.5820317943341	12000.0	23.40911436459526	0.0	4055239	16323.716328486315	12.0
939.0045972011396	200.0	26.98654895778966	0.0	90919	422.56540680560465	0.2
939.408161548249	200.0	30.582984610680278	0.0	85876	403.5643471093842	0.2
940.5455820121606	600.0	33.44556414676882	0.0	280646	1137.4204639114566	0.6
940.9864367818128	200.0	37.00470937711655	0.0	97742	440.8547696522762	0.2
961.4611521000332	12000.0	20.52999405889616	0.0	5141915	20474.715318220384	12.0
961.920417911621	200.0	24.07072824730837	0.0	85752	459.26581158779305	0.2
962.4186222459864	200.0	27.572523912943044	0.0	94556	498.20433436532505	0.2
963.4778659434654	600.0	30.513280215464054	0.0	221407	1059.2436974789916	0.6
984.4460293351951	12000.0	13.545116823734388	0.0	5138482	20968.163391729664	12.0
984.9215633944265	200.0	17.069582764503014	0.0	103756	475.53405923137404	0.2
986.111011346584	600.0	19.88013481234557	0.0	291029	1189.4479521574422	0.6
986.561106888744	200.0	23.43003927018551	0.0	97083	450.09554216006296	0.2
986.9993809351095	200.0	26.991765223820163	0.0	93982	438.27404636534754	0.2
988.1979018185766	600.0	29.793244340353006	0.0	293409	1198.5208834671557	0.6
1002.9810506563656	8000.0	19.010095502564067	0.0	3713878	14783.148837788942	8.0
1003.4351328065997	200.0	22.556013352330062	0.0	89422	454.08215023400527	0.2
1003.9678741980813	200.0	26.023271960848376	0.0	108225	532.7413914816849	0.2
1004.4151333295165	200.0	29.57601282941323	0.0	87791	447.25913143514526	0.2
1005.6871619853588	600.0	32.30398417357094	0.0	284947	1272.0286558422883	0.6
1007.1370451134472	600.0	34.854101045482466	0.0	327462	1449.8831280884776	0.6
1007.579815526813	200.0	38.41133063211671	0.0	86718	442.7704133657542	0.2
1010.6962680590377	1500.0	39.29487809989196	0.0	725845	3116.4525322247496	1.5
1029.603904799471	12000.0	24.387241359458788	0.0	4828747	18907.636740433172	12.0
1032.3026705193972	1500.0	25.688475639532566	0.0	657685	2698.765719926223	1.5
1039.6111879434582	4000.0	22.379958215471657	0.0	1697030	7308.517424060912	4.0
1040.1043093661347	200.0	25.886836792795087	0.0	96988	493.12142267657003	0.2
1042.8496188579945	1500.0	27.141527300935188	0.0	629438	2745.3094918598986	1.5
1044.0976893711397	600.0	29.893456787789958	0.0	288236	1248.0705131452312	0.6
1047.2960359594585	1500.0	30.69511019947123	0.0	769491	3198.3465883187278	1.5
1069.9728090705141	12000.0	12.018337088415661	0.0	5646381	22676.77311105557	12.0

