5278.059188641818	600.0	4.0	0.5984129231898879	247108	598.4129231898879	-11.368258463797758
5278.3460792614915	200.0	7.713109380326752	0.0	98617	286.89061967324886	0.2
5279.0312181176005	600.0	11.027970524217869	0.0	288447	685.138856108882	0.6
5283.412160608356	4000.0	10.647028033461831	0.0	2050098	4380.942490756039	4.0
5285.011675988735	1500.0	13.04751265308263	0.0	724296	1599.515380379199	1.5
5295.709322802461	8000.0	6.349865839355419	0.0	4224313	10697.646813727211	8.0
5296.103159470088	200.0	9.956029171728838	0.0	115792	393.8366676265818	0.2
5298.277466104147	1500.0	11.781722537670017	0.0	780303	2174.3066340588207	1.5
5302.865676266336	4000.0	11.193512375481612	0.0	1857129	4588.210162188406	4.0
5308.828878120113	4000.0	9.230310521704908	0.0	2373154	5963.2018537767035	4.0
5311.288911377392	1500.0	10.770277264425044	0.0	769316	2460.0332572798643	1.5
5313.671911493406	1500.0	12.387277148411277	0.0	744416	2383.0001160137676	1.5
5319.8295572119205	4000.0	10.22963142989592	0.0	2131310	6157.645718515358	4.0
5321.576410876911	1500.0	12.48277776490518	0.0	748011	1746.8536649907385	1.5
5326.463956175723	4000.0	11.595232466093186	0.0	2157416	4887.545298811994	4.0
5332.210234086769	4000.0	9.848954555047305	0.0	2231719	5746.277911045881	4.0
5334.338610583566	1500.0	11.720578058249755	0.0	735572	2128.3764967975494	1.5
5340.223308498192	4000.0	9.835880143624488	0.0	2192675	5884.697914625267	4.0
5341.99839631199	1500.0	12.060792329826596	0.0	747396	1775.0878137978934	1.5
5346.987264442456	4000.0	11.071924199360383	0.0	2164412	4988.868130466214	4.0
5352.566977212364	4000.0	9.492211429452766	0.0	2379358	5579.712769907617	4.0
5354.532755139548	1500.0	11.526433502268796	0.0	806394	1965.7779271839695	1.5
5358.937289552503	4000.0	11.121899089313331	0.0	1849252	4404.534412955465	4.0
5363.29135277425	4000.0	10.767835867566708	0.0	1822097	4354.063221746622	4.0
5365.377973002726	1500.0	12.681215639090809	0.0	855209	2086.6202284758992	1.5
5370.058649275759	4000.0	12.000539366057616	0.0	1984579	4680.676273033193	4.0
5374.519100403579	4000.0	11.540088238238067	0.0	2068230	4460.451127819549	4.0
5378.9522466494755	4000.0	11.106941992341635	0.0	2055338	4433.1462458964315	4.0
5385.182226673449	4000.0	8.876961968369203	0.0	2165436	6229.980023972431	4.0
5386.164701196039	600.0	11.894487445779543	0.0	302752	982.47452258966	0.6
5393.23517082777	4000.0	8.824017814046957	0.0	2290706	7070.469631732584	4.0
5394.2350563942555	600.0	11.824132247561868	0.0	293409	999.8855664850885	0.6
5401.629223025516	4000.0	8.429965616302237	0.0	2544033	7394.166631259631	4.0
5402.462580151769	600.0	11.596608490049348	0.0	344336	833.3571262528886	0.6
5406.543221193187	4000.0	11.515967448630523	0.0	1828568	4080.641041418824	4.0
5410.562816273454	4000.0	11.49637236836398	0.0	1785821	4019.595080266544	4.0
5416.015514482762	4000.0	10.04367415905495	0.0	2096494	5452.698209309031	4.0
5418.315445930371	1500.0	11.743742711446275	0.0	866245	2299.9314476086747	1.5
5423.562015536063	4000.0	10.49717310575386	0.0	2142800	5246.569605692416	4.0
5425.319397245001	1500.0	12.739791396816313	0.0	725845	1757.3817089375468	1.5
5429.987609157879	4000.0	12.07157948393862	0.0	1985434	4668.211912877694	4.0
5435.0027510530035	4000.0	11.056437588814335	0.0	1830641	5015.141895124285	4.0
5439.799179748505	4000.0	10.260008893313206	0.0	1697030	4796.428695501129	4.0
5442.045588590673	1500.0	12.013600051144138	0.0	848035	2246.4088421690685	1.5
5447.244416904458	4000.0	10.814771737358555	0.0	2171279	5198.828313785584	4.0
5449.12519960028	1500.0	12.933989041537254	0.0	763847	1880.7826958213002	1.5
5453.971187292586	4000.0	12.08800134923129	0.0	1750852	4845.987692305965	4.0
5460.2975514348045	4000.0	9.76163720701282	0.0	2034636	6326.36414221847	4.0

