14227.592499634706	600.0	4.0	0.6598020266604098	247108	659.8020266604098	-12.596040533208196
14227.903889700843	200.0	7.68860993386224	0.0	98617	311.39006613776013	0.2
14229.494580554474	1500.0	10.097919080230529	0.0	643847	1590.690853631711	1.5
14230.230836072065	600.0	13.361663562640231	0.0	279692	736.2555175902979	0.6
14231.057796814686	600.0	16.534702820020236	0.0	318350	826.9607426199939	0.6
14231.36693673051	200.0	20.22556290419557	0.0	97658	309.13991582466895	0.2
14233.178315944777	1500.0	22.414183689929757	0.0	737903	1811.3792142658122	1.5
14235.08918042836	1500.0	24.503319206346877	0.0	780303	1910.8644835828777	1.5
14235.392799381007	200.0	28.199700253699167	0.0	95305	303.61895264771016	0.2
14248.810106989526	12000.0	18.782392645180007	0.0	5088378	13417.307608519159	12.0
14249.792994099844	600.0	21.799505534861066	0.0	329266	982.887110318943	0.6
14250.13443337044	200.0	25.45806626426517	0.0	95342	341.4392705958971	0.2
14251.876410782219	1500.0	27.716088852484333	0.0	606092	1741.977411780836	1.5
14252.688033260752	600.0	30.904466373949994	0.0	266809	811.6224785343364	0.6
14252.994943747652	200.0	34.597555887052195	0.0	82750	306.9104868978046	0.2
14253.333736871782	200.0	38.258762762919815	0.0	94377	338.79312413237585	0.2
14258.426164571445	4000.0	37.16633506325638	0.0	1835863	5092.427699663434	4.0
14268.069138823092	12000.0	31.52336081160934	0.0	4055239	9642.974251647041	12.0
14268.36354198305	200.0	35.22895765165119	0.0	90919	294.40315995814234	0.2
14269.274886456533	600.0	38.31761317816732	0.0	310849	911.344473483874	0.6
14283.750227316608	12000.0	27.842272318091457	0.0	5251330	14475.34086007586	12.0
14284.102323358366	200.0	31.49017627633417	0.0	97742	352.0960417572858	0.2
14297.710544686995	12000.0	21.881954947705037	0.0	5141915	13608.221328629137	12.0
14298.00996799458	200.0	25.582531640119758	0.0	85752	299.42330758528044	0.2
14298.331919089273	200.0	29.260580545427693	0.0	94556	321.95109469206295	0.2
14298.978458135156	600.0	32.61404149954498	0.0	221407	646.5390458827104	0.6
14312.670841836787	12000.0	22.92165779791277	0.0	5138482	13692.383701632216	12.0
14313.599145151666	600.0	25.99335448303436	0.0	302611	928.3033148784078	0.6
14313.942633833423	200.0	29.649865801276704	0.0	93993	343.4886817576564	0.2
14330.574728771671	12000.0	17.01777086302893	0.0	5411094	16632.094938247777	12.0
14331.22929171892	600.0	20.363207915780023	0.0	240372	654.5629472489057	0.6
14339.868780162305	8000.0	15.723719472395205	0.0	3568902	8639.488443384816	8.0
14340.752876820668	600.0	18.83962281403141	0.0	310713	884.0966583637952	0.6
14341.064292729832	200.0	22.528206904866984	0.0	89422	311.4159091644292	0.2
14341.880425748304	600.0	25.71207388639579	0.0	284451	816.1330184711934	0.6
14342.18762077952	200.0	29.40487885517915	0.0	87791	307.19503121664025	0.2
14343.005037400359	600.0	32.587462234340016	0.0	284947	817.4166208391293	0.6
14343.932478929812	600.0	35.6600207048864	0.0	327462	927.441529453628	0.6
14358.672169817975	12000.0	24.920329816723804	0.0	5257310	14739.690888162593	12.0
14360.820147411254	1500.0	26.772352223445147	0.0	725845	2147.9775932786583	1.5
14373.670588470162	12000.0	17.92191116453577	0.0	4828747	12850.441058909377	12.0
14374.013327895413	200.0	21.579171739285528	0.0	101713	342.73942525024216	0.2
14383.68420991307	8000.0	15.90828972162891	0.0	3735285	9670.882017656619	8.0
14384.472365348387	600.0	19.120134286311643	0.0	278938	788.1554353172652	0.6
14386.15035465388	1500.0	21.442144980819997	0.0	629438	1677.9893054916458	1.5
14388.169575573227	1500.0	23.42292406147309	0.0	763847	2019.2209193469052	1.5
14393.17037710529	4000.0	22.42212252940983	0.0	1750852	5000.801532063263	4.0
14411.025181651787	12000.0	8.567317982913009	0.0	5646381	17854.80454649682	12.0

