20296.62396339017	600.0	4.0	0.8055611832929604	247108	805.5611832929604	-15.51122366585921
20297.613372477743	600.0	7.010590912427512	0.0	309722	989.4090875724877	0.6
20298.006008461005	200.0	10.617954929163915	0.0	106476	392.6359832635983	0.2
20298.424348033786	200.0	14.199615356382589	0.0	115230	418.3395727813258	0.2
20300.631033785823	1500.0	15.992929604345592	0.0	724296	2206.6857520369963	1.5
20300.997778262077	200.0	19.6261851280922	0.0	97658	366.744476253395	0.2
20301.417767985342	200.0	23.20619540483007	0.0	115792	419.9897232621302	0.2
20302.30470625151	600.0	26.319257138662557	0.0	274823	886.9382661675108	0.6
20311.61119992519	8000.0	21.012763464981784	0.0	3448932	9306.49367368077	8.0
20327.648000095407	12000.0	8.975963294766336	0.0	5088378	16036.800170215449	12.0
20327.964894987505	200.0	12.659068402668836	0.0	95365	316.89489209750036	0.2
20328.281732745618	200.0	16.34223064455674	0.0	95342	316.83775811209443	0.2
20329.867317592692	1500.0	18.7566457974833	0.0	606092	1585.5848470734359	1.5
20330.610094180178	600.0	22.013869209996887	0.0	266809	742.7765874864152	0.6
20330.895652323325	200.0	25.72831106685141	0.0	82750	285.55814314547433	0.2
20331.210092938138	200.0	29.41387045204005	0.0	94377	314.4406148113647	0.2
20332.13638885492	600.0	32.48757453525694	0.0	340687	926.2959167831083	0.6
20343.272843599505	12000.0	25.351119790671774	0.0	4055239	11136.454744585168	12.0
20343.622813163754	200.0	29.00115022642265	0.0	90919	349.96956424912776	0.2
20345.669553569067	1500.0	30.954409821107525	0.0	662349	2046.7404053151215	1.5
20355.272588923675	8000.0	25.351374466500978	0.0	3690869	9603.035354606545	8.0
20355.59755634222	200.0	29.026407047954613	0.0	97742	324.96741854636593	0.2
20369.69837211783	12000.0	18.925591272346853	0.0	5141915	14100.81577560776	12.0
20370.111300704855	200.0	22.512662685319118	0.0	85752	412.9285870277353	0.2
20370.558410457106	200.0	26.065552933068506	0.0	94556	447.1097522506127	0.2
20371.498013961023	600.0	29.12594942914965	0.0	221407	939.6035039188566	0.6
20371.921572719606	200.0	32.70239067056578	0.0	88490	423.55875858387327	0.2
20383.202934470148	8000.0	25.42102892002758	0.0	3354913	11281.361750538194	8.0
20384.117097345	600.0	28.50686604517537	0.0	291029	914.1628748522088	0.6
20384.475361828536	200.0	32.148601561638415	0.0	97083	358.2644835369568	0.2
20384.824738060128	200.0	35.79922533004513	0.0	93982	349.37623159327865	0.2
20386.946195550005	1500.0	37.67776784016659	0.0	712239	2121.457489878543	1.5
20396.763691850134	8000.0	31.860271540037843	0.0	3713878	9817.496300128749	8.0
20397.074752718014	200.0	35.549210672157805	0.0	89422	311.06086788004075	0.2
20405.379492336782	4000.0	31.244471053388015	0.0	1828568	8304.739618769789	4.0
20411.53067052003	4000.0	29.093292870141056	0.0	1785821	6151.178183246955	4.0
20413.243671359258	1500.0	31.380292030913143	0.0	681043	1713.0008392279105	1.5
20413.516461192612	200.0	35.10750219755983	0.0	80403	272.789833353315	0.2
20426.55823116997	12000.0	26.065732220204225	0.0	5257310	13041.769977355601	12.0
20426.89470604892	200.0	29.72925734125057	0.0	101968	336.47487895365657	0.2
20438.671297469285	12000.0	21.952665920885867	0.0	4828747	11776.591420364704	12.0
20440.45168446735	1500.0	24.172278922821356	0.0	657685	1780.3869980645104	1.5
20445.03413530143	4000.0	23.58982808874183	0.0	1697030	4582.450834079527	4.0
20445.854195660268	600.0	26.76976772990523	0.0	278938	820.0603588366	0.6
20455.80629896542	8000.0	20.817664424751275	0.0	3682991	9952.103305153958	8.0
20457.94532450623	1500.0	22.67863888394664	0.0	763847	2139.025540804637	1.5
20462.31483432452	4000.0	22.309129065654467	0.0	1750852	4369.509818292174	4.0
20477.457183776187	12000.0	11.166779613985069	0.0	5646381	15142.349451669397	12.0

