25400.307298522315	600.0	4.0	0.8408444145097662	247108	840.8444145097662	-16.21688829019532
25401.340931159666	600.0	6.966367362647936	0.0	309722	1033.632637352064	0.6
25402.309058168234	600.0	9.998240354084478	0.0	288447	968.1270085634562	0.6
25404.601165548196	1500.0	11.706132974117194	0.0	718451	2292.107379967286	1.5
25406.91126965673	1500.0	13.396028865582604	0.0	724296	2310.1041085345905	1.5
25409.11525002814	1500.0	15.192048494178774	0.0	689829	2203.98037140383	1.5
25411.472006874534	1500.0	16.835291647780032	0.0	737903	2356.7568463987445	1.5
25413.96248839749	1500.0	18.344810124823706	0.0	780303	2490.481522956327	1.5
25416.796361046832	1500.0	19.51093747548208	0.0	891463	2833.872649341623	1.5
25424.272069712813	4000.0	16.03522880950172	0.0	2373154	7475.70866598036	4.0
25430.772625260877	4000.0	13.534673261436245	0.0	2094766	6500.5555480654775	4.0
25434.897253625684	4000.0	13.410044896631101	0.0	1761739	4124.628364805143	4.0
25439.870348959437	4000.0	12.436949562876867	0.0	2131310	4973.095333754234	4.0
25444.049128177263	4000.0	12.258170345051946	0.0	1805063	4178.779217824922	4.0
25449.018179222527	4000.0	11.289119299785387	0.0	2157416	4969.051045266558	4.0
25454.118408774884	4000.0	10.188889747432171	0.0	2231719	5100.229552353217	4.0
25458.313367238385	4000.0	9.99393128393246	0.0	1835863	4194.958463499713	4.0
25463.311295315303	4000.0	8.996003207013414	0.0	2192675	4997.928076919045	4.0
25468.065419431565	4000.0	8.241879090752613	0.0	2082556	4754.124116260801	4.0
25473.561957288835	4000.0	6.745341233480271	0.0	2164412	5496.537857272341	4.0
25476.058703963212	1500.0	8.248594559102017	0.0	835711	2496.7466743782534	1.5
25478.470670417813	1500.0	9.836628104503983	0.0	806394	2411.9664545980336	1.5
25480.891118653784	1500.0	11.416179868529431	0.0	809327	2420.4482359745516	1.5
25482.637344181454	1500.0	13.669954340857513	0.0	681795	1746.2255276719166	1.5
25484.70513330649	1500.0	15.602165215823012	0.0	855209	2067.789125034502	1.5
25486.284003971974	1500.0	18.02329455033788	0.0	644861	1578.8706654851317	1.5
25488.209555637506	1500.0	20.097742884809165	0.0	794014	1925.5516655287129	1.5
25498.658056809905	4000.0	13.649241712409001	0.0	2055338	10448.501172400165	4.0
25503.021187266804	1500.0	13.286111255510091	0.0	675709	4363.130456898909	1.5
25505.18590458845	1500.0	15.12139393386448	0.0	707527	2164.7173216456117	1.5
25507.49778702372	1500.0	16.80951149859506	0.0	757473	2311.882435269419	1.5
25509.676388180214	1500.0	18.630910342099902	0.0	712239	2178.601156495157	1.5
25511.623575392474	1500.0	20.683723129842527	0.0	633700	1947.1872122573757	1.5
25513.86798844009	1500.0	22.439310082225145	0.0	755142	2244.413047617381	1.5
25519.1484164605	4000.0	21.158882061819522	0.0	1828568	5280.428020405623	4.0
25524.80661646285	4000.0	19.500682059469614	0.0	1785821	5658.200002349907	4.0
25532.3674157492	4000.0	15.939882773118141	0.0	2096494	7560.799286351473	4.0
25538.700085606888	4000.0	13.607212915428214	0.0	1955307	6332.669857689927	4.0
25544.791530961793	4000.0	11.515767560525088	0.0	2142800	6091.445354903125	4.0
25549.726783544116	4000.0	10.580514978202228	0.0	2094647	4935.25258232286	4.0
25554.9800417752	4000.0	9.32725674711642	0.0	1985434	5253.258231085807	4.0
25560.7611971785	4000.0	7.546101343815268	0.0	1830641	5781.155403301153	4.0
25566.8638742035	4000.0	5.443424318815969	0.0	1697030	6102.677024999298	4.0
25570.189941189143	1500.0	6.1173573331700375	0.0	848035	3326.066985645933	1.5
25572.679273246562	1500.0	7.628025275753769	0.0	629438	2489.332057416268	1.5
25575.3136765912	1500.0	8.993621931116806	0.0	763847	2634.4033446369635	1.5
25577.910152012762	1500.0	10.39714650955319	0.0	769491	2596.4754215636176	1.5
25584.544965056157	4000.0	7.762333466157215	0.0	2034636	6634.813043395974	4.0

