23274.127200913837	600.0	4.0	0.7679039582427142	247108	767.9039582427142	0.01962668	-14.758079164854284
23274.481732797263	200.0	7.645468116572423	0.0	98617	354.5318834275772	0.004705182	0.2
23274.85814271462	200.0	11.269058199217051	0.0	106476	376.40991735537193	0.004705182	0.2
23275.25892218395	200.0	14.868278729882558	0.0	115230	400.7794693344932	0.004705182	0.2
23275.61078438491	200.0	18.51641652892562	0.0	97658	351.8622009569378	0.004705182	0.2
23275.962646585867	200.0	22.164554327968684	0.0	97658	351.8622009569378	0.004705182	0.2
23276.36499056151	200.0	25.7622103523271	0.0	115792	402.3439756415833	0.004705182	0.2
23276.74473549409	200.0	29.382465419747717	0.0	107674	379.74493257938235	0.004705182	0.2
23277.090047368816	200.0	33.03715354501957	0.0	95305	345.31187472814264	0.004705182	0.2
23277.463531492347	200.0	36.663669421487604	0.0	105425	373.48412353197045	0.009565038	0.2
23277.80901039622	200.0	40.31819051761636	0.0	95365	345.4789038712484	0.004705182	0.2
23278.154425272252	200.0	43.9727756415833	0.0	95342	345.41487603305785	0.004705182	0.2
23278.519541235713	200.0	47.607659678120925	0.0	102419	365.115963462375	0.0076321815	0.2
23278.824660330974	200.0	51.302540582862115	0.0	80867	305.1190952588082	0.004705182	0.2
23279.135021357506	200.0	54.99217955632884	0.0	82750	310.3610265332754	0.009207381	0.2
23303.789057467984	12000.0	34.338143445850626	0.0	5443841	24654.036110478217	0.08870138	12.0
23304.369592137995	200.0	37.75760877584227	0.0	89871	580.5346700083543	0.004705182	0.2
23315.31335637652	12000.0	30.813844537322467	0.0	4055239	10943.764238519805	0.014480668	12.0
23315.66846729431	200.0	34.458733619532126	0.0	90919	355.1109177903437	0.004705182	0.2
23316.008318647448	200.0	38.11888226639182	0.0	85876	339.8513531403068	0.005225977	0.2
23316.435255122666	200.0	41.69194579117575	0.0	114656	426.93647521606744	0.004705182	0.2
23316.811011689795	200.0	45.316189224048266	0.0	97742	375.75656712748463	0.07125116	0.2
23331.34000874725	12000.0	34.78719216659073	0.0	5141915	14528.997057457536	0.65132546	12.0
23331.639765930835	200.0	38.48743498300486	0.0	85752	299.75718358586664	0.004705182	0.2
23331.962085179963	200.0	42.165115733877784	0.0	94556	322.31924912707825	0.004705182	0.2
23340.626650574544	8000.0	37.50055033929602	0.0	3253093	8664.565394581767	0.007880911	8.0
23359.285991549	12000.0	22.841209364837553	0.0	5138482	18659.340974458464	0.19708909	12.0
23359.636581433435	200.0	26.490619480402092	0.0	103756	350.5898844354615	0.34989876	0.2
23359.961709956195	200.0	30.165490957639626	0.0	93993	325.1285227624652	0.022578549	0.2
23374.317875720153	12000.0	19.809325193680532	0.0	5411094	14356.165763959094	0.07250046	12.0
23374.647773847224	200.0	23.479427066613574	0.0	93982	329.89812706695693	0.026640603	0.2
23389.52187436336	8000.0	12.605326550476258	0.0	3568902	14874.100516137316	0.14506923	8.0
23392.49267666706	1500.0	13.634524246775513	0.0	633700	2970.802303700747	0.23246597	1.5
23392.980600485273	200.0	17.14660042856259	0.0	89422	487.9238182129213	0.21517888	0.2
23393.554299521595	200.0	20.572901392239388	0.0	108225	573.6990363232023	0.004705182	0.2
23394.03478307066	200.0	24.092417843171702	0.0	87791	480.48354906768554	0.021963451	0.2
23394.58048644068	200.0	27.546714473154026	0.0	102088	545.7033700176769	0.178577	0.2
23395.027267532085	200.0	31.099933381747284	0.0	80403	446.78109140674	0.031707913	0.2
23395.502856287287	200.0	34.624344626544	0.0	86718	475.58875520328445	0.15181424	0.2
23396.048012243264	200.0	38.079188670565216	0.0	101968	545.1559559787877	0.028299343	0.2
23410.2695429691	8000.0	27.857657944726945	0.0	3189942	14221.530725838265	0.14173755	8.0
23415.22491431968	4000.0	26.902286594149366	0.0	1830641	4955.371350577582	0.2599082	4.0
23422.94681691229	4000.0	23.180384001538602	0.0	1697030	7721.902592610764	0.008567074	4.0
23430.285376932854	4000.0	19.841823980971597	0.0	1910697	7338.560020567006	0.007063457	4.0
23432.153680079387	1500.0	21.973520834441302	0.0	629438	1868.3031465302934	0.51870424	1.5
23437.944137773222	4000.0	20.18306314060228	0.0	2042818	5790.457693839024	0.020922638	4.0
23442.533011425243	4000.0	19.59418948858232	0.0	1750852	4588.873652019958	0.004705182	4.0
23447.867200412256	4000.0	18.260000501570392	0.0	2034636	5334.188987011928	0.104568765	4.0

