33845.51870158496	600.0	4.0	0.8320453464706218	247108	832.0453464706218	0.08484123	-16.040906929412433
33845.89883130934	200.0	7.619870275616761	0.0	98617	380.12972438323857	0.004705182	0.2
33846.30287901444	200.0	11.21582257052099	0.0	106476	404.0477050957716	0.004705182	0.2
33846.73356853187	200.0	14.785133053088087	0.0	115230	430.68951743290285	0.004705182	0.2
33847.11077964784	200.0	18.40792193711601	0.0	97658	377.2111159720769	0.004705182	0.2
33847.48799076381	200.0	22.030710821143934	0.0	97658	377.2111159720769	0.004705182	0.2
33847.920390664905	200.0	25.598310920054022	0.0	115792	432.3999010899131	0.004705182	0.2
33848.32808434798	200.0	29.190617236984764	0.0	107674	407.6936830692561	0.004705182	0.2
33848.698134373655	200.0	32.820567211306184	0.0	95305	370.0500256785803	0.004705182	0.2
33849.09898347871	200.0	36.419718106252255	0.0	105425	400.84910505392503	0.0076629817	0.2
33849.46921610763	200.0	40.049485477336276	0.0	95365	370.2326289159835	0.004705182	0.2
33849.83937873864	200.0	43.679322846327956	0.0	95342	370.1626310083123	0.004705182	0.2
33850.2310794215	200.0	47.28762216346794	0.0	102419	391.7006828600232	0.00634005	0.2
33850.557189021485	200.0	50.961512563483154	0.0	80867	326.1095999847831	0.004705182	0.2
33850.88902931973	200.0	54.6296722652312	0.0	82750	331.84029825195444	0.0073638177	0.2
33866.79763798694	12000.0	42.721063598020116	0.0	5443841	15908.608667211081	0.3118469	12.0
33867.12383461058	200.0	46.39486697438556	0.0	89871	326.19662363455814	0.004705182	0.2
33878.188198376054	12000.0	39.330503208918145	0.0	4055239	11064.363765467411	0.004705182	12.0
33878.5030553344	200.0	43.01564625057136	0.0	90919	314.8569583467872	0.004705182	0.2
33878.80488549262	200.0	46.71381609235373	0.0	85876	301.83015821762996	0.014606749	0.2
33879.18105856333	200.0	50.33764302164013	0.0	114656	376.17307071359386	0.3723818	0.2
33879.513540319866	200.0	54.00516126510155	0.0	97742	332.4817565385857	0.085137755	0.2
33894.423786702966	12000.0	43.09491488200345	0.0	5141915	14910.246383098092	0.004705182	12.0
33894.77930066911	200.0	46.739400915859555	0.0	85752	355.51396614389853	0.004705182	0.2
33895.16310114703	200.0	50.355600437938314	0.0	94556	383.8004779212434	0.004705182	0.2
33905.53773175337	8000.0	43.98096983159647	0.0	3253093	10374.630606341843	0.004705182	8.0
33922.17947435975	12000.0	31.33922722521811	0.0	5138482	16641.74260637836	0.0053180857	12.0
33932.85753964169	8000.0	24.661161943272347	0.0	3354913	10678.065281945763	0.004705182	8.0
33933.229398048774	200.0	28.2893035361927	0.0	93993	371.858407079646	0.023008037	0.2
33933.610851239275	200.0	31.907850345694328	0.0	97083	381.45319049836985	0.024224631	0.2
33933.982675490166	200.0	35.536026094801606	0.0	93982	371.82425089271857	0.08685482	0.2
33946.17494126954	8000.0	27.343760315426966	0.0	3568902	12192.265779374642	0.0056514936	8.0
33948.26886299901	1500.0	29.249838585957736	0.0	633700	2093.9217294692317	0.03457264	1.5
33948.605431097276	200.0	32.913270487688216	0.0	89422	336.56809826952394	0.04975732	0.2
33948.99594844687	200.0	36.52275313809617	0.0	108225	390.5173495920381	0.020352928	0.2
33949.327836907374	200.0	40.19086467759227	0.0	87791	331.8884605039003	0.17857726	0.2
33951.36187402743	1500.0	42.15682755753489	0.0	681043	2034.0371200573838	0.4583086	1.5
33962.72416702696	8000.0	34.79453455800518	0.0	3739359	11362.292999529705	0.69454354	8.0
33980.35711914274	12000.0	21.161582442222027	0.0	5257310	17632.95211578315	0.011036564	12.0
33980.82028643178	200.0	24.698415153182832	0.0	101968	463.1672890391977	0.20435111	0.2
33998.066487144606	12000.0	11.452214440357547	0.0	4828747	17246.200712825284	0.16579084	12.0
33998.506676600584	200.0	15.012024984379503	0.0	101713	440.18945597804435	0.3153567	0.2
34004.59625563648	4000.0	12.92244594848025	0.0	1697030	6089.579035899252	0.004705182	4.0
34011.08321226407	4000.0	10.435489320892634	0.0	1910697	6486.956627587617	0.05427242	4.0
34013.14471900288	1500.0	12.373982582082991	0.0	629438	2061.5067388096413	0.004705182	1.5
34019.64274646406	4000.0	9.875955120906687	0.0	2042818	6498.027461176305	0.10684698	4.0
34025.17945143893	4000.0	8.339250146034273	0.0	1750852	5536.704974872414	0.005097003	4.0
34027.77964622642	1500.0	9.73905535854742	0.0	808636	2600.1947874868524	0.67070323	1.5

