9992.32124407732	600.0	4.0	0.8055611832929604	247108	805.5611832929604	-15.51122366585921
9994.551739562898	1500.0	5.769504514424136	0.0	732405	2230.495485575864	1.5
9996.52221009068	1500.0	7.799033986640241	0.0	643847	1970.4705277838948	1.5
9998.711733690474	1500.0	9.609510386845775	0.0	718451	2189.5235997944656	1.5
10000.918419442512	1500.0	11.402824634808779	0.0	724296	2206.6857520369963	1.5
10003.194924348621	1500.0	13.126319728700809	0.0	689829	2276.5049061079726	1.5
10005.801935328695	1500.0	14.519308748627607	0.0	737903	2607.0109800732007	1.5
10008.554148680292	1500.0	15.767095397029825	0.0	780303	2752.2133515977825	1.5
10011.68703881535	1500.0	16.634205261972784	0.0	891463	3132.890135057041	1.5
10014.276644858615	1500.0	18.044599218705944	0.0	763093	2589.6060432668405	1.5
10016.858943246532	1500.0	19.462300830789456	0.0	769316	2582.2983879164894	1.5
10019.360251209371	1500.0	20.960992867950726	0.0	744416	2501.3079628387304	1.5
10021.411642724079	1500.0	22.90960135324275	0.0	606092	2051.391514707975	1.5
10024.03665686548	1500.0	24.2845872118404	0.0	748011	2625.0141414023487	1.5
10026.784090689334	1500.0	25.537153387986056	0.0	754517	2747.4338238543464	1.5
10030.168675072206	1500.0	26.15256900511452	0.0	934743	3384.584382871537	1.5
10032.849132891819	1500.0	27.472111185502516	0.0	735572	2680.4578196120024	1.5
10035.429952438857	1500.0	28.891291638463148	0.0	772616	2580.81954703937	1.5
10037.926949770897	1500.0	30.39429430642337	0.0	747396	2496.9973320397767	1.5
10040.14891435979	1500.0	32.17232971753179	0.0	662349	2221.9645888915843	1.5
10042.931512791352	1500.0	33.389731285969006	0.0	835711	2782.598431562778	1.5
10045.4505892976	1500.0	34.87065477972166	0.0	806394	2519.0765062473392	1.5
10047.95945075988	1500.0	36.36179331744158	0.0	809327	2508.861462280077	1.5
10050.085577480817	1500.0	38.23566659650524	0.0	681795	2126.1267209363396	1.5
10052.732134857866	1500.0	39.589109219456056	0.0	855209	2646.55737704918	1.5
10054.90621518583	1500.0	41.41502889149288	0.0	644861	2174.0803279631696	1.5
10057.697664368397	1500.0	42.62357970892576	0.0	794014	2791.4491825671234	1.5
10060.899819147071	1500.0	43.42142493025158	0.0	914284	3202.15477867418	1.5
10063.287272939702	1500.0	45.03397113761915	0.0	675709	2387.453792632433	1.5
10065.48279523084	1500.0	46.838448846479494	0.0	707527	2195.522291139655	1.5
10067.733166105289	1500.0	48.5880779720324	0.0	757473	2250.3708744470914	1.5
10069.85392898561	1500.0	50.46731509171149	0.0	712239	2120.7628803209113	1.5
10071.749655781334	1500.0	52.571588295987915	0.0	633700	1895.7267957235726	1.5
10073.993347692296	1500.0	54.327896385026435	0.0	755142	2243.69191096148	1.5
10077.161981676183	1500.0	55.15926240113847	0.0	670327	3168.6339838879644	1.5
10081.059002358299	1500.0	55.262241719023486	0.0	785519	3897.020682114982	1.5
10084.448349702423	1500.0	55.87289437489861	0.0	681043	3389.347344124882	1.5
10087.40223682796	1500.0	56.919007249361485	0.0	866245	2953.8871255371164	1.5
10089.768608845987	1500.0	58.55263523133527	0.0	691256	2366.3720180262126	1.5
10092.749386123038	1500.0	59.571857954285626	0.0	725845	2480.777277049655	1.5
10096.770237452525	1500.0	59.551006624796216	0.0	811013	3020.851329489409	1.5
10100.810365726176	1500.0	59.510878351145756	0.0	657685	3040.1282736504545	1.5
10104.342767762802	1500.0	59.97847631452026	0.0	767059	3532.4020366255027	1.5
10108.484450523889	1500.0	59.83679355343398	0.0	848035	3141.6827610862797	1.5
10112.729699921892	1500.0	59.59154415542916	0.0	629438	2245.249398004816	1.5
10116.421277658972	1500.0	59.89996641834854	0.0	763847	2691.57773708062	1.5
10120.472644634765	1500.0	59.84859944255666	0.0	769491	2551.3669757918824	1.5
10124.649733237278	1500.0	59.67151084004351	0.0	808636	2677.088602513148	1.5

