362.0370767650424	600.0	4.0	0.7571589566170553	247108	757.1589566170553	-14.543179132341107
362.38732048367837	200.0	7.649756281364002	0.0	98617	350.24371863599777	0.2
363.25776219159275	600.0	10.77931457344957	0.0	288447	870.441707914433	0.6
365.306559355345	1500.0	12.730517409697365	0.0	718451	2048.797163752205	1.5
371.0571065661967	4000.0	10.979970198845633	0.0	2069289	5750.5472108517315	4.0
373.46983324671373	1500.0	12.56724351832862	0.0	689829	2412.7266805170125	1.5
381.11491803946825	4000.0	8.922158725574125	0.0	2046450	7645.084792754494	4.0
382.1893281635815	600.0	11.84774860146087	0.0	274823	1074.4101241132553	0.6
388.62663753456997	4000.0	9.410439230472422	0.0	1857129	6437.309370988447	4.0
391.31885148407787	1500.0	10.718225280964507	0.0	763093	2692.2139495079164	1.5
393.5016676972751	1500.0	12.535409067767343	0.0	769316	2182.8162131971635	1.5
397.9031640101516	4000.0	12.133912754890774	0.0	1761739	4401.496312876569	4.0
403.58013110938776	4000.0	10.456945655654595	0.0	2131310	5676.967099236178	4.0
406.2544638935723	1500.0	11.782612871470082	0.0	748011	2674.332784184514	1.5
413.58081695354144	4000.0	8.456259811500956	0.0	2157416	7326.353059969126	4.0
414.5870899095836	600.0	11.449986855458766	0.0	324375	1006.2729560421909	0.6
419.9095107123535	4000.0	10.127566052688872	0.0	1835863	5322.420802769895	4.0
422.19576367946104	1500.0	11.841313085581378	0.0	772616	2286.252967107494	1.5
428.0968979865952	4000.0	9.940178778447217	0.0	2082556	5901.134307134161	4.0
430.02442226267124	1500.0	12.012654502371138	0.0	662349	1927.5242760760796	1.5
437.3523602458	4000.0	8.684716519242352	0.0	2379358	7327.937983128786	4.0
438.4395200846044	600.0	11.597556680437954	0.0	310841	1087.1598388043985	0.6
449.2180876850562	4000.0	4.818989079986137	0.0	1849252	10778.567600451817	4.0
450.51583153878835	200.0	7.521245226253999	0.0	85752	1297.7438537321382	0.2
453.8144549551506	600.0	8.222621809891717	0.0	346939	3298.623416362284	0.6
454.6438440226747	600.0	11.3932327423676	0.0	221407	829.3890675241157	0.6
461.72411479607126	4000.0	8.312961968971086	0.0	2068230	7080.2707733965135	4.0
462.82835239972667	600.0	11.208724365315645	0.0	302611	1104.2376036554408	0.6
469.0938086232868	4000.0	8.943268141755544	0.0	2165436	6265.456223560101	4.0
470.0219425309101	600.0	12.015134234132194	0.0	302752	928.1339076233498	0.6
476.74884829680843	4000.0	9.28822846823393	0.0	2290706	6726.905765898264	4.0
478.99021842483114	1500.0	11.046858340211172	0.0	712239	2241.3701280227597	1.5
486.91560039586415	4000.0	7.121476369178163	0.0	2544033	7925.381971033008	4.0
488.0861124601543	600.0	9.950964304888064	0.0	344336	1170.5120642900972	0.6
490.2890379762763	1500.0	11.748038788766056	0.0	670327	2202.9255161220085	1.5
496.7185056091966	4000.0	9.318571155845774	0.0	1785821	6429.467632920283	4.0
499.7577929917396	1500.0	10.279283773302728	0.0	681043	3039.287382543045	1.5
503.6018253636912	1500.0	10.435251401351177	0.0	866245	3844.0323719515513	1.5
505.9984165453434	1500.0	12.038660219698967	0.0	691256	2396.5911816522103	1.5
512.4440364051699	4000.0	9.593040359872568	0.0	2094647	6445.619859826397	4.0
515.0814962937079	1500.0	10.95558047133448	0.0	811013	2637.4598885380865	1.5
517.5927517809774	1500.0	12.444324984064947	0.0	657685	2511.2554872695346	1.5
523.9461402565562	4000.0	10.090936508486182	0.0	1697030	6353.388475578763	4.0
526.6438266549332	1500.0	11.393250110109278	0.0	848035	2697.6863983769035	1.5
532.9920661944744	4000.0	9.045010570567932	0.0	2171279	6348.239539541346	4.0
535.4626514486094	1500.0	10.574425316432935	0.0	763847	2470.585254134998	1.5
539.0624364624749	1500.0	10.974640302567474	0.0	769491	3599.785013865462	1.5
542.8412774813719	1500.0	11.195799283670421	0.0	808636	3778.8410188970524	1.5

