16354.024674653914	600.0	4.0	1.0823648717168644	247108	1082.3648717168644	0.004890383	-21.047297434337285
16354.5047030486	200.0	7.519971605313863	0.0	98617	480.02839468613735	0.004705182	0.2
16355.01661056305	200.0	11.008064090862996	0.0	106476	511.90751445086704	0.004705182	0.2
16355.564027660708	200.0	14.460646993205557	0.0	115230	547.4170976574384	0.004705182	0.2
16356.040165983393	200.0	17.98450867052023	0.0	97658	476.13832268532605	0.004705182	0.2
16356.516304306078	200.0	21.508370347834905	0.0	97658	476.13832268532605	0.004705182	0.2
16357.066001091394	200.0	24.958673562519017	0.0	115792	549.6967853158909	0.004705182	0.2
16357.58276815356	200.0	28.441906500354936	0.0	107674	516.7670621640807	0.004705182	0.2
16361.278884166135	1500.0	28.74579048778015	0.0	891463	3696.1160125747897	0.004705182	1.5
16364.45911615312	1500.0	29.56555850079441	0.0	763093	3180.2319869857365	0.004705182	1.5
16367.680944730384	1500.0	30.34372992353166	0.0	769316	3221.8285772627505	0.004705182	1.5
16370.801083583823	1500.0	31.223591070093505	0.0	744416	3120.1388534381545	0.004705182	1.5
16373.356317643755	1500.0	32.66835701016191	0.0	606092	2555.2340599315944	0.004705182	1.5
16376.399334612124	1500.0	33.625340041793244	0.0	748011	3043.0169683686654	0.004705182	1.5
16379.444256389268	1500.0	34.58041826464856	0.0	754517	3044.921777144682	0.004705182	1.5
16383.19738751386	1500.0	34.82728714005686	0.0	934743	3753.131124591694	0.004705182	1.5
16385.96049398181	1500.0	36.06418067210543	0.0	735572	2763.1064679514348	0.004705182	1.5
16388.739058892636	1500.0	37.28561576128005	0.0	772616	2778.564910825384	0.004705182	1.5
16391.429536309737	1500.0	38.5951383441786	0.0	747396	2690.4774171014433	0.004705182	1.5
16393.822964675343	1500.0	40.20170997857359	0.0	662349	2393.428365605012	0.004705182	1.5
16397.08434565182	1500.0	40.94032900209852	0.0	835711	3261.380976475068	0.07133801	1.5
16400.31693911319	1500.0	41.70773554072922	0.0	806394	3232.5934613693007	0.37522465	1.5
16415.491395793768	8000.0	30.53327886015006	0.0	3805854	15174.456680579164	0.441847	8.0
16418.452194378286	1500.0	31.572480275630554	0.0	681795	2960.7985845195026	0.004705182	1.5
16422.145721723995	1500.0	31.87895292992057	0.0	855209	3693.527345709985	0.004705182	1.5
16424.950462527333	1500.0	33.07421212658257	0.0	644861	2804.740803337999	0.47331727	1.5
16427.78286779337	1500.0	34.24180686054801	0.0	794014	2832.40526603456	0.004705182	1.5
16431.016998757816	1500.0	35.007675896102896	0.0	914284	3234.1309644451153	0.4363871	1.5
16444.660946279146	8000.0	25.363728374773686	0.0	3811227	13643.947521329212	0.27387515	8.0
16447.366816916703	1500.0	26.657857737213934	0.0	707527	2705.870637559752	0.004705182	1.5
16450.28180358337	1500.0	27.742871070547267	0.0	757473	2914.9866666666667	0.004705182	1.5
16453.02749340793	1500.0	28.997181245985864	0.0	712239	2745.6898245614034	0.032706976	1.5
16455.479236097988	1500.0	30.545438555927383	0.0	633700	2451.7426900584796	0.009031238	1.5
16458.55248654486	1500.0	31.472188109055484	0.0	755142	3073.2504468718976	0.7869097	1.5
16473.33929943413	8000.0	20.68537521978835	0.0	3707853	14786.812889267134	0.69302607	8.0
16476.479133524943	1500.0	21.545541128975792	0.0	785519	3139.83409081256	0.004705182	1.5
16479.060266951616	1500.0	22.964407702299635	0.0	681043	2581.133426676154	0.01099007	1.5
16486.381764253856	4000.0	19.64291040006214	0.0	1955307	7321.497302237498	0.98270017	4.0
16489.454619347885	1500.0	20.570055306028856	0.0	691256	3072.855094033284	0.005939901	1.5
16492.67723063188	1500.0	21.347444022034807	0.0	725845	3222.611283994047	0.6685206	1.5
16500.397985624524	4000.0	17.62668902939138	0.0	1985434	7720.75499264343	0.7221437	4.0
16502.795307800257	1500.0	19.22936685365916	0.0	657685	2397.3221757322176	0.0053514973	1.5
16508.786314749865	4000.0	17.23835990404952	0.0	1697030	5991.006949609641	0.023229474	4.0
16515.412319631883	4000.0	14.61235502203162	0.0	1910697	6626.004882017902	0.15981683	4.0
16525.53119298046	4000.0	8.493481673452159	0.0	2171279	10118.87334857946	0.6932894	4.0
16528.70626455524	1500.0	9.31841009867438	0.0	763847	3175.0715747777776	0.0515345	1.5
16531.68037987928	1500.0	10.344294774634044	0.0	769491	2974.115324040338	0.008537766	1.5
16534.801722583965	1500.0	11.222952069949152	0.0	808636	3121.3427046848924	0.07144731	1.5

