4214.954274138906	600.0	4.0	0.7140370120914719	247108	714.0370120914719	-13.680740241829438
4215.828968003366	600.0	7.1253061355399465	0.0	309722	874.6938644600533	0.6
4216.649073843836	600.0	10.305200295070401	0.0	288447	820.1058404695468	0.6
4218.572496660476	1500.0	12.381777478430998	0.0	718451	1923.4228166394048	1.5
4220.510916750921	1500.0	14.443357387985504	0.0	724296	1938.4200904454922	1.5
4222.360900393757	1500.0	16.59337374514898	0.0	689829	1849.9836428365247	1.5
4227.938438185016	4000.0	15.015835953890415	0.0	2046450	5577.5377912585645	4.0
4233.751142167193	4000.0	13.203131971712748	0.0	2058614	5812.703982177667	4.0
4239.935653445389	4000.0	11.01862069351726	0.0	1857129	6184.5112781954895	4.0
4242.631056911318	1500.0	12.323217227587476	0.0	763093	2695.403465929782	1.5
4245.292584456298	1500.0	13.661689682608701	0.0	769316	2661.5275449787746	1.5
4247.3050031726325	1500.0	15.649270966274093	0.0	744416	2012.4187163346096	1.5
4248.958348620098	1500.0	17.995925518808328	0.0	606092	1653.345447465767	1.5
4250.980099544882	1500.0	19.97417459402411	0.0	748011	2021.750924784217	1.5
4253.018739300868	1500.0	21.93553483803735	0.0	754517	2038.639755986761	1.5
4262.408199476012	4000.0	16.546074662893535	0.0	2231719	9389.460175143813	4.0
4269.076107304572	4000.0	13.878166834333792	0.0	1835863	6667.907828559743	4.0
4275.258100556042	4000.0	11.696173582864072	0.0	2192675	6181.993251469719	4.0
4280.326350134692	4000.0	10.627924004213732	0.0	2082556	5068.249578650341	4.0
4285.524751529924	4000.0	9.42952260898176	0.0	2164412	5198.401395231972	4.0
4287.699455570035	1500.0	11.254818568871508	0.0	835711	2174.7040401102518	1.5
4289.8223816578175	1500.0	13.131892481088874	0.0	806394	2122.9260877826337	1.5
4291.952738235182	1500.0	15.001535903724887	0.0	809327	2130.3565773639875	1.5
4293.760004053156	1500.0	17.194270085750347	0.0	681795	1807.2658179745392	1.5
4298.799077685677	4000.0	16.155196453229333	0.0	1836837	5039.073632521015	4.0
4304.588761392723	4000.0	14.36551274618242	0.0	1984579	5789.683707046915	4.0
4310.646675988756	4000.0	12.30759815014982	0.0	2068230	6057.9145960326	4.0
4316.653280536419	4000.0	10.300993602487353	0.0	2055338	6006.604547662467	4.0
4322.204402806541	4000.0	8.749871332365604	0.0	2165436	5551.122270121749	4.0
4327.362306751476	4000.0	7.591967387429632	0.0	2002600	5157.9039449359725	4.0
4333.37956615113	4000.0	5.574707987776298	0.0	2290706	6017.259399653334	4.0
4335.3056117360065	1500.0	7.64866240289998	0.0	712239	1926.0455848763181	1.5
4337.036968989097	1500.0	9.917305149809337	0.0	633700	1731.3572530906415	1.5
4339.191713043359	1500.0	11.762561095546436	0.0	755142	2154.7440542629	1.5
4341.113428850004	1500.0	13.840845288900947	0.0	670327	1921.715806645488	1.5
4343.351633366189	1500.0	15.602640772716523	0.0	785519	2238.2045161844253	1.5
4349.320388495162	4000.0	13.633885643743541	0.0	2096494	5968.755128972982	4.0
4355.119646278383	4000.0	11.834627860522028	0.0	1955307	5799.257783221513	4.0
4361.078567481001	4000.0	9.875706657904114	0.0	2142800	5958.921202617914	4.0
4366.705464534957	4000.0	8.24880960394847	0.0	2094647	5626.897053955645	4.0
4372.533435930725	4000.0	6.420838208180334	0.0	1985434	5827.971395768136	4.0
4378.020711749092	4000.0	4.933562389813366	0.0	1830641	5487.275818366968	4.0
4380.550254491043	1500.0	6.4040196478617855	0.0	767059	2529.54274195158	1.5
4383.338387736558	1500.0	7.615886402347545	0.0	848035	2788.1332455142406	1.5
4385.428448611156	1500.0	9.525825527749218	0.0	629438	2090.0608745983277	1.5
4387.941538382303	1500.0	11.012735756602568	0.0	763847	2513.0897711466505	1.5
4392.352918183156	4000.0	10.601355955749083	0.0	1750852	4411.379800853485	4.0
4397.466342637359	4000.0	9.487931501546594	0.0	2034636	5113.424454202487	4.0

