16061.773256379603	600.0	4.0	0.7804070931283105	247108	780.4070931283105	-15.00814186256621
16062.132778071751	200.0	7.640478307853106	0.0	98617	359.52169214689366	0.2
16063.030357125412	600.0	10.742899254194052	0.0	288447	897.5790536590551	0.6
16065.146746786875	1500.0	12.62650959272972	0.0	718451	2116.389661464331	1.5
16071.091974514558	4000.0	10.681281865046323	0.0	2069289	5945.227727683397	4.0
16073.008845339109	1500.0	12.76441104049673	0.0	689829	1916.8708245495934	1.5
16078.47424007595	4000.0	11.299016303654625	0.0	2046450	5465.394736842105	4.0
16084.605107971314	4000.0	9.168148408290719	0.0	2058614	6130.8678953639055	4.0
16087.666464937996	1500.0	10.106791441608724	0.0	891463	3061.3569666819953	1.5
16090.298508748874	1500.0	11.474747630731253	0.0	763093	2632.0438108774715	1.5
16096.155992886217	4000.0	9.61726349338822	0.0	2094766	5857.484137343034	4.0
16098.17079730467	1500.0	11.602459074934679	0.0	744416	2014.8044184535413	1.5
16103.889394856467	4000.0	9.883861523138778	0.0	2131310	5718.5975517959005	4.0
16106.023206398691	1500.0	11.750049980915106	0.0	748011	2133.8115422236715	1.5
16112.026816990217	4000.0	9.746439389389012	0.0	2157416	6003.610591526093	4.0
16114.47845112811	1500.0	11.294805251496065	0.0	934743	2451.6341378929455	1.5
16119.189936732475	4000.0	10.583319647131647	0.0	1835863	4711.485604364417	4.0
16121.219079931994	1500.0	12.554176447610976	0.0	772616	2029.1431995206713	1.5
16126.675118292325	4000.0	11.09813808728035	0.0	2082556	5456.038360330625	4.0
16132.38062056653	4000.0	9.392635813076321	0.0	2164412	5705.502274204029	4.0
16134.688704925577	1500.0	11.08455145403056	0.0	835711	2308.0843590457625	1.5
16139.984202335767	4000.0	9.789054043838412	0.0	1950922	5295.497410192148	4.0
16142.227816705024	1500.0	11.545439674581937	0.0	809327	2243.6143692564747	1.5
16147.219939704832	4000.0	10.553316674774727	0.0	1822097	4992.12299980721	4.0
16149.608196115089	1500.0	12.165060264518317	0.0	855209	2388.25641025641	1.5
16154.941092929292	4000.0	10.8321634503134	0.0	1984579	5332.896814204916	4.0
16157.05159207421	1500.0	12.72166430539675	0.0	794014	2110.4991449166496	1.5
16162.387622889177	4000.0	11.385633490430395	0.0	2055338	5336.030814966356	4.0
16168.44126614675	4000.0	9.331990232856151	0.0	2165436	6053.643257574244	4.0
16170.498737804655	1500.0	11.27451857495268	0.0	707527	2057.471657903471	1.5
16178.310468460271	4000.0	7.462787919335711	0.0	2290706	7811.730655616968	4.0
16179.521275156645	600.0	10.251981222960907	0.0	293409	1210.8066963748045	0.6
16182.043573121236	1500.0	11.729683258369795	0.0	633700	2522.297964591112	1.5
16189.407001841177	4000.0	8.366254538429283	0.0	2125133	7363.428719940512	4.0
16190.43266976147	600.0	11.340586618135061	0.0	284451	1025.6679202942214	0.6
16196.078715421907	4000.0	9.694540957698482	0.0	1785821	5646.045660436579	4.0
16198.09690364339	1500.0	11.676352736215405	0.0	681043	2018.188221483076	1.5
16203.741534653154	4000.0	10.031721726450371	0.0	1955307	5644.631009765036	4.0
16205.831180249019	1500.0	11.942076130586814	0.0	691256	2089.6455958635565	1.5
16212.023145817826	4000.0	9.75011056177914	0.0	2094647	6191.965568807675	4.0
16214.449739924286	1500.0	11.323516455318824	0.0	811013	2426.5941064603157	1.5
16219.332208525695	4000.0	10.441047853908756	0.0	1830641	4882.468601410067	4.0
16221.424496441747	1500.0	12.348759937856945	0.0	767059	2092.287916051812	1.5
16227.502285795965	4000.0	10.27097058363898	0.0	1910697	6077.789354217965	4.0
16230.045357601874	1500.0	11.727898777730156	0.0	629438	2543.0718059088244	1.5
16236.762586054432	4000.0	9.010670325172898	0.0	2042818	6717.228452557258	4.0
16238.668431140519	1500.0	11.104825239084898	0.0	769491	1905.8450860880012	1.5
16243.576207089267	4000.0	10.197049290337286	0.0	2034636	4907.77594874761	4.0

