1811.2103231006754	600.0	4.0	0.8150439680975664	247108	815.0439680975664	0.011477571	-15.700879361951328
1811.583667836588	200.0	7.626655264087453	0.0	98617	373.34473591254715	0.004705182	0.2
1811.9803898429461	200.0	11.229933257729275	0.0	106476	396.72200635817734	0.004705182	0.2
1812.4031513741143	200.0	14.807171726561194	0.0	115230	422.76153116808274	0.004705182	0.2
1812.773643482166	200.0	18.436679618509363	0.0	97658	370.49210805183213	0.004705182	0.2
1813.144135590218	200.0	22.06618751045753	0.0	97658	370.49210805183213	0.004705182	0.2
1813.5685688386518	200.0	25.641754262023834	0.0	115792	424.43324843369464	0.004705182	0.2
1813.9688543988964	200.0	29.241468701779176	0.0	107674	400.2855602446597	0.004705182	0.2
1814.332347306368	200.0	32.877975794307396	0.0	95305	363.49290747178793	0.004705182	0.2
1814.7259430229644	200.0	36.48438007771106	0.0	105425	393.59571659633013	0.00809342	0.2
1815.0896144055891	200.0	40.12070869508636	0.0	95365	363.67138262470024	0.004705182	0.2
1815.4532173727384	200.0	43.75710572793694	0.0	95342	363.60296714941717	0.004705182	0.2
1815.837871484174	200.0	47.372451616501515	0.0	102419	384.6541114354236	0.006633635	0.2
1816.1584173206834	200.0	51.0519057799922	0.0	80867	320.5458365093235	0.004705182	0.2
1816.4845643024084	200.0	54.72575879826731	0.0	82750	326.14698172488806	0.0077808793	0.2
1833.8453912252216	12000.0	41.36493187545412	0.0	5443841	17360.826922813194	0.2286117	12.0
1834.1922489195279	200.0	45.01807418114783	0.0	89871	346.8576943062876	0.004705182	0.2
1846.7145059356594	12000.0	36.495817165016106	0.0	4055239	12522.257016131724	0.004705182	12.0
1847.0886410429243	200.0	40.121682057751215	0.0	90919	374.13510726489676	0.004705182	0.2
1847.4464613716948	200.0	43.763861728980764	0.0	85876	357.820328770447	0.0066070217	0.2
1847.8973888440444	200.0	47.31293425663105	0.0	114656	450.92747234971796	0.009001601	0.2
1848.2935972675234	200.0	50.91672583315207	0.0	97742	396.2084234789818	0.09826061	0.2
1866.3227138577192	12000.0	36.887609242956195	0.0	5141915	18029.116590195878	0.009874366	12.0
1866.700005790722	200.0	40.51031730995366	0.0	85752	377.2919330025352	0.004705182	0.2
1867.1078201392734	200.0	44.102502961402166	0.0	94556	407.814348551494	0.004705182	0.2
1878.3261956881406	8000.0	36.88412741253497	0.0	3253093	11218.375548867198	0.004705182	8.0
1878.7058253412843	200.0	40.504497759391256	0.0	88490	379.62965314371576	0.6481508	0.2
1890.6208744162122	8000.0	32.58944868446309	0.0	3354913	11915.049074928158	0.004705182	8.0
1891.0392754422917	200.0	36.17104765838357	0.0	93993	418.40102607952116	0.07137588	0.2
1891.468801330548	200.0	39.74152177012723	0.0	97083	429.5258882563399	0.24837662	0.2
1891.8871627535582	200.0	43.323160347116946	0.0	93982	418.3614230102833	0.02136597	0.2
1903.7081337134744	8000.0	35.502189387200886	0.0	3568902	11820.970959916056	0.01894007	8.0
1905.76458595519	1500.0	37.44573714548549	0.0	633700	2056.4522417153994	0.023513015	1.5
1906.1234849805307	200.0	41.08683812014436	0.0	89422	358.8990253411306	0.0711533	0.2
1906.54102884018	200.0	44.669294260495235	0.0	108225	417.5438596491228	0.32641202	0.2
1912.1908409259502	4000.0	43.01948217472525	0.0	1785821	5649.8120857699805	0.20053387	4.0
1914.2844799897357	1500.0	44.92584311093978	0.0	681043	2093.6390637854706	0.6350945	1.5
1925.1876182135566	8000.0	38.02270488711896	0.0	3739359	10903.138223820817	0.2481288	8.0
1943.1938794214716	12000.0	24.016443679203704	0.0	5257310	18006.261207915257	0.004705182	12.0
1943.611057012059	200.0	27.599266088616247	0.0	101968	417.1775905874567	0.47258535	0.2
1961.6563310473493	12000.0	13.553992053325965	0.0	4828747	18045.274035290284	0.68986523	12.0
1963.6220647892628	1500.0	15.588258311412446	0.0	657685	1965.7337419135174	0.78165114	1.5
1970.7162337964653	4000.0	12.494089304210116	0.0	1697030	7094.16900720233	0.004705182	4.0
1971.2005610502433	200.0	16.00976205043211	0.0	96988	484.3272537780094	0.29875317	0.2
1973.904586063271	1500.0	17.30573703740449	0.0	629438	2704.0250130276186	0.007163975	1.5
1980.6617643859588	4000.0	14.548558714716437	0.0	2042818	6757.178322688053	0.15536053	4.0
1986.252833926077	4000.0	12.957489174598242	0.0	1750852	5591.069540118196	0.004705182	4.0
1992.4000353574172	4000.0	10.810287743257852	0.0	2034636	6147.201431340391	0.117809415	4.0

