23155.44799630748	600.0	4.0	1.3419220580255975	247108	1341.9220580255976	-26.238441160511947
23159.26821525996	1500.0	4.179781047524815	0.0	732405	3820.2189524751843	1.5
23162.636189470806	1500.0	4.8118068366793265	0.0	643847	3367.974210845489	1.5
23165.4410015772	1500.0	6.006994730281165	0.0	718451	2804.8121063981616	1.5
23167.437223612025	1500.0	8.010772695458009	0.0	724296	1996.222034823156	1.5
23169.342258583998	1500.0	10.105737723485193	0.0	689829	1905.034971972816	1.5
23171.37447975899	1500.0	12.073516548493048	0.0	737903	2032.221174992146	1.5
23173.51887581038	1500.0	13.929120497101609	0.0	780303	2144.396051391438	1.5
23175.973949356416	1500.0	15.474046951067892	0.0	891463	2455.073546033716	1.5
23178.102418057653	1500.0	17.345578249828023	0.0	763093	2128.4687012398704	1.5
23180.247591958294	1500.0	19.20040434918544	0.0	769316	2145.173900642585	1.5
23182.3259235859	1500.0	21.1220727215828	0.0	744416	2078.3316276026376	1.5
23184.032934306837	1500.0	23.415062000645936	0.0	606092	1707.0107209368657	1.5
23186.149165337916	1500.0	25.298830969567856	0.0	748011	2116.231031078082	1.5
23188.318552831643	1500.0	27.12944347584176	0.0	754517	2169.3874937260944	1.5
23190.987017152587	1500.0	28.4609791548947	0.0	934743	2668.464320947057	1.5
23193.10394267916	1500.0	30.344053628319305	0.0	735572	2116.925526575399	1.5
23195.323449420368	1500.0	32.12454688711575	0.0	772616	2219.506741203552	1.5
23197.188482857906	1500.0	34.25951344957819	0.0	747396	1865.0334375375585	1.5
23198.819992117842	1500.0	36.628004189641146	0.0	662349	1631.509259937047	1.5
23200.8575905367	1500.0	38.59040577078455	0.0	835711	2037.5984188565992	1.5
23202.826515798395	1500.0	40.621480509090674	0.0	806394	1968.9252616938732	1.5
23204.802311420968	1500.0	42.64568488651546	0.0	809327	1975.795622575214	1.5
23206.499796403685	1500.0	44.94819990380283	0.0	681795	1697.4849827126282	1.5
23208.673331287406	1500.0	46.7746650200819	0.0	855209	2173.5348837209303	1.5
23210.33193838655	1500.0	49.116057920938694	0.0	644861	1658.607099143207	1.5
23212.355669108703	1500.0	51.092327198784474	0.0	794014	2023.730722154223	1.5
23214.67381843551	1500.0	52.774177871979084	0.0	914284	2318.149326805386	1.5
23216.40794083453	1500.0	55.04005547295827	0.0	675709	1734.1223990208077	1.5
23218.251926531928	1500.0	57.196069775557504	0.0	707527	1843.9856974007698	1.5
23220.220798311617	1500.0	59.22719799587139	0.0	757473	1968.871779686112	1.5
23223.576872372993	1500.0	59.87112393449645	0.0	712239	1856.074061374936	1.5
23226.228121223576	1500.0	59.71089857096919	0.0	633700	1660.2253635272668	1.5
23230.164248055542	1500.0	59.77477173900311	0.0	755142	1936.1268319660799	1.5
23234.391900988227	1500.0	59.547118806321144	0.0	670327	1727.6529326819677	1.5
23238.342098495505	1500.0	59.59692129903904	0.0	785519	1950.1975072821053	1.5
23241.986500827028	1500.0	59.95251896751465	0.0	681043	1644.4023315243921	1.5
23244.475551891814	1500.0	59.882694980378226	0.0	866245	2069.8239871364176	1.5
23248.47354304763	1500.0	59.884703824564475	0.0	691256	1997.991155813752	1.5
23252.567506456973	1500.0	59.790740415217385	0.0	725845	2093.9634093470913	1.5
23256.38593057767	1500.0	59.9723162945186	0.0	811013	2318.424120698785	1.5
23260.75481946656	1500.0	59.60342740562971	0.0	657685	1868.888888888889	1.5
23264.42120325549	1500.0	59.93704361670002	0.0	767059	2166.3837889296888	1.5
23268.7604269719	1500.0	59.597819900288385	0.0	848035	2339.2237164116277	1.5
23272.516749086484	1500.0	59.841497785704014	0.0	629438	1756.3221145843738	1.5
23276.565734895474	1500.0	59.72721701736951	0.0	763847	2114.2807683344986	1.5
23280.526153993134	1500.0	59.76679791971243	0.0	769491	1960.4190976570853	1.5
23284.582232436485	1500.0	59.71071947636087	0.0	808636	2056.078443351559	1.5

