18435.269548956585	600.0	4.0	0.7465309012441417	247108	746.5309012441417	-14.330618024882833
18435.61555118188	200.0	7.6539977747058225	0.0	98617	346.00222529417715	0.2
18436.47358685402	600.0	10.79596210256583	0.0	288447	858.0356721399912	0.6
18438.491483613856	1500.0	12.77806534272902	0.0	718451	2017.8967598368117	1.5
18444.153031204805	4000.0	11.116517751778549	0.0	2069289	5661.547590950471	4.0
18449.529031352115	4000.0	9.74051760446798	0.0	1863995	5376.000147310568	4.0
18451.724768498865	1500.0	11.544780457719598	0.0	737903	2195.737146748383	1.5
18457.869471476108	4000.0	9.400077480477444	0.0	2058614	6144.702977242153	4.0
18460.668434475785	1500.0	10.601114480801506	0.0	891463	2798.9629996759377	1.5
18463.075868853106	1500.0	12.193680103478265	0.0	763093	2407.434377323243	1.5
18469.960911953098	4000.0	9.30863700348659	0.0	2094766	6885.043099991673	4.0
18472.539423836635	1500.0	10.730125119951527	0.0	744416	2578.5118835350636	1.5
18474.653673590154	1500.0	12.615875366432617	0.0	606092	2114.249753518911	1.5
18480.22909731099	4000.0	11.040451645597033	0.0	1805063	5575.423720835583	4.0
18486.65785746155	4000.0	8.611691495036311	0.0	2157416	6428.760150560722	4.0
18487.613363534423	600.0	11.656185422161817	0.0	324375	955.506072874494	0.6
18492.648459350887	4000.0	10.62108960569758	0.0	1835863	5035.095816464238	4.0
18494.81379268422	1500.0	12.455756272364246	0.0	772616	2165.3333333333335	1.5
18501.02934061657	4000.0	10.240208340016194	0.0	2082556	6215.547932348053	4.0
18503.10279157778	1500.0	12.166757378803297	0.0	662349	2073.450961212897	1.5
18510.05350169215	4000.0	9.216047264435266	0.0	2379358	6950.710114368029	4.0
18512.39029342222	1500.0	10.879255534362327	0.0	806394	2336.791730072939	1.5
18514.735293509682	1500.0	12.534255446905401	0.0	809327	2345.0000874569278	1.5
18519.825839162513	4000.0	11.443709794072063	0.0	1822097	5090.545652833338	4.0
18524.914939244325	4000.0	10.354609712261317	0.0	1836837	5089.100081810745	4.0
18526.77517850463	1500.0	12.494370451954927	0.0	644861	1860.2392603063909	1.5
18533.308188391336	4000.0	9.96136056525225	0.0	2068230	6533.009886702677	4.0
18536.24081295014	1500.0	11.028736006448794	0.0	914284	2932.624558803456	1.5
18542.506370107636	4000.0	8.763178848949144	0.0	2165436	6265.557157499649	4.0
18543.444495495154	600.0	11.825053461431208	0.0	302752	938.1253875179367	0.6
18550.113634680267	4000.0	9.155914276319548	0.0	2290706	6669.1391851116605	4.0
18552.27692822152	1500.0	10.992620735068018	0.0	712239	2163.2935412515308	1.5
18554.21049579798	1500.0	13.059053158606893	0.0	633700	1933.567576461125	1.5
18571.348927324787	8000.0	4.0	4.079378368198122	4271839	17138.431526805016	-73.58756736396244
18571.854005879384	200.0	7.494921445404556	0.0	108225	505.07855459544385	0.2
18573.017057725418	600.0	10.331869599371563	0.0	275745	1163.051846032993	0.6
18575.77201059266	1500.0	11.57691673212883	0.0	681043	2754.9528672427336	1.5
18581.422289212733	4000.0	9.926638112055425	0.0	1955307	5650.278620073404	4.0
18583.25774854865	1500.0	12.091178776140245	0.0	691256	1835.4593359151802	1.5
18588.773044817168	4000.0	10.575882507622454	0.0	2094647	5515.29626851779	4.0
18591.168157752047	1500.0	12.180769572742884	0.0	811013	2395.112934879572	1.5
18596.473894772567	4000.0	10.875032552225488	0.0	1830641	5305.737020517396	4.0
18598.725193006132	1500.0	12.623734318659144	0.0	767059	2251.298233566344	1.5
18604.131270463928	4000.0	11.21765686086371	0.0	1910697	5406.077457795433	4.0
18610.29244618791	4000.0	9.05648113688342	0.0	2171279	6161.175723980291	4.0
18612.53024417163	1500.0	10.818683153161956	0.0	763847	2237.7979837214643	1.5
18614.78398593967	1500.0	12.564941385122266	0.0	769491	2253.74176803969	1.5
18621.018787510686	4000.0	10.330139814108202	0.0	2034636	6234.801571014062	4.0

