20250.62245357555	600.0	4.0	0.6264573197700132	247108	626.4573197700132	-11.929146395400265
20251.38737617617	600.0	7.235077399380805	0.0	309722	764.9226006191951	0.6
20252.105251010315	600.0	10.517202565236621	0.0	288447	717.8748341441841	0.6
20253.774041368564	1500.0	12.848412206988058	0.0	718451	1668.7903582485626	1.5
20255.455757423406	1500.0	15.166696152145068	0.0	724296	1681.71605484299	1.5
20257.061252779444	1500.0	17.561200796107915	0.0	689829	1605.4953560371519	1.5
20258.77305950213	1500.0	19.849394073418836	0.0	737903	1711.8067226890757	1.5
20272.98983178585	4000.0	9.632621789701252	0.0	2058614	14216.772283717584	4.0
20274.466405479066	600.0	12.156048096483609	0.0	290723	1476.5736932176421	0.6
20278.21214781551	1500.0	12.410305760037819	0.0	763093	3745.742336445792	1.5
20279.87387417934	600.0	14.748579396210394	0.0	329266	1661.7263638274237	0.6
20282.13561620762	1500.0	16.486837367929628	0.0	744416	2261.742028280769	1.5
20283.549977679926	1500.0	19.072475895621405	0.0	606092	1414.3614723082217	1.5
20285.276785523063	1500.0	21.34566805248415	0.0	748011	1726.807843137255	1.5
20287.017916861212	1500.0	23.604536714334856	0.0	754517	1741.1313381492948	1.5
20289.155830586704	1500.0	25.466622988844662	0.0	934743	2137.913725490196	1.5
20295.062635319402	4000.0	23.559818256150297	0.0	1835863	5906.804732694365	4.0
20303.018465013607	4000.0	19.603988561942074	0.0	2192675	7955.829694208222	4.0
20304.76262711108	1500.0	21.859826464472064	0.0	747396	1744.1620974700102	1.5
20306.31742240179	1500.0	24.30503117375983	0.0	662349	1554.795290712238	1.5
20308.25822787926	1500.0	26.364225696290372	0.0	835711	1940.8054774694538	1.5
20312.66064936583	4000.0	25.96180420972217	0.0	1950922	4402.421486568206	4.0
20316.76251104482	4000.0	25.859942530731303	0.0	1849252	4101.861678990866	4.0
20320.8053144376	4000.0	25.81713913795183	0.0	1822097	4042.8033927794695	4.0
20325.21802194898	4000.0	25.404431626569902	0.0	1836837	4412.707511381928	4.0
20330.11978888796	4000.0	24.50266468758366	0.0	1984579	4901.766938986243	4.0
20335.019107681717	4000.0	23.603345893829655	0.0	2068230	4899.318793754004	4.0
20339.75808735162	4000.0	22.86436622392812	0.0	2055338	4738.979669901537	4.0
20346.42232592716	4000.0	20.200127648388275	0.0	2165436	6664.238575539842	4.0
20349.211794824507	1500.0	21.410658751042593	0.0	707527	2789.468897345683	1.5
20352.192531523007	1500.0	22.429922052543276	0.0	757473	2980.736698499318	1.5
20355.109185404424	1500.0	23.513268171126423	0.0	712239	2916.6538814168516	1.5
20357.724302294035	1500.0	24.89815128151522	0.0	633700	2615.1168896112017	1.5
20360.825247912235	1500.0	25.797205663312944	0.0	755142	3100.9456182022755	1.5
20363.6640013049	1500.0	26.958452270650852	0.0	670327	2838.753392662093	1.5
20367.19285263029	1500.0	27.42960094525707	0.0	785519	3528.8513253937767	1.5
20370.262998066875	1500.0	28.359455508672912	0.0	681043	3070.1454365841614	1.5
20374.803236264517	1500.0	27.81921731103446	0.0	866245	4540.238197638451	1.5
20379.71402726692	1500.0	26.908426308632187	0.0	691256	4910.791002402271	1.5
20385.011150733502	1500.0	25.6113028420518	0.0	725845	5297.123466580389	1.5
20391.24947639436	1500.0	23.372977181190898	0.0	811013	6238.3256608609	1.5
20394.600226680617	1500.0	24.02222689493663	0.0	657685	3350.7502862542674	1.5
20397.12236059764	1500.0	25.50009297791345	0.0	767059	2522.1339170231818	1.5
20399.90230289194	1500.0	26.720150683614374	0.0	848035	2779.942294299075	1.5
20401.986284187333	1500.0	28.636169388220882	0.0	629438	2083.9812953934934	1.5
20404.22323011799	1500.0	30.399223457560346	0.0	763847	2236.9459306605363	1.5
20408.013350108457	4000.0	30.609103467096013	0.0	1750852	3790.119990464334	4.0
20412.404818865907	4000.0	30.217634709646273	0.0	2034636	4391.468757449739	4.0

