543.7606923557906	600.0	4.0	0.9194148744188021	247108	919.4148744188021	-17.788297488376042
544.1756899142289	200.0	7.58500244156175	0.0	98617	414.99755843824977	0.2
545.2355315311796	600.0	10.525160824610943	0.0	288447	1059.841616950808	0.6
547.7560775917729	1500.0	12.004614764017749	0.0	718451	2520.5460605931935	1.5
555.207147135977	4000.0	8.55354521981354	0.0	2069289	7451.06954420421	4.0
556.6478749320296	600.0	11.112817423760907	0.0	330929	1440.7277960526317	0.6
564.9318074113469	4000.0	6.828884944443649	0.0	2046450	8283.932479317258	4.0
565.4009612401248	200.0	10.359731115665696	0.0	107674	469.1538287779535	0.2
568.7028740478954	1500.0	11.057818307895197	0.0	891463	3301.9128077704995	1.5
576.9145584548671	4000.0	6.846133900923483	0.0	2373154	8211.684406971714	4.0
577.297948588683	200.0	10.462743767107645	0.0	95365	383.3901338158392	0.2
579.7462018247198	1500.0	12.01449053107082	0.0	744416	2448.2532360368245	1.5
586.6097526784416	4000.0	9.15093967734897	0.0	2131310	6863.550853721849	4.0
589.072142996142	1500.0	10.688549359648517	0.0	748011	2462.390317700454	1.5
591.555254708858	1500.0	12.205437646932536	0.0	754517	2483.1117127159805	1.5
599.3103980535027	4000.0	8.450294302287835	0.0	2231719	7755.1433446447	4.0
600.6086329400821	600.0	11.15205941570833	0.0	340687	1298.234886579506	0.6
608.6921918042158	4000.0	7.068500551574651	0.0	2192675	8083.558864133678	4.0
609.9978671035752	600.0	9.76282525221514	0.0	330105	1305.6752993595098	0.6
612.53715977971	1500.0	11.22353257608036	0.0	662349	2539.2926761347817	1.5
619.9525698103281	4000.0	7.8081225454623375	0.0	2379358	7415.4100306180235	4.0
620.9370647726821	600.0	10.823627583108284	0.0	310841	984.4949623540538	0.6
623.3720700467519	1500.0	12.38862230903852	0.0	809327	2435.0052740697633	1.5
629.4037557541931	4000.0	10.356936601597331	0.0	1822097	6031.685707441188	4.0
632.3771908686969	1500.0	11.383501487093515	0.0	855209	2973.4351145038167	1.5
639.342143604054	4000.0	8.418548751736413	0.0	1984579	6964.952735357103	4.0
640.5646232046435	600.0	11.196069151146974	0.0	324657	1222.4796005894386	0.6
647.9419853862343	4000.0	7.818706969556169	0.0	2055338	7377.3621815908045	4.0
649.0697709896185	600.0	10.690921366171908	0.0	291029	1127.7856033842622	0.6
651.6970656049513	1500.0	12.06362675083922	0.0	707527	2627.2946153326884	1.5
659.1946029076132	4000.0	8.566089448177136	0.0	2290706	7497.537302662085	4.0
660.1446073553524	600.0	11.61608500043807	0.0	293409	950.004447739066	0.6
668.2308509917776	4000.0	7.5298413640128095	0.0	2544033	8086.243636425261	4.0
669.5384850218146	600.0	10.22220733397582	0.0	344336	1307.634030036989	0.6
672.0083490977538	1500.0	11.752343258036609	0.0	670327	2469.8640759392133	1.5
678.2222518382553	4000.0	9.53844051753511	0.0	1785821	6213.902740501498	4.0
680.5234365583824	1500.0	11.237255797407913	0.0	681043	2301.1847201271967	1.5
687.0498068740173	4000.0	8.71088548177292	0.0	1955307	6526.370315634995	4.0
688.204061386379	600.0	11.556630969411323	0.0	309862	1154.2545123615957	0.6
695.5459521363085	4000.0	8.214740219481742	0.0	2094647	7341.89074992958	4.0
696.6800612870395	600.0	11.08063106875078	0.0	315398	1134.109150730962	0.6
702.6892629064728	4000.0	9.07142944931758	0.0	1830641	6009.201619433199	4.0
705.253664525906	1500.0	10.507027829884382	0.0	767059	2564.401619433198	1.5
708.1715462882612	1500.0	11.589146067529153	0.0	848035	2917.8817623552286	1.5
715.6571577653135	4000.0	8.103534590476862	0.0	2171279	7485.611477052291	4.0
716.6979893329429	600.0	11.06270302284742	0.0	288236	1040.831567629441	0.6
722.0815925135564	4000.0	9.679099842234017	0.0	1750852	5383.603180613404	4.0
724.6110767998116	1500.0	11.149615555978809	0.0	808636	2529.484286255207	1.5

