17649.79206913693	600.0	4.0	0.7567185280273857	247108	756.7185280273857	0.013751376	-14.534370560547714
17650.142137087292	200.0	7.649932049636285	0.0	98617	350.0679503637142	0.004705182	0.2
17650.513727331196	200.0	11.278341805733845	0.0	106476	371.59024390243906	0.004705182	0.2
17650.9092908742	200.0	14.882778262729994	0.0	115230	395.5635430038511	0.004705182	0.2
17651.256732551563	200.0	18.535336585365854	0.0	97658	347.44167736414204	0.004705182	0.2
17651.60417422893	200.0	22.187894908001713	0.0	97658	347.44167736414204	0.004705182	0.2
17652.001276839113	200.0	25.790792297817717	0.0	115792	397.1026101839966	0.004705182	0.2
17652.37614787035	200.0	29.415921266581087	0.0	107674	374.87103123662814	0.004705182	0.2
17652.717145730858	200.0	33.07492340607617	0.0	95305	340.9978605049209	0.004705182	0.2
17653.08585775482	200.0	36.70621138211382	0.0	105425	368.7120239623449	0.009993952	0.2
17653.427019928546	200.0	40.365049208386814	0.0	95365	341.16217372700044	0.004705182	0.2
17653.768119115535	200.0	44.023950021394946	0.0	95342	341.09918699186994	0.004705182	0.2
17654.12859904707	200.0	47.663470089858784	0.0	102419	360.4799315361575	0.007922972	0.2
17654.430057669237	200.0	51.36201146769361	0.0	80867	301.458622165169	0.004705182	0.2
17654.736672988023	200.0	55.05539614890885	0.0	82750	306.6153187847668	0.009549222	0.2
17671.387741240214	12000.0	42.404327896717646	0.0	5443841	16651.068252191206	0.07000649	12.0
17671.70968766638	200.0	46.082381470549926	0.0	89871	321.94642616772114	0.004705182	0.2
17682.718482796703	12000.0	39.07358634023141	0.0	4055239	11008.795130318516	0.004705182	12.0
17683.04450904484	200.0	42.74756009209178	0.0	90919	326.0262481396293	0.004705182	0.2
17683.356888966366	200.0	46.435180170565594	0.0	85876	312.3799215261805	0.013311804	0.2
17683.74714738877	200.0	50.04492174815997	0.0	114656	390.2584224056285	0.28854132	0.2
17684.091636632445	200.0	53.70043250448523	0.0	97742	344.48924367473955	0.08178132	0.2
17698.00770246757	12000.0	43.78436666935973	0.0	5141915	13916.065835125502	0.004705182	12.0
17698.31723905539	200.0	47.474830081545626	0.0	85752	309.5365878140998	0.004705182	0.2
17698.650341742174	200.0	51.141727394758725	0.0	94556	333.1026867868974	0.004705182	0.2
17707.34303673091	8000.0	46.44903240602229	0.0	3253093	8692.694988736432	0.004705182	8.0
17720.343506730234	12000.0	37.448562406695615	0.0	5138482	13000.469999326675	0.004705182	12.0
17729.398605669634	8000.0	32.39346346729862	0.0	3354913	9055.098939396996	0.004705182	8.0
17729.732297977323	200.0	36.05977115960631	0.0	93993	333.69230769230774	0.3602592	0.2
17744.567662815676	12000.0	25.224406321254357	0.0	5411094	14835.36483835196	0.10208682	12.0
17744.904203291662	200.0	28.88786584526698	0.0	93982	336.54047598737526	0.032712605	0.2
17754.678185624947	8000.0	23.113883511984227	0.0	3568902	9773.982333282755	0.004705182	8.0
17756.46147992837	1500.0	25.33058920855889	0.0	633700	1783.2943034253365	0.15804732	1.5
17756.781833381425	200.0	29.010235755503974	0.0	89422	320.35345305491626	0.27656123	0.2
17757.15272658955	200.0	32.639342547379925	0.0	108225	370.8932081240446	0.0254537	0.2
17757.46869614958	200.0	36.32337298734835	0.0	87791	315.9695600315823	0.5289718	0.2
17759.37924161634	1500.0	38.41282752058537	0.0	681043	1910.5454667629815	0.7042485	1.5
17770.07709209763	8000.0	31.714977039300393	0.0	3739359	10697.850481284971	0.7204906	8.0
17792.27883688149	12000.0	13.513232255436625	0.0	5257310	22201.744783863767	0.014021192	12.0
17792.634142394392	200.0	17.157926742536066	0.0	101968	355.30551290055854	0.007585757	0.2
17801.326732799553	8000.0	12.465336337379219	0.0	3189942	8692.590405156849	0.20817378	8.0
17806.317877728226	4000.0	11.474191408702337	0.0	1830641	4991.14492867688	0.24209534	4.0
17810.943290879426	4000.0	10.848778257503731	0.0	1697030	4625.413151198607	0.004705182	4.0
17816.15014786991	4000.0	9.6419212670177	0.0	1910697	5206.856990486031	0.024610614	4.0
17817.920368063253	1500.0	11.871701073677206	0.0	629438	1770.220193340494	0.013241853	1.5
17823.489123465635	4000.0	10.302945671293793	0.0	2042818	5568.755402383412	0.08992244	4.0
17828.29023036352	4000.0	9.501838773405462	0.0	1750852	4801.106897888332	0.0047702612	4.0
17833.884335237082	4000.0	7.907733899845121	0.0	2034636	5594.10487356034	0.2814453	4.0

