9556.949997595151	600.0	4.0	0.8617090434576299	247108	861.7090434576298	-16.634180869152598
9558.009781691004	600.0	6.940215904148048	0.0	309722	1059.7840958519514	0.6
9560.126547083071	1500.0	8.82345051208035	0.0	643847	2116.7653920676976	1.5
9562.479317062114	1500.0	10.47068053303808	0.0	718451	2352.7699790422716	1.5
9564.850577293835	1500.0	12.099420301316776	0.0	724296	2371.260231721302	1.5
9567.225657688823	1500.0	13.724339906329092	0.0	689829	2375.080394987684	1.5
9570.123761997213	1500.0	14.826235597939071	0.0	737903	2898.1043083900227	1.5
9573.183794936704	1500.0	15.766202658447485	0.0	780303	3060.032939491586	1.5
9576.668355862828	1500.0	16.281641732322647	0.0	891463	3484.560926124836	1.5
9579.520601261178	1500.0	17.429396333973077	0.0	763093	2852.2453983495743	1.5
9582.388230575427	1500.0	18.561767019723597	0.0	769316	2867.629314249479	1.5
9585.165634325767	1500.0	19.784363269383892	0.0	744416	2777.4037503397044	1.5
9587.459791832189	1500.0	21.4902057629634	0.0	606092	2294.157506420491	1.5
9590.405597109713	1500.0	22.544400485438377	0.0	748011	2945.805277525023	1.5
9593.376328396529	1500.0	23.573669198622614	0.0	754517	2970.7312868157655	1.5
9597.037547686792	1500.0	23.912449908358735	0.0	934743	3661.2192902638762	1.5
9599.895612681177	1500.0	25.054384913975465	0.0	735572	2858.0649943832723	1.5
9602.887985107318	1500.0	26.062012487834014	0.0	772616	2992.3724261414504	1.5
9605.78529086051	1500.0	27.164706734641726	0.0	747396	2897.3057531922914	1.5
9613.940077653422	4000.0	23.009919941728043	0.0	2164412	8154.786792913681	4.0
9623.700876879215	4000.0	17.249120715936208	0.0	2379358	9760.799225791836	4.0
9632.1180157548	4000.0	12.831981840352025	0.0	1950922	8417.138875584184	4.0
9639.632810200645	4000.0	9.317187394507673	0.0	1849252	7514.794445844353	4.0
9646.011650404602	4000.0	6.938347190549502	0.0	1822097	6378.8402039581715	4.0
9648.992717748479	1500.0	7.957279846674574	0.0	855209	2981.0673438749277	1.5
9651.173456015811	1500.0	9.7765415793428	0.0	644861	2180.7382673317725	1.5
9653.840084133493	1500.0	11.109913461659811	0.0	794014	2666.628117682989	1.5
9656.898511090634	1500.0	12.051486504518408	0.0	914284	3058.426957141403	1.5
9659.288344295644	1500.0	13.66165329950817	0.0	675709	2389.833205010238	1.5
9661.997700917562	1500.0	14.952296677591509	0.0	707527	2709.3566219166632	1.5
9664.892670026124	1500.0	16.057327569030168	0.0	757473	2894.9691085613417	1.5
9667.619537680697	1500.0	17.330459914456842	0.0	712239	2726.867654573327	1.5
9670.145869485163	1500.0	18.804128109991893	0.0	633700	2526.331804464952	1.5
9673.22544048814	1500.0	19.72455710701275	0.0	755142	3079.571002979146	1.5
9675.968109802938	1500.0	20.981887792216323	0.0	670327	2742.669314796425	1.5
9679.174671955461	1500.0	21.775325639692745	0.0	785519	3206.5621525235765	1.5
9682.04547436294	1500.0	22.904523232214196	0.0	681043	2870.8024074785503	1.5
9685.67520416189	1500.0	23.274793433264268	0.0	866245	3629.7297989499293	1.5
9688.587857766704	1500.0	24.362139828449312	0.0	691256	2912.6536048149574	1.5
9691.7179187296	1500.0	25.232078865551795	0.0	725845	3130.060962897517	1.5
9695.228146332764	1500.0	25.7218512623902	0.0	811013	3510.2276031615957	1.5
9698.089864062547	1500.0	26.86013353260617	0.0	657685	2861.7177297840285	1.5
9705.14990708128	4000.0	23.80009051387312	0.0	1697030	7060.043018733051	4.0
9712.470271455493	4000.0	20.479726139661086	0.0	1910697	7320.364374212033	4.0
9719.986299614535	4000.0	16.96369798061786	0.0	2171279	7516.02815904323	4.0
9727.825739350546	4000.0	13.124258244606652	0.0	2042818	7839.439736011205	4.0
9734.922369865822	4000.0	10.02762772933129	0.0	1750852	7096.630515275363	4.0
9742.9842301079	4000.0	5.965767487253726	0.0	2034636	8061.860242077563	4.0

