12856.170061328774	600.0	4.0	0.7789954563937557	247108	778.9954563937557	0.34608936	-14.979909127875114
12856.529019658425	200.0	7.641041670349876	0.0	98617	358.95832965012465	0.004705182	0.2
12856.910208774983	200.0	11.25985255378958	0.0	106476	381.1891165602956	0.004705182	0.2
12857.316160368782	200.0	14.853900959991515	0.0	115230	405.95159379806586	0.004705182	0.2
12857.67240597103	200.0	18.497655357742698	0.0	97658	356.2456022488199	0.004705182	0.2
12858.028651573279	200.0	22.14140975549388	0.0	97658	356.2456022488199	0.004705182	0.2
12858.436192898878	200.0	25.733868429892336	0.0	115792	407.5413256015417	0.004705182	0.2
12858.820770803162	200.0	29.349290525608616	0.0	107674	384.5779042837191	0.004705182	0.2
12861.422456003735	1500.0	30.747605325035803	0.0	891463	2601.685200572813	0.06341988	1.5
12876.229602938161	12000.0	19.940458390608455	0.0	5088378	14807.146934427346	0.004705182	12.0
12876.564304392083	200.0	23.605756936688213	0.0	95365	334.70145392024307	0.004705182	0.2
12878.632495421512	1500.0	25.537565907259264	0.0	744416	2068.1910294289482	0.58411205	1.5
12878.986036743894	200.0	29.184024584876237	0.0	102419	353.541322383027	0.004705182	0.2
12881.063829322391	1500.0	31.10623200637957	0.0	748011	2077.79257849667	0.004705182	1.5
12883.158998167433	1500.0	33.01106316133642	0.0	754517	2095.16884504315	0.004705182	1.5
12885.735515769717	1500.0	34.434545559052886	0.0	934743	2576.5176022835394	0.004705182	1.5
12887.823628203823	1500.0	36.34643312494531	0.0	735572	2088.1124341075774	0.004705182	1.5
12899.007751462035	12000.0	29.16230986673406	0.0	4055239	11184.123258211252	0.004705182	12.0
12901.005442215426	1500.0	31.164619113342354	0.0	747396	1997.690753391706	0.004705182	1.5
12902.784916861823	1500.0	33.38514446694574	0.0	662349	1779.4746463966133	0.004705182	1.5
12917.594149325425	8000.0	22.57591200334427	0.0	3690869	14809.232463601471	0.028632706	8.0
12919.780441606996	1500.0	24.389619721771854	0.0	806394	2186.2922815724173	0.0101592345	1.5
12921.974394852392	1500.0	26.195666476375486	0.0	809327	2193.9532453963693	0.004705182	1.5
12923.83523591286	1500.0	28.33482541590794	0.0	681795	1860.841060467546	0.6344719	1.5
12926.149032438914	1500.0	30.02102888985335	0.0	855209	2313.7965260545902	0.004705182	1.5
12934.110336828646	8000.0	26.059724500121455	0.0	3253093	7961.304389731896	0.105326466	8.0
12936.088274292231	1500.0	28.08178703653629	0.0	794014	1977.9374635851623	0.004705182	1.5
12938.49846585444	1500.0	29.671595474326164	0.0	914284	2410.1915622101274	0.004705182	1.5
12949.66900891651	8000.0	22.501052412254925	0.0	3811227	11170.543062071241	0.004705182	8.0
12951.954087415867	1500.0	24.215973912897724	0.0	707527	2285.0784993572015	0.004705182	1.5
12954.394827608317	1500.0	25.775233720447687	0.0	757473	2440.7401924500373	0.006121621	1.5
12964.740785159087	8000.0	19.42927616967879	0.0	3568902	10345.957550768897	0.26515493	8.0
12966.574456224691	1500.0	21.595605104075247	0.0	633700	1833.6710656035423	0.004705182	1.5
12977.983027654764	8000.0	14.187033674003521	0.0	4271839	11408.571430071725	0.8442311	8.0
12980.0464084812	1500.0	16.123652847568376	0.0	670327	2063.3808264351464	0.010118368	1.5
12982.470454137509	1500.0	17.699607191258924	0.0	785519	2424.0456563094485	0.004705182	1.5
12988.73101266516	4000.0	15.4390486636063	0.0	2096494	6260.558527652624	0.51132005	4.0
12990.967292516429	1500.0	17.20276881233757	0.0	866245	2236.2798512687277	0.045487143	1.5
12996.381206669235	4000.0	15.78885465953019	0.0	2142800	5413.914152807381	0.58674407	4.0
13007.920768479067	8000.0	8.249292849697692	0.0	4253567	11539.561809832496	0.6389997	8.0
13010.13496683914	1500.0	10.035094489625415	0.0	811013	2214.1983600722774	0.005169081	1.5
13011.913341570817	1500.0	12.256719757948016	0.0	657685	1778.3747316773997	0.21742597	1.5
13016.375671821466	4000.0	11.794389507298394	0.0	1697030	4462.330250649623	0.13106097	4.0
13021.428362664647	4000.0	10.741698664117216	0.0	1910697	5052.69084318118	0.04691343	4.0
13027.202680552171	4000.0	8.967380776592423	0.0	2171279	5774.317887524792	0.23048548	4.0
13032.8137741126	4000.0	7.356287216165499	0.0	2042818	5611.093560426924	0.62167203	4.0
13035.010013240792	1500.0	9.160048087972712	0.0	769491	2196.2391281927876	0.23459579	1.5
13040.71618547364	4000.0	7.453875855123164	0.0	2034636	5706.172232849547	0.022050727	4.0

