28110.785026810667	600.0	4.0	0.7105786283891548	247108	710.5786283891548	0.05388639	-13.611572567783096
28111.116681037143	200.0	7.668345773524721	0.0	98617	331.65422647527913	0.004705182	0.2
28111.468390128055	200.0	11.31663668261563	0.0	106476	351.70909090909095	0.004705182	0.2
28111.842437974945	200.0	14.942588835725678	0.0	115230	374.04784688995215	0.004705182	0.2
28112.17164499249	200.0	18.613381818181818	0.0	97658	329.20701754385965	0.004705182	0.2
28112.500852010035	200.0	22.284174800637956	0.0	97658	329.20701754385965	0.004705182	0.2
28112.876333987704	200.0	25.908692822966508	0.0	115792	375.4819776714513	0.004705182	0.2
28113.2311001759	200.0	29.55392663476874	0.0	107674	354.7661881977672	0.004705182	0.2
28133.06453728107	12000.0	13.720489529601483	0.0	6619479	19833.437105167257	0.5909637	12.0
28133.55517071016	200.0	17.229856100515352	0.0	105425	490.63342908612884	0.004705182	0.2
28134.006620147815	200.0	20.77840666286016	0.0	95365	451.4494376551926	0.004705182	0.2
28134.457979999803	200.0	24.327046810871263	0.0	95342	451.3598519888992	0.004705182	0.2
28136.898725897852	1500.0	25.886300912823643	0.0	606092	2440.7458980476167	0.004705182	1.5
28139.89225041219	1500.0	26.89277639848507	0.0	748011	2993.5245143385755	0.03495969	1.5
28142.281413404107	1500.0	28.503613406569663	0.0	754517	2389.162991915403	0.004705182	1.5
28144.601458936264	1500.0	30.18356787441258	0.0	934743	2320.0455321570857	0.004705182	1.5
28164.364386262783	12000.0	14.4206405478938	0.0	5964284	19762.92732651878	0.004705182	12.0
28164.84354260953	200.0	17.941484201144572	0.0	103142	479.15634674922603	0.004705182	0.2
28165.2753963247	200.0	21.50963048597429	0.0	90919	431.8537151702787	0.15769145	0.2
28165.687733786002	200.0	25.09729302467398	0.0	85876	412.3374613003096	0.004705182	0.2
28169.001909482595	1500.0	25.783117328079555	0.0	835711	3314.1756965944273	0.004705182	1.5
28172.047977528036	1500.0	26.73704928263671	0.0	806394	3046.0680454428443	0.004705182	1.5
28173.944444815657	1500.0	28.840581995014674	0.0	809327	1896.4672876220402	0.004705182	1.5
28175.554677112817	1500.0	31.23034969785386	0.0	681795	1610.2322971608125	0.004705182	1.5
28189.878339545114	12000.0	20.90668726556106	0.0	6078444	14323.6624322928	0.012383645	12.0
28191.52646210389	1500.0	23.258564706781783	0.0	644861	1648.1225587792758	0.025305111	1.5
28193.495761543967	1500.0	25.289265266707062	0.0	794014	1969.2994400747234	0.004705182	1.5
28193.820026217392	200.0	28.965000593281818	0.0	103756	324.2646734252461	0.006800557	0.2
28195.49079531234	1500.0	31.294231498333094	0.0	675709	1670.7690949487223	0.004705182	1.5
28206.236078588165	8000.0	24.54894822250818	0.0	4435580	10745.283275824913	0.0069520054	8.0
28208.21168631476	1500.0	26.573340495910855	0.0	757473	1975.6077265973254	0.004705182	1.5
28210.07409407264	1500.0	28.710932738031758	0.0	712239	1862.407757879096	0.004705182	1.5
28222.414435565122	8000.0	20.37059124554848	0.0	3713878	12340.341492483278	0.004705182	8.0
28225.836524017028	1500.0	20.948502793640976	0.0	755142	3422.088451907504	0.004705182	1.5
28228.95139441884	1500.0	21.833632391829997	0.0	670327	3114.8704018109793	0.005509838	1.5
28232.58779057051	1500.0	22.1972362401605	0.0	785519	3636.3961516694967	0.111855745	1.5
28234.483162571465	1500.0	24.30186423920518	0.0	681043	1895.3720009553174	0.004705182	1.5
28247.169215833113	8000.0	15.615810977554576	0.0	3739359	12686.053261650604	0.26311713	8.0
28254.243938844415	1500.0	12.541087966249936	0.0	691256	7074.72301130464	0.004705182	1.5
28256.21983802164	1500.0	14.56518878902648	0.0	725845	1975.8991772234558	0.02564567	1.5
28258.41819508054	1500.0	16.36683173012613	0.0	811013	2198.3570589003525	0.06130867	1.5
28263.27980928976	4000.0	15.505217520905806	0.0	1830641	4861.614209220323	0.24749492	4.0
28267.271523409163	4000.0	15.513503401504188	0.0	1697030	3991.7141194016185	0.051868226	4.0
28271.734547108426	4000.0	15.05047970223968	0.0	1910697	4463.023699264506	0.027676996	4.0
28276.849824538913	4000.0	13.93520227175478	0.0	2171279	5115.277430484902	0.16104113	4.0
28281.697750784682	4000.0	13.087276025985146	0.0	2042818	4847.926245769635	0.057153564	4.0
28287.41035278754	4000.0	11.374674023125968	0.0	1750852	5712.602002859178	0.007776326	4.0
28295.246407148687	4000.0	7.538619661984527	0.0	2034636	7836.0543611414405	0.028562635	4.0

