18616.37442732823	600.0	4.0	0.8470141812326614	247108	847.0141812326614	-16.340283624653225
18618.7277856226	1500.0	5.646641705627873	0.0	732405	2353.3582943721267	1.5
18620.80626312857	1500.0	7.568164199662444	0.0	643847	2078.47750596543	1.5
18623.11630871803	1500.0	9.2581186102004	0.0	718451	2310.045589462044	1.5
18625.444496973407	1500.0	10.929930354821812	0.0	724296	2328.1882553785867	1.5
18627.954161194095	1500.0	12.420266134135254	0.0	689829	2509.6642206865577	1.5
18630.723005850086	1500.0	13.651421478142177	0.0	737903	2768.8446559930762	1.5
18633.646351861156	1500.0	14.72807546707383	0.0	780303	2923.3460110683463	1.5
18636.880753090674	1500.0	15.493674237552812	0.0	891463	3234.401229521019	1.5
18639.382021483965	1500.0	16.992405844263637	0.0	763093	2501.2683932891764	1.5
18641.90303524671	1500.0	18.471392081522193	0.0	769316	2521.0137627414433	1.5
18644.34504214791	1500.0	20.029385180320432	0.0	744416	2442.006901201761	1.5
18646.34815165491	1500.0	22.02627567332007	0.0	606092	2003.109507000357	1.5
18648.238153269423	1500.0	24.13627405880639	0.0	748011	1890.0016145136815	1.5
18650.08605181378	1500.0	26.288375514448834	0.0	754517	1847.8985443575552	1.5
18652.356235453182	1500.0	28.018191875049837	0.0	934743	2270.1836393989984	1.5
18654.15974422511	1500.0	30.214683103120013	0.0	735572	1803.5087719298244	1.5
18656.050050290774	1500.0	32.324377037455015	0.0	772616	1890.3060656649975	1.5
18658.063297535933	1500.0	34.31112979229421	0.0	747396	2013.2472451608046	1.5
18660.03403509169	1500.0	36.34039223654042	0.0	662349	1970.7375557537914	1.5
18662.499650791953	1500.0	37.8747765362728	0.0	835711	2465.6157002676186	1.5
18664.881578356628	1500.0	39.4928489715984	0.0	806394	2381.927564674398	1.5
18667.271878445834	1500.0	41.10254888239233	0.0	809327	2390.3000892060663	1.5
18669.349714265645	1500.0	43.024713062582364	0.0	681795	2077.835819809963	1.5
18671.939038307457	1500.0	44.43538902077052	0.0	855209	2589.3240418118467	1.5
18673.91116667716	1500.0	46.463260651065774	0.0	644861	1972.1283697047497	1.5
18676.320934511383	1500.0	48.053492816846074	0.0	794014	2409.767834219696	1.5
18678.85194946626	1500.0	49.52247786196765	0.0	914284	2531.014954878426	1.5
18680.565650601096	1500.0	51.80877672713229	0.0	675709	1713.7011348353658	1.5
18682.35627997384	1500.0	54.01814735438949	0.0	707527	1790.629372742796	1.5
18684.267666709413	1500.0	56.10676061881671	0.0	757473	1911.3867355727823	1.5
18686.069688559906	1500.0	58.30473876832484	0.0	712239	1802.021850491863	1.5
18688.196231014233	1500.0	59.69260524761523	0.0	633700	1612.133520709612	1.5
18692.08176495129	1500.0	59.80707131055794	0.0	755142	1885.533937057294	1.5
18696.26450741221	1500.0	59.62432884963561	0.0	670327	1682.742460922323	1.5
18700.350981489275	1500.0	59.53785477256922	0.0	785519	2086.474077066395	1.5
18704.253824319316	1500.0	59.63501194252935	0.0	681043	2402.8428300398627	1.5
18707.494854291388	1500.0	59.60049807584563	0.0	866245	3034.51386668372	1.5
18711.203134894993	1500.0	59.89221747223871	0.0	691256	1708.2806036069196	1.5
18715.49289124391	1500.0	59.602461123324474	0.0	725845	1789.7563489142437	1.5
18719.438190124416	1500.0	59.61208821202524	0.0	811013	1990.372911299227	1.5
18723.38300652066	1500.0	59.66727181578272	0.0	657685	2444.8163962425274	1.5
18727.22109542353	1500.0	59.829182912910674	0.0	767059	2838.08890287204	1.5
18731.448446143935	1500.0	59.601832192505306	0.0	848035	2727.3507204053717	1.5
18735.445455375877	1500.0	59.60482296056469	0.0	629438	1997.009231940611	1.5
18739.320374111532	1500.0	59.69845920306969	0.0	763847	2406.3637574950035	1.5
18747.25482770005	1500.0	55.764005614552936	0.0	769491	7934.453588516747	1.5
18749.84068056792	1500.0	57.178152746680205	0.0	808636	2585.852867872733	1.5

