29937.758029714874	600.0	4.0	0.7319139955151036	247108	731.9139955151036	0.0054087625	-14.038279910302073
29938.098198558037	200.0	7.659831156839467	0.0	98617	340.16884316053296	0.004705182	0.2
29938.459100813674	200.0	11.29892890120037	0.0	106476	360.90225563909775	0.004705182	0.2
29938.843097647867	200.0	14.91493206700963	0.0	115230	383.99683419074	0.004705182	0.2
29939.180736481794	200.0	18.577293233082706	0.0	97658	337.6388339269226	0.004705182	0.2
29939.518375315718	200.0	22.239654399155786	0.0	97658	337.6388339269226	0.004705182	0.2
29939.903854803913	200.0	25.854174910961614	0.0	115792	385.4794881941696	0.004705182	0.2
29940.26791759246	200.0	29.49011212241129	0.0	107674	364.0627885503232	0.004705182	0.2
29942.699752442746	1500.0	31.058277272127686	0.0	891463	2431.834850283604	0.60870343	1.5
29956.751852491197	12000.0	21.006177223678968	0.0	5088378	14052.100048448716	0.004705182	12.0
29957.099901117435	200.0	24.658128597440474	0.0	95365	348.04862623849345	0.004705182	0.2
29959.277451968836	1500.0	26.480577746044236	0.0	744416	2177.5508513962363	0.15697534	1.5
29959.646485410347	200.0	30.11154430453161	0.0	102419	369.03344151262877	0.004705182	0.2
29961.83742374815	1500.0	31.92060596673	0.0	748011	2190.9383378016087	0.004705182	1.5
29964.04672246411	1500.0	33.711307250771206	0.0	754517	2209.298715958798	0.004705182	1.5
29966.764631311296	1500.0	34.99339840358623	0.0	934743	2717.9088471849864	0.004705182	1.5
29968.89102422242	1500.0	36.8670054924652	0.0	735572	2126.392911121015	0.004705182	1.5
29979.89308011459	12000.0	29.864949600291265	0.0	4055239	11002.055892173941	0.004705182	12.0
29982.129989317	1500.0	31.628040397881538	0.0	747396	2236.909202409726	0.004705182	1.5
29984.121461486113	1500.0	33.636568228767864	0.0	662349	1991.4721691136685	0.004705182	1.5
29986.61323883902	1500.0	35.14479087585852	0.0	835711	2491.777352909347	0.5869915	1.5
29989.082590818653	1500.0	36.67543889623176	0.0	806394	2469.3519796267556	0.26113456	1.5
30001.61646215697	8000.0	28.141567557911273	0.0	3805854	12533.871338320489	0.028584143	8.0
30003.328941991756	1500.0	30.42908772312385	0.0	681795	1712.4798347874237	0.004705182	1.5
30005.45664173586	1500.0	32.301387979023765	0.0	855209	2127.6997441000854	0.004705182	1.5
30013.62106167873	8000.0	28.136968036153647	0.0	3253093	8164.419942870113	0.004705182	8.0
30015.735267241314	1500.0	30.022762473570587	0.0	794014	2114.2055625830626	0.004705182	1.5
30024.480102768397	8000.0	25.277926946486414	0.0	3354913	8744.835527084175	0.007106983	8.0
30026.314706854933	1500.0	27.443322859951852	0.0	675709	1834.6040865345603	0.004705182	1.5
30028.231932295963	1500.0	29.526097418920966	0.0	707527	1917.2254410308847	0.004705182	1.5
30038.93405788247	8000.0	22.82397183241503	0.0	4025712	10702.125586505936	0.004705182	8.0
30040.942775204338	1500.0	24.815254510545355	0.0	712239	2008.7173218696764	0.004705182	1.5
30050.973663311754	8000.0	18.78436640312987	0.0	3713878	10030.888107415485	0.7008135	8.0
30052.83392381744	1500.0	20.924105897442356	0.0	755142	1860.260505687511	0.0939291	1.5
30061.92562593449	8000.0	15.832403780388583	0.0	3707853	9091.702117053774	0.8892925	8.0
30066.838046445926	4000.0	14.91998326895576	0.0	1785821	4912.420511432824	0.6869421	4.0
30072.692008488673	4000.0	13.066021226208642	0.0	2096494	5853.962042747115	0.10235705	4.0
30075.206819816056	1500.0	14.551209898824762	0.0	866245	2514.8113273838803	0.0069267354	1.5
30081.172670799646	4000.0	12.585358915234876	0.0	2142800	5965.850983589887	0.6553422	4.0
30083.05254681477	1500.0	14.705482900108722	0.0	725845	1879.8760151261547	0.12763898	1.5
30091.06268845793	8000.0	10.695341256953617	0.0	3189942	8010.141643155107	0.65568125	8.0
30092.817945566218	1500.0	12.940084148665653	0.0	657685	1755.2571082879613	0.08719627	1.5
30097.220625223617	4000.0	12.53740449126444	0.0	1697030	4402.679657401216	0.31801024	4.0
30102.273077195223	4000.0	11.484952519660501	0.0	1910697	5052.451971603938	0.27898017	4.0
30108.243687613023	4000.0	9.51434210186343	0.0	2171279	5970.61041779707	0.041817296	4.0
30113.85260948024	4000.0	7.9054202346451525	0.0	2042818	5608.921867218278	0.37820524	4.0
30118.662804168114	4000.0	7.095225546770509	0.0	1750852	4810.194687874644	0.37580603	4.0
30120.930127842075	1500.0	8.827901872807917	0.0	808636	2267.323673962592	0.49099195	1.5

