31322.31368147908	600.0	4.0	1.5684903245237558	247108	1568.4903245237558	-30.769806490475116
31322.987715060888	200.0	7.325966418191402	0.0	98617	674.0335818085988	0.2
31323.709088451447	200.0	10.604593027633461	0.0	106476	721.37339055794	0.2
31324.48319281106	200.0	13.830488668021987	0.0	115230	774.104359611475	0.2
31326.4808194958	600.0	15.83286198328439	0.0	318350	1997.626684737595	0.6
31328.554217583292	600.0	17.759463895790976	0.0	330929	2073.398087493412	0.6
31332.200138447006	1500.0	18.11354303207755	0.0	737903	3645.9208637134248	1.5
31334.65147465472	1500.0	19.662206824362308	0.0	780303	2451.336207715246	1.5
31337.440625445808	1500.0	20.87305603327416	0.0	891463	2789.1507910881496	1.5
31339.839660565187	1500.0	22.474020913898674	0.0	763093	2399.035119375487	1.5
31342.224720837476	1500.0	24.08896064160966	0.0	769316	2385.0602722890108	1.5
31344.44935522536	1500.0	25.864326253724105	0.0	744416	2224.634387885554	1.5
31346.275483392164	1500.0	28.038198086916392	0.0	606092	1826.128166807714	1.5
31348.510474839306	1500.0	29.803206639773045	0.0	748011	2234.9914471433462	1.5
31354.33225307141	4000.0	27.98142840767053	0.0	2157416	5821.778232102517	4.0
31359.777204015714	4000.0	26.536477463367152	0.0	2231719	5444.9509443033785	4.0
31364.2835943711	4000.0	26.030087107981537	0.0	1835863	4506.390355385614	4.0
31369.66647535299	4000.0	24.647206126089703	0.0	2192675	5382.880981891834	4.0
31375.257390903073	4000.0	23.0562905760057	0.0	2082556	5590.915550084002	4.0
31381.55808283769	4000.0	20.755598641391007	0.0	2164412	6300.691934614694	4.0
31387.46225694403	4000.0	18.851424535050068	0.0	2379358	5904.174106340939	4.0
31392.209534455993	4000.0	18.104147023088345	0.0	1950922	4747.277511961723	4.0
31397.519634903998	4000.0	16.794046575082234	0.0	1849252	5310.100448006111	4.0
31402.813128486596	4000.0	15.500552992482287	0.0	1822097	5293.493582599946	4.0
31408.265862440272	4000.0	14.047819038806852	0.0	1836837	5452.733953675435	4.0
31413.92118680134	4000.0	12.392494677738783	0.0	1984579	5655.324361068069	4.0
31419.003103425177	4000.0	11.310578053898883	0.0	2068230	5081.916623839898	4.0
31424.256472329816	4000.0	10.057209149258972	0.0	2055338	5253.368904639912	4.0
31430.5664861755	4000.0	7.747195303575409	0.0	2165436	6310.013845683563	4.0
31437.093223616856	4000.0	5.220457862218745	0.0	2002600	6526.737441356664	4.0
31439.810147965763	1500.0	6.503533513314239	0.0	757473	2716.9243489045057	1.5
31442.369603156032	1500.0	7.944078323044227	0.0	712239	2559.4551902700114	1.5
31444.30038879726	1500.0	10.013292681816623	0.0	633700	1930.7856412276033	1.5
31446.274102473948	1500.0	12.039579005129372	0.0	755142	1973.7136766872513	1.5
31448.03512062385	1500.0	14.278560855228113	0.0	670327	1761.0181499012572	1.5
31450.085012476768	1500.0	16.22866900230814	0.0	785519	2049.891852919971	1.5
31451.872903765445	1500.0	18.440777713633803	0.0	681043	1787.8912886743362	1.5
31456.843590355405	4000.0	17.470091123674646	0.0	1955307	4970.686589959157	4.0
31462.274904584036	4000.0	16.038776895042567	0.0	2142800	5431.314228632079	4.0
31468.17999153944	4000.0	14.133689939636028	0.0	2094647	5905.086955406538	4.0
31474.027006531014	4000.0	12.28667494806067	0.0	1985434	5847.014991575356	4.0
31478.671982607568	4000.0	11.641698871505646	0.0	1830641	4644.9760765550245	4.0
31482.983779749226	4000.0	11.329901729850798	0.0	1697030	4311.797141654848	4.0
31488.258856499462	4000.0	10.054824979614834	0.0	1910697	5275.076750235964	4.0
31494.401525616686	4000.0	7.912155862391258	0.0	2171279	6142.669117223576	4.0
31499.653707785877	4000.0	6.65997369319798	0.0	2042818	5252.182169193278	4.0
31504.16666534514	4000.0	6.147016133936025	0.0	1750852	4512.957559261955	4.0
31509.34942924979	4000.0	4.964252229285644	0.0	2034636	5182.763904650381	4.0

