8582.796195204277	600.0	4.0	1.0620242914979758	247108	1062.0242914979758	-20.640485829959516
8583.268105986424	200.0	7.528089217853506	0.0	98617	471.9107821464941	0.2
8584.494414324517	600.0	10.301780879759567	0.0	288447	1226.3083380939372	0.6
8585.685929686779	600.0	13.110265517498323	0.0	279692	1191.5153622612454	0.6
8588.644332110962	1500.0	14.151863093316111	0.0	724296	2958.4024241822117	1.5
8591.46576029208	1500.0	15.330434912197907	0.0	689829	2821.4281811182036	1.5
8593.408018781549	1500.0	17.388176422728577	0.0	737903	1942.258489469329	1.5
8595.069480305394	1500.0	19.726714898882864	0.0	780303	1661.4615238457152	1.5
8596.956232854636	1500.0	21.83996234963972	0.0	891463	1886.7525492431437	1.5
8598.58281439875	1500.0	24.21338080552673	0.0	763093	1626.58154411299	1.5
8602.95817553452	4000.0	23.838019669755045	0.0	2094766	4375.361135771684	4.0
8607.213716441389	4000.0	23.582478762886126	0.0	1761739	4255.540906868918	4.0
8612.345186659293	4000.0	22.4510085449828	0.0	2131310	5131.470217903329	4.0
8618.411403531098	4000.0	20.384791673178505	0.0	1805063	6066.216871804291	4.0
8621.07321066983	1500.0	21.722984534445853	0.0	754517	2661.807138732651	1.5
8624.4553691799	1500.0	22.340826024376575	0.0	934743	3382.1585100692755	1.5
8627.24740531226	1500.0	23.548789892014145	0.0	735572	2792.0361323624297	1.5
8630.176021774607	1500.0	24.620173429667386	0.0	772616	2928.6164623467603	1.5
8633.011652708334	1500.0	25.784542495940777	0.0	747396	2835.630933726611	1.5
8635.460182004832	1500.0	27.336013199442824	0.0	662349	2448.529296497954	1.5
8638.518415739825	1500.0	28.27777946444939	0.0	835711	3058.2337349934296	1.5
8641.47217211553	1500.0	29.324023088745	0.0	806394	2953.75637570439	1.5
8646.152925156244	4000.0	28.64327004802977	0.0	1849252	4680.7530407152335	4.0
8649.898470960556	4000.0	28.89772424371966	0.0	1822097	3745.545804310106	4.0
8653.673669492	4000.0	29.12252571227399	0.0	1836837	3775.1985314456715	4.0
8660.04863502761	4000.0	26.747560176665434	0.0	1984579	6374.965535608556	4.0
8665.98643482192	4000.0	24.809760382354835	0.0	2068230	5937.799794310599	4.0
8670.910574053289	4000.0	23.88562115098506	0.0	2055338	4924.139231369777	4.0
8676.78618700999	4000.0	22.01000819428342	0.0	2165436	5875.612956701639	4.0
8683.1870265902	4000.0	19.60916861407352	0.0	2002600	6400.839580209896	4.0
8685.14274828678	1500.0	21.653446917494	0.0	757473	1955.721696579518	1.5
8689.17558389557	4000.0	21.62061130870346	0.0	1947068	4032.83560879054	4.0
8690.542088488779	1500.0	24.254106715494306	0.0	633700	1366.5045932091564	1.5
8695.21825760008	4000.0	23.57793760419146	0.0	2125133	4676.169111302844	4.0
8701.180025120486	4000.0	21.616170083786173	0.0	1828568	5961.767520405292	4.0
8706.079933139847	4000.0	20.716262064426417	0.0	1785821	4899.9080193597565	4.0
8707.503362267831	1500.0	23.29283293644131	0.0	681043	1423.429127985107	1.5
8711.440411496666	4000.0	23.35578370760675	0.0	1955307	3937.04922883456	4.0
8716.578645192096	4000.0	22.21755001217688	0.0	2142800	5138.2336954298735	4.0
8724.636543261558	4000.0	18.159651942715573	0.0	2094647	8057.898069461306	4.0
8726.47385123942	1500.0	20.322343964853534	0.0	811013	1837.3079778620354	1.5
8730.200001714948	4000.0	20.59619348932697	0.0	1830641	3726.1504755265646	4.0
8733.660034578561	4000.0	21.13616062571098	0.0	1697030	3460.032863615994	4.0
8737.502560696703	4000.0	21.293634507569585	0.0	1910697	3842.526118141392	4.0
8741.825878110683	4000.0	20.970317093589056	0.0	2171279	4323.31741398053	4.0
8746.31384486037	4000.0	20.48235034390253	0.0	2042818	4487.966749686526	4.0
8752.754507863867	4000.0	18.04168734040587	0.0	1750852	6440.663003496662	4.0
8755.767364249652	1500.0	19.028830954620453	0.0	808636	3012.856385785411	1.5

