16175.398488704057	600.0	4.0	0.7501801847614205	247108	750.1801847614205	-14.40360369522841
16176.318483957892	600.0	7.08000474616493	0.0	309722	919.9952538350708	0.6
16177.180779406659	600.0	10.217709297398084	0.0	288447	862.2954487668446	0.6
16179.209286229272	1500.0	12.189202474785997	0.0	718451	2028.506822612086	1.5
16181.253645242747	1500.0	14.14484346131028	0.0	724296	2044.3590134757183	1.5
16183.20452650387	1500.0	16.193962200186455	0.0	689829	1950.881261123824	1.5
16185.310551121125	1500.0	18.08793758293173	0.0	737903	2106.0246172547268	1.5
16188.183144674707	1500.0	19.215344029349517	0.0	780303	2872.593553582213	1.5
16191.453564072117	1500.0	19.944924631939713	0.0	891463	3270.419397409802	1.5
16194.264565481291	1500.0	21.133923222764416	0.0	763093	2811.001409175297	1.5
16197.005549782452	1500.0	22.392938921603523	0.0	769316	2740.9843011608923	1.5
16199.59305630877	1500.0	23.805432395287735	0.0	744416	2587.5065263157894	1.5
16201.7146293614	1500.0	25.683859342656156	0.0	606092	2121.5730526315792	1.5
16204.3142453614	1500.0	27.084243342656155	0.0	748011	2599.616	1.5
16206.845619404725	1500.0	28.552869299330673	0.0	754517	2531.374043325482	1.5
16209.813190938108	1500.0	29.58529776594843	0.0	934743	2967.5715333822454	1.5
16215.564467147708	4000.0	27.83402155634886	0.0	1835863	5751.276209599568	4.0
16217.843803521302	1500.0	29.554685182755243	0.0	772616	2279.336373593618	1.5
16223.736635368903	4000.0	27.661853335154802	0.0	2082556	5892.83184760044	4.0
16230.06009342433	4000.0	25.338395279726694	0.0	2164412	6323.45805542811	4.0
16232.603364798424	1500.0	26.795123905631673	0.0	835711	2543.2713740950203	1.5
16238.24010738969	4000.0	25.15838131436606	0.0	1950922	5636.742591265616	4.0
16243.249720691701	4000.0	24.148768012355095	0.0	1849252	5009.613302010963	4.0
16248.807045730096	4000.0	22.591442973958582	0.0	1822097	5557.325038396515	4.0
16255.659419220741	4000.0	19.739069483314285	0.0	1836837	6852.3734906443	4.0
16257.77234580144	1500.0	21.626142902615968	0.0	644861	2112.926580698318	1.5
16260.053278548054	1500.0	23.34521015600289	0.0	794014	2280.9327466130767	1.5
16262.667588516524	1500.0	24.730900187533326	0.0	914284	2614.3099684695608	1.5
16264.620590837996	1500.0	26.777897866061444	0.0	675709	1953.0023214718826	1.5
16270.379918818582	4000.0	25.018569885476747	0.0	2002600	5759.327980584697	4.0
16272.64366411129	1500.0	26.75482459276877	0.0	757473	2263.7452927079767	1.5
16278.337707556459	4000.0	25.06078114760017	0.0	1947068	5694.043445168601	4.0
16280.245875097613	1500.0	27.152613606445122	0.0	633700	1908.167541155046	1.5
16286.456692789325	4000.0	24.94179591473383	0.0	2125133	6210.817691711293	4.0
16291.137118554812	4000.0	24.261370149246915	0.0	1828568	4680.425765486913	4.0
16295.572314799116	4000.0	23.826173904943715	0.0	1785821	4435.196244303199	4.0
16301.342683305184	4000.0	22.055805398875837	0.0	2096494	5770.368506067879	4.0
16307.063568251362	4000.0	20.334920452697443	0.0	1955307	5720.884946178396	4.0
16308.953099958477	1500.0	22.44538874558256	0.0	691256	1889.5317071148843	1.5
16310.844711976073	1500.0	24.5537767279867	0.0	725845	1891.612017595857	1.5
16315.880089631832	4000.0	23.518399072229048	0.0	1985434	5035.377655757651	4.0
16320.885586490953	4000.0	22.512902213106976	0.0	1830641	5005.496859122072	4.0
16325.800085458264	4000.0	21.598403245796955	0.0	1697030	4914.498967310021	4.0
16330.851304098005	4000.0	20.54718460605631	0.0	1910697	5051.218639740647	4.0
16332.45619780523	1500.0	22.942290898830823	0.0	629438	1604.893707225486	1.5
16337.485184541345	4000.0	21.91330416271551	0.0	2042818	5028.9867361153165	4.0
16342.546073105896	4000.0	20.852415598163574	0.0	1750852	5060.888564551934	4.0
16345.011210169221	1500.0	22.387278534839766	0.0	808636	2465.137063323809	1.5

