35262.69204438684	600.0	4.0	1.0857561496782073	247108	1085.7561496782073	0.013857544	-21.115122993564146
35263.17342618836	200.0	7.518618198468622	0.0	98617	481.381801531378	0.004705182	0.2
35263.68679496555	200.0	11.005249421281574	0.0	106476	513.3687771870469	0.004705182	0.2
35264.2357934647	200.0	14.456250922133753	0.0	115230	548.9984991478212	0.004705182	0.2
35264.713272033034	200.0	17.978772353794103	0.0	97658	477.4785683396505	0.004705182	0.2
35265.190750601374	200.0	21.50129378545445	0.0	97658	477.4785683396505	0.004705182	0.2
35265.742036501	200.0	24.95000788583348	0.0	115792	551.2858996209712	0.004705182	0.2
35266.26028126709	200.0	28.431763119737475	0.0	107674	518.2447660960038	0.004705182	0.2
35269.9686316016	1500.0	28.72341278522551	0.0	891463	3708.3503345119684	0.004705182	1.5
35272.99737442914	1500.0	29.694669957680457	0.0	763093	3028.7428275450516	0.004705182	1.5
35275.55100960529	1500.0	31.1410347815385	0.0	769316	2553.6351761419587	0.004705182	1.5
35278.02458208173	1500.0	32.66746230510113	0.0	744416	2473.572476437371	0.004705182	1.5
35280.05339179214	1500.0	34.63865259468535	0.0	606092	2028.8097104157875	0.004705182	1.5
35282.53852352181	1500.0	36.15352086501753	0.0	748011	2485.131729667812	0.004705182	1.5
35284.48212345126	1500.0	38.2099209355709	0.0	754517	1943.599929446632	0.004705182	1.5
35286.81241504645	1500.0	39.87962934037365	0.0	934743	2330.291595197256	0.004705182	1.5
35288.663224230644	1500.0	42.02882015617817	0.0	735572	1850.8091841954802	0.06340856	1.5
35300.69175388364	8000.0	34.00029050318312	0.0	4260556	12028.529652995045	0.6014888	8.0
35303.082275562294	1500.0	35.60976882453717	0.0	747396	2390.5216786459546	0.004705182	1.5
35305.19600215008	1500.0	37.49604223675153	0.0	662349	2113.726587785638	0.004705182	1.5
35316.04820072	8000.0	30.643843666833742	0.0	3690869	10852.198569917786	0.012552079	8.0
35318.187232350014	1500.0	32.50481203681874	0.0	806394	2139.031630015001	0.004705182	1.5
35320.33375304836	1500.0	34.35829133846887	0.0	809327	2146.520698349877	0.05110231	1.5
35332.73890508253	8000.0	25.953139304298826	0.0	4032749	12405.15203417004	0.004705182	8.0
35335.624459982304	1500.0	27.067584404525864	0.0	855209	2885.554899772965	0.004705182	1.5
35337.821578275114	1500.0	28.870466111717818	0.0	644861	2197.118292808044	0.004705182	1.5
35340.50837503309	1500.0	30.183669353741006	0.0	794014	2686.7967579768133	0.022979792	1.5
35343.59002559224	1500.0	31.102018794594603	0.0	914284	3081.650559146404	0.004705182	1.5
35356.36754560621	8000.0	22.32449878061869	0.0	3811227	12777.52001397591	0.0847006	8.0
35358.85681455294	1500.0	23.835229833888746	0.0	707527	2489.268946729947	0.004705182	1.5
35361.51615947814	1500.0	25.17588490869667	0.0	757473	2659.3449251920742	0.004705182	1.5
35364.02147371398	1500.0	26.6705706728442	0.0	712239	2505.31423585247	0.12872441	1.5
35365.6407685556	1500.0	29.051275831235046	0.0	633700	1619.2948416091517	0.0148892095	1.5
35376.60962553693	8000.0	22.08241884990705	0.0	4271839	10968.856981327996	0.004705182	8.0
35379.14391203578	1500.0	23.548132351051215	0.0	670327	2534.2864988558354	0.004705182	1.5
35382.09995414105	1500.0	24.592090245788057	0.0	785519	2956.042105263158	0.004705182	1.5
35396.22830554957	8000.0	14.463738837267899	0.0	4018228	14128.35140852016	0.25094482	8.0
35398.446885067846	1500.0	16.245159318991114	0.0	866245	2218.579518276783	0.004705182	1.5
35400.23345298279	1500.0	18.458591404041027	0.0	691256	1786.5679149500843	0.21558952	1.5
35405.67363140767	4000.0	17.018412979158217	0.0	2094647	5440.178424882813	0.19883792	4.0
35412.0202896575	4000.0	14.67175472933576	0.0	1985434	6346.658249822457	0.17304055	4.0
35417.79771680858	4000.0	12.894327578249648	0.0	1830641	5777.427151086113	0.055992138	4.0
35420.23174166665	1500.0	14.460302720186123	0.0	767059	2434.024858063526	0.34291428	1.5
35422.914273506445	1500.0	15.777770880382532	0.0	848035	2682.5318398035906	0.25119263	1.5
35428.630646609956	4000.0	14.061397776874877	0.0	2171279	5716.3731035076535	0.18794654	4.0
35433.53337660567	4000.0	13.158667781153866	0.0	2042818	4902.729995721011	0.35539055	4.0
35437.87556159785	4000.0	12.816482788971475	0.0	1750852	4342.1849921823905	0.16093749	4.0
35443.01873442353	4000.0	11.673309963290253	0.0	2034636	5143.172825681225	0.45943418	4.0

