28524.045475401796	600.0	4.0	0.8831298624794328	247108	883.1298624794329	-17.062597249588656
28526.505877197484	1500.0	5.539598204310468	0.0	732405	2460.4017956895323	1.5
28527.523363638404	600.0	8.522111763391498	0.0	288447	1017.4864409189706	0.6
28528.51239530673	600.0	11.533080095065918	0.0	279692	989.0316683255804	0.6
28529.62706999035	600.0	14.418405411444475	0.0	318350	1114.6746836214427	0.6
28530.02446989691	200.0	18.02100550488533	0.0	97658	397.39990655914204	0.2
28530.480807421543	200.0	21.564667980255543	0.0	115792	456.3375246297914	0.2
28533.09688331177	1500.0	22.948592090028235	0.0	780303	2616.075890227305	1.5
28534.11218661106	600.0	25.933288790737464	0.0	290723	1015.3032992907732	0.6
28550.17412088798	12000.0	13.871354513817542	0.0	5088378	16061.934276919923	12.0
28550.556824877505	200.0	17.48865052429228	0.0	95365	382.7039895252644	0.2
28550.939455861295	200.0	21.10601954050035	0.0	95342	382.63098379193366	0.2
28552.94329024938	1500.0	23.102185152419327	0.0	606092	2003.8343880810207	1.5
28558.5578526922	4000.0	21.487622709593616	0.0	1805063	5614.56244282571	4.0
28558.88905748862	200.0	25.15641791317575	0.0	82750	331.20479641786517	0.2
28559.255558456254	200.0	28.789916945543983	0.0	94377	366.5009676317687	0.2
28560.36978454057	600.0	31.67569086122721	0.0	340687	1114.226084316776	0.6
28574.407448157217	12000.0	21.63802724458288	0.0	4055239	14037.663616644331	12.0
28574.82950794674	200.0	25.21596745506295	0.0	90919	422.05978951992955	0.2
28577.50861129691	1500.0	26.53686410488882	0.0	662349	2679.103350174131	1.5
28578.689885638403	600.0	29.355589763396694	0.0	280646	1181.2743414921274	0.6
28579.153432015995	200.0	32.892043385803134	0.0	97742	463.5463775935645	0.2
28579.62848768873	200.0	36.41698771307051	0.0	100675	475.0556727326237	0.2
28580.044984475895	200.0	40.00049092590222	0.0	85752	416.4967871682935	0.2
28580.496028768826	200.0	43.549446632970444	0.0	94556	451.04429293177026	0.2
28581.444845171438	600.0	46.60063023036094	0.0	221407	948.8164026095061	0.6
28584.6406111007	1500.0	47.40486430109229	0.0	794014	3195.765929268652	1.5
28596.9505097211	8000.0	39.09496568069393	0.0	3354913	12309.898620398362	8.0
28597.368188901986	200.0	42.677286499806556	0.0	93993	417.679180887372	0.2
28615.33683898943	12000.0	28.7086364123593	0.0	5411094	17968.650087447255	12.0
28616.37191115879	600.0	31.673564243004403	0.0	240372	1035.072169354899	0.6
28631.27742167532	8000.0	20.768053726472303	0.0	3568902	14905.510516532098	8.0
28632.557114718107	600.0	23.488360683686523	0.0	310713	1279.6930427857815	0.6
28632.9823817371	200.0	27.06309366469475	0.0	89422	425.26701899177107	0.2
28635.65057932874	1500.0	28.394896073054028	0.0	670327	2668.197591640725	1.5
28636.07049095028	200.0	31.974984451513706	0.0	87791	419.9116215403237	0.2
28638.87112612455	1500.0	33.17434927724026	0.0	681043	2800.6351742734446	1.5
28639.272320571774	200.0	36.773154830021646	0.0	80403	401.1944472186158	0.2
28642.113754707396	1500.0	37.93172069439795	0.0	691256	2841.4341356236896	1.5
28643.328707269065	600.0	40.71676813272813	0.0	284107	1214.9525616698293	0.6
28660.524096619574	12000.0	27.521378782221603	0.0	4828747	17195.38935050652	12.0
28660.98836334291	200.0	31.05711205888567	0.0	101713	464.2667233359307	0.2
28663.966274608283	1500.0	32.07920079350823	0.0	767059	2977.911265377441	1.5
28671.291676719247	4000.0	28.753798682544044	0.0	1910697	7325.402110964182	4.0
28673.76361287733	1500.0	30.281862524459303	0.0	629438	2471.936158084743	1.5
28674.93894253722	600.0	33.1065328645695	0.0	288236	1175.3296598897966	0.6
28680.9833315692	4000.0	31.062143832589907	0.0	1750852	6044.389031979599	4.0
28699.04335180702	12000.0	17.002123594771025	0.0	5646381	18060.020237818884	12.0

