12998.252609484562	600.0	4.0	0.8250445663029755	247108	825.0445663029756	-15.90089132605951
12998.629945305316	200.0	7.622664179245104	0.0	98617	377.33582075489477	0.2
12999.579629289712	600.0	10.672980194848021	0.0	288447	949.6839843970829	0.6
13000.502916454994	600.0	13.749693029566396	0.0	279692	923.2871652816252	0.6
13001.54275967206	600.0	16.709849812501176	0.0	318350	1039.8432170652195	0.6
13003.702633039691	1500.0	18.549976444871575	0.0	689829	2159.8733676296	1.5
13004.131752454769	200.0	22.120857029792525	0.0	115792	429.119415079051	0.2
13005.040359310253	600.0	25.212250174307947	0.0	274823	908.6068554845762	0.6
13005.407709264085	200.0	28.844900220476	0.0	95305	367.3499538319483	0.2
13022.255925220903	12000.0	15.996684263657587	0.0	5088378	16848.215956818414	12.0
13023.30576303685	600.0	18.946846447711636	0.0	329266	1049.8378159459508	0.6
13024.227055354737	600.0	22.025554129823526	0.0	285624	921.2923178881096	0.6
13025.174285339457	600.0	25.078324145103068	0.0	294430	947.2299847204581	0.6
13025.49247535805	200.0	28.76013412650989	0.0	80867	318.1900185931776	0.2
13025.816211666292	200.0	32.43639781826814	0.0	82750	323.73630824174813	0.2
13026.85164326733	600.0	35.40096621722987	0.0	324375	1035.4316010382727	0.6
13027.935121111994	600.0	38.31748837256574	0.0	340687	1083.4778446641262	0.6
13042.10449386937	12000.0	28.14811561519119	0.0	4055239	14169.372757374547	12.0
13042.456767583526	200.0	31.79584190103382	0.0	90919	352.27371415737065	0.2
13042.793939104078	200.0	35.4586703804828	0.0	85876	337.17152055102196	0.2
13059.980218518785	12000.0	22.27239096577445	0.0	5251330	17186.27941470835	12.0
13060.347209636748	200.0	25.90539984781218	0.0	97742	366.9911179622697	0.2
13060.722812661044	200.0	29.529796823515035	0.0	100675	375.6030242971446	0.2
13061.680519480395	600.0	32.5720900041654	0.0	298925	957.7068193496293	0.6
13062.779205526052	600.0	35.473403958507326	0.0	346939	1098.6860456580782	0.6
13071.86714911536	8000.0	30.38546036919927	0.0	3253093	9087.943589308059	8.0
13085.709336690028	12000.0	20.54327279453119	0.0	5138482	13842.187574668073	12.0
13094.496532567775	8000.0	15.75607691678304	0.0	3354913	8787.195877748152	8.0
13095.236939608012	600.0	19.015669876547044	0.0	291029	740.4070402359982	0.6
13096.00394864232	600.0	22.248660842239367	0.0	302752	767.009034307677	0.6
13096.629404116089	600.0	25.62320536847006	0.0	240372	625.4554737693062	0.6
13105.198359221227	8000.0	21.054250263330264	0.0	3568902	8568.955105139794	8.0
13105.523325262897	200.0	24.729284221660404	0.0	99865	324.9660416698606	0.2
13105.822674918714	200.0	28.429934565843027	0.0	89422	299.3496558173763	0.2
13107.546968232833	1500.0	30.705641251724643	0.0	670327	1724.2933141183867	1.5
13109.553824289374	1500.0	32.69878519518364	0.0	785519	2006.8560565410032	1.5
13110.33279128157	600.0	35.91981820298715	0.0	284947	778.966992196483	0.6
13113.33662298935	1500.0	36.915986495206774	0.0	866245	3003.8317077803827	1.5
13132.888425197942	12000.0	21.364184286614822	0.0	5257310	19551.80220859195	12.0
13133.772079883867	600.0	24.480529600689394	0.0	284107	883.6546859254282	0.6
13151.443565405443	12000.0	10.809044079114495	0.0	4828747	17671.4855215749	12.0
13152.261441568226	600.0	13.991167916332648	0.0	302912	817.8761627818462	0.6
13156.47530877892	4000.0	13.77730070563886	0.0	1697030	4213.8672106937875	4.0
13156.79156595353	200.0	17.46104353102747	0.0	96988	316.25717461139106	0.2
13157.07914234316	200.0	21.173467141398493	0.0	85214	287.57638962897556	0.2
13159.019829583389	1500.0	23.232779901168907	0.0	763847	1940.6872402295878	1.5
13163.263900308455	4000.0	22.988709176103324	0.0	1750852	4244.070725065585	4.0
13177.334334937083	12000.0	12.918274547475683	0.0	5646381	14070.43462862764	12.0

