545.130286648402	600.0	4.0	0.9194148744188021	247108	919.4148744188021	0.00539826	-17.788297488376042
545.5452842068402	200.0	7.58500244156175	0.0	98617	414.99755843824977	0.004705182	0.2
545.9869784383852	200.0	11.143308210016771	0.0	106476	441.6942315449778	0.004705182	0.2
546.4584096181902	200.0	14.671877030211672	0.0	115230	471.43117980509965	0.004705182	0.2
546.8701494963245	200.0	18.260137152077448	0.0	97658	411.73987813422224	0.004705182	0.2
547.2818893744587	200.0	21.848397273943224	0.0	97658	411.73987813422224	0.004705182	0.2
547.7552296432427	200.0	25.375057005159125	0.0	115792	473.34026878410225	0.004705182	0.2
548.2009934274512	200.0	28.92929322095072	0.0	107674	445.76378420840325	0.004705182	0.2
548.6047402693442	200.0	32.525546379057765	0.0	95305	403.74684189295346	0.004705182	0.2
549.042864300681	200.0	36.08742234772086	0.0	105425	438.12403133691436	0.0060325596	0.2
549.4468149599027	200.0	39.68347168849919	0.0	95365	403.95065922167254	0.004705182	0.2
549.8506874891483	200.0	43.27959915925352	0.0	95342	403.87252924566354	0.004705182	0.2
550.2786002723165	200.0	46.85168637608543	0.0	102419	427.9127831680856	0.0052380078	0.2
550.6333018710087	200.0	50.496984777393266	0.0	80867	354.7015986921721	0.004705182	0.2
550.9943999368671	200.0	54.13588671153479	0.0	82750	361.09806585847434	0.0057921107	0.2
571.6773258060591	12000.0	37.452960842342904	0.0	5443841	20682.925869191884	0.78346425	12.0
572.0821362871975	200.0	41.048150361204435	0.0	89871	404.8104811384685	0.004705182	0.2
585.4811050072362	12000.0	31.64918164116566	0.0	4055239	13398.968720038773	0.004705182	12.0
585.8504863929815	200.0	35.279800255420476	0.0	90919	369.38138574519127	0.004705182	0.2
586.2039986152921	200.0	38.92628803310978	0.0	85876	353.5122223106935	0.004705182	0.2
586.6491741865956	200.0	42.481112461806326	0.0	114656	445.1755713034477	0.004705182	0.2
587.0404792268058	200.0	46.08980742159612	0.0	97742	391.30504021020784	0.11811923	0.2
604.4111176115069	12000.0	32.719169036895046	0.0	5141915	17370.63838470107	0.53233325	12.0
604.7977512018522	200.0	36.332535446549755	0.0	85752	386.63359034529	0.004705182	0.2
605.2158662985111	200.0	39.91442034989091	0.0	94556	418.1150966588446	0.004705182	0.2
617.1102323384904	8000.0	32.020054309911465	0.0	3253093	11894.366039979446	0.006823861	8.0
617.4477233361989	200.0	35.68256331220295	0.0	88490	337.4909977085076	0.035681807	0.2
627.4264874302391	8000.0	29.703799218162843	0.0	3354913	9978.76409404011	0.004705182	8.0
627.8244946620591	200.0	33.30579198634284	0.0	93993	398.00723182000803	0.051862292	0.2
628.232956314382	200.0	36.89733033401998	0.0	97083	408.4616523228521	0.10250826	0.2
628.6309263298183	200.0	40.49936031858365	0.0	93982	397.970015436341	0.01133775	0.2
640.9466792827258	8000.0	32.18360736567619	0.0	3568902	12315.752952907458	0.079350576	8.0
643.2566922591702	1500.0	33.87359438923173	0.0	633700	2310.0129764444546	0.026727198	1.5
643.6513714770646	200.0	37.478915171337434	0.0	89422	394.679217894297	0.023512214	0.2
644.112219124809	200.0	41.01806752359292	0.0	108225	460.84764774451804	0.106319815	0.2
644.5011587953393	200.0	44.62912785306264	0.0	87791	388.9396705302747	0.17057684	0.2
644.9404101204761	200.0	48.18987652792573	0.0	102088	439.25132513691256	0.5989039	0.2
645.3033511546328	200.0	51.82693549376909	0.0	80403	362.94103415664114	0.50717133	0.2
663.0427264811735	12000.0	38.08756016722829	0.0	5257310	17739.37532654081	0.0064877714	12.0
663.4250778525598	200.0	41.705208795842076	0.0	101968	382.35137138621207	0.071730554	0.2
679.7075556991329	12000.0	29.422730949268974	0.0	4828747	16282.4778465731	0.03271369	12.0
685.7580917992592	4000.0	27.372194849142595	0.0	1830641	6050.536100126381	0.0072970917	4.0
691.6073069541524	4000.0	25.522979694249354	0.0	1697030	5849.215154893239	0.011724874	4.0
698.273279871149	4000.0	22.857006777252806	0.0	1910697	6665.972916996549	0.008711386	4.0
710.4131083496262	8000.0	14.71717829877556	0.0	3682991	12139.828478477246	0.0205186	8.0
713.0983719338601	1500.0	16.031914714541585	0.0	763847	2685.2635842339755	0.2252958	1.5
719.0181144850773	4000.0	14.112172163324514	0.0	1750852	5919.742551217071	0.004705182	4.0
725.2613435649712	4000.0	11.868943083430535	0.0	2034636	6243.229079893979	0.074190035	4.0

