1070.6475245531333	600.0	4.0	0.6747154826190942	247108	674.7154826190942	-12.894309652381883
1071.4729333165392	600.0	7.174591236593914	0.0	309722	825.408763406086	0.6
1073.1024816085323	1500.0	9.545042944600713	0.0	643847	1629.548291993201	1.5
1073.4598059568423	200.0	13.18771859629067	0.0	115230	357.3243483100435	0.2
1075.2829710716874	1500.0	15.364553481445826	0.0	724296	1823.1651148448427	1.5
1076.1594187785508	600.0	18.488105774582213	0.0	330929	876.4477068636152	0.6
1076.5180956937597	200.0	22.129428859373355	0.0	115792	358.67691520885666	0.2
1077.2595129407925	600.0	25.388011612340367	0.0	274823	741.4172470329869	0.6
1077.5688837384641	200.0	29.07864081466885	0.0	95305	309.3707976715152	0.2
1089.0871837020657	12000.0	21.560340851067565	0.0	5088378	11518.299963601286	12.0
1090.855682057918	1500.0	23.791842495215214	0.0	769316	1768.4983558523531	1.5
1091.2501669776204	200.0	27.397357575512903	0.0	95342	394.484919702311	0.2
1092.301342271908	600.0	30.34618228122548	0.0	294430	1051.1752942874223	0.6
1094.8486513200864	1500.0	31.798873233046866	0.0	748011	2547.309048178614	1.5
1095.2016016159203	200.0	35.445922937213275	0.0	82750	352.95029583359104	0.2
1095.5929034898766	200.0	39.05462106325694	0.0	94377	391.30187395633624	0.2
1096.7966571749116	600.0	41.85086737822179	0.0	340687	1203.7536850351496	0.6
1111.069884493346	12000.0	31.577640059787306	0.0	4055239	14273.227318434489	12.0
1111.477498393308	200.0	35.17002615982559	0.0	90919	407.61389996171437	0.2
1111.8356715038444	200.0	38.81185304928911	0.0	85876	358.1731105364737	0.2
1123.7586514125014	8000.0	30.88887314063219	0.0	3690869	11922.979908656924	8.0
1124.8197640140952	600.0	33.82776053903825	0.0	310841	1061.1126015939399	0.6
1125.217526185641	200.0	37.429998367492445	0.0	100675	397.7621715458061	0.2
1126.241028118885	600.0	40.40649643424854	0.0	298925	1023.5019332439044	0.6
1126.6194767892866	200.0	44.0280477638469	0.0	94556	378.4486704016413	0.2
1135.7735175955158	8000.0	38.8740069576176	0.0	3253093	9154.0408062293	8.0
1151.6353727606386	12000.0	27.01215179249491	0.0	5138482	15861.855165122692	12.0
1152.1080625300058	200.0	30.539462023127673	0.0	103756	472.68976936723834	0.2
1152.5050701679559	200.0	34.142454385177665	0.0	93993	397.0076379500115	0.2
1153.5540897522646	600.0	37.09343480086912	0.0	302752	1049.0195843085478	0.6
1154.4034494113896	600.0	40.244075141744105	0.0	240372	849.3596591250076	0.6
1167.1775219516187	8000.0	31.470002601515237	0.0	3568902	12774.07254022887	8.0
1187.6334733647022	12000.0	15.014051188431672	0.0	5639869	20455.951413083563	12.0
1187.9367910896194	200.0	18.7107334635144	0.0	89422	303.3177249172754	0.2
1188.727163818595	600.0	21.920360734538935	0.0	284451	790.3727289754636	0.6
1189.4957946483382	600.0	25.151729904795538	0.0	275745	768.6308297433976	0.6
1189.830743764902	200.0	28.81678078823189	0.0	102088	334.9491165636511	0.2
1190.111537921111	200.0	32.53598663202286	0.0	80403	280.79415620902796	0.2
1207.1028199099705	12000.0	19.544704643163485	0.0	5257310	16991.281988859377	12.0
1207.4284371567487	200.0	23.21908739638521	0.0	101968	325.61724677827294	0.2
1222.4283812600167	12000.0	12.219143293117265	0.0	4828747	14999.944103267946	12.0
1222.8902495285479	200.0	15.757275024585926	0.0	101713	461.8682685313373	0.2
1229.3230836903979	4000.0	13.324440862736065	0.0	1697030	6432.834161849862	4.0
1230.44706216993	600.0	16.2004623832039	0.0	278938	1123.9784795321639	0.6
1232.8828535149592	1500.0	17.76467103817466	0.0	629438	2435.79134502924	1.5
1235.7959780601825	1500.0	18.85154649295126	0.0	763847	2913.1245452234007	1.5
1242.3511721059028	4000.0	16.2963524472309	0.0	1750852	6555.194045720362	4.0
1249.631357104493	4000.0	13.016167448640648	0.0	2034636	7280.184998590249	4.0

