836.5414713260741	600.0	4.0	1.0505734485467402	247108	1050.57344854674	-20.411468970934802
837.8379756465769	600.0	6.703495679497251	0.0	309722	1296.5043205027496	0.6
839.0509175161762	600.0	9.490553809897879	0.0	288447	1212.9418695993716	0.6
841.9527988987371	1500.0	10.588672427337	0.0	718451	2901.8813825608795	1.5
843.2831916717143	600.0	13.258279654359782	0.0	318350	1330.3927729772192	0.6
846.0697041322948	1500.0	14.471767193779389	0.0	689829	2786.512460580393	1.5
848.9639794946136	1500.0	15.577491831460549	0.0	737903	2894.275362318841	1.5
852.019963476307	1500.0	16.521507849767186	0.0	780303	3055.9839816933636	1.5
855.499898640304	1500.0	17.041572685770237	0.0	891463	3479.935163996949	1.5
858.699707401337	1500.0	17.84176392473722	0.0	763093	3199.808761033018	1.5
861.9932245274857	1500.0	18.54824679858851	0.0	769316	3293.5171261487053	1.5
865.1827316285718	1500.0	19.358739697502465	0.0	744416	3189.507101086049	1.5
867.825920487433	1500.0	20.715550838641192	0.0	606092	2643.1888588612696	1.5
871.1082794096495	1500.0	21.433191916424622	0.0	748011	3282.358922216574	1.5
874.418491594917	1500.0	22.122979731157184	0.0	754517	3310.212185267439	1.5
878.2929098874179	1500.0	22.248561438656246	0.0	934743	3874.418292500938	1.5
881.1444045300648	1500.0	23.39706679600936	0.0	735572	2851.4946426468855	1.5
884.1354738812952	1500.0	24.405997444778937	0.0	772616	2991.0693512304256	1.5
887.0309974942097	1500.0	25.510473831864395	0.0	747396	2895.5236129145424	1.5
889.5434771232867	1500.0	26.99799420278734	0.0	662349	2512.4796290770537	1.5
892.6926294633606	1500.0	27.84884186271343	0.0	835711	3149.1523400739093	1.5
895.734114991398	1500.0	28.807356334676154	0.0	806394	3041.485528037276	1.5
903.460986708322	4000.0	25.08048461775207	0.0	1849252	7726.871716924084	4.0
906.4509875085995	1500.0	26.09048381747464	0.0	681795	2990.0008002774293	1.5
910.2786378156079	1500.0	26.26283351046625	0.0	855209	3827.65030700839	1.5
913.2107430787659	1500.0	27.330728247308357	0.0	644861	2932.1052631578946	1.5
916.8025254759352	1500.0	27.738945850138965	0.0	794014	3591.782397169394	1.5
920.5580041189675	1500.0	27.983467207106713	0.0	914284	3755.478643032249	1.5
923.2821402958409	1500.0	29.259331030233305	0.0	675709	2724.1361768734105	1.5
926.1307843967996	1500.0	30.410686929274586	0.0	707527	2848.6441009587165	1.5
929.1438067908248	1500.0	31.39766453524947	0.0	757473	3013.022394025119	1.5
931.9389729770008	1500.0	32.6024983490733	0.0	712239	2795.166186176169	1.5
934.4347362421124	1500.0	34.106735083961674	0.0	633700	2495.7632651116246	1.5
942.809686057808	4000.0	29.73178526826617	0.0	2125133	8374.9498156955	4.0
950.2628318854236	4000.0	26.278639440650696	0.0	1828568	7453.1458276154735	4.0
953.6289207289929	1500.0	26.912550597081268	0.0	785519	3366.08884356943	1.5
956.5579515026483	1500.0	27.983519823425816	0.0	681043	2929.03077365545	1.5
960.1046077619945	1500.0	28.436863564079474	0.0	866245	3546.656259346344	1.5
962.8138323138892	1500.0	29.72763901218483	0.0	691256	2709.224551894642	1.5
965.654617746305	1500.0	30.886853579769102	0.0	725845	2840.7854324157274	1.5
968.8216113278197	1500.0	31.719859998254343	0.0	811013	3166.9935815147614	1.5
976.1904643824422	4000.0	28.35100694363197	0.0	1830641	7368.853054622372	4.0
983.3132762818083	4000.0	25.228195044265934	0.0	1697030	7122.811899366036	4.0
987.0054904287082	1500.0	25.53598089736606	0.0	848035	3692.2141468998752	1.5
989.7337467706939	1500.0	26.807724555380233	0.0	629438	2728.2563419858257	1.5
992.9092211640883	1500.0	27.632250161985773	0.0	763847	3175.4743933944587	1.5
996.107567752407	1500.0	28.433903573667045	0.0	769491	3198.3465883187278	1.5
999.4656510632574	1500.0	29.075820262816762	0.0	808636	3358.0833108502807	1.5

