36656.60098891125	600.0	4.0	0.6362441790120853	247108	636.2441790120853	-12.124883580241706
36657.378178235806	600.0	7.222810675445631	0.0	309722	777.1893245543691	0.6
36658.907488439945	1500.0	9.693500471306576	0.0	643847	1529.3102041390566	1.5
36660.60473347716	1500.0	11.99625543409446	0.0	718451	1697.2450372121161	1.5
36662.31513570566	1500.0	14.28585320558815	0.0	724296	1710.40222850631	1.5
36666.75079206534	4000.0	13.85019684591424	0.0	1863995	4435.656359673908	4.0
36676.4690824221	4000.0	8.131906489149845	0.0	2046450	9718.290356764395	4.0
36679.77391633902	1500.0	8.82707257222823	0.0	780303	3304.8339169216156	1.5
36683.53024192282	1500.0	9.07074698843525	0.0	891463	3756.3255837929796	1.5
36686.75717939382	1500.0	9.84380951743159	0.0	763093	3226.9374710036604	1.5
36689.052808314496	1500.0	11.548180596756138	0.0	769316	2295.6289206754527	1.5
36691.274511873016	1500.0	13.326477038235648	0.0	744416	2221.70355852049	1.5
36693.09825380386	1500.0	15.50273510739214	0.0	606092	1823.7419308435078	1.5
36695.330300267815	1500.0	17.27068864343587	0.0	748011	2232.0464639562692	1.5
36697.525267933735	1500.0	19.075720977517225	0.0	754517	2194.9676659186484	1.5
36699.93412000474	1500.0	20.666868906511308	0.0	934743	2408.8520710059174	1.5
36701.84675033797	1500.0	22.754238573281782	0.0	735572	1912.6303332295238	1.5
36707.38965908914	4000.0	21.21132982211392	0.0	2192675	5542.908751167861	4.0
36712.57982754417	4000.0	20.021161367087167	0.0	2082556	5190.168455026755	4.0
36717.97323493135	4000.0	18.627753979907283	0.0	2164412	5393.407387179884	4.0
36723.9290997253	4000.0	16.6718891859576	0.0	2379358	5955.864793949684	4.0
36728.846675289984	4000.0	15.754313621274456	0.0	1950922	4917.575564683144	4.0
36733.57522705746	4000.0	15.025761853796059	0.0	1849252	4728.551767478398	4.0
36738.28026493632	4000.0	14.320723974934067	0.0	1822097	4705.037878861992	4.0
36743.56662678507	4000.0	13.03436212618564	0.0	1836837	5286.361848748428	4.0
36749.89992834011	4000.0	10.701060571137438	0.0	1984579	6333.3015550482005	4.0
36758.66166848649	4000.0	5.939320424759531	0.0	2068230	8761.740146377906	4.0
36761.66913376566	1500.0	6.9318551455920305	0.0	914284	3007.4652791675007	1.5
36763.91270070583	1500.0	8.688288205427932	0.0	675709	2243.5669401640985	1.5
36766.25814637323	1500.0	10.342842538027494	0.0	707527	2345.4456674004405	1.5
36768.957820812895	1500.0	11.64316809835757	0.0	757473	2699.6744396699232	1.5
36772.70844633631	1500.0	11.892542574940704	0.0	712239	3750.6255234168657	1.5
36776.05430989362	1500.0	12.546679017638636	0.0	633700	3345.863557302068	1.5
36779.374820298995	1500.0	13.226168612261452	0.0	755142	3320.5104053771856	1.5
36781.23216883406	1500.0	15.36882007719583	0.0	670327	1857.3485350656238	1.5
36783.39494491785	1500.0	17.206043993409537	0.0	785519	2162.776083786292	1.5
36785.28070655115	1500.0	19.320282360107136	0.0	681043	1885.7616333023998	1.5
36787.65752479323	1500.0	20.943464118028388	0.0	866245	2376.818242078748	1.5
36789.54944272308	1500.0	23.051546188177806	0.0	691256	1891.9179298505792	1.5
36794.94403526046	4000.0	21.65695365079337	0.0	2094647	5394.5925373844375	4.0
36800.84883317821	4000.0	19.752155733045104	0.0	1985434	5904.797917748267	4.0
36809.88725444531	4000.0	14.713734465939858	0.0	1830641	9038.421267105245	4.0
36816.51965194526	4000.0	12.081336966000189	0.0	1697030	6632.3974999396705	4.0
36819.73621392655	1500.0	12.864774984699286	0.0	848035	3216.5619813009016	1.5
36821.38627628624	1500.0	15.214712625008591	0.0	629438	1650.062359690696	1.5
36823.37160679261	1500.0	17.229382118647905	0.0	763847	1985.3305063606886	1.5
36825.37101562273	1500.0	19.229973288515698	0.0	769491	1999.4088301322029	1.5
36844.44996119298	8000.0	4.15102771826688	0.0	4346302	19078.94557024882	8.0

