26591.992989946124	600.0	4.0	0.6831621662852785	247108	683.1621662852784	-13.06324332570557
26593.860706193263	1500.0	6.132283752860412	0.0	732405	1867.7162471395882	1.5
26595.51226256245	1500.0	8.480727383676584	0.0	643847	1651.556369183829	1.5
26597.3459187028	1500.0	10.647071243325707	0.0	718451	1833.6561403508772	1.5
26599.19384181493	1500.0	12.79914813119756	0.0	724296	1847.9231121281466	1.5
26600.957634949937	1500.0	15.035354996186118	0.0	689829	1763.7931350114418	1.5
26602.660474595556	1500.0	17.332515350570496	0.0	737903	1702.8396456156227	1.5
26604.29463084711	1500.0	19.69835909901445	0.0	780303	1634.1562515560424	1.5
26606.150188283747	1500.0	21.8428016623765	0.0	891463	1855.5574366379526	1.5
26607.750066787958	1500.0	24.24292315816896	0.0	763093	1599.8785042075388	1.5
26609.36233985473	1500.0	26.630650091396067	0.0	769316	1612.2730667728924	1.5
26610.92501873737	1500.0	29.06797120875901	0.0	744416	1562.6788826370562	1.5
26612.212192964325	1500.0	31.780796981800886	0.0	606092	1287.1742269581239	1.5
26613.53033211093	1500.0	34.462657835197696	0.0	748011	1318.1391466031946	1.5
26617.107485851877	4000.0	34.88550409425245	0.0	2157416	3577.1537409452408	4.0
26620.805084149833	4000.0	35.18790579629388	0.0	2231719	3697.5982979585638	4.0
26623.92274452199	4000.0	36.07024542413632	0.0	1835863	3117.6603721575652	4.0
26627.7412809826	4000.0	36.25170896352742	0.0	2192675	3818.5364606089024	4.0
26631.372063263265	4000.0	36.62092668286119	0.0	2082556	3630.782280666234	4.0
26634.98408068071	4000.0	37.00890926541006	0.0	2164412	3612.0174174511235	4.0
26638.833211408208	4000.0	37.15977853791412	0.0	2379358	3849.1307274959413	4.0
26642.003658519217	4000.0	37.98933142690862	0.0	1950922	3170.447111005505	4.0
26645.476558489627	4000.0	38.516431456494594	0.0	1849252	3472.899970414026	4.0
26649.160968810713	4000.0	38.83202113541353	0.0	1822097	3684.410321081068	4.0
26652.874537298525	4000.0	39.11845264759779	0.0	1836837	3713.568487815734	4.0
26656.316021681294	4000.0	39.676968264832155	0.0	1984579	3441.484382765634	4.0
26659.825851079524	4000.0	40.16713886660243	0.0	2068230	3509.829398229722	4.0
26663.314301153114	4000.0	40.67868879301357	0.0	2055338	3488.450073588856	4.0
26666.742018887748	4000.0	41.25097105837851	0.0	2165436	3427.7177346350554	4.0
26669.902201536148	4000.0	42.09078840997669	0.0	2002600	3160.1826484018266	4.0
26673.50551766208	4000.0	42.48747228404542	0.0	2290706	3603.3161259312665	4.0
26677.048868956048	4000.0	42.94412099007997	0.0	1947068	3543.3512939654483	4.0
26681.718293932372	4000.0	42.27469601375742	0.0	2544033	4669.424976322554	4.0
26685.556789160426	4000.0	42.43620078570028	0.0	2125133	3838.4952280571374	4.0
26688.780616716253	4000.0	43.21237322987728	0.0	1828568	3223.8275558229993	4.0
26691.93095004242	4000.0	44.06203990370763	0.0	1785821	3150.3333261696507	4.0
26695.68444532822	4000.0	44.30854461790691	0.0	2096494	3753.4952858007146	4.0
26699.2986250144	4000.0	44.69436493173075	0.0	1955307	3614.179686176162	4.0
26703.251694681483	4000.0	44.741295264646105	0.0	2142800	3953.069667084647	4.0
26707.11996967594	4000.0	44.87302027019165	0.0	2094647	3868.274994454459	4.0
26710.791687014396	4000.0	45.20130293173272	0.0	1985434	3671.7173384589296	4.0
26714.183378574126	4000.0	45.80961137200633	0.0	1830641	3391.6915597263837	4.0
26717.720765994953	4000.0	46.27222395118228	0.0	1697030	3537.387420824044	4.0
26721.775588129338	4000.0	46.21740181679493	0.0	1910697	4054.822134387352	4.0
26727.125730710828	4000.0	44.86725923530511	0.0	2171279	5350.142581489819	4.0
26729.61306446437	1500.0	46.37992548175957	0.0	763847	2487.3337535455407	1.5
26732.118185800646	1500.0	47.87480414548475	0.0	769491	2505.121336274819	1.5
26734.74667618829	1500.0	49.246313757839	0.0	808636	2628.4903876457615	1.5

