12726.826764285142	600.0	4.0	0.7789954563937557	247108	778.9954563937557	0.006846767	-14.979909127875114
12727.185722614791	200.0	7.641041670349876	0.0	98617	358.95832965012465	0.004705182	0.2
12727.566911731352	200.0	11.25985255378958	0.0	106476	381.1891165602956	0.004705182	0.2
12727.972863325149	200.0	14.853900959991515	0.0	115230	405.95159379806586	0.004705182	0.2
12728.329108927397	200.0	18.497655357742698	0.0	97658	356.2456022488199	0.004705182	0.2
12728.685354529645	200.0	22.14140975549388	0.0	97658	356.2456022488199	0.004705182	0.2
12729.092895855247	200.0	25.733868429892336	0.0	115792	407.5413256015417	0.004705182	0.2
12729.47747375953	200.0	29.349290525608616	0.0	107674	384.5779042837191	0.004705182	0.2
12729.827063420616	200.0	32.999700864522744	0.0	95305	349.5896610858689	0.004705182	0.2
12730.205279568981	200.0	36.62148471615721	0.0	105425	378.2161483655393	0.009173346	0.2
12730.555038952325	200.0	40.27172533281474	0.0	95365	349.75938334246774	0.004705182	0.2
12730.904733275469	200.0	43.92203100967064	0.0	95342	349.69432314410477	0.004705182	0.2
12731.27444633878	200.0	47.5523179463607	0.0	102419	369.7130633099376	0.007366481	0.2
12731.583195167519	200.0	51.24356911762107	0.0	80867	308.7488287396354	0.004705182	0.2
12731.897270446412	200.0	54.929493838728504	0.0	82750	314.0752788925623	0.0088327285	0.2
12747.690736762379	12000.0	43.1360275227633	0.0	5443841	15793.466315965203	0.11148721	12.0
12748.010764805846	200.0	46.815999479295925	0.0	89871	320.02804346737446	0.004705182	0.2
12758.982191099301	12000.0	39.84457318584135	0.0	4055239	10971.426293454579	0.004705182	12.0
12759.315293143667	200.0	43.51147114147423	0.0	90919	333.10204436711615	0.004705182	0.2
12759.634356388557	200.0	47.19240789658515	0.0	85876	319.06324488908217	0.015896559	0.2
12760.033537945756	200.0	50.79322633938637	0.0	114656	399.1815571987821	0.45494056	0.2
12760.385633987513	200.0	54.44113029762908	0.0	97742	352.0960417572858	0.07682617	0.2
12774.240108544582	12000.0	44.586655740559394	0.0	5141915	13854.474557069694	0.004705182	12.0
12774.54013356142	200.0	48.28663072372114	0.0	85752	300.02501683825653	0.004705182	0.2
12774.862748141746	200.0	51.96401614339464	0.0	94556	322.6145803265018	0.004705182	0.2
12788.54688467046	8000.0	42.279879614680304	0.0	3253093	13684.13652871433	0.004705182	8.0
12801.722573495823	12000.0	33.10419078931876	0.0	5138482	13175.688825361545	0.11144295	12.0
12810.129184770645	8000.0	28.69757951449473	0.0	3354913	8406.61127482403	0.004705182	8.0
12810.478867905227	200.0	32.34789637991211	0.0	93993	349.6831345826235	0.16721025	0.2
12810.837416815833	200.0	35.989347469305095	0.0	97083	358.5489106070116	0.6835159	0.2
12813.090745606294	1500.0	37.736018678845134	0.0	757473	2253.328790459966	0.15420292	1.5
12823.8247371563	8000.0	31.002027128839135	0.0	3568902	10733.991550005998	0.0069289794	8.0
12825.879726442989	1500.0	32.947037842150905	0.0	633700	2054.9892866882233	0.034726907	1.5
12826.238419029378	200.0	36.58834525576266	0.0	89422	358.69258638825045	0.05058705	0.2
12826.65571304161	200.0	40.17105124353	0.0	108225	417.29401223265415	0.038034793	0.2
12827.009322453741	200.0	43.81744183139864	0.0	87791	353.6094121313647	0.13518356	0.2
12827.407489893063	200.0	47.41927439207494	0.0	102088	398.16743932369786	0.6407905	0.2
12827.73807386595	200.0	51.08869041918936	0.0	80403	330.5839728855819	0.6290435	0.2
12842.358757379936	12000.0	40.46800690520359	0.0	5257310	14620.68351398577	0.004705182	12.0
12842.707514154501	200.0	44.119250130638065	0.0	101968	348.75677456552177	0.074469894	0.2
12856.332382204851	12000.0	34.49438208028873	0.0	4828747	13624.868050349336	0.0054544876	12.0
12861.465984364631	4000.0	33.36077992051002	0.0	1830641	5133.602159778714	0.014444616	4.0
12865.770276101954	4000.0	33.05648818318563	0.0	1697030	4304.291737324393	0.05136217	4.0
12870.713449332581	4000.0	32.113314952558376	0.0	1910697	4943.173230627251	0.009704373	4.0
12880.830983535245	8000.0	25.995780749894312	0.0	3682991	10117.534202664065	0.027037673	8.0
12896.18158646221	12000.0	14.645177822929854	0.0	5875126	15350.602926964457	0.906054	12.0
12900.904184656034	4000.0	13.922579629105105	0.0	1750852	4722.5981938247505	0.004705182	4.0
12906.579800868347	4000.0	12.246963416791171	0.0	2034636	5675.616212313933	0.025947727	4.0

