20996.80088182447	600.0	4.0	0.8055611832929604	247108	805.5611832929604	-15.51122366585921
20999.031377310046	1500.0	5.769504514424136	0.0	732405	2230.495485575864	1.5
21001.00184783783	1500.0	7.799033986640241	0.0	643847	1970.4705277838948	1.5
21003.191371437624	1500.0	9.609510386845775	0.0	718451	2189.5235997944656	1.5
21005.39805718966	1500.0	11.402824634808779	0.0	724296	2206.6857520369963	1.5
21007.348561605595	1500.0	13.452320218874215	0.0	689829	1950.504415934565	1.5
21009.26863267459	1500.0	15.532249149878064	0.0	737903	1920.0710689961506	1.5
21011.294434460666	1500.0	17.50644736380198	0.0	780303	2025.8017860760874	1.5
21016.00546231161	4000.0	16.795419512859844	0.0	1857129	4711.027850942131	4.0
21024.536193509965	4000.0	12.264688314501262	0.0	2373154	8530.731198358582	4.0
21030.564818545226	4000.0	10.236063279240792	0.0	2094766	6028.625035260468	4.0
21035.02113029806	4000.0	9.77975152640738	0.0	1761739	4456.311752833411	4.0
21041.05188214366	4000.0	7.7489996808061345	0.0	2131310	6030.751845601247	4.0
21046.491730707243	4000.0	6.309151117225108	0.0	1805063	5439.848563581027	4.0
21048.560001092304	1500.0	8.240880732165136	0.0	754517	2068.27038505997	1.5
21050.982715378017	1500.0	9.818166446450851	0.0	934743	2422.714285714286	1.5
21052.906254225134	1500.0	11.894627599333056	0.0	735572	1923.5388471177944	1.5
21054.922635177514	1500.0	13.878246646952103	0.0	772616	2016.3809523809525	1.5
21056.875808109846	1500.0	15.925073714621277	0.0	747396	1953.172932330827	1.5
21062.58534710398	4000.0	14.2155347204879	0.0	2164412	5709.538994133378	4.0
21069.47087813796	4000.0	11.330003686508125	0.0	2379358	6885.531033979777	4.0
21077.125251970192	4000.0	7.675629854278864	0.0	1950922	7654.373832229259	4.0
21079.689904138722	1500.0	9.110977685747187	0.0	809327	2564.652168531677	1.5
21081.724101408614	1500.0	11.076780415853598	0.0	681795	2034.1972698935904	1.5
21084.25534715402	1500.0	12.54553467044856	0.0	855209	2531.2457454050373	1.5
21086.183682219053	1500.0	14.617199605420435	0.0	644861	1928.3350650281252	1.5
21088.50168455649	1500.0	16.299197267981512	0.0	794014	2318.0023374389243	1.5
21090.944137359253	1500.0	17.8567444652167	0.0	914284	2442.452802764813	1.5
21092.770127249598	1500.0	20.030754574872553	0.0	675709	1825.9898903441483	1.5
21098.02472068317	4000.0	18.776161141303977	0.0	2002600	5254.593433568579	4.0
21109.147977396966	4000.0	11.65290442750828	0.0	2290706	11123.256713795694	4.0
21113.89664542238	4000.0	10.904236402091664	0.0	1947068	4748.668025416618	4.0
21115.496127498867	1500.0	13.304754325602037	0.0	633700	1599.4820764896294	1.5
21117.38680247789	1500.0	15.414079346582733	0.0	755142	1890.6749790193023	1.5
21122.001028998093	4000.0	14.79985282637917	0.0	1828568	4614.226520203562	4.0
21126.57281293823	4000.0	14.22806888624209	0.0	1785821	4571.783940137081	4.0
21131.79294989262	4000.0	13.007931931847656	0.0	2096494	5220.136954394434	4.0
21136.57073681356	4000.0	12.230145010907643	0.0	1955307	4777.786920940011	4.0
21142.07885727103	4000.0	10.722024553438551	0.0	2142800	5508.120457469092	4.0
21147.716239952686	4000.0	9.084641871781667	0.0	2094647	5637.3826816568835	4.0
21153.124501852846	4000.0	7.676379971621015	0.0	1985434	5408.261900160653	4.0
21158.139176696168	4000.0	6.6617051283027315	0.0	1830641	5014.674843318283	4.0
21162.33754616349	4000.0	6.463335660980951	0.0	1697030	4198.369467321781	4.0
21166.868467325316	4000.0	5.932414499155225	0.0	1910697	4530.921161825726	4.0
21168.41472749857	1500.0	8.386154325900511	0.0	629438	1546.2601732547137	1.5
21170.46819667742	1500.0	10.332685147048508	0.0	763847	2053.469178852002	1.5
21175.94893544742	4000.0	8.85194637704658	0.0	1750852	5480.738770001927	4.0
21184.45970010836	4000.0	4.341181716106503	0.0	2034636	8510.764660940078	4.0

