3866.3766703348297	600.0	4.0	0.7140370120914719	247108	714.0370120914719	-13.680740241829438
3866.7097047490183	200.0	7.666965585810963	0.0	98617	333.03441418903753	0.2
3867.529810589488	600.0	10.846859745341416	0.0	288447	820.1058404695468	0.6
3869.4532334061273	1500.0	12.92343692870201	0.0	718451	1923.4228166394048	1.5
3871.391653496573	1500.0	14.985016838256518	0.0	724296	1938.4200904454922	1.5
3873.2416371394092	1500.0	17.135033195419993	0.0	689829	1849.9836428365247	1.5
3875.2149704727426	1500.0	19.161699862086657	0.0	737903	1973.3333333333333	1.5
3877.381939922571	1500.0	20.99473041225855	0.0	780303	2166.9694498281046	1.5
3882.6335606410335	4000.0	19.743109693795727	0.0	1857129	5251.620718462824	4.0
3884.8385759571015	1500.0	21.53809437772778	0.0	763093	2205.015316067948	1.5
3887.180525489051	1500.0	23.196144845778246	0.0	769316	2341.9495319495322	1.5
3893.2986601419225	4000.0	21.078010192906753	0.0	1761739	6118.134652871495	4.0
3895.455962800278	1500.0	22.920707534551465	0.0	606092	2157.3026583552896	1.5
3900.5241441281114	4000.0	21.852526206717986	0.0	1805063	5068.1813278334785	4.0
3902.562783884098	1500.0	23.813886450731225	0.0	754517	2038.639755986761	1.5
3905.069269704073	1500.0	25.307400630755886	0.0	934743	2506.48581997534	1.5
3912.931139222247	4000.0	21.445531112581985	0.0	1835863	7861.8695181739	4.0
3917.105590153016	1500.0	21.271080181813527	0.0	772616	4174.45093076846	1.5
3919.2655177976394	1500.0	23.111152537189742	0.0	747396	2159.927644623787	1.5
3921.1887682237707	1500.0	25.18790211105832	0.0	662349	1923.2504261314225	1.5
3923.594467601097	1500.0	26.78220273373199	0.0	835711	2405.69937732633	1.5
3925.918580725945	1500.0	28.458089608884176	0.0	806394	2324.1131248478105	1.5
3930.597658670437	4000.0	27.779011664391977	0.0	1849252	4679.077944492202	4.0
3934.9865535698596	4000.0	27.39011676496987	0.0	1822097	4388.894899422102	4.0
3939.534914024492	4000.0	26.841756310337082	0.0	1836837	4548.360454632791	4.0
3944.6426649903547	4000.0	25.73400534447477	0.0	1984579	5107.750965862309	4.0
3950.2525543843603	4000.0	24.124115950469186	0.0	2068230	5609.889394005586	4.0
3956.24581351442	4000.0	22.130856820409665	0.0	2055338	5993.259130059519	4.0
3958.2717218625203	1500.0	24.104948472310102	0.0	675709	2025.9083480995644	1.5
3964.150896553029	4000.0	22.22577378180116	0.0	2002600	5879.17469050894	4.0
3966.424404118366	1500.0	23.95226621646416	0.0	757473	2273.5075653370013	1.5
3971.642900823173	4000.0	22.73376951165721	0.0	1947068	5218.4967048069475	4.0
3973.3239872476047	1500.0	25.052683087225294	0.0	633700	1681.086424431917	1.5
3978.783381083183	4000.0	23.593289251646954	0.0	2125133	5459.393835578338	4.0
3983.6028293344666	4000.0	22.77384100036316	0.0	1828568	4819.448251283796	4.0
3988.3114820373225	4000.0	22.06518829750722	0.0	1785821	4708.652702855939	4.0
3990.248763313294	1500.0	24.127907021535957	0.0	681043	1937.2812759712629	1.5
3995.7009470515954	4000.0	22.675723283234248	0.0	1955307	5452.183738301709	4.0
3997.680165047646	1500.0	24.69650528718376	0.0	691256	1979.2179960504855	1.5
4003.8157654409815	4000.0	22.56090489384865	0.0	2094647	6135.600393335109	4.0
4009.631158976496	4000.0	20.74551135833443	0.0	1985434	5815.393535514222	4.0
4011.4527941966217	1500.0	22.92387613820864	0.0	657685	1821.6352201257862	1.5
4016.0267498404482	4000.0	22.349920494382093	0.0	1697030	4573.955643826547	4.0
4021.381577389074	4000.0	20.995092945756227	0.0	1910697	5354.827548625867	4.0
4023.309095871582	1500.0	23.067574463248107	0.0	629438	1927.5184825081178	1.5
4025.631129956446	1500.0	24.745540378384504	0.0	763847	2322.034084863605	1.5
4030.975804989106	4000.0	23.400865345724178	0.0	1750852	5344.675032660326	4.0
4033.6381206189085	1500.0	24.73854971592157	0.0	808636	2662.315629802607	1.5

