30215.493194005205	600.0	4.0	0.8091203481724636	247108	809.1203481724635	0.005098719	-15.582406963449271
30215.864174715567	200.0	7.629019289639657	0.0	98617	370.9807103603438	0.004705182	0.2
30216.258344302114	200.0	11.234849703094456	0.0	106476	394.1695865451997	0.004705182	0.2
30216.67834356446	200.0	14.814850440747982	0.0	115230	419.99926234647586	0.004705182	0.2
30217.046494635902	200.0	18.446699369306238	0.0	97658	368.15107144174385	0.004705182	0.2
30217.414645707344	200.0	22.078548297864494	0.0	97658	368.15107144174385	0.004705182	0.2
30217.83630321481	200.0	25.656890790395753	0.0	115792	421.657507468742	0.004705182	0.2
30218.234007637042	200.0	29.259186368162876	0.0	107674	397.7044222328772	0.004705182	0.2
30218.595215913516	200.0	32.897978091690334	0.0	95305	361.2082764725409	0.004705182	0.2
30218.986284404647	200.0	36.50690960056061	0.0	105425	391.0684911297164	0.008255215	0.2
30219.347669717965	200.0	40.145524287242274	0.0	95365	361.3853133183344	0.004705182	0.2
30219.708987167156	200.0	43.78420683804816	0.0	95342	361.3174491941136	0.004705182	0.2
30220.091186112313	200.0	47.402007892892705	0.0	102419	382.1989451554605	0.006743286	0.2
30220.40979342246	200.0	51.08340058274628	0.0	80867	318.6073101464242	0.004705182	0.2
30220.733956738954	200.0	54.75923726625604	0.0	82750	324.16331649024454	0.007935635	0.2
30236.68220169112	12000.0	42.810992314085915	0.0	5443841	15948.24495217012	0.2037422	12.0
30237.013299375612	200.0	46.47989462959599	0.0	89871	331.0976844899243	0.004705182	0.2
30248.44978753906	12000.0	39.04340646615197	0.0	4055239	11436.488163444019	0.004705182	12.0
30248.78671159416	200.0	42.70648241104777	0.0	90919	336.9240551042035	0.004705182	0.2
30249.10938485449	200.0	46.38380915071573	0.0	85876	322.6732603320382	0.011370728	0.2
30249.51338626742	200.0	49.97980773778744	0.0	114656	404.0014129282939	0.18614937	0.2
30249.86959114202	200.0	53.62360286318482	0.0	97742	356.2048746026139	0.08422162	0.2
30264.92534188785	12000.0	42.56785211735445	0.0	5141915	15055.750745830373	0.004705182	12.0
30265.261232073983	200.0	46.231961931222926	0.0	85752	335.89018613152297	0.004705182	0.2
30265.623394034516	200.0	49.86979997068729	0.0	94556	362.1619605356411	0.004705182	0.2
30275.163808415615	8000.0	44.32938558958926	0.0	3253093	9540.414381098033	0.004705182	8.0
30291.135135480155	12000.0	32.358058525049735	0.0	5138482	15971.327064539522	0.004705182	12.0
30301.650309633238	8000.0	25.842884371965848	0.0	3354913	10515.174153083884	0.004705182	8.0
30302.013399761992	200.0	29.47979424321048	0.0	93993	363.09012875536484	0.033479616	0.2
30302.385796418872	200.0	33.10739758633223	0.0	97083	372.3966568782472	0.08202195	0.2
30302.74885341759	200.0	36.74434058761226	0.0	93982	363.0569987199759	0.109557465	0.2
30314.023918905677	8000.0	29.4692750995225	0.0	3568902	11275.065488089756	0.0065855747	8.0
30316.14695912491	1500.0	31.34623488029142	0.0	633700	2123.0402192310794	0.026372476	1.5
30316.51525444207	200.0	34.977939563131756	0.0	89422	368.29531715966795	0.06745507	0.2
30316.94417037662	200.0	38.54902362857868	0.0	108225	428.9159345530749	0.022466926	0.2
30317.307207371865	200.0	42.18598663333406	0.0	87791	363.03699524461996	0.13986191	0.2
30319.30772812829	1500.0	44.185465876908886	0.0	681043	2000.5207564251778	0.50995904	1.5
30319.610158448504	200.0	47.8830355566931	0.0	80403	302.43032021578256	0.76509076	0.2
30334.612187158167	12000.0	36.881006847028296	0.0	5257310	15002.028709664808	0.004705182	12.0
30334.990857730252	200.0	40.50233627494591	0.0	101968	378.67057208237986	0.07205264	0.2
30349.412273103007	12000.0	30.08092090218907	0.0	4828747	14421.41537275684	0.042209636	12.0
30354.3507427565	4000.0	29.14245124869827	0.0	1830641	4938.4696534908035	0.014662508	4.0
30359.002734401816	4000.0	28.490459603382565	0.0	1697030	4651.991645315704	0.042770695	4.0
30364.579857736288	4000.0	26.91333626891041	0.0	1910697	5577.123334472156	0.015375252	4.0
30375.320825744137	8000.0	20.172368261058118	0.0	3682991	10740.968007852296	0.005369425	8.0
30381.205413243613	4000.0	18.287780761582212	0.0	2042818	5884.587499475902	0.11337023	4.0
30386.151425402724	4000.0	17.341768602471564	0.0	1750852	4946.012159110648	0.004705182	4.0
30392.03201189104	4000.0	15.461182114157662	0.0	2034636	5880.586488313903	0.06287753	4.0

