5976.597510160931	600.0	4.0	0.6286183690177196	247108	628.6183690177196	0.005760384	-11.972367380354394
5976.896455309196	200.0	7.701054851735191	0.0	98617	298.9451482648091	0.004705182	0.2
5977.212848665379	200.0	11.384661495552749	0.0	106476	316.3933561824414	0.004705182	0.2
5977.5486772693175	200.0	15.048832891614747	0.0	115230	335.8286039380022	0.004705182	0.2
5977.845493287745	200.0	18.75201687318745	0.0	97658	296.81601842729685	0.004705182	0.2
5978.142309306173	200.0	22.455200854760154	0.0	97658	296.81601842729685	0.004705182	0.2
5978.479385637919	200.0	26.118124523013307	0.0	115792	337.0763317468467	0.004705182	0.2
5978.798438741282	200.0	29.79907141965116	0.0	107674	319.05310336214916	0.004705182	0.2
5979.090030732068	200.0	33.50747942886481	0.0	95305	291.59199078635163	0.004705182	0.2
5979.404090704039	200.0	37.19341945689428	0.0	105425	314.05997197052744	0.017421048	0.2
5979.6958159042	200.0	40.90169425673332	0.0	95365	291.7252001609613	0.004705182	0.2
5979.987490040767	200.0	44.61002012016596	0.0	95342	291.67413656736096	0.004705182	0.2
5980.29487622307	200.0	48.30263393786338	0.0	102419	307.3861823025795	0.013927019	0.2
5980.554413598013	200.0	52.043096562920624	0.0	80867	259.53737494276163	0.004705182	0.2
5980.818131527161	200.0	55.77937863377136	0.0	82750	263.7179291492639	0.015587388	0.2
5997.813136144869	12000.0	42.78437401606346	0.0	5443841	16995.004617707902	0.0054309135	12.0
5998.213139705567	200.0	46.384370455364675	0.0	89871	400.00356069878717	0.004705182	0.2
6013.124110751706	12000.0	35.473399409226055	0.0	4055239	14910.971046138618	0.004705182	12.0
6013.5516521426325	200.0	39.0458580182998	0.0	90919	427.54139092624894	0.004705182	0.2
6013.95991647118	200.0	42.63759368975261	0.0	85876	408.2643285471964	0.004977719	0.2
6014.478193461886	200.0	46.11931669904616	0.0	114656	518.2769907064529	0.004705182	0.2
6014.931816033976	200.0	49.66569412695547	0.0	97742	453.6225720906898	0.21127391	0.2
6035.166581591634	12000.0	33.43092856929719	0.0	5141915	20234.76555765828	0.06296735	12.0
6035.56610464706	200.0	37.031405513871015	0.0	85752	399.5230554261761	0.004705182	0.2
6035.998432546455	200.0	40.59907761447651	0.0	94556	432.32789939450396	0.004705182	0.2
6048.416278703357	8000.0	32.1812314575735	0.0	3253093	12417.846156903013	0.004705182	8.0
6048.730023668028	200.0	35.86748649290335	0.0	88490	313.74496467014467	0.033351235	0.2
6057.671974404341	8000.0	30.92553575658954	0.0	3354913	8941.95073631381	0.004705182	8.0
6058.000255458293	200.0	34.59725470263722	0.0	93993	328.28105395232126	0.14710872	0.2
6058.336698699395	200.0	38.26081146153572	0.0	97083	336.44324110149904	0.7536297	0.2
6058.665562376837	200.0	41.93194778409363	0.0	93982	328.8636774420858	0.035923764	0.2
6068.199450888617	8000.0	36.39805927231402	0.0	3568902	9533.888511779609	0.09894673	8.0
6070.35812850523	1500.0	38.239381655700974	0.0	633700	2158.6776166130417	0.063390374	1.5
6070.745235914864	200.0	41.852274246067594	0.0	89422	387.107409633382	0.047202118	0.2
6071.196919610235	200.0	45.40059055069539	0.0	108225	451.6836953721989	0.28656623	0.2
6071.578425577438	200.0	49.01908458349354	0.0	87791	381.50596720185456	0.14738391	0.2
6073.997372945858	1500.0	50.600137215072486	0.0	681043	2418.947368421053	0.64530563	1.5
6087.874181891018	8000.0	40.72332826991254	0.0	3739359	13876.808945159948	0.73185384	8.0
6106.534273878709	12000.0	26.063236282221776	0.0	5257310	18660.091987690765	0.013115885	12.0
6106.915564368091	200.0	29.68194579284043	0.0	101968	381.2904893813481	0.31704915	0.2
6117.830204267056	8000.0	22.767305893875196	0.0	3189942	10914.639898965233	0.6456394	8.0
6123.561173974162	4000.0	21.036336186768843	0.0	1830641	5730.969707106351	0.0068986737	4.0
6128.666061086457	4000.0	19.93144907447334	0.0	1697030	5104.887112295507	0.013056555	4.0
6135.439283223876	4000.0	17.158226937053374	0.0	1910697	6773.22213741996	0.004705182	4.0
6137.775788343636	1500.0	18.821721817293568	0.0	629438	2336.505119759808	0.15605417	1.5
6145.010294142196	4000.0	15.587216018734237	0.0	2042818	7234.505798559329	0.027569504	4.0
6151.215191510675	4000.0	13.382318650255147	0.0	1750852	6204.89736847909	0.004705182	4.0
6158.561424268141	4000.0	10.036085892788963	0.0	2034636	7346.232757466185	0.106206715	4.0

