22923.573170606043	600.0	4.0	0.6271757753574049	247108	627.1757753574049	-11.943515507148097
22924.338993709687	600.0	7.234176896356063	0.0	309722	765.8231036439378	0.6
22925.844675927325	1500.0	9.728494678716247	0.0	643847	1505.6822176398136	1.5
22927.515555150097	1500.0	12.057615455941985	0.0	718451	1670.879222774264	1.5
22929.199377063545	1500.0	14.373793542494154	0.0	724296	1683.8219134478322	1.5
22930.80687806691	1500.0	16.766292539131157	0.0	689829	1607.501003362996	1.5
22932.520830209953	1500.0	19.052340396086194	0.0	737903	1713.9521430449647	1.5
22934.49797144642	1500.0	21.075199159617217	0.0	780303	1977.1412364689777	1.5
22939.62769086929	4000.0	19.945479736746186	0.0	1857129	5129.71942287103	4.0
22941.782617028734	1500.0	21.790553577304962	0.0	763093	2154.926159441225	1.5
22946.646085995406	4000.0	20.927084610631738	0.0	2094766	4863.468966673226	4.0
22950.345431406997	4000.0	21.22773919904226	0.0	1761739	3699.3454115894765	4.0
22951.670596723314	1500.0	23.902573882726344	0.0	606092	1325.165316315918	1.5
22955.63244577285	4000.0	23.940724833187172	0.0	1805063	3961.849049539175	4.0
22960.696729362484	4000.0	22.876441243554655	0.0	2157416	5064.283589632518	4.0
22966.20589633492	4000.0	21.367274271119417	0.0	2231719	5509.16697243524	4.0
22971.20629701836	4000.0	20.366873587679436	0.0	1835863	5000.400683439981	4.0
22973.357029036182	1500.0	22.21614156985639	0.0	772616	2150.7320178230425	1.5
22978.49878399276	4000.0	21.074386613278264	0.0	2082556	5141.754956578127	4.0
22980.151289149082	1500.0	23.421881456956392	0.0	662349	1652.5051563218733	1.5
22982.215378891342	1500.0	25.357791714698294	0.0	835711	2064.0897422580983	1.5
22986.9202618642	4000.0	24.652908741837695	0.0	1950922	4704.8829728606	4.0
22991.37706018378	4000.0	24.19611042226135	0.0	1849252	4456.798319576344	4.0
22995.81576891138	4000.0	23.75740169466084	0.0	1822097	4438.7087276005095	4.0
23000.465370404036	4000.0	23.107800202007493	0.0	1836837	4649.601492653347	4.0
23005.42551151277	4000.0	22.14765909326956	0.0	1984579	4960.141108737929	4.0
23010.008270996797	4000.0	21.56489960924409	0.0	2068230	4582.759484025472	4.0
23014.562963208195	4000.0	21.01020739784693	0.0	2055338	4554.69221139716	4.0
23020.78005901554	4000.0	18.79311159050503	0.0	2165436	6217.095807341898	4.0
23022.936059749078	1500.0	20.63711085696386	0.0	707527	2156.00073354117	1.5
23025.238610271725	1500.0	22.33456033431578	0.0	757473	2302.5505226480836	1.5
23028.91937589419	4000.0	22.653794711850594	0.0	1947068	3680.765622465185	4.0
23030.147981372593	1500.0	25.425189233453786	0.0	633700	1228.6054783968098	1.5
23034.079866185788	4000.0	25.493304420258504	0.0	2125133	3931.8848131952786	4.0
23038.529119157974	4000.0	25.044051448074725	0.0	1828568	4449.252972183778	4.0
23043.821768250375	4000.0	23.75140235567301	0.0	1785821	5292.649092401714	4.0
23050.82825545738	4000.0	20.7449151486663	0.0	2096494	7006.487207006711	4.0
23057.750947043864	4000.0	17.822223562188498	0.0	1955307	6922.6915864778	4.0
23060.266555059716	1500.0	19.30661554633296	0.0	691256	2515.6080158555383	1.5
23062.90403579083	1500.0	20.669134815216463	0.0	725845	2637.4807311164946	1.5
23065.84160196568	1500.0	21.731568640365108	0.0	811013	2937.5661748513544	1.5
23067.61099512804	1500.0	23.962175478003843	0.0	657685	1769.393162361267	1.5
23071.727938333515	4000.0	23.845232272532535	0.0	1697030	4116.943205471305	4.0
23073.825268098604	1500.0	25.747902507441843	0.0	848035	2097.3297650906934	1.5
23075.40259310604	1500.0	28.170577500008005	0.0	629438	1577.325007433839	1.5
23080.213405735918	4000.0	27.359764870128682	0.0	2042818	4810.812629879322	4.0
23084.314135717403	4000.0	27.259034888643743	0.0	1750852	4100.7299814849375	4.0
23089.51894563908	4000.0	26.054224966963858	0.0	2034636	5204.809921679884	4.0

