6737.06068271276	600.0	4.0	0.6521499790168301	247108	652.1499790168301	-12.442999580336602
6737.369018964443	200.0	7.691663748317729	0.0	98617	308.3362516822714	0.2
6738.11688461427	600.0	10.943798098490658	0.0	288447	747.8656498270698	0.6
6739.860374766651	1500.0	13.200307946109431	0.0	718451	1743.4901523812282	1.5
6741.617398340159	1500.0	15.443284372603214	0.0	724296	1757.0235735062156	1.5
6743.294617563636	1500.0	17.766065149125218	0.0	689829	1677.2192234779968	1.5
6745.08314657106	1500.0	19.977536141701517	0.0	737903	1788.5290074237007	1.5
6746.969847872016	1500.0	22.090834840744975	0.0	780303	1886.701300956543	1.5
6751.797877080011	4000.0	21.2628056327497	0.0	1857129	4828.029207995273	4.0
6753.832270728365	1500.0	23.228411984395237	0.0	763093	2034.393648354463	1.5
6759.3192734987	4000.0	21.74140921406096	0.0	2094766	5487.002770334277	4.0
6764.006632766435	4000.0	21.0540499463264	0.0	1761739	4687.359267734554	4.0
6765.671705012266	1500.0	23.38897770049443	0.0	606092	1665.0722458319713	1.5
6770.406233177933	4000.0	22.654449534828025	0.0	1805063	4734.528165666403	4.0
6772.415142518679	1500.0	24.64554019408089	0.0	754517	2008.909340747132	1.5
6778.209025261359	4000.0	22.851657451401486	0.0	2231719	5793.882742679407	4.0
6783.060599010547	4000.0	22.0000837022137	0.0	1835863	4851.573749187784	4.0
6785.148697775979	1500.0	23.911984936781604	0.0	772616	2088.098765432099	1.5
6791.519157088748	4000.0	21.54152562401166	0.0	2082556	6370.459312769946	4.0
6793.8776194210495	1500.0	23.18306329171032	0.0	662349	2358.4623323013416	1.5
6796.832442262467	1500.0	24.228240450293047	0.0	835711	2954.8228414172686	1.5
6802.236125596497	4000.0	22.824557116262923	0.0	1950922	5403.683334030125	4.0
6804.392088210922	1500.0	24.668594501837735	0.0	809327	2155.9626144251893	1.5
6809.145356894602	4000.0	23.915325818158053	0.0	1822097	4753.26868367968	4.0
6813.934063455525	4000.0	23.1266192572352	0.0	1836837	4788.706560922855	4.0
6819.099088413421	4000.0	21.961594299338547	0.0	1984579	5165.024957896651	4.0
6824.460068911969	4000.0	20.600613800790782	0.0	2068230	5360.980498547764	4.0
6826.874584886563	1500.0	22.186097826196928	0.0	914284	2414.5159745938527	1.5
6828.679927837634	1500.0	24.380754875126105	0.0	675709	1805.3429510708245	1.5
6842.144027832892	4000.0	14.916654879867595	0.0	2002600	13464.09999525851	4.0
6844.184298269278	1500.0	16.87638444348161	0.0	757473	2040.2704363859866	1.5
6846.107507275197	1500.0	18.953175437561768	0.0	712239	1923.2090059198397	1.5
6847.827464574716	1500.0	21.233218138043764	0.0	633700	1719.9572995180022	1.5
6849.85700135568	1500.0	23.2036813570803	0.0	755142	2029.5367809634672	1.5
6851.660622408311	1500.0	25.400060304448722	0.0	670327	1803.621052631579	1.5
6856.332528555357	4000.0	24.728154157401715	0.0	1785821	4671.906147047007	4.0
6861.755889809066	4000.0	23.304792903693784	0.0	2096494	5423.361253707931	4.0
6866.765753029992	4000.0	22.294929682767215	0.0	1955307	5009.863220926568	4.0
6868.588598286847	1500.0	24.472084425912506	0.0	691256	1822.8452568547118	1.5
6874.09068159895	4000.0	22.97000111380898	0.0	2094647	5502.083312103526	4.0
6879.338979654754	4000.0	21.721703058004863	0.0	1985434	5248.298055804117	4.0
6884.178881606852	4000.0	20.881801105907837	0.0	1830641	4839.901952097026	4.0
6888.6709776078915	4000.0	20.38970510486788	0.0	1697030	4492.096001039958	4.0
6893.588633791396	4000.0	19.472048921363744	0.0	1910697	4917.656183504135	4.0
6895.248994711586	1500.0	21.811688001174183	0.0	629438	1660.3609201895615	1.5
6900.468651558413	4000.0	20.592031154347787	0.0	2042818	5219.656846826396	4.0
6905.071356111205	4000.0	19.98932660155476	0.0	1750852	4602.704552793026	4.0
6907.240180134454	1500.0	21.82050257830646	0.0	808636	2168.824023248305	1.5

