30209.567525426162	600.0	4.0	0.6251688429877419	247108	625.1688429877419	-11.903376859754838
30210.3308330665	600.0	7.236692359665209	0.0	309722	763.3076403347904	0.6
30211.047203873	600.0	10.520321553162445	0.0	288447	716.3708065027647	0.6
30212.712248065876	1500.0	12.855277360285701	0.0	718451	1665.0441928767427	1.5
30217.357506535605	4000.0	12.210018890558855	0.0	2069289	4645.258469726846	4.0
30220.989440212747	4000.0	12.578085213419802	0.0	1863995	3631.9336771390526	4.0
30224.395040976524	4000.0	13.172484449642354	0.0	2046450	3405.6007637774487	4.0
30227.820408950687	4000.0	13.747116475480784	0.0	2058614	3425.3679741615715	4.0
30231.16341018582	4000.0	14.404115240346451	0.0	1857129	3343.0012351343325	4.0
30235.852371149114	4000.0	13.715154277052607	0.0	2373154	4688.960963293844	4.0
30239.97767154797	4000.0	13.589853878195285	0.0	2094766	4125.300398857322	4.0
30243.0379240273	4000.0	14.529601398865179	0.0	1761739	3060.2524793301054	4.0
30246.72336269428	4000.0	14.844162731888376	0.0	2131310	3685.4386669768037	4.0
30249.85690438297	4000.0	15.710621043194967	0.0	1805063	3133.541688693409	4.0
30253.548191432517	4000.0	16.019333993647464	0.0	2157416	3691.287049547504	4.0
30257.36148963631	4000.0	16.206035789854308	0.0	2231719	3813.298203793154	4.0
30260.643521875514	4000.0	16.92400355064664	0.0	1835863	3282.032239207674	4.0
30266.67601432521	4000.0	14.891511100953739	0.0	2192675	6032.492449692898	4.0
30271.857975806837	4000.0	13.70954961932785	0.0	2082556	5181.961481625889	4.0
30276.149303757025	4000.0	13.418221669138143	0.0	2164412	4291.327950189707	4.0
30280.85885526982	4000.0	12.70867015634507	0.0	2379358	4709.551512793073	4.0
30284.734792617808	4000.0	12.83273280835402	0.0	1950922	3875.9373479910496	4.0
30288.412909166113	4000.0	13.154616260051654	0.0	1849252	3678.116548302364	4.0
30292.63367796006	4000.0	12.933847466103137	0.0	1822097	4220.768793948519	4.0
30298.097632381443	4000.0	11.469893044720754	0.0	1836837	5463.954421382381	4.0
30303.259545888635	4000.0	10.307979537526025	0.0	1984579	5161.91350719473	4.0
30307.902467996104	4000.0	9.66505743005667	0.0	2068230	4642.922107469355	4.0
30313.085283268585	4000.0	8.482242157577911	0.0	2055338	5182.815272478759	4.0
30319.977106401315	4000.0	5.590419024848816	0.0	2165436	6891.823132729096	4.0
30322.02239639096	1500.0	7.545129035202473	0.0	707527	2045.289989646342	1.5
30323.82544339258	1500.0	9.742082033581728	0.0	757473	1803.0470016207455	1.5
30325.525595230843	1500.0	12.041930195315071	0.0	712239	1700.1518382666554	1.5
30327.04709200357	1500.0	14.520433422589091	0.0	633700	1521.4967727259802	1.5
30328.844836608194	1500.0	16.7226888179657	0.0	755142	1797.74460462339	1.5
30332.823533606253	4000.0	16.74399181990773	0.0	1828568	3978.6969980579715	4.0
30336.176328520633	4000.0	17.39119690552711	0.0	1785821	3352.79491438062	4.0
30340.098480058346	4000.0	17.469045367814495	0.0	2096494	3922.1515377126166	4.0
30343.76537675899	4000.0	17.802148667166588	0.0	1955307	3666.896700647906	4.0
30347.780097992953	4000.0	17.787427433205103	0.0	2142800	4014.7212339614844	4.0
30351.706398174283	4000.0	17.861127251875196	0.0	2094647	3926.3001813299056	4.0
30355.1564085958	4000.0	18.411116830356995	0.0	1985434	3450.0104215182014	4.0
30358.30914613029	4000.0	19.258379295868988	0.0	1830641	3152.7375344880043	4.0
30361.237617118404	4000.0	20.32990830775489	0.0	1697030	2928.470988114096	4.0
30364.667582948317	4000.0	20.899942477842135	0.0	1910697	3429.965829912759	4.0
30371.357698262178	8000.0	18.209827163982037	0.0	3682991	6690.1153138600985	8.0
30378.07640878012	8000.0	15.491116646038419	0.0	3954105	6718.7105179436185	8.0
30386.351425939094	8000.0	11.21609948706298	0.0	4201994	8275.017158975439	8.0
30397.122316753866	8000.0	4.445208672290737	0.0	4346302	10770.890814772243	8.0

