27293.386232692483	600.0	4.0	0.7870708371336087	247108	787.0708371336087	0.0054527773	-15.141416742672174
27293.748413782312	200.0	7.637818910170431	0.0	98617	362.18108982956886	0.004705182	0.2
27294.13308248772	200.0	11.253150204767781	0.0	106476	384.6687054026504	0.004705182	0.2
27294.54279974723	200.0	14.843432945258149	0.0	115230	409.71725950963037	0.004705182	0.2
27294.902236769958	200.0	18.48399592252803	0.0	97658	359.43702273011786	0.004705182	0.2
27295.26167379269	200.0	22.124558899797915	0.0	97658	359.43702273011786	0.004705182	0.2
27295.672999149916	200.0	25.713233542572027	0.0	115792	411.3253572258884	0.004705182	0.2
27296.061095793153	200.0	29.325136899332943	0.0	107674	388.09664323908646	0.004705182	0.2
27296.413799979717	200.0	32.97243271277071	0.0	95305	352.70418656222614	0.004705182	0.2
27296.795461370708	200.0	36.5907713217805	0.0	105425	381.6613909902177	0.008907464	0.2
27297.148337240298	200.0	40.23789545218806	0.0	95365	352.8758695924316	0.004705182	0.2
27297.50114729806	200.0	43.885085394423875	0.0	95342	352.8100577641862	0.004705182	0.2
27297.874207369237	200.0	47.51202532324695	0.0	102419	373.06007117692303	0.00718614	0.2
27298.18559889597	200.0	51.20063379651984	0.0	80867	311.3915267271134	0.004705182	0.2
27298.50237840846	200.0	54.88385428402811	0.0	82750	316.77951249172884	0.00857305	0.2
27310.003541995986	12000.0	47.382690696498614	0.0	5443841	11501.163587529492	0.13124944	12.0
27310.236742081222	200.0	51.149490611265286	0.0	89871	233.20008523332623	0.004705182	0.2
27317.006147429227	12000.0	48.38008526325915	0.0	4055239	6769.405348006131	0.004705182	12.0
27326.155107413517	12000.0	43.23112527897067	0.0	5385367	9148.95998428848	0.7088713	12.0
27326.41935360862	200.0	46.966879083865074	0.0	85876	264.2461951055984	0.1436991	0.2
27328.292364134933	1500.0	49.093868557549285	0.0	835711	1873.0105263157895	0.044345718	1.5
27328.58206872763	200.0	52.80416396485736	0.0	97742	289.7045926919209	0.014379824	0.2
27338.73787930341	12000.0	46.648353389074096	0.0	5141915	10155.810575783267	0.004705182	12.0
27348.975272649248	12000.0	40.41096004323756	0.0	5735973	10237.393345836539	0.053913206	12.0
27349.224653855934	200.0	44.161578836551406	0.0	94556	249.38120668614744	0.0048305327	0.2
27355.181854951727	8000.0	42.204377740756286	0.0	3253093	5957.201095795124	0.004705182	8.0
27366.77391260276	12000.0	34.612320089723454	0.0	5138482	11592.05765103283	0.004705182	12.0
27378.300025148485	8000.0	27.08620754399711	0.0	3354913	11526.112545726348	0.004705182	8.0
27378.54951551251	200.0	30.836717179971412	0.0	93993	249.49036402569595	0.027097099	0.2
27396.630642873006	12000.0	16.755589819476906	0.0	5411094	18081.127360494505	0.1366852	12.0
27396.88029504201	200.0	20.50593765046918	0.0	93982	249.65216900772833	0.0292028	0.2
27403.402719817776	8000.0	17.983512874703397	0.0	3568902	6522.424775765781	0.034034196	8.0
27404.626647160247	1500.0	20.75958553223146	0.0	633700	1223.9273424719356	0.65919375	1.5
27404.868067818003	200.0	24.51816487447775	0.0	89422	241.42065775370904	0.5105343	0.2
27405.143430823588	200.0	28.24280186889305	0.0	108225	275.36300558470134	0.039272908	0.2
27405.381907271945	200.0	32.004325420537434	0.0	87791	238.47644835561576	0.62475884	0.2
27407.584240964163	1500.0	33.80199172831859	0.0	681043	2202.333692218837	0.67665124	1.5
27407.92385672135	200.0	37.46237597113422	0.0	80403	339.615757184372	0.21030518	0.2
27427.370285849513	12000.0	22.01594684297112	0.0	5257310	19446.4291281631	0.012307262	12.0
27427.668723370432	200.0	25.71750932205104	0.0	101968	298.43752092008197	0.09896885	0.2
27434.582269408	8000.0	22.80396328448192	0.0	3189942	6913.54603756912	0.63685375	8.0
27438.043995155007	4000.0	23.342237537477086	0.0	1830641	3461.725747004835	0.041119695	4.0
27441.011604560415	4000.0	24.37462813206823	0.0	1697030	2967.609405408855	0.05987498	4.0
27444.342782576176	4000.0	25.043450116307472	0.0	1910697	3331.1780157607595	0.04105479	4.0
27451.04718977856	8000.0	22.339042913922416	0.0	3682991	6704.407202385058	0.35123527	8.0
27461.675260616445	12000.0	15.71097207604053	0.0	5875126	10628.070837881884	0.294322	12.0
27464.832058788837	4000.0	16.55417390364795	0.0	1750852	3156.7981723925845	0.023236472	4.0
27474.59456296709	12000.0	10.791669725394167	0.0	5646381	9762.504178253781	0.015611006	12.0

