16012.899812708645	600.0	4.0	0.7804070931283105	247108	780.4070931283105	0.44104078	-15.00814186256621
16013.259334400793	200.0	7.640478307853106	0.0	98617	359.52169214689366	0.004705182	0.2
16013.641131775414	200.0	11.258680933231767	0.0	106476	381.79737462133966	0.004705182	0.2
16014.047741635643	200.0	14.852071073003952	0.0	115230	406.6098602278163	0.004705182	0.2
16014.404545121975	200.0	18.495267586671158	0.0	97658	356.803486332796	0.004705182	0.2
16014.761348608308	200.0	22.13846410033836	0.0	97658	356.803486332796	0.004705182	0.2
16015.169551410838	200.0	25.730261297808642	0.0	115792	408.20280252971713	0.004705182	0.2
16015.554744416913	200.0	29.34506829173236	0.0	107674	385.1930060762813	0.004705182	0.2
16015.904878520263	200.0	32.99493418838244	0.0	95305	350.1341033499265	0.004705182	0.2
16016.283696922716	200.0	36.61611578593067	0.0	105425	378.8184024517706	0.009125801	0.2
16016.634001091079	200.0	40.2658116175663	0.0	95365	350.30416836436433	0.004705182	0.2
16016.984240067855	200.0	43.915572640790806	0.0	95342	350.23897677549644	0.004705182	0.2
16017.354538213083	200.0	47.545274495562374	0.0	102419	370.29814522843634	0.0073341657	0.2
16017.663749005125	200.0	51.236063703519996	0.0	80867	309.2107920423746	0.004705182	0.2
16017.978297004203	200.0	54.921515704441184	0.0	82750	314.54799907881454	0.008786554	0.2
16032.766417457622	12000.0	44.13339525102305	0.0	5443841	14788.120453418129	0.1147234	12.0
16033.0829200892	200.0	47.816892619444104	0.0	89871	316.5026315789474	0.004705182	0.2
16045.936142457622	12000.0	38.963670251023046	0.0	4055239	12853.222368421053	0.004705182	12.0
16046.252449150279	200.0	42.64736355836548	0.0	90919	316.3066926575699	0.004705182	0.2
16046.555648630461	200.0	46.34416407818354	0.0	85876	303.19948018193634	0.011349608	0.2
16046.933649930006	200.0	49.96616277863838	0.0	114656	378.00129954515927	0.13474114	0.2
16047.267690215906	200.0	53.63212249273844	0.0	97742	334.04028589993504	0.15422946	0.2
16061.092884241982	12000.0	43.806928466663216	0.0	5141915	13825.194026075225	0.004705182	12.0
16061.408333249241	200.0	47.491479459404275	0.0	85752	315.4490072589364	0.004705182	0.2
16061.747955372695	200.0	51.15185733595087	0.0	94556	339.6221234534004	0.004705182	0.2
16070.227335355987	8000.0	46.67247735265969	0.0	3253093	8479.379983291183	0.004705182	8.0
16083.542571307526	12000.0	37.3572414011205	0.0	5138482	13315.23595153919	0.004705182	12.0
16092.570375707413	8000.0	32.32943700123188	0.0	3354913	9027.804399888611	0.004705182	8.0
16094.456949475167	1500.0	34.442863233479166	0.0	675709	1886.5737677527152	0.3588291	1.5
16108.898951382456	12000.0	24.000861326190446	0.0	5411094	14442.001907288723	0.06914702	12.0
16109.219287661965	200.0	27.68052504668208	0.0	93982	320.33627950836706	0.037376493	0.2
16118.774056514256	8000.0	22.125756194391236	0.0	3568902	9554.768852290841	0.005190793	8.0
16120.625188625982	1500.0	24.274624082664857	0.0	633700	1851.1321117263788	0.14395516	1.5
16120.955114735649	200.0	27.944697972999723	0.0	89422	329.9261096651353	0.21543987	0.2
16121.337593468157	200.0	31.56221924048972	0.0	108225	382.47873251000055	0.027387416	0.2
16121.662961085674	200.0	35.236851622972644	0.0	87791	325.36761751707513	0.43253428	0.2
16123.64641244557	1500.0	37.25340026307606	0.0	681043	1983.4513598965884	0.61317897	1.5
16137.260365160057	8000.0	27.63944754858988	0.0	3739359	13613.952714486179	0.61200887	8.0
16137.62866237368	200.0	31.271150334967587	0.0	86718	368.29721362229105	0.3946376	0.2
16138.047658779024	200.0	34.8521539296234	0.0	101968	418.99640534419353	0.39230794	0.2
16152.916741842195	12000.0	23.983070866451424	0.0	4828747	14869.083063171975	0.19135447	12.0
16158.275567121154	4000.0	22.624245587493096	0.0	1830641	5358.825278958326	0.07583396	4.0
16163.307326978176	4000.0	21.59248573047008	0.0	1697030	5031.759857023016	0.009188775	4.0
16168.62712556961	4000.0	20.27268713903745	0.0	1910697	5319.798591432631	0.011008021	4.0
16179.671655664433	8000.0	13.22815704421418	0.0	3682991	11044.53009482327	0.16582154	8.0
16186.97943379247	4000.0	9.920378916177029	0.0	2042818	7307.778128037151	0.061476875	4.0
16191.213848230935	4000.0	9.685964477714007	0.0	1750852	4234.414438463022	0.0056767534	4.0
16196.149598441489	4000.0	8.750214267158503	0.0	2034636	4935.750210555506	0.18150271	4.0

