9942.049776577187	600.0	4.0	0.8282594295879937	247108	828.2594295879937	-15.965188591759874
9943.067635355741	600.0	6.9821412214462795	0.0	309722	1017.85877855372	0.6
9945.097246816973	1500.0	8.952529760214992	0.0	643847	2029.6114612312876	1.5
9947.35276414319	1500.0	10.697012433997614	0.0	718451	2255.517326217377	1.5
9949.625980517458	1500.0	12.423796059728607	0.0	724296	2273.2163742690054	1.5
9951.749895027422	1500.0	14.299881549765391	0.0	689829	2123.914509963215	1.5
9952.98834394614	1500.0	17.061432631048017	0.0	737903	1238.448918717375	1.5
9954.2933574867	1500.0	19.7564190904852	0.0	780303	1305.0135405628164	1.5
9957.288902052815	4000.0	20.760874524371932	0.0	1857129	2995.54456611327	4.0
9958.566897264556	1500.0	23.482879312628928	0.0	763093	1277.9952117430041	1.5
9961.935512987307	4000.0	24.114263589876856	0.0	2094766	3368.6157227520707	4.0
9965.077727018068	4000.0	24.972049559117423	0.0	1761739	3142.214030759435	4.0
9968.885218956637	4000.0	25.16455762054826	0.0	2131310	3807.4919385691646	4.0
9972.122130800108	4000.0	25.92764577707665	0.0	1805063	3236.9118434716074	4.0
9975.057279381277	4000.0	26.99249719590767	0.0	2157416	2935.148581168977	4.0
9978.03213815483	4000.0	28.01763842235642	0.0	2231719	2974.8587735512533	4.0
9980.493515072169	4000.0	29.55626150501686	0.0	1835863	2461.37691733956	4.0
9985.732509032321	12000.0	28.317267544865746	0.0	4055239	5238.993960151112	12.0
9990.677144943602	8000.0	27.37263163358441	0.0	3873892	4944.635911281334	8.0
9996.541339873322	8000.0	25.508436703864863	0.0	4303587	5864.19492971955	8.0
10001.783439542025	8000.0	24.266337035161463	0.0	3690869	5242.099668703398	8.0
10007.967135864616	8000.0	22.082640712570512	0.0	3905272	6183.696322590954	8.0
10014.080111336565	8000.0	19.969665240622046	0.0	3805854	6112.9754719484645	8.0
10016.881156688018	4000.0	21.16861988916929	0.0	1822097	2801.0453514527585	4.0
10019.704214154348	4000.0	22.34556242283987	0.0	1836837	2823.057466329417	4.0
10024.784820225777	8000.0	21.264956351409907	0.0	3253093	5080.606071429966	8.0
10028.281864307435	4000.0	21.767912269751964	0.0	2068230	3497.0440816579417	4.0
10033.874717883113	8000.0	20.175058694074426	0.0	3354913	5592.853575677536	8.0
10037.290231057854	4000.0	20.75954551933219	0.0	2165436	3415.5131747422333	4.0
10040.454921015784	4000.0	21.594855561402795	0.0	2002600	3164.689957929395	4.0
10044.408331987484	4000.0	21.641444589701543	0.0	2290706	3953.4109717012498	4.0
10050.346267716412	4000.0	19.703508860775802	0.0	1947068	5937.935728925744	4.0
10055.970496006606	4000.0	18.0792805705812	0.0	2544033	5624.228290194599	4.0
10059.246755489034	4000.0	18.80302108815483	0.0	2125133	3276.2594824263733	4.0
10062.076972915078	4000.0	19.972803662110707	0.0	1828568	2830.2174260441247	4.0
10064.89611697028	4000.0	21.153659606907237	0.0	1785821	2819.14405520347	4.0
10068.355651104235	4000.0	21.6941254729506	0.0	2096494	3459.5341339566376	4.0
10071.587592750082	4000.0	22.462183827105513	0.0	1955307	3231.9416458450874	4.0
10075.104393907157	4000.0	22.945382670030472	0.0	2142800	3516.801157075043	4.0
10078.48574757206	4000.0	23.564029005127058	0.0	2094647	3381.3536649034154	4.0
10083.593385504624	8000.0	22.45639107256404	0.0	3189942	5107.63793256302	8.0
10086.408528016176	4000.0	23.641248561012187	0.0	1830641	2815.142511551852	4.0
10088.960125897076	4000.0	25.089650680111387	0.0	1697030	2551.5978809007993	4.0
10091.82291385972	4000.0	26.226862717468702	0.0	1910697	2862.7879626426848	4.0
10097.602653426535	8000.0	24.447123150653038	0.0	3682991	5779.739566815664	8.0
10104.232166863945	8000.0	21.817609713243623	0.0	3954105	6629.513437409416	8.0
10106.871690480933	4000.0	23.178086096254646	0.0	1750852	2639.523616988975	4.0
10109.807319954616	4000.0	24.242456622570437	0.0	2034636	2935.629473684211	4.0

