25349.371929182664	600.0	4.0	0.8408444145097662	247108	840.8444145097662	0.02573743	-16.21688829019532
25349.75557047969	200.0	7.616358702973155	0.0	98617	383.641297026845	0.004705182	0.2
25350.163409602177	200.0	11.208519580486866	0.0	106476	407.83912248628883	0.004705182	0.2
25350.598202251073	200.0	14.77372693158857	0.0	115230	434.792648898297	0.004705182	0.2
25350.978890791437	200.0	18.393038391224867	0.0	97658	380.6885403637064	0.004705182	0.2
25351.359579331805	200.0	22.01234985086116	0.0	97658	380.6885403637064	0.004705182	0.2
25351.79610237616	200.0	25.57582680650438	0.0	115792	436.5230443567786	0.004705182	0.2
25352.207630135228	200.0	29.164299047435776	0.0	107674	411.52775906860387	0.004705182	0.2
25355.03244068079	1500.0	30.339488501876264	0.0	891463	2824.8105455595114	0.005306259	1.5
25370.841713913724	12000.0	18.530215268938907	0.0	5088378	15809.273232937358	0.011155468	12.0
25371.221144817606	200.0	22.15078436505728	0.0	95365	379.430903881628	0.004705182	0.2
25371.600503505153	200.0	25.771425677510674	0.0	95342	379.358687546607	0.42807853	0.2
25372.002082845	200.0	29.36984633766217	0.0	102419	401.57933984850274	0.004705182	0.2
25374.430718191754	1500.0	30.941210990906015	0.0	748011	2428.6353467561526	0.004705182	1.5
25376.8797813418	1500.0	32.49214784086088	0.0	754517	2449.063150045135	0.004705182	1.5
25379.87224185935	1500.0	33.499687323308486	0.0	934743	2992.460517552397	0.004705182	1.5
25381.640979734573	1500.0	35.73094944808607	0.0	735572	1768.7378752224072	0.004705182	1.5
25391.017369964455	12000.0	30.354559218203608	0.0	4055239	9376.390229882465	0.004705182	12.0
25392.79108930047	1500.0	32.58083988218865	0.0	747396	1773.719336014957	0.004705182	1.5
25394.37207847955	1500.0	34.99985070310532	0.0	662349	1580.9891790833383	0.013497915	1.5
25402.787750921154	8000.0	30.584178261504153	0.0	3690869	8415.672441601166	0.012017252	8.0
25404.675226650666	1500.0	32.69670253198872	0.0	806394	1887.4757295154309	0.004705182	1.5
25413.289666296594	8000.0	28.082262886061784	0.0	3805854	8614.439645926937	0.019615436	8.0
25414.899898593754	1500.0	30.47203058890097	0.0	681795	1610.2322971608125	0.008350961	1.5
25427.62342716259	8000.0	21.74850202006211	0.0	4925863	12723.528568838863	0.6875114	8.0
25429.56826521927	1500.0	23.803663963381947	0.0	644861	1944.8380566801618	0.024995862	1.5
25431.69846626356	1500.0	25.67346291909306	0.0	794014	2130.2010442888886	0.004705182	1.5
25433.903565265548	1500.0	27.46836391710285	0.0	914284	2205.0990019902088	0.0334612	1.5
25450.89430380243	8000.0	14.477625380220053	0.0	3811227	16990.738536882796	0.007571492	8.0
25453.059021124078	1500.0	16.31290805857444	0.0	707527	2164.7173216456117	0.004705182	1.5
25455.370903559346	1500.0	18.001025623305022	0.0	757473	2311.882435269419	0.004705182	1.5
25455.800126792376	200.0	21.57180239027493	0.0	118522	429.223233030091	0.013592947	0.2
25457.747314004635	1500.0	23.624615178017553	0.0	633700	1947.1872122573757	0.019999601	1.5
25463.990267476685	4000.0	21.38166170596535	0.0	2125133	6242.9534720522015	0.023394246	4.0
25465.976670363332	1500.0	23.3952588193161	0.0	670327	1986.4028866492472	0.004705182	1.5
25468.290678077654	1500.0	25.081251104994838	0.0	785519	2314.0077143212643	0.0048922226	1.5
25481.869758995435	8000.0	15.502170187211622	0.0	4018228	13579.080917783216	0.035414502	8.0
25484.71709387284	1500.0	16.654835309805662	0.0	866245	2847.3348774059587	0.004705182	1.5
25487.005403113315	1500.0	18.36652606932966	0.0	691256	2288.309240476001	0.056616344	1.5
25493.215564754228	4000.0	16.15636442841736	0.0	2094647	6210.1616409123	0.6307556	4.0
25497.89766885842	4000.0	15.474260324226245	0.0	1985434	4682.104104191114	0.6788355	4.0
25502.334311177354	4000.0	15.037618005291446	0.0	1830641	4436.642318934799	0.010244215	4.0
25507.699362563217	4000.0	13.672566619430345	0.0	1697030	5365.051385861102	0.4070969	4.0
25510.420393394732	1500.0	14.951535787913683	0.0	848035	2721.0308315166617	0.40551236	1.5
25518.437932615023	4000.0	10.933996567619804	0.0	2171279	8017.539220293878	0.04446245	4.0
25521.441748882964	1500.0	11.93018029967722	0.0	763847	3003.816267942584	0.07523723	1.5
25524.150263511106	1500.0	13.221665671535817	0.0	769491	2708.5146281414036	0.5751256	1.5
25530.88415743037	4000.0	10.487771752271637	0.0	2034636	6733.893919264179	0.010031417	4.0

