13958.495997063772	600.0	4.0	1.0380614519724727	247108	1038.0614519724727	-20.161229039449452
13961.415601599974	1500.0	5.080395463797615	0.0	732405	2919.6045362023847	1.5
13963.991858263733	1500.0	6.50413880003877	0.0	643847	2576.256663758845	1.5
13966.857361801583	1500.0	7.638635262188619	0.0	718451	2865.5035378501507	1.5
13969.718965308146	1500.0	8.777031755625385	0.0	724296	2861.6035065632345	1.5
13972.435863318036	1500.0	10.060133745734566	0.0	689829	2716.898009890819	1.5
13975.336526050674	1500.0	11.159471013097253	0.0	737903	2900.6627326373127	1.5
13978.286469371646	1500.0	12.209527692125537	0.0	780303	2949.943320971715	1.5
13980.498550269716	1500.0	13.99744679405531	0.0	891463	2212.0808980702254	1.5
13982.403613125663	1500.0	16.092383938108288	0.0	763093	1905.0628559470247	1.5
13984.323559313201	1500.0	18.172437750571852	0.0	769316	1919.9461875364357	1.5
13986.183953041058	1500.0	20.31204402271344	0.0	744416	1860.3937278584135	1.5
13987.713522092912	1500.0	22.782474970859152	0.0	606092	1529.5690518542879	1.5
13989.628149388522	1500.0	24.86784767525038	0.0	748011	1914.6272956087703	1.5
13991.594677704561	1500.0	26.901319359210877	0.0	754517	1966.5283160395052	1.5
13994.011827348268	1500.0	28.484169715505413	0.0	934743	2417.1496437054634	1.5
13995.930987243253	1500.0	30.56500982051854	0.0	735572	1919.1598949868735	1.5
13997.942768715939	1500.0	32.553228347834455	0.0	772616	2011.7814726840857	1.5
14000.175623018327	1500.0	34.320374045445256	0.0	747396	2232.8543023891993	1.5
14002.426769686088	1500.0	36.069227377685934	0.0	662349	2251.1466677593166	1.5
14005.246188259769	1500.0	37.24980880400378	0.0	835711	2819.418573682162	1.5
14007.969507183783	1500.0	38.52648987999075	0.0	806394	2723.31892401303	1.5
14010.33327926505	1500.0	40.1627177987217	0.0	809327	2363.772081269048	1.5
14012.060748871636	1500.0	42.435248192137095	0.0	681795	1727.4696065846108	1.5
14014.207251023716	1500.0	44.28874604005675	0.0	855209	2146.5021520803443	1.5
14015.845474387	1500.0	46.650522676770485	0.0	644861	1638.2233632862644	1.5
14017.844106721064	1500.0	48.651890342707205	0.0	794014	1998.632334063279	1.5
14020.215656526163	1500.0	50.28034053760877	0.0	914284	2371.549805098428	1.5
14022.237035254459	1500.0	52.25896180931414	0.0	675709	2021.3787282946364	1.5
14024.349830240899	1500.0	54.14616682287157	0.0	707527	2112.794986442565	1.5
14026.606125020837	1500.0	55.889872042932986	0.0	757473	2256.294779938588	1.5
14028.732458048904	1500.0	57.7635390148664	0.0	712239	2126.333028066584	1.5
14030.630054443476	1500.0	59.865942620293545	0.0	633700	1897.596394572855	1.5
14034.867140782118	1500.0	59.62885628165182	0.0	755142	2237.0863386417195	1.5
14038.861950465758	1500.0	59.6340465980126	0.0	670327	1994.8096836392203	1.5
14042.614187981853	1500.0	59.88180908191689	0.0	785519	2252.2375160957067	1.5
14046.975274611472	1500.0	59.520722452299374	0.0	681043	1861.0866296175222	1.5
14049.64347990732	1500.0	59.67528930421176	0.0	866245	2345.4331480876103	1.5
14053.591707392223	1500.0	59.72706181930747	0.0	691256	2448.227484904287	1.5
14057.658436011983	1500.0	59.66033319954814	0.0	725845	2566.728619759325	1.5
14061.370087650175	1500.0	59.94868156135479	0.0	811013	2711.651638193351	1.5
14065.35725018461	1500.0	59.961519026919525	0.0	657685	1987.162534435262	1.5
14069.661576703387	1500.0	59.65719250814324	0.0	767059	2304.3265187762795	1.5
14073.711836144124	1500.0	59.60693306740395	0.0	848035	4050.259440739291	1.5
14077.766320165627	1500.0	59.552449045902385	0.0	629438	3054.484021501565	1.5
14081.685791482358	1500.0	59.632977729172204	0.0	763847	3419.471316730183	1.5
14085.74506698145	1500.0	59.57370223007965	0.0	769491	3059.275499092559	1.5
14089.455902069169	1500.0	59.862867142360344	0.0	808636	3210.8350877192984	1.5

