1871.3028297758888	600.0	4.0	0.6668329029002287	247108	666.8329029002286	-12.736658058004574
1873.1221476136302	1500.0	6.180682162258438	0.0	732405	1819.317837741562	1.5
1874.731157617489	1500.0	8.571672158399382	0.0	643847	1609.0100038590556	1.5
1876.5173374494716	1500.0	10.785492326416719	0.0	718451	1786.179831982664	1.5
1878.3173980069569	1500.0	12.985431768931635	0.0	724296	1800.0605574850833	1.5
1880.0356062178394	1500.0	15.2672235580491	0.0	689829	1718.2082108825362	1.5
1881.8696906068988	1500.0	17.433139168989538	0.0	737903	1834.084389059559	1.5
1883.8074719559456	1500.0	19.49535781994262	0.0	780303	1937.7813490469175	1.5
1886.0099081567107	1500.0	21.292921619177775	0.0	891463	2202.436200764847	1.5
1887.9067151444938	1500.0	23.396114631394493	0.0	763093	1896.8069877832836	1.5
1889.818338137515	1500.0	25.484491638373346	0.0	769316	1911.622993021145	1.5
1891.66670013006	1500.0	27.636129645828213	0.0	744416	1848.361992545135	1.5
1893.112849121382	1500.0	30.189980654506225	0.0	606092	1446.148991321988	1.5
1894.8788876652793	1500.0	32.42394211060901	0.0	748011	1766.0385438972164	1.5
1896.6595909223513	1500.0	34.643238853537	0.0	754517	1780.7032570720162	1.5
1898.8465288238501	1500.0	36.45630095203807	0.0	934743	2186.9379014989295	1.5
1900.5845295000588	1500.0	38.71830027582935	0.0	735572	1738.0006762087232	1.5
1902.4419802196003	1500.0	40.86084955628794	0.0	772616	1857.450719541412	1.5
1904.3901491280692	1500.0	42.91268064781909	0.0	747396	1948.1689084688571	1.5
1906.125737073891	1500.0	45.177092701997275	0.0	662349	1735.587945821812	1.5
1908.2946555410294	1500.0	47.008174234858814	0.0	835711	2168.918467138461	1.5
1910.3902941031517	1500.0	48.91253567273668	0.0	806394	2095.638562122135	1.5
1912.494756186622	1500.0	50.80807358926628	0.0	809327	2104.4620834704074	1.5
1914.4262336387173	1500.0	52.87659613717103	0.0	681795	1931.4774520952494	1.5
1916.8286328647735	1500.0	54.474196911114916	0.0	855209	2402.399226056111	1.5
1918.6598126200306	1500.0	56.6430171558577	0.0	644861	1831.1797552572175	1.5
1920.8960311573446	1500.0	58.40679861854376	0.0	794014	2236.21853731394	1.5
1923.4499695627308	1500.0	59.85286021315747	0.0	914284	2553.938405386286	1.5
1927.3369498906543	1500.0	59.965879885233825	0.0	675709	1886.9803279236517	1.5
1931.3090178821637	1500.0	59.993811893724406	0.0	707527	1972.0679915094183	1.5
1935.418591196635	1500.0	59.88423857925329	0.0	757473	2109.5733144711103	1.5
1939.428385953798	1500.0	59.874443822090115	0.0	712239	2009.7947571631785	1.5
1941.6747654159667	1500.0	59.57744863141071	0.0	633700	1796.9951906794015	1.5
1945.5335319967544	1500.0	59.71868205062308	0.0	755142	1858.7665807876333	1.5
1949.6925135204938	1500.0	59.55970052688366	0.0	670327	1658.9815237394184	1.5
1953.6276455106822	1500.0	59.62456853669541	0.0	785519	1935.1319901882453	1.5
1957.3608882167555	1500.0	59.89132583062207	0.0	681043	1733.2427060733414	1.5
1961.5437117211782	1500.0	59.708502326199444	0.0	866245	2182.823504422631	1.5
1965.4300127011481	1500.0	59.82220134622948	0.0	691256	1886.3009799699616	1.5
1969.4135875835425	1500.0	59.83862646383508	0.0	725845	1983.5748823944007	1.5
1973.3756608291446	1500.0	59.63169306056671	0.0	811013	2206.9334032683705	1.5
1977.3628233635798	1500.0	59.64453052613144	0.0	657685	1987.162534435262	1.5
1981.1671498823562	1500.0	59.84020400735516	0.0	767059	2304.3265187762795	1.5
1985.4205086704792	1500.0	59.58684521923203	0.0	848035	2253.3587881231297	1.5
1989.0431543417005	1500.0	59.9641995480109	0.0	629438	1622.6456712211263	1.5
1992.4699063167723	1500.0	59.51214023791961	0.0	763847	1952.0593100912934	1.5
1996.3409301449997	1500.0	59.64111640969232	0.0	769491	1871.0238282272846	1.5
2000.3030656662238	1500.0	59.67898088846804	0.0	808636	1962.135521224288	1.5

