30520.26886654474	600.0	4.0	0.5675607951462537	247108	567.5607951462537	-10.751215902925074
30520.5434445549	200.0	7.7254219898387015	0.0	98617	274.57801016129827	0.2
30521.192569992672	600.0	11.076296552064322	0.0	288447	649.1254377743797	0.6
30525.31755198843	4000.0	10.951314556306418	0.0	2050098	4124.981995757906	4.0
30526.826636978316	1500.0	13.442229566418389	0.0	724296	1509.0849898880285	1.5
30534.17038513442	8000.0	10.098481410315502	0.0	4224313	7343.748156102887	8.0
30535.398135411484	1500.0	12.870731133256028	0.0	737903	1227.7502770594754	1.5
30538.680148127052	4000.0	13.588718417684312	0.0	2058614	3282.0127155717146	4.0
30545.38543809084	8000.0	10.88342845389451	0.0	3448932	6705.289963789803	8.0
30547.05643742627	1500.0	13.212429118467554	0.0	763093	1670.9993354269561	1.5
30554.92667695696	8000.0	9.34218958777847	0.0	4206014	7870.239530689084	8.0
30556.273350288095	1500.0	11.995516256642993	0.0	744416	1346.6733311354765	1.5
30559.979915995147	4000.0	12.288950549588938	0.0	2131310	3706.565707054057	4.0
30563.69088723342	4000.0	12.577979311316193	0.0	1805063	3710.971238272743	4.0
30568.331056330862	4000.0	11.937810213873792	0.0	2157416	4640.169097442402	4.0
30572.53170442164	4000.0	11.73716212309909	0.0	2231719	4200.648090774704	4.0
30575.41393370338	4000.0	12.854932841357488	0.0	1835863	2882.229281741603	4.0
30578.84079460223	4000.0	13.428071942508952	0.0	2192675	3426.8608988485353	4.0
30585.460899117188	8000.0	10.807967427553693	0.0	3873892	6620.104514955259	8.0
30586.7273862028	1500.0	13.54148034193921	0.0	662349	1266.487085614483	1.5
30593.49447722892	8000.0	10.774389315819215	0.0	3690869	6767.091026119996	8.0
30595.07253289091	1500.0	13.196333653831685	0.0	806394	1578.0556619875301	1.5
30602.127563004044	8000.0	10.141303540698694	0.0	3805854	7055.030113132992	8.0
30603.2972254787	1500.0	12.971641066045558	0.0	681795	1169.6624746531352	1.5
30606.31290607324	4000.0	13.955960471505497	0.0	1836837	3015.6805945400606	4.0
30611.592083785978	8000.0	12.676782758766636	0.0	3253093	5279.1777127388605	8.0
30615.078954810524	4000.0	13.18991173422234	0.0	2068230	3486.8710245442967	4.0
30620.69528617391	8000.0	11.573580370834447	0.0	3354913	5616.331363387894	8.0
30624.44168737413	4000.0	11.827179170614167	0.0	2165436	3746.4012002202794	4.0
30627.958410422834	4000.0	12.310456121908235	0.0	2002600	3516.7230487059305	4.0
30631.969560981113	4000.0	12.299305563629513	0.0	2290706	4011.1505582787217	4.0
30635.930042139065	4000.0	12.338824405677594	0.0	1947068	3960.4811579519205	4.0
30641.127919776303	4000.0	11.140946768440688	0.0	2544033	5197.877637236905	4.0
30645.432730363766	4000.0	10.836136180979251	0.0	2125133	4304.810587461437	4.0
30646.839060003655	1500.0	13.429806541090054	0.0	670327	1406.3296398891969	1.5
30654.907080863817	8000.0	9.361785680923262	0.0	4086583	8068.020860166794	8.0
30656.28022606052	1500.0	11.988640484222378	0.0	681043	1373.1451967008843	1.5
30660.072907719572	4000.0	12.195958825170576	0.0	1955307	3792.6816590518006	4.0
30664.40193347059	4000.0	11.866933074151214	0.0	2142800	4329.025751019362	4.0
30668.97140474358	4000.0	11.297461801160898	0.0	2094647	4569.471272990316	4.0
30673.23084002431	4000.0	11.038026520435087	0.0	1985434	4259.435280725811	4.0
30676.318825236114	4000.0	11.950041308625075	0.0	1830641	3087.9852118100134	4.0
30679.187269908776	4000.0	13.08159663596782	0.0	1697030	2868.4446726572532	4.0
30686.395108286328	8000.0	9.873758258412836	0.0	4340973	7207.838377554985	8.0
30687.507746222487	1500.0	12.76112032225157	0.0	629438	1112.637936161268	1.5
30690.93913486358	4000.0	13.329731681157307	0.0	2042818	3431.3886410942614	4.0
30697.572415766448	8000.0	10.696450778290519	0.0	4201994	6633.280902866789	8.0
30698.877598622832	1500.0	13.391267921905223	0.0	808636	1305.1828563852957	1.5

