8531.814757589118	600.0	4.0	0.564045004346176	247108	564.045004346176	-10.68090008692352
8533.329421709293	1500.0	6.485335879825174	0.0	732405	1514.6641201748264	1.5
8534.670614887635	1500.0	9.144142701485045	0.0	643847	1341.1931783401283	1.5
8536.157945356164	1500.0	11.656812232955032	0.0	718451	1487.3304685300131	1.5
8537.656725243774	1500.0	14.158032345343468	0.0	724296	1498.7798876115623	1.5
8539.087989797343	1500.0	16.726767791775316	0.0	689829	1431.2645535681493	1.5
8540.613423619163	1500.0	19.201333969956288	0.0	737903	1525.4338218190278	1.5
8542.169184591112	1500.0	21.645572998005267	0.0	780303	1555.7609719510233	1.5
8543.717413975448	1500.0	24.09734361367019	0.0	891463	1548.2293843350797	1.5
8547.705971522259	4000.0	24.108786066859683	0.0	2373154	3988.557546810504	4.0
8551.23602721106	4000.0	24.57873037805818	0.0	2094766	3530.055688801507	4.0
8554.701892610583	4000.0	25.112864978535107	0.0	1761739	3465.8653995230725	4.0
8559.139230237244	4000.0	24.675527351875598	0.0	2131310	4437.337626659511	4.0
8563.012579194618	4000.0	24.802178394501727	0.0	1805063	3873.348957373871	4.0
8568.346400387276	4000.0	23.468357201843965	0.0	2157416	5333.821192657759	4.0
8570.70272196044	1500.0	25.11203562868029	0.0	934743	2356.3215731636787	1.5
8572.574014767357	1500.0	27.24074282176421	0.0	735572	1871.2928069160757	1.5
8574.429425843802	1500.0	29.385331745319622	0.0	772616	1855.4110764445911	1.5
8576.22484177529	1500.0	31.58991581383105	0.0	747396	1795.4159314885744	1.5
8577.82505867076	1500.0	33.98969891836261	0.0	662349	1600.2168954684341	1.5
8579.823174319652	1500.0	35.991583269469324	0.0	835711	1998.1156488932882	1.5
8581.754001879148	1500.0	38.06075570997369	0.0	806394	1930.8275594956322	1.5
8583.619753545709	1500.0	40.19500404341252	0.0	809327	1865.7516665611695	1.5
8585.077586897987	1500.0	42.73717069113333	0.0	681795	1457.8333522791863	1.5
8586.885871035258	1500.0	44.92888655386432	0.0	855209	1808.2841372690186	1.5
8588.269064800808	1500.0	47.54569278831293	0.0	644861	1383.1937655513875	1.5
8589.953680515762	1500.0	49.861077073359596	0.0	794014	1684.61571495333	1.5
8591.88134878651	1500.0	51.93340880261073	0.0	914284	1927.6682707488665	1.5
8593.326882996405	1500.0	54.48787459271594	0.0	675709	1445.5342098947876	1.5
8594.759797910297	1500.0	57.054959678824105	0.0	707527	1432.9149138918349	1.5
8596.27128803597	1500.0	59.54346955315086	0.0	757473	1511.4901256732496	1.5
8600.197293894424	1500.0	59.61746369469862	0.0	712239	1426.0058584522349	1.5
8601.55903725642	1500.0	59.83988266852457	0.0	633700	1277.5810261740528	1.5
8605.986913068398	4000.0	59.41200685654564	0.0	2125133	4427.875811978928	4.0
8609.808037307568	4000.0	59.59088261737629	0.0	1828568	3821.124239169352	4.0
8613.488277990493	4000.0	59.91064193445302	0.0	1785821	3680.2406829232737	4.0
8617.420895666757	1500.0	59.97802425818688	0.0	681043	1432.617676266137	1.5
8621.721342538654	1500.0	59.67757738629015	0.0	866245	1800.446871896723	1.5
8625.75694039932	1500.0	59.64197952562458	0.0	691256	2035.5978606655794	1.5
8629.467431492862	1500.0	59.931488432083825	0.0	725845	2210.4910935407534	1.5
8633.240938332043	1500.0	59.97101329862452	0.0	811013	2460.475133459302	1.5
8637.33955637427	1500.0	59.872395256398036	0.0	657685	1598.6180422264874	1.5
8641.690722870166	1500.0	59.52122876050379	0.0	767059	1851.166495894246	1.5
8645.565603215991	1500.0	59.64634841467904	0.0	848035	1874.880345824746	1.5
8649.44698561872	1500.0	59.764966011949895	0.0	629438	1381.3824027291405	1.5
8652.384618890257	1500.0	59.60568887237865	0.0	763847	1659.2771395712457	1.5
8656.342572728981	1500.0	59.64773503365339	0.0	769491	2457.9538387252537	1.5
8660.421496147621	1500.0	59.56881161501505	0.0	808636	2578.923418638339	1.5

