370.26409316142593	600.0	4.0	0.7571589566170553	247108	757.1589566170553	0.026781224	-14.543179132341107
370.61433688006196	200.0	7.649756281364002	0.0	98617	350.24371863599777	0.004705182	0.2
370.9861168995869	200.0	11.27797626183911	0.0	106476	371.7800195248942	0.004705182	0.2
371.3818858207508	200.0	14.882207340675151	0.0	115230	395.76892116395777	0.004705182	0.2
371.72950155713056	200.0	18.53459160429548	0.0	97658	347.61573637967354	0.004705182	0.2
372.07711729351024	200.0	22.186975867915805	0.0	97658	347.61573637967354	0.004705182	0.2
372.47442628352513	200.0	25.789666877900906	0.0	115792	397.3089900149006	0.004705182	0.2
372.8494892256184	200.0	29.41460393580763	0.0	107674	375.0629420932742	0.004705182	0.2
394.51064665667036	12000.0	11.753446504755695	0.0	6619479	21661.157431051935	0.2064616	12.0
394.9515366866233	200.0	15.312556474802765	0.0	105425	440.8900299529311	0.004705182	0.2
395.3579894037821	200.0	18.906103757644015	0.0	95365	406.4527171587505	0.004705182	0.2
395.7643633875219	200.0	22.499729773904175	0.0	95342	406.3739837398374	0.004705182	0.2
397.9191327499524	1500.0	24.344960411473707	0.0	606092	2154.7693624304666	0.004705182	1.5
400.55971811580605	1500.0	25.70437504562005	0.0	748011	2640.5853658536585	0.42521372	1.5
402.5095778953053	1500.0	27.75451526612079	0.0	754517	1949.8597794992618	0.030533666	1.5
404.8824762349499	1500.0	29.381616926476163	0.0	934743	2372.8983396446256	0.004705182	1.5
422.7915002486062	12000.0	15.47259291281987	0.0	5964284	17909.024013656293	0.004705182	12.0
423.16602863467824	200.0	19.098064526747876	0.0	103142	374.5283860719959	0.004705182	0.2
424.18866396155084	600.0	22.075429199875252	0.0	330105	1022.6353268726241	0.9708959	0.6
424.51388821241204	200.0	25.750204949014122	0.0	85876	325.2242508611305	0.004705182	0.2
426.98031287019074	1500.0	27.28378029123539	0.0	835711	2466.42465777873	0.004705182	1.5
429.3630210138969	1500.0	28.90107214752923	0.0	806394	2382.7081437061624	0.004705182	1.5
431.74466367256593	1500.0	30.51942948886022	0.0	809327	2381.642658669012	0.004705182	1.5
433.7264296808294	1500.0	32.53766348059676	0.0	681795	1981.7660082634545	0.004705182	1.5
454.79373637042556	12000.0	15.470356791000635	0.0	6078444	21067.30668959613	0.0047104987	12.0
456.309561346018	200.0	17.9545318154082	0.0	101109	1515.8249755924382	0.004705182	0.2
457.646186889641	200.0	20.617906271785227	0.0	88490	1336.6255436229699	0.4018338	0.2
459.19960128566476	200.0	23.064491875761444	0.0	103756	1553.4143960237864	0.004705182	0.2
463.50684281878785	1500.0	22.757250342638383	0.0	675709	4307.241533123063	0.004705182	1.5
465.98158643022805	1500.0	24.282506731198204	0.0	707527	2474.743611440176	0.004705182	1.5
468.6253806424467	1500.0	25.638712518979556	0.0	757473	2643.79421221865	0.004705182	1.5
471.11607280694153	1500.0	27.148020354484718	0.0	712239	2490.6921644948384	0.004705182	1.5
481.76403964305547	8000.0	20.500053518370745	0.0	3713878	10647.966836113974	0.7892888	8.0
482.09454774964934	200.0	24.169545411776916	0.0	89422	330.5081065938299	0.18603463	0.2
483.0267263337803	600.0	27.23736682764598	0.0	284451	932.1785841309318	0.67027897	0.6
485.49047294354796	1500.0	28.77362021787832	0.0	785519	2463.7466097676624	0.09193301	1.5
491.932522066355	4000.0	26.331571095071304	0.0	2096494	6442.049122807018	0.64573497	4.0
494.7326059056861	1500.0	27.5314872557402	0.0	866245	2800.0838393311064	0.7301562	1.5
512.8967330613877	8000.0	13.367360100038587	0.0	4857577	18164.12715570161	0.009470938	8.0
515.1825717287888	1500.0	15.081521432637496	0.0	725845	2285.8386674010903	0.11845533	1.5
517.7272354450987	1500.0	16.536857716327592	0.0	811013	2544.6637163099017	0.018217472	1.5
518.1163406512754	200.0	20.147752510150838	0.0	101713	389.10520617675553	0.0275789	0.2
523.4416155966119	4000.0	18.822477564814456	0.0	1697030	5325.274945336379	0.011655529	4.0
530.5848640601764	4000.0	15.679229101249927	0.0	1910697	7143.2484635645305	0.004705182	4.0
532.9916992341517	1500.0	17.2723939272746	0.0	629438	2406.835173975325	0.586938	1.5
535.3020835110541	1500.0	18.96200965037235	0.0	763847	2310.3842769022494	0.11416815	1.5
540.4365973410523	4000.0	17.827495820373972	0.0	1750852	5134.513829998376	0.41215828	4.0
548.1691418150897	4000.0	14.094951346336604	0.0	2034636	7732.54447403737	0.6475449	4.0

