10468.643270187691	600.0	4.0	0.7467444644934991	247108	746.7444644934991	0.25887015	-14.334889289869983
10468.989357642793	200.0	7.653912544899576	0.0	98617	346.08745510042326	0.004705182	0.2
10469.356650177237	200.0	11.286620010455488	0.0	106476	367.29253444408846	0.004705182	0.2
10469.747562671546	200.0	14.895707516146985	0.0	115230	390.9124943085044	0.004705182	0.2
10470.09106256193	200.0	18.552207625760975	0.0	97658	343.49989038600984	0.004705182	0.2
10470.434562452316	200.0	22.20870773537496	0.0	97658	343.49989038600984	0.004705182	0.2
10470.826991329699	200.0	25.81627885799086	0.0	115792	392.4288773841043	0.004705182	0.2
10471.197516296394	200.0	29.445753891296647	0.0	107674	370.5249666942107	0.004705182	0.2
10473.682853317256	1500.0	30.960416870436262	0.0	891463	2485.3370208603856	0.34821078	1.5
10486.751545490928	12000.0	21.891724696764314	0.0	5088378	13068.692173671947	0.004705182	12.0
10487.06718917761	200.0	25.576081010082824	0.0	95365	315.64368668149245	0.004705182	0.2
10488.983632193504	1500.0	27.6596379941893	0.0	744416	1916.4430158935263	0.011446833	1.5
10489.31090162856	200.0	31.33236855913377	0.0	102419	327.26943505552873	0.004705182	0.2
10491.196819059753	1500.0	33.44645112794111	0.0	748011	1885.9174311926606	0.004705182	1.5
10493.09844387868	1500.0	35.544826309013054	0.0	754517	1901.624818928054	0.004705182	1.5
10495.435186997945	1500.0	37.208083189747	0.0	934743	2336.7431192660556	0.004705182	1.5
10497.291073043336	1500.0	39.35219714435829	0.0	735572	1855.8860453887012	0.004705182	1.5
10507.190880285867	12000.0	33.452389901827836	0.0	4055239	9899.807242530456	0.004705182	12.0
10509.082063322594	1500.0	35.56120686509933	0.0	747396	1891.183036728512	0.015627744	1.5
10521.87144891353	8000.0	26.771821274164736	0.0	4303587	12789.385590934595	0.28102136	8.0
10522.22190387446	200.0	30.421366313232998	0.0	114656	350.4549609317411	0.010646244	0.2
10524.204056904095	1500.0	32.43921328360009	0.0	806394	1982.1530296329058	0.004705182	1.5
10534.200514072932	8000.0	26.442756114761416	0.0	3805854	9996.457168838675	0.0061241095	8.0
10536.317204948757	1500.0	28.326065238937588	0.0	681795	2116.6908758238274	0.004705182	1.5
10538.951926481215	1500.0	29.691343706479266	0.0	855209	2634.7215324583185	0.004705182	1.5
10540.892337489546	1500.0	31.750932698148446	0.0	644861	1940.4110083308217	0.2561483	1.5
10543.18492308988	1500.0	33.458347097814055	0.0	794014	2292.58560033439	0.004705182	1.5
10553.419822122094	8000.0	27.223448065601524	0.0	3354913	10234.899032212532	0.004705182	8.0
10555.99551556623	1500.0	28.647754621464866	0.0	675709	2575.6934441366575	0.004705182	1.5
10558.688727015908	1500.0	29.954543171788043	0.0	707527	2693.211449676824	0.004705182	1.5
10568.852822773648	8000.0	23.790447414045676	0.0	4025712	10164.095757742365	0.029084483	8.0
10570.641520359693	1500.0	26.00174982800088	0.0	712239	1788.6975860447951	0.0071442323	1.5
10581.023477213916	8000.0	19.619792973777695	0.0	3713878	10381.956854223185	0.7457276	8.0
10583.287981001726	1500.0	21.35528918596739	0.0	755142	2264.503787810302	0.005720768	1.5
10585.307128699207	1500.0	23.33614148848597	0.0	670327	2019.1476974814225	0.037840933	1.5
10596.82068188507	8000.0	15.822588302623352	0.0	4086583	11513.553185862618	0.13670665	8.0
10598.751908143098	1500.0	17.8913620445961	0.0	681043	1931.2262580272502	0.004705182	1.5
10601.148567736253	1500.0	19.494702451440048	0.0	866245	2396.6595931560514	0.14365834	1.5
10612.541696304375	8000.0	12.101573883317418	0.0	4857577	11393.128568122629	0.26607344	8.0
10614.431698953878	1500.0	14.211571233815368	0.0	725845	1890.0026495020493	0.009418473	1.5
10619.462674438191	4000.0	13.180595749501979	0.0	1985434	5030.975484313389	0.04994475	4.0
10623.898020488921	4000.0	12.745249698772597	0.0	1830641	4435.346050729381	0.10951892	4.0
10627.898673149379	4000.0	12.744597038314868	0.0	1697030	4000.652660457729	0.32481498	4.0
10632.397266249081	4000.0	12.246003938612786	0.0	1910697	4498.593099702083	0.088136345	4.0
10637.515694118149	4000.0	11.127576069546349	0.0	2171279	5118.427869066438	0.252852	4.0
10642.358881669836	4000.0	10.284388517857096	0.0	2042818	4843.187551689252	0.036066007	4.0
10646.623955993453	4000.0	10.019314194239367	0.0	1750852	4265.07432361773	0.023496736	4.0
10651.567361284995	4000.0	9.075908902696572	0.0	2034636	4943.405291542795	0.015774487	4.0

