28939.887663835318	600.0	4.0	0.8088649645128584	247108	808.8649645128584	0.0058683935	-15.577299290257168
28940.25854262599	200.0	7.629121209328049	0.0	98617	370.8787906719513	0.004705182	0.2
28940.65260217065	200.0	11.235061664669555	0.0	106476	394.05954465849385	0.004705182	0.2
28941.072482343938	200.0	14.815181491381693	0.0	115230	419.88017328786066	0.004705182	0.2
28941.440532486806	200.0	18.447131348511387	0.0	97658	368.0501428703106	0.004705182	0.2
28941.808582629677	200.0	22.079081205641074	0.0	97658	368.0501428703106	0.004705182	0.2
28942.230120467266	200.0	25.657543368052355	0.0	115792	421.5378375887179	0.004705182	0.2
28942.62771360949	200.0	29.259950225827264	0.0	107674	397.5931422250899	0.004705182	0.2
28942.988823389194	200.0	32.89884044612407	0.0	95305	361.1097797031985	0.004705182	0.2
28943.379782924636	200.0	36.507880910683014	0.0	105425	390.95953544105447	0.008262222	0.2
28943.741069679178	200.0	40.14659415614343	0.0	95365	361.2867545395889	0.004705182	0.2
28944.102288593363	200.0	43.785375241957794	0.0	95342	361.2189141856392	0.004705182	0.2
28944.4843816895	200.0	47.4032821458199	0.0	102419	382.0930961378929	0.0067480262	0.2
28944.802905424403	200.0	51.084758410913466	0.0	80867	318.523734906443	0.004705182	0.2
28945.126983219594	200.0	54.760680615724965	0.0	82750	324.0777951884967	0.007942488	0.2
28961.329560905353	12000.0	42.558102929965344	0.0	5443841	16202.577685759623	0.20271651	12.0
28961.67436441167	200.0	46.21329942364882	0.0	89871	344.8035063165261	0.004705182	0.2
28973.62693663324	12000.0	38.260727202073994	0.0	4055239	11952.572221574828	0.004705182	12.0
28973.968423547245	200.0	41.91924028806767	0.0	90919	341.48691400632737	0.004705182	0.2
28974.295406578593	200.0	45.5922572567188	0.0	85876	326.98303134886396	0.009579584	0.2
28974.705162114973	200.0	49.182501720336866	0.0	114656	409.75553638193844	0.06822342	0.2
28975.066272267406	200.0	52.8213915679066	0.0	97742	361.110152430256	0.095736556	0.2
28990.286569966385	12000.0	41.601093868924366	0.0	5141915	15220.297698982244	0.004705182	12.0
28990.622823374928	200.0	45.264840460385265	0.0	85752	336.2534085390908	0.004705182	0.2
28990.985385849246	200.0	48.902277986066046	0.0	94556	362.56247431922606	0.004705182	0.2
29000.83815294632	8000.0	43.04951088899229	0.0	3253093	9852.767097073764	0.004705182	8.0
29016.375087879136	12000.0	31.51257595617463	0.0	5138482	15536.934932817652	0.0066330764	12.0
29026.567308920345	8000.0	25.32035491496627	0.0	3354913	10192.221041208362	0.004705182	8.0
29026.92848831644	200.0	28.959175518873906	0.0	93993	361.17939609236237	0.03330538	0.2
29027.29891142572	200.0	32.58875240959093	0.0	97083	370.42310928297655	0.05866387	0.2
29027.66005791539	200.0	36.227605919920926	0.0	93982	361.14648967000096	0.089960076	0.2
29038.401987736263	8000.0	29.485676099048963	0.0	3568902	10741.929820871965	0.0077762683	8.0
29040.373664819792	1500.0	31.513999015521286	0.0	633700	1971.6770835276777	0.026532412	1.5
29040.720601143228	200.0	35.16706269208242	0.0	89422	346.93632343887015	0.06843637	0.2
29041.12366687207	200.0	38.76399696324419	0.0	108225	403.0657288382246	0.024702407	0.2
29041.465734447956	200.0	42.42192938735658	0.0	87791	342.0675758876098	0.15156269	0.2
29043.57819086603	1500.0	44.309472969287384	0.0	681043	2112.4564180691937	0.5523086	1.5
29056.94970188977	8000.0	34.9379619455441	0.0	3739359	13371.511023743273	0.7359609	8.0
29074.842461351007	12000.0	21.04520248430955	0.0	5257310	17892.759461234557	0.10634712	12.0
29075.222908480027	200.0	24.66475535529036	0.0	101968	380.44712901918894	0.30044794	0.2
29084.677682089932	8000.0	19.2099817453847	0.0	3189942	9454.773609905658	0.32839927	8.0
29090.095605985545	4000.0	17.792057849773094	0.0	1830641	5417.923895611605	0.0152393505	4.0
29095.288915915997	4000.0	16.59874791932256	0.0	1697030	5193.309930450536	0.0055306135	4.0
29101.2930985375	4000.0	14.594565297820349	0.0	1910697	6004.18262150221	0.004705182	4.0
29103.299552027584	1500.0	16.588111807735558	0.0	629438	2006.4534900847905	0.096856155	1.5
29109.46684073768	4000.0	14.420823097637594	0.0	2042818	6167.288710097962	0.024627494	4.0
29114.68757330434	4000.0	13.200090530977432	0.0	1750852	5220.732566660164	0.004705182	4.0
29120.589447868424	4000.0	11.298215966891375	0.0	2034636	5901.874564086056	0.072526604	4.0

