0.6831621662852785	600.0	4.0	0.6831621662852785	247108	683.1621662852784	-13.06324332570557
1.0038749046529367	200.0	7.679287261632342	0.0	98617	320.7127383676583	0.2
1.7879408085430968	600.0	10.895221357742182	0.0	288447	784.0659038901603	0.6
3.621596948893974	1500.0	13.061565217391307	0.0	718451	1833.6561403508772	1.5
4.478652631578947	600.0	16.204509534706332	0.0	318350	857.0556826849734	0.6
4.797024561403508	200.0	19.886137604881768	0.0	97658	318.37192982456145	0.2
5.677483447749809	600.0	23.00567871853547	0.0	327938	880.4588863463005	0.6
7.662113196033562	1500.0	25.021048970251716	0.0	780303	1984.6297482837529	1.5
7.974741723874904	200.0	28.708420442410375	0.0	95305	312.6285278413425	0.2
18.694597420704078	12000.0	21.9885647455812	0.0	5088378	10719.855696829172	12.0
19.430407807598467	600.0	25.25275435868681	0.0	329266	735.8103868943883	0.6
20.079294926056864	600.0	28.603867240228414	0.0	285624	648.8871184583977	0.6
29.360904513449167	12000.0	23.32225765283611	0.0	5575398	9281.609587392302	12.0
29.873399726457627	600.0	26.80976243982765	0.0	266809	512.4952130084596	0.6
30.381524745453625	600.0	30.301637420831653	0.0	264113	508.1250189959982	0.6
30.61450909275113	200.0	34.06865307353415	0.0	94377	232.9843472975027	0.2
31.914173975128147	1500.0	36.768988191157135	0.0	735572	1299.664882377015	1.5
38.90840378938844	12000.0	33.77475837689685	0.0	4055239	6994.229814260292	12.0
47.69887608411549	12000.0	28.9842860821698	0.0	5385367	8790.472294727047	12.0
48.82810027325651	1500.0	31.855061893028775	0.0	662349	1129.224189141024	1.5
58.606546245811856	12000.0	26.07661592047343	0.0	5251330	9778.445972555348	12.0
59.30144134119655	600.0	29.38172082508874	0.0	310841	694.8950953846914	0.6
66.09033726498208	8000.0	26.59282490130321	0.0	3805854	6788.895923785527	8.0
75.40970651285751	12000.0	21.273455653427796	0.0	5735973	9319.369247875418	12.0
76.02333054554197	600.0	24.659831620743347	0.0	346939	613.6240326844509	0.6
77.0951859649123	1500.0	27.587976201373003	0.0	644861	1071.8554193703437	1.5
85.5832156226041	12000.0	23.099946543681217	0.0	5138482	8488.029657691786	12.0
91.7154647544311	8000.0	20.96769741185422	0.0	3354913	6132.249131826997	8.0
92.3204573295223	600.0	24.36270483676303	0.0	291029	604.9925750911895	0.6
101.70366422385081	12000.0	18.979497942434524	0.0	5411094	9383.20689432851	12.0
101.94524596505559	200.0	22.737916201229734	0.0	93982	241.58174120478822	0.2
108.44853537578658	8000.0	20.234626790498755	0.0	3568902	6503.289410730982	8.0
108.7090394369698	200.0	23.974122729315532	0.0	99865	260.50406118322206	0.2
110.15394403587854	1500.0	26.5292181304068	0.0	755142	1444.9045989087335	1.5
116.939370682345	8000.0	23.74379148394033	0.0	3707853	6785.426646466468	8.0
118.44040115325915	1500.0	26.242761013026204	0.0	785519	1501.0304709141276	1.5
119.75243100231786	1500.0	28.930731163967465	0.0	681043	1312.0298490587372	1.5
119.97788275199281	200.0	32.70527941429253	0.0	80403	225.45174967493924	0.2
130.53549615144584	12000.0	26.14766601483948	0.0	5257310	10557.613399453045	12.0
130.82762013729982	200.0	29.855542028985518	0.0	101968	292.12398585396295	0.2
144.5844000442947	12000.0	20.098762121990603	0.0	4828747	13756.779906994914	12.0
145.43110815813205	600.0	23.25205400815326	0.0	302912	846.7081138373436	0.6
145.76129213927518	200.0	26.92187002701014	0.0	98843	330.1839811431193	0.2
146.54731906411658	600.0	30.13584310216873	0.0	278938	786.0269248414093	0.6
155.0188694098652	8000.0	25.664292756420096	0.0	3682991	8471.550345748636	8.0
158.22151923646476	4000.0	26.46164292982056	0.0	2042818	3202.649826599536	4.0
160.97787008818108	4000.0	27.705292078104225	0.0	1750852	2756.3508517163305	4.0
170.34286940357958	12000.0	22.3402927627057	0.0	5646381	9364.999315398525	12.0

