34349.373338636244	600.0	4.0	0.8394560122935075	247108	839.4560122935076	-16.18912024587015
34349.75642584331	200.0	7.616912792931233	0.0	98617	383.0872070687669	0.2
34350.72293218216	600.0	10.650406454091433	0.0	288447	966.5063388398003	0.6
34353.011002869825	1500.0	12.362335766423357	0.0	718451	2288.0706876680756	1.5
34359.36080485869	4000.0	10.01253377755381	0.0	2069289	6349.801988869548	4.0
34361.1921121592	1500.0	12.18122647704447	0.0	689829	1831.3073005093381	1.5
34366.467548745844	4000.0	10.905789890401499	0.0	2046450	5275.436586642972	4.0
34368.52854742886	1500.0	12.844791207381014	0.0	780303	2060.9986830204843	1.5
34373.01702848693	4000.0	12.356310149308753	0.0	1857129	4488.481058072263	4.0
34378.668384700155	4000.0	10.704953936082628	0.0	2373154	5651.356213226125	4.0
34380.59293434547	1500.0	12.78040429077068	0.0	769316	1924.549645311949	1.5
34384.948351302846	4000.0	12.42498733339164	0.0	1761739	4355.416957379039	4.0
34390.19545450162	4000.0	11.177884134614168	0.0	2131310	5247.103198777472	4.0
34394.6197044377	4000.0	10.753634198542207	0.0	1805063	4424.249936071961	4.0
34396.515602513835	1500.0	12.857736122400151	0.0	754517	1895.8980761420555	1.5
34402.07390694217	4000.0	11.299431694072208	0.0	2231719	5558.304428327943	4.0
34406.792340469736	4000.0	10.580998166508925	0.0	1835863	4718.433527563283	4.0
34408.82440767645	1500.0	12.548930959788253	0.0	772616	2032.0672067206724	1.5
34413.654122625056	4000.0	11.719216011187507	0.0	2082556	4829.714948600746	4.0
34418.52178413502	4000.0	10.85155450122663	0.0	2164412	4867.661509960876	4.0
34420.50346363663	1500.0	12.869874999613845	0.0	835711	1981.6795016127858	1.5
34425.86774052376	4000.0	11.505598112478024	0.0	1950922	5364.27688713582	4.0
34431.09685653918	4000.0	10.276482097058484	0.0	1849252	5229.1160154195395	4.0
34433.467930593026	1500.0	11.905408043208777	0.0	681795	2371.0740538497084	1.5
34439.72035719025	4000.0	9.65298144598947	0.0	1836837	6252.426597219306	4.0
34441.463084848336	1500.0	11.910253787904283	0.0	644861	1742.7276580851874	1.5
34445.903794333615	4000.0	11.46954430262373	0.0	2068230	4440.709485280552	4.0
34450.31732199352	4000.0	11.056016642712809	0.0	2055338	4413.527659910919	4.0
34456.50142129167	4000.0	8.871917344564299	0.0	2165436	6184.099298148511	4.0
34457.458740812086	600.0	11.91459782415281	0.0	302752	957.3195204114899	0.6
34463.798309671576	4000.0	9.575028964668379	0.0	2290706	6339.568859484433	4.0
34465.69527486553	1500.0	11.678063770708015	0.0	712239	1896.965193960363	1.5
34472.16253014836	4000.0	9.210808487884231	0.0	2544033	6467.255282823784	4.0
34473.987615364145	1500.0	11.385723272100535	0.0	755142	1825.0852157836964	1.5
34478.2933199109	4000.0	11.080018725332957	0.0	1828568	4305.704546767578	4.0
34482.44237888409	4000.0	10.930959752157577	0.0	1785821	4149.058973175381	4.0
34484.0124019933	1500.0	13.360936642942606	0.0	681043	1570.0231092149704	1.5
34492.54647922922	8000.0	8.826859407020837	0.0	3739359	8534.07723592177	8.0
34493.568828167656	600.0	11.804510468585908	0.0	309862	1022.3489384349281	0.6
34500.01904580275	4000.0	9.354292833490584	0.0	2094647	6450.217635095323	4.0
34502.39701515406	1500.0	10.97632348217301	0.0	811013	2377.9693513175753	1.5
34504.02882238298	1500.0	13.344516253257346	0.0	657685	1631.8072289156626	1.5
34513.01723391215	8000.0	8.356104724085302	0.0	3735285	8988.411529172045	8.0
34513.821325027726	600.0	11.552013608503499	0.0	278938	804.0911155818029	0.6
34519.537716746854	4000.0	9.835621889378311	0.0	2171279	5716.391719125188	4.0
34521.60057611475	1500.0	11.772762521476436	0.0	763847	2062.859367901876	1.5
34526.245075475956	4000.0	11.128263160274967	0.0	1750852	4644.499361201468	4.0
34531.6329369512	4000.0	9.740401685025507	0.0	2034636	5387.861475249462	4.0

