33977.42616006225	600.0	4.0	0.582392436910722	247108	582.3924369107219	0.687016	-11.047848738214439
33977.70665715238	200.0	7.719502909857938	0.0	98617	280.497090142062	0.004705182	0.2
33978.00313228517	200.0	11.423027777071844	0.0	106476	296.47513278609364	0.004705182	0.2
33978.31740507482	200.0	15.108754987420266	0.0	115230	314.27278965157944	0.004705182	0.2
33978.595952433076	200.0	18.830207629164654	0.0	97658	278.54735825561005	0.004705182	0.2
33978.87449979132	200.0	22.551660270909043	0.0	97658	278.54735825561005	0.004705182	0.2
33979.18991517672	200.0	26.236244885511702	0.0	115792	315.4153853973417	0.004705182	0.2
33979.48882594955	200.0	29.937334112683935	0.0	107674	298.910772827772	0.004705182	0.2
33992.93474617542	12000.0	20.491413886808907	0.0	6619479	13445.920225875025	0.004705182	12.0
33993.225472373786	200.0	24.20068768845044	0.0	105425	290.7261983584644	0.004705182	0.2
33994.84320095824	1500.0	26.582959103993808	0.0	769316	1617.728584456632	0.011381721	1.5
33995.11377299716	200.0	30.31238706506668	0.0	95342	270.5720389271303	0.004705182	0.2
33996.405245257214	1500.0	33.02091480501946	0.0	606092	1291.4722600472223	0.004705182	1.5
33997.98534705927	1500.0	35.44081300296376	0.0	748011	1580.1018020556996	0.004705182	1.5
34000.02338322828	1500.0	37.40277683395881	0.0	754517	2038.036169004947	0.004705182	1.5
34002.52912128683	1500.0	38.89703877540719	0.0	934743	2505.738058551618	0.004705182	1.5
34015.99364426008	12000.0	29.432515802161355	0.0	5964284	13464.522973245841	0.004705182	12.0
34017.653979455616	1500.0	31.772180606630627	0.0	772616	1660.3351955307264	0.004705182	1.5
34019.39182961363	1500.0	34.03433044860663	0.0	747396	1737.8501580239983	0.005204485	1.5
34029.60140515528	8000.0	27.82475490696251	0.0	4303587	10209.575541644126	0.004705182	8.0
34031.748238140826	1500.0	29.677921921414942	0.0	835711	2146.8329855475695	0.004705182	1.5
34033.82256598688	1500.0	31.603594075368107	0.0	806394	2074.3278460468355	0.0049258275	1.5
34043.107135160586	8000.0	26.319024901663077	0.0	3805854	9284.569173705031	0.01635573	8.0
34044.79763490223	1500.0	28.62852516002286	0.0	681795	1690.4997416402157	0.004705182	1.5
34057.27215493147	8000.0	20.15400513079093	0.0	4925863	12474.52002923193	0.030517075	8.0
34059.00209235225	1500.0	22.42406770999911	0.0	644861	1729.937420791818	0.047317054	1.5
34060.65908142872	1500.0	24.767078633534364	0.0	794014	1656.9890764647466	0.004705182	1.5
34067.40226514272	8000.0	22.02389491953238	0.0	3354913	6743.183714001986	0.0316769	8.0
34068.82428897589	1500.0	24.601871086364554	0.0	675709	1422.0238331678252	0.0068060323	1.5
34077.413208744074	8000.0	20.01295131819036	0.0	4435580	8588.919768174192	0.004773837	8.0
34078.94423695153	1500.0	22.48192311072903	0.0	757473	1531.0282074613285	0.781782	1.5
34080.77643257879	1500.0	24.649727483468144	0.0	712239	1832.1956272608868	0.57969075	1.5
34090.62666621039	8000.0	18.79949385186544	0.0	3713878	9850.233631602709	0.004705182	8.0
34092.49493688709	1500.0	20.93122317517371	0.0	755142	1868.2706766917292	0.008370768	1.5
34101.338439996696	8000.0	16.08772006555919	0.0	3707853	8843.503109614521	0.008429137	8.0
34103.26000370552	1500.0	18.166156356732557	0.0	785519	1921.5637088266324	0.5137405	1.5
34108.25500546382	4000.0	17.171154598439273	0.0	2096494	4995.001758293283	1.0236894	4.0
34115.71643022673	8000.0	13.709729835525374	0.0	3739359	7461.424762913897	0.65139025	8.0
34119.85596489016	4000.0	13.570195172095145	0.0	2142800	4139.53466343023	0.5235411	4.0
34124.818377940785	4000.0	12.607782121472715	0.0	2094647	4962.41305062243	0.17478146	4.0
34129.55042140503	4000.0	11.875738657219426	0.0	1985434	4732.043464253288	0.07911746	4.0
34134.20236579741	4000.0	11.223794264833824	0.0	1830641	4651.944392385602	0.23401432	4.0
34138.56104212897	4000.0	10.865117933286394	0.0	1697030	4358.676331547432	0.09400865	4.0
34143.91693945143	4000.0	9.509220610817469	0.0	1910697	5355.897322468925	0.123353615	4.0
34150.282417188406	4000.0	7.143742873848714	0.0	2171279	6365.4777369687545	0.4650175	4.0
34151.93446726301	1500.0	9.4916927992431	0.0	763847	1652.0500746056123	0.44409338	1.5
34155.50252424009	4000.0	9.923635822165915	0.0	1750852	3568.056977077186	0.03695001	4.0
34159.63593726164	4000.0	9.790222800612742	0.0	2034636	4133.413021553173	0.19064482	4.0

