26954.534924264757	600.0	4.0	0.8831298624794328	247108	883.1298624794329	-17.062597249588656
26954.93544103333	200.0	7.599483231428629	0.0	98617	400.5167685713705	0.2
26955.95292747425	600.0	10.58199679050966	0.0	288447	1017.4864409189706	0.6
26958.367977140097	1500.0	12.166947124662295	0.0	718451	2415.049665847366	1.5
26960.802023738644	1500.0	13.732900526112658	0.0	724296	2434.0465985496353	1.5
26963.124048561414	1500.0	15.41087570334559	0.0	689829	2322.024822767068	1.5
26965.546677887392	1500.0	16.988246377367993	0.0	737903	2422.629325977601	1.5
26968.061273156596	1500.0	18.473651108164972	0.0	780303	2514.5952692030182	1.5
26970.922694735735	1500.0	19.612229529022603	0.0	891463	2861.421579142372	1.5
26973.383593704166	1500.0	21.15133056059375	0.0	763093	2460.8989684288526	1.5
26975.88700617842	1500.0	22.647918086337235	0.0	769316	2503.412474256514	1.5
26978.329903395075	1500.0	24.20502086968082	0.0	744416	2442.897216656417	1.5
26980.333737783156	1500.0	26.201186481599798	0.0	606092	2003.8343880810207	1.5
26986.0834765637	4000.0	24.451447701055688	0.0	1805063	5749.7387805441085	4.0
26988.453969486705	1500.0	26.080954778048817	0.0	754517	2370.4929230068688	1.5
26991.371575831334	1500.0	27.163348433420126	0.0	934743	2917.606344628695	1.5
26997.431141296376	4000.0	25.103782968381104	0.0	1835863	6059.56546503902	4.0
27000.33013609707	1500.0	26.20478816768786	0.0	772616	2898.994800693241	1.5
27003.137112289718	1500.0	27.39781197503986	0.0	747396	2806.9761926479982	1.5
27005.662618947335	1500.0	28.87230531742621	0.0	662349	2525.5066576136505	1.5
27009.02200679253	1500.0	29.512917472230743	0.0	835711	3359.387845195468	1.5
27016.658777403827	4000.0	25.876146860934117	0.0	1950922	7636.770611296627	4.0
27019.68151715476	1500.0	26.853407110002383	0.0	809327	3022.739750931734	1.5
27022.240546333927	1500.0	28.294377930836855	0.0	681795	2559.0291791655304	1.5
27028.959358619995	4000.0	25.575565644767916	0.0	1836837	6718.812286068937	4.0
27031.356085762083	1500.0	27.178838502680616	0.0	644861	2396.7271420873003	1.5
27034.28865985944	1500.0	28.246264405321178	0.0	794014	2932.5740973594397	1.5
27037.412047095873	1500.0	29.122877168889787	0.0	914284	3123.38723643139	1.5
27039.587106393603	1500.0	30.94781787116093	0.0	675709	2175.0592977288584	1.5
27045.87623746871	4000.0	28.65868679605047	0.0	2002600	6289.1310751104575	4.0
27049.18187572963	1500.0	29.353048535130053	0.0	757473	3305.6382609204206	1.5
27057.563591501636	4000.0	24.97133276312858	0.0	1947068	8381.715772001473	4.0
27060.090368692203	1500.0	26.444555572559306	0.0	633700	2526.7771905692707	1.5
27063.086045228803	1500.0	27.448879035963344	0.0	755142	2995.6765365959604	1.5
27065.754242820443	1500.0	28.78068144432262	0.0	670327	2668.197591640725	1.5
27068.948083226816	1500.0	29.586841037951316	0.0	785519	3193.840406371304	1.5
27071.74871840109	1500.0	30.78620586367787	0.0	681043	2800.6351742734446	1.5
27075.289199775303	1500.0	31.245724489464347	0.0	866245	3540.4813742135225	1.5
27077.909829239085	1500.0	32.62509502568542	0.0	691256	2620.6294637789315	1.5
27080.41826743828	1500.0	34.11665682649256	0.0	725845	2508.438199192857	1.5
27087.16788989	4000.0	31.367034374769574	0.0	1985434	6749.622451722984	4.0
27094.163961765516	4000.0	28.370962499253054	0.0	1830641	6996.071875516517	4.0
27100.676162633335	4000.0	25.85876163143249	0.0	1697030	6512.200867820562	4.0
27103.978792312228	1500.0	26.556131952542124	0.0	848035	3302.6296788903664	1.5
27106.45072847031	1500.0	28.08419579445738	0.0	629438	2471.936158084743	1.5
27109.128566657	1500.0	29.40635760776857	0.0	763847	2677.838186688812	1.5
27114.896844759664	4000.0	27.6380795051045	0.0	1750852	5768.278102664068	4.0
27117.598909261258	1500.0	28.936015003508786	0.0	808636	2702.0645015957125	1.5

