15257.050066716653	600.0	4.0	0.6781343701305579	247108	678.1343701305578	0.13335717	-12.962687402611158
15257.368772938948	200.0	7.681293777703817	0.0	98617	318.7062222961831	0.004705182	0.2
15257.706502171486	200.0	11.343564545165732	0.0	106476	337.7292325380857	0.004705182	0.2
15258.065420796016	200.0	14.984645920636602	0.0	115230	358.9186245291297	0.004705182	0.2
15258.381805722114	200.0	18.66826099453866	0.0	97658	316.38492609794105	0.004705182	0.2
15258.69819064821	200.0	22.35187606844072	0.0	97658	316.38492609794105	0.004705182	0.2
15259.058469615247	200.0	25.991597101405425	0.0	115792	360.2789670352945	0.004705182	0.2
15259.39909865263	200.0	29.65096806402324	0.0	107674	340.6290373821879	0.004705182	0.2
15275.118800009506	12000.0	17.931266707145937	0.0	6619479	15719.701356877302	0.0977029	12.0
15275.442363651122	200.0	21.607703065531613	0.0	105425	323.56364161432384	0.004705182	0.2
15276.283067715809	600.0	24.766999000843143	0.0	329266	840.7040646884702	1.0694087	0.6
15276.583336577263	200.0	28.466730139389096	0.0	95342	300.26886145404666	0.004705182	0.2
15278.095865848574	1500.0	30.954200868077127	0.0	606092	1512.5292713119718	0.004705182	1.5
15279.989583095912	1500.0	33.060483620740534	0.0	748011	1893.7172473365965	0.004705182	1.5
15281.899075571702	1500.0	35.15099114494985	0.0	754517	1909.492475790686	0.004705182	1.5
15284.245565637928	1500.0	36.80450107872468	0.0	934743	2346.4900662251657	0.004705182	1.5
15299.860179329033	12000.0	25.18988738761968	0.0	5964284	15614.613691104996	0.004705182	12.0
15301.631869396635	1500.0	27.41819732001698	0.0	772616	1771.6900676027042	0.25747207	1.5
15303.34833872909	1500.0	29.70172798755947	0.0	747396	1716.4693324575087	0.004705182	1.5
15303.616369492427	200.0	33.43369722422367	0.0	85876	268.03076333579656	0.004705182	0.2
15305.52620992815	1500.0	35.523856788500986	0.0	835711	1909.840435722692	0.004705182	1.5
15314.929401584295	8000.0	30.1206651323544	0.0	3905272	9403.191656146584	0.005551172	8.0
15317.00863457437	1500.0	32.041432142281685	0.0	809327	2079.2329900727177	0.004705182	1.5
15319.175224088807	1500.0	33.87484262784381	0.0	681795	2166.5895144378683	0.004705182	1.5
15335.298142457244	8000.0	21.751924259405357	0.0	4925863	16122.918368438457	0.0047551594	8.0
15336.909560511687	1500.0	24.140506204962993	0.0	644861	1611.4180544423666	0.004705182	1.5
15338.8885638021	1500.0	26.161502914550507	0.0	794014	1979.0032904124857	0.004705182	1.5
15339.224565775978	200.0	29.825500940673532	0.0	103756	336.001973876972	0.18412305	0.2
15348.706289336587	8000.0	24.34377738006285	0.0	3811227	9481.723560610684	0.6942513	8.0
15350.328645563683	1500.0	26.7214211529691	0.0	707527	1622.3562270937505	0.03519229	1.5
15359.323760336776	8000.0	21.726306379875712	0.0	4025712	8995.114773093384	0.2637547	8.0
15361.60721445333	1500.0	23.44285226332055	0.0	712239	2283.454116555165	0.1102509	1.5
15372.809882095264	8000.0	16.24018462138684	0.0	3713878	11202.66764193371	0.4913901	8.0
15375.020230680295	1500.0	18.02983603635643	0.0	755142	2210.3485850304155	0.008306337	1.5
15376.991305704538	1500.0	20.058761012112402	0.0	670327	1971.0750242440272	0.022840992	1.5
15379.28797950499	1500.0	21.762087211661598	0.0	785519	2296.6738004508043	0.5265961	1.5
15390.791880381163	8000.0	14.258186335486993	0.0	4018228	11503.900876174604	0.048065603	8.0
15393.180328082695	1500.0	15.86973863395468	0.0	866245	2388.447701532312	0.004705182	1.5
15398.97065453173	4000.0	14.079412184920704	0.0	2142800	5790.326449033978	0.55945104	4.0
15400.8650516783	1500.0	16.185015038351942	0.0	725845	1894.39714656876	0.070230305	1.5
15408.724567888461	8000.0	12.32549882819144	0.0	3189942	7859.516210160502	0.4859537	8.0
15410.437522961536	1500.0	14.612543755115224	0.0	657685	1712.9550730762176	0.37889093	1.5
15419.997810137862	8000.0	9.05225657879	0.0	3735285	9560.287176325224	0.57369965	8.0
15422.026336022833	1500.0	11.023730693818363	0.0	848035	2028.5258849716379	0.014158401	1.5
15427.095273195233	4000.0	9.954793521419425	0.0	2171279	5068.937172398938	0.011446267	4.0
15431.95743223358	4000.0	9.092634483073864	0.0	2042818	4862.159038345561	0.020181267	4.0
15436.256035049631	4000.0	8.794031667020857	0.0	1750852	4298.602816053008	0.008619243	4.0
15441.201591874653	4000.0	7.84847484199989	0.0	2034636	4945.556825020966	0.011784963	4.0

