17082.66741664314	600.0	4.0	0.5643830246006077	247108	564.3830246006078	0.24792635	-10.687660492012155
17082.940726453977	200.0	7.726690189160051	0.0	98617	273.309810839949	0.004705182	0.2
17083.22944153778	200.0	11.437975105361168	0.0	106476	288.7150837988827	0.004705182	0.2
17083.535316280504	200.0	15.132100362638441	0.0	115230	305.8747427227286	0.004705182	0.2
17083.806746252078	200.0	18.860670391061454	0.0	97658	271.4299715769872	0.004705182	0.2
17084.078176223655	200.0	22.589240419484465	0.0	97658	271.4299715769872	0.004705182	0.2
17084.38515260315	200.0	26.282264039988238	0.0	115792	306.9763794962266	0.004705182	0.2
17084.676216015872	200.0	29.991200627266487	0.0	107674	291.0634127217485	0.004705182	0.2
17096.59479763778	12000.0	22.07261900535915	0.0	6619479	11918.581621907335	0.004705182	12.0
17097.824153086854	1500.0	24.84326355628216	0.0	763093	1229.3554490769939	0.39582247	1.5
17106.93557050292	12000.0	19.73184614022098	0.0	5709459	9111.41741606118	0.27212268	12.0
17107.176791386453	200.0	23.490625256686844	0.0	95342	241.22088353413656	0.004705182	0.2
17108.28167745705	1500.0	26.38573918608866	0.0	606092	1104.8860705981822	0.009685902	1.5
17109.62654492693	1500.0	29.040871716209143	0.0	748011	1344.8674698795182	0.004705182	1.5
17110.98241387641	1500.0	31.685002766727003	0.0	754517	1355.8689494821392	0.004705182	1.5
17112.643040382434	1500.0	34.02437626070291	0.0	934743	1660.6265060240964	0.004705182	1.5
17123.67692781522	12000.0	26.99048882791582	0.0	5964284	11033.887432787087	0.0048542903	12.0
17125.148041777164	1500.0	29.519374865974402	0.0	772616	1471.1139619414155	0.004705182	1.5
17134.779394200843	12000.0	23.888022442293767	0.0	5385367	9631.352423680632	0.019325718	12.0
17134.9967738201	200.0	27.67064282303285	0.0	85876	217.37961926091828	0.004705182	0.2
17136.41369751231	1500.0	30.253719130823605	0.0	835711	1416.9236922092466	0.004705182	1.5
17142.74113312261	8000.0	27.92628352052125	0.0	3905272	6327.435610302352	0.004705182	8.0
17144.122179158632	1500.0	30.545237484499854	0.0	809327	1381.046036021397	0.68808603	1.5
17150.889849812225	8000.0	27.777566830906434	0.0	4032749	6767.670653593416	0.004705182	8.0
17162.60391267788	8000.0	20.06350396525009	0.0	4925863	11714.062865656346	0.004705182	8.0
17164.41051018844	1500.0	22.256906454687293	0.0	644861	1806.5975105627936	0.028562792	1.5
17166.1418892164	1500.0	24.525527426727173	0.0	794014	1731.37902796012	0.004705182	1.5
17173.199389573863	8000.0	21.468027069263993	0.0	3354913	7057.500357463181	0.005775914	8.0
17174.65529278464	1500.0	24.01212385849155	0.0	675709	1455.9032107724456	0.0925011	1.5
17182.922985163328	8000.0	19.744431479802607	0.0	4435580	8267.692378688942	0.0047397483	8.0
17184.401214010326	1500.0	22.266202632805676	0.0	757473	1478.2288469969312	0.096692696	1.5
17193.556658246136	8000.0	17.110758396993837	0.0	3568902	9155.444235811836	0.008227985	8.0
17195.079839871785	1500.0	19.587576771343688	0.0	633700	1523.181625650151	0.33169788	1.5
17202.283281664386	8000.0	16.384134978743372	0.0	4271839	7203.441792600313	0.06740855	8.0
17205.431312879307	4000.0	17.236103763820303	0.0	1828568	3148.031214923071	0.45149007	4.0
17208.599299045956	4000.0	18.068117597171646	0.0	1785821	3167.9861666486545	0.3389932	4.0
17215.706206783074	8000.0	14.961209860056096	0.0	4018228	7106.907737115551	0.015896117	8.0
17223.15385744928	8000.0	11.513559193849167	0.0	3739359	7447.6506662069305	0.6049611	8.0
17224.595837598532	1500.0	14.071579044599112	0.0	691256	1441.9801492500553	0.6009933	1.5
17232.405235888025	8000.0	10.262180755103444	0.0	4253567	7809.398289495668	0.5655276	8.0
17235.974111053383	4000.0	10.693305589745664	0.0	1985434	3568.875165357778	0.35606268	4.0
17238.903108320163	4000.0	11.76430832296941	0.0	1830641	2928.997266776255	0.101791956	4.0
17244.796272537304	8000.0	9.871144105828888	0.0	3735285	5893.164217140523	0.28246507	8.0
17248.09216390326	4000.0	10.575252739872376	0.0	1910697	3295.8913659565114	0.169387	4.0
17251.918978398513	4000.0	10.748438244617846	0.0	2171279	3826.81449525453	0.6726789	4.0
17258.624324201308	8000.0	8.043092441821804	0.0	3954105	6705.345802796042	0.14269988	8.0
17261.528848500562	4000.0	9.138568142567921	0.0	1750852	2904.524299253882	0.022266567	4.0
17264.891181228933	4000.0	9.776235414195266	0.0	2034636	3362.3327283726558	0.5651066	4.0

