17337.331144793097	600.0	4.0	0.7096246516442393	247108	709.6246516442393	-13.592493032884786
17337.662418302134	200.0	7.668726490962657	0.0	98617	331.27350903734373	0.2
17338.47737363297	600.0	10.853771160124214	0.0	288447	814.9553308384426	0.6
17340.38796778856	1500.0	12.943177004538578	0.0	718451	1910.5941555856357	1.5
17345.740461458437	4000.0	11.590683334660403	0.0	2069289	5352.493669878175	4.0
17349.984543545033	4000.0	11.346601248064868	0.0	1863995	4244.082086595535	4.0
17354.398865264826	4000.0	10.93227952827243	0.0	2046450	4414.321719792439	4.0
17356.131524377393	1500.0	13.199620415702272	0.0	780303	1732.6591125701577	1.5
17369.368614119965	8000.0	4.0	0.03746932686979926	3448932	13237.08974257207	7.250613462604015
17369.702413283398	200.0	7.666200836568265	0.0	105425	333.79916343173545	0.2
17370.575085186138	600.0	10.793528933826849	0.0	329266	872.6719027414161	0.6
17372.447185333593	1500.0	12.921428786374168	0.0	744416	1872.1001474526797	1.5
17377.65808118385	4000.0	11.710532936113868	0.0	2131310	5210.895850260299	4.0
17382.032057161967	4000.0	11.336556957996642	0.0	1805063	4373.975978117227	4.0
17387.244179671634	4000.0	10.12443444833265	0.0	2157416	5212.122509663991	4.0
17390.87637197241	1500.0	10.492242147558388	0.0	934743	3632.192300774262	1.5
17394.11833752949	1500.0	11.250276590480393	0.0	735572	3241.9655570779937	1.5
17401.32399224987	4000.0	8.044621870099284	0.0	2192675	7205.654720381109	4.0
17402.236277153745	600.0	11.132336966222825	0.0	330105	912.2849038764577	0.6
17407.77335121615	4000.0	9.595262903821313	0.0	2164412	5537.0740624015125	4.0
17410.98856286952	1500.0	10.38005125045236	0.0	835711	3215.211653368953	1.5
17414.361815205015	1500.0	11.006798914957947	0.0	806394	3373.2523354944105	1.5
17420.597595461728	4000.0	8.771018658248561	0.0	1849252	6235.780256709388	4.0
17421.415795801287	600.0	11.952818318689985	0.0	298925	818.2003395585739	0.6
17426.031895816723	4000.0	11.336718303255504	0.0	1836837	4616.100015434481	4.0
17431.645720837452	4000.0	9.722893282526766	0.0	1984579	5613.825020728738	4.0
17434.22345475012	1500.0	11.145159369859405	0.0	794014	2577.7339126673614	1.5
17440.71830865821	4000.0	8.650305461767616	0.0	2055338	6494.853908091789	4.0
17441.68949794051	600.0	11.679116179470965	0.0	291029	971.1892822966507	0.6
17447.901861576873	4000.0	9.466752543107328	0.0	2002600	6212.363636363636	4.0
17450.07515807223	1500.0	11.29345604774731	0.0	757473	2173.2964953600194	1.5
17454.993270230767	4000.0	10.375343889215838	0.0	1947068	4918.112158531472	4.0
17456.647900225642	1500.0	12.720713894340777	0.0	633700	1654.6299948750604	1.5
17461.942469478843	4000.0	11.426144641141825	0.0	2125133	5294.5692531989525	4.0
17466.453683110045	4000.0	10.914931009941524	0.0	1828568	4511.213631200303	4.0
17468.43725054662	1500.0	12.93136357336447	0.0	785519	1983.5674365770542	1.5
17474.777480481636	4000.0	10.591133638348644	0.0	2096494	6340.2299350158255	4.0
17477.573301306966	1500.0	11.795312813016514	0.0	866245	2795.820825332132	1.5
17484.434227986552	4000.0	8.934386133429616	0.0	2142800	6860.926679586898	4.0
17485.41705062806	600.0	11.951563491920181	0.0	284107	982.822641509434	0.6
17491.379587491396	4000.0	9.989026628587238	0.0	1985434	5962.5368633329435	4.0
17493.081373728586	1500.0	12.287240391398365	0.0	657685	1701.7862371888727	1.5
17497.346082058706	4000.0	12.022532061275841	0.0	1697030	4264.708330122525	4.0
17502.688926325085	4000.0	10.679687794893535	0.0	1910697	5342.844266382304	4.0
17504.74969259053	1500.0	12.618921529454154	0.0	629438	2060.7662654393835	1.5
17510.987681323033	4000.0	10.380932796948484	0.0	2042818	6237.988732505669	4.0
17512.804460795163	1500.0	12.564153324815994	0.0	769491	1816.779472132489	1.5
17517.476735478118	4000.0	11.891878641860952	0.0	2034636	4672.274682955042	4.0

