18899.47153567172	600.0	4.0	0.7665422216048203	247108	766.5422216048204	-14.730844432096406
18900.412038892824	600.0	7.0594967788987475	0.0	309722	940.5032211012519	0.6
18902.280844393874	1500.0	9.1906912778482	0.0	643847	1868.805501050548	1.5
18904.35692281163	1500.0	11.11461286009481	0.0	718451	2076.0784177533906	1.5
18905.321397277236	600.0	14.150138394485058	0.0	318350	964.4744656097519	0.6
18907.31795495318	1500.0	16.15358071854	0.0	689829	1996.5576759450591	1.5
18907.719660834515	200.0	19.751874837208497	0.0	115792	401.7058813315043	0.2
18908.563203872243	600.0	22.908331799475597	0.0	274823	843.5430377329004	0.6
18920.065404193887	8000.0	15.40613147783645	0.0	3448932	11502.200321639146	8.0
18931.679884446454	8000.0	7.7916512252697645	0.0	3624869	11614.480252566686	8.0
18932.04813774301	200.0	11.423397928711788	0.0	95365	368.2532965579778	0.2
18932.416321519035	200.0	15.055214152688816	0.0	95342	368.18377602297204	0.2
18932.805896461417	200.0	18.665639210307738	0.0	102419	389.57494238107836	0.2
18933.692361871173	600.0	21.779173800552194	0.0	266809	886.4654097555447	0.6
18934.570678265172	600.0	24.90085740655212	0.0	264113	878.3163940000755	0.6
18935.63114450615	600.0	27.840391165572786	0.0	324375	1060.4662409793327	0.6
18935.982791462742	200.0	31.488744208985338	0.0	89871	351.6469565874485	0.2
18947.370997991933	12000.0	24.100537679793444	0.0	4055239	11388.206529191893	12.0
18947.693902079565	200.0	27.777633592163202	0.0	90919	322.9040876302431	0.2
18949.543469271655	1500.0	29.928066400071298	0.0	662349	1849.5671920919049	1.5
18959.856815740324	8000.0	23.614719931401115	0.0	3690869	10313.346468670183	8.0
18960.846231307027	600.0	26.625304364701247	0.0	310841	989.4155666998704	0.6
18976.79805565108	12000.0	14.67348002064789	0.0	5141915	15951.824344053355	12.0
18977.13449105778	200.0	18.337044613949324	0.0	85752	336.43540669856463	0.2
18978.251988067346	600.0	21.219547604379947	0.0	346939	1117.4970095693782	0.6
18988.013929304223	8000.0	15.457606367502386	0.0	3253093	9761.941236877561	8.0
18988.356871769774	200.0	19.114663901952483	0.0	88490	342.94246554990156	0.2
18998.166264660937	8000.0	13.305271010790904	0.0	3354913	9809.392891161577	8.0
18998.516592529788	200.0	16.954943141938447	0.0	93993	350.327868852459	0.2
18998.87580737017	200.0	20.595728301558808	0.0	97083	359.2148403796376	0.2
18999.647127473705	600.0	23.824408198021278	0.0	240372	771.3201035375325	0.6
19011.76222764053	8000.0	15.709308031194817	0.0	3568902	12115.100166826458	8.0
19012.134433485233	200.0	19.337102186492725	0.0	99865	372.20584470209576	0.2
19014.42398544017	1500.0	21.047550231553256	0.0	755142	2289.551954939468	1.5
19019.85439105811	4000.0	19.617144613616823	0.0	1828568	5430.4056179364325	4.0
19024.766211430135	4000.0	18.705324241589857	0.0	1785821	4911.8203720269685	4.0
19026.619587728022	1500.0	20.85194794370228	0.0	681043	1853.376297887576	1.5
19028.955213806206	1500.0	22.516321865519814	0.0	866245	2335.6260781824694	1.5
19044.91924681116	12000.0	10.552288860563221	0.0	5257310	15964.033004956593	12.0
19045.963179123813	600.0	13.508356547912133	0.0	284107	1043.9323126510878	0.6
19056.42763603017	8000.0	7.043899641557349	0.0	3189942	10464.456906354784	8.0
19058.538585791815	1500.0	8.932949879914519	0.0	657685	2110.949761642831	1.5
19058.92381575341	200.0	12.547719918321867	0.0	98843	385.2299615926505	0.2
19059.303317422873	200.0	16.168218248856675	0.0	96988	379.50166946519215	0.2
19059.646460649477	200.0	19.825075022253312	0.0	85214	343.1432266033621	0.2
19060.013032745286	200.0	23.458502926447242	0.0	92801	366.57209580607184	0.2
19060.38760900993	200.0	27.083926661803233	0.0	95393	374.5762646440083	0.2
19072.137368807125	8000.0	19.334166864607692	0.0	4346302	11749.759797195544	8.0

