23735.470734355866	600.0	4.0	0.8688208770599737	247108	868.8208770599737	-16.77641754119947
23735.86554062856	200.0	7.605193727305376	0.0	98617	394.80627269462514	0.2
23736.285434487545	200.0	11.185299868321298	0.0	106476	419.89385898407886	0.2
23737.258270367995	600.0	14.212463987869599	0.0	279692	972.8358804516979	0.6
23738.354510741483	600.0	17.116223614380914	0.0	318350	1096.2403734886877	0.6
23738.746255683825	200.0	20.724478672040227	0.0	97658	391.74494234068874	0.2
23739.195888180533	200.0	24.274846175332193	0.0	115792	449.63249670803236	0.2
23739.6196063083	200.0	27.851128047563947	0.0	107674	423.7181277682455	0.2
23745.667371218144	4000.0	25.80336313771804	0.0	1857129	6047.764909845908	4.0
23765.19758401681	12000.0	10.273150339053926	0.0	5088378	19530.212798664114	12.0
23767.522103576684	1500.0	11.948630779173751	0.0	769316	2324.519559880175	1.5
23767.872615706066	200.0	15.598118649793697	0.0	95342	350.5121293800539	0.2
23769.672269557675	1500.0	17.79846479818354	0.0	606092	1799.6538516101575	1.5
23774.873742106975	4000.0	16.59699224888577	0.0	1805063	5201.472549297772	4.0
23775.18852718287	200.0	20.28220717298848	0.0	82750	314.7850758972904	0.2
23776.302526784915	600.0	23.168207570941494	0.0	324375	1113.9996020469825	0.6
23776.73193048808	200.0	26.738803867777765	0.0	89871	429.4037031637265	0.2
23791.782885861092	12000.0	15.68784849476604	0.0	4055239	15050.955373011726	12.0
23792.173361807647	200.0	19.29737254820865	0.0	90919	390.47594655739107	0.2
23792.546616599127	200.0	22.92411775672873	0.0	85876	373.2547914799163	0.2
23793.018151153276	200.0	26.452583202581806	0.0	114656	471.5345541469245	0.2
23794.159630642753	600.0	29.311103713103854	0.0	310841	1141.479489477953	0.6
23794.583421994612	200.0	32.88731236124488	0.0	100675	423.79135185896615	0.2
23796.94192492874	1500.0	34.52880942711531	0.0	681795	2358.5029341295735	1.5
23797.310634519974	200.0	38.160099835878334	0.0	94556	368.7095912369757	0.2
23799.35960058997	1500.0	40.11113376588101	0.0	644861	2048.9660699973283	1.5
23817.662983834758	12000.0	25.807750521095222	0.0	5138482	18303.383244785786	12.0
23831.470207728355	8000.0	16.00052662749603	0.0	3354913	13807.223893599194	8.0
23834.54346446304	1500.0	16.927269892813452	0.0	675709	3073.256734682577	1.5
23835.053522881048	200.0	20.41721147480631	0.0	97083	510.0584180071431	0.2
23836.198323124685	600.0	23.27241123116723	0.0	240372	1144.800243639082	0.6
23851.162018688272	8000.0	12.308715667580381	0.0	3568902	14963.695563586847	8.0
23852.57630248548	600.0	14.894431870377023	0.0	310713	1414.2837972033603	0.6
23853.040304203183	200.0	18.430430152671235	0.0	89422	464.00171770578925	0.2
23853.585050975773	200.0	21.885683380079374	0.0	108225	544.746772591857	0.2
23854.042048748124	200.0	25.428685607729072	0.0	87791	456.9977723503046	0.2
23854.560441619647	200.0	28.9102927362081	0.0	102088	518.3928715209748	0.2
23856.046650052507	600.0	31.42408430334624	0.0	327462	1486.208432861859	0.6
23857.457279430644	600.0	34.013454925209416	0.0	309862	1410.6293781368258	0.6
23858.017615400262	200.0	37.45311895558964	0.0	101968	560.3359696197781	0.2
23875.80065388578	12000.0	23.670080470068825	0.0	4828747	17783.03848552081	12.0
23876.149242950163	200.0	27.321491405686324	0.0	101713	348.5890643824991	0.2
23880.938500487497	4000.0	26.532233868353718	0.0	1697030	4789.257537332608	4.0
23881.296492676956	200.0	30.17424167889436	0.0	96988	357.99218945935297	0.2
23882.208193440096	600.0	33.262540915754386	0.0	290170	911.7007631399807	0.6
23884.47757253794	1500.0	34.99316181790766	0.0	763847	2269.3790978467273	1.5
23889.526793674053	4000.0	33.94394068179715	0.0	1750852	5049.221136110508	4.0
23907.47467449106	12000.0	19.996059864789306	0.0	5646381	17947.88081700785	12.0

