1671.9181066609954	600.0	4.0	0.8150439680975664	247108	815.0439680975664	-15.700879361951328
1672.9194013495005	600.0	6.998705311494915	0.0	309722	1001.2946885050847	0.6
1673.8574117233688	600.0	10.060694937626653	0.0	288447	938.0103738682631	0.6
1676.0745059247854	1500.0	11.843600736210007	0.0	718451	2217.0942014166467	1.5
1678.3089865806817	1500.0	13.60912008031382	0.0	724296	2234.480655896187	1.5
1680.4409421849875	1500.0	15.477164476008108	0.0	689829	2131.955604305713	1.5
1682.8448933202196	1500.0	17.073213340775897	0.0	737903	2403.951135232214	1.5
1685.5303543160874	1500.0	18.387752344907952	0.0	780303	2685.460995867941	1.5
1688.5869827229492	1500.0	19.33112393804623	0.0	891463	3056.628406861722	1.5
1691.214978883056	1500.0	20.70312777793938	0.0	763093	2627.9961601068494	1.5
1693.6555250193767	1500.0	22.26258164161846	0.0	769316	2440.5461363209165	1.5
1695.9459503775538	1500.0	23.972156283441635	0.0	744416	2290.425358176824	1.5
1697.825644535374	1500.0	26.092462125621132	0.0	606092	1879.6941578205033	1.5
1703.358803235187	4000.0	24.559303425808302	0.0	1805063	5533.1586998128305	4.0
1705.8797664962015	1500.0	26.038340164793684	0.0	754517	2520.9632610146186	1.5
1708.9837849364628	1500.0	26.93432172453245	0.0	934743	3104.018440261237	1.5
1715.29821661544	4000.0	24.619890045555362	0.0	1835863	6314.431678977086	4.0
1718.168199462781	1500.0	25.749907198214025	0.0	772616	2869.9828473413377	1.5
1720.9471107203417	1500.0	26.970995940653317	0.0	747396	2778.911257560712	1.5
1723.390323207296	1500.0	28.52778345369918	0.0	662349	2443.212486954135	1.5
1726.367633341421	1500.0	29.55047331957424	0.0	835711	2977.310134124938	1.5
1733.2031266041836	4000.0	26.71498005681151	0.0	1950922	6835.493262762731	4.0
1736.0235308113238	1500.0	27.894575849671224	0.0	809327	2820.4042071402873	1.5
1742.2732030014492	4000.0	25.64490365954573	0.0	1822097	6249.672190125494	4.0
1745.38474672341	1500.0	26.533359937585203	0.0	855209	3111.5437219605265	1.5
1747.7864262535736	1500.0	28.131680407421616	0.0	644861	2401.679530163588	1.5
1750.7250982006494	1500.0	29.19300846034572	0.0	794014	2938.6719470758985	1.5
1754.0287627072275	1500.0	29.889343953767696	0.0	914284	3303.6645065780217	1.5
1756.3219797638715	1500.0	31.596126897123753	0.0	675709	2293.2170566439436	1.5
1762.961295205334	4000.0	28.956811455661285	0.0	2002600	6639.315441462466	4.0
1765.429668540851	1500.0	30.488438120144355	0.0	757473	2468.373335516932	1.5
1771.5823952465041	4000.0	28.335711414491332	0.0	1947068	6152.726705653022	4.0
1773.6388474882197	1500.0	30.27925917277593	0.0	633700	2056.4522417153994	1.5
1779.6537398823962	4000.0	28.264366778599495	0.0	2125133	6014.892394176438	4.0
1785.1050108738134	4000.0	26.813095787182156	0.0	1828568	5451.27099141734	4.0
1791.6337641463601	4000.0	24.284342514635437	0.0	1785821	6528.753272546718	4.0
1794.1622257144836	1500.0	25.75588094651191	0.0	681043	2528.4615681235305	1.5
1800.6070278628774	4000.0	23.311078798118118	0.0	1955307	6444.802148393791	4.0
1802.9371643753996	1500.0	24.980942285595994	0.0	691256	2330.136512522125	1.5
1805.9179960262313	1500.0	26.000110634764226	0.0	725845	2980.831650831765	1.5
1809.957174668489	1500.0	25.96093199250641	0.0	811013	4039.1786422578184	1.5
1813.2478413351557	1500.0	26.67026532583974	0.0	657685	3290.6666666666665	1.5
1816.0286559405727	1500.0	27.88945072042272	0.0	767059	2780.8146054170197	1.5
1818.540166791244	1500.0	29.377939869751607	0.0	848035	2511.5108506711113	1.5
1820.4249099054134	1500.0	31.49319675558212	0.0	629438	1884.7431141694892	1.5
1822.6950344506886	1500.0	33.223072210306775	0.0	763847	2270.1245452753437	1.5
1829.1261705615796	4000.0	30.79193609941595	0.0	1750852	6431.136110890823	4.0
1837.0890591080845	4000.0	26.829047552910993	0.0	2034636	7962.888546504957	4.0

