22646.40901363907	600.0	4.0	0.6606109022556392	247108	660.6109022556392	-12.612218045112785
22646.72072651501	200.0	7.6882871240601505	0.0	98617	311.7128759398496	0.2
22647.05090508644	200.0	11.35810855263158	0.0	106476	330.17857142857144	0.2
22647.78807613907	600.0	14.620937500000002	0.0	279692	737.1710526315791	0.6
22648.61607895862	600.0	17.79293468045113	0.0	318350	828.0028195488721	0.6
22648.92553854509	200.0	21.483475093984964	0.0	97658	309.45958646616543	0.2
22650.739333187947	1500.0	23.669680451127824	0.0	737903	1813.794642857143	1.5
22652.652751890953	1500.0	25.756261748120306	0.0	780303	1913.4187030075188	1.5
22652.956682812004	200.0	29.452330827067676	0.0	95305	303.93092105263156	0.2
22665.145986468873	12000.0	21.263027170198228	0.0	5088378	12189.303656869446	12.0
22667.061533428714	1500.0	23.34748021035736	0.0	769316	1915.5469598408688	1.5
22667.817166781762	600.0	26.591846857311825	0.0	285624	755.6333530455352	0.6
22681.489668870807	12000.0	16.91934476826671	0.0	5575398	13672.502089045116	12.0
22681.77894522703	200.0	20.630068412041176	0.0	80867	289.2763562255362	0.2
22682.07309461402	200.0	24.335919025051883	0.0	82750	294.14938698929257	0.2
22682.99254727148	600.0	27.416466367593856	0.0	324375	919.4526574580275	0.6
22683.305125151335	200.0	31.10388848773749	0.0	89871	312.57787985637117	0.2
22697.5116735357	12000.0	20.89734010337329	0.0	4055239	14206.548384364201	12.0
22697.799049939873	200.0	24.609963699199255	0.0	90919	287.376404174032	0.2
22699.389796361727	1500.0	27.01921727734831	0.0	662349	1590.7464218509438	1.5
22699.731314295237	200.0	30.677699343836306	0.0	114656	341.5179335120032	0.2
22700.520308992163	600.0	33.888704646909815	0.0	310841	788.9946969264982	0.6
22709.711111546887	8000.0	28.697902092187004	0.0	3805854	9190.802554722812	8.0
22711.74132607778	1500.0	30.667687561294557	0.0	681795	2030.2145308924485	1.5
22712.813714521715	600.0	33.59529911735863	0.0	346939	1072.3884439359267	0.6
22713.527029739103	600.0	36.881983899967324	0.0	221407	713.3152173913045	0.6
22728.292186887327	12000.0	26.116826751745513	0.0	5138482	14765.15714822181	12.0
22735.375632337844	8000.0	23.033381301232765	0.0	3354913	7083.445450512747	8.0
22736.8661878789	1500.0	25.542825760173873	0.0	675709	1490.5555410588943	1.5
22749.696877423274	12000.0	16.71213621579684	0.0	5411094	12830.689544377035	12.0
22749.98053860918	200.0	20.428475029893324	0.0	93982	283.66118590351334	0.2
22757.794432479215	8000.0	16.61458115986055	0.0	3568902	7813.893870032776	8.0
22758.569467679878	600.0	19.83954595919625	0.0	310713	775.0352006642987	0.6
22758.869651120935	200.0	23.539362518137462	0.0	89422	300.18344105878737	0.2
22760.600194672796	1500.0	25.80881896627535	0.0	670327	1730.5435518621114	1.5
22761.35916050844	600.0	29.049853130633615	0.0	275745	758.9658356417359	0.6
22762.14078439271	600.0	32.26822924636153	0.0	284947	781.6238842720837	0.6
22763.0270927953	600.0	35.38192084377612	0.0	327462	886.3084025854109	0.6
22776.180427799474	12000.0	26.228585839599006	0.0	5257310	13153.33500417711	12.0
22778.079588200475	1500.0	28.3294254385965	0.0	725845	1899.1604010025064	1.5
22789.246486563683	12000.0	21.16252707539025	0.0	4828747	11166.89836320625	12.0
22790.928569294374	1500.0	23.4804443446989	0.0	657685	1682.082730691351	1.5
22795.14243650507	4000.0	23.26657713400511	0.0	1697030	4213.8672106937875	4.0
22800.126841404915	4000.0	22.282172234156832	0.0	1910697	4984.404899848278	4.0
22811.547391200576	8000.0	14.861622438496097	0.0	3682991	11420.549795660734	8.0
22812.246745762022	600.0	18.162267877047825	0.0	288236	699.3545614482749	0.6
22813.98020945443	1500.0	20.42880418464509	0.0	769491	1733.4636924027343	1.5
22829.181983947074	12000.0	9.227029692002446	0.0	5646381	15201.774492642644	12.0

