27959.865489643395	600.0	4.0	0.8091203481724636	247108	809.1203481724635	-15.582406963449271
27960.236470353757	200.0	7.629019289639657	0.0	98617	370.9807103603438	0.2
27961.167566138065	600.0	10.697923505329547	0.0	288447	931.0957843101096	0.6
27963.367437786354	1500.0	12.498051857042748	0.0	718451	2199.8716482867994	1.5
27965.584555774032	1500.0	14.280933869361562	0.0	724296	2217.1179876811866	1.5
27967.699974945648	1500.0	16.165514697746467	0.0	689829	2115.4191716150926	1.5
27969.95206650927	1500.0	17.913423134122844	0.0	737903	2252.091563623622	1.5
27972.29948287628	1500.0	19.566006767118377	0.0	780303	2347.4163670044677	1.5
27974.969909667896	1500.0	20.895579975501654	0.0	891463	2670.426791616723	1.5
27977.267316954225	1500.0	22.598172689169886	0.0	763093	2297.407286331772	1.5
27979.582807128936	1500.0	24.28268251445774	0.0	769316	2315.4901747121426	1.5
27984.59867642336	4000.0	23.266813220033605	0.0	1761739	5015.869294424138	4.0
27986.37208472846	1500.0	25.493404914931098	0.0	606092	1773.408305102504	1.5
27991.510442061026	4000.0	24.35504758236533	0.0	1805063	5138.357332565772	4.0
27993.722598896067	1500.0	26.142890747324707	0.0	754517	2212.156835040622	1.5
28000.10911673429	4000.0	23.756372909104996	0.0	2231719	6386.51783821971	4.0
28005.654741483668	4000.0	22.210748159728286	0.0	1835863	5545.624749376711	4.0
28008.04028365234	1500.0	23.825205991053586	0.0	772616	2385.542168674699	1.5
28010.350567512236	1500.0	25.514922131155792	0.0	747396	2310.2838598977955	1.5
28012.357045081073	1500.0	27.5084445623223	0.0	662349	2006.477568833494	1.5
28014.859615241414	1500.0	29.00587440198169	0.0	835711	2502.570160340611	1.5
28020.594973878968	4000.0	27.270515764423937	0.0	1950922	5735.358637557751	4.0
28026.36104526039	4000.0	25.50444438300332	0.0	1849252	5766.071381420617	4.0
28032.09765611135	4000.0	23.767833532043305	0.0	1822097	5736.610850960016	4.0
28038.050131833683	4000.0	21.81535780970785	0.0	1836837	5952.475722335452	4.0
28040.191790307887	1500.0	23.673699335504114	0.0	644861	2141.6584742037326	1.5
28042.71794748963	1500.0	25.14754215375939	0.0	794014	2526.157181744725	1.5
28045.551607605583	1500.0	26.313882037804266	0.0	914284	2833.660115955124	1.5
28047.666722431277	1500.0	28.19876721211343	0.0	675709	2115.1148256908364	1.5
28053.9417549646	4000.0	25.923734678792272	0.0	2002600	6275.0325333211595	4.0
28056.463837659852	1500.0	27.40165198353959	0.0	757473	2522.08269525268	1.5
28062.65017661246	4000.0	25.215313030930606	0.0	1947068	6186.338952608986	4.0
28064.483271570614	1500.0	27.38221807277306	0.0	633700	1833.094958157549	1.5
28070.442330979982	4000.0	25.42315866340865	0.0	2125133	5959.0594093644095	4.0
28075.799901377595	4000.0	24.0655882657926	0.0	1828568	5357.570397616049	4.0
28081.11068142336	4000.0	22.754808220026007	0.0	1785821	5310.780045766591	4.0
28083.227629228833	1500.0	24.63786041455463	0.0	681043	2116.947805471376	1.5
28089.241230366813	4000.0	22.62425927657454	0.0	1955307	6013.601137980087	4.0
28091.418925198486	1500.0	24.446564444900762	0.0	691256	2177.694831673779	1.5
28093.520306130686	1500.0	26.345183512702125	0.0	725845	2101.3809321986373	1.5
28098.869592046387	4000.0	24.995897596998905	0.0	1985434	5349.28591570322	4.0
28103.925026623536	4000.0	23.94046301984994	0.0	1830641	5055.434577148964	4.0
28108.887424624005	4000.0	22.978065019382424	0.0	1697030	4962.398000467517	4.0
28114.482127552925	4000.0	21.3833620904592	0.0	1910697	5594.702928923218	4.0
28116.389896699933	1500.0	23.47559294345376	0.0	629438	1907.7691470054447	1.5
28122.401854594667	4000.0	21.463635048716913	0.0	2042818	6011.957894736843	4.0
28127.362218869643	4000.0	20.503270773741324	0.0	1750852	4960.36427497559	4.0
28129.689600492016	1500.0	22.175889151368562	0.0	808636	2327.3816223727636	1.5

