26381.630210323296	600.0	4.0	0.650737650489361	247108	650.737650489361	0.0054752305	-12.414753009787221
26381.937982936397	200.0	7.692227386898403	0.0	98617	307.77261310159656	0.004705182	0.2
26382.263907237	200.0	11.366303086295002	0.0	106476	325.924300603401	0.004705182	0.2
26382.610050378727	200.0	15.020159944567947	0.0	115230	346.1431417270549	0.004705182	0.2
26382.9156080194	200.0	18.71460230389468	0.0	97658	305.55764067326845	0.004705182	0.2
26383.221165660074	200.0	22.40904466322141	0.0	97658	305.55764067326845	0.004705182	0.2
26383.56860683569	200.0	26.061603487599964	0.0	115792	347.4411756214453	0.004705182	0.2
26383.89729811958	200.0	29.732912203712793	0.0	107674	328.6912838871727	0.004705182	0.2
26384.197421109446	200.0	33.43278921384647	0.0	95305	300.1229898663279	0.004705182	0.2
26384.520917948084	200.0	37.10929237520571	0.0	105425	323.49683864075985	0.01573303	0.2
26384.821179518083	200.0	40.80903080520831	0.0	95365	300.2615699974017	0.004705182	0.2
26385.121387965697	200.0	44.50882235759448	0.0	95342	300.20844761382335	0.004705182	0.2
26385.43794193977	200.0	48.192268383520506	0.0	102419	316.5539740739672	0.012390246	0.2
26385.704717930763	200.0	51.92549239252822	0.0	80867	266.7759909922915	0.004705182	0.2
26385.9758430282	200.0	55.65436729508907	0.0	82750	271.1250974391547	0.014167747	0.2
26398.648589012482	12000.0	46.98162131080935	0.0	5443841	12672.745984279716	0.0073402785	12.0
26398.936789403415	200.0	50.693420919873276	0.0	89871	288.2003909360747	0.004705182	0.2
26407.863268565932	12000.0	45.76694175735739	0.0	4055239	8926.479162515894	0.004705182	12.0
26408.134629146836	200.0	49.49558117644998	0.0	90919	271.3605809074047	0.012402177	0.2
26409.608699576598	1500.0	52.021510746689	0.0	662349	1474.0704297609807	0.34212217	1.5
26422.045731934886	12000.0	43.58447838840091	0.0	5251330	12437.032358288092	0.0074983877	12.0
26422.364655164583	200.0	47.26555515870111	0.0	97742	318.92322969979375	0.020672167	0.2
26434.781962794947	12000.0	38.84824752833585	0.0	5141915	12417.30763036527	0.007752399	12.0
26435.068874572964	200.0	42.56133575032348	0.0	85752	286.9117780123662	0.004705182	0.2
26435.377029602372	200.0	46.25318072091615	0.0	94556	308.1550294073292	0.004705182	0.2
26443.287378821035	8000.0	42.342831502252565	0.0	3253093	7910.349218663584	0.004705182	8.0
26454.98279191982	12000.0	34.647418403466695	0.0	5138482	11695.413098785864	0.004705182	12.0
26463.29856634275	8000.0	30.331643980539276	0.0	3354913	8315.774422927421	0.004705182	8.0
26463.57714135529	200.0	34.05306896799537	0.0	93993	278.57501254390365	0.13121279	0.2
26475.297798893753	12000.0	26.332411429531568	0.0	5411094	11720.657538463807	0.13095197	12.0
26475.600610652884	200.0	30.029599670404018	0.0	93982	302.8117591275486	0.07852199	0.2
26484.123006138212	8000.0	25.507204185074603	0.0	3568902	8522.395485329416	0.007371935	8.0
26485.65865836206	1500.0	27.97155196122529	0.0	633700	1535.6522238493123	0.14295441	1.5
26485.94406680953	200.0	31.68614351375637	0.0	89422	285.40844746891776	0.35031596	0.2
26486.272667033496	200.0	35.3575432897922	0.0	108225	328.60022396416576	0.038388573	0.2
26490.454819960825	4000.0	35.1753903624657	0.0	1785821	4182.1529273265	0.47421238	4.0
26490.769323076227	200.0	38.86088724706673	0.0	102088	314.5031153989721	0.70647055	0.2
26499.33165730551	8000.0	34.2985530177846	0.0	3739359	8562.334229282123	0.72783434	8.0
26511.101215206672	12000.0	26.5289951166213	0.0	5257310	11769.5579011633	0.004705182	12.0
26511.406058855464	200.0	30.224151467829248	0.0	101968	304.84364879205083	0.38501507	0.2
26522.67813596036	12000.0	22.952074362931153	0.0	4828747	11272.077104898095	0.029446613	12.0
26526.896380911985	4000.0	22.733829411305006	0.0	1830641	4218.244951626148	0.021560699	4.0
26530.71742252124	4000.0	22.91278780204626	0.0	1697030	3821.0416092587493	0.041206118	4.0
26535.030330553192	4000.0	22.599879770093544	0.0	1910697	4312.908031952716	0.018309252	4.0
26543.561191875437	8000.0	18.069018447850606	0.0	3682991	8530.861322242938	0.04726938	8.0
26548.300788889243	4000.0	17.32942143404234	0.0	2042818	4739.597013808263	0.04561155	4.0
26552.367813454443	4000.0	17.262396868843513	0.0	1750852	4067.0245651988275	0.006135822	4.0
26565.229945125022	12000.0	8.400265198264615	0.0	5646381	12862.131670578898	0.34485754	12.0

