29240.99662860967	600.0	4.0	0.6251688429877419	247108	625.1688429877419	-11.903376859754838
29241.294197105184	200.0	7.702431504488231	0.0	98617	297.5684955117687	0.2
29241.609104100204	200.0	11.387524509465962	0.0	106476	314.9069950222688	0.2
29241.943324140742	200.0	15.053304468927099	0.0	115230	334.22004053886354	0.2
29242.23877689366	200.0	18.757851716007334	0.0	97658	295.4527529197634	0.2
29243.048871346455	600.0	21.94775726321305	0.0	330929	810.0944527942861	0.6
29243.384331269513	200.0	25.61229734015416	0.0	115792	335.4599230588917	0.2
29243.70188128813	200.0	29.294747321539376	0.0	107674	317.5500186147843	0.2
29244.42327339822	600.0	32.57335521145016	0.0	290723	721.3921100892131	0.6
29254.528663853704	12000.0	26.467964755965866	0.0	5088378	10105.390455484296	12.0
29255.143740333016	600.0	29.85288827665489	0.0	329266	615.0764793109753	0.6
29256.43345980731	1500.0	32.56316880236128	0.0	744416	1289.7194742936074	1.5
29266.385925682396	12000.0	26.610702927275955	0.0	5575398	9952.465875085329	12.0
29266.984102027316	600.0	30.01252658235461	0.0	266809	598.176344921344	0.6
29268.529468117817	1500.0	32.4671604918516	0.0	754517	1545.3660905030104	1.5
29278.210880375256	12000.0	26.785748234415287	0.0	5443841	9681.412257436312	12.0
29281.396525001084	4000.0	27.600103608587965	0.0	1835863	3185.6446258273245	4.0
29288.263997666858	12000.0	24.732630942814186	0.0	4055239	6867.4726657737765	12.0
29300.75430139687	12000.0	16.242327212800085	0.0	5385367	12490.303730014102	12.0
29301.67816851147	600.0	19.318460098205087	0.0	310849	923.8671145949982	0.6
29303.467304693237	1500.0	21.529323916438464	0.0	835711	1789.1361817666202	1.5
29303.73748272612	200.0	25.259145883555888	0.0	97742	270.1780328825762	0.2
29304.013367539817	200.0	28.983261069858056	0.0	100675	275.8848136978305	0.2
29304.26021645508	200.0	32.73641215459393	0.0	85752	246.84891526413077	0.2
29307.914176957074	4000.0	33.08245165259957	0.0	1836837	3653.960501994358	4.0
29309.24889239632	1500.0	35.74773621335451	0.0	644861	1334.7154392450627	1.5
29319.326911658893	12000.0	29.669716950780334	0.0	5138482	10078.019262574178	12.0
29327.617590896807	8000.0	25.379037712865188	0.0	3354913	8290.679237915143	8.0
29329.67816209508	1500.0	27.31846651459454	0.0	675709	2060.5711982706507	1.5
29330.645558727974	600.0	30.351069881696596	0.0	302752	967.3966328979428	0.6
29331.001029444447	200.0	33.99559916522564	0.0	93982	355.4707164709546	0.2
29331.941040802463	600.0	37.055587807209996	0.0	293409	940.0113580156449	0.6
29333.664052737193	1500.0	39.33257587248184	0.0	633700	1723.0119347281607	1.5
29333.94133525446	200.0	43.055293355211454	0.0	89422	277.2825172703832	0.2
29335.500208439516	1500.0	45.49642017015292	0.0	670327	1558.8731850585332	1.5
29339.520080755887	4000.0	45.476547853784325	0.0	1785821	4019.8723163686004	4.0
29356.805025691217	12000.0	32.191602918451935	0.0	6397278	17284.944935332387	12.0
29361.332822330303	4000.0	31.663806279366376	0.0	1955307	4527.796639085559	4.0
29371.45162699651	12000.0	25.54500161316128	0.0	5257310	10118.804666205098	12.0
29372.052297290305	600.0	28.94433131936367	0.0	284107	600.6702937976061	0.6
29380.996113288842	12000.0	24.000515320826484	0.0	4828747	8943.815998537191	12.0
29381.632336118048	600.0	27.36429249162089	0.0	302912	636.2228292055914	0.6
29388.162356821955	8000.0	24.834271787712527	0.0	3735285	6530.0207039083625	8.0
29389.66578663428	1500.0	27.330841975390214	0.0	848035	1503.4298123223148	1.5
29399.551135811013	12000.0	21.44549279865697	0.0	5626380	9885.349176733242	12.0
29403.297520699067	4000.0	21.699107910605644	0.0	2042818	3746.3848880513306	4.0
29412.880550976817	12000.0	16.116077632854672	0.0	5704199	9583.030277750971	12.0
29426.366893471855	12000.0	6.629735137814416	0.0	5646381	13486.342495040255	12.0

