8455.43263565306	600.0	4.0	0.7547436685097959	247108	754.743668509796	-14.494873370195918
8457.51251277778	1500.0	5.9201228752815895	0.0	732405	2079.877124718411	1.5
8459.350576809453	1500.0	8.082058843607072	0.0	643847	1838.064031674517	1.5
8461.39235167463	1500.0	10.04028397842856	0.0	718451	2041.7748651785107	1.5
8463.450086673609	1500.0	11.98254897945252	0.0	724296	2057.7349989760396	1.5
8465.434614094984	1500.0	13.998021558077628	0.0	689829	1984.5274213748928	1.5
8467.694172144791	1500.0	15.738463508270543	0.0	737903	2259.5580498070854	1.5
8470.078967876667	1500.0	17.353667776394378	0.0	780303	2384.7957318761655	1.5
8475.656562732087	4000.0	15.77607292097478	0.0	1857129	5577.5948554195975	4.0
8483.09190124399	4000.0	12.340734409071171	0.0	2373154	7435.338511903609	4.0
8489.581475790805	4000.0	9.851159862257777	0.0	2094766	6489.574546813395	4.0
8495.011528745044	4000.0	8.42110690801859	0.0	1761739	5430.052954239187	4.0
8501.452228178769	4000.0	5.980407474292378	0.0	2131310	6440.699433726211	4.0
8506.751884984058	4000.0	4.680750669005263	0.0	1805063	5299.656805287115	4.0
8508.761380085309	1500.0	6.671255567753805	0.0	754517	2009.4951012514584	1.5
8511.231759678385	1500.0	8.200875974677583	0.0	934743	2470.379593076222	1.5
8513.192807515103	1500.0	10.239828137958545	0.0	735572	1961.0478367190374	1.5
8515.248586440095	1500.0	12.184049212966137	0.0	772616	2055.778924992408	1.5
8517.45062579059	1500.0	13.982009862472246	0.0	747396	2202.0393504938907	1.5
8519.567017097444	1500.0	15.865618555618035	0.0	662349	2116.391306854211	1.5
8522.216409691746	1500.0	17.216225961317388	0.0	835711	2649.3925943006475	1.5
8528.063106699192	4000.0	15.36952895387085	0.0	1950922	5846.697007446539	4.0
8533.11998379125	4000.0	14.312651861811842	0.0	1849252	5056.877092059008	4.0
8538.52979850362	4000.0	12.9028371494446	0.0	1822097	5409.814712367243	4.0
8544.951783355045	4000.0	10.480852298017139	0.0	1836837	6421.984851427462	4.0
8551.286057599606	4000.0	8.146578053458038	0.0	1984579	6334.274244559101	4.0
8557.573222859513	4000.0	5.859412793551696	0.0	2068230	6287.165259906341	4.0
8560.105208109262	1500.0	7.327427543803121	0.0	914284	2531.9852497485754	1.5
8561.997367680164	1500.0	9.435267972901343	0.0	675709	1892.1595709017768	1.5
8563.97485879649	1500.0	11.457776856575496	0.0	707527	1977.4911163258466	1.5
8566.086298286935	1500.0	13.346337366129635	0.0	757473	2111.4394904458604	1.5
8568.385667875897	1500.0	15.046967777168527	0.0	712239	2299.369588961107	1.5
8570.79191942456	1500.0	16.640716228506115	0.0	633700	2406.2515486624143	1.5
8573.643972836206	1500.0	17.78866281686017	0.0	755142	2852.0534116459417	1.5
8576.184678567404	1500.0	19.24795708566208	0.0	670327	2540.7057311980907	1.5
8585.098092517119	4000.0	14.334543135947893	0.0	1785821	8913.413949714188	4.0
8593.958881555258	4000.0	9.473754097808834	0.0	2096494	8860.789038139059	4.0
8597.400492033064	1500.0	10.032143620001412	0.0	866245	3441.610477807422	1.5
8600.017764503224	1500.0	11.41487114984287	0.0	691256	2617.2724701585407	1.5
8602.741527023712	1500.0	12.6911086293548	0.0	725845	2723.7625204880715	1.5
8605.775498977819	1500.0	13.65713667524808	0.0	811013	3033.9719541067197	1.5
8608.216603398565	1500.0	15.216032254501425	0.0	657685	2441.1044207466553	1.5
8610.639528393314	1500.0	16.793107259751217	0.0	767059	2422.9249947502053	1.5
8613.309788592234	1500.0	18.122847060831724	0.0	848035	2670.260198919497	1.5
8615.312360418971	1500.0	20.12027523409404	0.0	629438	2002.5718267376822	1.5
8621.199159648522	4000.0	18.23347600454345	0.0	2042818	5886.799229550588	4.0
8625.920021103388	4000.0	17.512614549678716	0.0	1750852	4720.861454864736	4.0
8638.588713707983	8000.0	8.843921945083578	0.0	4346302	12668.69260459514	8.0

