6159.477802673963	600.0	4.0	0.9163784058216281	247108	916.3784058216281	0.005377549	-17.72756811643256
6159.891588424513	200.0	7.586214249449991	0.0	98617	413.78575055000846	0.004705182	0.2
6160.331974276603	200.0	11.14582839735996	0.0	106476	440.38585209003213	0.004705182	0.2
6160.801989507607	200.0	14.675813166356406	0.0	115230	470.0152310035539	0.004705182	0.2
6161.212529362067	200.0	18.265273311897108	0.0	97658	410.5398544592994	0.004705182	0.2
6161.623069216526	200.0	21.854733457437806	0.0	97658	410.5398544592994	0.004705182	0.2
6162.09498663064	200.0	25.382816043323743	0.0	115792	471.9174141140633	0.004705182	0.2
6162.539427314343	200.0	28.938375359620917	0.0	107674	444.4406837028262	0.004705182	0.2
6162.942003046277	200.0	32.53579962768658	0.0	95305	402.57573193433745	0.004705182	0.2
6163.37883161287	200.0	36.09897106109325	0.0	105425	436.82856659333225	0.0060759075	0.2
6163.781610424852	200.0	39.69619224911153	0.0	95365	402.7788119817228	0.004705182	0.2
6164.184311389483	200.0	43.293491284481306	0.0	95342	402.70096463022514	0.004705182	0.2
6164.610965645702	200.0	46.86683702826198	0.0	102419	426.65425621932644	0.005267159	0.2
6164.9646735489005	200.0	50.513129125063465	0.0	80867	353.7079031985108	0.004705182	0.2
6165.32475478092	200.0	54.153047893044516	0.0	82750	360.08123201895415	0.0058345953	0.2
6165.7241895414545	200.0	57.753613132509734	0.0	94377	399.43476053477747	0.7815227	0.2
6167.60837299043	200.0	59.869429683533596	0.0	89871	384.18344897613815	0.0076574506	0.2
6182.0379415639145	12000.0	49.43986111004949	0.0	4055239	14429.56857348411	0.004705182	12.0
6182.441130117823	200.0	53.036672556140445	0.0	90919	403.1885539090445	0.017310485	0.2
6182.826392387046	200.0	56.65141028691737	0.0	85876	385.2622692230788	0.21913677	0.2
6200.217282978463	12000.0	43.26051969550068	0.0	5251330	17390.890591416686	0.013000484	12.0
6200.636522487506	200.0	46.841280186457766	0.0	97742	419.23950904291854	0.0074224845	0.2
6218.610974004553	12000.0	32.86682866941164	0.0	5141915	17974.45151704612	0.073682666	12.0
6218.987411650392	200.0	36.490391023572904	0.0	85752	376.4376458387348	0.004705182	0.2
6219.394284003688	200.0	40.08351867027587	0.0	94556	406.8723532970357	0.004705182	0.2
6230.561146968833	8000.0	32.916655705130516	0.0	3253093	11166.862965145361	0.004705182	8.0
6230.9257969800265	200.0	36.55200569393722	0.0	88490	364.6500111933011	0.7122764	0.2
6241.589174585381	8000.0	29.888628088581925	0.0	3354913	10663.37760535529	0.004705182	8.0
6241.972090773671	200.0	33.5057119002926	0.0	93993	382.91618828932263	0.02005081	0.2
6242.364965267598	200.0	37.11283740636548	0.0	97083	392.8744939271255	0.12273539	0.2
6242.747846005608	200.0	40.72995666835512	0.0	93982	382.8807380103531	0.012583159	0.2
6255.599411222707	8000.0	31.87839145125573	0.0	3568902	12851.565217099394	0.06363933	8.0
6258.530063494412	1500.0	32.94773917955083	0.0	633700	2930.652271704904	0.032772157	1.5
6259.012321704038	200.0	36.4654809699242	0.0	89422	482.25820962663073	0.012064243	0.2
6259.5791638093015	200.0	39.898638864661045	0.0	108225	566.8421052631579	0.06905093	0.2
6260.054085086854	200.0	43.423717587108186	0.0	87791	474.9212775528565	0.15426272	0.2
6260.59332035451	200.0	46.88448231945187	0.0	102088	539.2352676563203	0.46443778	0.2
6261.035007264091	200.0	50.44279540987022	0.0	80403	441.68690958164643	0.23897684	0.2
6278.172389834067	12000.0	37.30541283989491	0.0	5257310	17137.38256997531	0.22094928	12.0
6278.572314534043	200.0	40.90548813991845	0.0	101968	399.9246999764688	0.0738395	0.2
6295.115183842172	12000.0	28.362618831789295	0.0	4828747	16542.86930812915	0.19341296	12.0
6301.193597931871	4000.0	26.28420474209034	0.0	1830641	6078.414089698956	0.0073512997	4.0
6308.463581012759	4000.0	23.014221661202544	0.0	1697030	7269.983080887798	0.0058394927	4.0
6316.110194980698	4000.0	19.367607693264016	0.0	1910697	7646.613967938527	0.0077147745	4.0
6318.488777169039	1500.0	20.98902550492239	0.0	629438	2378.582188341626	0.19217275	1.5
6325.558383510149	4000.0	17.919419163812343	0.0	2042818	7069.606341110052	0.12633392	4.0
6331.238086070766	4000.0	16.239716603195074	0.0	1750852	5679.7025606172665	0.004705182	4.0
6338.409563674291	4000.0	13.068238999670596	0.0	2034636	7171.477603524478	0.055081178	4.0

