26316.302435960322	600.0	4.0	0.8160840020106865	247108	816.0840020106865	-15.721680040213732
26316.676195757766	200.0	7.62624020255804	0.0	98617	373.7597974419601	0.2
26317.615420154096	600.0	10.687015806229404	0.0	288447	939.2243963286355	0.6
26319.835538188832	1500.0	12.46689777148921	0.0	718451	2220.1180347401937	1.5
26326.057275605457	4000.0	10.245160354864648	0.0	2069289	6221.73741662456	4.0
26327.955455985986	1500.0	12.346979974335861	0.0	689829	1898.1803805287868	1.5
26333.429278570613	4000.0	10.873157389705272	0.0	2046450	5473.82258463059	4.0
26335.56592102181	1500.0	12.736514938506852	0.0	780303	2136.6424511984187	1.5
26340.779801169185	4000.0	11.522634791136733	0.0	1857129	5213.88014737012	4.0
26347.53165828406	4000.0	8.770777676259396	0.0	2373154	6751.857114877338	4.0
26348.583535716865	600.0	11.718900243455515	0.0	329266	1051.8774328038814	0.6
26353.86356966082	4000.0	10.438866299499935	0.0	1761739	5280.033943955578	4.0
26355.732540088993	1500.0	12.569895871326453	0.0	606092	1868.9704281734832	1.5
26360.902527734845	4000.0	11.399908225472025	0.0	1805063	5169.987645854428	4.0
26367.12190607815	4000.0	9.180529882164816	0.0	2157416	6219.378343307209	4.0
26370.652813574867	1500.0	9.649622385452847	0.0	934743	3530.907496711968	1.5
26373.44841661139	1500.0	10.854019348926855	0.0	735572	2795.6030365259926	1.5
26376.380779610074	1500.0	11.921656350242067	0.0	772616	2932.3629986847877	1.5
26383.443674422906	4000.0	8.858761537413788	0.0	2082556	7062.894812828279	4.0
26384.557920092393	600.0	11.744515867925962	0.0	310849	1114.245669487825	0.6
26391.6113447532	4000.0	8.691091207116013	0.0	2379358	7053.424660809949	4.0
26392.54454176137	600.0	11.757894198950227	0.0	310841	933.1970081657861	0.6
26397.808898105002	4000.0	10.493537855315092	0.0	1849252	5264.356343635137	4.0
26400.3032932181	1500.0	11.999142742216954	0.0	681795	2494.3951130981363	1.5
26406.887961448814	4000.0	9.41447451150561	0.0	1836837	6584.668230711345	4.0
26409.162939922244	1500.0	11.13949603807694	0.0	644861	2274.97847342867	1.5
26416.181853740654	4000.0	8.120582219666373	0.0	2068230	7018.913818410568	4.0
26417.277113962922	600.0	11.025321997397553	0.0	302611	1095.2602222688192	0.6
26423.445001647793	4000.0	8.85743431252659	0.0	2165436	6167.887684870963	4.0
26424.365308347304	600.0	11.937127613015784	0.0	302752	920.3066995108073	0.6
26431.028361731944	4000.0	9.274074228377023	0.0	2290706	6663.05338463876	4.0
26433.2420515595	1500.0	11.06038440081987	0.0	712239	2213.6898275571534	1.5
26440.986065706384	4000.0	7.316370253935182	0.0	2544033	7744.014146884688	4.0
26442.113256598022	600.0	10.189179362296553	0.0	344336	1127.1908916386308	0.6
26444.23184776717	1500.0	12.070588193149415	0.0	670327	2118.5911691471365	1.5
26449.639846955408	4000.0	10.662589004912189	0.0	1785821	5407.999188237228	4.0
26451.636017669527	1500.0	12.666418290789762	0.0	681043	1996.170714122426	1.5
26457.217435363444	4000.0	11.085000596872376	0.0	1955307	5581.417693917387	4.0
26463.754691685175	4000.0	8.54774427514249	0.0	2142800	6537.256321729886	4.0
26464.706586728906	600.0	11.595849231410712	0.0	284107	951.8950437317784	0.6
26470.775696525543	4000.0	9.526739434771375	0.0	1985434	6069.109796639335	4.0
26472.7747540446	1500.0	11.527681915713856	0.0	657685	1999.0575190575191	1.5
26477.80651390162	4000.0	10.49592205869084	0.0	1697030	5031.759857023016	4.0
26480.18925505568	1500.0	12.113180904630314	0.0	848035	2382.741154060529	1.5
26485.80161654943	4000.0	10.50081941088081	0.0	2171279	5612.361493749503	4.0
26487.82787851296	1500.0	12.474557447348682	0.0	763847	2026.2619635321284	1.5
26493.387749271806	4000.0	10.914686688502192	0.0	1750852	5559.870758846489	4.0
26496.20032002453	1500.0	12.102115935777682	0.0	808636	2812.5707527245086	1.5

