29060.74955311819	600.0	4.0	0.7319139955151036	247108	731.9139955151036	-14.038279910302073
29061.646653764543	600.0	7.102899353647277	0.0	309722	897.100646352724	0.6
29063.425234426726	1500.0	9.324318691465505	0.0	643847	1778.5806621817703	1.5
29063.80923126092	200.0	12.940321857274764	0.0	115230	383.99683419074	0.2
29064.72909407585	600.0	16.020459042342697	0.0	318350	919.8628149320671	0.6
29065.682142486352	600.0	19.067410631842765	0.0	330929	953.0484104999341	0.6
29066.067621974547	200.0	22.681931143648594	0.0	115792	385.4794881941696	0.2
29068.206197360378	1500.0	24.543355757815593	0.0	780303	2138.5753858330036	1.5
29068.53762856998	200.0	28.21192454821264	0.0	95305	331.4312096029548	0.2
29082.78381380872	12000.0	17.965739309470234	0.0	5088378	14246.185238742406	12.0
29083.79302504055	600.0	20.9565280776373	0.0	329266	1009.2112318329335	0.6
29084.679075555578	600.0	24.070477562609785	0.0	285624	886.0505150275152	0.6
29085.048108997093	200.0	27.701444121097158	0.0	102419	369.03344151262877	0.2
29085.881062291857	600.0	30.868490826332096	0.0	266809	832.9532947650629	0.6
29086.70640728974	600.0	34.043145828448644	0.0	264113	825.3449978834486	0.6
29087.701815784167	600.0	37.04773733402222	0.0	324375	995.4084944264146	0.6
29088.74325786121	600.0	40.006295256979755	0.0	340687	1041.4420770424722	0.6
29099.78201764339	12000.0	32.96753547479913	0.0	4055239	11038.759782180628	12.0
29101.881110137427	1500.0	34.868442980760946	0.0	747396	2099.092494038182	1.5
29103.872582306536	1500.0	36.87697081164728	0.0	662349	1991.4721691136685	1.5
29106.36435965945	1500.0	38.38519345873794	0.0	835711	2491.777352909347	1.5
29106.726433177722	200.0	42.02311994046659	0.0	97742	362.0735182713467	0.2
29123.42173292271	12000.0	29.327820195476196	0.0	5141915	16695.299744990392	12.0
29123.707056239535	200.0	33.04249687865414	0.0	85752	285.32331682205233	0.2
29124.61776183491	600.0	36.131791283275305	0.0	346939	910.7055953788367	0.6
29132.51415842519	8000.0	32.23539469299961	0.0	3253093	7896.3965902756945	8.0
29145.807156950545	12000.0	22.942396167642926	0.0	5138482	13292.998525356687	12.0
29154.641446112673	8000.0	18.108107005512622	0.0	3354913	8834.289162130302	8.0
29154.969961026334	200.0	21.779592091854852	0.0	93993	328.51491365777076	0.2
29155.85042900948	600.0	24.899124108710176	0.0	302752	880.4679831446748	0.6
29156.17891483944	200.0	28.570638278750664	0.0	93982	328.48582995951415	0.2
29165.803361909173	8000.0	22.946191209016693	0.0	3568902	9624.447069733971	8.0
29175.575762538716	8000.0	17.173790579472197	0.0	3713878	9772.400629544494	8.0
29175.866576471646	200.0	20.882976646543568	0.0	89422	290.8139329286262	0.2
29176.201718806766	200.0	24.547834311422452	0.0	108225	335.1423351211174	0.2
29176.931792479187	600.0	27.817760638999513	0.0	275745	730.0736724229387	0.6
29177.683560027956	600.0	31.065993090228368	0.0	284947	751.7675487711441	0.6
29178.53555743469	600.0	34.21399568349766	0.0	327462	851.9974067307126	0.6
29192.173374476482	12000.0	24.57617864170641	0.0	5257310	13637.817041791244	12.0
29194.25621968623	1500.0	26.493333431956668	0.0	725845	2082.845209749744	1.5
29207.365577874145	12000.0	17.383975244042784	0.0	4828747	13109.358187913886	12.0
29211.98501374297	4000.0	16.76453937521878	0.0	1830641	4619.435868824004	4.0
29216.349781638673	4000.0	16.399771479515486	0.0	1697030	4364.767895703295	4.0
29216.67682974897	200.0	20.072723369221602	0.0	96988	327.04811029388355	0.2
29218.360136018273	1500.0	22.38941709991858	0.0	629438	1683.3062693030217	1.5
29220.385809275827	1500.0	24.36374384236453	0.0	763847	2025.6732575540486	1.5
29225.0002896924	4000.0	23.749263425791824	0.0	1750852	4614.480416572709	4.0
29240.371459766688	12000.0	12.37809335150855	0.0	5646381	15371.170074283275	12.0

