25400.142027934013	600.0	4.0	0.5388554517495503	247108	538.8554517495503	-10.177109034991007
25404.129671176626	4000.0	4.012356757384088	0.0	2104388	3987.6432426159117	4.0
25408.033768664005	4000.0	4.108259270005222	0.0	2059396	3904.0974873788664	4.0
25412.01227230747	4000.0	4.1297556265407716	0.0	2050098	3978.5036434644508	4.0
25416.11108955354	4000.0	4.0309383804735734	0.0	2069289	4098.817246067198	4.0
25419.811200254644	4000.0	4.330827679366562	0.0	1863995	3700.110701107011	4.0
25423.93791773948	4000.0	4.204110194531733	0.0	2046450	4126.7174848348295	4.0
25428.094027977455	4000.0	4.0479999565573	0.0	2058614	4156.110237974433	4.0
25431.596173358597	4000.0	4.545854575415716	0.0	1857129	3502.145381141583	4.0
25435.590855971102	4000.0	4.551171962909917	0.0	2373154	3994.6826125057996	4.0
25439.126318211423	4000.0	5.015709722588252	0.0	2094766	3535.462240321666	4.0
25442.348892913393	4000.0	5.793135020619793	0.0	1761739	3222.574701968458	4.0
25446.48124642078	4000.0	5.66078151323426	0.0	2131310	4132.353507385534	4.0
25449.9932921481	4000.0	6.148735785910758	0.0	1805063	3512.045727323502	4.0
25453.621110913246	4000.0	6.52091702076643	0.0	2157416	3627.818765144328	4.0
25457.24703981096	4000.0	6.8949881230504415	0.0	2231719	3625.928897715988	4.0
25460.244001876505	4000.0	7.898026057509231	0.0	1835863	2996.9620655412114	4.0
25464.13322464768	4000.0	8.008803286329671	0.0	2192675	3889.2227711795585	4.0
25467.911519393405	4000.0	8.230508540608346	0.0	2082556	3778.294745721326	4.0
25471.862861767106	4000.0	8.279166166904151	0.0	2164412	3951.3423737041935	4.0
25476.35331718145	4000.0	7.788710752559352	0.0	2379358	4490.4554143447995	4.0
25480.049609684665	4000.0	8.092418249344458	0.0	1950922	3696.2925032148937	4.0
25483.825988813587	4000.0	8.316039120422593	0.0	1849252	3776.3791289218652	4.0
25487.71248217425	4000.0	8.429545759757222	0.0	1822097	3886.4933606653703	4.0
25491.629520091265	4000.0	8.51250784274177	0.0	1836837	3917.037917015452	4.0
25495.816731742907	4000.0	8.325296191100994	0.0	1984579	4187.211651640776	4.0
25497.539993891893	1500.0	10.602034042118314	0.0	794014	1723.2621489826804	1.5
25499.512162406078	1500.0	12.629865527935339	0.0	914284	1972.1685141829753	1.5
25500.990584881532	1500.0	15.151443052479063	0.0	675709	1478.422475456274	1.5
25502.74764018973	1500.0	17.394387744284046	0.0	707527	1757.0553081950195	1.5
25505.02265739551	1500.0	19.119370538502903	0.0	757473	2275.017205781143	1.5
25507.166594802693	1500.0	20.975433131323562	0.0	712239	2143.9374071793386	1.5
25509.082940657005	1500.0	23.05908727701125	0.0	633700	1916.3458543123124	1.5
25511.351203054222	1500.0	24.790824879793156	0.0	755142	2268.2623972180963	1.5
25513.349587176723	1500.0	26.79244075729529	0.0	670327	1998.3841224978687	1.5
25515.649351217697	1500.0	28.492676716320364	0.0	785519	2299.7640409749206	1.5
25517.65388106581	1500.0	30.48814686821016	0.0	681043	2004.5298481102084	1.5
25520.18176520569	1500.0	31.960262728330257	0.0	866245	2527.8841398799013	1.5
25522.21515552713	1500.0	33.926872406889075	0.0	691256	2033.3903214411869	1.5
25523.98987917157	1500.0	36.15214876244565	0.0	725845	1774.7236444434277	1.5
25525.83235224458	1500.0	38.30967568944055	0.0	811013	1842.4730730050935	1.5
25527.34161676071	1500.0	40.800411173311524	0.0	657685	1509.2645161290322	1.5
25529.08857010536	1500.0	43.053457828659575	0.0	767059	1746.9533446519524	1.5
25531.0114984585	1500.0	45.13052947551866	0.0	848035	1922.928353140917	1.5
25532.459377304003	1500.0	47.68265063001781	0.0	629438	1447.8788455008491	1.5
25534.02620083591	1500.0	50.115827098111176	0.0	763847	1566.823531906631	1.5
25535.46240096369	1500.0	52.67962697033254	0.0	769491	1436.2001277786346	1.5
25536.967592741796	1500.0	55.17443519222675	0.0	808636	1505.1917781057919	1.5

