23259.5139392251	600.0	4.0	0.8408444145097662	247108	840.8444145097662	-16.21688829019532
23260.54757186245	600.0	6.966367362647936	0.0	309722	1033.632637352064	0.6
23262.6099738638	1500.0	8.903965361300875	0.0	643847	2062.402001347061	1.5
23264.902081243763	1500.0	10.61185798133359	0.0	718451	2292.107379967286	1.5
23267.2121853523	1500.0	12.301753872798999	0.0	724296	2310.1041085345905	1.5
23269.417034263035	1500.0	14.096904962063538	0.0	689829	2204.8489107354626	1.5
23271.776535363548	1500.0	15.737403861549964	0.0	737903	2359.501100513573	1.5
23274.267016886504	1500.0	17.246922338593638	0.0	780303	2490.481522956327	1.5
23277.100889535843	1500.0	18.413049689252016	0.0	891463	2833.872649341623	1.5
23279.53927480195	1500.0	19.97466442314433	0.0	763093	2438.3852661076867	1.5
23282.03480445382	1500.0	21.479134771274158	0.0	769316	2495.529651870168	1.5
23284.452152073427	1500.0	23.061787151665857	0.0	744416	2417.3476196083047	1.5
23286.43518437454	1500.0	25.07875485055514	0.0	606092	1983.0323011107187	1.5
23291.54041616741	4000.0	23.973523057682584	0.0	1805063	5105.231792872553	4.0
23293.35264827439	1500.0	26.161290950697566	0.0	754517	1812.23210698502	1.5
23295.578646093367	1500.0	27.935293131722645	0.0	934743	2225.9978189749186	1.5
23299.873449514136	4000.0	27.640489710956995	0.0	1835863	4294.803420765654	4.0
23304.92446527118	4000.0	26.589473953912634	0.0	2192675	5051.015757044358	4.0
23309.723871537113	4000.0	25.79006768797869	0.0	2082556	4799.4062659339415	4.0
23314.66037021229	4000.0	24.853569012803476	0.0	2164412	4936.498675175214	4.0
23320.073534691226	4000.0	23.440404533865912	0.0	2379358	5413.164478937562	4.0
23324.531844670306	4000.0	22.982094554785828	0.0	1950922	4458.309979080086	4.0
23328.76233731984	4000.0	22.751601905251544	0.0	1849252	4230.492649534283	4.0
23333.606533214283	4000.0	21.907406010808202	0.0	1822097	4844.195894443343	4.0
23338.998381103236	4000.0	20.51555812185505	0.0	1836837	5391.8478889531525	4.0
23344.01985658114	4000.0	19.49408264395033	0.0	1984579	5021.4754779047225	4.0
23345.94540824667	1500.0	21.568530978421617	0.0	794014	1925.5516655287129	1.5
23350.80269488031	4000.0	20.71124434477982	0.0	2055338	4857.286633641793	4.0
23358.45459284339	1500.0	17.059346381698504	0.0	675709	7651.897963081321	1.5
23362.52807179117	1500.0	16.985867433919733	0.0	707527	4073.478947778769	1.5
23364.839954226438	1500.0	18.67398499865031	0.0	757473	2311.882435269419	1.5
23367.018555382932	1500.0	20.495383842155157	0.0	712239	2178.601156495157	1.5
23368.965742595192	1500.0	22.548196629897777	0.0	633700	1947.1872122573757	1.5
23371.27075677515	1500.0	24.24318244994124	0.0	755142	2305.01417995654	1.5
23373.261415257086	1500.0	26.252523968003427	0.0	670327	1990.658481937812	1.5
23378.42027126235	4000.0	25.093667962742046	0.0	1785821	5158.856005261381	4.0
23380.437150339472	1500.0	27.076788885616608	0.0	681043	2016.8790771254378	1.5
23387.189599716912	4000.0	24.324339508176124	0.0	1955307	6752.449377440484	4.0
23389.736168851614	1500.0	25.77777037347496	0.0	691256	2546.56913470116	1.5
23392.35034582887	1500.0	27.163593396220485	0.0	725845	2614.176977254479	1.5
23398.773078837414	4000.0	24.74086038767484	0.0	1985434	6422.733008545643	4.0
23400.95414105289	1500.0	26.559798172196842	0.0	657685	2181.062215477997	1.5
23405.263839881347	4000.0	26.250099343740363	0.0	1697030	4309.69882845648	4.0
23409.772708584896	4000.0	25.741230640189578	0.0	1910697	4508.868703550785	4.0
23411.31170405044	1500.0	28.202235174647107	0.0	629438	1538.995465542469	1.5
23417.42334083985	4000.0	26.090598385235378	0.0	2042818	6111.636789411728	4.0
23423.075804858425	4000.0	24.43813436666284	0.0	1750852	5652.4640185725375	4.0
23430.9438852412	4000.0	20.570053983887725	0.0	2034636	7868.08038277512	4.0

