5826.022725320577	600.0	4.0	1.4562628794207741	247108	1456.2628794207742	-28.52525758841548
5826.651970656138	200.0	7.370754664438875	0.0	98617	629.2453355611251	0.2
5828.338470238426	600.0	9.68425508214982	0.0	288447	1686.499582289056	0.6
5832.41986817772	1500.0	9.602857142857143	0.0	718451	4081.3979392926763	1.5
5835.884295210531	1500.0	10.138430110045748	0.0	724296	3464.427032811394	1.5
5838.214134992014	1500.0	11.808590328562607	0.0	689829	2329.8397814831424	1.5
5844.968520413351	4000.0	9.054204907224598	0.0	2046450	6754.385421338008	4.0
5847.725124605352	1500.0	10.297600715224013	0.0	780303	2756.6041920005855	1.5
5850.872986003842	1500.0	11.149739316733918	0.0	891463	3147.8613984900953	1.5
5859.103109265703	4000.0	6.919616054873645	0.0	2373154	8230.123261860273	4.0
5859.50982760753	200.0	10.512897713046742	0.0	95365	406.71834182690253	0.2
5862.140180054962	1500.0	11.882545265614084	0.0	744416	2630.352447432658	1.5
5870.363947156403	4000.0	7.658778164172445	0.0	2131310	8223.76710144164	4.0
5871.554581180911	600.0	10.46814413966481	0.0	266809	1190.6340245076358	0.6
5874.7753757278315	1500.0	11.247349592743875	0.0	754517	3220.7945469209358	1.5
5884.153466269379	4000.0	5.869259051196081	0.0	2231719	9378.090541547794	4.0
5884.6079385212615	200.0	9.414786799314522	0.0	89871	454.4722518815595	0.2
5887.636981608343	1500.0	10.385743712232854	0.0	772616	3029.0430870816667	1.5
5890.388399712177	1500.0	11.634325608399417	0.0	747396	2751.4181038334377	1.5
5898.030589606896	4000.0	7.992135713680335	0.0	2164412	7642.189894719082	4.0
5899.028033215918	600.0	10.994692104657776	0.0	280646	997.4436090225564	0.6
5901.744169208073	1500.0	12.278556112503479	0.0	806394	2716.135992154299	1.5
5907.98794001255	4000.0	10.034785308026905	0.0	1849252	6243.770804476572	4.0
5910.477269252561	1500.0	11.54545606801542	0.0	681795	2489.329240011485	1.5
5917.0228192313825	4000.0	8.99990608919401	0.0	1836837	6545.54997882141	4.0
5917.843868515961	600.0	12.178856804615313	0.0	221407	821.0492845786963	0.6
5924.8462348451385	4000.0	9.176490475437836	0.0	2068230	7002.366329177475	4.0
5927.839371645272	1500.0	10.183353675304005	0.0	914284	2993.136800133833	1.5
5929.899253709514	1500.0	12.12347161106198	0.0	675709	2059.8820642420246	1.5
5935.847033806938	4000.0	10.175691513636787	0.0	2002600	5947.780097425192	4.0
5938.02859419178	1500.0	11.994131128795367	0.0	757473	2181.560384841419	1.5
5943.202213982169	4000.0	10.820511338406067	0.0	1947068	5173.6197903893	4.0
5944.940002442136	1500.0	13.082722878439748	0.0	633700	1737.7884599663184	1.5
5958.814447121709	8000.0	4.0	0.7917218011339828	4271839	13874.444679573731	-7.834436022679657
5959.229385901956	200.0	7.5850612197528	0.0	108225	414.93878024720016	0.2
5960.1627718475265	600.0	10.651675274183253	0.0	275745	933.3859455695468	0.6
5962.350489211499	1500.0	12.463957910211029	0.0	681043	2187.717363972224	1.5
5968.461422958025	4000.0	10.353024163684683	0.0	1955307	6110.933746526345	4.0
5970.630835433939	1500.0	12.18361168777128	0.0	691256	2169.412475913402	1.5
5977.042182394304	4000.0	9.772264727405542	0.0	2094647	6411.346960365739	4.0
5979.336626252666	1500.0	11.477820869043935	0.0	811013	2294.443858361606	1.5
5984.190836289992	4000.0	10.623610831717729	0.0	1830641	4854.210037326206	4.0
5986.271283552466	1500.0	12.543163569244422	0.0	767059	2080.447262473309	1.5
5991.355535810364	4000.0	11.458911311346194	0.0	1910697	5084.252257898229	4.0
5997.135178808133	4000.0	9.679268313577456	0.0	2171279	5779.642997768736	4.0
5999.289198721108	1500.0	11.52524840060253	0.0	763847	2154.0199129749267	1.5
6004.290432647044	4000.0	10.524014474666194	0.0	1750852	5001.233925936336	4.0
6006.643318600246	1500.0	12.171128521465434	0.0	808636	2352.885953200759	1.5

