30855.994603500436	600.0	4.0	0.8416798951991985	247108	841.6798951991985	-16.23359790398397
30857.029283318574	600.0	6.965320181860214	0.0	309722	1034.6798181397858	0.6
30857.998385576415	600.0	9.996217924019419	0.0	288447	969.1022578407953	0.6
30858.94050162789	600.0	13.054101872543729	0.0	279692	942.1160514756878	0.6
30860.00177619058	600.0	15.992827309855896	0.0	318350	1061.2745626878323	0.6
30861.101823967416	600.0	18.892779533019954	0.0	330929	1100.0477768359406	0.6
30861.538738508527	200.0	22.455864991908758	0.0	115792	436.91454111119674	0.2
30862.465846468764	600.0	25.528757031671415	0.0	274823	927.107960237343	0.6
30868.223751428563	4000.0	23.77085207187203	0.0	1857129	5757.904959799383	4.0
30883.9421317889	12000.0	12.052471711535285	0.0	5088378	15718.380360336747	12.0
30886.435879317687	1500.0	13.558724182747332	0.0	769316	2493.747528787954	1.5
30886.821854927442	200.0	17.17274857299123	0.0	95342	385.9756097560976	0.2
30887.23054234721	200.0	20.764061153222297	0.0	102419	408.68741976893455	0.2
30893.103427456328	4000.0	18.891176044108047	0.0	1805063	5872.88510911425	4.0
30894.03103015209	600.0	21.963573348344248	0.0	264113	927.6026957637997	0.6
30894.413908842722	200.0	25.580694657715238	0.0	94377	382.87869062901154	0.2
30894.78232668611	200.0	29.212276814326277	0.0	89871	368.4178433889602	0.2
30905.77948728406	12000.0	22.215116216377563	0.0	4055239	10997.160597948714	12.0
30906.097040397377	200.0	25.897563103063717	0.0	90919	317.5531133138462	0.2
30906.999636987337	600.0	28.994966513104497	0.0	310849	902.5965899592192	0.6
30907.845213513687	600.0	32.149389986754606	0.0	280646	845.5765263498884	0.6
30908.773159228313	600.0	35.221444272127904	0.0	310841	927.9457146267029	0.6
30922.89512698638	12000.0	25.0994765140604	0.0	5141915	14121.967758067503	12.0
30923.79268566059	600.0	28.201917839849703	0.0	298925	897.5586742106973	0.6
30929.193306889567	4000.0	26.80129661087663	0.0	1836837	5400.621228973072	4.0
30941.390601304647	8000.0	18.604002195796028	0.0	3253093	12197.294415080603	8.0
30943.232169400144	600.0	20.762434100299554	0.0	324657	1841.5680954964732	0.6
30943.875142813056	200.0	24.119460687385825	0.0	103756	642.9734129137275	0.2
30944.465142813056	200.0	27.529460687385825	0.0	93993	590.0	0.2
30945.071908955215	200.0	30.922694545226303	0.0	97083	606.7661421595226	0.2
30945.66184926992	200.0	34.33275423052201	0.0	93982	589.9403147042866	0.2
30946.384942053424	200.0	37.609661447016855	0.0	118522	723.0927835051547	0.2
30947.990893369282	600.0	40.00371013115971	0.0	310713	1605.9513158571517	0.6
30948.339256650972	200.0	43.65534684947009	0.0	89422	348.36328168961256	0.2
30948.74404938834	200.0	47.2505541121028	0.0	108225	404.7927373672956	0.2
30949.65158436977	600.0	50.34301913067203	0.0	275745	907.5349814307687	0.6
30951.77545427261	1500.0	52.21914922783225	0.0	681043	2123.8699028397796	1.5
30952.838196516674	600.0	55.15640698376877	0.0	327462	1062.7422440634732	0.6
30968.959419804276	12000.0	43.03518369616668	0.0	5257310	16121.223287602086	12.0
30971.151506517257	1500.0	44.8430969831852	0.0	725845	2192.0867129814865	1.5
30985.992889882495	12000.0	34.00171361794998	0.0	4828747	14841.383365235222	12.0
30988.185170584245	1500.0	35.8094329161956	0.0	657685	2192.2807017543864	1.5
30995.940522361434	4000.0	32.054081139008915	0.0	1697030	7755.351777186685	4.0
30996.467317247992	200.0	35.52728625244897	0.0	96988	526.7948865599446	0.2
30996.939872816347	200.0	39.05473068409702	0.0	85214	472.5555683519521	0.2
30999.806733395177	1500.0	40.187870105265254	0.0	763847	2866.8605788317664	1.5
31000.56024402998	600.0	43.434359470464635	0.0	256094	753.510634800618	0.6
31020.803349297035	12000.0	27.191254203409184	0.0	5646381	20243.105267055456	12.0

