8081.579022350803	600.0	4.0	0.9207715045188729	247108	920.7715045188729	-17.815430090377458
8082.712834578342	600.0	6.866187772461457	0.0	309722	1133.8122275385433	0.6
8083.774259777704	600.0	9.804762573099415	0.0	288447	1061.4251993620414	0.6
8086.298750155163	1500.0	11.280272195640617	0.0	718451	2524.4903774587983	1.5
8088.843127826614	1500.0	12.735894524189261	0.0	724296	2544.377671451356	1.5
8091.381299091899	1500.0	14.197723258904839	0.0	689829	2538.1712652844235	1.5
8096.084751472851	1500.0	13.494270877952458	0.0	737903	4703.452380952381	1.5
8101.053868014204	1500.0	12.525154336599075	0.0	780303	4969.116541353384	1.5
8102.01366546196	600.0	15.565356888842995	0.0	290723	959.7974477560797	0.6
8104.019938338396	1500.0	17.5590840124073	0.0	763093	2006.272876435694	1.5
8106.041919911033	1500.0	19.53710243977067	0.0	769316	2021.9815726366276	1.5
8108.001046504494	1500.0	21.5779758463086	0.0	744416	1959.1265934620724	1.5
8109.611002329309	1500.0	23.968020021494766	0.0	606092	1609.9558248138333	1.5
8115.378543448419	4000.0	22.200478902384166	0.0	1805063	5767.5411191106	4.0
8118.235565899652	1500.0	23.343456451151187	0.0	754517	2857.022451232978	1.5
8121.755915550002	1500.0	23.82310680080154	0.0	934743	3520.3496503496503	1.5
8126.54237589575	4000.0	23.036646455053106	0.0	1835863	4786.460345748434	4.0
8128.579139805525	1500.0	24.99988254527867	0.0	772616	2036.7639097744363	1.5
8130.552030347671	1500.0	27.026992003133834	0.0	747396	1972.8905421448358	1.5
8138.570138689972	4000.0	23.00888366083285	0.0	2164412	8018.108342300985	4.0
8142.1152131930685	1500.0	23.46380915773611	0.0	835711	3545.0745030967373	1.5
8144.531520883666	1500.0	25.047501467137995	0.0	806394	2416.307690598118	1.5
8149.80413456191	4000.0	23.774887788894368	0.0	1849252	5272.613678243625	4.0
8151.798583237785	1500.0	25.780439113019955	0.0	681795	1994.4486758744144	1.5
8158.1912798790445	4000.0	23.387742471759985	0.0	1836837	6392.69664125997	4.0
8160.55969472146	1500.0	25.01932762934421	0.0	644861	2368.414842415774	1.5
8163.306099028981	1500.0	26.272923321823477	0.0	794014	2746.404307520734	1.5
8165.862533150632	1500.0	27.71648920017326	0.0	914284	2556.4341216502175	1.5
8167.772761858458	1500.0	29.806260492347082	0.0	675709	1910.2287078261754	1.5
8173.354347814872	4000.0	28.22467453593284	0.0	2002600	5581.585956414241	4.0
8176.211326482699	1500.0	29.36769586810524	0.0	757473	2856.9786678276014	1.5
8183.411256750067	4000.0	26.16776560073794	0.0	1947068	7199.930267367301	4.0
8185.61393815525	1500.0	27.965084195554336	0.0	633700	2202.6814051836036	1.5
8188.223409327214	1500.0	29.355613023591015	0.0	755142	2609.4711719633215	1.5
8194.285096876616	4000.0	27.293925474188814	0.0	1828568	6061.687549402202	4.0
8199.462890989014	4000.0	26.116131361789172	0.0	1785821	5177.794112399643	4.0
8201.486992327105	1500.0	28.092030023698182	0.0	681043	2024.1013380909903	1.5
8208.146909293102	4000.0	25.43211305770253	0.0	1955307	6659.916965995652	4.0
8210.771097736237	1500.0	26.807924614566716	0.0	691256	2624.1884431358117	1.5
8213.522592031417	1500.0	28.056430319388213	0.0	725845	2751.4942951785056	1.5
8219.874781118748	4000.0	25.704241232056923	0.0	1985434	6352.189087331287	4.0
8226.130689104919	4000.0	23.44833324588496	0.0	1830641	6255.907986171964	4.0
8229.244716446641	1500.0	24.33430590416288	0.0	767059	3114.0273417220837	1.5
8232.679036488173	1500.0	24.899985862631148	0.0	848035	3434.3200415317297	1.5
8235.190068414953	1500.0	26.388953935851283	0.0	629438	2511.0319267798623	1.5
8238.112488118653	1500.0	27.466534232151027	0.0	763847	2922.419703700258	1.5
8244.655525670434	4000.0	24.923496680370487	0.0	1750852	6543.037551780535	4.0
8247.201866241165	1500.0	26.377156109639056	0.0	808636	2546.3405707314287	1.5

