1651.5191642770462	600.0	4.0	0.5803388972551602	247108	580.3388972551602	0.23467511	-11.006777945103204
1651.798841831114	200.0	7.720322445932093	0.0	98617	279.67755406790604	0.004705182	0.2
1652.0944321172406	200.0	11.42473215980562	0.0	106476	295.59028612647273	0.004705182	0.2
1652.4077473119355	200.0	15.111416965110541	0.0	115230	313.31519469508106	0.004705182	0.2
1652.6854831036871	200.0	18.83368117335898	0.0	97658	277.73579175155976	0.004705182	0.2
1652.9632188954388	200.0	22.55594538160742	0.0	97658	277.73579175155976	0.004705182	0.2
1653.2776720154957	200.0	26.24149226155073	0.0	115792	314.4531200566938	0.004705182	0.2
1653.5756879859339	200.0	29.94347629111249	0.0	107674	298.01597043823796	0.004705182	0.2
1668.9220636176885	12000.0	18.597100659357697	0.0	6619479	15346.37563175479	0.004705182	12.0
1669.2891882857625	200.0	22.22997599128389	0.0	105425	367.1246680738068	0.004705182	0.2
1669.628914574317	200.0	25.89024970272939	0.0	95365	339.726288554504	0.9753019	0.2
1669.968578222441	200.0	29.550586054605194	0.0	95342	339.66364812419147	0.004705182	0.2
1671.6992679480486	1500.0	31.819896328997515	0.0	606092	1730.6897256076802	0.004705182	1.5
1673.747653354015	1500.0	33.77151092303122	0.0	748011	2048.385405966295	0.004705182	1.5
1675.8021180427725	1500.0	35.7170462342739	0.0	754517	2054.464688757319	0.004705182	1.5
1678.3282087823623	1500.0	37.1909554946841	0.0	934743	2526.0907395898075	0.004705182	1.5
1690.8121568910033	12000.0	28.707007386043173	0.0	5964284	12483.948108640923	0.004705182	12.0
1692.3611656966027	1500.0	31.157998580443717	0.0	772616	1549.0088055994581	0.004705182	1.5
1694.4333000671452	1500.0	33.08586420990145	0.0	747396	2072.134370542262	0.004705182	1.5
1706.2558517757848	8000.0	25.263312501261794	0.0	4303587	11822.551708639661	0.28929633	8.0
1708.7190438908506	1500.0	26.800120386195935	0.0	835711	2463.192115065857	0.004705182	1.5
1711.0986328904407	1500.0	28.420531386605866	0.0	806394	2379.588999590069	0.004705182	1.5
1713.2622898355178	1500.0	30.256874441528755	0.0	809327	2163.656945077113	0.0048860223	1.5
1714.6704026226905	1500.0	32.8487616543561	0.0	681795	1408.1127871726505	0.004705182	1.5
1724.3477667742784	8000.0	27.171397502768247	0.0	4925863	9677.364151587855	0.004705182	8.0
1725.685679311006	1500.0	29.833484966040743	0.0	644861	1337.9125367275033	0.004705182	1.5
1734.644472540086	8000.0	24.874691736960404	0.0	4274504	8958.793229080338	0.6269781	8.0
1744.701402182188	8000.0	18.817762094858463	0.0	3354913	10056.929642101943	0.18845655	8.0
1746.6979333551865	1500.0	20.82123092186029	0.0	675709	1996.5311729981743	0.004705182	1.5
1748.784710756757	1500.0	22.734453520289673	0.0	707527	2086.777401570616	0.004705182	1.5
1751.0131513091317	1500.0	24.506012967915137	0.0	757473	2228.440552374537	0.16316204	1.5
1753.1132934799848	1500.0	26.405870797061933	0.0	712239	2100.1421708532025	0.90797514	1.5
1763.6724421076196	8000.0	19.84672216942717	0.0	3713878	10559.14862763476	0.81933194	8.0
1765.240296699645	1500.0	22.278867577401954	0.0	755142	1567.8545920252197	0.004705182	1.5
1772.625871164586	8000.0	18.89329311246094	0.0	3707853	7385.574464941014	0.009814589	8.0
1780.7317774102173	8000.0	14.78738686682945	0.0	4086583	8105.906245631488	0.34997755	8.0
1782.148630311702	1500.0	17.37053396534497	0.0	681043	1416.8529014844805	0.6449054	1.5
1789.9117798838151	8000.0	13.607384393231621	0.0	3739359	7763.149572113349	0.5942607	8.0
1791.4319340544967	1500.0	16.087230222550094	0.0	691256	1520.1541706815283	0.4807953	1.5
1796.5607770509669	4000.0	14.958387226079987	0.0	2094647	5128.842996470107	0.13423657	4.0
1802.408091369879	4000.0	13.11107290716784	0.0	1985434	5847.314318912148	0.48936307	4.0
1804.3990618934058	1500.0	15.120102383641033	0.0	657685	1990.9705235268068	0.6549215	1.5
1815.0452121820429	8000.0	8.473952095004012	0.0	3735285	10646.15028863702	0.68508095	8.0
1816.763887576357	1500.0	10.755276700689867	0.0	848035	1718.675394314147	0.071031585	1.5
1821.0394944457564	4000.0	10.479669831290575	0.0	2171279	4275.60686939929	0.02568756	4.0
1825.1759134494666	4000.0	10.343250827580267	0.0	2042818	4136.419003710309	0.0163487	4.0
1829.4624803088404	4000.0	10.05668396820644	0.0	1750852	4286.566859373826	0.012295062	4.0
1834.4308617188562	4000.0	9.088302558190673	0.0	2034636	4968.381410015768	0.013421729	4.0

