12270.142651755154	600.0	4.0	0.7248433448045276	247108	724.8433448045276	-13.896866896090552
12270.479998810428	200.0	7.66265294472624	0.0	98617	337.3470552737593	0.2
12272.240156688855	1500.0	9.902495066299153	0.0	643847	1760.1578784270873	1.5
12272.620856377338	200.0	13.52179537781547	0.0	115230	380.6996884836821	0.2
12272.955700863826	200.0	17.186950891328102	0.0	97658	334.84448648736804	0.2
12274.83585156596	1500.0	19.306800189193158	0.0	689829	1880.150702134947	1.5
12275.218017827601	200.0	22.92463392755207	0.0	115792	382.16626164108754	0.2
12275.578999674846	200.0	26.563652080309236	0.0	107674	360.9818472428359	0.2
12275.907703864823	200.0	30.23494789033321	0.0	95305	328.7041899760247	0.2
12289.285805795116	12000.0	20.856845960038264	0.0	5088378	13378.101930294948	12.0
12289.6152075604	200.0	24.527444194755493	0.0	95365	329.4017652827722	0.2
12294.160425023718	4000.0	23.982226731436327	0.0	1761739	4545.217463319165	4.0
12295.768091181031	1500.0	26.374560574124462	0.0	606092	1607.6661573118668	1.5
12296.05191795839	200.0	30.09073379676502	0.0	80867	283.82677735944173	0.2
12296.79761968652	600.0	33.34503206863446	0.0	264113	745.7017281305629	0.6
12297.11549867012	200.0	37.02715308503358	0.0	94377	317.8789836008759	0.2
12299.04952157533	1500.0	39.09313017982084	0.0	735572	1934.0229052127474	1.5
12309.358459919289	12000.0	32.78419183586442	0.0	4055239	10308.938343956423	12.0
12310.271243495965	600.0	35.871408259187554	0.0	330105	912.7835766768629	0.6
12311.133609679964	600.0	39.009042075189925	0.0	310849	862.366183997636	0.6
12324.437717434079	12000.0	29.704934321075164	0.0	5251330	13304.107754114757	12.0
12335.579375715339	8000.0	22.56327603981437	0.0	3905272	11141.658281260796	8.0
12350.034639540612	12000.0	12.108012214540972	0.0	5141915	14455.263825273398	12.0
12350.336081461885	200.0	15.806570293270454	0.0	85752	301.4419212705176	0.2
12351.312000376005	600.0	18.830651379149824	0.0	346939	975.9189141206282	0.6
12359.586752001384	8000.0	14.555899753769529	0.0	3253093	8274.751625380297	8.0
12359.889592595693	200.0	18.25305915946079	0.0	88490	302.84059430873833	0.2
12368.985686939735	8000.0	13.156964815417858	0.0	3354913	9096.094344042933	8.0
12369.322257442165	200.0	16.82039431298674	0.0	93993	336.5705024311183	0.2
12370.228672523628	600.0	19.91397923152295	0.0	302752	906.4150814637892	0.6
12370.964810372303	600.0	23.1778413828494	0.0	240372	736.1378486735478	0.6
12371.845722084321	600.0	26.296929670830295	0.0	293409	880.9117120191078	0.6
12383.812651660235	8000.0	18.33000009491582	0.0	3713878	11966.929575914472	8.0
12386.453703020008	1500.0	19.68894873514305	0.0	755142	2641.051359772771	1.5
12386.900746282614	200.0	23.241905472536274	0.0	108225	447.04326260677874	0.2
12392.934061829757	4000.0	21.208589925393223	0.0	1785821	6033.31554714305	4.0
12393.845508012782	600.0	24.297143742368092	0.0	284947	911.4461830251304	0.6
12394.8810086146	600.0	27.2616431405517	0.0	327462	1035.5006018163913	0.6
12395.865154217692	600.0	30.277497537458725	0.0	309862	984.1456030929716	0.6
12396.24268640575	200.0	33.899965349400226	0.0	101968	377.5321880585039	0.2
12405.251071568242	8000.0	28.8915801869098	0.0	3189942	9008.385162490427	8.0
12407.001780467186	1500.0	31.140871287965606	0.0	657685	1750.7088989441932	1.5
12409.030330756937	1500.0	33.112320998214074	0.0	767059	2028.550289751528	1.5
12414.266711370874	4000.0	31.875940384278227	0.0	1910697	5236.3806139358485	4.0
12416.417231107716	1500.0	33.72542064743612	0.0	629438	2150.5197368421054	1.5
12419.00988571298	1500.0	35.13276604217297	0.0	763847	2592.654605263158	1.5
12433.47825376913	8000.0	24.664397986022138	0.0	4201994	14468.368056150832	8.0
12450.449698221531	12000.0	11.692953533621472	0.0	5646381	16971.444452400665	12.0

