23386.513596551864	600.0	4.0	0.7679039582427142	247108	767.9039582427142	-14.758079164854284
23386.86812843529	200.0	7.645468116572423	0.0	98617	354.5318834275772	0.2
23387.751112689315	600.0	10.762483862548935	0.0	288447	882.9842540234885	0.6
23389.83115027087	1500.0	12.682446280991737	0.0	718451	2080.037581557199	1.5
23395.671676412672	4000.0	10.841920139190954	0.0	2069289	5840.526141800783	4.0
23399.03029988107	1500.0	11.483296670793322	0.0	689829	3358.6234683976313	1.5
23410.279535534308	4000.0	4.234061017557668	0.0	2046450	11249.235653235655	4.0
23410.95922364347	200.0	7.554372908395874	0.0	107674	679.6881091617934	0.2
23412.65839936054	600.0	9.85519719132542	0.0	290723	1699.1757170704539	0.6
23416.753651260093	1500.0	9.759945291772251	0.0	763093	4095.25189955317	1.5
23418.846217437887	1500.0	11.667379113979212	0.0	769316	2092.566177793038	1.5
23423.53500800704	4000.0	10.978588544825667	0.0	1761739	4688.790569153545	4.0
23425.200572664253	1500.0	13.313023887609466	0.0	606092	1665.5646572162002	1.5
23441.04381989605	8000.0	4.0	2.530223344188655	5541092	15843.247231798121	-42.6044668837731
23441.33588383557	200.0	7.707936060479867	0.0	82750	292.0639395201333	0.2
23442.247161664956	600.0	10.796658231092033	0.0	324375	911.2778293878337	0.6
23444.21221660297	1500.0	12.831603293077489	0.0	735572	1965.0549380145433	1.5
23450.04816286325	4000.0	10.99565703279755	0.0	2192675	5835.946260279939	4.0
23452.13962373018	1500.0	12.904196165865118	0.0	747396	2091.460866932432	1.5
23458.70840779283	4000.0	10.335412103218358	0.0	2164412	6568.78406264676	4.0
23463.173184313568	1500.0	9.870635582477252	0.0	835711	4464.776520741105	1.5
23467.484141519668	1500.0	9.55967837637789	0.0	806394	4310.9572060993605	1.5
23469.685660320305	1500.0	11.358159575743938	0.0	809327	2201.5188006339517	1.5
23474.51758808024	4000.0	10.526231815805225	0.0	1822097	4831.927759938713	4.0
23476.827925646052	1500.0	12.215894249995378	0.0	855209	2310.337565809849	1.5
23482.166953956686	4000.0	10.876865939361545	0.0	1984579	5339.028310633832	4.0
23484.358237090317	1500.0	12.685582805730183	0.0	794014	2191.283133631363	1.5
23491.07958861742	4000.0	9.964231278622465	0.0	2055338	6721.351527107717	4.0
23494.058305404295	1500.0	10.985514491749525	0.0	675709	2978.716786872939	1.5
23497.173517887873	1500.0	11.870302008171759	0.0	707527	3115.2124835777677	1.5
23507.6416063759	4000.0	5.402213520142472	0.0	2290706	10468.088488029287	4.0
23508.262278098544	200.0	8.781541797498917	0.0	118522	620.6717226435536	0.2
23510.14219354127	600.0	10.90162635477133	0.0	310713	1879.9154427275857	0.6
23514.62599584481	1500.0	10.417824051228541	0.0	755142	4483.8023035427905	1.5
23518.577424675237	1500.0	10.466395220804134	0.0	670327	3951.428830424408	1.5
23520.749422411514	1500.0	12.294397484527959	0.0	785519	2171.9977362761742	1.5
23526.412814668245	4000.0	10.631005227795045	0.0	2096494	5663.392256732914	4.0
23528.81436530366	1500.0	12.229454592378573	0.0	866245	2401.5506354164722	1.5
23539.7190145625	4000.0	5.324805333541521	0.0	2142800	10904.649258837053	4.0
23540.088716956136	200.0	8.95510293990561	0.0	101968	369.7023936359117	0.2
23541.064797643685	600.0	11.97902225235678	0.0	315398	976.0806875488316	0.6
23546.345851695816	4000.0	10.697968200222395	0.0	1830641	5281.054052134385	4.0
23548.605151361986	1500.0	12.438668534052923	0.0	767059	2259.2996661694724	1.5
23553.659991000175	4000.0	11.38382889586448	0.0	1910697	5054.83963818844	4.0
23559.3315673723	4000.0	9.712252523741512	0.0	2171279	5671.576372122969	4.0
23561.422005915207	1500.0	11.621813980834146	0.0	763847	2090.438542907366	1.5
23566.11095147385	4000.0	10.932868422189175	0.0	1750852	4688.945558644971	4.0
23568.31960615212	1500.0	12.724213743918003	0.0	808636	2208.6546782711703	1.5

