33515.56776721418	600.0	4.0	0.6362441790120853	247108	636.2441790120853	-12.124883580241706
33516.344956538735	600.0	7.222810675445631	0.0	309722	777.1893245543691	0.6
33517.074255487794	600.0	10.493511726388947	0.0	288447	729.2989490566835	0.6
33518.77150052501	1500.0	12.79626668917683	0.0	718451	1697.2450372121161	1.5
33520.48190275351	1500.0	15.085864460670521	0.0	724296	1710.40222850631	1.5
33522.11471919719	1500.0	17.453048016995176	0.0	689829	1632.8164436753473	1.5
33523.855751006864	1500.0	19.712016207318623	0.0	737903	1741.0318096765573	1.5
33525.82406748354	1500.0	21.74369973064284	0.0	780303	1968.3164766757784	1.5
33534.65070118188	4000.0	16.917066032303033	0.0	1857129	8826.63369833981	4.0
33538.002128736494	1500.0	17.565638477687276	0.0	763093	3351.427554615756	1.5
33541.25472938601	1500.0	18.31303782816926	0.0	769316	3252.6006495180172	1.5
33544.40464433008	1500.0	19.16312288409998	0.0	744416	3149.9149440692827	1.5
33546.67795498454	1500.0	20.88981222964773	0.0	606092	2273.3106544522484	1.5
33548.91000144849	1500.0	22.657765765691458	0.0	748011	2232.0464639562692	1.5
33551.16076583811	1500.0	24.40700137607033	0.0	754517	2250.764389621132	1.5
33553.9300449635	1500.0	25.637722250685975	0.0	934743	2769.2791253843525	1.5
33558.889751624396	4000.0	24.678015589787545	0.0	1835863	4959.70666089843	4.0
33560.89467470132	1500.0	26.673092512864468	0.0	772616	2004.923076923077	1.5
33566.16322904576	4000.0	25.404538168423482	0.0	2082556	5268.554344440984	4.0
33571.55838599677	4000.0	24.00938121741228	0.0	2164412	5395.156951011202	4.0
33573.6889589326	1500.0	25.878808281576184	0.0	835711	2130.5729358360936	1.5
33578.567938531385	4000.0	24.99982868279353	0.0	1950922	4878.979598782655	4.0
33583.21469759914	4000.0	24.35306961503616	0.0	1849252	4646.759067757371	4.0
33587.811284229196	4000.0	23.756482984982227	0.0	1822097	4596.586630053929	4.0
33592.508627826996	4000.0	23.059139387181755	0.0	1836837	4697.343597800471	4.0
33597.649538943326	4000.0	21.918228270847184	0.0	1984579	5140.9111163345715	4.0
33603.591765023506	4000.0	19.976002190668616	0.0	2068230	5942.226080178569	4.0
33606.263227051175	1500.0	21.304540162997622	0.0	914284	2671.462027670995	1.5
33608.77398292535	1500.0	22.7937842888286	0.0	675709	2510.7558741690214	1.5
33611.88610613413	1500.0	23.681661080043277	0.0	707527	3112.1232087853223	1.5
33615.21227407306	1500.0	24.355493141111975	0.0	757473	3326.167938931298	1.5
33618.12889105598	1500.0	25.438876158199584	0.0	712239	2916.616982912393	1.5
33620.23794849044	1500.0	27.329818723738907	0.0	633700	2109.0574344606766	1.5
33622.73585363352	1500.0	28.831913580653055	0.0	755142	2497.9051430858513	1.5
33629.24330812825	4000.0	26.324459085924392	0.0	1828568	6507.454494728661	4.0
33633.37159260934	1500.0	26.196174604831818	0.0	785519	4128.284481092573	1.5
33636.961445086316	1500.0	26.606322127862157	0.0	681043	3589.852476969658	1.5
33639.789831400536	1500.0	27.7779358136402	0.0	866245	2828.3863142219566	1.5
33641.702672445215	1500.0	29.865094768963015	0.0	691256	1912.841044677184	1.5
33643.707225010505	1500.0	31.86054220367069	0.0	725845	2004.552565292324	1.5
33649.01534156009	4000.0	30.552425654091753	0.0	1985434	5308.116549578939	4.0
33653.7400912469	4000.0	29.82767596728057	0.0	1830641	4724.749686811183	4.0
33658.12583964925	4000.0	29.441927564939977	0.0	1697030	4385.748402340591	4.0
33667.489781521625	4000.0	24.077985692559228	0.0	1910697	9363.94187238075	4.0
33670.21661582216	1500.0	25.35115139202395	0.0	629438	2726.834300535275	1.5
33673.24590320844	1500.0	26.321864005745326	0.0	763847	3029.2873862786264	1.5
33679.59247090246	4000.0	23.975296311713493	0.0	1750852	6346.567694031833	4.0
33681.68952253629	1500.0	25.878244677889597	0.0	808636	2097.0516338238967	1.5

