671.5552159070337	600.0	4.0	0.8966834669090308	247108	896.6834669090308	-17.333669338180613
671.9611417105534	200.0	7.594074196480211	0.0	98617	405.92580351978853	0.2
672.9944491549887	600.0	10.560766752044946	0.0	288447	1033.3074444352642	0.6
675.4489050750086	1500.0	12.106310832025116	0.0	718451	2454.4559200198305	1.5
677.9226785196091	1500.0	13.632537387424604	0.0	724296	2473.7734446005124	1.5
680.2825397110493	1500.0	15.272676195984465	0.0	689829	2359.8611914401386	1.5
681.9382987307397	1500.0	17.616917176294038	0.0	737903	1655.759019690426	1.5
683.1910584365364	1500.0	20.364157470497332	0.0	780303	1252.7597057967068	1.5
684.6108865361448	1500.0	22.944329370889037	0.0	891463	1419.8280996082926	1.5
685.8377803993947	1500.0	25.717435507639085	0.0	763093	1226.8938632499508	1.5
689.0661178501964	4000.0	26.489098056837353	0.0	2094766	3228.3374508017328	4.0
691.9187028416937	4000.0	27.636513065340043	0.0	1761739	2852.5849914973087	4.0
702.6621811935873	8000.0	20.893034713446422	0.0	4206019	10743.478351893624	8.0
706.7423208057756	4000.0	20.812895101258054	0.0	1805063	4080.139612188366	4.0
711.6032980910942	4000.0	19.951917815939495	0.0	2157416	4860.97728531856	4.0
715.4883298174557	4000.0	20.066886089578023	0.0	2231719	3885.0317263614706	4.0
718.6473776062165	4000.0	20.907838300817136	0.0	1835863	3159.047788760888	4.0
722.6858035962509	4000.0	20.869412310782742	0.0	2192675	4038.425990034393	4.0
729.4619905699853	4000.0	18.093225337048295	0.0	2082556	6776.186973734451	4.0
731.6716873204525	1500.0	19.883528586581058	0.0	662349	2209.696750467234	1.5
734.7033729162073	1500.0	20.8518429908263	0.0	835711	3031.6855957547577	1.5
737.7028425274667	1500.0	21.852373379566853	0.0	806394	2999.4696112594474	1.5
740.71293077474	1500.0	22.842285132293465	0.0	809327	3010.0882472733856	1.5
743.0749757365494	1500.0	24.480240170484155	0.0	681795	2362.0449618093126	1.5
745.4062292532733	1500.0	26.14898665376018	0.0	855209	2331.2535167239766	1.5
747.1837623639493	1500.0	28.371453543084144	0.0	644861	1777.5331106760339	1.5
752.7081742689854	4000.0	26.84704163804803	0.0	2068230	5524.411905036113	4.0
756.2983867982978	4000.0	27.25682910873567	0.0	2055338	3590.21252931236	4.0
760.034943952161	4000.0	27.520271954872467	0.0	2165436	3736.557153863202	4.0
763.5810980407289	4000.0	27.974117866304642	0.0	2002600	3546.1540885678246	4.0
768.275967846823	4000.0	27.27924806021046	0.0	2290706	4694.869806094183	4.0
772.278542513154	4000.0	27.27667339387956	0.0	1947068	4002.5746663308996	4.0
778.8913322785954	4000.0	24.663883628438164	0.0	2544033	6612.789765441393	4.0
784.5337136477812	4000.0	23.021502259252443	0.0	2125133	5642.381369185721	4.0
788.9415572027056	4000.0	22.613658704328035	0.0	1828568	4407.8435549244105	4.0
793.248227419563	4000.0	22.306988487470544	0.0	1785821	4306.670216857489	4.0
796.8777051955424	4000.0	22.677510711491063	0.0	2096494	3629.477775979482	4.0
800.1862822853257	4000.0	23.368933621707782	0.0	1955307	3308.5770897832817	4.0
803.8588214981279	4000.0	23.696394408905572	0.0	2142800	3672.53921280221	4.0
814.3613270800986	4000.0	17.193888826934852	0.0	2094647	10502.50558197072	4.0
817.0600322786778	1500.0	18.495183628355583	0.0	811013	2698.7051985792705	1.5
819.2636519105796	1500.0	20.29156399645374	0.0	657685	2203.6196319018404	1.5
821.8204326661496	1500.0	21.734783240883832	0.0	767059	2556.7807555699064	1.5
824.4089593137601	1500.0	23.146256593273314	0.0	848035	2588.5266476105176	1.5
825.5067263119006	1500.0	26.048489595132803	0.0	629438	1097.7669981405127	1.5
828.8898518677256	4000.0	26.665364039307757	0.0	2042818	3383.1255558250464	4.0
831.8008842874847	4000.0	27.754331619548683	0.0	1750852	2911.032419759075	4.0
835.4908978775273	4000.0	28.064318029505994	0.0	2034636	3690.0135900426903	4.0

