8021.48536195671	600.0	4.0	0.7545249509511217	247108	754.5249509511217	-14.490499019022435
8021.8345544842205	200.0	7.650807472489977	0.0	98617	349.19252751002307	0.2
8022.701921540434	600.0	10.783440416275699	0.0	288447	867.3670562142797	0.6
8024.743060498039	1500.0	12.742301458670989	0.0	718451	2041.1389576047088	1.5
8030.4715504750075	4000.0	11.013811481702634	0.0	2069289	5728.489976968354	4.0
8035.8501922018995	4000.0	9.635169754811365	0.0	1863995	5378.64172689127	4.0
8038.040182015143	1500.0	11.44517994156858	0.0	737903	2189.9898132427843	1.5
8044.621472640072	4000.0	8.863889316639208	0.0	2058614	6581.290624929371	4.0
8045.726679375503	600.0	11.758682581207664	0.0	290723	1105.2067354315436	0.6
8053.626809895169	4000.0	7.858552061542065	0.0	2373154	7900.1305196655985	4.0
8054.627077507445	600.0	10.85828444926544	0.0	329266	1000.2676122766259	0.6
8056.787650463234	1500.0	12.697711493477364	0.0	744416	2160.5729557880763	1.5
8062.815447940798	4000.0	10.669914015913623	0.0	2131310	6027.797477563741	4.0
8064.96818239292	1500.0	12.517179563791215	0.0	748011	2152.7344521224086	1.5
8071.026370508817	4000.0	10.458991447894364	0.0	2157416	6058.188115896851	4.0
8073.928787704296	1500.0	11.556574252415187	0.0	934743	2902.417195479178	1.5
8079.796844217725	4000.0	9.688517738986349	0.0	1835863	5868.056513428836	4.0
8082.311305969125	1500.0	11.174055987586442	0.0	772616	2514.461751399908	1.5
8088.891422234585	4000.0	8.593939722126647	0.0	2082556	6580.116265459796	4.0
8089.9416504738265	600.0	11.543711482885103	0.0	310849	1050.2282392415434	0.6
8096.924511427617	4000.0	8.560850529094417	0.0	2379358	6982.860953790686	4.0
8097.873859956695	600.0	11.611502000016822	0.0	310841	949.3485290775927	0.6
8103.182003986856	4000.0	10.303357969855362	0.0	1849252	5308.144030161461	4.0
8105.362015537312	1500.0	12.123346419399118	0.0	681795	2180.011550456243	1.5
8111.09969697573	4000.0	10.385664980982302	0.0	1836837	5737.681438416817	4.0
8113.13761976542	1500.0	12.347742191291955	0.0	644861	2037.922789690347	1.5
8119.079845845597	4000.0	10.405516111113386	0.0	2068230	5942.226080178569	4.0
8121.751307873268	1500.0	11.73405408344239	0.0	914284	2671.462027670995	1.5
8128.484838297573	4000.0	9.000523659138464	0.0	2165436	6733.530424303925	4.0
8130.780577273126	1500.0	10.70478468358504	0.0	707527	2295.738975553424	1.5
8133.231040018441	1500.0	12.25432193827185	0.0	757473	2450.4627453131884	1.5
8138.9377943442	4000.0	10.54756761251236	0.0	1947068	5706.754325759492	4.0
8140.849098754849	1500.0	12.636263201863224	0.0	633700	1911.304410649135	1.5
8147.663102013328	4000.0	9.82225994338427	0.0	2125133	6814.003258478956	4.0
8149.9974386536505	1500.0	11.487923303061418	0.0	670327	2334.336640322852	1.5
8156.155375911595	4000.0	9.329986045116858	0.0	1785821	6157.937257944561	4.0
8158.592588795841	1500.0	10.892773160871718	0.0	681043	2437.2128842451384	1.5
8161.67081926721	1500.0	11.814542689502172	0.0	866245	3078.230471369546	1.5
8168.405516027258	4000.0	9.079845929453704	0.0	2142800	6734.696760048468	4.0
8170.637762135487	1500.0	10.847599821225387	0.0	725845	2232.246108228317	1.5
8173.122544937562	1500.0	12.362817019149775	0.0	811013	2484.7828020756115	1.5
8178.905315996367	4000.0	10.580045960345393	0.0	1830641	5782.771058804382	4.0
8181.397356403583	1500.0	12.088005553128694	0.0	767059	2492.040407216698	1.5
8187.480776956309	4000.0	10.004585000403596	0.0	1910697	6083.420552725098	4.0
8189.537111977306	1500.0	11.948249979405912	0.0	629438	2056.3350209976843	1.5
8195.837127576297	4000.0	9.648234380415804	0.0	2042818	6300.015598990106	4.0
8198.0437846851	1500.0	11.441577271611632	0.0	769491	2206.657108804173	1.5
8203.746947416346	4000.0	9.738414540366058	0.0	2034636	5703.162731245574	4.0

