7111.28417263881	600.0	4.0	0.5982838041554698	247108	598.2838041554697	-11.365676083109395
7111.571011729063	200.0	7.713160909746346	0.0	98617	286.8390902536541	0.2
7112.255999865656	600.0	11.028172773153306	0.0	288447	684.9881365930394	0.6
7116.635871137858	4000.0	10.648301500950382	0.0	2050098	4379.871272202925	4.0
7118.235008058616	1500.0	13.049164580192697	0.0	724296	1599.1369207576852	1.5
7134.581428329594	8000.0	4.0	3.2972556907854416	4224313	16346.420270978138	-57.94511381570884
7135.055245181903	200.0	7.5261831476915235	0.0	115792	473.81685230847717	0.2
7136.069937810081	600.0	10.511490519513647	0.0	274823	1014.6926281778761	0.6
7139.181867067797	1500.0	11.399561261797466	0.0	891463	3111.929257716181	1.5
7145.081958591759	4000.0	9.499469737835774	0.0	2373154	5900.0915239616925	4.0
7146.771111727953	1500.0	11.810316601642086	0.0	769316	1689.1531361936884	1.5
7150.536083621173	4000.0	12.045344708421702	0.0	1761739	3764.971893220383	4.0
7158.835486880401	4000.0	7.74594144919362	0.0	2131310	8299.403259228082	4.0
7160.100514639673	600.0	10.480913689922025	0.0	266809	1265.0277592715968	0.6
7162.702116377091	1500.0	11.879311952503857	0.0	754517	2601.6017374181674	1.5
7167.69800001766	4000.0	10.883428311935	0.0	2231719	4995.883640568856	4.0
7169.398269577251	1500.0	13.183158752344157	0.0	735572	1700.2695595908424	1.5
7177.945255733601	8000.0	8.63617259599449	0.0	4260556	8546.986156349669	8.0
7178.653324323512	600.0	11.928104006083199	0.0	330105	708.0685899112898	0.6
7182.927842371998	4000.0	11.653585957596643	0.0	2164412	4274.518048486554	4.0
7188.146775161782	4000.0	10.434653167812488	0.0	2379358	5218.932789784156	4.0
7189.968423357675	1500.0	12.613004971918805	0.0	806394	1821.648195893684	1.5
7194.319884746764	4000.0	12.261543582830523	0.0	1849252	4351.46138908828	4.0
7199.055216887797	4000.0	11.526211441798331	0.0	1822097	4735.332141032192	4.0
7203.5944521347965	4000.0	10.986976194798652	0.0	1836837	4539.2352469996795	4.0
7204.984878877329	1500.0	13.596549452266645	0.0	644861	1390.4267425320058	1.5
7213.880735150445	8000.0	8.700693179151424	0.0	4274504	8895.856273115221	8.0
7214.6637153319325	600.0	11.917712997663221	0.0	302611	782.9801814882032	0.6
7219.774129270227	4000.0	10.807299059369209	0.0	2165436	5110.413938294011	4.0
7221.497749161334	1500.0	13.08367916826213	0.0	707527	1723.619891107078	1.5
7229.386871663079	8000.0	9.194556666517052	0.0	4025712	7889.122501745077	8.0
7230.792645780069	1500.0	11.788782549526964	0.0	712239	1405.774116990088	1.5
7236.415345510456	4000.0	10.16608281914008	0.0	2544033	5622.699730386885	4.0
7238.398125440533	1500.0	12.183302889063542	0.0	755142	1982.779930076538	1.5
7243.08568599362	4000.0	11.495742335975255	0.0	1828568	4687.560553088287	4.0
7247.380202514176	4000.0	11.201225815419148	0.0	1785821	4294.516520556106	4.0
7252.375204272469	4000.0	10.206224057125864	0.0	2096494	4995.001758293283	4.0
7254.432513003773	1500.0	12.148915325822445	0.0	866245	2057.3087313034193	1.5
7259.1824487126105	4000.0	11.398979616985134	0.0	2142800	4749.935708837311	4.0
7263.827441629686	4000.0	10.753986699909838	0.0	2094647	4644.992917075297	4.0
7267.6716930758985	1500.0	10.909735253698036	0.0	811013	3844.2514462118006	1.5
7270.859661650534	1500.0	11.721766679062796	0.0	657685	3187.968574635241	1.5
7277.387124012718	4000.0	9.194304316878348	0.0	1697030	6527.462362184448	4.0
7280.171155579708	1500.0	10.410272749888172	0.0	848035	2784.031566990175	1.5
7282.258172060707	1500.0	12.323256268890145	0.0	629438	2087.0164809980274	1.5
7287.196827399706	4000.0	11.384600929890272	0.0	2042818	4938.655338999873	4.0
7290.799889966518	4000.0	11.781538363078976	0.0	1750852	3603.0625668112943	4.0
7295.012845879306	4000.0	11.56858245029083	0.0	2034636	4212.955912788147	4.0

