26048.369731260795	600.0	4.0	0.7863508057312324	247108	786.3508057312324	-15.127016114624649
26049.335062307353	600.0	7.03466895344267	0.0	309722	965.3310465573303	0.6
26050.239579404577	600.0	10.13015185621896	0.0	288447	904.5170972237111	0.6
26051.11907059692	600.0	13.250660663879659	0.0	279692	879.4911923393005	0.6
26052.10906452267	600.0	16.260666738128418	0.0	318350	989.9939257512417	0.6
26052.46821698631	200.0	19.90151427448458	0.0	97658	359.15246364383466	0.2
26052.87920494501	200.0	23.49052631578947	0.0	115792	410.9879586951085	0.2
26053.7447782469	600.0	26.624953013899308	0.0	274823	865.5733018901633	0.6
26054.097204730624	200.0	30.27252653017472	0.0	95305	352.42648372458643	0.2
26068.31429185486	12000.0	20.05543940594059	0.0	5088378	14217.087124234133	12.0
26068.67512076573	200.0	23.69461049506919	0.0	95365	360.8289108714014	0.2
26074.068765766486	4000.0	22.300965494315154	0.0	1761739	5393.645000754034	4.0
26075.03680678594	600.0	25.332924474861077	0.0	294430	968.0410194540793	0.6
26075.92153910384	600.0	28.448192156960307	0.0	266809	884.7323179007692	0.6
26076.7981399182	600.0	31.571591342603497	0.0	264113	876.600814356809	0.6
26077.162793816555	200.0	35.20693744424729	0.0	94377	364.65389835620573	0.2
26079.41539502151	1500.0	36.95433623928901	0.0	735572	2252.601204958276	1.5
26090.496955740295	12000.0	29.87277552050657	0.0	4055239	11081.560718782444	12.0
26091.403548538077	600.0	32.96618272272263	0.0	330105	906.5927977839335	0.6
26093.142090253652	1500.0	35.227641007149124	0.0	662349	1738.5417155735013	1.5
26107.39705427896	12000.0	24.97267698183838	0.0	5251330	14254.964025310746	12.0
26107.757112300846	200.0	28.612618959954816	0.0	97742	360.0580218835623	0.2
26121.076471189717	12000.0	19.293260071082095	0.0	5141915	13319.35888887272	12.0
26121.39153697919	200.0	22.978194281608413	0.0	85752	315.0657894736842	0.2
26126.506726123927	4000.0	21.86300513687157	0.0	1836837	5115.189144736842	4.0
26140.939980246625	8000.0	11.429751014173128	0.0	3253093	14433.254122698445	8.0
26141.481105832867	200.0	14.888625427930291	0.0	88490	541.1255862428349	0.2
26142.101783269034	200.0	18.26794799176562	0.0	103756	620.6774361646691	0.2
26142.67158524923	200.0	21.6981460115676	0.0	93993	569.8019801980199	0.2
26144.32924027789	600.0	24.040490982906842	0.0	302752	1657.655028660761	0.6
26145.66183016846	600.0	26.707901092338837	0.0	240372	1332.5898905680042	0.6
26146.359453930836	200.0	30.010277329962598	0.0	118522	697.6237623762377	0.2
26146.95985518149	200.0	33.40987607931122	0.0	99865	600.401250651381	0.2
26147.505837463927	200.0	36.863893796872446	0.0	89422	545.9822824387702	0.2
26149.068125113743	600.0	39.30160614705484	0.0	284451	1562.2876498176133	0.6
26150.52283329036	600.0	41.84689797043766	0.0	275745	1454.7081766171766	0.6
26151.32843162245	600.0	45.04129963835102	0.0	284947	805.5983320866424	0.6
26151.613172443358	200.0	48.756558817444805	0.0	80403	284.7408209062117	0.2
26151.913993986174	200.0	52.45573727462495	0.0	86718	300.82154281985584	0.2
26152.253648626254	200.0	56.11608263454729	0.0	101968	339.6546400776662	0.2
26165.085519259705	12000.0	47.284212001092506	0.0	4828747	12831.870633454784	12.0
26170.391256280225	4000.0	45.978474980575115	0.0	1830641	5305.737020517396	4.0
26175.280950270662	4000.0	45.08878099013642	0.0	1697030	4889.693990438693	4.0
26175.63557738991	200.0	48.73415387089245	0.0	96988	354.6271192439741	0.2
26186.420659381885	8000.0	41.94907187891472	0.0	3682991	10785.081991977731	8.0
26188.784079967427	1500.0	43.58565129337206	0.0	763847	2363.420585542664	1.5
26205.73670378971	12000.0	30.633027471090372	0.0	5704199	16952.623822281686	12.0
26223.305892251803	12000.0	17.063839008998002	0.0	5646381	17569.18846209237	12.0

