3613.51483089998	600.0	4.0	0.6769332970981672	247108	676.9332970981671	0.0066014715	-12.938665941963345
3613.833057792512	200.0	7.681773107467464	0.0	98617	318.22689253253617	0.004705182	0.2
3614.170269496471	200.0	11.344561403508772	0.0	106476	337.21170395869194	0.004705182	0.2
3614.528628043441	200.0	14.986202856538938	0.0	115230	358.35854696983426	0.004705182	0.2
3614.844538301013	200.0	18.670292598967293	0.0	97658	315.91025757163993	0.004705182	0.2
3615.160448558585	200.0	22.354382341395656	0.0	97658	315.91025757163993	0.004705182	0.2
3615.520164716449	200.0	25.994666183531116	0.0	115792	359.7161578645409	0.004705182	0.2
3615.8602704023506	200.0	29.654560497629618	0.0	107674	340.10568590150075	0.004705182	0.2
3616.1704965701797	200.0	33.344334329800404	0.0	95305	310.2261678292116	0.004705182	0.2
3616.505169396825	200.0	37.00966150315548	0.0	105425	334.6728266449256	0.014050109	0.2
3616.815540505319	200.0	40.699290394661354	0.0	95365	310.37110849412693	0.004705182	0.2
3617.1258560532247	200.0	44.388974846755445	0.0	95342	310.3155479059094	0.004705182	0.2
3617.4532673525573	200.0	48.06156354742277	0.0	102419	327.41129933266905	0.010908848	0.2
3617.7286159650525	200.0	51.78621493492768	0.0	80867	275.34861249509316	0.004705182	0.2
3618.008513298748	200.0	55.506317601232	0.0	82750	279.897333695685	0.0127126835	0.2
3631.0754194343663	12000.0	46.439411465613624	0.0	5443841	13066.90613561837	0.012197707	12.0
3631.367529417845	200.0	50.14730148213474	0.0	89871	292.1099834788766	0.004705182	0.2
3639.0479545978083	12000.0	46.466876302171336	0.0	4055239	7680.4251799634085	0.004705182	12.0
3639.279805784681	200.0	50.23502511529896	0.0	90919	231.8511868723773	0.07488402	0.2
3639.5032342487407	200.0	54.01159665123917	0.0	85876	223.42846405979247	0.57723445	0.2
3653.34544378463	12000.0	44.16938711534986	0.0	5251330	13842.209535889308	0.0047591766	12.0
3653.801112669302	200.0	47.71371823067812	0.0	97742	455.6688846717433	0.00823353	0.2
3670.103341718789	12000.0	35.41148918119042	0.0	5141915	16302.229049487702	0.01864716	12.0
3670.386185006784	200.0	39.12864589319515	0.0	85752	282.84328799526907	0.004705182	0.2
3670.689853841793	200.0	42.82497705818628	0.0	94556	303.6688350088705	0.004705182	0.2
3677.881387764568	8000.0	39.63344313541138	0.0	3253093	7191.533922774892	0.004705182	8.0
3689.4512685637956	12000.0	32.06356233618381	0.0	5138482	11569.880799227574	0.004705182	12.0
3697.7149852510074	8000.0	27.799845648971758	0.0	3354913	8263.71668721205	0.004705182	8.0
3697.973376055605	200.0	31.54145484437406	0.0	93993	258.39080459770116	0.07123191	0.2
3709.368671671426	12000.0	24.146159228553227	0.0	5411094	11395.295615820829	0.25805765	12.0
3709.6874849992532	200.0	27.82734590072551	0.0	93982	318.81332782771653	0.04400238	0.2
3720.83431182546	8000.0	20.680519074518806	0.0	3568902	11146.826826206707	0.018041091	8.0
3723.4603142360666	1500.0	22.054516663912135	0.0	633700	2626.00241060667	0.42499253	1.5
3723.8995830187105	200.0	25.615247881268505	0.0	89422	439.268782643632	0.0262333	0.2
3724.414396196694	200.0	29.100434703285377	0.0	108225	514.8131779831258	0.0059964997	0.2
3724.847112146874	200.0	32.66771875310458	0.0	87791	432.7159501807956	0.370003	0.2
3725.337268836308	200.0	36.177562063671076	0.0	102088	490.15668943350744	0.4311601	0.2
3725.7403021830332	200.0	39.77452871694548	0.0	80403	403.03334672559265	0.13740768	0.2
3727.618372740304	1500.0	41.89645815967477	0.0	691256	1878.0705572707086	0.7054014	1.5
3727.956079191306	200.0	45.55875170867332	0.0	101968	337.7064510014532	0.07617323	0.2
3742.450084640322	12000.0	35.0647462596567	0.0	4828747	14494.005449016624	0.0060927565	12.0
3747.930465623024	4000.0	33.58436527695492	0.0	1830641	5480.380982701779	0.17713246	4.0
3751.3292716953347	4000.0	34.18555920464456	0.0	1697030	3398.806072310363	0.008423965	4.0
3755.145936813774	4000.0	34.36889408620517	0.0	1910697	3816.6651184393872	0.0072563733	4.0
3770.3930078911644	12000.0	23.121823008814644	0.0	5626380	15247.071077390525	0.6960561	12.0
3774.795288769239	4000.0	22.71954213074006	0.0	2042818	4402.280878074584	0.13094838	4.0
3778.8305705958646	4000.0	22.684260304114712	0.0	1750852	4035.281826625348	0.06941202	4.0
3790.8023089389135	12000.0	14.71252196106578	0.0	5646381	11971.738343048932	0.006397403	12.0

