6561.650670439437	600.0	4.0	0.9197536213414893	247108	919.7536213414893	-17.795072426829783
6562.065803186559	200.0	7.584867252877957	0.0	98617	415.13274712204236	0.2
6563.12604021982	600.0	10.524630219616839	0.0	288447	1060.237033261119	0.6
6565.647571165829	1500.0	12.003099273607749	0.0	718451	2521.5309460090903	1.5
6573.147958823408	4000.0	8.502711616028355	0.0	2069289	7500.387657579392	4.0
6574.6206477421065	600.0	11.030022697329809	0.0	330929	1472.6889186985456	0.6
6582.408633596228	4000.0	7.242036843208309	0.0	2046450	7787.9858541215	4.0
6583.127942697712	600.0	10.522727741725319	0.0	274823	719.3091014829893	0.6
6585.281715306028	1500.0	12.368955133408948	0.0	891463	2153.772608316371	1.5
6590.88228291289	4000.0	10.768387526546489	0.0	2373154	5600.567606862461	4.0
6592.792718188474	1500.0	12.85795225096275	0.0	769316	1910.4352755837383	1.5
6597.1175527641835	4000.0	12.533117675253088	0.0	1761739	4324.83457570966	4.0
6602.6563840479375	4000.0	10.994286391499521	0.0	2131310	5538.831283753566	4.0
6605.576347979408	1500.0	12.074322460029729	0.0	748011	2919.9639314697924	1.5
6613.814266397183	4000.0	7.836404042254198	0.0	2157416	8237.91841777553	4.0
6615.104536201068	600.0	10.54613423836921	0.0	324375	1290.2698038849892	0.6
6617.929015831691	1500.0	11.721654607746352	0.0	735572	2824.4796306228577	1.5
6624.814046495437	4000.0	8.836623944001278	0.0	2192675	6885.030663745074	4.0
6625.704020731727	600.0	11.94664970771125	0.0	330105	889.9742362900258	0.6
6631.094809591989	4000.0	10.555860847448706	0.0	2164412	5390.788860262544	4.0
6633.182871061617	1500.0	12.467799377820498	0.0	835711	2088.061469628208	1.5
6637.799964914726	4000.0	11.850705524712168	0.0	1950922	4617.09385310833	4.0
6642.180613470664	4000.0	11.470056968773855	0.0	1849252	4380.648555938313	4.0
6650.450853165124	4000.0	7.199817274314917	0.0	1822097	8270.239694458938	4.0
6652.166682716606	600.0	9.483987722832628	0.0	346939	1715.8295514822894	0.6
6654.135470970775	1500.0	11.515199468664191	0.0	644861	1968.7882541684376	1.5
6659.431605647088	4000.0	10.219064792350764	0.0	2068230	5296.134676313426	4.0
6661.81745580708	1500.0	11.833214632359592	0.0	914284	2385.850159991173	1.5
6667.6478628745135	4000.0	10.002807564925273	0.0	2165436	5830.407067434318	4.0
6669.632024621162	1500.0	12.018645818276774	0.0	707527	1984.1617466485004	1.5
6675.687058731206	4000.0	9.963611708232795	0.0	2290706	6055.034110043978	4.0
6677.547350243602	1500.0	12.103320195836488	0.0	712239	1860.291512396307	1.5
6683.978405830696	4000.0	9.67226460874259	0.0	2544033	6431.055587093897	4.0
6685.921602586136	1500.0	11.729067853302864	0.0	755142	1943.1967554397274	1.5
6690.51331291969	4000.0	11.137357519748496	0.0	1828568	4591.710333554367	4.0
6694.945586073607	4000.0	10.705084365831539	0.0	1785821	4432.273153916959	4.0
6696.640651955717	1500.0	13.01001848372272	0.0	681043	1695.0658821088207	1.5
6706.534877597991	8000.0	7.115792841447437	0.0	3739359	9894.225642275282	8.0
6707.732378330551	600.0	9.918292108887986	0.0	309862	1197.5007325594502	0.6
6710.430099507154	1500.0	11.220570932284808	0.0	725845	2697.7211766031787	1.5
6718.013275501692	4000.0	7.637394937747272	0.0	1985434	7583.175994537536	4.0
6719.288047349344	600.0	10.362623090095356	0.0	302912	1274.7718476519167	0.6
6722.393548150527	1500.0	11.257122288912068	0.0	767059	3105.5008011832865	1.5
6729.038844347201	4000.0	8.61182609223836	0.0	1910697	6645.29619667371	4.0
6730.070377385404	600.0	11.580293054035376	0.0	290170	1031.5330382029842	0.6
6736.388060055097	4000.0	9.262610384341496	0.0	2042818	6317.68266969388	4.0
6738.514136534582	1500.0	11.136533904857343	0.0	769491	2126.0764794841543	1.5
6744.00423342189	4000.0	9.646437017549081	0.0	2034636	5490.096887308261	4.0

