27586.877312431894	600.0	4.0	1.6981255627404437	247108	1698.1255627404437	-33.36251125480887
27587.60308144229	200.0	7.274230989604649	0.0	98617	725.7690103953508	0.2
27589.571905212448	600.0	9.305407219448309	0.0	288447	1968.8237701563398	0.6
27594.35650372272	1500.0	8.520808709175737	0.0	718451	4784.598510272572	1.5
27596.048702985026	600.0	10.82860944686937	0.0	318350	1692.1992623063677	0.6
27598.380286828353	1500.0	12.497025603540116	0.0	689829	2331.583843329254	1.5
27605.13984619188	4000.0	9.737466240015024	0.0	2046450	6759.559363525092	4.0
27607.843632350305	1500.0	11.033680081591964	0.0	780303	2703.786158423062	1.5
27614.224591678518	4000.0	8.652720753376178	0.0	1857129	6380.959328215786	4.0
27615.356161295553	600.0	11.521151136344074	0.0	309937	1131.569617032105	0.6
27620.493958228526	4000.0	10.383354203369294	0.0	2094766	5137.796932974779	4.0
27622.301366968066	1500.0	12.57594546382962	0.0	744416	1807.4087395396732	1.5
27627.40901381889	4000.0	11.468298613004455	0.0	2131310	5107.6468508251655	4.0
27631.987543125288	4000.0	10.88976930660736	0.0	1805063	4578.529306397097	4.0
27633.94793003515	1500.0	12.929382396746142	0.0	754517	1960.3869098612172	1.5
27639.30355533266	4000.0	11.573757099231575	0.0	2231719	5355.625297514567	4.0
27643.540559620742	4000.0	11.33675281115187	0.0	1835863	4237.004288079705	4.0
27648.668720737456	4000.0	10.208591694437397	0.0	2192675	5128.161116714474	4.0
27650.512695247726	1500.0	12.364617184170699	0.0	747396	1843.9745102666982	1.5
27655.70105493618	4000.0	11.176257495711884	0.0	2164412	5188.359688458815	4.0
27661.5682980415	4000.0	9.309014390394218	0.0	2379358	5867.243105317666	4.0
27663.62348312463	1500.0	11.253829307267551	0.0	806394	2055.1850831266647	1.5
27668.160669075765	4000.0	10.716643356129822	0.0	1849252	4537.185951137731	4.0
27669.811082527336	1500.0	13.066229904557783	0.0	681795	1650.4134515720373	1.5
27688.57338698752	8000.0	4.0	5.6960745556244925	4925863	18762.304460182277	-105.92149111248985
27688.9835320866	200.0	7.589854900920389	0.0	101109	410.14509907961065	0.2
27690.12361494205	600.0	10.44977204546846	0.0	324657	1140.0828554519294	0.6
27693.18897115927	1500.0	11.384415828248404	0.0	914284	3065.3562172200564	1.5
27700.3156129401	4000.0	8.257774047420558	0.0	2165436	7126.641780827846	4.0
27701.37580922088	600.0	11.197577766637863	0.0	302752	1060.1962807826949	0.6
27708.559378174807	4000.0	8.014008812711355	0.0	2290706	7183.5689539265095	4.0
27709.344317584673	600.0	11.229069402845747	0.0	293409	784.9394098656055	0.6
27715.536567453284	4000.0	9.036819534236992	0.0	2544033	6192.249868608755	4.0
27717.430858616284	1500.0	11.142528371236768	0.0	755142	1894.2911630002252	1.5
27725.06675865798	4000.0	7.506628329542014	0.0	1828568	7635.900041694753	4.0
27726.343081768697	600.0	10.230305218828601	0.0	275745	1276.323110713414	0.6
27729.1540196878	1500.0	11.419367299720593	0.0	681043	2810.9379191080075	1.5
27736.184523342465	4000.0	8.388863645058398	0.0	1955307	7030.503654662193	4.0
27737.365985651675	600.0	11.207401335845093	0.0	309862	1181.4623092133033	0.6
27744.484599986437	4000.0	8.088787001084187	0.0	2094647	7118.614334760908	4.0
27745.615641995893	600.0	10.957744991628413	0.0	315398	1131.0420094557724	0.6
27747.887331746584	1500.0	12.686055240935891	0.0	657685	2271.689750692521	1.5
27753.2658392222	4000.0	11.307547765321345	0.0	1697030	5378.507475614547	4.0
27759.31330256953	4000.0	9.260084417989438	0.0	1910697	6047.463347331909	4.0
27761.52975179416	1500.0	11.043635193355907	0.0	629438	2216.449224633531	1.5
27768.543519587285	4000.0	8.029867400233439	0.0	2042818	7013.767793122468	4.0
27769.318686876428	600.0	11.254700111093369	0.0	256094	775.1672891400707	0.6
27774.133082245895	4000.0	10.44030474162521	0.0	2034636	4814.395369468159	4.0

