31300.694776294546	600.0	4.0	0.6625614428007309	247108	662.5614428007309	0.0149002755	-12.651228856014619
31301.0072676012	200.0	7.687508693345907	0.0	98617	312.49130665409325	0.004705182	0.2
31301.33828663815	200.0	11.356489656391819	0.0	106476	331.01903695408737	0.004705182	0.2
31301.6899433836	200.0	15.004832910944774	0.0	115230	351.6567454470443	0.004705182	0.2
31302.00017383094	200.0	18.694602463605822	0.0	97658	310.2304473389521	0.004705182	0.2
31302.310404278283	200.0	22.38437201626687	0.0	97658	310.2304473389521	0.004705182	0.2
31302.663385948585	200.0	26.031390345965697	0.0	115792	352.98167030117287	0.004705182	0.2
31302.997229291544	200.0	29.697547003005834	0.0	107674	333.84334295986326	0.004705182	0.2
31303.301912500123	200.0	33.39286379442447	0.0	95305	304.68320858136383	0.004705182	0.2
31303.63045378615	200.0	37.064322508398654	0.0	105425	328.5412860258148	0.014934969	0.2
31303.935278445784	200.0	40.75949784876525	0.0	95365	304.82465963340604	0.004705182	0.2
31304.240048882515	200.0	44.45472741203512	0.0	95342	304.7704367301232	0.004705182	0.2
31304.561503470835	200.0	48.133272823716624	0.0	102419	321.45458831850067	0.011681035	0.2
31304.83214884126	200.0	51.86262745329168	0.0	80867	270.6453704249426	0.004705182	0.2
31305.1072334172	200.0	55.587542877350145	0.0	82750	275.08457594153356	0.013478812	0.2
31321.40005431915	12000.0	43.29472197539714	0.0	5443841	16292.820901953013	0.009138001	12.0
31321.70583248772	200.0	46.988943806825354	0.0	89871	305.77816857178743	0.004705182	0.2
31332.255359012237	12000.0	40.4394172823063	0.0	4055239	10549.526524519053	0.004705182	12.0
31332.69213146527	200.0	44.002644829272505	0.0	90919	436.77245303379607	0.004705182	0.2
31333.10911483703	200.0	47.58566145751599	0.0	85876	416.9833717565115	0.012189706	0.2
31333.63903292208	200.0	51.05574337246179	0.0	114656	529.9180850542012	0.23864478	0.2
31334.102579299673	200.0	54.592196994868225	0.0	97742	463.5463775935645	0.061124023	0.2
31352.295153486946	12000.0	40.399622807598426	0.0	5141915	18192.574187269798	0.0048545254	12.0
31352.693830497214	200.0	44.00094579733225	0.0	85752	398.6770102661773	0.004705182	0.2
31353.125225489548	200.0	47.56955080499704	0.0	94556	431.394992335207	0.004705182	0.2
31364.740213931076	8000.0	39.954562363469755	0.0	3253093	11614.988441527292	0.004705182	8.0
31381.923066558717	12000.0	26.771709735830605	0.0	5138482	17182.85262763915	0.20351079	12.0
31394.329551606013	8000.0	18.36522468853034	0.0	3354913	12406.485047300264	0.004705182	8.0
31394.75716688928	200.0	21.937609405262883	0.0	93993	427.6152832674572	0.014289718	0.2
31395.196209951482	200.0	25.498566343061928	0.0	97083	439.043062200957	0.009709423	0.2
31395.62378455334	200.0	29.07099174120815	0.0	93982	427.57460185377806	0.012078116	0.2
31407.81159581414	8000.0	20.883180480405645	0.0	3568902	12187.811260802506	0.079797715	8.0
31409.829997940047	1500.0	22.864778354495158	0.0	633700	2018.40212591049	0.10775911	1.5
31410.183527677942	200.0	26.511248616601566	0.0	89422	353.52973789358975	0.012346321	0.2
31410.5945732359	200.0	30.100203058645654	0.0	108225	411.04555795591415	0.00850158	0.2
31410.943113966583	200.0	33.75166232795951	0.0	87791	348.5407306861415	0.12627193	0.2
31411.33538727608	200.0	37.35938901845982	0.0	102088	392.27330949968456	0.16533339	0.2
31411.661329119434	200.0	41.03344717511189	0.0	80403	325.9418433479267	0.068887085	0.2
31426.66770152452	12000.0	30.02707477002492	0.0	5257310	15006.372405086973	0.12647912	12.0
31427.072712082707	200.0	33.62206421183535	0.0	101968	405.01055818956934	0.040417947	0.2
31437.835607913636	8000.0	26.859168380906347	0.0	3189942	10762.895830929003	0.7003156	8.0
31444.340401687114	4000.0	24.354374607425843	0.0	1830641	6504.793773480505	0.033048574	4.0
31449.641731225795	4000.0	23.05304506874538	0.0	1697030	5301.329538680461	0.0061508697	4.0
31455.969656126337	4000.0	20.72512016820414	0.0	1910697	6327.924900541241	0.016942505	4.0
31468.16349264136	8000.0	12.531283653184984	0.0	3682991	12193.836515019155	0.09233393	8.0
31474.108143613466	4000.0	10.586632681079758	0.0	2042818	5944.650972105226	0.50028896	4.0
31480.064595124866	4000.0	8.630181169678696	0.0	1750852	5956.451511401061	0.004705182	4.0
31487.12657660305	4000.0	5.568199691496486	0.0	2034636	7061.9814781822115	0.603045	4.0

