20075.352641182886	600.0	4.0	0.943806340259116	247108	943.806340259116	-18.27612680518232
20076.5153249783	600.0	6.837316204583688	0.0	309722	1162.6837954163118	0.6
20078.84599723803	1500.0	8.506643944855915	0.0	643847	2330.672259727775	1.5
20081.437459954595	1500.0	9.915181228288654	0.0	718451	2591.4627165672587	1.5
20084.049354822528	1500.0	11.303286360359179	0.0	724296	2611.8948679294754	1.5
20086.459896408902	1500.0	12.892744773986546	0.0	689829	2410.5415863726344	1.5
20088.99308235442	1500.0	14.359558828467398	0.0	737903	2533.185945519148	1.5
20091.66722867561	1500.0	15.68541250727555	0.0	780303	2674.1463211918467	1.5
20094.71093054774	1500.0	16.641710635145557	0.0	891463	3043.7018721299896	1.5
20097.303058306083	1500.0	18.049582876801402	0.0	763093	2592.1277583441542	1.5
20099.910740914867	1500.0	19.44190026801647	0.0	769316	2607.6826087849354	1.5
20102.436611502377	1500.0	20.916029680505947	0.0	744416	2525.8705875105243	1.5
20109.681120953435	4000.0	17.671520229444557	0.0	2131310	7244.509451061394	4.0
20115.921923922782	4000.0	15.430717260101707	0.0	1805063	6240.802969342849	4.0
20123.26610372454	4000.0	12.086537458338201	0.0	2157416	7344.179801763505	4.0
20130.63690394422	4000.0	8.715737238660436	0.0	2231719	7370.800219677765	4.0
20136.65039588249	4000.0	6.702245300389201	0.0	1835863	6013.491938271235	4.0
20139.274877697117	1500.0	8.077763485762686	0.0	772616	2624.4818146265156	1.5
20141.816301652	1500.0	9.53633953088135	0.0	747396	2541.423954881337	1.5
20144.07763751022	1500.0	11.275003672659338	0.0	662349	2261.335858222012	1.5
20146.905123620556	1500.0	12.447517562326725	0.0	835711	2827.4861103326116	1.5
20149.625359357644	1500.0	13.72728182523906	0.0	806394	2720.235737087665	1.5
20152.355198106925	1500.0	14.997443075955276	0.0	809327	2729.838749283785	1.5
20154.66748099143	1500.0	16.68516019145008	0.0	681795	2312.2828845051977	1.5
20157.61309384539	1500.0	17.739547337489032	0.0	855209	2945.6128539610463	1.5
20159.925992044835	1500.0	19.42664913804305	0.0	644861	2312.8981994459837	1.5
20162.755348000515	1500.0	20.59729318236438	0.0	794014	2829.3559556786704	1.5
20166.001151324614	1500.0	21.351489858264657	0.0	914284	3245.803324099723	1.5
20168.429957098448	1500.0	22.922684084433524	0.0	675709	2428.8057738311313	1.5
20170.97300881621	1500.0	24.379632366672812	0.0	707527	2543.0517177607103	1.5
20173.689933165115	1500.0	25.66270801776831	0.0	757473	2716.9243489045057	1.5
20180.5991153237	4000.0	22.75352585918221	0.0	1947068	6909.182158586098	4.0
20189.519752660563	4000.0	17.83288852232014	0.0	2544033	8920.637336862073	4.0
20196.695651487724	4000.0	14.656989695157069	0.0	2125133	7175.898827163071	4.0
20202.847770178596	4000.0	12.50487100428418	0.0	1828568	6152.1186908728905	4.0
20208.855437751154	4000.0	10.497203431726454	0.0	1785821	6007.667572557724	4.0
20215.894320808227	4000.0	7.458320374655318	0.0	2096494	7038.883057071137	4.0
20222.417558408666	4000.0	4.935082774217894	0.0	1955307	6523.237600437425	4.0
20224.770538946697	1500.0	6.5821022361879296	0.0	691256	2352.980538029964	1.5
20227.237254662185	1500.0	8.115386520698502	0.0	725845	2466.7157154894267	1.5
20229.99663473104	1500.0	9.356006451845504	0.0	811013	2759.380068852998	1.5
20232.251114511175	1500.0	11.101526671712014	0.0	657685	2254.4797801334907	1.5
20234.86721353376	1500.0	12.485427649126102	0.0	767059	2616.0990225859114	1.5
20237.75104053353	1500.0	13.601600649353408	0.0	848035	2883.8269997726943	1.5
20239.86903761356	1500.0	15.483603569325643	0.0	629438	2117.9970800277647	1.5
20246.550218693657	4000.0	12.802422489227085	0.0	2042818	6681.181080098559	4.0
20252.44037609129	4000.0	10.91226509159428	0.0	1750852	5890.157397632806	4.0
20259.339735241032	4000.0	8.012905941852742	0.0	2034636	6899.359149741537	4.0

