17126.387405829224	600.0	4.0	0.6998717526613674	247108	699.8717526613674	-13.397435053227348
17128.30464772754	1500.0	6.082758101688538	0.0	732405	1917.2418983114624	1.5
17129.999741404536	1500.0	8.387664424689966	0.0	643847	1695.0936769985733	1.5
17131.881979618483	1500.0	10.50542621074581	0.0	718451	1882.2382139441545	1.5
17133.778880046495	1500.0	12.608525782732077	0.0	724296	1896.9004280137342	1.5
17135.589319818846	1500.0	14.798086010378942	0.0	689829	1810.4397723531351	1.5
17137.432134779876	1500.0	16.955271049350554	0.0	737903	1842.8149610283874	1.5
17139.333862706568	1500.0	19.0535431226583	0.0	780303	1901.7279266922505	1.5
17141.495109405238	1500.0	20.892296423987588	0.0	891463	2161.2466986707136	1.5
17143.35665814818	1500.0	23.030747681046233	0.0	763093	1861.5487429413567	1.5
17145.232735366455	1500.0	25.154670462771826	0.0	769316	1876.077218274408	1.5
17147.163006380157	1500.0	27.224399449073612	0.0	744416	1930.271013698212	1.5
17149.05226998582	1500.0	29.335135843409326	0.0	606092	1889.2636056642848	1.5
17151.365180301313	1500.0	31.022225527918366	0.0	748011	2312.910315490961	1.5
17153.69751187466	1500.0	32.68989395456812	0.0	754517	2332.3315733502495	1.5
17156.56784154499	1500.0	33.819564284238446	0.0	934743	2870.3296703296705	1.5
17158.502244927768	1500.0	35.88516090145929	0.0	735572	1934.4033827791595	1.5
17160.45024377933	1500.0	37.93716204989454	0.0	772616	1947.9988515647433	1.5
17162.33726676315	1500.0	40.05013906607841	0.0	747396	1887.0229838161295	1.5
17164.018666645283	1500.0	42.368739183944136	0.0	662349	1681.3998821342764	1.5
17166.119213965347	1500.0	44.26819186387825	0.0	835711	2100.5473200658844	1.5
17168.272521367482	1500.0	46.114884461739024	0.0	806394	2153.307402139231	1.5
17170.654238781586	1500.0	47.733167047636385	0.0	809327	2381.7174141026326	1.5
17172.673256538747	1500.0	49.71414929047753	0.0	681795	2019.0177571588547	1.5
17175.18546187478	1500.0	51.201943954442406	0.0	855209	2512.2053360351233	1.5
17177.09943972721	1500.0	53.28796610200991	0.0	644861	1913.9778524325	1.5
17179.04494158312	1500.0	55.342464246102494	0.0	794014	1945.501855907415	1.5
17181.083037637087	1500.0	57.304368192132365	0.0	914284	2038.0960539701236	1.5
17182.610184395133	1500.0	59.777221434087714	0.0	675709	1527.146758044654	1.5
17186.705474859344	1500.0	59.6819309698804	0.0	707527	1595.290464207314	1.5
17190.44720927878	1500.0	59.94019655044201	0.0	757473	1741.734419438389	1.5
17194.803283340156	1500.0	59.58412248906707	0.0	712239	1856.074061374936	1.5
17196.599483330803	1500.0	59.92389712553981	0.0	633700	1660.2253635272668	1.5
17200.559202670538	1500.0	59.96417778580709	0.0	755142	1959.7193397327194	1.5
17204.807798280166	1500.0	59.71558217618001	0.0	670327	1748.595609627083	1.5
17208.828866580367	1500.0	59.69451387597832	0.0	785519	2021.0683002016838	1.5
17212.930920441133	1500.0	59.592460015211756	0.0	681043	1602.0538607665662	1.5
17215.03025082871	1500.0	59.576500690147505	0.0	866245	2015.959325064253	1.5
17219.037768430662	1500.0	59.56898308819561	0.0	691256	2007.5176019519	1.5
17222.641734969526	1500.0	59.96501654933189	0.0	725845	2103.966538863716	1.5
17226.779492926427	1500.0	59.623565172545554	0.0	811013	2341.451376786337	1.5
17230.543404598353	1500.0	59.85965350062126	0.0	657685	2263.91167192429	1.5
17234.670504050453	1500.0	59.73255404852099	0.0	767059	2627.099452100282	1.5
17238.894340751856	1500.0	59.508717347115514	0.0	848035	2223.836701405476	1.5
17242.4649286389	1500.0	59.938129460075075	0.0	629438	1570.5878870404356	1.5
17245.824441341763	1500.0	59.54924425493625	0.0	763847	1888.8852051388315	1.5
17249.78676641916	1500.0	59.58691917753687	0.0	769491	2462.325077399381	1.5
17253.870283447024	1500.0	59.50340214967309	0.0	808636	2583.517027863777	1.5

