16194.700134645944	600.0	4.0	0.7804070931283105	247108	780.4070931283105	-15.00814186256621
16196.856075760932	1500.0	5.844058885011249	0.0	732405	2155.941114988751	1.5
16198.761006583445	1500.0	7.9391280624988925	0.0	643847	1904.9308225123564	1.5
16200.87739624491	1500.0	9.822738401034561	0.0	718451	2116.389661464331	1.5
16203.010353073196	1500.0	11.68978157274708	0.0	724296	2132.9568282874807	1.5
16204.999394658078	1500.0	13.700739987865152	0.0	689829	1989.0415848819289	1.5
16207.021244658077	1500.0	15.678889987865151	0.0	737903	2021.8500000000001	1.5
16212.518649921234	4000.0	14.181484724707257	0.0	2058614	5497.405263157895	4.0
16218.256698415236	4000.0	12.443436230706169	0.0	1857129	5738.048494001088	4.0
16225.927131061586	4000.0	8.773003584356378	0.0	2373154	7670.43264634979	4.0
16231.451617091476	4000.0	7.24851755446684	0.0	2094766	5524.486029889538	4.0
16236.179961966693	4000.0	6.52017267924881	0.0	1761739	4728.34487521803	4.0
16237.924106939494	1500.0	8.776027706448371	0.0	606092	1744.1449728004395	1.5
16240.057918481718	1500.0	10.642216164224699	0.0	748011	2133.8115422236715	1.5
16242.209593528481	1500.0	12.490541117462048	0.0	754517	2151.675046762652	1.5
16244.856114558805	1500.0	13.844020087139254	0.0	934743	2646.5210303227914	1.5
16246.819700432889	1500.0	15.880434213055144	0.0	735572	1963.5858740841095	1.5
16248.84884363241	1500.0	17.85129101353447	0.0	772616	2029.1431995206713	1.5
16254.18268236345	4000.0	16.51745228249477	0.0	2082556	5333.838731039703	4.0
16259.850162900444	4000.0	14.849971745499973	0.0	2164412	5667.480536994796	4.0
16266.129032147637	4000.0	12.57110249830792	0.0	2379358	6278.869247192056	4.0
16271.424529557828	4000.0	11.275605088115771	0.0	1950922	5295.497410192148	4.0
16276.454847660778	4000.0	10.245286985166091	0.0	1849252	5030.318102949682	4.0
16281.45278828156	4000.0	9.247346364383365	0.0	1822097	4997.940620782726	4.0
16286.460526376477	4000.0	8.239608269467267	0.0	1836837	5007.738094916097	4.0
16291.615608128839	4000.0	7.0845265171057985	0.0	1984579	5155.081752361468	4.0
16297.068698153895	4000.0	5.6314364920487705	0.0	2068230	5453.090025057028	4.0
16299.704036250214	1500.0	6.996098395729312	0.0	914284	2635.338096319458	1.5
16301.672579579994	1500.0	9.027555065947839	0.0	675709	1968.5433297814734	1.5
16303.730051237899	1500.0	10.970083408044367	0.0	707527	2057.471657903471	1.5
16305.927117285026	1500.0	12.77301736091526	0.0	757473	2197.0660471291076	1.5
16308.57301238962	1500.0	14.127122256322334	0.0	712239	2645.8951045929252	1.5
16311.09531035421	1500.0	15.604824291731223	0.0	633700	2522.297964591112	1.5
16314.085649267856	1500.0	16.614485378085554	0.0	755142	2990.3389136456703	1.5
16316.745072161868	1500.0	17.9550624840731	0.0	670327	2659.4228940124563	1.5
16319.436559268897	1500.0	19.26357537704378	0.0	785519	2691.487107029319	1.5
16321.78071203138	1500.0	20.91942261456118	0.0	681043	2344.152762482598	1.5
16324.740575725356	1500.0	21.95955892058483	0.0	866245	2959.8636939763546	1.5
16327.107315109062	1500.0	23.592819536877084	0.0	691256	2366.7393837077475	1.5
16333.148495450929	4000.0	21.551639195011944	0.0	2094647	6041.18034186514	4.0
16338.921338232318	4000.0	19.77879641362289	0.0	1985434	5772.842781389055	4.0
16344.342961312888	4000.0	18.357173333052437	0.0	1830641	5421.623080570449	4.0
16349.171338636595	4000.0	17.528796009344074	0.0	1697030	4828.377323708363	4.0
16354.263824617903	4000.0	16.436310028035663	0.0	1910697	5092.485981308411	4.0
16361.278931231152	4000.0	13.421203414787481	0.0	2171279	7015.106613248184	4.0
16368.662698589871	4000.0	10.0374360560682	0.0	2042818	7383.767358719281	4.0
16372.897113028335	4000.0	9.803021617605179	0.0	1750852	4234.414438463022	4.0
16377.812676972942	4000.0	8.887457672997208	0.0	2034636	4915.563944607972	4.0

