15794.66826324567	600.0	4.0	0.7731743749780847	247108	773.1743749780848	-14.863487499561694
15796.802767260537	1500.0	5.865495985132719	0.0	732405	2134.5040148672815	1.5
15798.68885302792	1500.0	7.979410217749571	0.0	643847	1886.085767383148	1.5
15800.784214015332	1500.0	9.88404923033767	0.0	718451	2095.360987411901	1.5
15802.895971089561	1500.0	11.772292156106456	0.0	724296	2111.7570742312146	1.5
15804.893431247252	1500.0	13.77483199841813	0.0	689829	1997.460157688327	1.5
15806.975338463746	1500.0	15.692924781923285	0.0	737903	2081.9072164948457	1.5
15809.17227552289	1500.0	17.49598772278058	0.0	780303	2196.9370591427023	1.5
15811.670786103465	1500.0	18.997477142205433	0.0	891463	2498.510580575149	1.5
15813.821032983551	1500.0	20.847230262118618	0.0	763093	2150.246880086815	1.5
15816.227782178034	1500.0	22.44048106763566	0.0	769316	2406.7491944829612	1.5
15818.7262877011	1500.0	23.94197554456873	0.0	744416	2498.505523066927	1.5
15820.775397512667	1500.0	25.89286573300278	0.0	606092	2049.109811565952	1.5
15823.285582697852	1500.0	27.382680547817593	0.0	748011	2510.185185185185	1.5
15825.846171716305	1500.0	28.822091529365462	0.0	754517	2560.589018452132	1.5
15829.086155658497	1500.0	29.58210758717357	0.0	934743	3239.9839421918905	1.5
15831.6528238746	1500.0	31.015439371069277	0.0	735572	2566.6682161042913	1.5
15834.344722710408	1500.0	32.32354053526036	0.0	772616	2691.898835808912	1.5
15836.665287808086	1500.0	34.00297543758232	0.0	747396	2320.565097678039	1.5
15838.567462192103	1500.0	36.100801053566094	0.0	662349	1902.1743840162317	1.5
15840.946569123102	1500.0	37.721694122566596	0.0	835711	2379.1069309995014	1.5
15843.245022672854	1500.0	39.42324057281505	0.0	806394	2298.453549751543	1.5
15845.551545137134	1500.0	41.116718108536084	0.0	809327	2306.5224642789594	1.5
15847.908704153848	1500.0	42.75955909182274	0.0	681795	2357.1590167133454	1.5
15850.899682326846	1500.0	43.76858091882355	0.0	855209	2990.9781729991914	1.5
15853.174673604555	1500.0	45.49358964111432	0.0	644861	2274.9912777092286	1.5
15855.957354964381	1500.0	46.710908281287914	0.0	794014	2782.6813598264052	1.5
15858.553195226074	1500.0	48.11506801959546	0.0	914284	2595.840261692453	1.5
15860.478260418236	1500.0	50.190002827432174	0.0	675709	1925.0651921632877	1.5
15862.49020662617	1500.0	52.17805661949989	0.0	707527	2011.9462079322823	1.5
15864.63853347442	1500.0	54.02972977125086	0.0	757473	2148.3268482490275	1.5
15866.669677999713	1500.0	55.99858524595773	0.0	712239	2031.1445252931292	1.5
15868.53264527423	1500.0	58.13561797143999	0.0	633700	1862.9672745177343	1.5
15870.737299643197	1500.0	59.93096360247381	0.0	755142	2204.6543689661844	1.5
15874.703320006502	1500.0	59.96494323916996	0.0	670327	1966.0203633038495	1.5
15879.07667291849	1500.0	59.59159032717975	0.0	785519	2373.3529119902073	1.5
15882.80323450011	1500.0	59.86502874556073	0.0	681043	2726.5615816190225	1.5
15886.749498799529	1500.0	59.918764446141196	0.0	866245	3446.264299419523	1.5
15890.903217607167	1500.0	59.76504563850273	0.0	691256	2153.718807638467	1.5
15895.112966369315	1500.0	59.55529687635345	0.0	725845	2209.748762149276	1.5
15898.668767615369	1500.0	59.99949563030157	0.0	811013	2555.8012460518876	1.5
15903.145305910479	1500.0	59.52295733519123	0.0	657685	2476.538295110342	1.5
15907.020392111486	1500.0	59.6478711341846	0.0	767059	2875.0862010066276	1.5
15911.058981351274	1500.0	59.609281894394904	0.0	848035	3038.589239789695	1.5
15914.823866151899	1500.0	59.84439709377009	0.0	629438	2264.8848006248104	1.5
15919.035525370018	1500.0	59.612956125314334	0.0	763847	2731.440968455764	1.5
15923.069075026493	1500.0	59.579406468839714	0.0	769491	2033.5496564746204	1.5
15926.702004274544	1500.0	59.946477220787415	0.0	808636	2132.9292480522986	1.5

