23686.49865085413	600.0	4.0	0.6998717526613674	247108	699.8717526613674	0.0058786417	-13.397435053227348
23686.826032131274	200.0	7.672618722857187	0.0	98617	327.38127714281234	0.004705182	0.2
23687.173127752365	200.0	11.325523101766928	0.0	106476	347.0956210902592	0.004705182	0.2
23687.542182829733	200.0	14.956468024395216	0.0	115230	369.0550773717135	0.004705182	0.2
23687.867158450197	200.0	18.631492403932082	0.0	97658	324.9756204631328	0.004705182	0.2
23688.19213407066	200.0	22.30651678346895	0.0	97658	324.9756204631328	0.004705182	0.2
23688.562598928067	200.0	25.9360519260618	0.0	115792	370.4648574071461	0.004705182	0.2
23688.91269973863	200.0	29.585951115500993	0.0	107674	350.10081056080776	0.004705182	0.2
23691.228939489032	1500.0	31.269711365097283	0.0	891463	2316.239750403712	0.383136	1.5
23703.555116048636	12000.0	22.943534805497226	0.0	5088378	12326.176559600055	0.004705182	12.0
23703.857759154875	200.0	26.640891699256436	0.0	95365	302.6431062407891	0.004705182	0.2
23705.675703794685	1500.0	28.822947059447877	0.0	744416	1817.9446398085595	0.004705182	1.5
23705.994815463517	200.0	32.5038353906168	0.0	102419	319.1116688310741	0.004705182	0.2
23708.072576746952	1500.0	34.426074107182906	0.0	748011	2077.761283433898	0.004705182	1.5
23710.4049083203	1500.0	36.09374253383266	0.0	754517	2332.3315733502495	0.004705182	1.5
23713.27523799063	1500.0	37.223412863502986	0.0	934743	2870.3296703296705	0.004705182	1.5
23715.551016270074	1500.0	38.947634584057475	0.0	735572	2275.7782794455125	0.004705182	1.5
23725.741185677773	12000.0	32.757465176358416	0.0	4055239	10190.169407699052	0.004705182	12.0
23727.682758553645	1500.0	34.81589230048482	0.0	747396	1941.572875873597	0.004705182	1.5
23729.646472092816	1500.0	36.85217876131775	0.0	662349	1963.7135391670665	0.54447645	1.5
23739.545518941915	8000.0	30.953131912215888	0.0	3690869	9899.04684910186	0.004705182	8.0
23741.352550049694	1500.0	33.146100804436266	0.0	806394	1807.031107779622	0.004705182	1.5
23749.903038565648	8000.0	28.595612288484183	0.0	3805854	8550.488515952087	0.011570337	8.0
23751.683195977243	1500.0	30.81545487689183	0.0	681795	1780.1574115923509	0.021449858	1.5
23753.89578703439	1500.0	32.60286381974051	0.0	855209	2212.5910571513177	0.025284423	1.5
23762.080393987046	8000.0	28.41825686708798	0.0	3253093	8184.606952652535	0.004705182	8.0
23764.136874532185	1500.0	30.361776321947417	0.0	794014	2056.4805451405637	0.005774898	1.5
23772.105232336467	8000.0	26.393418517663033	0.0	3354913	7968.357804284382	0.061355487	8.0
23781.342931070798	8000.0	21.15571978333406	0.0	3811227	9237.698734328971	0.1947977	8.0
23783.395819185123	1500.0	23.102831669008513	0.0	707527	2052.8881143255494	0.004705182	1.5
23785.58797812552	1500.0	24.91067272861116	0.0	757473	2192.1589403973517	0.08110464	1.5
23797.00534559657	8000.0	17.493305257559243	0.0	3568902	11417.367471051919	0.10111706	8.0
23798.97424414202	1500.0	19.524406712107215	0.0	633700	1968.898545452025	0.004705182	1.5
23800.842514818713	1500.0	21.656136035415486	0.0	755142	1868.2706766917292	0.011925899	1.5
23810.04261346679	8000.0	16.456037387336277	0.0	3707853	9200.09864807921	0.14687032	8.0
23812.55456083521	1500.0	17.944090018915222	0.0	785519	2511.947368421053	0.24560681	1.5
23814.743053095273	1500.0	19.755597758853305	0.0	681043	2188.4922600619198	0.84654266	1.5
23824.86649428626	8000.0	13.632156567864664	0.0	3739359	10123.441190988642	0.011581034	8.0
23826.652562034764	1500.0	15.846088819360931	0.0	691256	1786.067748503733	0.0048437566	1.5
23831.843108702382	4000.0	14.65554215174261	0.0	2094647	5190.546667618322	0.18793786	4.0
23839.56171472738	8000.0	10.936936126743976	0.0	3189942	7718.606024998633	0.62349784	8.0
23841.020798392718	1500.0	13.477852461405332	0.0	657685	1459.0836653386455	0.4543448	1.5
23848.933226574725	8000.0	9.565424279396524	0.0	3735285	7912.428182008807	0.560168	8.0
23853.37970288633	4000.0	9.118947967789339	0.0	1910697	4446.476311607184	0.35209548	4.0
23854.90793527057	1500.0	11.590715583550052	0.0	629438	1528.2323842392868	0.4827401	1.5
23859.71366244716	4000.0	10.784988406958039	0.0	2042818	4805.727176592014	0.33966866	4.0
23864.31359403579	4000.0	10.185056818329816	0.0	1750852	4599.931588628223	0.04554122	4.0
23869.64576923783	4000.0	8.852881616288654	0.0	2034636	5332.175202041163	0.00774587	4.0

