30121.555296685063	600.0	4.0	0.6251688429877419	247108	625.1688429877419	0.048769407	-11.903376859754838
30121.852865180575	200.0	7.702431504488231	0.0	98617	297.5684955117687	0.004705182	0.2
30122.167772175595	200.0	11.387524509465962	0.0	106476	314.9069950222688	0.004705182	0.2
30122.501992216134	200.0	15.053304468927099	0.0	115230	334.22004053886354	0.004705182	0.2
30122.797444969052	200.0	18.757851716007334	0.0	97658	295.4527529197634	0.004705182	0.2
30123.09289772197	200.0	22.462398963087573	0.0	97658	295.4527529197634	0.004705182	0.2
30123.42835764503	200.0	26.126939040028685	0.0	115792	335.4599230588917	0.004705182	0.2
30123.745907663644	200.0	29.8093890214139	0.0	107674	317.5500186147843	0.004705182	0.2
30136.64393961968	12000.0	20.911357065376986	0.0	6619479	12898.031956036913	0.0051430194	12.0
30136.895261401558	200.0	24.66003528350045	0.0	105425	251.3217818765362	0.0048239315	0.2
30138.225444830023	1500.0	27.32985185503349	0.0	769316	1330.1834284669605	0.0052329744	1.5
30138.46038114805	200.0	31.09491553700956	0.0	95342	234.936318023929	0.004705182	0.2
30139.525316044143	1500.0	34.02998064091173	0.0	606092	1064.9348960978286	0.004705182	1.5
30140.82087760339	1500.0	36.73441908166819	0.0	748011	1295.5615592435356	0.012064599	1.5
30142.127011792585	1500.0	39.42828489247077	0.0	754517	1306.1341891974243	0.006565826	1.5
30144.02179127186	1500.0	41.53350541319555	0.0	934743	1894.7794792752215	0.004705182	1.5
30155.24732392589	12000.0	34.3079727591663	0.0	5964284	11225.532654029254	0.004705182	12.0
30162.187384402514	12000.0	31.367912282542836	0.0	4055239	6940.060476623459	0.0054473816	12.0
30171.278249038984	12000.0	26.27704764607412	0.0	5385367	9090.864636468714	0.48851845	12.0
30171.501905438625	200.0	30.053391246433776	0.0	85876	223.65639964034042	0.004705182	0.2
30173.21022285717	1500.0	32.34507382788711	0.0	835711	1708.3174185466619	0.0058868905	1.5
30183.55149470655	8000.0	26.00380197850675	0.0	3905272	10341.27184938036	0.004705182	8.0
30185.206214037225	1500.0	28.34908264783256	0.0	809327	1654.71933067419	0.004705182	1.5
30186.612792498163	1500.0	30.94250418689278	0.0	681795	1406.5784609397801	0.0049667046	1.5
30196.277115875924	8000.0	25.278180809132298	0.0	4925863	9664.323377760484	0.004705182	8.0
30197.61183131517	1500.0	27.943465369887235	0.0	644861	1334.7154392450627	0.020375514	1.5
30207.486924148885	8000.0	22.068372536174742	0.0	4274504	9875.092833712491	0.004705182	8.0
30210.24678272327	1500.0	23.3085139617889	0.0	914284	2759.8585743858425	0.051330913	1.5
30212.30735392154	1500.0	25.24794276351825	0.0	675709	2060.5711982706507	0.004705182	1.5
30214.181459419637	1500.0	27.373837265419237	0.0	707527	1874.1054980990173	0.6493705	1.5
30223.142971767444	8000.0	22.412324917612334	0.0	4025712	8961.512347806902	0.004705182	8.0
30225.34969727368	1500.0	24.20559941137732	0.0	712239	2206.725506235015	0.011578812	1.5
30236.131670109407	8000.0	17.423626575650022	0.0	3713878	10781.9728357273	0.080445394	8.0
30237.92941471403	1500.0	19.625881971026633	0.0	755142	1797.74460462339	0.004705301	1.5
30239.53422804395	1500.0	22.021068641105394	0.0	670327	1604.8133299212377	0.47625345	1.5
30247.918965594778	8000.0	17.63633109028171	0.0	4086583	8384.737550823686	0.009322008	8.0
30249.247082884736	1500.0	20.308213800321226	0.0	681043	1328.1172899604835	0.6923936	1.5
30256.18437715921	8000.0	17.37091952584403	0.0	3739359	6937.294274477197	0.004705182	8.0
30265.086695302176	8000.0	12.46860138287843	0.0	4857577	8902.3181429656	0.20424621	8.0
30268.682567861793	4000.0	12.872728823265327	0.0	2094647	3595.8725596131053	0.64079535	4.0
30272.095126006203	4000.0	13.460170678851071	0.0	1985434	3412.558144414255	0.03977188	4.0
30275.31420286338	4000.0	14.241093821674866	0.0	1830641	3219.076857176205	0.48829252	4.0
30278.43997842761	4000.0	15.115318257444596	0.0	1697030	3125.7755642302686	0.5847354	4.0
30286.16686025509	8000.0	11.388436429965411	0.0	4340973	7726.881827479186	0.0049375226	8.0
30289.841916239526	4000.0	11.713380445529292	0.0	2171279	3675.05598443612	0.01703496	4.0
30297.422827070055	8000.0	8.132469615001053	0.0	3954105	7580.910830528239	0.45348933	8.0
30301.88962172703	4000.0	7.665674958022397	0.0	1750852	4466.794656978656	0.012310217	4.0
30306.966792362542	4000.0	6.58850432251156	0.0	2034636	5077.170635510837	0.027671142	4.0

