32526.24146259258	600.0	4.0	0.7119190627647162	247108	711.9190627647162	-13.638381255294323
32526.573651765786	200.0	7.667810826793676	0.0	98617	332.18917320632283	0.2
32527.391285342594	600.0	10.850177249988013	0.0	288447	817.6335768056643	0.6
32529.3085503545	1500.0	12.932912238080778	0.0	718451	1917.2650119072355	1.5
32534.680257484455	4000.0	11.561205108124094	0.0	2069289	5371.707129956686	4.0
32539.201304635528	4000.0	11.040157957051967	0.0	1863995	4521.047151072126	4.0
32544.030068250268	4000.0	10.211394342311065	0.0	2046450	4828.763614740904	4.0
32545.920752359274	1500.0	12.32071023330612	0.0	780303	1890.6841090049456	1.5
32550.395890714604	4000.0	11.845571877976639	0.0	1857129	4475.138355329481	4.0
32556.09897871034	4000.0	10.142483882241661	0.0	2373154	5703.087995734977	4.0
32558.051744097982	1500.0	12.189718494600259	0.0	769316	1952.7653876414047	1.5
32562.43693760991	4000.0	11.80452498267186	0.0	1761739	4385.193511928399	4.0
32567.708078030737	4000.0	10.533384561846903	0.0	2131310	5271.140420824956	4.0
32569.588832747715	1500.0	12.652629844865771	0.0	748011	1880.754716981132	1.5
32574.862575939318	4000.0	11.378886653267564	0.0	2157416	5273.743191598207	4.0
32582.484124985775	4000.0	7.757337606811089	0.0	2231719	7621.549046456475	4.0
32583.891724781188	600.0	10.349737811394737	0.0	340687	1407.599795416352	0.6
32586.98640341173	1500.0	11.255059180852456	0.0	772616	3094.6786305422834	1.5
32597.345064636123	4000.0	4.896397956459668	0.0	2082556	10358.661224392787	4.0
32597.641971149555	200.0	8.599491443025512	0.0	85876	296.9065134341553	0.2
32598.430829798883	600.0	11.810632793702746	0.0	280646	788.8586493227671	0.6
32603.438489319607	4000.0	10.802973272975311	0.0	1950922	5007.659520727434	4.0
32605.562696057208	1500.0	12.678766535375464	0.0	809327	2124.2067375998486	1.5
32609.902160704332	4000.0	12.339301888249487	0.0	1822097	4339.4646471259775	4.0
32614.05271361292	4000.0	12.18874897966223	0.0	1836837	4150.552908587257	4.0
32618.541463265257	4000.0	11.699999327323884	0.0	1984579	4488.749652338346	4.0
32623.258490337732	4000.0	10.982972254850367	0.0	2068230	4717.027072473516	4.0
32625.388339561432	1500.0	12.853123031152142	0.0	914284	2129.8492236982233	1.5
32631.781599569196	4000.0	10.459863023385699	0.0	2165436	6393.260007766445	4.0
32634.383022381415	1500.0	11.858440211171073	0.0	707527	2601.4228122146246	1.5
32641.123049898484	4000.0	9.11841269410334	0.0	2290706	6740.027517067733	4.0
32642.91475141254	1500.0	11.326711180044217	0.0	712239	1791.7015140591204	1.5
32650.087354841315	4000.0	8.154107751269205	0.0	2544033	7172.603428775013	4.0
32651.85714014373	600.0	10.384322448852323	0.0	344336	1769.7853024168814	0.6
32655.226684984857	1500.0	11.014777607728535	0.0	670327	3369.5448411237885	1.5
32663.194758982245	4000.0	7.046703610340557	0.0	1785821	7968.073997387977	4.0
32664.456805132104	600.0	9.784657460483155	0.0	284947	1262.0461498574025	0.6
32668.130250815277	1500.0	10.111211777309704	0.0	866245	3673.445683173451	1.5
32670.024533473297	1500.0	12.216929119286775	0.0	691256	1894.2826580229278	1.5
32675.02479362158	4000.0	11.21666897100813	0.0	2094647	5000.260148278646	4.0
32679.814194549537	4000.0	10.427268043047102	0.0	1985434	4789.400927961029	4.0
32681.51266328127	1500.0	12.728799311311274	0.0	657685	1698.468731735827	1.5
32685.768811424863	4000.0	12.472651167720267	0.0	1697030	4256.148143591006	4.0
32691.937219042375	4000.0	10.3042435502059	0.0	1910697	6168.407617514367	4.0
32694.99671905717	1500.0	11.244743535413438	0.0	629438	3059.5000147924616	1.5
32701.92764042769	4000.0	8.31382216489089	0.0	2042818	6930.921370522546	4.0
32702.602723499607	600.0	11.638739092972687	0.0	256094	675.0830719182062	0.6
32707.410586866637	4000.0	10.830875725945846	0.0	2034636	4807.863367026839	4.0

