14522.062930617221	600.0	4.0	0.9328317515099224	247108	932.8317515099224	0.054029517	-18.056635030198446
14522.483282644831	200.0	7.579647972389992	0.0	98617	420.35202761000863	0.004705182	0.2
14522.930758054667	200.0	11.132172562553926	0.0	106476	447.4754098360656	0.004705182	0.2
14523.408445716444	200.0	14.65448490077653	0.0	115230	477.68766177739434	0.004705182	0.2
14523.82548799427	200.0	18.237442622950816	0.0	97658	417.04227782571184	0.004705182	0.2
14524.242530272097	200.0	21.820400345125105	0.0	97658	417.04227782571184	0.004705182	0.2
14524.72215753698	200.0	25.340773080241583	0.0	115792	479.6272648835203	0.004705182	0.2
14525.173767545608	200.0	28.889163071613453	0.0	107674	451.61000862812773	0.004705182	0.2
14528.330430185815	1500.0	29.732500431406375	0.0	891463	3156.662640207075	0.004705182	1.5
14531.044055725073	1500.0	31.018874892148396	0.0	763093	2713.6255392579815	0.49923998	1.5
14534.049071592759	1500.0	32.0138590244632	0.0	769316	3005.0158676851956	0.08811366	1.5
14537.090227150524	1500.0	32.972703466697745	0.0	744416	3041.1555577654576	0.004705182	1.5
14539.581154232044	1500.0	34.48177638517722	0.0	606092	2490.927081520523	0.004705182	1.5
14542.616695734227	1500.0	35.44623488299454	0.0	748011	3035.54150218268	0.004705182	1.5
14545.543392583879	1500.0	36.51953803334353	0.0	754517	2926.69684965101	0.004705182	1.5
14549.150059250545	1500.0	36.91287136667687	0.0	934743	3606.666666666667	0.004705182	1.5
14552.005279020399	1500.0	38.05765159682212	0.0	735572	2855.2197698547448	0.004705182	1.5
14555.077783611556	1500.0	38.98514700566472	0.0	772616	3072.5045911574007	0.004705182	1.5
14558.06756680741	1500.0	39.99536380981101	0.0	747396	2989.7831958537117	0.004705182	1.5
14560.726242623163	1500.0	41.33668799405803	0.0	662349	2658.6758157529744	0.004705182	1.5
14564.059856268928	1500.0	42.00307434829313	0.0	835711	3333.613645764898	0.057439227	1.5
14567.27933214308	1500.0	42.78359847414173	0.0	806394	3219.475874151398	0.6697659	1.5
14581.078082750504	8000.0	32.9848478667165	0.0	3805854	13798.75060742524	0.019758215	8.0
14583.564739204217	1500.0	34.498191413004974	0.0	681795	2486.656453711521	0.004705182	1.5
14587.030616026032	1500.0	35.03231459119021	0.0	855209	3465.8768218147625	0.004705182	1.5
14589.663699439785	1500.0	36.39923117743721	0.0	644861	2633.0834137530005	0.1462817	1.5
14592.88729778685	1500.0	37.17563283037067	0.0	794014	3223.5983470665387	0.013354367	1.5
14596.310569767935	1500.0	37.75236084928658	0.0	914284	3423.2719810840895	0.69204766	1.5
14610.057867295644	8000.0	28.005063321578056	0.0	3811227	13747.297527708524	0.15686008	8.0
14612.650782565683	1500.0	29.412148051538768	0.0	707527	2592.915270039291	0.004705182	1.5
14615.83259423457	1500.0	30.230336382652983	0.0	757473	3181.811668885785	0.004705182	1.5
14619.017046670006	1500.0	31.045883947216563	0.0	712239	3184.4524354364175	0.149016	1.5
14621.859169368056	1500.0	32.203761249167094	0.0	633700	2842.1226980494716	0.00647998	1.5
14624.928180812698	1500.0	33.13474980452441	0.0	755142	3069.011444642676	0.36777738	1.5
14637.977511514982	8000.0	24.08541910223967	0.0	3707853	13049.330702284744	0.27283856	8.0
14640.983162484512	1500.0	25.079768132710583	0.0	785519	3005.650969529086	0.004705182	1.5
14643.59969452669	1500.0	26.46323609053083	0.0	681043	2616.5320421797533	0.16663587	1.5
14659.60454392573	8000.0	14.458386691491436	0.0	3739359	16004.849399039394	1.0906711	8.0
14662.23765934586	1500.0	15.825271271362165	0.0	691256	2633.115420129271	0.06998373	1.5
14664.960639553385	1500.0	17.10229106383706	0.0	725845	2722.980207525105	0.004705182	1.5
14667.866284219457	1500.0	18.19664639776559	0.0	811013	2905.644666071468	0.629236	1.5
14670.237719883504	1500.0	19.82521073371925	0.0	657685	2371.435664046339	0.6082232	1.5
14676.293801162692	4000.0	17.76912945453034	0.0	1697030	6056.081279188913	0.004705182	4.0
14679.441390238473	1500.0	18.621540378748097	0.0	848035	3147.5890757822394	0.67910135	1.5
14681.798250430189	1500.0	20.264680187031693	0.0	629438	2356.8601917164046	0.52109504	1.5
14696.17765083566	8000.0	9.885279781560696	0.0	3954105	14379.400405470997	0.5835783	8.0
14698.885357328167	1500.0	11.177573289052052	0.0	769491	2707.706492508644	0.010594257	1.5
14705.986744062617	4000.0	8.076186554601543	0.0	2034636	7101.38673445051	0.6938361	4.0

