35481.99202205848	600.0	4.0	0.6362441790120853	247108	636.2441790120853	-12.124883580241706
35482.294010550155	200.0	7.698011508321726	0.0	98617	301.9884916782735	0.2
35482.61368978031	200.0	11.37833227816936	0.0	106476	319.6792301523657	0.2
35483.323281080135	600.0	14.668740978348035	0.0	279692	709.5912998213256	0.6
35484.11989217483	600.0	17.872129883650583	0.0	318350	796.6110946974493	0.6
35484.41972194171	200.0	21.57230011677148	0.0	97658	299.8297668791064	0.2
35484.760371641336	200.0	25.231650417141488	0.0	115792	340.6496996299892	0.2
35485.45900274195	600.0	28.533019316535125	0.0	274823	698.6311006063676	0.6
35494.64264706586	8000.0	23.349374992623293	0.0	3448932	9183.644323911829	8.0
35510.59592221681	8000.0	11.396099841675104	0.0	3624869	15953.275150948188	8.0
35512.03379014815	600.0	13.958231910338437	0.0	329266	1437.867931336667	0.6
35517.24343004713	4000.0	12.748592011353441	0.0	1761739	5209.639898984998	4.0
35519.06717197797	1500.0	14.924850080509934	0.0	606092	1823.7419308435078	1.5
35519.37982837127	200.0	18.612193687220596	0.0	80867	312.6563932893388	0.2
35519.69790220292	200.0	22.29411985556253	0.0	82750	318.0738316580656	0.2
35520.04942720607	200.0	25.942594852415784	0.0	94377	351.52500314674626	0.2
35520.38798833387	200.0	29.60403372462192	0.0	89871	338.56112779386115	0.2
35530.88333440392	12000.0	23.10868765456487	0.0	4055239	10495.346070057052	12.0
35531.78576978231	600.0	26.206252276178073	0.0	330105	902.4353783867955	0.6
35533.507481964865	1500.0	28.484540093623785	0.0	662349	1721.7121825542877	1.5
35542.64371800952	8000.0	23.34830404896669	0.0	3690869	9136.236044657098	8.0
35542.96354625146	200.0	27.028475807033185	0.0	97742	319.82824193350507	0.2
35555.78618919134	12000.0	18.20583286715034	0.0	5141915	12822.642939882846	12.0
35556.08174802873	200.0	21.91027402975835	0.0	85752	295.5588373919875	0.2
35556.39943789519	200.0	25.59258416330116	0.0	94556	317.68986645718775	0.2
35556.733600346095	200.0	29.258421712397784	0.0	101109	334.1624509033778	0.2
35557.62970592348	600.0	32.36231613502151	0.0	324657	896.1055773762766	0.6
35566.468062596665	8000.0	27.523959461833744	0.0	3354913	8838.356673187764	8.0
35567.37296011478	600.0	30.619061943720048	0.0	291029	904.8975181136956	0.6
35586.49016411123	12000.0	15.501857947273034	0.0	5411094	19117.203996447013	12.0
35587.33981630254	600.0	18.652205755958246	0.0	240372	849.6521913147889	0.6
35587.799314401396	200.0	22.19270765709893	0.0	118522	459.4980988593156	0.2
35589.90837183586	1500.0	24.083650222638255	0.0	633700	2109.0574344606766	1.5
35592.40627697894	1500.0	25.585745079552403	0.0	755142	2497.9051430858513	1.5
35592.83280489569	200.0	29.159217162802353	0.0	108225	426.52791675005	0.2
35601.30987438145	4000.0	24.682147677047258	0.0	1785821	8477.069485755097	4.0
35601.915999486126	200.0	28.076022572363886	0.0	102088	606.125104683373	0.2
35602.41036784276	200.0	31.581654215731792	0.0	80403	494.36835663209433	0.2
35602.93728145482	200.0	35.054740603672265	0.0	86718	526.9136120595247	0.2
35603.542788122344	200.0	38.449233936146655	0.0	101968	605.5066675256071	0.2
35612.57263059059	8000.0	33.419391467889184	0.0	3189942	9029.842468257479	8.0
35614.39645930596	1500.0	35.59556275252394	0.0	657685	1823.8287153652393	1.5
35616.4364191633	1500.0	37.55560289517579	0.0	767059	2039.9598573481517	1.5
35617.22414787043	600.0	40.76787418805094	0.0	278938	787.7287071248473	0.6
35628.28057140174	8000.0	33.71145065674489	0.0	3682991	11056.42353130606	8.0
35645.0969826687	8000.0	20.895039389787836	0.0	3954105	16816.41126695705	8.0
35647.096391498824	1500.0	22.89563055965563	0.0	769491	1999.4088301322029	1.5
35663.23543144376	8000.0	10.75659061472163	0.0	4346302	16139.039944934	8.0

