20999.986325299953	600.0	4.0	0.7064026109826039	247108	706.402610982604	-13.528052219652078
21000.31631294215	200.0	7.670012357806014	0.0	98617	329.9876421939859	0.2
21001.127507213194	600.0	10.858818086758136	0.0	288447	811.1942710478786	0.6
21003.028733487794	1500.0	12.957591812161349	0.0	718451	1901.226274596787	1.5
21008.35424570301	4000.0	11.632079596945402	0.0	2069289	5325.512215215946	4.0
21013.506737902186	4000.0	10.479587397767082	0.0	1863995	5152.49219917832	4.0
21015.648423370003	1500.0	12.337901929950227	0.0	737903	2141.6854678168547	1.5
21021.49267114875	4000.0	10.493654151204394	0.0	2058614	5844.247778745833	4.0
21024.083392500623	1500.0	11.902932799329724	0.0	891463	2590.72135187467	1.5
21030.834289500443	4000.0	9.152035799511305	0.0	2373154	6750.896999818419	4.0
21033.044657973416	1500.0	10.941667326536693	0.0	769316	2210.3684729746105	1.5
21035.186074058845	1500.0	12.800251241107732	0.0	744416	2141.416085428962	1.5
21041.311510539796	4000.0	10.674814760155995	0.0	2131310	6125.4364809517365	4.0
21043.813286779707	1500.0	12.173038520248266	0.0	748011	2501.776239907728	1.5
21050.83491709754	4000.0	9.15140820241148	0.0	2157416	7021.630317836787	4.0
21053.612490778145	1500.0	10.373834521808327	0.0	934743	2777.573680603153	1.5
21055.815277113416	1500.0	12.171048186539036	0.0	735572	2202.7863352692907	1.5
21062.467458860076	4000.0	9.518866439877543	0.0	2192675	6652.181746661491	4.0
21065.054973223676	1500.0	10.931352076279305	0.0	747396	2587.5143635982386	1.5
21067.357154813108	1500.0	12.629170486847558	0.0	662349	2302.181589431747	1.5
21074.60992320379	4000.0	9.37640209616441	0.0	2379358	7252.768390683146	4.0
21076.90403677268	1500.0	11.082288527273159	0.0	806394	2294.113568891253	1.5
21082.322206750498	4000.0	9.664118549454924	0.0	1849252	5418.169977818235	4.0
21084.79247801567	1500.0	11.193847284281166	0.0	681795	2470.271265173759	1.5
21091.3088103559	4000.0	8.677514944054082	0.0	1836837	6516.332340227084	4.0
21092.084511848436	600.0	11.901813451516768	0.0	221407	775.7014925373135	0.6
21098.663270685825	4000.0	9.32305461412478	0.0	2068230	6578.758837391987	4.0
21101.62907015543	1500.0	10.357255144517962	0.0	914284	2965.7994696068185	1.5
21104.118122252225	1500.0	11.868203047722202	0.0	675709	2489.0520967957573	1.5
21111.337834360605	4000.0	8.648490939339478	0.0	2002600	7219.712108382727	4.0
21112.10601620962	600.0	11.880309090328367	0.0	240372	768.1818490111089	0.6
21116.85202705346	4000.0	11.134298246485693	0.0	1947068	4746.010843842674	4.0
21123.32793516685	4000.0	8.658390133094706	0.0	2544033	6475.908113390988	4.0
21124.455882972758	600.0	11.53044232718673	0.0	344336	1127.9478059079756	0.6
21130.100923582955	4000.0	9.885401716987579	0.0	1828568	5645.040610199152	4.0
21132.539464946807	1500.0	11.44686035313872	0.0	785519	2438.54136384886	1.5
21138.502399407247	4000.0	9.483925892695709	0.0	2096494	5962.934460443011	4.0
21141.013154067976	1500.0	10.973171231968584	0.0	866245	2510.754660727126	1.5
21143.117795147886	1500.0	12.8685301520575	0.0	691256	2104.6410799110813	1.5
21149.864134010913	4000.0	10.122191289026908	0.0	2094647	6746.3388630305935	4.0
21152.525231198328	1500.0	11.46109410161393	0.0	811013	2661.097187412977	1.5
21158.309227360187	4000.0	9.677097939759584	0.0	1830641	5783.996161854347	4.0
21160.778958847615	1500.0	11.207366452328465	0.0	767059	2469.7314874311196	1.5
21166.713186758556	4000.0	9.273138541389628	0.0	1910697	5934.227910938837	4.0
21168.70604512244	1500.0	11.280280177508073	0.0	629438	1992.8583638815553	1.5
21174.62566239283	4000.0	9.360662907112996	0.0	2042818	5919.617270395078	4.0
21176.620533613437	1500.0	11.365791686508292	0.0	769491	1994.8712206047035	1.5
21181.76370643912	4000.0	10.222618860827067	0.0	2034636	5143.172825681225	4.0

