8447.205567215056	600.0	4.0	0.7547436685097959	247108	754.743668509796	0.1369199	-14.494873370195918
8447.554847029378	200.0	7.650720185678203	0.0	98617	349.2798143217967	0.004705182	0.2
8447.925586328989	200.0	11.279980886067307	0.0	106476	370.73929961089493	0.004705182	0.2
8448.320228966712	200.0	14.885338248344597	0.0	115230	394.64263772271147	0.004705182	0.2
8448.666890172255	200.0	18.538677042801556	0.0	97658	346.6612055430405	0.004705182	0.2
8449.013551377797	200.0	22.192015837258513	0.0	97658	346.6612055430405	0.004705182	0.2
8449.40972859126	200.0	25.795838623796843	0.0	115792	396.1772134616698	0.004705182	0.2
8449.783739103923	200.0	29.421828111133866	0.0	107674	374.01051266298043	0.004705182	0.2
8452.297933929509	1500.0	30.907633285548503	0.0	891463	2514.1948255853645	0.23451068	1.5
8467.009331918494	12000.0	20.196235296562744	0.0	5088378	14711.39798898576	0.004705182	12.0
8467.372995446669	200.0	23.83257176838776	0.0	95365	363.6635281749841	0.004705182	0.2
8469.760233693187	1500.0	25.445333521869735	0.0	744416	2387.238246518025	0.69227576	1.5
8470.157670494613	200.0	29.047896720444015	0.0	102419	397.4368014257211	0.004705182	0.2
8472.556051061414	1500.0	30.649516153642395	0.0	748011	2398.38056680162	0.004705182	1.5
8474.974596283504	1500.0	32.23097093155147	0.0	754517	2418.5452220909287	0.004705182	1.5
8477.94727162672	1500.0	33.25829558833822	0.0	934743	2972.6753432132473	0.004705182	1.5
8480.261058329319	1500.0	34.94450888573607	0.0	735572	2313.7867026021604	0.004705182	1.5
8492.564994790006	12000.0	26.640572425049193	0.0	4055239	12303.936460686875	0.004705182	12.0
8494.871334037489	1500.0	28.334233177567203	0.0	747396	2306.3392474819875	0.004705182	1.5
8496.924335731677	1500.0	30.281231483377713	0.0	662349	2053.0016941894883	0.004705182	1.5
8499.30087676949	1500.0	31.904690445564803	0.0	835711	2376.541037812911	0.011442862	1.5
8501.443034776108	1500.0	33.76253243894789	0.0	806394	2142.1580066169067	0.004705182	1.5
8511.855251593663	8000.0	27.350315621393108	0.0	3805854	10412.216817554787	0.13783742	8.0
8514.031429607152	1500.0	29.174137607903745	0.0	681795	2176.1780134893643	0.004705182	1.5
8516.740768782032	1500.0	30.4647984330224	0.0	855209	2709.3391748813433	0.004705182	1.5
8525.788933923159	8000.0	25.41663329189713	0.0	3253093	9048.165141125268	0.031336043	8.0
8528.005857440005	1500.0	27.199709775051325	0.0	794014	2216.9235168458063	0.004705182	1.5
8531.071428194698	1500.0	28.13413902035806	0.0	914284	3065.5707546932654	0.19244489	1.5
8543.664281675752	8000.0	19.541285539304138	0.0	3811227	12592.85348105392	0.4475261	8.0
8545.902239700114	1500.0	21.303327514942254	0.0	707527	2237.9580243618825	0.004705182	1.5
8548.292533072081	1500.0	22.913034142975576	0.0	757473	2390.293371966679	0.004705182	1.5
8550.359703197904	1500.0	24.84586401715211	0.0	712239	2067.1701258234652	0.07748727	1.5
8552.139200348423	1500.0	27.0663668666325	0.0	633700	1779.497150519611	0.5375223	1.5
8565.337032879817	8000.0	17.86853433523765	0.0	4271839	13197.83253139485	0.009505589	8.0
8567.877738611016	1500.0	19.32782860403956	0.0	670327	2540.7057311980907	0.004705182	1.5
8571.495120860725	1500.0	19.71044635433116	0.0	785519	3617.3822497084	0.004705182	1.5
8575.1573188291	1500.0	20.048248385956132	0.0	681043	3662.1979683750287	0.43072477	1.5
8579.714249207474	1500.0	19.491318007583292	0.0	866245	4556.930378372839	0.004705182	1.5
8582.476785224937	1500.0	20.728781990120282	0.0	691256	2762.5360174630127	0.08930942	1.5
8585.37354971681	1500.0	21.832017498245435	0.0	725845	2896.7644918748488	0.49004903	1.5
8588.600823061464	1500.0	22.604744153593483	0.0	811013	3227.2733446519524	0.06607443	1.5
8595.418013493734	4000.0	19.7875537213235	0.0	1830641	6817.190432269983	0.68278724	4.0
8598.291890747421	1500.0	20.913676467635646	0.0	767059	2873.8772536878528	0.70292807	1.5
8604.466052914851	4000.0	18.73951430020329	0.0	1910697	6174.162167432358	0.16145009	4.0
8611.029042654278	4000.0	16.17652456077824	0.0	2171279	6562.989739425048	0.038179062	4.0
8616.523798050795	4000.0	14.681769164260507	0.0	2042818	5494.755396517735	0.012720198	4.0
8621.368559479612	4000.0	13.83700773544485	0.0	1750852	4844.7614288156565	0.026214687	4.0
8627.487959141969	4000.0	11.717608073088394	0.0	2034636	6119.399662356455	0.008242457	4.0

