165.40529964899676	600.0	4.0	0.6518355245078897	247108	651.8355245078898	-12.436710490157795
166.20203096616024	600.0	7.203268682836522	0.0	309722	796.7313171634776	0.6
167.77196486934358	1500.0	9.633334779653172	0.0	643847	1569.93390318335	1.5
169.51454076497714	1500.0	11.890758884019611	0.0	718451	1742.5758956335605	1.5
171.2706426437466	1500.0	14.13465700525014	0.0	724296	1756.101878769471	1.5
172.94698403308143	1500.0	16.458315615915303	0.0	689829	1676.3413893348375	1.5
174.73457403033342	1500.0	18.670725618663308	0.0	737903	1787.5899972519924	1.5
176.85480343019995	1500.0	20.550496218796802	0.0	780303	2120.2293998665073	1.5
182.05394616428555	4000.0	19.351353484711176	0.0	1857129	5199.1427340856235	4.0
184.23739831348013	1500.0	21.16790133551659	0.0	763093	2183.45214919459	1.5
186.29418172494158	1500.0	23.111117924055144	0.0	769316	2056.7834114614448	1.5
190.36227227389463	4000.0	23.043027375102117	0.0	1761739	4068.0905489530282	4.0
195.26696950083297	4000.0	22.1383301481638	0.0	2131310	4904.697226938314	4.0
200.06661501945905	4000.0	21.338684629537717	0.0	1805063	4799.645518626083	4.0
202.15859328685013	1500.0	23.24670636214663	0.0	754517	2091.978267391087	1.5
207.8183189220332	4000.0	21.586980726963564	0.0	2231719	5659.725635183065	4.0
211.95071707337488	4000.0	21.454582575621906	0.0	1835863	4132.398151341657	4.0
213.73615350849937	1500.0	23.669146140497396	0.0	772616	1785.4364351245085	1.5
218.50126807760313	4000.0	22.904031571393656	0.0	2082556	4765.114569103743	4.0
223.55578428077482	4000.0	21.84951536822197	0.0	2164412	5054.5162031716845	4.0
225.55651744556454	1500.0	23.848782203432265	0.0	835711	2000.7331647897038	1.5
229.77337636191524	4000.0	23.631923287081555	0.0	1950922	4216.8589163507095	4.0
233.6946808565015	4000.0	23.71061879249531	0.0	1849252	3921.3044945862434	4.0
237.564192457844	4000.0	23.841107191152794	0.0	1822097	3869.5116013425163	4.0
241.47957580836015	4000.0	23.92572384063666	0.0	1836837	3915.3833505161365	4.0
245.70344989973788	4000.0	23.701849749258944	0.0	1984579	4223.874091377713	4.0
251.70100184444033	4000.0	21.704297804556482	0.0	2068230	5997.551944702465	4.0
257.85320828603653	4000.0	19.552091362960265	0.0	2055338	6152.206441596218	4.0
259.412329952954	1500.0	21.992969696042774	0.0	675709	1559.1216669174887	1.5
263.87600554432396	4000.0	21.52929410467288	0.0	2002600	4463.675591369899	4.0
265.6141079617921	1500.0	23.79119168720472	0.0	757473	1738.1024174681572	1.5
270.04131466040747	4000.0	23.363984988589333	0.0	1947068	4427.206698615384	4.0
271.55314214971025	1500.0	25.852157499286523	0.0	633700	1511.8274893028117	1.5
276.4348209375035	4000.0	24.97047871149332	0.0	2125133	4881.678787793202	4.0
280.6455897174412	4000.0	24.75970993155554	0.0	1828568	4210.768779937779	4.0
284.7595201443669	4000.0	24.64577950462986	0.0	1785821	4113.930426925683	4.0
289.4108530112325	4000.0	23.99444663776424	0.0	2096494	4651.332866865618	4.0
293.51769164118963	4000.0	23.887608007807103	0.0	1955307	4106.8386299571375	4.0
298.04047748999545	4000.0	23.364822159001225	0.0	2142800	4522.7858488058755	4.0
303.3717822329484	4000.0	22.03351741604828	0.0	2094647	5331.304742952946	4.0
308.4105414746993	4000.0	20.99475817429741	0.0	1985434	5038.759241750869	4.0
312.86261300349287	4000.0	20.54268664550379	0.0	1830641	4452.071528793624	4.0
316.99558491142494	4000.0	20.409714737571736	0.0	1697030	4132.971907932053	4.0
321.0273183585888	4000.0	20.377981290407895	0.0	1910697	4031.7334471638433	4.0
322.3374252340392	1500.0	23.06787441495749	0.0	629438	1310.1068754504035	1.5
326.4096920928781	4000.0	22.995607556118582	0.0	2042818	4072.266858838905	4.0
330.35160362949176	4000.0	23.053696019504905	0.0	1750852	3941.9115366136807	4.0
335.6600982410588	4000.0	21.74520140793784	0.0	2034636	5308.494611567063	4.0

