21455.67083405662	600.0	4.0	0.8129726923861256	247108	812.9726923861256	0.02819193	-15.659453847722512
21456.043352178272	200.0	7.627481878348566	0.0	98617	372.518121651434	0.004705182	0.2
21456.439181695707	200.0	11.231652360912848	0.0	106476	395.8295174357168	0.004705182	0.2
21456.86097736134	200.0	14.809856695278174	0.0	115230	421.79566563467495	0.004705182	0.2
21457.230650893533	200.0	18.440183163085596	0.0	97658	369.6735321925808	0.004705182	0.2
21457.600324425723	200.0	22.070509630893014	0.0	97658	369.6735321925808	0.004705182	0.2
21458.0237870979	200.0	25.647046958714153	0.0	115792	423.46267217886214	0.004705182	0.2
21458.423170127506	200.0	29.24766392910773	0.0	107674	399.38302960642187	0.004705182	0.2
21458.785864182122	200.0	32.8849698744925	0.0	95305	362.69405461522774	0.004705182	0.2
21459.178576219347	200.0	36.49225783726664	0.0	105425	392.7120372258579	0.008149398	0.2
21459.541448246193	200.0	40.12938581042249	0.0	95365	362.8720268441446	0.004705182	0.2
21459.904252050346	200.0	43.7665820062661	0.0	95342	362.8038041563931	0.004705182	0.2
21460.288047678907	200.0	47.382786377708975	0.0	102419	383.7956285571272	0.006671618	0.2
21460.60791568284	200.0	51.06291837377875	0.0	80867	319.8680039302201	0.004705182	0.2
21460.93336904855	200.0	54.73746500806436	0.0	82750	325.4533657143917	0.00783426	0.2
21477.446050376908	12000.0	42.224783679708445	0.0	5443841	16512.68132835592	0.21967211	12.0
21477.802257829844	200.0	45.868576226769534	0.0	89871	356.2074529389166	0.004705182	0.2
21490.40702304204	12000.0	37.263811014571736	0.0	4055239	12604.765212197799	0.004705182	12.0
21490.77069613734	200.0	40.900137919273284	0.0	90919	363.6730952984536	0.004705182	0.2
21491.11863475008	200.0	44.55219930653172	0.0	85876	347.9386127415612	0.0072815013	0.2
21491.556368803627	200.0	48.11446525298362	0.0	114656	437.73405354809773	0.016564948	0.2
21491.941330095335	200.0	51.729503961277146	0.0	97742	384.96129170648	0.10539975	0.2
21507.98981608811	12000.0	39.681017968501834	0.0	5141915	16048.485992775306	0.0051781735	12.0
21508.331265076256	200.0	43.33956898035442	0.0	85752	341.4489881474142	0.004705182	0.2
21508.69955655078	200.0	46.971277505831765	0.0	94556	368.29147452265715	0.004705182	0.2
21518.713977357533	8000.0	40.95685669907805	0.0	3253093	10014.420806753715	0.004705182	8.0
21534.441049366407	12000.0	29.229784690203342	0.0	5138482	15727.072008874713	0.02634818	12.0
21544.83483040447	8000.0	22.836003652138455	0.0	3354913	10393.781038064888	0.004705182	8.0
21545.205830404473	200.0	26.465003652138453	0.0	93993	371.0	0.019534467	0.2
21545.58639696794	200.0	30.084437088670963	0.0	97083	380.5665634674923	0.009305027	0.2
21545.957362912213	200.0	33.71347114439851	0.0	93982	370.9659442724459	0.04549292	0.2
21557.037084403535	8000.0	26.633749653076077	0.0	3568902	11079.721491322438	0.01078705	8.0
21559.088741676114	1500.0	28.58209238049529	0.0	633700	2051.6572725807855	0.040489353	1.5
21559.447640701455	200.0	32.22319335515416	0.0	89422	358.8990253411306	0.037633512	0.2
21559.865184561102	200.0	35.80564949550504	0.0	108225	417.5438596491228	0.014954759	0.2
21560.218996646872	200.0	39.451837409735056	0.0	87791	353.81208576998057	0.12593979	0.2
21560.617399765782	200.0	43.05343429082667	0.0	102088	398.40311890838205	0.38269308	0.2
21560.948169356423	200.0	46.722664700183394	0.0	80403	330.76959064327485	0.22634111	0.2
21577.460357940236	12000.0	34.2104761163736	0.0	5257310	16512.188583809795	0.006736235	12.0
21577.85956905352	200.0	37.81126500308853	0.0	101968	399.2111132850714	0.05651763	0.2
21593.079281801278	12000.0	26.591552255328562	0.0	4828747	15219.712747759962	0.17795396	12.0
21598.77561376292	4000.0	24.895220293690265	0.0	1830641	5696.331961638299	0.010939209	4.0
21603.914296576146	4000.0	23.756537480462505	0.0	1697030	5138.68281322776	0.0098429965	4.0
21609.728138039518	4000.0	21.942696017091322	0.0	1910697	5813.841463371182	0.014531715	4.0
21621.1106050805	8000.0	14.560228976108924	0.0	3682991	11382.4670409824	0.010716666	8.0
21627.466664144613	4000.0	12.204169911994788	0.0	2042818	6356.059064114134	0.18785968	4.0
21633.221317607167	4000.0	10.449516449439567	0.0	1750852	5754.653462555221	0.004705182	4.0
21639.99022182958	4000.0	7.680612227029553	0.0	2034636	6768.904222410013	0.46589583	4.0

