1958.4247633788464	600.0	4.0	1.0371800706919094	247108	1037.1800706919093	-20.143601413838187
1958.8867592148024	200.0	7.538004164043965	0.0	98617	461.9958359560355	0.2
1959.3791971172864	200.0	11.045566261560063	0.0	106476	492.43790248390064	0.2
1959.905543894994	200.0	14.519219483852224	0.0	115230	526.346777707839	0.2
1960.3638250163808	200.0	18.060938362465503	0.0	97658	458.28112138672356	0.2
1960.8221061377674	200.0	21.602657241078777	0.0	97658	458.28112138672356	0.2
1963.7603950062125	1500.0	22.664368372633515	0.0	737903	2938.2888684452623	1.5
1964.2574733967613	200.0	26.167289982084927	0.0	107674	497.0783905485886	0.2
1964.706640103777	200.0	29.718123275068997	0.0	95305	449.1667070159299	0.2
1981.9729303908737	12000.0	16.451832987972384	0.0	5088378	17266.29028709661	12.0
1984.8003648804054	1500.0	17.62439849844067	0.0	769316	2827.4344895317176	1.5
1985.2208568227293	200.0	21.203906556116667	0.0	95342	420.49194232400345	0.2
1987.465374478191	1500.0	22.95938890065486	0.0	606092	2244.5176554618097	1.5
1990.2002131187157	1500.0	24.22455026013023	0.0	748011	2734.8386405246315	1.5
1990.5728809495697	200.0	27.85188242927632	0.0	82750	372.6678308539093	0.2
1990.9866708211405	200.0	31.438092557705332	0.0	94377	413.78987157098965	0.2
1992.2716028488157	600.0	34.15316053003009	0.0	340687	1284.932027675236	0.6
2006.71061006697	12000.0	23.71415331187568	0.0	4055239	14439.007218154413	12.0
2007.1128464660487	200.0	27.311916912797177	0.0	90919	402.23639907850435	0.2
2007.4972093935694	200.0	30.927553985276354	0.0	85876	384.36292752082227	0.2
2008.5718788956074	600.0	33.852884483238434	0.0	280646	1074.6695020379232	0.6
2008.998297467289	200.0	37.426465911556704	0.0	97742	426.41857168172965	0.2
2026.2616159958923	12000.0	24.16314738295342	0.0	5141915	17263.318528603286	12.0
2028.9596878513175	1500.0	25.46507552752826	0.0	681795	2698.0718554251566	1.5
2030.2611797638824	600.0	28.16358361496336	0.0	346939	1301.4919125649012	0.6
2041.5025094470304	8000.0	20.922253931815312	0.0	3253093	11241.32968314805	8.0
2041.8956098450844	200.0	24.529153533761356	0.0	88490	393.1003980539584	0.2
2053.445150648558	8000.0	16.979612730287677	0.0	3354913	11549.540803473681	8.0
2053.826108823463	200.0	20.598654555382733	0.0	93993	380.95817490494295	0.2
2060.36432797975	4000.0	18.06043539909557	0.0	2002600	6538.219156287162	4.0
2060.7713640824036	200.0	21.65339929644224	0.0	93982	407.03610265332753	0.2
2073.8643203040774	8000.0	12.560443074768106	0.0	3568902	13092.956221674138	8.0
2076.5436486297626	1500.0	13.881114749082972	0.0	633700	2679.3283256851337	1.5
2076.990442282184	200.0	17.43432109666161	0.0	89422	446.7936524213603	0.2
2077.5143626041777	200.0	20.91040077466812	0.0	108225	523.9203219934884	0.2
2077.9544661753316	200.0	24.470297203514225	0.0	87791	440.1035711538955	0.2
2079.2032697234126	600.0	27.22149365543311	0.0	284947	1248.8035480811136	0.6
2079.6130689902106	200.0	30.811694388634844	0.0	80403	409.799266798267	0.2
2080.0487713000525	200.0	34.37599207879302	0.0	86718	435.70230984182325	0.2
2080.547026485019	200.0	37.87773689382622	0.0	101968	498.25518496680087	0.2
2095.988976646572	12000.0	26.435786732273403	0.0	4828747	15441.950161552815	12.0
2098.127096304692	1500.0	28.297667074153747	0.0	657685	2138.119658119658	1.5
2103.7418540090607	4000.0	26.682909369785055	0.0	1697030	5614.757704368691	4.0
2104.1506547548865	200.0	30.27410862395914	0.0	96988	408.80074582591743	0.2
2104.5195402536574	200.0	33.90522312518806	0.0	85214	368.88549877108227	0.2
2107.1890715698705	1500.0	35.23569180897482	0.0	763847	2669.531316213239	1.5
2112.9869618841835	4000.0	33.43780149466221	0.0	1750852	5797.890314312608	4.0
2131.263830177633	12000.0	19.1609332012128	0.0	5646381	18276.868293449414	12.0

