9194.930352920097	600.0	4.0	0.7248433448045276	247108	724.8433448045276	-13.896866896090552
9196.92160828193	1500.0	6.008744638168088	0.0	732405	1991.2553618319116	1.5
9198.681766160356	1500.0	8.248586759741002	0.0	643847	1760.1578784270873	1.5
9200.636607711089	1500.0	10.293745209009508	0.0	718451	1954.8415507314926	1.5
9202.606702144569	1500.0	12.323650775528844	0.0	724296	1970.0944334806647	1.5
9204.486852846705	1500.0	14.443500073393897	0.0	689829	1880.150702134947	1.5
9206.496209804127	1500.0	16.434143115971576	0.0	737903	2009.3569574223213	1.5
9208.616884534431	1500.0	18.313468385667555	0.0	780303	2120.674730304021	1.5
9211.028268646887	1500.0	19.902084273212502	0.0	891463	2411.384112455051	1.5
9213.103935204586	1500.0	21.82641771551391	0.0	763093	2075.6665576985943	1.5
9215.191879240854	1500.0	23.738473679245836	0.0	769316	2087.9440362680707	1.5
9217.148193612536	1500.0	25.782159307563862	0.0	744416	1956.3143716819736	1.5
9218.75585976985	1500.0	28.174493150251998	0.0	606092	1607.6661573118668	1.5
9220.721235405887	1500.0	30.20911751421488	0.0	748011	1965.3756360371146	1.5
9222.703009535915	1500.0	32.22734338418763	0.0	754517	1981.7741300272532	1.5
9225.13904665055	1500.0	33.79130626955129	0.0	934743	2436.037114636337	1.5
9227.074424462877	1500.0	35.85592845722608	0.0	735572	1935.3778123252096	1.5
9229.103567662398	1500.0	37.82678525770541	0.0	772616	2029.1431995206713	1.5
9231.06908625216	1500.0	39.8612666679416	0.0	747396	1965.5185897638046	1.5
9232.820049640259	1500.0	42.11030327984283	0.0	662349	1750.9633880987672	1.5
9235.008367889448	1500.0	43.92198503065485	0.0	835711	2188.318249187979	1.5
9237.104638849381	1500.0	45.82571407071987	0.0	806394	2096.2709599349873	1.5
9239.1944841054	1500.0	47.73586881470162	0.0	809327	2089.8452560182527	1.5
9240.967622288515	1500.0	49.962730631585316	0.0	681795	1773.1381831162987	1.5
9243.171408782175	1500.0	51.758944137925624	0.0	855209	2203.786493659688	1.5
9244.852826777176	1500.0	54.077526142923375	0.0	644861	1681.4179950022506	1.5
9246.93593276275	1500.0	55.9944201573507	0.0	794014	2083.105985572674	1.5
9249.418189762502	1500.0	57.51216315759702	0.0	914284	2482.2569997536743	1.5
9251.273597267224	1500.0	59.65675565287579	0.0	675709	1855.4075047212416	1.5
9255.212605724404	1500.0	59.717747195695395	0.0	707527	1939.0084571803925	1.5
9259.415663334981	1500.0	59.51468958511926	0.0	757473	2203.057610576133	1.5
9263.283154603196	1500.0	59.64719831690296	0.0	712239	2367.4912682163076	1.5
9265.951296238749	1500.0	59.53195001307703	0.0	633700	2115.248303825926	1.5
9269.981339331762	1500.0	59.50190692006392	0.0	755142	2030.0430930131217	1.5
9273.79236016812	1500.0	59.690886083704385	0.0	670327	1811.0208363595282	1.5
9277.894333370703	1500.0	59.58891288112246	0.0	785519	2101.973202581923	1.5
9281.689374921949	1500.0	59.79387132987592	0.0	681043	1795.0415512465377	1.5
9284.10320264073	1500.0	59.53244347794945	0.0	866245	2261.427851926467	1.5
9288.070108040372	1500.0	59.56553807830772	0.0	691256	1966.90539964173	1.5
9292.131430227526	1500.0	59.50421589115427	0.0	725845	2061.322187153459	1.5
9295.963612601263	1500.0	59.67203351741645	0.0	811013	2332.1823737378168	1.5
9300.132786497907	1500.0	59.50285962077367	0.0	657685	2169.1738966427765	1.5
9303.64939314088	1500.0	59.98625297779883	0.0	767059	2516.6066429748457	1.5
9308.058032105875	1500.0	59.57761401280567	0.0	848035	2908.6389649931575	1.5
9311.77276046927	1500.0	59.86288564940824	0.0	629438	2214.7283633974184	1.5
9315.795866605646	1500.0	59.692311428919446	0.0	763847	2670.5742204887974	1.5
9319.621162589889	1500.0	59.86701544467609	0.0	769491	2325.2959842433524	1.5
9323.560679677827	1500.0	59.927498356737956	0.0	808636	2439.517087938141	1.5

