32419.40495058203	600.0	4.0	0.9991296261856055	247108	999.1296261856055	-19.38259252371211
32422.209164827895	1500.0	5.195785754137995	0.0	732405	2804.214245862005	1.5
32424.683983500014	1500.0	6.720967082015994	0.0	643847	2474.818672122001	1.5
32427.436295197986	1500.0	7.968655384043146	0.0	718451	2752.3116979728475	1.5
32430.116558145066	1500.0	9.28839243696358	0.0	724296	2680.262947079566	1.5
32432.591070229068	1500.0	10.813880352961325	0.0	689829	2474.5120840022564	1.5
32435.232455224945	1500.0	12.172495357083337	0.0	737903	2641.3849958779883	1.5
32438.021017727657	1500.0	13.383932854371487	0.0	780303	2788.56250271185	1.5
32441.13337161979	1500.0	14.271578962240657	0.0	891463	3112.3538921308295	1.5
32443.782762389797	1500.0	15.622188192232871	0.0	763093	2649.3907700077866	1.5
32446.453106462694	1500.0	16.951844119335714	0.0	769316	2670.344072897157	1.5
32449.03961038744	1500.0	18.365340194589823	0.0	744416	2586.503924745891	1.5
32451.23029036908	1500.0	20.174660212952148	0.0	606092	2190.679981637675	1.5
32453.931613714896	1500.0	21.47333686713442	0.0	748011	2701.3233458177283	1.5
32456.655736631426	1500.0	22.749213950604645	0.0	754517	2724.122916529777	1.5
32460.034203577583	1500.0	23.37074700444872	0.0	934743	3378.466946155926	1.5
32462.87212455991	1500.0	24.532826022117558	0.0	735572	2837.920982331162	1.5
32465.848936670332	1500.0	25.556013911699036	0.0	772616	2976.812110418522	1.5
32468.73119003304	1500.0	26.673760548995748	0.0	747396	2882.2533627032853	1.5
32480.16003661804	4000.0	19.244913963992367	0.0	2164412	11428.846585003384	4.0
32488.740969561342	4000.0	14.663981020687988	0.0	2379358	8580.932943304379	4.0
32496.077101430772	4000.0	11.327849151257764	0.0	1950922	7336.131869430224	4.0
32499.195614700126	1500.0	12.209335881905158	0.0	809327	3118.513269352606	1.5
32501.80241011737	1500.0	13.602540464664273	0.0	681795	2606.795417240884	1.5
32505.023168948595	1500.0	14.381781633438804	0.0	855209	3220.7588312254693	1.5
32507.471423820403	1500.0	15.933526761632162	0.0	644861	2448.2548718066428	1.5
32510.46744374374	1500.0	16.937506838295693	0.0	794014	2996.01992333647	1.5
32513.369456064025	1500.0	18.035494518007	0.0	914284	2902.0123202886953	1.5
32515.523137205655	1500.0	19.881813376377416	0.0	675709	2153.681141629584	1.5
32517.774464503495	1500.0	21.63048607854099	0.0	707527	2251.3272978364275	1.5
32520.179070917486	1500.0	23.22587966454682	0.0	757473	2404.606413994169	1.5
32522.529179969715	1500.0	24.875770612318124	0.0	712239	2350.1090522286972	1.5
32530.861659087386	4000.0	20.54329149464721	0.0	2544033	8332.479117670911	4.0
32538.468895421098	4000.0	16.936055160933105	0.0	2125133	7607.236333714107	4.0
32546.500489174705	4000.0	12.904461407326476	0.0	1828568	8031.5937536066285	4.0
32555.067622278075	4000.0	8.337328303956713	0.0	1785821	8567.133103369762	4.0
32558.266218769306	1500.0	9.138731812728643	0.0	681043	3198.5964912280706	1.5
32562.157980989698	1500.0	9.246969592335912	0.0	866245	3891.7622203927317	1.5
32564.837848411717	1500.0	10.567102170319504	0.0	691256	2679.8674220164075	1.5
32567.647807745067	1500.0	11.757142836970498	0.0	725845	2809.9593333490047	1.5
32570.778090531086	1500.0	12.626860050952306	0.0	811013	3130.282786018194	1.5
32573.043514679957	1500.0	14.361435902079421	0.0	657685	2265.424148872885	1.5
32575.477539538024	1500.0	15.927411044015894	0.0	767059	2434.024858063526	1.5
32578.160071377824	1500.0	17.244879204212303	0.0	848035	2682.5318398035906	1.5
32580.171751598788	1500.0	19.233198983251736	0.0	629438	2011.6802209605648	1.5
32586.959666201725	4000.0	16.445284380311605	0.0	2042818	6787.914602940131	4.0
32592.923423614095	4000.0	14.481526967942173	0.0	1750852	5963.757412369431	4.0
32599.680655430973	4000.0	11.72429515106561	0.0	2034636	6757.231816876564	4.0

