13323.87128794169	600.0	4.0	0.9328317515099224	247108	932.8317515099224	-18.056635030198446
13325.02021632823	600.0	6.851071613459879	0.0	309722	1148.928386540121	0.6
13326.095719348075	600.0	9.775568593615185	0.0	288447	1075.5030198446937	0.6
13328.655274136685	1500.0	11.216013805004314	0.0	718451	2559.554788610872	1.5
13331.235001487848	1500.0	12.636286453839515	0.0	724296	2579.7273511647973	1.5
13333.73808625258	1500.0	14.133201689107812	0.0	689829	2503.0847647317023	1.5
13336.753334245024	1500.0	15.117953696665678	0.0	737903	3015.247992442135	1.5
13339.937241959517	1500.0	15.93404598217397	0.0	780303	3183.9077144917087	1.5
13343.563324549079	1500.0	16.307963392610784	0.0	891463	3626.082589563185	1.5
13346.527279053791	1500.0	17.34400888789928	0.0	763093	2963.9545047115025	1.5
13349.509810651602	1500.0	18.361477290087546	0.0	769316	2982.531597811734	1.5
13352.398397710647	1500.0	19.472890231042083	0.0	744416	2888.5870590454633	1.5
13354.790200113093	1500.0	21.081087828595834	0.0	606092	2391.802402446245	1.5
13357.7823776443	1500.0	22.08891029738918	0.0	748011	2992.1775312066575	1.5
13360.799884518281	1500.0	23.071403423408107	0.0	754517	3017.5068739810695	1.5
13364.51905234075	1500.0	23.352235600939316	0.0	934743	3719.1678224687935	1.5
13367.462802006175	1500.0	24.408485935513614	0.0	735572	2943.7496654257	1.5
13370.550772417642	1500.0	25.320515524048055	0.0	772616	3087.970411465557	1.5
13373.540555613496	1500.0	26.330732328194348	0.0	747396	2989.7831958537117	1.5
13376.001101484197	1500.0	27.870186457493116	0.0	662349	2460.54587070123	1.5
13378.94656008183	1500.0	28.924727859858965	0.0	835711	2945.458597634151	1.5
13381.791497506825	1500.0	30.079790434863252	0.0	806394	2844.937424995714	1.5
13388.743269492828	4000.0	27.128018448859777	0.0	1849252	6951.771986003473	4.0
13395.935866001773	4000.0	23.93542193991604	0.0	1822097	7192.596508943737	4.0
13399.110734931726	1500.0	24.76055300996331	0.0	855209	3174.868929952729	1.5
13401.524387025001	1500.0	26.346900916687577	0.0	644861	2413.6520932757335	1.5
13404.477800726856	1500.0	27.39348721483518	0.0	794014	2953.413701852397	1.5
13407.816570243767	1500.0	28.054717697923817	0.0	914284	3338.7695169113617	1.5
13410.296477899874	1500.0	29.574810041816026	0.0	675709	2479.907656107794	1.5
13412.889393169913	1500.0	30.981894771776734	0.0	707527	2592.915270039291	1.5
13415.714518084045	1500.0	32.15676985764482	0.0	757473	2825.124914131918	1.5
13424.281247952194	4000.0	27.590039989496184	0.0	1947068	8566.729868148632	4.0
13426.784913238218	1500.0	29.086374703473496	0.0	633700	2503.665286022691	1.5
13429.43528127634	1500.0	30.436006665350703	0.0	755142	2650.3680381227928	1.5
13435.739487871553	4000.0	28.131800070139306	0.0	1828568	6304.206595211396	4.0
13442.470745116834	4000.0	25.400542824858924	0.0	1785821	6731.257245280383	4.0
13445.087277159013	1500.0	26.78401078267917	0.0	681043	2616.5320421797533	1.5
13449.013819696223	1500.0	26.857468245468542	0.0	866245	3926.5425372106283	1.5
13452.329563530518	1500.0	27.541724411174638	0.0	691256	3315.7438342939063	1.5
13455.807217197758	1500.0	28.064070743932604	0.0	725845	3477.6536672420348	1.5
13458.952528212343	1500.0	28.91875972934925	0.0	811013	3145.311014583351	1.5
13461.461651019361	1500.0	30.40963692233171	0.0	657685	2509.122807017544	1.5
13467.728420260473	4000.0	28.142867681218345	0.0	1697030	6266.769241113366	4.0
13470.763053015304	1500.0	29.10823492638961	0.0	848035	3034.6327548287354	1.5
13473.036073506124	1500.0	30.835214435568016	0.0	629438	2273.020490821593	1.5
13480.371643023245	4000.0	27.499644918447885	0.0	2042818	7335.569517120135	4.0
13486.785657830647	4000.0	25.085630111045123	0.0	1750852	6414.014807402762	4.0
13489.813522036618	1500.0	26.057765905075655	0.0	808636	3027.864205969469	1.5

