29102.448440501266	600.0	4.0	0.8007861010336718	247108	800.7861010336718	-15.415722020673437
29103.43186456194	600.0	7.016575939328752	0.0	309722	983.4240606712488	0.6
29104.353231852696	600.0	10.095208648569814	0.0	288447	921.3672907589375	0.6
29106.528872200535	1500.0	11.919568300731045	0.0	718451	2175.6403478387692	1.5
29108.72156175261	1500.0	13.726878748655498	0.0	724296	2192.6895520755475	1.5
29110.8137149621	1500.0	15.634725539168324	0.0	689829	2092.1532094871745	1.5
29113.444535770752	1500.0	17.003904730514886	0.0	737903	2630.820808653437	1.5
29116.882212128225	1500.0	17.566228373039696	0.0	780303	3437.6763574751903	1.5
29120.798214602473	1500.0	17.650225898790712	0.0	891463	3916.0024742489845	1.5
29123.76320445183	1500.0	18.68523604943408	0.0	763093	2964.9898493566266	1.5
29126.38377328568	1500.0	20.064667215584755	0.0	769316	2620.5688338493296	1.5
29128.92211301736	1500.0	21.52632748390261	0.0	744416	2538.3397316821465	1.5
29131.003655225824	1500.0	23.444785275440278	0.0	606092	2081.5422084623324	1.5
29133.3571404647	1500.0	25.091300036563467	0.0	748011	2353.4852388768077	1.5
29135.305363742682	1500.0	27.143076758580214	0.0	754517	1948.2232779832557	1.5
29140.911215891432	4000.0	25.53722460983139	0.0	2231719	5605.852148748821	4.0
29145.89035935296	4000.0	24.558081148303316	0.0	1835863	4979.143461528073	4.0
29152.158238568427	4000.0	22.290201932838382	0.0	2192675	6267.879215464935	4.0
29158.16391052277	4000.0	20.28452997849382	0.0	2082556	6005.671954344564	4.0
29164.38616009531	4000.0	18.06228040595547	0.0	2164412	6222.249572538347	4.0
29171.096437708602	4000.0	15.35200279266347	0.0	2379358	6710.277613291999	4.0
29177.65035260435	4000.0	12.79808789691628	0.0	1950922	6553.914895747189	4.0
29184.178419025106	4000.0	10.270021476160903	0.0	1849252	6528.066420755378	4.0
29188.62246189679	4000.0	9.825978604476571	0.0	1822097	4444.042871684331	4.0
29193.101808043724	4000.0	9.346632457539261	0.0	1836837	4479.34614693731	4.0
29198.357716503848	4000.0	8.090723997417815	0.0	1984579	5255.908460121445	4.0
29203.87739717823	4000.0	6.571043323036036	0.0	2068230	5519.68067438178	4.0
29206.02486057356	1500.0	8.423579927705605	0.0	914284	2147.463395330431	1.5
29207.632836151603	1500.0	10.815604349662754	0.0	675709	1607.9755780428516	1.5
29209.312761528956	1500.0	13.135678972309595	0.0	707527	1679.9253773531575	1.5
29211.105629412952	1500.0	15.342811088313892	0.0	757473	1792.8678839957036	1.5
29215.61922207869	4000.0	14.829218422573168	0.0	1947068	4513.592665740724	4.0
29221.57993462041	4000.0	12.868505880856537	0.0	2544033	5960.712541716631	4.0
29227.970899660086	4000.0	10.477540841181476	0.0	2125133	6390.965039675061	4.0
29235.118302078252	4000.0	7.33013842301509	0.0	1828568	7147.402418166384	4.0
29239.089417867723	1500.0	7.359022633541406	0.0	785519	3971.1157894736843	1.5
29242.543005483825	1500.0	7.9054350174423345	0.0	681043	3453.5876160990715	1.5
29245.975874815125	1500.0	8.47256568614346	0.0	866245	3432.869331298875	1.5
29248.037189708895	1500.0	10.411250792373979	0.0	691256	2061.3148937694814	1.5
29250.197645443193	1500.0	12.250795058075674	0.0	725845	2160.4557342983053	1.5
29252.60221425119	1500.0	13.846226250078827	0.0	811013	2404.5688079968468	1.5
29254.56730615044	1500.0	15.881134350827637	0.0	657685	1965.0918992511913	1.5
29256.79081993028	1500.0	17.657620570986968	0.0	767059	2223.513779840668	1.5
29259.225369013177	1500.0	19.223071488091797	0.0	848035	2434.5490828951706	1.5
29265.37959343045	4000.0	17.068847070814307	0.0	2171279	6154.224417277494	4.0
29274.139047464127	4000.0	12.309393037142842	0.0	2042818	8759.454033671465	4.0
29280.353042781368	4000.0	10.095397719901179	0.0	1750852	6213.995317241663	4.0
29286.90194116078	4000.0	7.546499340489028	0.0	2034636	6548.8983794121505	4.0

