21365.173810795022	600.0	4.0	0.9190764006791171	247108	919.0764006791171	-17.781528013582342
21365.588673273804	200.0	7.5851375212224115	0.0	98617	414.8624787775891	0.2
21366.648119793324	600.0	10.525691001697792	0.0	288447	1059.446519524618	0.6
21369.167681762767	1500.0	12.006129032258064	0.0	718451	2519.5619694397283	1.5
21376.23774624008	4000.0	8.936064554943373	0.0	2069289	7070.0644773146905	4.0
21377.416197373826	600.0	11.757613421196512	0.0	330929	1178.4511337468623	0.6
21384.28896960792	4000.0	8.884841187103197	0.0	2046450	6872.772234093315	4.0
21385.29737656445	600.0	11.876434230572123	0.0	274823	1008.406956531074	0.6
21391.799956052186	4000.0	9.373854742838414	0.0	1857129	6502.579487733708	4.0
21394.51898944676	1500.0	10.65482134826368	0.0	763093	2719.033394574733	1.5
21397.286048980182	1500.0	11.887761814838212	0.0	769316	2767.059533425469	1.5
21403.53473789582	4000.0	9.639072899201926	0.0	1761739	6248.688915636285	4.0
21405.7647039271	1500.0	11.409106867921013	0.0	606092	2229.9660312809137	1.5
21412.56168604213	4000.0	8.61212475288973	0.0	1805063	6796.982115031282	4.0
21413.624500657104	600.0	11.549310137916592	0.0	264113	1062.8146149731379	0.6
21421.6370268602	4000.0	7.536783934820588	0.0	2231719	8012.526203096005	4.0
21422.911921969695	600.0	10.261888825326736	0.0	340687	1274.8951094938514	0.6
21425.70167706118	1500.0	11.472133733838312	0.0	772616	2789.755091488424	1.5
21433.034494962016	4000.0	8.139315833006828	0.0	2082556	7332.817900831485	4.0
21434.19707386585	600.0	10.976736929171558	0.0	310849	1162.5789038352705	0.6
21437.1777968309	1500.0	11.996013964119927	0.0	835711	2980.7229650516333	1.5
21443.99920710669	4000.0	9.174603688327862	0.0	1950922	6821.4102757920655	4.0
21446.909957205113	1500.0	10.263853589904853	0.0	809327	2910.750098423008	1.5
21449.44881441237	1500.0	11.724996382646879	0.0	681795	2538.857207257974	1.5
21456.153268824633	4000.0	9.02054197038496	0.0	1836837	6704.454412261919	4.0
21458.714883943278	1500.0	10.458926851738015	0.0	644861	2561.6151186469456	1.5
21461.859244018535	1500.0	11.314566776481128	0.0	794014	3144.360075256887	1.5
21469.359442587836	4000.0	7.81436820717825	0.0	2055338	7500.198569302878	4.0
21470.39230826681	600.0	10.781502528206325	0.0	291029	1032.8656789719244	0.6
21472.788840967143	1500.0	12.384969827870727	0.0	707527	2396.532700335598	1.5
21480.688659053703	4000.0	8.485151741314963	0.0	2290706	7899.818086555765	4.0
21481.813842061987	600.0	11.359968733032836	0.0	293409	1125.1830082821268	0.6
21490.800888306374	4000.0	6.37292248864108	0.0	2544033	8987.046244391757	4.0
21491.187246064073	200.0	9.986564730943337	0.0	89422	386.3577576977431	0.2
21493.56377126642	1500.0	11.610039528596543	0.0	670327	2376.5252023467947	1.5
21499.698333149063	4000.0	9.475477645951877	0.0	1785821	6134.561882644665	4.0
21502.055069531503	1500.0	11.118741263511058	0.0	681043	2356.736382440818	1.5
21508.758874271254	4000.0	8.414936523760131	0.0	1955307	6703.804739750926	4.0
21509.94033658047	600.0	11.233474214546826	0.0	309862	1181.4623092133033	0.6
21517.465253340477	4000.0	7.708557454538959	0.0	2094647	7524.916760007867	4.0
21518.57830785541	600.0	10.595502939605183	0.0	315398	1113.0545149337756	0.6
21520.81248910784	1500.0	12.361321687174222	0.0	657685	2234.1812524309607	1.5
21526.45094066263	4000.0	10.722870132382926	0.0	1697030	5638.451554791295	4.0
21529.416513613407	1500.0	11.757297181607278	0.0	848035	2965.572950775648	1.5
21537.108692937654	4000.0	8.06511785735994	0.0	2171279	7692.179324247339	4.0
21538.213478996076	600.0	10.960331798937805	0.0	288236	1104.786058422135	0.6
21541.136798088013	1500.0	12.037012706999974	0.0	769491	2923.3190919378308	1.5
21548.68708518605	4000.0	8.486725608961686	0.0	2034636	7550.287098038288	4.0

