12815.529259279347	600.0	4.0	0.9847432494279177	247108	984.7432494279177	-19.094864988558353
12815.970328386897	200.0	7.558930892448513	0.0	98617	441.0691075514875	0.2
12818.407662940674	1500.0	9.121596338672768	0.0	643847	2437.3345537757436	1.5
12819.5117068766	600.0	12.017552402745997	0.0	279692	1104.0439359267734	0.6
12819.949264771336	200.0	15.579994508009154	0.0	97658	437.5578947368421	0.2
12820.386822666072	200.0	19.142436613272316	0.0	97658	437.5578947368421	0.2
12821.667510995592	600.0	21.861748283752867	0.0	327938	1280.688329519451	0.6
12822.75372792923	600.0	24.775531350114424	0.0	274823	1086.216933638444	0.6
12823.898159965845	600.0	27.631099313501153	0.0	290723	1144.4320366132724	0.6
12840.110290944658	12000.0	15.418968334687493	0.0	5088378	16212.130978813659	12.0
12840.494600790891	200.0	19.03465848845387	0.0	95365	384.30984623362116	0.2
12841.486027367944	600.0	22.043231911401158	0.0	285624	991.4265770527113	0.6
12841.892846537885	200.0	25.636412741460394	0.0	102419	406.81916994076704	0.2
12847.789161704048	4000.0	23.740097575297096	0.0	1805063	5896.315166163299	4.0
12848.140412036964	200.0	27.388847242380336	0.0	82750	351.25033291676056	0.2
12849.28369695225	600.0	30.24556232709485	0.0	324375	1143.2849152854888	0.6
12849.65828956457	200.0	33.87096971477386	0.0	89871	374.5926123209932	0.2
12863.446521497006	12000.0	24.08273778233894	0.0	4055239	13788.231932434917	12.0
12864.672371282228	600.0	26.856887997117436	0.0	330105	1225.849785221504	0.6
12865.050461272247	200.0	30.47879800709704	0.0	85876	378.08999002039315	0.2
12866.104630578448	600.0	33.42462870089667	0.0	280646	1054.1693062003733	0.6
12867.302699777574	600.0	36.226559501770495	0.0	310841	1198.0691991261692	0.6
12887.85670057713	12000.0	19.672558702215902	0.0	5141915	20554.000799554597	12.0
12890.306255500343	1500.0	21.223003779001964	0.0	681795	2449.5549232139365	1.5
12890.714881605432	200.0	24.814377673912578	0.0	94556	408.6261050893846	0.2
12902.590911334724	8000.0	16.938347944619142	0.0	3253093	11876.029729293437	8.0
12903.00597381106	200.0	20.52328546828442	0.0	88490	415.0624763347217	0.2
12915.223766368152	8000.0	12.305492911192959	0.0	3354913	12217.792557091461	8.0
12916.336539451302	600.0	15.192719828042604	0.0	291029	1112.7730831503538	0.6
12917.482972053698	600.0	18.046287225647546	0.0	302752	1146.4326023950596	0.6
12918.403580551685	600.0	21.125678727658386	0.0	240372	920.6084979891589	0.6
12930.923209106075	8000.0	12.606050173269988	0.0	3568902	12519.628554388397	8.0
12933.19565818275	1500.0	14.333601096593087	0.0	633700	2272.4490766769018	1.5
12934.466977648219	600.0	17.062281631125803	0.0	344336	1271.3194654672836	0.6
12934.92141003156	200.0	20.60784924778454	0.0	108225	454.4323833412619	0.2
12935.955421189283	600.0	23.57383809006279	0.0	275745	1034.011157721749	0.6
12936.388621033591	200.0	27.14063824575193	0.0	102088	433.1998443108593	0.2
12943.270891024475	4000.0	24.258368254869566	0.0	1955307	6882.269990882363	4.0
12944.430032550747	600.0	27.09922672859731	0.0	309862	1159.1415262722564	0.6
12945.49947837374	600.0	30.0297809056031	0.0	284107	1069.4458229942102	0.6
12962.30816211993	12000.0	17.221097159412974	0.0	4828747	16808.683746190127	12.0
12962.730911430182	200.0	20.798347849162557	0.0	101713	422.749310250416	0.2
12968.532801477837	4000.0	18.996457801508612	0.0	1697030	5801.890047653946	4.0
12969.558434158573	600.0	21.970825120772954	0.0	278938	1025.6326807356556	0.6
12971.772303130521	1500.0	23.75695614882618	0.0	629438	2213.868971946775	1.5
12972.829457126621	600.0	26.699802152724814	0.0	288236	1057.1539961013646	0.6
12978.825949244021	4000.0	24.703310035324705	0.0	1750852	5996.492117400108	4.0
12997.427564918256	12000.0	10.101694361087494	0.0	5646381	18601.61567423721	12.0

