32892.23226153315	600.0	4.0	0.9847432494279177	247108	984.7432494279177	-19.094864988558353
32892.673330640704	200.0	7.558930892448513	0.0	98617	441.0691075514875	0.2
32893.80942949654	600.0	10.422832036613272	0.0	288447	1136.0988558352403	0.6
32896.51991370706	1500.0	11.712347826086956	0.0	718451	2710.4842105263156	1.5
32904.06184001582	4000.0	8.170421517326805	0.0	2069289	7541.926308760152	4.0
32905.29865634057	600.0	10.933605192579693	0.0	330929	1236.8163247471107	0.6
32907.95811669756	1500.0	12.274144835585089	0.0	737903	2659.460356994604	1.5
32915.27796757769	4000.0	8.954293955461289	0.0	2058614	7319.850880123798	4.0
32916.38748552732	600.0	11.844776005835332	0.0	290723	1109.5179496259573	0.6
32924.41283594561	4000.0	7.819425587538071	0.0	2373154	8025.350418297261	4.0
32925.46950601105	600.0	10.762755522096198	0.0	329266	1056.6700654418719	0.6
32927.7575955904	1500.0	12.474665942740979	0.0	744416	2288.0895793552213	1.5
32934.55772040157	4000.0	9.674541131574543	0.0	2131310	6800.124811166435	4.0
32937.32846794536	1500.0	10.903793587789835	0.0	748011	2770.7475437847074	1.5
32940.122618892994	1500.0	12.109642640151623	0.0	754517	2794.150947638211	1.5
32949.04012008089	4000.0	7.192141452252042	0.0	2231719	8917.501187899581	4.0
32950.51960454816	600.0	9.712656984986317	0.0	340687	1479.4844672657255	0.6
32953.6906804478	1500.0	10.541581085342617	0.0	772616	3171.0758996437	1.5
32956.607030629246	1500.0	11.625230903895307	0.0	747396	2916.3501814473098	1.5
32964.86993517815	4000.0	7.362326354994757	0.0	2164412	8262.904548900551	4.0
32965.99890754248	600.0	10.23335399066182	0.0	280646	1128.9723643329362	0.6
32969.09297159742	1500.0	11.139289935717535	0.0	806394	3094.0640549442846	1.5
32976.21833642782	4000.0	8.013925105319377	0.0	1849252	7125.364830398159	4.0
32977.465356899724	600.0	10.766904633416392	0.0	298925	1247.0204719029841	0.6
32980.88414224975	1500.0	11.348119283393212	0.0	855209	3418.7853500231804	1.5
32988.197305329944	4000.0	8.034956203195978	0.0	1984579	7313.163080197233	4.0
32989.42361714722	600.0	10.80864438591693	0.0	324657	1226.3118172790466	0.6
32992.73180737121	1500.0	11.500454161929289	0.0	914284	3308.190223987642	1.5
33000.15912678752	4000.0	8.073134745617239	0.0	2165436	7427.31941631205	4.0
33001.26178644509	600.0	10.970475088049733	0.0	302752	1102.6596575675048	0.6
33003.92746750742	1500.0	12.304794025719286	0.0	757473	2665.681062330448	1.5
33011.61245920745	4000.0	8.61980232568999	0.0	1947068	7684.991700029294	4.0
33012.90606334767	600.0	11.326198185469309	0.0	310713	1293.6041402206815	0.6
33020.78680955424	4000.0	7.445451978900682	0.0	2125133	7880.746206568628	4.0
33021.90197672888	600.0	10.330284804265737	0.0	284451	1115.1671746349452	0.6
33024.85572379307	1500.0	11.376537740067567	0.0	785519	2953.747064198168	1.5
33032.72684749819	4000.0	7.50541403495306	0.0	2096494	7871.123705114508	4.0
33034.023782510034	600.0	10.20847902310747	0.0	327462	1296.9350118455895	0.6
33036.4900204758	1500.0	11.74224105733654	0.0	691256	2466.237965770928	1.5
33043.73748599047	4000.0	8.494775542676262	0.0	2094647	7247.46551466028	4.0
33044.89686530981	600.0	11.335396223326063	0.0	315398	1159.3793193501986	0.6
33051.24350116775	4000.0	8.988760365388535	0.0	1830641	6346.635857937527	4.0
33052.44993334576	600.0	11.782328187382543	0.0	329059	1206.4321780059906	0.6
33059.7820237563	4000.0	8.450237776840698	0.0	1910697	7332.090410541845	4.0
33061.019549498655	600.0	11.212712034488607	0.0	290170	1237.5257423520907	0.6
33068.55737733245	4000.0	7.674884200691852	0.0	2042818	7537.827833796756	4.0
33069.49554726983	600.0	10.736714263313589	0.0	256094	938.1699373782646	0.6
33072.28528316947	1500.0	11.946978363675914	0.0	808636	2789.7358996376734	1.5

