33796.348616446776	600.0	4.0	0.879734617096161	247108	879.734617096161	0.05348953	-16.99469234192322
33796.747778225166	200.0	7.600838221610907	0.0	98617	399.1617783890934	0.004705182	0.2
33797.17237468943	200.0	11.176241757352644	0.0	106476	424.5964642582629	0.004705182	0.2
33797.62530239686	200.0	14.723314049921113	0.0	115230	452.9277074315304	0.004705182	0.2
33798.02136048983	200.0	18.327255956956186	0.0	97658	396.0580929649258	0.004705182	0.2
33798.417418582794	200.0	21.931197863991258	0.0	97658	396.0580929649258	0.004705182	0.2
33798.87216513404	200.0	25.47645131275537	0.0	115792	454.74655123589145	0.004705182	0.2
33799.30063877779	200.0	29.047977668999554	0.0	107674	428.4736437558154	0.004705182	0.2
33802.26574901688	1500.0	30.08286742991221	0.0	891463	2965.110239087342	0.004705182	1.5
33819.04421595613	12000.0	17.304400490665508	0.0	5088378	16778.466939246704	0.13805434	12.0
33819.43718309729	200.0	20.911433349507856	0.0	95365	392.9671411576486	0.004705182	0.2
33819.830074757454	200.0	24.518541689336384	0.0	95342	392.8916601714731	0.113667674	0.2
33820.24619158889	200.0	28.102424857896914	0.0	102419	416.1168314394717	0.004705182	0.2
33822.7810006302	1500.0	29.56761581658748	0.0	748011	2534.809041309431	0.004705182	1.5
33825.33716094525	1500.0	31.01145550153641	0.0	754517	2556.1603150510728	0.004705182	1.5
33828.41904463829	1500.0	31.929571808499865	0.0	934743	3081.883693036545	0.004705182	1.5
33830.82161326458	1500.0	33.52700318220973	0.0	735572	2402.5686262901354	0.004705182	1.5
33843.62046857145	12000.0	24.72814787534359	0.0	4055239	12798.855306866139	0.004705182	12.0
33846.030665184786	1500.0	26.3179512620035	0.0	747396	2410.196613340089	0.17178921	1.5
33848.206884354084	1500.0	28.141732092703716	0.0	662349	2176.219169299787	0.004705182	1.5
33850.96582090368	1500.0	29.382795543107417	0.0	835711	2758.9365495962975	0.6771501	1.5
33853.6307795317	1500.0	30.717836915094676	0.0	806394	2664.9586280127423	0.004705182	1.5
33856.30514011912	1500.0	32.04347632767256	0.0	809327	2674.360587422115	0.004705182	1.5
33858.57701887725	1500.0	33.77159756954042	0.0	681795	2271.8787581321462	0.004705182	1.5
33861.413145934275	1500.0	34.935470512517846	0.0	855209	2836.1270570225793	0.004705182	1.5
33871.96860278985	8000.0	28.38001365694177	0.0	3253093	10555.456855576074	0.046424262	8.0
33874.60262635142	1500.0	29.74599009536403	0.0	794014	2634.023561577741	0.004705182	1.5
33877.623510111625	1500.0	30.72510633516138	0.0	914284	3020.883760202646	0.01491697	1.5
33890.23161906976	8000.0	22.11699737702055	0.0	3811227	12608.10895814083	0.15930018	8.0
33892.5642172192	1500.0	23.784399227582682	0.0	707527	2332.598149437867	0.004705182	1.5
33895.05583158594	1500.0	25.292784860853004	0.0	757473	2491.6143667296787	0.004705182	1.5
33897.40343162573	1500.0	26.945184821055967	0.0	712239	2347.6000397970347	0.08660116	1.5
33899.52235793839	1500.0	28.826258508398315	0.0	633700	2118.9263126576534	0.031550787	1.5
33913.36403828301	8000.0	18.984578163771904	0.0	4271839	13841.68034462641	0.03587484	8.0
33915.591188890605	1500.0	20.757427556176463	0.0	670327	2227.1506075954435	0.004705182	1.5
33918.18731549468	1500.0	22.161300952104472	0.0	785519	2596.1266040719906	0.004705182	1.5
33925.01776459108	4000.0	19.330851855699365	0.0	2096494	6830.449096405108	0.6562084	4.0
33927.88732280785	1500.0	20.461293638933743	0.0	866245	2869.558216765623	0.035526518	1.5
33934.93081104438	4000.0	17.41780540240242	0.0	2142800	7043.488236531322	0.030590598	4.0
33937.37171446167	1500.0	18.976901985110636	0.0	725845	2440.903417291781	0.1439662	1.5
33940.11765818698	1500.0	20.23095825979913	0.0	811013	2745.943725311503	0.25918856	1.5
33953.57973379708	8000.0	10.768882649701572	0.0	4074581	13462.07561009756	0.34155947	8.0
33956.129884546805	1500.0	12.218731899978316	0.0	767059	2550.150749723256	0.004705182	1.5
33958.94080132249	1500.0	13.40781512429149	0.0	848035	2810.9167756868274	0.15937561	1.5
33965.991765630875	4000.0	10.356850815904274	0.0	2171279	7050.964308387216	0.11322359	4.0
33968.524070544896	1500.0	11.82454590188457	0.0	763847	2532.3049140197045	0.1263859	1.5
33974.18731423306	4000.0	10.161302213726781	0.0	1750852	5663.243688157787	0.009192129	4.0
33976.84376762533	1500.0	11.504848821449267	0.0	808636	2656.453392277516	0.6908664	1.5

