33254.709218075084	600.0	4.0	0.8106564163217032	247108	810.6564163217032	-15.613128326434063
33255.080811806605	200.0	7.628406268480189	0.0	98617	371.5937315198108	0.2
33256.01370062979	600.0	10.69551744529864	0.0	288447	932.8888231815495	0.6
33258.218038299805	1500.0	12.491179775280898	0.0	718451	2204.337670017741	1.5
33264.44840608704	4000.0	10.260811988041906	0.0	2069289	6230.367787238991	4.0
33267.11827961169	1500.0	11.590938463392119	0.0	689829	2669.873524649788	1.5
33274.834036926506	4000.0	7.875181148579899	0.0	2046450	7715.757314812219	4.0
33275.83022811707	600.0	10.878989958014412	0.0	274823	996.1911905654873	0.6
33278.88214293976	1500.0	11.827075135328244	0.0	891463	3051.914822686169	1.5
33287.1189409771	4000.0	7.590277097981798	0.0	2373154	8236.798037346445	4.0
33288.420423935604	600.0	10.288794139484231	0.0	329266	1301.4829584975657	0.6
33291.261994999826	1500.0	11.447223075259794	0.0	744416	2841.5710642244376	1.5
33298.16642948074	4000.0	8.542788594341808	0.0	2131310	6904.434480917985	4.0
33298.9877071553	600.0	11.721510919785901	0.0	266809	821.2776745559048	0.6
33305.0616740587	4000.0	9.647544016384211	0.0	2157416	6073.9669034016915	4.0
33307.74290854714	1500.0	10.966309527950738	0.0	934743	2681.2344884334725	1.5
33309.86993119298	1500.0	12.839286882109432	0.0	735572	2127.022645841305	1.5
33316.1894232234	4000.0	10.519794851688792	0.0	2192675	6319.492030420642	4.0
33318.750251387624	1500.0	11.958966687466647	0.0	747396	2560.8281642221436	1.5
33326.12553685538	4000.0	8.583681219709478	0.0	2164412	7375.28546775717	4.0
33327.3374021508	600.0	11.371815924287013	0.0	280646	1211.8652954224644	0.6
33335.285609450664	4000.0	7.423608624428169	0.0	1950922	7948.207299858844	4.0
33336.62053827661	600.0	10.088679798476504	0.0	346141	1334.9288259516657	0.6
33339.071071546205	1500.0	11.638146528886343	0.0	681795	2450.5332695901607	1.5
33345.53757074217	4000.0	9.171647332919546	0.0	1836837	6466.499195966796	4.0
33347.34429559793	1500.0	11.364922477157231	0.0	644861	1806.7248557623157	1.5
33352.64512104284	4000.0	10.06409703225	0.0	2068230	5300.825444907233	4.0
33355.03304480909	1500.0	11.676173265999841	0.0	914284	2387.9237662501578	1.5
33361.39736063199	4000.0	9.311857443096532	0.0	2165436	6364.31582290331	4.0
33363.598443617135	1500.0	11.110774457954786	0.0	707527	2201.0829851417443	1.5
33371.249774397234	4000.0	7.459443677858807	0.0	2290706	7651.33078009598	4.0
33372.357994385406	600.0	10.351223689686128	0.0	293409	1108.219988172679	0.6
33374.658727241265	1500.0	12.050490833826128	0.0	633700	2300.7328558599997	1.5
33382.0088173948	4000.0	8.700400680285387	0.0	2125133	7350.09015354074	4.0
33383.053916847704	600.0	11.655301227382381	0.0	284451	1045.099452903007	0.6
33389.244604543754	4000.0	9.464613531331437	0.0	1785821	6190.687696050943	4.0
33391.684727567364	1500.0	11.024490507723032	0.0	681043	2440.123023608404	1.5
33398.497139046995	4000.0	8.212079028095316	0.0	1955307	6812.411479627716	4.0
33399.62172039628	600.0	11.087497678805358	0.0	309862	1124.5813492899583	0.6
33406.76302249059	4000.0	7.946195584498332	0.0	2094647	7141.302094307025	4.0
33407.899341324024	600.0	10.809876751060198	0.0	315398	1136.3188334381355	0.6
33410.17537621697	1500.0	12.53384185811809	0.0	657685	2276.0348929421093	1.5
33415.92182306367	4000.0	10.78739501142165	0.0	1697030	5746.44684669644	4.0
33418.94218788916	1500.0	11.767030185929315	0.0	848035	3020.3648254923355	1.5
33426.8293846171	4000.0	7.879833457986485	0.0	2171279	7887.196727942829	4.0
33427.950389542355	600.0	10.758828532734643	0.0	288236	1121.004925251841	0.6
33430.83191319584	1500.0	11.877304879242939	0.0	769491	2881.523653491706	1.5
33438.257780726526	4000.0	8.451437348559546	0.0	2034636	7425.867530683393	4.0

