28916.67817846079	600.0	4.0	0.9018441839195145	247108	901.8441839195145	-17.436883678390288
28919.194047754878	1500.0	5.484130705911699	0.0	732405	2515.8692940883016	1.5
28921.415386409568	1500.0	7.262792051218093	0.0	643847	2221.3386546936063	1.5
28923.88484679038	1500.0	8.793331670408248	0.0	718451	2469.4603808098445	1.5
28926.34786770894	1500.0	10.330310751849291	0.0	724296	2463.0209185589574	1.5
28928.421377082926	1500.0	12.256801377865257	0.0	689829	2073.509373984034	1.5
28930.63381359631	1500.0	14.044364864481592	0.0	737903	2212.436513383665	1.5
28932.9687801823	1500.0	15.70939827849019	0.0	780303	2334.9665859914026	1.5
28935.624983628455	1500.0	17.053194832331897	0.0	891463	2656.203446158292	1.5
28938.0475418947	1500.0	18.630636566086135	0.0	763093	2422.558266245763	1.5
28944.804352923027	4000.0	15.873825537758313	0.0	2094766	6756.811028327822	4.0
28950.71662335023	4000.0	13.96155511055556	0.0	1761739	5912.270427202752	4.0
28957.86634718793	4000.0	10.811831272853972	0.0	2131310	7149.723837701589	4.0
28963.429944058895	4000.0	9.248234401888679	0.0	1805063	5563.5968709652925	4.0
28970.18070717091	4000.0	6.497471289872341	0.0	2157416	6750.763112016339	4.0
28973.207738245415	1500.0	7.470440215368409	0.0	934743	3027.0310745039314	1.5
28975.606828670843	1500.0	9.071349789941307	0.0	735572	2399.090425427102	1.5
28978.173602179722	1500.0	10.504576281066294	0.0	772616	2566.7735088750123	1.5
28980.7422779617	1500.0	11.93590049908465	0.0	747396	2568.6757819816444	1.5
28983.027764632112	1500.0	13.650413828671965	0.0	662349	2285.486670412686	1.5
28985.890511297115	1500.0	14.787667163670196	0.0	835711	2862.746665001769	1.5
28988.570576147526	1500.0	16.107602313258205	0.0	806394	2680.0648504119904	1.5
28991.140669411376	1500.0	17.537509049408044	0.0	809327	2570.093263850163	1.5
28993.318379158893	1500.0	19.359799301893474	0.0	681795	2177.7097475145665	1.5
28996.02963966309	1500.0	20.648538797691796	0.0	855209	2711.2605042016808	1.5
29002.48096259184	4000.0	18.197215868946035	0.0	1984579	6451.322928745763	4.0
29009.28649209149	4000.0	15.39168636929162	0.0	2068230	6805.529499654414	4.0
29015.952530704006	4000.0	12.725647756778603	0.0	2055338	6666.038612513018	4.0
29023.89605122428	4000.0	8.782127236503438	0.0	2165436	7943.520520275163	4.0
29031.004661919236	4000.0	5.673516541547361	0.0	2002600	7108.610694956077	4.0
29033.46300643825	1500.0	7.215172022531701	0.0	757473	2458.34451901566	1.5
29035.779323405164	1500.0	8.898855055617773	0.0	712239	2316.316966913929	1.5
29037.849040427027	1500.0	10.829138033756632	0.0	633700	2069.717021861141	1.5
29040.31978260745	1500.0	12.358395853330505	0.0	755142	2470.742180426126	1.5
29042.527509312076	1500.0	14.150669148706147	0.0	670327	2207.726704624358	1.5
29045.10087412252	1500.0	15.577304338263152	0.0	785519	2573.364810442994	1.5
29047.342615150552	1500.0	17.335563310231333	0.0	681043	2241.741028031821	1.5
29050.13930518335	1500.0	18.53887327743299	0.0	866245	2796.69003279834	1.5
29056.855800799	4000.0	15.822377661784824	0.0	2142800	6716.495615648168	4.0
29063.582399840776	4000.0	13.095778620009737	0.0	2094647	6726.599041775088	4.0
29070.026537503767	4000.0	10.651640957019369	0.0	1985434	6444.137662990368	4.0
29075.948115453946	4000.0	8.730063006838877	0.0	1830641	5921.577950180491	4.0
29081.394640234495	4000.0	7.283538226290077	0.0	1697030	5446.524780548801	4.0
29087.438346683717	4000.0	5.2398317770684315	0.0	1910697	6043.706449221646	4.0
29089.491268355974	1500.0	7.186910104814436	0.0	629438	2052.921672253995	1.5
29092.141142822402	1500.0	8.537035638384678	0.0	763847	2649.8744664297583	1.5
29094.810005870957	1500.0	9.868172589832414	0.0	769491	2668.863048552264	1.5
29101.647654400233	4000.0	7.030524060554796	0.0	2034636	6837.648529277617	4.0

