2550.289007609163	600.0	4.0	0.6668329029002287	247108	666.8329029002286	-12.736658058004574
2550.6032035898083	200.0	7.685804019354648	0.0	98617	314.19598064535285	0.2
2551.36820848784	600.0	10.920799121322766	0.0	288447	765.0048980318818	0.6
2553.1543883198224	1500.0	13.134619289340103	0.0	718451	1786.179831982664	1.5
2563.0812333792383	8000.0	7.207774229924322	0.0	4143114	9926.84505941578	8.0
2563.9491243960083	600.0	10.339883213154236	0.0	330929	867.8910167700848	0.6
2565.785957870705	1500.0	12.503049738458166	0.0	737903	1836.8334746960702	1.5
2570.7403004810853	4000.0	11.548707128077735	0.0	2058614	4954.342610380432	4.0
2575.0063232467787	4000.0	11.282684362384058	0.0	1857129	4266.022765693678	4.0
2580.4369309200383	4000.0	9.852076689124473	0.0	2373154	5430.607673259585	4.0
2582.439890411376	1500.0	11.849117197787047	0.0	769316	2002.9594913374265	1.5
2586.9234810442363	4000.0	11.36552656492707	0.0	1761739	4483.590632859978	4.0
2592.475052725238	4000.0	9.813954883925028	0.0	2131310	5551.571681002043	4.0
2594.5863458564863	1500.0	11.702661752677042	0.0	748011	2111.293131247985	1.5
2600.525008766583	4000.0	9.76399884258013	0.0	2157416	5938.662910096913	4.0
2603.1092272375595	1500.0	11.179780371603744	0.0	934743	2584.2184709763847	1.5
2608.098690224974	4000.0	10.190317384189195	0.0	1835863	4989.462987414551	4.0
2610.244819154793	1500.0	12.044188454370204	0.0	772616	2146.1289298189904	1.5
2615.9566731144455	4000.0	10.33233449471761	0.0	2082556	5711.853959652593	4.0
2617.8312920943276	1500.0	12.457715514835472	0.0	662349	1874.6189798821379	1.5
2623.9589119900315	4000.0	10.330095619131367	0.0	2379358	6127.619895704106	4.0
2625.938404665777	1500.0	12.350602943386061	0.0	806394	1979.4926757453075	1.5
2630.3743902380993	4000.0	11.914617371063647	0.0	1849252	4435.985572322415	4.0
2634.844320933751	4000.0	11.44468667541165	0.0	1822097	4469.930695651999	4.0
2639.3832719434463	4000.0	10.905735665716758	0.0	1836837	4538.951009694892	4.0
2641.028682269492	1500.0	13.260325339671029	0.0	644861	1645.4103260457284	1.5
2652.3157414744232	8000.0	5.973266134740166	0.0	4274504	11287.059204930863	8.0
2652.6966143176883	200.0	9.592393291474979	0.0	103756	380.87284326518784	0.2
2654.73604305482	1500.0	11.552964554342893	0.0	675709	2039.4287371320866	1.5
2660.623205589255	4000.0	9.66580201990763	0.0	2002600	5887.162534435262	4.0
2662.7762473733787	1500.0	11.512760235784246	0.0	757473	2153.041784123385	1.5
2667.628180465714	4000.0	10.660827143449218	0.0	1947068	4851.933092335028	4.0
2669.2612715753276	1500.0	13.027736033835838	0.0	633700	1633.0911096133814	1.5
2679.4351205035923	8000.0	6.853887105571088	0.0	4271839	10173.84892826475	8.0
2679.767018906315	200.0	10.521988702847862	0.0	108225	331.898402723226	0.2
2681.6753486028615	1500.0	12.613659006301356	0.0	785519	1908.3296965465072	1.5
2687.2564588865894	4000.0	11.032548722573742	0.0	2096494	5581.110283727614	4.0
2692.585340989839	4000.0	9.703666619323904	0.0	1955307	5328.882103249837	4.0
2694.4058824550625	1500.0	11.883125154100684	0.0	691256	1820.5414652232196	1.5
2699.74501561892	4000.0	10.543991990242917	0.0	2094647	5339.133163857767	4.0
2701.861265815073	1500.0	12.427741794090641	0.0	811013	2116.2501961522767	1.5
2706.5122859524067	4000.0	11.776721656756454	0.0	1830641	4651.020137334188	4.0
2710.8228303417995	4000.0	11.46617726736379	0.0	1697030	4310.544389392665	4.0
2715.7108926143205	4000.0	10.578114994842956	0.0	1910697	4888.062272520835	4.0
2717.3879189856116	1500.0	12.901088623551667	0.0	629438	1677.0263712912895	1.5
2722.6510096438633	4000.0	11.637997965300132	0.0	2042818	5263.0906582515345	4.0
2727.0062530472774	4000.0	11.282754561886408	0.0	1750852	4355.243403413724	4.0
2732.021096607791	4000.0	10.267911001372218	0.0	2034636	5014.843560514189	4.0

