14163.977861639063	600.0	4.0	0.7551815294238191	247108	755.1815294238191	-14.503630588476382
14164.904125514196	600.0	7.0737361248676525	0.0	309722	926.2638751323475	0.6
14166.743330405074	1500.0	9.234531233990232	0.0	643847	1839.204890877421	1.5
14168.786378323377	1500.0	11.191483315687012	0.0	718451	2043.0479183032207	1.5
14170.845396732475	1500.0	13.132464906588341	0.0	724296	2059.0184090986713	1.5
14172.810239794055	1500.0	15.16762184500837	0.0	689829	1964.843061579972	1.5
14175.910087325468	1500.0	16.067774313595553	0.0	737903	3099.847531412817	1.5
14180.02631130064	1500.0	15.951550338424207	0.0	780303	4116.223975171343	1.5
14184.333948230314	1500.0	15.643913408749924	0.0	891463	4307.636929674283	1.5
14186.407138774915	1500.0	17.570722864150213	0.0	763093	2073.1905445997127	1.5
14188.496583727247	1500.0	19.481277911819014	0.0	769316	2089.4449523312005	1.5
14190.52099015274	1500.0	21.456871486325998	0.0	744416	2024.406425493013	1.5
14192.184095807695	1500.0	23.79376583136975	0.0	606092	1663.1056549562493	1.5
14197.187116099214	4000.0	22.790745539851493	0.0	1805063	5003.020291518256	4.0
14199.393564348351	1500.0	24.584297290714595	0.0	754517	2206.4482491368985	1.5
14202.107941858392	1500.0	25.869919780674433	0.0	934743	2714.3775100401604	1.5
14207.575264272753	4000.0	24.402597366313337	0.0	1835863	5467.322414361096	4.0
14209.999855263744	1500.0	25.978006375322348	0.0	772616	2424.5909909909906	1.5
14216.370858132603	4000.0	23.60700350646273	0.0	2082556	6371.002868859616	4.0
14218.425955791765	1500.0	25.55190584730066	0.0	662349	2055.0976591620692	1.5
14220.998011852596	1500.0	26.97984978646869	0.0	835711	2572.056060831967	1.5
14228.474621728394	4000.0	23.503239910671045	0.0	1950922	7476.609875797646	4.0
14232.960171349052	1500.0	23.017690290013064	0.0	809327	4485.54962065798	1.5
14235.898480451675	1500.0	24.07938118739047	0.0	681795	2938.3091026225907	1.5
14238.165471037766	1500.0	25.812390601298763	0.0	855209	2266.9905860917097	1.5
14239.894547387918	1500.0	28.083314251146124	0.0	644861	1729.0763501526365	1.5
14242.005046532835	1500.0	29.972815106229476	0.0	794014	2110.4991449166496	1.5
14249.218334089765	4000.0	26.759527549300458	0.0	2055338	7213.287556929016	4.0
14252.753210260154	1500.0	27.224651378910917	0.0	675709	3534.876170389544	1.5
14260.156953264814	4000.0	23.820908374252067	0.0	2002600	7403.743004658849	4.0
14262.594203819137	1500.0	25.38365781992834	0.0	757473	2437.2505543237253	1.5
14264.890686489227	1500.0	27.087175149838483	0.0	712239	2296.482670089859	1.5
14266.876094227458	1500.0	29.101767411604992	0.0	633700	1985.4077382334915	1.5
14269.16104933367	1500.0	30.81681230539286	0.0	755142	2284.9551062121323	1.5
14274.580323733262	4000.0	29.39753790580165	0.0	1828568	5419.2743995912115	4.0
14279.776687823962	4000.0	28.201173815102546	0.0	1785821	5196.364090699102	4.0
14285.819094549997	4000.0	26.158767089067602	0.0	2096494	6042.406726034946	4.0
14291.461722783893	4000.0	24.51613885517061	0.0	1955307	5642.62823389699	4.0
14293.508311688587	1500.0	26.469549950476445	0.0	691256	2046.588904694168	1.5
14300.15679480696	4000.0	23.8210668321032	0.0	2094647	6648.483118373245	4.0
14306.947026409043	4000.0	21.030835230020745	0.0	1985434	6790.231602082454	4.0
14309.079806245958	1500.0	22.89805539310451	0.0	657685	2132.779836916234	1.5
14314.456610896576	4000.0	21.521250742486117	0.0	1697030	5376.804650618393	4.0
14317.334113541552	1500.0	22.643748097509864	0.0	848035	2877.502644976255	1.5
14320.049882077761	1500.0	23.927979561301115	0.0	629438	2715.7685362087464	1.5
14323.328487641895	1500.0	24.64937399716701	0.0	763847	3278.6055641341045	1.5
14326.630727428334	1500.0	25.347134210729262	0.0	769491	3302.23978643775	1.5
14329.102730084125	1500.0	26.875131554938953	0.0	808636	2472.002655790309	1.5

