33879.403055994684	600.0	4.0	0.37267362499074685	247108	372.6736249907469	-6.853472499814938
33879.849889365025	600.0	7.553166629654305	0.0	309722	446.8333703456955	0.6
33880.69245891125	1500.0	10.710597083425863	0.0	643847	842.5695462284405	1.5
33881.10372488209	600.0	14.299331112591606	0.0	279692	411.26597083425867	0.6
33881.560777217564	600.0	17.842278777111556	0.0	318350	457.0523354800504	0.6
33887.85111876764	12000.0	15.551937227033829	0.0	5243469	6290.341550077726	12.0
33888.805087825305	1500.0	18.597968169368567	0.0	737903	953.9690576652603	1.5
33889.82480432763	1500.0	21.57825166704663	0.0	780303	1019.7165023219396	1.5
33898.62145500044	12000.0	16.78160099423481	0.0	6619479	8796.650672811818	12.0
33905.53300855743	12000.0	13.870047437242247	0.0	5088378	6911.553556992564	12.0
33913.56374033869	12000.0	9.839315655984596	0.0	5709459	8030.73178125765	12.0
33914.057654421784	600.0	13.345401572893543	0.0	285624	493.91408309105236	0.6
33921.84249002519	12000.0	9.560565969488351	0.0	5575398	7784.835603405191	12.0
33924.08165629313	4000.0	11.321399701545769	0.0	1805063	2239.1662679425835	4.0
33924.477580934275	600.0	14.925475060397442	0.0	264113	395.92464114832535	0.6
33924.67047208261	200.0	18.732583912072084	0.0	94377	192.89114832535884	0.2
33924.857973278784	200.0	22.545082715899838	0.0	89871	187.5011961722488	0.2
33929.78873763285	12000.0	21.61431836183285	0.0	4055239	4930.764354066985	12.0
33938.23207966085	12000.0	17.170976333837118	0.0	5385367	8443.342027995735	12.0
33939.368657760766	1500.0	20.034398233917873	0.0	662349	1136.5780999192432	1.5
33946.83380625383	12000.0	16.569249740859156	0.0	5251330	7465.148493058717	12.0
33947.04799121084	200.0	20.355064783846473	0.0	97742	214.18495701268168	0.2
33954.09762054763	12000.0	17.3054354470586	0.0	5141915	7049.629336787872	12.0
33955.088380633126	1500.0	20.314675361565676	0.0	681795	990.7600854929202	1.5
33955.631831073944	600.0	23.77122492074281	0.0	346939	543.4504408228694	0.6
33960.0574001362	8000.0	23.34565585849328	0.0	3253093	4425.569062249533	8.0
33966.924210412966	12000.0	20.47884558172559	0.0	5138482	6866.81027676769	12.0
33971.399779966654	8000.0	20.003276028034232	0.0	3354913	4475.5695536913545	8.0
33972.219533093616	1500.0	23.183522901067047	0.0	675709	819.753126967184	1.5
33978.22349400995	12000.0	21.179561984735656	0.0	5411094	6003.960916331391	12.0
33979.132760780616	1500.0	24.27029521406483	0.0	757473	909.2667706708269	1.5
33983.599131954084	8000.0	23.803924040597785	0.0	3568902	4466.371173467045	8.0
33987.336880936404	4000.0	24.066175058273437	0.0	2544033	3737.748982324345	4.0
33993.662997602245	8000.0	21.740058392434797	0.0	4271839	6326.116665838645	8.0
34002.468471264096	12000.0	16.934584730590476	0.0	5768811	8805.473661844322	12.0
34011.14824805376	12000.0	12.254807940921925	0.0	6068110	8679.776789668551	12.0
34011.37292803038	200.0	16.030127964305866	0.0	102088	224.67997661606051	0.2
34011.91700994503	600.0	19.48604604965724	0.0	327462	544.0819146486208	0.6
34019.54477958374	12000.0	15.858276410946067	0.0	5257310	7627.769638711176	12.0
34022.69676140027	4000.0	16.706294594410316	0.0	2094647	3151.981816535751	4.0
34030.812953619956	12000.0	12.590102374730682	0.0	4828747	8116.192219679634	12.0
34031.9874990745	1500.0	15.415556920185228	0.0	657685	1174.5454545454545	1.5
34034.44654196223	4000.0	16.956514032461023	0.0	1697030	2459.042887724207	4.0
34034.905405120124	600.0	20.497650874566286	0.0	278938	458.8631578947369	0.6
34035.84032939857	1500.0	23.562726596128257	0.0	629438	934.9242784380307	1.5
34044.08069944979	12000.0	19.322356544904295	0.0	5875126	8240.370051223963	12.0
34053.05187630955	12000.0	14.351179685148567	0.0	5704199	8971.176859755727	12.0
34060.99242707479	12000.0	10.410628919906813	0.0	5646381	7940.550765241755	12.0

