31747.748451293737	600.0	4.0	0.7119190627647162	247108	711.9190627647162	-13.638381255294323
31748.620490547655	600.0	7.127960746080202	0.0	309722	872.039253919798	0.6
31750.346973837568	1500.0	9.401477456166987	0.0	643847	1726.4832899132132	1.5
31751.14221861517	600.0	12.606232678568572	0.0	279692	795.2447775984145	0.6
31751.471955377358	200.0	16.27649591637764	0.0	97658	329.73676219093136	0.2
31751.80169213955	200.0	19.94675915418671	0.0	97658	329.73676219093136	0.2
31752.72031441647	600.0	23.02813687726757	0.0	327938	918.6222769191427	0.6
31754.79575098847	1500.0	24.95270030527275	0.0	780303	2075.4365719948214	1.5
31755.11947052113	200.0	28.62898077261176	0.0	95305	323.7195326609874	0.2
31767.251151888417	12000.0	20.497299405326828	0.0	5088378	12131.681367284935	12.0
31767.552445270674	200.0	24.196006023069863	0.0	95365	301.29338225696506	0.2
31767.853685281694	200.0	27.89476601204754	0.0	95342	301.24001102232023	0.2
31769.366780135486	1500.0	30.381671158253862	0.0	606092	1513.0948537936792	1.5
31770.078972772397	600.0	33.66947852134364	0.0	266809	712.1926369102272	0.6
31770.355045396274	200.0	37.393405897465435	0.0	82750	276.0726238782099	0.2
31771.20363823459	600.0	40.5448130591513	0.0	324375	848.5928383141309	0.6
31773.026544966808	1500.0	42.72190632692964	0.0	735572	1822.9067322216629	1.5
31782.848106901834	12000.0	36.90034439190301	0.0	4055239	9821.561935026632	12.0
31795.976459407404	12000.0	27.771991886333083	0.0	5385367	13128.35250556993	12.0
31796.80479439582	600.0	30.94365689791865	0.0	310849	828.3349884144322	0.6
31818.489938363917	12000.0	13.25851292982078	0.0	5251330	21685.14396809787	12.0
31818.93072476089	200.0	16.817726532849658	0.0	97742	440.7863969711189	0.2
31819.265010745796	200.0	20.483440547941377	0.0	100675	334.28598490828153	0.2
31820.100038687575	600.0	23.64841260616131	0.0	298925	835.0279417800651	0.6
31824.819541102883	4000.0	22.9289101908549	0.0	1836837	4719.502415306412	4.0
31826.528337869844	1500.0	25.2201134238925	0.0	644861	1708.796766962397	1.5
31826.83184685226	200.0	28.916604441478455	0.0	88490	303.50898241404354	0.2
31834.63654220327	8000.0	25.111909090465556	0.0	3354913	7804.6953510129	8.0
31834.924836940114	200.0	28.82361435362345	0.0	93993	288.2947368421053	0.2
31847.084739170044	12000.0	20.663712123691802	0.0	5411094	12159.90222993165	12.0
31848.86301393043	1500.0	22.88543736330842	0.0	757473	1778.2747603833866	1.5
31860.72932242564	8000.0	15.019128868099981	0.0	3568902	11866.308495208435	8.0
31862.332273639287	1500.0	17.416177654449417	0.0	633700	1602.951213650565	1.5
31862.627178710183	200.0	21.121272583552997	0.0	89422	294.90507089641915	0.2
31863.390790822657	600.0	24.357660471080035	0.0	284451	763.6121124729633	0.6
31863.68177616272	200.0	28.06667513101755	0.0	87791	290.98534006248497	0.2
31865.39850531437	1500.0	30.34994597937131	0.0	681043	1716.729151646239	1.5
31866.265484405936	600.0	33.48296688780678	0.0	327462	866.9790915645277	0.6
31886.93395717264	12000.0	16.814494121100214	0.0	5257310	20668.472766706567	12.0
31887.436951209456	200.0	20.311500084284038	0.0	101968	502.99403681617844	0.2
31896.224348130556	8000.0	15.524103163183145	0.0	3189942	8787.396921100893	8.0
31896.54326877946	200.0	19.205182514280555	0.0	101713	318.9206489025912	0.2
31900.615874566945	4000.0	19.132576726796234	0.0	1697030	4072.6057874843214	4.0
31900.934548165027	200.0	22.8139031287157	0.0	96988	318.6735980805315	0.2
31910.077862324182	8000.0	17.670588969559773	0.0	3682991	9143.314159155927	8.0
31911.006291705547	600.0	20.74215958819295	0.0	288236	928.4293813668215	0.6
31914.72874488741	1500.0	21.019706406334425	0.0	769491	3722.453181858525	1.5
31922.625754956665	4000.0	17.122696337076338	0.0	2034636	7897.01006925809	4.0

