15320.588243600387	600.0	4.0	0.8355953063486604	247108	835.5953063486604	-16.111906126973206
15321.615297072849	600.0	6.97294652753889	0.0	309722	1027.0534724611093	0.6
15323.664022371935	1500.0	8.924221228452394	0.0	643847	2048.7252990864963	1.5
15324.599251512325	600.0	11.988992088063295	0.0	279692	935.2291403890991	0.6
15325.652687280393	600.0	14.935556319993884	0.0	318350	1053.435768069411	0.6
15327.842014192445	1500.0	16.74622940794251	0.0	689829	2189.32691205137	1.5
15328.276077564384	200.0	20.312166036005046	0.0	115792	434.063371937469	0.2
15329.196418503876	600.0	23.39182509651034	0.0	274823	920.3409394947064	0.6
15340.931380917948	8000.0	15.656862682439161	0.0	3448932	11734.962414071179	8.0
15352.286421767723	8000.0	8.301821832664452	0.0	3624869	11355.04084977471	8.0
15352.687651241407	200.0	11.90059235898024	0.0	95365	401.2294736842105	0.2
15353.088803241408	200.0	15.499440358980241	0.0	95342	401.152	0.2
15353.513793557197	200.0	19.074450043190765	0.0	102419	424.9903157894737	0.2
15354.49251860983	600.0	22.095724990559184	0.0	266809	978.7250526315789	0.6
15354.851255451935	200.0	25.73698814845392	0.0	82750	358.7368421052632	0.2
15356.02388703088	600.0	28.564356569506554	0.0	324375	1172.6315789473683	0.6
15356.406610399303	200.0	32.1816332010855	0.0	89871	382.7233684210526	0.2
15371.014625615579	12000.0	21.57361798480874	0.0	4055239	14608.01521627676	12.0
15372.355731275215	600.0	24.23251232517309	0.0	330105	1341.1056596356484	0.6
15373.629926434645	600.0	26.958317165741665	0.0	310849	1274.1951594314253	0.6
15374.788090091964	600.0	29.800153508423186	0.0	280646	1158.1636573184787	0.6
15377.96603092946	1500.0	30.62221267092799	0.0	806394	3177.940837495198	1.5
15396.324652671714	12000.0	16.263590928674798	0.0	5141915	18358.62174225319	12.0
15396.677666700167	200.0	19.91057690021992	0.0	85752	353.0140284548801	0.2
15397.058710576399	200.0	23.529533023988698	0.0	94556	381.04387623122074	0.2
15407.567335164353	8000.0	17.02090843603352	0.0	3253093	10508.62458795518	8.0
15408.694024936256	600.0	19.89421866413056	0.0	324657	1126.689771902958	0.6
15419.253846514617	8000.0	13.334397085769773	0.0	3354913	10559.821578360787	8.0
15419.623462321422	200.0	16.964781278964068	0.0	93993	369.615806805708	0.2
15420.002599186639	200.0	20.58564441374944	0.0	97083	379.13686521462824	0.2
15420.823245093392	600.0	23.76499850699573	0.0	240372	820.6459067537119	0.6
15421.807311186176	600.0	26.780932414211627	0.0	293409	984.0660927841008	0.6
15422.195020085206	200.0	30.393223515180296	0.0	99865	387.70889903133246	0.2
15423.608140923592	600.0	32.98010267679596	0.0	344336	1413.1208383843407	0.6
15424.126720529488	200.0	36.461523070899595	0.0	108225	518.5796058963579	0.2
15425.324171519813	600.0	39.26407208057489	0.0	275745	1197.4509903247051	0.6
15425.817881058336	200.0	42.770362542051004	0.0	102088	493.70953852388436	0.2
15427.224914136701	600.0	45.363329463686185	0.0	327462	1407.0330783648249	0.6
15448.314912959231	12000.0	28.273330641154885	0.0	5257310	21089.9988225313	12.0
15448.731781493849	200.0	31.856462106538626	0.0	101968	416.86853461625816	0.2
15464.631975698421	12000.0	19.956267901965127	0.0	4828747	15900.194204573501	12.0
15467.26894707423	1500.0	21.319296526157185	0.0	657685	2636.971375807941	1.5
15473.925079731374	4000.0	18.663163869010923	0.0	1697030	6656.132657146262	4.0
15475.058421246598	600.0	21.52982235378789	0.0	278938	1133.3415152230352	0.6
15477.515340765125	1500.0	23.072902835260628	0.0	629438	2456.9195185272597	1.5
15478.683793915938	600.0	25.904449684446373	0.0	288236	1168.4531508142554	0.6
15481.66958952604	1500.0	26.918654074344886	0.0	769491	2985.795610101487	1.5
15501.138679926598	12000.0	11.449563673786782	0.0	5646381	19469.090400558103	12.0

