24615.840554107763	600.0	4.0	0.582392436910722	247108	582.3924369107219	-11.047848738214439
24617.409598302027	1500.0	6.430955805738393	0.0	732405	1569.0441942616076	1.5
24618.798596243523	1500.0	9.041957864240514	0.0	643847	1388.997941497878	1.5
24620.339270720637	1500.0	11.501283387125467	0.0	718451	1540.6744771150472	1.5
24621.891828600128	1500.0	13.948725507636787	0.0	724296	1552.557879488678	1.5
24623.37431201775	1500.0	16.46624209001499	0.0	689829	1482.4834176217946	1.5
24624.95453413267	1500.0	18.886019975094662	0.0	737903	1580.2221149203283	1.5
24626.608778183654	1500.0	21.23177592411199	0.0	780303	1654.2440509826745	1.5
24628.470657329657	1500.0	23.369896778110267	0.0	891463	1861.879146001724	1.5
24630.075947221845	1500.0	25.76460688592193	0.0	763093	1605.2898921883395	1.5
24631.693675806302	1500.0	28.146878301465293	0.0	769316	1617.728584456632	1.5
24633.261633631082	1500.0	30.57892047668735	0.0	744416	1567.957824777943	1.5
24634.553105891126	1500.0	33.28744821664013	0.0	606092	1291.4722600472223	1.5
24636.12824949426	1500.0	35.71230461350697	0.0	748011	1575.1436031331593	1.5
24638.09173559025	1500.0	37.748818517520576	0.0	754517	1963.4860959864043	1.5
24640.597473648802	1500.0	39.243080458968954	0.0	934743	2505.738058551618	1.5
24642.586345921933	1500.0	41.2542081858362	0.0	735572	1988.872273132755	1.5
24644.67135054443	1500.0	43.169203563340055	0.0	772616	2085.004622496148	1.5
24646.690907109187	1500.0	45.14964699858455	0.0	747396	2019.5565647554945	1.5
24648.1441793383	1500.0	47.696374769472754	0.0	662349	1453.2722291117957	1.5
24649.93357120514	1500.0	49.906982902630524	0.0	835711	1789.3918668422332	1.5
24651.662997077325	1500.0	52.177557030444596	0.0	806394	1729.42587218593	1.5
24653.39842220804	1500.0	54.442131899728565	0.0	809327	1735.42513071603	1.5
24654.872989023428	1500.0	56.967565084341786	0.0	681795	1474.566815386779	1.5
24656.70226276645	1500.0	59.13829134132502	0.0	855209	1829.27374301676	1.5
24660.210876290745	1500.0	59.62967781702768	0.0	644861	1508.6135242973442	1.5
24664.148218980805	1500.0	59.69233512696919	0.0	794014	1937.3426900584798	1.5
24666.73562833753	1500.0	59.97365910357738	0.0	914284	2218.676023391813	1.5
24670.98675346312	1500.0	59.72253397798808	0.0	675709	1751.1251255893037	1.5
24674.816569059378	1500.0	59.892718381728706	0.0	707527	1829.8155962593712	1.5
24678.762592103187	1500.0	59.94669533792201	0.0	757473	1946.0230438066976	1.5
24683.02500503594	1500.0	59.68428240516937	0.0	712239	1762.412932752639	1.5
24684.93689966944	1500.0	59.60739010429094	0.0	633700	1576.8923008784234	1.5
24688.977161853876	1500.0	59.56712791985327	0.0	755142	2040.2621844376665	1.5
24692.79725400781	1500.0	59.74703576591726	0.0	670327	1820.0921539360118	1.5
24696.89887702616	1500.0	59.6454127475692	0.0	785519	2101.6230183480557	1.5
24700.831494702426	1500.0	59.71279507130306	0.0	681043	1432.617676266137	1.5
24704.63194157432	1500.0	59.91234819940634	0.0	866245	1800.446871896723	1.5
24708.54925191482	1500.0	59.995037858904965	0.0	691256	1417.3103405013767	1.5
24713.01969298565	1500.0	59.52459678807502	0.0	725845	1470.441070829941	1.5
24716.064669325064	1500.0	59.89100644278504	0.0	811013	1633.5903452899765	1.5
24720.400661715677	1500.0	59.55501405216995	0.0	657685	1835.992390615092	1.5
24724.028678269427	1500.0	59.92699749842033	0.0	767059	2128.016553749625	1.5
24728.205629507658	1500.0	59.75004626018976	0.0	848035	2176.951238230573	1.5
24732.276217394698	1500.0	59.67945837314932	0.0	629438	1570.5878870404356	1.5
24735.27692186874	1500.0	59.790573168010496	0.0	763847	1888.8852051388315	1.5
24739.160909677903	1500.0	59.90658535884393	0.0	769491	1883.9878091665691	1.5
24743.136668674506	1500.0	59.930826362243295	0.0	808636	1975.758996600633	1.5

