33438.92727349528	600.0	4.0	0.6694927687490682	247108	669.4927687490682	-12.789855374981363
33439.24253098745	200.0	7.684742507827643	0.0	98617	315.2574921723573	0.2
33440.01064072355	600.0	10.916632771731027	0.0	288447	768.1097360966155	0.6
33441.80455394854	1500.0	13.12271954674221	0.0	718451	1793.9132249888178	1.5
33451.62531870662	8000.0	7.3019547886637195	0.0	4143114	9820.76475807849	8.0
33452.45849992995	600.0	10.468773565335127	0.0	330929	833.1812233285917	0.6
33454.21793776778	1500.0	12.709335727497288	0.0	737903	1759.4378378378378	1.5
33459.00521207665	4000.0	11.922061418634648	0.0	2058614	4787.274308862639	4.0
33464.397365966805	4000.0	10.529907528474466	0.0	1857129	5392.153890160183	4.0
33466.660126264294	1500.0	12.267147230991627	0.0	763093	2262.760297482838	1.5
33473.40965799743	4000.0	9.517615497856855	0.0	2094766	6749.5317331347715	4.0
33476.02044778984	1500.0	10.906825705450931	0.0	744416	2610.7897924059243	1.5
33478.16097771781	1500.0	12.76629577748204	0.0	606092	2140.5299279688925	1.5
33482.89715255765	4000.0	12.03012093763676	0.0	1805063	4736.174839845281	4.0
33488.13990154435	4000.0	10.787371950933	0.0	2157416	5242.748986703759	4.0
33490.54491344466	1500.0	12.38236005062551	0.0	934743	2405.0119003074897	1.5
33495.439581444465	4000.0	11.4876920508222	0.0	1835863	4894.667999803309	4.0
33501.4635847434	4000.0	9.463688751886341	0.0	2192675	6024.003298935861	4.0
33503.74500518853	1500.0	11.182268306754624	0.0	747396	2281.420445131717	1.5
33510.25076430954	4000.0	8.676509185744987	0.0	2164412	6505.759121009638	4.0
33511.27951370209	600.0	11.647759793194965	0.0	280646	1028.749392550022	0.6
33517.954783409885	4000.0	8.972490085404814	0.0	1950922	6675.26970779015	4.0
33519.20494462182	600.0	11.722328873462875	0.0	346141	1250.1612119419383	0.6
33524.80561846904	4000.0	10.121655026244655	0.0	1822097	5600.67384721822	4.0
33527.42592182001	1500.0	11.501351675274636	0.0	855209	2620.3033509700176	1.5
33532.476151623	4000.0	10.451121872288514	0.0	1984579	5050.229802986124	4.0
33534.20265092962	1500.0	12.724622565661937	0.0	794014	1726.4993066265765	1.5
33538.54468231935	4000.0	12.382591175934232	0.0	2055338	4342.031389727705	4.0
33543.97162720043	4000.0	10.955646294856818	0.0	2165436	5426.944881077413	4.0
33546.01411801244	1500.0	12.913155482846555	0.0	707527	2042.4908120102632	1.5
33552.2383575443	4000.0	10.6889159509821	0.0	2290706	6224.239531864455	4.0
33554.051826360854	1500.0	12.875447134432056	0.0	712239	1813.4688165500456	1.5
33560.32357080868	4000.0	10.603702686607292	0.0	2544033	6271.744447824764	4.0
33562.363181300214	1500.0	12.56409219507152	0.0	755142	2039.610491535771	1.5
33567.32229009883	4000.0	11.604983396459017	0.0	1828568	4959.108798612501	4.0
33572.126005851394	4000.0	10.801267643893123	0.0	1785821	4803.715752565894	4.0
33573.95025735607	1500.0	12.97701613921903	0.0	681043	1824.2515046740941	1.5
33579.03808678366	4000.0	11.889186711635473	0.0	1955307	5087.829427583557	4.0
33584.383942690496	4000.0	10.543330804790735	0.0	2142800	5345.8559068447385	4.0
33586.195004414476	1500.0	12.732269080812138	0.0	725845	1811.0617239785956	1.5
33591.010049503835	4000.0	11.917223991453229	0.0	1985434	4815.04508935891	4.0
33596.37471483084	4000.0	10.552558664446536	0.0	1830641	5364.665327006693	4.0
33598.721982015995	1500.0	12.205291479284615	0.0	767059	2347.267185161922	1.5
33603.8887151341	4000.0	11.038558361182721	0.0	1910697	5166.7331181018935	4.0
33609.039279398334	4000.0	9.887994096944754	0.0	2171279	5150.564264237966	4.0
33610.90308300052	1500.0	12.02419049476126	0.0	763847	1863.8036021834953	1.5
33614.8738224387	4000.0	12.053451056584828	0.0	1750852	3970.7394381764307	4.0
33619.39722929609	4000.0	11.530044199192384	0.0	2034636	4523.406857392444	4.0

