18750.724430847444	600.0	4.0	0.8837502795226769	247108	883.7502795226769	-17.075005590453536
18753.186671501222	1500.0	5.53775934622187	0.0	732405	2462.2406537781303	1.5
18755.36086596769	1500.0	7.363564879754427	0.0	643847	2174.1944664674434	1.5
18757.77771945715	1500.0	8.946711390294974	0.0	718451	2416.853489459454	1.5
18760.21358455442	1500.0	10.51084629302108	0.0	724296	2435.8650972738915	1.5
18761.527353136644	1500.0	13.197077710800619	0.0	689829	1313.7685822204617	1.5
18762.91389645035	1500.0	15.81053439709162	0.0	737903	1386.5433137089992	1.5
18764.37551390863	1500.0	18.348916938811772	0.0	780303	1461.6174582798462	1.5
18766.033953110084	1500.0	20.690477737359867	0.0	891463	1658.4392014519058	1.5
18767.46509825638	1500.0	23.25933259106267	0.0	763093	1431.145146297198	1.5
18771.421140331353	4000.0	23.30329051608869	0.0	2094766	3956.0420749739797	4.0
18775.597136146403	4000.0	23.1272947010403	0.0	1761739	4175.995815048389	4.0
18780.63237460146	4000.0	22.09205624598494	0.0	2131310	5035.238455055363	4.0
18782.302214925556	1500.0	24.422215921889464	0.0	748011	1669.8403240954763	1.5
18783.9608055761	1500.0	26.763625271350072	0.0	754517	1658.5906505393918	1.5
18785.996462718955	1500.0	28.72796812849293	0.0	934743	2035.6571428571428	1.5
18787.615416886987	1500.0	31.10901396046416	0.0	735572	1618.9541680287675	1.5
18789.31187402984	1500.0	33.41255681760702	0.0	772616	1696.4571428571428	1.5
18790.95556621683	1500.0	35.768864630617806	0.0	747396	1643.692186989212	1.5
18792.518531612794	1500.0	38.20589923465217	0.0	662349	1562.9653959656343	1.5
18794.52031378532	1500.0	40.20411706212637	0.0	835711	2001.7821725257984	1.5
18796.454679245668	1500.0	42.26975160177971	0.0	806394	1934.3654603466612	1.5
18798.395789366685	1500.0	44.328641480764446	0.0	809327	1941.1101210152633	1.5
18800.04362977601	1500.0	46.68080107143966	0.0	681795	1647.8404093247866	1.5
18802.08728607251	1500.0	48.63714477493552	0.0	855209	2043.656296504141	1.5
18803.632587859087	1500.0	51.091842988358984	0.0	644861	1545.3017865765332	1.5
18805.516806338364	1500.0	53.207624509079295	0.0	794014	1884.2184792796888	1.5
18807.674311379975	1500.0	55.05011946746825	0.0	914284	2157.5050416110435	1.5
18809.289708318083	1500.0	57.43472252935935	0.0	675709	1615.3969381088987	1.5
18810.977404514862	1500.0	59.747026332580305	0.0	707527	1687.6961967790498	1.5
18815.13430447244	1500.0	59.5901263750007	0.0	757473	1656.8999575796058	1.5
18818.82275062015	1500.0	59.901680227289894	0.0	712239	1188.4461477108036	1.5
18820.297254992336	1500.0	59.835463067313626	0.0	633700	1066.2171599762667	1.5
18824.498365908385	1500.0	59.63435215126434	0.0	755142	2201.110916049296	1.5
18828.46124080744	1500.0	59.671477252208824	0.0	670327	1962.8748990555107	1.5
18832.615560481594	1500.0	59.51715757805568	0.0	785519	2154.319674153146	1.5
18836.200046039663	1500.0	59.93267201998422	0.0	681043	1584.485558071464	1.5
18840.1936595593	1500.0	59.939058500350924	0.0	866245	1993.6135196332912	1.5
18844.262718029986	1500.0	59.87000002966236	0.0	691256	2069.0584706885693	1.5
18848.463598997154	1500.0	59.66911906249774	0.0	725845	2200.8809671646154	1.5
18852.27296564915	1500.0	59.85975241050051	0.0	811013	2309.366651997226	1.5
18856.57287754342	1500.0	59.55984051622738	0.0	657685	1299.9118942731277	1.5
18860.57566261182	1500.0	59.55705544782952	0.0	767059	1502.7850683978668	1.5
18864.48469735347	1500.0	59.648020706176865	0.0	848035	1409.03474165265	1.5
18868.53709334069	1500.0	59.595624718960615	0.0	629438	1052.395987216252	1.5
18872.312179591485	4000.0	59.82053846816529	0.0	2042818	3275.0862507953266	4.0
18876.222668522587	4000.0	59.91004953706426	0.0	1750852	2910.4889311010297	4.0
18880.591932650463	4000.0	59.540785409188416	0.0	2034636	3369.2641278758424	4.0

