2853.3760467959933	600.0	4.0	1.0847848738214438	247108	1084.7848738214439	-21.095697476428874
2853.857040976277	200.0	7.519005819715876	0.0	98617	480.99418028412407	0.2
2856.555036859273	1500.0	8.82100993672012	0.0	643847	2697.995882995756	1.5
2857.103582438576	200.0	12.272464357416961	0.0	115230	548.5455793031589	0.2
2857.5806771550874	200.0	15.795369640905742	0.0	97658	477.0947165112201	0.2
2858.0577718715986	200.0	19.318274924394522	0.0	97658	477.0947165112201	0.2
2858.608602642393	200.0	22.767444153599836	0.0	115792	550.8307707946834	0.2
2859.1264241880485	200.0	26.249622607944293	0.0	107674	517.821545655544	0.2
2859.5939511900056	200.0	29.782095605987443	0.0	95305	467.52700195684764	0.2
2874.0358759067008	12000.0	19.3401708892924	0.0	5088378	14441.924716695046	12.0
2875.114711034867	600.0	22.261335761126162	0.0	329266	1078.8351281662372	0.6
2875.4839329368847	200.0	25.89211385910887	0.0	95342	369.2219020172911	0.2
2877.402525383419	1500.0	27.97352141257467	0.0	606092	1918.5924465342032	1.5
2882.9582208179704	4000.0	26.41782597802287	0.0	1805063	5555.695434551798	4.0
2883.2892446311057	200.0	30.086802164887725	0.0	82750	331.0238131351433	0.2
2884.2249141195125	600.0	33.15113267648076	0.0	324375	935.6694884069683	0.6
2888.9601080211587	4000.0	32.41593877483414	0.0	1835863	4735.1939016466185	4.0
2902.1607031148033	12000.0	23.215343681189385	0.0	4055239	13200.595093644755	12.0
2902.5882445057296	200.0	26.787802290263134	0.0	90919	427.54139092624894	0.2
2902.996508834277	200.0	30.379537961715936	0.0	85876	408.2643285471964	0.2
2904.157047656047	600.0	33.21899913994625	0.0	280646	1160.5388217696884	0.6
2904.6269531635385	200.0	36.74909363245416	0.0	97742	469.9055074920841	0.2
2905.1085587882117	200.0	40.267488007781395	0.0	100675	481.60562467276674	0.2
2906.3810093604025	600.0	42.99503743559062	0.0	298925	1272.4505721907803	0.6
2913.788390247485	4000.0	39.58765654850792	0.0	1836837	7407.3808870827	4.0
2914.271727154414	200.0	43.1043196415793	0.0	101109	483.3369069286195	0.2
2914.622153347477	200.0	46.753893448515925	0.0	88490	350.426193063376	0.2
2923.7254363073516	8000.0	41.650610488640986	0.0	3354913	9103.282959874936	8.0
2925.9561201186175	1500.0	43.41992667737491	0.0	675709	2230.683811266079	1.5
2947.3871588842103	12000.0	25.988887911781806	0.0	5411094	21431.038765593104	12.0
2947.7507229717853	200.0	29.625323824207083	0.0	93982	363.5640875747233	0.2
2948.7160015929176	600.0	32.66004520307525	0.0	293409	965.2786211318337	0.6
2962.363641400278	8000.0	23.012405395714413	0.0	3713878	13647.639807360836	8.0
2965.4816205442544	1500.0	23.894426251738405	0.0	755142	3117.9791439760097	1.5
2970.487553803506	4000.0	22.88849299248663	0.0	1828568	5005.933259251776	4.0
2970.8040517662635	200.0	26.57199502972945	0.0	87791	316.49796275718086	0.2
2971.159064057067	200.0	30.216982738925665	0.0	102088	355.01229080378494	0.2
2971.455659672786	200.0	33.92038712320691	0.0	80403	296.5956157187595	0.2
2986.0651458086954	12000.0	23.310900987297693	0.0	5257310	14609.486135909214	12.0
2986.4524750480427	200.0	26.92357174795022	0.0	101968	387.32923934747396	0.2
3003.732682528773	12000.0	13.64336426722019	0.0	4828747	17280.20748073003	12.0
3006.4298540522145	1500.0	14.946192743778823	0.0	657685	2697.1715234413664	1.5
3011.8924449928427	4000.0	13.483601803150417	0.0	1697030	5462.590940628407	4.0
3012.2800687414797	200.0	17.09597805451329	0.0	96988	387.6237486371296	0.2
3014.356502084725	1500.0	19.01954471126817	0.0	629438	2076.4333432451185	1.5
3015.3507207387047	600.0	22.02532605728859	0.0	288236	994.2186539795816	0.6
3016.265867407217	600.0	25.11017938877663	0.0	256094	915.146668511964	0.6
3038.3687173756375	12000.0	7.007329420355909	0.0	5646381	22102.84996842072	12.0

