24776.00290222192	600.0	4.0	0.834499446586008	247108	834.499446586008	-16.08998893172016
24776.384011339895	200.0	7.6188908820274035	0.0	98617	381.1091179725965	0.2
24777.34473192308	600.0	10.658170298843556	0.0	288447	960.720583183848	0.6
24779.61839170706	1500.0	12.384510514865845	0.0	718451	2273.659783977711	1.5
24781.90989813811	1500.0	14.093004083813593	0.0	724296	2291.50643105225	1.5
24784.09616583782	1500.0	15.906736384107475	0.0	689829	2186.2676997061185	1.5
24786.44480400822	1500.0	17.558098213703946	0.0	737903	2348.638170403526	1.5
24788.960301647796	1500.0	19.042600574126872	0.0	780303	2515.4976395770746	1.5
24791.822754146724	1500.0	20.18014807519979	0.0	891463	2862.452498927081	1.5
24794.284535583265	1500.0	21.7183666386581	0.0	763093	2461.781436541688	1.5
24796.649638203144	1500.0	23.3532640187807	0.0	769316	2365.102619877401	1.5
24801.3384287723	4000.0	22.664473449627152	0.0	1761739	4688.790569153545	4.0
24803.003993429513	1500.0	24.99890879241095	0.0	606092	1665.5646572162002	1.5
24807.76662874874	4000.0	24.236273473180475	0.0	1805063	4762.63531923048	4.0
24809.76911811891	1500.0	26.23378410300769	0.0	754517	2002.4893701727844	1.5
24815.535479134916	4000.0	24.46742308700323	0.0	2231719	5766.36101600446	4.0
24820.278458928376	4000.0	23.72444329354517	0.0	1835863	4742.979793458061	4.0
24825.923447348796	4000.0	22.079454873127037	0.0	2192675	5644.9884204181335	4.0
24831.39825516008	4000.0	20.604647061844446	0.0	2082556	5474.807811282589	4.0
24833.19922886865	1500.0	22.803673353274966	0.0	662349	1800.97370856948	1.5
24835.450647046924	1500.0	24.552255174999907	0.0	835711	2251.418178275061	1.5
24840.867062333866	4000.0	23.135839888057102	0.0	1950922	5416.415286942803	4.0
24846.101861546398	4000.0	21.90104067552727	0.0	1849252	5234.799212529835	4.0
24851.251320108302	4000.0	20.751582113623474	0.0	1822097	5149.458561903796	4.0
24856.439675806	4000.0	19.563226415924802	0.0	1836837	5188.355697698672	4.0
24858.352451802017	1500.0	21.650450419909717	0.0	644861	1912.775996015083	1.5
24860.722326351402	1500.0	23.280575870522554	0.0	794014	2369.8745493871666	1.5
24863.43905021586	1500.0	24.56385200606689	0.0	914284	2716.72386445566	1.5
24865.467742357174	1500.0	26.535159864754707	0.0	675709	2028.6921413121847	1.5
24871.18438944386	4000.0	24.818512778067735	0.0	2002600	5716.64708668697	4.0
24873.368188916153	1500.0	26.63471330577222	0.0	757473	2183.7994722955145	1.5
24878.817177834007	4000.0	25.185724387920224	0.0	1947068	5448.988917851996	4.0
24880.596674984525	1500.0	27.406227237400614	0.0	633700	1779.497150519611	1.5
24886.37599245016	4000.0	25.626909771761994	0.0	2125133	5779.317465638619	4.0
24891.732806786425	4000.0	24.270095435497833	0.0	1828568	5356.814336264163	4.0
24897.12864016627	4000.0	22.874262055653737	0.0	1785821	5395.833379844096	4.0
24899.149618722637	1500.0	24.853283499286196	0.0	681043	2020.978556367539	1.5
24904.596549347767	4000.0	23.406352874157534	0.0	1955307	5446.930625128663	4.0
24906.573910220613	1500.0	25.42899200131049	0.0	691256	1977.3608728470458	1.5
24912.467432402384	4000.0	23.53546981953825	0.0	2094647	5893.522181772242	4.0
24918.083672207194	4000.0	21.919230014728207	0.0	1985434	5616.2398048100395	4.0
24930.995979870568	4000.0	13.006922351355255	0.0	1830641	12912.307663372952	4.0
24932.970245034947	1500.0	15.032657186978037	0.0	767059	1974.2651643772188	1.5
24935.14448179988	1500.0	16.858420422045175	0.0	848035	2174.2367649328603	1.5
24936.77888957886	1500.0	19.224012643066942	0.0	629438	1634.4077789782375	1.5
24938.745222654954	1500.0	21.25767956697495	0.0	763847	1966.3330760919896	1.5
24940.719191787615	1500.0	23.28371043431248	0.0	769491	1973.9691326624727	1.5
24945.80614001734	4000.0	22.196762204591476	0.0	2034636	5086.948229721001	4.0

