4365.576601289127	600.0	4.0	0.9430897858499422	247108	943.0897858499421	-18.261795716998844
4366.001047140378	200.0	7.575554148748062	0.0	98617	424.44585125193737	0.2
4367.088524273692	600.0	10.488077015433648	0.0	288447	1087.477133314414	0.6
4369.67790365329	1500.0	11.898697635835754	0.0	718451	2589.3793795978954	1.5
4376.7058999370465	4000.0	8.870701352078948	0.0	2069289	7027.9962837568055	4.0
4377.776223507166	600.0	11.80037778195962	0.0	330929	1070.3235701193282	0.6
4383.980339767967	4000.0	9.596261521158361	0.0	2046450	6204.116260801257	4.0
4386.057496447011	1500.0	11.51910484211489	0.0	780303	2077.1566790434717	1.5
4390.021027873043	4000.0	11.555573416082712	0.0	1857129	3963.531426032178	4.0
4395.063643899078	4000.0	10.512957390047923	0.0	2373154	5042.616026034791	4.0
4396.955417192354	1500.0	12.621184096771756	0.0	769316	1891.773293276166	1.5
4401.323190846141	4000.0	12.253410442984109	0.0	1761739	4367.773653787648	4.0
4406.531425026944	4000.0	11.045176262181387	0.0	2131310	5208.23418080272	4.0
4410.721898398041	4000.0	10.854702891084635	0.0	1805063	4190.473371096752	4.0
4412.520077783768	1500.0	13.05652350535693	0.0	754517	1798.1793857277048	1.5
4424.3434826929315	8000.0	5.2331185961935605	0.0	4454226	11823.40490916337	8.0
4424.676088974992	200.0	8.90051231413327	0.0	89871	332.60628206029094	0.2
4425.5932444805785	600.0	11.983356808546874	0.0	297839	917.155505586396	0.6
4430.506792650979	4000.0	11.069808638145636	0.0	2082556	4913.548170401238	4.0
4435.515572361207	4000.0	10.061028927918201	0.0	2164412	5008.779710227434	4.0
4437.9598779076405	1500.0	11.616723381484414	0.0	835711	2444.305546433787	1.5
4444.211484535027	4000.0	9.365116754097013	0.0	1950922	6251.606627387402	4.0
4446.732669668959	1500.0	10.84393162016546	0.0	809327	2521.1851339315526	1.5
4448.290515635226	1500.0	13.286085653898441	0.0	681795	1557.8459662670189	1.5
4460.018286902618	8000.0	5.558314386507125	0.0	4925863	11727.771267391316	8.0
4460.405556556363	200.0	9.171044732762516	0.0	101109	387.26965374461054	0.2
4462.898560412086	1500.0	10.67804087703876	0.0	794014	2493.003855723756	1.5
4465.75706408737	1500.0	11.819537201755276	0.0	914284	2858.5036752834812	1.5
4471.007480642992	4000.0	10.569120646133182	0.0	2165436	5250.416555622095	4.0
4472.682694058056	1500.0	12.893907231069418	0.0	707527	1675.2134150637637	1.5
4478.145369151469	4000.0	11.431232137656137	0.0	2290706	5462.675093413282	4.0
4483.791004625082	4000.0	9.78559666404339	0.0	1947068	5645.635473612749	4.0
4485.682417066573	1500.0	11.894184222552695	0.0	633700	1891.4124414906921	1.5
4490.9545182185375	4000.0	10.622083070588506	0.0	2125133	5272.10115196419	4.0
4492.573465586958	1500.0	13.003135702167452	0.0	670327	1618.9473684210527	1.5
4502.980446936785	8000.0	6.5961543523419754	0.0	4086583	10406.981349825477	8.0
4503.343798426914	200.0	10.232802862212564	0.0	102088	363.3514901294106	0.2
4505.828114424555	1500.0	11.74848686457179	0.0	866245	2484.3159976407733	1.5
4511.633092813159	4000.0	9.94350847596675	0.0	2142800	5804.978388605041	4.0
4513.618447846628	1500.0	11.95815344249779	0.0	725845	1985.3550334689594	1.5
4519.877590127356	4000.0	9.699011161771287	0.0	1985434	6259.1422807265035	4.0
4523.359555729321	1500.0	10.217045559805683	0.0	657685	3481.965601965602	1.5
4527.4072733033545	1500.0	10.16932798577232	0.0	767059	4047.7175740333637	1.5
4530.452073772327	1500.0	11.124527516799692	0.0	848035	3044.8004689726267	1.5
4537.471145778718	4000.0	8.105455510408	0.0	2171279	7019.0720063916915	4.0
4538.448093954902	600.0	11.128507334223922	0.0	288236	976.9481761840783	0.6
4543.270460259858	4000.0	10.306141029268867	0.0	1750852	4822.366304955055	4.0
4545.540735691118	1500.0	12.035865598008181	0.0	808636	2270.2754312606867	1.5

