11496.21584571236	600.0	4.0	0.8700187827198977	247108	870.0187827198978	-16.800375654397953
11496.61113005077	200.0	7.604715661591335	0.0	98617	395.28433840866404	0.2
11497.613312043335	600.0	10.602533669024497	0.0	288447	1002.1819925668385	0.6
11499.990242067714	1500.0	12.225603644646924	0.0	718451	2376.930024377573	1.5
11506.57091891652	4000.0	9.644926795838332	0.0	2069289	6580.676848808593	4.0
11508.586635782829	1500.0	11.62920992953061	0.0	689829	2015.716866307722	1.5
11514.409142666498	4000.0	9.806703045860257	0.0	2046450	5822.506883670355	4.0
11516.608222367498	1500.0	11.60762334485856	0.0	780303	2199.079701001697	1.5
11521.369150548473	4000.0	10.846695163885324	0.0	1857129	4760.928180973236	4.0
11523.372540645985	1500.0	12.84330506637276	0.0	763093	2003.3900975125634	1.5
11528.201430907735	4000.0	12.014414804621788	0.0	2094766	4828.890261750973	4.0
11531.78124143902	4000.0	12.434604273339584	0.0	1761739	3579.810531282204	4.0
11536.095229097478	4000.0	12.120616614879918	0.0	2131310	4313.987658459666	4.0
11546.804862430206	4000.0	5.410983282152778	0.0	1805063	10709.63333272714	4.0
11547.057476278425	200.0	9.158369433933021	0.0	82750	252.61384821975673	0.2
11549.08732022195	1500.0	11.128525490410604	0.0	934743	2029.8439435224177	1.5
11552.996871608466	4000.0	11.218974103893778	0.0	1835863	3909.5513865168246	4.0
11557.697466341486	4000.0	10.51837937087436	0.0	2192675	4700.594733019419	4.0
11559.420772099353	1500.0	12.795073613007105	0.0	747396	1723.3057578672533	1.5
11564.259682639411	4000.0	11.956163072949389	0.0	2164412	4838.910540057716	4.0
11570.322670458821	4000.0	9.893175253538473	0.0	2379358	6062.987819410915	4.0
11572.699148752967	1500.0	11.516696959392556	0.0	806394	2376.478294145916	1.5
11577.846627827126	4000.0	10.36921788523313	0.0	1849252	5147.479074159426	4.0
11579.419071700002	1500.0	12.79677401235885	0.0	681795	1572.4438728742834	1.5
11583.519893392913	4000.0	12.695952319447079	0.0	1836837	4100.82169291177	4.0
11588.015034345342	4000.0	12.200811367017518	0.0	1984579	4495.14095242956	4.0
11593.241805528618	4000.0	10.974040183740177	0.0	2068230	5226.771183277342	4.0
11595.596992787545	1500.0	12.618852924812716	0.0	914284	2355.187258927461	1.5
11600.736292846232	4000.0	11.479552866126971	0.0	2165436	5139.300058685746	4.0
11605.316960046659	4000.0	10.898885665699963	0.0	2002600	4580.6672004270085	4.0
11607.099313929764	1500.0	13.116531782593478	0.0	757473	1782.3538831064852	1.5
11617.47238883668	8000.0	6.743456875677182	0.0	3568902	10373.074906916296	8.0
11617.846742501732	200.0	10.369103210625507	0.0	99865	374.35366505167366	0.2
11619.40223722235	1500.0	12.81360849000761	0.0	755142	1555.4947206178977	1.5
11622.934034435624	4000.0	13.281811276732322	0.0	1828568	3531.7972132752866	4.0
11631.896831273776	8000.0	8.319014438581021	0.0	4086583	8962.7968381513	8.0
11632.765898581967	600.0	11.449947130389464	0.0	284947	869.0673081915575	0.6
11638.26048035043	4000.0	9.955365361926873	0.0	1955307	5494.581768462591	4.0
11640.221774060212	1500.0	11.994071652143292	0.0	691256	1961.2937097835816	1.5
11645.995490209849	4000.0	10.220355502505154	0.0	2094647	5773.716149638137	4.0
11648.28000381795	1500.0	11.935841894404852	0.0	811013	2284.5136081003025	1.5
11651.164192689794	4000.0	13.051653022561146	0.0	1830641	2884.1888718437062	4.0
11656.634943603067	8000.0	11.580902109288246	0.0	3735285	5470.7509132729	8.0
11661.629039880045	4000.0	10.586805832311034	0.0	1910697	4994.096276977213	4.0
11665.846846692159	1500.0	10.368999020198785	0.0	629438	4217.806812112248	1.5
11669.48034928203	1500.0	10.735496430327279	0.0	763847	3633.502589871507	1.5
11670.756348582607	1500.0	13.459497129750256	0.0	769491	1275.9993005770239	1.5
11677.591689648449	8000.0	10.624156063907353	0.0	4346302	6835.341065842902	8.0

