19247.9867664651	600.0	4.0	1.3660997983215146	247108	1366.0997983215145	-26.721995966430292
19248.58002910253	200.0	7.406737362565871	0.0	98617	593.2626374341293	0.2
19250.161282111443	600.0	9.825484353652984	0.0	288447	1581.253008912888	0.6
19250.841008869626	200.0	13.145757595471995	0.0	115230	679.7267581809903	0.2
19251.42928028983	200.0	16.55748617526511	0.0	97658	588.271420206883	0.2
19252.01755171004	200.0	19.969214755058232	0.0	97658	588.271420206883	0.2
19252.700203456832	200.0	23.286563008262316	0.0	115792	682.6517467959144	0.2
19253.340604211502	200.0	26.646162253594436	0.0	107674	640.4007546678812	0.2
19264.1824318392	8000.0	19.804334625896786	0.0	3448932	10841.827627697648	8.0
19264.529999492508	200.0	23.456766972586294	0.0	105425	347.56765331049144	0.2
19265.445673487622	600.0	26.541092977471926	0.0	329266	915.6739951143683	0.6
19265.767650582256	200.0	30.2191158828366	0.0	95342	321.9770946353225	0.2
19266.107589035986	200.0	33.87917742910734	0.0	102419	339.9384537292599	0.2
19266.39282871747	200.0	37.593937747625155	0.0	80867	285.2396814821865	0.2
19267.143145014543	600.0	40.84362145055336	0.0	264113	750.3162970717934	0.6
19268.022901779328	600.0	43.96386468576763	0.0	324375	879.7567647857278	0.6
19268.828114913274	600.0	47.158651551820526	0.0	340687	805.2131339471023	0.6
19277.540415482697	12000.0	42.446350982399	0.0	4055239	8712.300569421532	12.0
19291.27665936294	12000.0	32.71010710215772	0.0	5385367	13736.243880241276	12.0
19293.14839588381	1500.0	34.83837058128599	0.0	662349	1871.7365208717265	1.5
19302.416689051133	8000.0	29.57007741396223	0.0	3690869	9268.293167323762	8.0
19311.41270521792	8000.0	24.574061247173226	0.0	3905272	8996.016166789002	8.0
19315.77443423113	4000.0	24.212332233961067	0.0	1849252	4361.729013212162	4.0
19316.54656047746	600.0	27.44020598763312	0.0	298925	772.1262463279453	0.6
19316.845493953577	200.0	31.14127251151776	0.0	94556	298.93347611536404	0.2
19326.646839042685	8000.0	25.339927422410202	0.0	3253093	9801.345089107559	8.0
19341.09354210601	12000.0	14.89322435908497	0.0	5138482	14446.70306332523	12.0
19350.786515560932	8000.0	9.200250904163353	0.0	3354913	9692.973454921617	8.0
19351.078776220627	200.0	12.907990244469065	0.0	93993	292.26065969428805	0.2
19351.84246904077	600.0	16.144297424325384	0.0	302752	763.6928201436818	0.6
19353.63304023948	1500.0	18.35372622561259	0.0	757473	1790.5711987127918	1.5
19361.874404858405	8000.0	14.112361606688586	0.0	3568902	8241.364618924004	8.0
19372.249381809623	8000.0	7.7373846554732335	0.0	3713878	10374.976951215353	8.0
19372.774170568286	200.0	11.212595896807521	0.0	89422	524.7887586657133	0.2
19373.39248623341	200.0	14.594280231684879	0.0	108225	618.3156651226412	0.2
19373.90916233003	200.0	18.077604135064117	0.0	87791	516.6760966207604	0.2
19375.406500595956	600.0	20.58026586913941	0.0	284947	1497.3382659247056	0.6
19375.88642847235	200.0	24.100337992744347	0.0	80403	479.92787639506327	0.2
19376.397767422208	200.0	27.588999042888904	0.0	86718	511.3389498554419	0.2
19376.984960508285	200.0	31.001805956806894	0.0	101968	587.1930860820096	0.2
19386.65566328262	8000.0	25.331103182470798	0.0	3189942	9670.702774336098	8.0
19387.516691419405	600.0	28.470075045686706	0.0	302912	861.0281367840913	0.6
19391.73810777087	4000.0	28.248658694217887	0.0	1697030	4221.416351468818	4.0
19392.037543840896	200.0	31.949222624193283	0.0	96988	299.43607002460476	0.2
19392.774055620073	600.0	35.21271084501401	0.0	290170	736.5117791792755	0.6
19401.77606714258	8000.0	30.210699322508663	0.0	3954105	9002.011522505343	8.0
19405.753507492067	4000.0	30.233258973022735	0.0	1750852	3977.4403494859275	4.0
19420.48735846019	12000.0	19.499408004899326	0.0	5646381	14733.850968123405	12.0

