15441.956773404077	600.0	4.0	0.7551815294238191	247108	755.1815294238191	0.0147973765	-14.503630588476382
15442.306227961952	200.0	7.650545442125756	0.0	98617	349.45455787424436	0.004705182	0.2
15442.677155930804	200.0	11.27961747327436	0.0	106476	370.92796885139524	0.004705182	0.2
15443.072002749343	200.0	14.884770654735476	0.0	115230	394.8468185388846	0.004705182	0.2
15443.418836999146	200.0	18.537936404931862	0.0	97658	346.83424980361355	0.004705182	0.2
15443.76567124895	200.0	22.191102155128245	0.0	97658	346.83424980361355	0.004705182	0.2
15444.16205363906	200.0	25.794719765019295	0.0	115792	396.3823901089519	0.004705182	0.2
15444.536254943749	200.0	29.420518460329927	0.0	107674	374.20130468936776	0.004705182	0.2
15447.052029389597	1500.0	30.904744014481366	0.0	891463	2515.774445848561	0.2292086	1.5
15465.587667361138	12000.0	16.369106042940857	0.0	5088378	18535.63797154051	0.004705182	12.0
15465.91675969495	200.0	20.040013709128658	0.0	95365	329.09233381219804	0.004705182	0.2
15466.245791953015	200.0	23.710981451064143	0.0	95342	329.03225806451616	0.018076314	0.2
15466.593309257443	200.0	27.363464146636822	0.0	102419	347.5173044273214	0.004705182	0.2
15468.627105783498	1500.0	29.32966762058223	0.0	748011	2033.7965260545907	0.004705182	1.5
15470.67789591018	1500.0	31.278877493900765	0.0	754517	2050.790126681468	0.004705182	1.5
15473.256131436412	1500.0	32.70064196766802	0.0	934743	2578.235526232744	0.004705182	1.5
15475.40918716811	1500.0	34.5475862359693	0.0	735572	2153.0557316987247	0.004705182	1.5
15487.246275042033	12000.0	26.710498362045914	0.0	4055239	11837.087873923385	0.004705182	12.0
15489.594333079018	1500.0	28.362440325061563	0.0	747396	2348.058036984353	0.00588408	1.5
15491.684306336485	1500.0	30.272467067593567	0.0	662349	2089.9732574679947	0.004705182	1.5
15494.275748725704	1500.0	31.681024678372676	0.0	835711	2591.4423892208893	0.012651879	1.5
15496.76038269022	1500.0	33.19639071385799	0.0	806394	2484.6339645146863	0.004705182	1.5
15499.253762740911	1500.0	34.70301066316468	0.0	809327	2493.3800506933057	0.17969358	1.5
15515.48817617628	8000.0	22.46859722779516	0.0	4032749	16234.413435369523	0.4803471	8.0
15517.755166762372	1500.0	24.201606641703453	0.0	855209	2266.9905860917097	0.004705182	1.5
15519.484243112525	1500.0	26.472530291550814	0.0	644861	1729.0763501526365	0.004705182	1.5
15519.790534927699	200.0	30.166238476376684	0.0	88490	306.2918151741333	0.004705182	0.2
15522.208595566695	1500.0	31.748177837381686	0.0	914284	2418.060638994998	0.004705182	1.5
15537.795164053437	8000.0	20.161609350639825	0.0	3811227	15586.568486741859	0.046297092	8.0
15540.076983013256	1500.0	21.879790390823434	0.0	707527	2281.8189598163926	0.005189977	1.5
15542.51423356758	1500.0	23.44253983649971	0.0	757473	2437.2505543237253	0.004705182	1.5
15542.963073183248	200.0	26.993700220830824	0.0	118522	448.839615668884	0.19077249	0.2
15544.94271166442	1500.0	29.01406173965814	0.0	633700	1979.6384811726855	0.014948285	1.5
15557.403189485703	8000.0	20.553583918374915	0.0	4271839	12460.477821283224	0.59712356	8.0
15559.389592372352	1500.0	22.567181031725667	0.0	670327	1986.4028866492472	0.004705182	1.5
15561.703600086674	1500.0	24.253173317404404	0.0	785519	2314.0077143212643	0.004705182	1.5
15573.214455317044	8000.0	16.742318087034054	0.0	4018228	11510.855230370347	0.087281354	8.0
15576.054741057664	1500.0	17.902032346413804	0.0	866245	2840.285740620251	0.017798943	1.5
15583.419614525143	4000.0	14.537158878934044	0.0	2142800	7364.8734674797615	0.4012448	4.0
15585.839019989045	1500.0	16.117753415031085	0.0	725845	2419.4054639029578	0.32092115	1.5
15588.450370307019	1500.0	17.506403097056758	0.0	811013	2611.3503179743284	0.07434981	1.5
15594.244204336124	4000.0	15.71256906795138	0.0	1830641	5793.83402910538	0.03881765	4.0
15601.32208285845	4000.0	12.634690545624183	0.0	1697030	7077.878522327196	0.3328858	4.0
15604.877330669984	1500.0	13.079442734090447	0.0	848035	3555.2478115337353	0.004705182	1.5
15611.070488388754	4000.0	10.8862850153201	0.0	2171279	6193.157718770347	0.4002976	4.0
15613.30107206962	1500.0	12.655701334452937	0.0	763847	2230.5836808671634	0.6803876	1.5
15620.384809040466	4000.0	9.571964363607272	0.0	1750852	7083.736970845665	0.015591197	4.0
15624.15163433326	1500.0	9.805139070813839	0.0	808636	3766.8252927934345	0.016429989	1.5

