29121.472577730907	600.0	4.0	0.8831298624794328	247108	883.1298624794329	0.007883079	-17.062597249588656
29121.873094499475	200.0	7.599483231428629	0.0	98617	400.5167685713705	0.004705182	0.2
29122.299153935986	200.0	11.17342379491763	0.0	106476	426.0594365109996	0.004705182	0.2
29122.753664894975	200.0	14.718912835930041	0.0	115230	454.5109589875887	0.004705182	0.2
29123.151064801536	200.0	18.3215129293709	0.0	97658	397.39990655914204	0.004705182	0.2
29123.548464708096	200.0	21.92411302281176	0.0	97658	397.39990655914204	0.004705182	0.2
29124.00480223273	200.0	25.467775498181968	0.0	115792	456.3375246297914	0.004705182	0.2
29124.434755309165	200.0	29.037822421743282	0.0	107674	429.9530764386845	0.004705182	0.2
29124.824507690893	200.0	32.64807004001707	0.0	95305	389.7523817262183	0.004705182	0.2
29125.247151254647	200.0	36.22542647626399	0.0	105425	422.6435637530724	0.0066043735	0.2
29125.63709864338	200.0	39.83547908752971	0.0	95365	389.9473887342827	0.004705182	0.2
29126.02697127943	200.0	43.44560645148185	0.0	95342	389.872636047858	0.004705182	0.2
29126.439844992074	200.0	47.032732738832806	0.0	102419	412.87371264904834	0.0056223134	0.2
29126.78267218743	200.0	50.68990554348047	0.0	80867	342.82719535233304	0.004705182	0.2
29127.131619352716	200.0	54.340958378191715	0.0	82750	348.9471652887526	0.006341403	0.2
29144.426718088835	12000.0	41.045859642073545	0.0	5443841	17295.09873611818	0.646324	12.0
29144.791983230585	200.0	44.68059450032735	0.0	89871	365.26514174618603	0.004705182	0.2
29157.494706472764	12000.0	35.97787125814596	0.0	4055239	12702.723242181391	0.004705182	12.0
29157.85070996383	200.0	39.62186776708232	0.0	90919	356.00349106363603	0.004705182	0.2
29158.19140438192	200.0	43.281173348989505	0.0	85876	340.6944180928168	0.0065423357	0.2
29158.61946646214	200.0	46.85311126877093	0.0	114656	428.06208021857094	0.0073885135	0.2
29158.996182585543	200.0	50.47639514536942	0.0	97742	376.7161234015103	0.10199445	0.2
29177.517229297773	12000.0	35.9553484331372	0.0	5141915	18521.046712232222	0.009991323	12.0
29177.93372608494	200.0	39.538851645968904	0.0	85752	416.4967871682935	0.004705182	0.2
29178.38477037787	200.0	43.087807353037135	0.0	94556	451.04429293177026	0.004705182	0.2
29190.60175765845	8000.0	34.87082007246033	0.0	3253093	12216.987280576801	0.0047071315	8.0
29191.003510226394	200.0	38.46906750451196	0.0	88490	401.7525679483684	0.32198116	0.2
29203.11232981556	8000.0	30.360247915343543	0.0	3354913	12108.819589168423	0.004705182	8.0
29203.483758386992	200.0	33.98881934391497	0.0	93993	371.42857142857144	0.040600516	0.2
29203.86476761108	200.0	37.60781011982382	0.0	97083	381.0092240911557	0.18994083	0.2
29204.23616207663	200.0	41.2364156542785	0.0	93982	371.39446554530656	0.016295101	0.2
29216.28262997097	8000.0	33.18994775993624	0.0	3568902	12046.467894342268	0.021966673	8.0
29219.120470308248	1500.0	34.35210742265893	0.0	633700	2837.840337277302	0.019135535	1.5
29219.589631738956	200.0	37.88294599195038	0.0	89422	469.16143070855435	0.017807685	0.2
29220.140623171024	200.0	41.33195455988184	0.0	108225	550.9914320685434	0.13552871	0.2
29220.602686546517	200.0	44.86989118438884	0.0	87791	462.0633754929961	0.14773823	0.2
29221.12696996825	200.0	48.345607762656215	0.0	102088	524.2834217326262	0.55081487	0.2
29221.55688102496	200.0	51.91569670594467	0.0	80403	429.91105671154634	0.33264995	0.2
29242.46261075667	12000.0	35.00996697423414	0.0	5257310	20905.729731710533	0.06842684	12.0
29242.94995321148	200.0	38.522624519425385	0.0	101968	487.34245480874864	0.09604485	0.2
29260.026234721154	12000.0	25.446343009748666	0.0	4828747	17076.28150967672	0.6553402	12.0
29267.040333294986	4000.0	22.432244435916623	0.0	1830641	7014.098573832046	0.0053596096	4.0
29273.569240762212	4000.0	19.903336968692606	0.0	1697030	6528.907467224017	0.004705182	4.0
29279.92359179305	4000.0	17.54898593785304	0.0	1910697	6354.351030839566	0.011343939	4.0
29282.048549557832	1500.0	19.424028173070713	0.0	629438	2124.957764782326	0.2575104	1.5
29288.561701818213	4000.0	16.910875912687818	0.0	2042818	6513.152260382897	0.19087164	4.0
29294.072278923963	4000.0	15.400298806940024	0.0	1750852	5510.577105747795	0.004705182	4.0
29301.11022403396	4000.0	12.362353696943229	0.0	2034636	7037.945109996794	0.06825591	4.0

