22043.837004484918	600.0	4.0	0.6264573197700132	247108	626.4573197700132	0.19196106	-11.929146395400265
22044.135087191687	200.0	7.701917293233082	0.0	98617	298.08270676691734	0.004705182	0.2
22044.450549376557	200.0	11.386455108359133	0.0	106476	315.4621848739496	0.004705182	0.2
22044.785370252277	200.0	15.051634232640422	0.0	115230	334.8208757187085	0.004705182	0.2
22045.08133221601	200.0	18.75567226890756	0.0	97658	295.9619637328616	0.004705182	0.2
22045.37729417974	200.0	22.4597103051747	0.0	97658	295.9619637328616	0.004705182	0.2
22045.713357868375	200.0	26.12364661654135	0.0	115792	336.0636886333481	0.004705182	0.2
22046.031469323483	200.0	29.805535161432992	0.0	107674	318.11145510835917	0.004705182	0.2
22074.45811125183	12000.0	5.378893233082705	0.0	6619479	28426.641928350287	0.005281584	12.0
22074.770213075015	200.0	9.06679140989729	0.0	105425	312.10182318541456	0.004705182	0.2
22075.060166979383	200.0	12.776837505528524	0.0	95365	289.95390436876505	0.004705182	0.2
22075.350070247358	200.0	16.48693423755467	0.0	95342	289.90326797385626	0.004705182	0.2
22076.764431719665	1500.0	19.07257276524645	0.0	606092	1414.3614723082217	0.054149542	1.5
22077.02246708258	200.0	22.81453740232935	0.0	80867	258.0353629170967	0.0064540594	0.2
22077.68393361165	600.0	26.153070873261587	0.0	264113	661.4665290677675	0.036117665	0.6
22079.82184733714	1500.0	28.015157147771387	0.0	934743	2137.913725490196	0.004705182	1.5
22097.88566420152	12000.0	13.951340283392714	0.0	5964284	18063.816864378674	0.004705182	12.0
22098.195321581352	200.0	17.641682903560262	0.0	103142	309.6573798324473	0.004705182	0.2
22098.47776306316	200.0	21.359241421748912	0.0	90919	282.4414818113502	0.72457063	0.2
22098.748975732593	200.0	25.088028752317534	0.0	85876	271.2126694313786	0.004705182	0.2
22100.689781210065	1500.0	27.14722327484808	0.0	835711	1940.8054774694538	0.004705182	1.5
22102.565309056652	1500.0	29.271695428261758	0.0	806394	1875.5278465863232	0.025852129	1.5
22104.447367560922	1500.0	31.389636923989446	0.0	809327	1882.0585042723148	0.004705182	1.5
22106.024195490503	1500.0	33.81280899441116	0.0	681795	1576.8279295782847	0.004705182	1.5
22119.805787545378	12000.0	24.03121693953494	0.0	6078444	13781.592054876215	0.004705182	12.0
22121.452552814004	1500.0	26.384451670910405	0.0	644861	1646.765268624533	0.004705182	1.5
22123.461702751745	1500.0	28.37530173316934	0.0	794014	2009.1499377410637	0.004705182	1.5
22131.274462161247	8000.0	24.562542323666012	0.0	3354913	7812.759409503326	0.004705182	8.0
22132.88613942979	1500.0	26.950865055124538	0.0	675709	1611.677268541475	0.004705182	1.5
22148.241558041504	8000.0	15.595446443410454	0.0	4435580	15355.418611714083	0.022834659	8.0
22151.35182882535	1500.0	16.485175659562472	0.0	757473	3110.270783847981	0.010202679	1.5
22154.28114098937	1500.0	17.55586349554197	0.0	712239	2929.3121640205027	0.004705182	1.5
22156.99821194754	1500.0	18.838792537376055	0.0	633700	2717.070958165914	0.07802776	1.5
22160.393691888265	1500.0	19.443312596648322	0.0	755142	3395.479940727732	0.004705182	1.5
22163.416788315462	1500.0	20.420216169448942	0.0	670327	3023.0964271993853	0.008799955	1.5
22167.45159892317	1500.0	20.385405561744232	0.0	785519	4034.810607704708	0.004737152	1.5
22172.29101713675	1500.0	19.54598734816048	0.0	681043	4839.418213583753	0.004705182	1.5
22178.612910603042	1500.0	17.22409388186957	0.0	866245	6321.893466290909	0.009635824	1.5
22183.941876480316	1500.0	15.895128004597492	0.0	691256	5328.96587727208	0.004705182	1.5
22187.719939663402	1500.0	16.117064821511114	0.0	725845	3778.0631830863767	0.004705182	1.5
22190.382012690963	1500.0	17.454991793951667	0.0	811013	2662.073027559447	0.004705182	1.5
22196.29033942462	4000.0	15.546665060293325	0.0	1830641	5908.326733658343	0.49200854	4.0
22198.089473872955	1500.0	17.7475306119587	0.0	767059	1799.1344483346236	0.025343765	1.5
22202.218311316337	4000.0	17.618693168576716	0.0	1910697	4128.837443381984	0.3304943	4.0
22206.918479093467	4000.0	16.91852539144812	0.0	2171279	4700.167777128595	0.030249948	4.0
22212.260846146004	4000.0	15.576158338913144	0.0	2042818	5342.367052534978	0.039898317	4.0
22216.851099080264	4000.0	14.985905404650293	0.0	1750852	4590.252934262852	0.004705182	4.0
22221.385943605495	4000.0	14.451060879420032	0.0	2034636	4534.844525230261	0.033895534	4.0

