23419.19649542336	600.0	4.0	0.9991296261856055	247108	999.1296261856055	-19.38259252371211
23422.00070966922	1500.0	5.195785754137995	0.0	732405	2804.214245862005	1.5
23424.475528341343	1500.0	6.720967082015994	0.0	643847	2474.818672122001	1.5
23427.22784003931	1500.0	7.968655384043146	0.0	718451	2752.3116979728475	1.5
23429.908102986392	1500.0	9.28839243696358	0.0	724296	2680.262947079566	1.5
23432.382615070394	1500.0	10.813880352961325	0.0	689829	2474.5120840022564	1.5
23435.024000066274	1500.0	12.172495357083337	0.0	737903	2641.3849958779883	1.5
23437.812562568986	1500.0	13.383932854371487	0.0	780303	2788.56250271185	1.5
23440.924916461117	1500.0	14.271578962240657	0.0	891463	3112.3538921308295	1.5
23443.574307231123	1500.0	15.622188192232871	0.0	763093	2649.3907700077866	1.5
23446.244651304023	1500.0	16.951844119335714	0.0	769316	2670.344072897157	1.5
23448.831155228767	1500.0	18.365340194589823	0.0	744416	2586.503924745891	1.5
23451.021835210406	1500.0	20.174660212952148	0.0	606092	2190.679981637675	1.5
23453.723158556222	1500.0	21.47333686713442	0.0	748011	2701.3233458177283	1.5
23456.447281472752	1500.0	22.749213950604645	0.0	754517	2724.122916529777	1.5
23459.82574841891	1500.0	23.37074700444872	0.0	934743	3378.466946155926	1.5
23462.66366940124	1500.0	24.532826022117558	0.0	735572	2837.920982331162	1.5
23465.64048151166	1500.0	25.556013911699036	0.0	772616	2976.812110418522	1.5
23468.522734874365	1500.0	26.673760548995748	0.0	747396	2882.2533627032853	1.5
23471.704173924212	1500.0	27.492321499148648	0.0	662349	3181.439049847099	1.5
23476.4202518661	1500.0	26.77624355725835	0.0	835711	4716.077941890299	1.5
23480.611921320477	1500.0	26.584574102884353	0.0	806394	4191.669454373996	1.5
23483.58347213217	1500.0	27.613023291192416	0.0	809327	2971.550811691937	1.5
23486.099378614537	1500.0	29.097116808821877	0.0	681795	2515.906482370542	1.5
23489.23485591619	1500.0	29.96163950716723	0.0	855209	3135.477301654646	1.5
23491.686983555344	1500.0	31.509511868013984	0.0	644861	2452.1276391532438	1.5
23494.74800615196	1500.0	32.44848927139761	0.0	794014	3061.022596616374	1.5
23498.260566867164	1500.0	32.93592855619006	0.0	914284	3512.5607152075468	1.5
23500.869577333426	1500.0	34.326918089931105	0.0	675709	2609.010466258963	1.5
23503.54797336712	1500.0	35.648522056235876	0.0	707527	2678.396033695228	1.5
23506.409796306503	1500.0	36.78669911685515	0.0	757473	2861.8229393807237	1.5
23509.105497181015	1500.0	38.09099824234003	0.0	712239	2695.7008745151147	1.5
23511.40175585395	1500.0	39.79473956941101	0.0	633700	2296.258672929021	1.5
23513.799208669658	1500.0	41.39728675369826	0.0	755142	2397.4528157127515	1.5
23515.936373009077	1500.0	43.26012241427828	0.0	670327	2137.1643394199787	1.5
23518.427049700807	1500.0	44.76944572254896	0.0	785519	2490.676691729323	1.5
23520.597100337603	1500.0	46.59939508575289	0.0	681043	2170.050636796072	1.5
23523.455134023592	1500.0	47.74136139976439	0.0	866245	2858.0336859885	1.5
23525.77746960059	1500.0	49.41902582276334	0.0	691256	2322.3355770010544	1.5
23528.212006945494	1500.0	50.98448847786025	0.0	725845	2434.53734490309	1.5
23530.922817098766	1500.0	52.273678324588005	0.0	811013	2710.8101532722408	1.5
23533.285355501615	1500.0	53.91113992173899	0.0	657685	2362.538402849015	1.5
23536.088561323926	1500.0	55.10793409942604	0.0	767059	2803.2058223129493	1.5
23539.1792473983	1500.0	56.01724802504954	0.0	848035	3090.6860743764983	1.5
23541.493872409395	1500.0	57.7026230139552	0.0	629438	2314.625011094346	1.5
23545.20245862236	1500.0	57.994036800991076	0.0	763847	3708.5862129641278	1.5
23549.05424221405	1500.0	58.14225320929938	0.0	769491	3851.7835916916856	1.5
23553.028121642732	1500.0	58.16837378061736	0.0	808636	3973.879428682024	1.5

