24660.106129647047	600.0	4.0	0.7356110503100852	247108	735.6110503100853	-14.112221006201706
24662.129299480894	1500.0	5.976830166152621	0.0	732405	2023.1698338473786	1.5
24663.91751292566	1500.0	8.18861672138759	0.0	643847	1788.213444765032	1.5
24665.9036609043	1500.0	10.202468742745332	0.0	718451	1986.1479786422578	1.5
24667.90531646096	1500.0	12.200813186084302	0.0	724296	2001.6555566610289	1.5
24669.81552639032	1500.0	14.29060325672404	0.0	689829	1910.2099293602628	1.5
24671.78944480351	1500.0	16.31668484353515	0.0	737903	1973.9184131888887	1.5
24677.149888556814	4000.0	14.956241090228643	0.0	2058614	5360.4437533065075	4.0
24681.9871587399	4000.0	14.118970907147075	0.0	1857129	4837.270183081568	4.0
24688.134084889516	4000.0	11.972044757528948	0.0	2373154	6146.926149618126	4.0
24693.923946723502	4000.0	10.182182923541548	0.0	2094766	5789.861833987401	4.0
24698.989059909694	4000.0	9.117069737350263	0.0	1761739	5065.1131861912845	4.0
24704.130052880206	4000.0	7.9760767668402135	0.0	2131310	5140.992970510049	4.0
24708.261366986368	4000.0	7.844762660679288	0.0	1805063	4131.314106160925	4.0
24710.034817777527	1500.0	10.07131186952229	0.0	754517	1773.4507911569972	1.5
24712.355950812715	1500.0	11.750178834332255	0.0	934743	2321.1330351900365	1.5
24714.2381883822	1500.0	13.867941264848465	0.0	735572	1882.237569483791	1.5
24716.21118809125	1500.0	15.894941555799877	0.0	772616	1972.999709048589	1.5
24721.477756198383	4000.0	14.628373448665903	0.0	2082556	5266.568107133973	4.0
24727.746763793773	4000.0	12.359365853276751	0.0	2164412	6269.007595389152	4.0
24733.78960434697	4000.0	10.316525300081041	0.0	2379358	6042.84055319571	4.0
24738.137938158896	4000.0	9.968191488154497	0.0	1950922	4348.333811926543	4.0
24742.29889613118	4000.0	9.807233515869955	0.0	1849252	4160.957972284543	4.0
24746.498083979997	4000.0	9.608045667053283	0.0	1822097	4199.187848816673	4.0
24750.730594329696	4000.0	9.37553531735353	0.0	1836837	4232.510349699753	4.0
24755.269422199028	4000.0	8.836707448020777	0.0	1984579	4538.827869332754	4.0
24759.99139279717	4000.0	8.114736849883641	0.0	2068230	4721.970598137134	4.0
24771.343269207446	4000.0	4.0	3.237139560393879	2055338	11351.87641027752	-60.74279120787757
24772.24932456689	600.0	7.09394464055471	0.0	291029	906.0553594452892	0.6
24772.996905223165	600.0	10.346363984279302	0.0	302752	747.5806562754098	0.6
24773.606935404667	600.0	13.736333802776842	0.0	240372	610.0301815024601	0.6
24775.25745179777	1500.0	16.08581740967311	0.0	712239	1650.5163931037337	1.5
24776.734786454126	1500.0	18.60848275331501	0.0	633700	1477.3346563580988	1.5
24781.5007924353	4000.0	17.84247677214055	0.0	2125133	4766.0059811744595	4.0
24786.131441512644	4000.0	17.21182769479715	0.0	1828568	4630.6490773434025	4.0
24790.74247273638	4000.0	16.600796471061404	0.0	1785821	4611.0312237357475	4.0
24797.982655372994	4000.0	13.36061383444698	0.0	2096494	7240.182636614424	4.0
24804.28976671704	4000.0	11.053502490403218	0.0	1955307	6307.111344043761	4.0
24809.40454115313	4000.0	9.938728054312993	0.0	2142800	5114.774436090226	4.0
24817.6586775091	4000.0	5.684591698341887	0.0	2094647	8254.136355971106	4.0
24822.77459757822	1500.0	4.568671629221229	0.0	811013	5115.920069120658	1.5
24823.51595041585	600.0	7.827318791591765	0.0	302912	741.3528376294639	0.6
24824.314390436044	600.0	11.028878771396085	0.0	329059	798.4400201956797	0.6
24825.003400438363	600.0	14.339868769076311	0.0	278938	689.0100023197741	0.6
24826.457662954912	1500.0	16.885606252530867	0.0	629438	1454.2625165454472	1.5
24828.205382889955	1500.0	19.13788631748454	0.0	763847	1747.7199350463275	1.5
24832.108047355112	4000.0	19.23522185232891	0.0	1750852	3902.6644651556303	4.0
24845.141085590716	12000.0	10.202183616722342	0.0	5646381	13033.038235606566	12.0

