13435.085582892041	600.0	4.0	0.8250445663029755	247108	825.0445663029756	-15.90089132605951
13436.099412202158	600.0	6.986170689882601	0.0	309722	1013.8293101173988	0.6
13438.120647244652	1500.0	8.964935647389149	0.0	643847	2021.2350424934516	1.5
13440.366817557653	1500.0	10.718765334388602	0.0	718451	2246.170313000547	1.5
13442.630610875534	1500.0	12.454972016507432	0.0	724296	2263.7933178811695	1.5
13444.799448354188	1500.0	14.28613453785347	0.0	689829	2168.8374786539607	1.5
13447.50356997581	1500.0	15.58201291623185	0.0	737903	2704.121621621621	1.5
13450.35847395874	1500.0	16.72710893330155	0.0	780303	2854.9039829302988	1.5
13453.608683773817	1500.0	17.476899118223315	0.0	891463	3250.2098150782363	1.5
13456.171939073147	1500.0	18.91364381889405	0.0	763093	2563.2552993292625	1.5
13458.517923867243	1500.0	20.567659024799685	0.0	769316	2345.984794094365	1.5
13463.78704483335	4000.0	19.298538058690813	0.0	1761739	5269.120966108872	4.0
13471.425932306045	4000.0	15.659650585996165	0.0	2131310	7638.887472694648	4.0
13477.670739718267	4000.0	13.41484317377471	0.0	1805063	6244.8074122214575	4.0
13484.211519833563	4000.0	10.874063058479358	0.0	2157416	6540.780115295351	4.0
13491.85768721284	4000.0	7.227895679203038	0.0	2231719	7646.16737927632	4.0
13497.904737107212	4000.0	5.180845784830462	0.0	1835863	6047.049894372576	4.0
13500.253300566068	1500.0	6.832282325974116	0.0	772616	2348.5634588563457	1.5
13502.527812788045	1500.0	8.557770103996578	0.0	747396	2274.512221977538	1.5
13504.55260908842	1500.0	10.53297380362221	0.0	662349	2024.7963003743669	1.5
13506.871800797588	1500.0	12.213782094453185	0.0	835711	2319.191709169026	1.5
13508.87605308316	1500.0	14.209529808879518	0.0	806394	2004.252285573668	1.5
13510.887304220354	1500.0	16.19827867168544	0.0	809327	2011.2511371940764	1.5
13512.594232976076	1500.0	18.491349915962186	0.0	681795	1706.9287557232556	1.5
13517.316104944986	4000.0	17.769477947052142	0.0	1836837	4721.871968910044	4.0
13523.669469888879	4000.0	15.416113003160882	0.0	1984579	6353.36494389126	4.0
13529.19632581386	4000.0	13.889257078180888	0.0	2068230	5526.855924979995	4.0
13533.940327288848	4000.0	13.14525560319188	0.0	2055338	4744.001474989009	4.0
13539.12475835732	4000.0	11.960824534720956	0.0	2165436	5184.431068470923	4.0
13544.11707994194	4000.0	10.96850295010109	0.0	2002600	4992.3215846198655	4.0
13551.003139519882	4000.0	8.082443372158952	0.0	2290706	6886.059577942138	4.0
13557.932974814108	4000.0	5.1526080779333725	0.0	1947068	6929.83529422558	4.0
13560.730093476344	1500.0	6.355489415697334	0.0	633700	2797.1186622360383	1.5
13564.047919609906	1500.0	7.037663282135323	0.0	755142	3317.826133562011	1.5
13567.002084043394	1500.0	8.083498848648347	0.0	670327	2954.164433486976	1.5
13569.323975555024	1500.0	9.761607337018805	0.0	785519	2321.891511629542	1.5
13571.330444801702	1500.0	11.755138090338114	0.0	681043	2006.4692466806925	1.5
13573.860795737828	1500.0	13.224787154213793	0.0	866245	2530.3509361243214	1.5
13575.896154541286	1500.0	15.189428350755701	0.0	691256	2035.3588034580912	1.5
13578.416703442088	1500.0	16.66887944995479	0.0	725845	2520.548900800909	1.5
13582.353046275455	1500.0	16.732536616586785	0.0	811013	3936.342833368005	1.5
13589.42235371176	4000.0	13.663229180282233	0.0	1830641	7069.307436304553	4.0
13593.636220922454	4000.0	13.449361969588445	0.0	1697030	4213.8672106937875	4.0
13598.343223770386	4000.0	12.742359121656868	0.0	1910697	4707.002847931576	4.0
13603.467211283996	4000.0	11.618371608045253	0.0	2171279	5123.987513611615	4.0
13608.352032804767	4000.0	10.733550087275876	0.0	2042818	4884.821520769376	4.0
13613.18356900912	4000.0	9.902013882923551	0.0	1750852	4831.536204352325	4.0
13619.21878098502	4000.0	7.866801907023181	0.0	2034636	6035.211975900371	4.0

