4761.845870242405	600.0	4.0	0.8938089455159212	247108	893.8089455159212	-17.27617891031842
4762.94588794407	600.0	6.899982298334809	0.0	309722	1100.0177016651917	0.6
4763.975839984907	600.0	9.870030257497477	0.0	288447	1029.95204083733	0.6
4764.976958894814	600.0	12.86891134759072	0.0	279692	1001.1189099067575	0.6
4766.1053914741115	600.0	15.740478768293436	0.0	318350	1128.432579297285	0.6
4767.275250889956	600.0	18.570619352448386	0.0	330929	1169.8594158450487	0.6
4769.785411234109	1500.0	20.06045900829508	0.0	737903	2510.160344153305	1.5
4772.308554623925	1500.0	21.537315618479486	0.0	780303	2523.143389815596	1.5
4774.883422301594	1500.0	22.962447940810737	0.0	891463	2574.8676776687485	1.5
4777.099030914353	1500.0	24.74683932805252	0.0	763093	2215.6086127582166	1.5
4782.959087099239	4000.0	22.886783143165506	0.0	2094766	5860.056184887011	4.0
4787.6336045480175	4000.0	22.212265694387167	0.0	1761739	4674.517448778341	4.0
4793.868871851887	4000.0	19.976998390518066	0.0	2131310	6235.2673038691	4.0
4800.851928403346	4000.0	16.993941839057673	0.0	1805063	6983.056551460396	4.0
4807.599274897392	4000.0	14.246595345012194	0.0	2157416	6747.346494045478	4.0
4814.092374042528	4000.0	11.753496199876794	0.0	2231719	6493.099145135399	4.0
4819.084957120815	4000.0	10.760913121590038	0.0	1835863	4992.583078286756	4.0
4824.94944348736	4000.0	8.896426755044352	0.0	2192675	5864.486366545685	4.0
4830.427200854	4000.0	7.418669388405226	0.0	2082556	5477.757366639127	4.0
4832.223937015734	1500.0	9.621933226671251	0.0	662349	1796.736161733975	1.5
4834.728792521017	1500.0	11.11707772138818	0.0	835711	2504.855505283072	1.5
4837.193162716167	1500.0	12.65270752623738	0.0	806394	2464.3701951507987	1.5
4839.666205294523	1500.0	14.179664947881378	0.0	809327	2473.0425783560027	1.5
4841.762157393873	1500.0	16.08371284853188	0.0	681795	2095.9520993494975	1.5
4844.197669707558	1500.0	17.648200534846822	0.0	855209	2435.5123136850557	1.5
4845.951655040805	1500.0	19.89421520160002	0.0	644861	1753.9853332468037	1.5
4851.40054335283	4000.0	18.445326889574577	0.0	2068230	5448.88831202544	4.0
4858.7635993363	4000.0	15.08227090610459	0.0	2055338	7363.05598346999	4.0
4866.595872806972	4000.0	11.249997435432293	0.0	2165436	7832.273470672297	4.0
4872.980171872392	4000.0	8.865698370011733	0.0	2002600	6384.2990654205605	4.0
4876.0545239318	1500.0	9.791346310604231	0.0	757473	3074.3520594075017	1.5
4879.056005717121	1500.0	10.789864525283647	0.0	712239	3001.4817853205836	1.5
4881.735334042805	1500.0	12.110536199598513	0.0	633700	2679.3283256851337	1.5
4884.473580955064	1500.0	13.372289287339635	0.0	755142	2738.2469122588777	1.5
4886.3298109573825	1500.0	15.516059285021063	0.0	670327	1856.2300023185717	1.5
4891.141872830125	4000.0	14.70399741227753	0.0	1785821	4812.061872743533	4.0
4897.145465902151	4000.0	12.700404340252756	0.0	2096494	6003.593072024774	4.0
4903.07267583038	4000.0	10.773194412023091	0.0	1955307	5927.209928229666	4.0
4908.367681670779	4000.0	9.478188571623985	0.0	2142800	5295.005840399105	4.0
4910.1465085044	1500.0	11.699361738002969	0.0	725845	1778.8268336210174	1.5
4912.124669471019	1500.0	13.721200771384087	0.0	811013	1978.160966618882	1.5
4913.743969081914	1500.0	16.101901160489145	0.0	657685	1619.2996108949417	1.5
4918.374755006772	4000.0	15.471115235631448	0.0	1697030	4630.785924857697	4.0
4923.6873013482345	4000.0	14.158568894168035	0.0	1910697	5312.546341463415	4.0
4928.96566471589	4000.0	12.880205526512345	0.0	2171279	5278.36336765569	4.0
4933.829501727775	4000.0	12.016368514627795	0.0	2042818	4863.8370118845505	4.0
4938.161163283966	4000.0	11.684706958436523	0.0	1750852	4331.66155619127	4.0
4943.224809834897	4000.0	10.621060407504217	0.0	2034636	5063.646550932305	4.0

