9552.657368408854	600.0	4.0	0.8617090434576299	247108	861.7090434576298	0.11434551	-16.634180869152598
9553.049336458203	200.0	7.6080319506504805	0.0	98617	391.9680493495196	0.004705182	0.2
9553.466165909746	200.0	11.191202499110284	0.0	106476	416.8294515401954	0.004705182	0.2
9553.91068803399	200.0	14.746680374866543	0.0	115230	444.5221242437424	0.004705182	0.2
9554.299622353257	200.0	18.357746055597293	0.0	97658	388.93431926924745	0.004705182	0.2
9554.688556672527	200.0	21.968811736328046	0.0	97658	388.93431926924745	0.004705182	0.2
9555.134856644847	200.0	25.522511764008065	0.0	115792	446.299972319981	0.004705182	0.2
9555.555475886415	200.0	29.101892522440583	0.0	107674	420.61924156747995	0.004705182	0.2
9558.455557344756	1500.0	30.20181106409901	0.0	891463	2900.0814583415713	0.004705182	1.5
9576.894931038554	12000.0	15.762437370298827	0.0	5088378	18439.373693800186	0.037649788	12.0
9577.320487701298	200.0	19.336880707557636	0.0	95365	425.55666274119034	0.004705182	0.2
9577.745961023156	200.0	22.911407385698773	0.0	95342	425.47332185886404	0.010758028	0.2
9578.197077972156	200.0	26.460290436699772	0.0	102419	451.11694899900357	0.004705182	0.2
9580.987508264754	1500.0	27.669860144100802	0.0	748011	2790.4302925989673	0.004705182	1.5
9583.847708596757	1500.0	28.809659812098978	0.0	754517	2860.2003320018257	0.004705182	1.5
9587.50892788702	1500.0	29.148440521835102	0.0	934743	3661.2192902638762	0.004705182	1.5
9590.407076443125	1500.0	30.250291965731467	0.0	735572	2898.148556103635	0.004705182	1.5
9593.443741163448	1500.0	31.213627245408343	0.0	772616	3036.6647203231237	0.22368795	1.5
9596.34104691664	1500.0	32.316321492216055	0.0	747396	2897.3057531922914	0.004705182	1.5
9598.91776839805	1500.0	33.73960001080438	0.0	662349	2576.7214814116765	0.004705182	1.5
9602.147977133855	1500.0	34.50939127499888	0.0	835711	3230.2087358054946	0.004705182	1.5
9605.244989847077	1500.0	35.41237856177639	0.0	806394	3097.0127132224875	0.004705182	1.5
9608.335319026917	1500.0	36.32204938193633	0.0	809327	3090.3291798400596	0.005097947	1.5
9610.95128703882	1500.0	37.70608137003378	0.0	681795	2615.9680119025484	0.060101856	1.5
9614.280107774553	1500.0	38.377260634299134	0.0	855209	3328.8207357346473	0.6418602	1.5
9628.325076536019	8000.0	28.332291872834126	0.0	3253093	14044.968761465008	0.08394333	8.0
9631.76003573532	1500.0	28.897332673531302	0.0	794014	3434.959199302823	0.004705182	1.5
9635.399926930859	1500.0	29.257441477992238	0.0	914284	3639.891195539065	0.004705182	1.5
9637.81579764212	1500.0	30.841570766731326	0.0	675709	2415.8707112609113	0.15631807	1.5
9640.341660575315	1500.0	32.315707833536266	0.0	707527	2525.862933195057	0.004705182	1.5
9653.758209299223	8000.0	22.899159109628854	0.0	4025712	13416.548723907414	0.27326941	8.0
9656.41223204157	1500.0	24.245136367283514	0.0	712239	2654.0227423453393	0.004705182	1.5
9658.84722809304	1500.0	25.810140315813268	0.0	633700	2434.9960514702466	0.004705182	1.5
9661.733534591856	1500.0	26.923833816997828	0.0	755142	2886.306498815441	0.2957217	1.5
9664.304646219114	1500.0	28.352722189739037	0.0	670327	2571.111627258791	0.025564529	1.5
9671.458233347521	4000.0	25.1991350613325	0.0	1785821	7153.587128406539	0.748073	4.0
9674.243468700053	1500.0	26.413899708800223	0.0	681043	2785.235352532274	0.0047886493	1.5
9677.856997821023	1500.0	26.800370587829498	0.0	866245	3613.529120970724	0.010540794	1.5
9698.14455897979	8000.0	10.512809429065015	0.0	4857577	20287.56115876448	0.124744445	8.0
9698.641190660885	200.0	14.016177747969992	0.0	101968	496.6316810950228	0.4749156	0.2
9702.03491368752	1500.0	14.622454721334991	0.0	811013	3393.723026635001	0.004705182	1.5
9702.53050346254	200.0	18.126864946315198	0.0	101713	495.5897750197911	0.0051089292	0.2
9705.660526880478	1500.0	18.996841528375867	0.0	767059	3130.023417939332	0.6192765	1.5
9712.257367706723	4000.0	16.400000702130423	0.0	1910697	6596.840826245444	0.004705182	4.0
9714.484200645693	1500.0	18.173167763160883	0.0	629438	2226.832938969538	0.10914011	1.5
9717.361994146868	1500.0	19.29537426198431	0.0	763847	2877.793501176573	0.02427374	1.5
9724.09243025066	4000.0	16.564938158193034	0.0	1750852	6730.436103791279	0.17040542	4.0
9732.38811337353	4000.0	12.26925503532108	0.0	2034636	8295.683122871951	0.03726951	4.0

