3748.062331795352	600.0	4.0	0.925210996622344	247108	925.2109966223439	-17.90421993244688
3750.6474581367947	1500.0	5.4148736585574415	0.0	732405	2585.1263414425584	1.5
3752.929679693937	1500.0	7.132652101415195	0.0	643847	2282.2215571422466	1.5
3755.467077616037	1500.0	8.595254179315063	0.0	718451	2537.3979221001327	1.5
3757.9829953513317	1500.0	10.079336444020102	0.0	724296	2515.9177352949605	1.5
3760.2217044987824	1500.0	11.840627296569535	0.0	689829	2238.709147450566	1.5
3762.6108535140183	1500.0	13.451478281333564	0.0	737903	2389.1490152359715	1.5
3765.1326865246383	1500.0	14.929645270713369	0.0	780303	2521.833010620196	1.5
3767.9946592260785	1500.0	16.06767256927318	0.0	891463	2861.972701440186	1.5
3770.335759266821	1500.0	17.72657252853093	0.0	763093	2341.1000407422493	1.5
3772.6952985090147	1500.0	19.367033286336774	0.0	769316	2359.5392421941556	1.5
3774.9810572408196	1500.0	21.08127455453189	0.0	744416	2285.7587318048813	1.5
3776.856951903585	1500.0	23.205379891766604	0.0	606092	1875.8946627652876	1.5
3779.117634312243	1500.0	24.944697483108822	0.0	748011	2260.682408657778	1.5
3781.344197612385	1500.0	26.718134182966576	0.0	754517	2226.5633001422475	1.5
3784.0834949096825	1500.0	27.97883688566928	0.0	934743	2739.2972972972975	1.5
3786.2561606280324	1500.0	29.80617116731935	0.0	735572	2172.6657183499287	1.5
3788.5342146820863	1500.0	31.528117113265296	0.0	772616	2278.054054054054	1.5
3790.8996149614086	1500.0	33.16271683394291	0.0	747396	2365.4002793223844	1.5
3793.0078607030355	1500.0	35.05447109231612	0.0	662349	2108.2457416267944	1.5
3795.6469757269588	1500.0	36.415356068392676	0.0	835711	2639.1150239234453	1.5
3798.1963162054276	1500.0	37.86601558992378	0.0	806394	2549.3404784689	1.5
3800.7335608388216	1500.0	39.3287709565293	0.0	809327	2537.2446333944818	1.5
3802.8765976979475	1500.0	41.185734097403405	0.0	681795	2143.036859125896	1.5
3805.544366292989	1500.0	42.51796550236208	0.0	855209	2667.7685950413224	1.5
3807.575644920748	1500.0	44.48668687460332	0.0	644861	2031.278627758761	1.5
3810.1433878046373	1500.0	45.91894399071365	0.0	794014	2567.7428838896744	1.5
3813.299390075596	1500.0	46.762941719754586	0.0	914284	3156.00227095906	1.5
3815.6527344833594	1500.0	48.40959731199127	0.0	675709	2353.3444077633158	1.5
3818.113126854619	1500.0	49.94920494073151	0.0	707527	2460.3923712597516	1.5
3820.634274090342	1500.0	51.428057705008776	0.0	757473	2521.1472357227412	1.5
3822.8818932104223	1500.0	53.180438584928126	0.0	712239	2247.61912008065	1.5
3824.890487736129	1500.0	55.17184405922101	0.0	633700	2008.594525707112	1.5
3827.268677301115	1500.0	56.793654494235184	0.0	755142	2378.1895649858293	1.5
3829.3887419730945	1500.0	58.67358982225527	0.0	670327	2120.0646719799142	1.5
3832.5455858331798	1500.0	59.516745962169914	0.0	785519	2656.843860085355	1.5
3836.407758116255	1500.0	59.65457367909454	0.0	681043	2362.1722830753765	1.5
3839.603962275679	1500.0	59.67179025814663	0.0	866245	2982.783420947913	1.5
3843.5560499520825	1500.0	59.7197025817429	0.0	691256	2452.0876764037234	1.5
3847.626831919225	1500.0	59.64892061460011	0.0	725845	2570.7819671427956	1.5
3851.419467745724	1500.0	59.8562847881011	0.0	811013	2792.635826499015	1.5
3855.571446795481	1500.0	59.704305738344274	0.0	657685	2151.979049756828	1.5
3859.567999062793	1500.0	59.70775347103177	0.0	767059	2496.5522673125015	1.5
3863.3739799059695	1500.0	59.90177262785575	0.0	848035	2805.9808431760252	1.5
3867.480951426549	1500.0	59.79480110727609	0.0	629438	2106.971520579652	1.5
3871.5109756864294	1500.0	59.75499392200891	0.0	763847	2539.8071852671833	1.5
3875.3920851361904	1500.0	59.87388447224814	0.0	769491	2381.109449760766	1.5
3879.3902549926497	1500.0	59.875714615788816	0.0	808636	2498.16985645933	1.5

