11709.707012662664	600.0	4.0	0.7804070931283105	247108	780.4070931283105	-15.00814186256621
11711.862953777652	1500.0	5.844058885011249	0.0	732405	2155.941114988751	1.5
11713.767884600164	1500.0	7.9391280624988925	0.0	643847	1904.9308225123564	1.5
11715.884274261629	1500.0	9.822738401034561	0.0	718451	2116.389661464331	1.5
11718.017231089916	1500.0	11.68978157274708	0.0	724296	2132.9568282874807	1.5
11720.006272674796	1500.0	13.700739987865152	0.0	689829	1989.0415848819289	1.5
11722.028122674797	1500.0	15.678889987865151	0.0	737903	2021.8500000000001	1.5
11724.161551622165	1500.0	17.545461040496733	0.0	780303	2133.4289473684207	1.5
11726.587506885324	1500.0	19.119505777338837	0.0	891463	2425.955263157895	1.5
11728.675646359008	1500.0	21.031366303654625	0.0	763093	2088.1394736842108	1.5
11731.043849831898	1500.0	22.663162830764694	0.0	769316	2368.20347288993	1.5
11733.613431371132	1500.0	24.093581291531383	0.0	744416	2569.5815392333097	1.5
11735.720410176367	1500.0	25.98660248629749	0.0	606092	2106.978805233895	1.5
11738.30201462434	1500.0	27.404998038322905	0.0	748011	2581.6044479745833	1.5
11740.731836238801	1500.0	28.975176423862546	0.0	754517	2429.8216144603557	1.5
11743.241317720283	1500.0	30.465694942381067	0.0	934743	2509.4814814814813	1.5
11745.233135783961	1500.0	32.47387687870335	0.0	735572	1991.8180636777129	1.5
11747.321234549394	1500.0	34.38577811327126	0.0	772616	2088.098765432099	1.5
11749.343784256997	1500.0	36.36322840566892	0.0	747396	2022.5497076023391	1.5
11751.180187159638	1500.0	38.526825503026544	0.0	662349	1836.4029026423736	1.5
11753.554796326835	1500.0	40.15221633583076	0.0	835711	2374.6091671957856	1.5
11755.848909895725	1500.0	41.8581027669395	0.0	806394	2294.113568891253	1.5
11758.151076593853	1500.0	43.555936068811725	0.0	809327	2302.166698127778	1.5
11760.10307906498	1500.0	45.603933597684446	0.0	681795	1952.0024711272804	1.5
11762.400950749441	1500.0	47.30606191322228	0.0	855209	2297.871684462167	1.5
11764.107795692837	1500.0	49.59921696982724	0.0	644861	1706.8449433950366	1.5
11766.19092142208	1500.0	51.51609124058503	0.0	794014	2083.1257292422188	1.5
11768.577462370016	1500.0	53.12955029264898	0.0	914284	2386.540947936048	1.5
11770.362130150912	1500.0	55.34488251175276	0.0	675709	1784.667780896219	1.5
11772.25430407506	1500.0	57.45270858760524	0.0	707527	1892.1739241475193	1.5
11774.3030448158	1500.0	59.4039678468645	0.0	757473	2048.740740740741	1.5
11777.734218305079	1500.0	59.97279435758575	0.0	712239	1931.1734892787526	1.5
11779.855918110146	1500.0	59.74575082282292	0.0	633700	1727.043534762833	1.5
11783.95467700739	1500.0	59.64699192557982	0.0	755142	2098.7588972431076	1.5
11787.82669572084	1500.0	59.774973212129524	0.0	670327	1872.0187134502926	1.5
11792.009599521654	1500.0	59.59206941131695	0.0	785519	2182.9038008125726	1.5
11795.927772261195	1500.0	59.67389667177579	0.0	681043	1918.1727395411606	1.5
11799.84581544608	1500.0	59.7558534868905	0.0	866245	2418.04318488529	1.5
11803.694347296678	1500.0	59.90732163629361	0.0	691256	1848.5318505969003	1.5
11807.630520678813	1500.0	59.97114825415925	0.0	725845	1936.173382134352	1.5
11811.467719486136	1500.0	59.81717826998229	0.0	811013	2153.9699841769625	1.5
11815.385887425067	1500.0	59.899010331050995	0.0	657685	1918.1679389312978	1.5
11819.609745443828	1500.0	59.67515231229019	0.0	767059	2223.8580187608086	1.5
11823.331245822297	1500.0	59.95365193382106	0.0	848035	3221.500378469128	1.5
11827.337117916722	1500.0	59.947779839397356	0.0	629438	2505.872094423702	1.5
11831.336755305265	1500.0	59.94814245085598	0.0	763847	2999.637388541375	1.5
11835.47495673066	1500.0	59.80994102546067	0.0	769491	2638.2014253953084	1.5
11839.743297163264	1500.0	59.54160059285527	0.0	808636	2768.3404326053983	1.5

