3195.9307839164608	600.0	4.0	0.7039608616744261	247108	703.960861674426	-13.479217233488521
3196.7928484631348	600.0	7.1379354533259685	0.0	309722	862.0645466740315	0.6
3198.4985964312564	1500.0	9.432187485204766	0.0	643847	1705.7479681212026	1.5
3198.8695583187337	200.0	13.061225597727452	0.0	115230	370.961887477314	0.2
3199.196149970276	200.0	16.734633946184804	0.0	97658	326.59165154264974	0.2
3199.522741621819	200.0	20.408042294642154	0.0	97658	326.59165154264974	0.2
3199.89512258923	200.0	24.03566132723112	0.0	115792	372.3809674110313	0.2
3200.247005174253	200.0	27.683778742207842	0.0	107674	351.88258502327784	0.2
3200.5676553754683	200.0	31.363128540992662	0.0	95305	320.65020121518194	0.2
3215.849368298021	12000.0	20.081415618440158	0.0	5088378	15281.712922552504	12.0
3216.2112134808817	200.0	23.719570435579623	0.0	95365	361.8451828605373	0.2
3220.677877242593	4000.0	23.252906673869017	0.0	1761739	4466.663761710604	4.0
3222.2670234967554	1500.0	25.66376041970611	0.0	606092	1589.1462541629057	1.5
3223.0113678585467	600.0	28.91941605791458	0.0	266809	744.3443617915281	0.6
3224.9700867729234	1500.0	30.960697143538162	0.0	754517	1958.7189143764203	1.5
3225.85776830674	600.0	34.07301560972136	0.0	324375	887.6815338168011	0.6
3226.1615437121372	200.0	37.76924020432437	0.0	89871	303.7754053969934	0.2
3240.7941176323593	12000.0	27.136666284102578	0.0	4055239	14632.573920221792	12.0
3241.400688254237	200.0	30.53009566222464	0.0	90919	606.5706218779411	0.2
3245.3167788934898	1500.0	30.61400502297176	0.0	662349	3916.0906392528777	1.5
3246.0608258058187	200.0	33.86995811064279	0.0	114656	744.0469123289655	0.2
3246.706912825293	200.0	37.22387109116839	0.0	97742	646.0870194744082	0.2
3247.2290608170247	200.0	40.70172309943668	0.0	100675	522.147991731715	0.2
3247.574840023967	200.0	44.35594389249403	0.0	85752	345.77920694264185	0.2
3247.9479062928785	200.0	47.982877623582894	0.0	94556	373.0662689111442	0.2
3258.093157417882	8000.0	41.83762649857909	0.0	3253093	10145.251125003802	8.0
3273.0064855570863	12000.0	30.924298359374845	0.0	5138482	14913.328139204248	12.0
3282.8071614977935	8000.0	25.1236224186677	0.0	3354913	9800.675940707142	8.0
3283.7918386946617	600.0	28.13894522179956	0.0	291029	984.6771968681394	0.6
3284.812957382855	600.0	31.11782653360621	0.0	302752	1021.1186881933517	0.6
3285.640164936623	600.0	34.290618979838065	0.0	240372	827.2075537681413	0.6
3294.5761997168747	8000.0	29.354584199586128	0.0	3568902	8936.03478025194	8.0
3303.8269370076455	8000.0	24.103846908815274	0.0	3713878	9250.737290770852	8.0
3305.8298552194137	1500.0	26.100928697047575	0.0	755142	2002.918211767702	1.5
3306.634190520927	600.0	29.296593395534035	0.0	284451	804.335301513536	0.6
3311.199932109665	4000.0	28.730851806795915	0.0	1785821	4565.74158873812	4.0
3312.9802282695728	1500.0	30.95055564688829	0.0	681043	1780.2961599076257	1.5
3317.9418598017087	4000.0	29.988924114752287	0.0	1955307	4961.6315321360025	4.0
3342.0042878662402	12000.0	9.926496050220518	0.0	5257310	24062.42806453177	12.0
3343.000946870072	600.0	12.9298370463891	0.0	284107	996.6590038314177	0.6
3343.427416722865	200.0	16.503367193596198	0.0	107384	426.4698527929018	0.2
3344.484749249584	600.0	19.4460346668771	0.0	302912	1057.3325267190967	0.6
3349.67056607237	4000.0	18.26021784409128	0.0	1697030	5185.816822785821	4.0
3354.2563291639412	4000.0	17.67445475252029	0.0	1910697	4585.763091570989	4.0
3354.5372789200173	200.0	21.3935049964443	0.0	85214	280.9497560759923	0.2
3354.836120170441	200.0	25.094663746020565	0.0	92801	298.84125042373506	0.2
3356.730716700972	1500.0	27.200067215489533	0.0	769491	1894.5965305310324	1.5
3376.529714725567	12000.0	11.401069190894766	0.0	5646381	19798.998024594766	12.0

