20582.45279034281	600.0	4.0	0.9067419442527656	247108	906.7419442527655	-17.534838885055308
20583.56901809933	600.0	6.883772243481169	0.0	309722	1116.2277565188301	0.6
20584.614066716105	600.0	9.838723626706814	0.0	288447	1045.0486167743554	0.6
20587.09776702767	1500.0	11.355023315141251	0.0	718451	2483.7003115655652	1.5
20589.601022783267	1500.0	12.85176755954248	0.0	724296	2503.2557555987705	1.5
20591.988963313976	1500.0	14.463827028835498	0.0	689829	2387.9405307069824	1.5
20594.488522840795	1500.0	15.964267502016384	0.0	737903	2499.559526819113	1.5
20597.126316780686	1500.0	17.326473562125788	0.0	780303	2637.7939398905987	1.5
20600.128487602837	1500.0	18.324302739975042	0.0	891463	3002.1708221507447	1.5
20602.741919907065	1500.0	19.710870435748344	0.0	763093	2613.432304226701	1.5
20605.56586337437	1500.0	20.886926968439663	0.0	769316	2823.943467308678	1.5
20608.30099523197	1500.0	22.151795110841412	0.0	744416	2735.1318575982523	1.5
20610.542762547335	1500.0	23.91002779547549	0.0	606092	2241.767315365925	1.5
20613.27573922339	1500.0	25.17705111942302	0.0	748011	2732.976676052467	1.5
20615.98237310864	1500.0	26.47041723417248	0.0	754517	2706.6338852505387	1.5
20619.316411967673	1500.0	27.136378375139824	0.0	934743	3334.0388590326584	1.5
20625.818747279067	4000.0	24.634043063746024	0.0	1835863	6502.335311393798	4.0
20628.61761063051	1500.0	25.835179712304317	0.0	772616	2798.8633514417047	1.5
20631.327723899474	1500.0	27.125066443340017	0.0	747396	2710.1132689643036	1.5
20633.70847016102	1500.0	28.74432018179426	0.0	662349	2380.746261545756	1.5
20636.580047438205	1500.0	29.872742904606845	0.0	835711	2871.5772771874153	1.5
20643.176833174857	4000.0	27.275957167952633	0.0	1950922	6596.78573665421	4.0
20650.171494256196	4000.0	24.28129608661802	0.0	1849252	6994.661081334611	4.0
20652.80664849694	1500.0	25.64614184587598	0.0	681795	2635.1542407420416	1.5
20655.729288253922	1500.0	26.723502088889166	0.0	855209	2922.639756986815	1.5
20657.88196322379	1500.0	28.57082711902175	0.0	644861	2152.6749698674166	1.5
20660.51403714906	1500.0	29.938753193750557	0.0	794014	2632.0739252711933	1.5
20667.9875702398	4000.0	26.465220103012744	0.0	2055338	7473.533090737812	4.0
20670.74027153272	1500.0	27.71251881009044	0.0	675709	2752.701292922301	1.5
20673.618825832982	1500.0	28.833964509825925	0.0	707527	2878.5543002645177	1.5
20676.328343033034	1500.0	30.124447309773537	0.0	757473	2709.5172000523903	1.5
20683.051925733707	4000.0	27.40086460909965	0.0	1947068	6723.582700673889	4.0
20685.334178673864	1500.0	29.11861166894232	0.0	633700	2282.252940157325	1.5
20688.08382205183	1500.0	30.368968290975992	0.0	755142	2749.6433779663266	1.5
20694.669786583687	4000.0	27.783003759117317	0.0	1828568	6585.964531858675	4.0
20701.990274128984	4000.0	24.462516213821722	0.0	1785821	7320.487545295593	4.0
20704.779509478438	1500.0	25.673280864368586	0.0	681043	2789.2353494531385	1.5
20707.810437770044	1500.0	26.64235257276579	0.0	866245	3030.9282916027933	1.5
20710.245252963363	1500.0	28.207537379442677	0.0	691256	2434.815193323114	1.5
20712.79789816861	1500.0	29.654892174196554	0.0	725845	2552.6452052461254	1.5
20715.560995766977	1500.0	30.89179457583171	0.0	811013	2763.097598364842	1.5
20721.267245478844	4000.0	29.185544863960793	0.0	1830641	5706.249711870919	4.0
20726.73310013627	4000.0	27.719690206538075	0.0	1697030	5465.854657422718	4.0
20733.319400176704	4000.0	25.133390166101357	0.0	1910697	6586.300040436717	4.0
20735.520645372086	1500.0	26.932144970719275	0.0	629438	2201.2451953820855	1.5
20738.056695692616	1500.0	28.39609465018713	0.0	763847	2536.050320532144	1.5
20743.766331752984	4000.0	26.686458589818567	0.0	1750852	5709.636060368562	4.0
20746.423809392967	1500.0	28.028980949838477	0.0	808636	2657.477639980091	1.5

