28296.391900990817	600.0	4.0	1.1454938421322125	247108	1145.4938421322124	0.037137188	-22.30987684264425
28296.89712318609	200.0	7.494777804726871	0.0	98617	505.2221952731291	0.004705182	0.2
28297.43623224907	200.0	10.955668741746841	0.0	106476	539.1090629800308	0.004705182	0.2
28298.0130872899	200.0	14.378813700918963	0.0	115230	576.8550408278761	0.004705182	0.2
28298.51417441632	200.0	17.87772657450077	0.0	97658	501.087126418196	0.004705182	0.2
28299.015261542736	200.0	21.376639448082575	0.0	97658	501.087126418196	0.004705182	0.2
28299.59453984602	200.0	24.79736114479748	0.0	115792	579.2783032850945	0.004705182	0.2
28300.13881451118	200.0	28.25308647963996	0.0	107674	544.2746651575175	0.004705182	0.2
28304.06267362132	1500.0	28.32922736949902	0.0	891463	3923.859110140944	0.004705182	1.5
28307.260781470137	1500.0	29.131119520678357	0.0	763093	3198.1078488206626	0.004705182	1.5
28310.2459162353	1500.0	30.145984755514323	0.0	769316	2985.1347651640313	0.004705182	1.5
28313.13702220651	1500.0	31.254878784308282	0.0	744416	2891.1059712060423	0.004705182	1.5
28315.505781234122	1500.0	32.886119756694406	0.0	606092	2368.7590276138776	0.004705182	1.5
28318.357776397497	1500.0	34.03412459332211	0.0	748011	2851.9951633722885	0.004705182	1.5
28321.213585645386	1500.0	35.17831534543175	0.0	754517	2855.809247890368	0.004705182	1.5
28324.732432303314	1500.0	35.659468687502525	0.0	934743	3518.846657929227	0.004705182	1.5
28327.44626318459	1500.0	36.945637806225875	0.0	735572	2713.830881276645	0.004705182	1.5
28330.143415236078	1500.0	38.24848575473754	0.0	772616	2697.152051488335	0.004705182	1.5
28332.755137300694	1500.0	39.63676369012307	0.0	747396	2611.722064614473	0.004705182	1.5
28335.078771970635	1500.0	41.31312902018192	0.0	662349	2323.6346699411442	0.024513323	1.5
28346.006591242807	8000.0	34.38530974800782	0.0	3690869	10927.819272174098	0.64435005	8.0
28348.39666135563	1500.0	35.99523963518627	0.0	806394	2390.0701128215474	0.004705182	1.5
28359.595399405862	8000.0	28.796501584952946	0.0	3805854	11198.738050233325	0.32772163	8.0
28361.813735189455	1500.0	30.578165801359884	0.0	681795	2218.335783593061	0.69313157	1.5
28364.575954928747	1500.0	31.815946062067518	0.0	855209	2762.219739292365	0.004705182	1.5
28370.541393671596	4000.0	29.850507319221155	0.0	1984579	5965.438742846364	0.34443223	4.0
28372.8742352094	1500.0	31.517665781414372	0.0	794014	2332.841537806781	0.004705182	1.5
28382.91775123367	8000.0	25.474149757149107	0.0	3354913	10043.51602426527	0.63183093	8.0
28385.085891069495	1500.0	27.306009921321007	0.0	675709	2168.139835828102	0.004705182	1.5
28387.352357897114	1500.0	29.039543093701496	0.0	707527	2266.4668276195075	0.004705182	1.5
28399.599732011335	8000.0	20.792168979482554	0.0	4025712	12247.374114218943	0.011529831	8.0
28401.719107089626	1500.0	22.67279390118838	0.0	712239	2119.3750782941715	0.004705182	1.5
28403.613599117045	1500.0	24.778301873772	0.0	633700	1894.492027416382	0.0055578505	1.5
28416.603695942624	8000.0	15.788205048191633	0.0	4271839	12990.096825580367	0.078838065	8.0
28418.8064973274	1500.0	17.585403663414382	0.0	670327	2202.8013847772527	0.004705182	1.5
28421.46239173632	1500.0	18.929509254494885	0.0	785519	2655.894408919495	0.025690598	1.5
28423.77568571894	1500.0	20.616215271874783	0.0	681043	2313.293982620102	0.43135342	1.5
28426.696298934225	1500.0	21.695602056593586	0.0	866245	2920.6132152811942	0.17852446	1.5
28435.431808810736	4000.0	16.96009218008234	0.0	2142800	8735.509876511245	0.35852963	4.0
28438.58270120848	1500.0	17.809199782341263	0.0	725845	3150.8923977410777	0.004705182	1.5
28441.630794714732	1500.0	18.761106276085403	0.0	811013	3048.0935062558615	0.008662344	1.5
28448.410457561553	4000.0	15.98144342926823	0.0	1830641	6779.662846817174	0.39766365	4.0
28451.35095890502	1500.0	17.04094208580124	0.0	767059	2940.501343466988	0.49600542	1.5
28458.566249370648	4000.0	13.825651620169312	0.0	1910697	7215.29046563193	0.21798764	4.0
28461.434013731847	1500.0	14.957887258972063	0.0	629438	2867.7643611972494	0.3390217	1.5
28464.946455455156	1500.0	15.445445535667002	0.0	763847	3512.441723305061	0.6886401	1.5
28472.211680957935	4000.0	12.180220032884048	0.0	1750852	7265.225502782954	0.07697994	4.0
28475.28753063492	1500.0	13.104370355897919	0.0	808636	3075.84967698613	0.08381207	1.5

