27007.982493416035	600.0	4.0	0.834499446586008	247108	834.499446586008	0.010416469	-16.08998893172016
27008.363602534006	200.0	7.6188908820274035	0.0	98617	381.1091179725965	0.004705182	0.2
27008.768707682666	200.0	11.213785733368955	0.0	106476	405.1051486584482	0.004705182	0.2
27009.200541582133	200.0	14.78195183389947	0.0	115230	431.8338994694859	0.004705182	0.2
27009.578722567592	200.0	18.403770848440903	0.0	97658	378.1809854585703	0.004705182	0.2
27009.95690355305	200.0	22.025589862982333	0.0	97658	378.1809854585703	0.004705182	0.2
27010.39045341756	200.0	25.592039998473346	0.0	115792	433.5498645089882	0.004705182	0.2
27010.79921644187	200.0	29.1832769741613	0.0	107674	408.7630243120492	0.004705182	0.2
27013.60113697925	1500.0	30.381356436777228	0.0	891463	2801.9205373840696	0.0060250494	1.5
27029.222149722293	12000.0	18.760343693736978	0.0	5088378	15621.012743040252	0.008320789	12.0
27029.5516289656	200.0	22.430864450428334	0.0	95365	329.4792433086444	0.004705182	0.2
27030.37883453778	600.0	25.603658878249984	0.0	285624	827.2055721783489	0.87986577	0.6
27030.726767370794	200.0	29.255726045235484	0.0	102419	347.9328330145027	0.004705182	0.2
27032.763598684865	1500.0	31.218894731162788	0.0	748011	2036.8313140726934	0.004705182	1.5
27034.817449995342	1500.0	33.165043420687155	0.0	754517	2053.85131047563	0.004705182	1.5
27037.34278084343	1500.0	34.63971257259769	0.0	934743	2525.3308480894693	0.004705182	1.5
27039.325237380544	1500.0	36.657256035486405	0.0	735572	1982.4565371112838	0.004705182	1.5
27049.733373874908	12000.0	30.249119541126163	0.0	4055239	10408.136494360242	0.004705182	12.0
27051.710257857012	1500.0	32.272235559018995	0.0	747396	1976.8839821071665	0.004705182	1.5
27053.471293357157	1500.0	34.511200058876234	0.0	662349	1761.035500142762	0.022118762	1.5
27063.01587100545	8000.0	28.966622410583476	0.0	3690869	9544.577648292752	0.0075777113	8.0
27065.19111516336	1500.0	30.7913782526725	0.0	806394	2175.2441579109764	0.004705182	1.5
27067.37398010108	1500.0	32.60851331495022	0.0	809327	2182.8649377222755	0.20473213	1.5
27078.57774988854	8000.0	25.40474352749334	0.0	4032749	11203.769787456884	0.004705182	8.0
27081.03727158886	1500.0	26.9452218271742	0.0	855209	2459.5217003191383	0.004705182	1.5
27082.9106693501	1500.0	29.071824065928286	0.0	644861	1873.3977612459155	0.004705182	1.5
27095.084351575788	8000.0	20.898141840241376	0.0	4274504	12173.682225686909	0.053067546	8.0
27097.801075440242	1500.0	22.181417975785717	0.0	914284	2716.72386445566	0.004705182	1.5
27099.816403912508	1500.0	24.16608950352254	0.0	675709	2015.328472263175	0.004705182	1.5
27112.12399128758	8000.0	15.8585021284499	0.0	4435580	12307.58737507264	0.4768356	8.0
27114.235430778022	1500.0	17.747062638004042	0.0	757473	2111.4394904458604	0.004705182	1.5
27116.225558837024	1500.0	19.756934579003033	0.0	712239	1990.1280590010058	0.006013116	1.5
27126.977783926835	8000.0	13.00470948918986	0.0	3713878	10752.225089813175	0.71419317	8.0
27129.30560666502	1500.0	14.676886751008245	0.0	755142	2327.822738181615	0.004705182	1.5
27131.26933206043	1500.0	16.71316135559582	0.0	670327	1963.7253954124299	0.019091766	1.5
27142.606535621584	8000.0	9.3759577944424	0.0	4086583	11337.203561153417	0.6968896	8.0
27144.58557500813	1500.0	11.396918407896566	0.0	681043	1979.0393865458348	0.009071501	1.5
27147.08103684152	1500.0	12.90145657450514	0.0	866245	2495.461833391426	0.01380755	1.5
27149.08855444347	1500.0	14.89393897255324	0.0	691256	2007.5176019519	0.30327633	1.5
27154.670827154096	1500.0	13.311666261929464	0.0	725845	5582.272710623776	0.6731964	1.5
27161.448537880537	1500.0	10.533955535488607	0.0	811013	6777.710726440856	0.004705182	1.5
27163.15270210341	1500.0	12.829791312614708	0.0	657685	1704.1642228739004	0.46490076	1.5
27165.126967267788	1500.0	14.855526148237487	0.0	767059	1974.2651643772188	0.68776184	1.5
27169.925465801516	4000.0	14.057027614513146	0.0	1910697	4798.498533724341	0.042876218	4.0
27175.35127675267	4000.0	12.631216663356737	0.0	2171279	5425.810951156409	0.024830986	4.0
27180.45835971431	4000.0	11.524133701715346	0.0	2042818	5107.082961641392	0.034276973	4.0
27184.992578339457	4000.0	10.989915076570046	0.0	1750852	4534.218625145298	0.01999712	4.0
27190.264631927974	4000.0	9.717861488053298	0.0	2034636	5272.053588516747	0.12335586	4.0

