9743.733978892476	600.0	4.0	0.7497487845781172	247108	749.7487845781172	-14.394975691562346
9744.65343343485	600.0	7.080545457625396	0.0	309722	919.454542374604	0.6
9746.478483152807	1500.0	9.25549573967103	0.0	643847	1825.0497179543647	1.5
9748.505735706463	1500.0	11.2282431860146	0.0	718451	2027.2525536564297	1.5
9750.548830246806	1500.0	13.185148645672758	0.0	724296	2043.0945403418427	1.5
9752.49850720715	1500.0	15.235471685328543	0.0	689829	1949.6769603442144	1.5
9754.584508174385	1500.0	17.149470718094324	0.0	737903	2086.0009672342158	1.5
9760.276582257293	4000.0	15.457396635185532	0.0	2058614	5692.074082908794	4.0
9766.001756925813	4000.0	13.732221966666032	0.0	1857129	5725.174668519502	4.0
9774.473607148517	4000.0	9.260371743961686	0.0	2373154	8471.850222704345	4.0
9780.025112960193	4000.0	7.708865932286097	0.0	2094766	5551.50581167559	4.0
9784.808033044617	4000.0	6.925945847861764	0.0	1761739	4782.920084424332	4.0
9786.681403610879	1500.0	9.052575281600715	0.0	606092	1873.3705662610498	1.5
9788.974699464708	1500.0	10.759279427770778	0.0	748011	2293.2958538299367	1.5
9791.287245975045	1500.0	12.446732917433092	0.0	754517	2312.5465103376855	1.5
9794.133064667947	1500.0	13.600914224530772	0.0	934743	2845.818692902319	1.5
9798.261453313964	1500.0	13.472525578514505	0.0	735572	4128.388646016267	1.5
9802.719811322038	1500.0	13.014167570439135	0.0	772616	4458.35800807537	1.5
9806.219275587537	1500.0	13.514703304941952	0.0	747396	3499.464265497183	1.5
9808.842675400338	1500.0	14.891303492140453	0.0	662349	2623.3998128014982	1.5
9812.1317799675	1500.0	15.60219892497699	0.0	835711	3289.1045671634633	1.5
9815.182735303892	1500.0	16.55124358858565	0.0	806394	3050.9553363913396	1.5
9817.678681870058	1500.0	18.05529702241837	0.0	809327	2495.9465661672793	1.5
9819.793928796305	1500.0	19.94005009616975	0.0	681795	2115.246926248624	1.5
9822.426839111797	1500.0	21.307139780678785	0.0	855209	2632.910315490961	1.5
9824.431833234823	1500.0	23.3021456576541	0.0	644861	2004.9941230246834	1.5
9830.232993814037	4000.0	21.50098507843776	0.0	2068230	5801.160579216342	4.0
9836.118268585735	4000.0	19.615710306741008	0.0	2055338	5885.274771696755	4.0
9843.539351728374	4000.0	16.1946271641018	0.0	2165436	7421.083142639207	4.0
9849.959025601029	4000.0	13.774953291446455	0.0	2002600	6419.673872655345	4.0
9857.125420597997	4000.0	10.608558294479389	0.0	2290706	7166.394996967066	4.0
9863.271407318403	4000.0	8.462571574071266	0.0	1947068	6145.986720408124	4.0
9865.32566593943	1500.0	10.408312953045893	0.0	633700	2054.258621025371	1.5
9867.942066294496	1500.0	11.791912597981025	0.0	755142	2616.4003550648686	1.5
9870.297301662236	1500.0	13.436677230238816	0.0	670327	2355.2353677422093	1.5
9873.043523686463	1500.0	14.690455206012592	0.0	785519	2746.2220242262247	1.5
9875.435131484675	1500.0	16.298847407798796	0.0	681043	2391.6077982137936	1.5
9877.968659847622	1500.0	17.76531904485162	0.0	866245	2533.528362947181	1.5
9879.925224373055	1500.0	19.808754519418112	0.0	691256	1956.5645254335066	1.5
9881.97568825035	1500.0	21.758290642123328	0.0	725845	2050.4638772947847	1.5
9887.535759382157	4000.0	20.198219510316815	0.0	1985434	5560.0711318065105	4.0
9892.96479623522	4000.0	18.769182657254248	0.0	1830641	5429.036853062567	4.0
9898.032445841574	4000.0	17.70153305089762	0.0	1697030	5067.649606356628	4.0
9903.797986477617	4000.0	15.935992414855216	0.0	1910697	5765.540636042403	4.0
9911.678086897518	4000.0	12.055891994953058	0.0	2171279	7880.100419902158	4.0
9919.001856125302	4000.0	8.732122767169603	0.0	2042818	7323.769227783453	4.0
9924.027853053214	4000.0	7.70612583925774	0.0	1750852	5025.996927911863	4.0
9926.392175869647	1500.0	9.341803022823836	0.0	808636	2364.322816433906	1.5

