35079.23443921116	600.0	4.0	1.0857561496782073	247108	1085.7561496782073	-21.115122993564146
35079.71582101269	200.0	7.518618198468622	0.0	98617	481.381801531378	0.2
35080.96983134059	600.0	10.264607870570577	0.0	288447	1254.010327898044	0.6
35083.974004218406	1500.0	11.260434992750119	0.0	718451	3004.1728778204574	1.5
35091.65143260429	4000.0	7.583006606863551	0.0	2069289	7677.428385886568	4.0
35092.79549160632	600.0	10.438947604833848	0.0	330929	1144.059002029702	0.6
35095.24812238142	1500.0	11.986316829728844	0.0	737903	2452.630775105002	1.5
35101.15360256434	4000.0	10.08083664680438	0.0	2058614	5905.480182924464	4.0
35103.379702290506	1500.0	11.85473692064507	0.0	891463	2226.0997261593093	1.5
35109.23649510258	4000.0	9.997944108562196	0.0	2373154	5856.792812082875	4.0
35111.69478090519	1500.0	11.539658305949938	0.0	769316	2458.2858026122576	1.5
35117.221071963235	4000.0	10.013367247908358	0.0	1761739	5526.29105804158	4.0
35119.17476235662	1500.0	12.059676854524016	0.0	606092	1953.6903933843419	1.5
35124.79643024568	4000.0	10.438008965458081	0.0	1805063	5621.667889065935	4.0
35127.19280916235	1500.0	12.041630048789814	0.0	754517	2396.3789166682654	1.5
35133.334038141096	4000.0	9.900401070044612	0.0	2231719	6141.228978745204	4.0
35135.29223417697	1500.0	11.942205034169602	0.0	735572	1958.196035875012	1.5
35141.36114929704	4000.0	9.873289914104818	0.0	2192675	6068.915120064782	4.0
35143.888218135544	1500.0	11.346221075601093	0.0	747396	2527.0688385037247	1.5
35151.05834059711	4000.0	8.176098614026202	0.0	2164412	7170.1224615748915	4.0
35152.05971866216	600.0	11.174720548980547	0.0	280646	1001.3780650456551	0.6
35158.544715481694	4000.0	8.68972372944633	0.0	1950922	6484.996819534216	4.0
35159.76111765672	600.0	11.473321554418117	0.0	346141	1216.402175028214	0.6
35165.879812775514	4000.0	9.354626435629296	0.0	1822097	6118.695118788822	4.0
35168.795151358194	1500.0	10.439287852952129	0.0	855209	2915.3385826771655	1.5
35171.034359525176	1500.0	12.20007968597547	0.0	644861	2239.2081669766594	1.5
35178.15709049331	4000.0	9.077348717835346	0.0	2068230	7122.730968140124	4.0
35181.054886216414	1500.0	10.17955299473201	0.0	914284	2897.7957231033365	1.5
35182.72877446646	1500.0	12.505664744695153	0.0	675709	1673.8882500368568	1.5
35187.53258399026	4000.0	11.701855220885632	0.0	2002600	4803.809523809524	4.0
35194.334197020275	4000.0	8.900242190868134	0.0	2290706	6801.613030017497	4.0
35195.48846338184	600.0	11.74597582931207	0.0	293409	1154.266361556064	0.6
35204.940768831446	4000.0	6.293670379697694	0.0	2544033	9452.305449614374	4.0
35205.35279148066	200.0	9.881647730482062	0.0	89422	412.0226492156317	0.2
35207.92170636045	1500.0	11.312732850689988	0.0	670327	2568.914879792073	1.5
35213.42484532288	4000.0	9.80959388826389	0.0	1785821	5503.138962426098	4.0
35215.18619945579	1500.0	12.048239755350252	0.0	681043	1761.3541329136388	1.5
35220.09344752319	4000.0	11.140991687952207	0.0	1955307	4907.248067398047	4.0
35226.63179518961	4000.0	8.602644021531749	0.0	2142800	6538.347666420457	4.0
35227.608526823795	600.0	11.62591238734884	0.0	284107	976.7316341829086	0.6
35233.88520907037	4000.0	9.349230140778399	0.0	1985434	6276.68224657044	4.0
35235.98357641731	1500.0	11.250862793839623	0.0	657685	2098.3673469387754	1.5
35241.27158623778	4000.0	9.962852973370081	0.0	1697030	5288.009820469541	4.0
35243.42680856868	1500.0	11.807630642470315	0.0	848035	2155.222330899768	1.5
35248.63281213942	4000.0	10.601627071726801	0.0	2171279	5206.003570743512	4.0
35250.51611906106	1500.0	12.718320150091342	0.0	763847	1883.3069216354595	1.5
35254.88211717868	4000.0	12.352322032470285	0.0	1750852	4365.998117621057	4.0
35260.025290004356	4000.0	11.20914920678906	0.0	2034636	5143.172825681225	4.0

