13964.808192358674	600.0	4.0	0.671671729793634	247108	671.671729793634	0.39016294	-12.83343459587268
13965.124319440667	200.0	7.683872918007273	0.0	98617	316.1270819927271	0.004705182	0.2
13965.459263995685	200.0	11.34892836298879	0.0	106476	334.94455501848165	0.004705182	0.2
13965.815168998453	200.0	14.993023360220283	0.0	115230	355.90500276850787	0.004705182	0.2
13966.128999865072	200.0	18.679192493602503	0.0	97658	313.8308666177813	0.004705182	0.2
13966.44283073169	200.0	22.365361626984722	0.0	97658	313.8308666177813	0.004705182	0.2
13966.800081378922	200.0	26.00811097975248	0.0	115792	357.2506472322404	0.004705182	0.2
13967.137894407371	200.0	29.67029795130419	0.0	107674	337.8130284482888	0.004705182	0.2
13979.719762904324	12000.0	21.0884294543509	0.0	6619479	12581.86849695329	0.061243992	12.0
13979.949272751695	200.0	24.858919606980706	0.0	105425	229.50984737019377	0.019665666	0.2
13981.120288333763	1500.0	27.68790402491338	0.0	769316	1171.0155820673274	0.004705182	1.5
13981.33549884235	200.0	31.472693516324632	0.0	95342	215.21050858875046	0.004705182	0.2
13982.275036166633	1500.0	34.533156192043904	0.0	606092	939.5373242807253	0.004705182	1.5
13983.41583778334	1500.0	37.39235457533795	0.0	748011	1140.8016167059618	0.28173307	1.5
13984.56586596933	1500.0	40.24232638934585	0.0	754517	1150.0281859920938	0.0049363505	1.5
13986.373643089404	1500.0	42.434549269271145	0.0	934743	1807.77712007471	0.004705182	1.5
14000.715471450441	12000.0	32.09272090823454	0.0	5964284	14341.8283610366	0.004705182	12.0
14002.5741045833	1500.0	34.23408777537505	0.0	772616	1858.633132859486	0.004705182	1.5
14013.827614554852	12000.0	26.980577803823213	0.0	5385367	11253.50997155184	0.5401651	12.0
14014.079551386947	200.0	30.72864097172871	0.0	85876	251.93683209450163	0.004705182	0.2
14015.83457495646	1500.0	32.973617402215574	0.0	835711	1755.023569513137	0.004705182	1.5
14024.600919661329	8000.0	28.207272697347225	0.0	3905272	8766.344704868352	0.004705182	8.0
14026.347153147313	1500.0	30.461039211361346	0.0	809327	1746.233485985878	0.004705182	1.5
14027.541129006635	1500.0	33.267063352038996	0.0	681795	1193.9758593223455	0.004705182	1.5
14035.669431602473	8000.0	29.13876075620132	0.0	4925863	8128.302595837674	0.004705182	8.0
14036.975885506787	1500.0	31.83230685188673	0.0	644861	1306.4539043145926	0.31053427	1.5
14046.097790344238	8000.0	26.710402014435154	0.0	4274504	9121.904837451579	0.004705182	8.0
14048.629647967775	1500.0	28.17854439089845	0.0	914284	2531.8576235367022	0.5700162	1.5
14050.565545245216	1500.0	30.242647113458272	0.0	675709	1935.897277440176	0.5538618	1.5
14060.875369505458	8000.0	23.932822853216216	0.0	4435580	10309.824260242054	0.004705182	8.0
14062.39007935701	1500.0	26.41811300166426	0.0	757473	1514.709851551957	0.006443063	1.5
14075.28778964811	8000.0	17.52040271056364	0.0	3568902	12897.710291100617	0.004742304	8.0
14077.41575395675	1500.0	19.39243840192366	0.0	633700	2127.9643086399833	0.005716704	1.5
14078.660635899654	1500.0	22.14755645901914	0.0	755142	1244.8819429045227	0.004705182	1.5
14084.460369415527	8000.0	20.34782294314482	0.0	3707853	5799.733515874317	0.017034724	8.0
14087.50611932791	4000.0	21.302073030760884	0.0	1785821	3045.749912383935	0.41887477	4.0
14098.891036374309	8000.0	13.917155984363111	0.0	4018228	11384.917046397772	0.25784883	8.0
14102.023209904368	1500.0	14.784982454303652	0.0	866245	3132.1735300594582	0.024647115	1.5
14104.538817920224	1500.0	16.269374438448114	0.0	691256	2515.6080158555383	0.004705182	1.5
14109.881934780979	4000.0	14.926257577693402	0.0	2094647	5343.116860754711	0.54923624	4.0
14113.780903307821	4000.0	15.027289050848653	0.0	1985434	3898.9685268447506	0.5864454	4.0
14117.382128572903	4000.0	15.426063785767264	0.0	1830641	3601.225265081388	0.27912107	4.0
14122.211080167415	8000.0	14.597112191255693	0.0	3735285	4828.951594511571	0.10204444	8.0
14127.954568356892	8000.0	12.853624001777945	0.0	4340973	5743.488189477749	0.03912215	8.0
14135.605771146475	4000.0	9.202421212195292	0.0	2171279	7651.202789582653	0.063318856	4.0
14138.072262189098	1500.0	10.735930169572256	0.0	763847	2466.4910426230344	0.58096474	1.5
14141.082895630185	4000.0	11.725296728485938	0.0	1750852	3010.633441086318	0.018581565	4.0
14148.55304584654	8000.0	8.255146512129496	0.0	4346302	7470.150216356443	0.25809962	8.0

