5876.400125526652	600.0	4.0	1.4562628794207741	247108	1456.2628794207742	-28.52525758841548
5878.205115780063	600.0	6.195009746588694	0.0	309722	1804.9902534113062	0.6
5879.891615362351	600.0	8.508510164299638	0.0	288447	1686.499582289056	0.6
5881.529354153775	600.0	10.870771372876636	0.0	279692	1637.7387914230019	0.6
5883.382397874187	600.0	13.017727652464496	0.0	318350	1853.0437204121415	0.6
5885.3055000741315	600.0	15.094625452520189	0.0	330929	1923.1021999443053	0.6
5887.841180923557	1500.0	16.558944603094794	0.0	737903	2535.6808494253964	1.5
5890.466096737492	1500.0	17.93402878916027	0.0	780303	2624.915813934527	1.5
5893.453554848299	1500.0	18.94657067835265	0.0	891463	2987.4581108076154	1.5
5896.037704730986	1500.0	20.362420795666228	0.0	763093	2584.1498826864204	1.5
5898.765212097685	1500.0	21.634913428965866	0.0	769316	2727.5073667003635	1.5
5901.407029145413	1500.0	22.99309638123825	0.0	744416	2641.8170477276153	1.5
5903.572820985045	1500.0	24.827304541606477	0.0	606092	2165.7918396317723	1.5
5906.226279674339	1500.0	26.173845852312727	0.0	748011	2653.4586892937523	1.5
5908.891237920238	1500.0	27.508887606413193	0.0	754517	2664.9582458995333	1.5
5916.701604406473	4000.0	23.698521120178373	0.0	2231719	7810.366486234818	4.0
5924.423670124402	4000.0	19.976455402250338	0.0	1835863	7722.065717928038	4.0
5933.638193228756	4000.0	14.76193229789521	0.0	2192675	9214.523104355125	4.0
5941.552281912712	4000.0	10.847843613939581	0.0	2082556	7914.088683955631	4.0
5949.127303314115	4000.0	7.272822212536169	0.0	2164412	7575.021401403413	4.0
5951.939277815586	1500.0	8.4608477110651	0.0	835711	2811.974501471069	1.5
5954.655413807741	1500.0	9.744711718910802	0.0	806394	2716.135992154299	1.5
5957.429511431381	1500.0	10.970614095269879	0.0	809327	2774.0976236409224	1.5
5959.918840671392	1500.0	12.481284855258393	0.0	681795	2489.329240011485	1.5
5963.020980830855	1500.0	13.37914469579553	0.0	855209	3102.140159462862	1.5
5965.379792589584	1500.0	15.020332937065932	0.0	644861	2358.811758729598	1.5
5968.20426596076	1500.0	16.195859565890522	0.0	794014	2824.4733711754106	1.5
5971.344374738268	1500.0	17.055750788382365	0.0	914284	3140.1087775081583	1.5
5973.685972930888	1500.0	18.7141525957625	0.0	675709	2341.598192619864	1.5
5976.134065977494	1500.0	20.26605954915552	0.0	707527	2448.0930466069785	1.5
5978.584221582145	1500.0	21.815903944505198	0.0	757473	2450.155604650325	1.5
5980.751139503252	1500.0	23.648986023397626	0.0	712239	2166.9179211075707	1.5
5988.210178109696	4000.0	20.18994741695286	0.0	2544033	7459.038606444763	4.0
5993.849624161919	4000.0	18.55050136473004	0.0	2125133	5639.446052222822	4.0
5999.016470185649	4000.0	17.383655340998857	0.0	1828568	5166.846023731184	4.0
6005.229623787436	4000.0	15.17050173921299	0.0	1785821	6213.153601785868	4.0
6012.0544001818025	4000.0	12.345725344845633	0.0	2096494	6824.776394367356	4.0
6018.18104706556	4000.0	10.219078461088506	0.0	1955307	6126.6468837571265	4.0
6020.350459541473	1500.0	12.049665985175103	0.0	691256	2169.412475913402	1.5
6022.62442183414	1500.0	13.775703692508763	0.0	725845	2273.962292666339	1.5
6025.155815645301	1500.0	15.244309881347693	0.0	811013	2531.3938111610687	1.5
6027.223755343793	1500.0	17.17637018285523	0.0	657685	2067.9396984924624	1.5
6031.877699748497	4000.0	16.52242577815102	0.0	1697030	4653.944404704208	4.0
6036.940691386775	4000.0	15.459434139872915	0.0	1910697	5062.991638278105	4.0
6042.710363500358	4000.0	13.689762026290431	0.0	2171279	5769.672113582485	4.0
6048.152794265549	4000.0	12.247331261098148	0.0	2042818	5442.430765192283	4.0
6053.120694914812	4000.0	11.279430611835913	0.0	1750852	4967.900649262235	4.0
6058.93683718289	4000.0	9.463288343758812	0.0	2034636	5816.142268077101	4.0

