21730.472222216213	600.0	4.0	0.7731743749780847	247108	773.1743749780848	-14.863487499561694
21730.82885744185	200.0	7.643364774360952	0.0	98617	356.6352256390477	0.2
21731.71799380708	600.0	10.754228409130755	0.0	288447	889.1363652301975	0.6
21733.813354794496	1500.0	12.658867421718854	0.0	718451	2095.360987411901	1.5
21739.698015546976	4000.0	10.774206669238053	0.0	2069289	5884.660752480802	4.0
21741.6626777924	1500.0	12.80954442381151	0.0	689829	1964.6622454265434	1.5
21747.29463112935	4000.0	11.177591086860884	0.0	2046450	5631.953336950624	4.0
21753.477221980284	4000.0	8.995000235926753	0.0	2058614	6182.5908509341325	4.0
21754.501741148575	600.0	11.970481067635653	0.0	290723	1024.5191682910981	0.6
21762.364481718985	4000.0	8.107740497228713	0.0	2373154	7862.7405704069415	4.0
21763.55759545475	600.0	10.91462676146417	0.0	329266	1193.113735764542	0.6
21766.15416161926	1500.0	12.318060596956151	0.0	744416	2596.5661645080186	1.5
21772.936435004016	4000.0	9.535787212200182	0.0	2131310	6782.273384755969	4.0
21775.074272312082	1500.0	11.397949904130925	0.0	748011	2137.8373080692586	1.5
21781.134680739164	4000.0	9.33754147705016	0.0	2157416	6060.408427080766	4.0
21784.396378394784	1500.0	10.075843821431729	0.0	934743	3261.697655618432	1.5
21786.98013366007	1500.0	11.492088556146445	0.0	735572	2583.755265285283	1.5
21793.854157405025	4000.0	8.618064811185334	0.0	2192675	6874.02374496111	4.0
21794.83552951234	600.0	11.636692703874257	0.0	330105	981.3721073110793	0.6
21800.825590267337	4000.0	9.646631948873914	0.0	2164412	5990.0607550003415	4.0
21803.24253703532	1500.0	11.229685180893641	0.0	835711	2416.946767980272	1.5
21808.811617169667	4000.0	9.660605046545072	0.0	1950922	5569.080134348568	4.0
21811.16872551018	1500.0	11.303496706031241	0.0	809327	2357.1083405138306	1.5
21818.188314107963	4000.0	8.283908108249886	0.0	1822097	7019.588597781355	4.0
21819.616533572174	600.0	10.855688644037903	0.0	346939	1428.2194642119837	0.6
21822.098769095588	1500.0	12.373453120622678	0.0	644861	2482.2355234152237	1.5
21828.24729651169	4000.0	10.224925704521452	0.0	2068230	6148.5274161012285	4.0
21831.00995633197	1500.0	11.462265884239038	0.0	914284	2762.6598202824134	1.5
21838.755853507497	4000.0	7.716368708713761	0.0	2165436	7745.897175525277	4.0
21839.939051485133	600.0	10.533170731078197	0.0	302752	1183.1979776355645	0.6
21842.75075782518	1500.0	11.72146439103223	0.0	757473	2811.706340045966	1.5
21849.589357209046	4000.0	8.882865007164481	0.0	1947068	6838.599383867749	4.0
21850.747894111897	600.0	11.724328104313782	0.0	310713	1158.5369028506964	0.6
21856.65049731206	4000.0	9.821724904149963	0.0	2125133	5902.603200163819	4.0
21858.43229379906	1500.0	12.039928417153153	0.0	670327	1781.7964869968107	1.5
21863.09079857585	4000.0	11.381423640361554	0.0	1785821	4658.504776791599	4.0
21869.003202380205	4000.0	9.469019836004279	0.0	2096494	5912.4038043572755	4.0
21871.493078408235	1500.0	10.979143807975833	0.0	866245	2489.876028028446	1.5
21873.479342198258	1500.0	12.992880017951487	0.0	691256	1986.2637900243446	1.5
21879.242052453275	4000.0	11.230169762932496	0.0	2094647	5762.710255018991	4.0
21884.926845564856	4000.0	9.545376651351155	0.0	1985434	5684.793111581342	4.0
21887.016424665006	1500.0	11.455797551206016	0.0	657685	2089.579100145138	1.5
21892.28175810019	4000.0	10.190464116021538	0.0	1697030	5265.333435184479	4.0
21894.914809673068	1500.0	11.55741254314512	0.0	848035	2633.0515728764185	1.5
21901.48326060878	4000.0	8.988961607431099	0.0	2171279	6568.45093571402	4.0
21902.4245986238	600.0	12.04762359241485	0.0	288236	941.3380150162491	0.6
21908.504832247836	4000.0	9.967389968377642	0.0	1750852	6080.233624037208	4.0
21911.43521580405	1500.0	11.037006412166058	0.0	808636	2930.3835562115837	1.5

