4729.690192517397	600.0	4.0	0.8938089455159212	247108	893.8089455159212	-17.27617891031842
4730.094971143666	200.0	7.595221373731553	0.0	98617	404.77862626844785	0.2
4731.124923184503	600.0	10.565269332894223	0.0	288447	1029.95204083733	0.6
4733.571021613994	1500.0	12.119170903402424	0.0	718451	2446.0984294917976	1.5
4740.275180864215	4000.0	9.415011653182395	0.0	2069289	6704.15925022003	4.0
4742.285751258296	1500.0	11.40444125910148	0.0	689829	2010.570394080915	1.5
4748.092990592924	4000.0	9.597201924473787	0.0	2046450	5807.239334627696	4.0
4750.294055655467	1500.0	11.396136861931303	0.0	780303	2201.065062542483	1.5
4755.217344925404	4000.0	10.472847591992753	0.0	1857129	4923.28926993855	4.0
4757.287449080186	1500.0	12.402743437211251	0.0	763093	2070.104154781503	1.5
4764.3015358258135	4000.0	9.388656691584092	0.0	2094766	7014.086745627158	4.0
4767.228387013729	1500.0	10.461805503668801	0.0	744416	2926.851187915292	1.5
4769.626249244237	1500.0	12.06394327316065	0.0	606092	2397.862230508151	1.5
4775.102103042973	4000.0	10.588089474424404	0.0	1805063	5475.853798736248	4.0
4777.417791772185	1500.0	12.27240074521221	0.0	754517	2315.688729212193	1.5
4783.719556518548	4000.0	9.970635998849927	0.0	2231719	6301.764746362283	4.0
4785.767872542164	1500.0	11.922319975235121	0.0	735572	2048.316023614804	1.5
4791.668820435048	4000.0	10.021372082351549	0.0	2192675	5900.947892883572	4.0
4793.685989118529	1500.0	12.004203398869992	0.0	747396	2017.168683481557	1.5
4799.37590828394	4000.0	10.314284233458773	0.0	2164412	5689.919165411219	4.0
4801.783280378506	1500.0	11.906912138892626	0.0	835711	2407.3720945661476	1.5
4807.631825618009	4000.0	10.058366899389373	0.0	1950922	5848.545239503253	4.0
4810.104868196366	1500.0	11.58532432103337	0.0	809327	2473.0425783560027	1.5
4814.97970630535	4000.0	10.710486212048469	0.0	1822097	4874.838108984902	4.0
4817.279730966263	1500.0	12.410461551136015	0.0	855209	2300.024660912454	1.5
4823.390233409747	4000.0	10.299959107651121	0.0	1984579	6110.502443484896	4.0
4826.639159326435	1500.0	11.051033190963668	0.0	794014	3248.925916687453	1.5
4834.101342942271	4000.0	7.588849575127336	0.0	2055338	7462.183615836332	4.0
4835.09751883996	600.0	10.59267367743919	0.0	291029	996.1758976881457	0.6
4837.404854206414	1500.0	12.285338310985674	0.0	707527	2307.335366453517	1.5
4845.732211500204	4000.0	7.957981017195369	0.0	2290706	8327.357293790305	4.0
4847.01572471578	600.0	10.674467801618677	0.0	293409	1283.5132155766914	0.6
4849.695053041465	1500.0	11.995139475933543	0.0	633700	2679.3283256851337	1.5
4856.02264702788	4000.0	9.667545489519103	0.0	2125133	6327.593986414441	4.0
4857.878877030198	1500.0	11.811315487200533	0.0	670327	1856.2300023185717	1.5
4862.821361143653	4000.0	10.86883137374559	0.0	1785821	4942.484113454942	4.0
4864.937972985758	1500.0	12.752219531640327	0.0	681043	2116.6118421052633	1.5
4870.865182913988	4000.0	10.825009603410662	0.0	1955307	5927.209928229666	4.0
4872.774138464952	1500.0	12.916054052446674	0.0	691256	1908.955550963987	1.5
4877.75662113076	4000.0	11.933571386638185	0.0	2094647	4982.48266580849	4.0
4882.5527344490765	4000.0	11.137458068322939	0.0	1985434	4796.113318315245	4.0
4887.646043135427	4000.0	10.044149381972918	0.0	1830641	5093.308686350021	4.0
4889.826675399013	1500.0	11.863517118387124	0.0	767059	2180.6322635857937	1.5
4894.730239903481	4000.0	10.959952613919414	0.0	1910697	4903.564504467709	4.0
4896.2842472800985	1500.0	13.405945237302122	0.0	629438	1554.0073766172943	1.5
4905.768554662788	8000.0	7.921637854612402	0.0	3954105	9484.30738268972	8.0
4906.475832455874	600.0	11.214360061525845	0.0	256094	707.2777930865559	0.6
4911.539479006807	4000.0	10.15071351059354	0.0	2034636	5063.646550932305	4.0

