29206.114533252825	600.0	4.0	0.8088649645128584	247108	808.8649645128584	0.004705182	-15.577299290257168
29206.485412043497	200.0	7.629121209328049	0.0	98617	370.8787906719513	0.004705182	0.2
29206.879471588156	200.0	11.235061664669555	0.0	106476	394.05954465849385	0.004705182	0.2
29207.299351761445	200.0	14.815181491381693	0.0	115230	419.88017328786066	0.004705182	0.2
29207.667401904313	200.0	18.447131348511387	0.0	97658	368.0501428703106	0.004705182	0.2
29208.035452047185	200.0	22.079081205641074	0.0	97658	368.0501428703106	0.004705182	0.2
29208.456989884773	200.0	25.657543368052355	0.0	115792	421.5378375887179	0.004705182	0.2
29208.854583026998	200.0	29.259950225827264	0.0	107674	397.5931422250899	0.004705182	0.2
29211.564025003216	1500.0	30.55050824960826	0.0	891463	2709.4419762190064	0.014133231	1.5
29226.718512014144	12000.0	19.396021238683243	0.0	5088378	15154.48701092502	0.004705182	12.0
29227.079503506167	200.0	23.035029746657166	0.0	95365	360.9914920260764	0.004705182	0.2
29229.35291369364	1500.0	24.76161955918709	0.0	744416	2273.4101874700746	1.0086739	1.5
29229.73468968716	200.0	28.379843565669354	0.0	102419	381.77599351773415	0.004705182	0.2
29232.01869248632	1500.0	30.095840766509102	0.0	748011	2284.002799160252	0.004705182	1.5
29234.321865113478	1500.0	31.792668139349885	0.0	754517	2303.172627159221	0.004705182	1.5
29237.142434178448	1500.0	32.97209907437769	0.0	934743	2820.569064972197	0.004705182	1.5
29239.337970560387	1500.0	34.776562692439235	0.0	735572	2195.536381938453	0.004705182	1.5
29251.25023965285	12000.0	26.864293599976605	0.0	4055239	11912.269092462628	0.004705182	12.0
29253.56368928118	1500.0	28.550843971647442	0.0	747396	2313.4496283291624	0.004705182	1.5
29255.622992258282	1500.0	30.491540994545353	0.0	662349	2059.3029771020883	0.004705182	1.5
29258.20685461124	1500.0	31.90767864158817	0.0	835711	2583.862352957184	0.0052474504	1.5
29260.70950402822	1500.0	33.40502922461012	0.0	806394	2502.6494169780503	0.004705182	1.5
29263.22096505682	1500.0	34.893568196012936	0.0	809327	2511.46102859718	0.122368865	1.5
29275.384534109588	8000.0	26.72999914324326	0.0	4032749	12163.569052769677	0.57258654	8.0
29278.0349387398	1500.0	28.07959451303229	0.0	855209	2650.4046302109678	0.004705182	1.5
29280.074667509576	1500.0	30.039865743255085	0.0	644861	2039.728769777204	0.004705182	1.5
29293.05609102366	8000.0	21.058442229166488	0.0	4274504	12981.423514088596	0.17258224	8.0
29295.871165156594	1500.0	22.24336809623202	0.0	914284	2815.074132934468	0.004705182	1.5
29297.971806089394	1500.0	24.14272716343447	0.0	675709	2100.6409327975516	0.004705182	1.5
29300.163866389026	1500.0	25.950666863802013	0.0	707527	2192.060299632456	0.023362454	1.5
29302.5050220076	1500.0	27.60951124522704	0.0	757473	2341.1556185749737	0.004705182	1.5
29313.236755609734	8000.0	20.877777643090937	0.0	3568902	10731.733602136104	0.23156053	8.0
29315.2077623612	1500.0	22.906770891626874	0.0	633700	1971.0067514640607	0.004705182	1.5
29317.54116084678	1500.0	24.573372406043678	0.0	755142	2333.3984855832	0.004705182	1.5
29333.039775835794	8000.0	13.074757417030211	0.0	3707853	15498.614989013466	0.008513317	8.0
29335.435105497014	1500.0	14.679427755810307	0.0	785519	2395.3296612199033	0.11319888	1.5
29337.522490497842	1500.0	16.592042754981318	0.0	681043	2087.385000828989	0.004705182	1.5
29340.15512797672	1500.0	17.959405276103578	0.0	866245	2632.637478877737	0.48539045	1.5
29342.271903049463	1500.0	19.84263020336224	0.0	691256	2116.775072741336	0.57947725	1.5
29348.523560109275	4000.0	17.590973143547686	0.0	2094647	6251.657059814554	0.035978198	4.0
29350.96837422212	1500.0	19.146159030703245	0.0	811013	2444.814112844438	0.53300565	1.5
29352.966102753977	1500.0	21.14843049884729	0.0	657685	1997.728531855956	0.5747455	1.5
29364.266539538603	8000.0	13.847993714222167	0.0	3735285	11300.436784625124	0.037933506	8.0
29370.214474486398	4000.0	11.900058766427392	0.0	1910697	5947.934947794774	0.5078708	4.0
29372.170104538174	1500.0	13.944428714652519	0.0	629438	1955.6300517748725	0.64536625	1.5
29378.337393248272	4000.0	11.777140004554557	0.0	2042818	6167.288710097962	0.016159529	4.0
29383.453025263832	4000.0	10.661507988995552	0.0	1750852	5115.632015559005	0.12543191	4.0
29389.366690693572	4000.0	8.747842559253458	0.0	2034636	5913.665429742093	0.010935742	4.0

