35910.59396149126	600.0	4.0	0.891587158223171	247108	891.5871582231711	-17.23174316446342
35911.6911944332	600.0	6.902767058050743	0.0	309722	1097.232941949257	0.6
35913.885808112485	1500.0	8.70815337876673	0.0	643847	2194.6136792840134	1.5
35916.325446834875	1500.0	10.268514656375729	0.0	718451	2439.638722391001	1.5
35918.78428253567	1500.0	11.809678955579274	0.0	724296	2458.8357007964532	1.5
35921.038736316594	1500.0	13.555225174660103	0.0	689829	2254.4537809191715	1.5
35923.309050028256	1500.0	15.284911462992849	0.0	737903	2270.3137116672547	1.5
35925.705219443684	1500.0	16.888742047561426	0.0	780303	2396.169415431423	1.5
35928.43134452021	1500.0	18.162616971035074	0.0	891463	2726.125076526353	1.5
35930.77925992306	1500.0	19.814701568179682	0.0	763093	2347.9154028553876	1.5
35937.14135918832	4000.0	17.452602302922525	0.0	2094766	6362.0992652571595	4.0
35942.18978098073	4000.0	16.404180510514436	0.0	1761739	5048.421792408087	4.0
35947.56882842218	4000.0	15.025133069058716	0.0	2131310	5379.047441455721	4.0
35953.03826807434	4000.0	13.555693416901224	0.0	1805063	5469.439652157492	4.0
35961.82116990531	4000.0	8.772791585928827	0.0	2157416	8782.901830972396	4.0
35964.7604216307	1500.0	9.833539860538345	0.0	934743	2939.2517253904834	1.5
35967.090436351486	1500.0	11.503525139755277	0.0	735572	2330.014720783069	1.5
35969.53376363082	1500.0	13.060197860423637	0.0	772616	2443.3272793316387	1.5
35972.260991142306	1500.0	14.332970348939376	0.0	747396	2727.2275114842614	1.5
35975.44660127007	1500.0	15.147360221170064	0.0	662349	3185.610127769312	1.5
35979.44506803833	1500.0	15.148893452913118	0.0	835711	3998.4667682569457	1.5
35982.36512357253	1500.0	16.228837918712177	0.0	806394	2920.0555342009416	1.5
35984.30318934766	1500.0	18.290772143587343	0.0	809327	1938.065775124835	1.5
35988.56638856707	4000.0	18.027572924164744	0.0	1822097	4263.199219422602	4.0
35993.11442514972	4000.0	17.479536341526256	0.0	1836837	4548.036582638487	4.0
35998.73562017974	4000.0	15.858341311510898	0.0	1984579	5621.195030015357	4.0
36004.40256055034	4000.0	14.191400940904634	0.0	2068230	5666.940370606264	4.0
36009.826218924434	4000.0	12.767742566812565	0.0	2055338	5423.658374092069	4.0
36015.70079164327	4000.0	10.893169847979232	0.0	2165436	5874.572718833332	4.0
36021.231341093815	4000.0	9.362620397429783	0.0	2002600	5530.549450549451	4.0
36028.20384710057	4000.0	6.390114390672941	0.0	2290706	6972.506006756842	4.0
36034.13790646446	4000.0	4.456055026789611	0.0	1947068	5934.05936388333	4.0
36036.06059329202	1500.0	6.533368199223458	0.0	633700	1922.686827566153	1.5
36038.33641184393	1500.0	8.257549647318834	0.0	755142	2275.8185519046233	1.5
36040.3656034694	1500.0	10.228358021846313	0.0	670327	2029.191625472521	1.5
36042.72009889613	1500.0	11.873862595121318	0.0	785519	2354.495426724995	1.5
36044.65072779169	1500.0	13.94323369955229	0.0	681043	1930.628895569029	1.5
36047.08461444443	1500.0	15.509347046812017	0.0	866245	2433.8866527402724	1.5
36052.99221941083	4000.0	13.601742080412361	0.0	2142800	5907.6049663996555	4.0
36058.93239636484	4000.0	11.661565126399422	0.0	2094647	5940.176954012939	4.0
36064.62092140493	4000.0	9.97304008631805	0.0	1985434	5688.52504008137	4.0
36069.99667001727	4000.0	8.597291473976478	0.0	1830641	5375.748612341573	4.0
36074.70150091182	4000.0	7.89246057942871	0.0	1697030	4704.830894547768	4.0
36079.45613194029	4000.0	7.137829550956892	0.0	1910697	4754.631028471818	4.0
36085.044695361525	4000.0	5.5492661297187045	0.0	2171279	5588.563421238187	4.0
36087.230915331886	1500.0	7.3630461593605885	0.0	763847	2186.2199703581155	1.5
36089.43269798104	1500.0	9.161263510203314	0.0	769491	2201.782649157274	1.5
36095.09550987458	4000.0	7.498451616666573	0.0	2034636	5662.811893536741	4.0

