32580.346052998364	600.0	4.0	0.6255976595920846	247108	625.5976595920846	0.006630682	-11.911953191841691
32580.643792627983	200.0	7.702260370380593	0.0	98617	297.73962961940776	0.004705182	0.2
32580.958884395157	200.0	11.387168603207021	0.0	106476	315.09176717357104	0.004705182	0.2
32581.29330439902	200.0	15.05274859934314	0.0	115230	334.420003863881	0.004705182	0.2
32581.58892662186	200.0	18.757126376507603	0.0	97658	295.62222283553666	0.004705182	0.2
32581.884548844697	200.0	22.461504153672067	0.0	97658	295.62222283553666	0.004705182	0.2
32582.22020970634	200.0	26.125843292026605	0.0	115792	335.6608616454613	0.004705182	0.2
32582.537946576045	200.0	29.80810642232219	0.0	107674	317.73686970441315	0.004705182	0.2
32582.828373534896	200.0	33.517679463472525	0.0	95305	290.42695884966747	0.004705182	0.2
32583.14114476554	200.0	37.204908232826426	0.0	105425	312.7712306460961	0.01767358	0.2
32583.43170420031	200.0	40.91434879805702	0.0	95365	290.5594347694091	0.004705182	0.2
32583.72221285264	200.0	44.62384014572351	0.0	95342	290.50865233350817	0.004705182	0.2
32584.02834703971	200.0	48.31770595865648	0.0	102419	306.1341870670384	0.014160952	0.2
32584.28689587641	200.0	52.059157121960645	0.0	80867	258.5488366958298	0.004705182	0.2
32584.54960224905	200.0	55.79645074931693	0.0	82750	262.7063726437226	0.015795866	0.2
32602.07062341699	12000.0	42.27542958137834	0.0	5443841	17521.021167938587	0.005270595	12.0
32602.255068410235	200.0	46.09098458813342	0.0	89871	184.4449932449119	0.004705182	0.2
32607.0479280642	12000.0	45.298124934168264	0.0	4055239	4792.8596539651635	0.004705182	12.0
32614.07152876237	12000.0	42.27452423600034	0.0	5385367	7023.600698167922	0.41858652	12.0
32614.283181104587	200.0	46.06287189378489	0.0	85876	211.65234221545126	0.7338311	0.2
32622.270275458697	12000.0	42.07577753967204	0.0	5251330	7987.094354112854	0.008162166	12.0
32622.47890345156	200.0	45.86714954681131	0.0	97742	208.6279928607266	0.02202607	0.2
32629.32563838547	12000.0	43.02041461289894	0.0	5141915	6846.734933912372	0.0047187703	12.0
32629.518487597106	200.0	46.827565401262255	0.0	85752	192.84921163668665	0.6789269	0.2
32629.722922829587	200.0	50.62313016878349	0.0	94556	204.43523247875902	0.15914923	0.2
32634.450964470303	8000.0	49.89508852806565	0.0	3253093	4728.041640717845	0.007347147	8.0
32642.353759603222	12000.0	45.992293395149616	0.0	5138482	7902.795132916035	0.004705182	12.0
32647.28970648314	8000.0	45.05634651523067	0.0	3354913	4935.946879918945	0.004705182	8.0
32656.271805147037	12000.0	40.07424785133433	0.0	6006139	8982.098663896342	1.143614	12.0
32664.834142894975	12000.0	35.51191010339528	0.0	5411094	8562.337747939047	0.004705182	12.0
32671.64849582139	8000.0	32.697557176979124	0.0	4025712	6814.35292641616	1.2002006	8.0
32677.866231986005	8000.0	30.479821012362713	0.0	3568902	6217.736164616409	0.030508077	8.0
32684.25706206535	8000.0	28.088990933019563	0.0	3713878	6390.830079343151	0.029598145	8.0
32694.221237694666	12000.0	22.124815303702366	0.0	6041881	9964.175629317197	0.2726424	12.0
32700.248671078123	8000.0	20.09738192024372	0.0	3707853	6027.433383458646	0.76777416	8.0
32703.457652380966	4000.0	20.88840061739983	0.0	1785821	3208.9813028438875	0.32726008	4.0
32705.117569446356	1500.0	23.22848355200908	0.0	681043	1659.9170653907497	1.2009532	1.5
32713.964531459864	8000.0	18.381521538501772	0.0	3739359	8846.962013507307	0.29381657	8.0
32725.76012905416	12000.0	10.585923944207869	0.0	5257310	11795.597594293904	0.01183357	12.0
32726.009660721433	200.0	14.336392276935047	0.0	101968	249.53166727282175	0.7179346	0.2
32731.39324798178	8000.0	12.952805016582785	0.0	3189942	5383.587260352263	0.38838643	8.0
32734.377552672944	4000.0	13.9685003254205	0.0	1830641	2984.304691162285	0.16645157	4.0
32737.005382758052	4000.0	15.340670240312921	0.0	1697030	2627.830085107581	0.064638935	4.0
32739.954001050082	4000.0	16.392051948282255	0.0	1910697	2948.6182920306655	0.09341518	4.0
32747.72400414779	8000.0	12.622048850572671	0.0	3682991	7770.003097709585	0.8225289	8.0
32753.850109596686	4000.0	10.49594340167978	0.0	2042818	6126.105448892891	0.18154256	4.0
32759.392879823477	4000.0	8.953173174890129	0.0	1750852	5542.77022678965	0.040278852	4.0
32761.995875864894	1500.0	10.350177133471279	0.0	808636	2602.996041418849	0.8380783	1.5

