24187.14637302864	600.0	4.0	0.8688208770599737	247108	868.8208770599737	0.1883792	-16.77641754119947
24187.541179301334	200.0	7.605193727305376	0.0	98617	394.80627269462514	0.004705182	0.2
24187.961073160317	200.0	11.185299868321298	0.0	106476	419.89385898407886	0.004705182	0.2
24188.40891163444	200.0	14.737461394198156	0.0	115230	447.8384741231396	0.004705182	0.2
24188.800656576783	200.0	18.345716451857466	0.0	97658	391.74494234068874	0.004705182	0.2
24189.192401519125	200.0	21.95397150951678	0.0	97658	391.74494234068874	0.004705182	0.2
24189.64203401583	200.0	25.50433901280875	0.0	115792	449.63249670803236	0.004705182	0.2
24190.0657521436	200.0	29.080620885040503	0.0	107674	423.7181277682455	0.004705182	0.2
24190.449985813448	200.0	32.696387215194925	0.0	95305	384.2336698455768	0.004705182	0.2
24190.866524658664	200.0	36.27984836997725	0.0	105425	416.53884521766884	0.0068724477	0.2
24191.250949861173	200.0	39.895423167471364	0.0	95365	384.4252025058857	0.004705182	0.2
24191.635301642826	200.0	43.511071385818596	0.0	95342	384.3517816527673	0.004705182	0.2
24192.042244701763	200.0	47.1041283268824	0.0	102419	406.9430589361957	0.00580197	0.2
24192.380389229114	200.0	50.765983799529145	0.0	80867	338.14452735325807	0.004705182	0.2
24192.72454468979	200.0	54.421828338853196	0.0	82750	344.1554606759507	0.0065924935	0.2
24212.354480154834	12000.0	38.79189287380702	0.0	5443841	19629.935465046165	0.5523172	12.0
24212.799911550806	200.0	42.34646147783762	0.0	89871	445.431395969402	0.004705182	0.2
24225.84781743744	12000.0	33.29855559120381	0.0	4055239	13047.905886633807	0.004705182	12.0
24226.18578026905	200.0	36.96059275959649	0.0	90919	337.9628316073202	0.004705182	0.2
24226.509434688116	200.0	40.63693834052995	0.0	85876	323.6544190665343	0.005673652	0.2
24226.9147460798	200.0	44.231626948843186	0.0	114656	405.31139168676407	0.004705182	0.2
24227.272067685706	200.0	47.87430534294164	0.0	97742	357.3216059015464	0.12893818	0.2
24245.971720418973	12000.0	33.17465260967616	0.0	5141915	18699.65273326548	0.061698005	12.0
24246.344551767415	200.0	36.80182126123206	0.0	85752	372.83134844410296	0.004705182	0.2
24246.747447571404	200.0	40.398925457245205	0.0	94556	402.8958039868528	0.004705182	0.2
24256.922174875912	8000.0	34.224198152736456	0.0	3253093	10174.727304508753	0.0056889574	8.0
24257.27236303667	200.0	37.874009991979236	0.0	88490	350.18816075722305	0.66152275	0.2
24270.336217899214	8000.0	28.810155129435508	0.0	3354913	13063.854862543725	0.004705182	8.0
24270.786433053563	200.0	32.35993997508565	0.0	93993	450.2151543498597	0.025720133	0.2
24271.248818952834	200.0	35.897554075819244	0.0	97083	462.38589926640736	0.050823662	0.2
24271.698990780904	200.0	39.447382247745786	0.0	93982	450.17182807345773	0.0070541566	0.2
24286.708518678905	8000.0	28.437854349747454	0.0	3568902	15009.527897998334	0.028023072	8.0
24289.54547637032	1500.0	29.600896658329976	0.0	633700	2836.957691417474	0.090458654	1.5
24289.992270022743	200.0	33.15410300590862	0.0	89422	446.7936524213603	0.0087262625	0.2
24290.516190344737	200.0	36.63018268391513	0.0	108225	523.9203219934884	0.052876737	0.2
24290.95629391589	200.0	40.19007911276124	0.0	87791	440.1035711538955	0.23297715	0.2
24291.4550413202	200.0	43.69133170844919	0.0	102088	498.74740431204657	0.32734692	0.2
24291.864840586997	200.0	47.281532441650924	0.0	80403	409.799266798267	0.17081429	0.2
24315.34146794106	12000.0	27.804905087586263	0.0	5257310	23476.62735406466	0.3363145	12.0
24315.96666025518	200.0	31.17971277346763	0.0	101968	625.1923141186298	0.083300374	0.2
24326.247114627862	8000.0	24.899258400784607	0.0	3189942	10280.454372683027	0.005186939	8.0
24331.291377525096	4000.0	23.854995503551304	0.0	1830641	5044.262897233299	0.008876843	4.0
24336.235495614736	4000.0	22.910877413909226	0.0	1697030	4944.1180896420765	0.014236148	4.0
24341.711267989187	4000.0	21.435105039458115	0.0	1910697	5475.772374451114	0.012124778	4.0
24352.63403471984	8000.0	14.512338308805903	0.0	3682991	10922.76673065221	0.01744954	8.0
24360.337322865496	4000.0	10.809050163146443	0.0	2042818	7703.2881456594605	0.35444683	4.0
24367.716341104166	4000.0	7.4300319244804705	0.0	1750852	7379.018238665973	0.0052951286	4.0
24371.046063535123	1500.0	8.100309493522293	0.0	808636	3329.722430958177	0.012872544	1.5

