2711.529048329061	600.0	4.0	0.7084836827798886	247108	708.4836827798886	0.061020464	-13.569673655597773
2711.859866494983	200.0	7.669181834077795	0.0	98617	330.81816592220514	0.004705182	0.2
2712.2106728978824	200.0	11.31837543117837	0.0	106476	350.80640289942613	0.004705182	0.2
2712.583743841626	200.0	14.945304487434232	0.0	115230	373.07094374413833	0.004705182	0.2
2712.9121229288794	200.0	18.616925400181216	0.0	97658	328.3790872530163	0.004705182	0.2
2713.2405020161323	200.0	22.2885463129282	0.0	97658	328.3790872530163	0.004705182	0.2
2713.615002326104	200.0	25.914046002956653	0.0	115792	374.5003099715462	0.004705182	0.2
2713.9688556698225	200.0	29.56019265923795	0.0	107674	353.85334371870476	0.004705182	0.2
2714.2912502397567	200.0	33.2377980893036	0.0	95305	322.39456993434965	0.004705182	0.2
2714.63938357521	200.0	36.8896647538508	0.0	105425	348.13333545279687	0.012309637	0.2
2714.961930746521	200.0	40.56711758253986	0.0	95365	322.54717131094117	0.004705182	0.2
2715.2844194206377	200.0	44.24462890842328	0.0	95342	322.48867411658114	0.004705182	0.2
2715.624907427123	200.0	47.904140901937716	0.0	102419	340.4880064855585	0.009501157	0.2
2715.910581019137	200.0	51.61846730992386	0.0	80867	285.67359201386125	0.004705182	0.2
2716.2010437510194	200.0	55.3280045780413	0.0	82750	290.46273188256055	0.011266301	0.2
2726.6998096955604	12000.0	48.82923863350041	0.0	5443841	10498.76594454089	0.024182595	12.0
2726.9107907307025	200.0	52.61825759835804	0.0	89871	210.98103514237306	0.004705182	0.2
2733.0039610642043	12000.0	50.52508726485682	0.0	4055239	6093.170333501218	0.004705182	12.0
2742.19413763057	12000.0	45.33491069849113	0.0	5385367	9190.176566365693	0.101082176	12.0
2742.4194100925606	200.0	49.10963823650047	0.0	85876	225.2724619906536	0.19125418	0.2
2751.8248959299945	12000.0	43.7041523990666	0.0	5251330	9405.485837433873	0.008665854	12.0
2752.0784704821485	200.0	47.45057784691228	0.0	97742	253.57455215432086	0.015979521	0.2
2760.5387714841304	12000.0	42.99027684493055	0.0	5141915	8460.30100198173	0.00524488	12.0
2760.7578015390523	200.0	46.77124679000888	0.0	85752	219.03005492167077	0.1680193	0.2
2760.9911055538064	200.0	50.53794277525502	0.0	94556	233.30401475386583	0.023685576	0.2
2766.5602612799703	8000.0	48.96878704909095	0.0	3253093	5569.15572616407	0.004705182	8.0
2777.555176726239	12000.0	41.97387160282227	0.0	5138482	10994.91544626868	0.004705182	12.0
2785.9002045297348	8000.0	37.62884379932671	0.0	3354913	8345.02780349556	0.004705182	8.0
2786.1443181519617	200.0	41.384730177099875	0.0	93993	244.11362222682976	0.5430188	0.2
2796.239255104876	12000.0	35.28979322418511	0.0	5411094	10094.93695291477	0.004705182	12.0
2796.5213044713355	200.0	39.00774385772581	0.0	93982	282.04936645929354	0.98120743	0.2
2804.294762523419	8000.0	35.23428580564191	0.0	3568902	7773.458052083903	0.005500392	8.0
2812.5447630733834	8000.0	30.98428525567766	0.0	3713878	8250.000549964254	0.3910207	8.0
2815.4790171634436	1500.0	32.05003116561743	0.0	755142	2934.2540900602307	0.6493384	1.5
2816.1781533190497	200.0	35.35089501001102	0.0	108225	699.1361556064073	0.08790052	0.2
2816.7603901611546	200.0	38.76865816790576	0.0	87791	582.2368421052631	0.32297987	0.2
2820.736517163443	1500.0	38.79253116561743	0.0	681043	3976.12700228833	0.6616226	1.5
2821.2764885593238	200.0	42.25255976973642	0.0	80403	539.9713958810069	0.659696	0.2
2821.8525869574933	200.0	45.676461371567086	0.0	86718	576.0983981693364	0.5672085	0.2
2822.5159279185914	200.0	49.01312041046869	0.0	101968	663.3409610983982	0.040993724	0.2
2834.328421427657	12000.0	41.20062690140338	0.0	4828747	11812.4935090653	0.4531276	12.0
2839.0406101928393	4000.0	40.48843813622119	0.0	1830641	4712.188765182186	0.2756768	4.0
2843.414714443851	4000.0	40.11433388520904	0.0	1697030	4374.104251012146	0.021793362	4.0
2848.6464649143036	4000.0	38.8825834147566	0.0	1910697	5231.750470452436	0.01701792	4.0
2858.506706594959	8000.0	33.02234173410127	0.0	3682991	9860.241680655334	0.5401884	8.0
2873.5160431079894	12000.0	22.013005221071058	0.0	5875126	15009.33651303021	0.37395597	12.0
2876.6085953596685	4000.0	22.920452969391647	0.0	1750852	3092.552251679409	0.004705182	4.0
2885.2207338704306	12000.0	18.308314458629596	0.0	5646381	8612.138510762054	0.004705182	12.0

