18367.540356014593	600.0	4.0	0.9647404224847835	247108	964.7404224847835	0.0206537	-18.69480844969567
18367.973442301743	200.0	7.566913712853562	0.0	98617	433.08628714643754	0.004705182	0.2
18368.434666791538	200.0	11.105689223057645	0.0	106476	461.2244897959184	0.004705182	0.2
18368.927233923656	200.0	14.61312209094164	0.0	115230	492.5671321160043	0.004705182	0.2
18369.356886626843	200.0	18.183469387755103	0.0	97658	429.6527031865378	0.004705182	0.2
18369.78653933003	200.0	21.753816684568566	0.0	97658	429.6527031865378	0.004705182	0.2
18370.281118635437	200.0	25.259237379162194	0.0	115792	494.5793054063731	0.004705182	0.2
18370.746632419898	200.0	28.793723594701042	0.0	107674	465.5137844611529	0.004705182	0.2
18374.01840828814	1500.0	29.52194772645901	0.0	891463	3271.7758682420335	0.004705182	1.5
18376.83057083737	1500.0	30.70978517722879	0.0	763093	2812.1625492302182	0.07241264	1.5
18379.580106705427	1500.0	31.96024930917412	0.0	769316	2749.5358680546715	0.008966281	1.5
18382.222971102725	1500.0	33.31738491187671	0.0	744416	2642.8643972974137	0.004705182	1.5
18384.38961567819	1500.0	35.15074033641516	0.0	606092	2166.6445754615484	0.004705182	1.5
18387.04485688833	1500.0	36.49549912627616	0.0	748011	2655.2412101390023	0.004705182	1.5
18388.935964417396	1500.0	38.60439159720522	0.0	754517	1891.1075290709396	0.004705182	1.5
18390.933976113305	1500.0	40.60637990129879	0.0	934743	1998.0116959064328	0.055208873	1.5
18401.334845291665	8000.0	34.20551072293568	0.0	4381600	10400.869178363107	0.63012666	8.0
18404.019424955397	1500.0	35.5209310592047	0.0	772616	2684.579663730985	0.004705182	1.5
18406.618985024503	1500.0	36.92137099009678	0.0	747396	2599.560069107918	0.004705182	1.5
18408.557473815603	1500.0	38.98288219900007	0.0	662349	1938.4887910967118	0.011737479	1.5
18410.06006656187	1500.0	41.48028945273173	0.0	835711	1502.5927462683392	0.6760304	1.5
18416.78783309768	8000.0	38.75252291692588	0.0	3905272	6727.766535805858	0.004705182	8.0
18424.416210141222	8000.0	35.124145873381416	0.0	3805854	7628.37704354446	0.004705182	8.0
18432.733683205493	8000.0	30.80667280911333	0.0	4032749	8317.473064268084	0.22004129	8.0
18445.91064507822	8000.0	21.62971093638539	0.0	4925863	13176.961872727941	0.017611448	8.0
18446.349298915848	200.0	25.191057098758463	0.0	101109	438.6538376269233	0.68490803	0.2
18449.250597690225	1500.0	26.2897583243824	0.0	794014	2901.2987743760655	0.004705182	1.5
18452.604081399495	1500.0	26.93627461510922	0.0	914284	3353.4837092731836	0.0049671205	1.5
18455.103376064733	1500.0	28.4369799498747	0.0	675709	2499.294665234515	0.004705182	1.5
18457.716591245542	1500.0	29.823764769065537	0.0	707527	2613.2151808091658	0.004705182	1.5
18459.842875379465	1500.0	31.697480635144988	0.0	757473	2126.2841339205484	0.5032858	1.5
18466.846144575262	8000.0	28.694211439349697	0.0	3568902	7003.269195795294	0.08062043	8.0
18473.611200351304	8000.0	25.929155663306258	0.0	3713878	6765.0557760434385	0.011699785	8.0
18481.768000557924	8000.0	21.77235545668716	0.0	4271839	8156.800206619099	0.015963554	8.0
18490.924254666705	8000.0	16.616101347906866	0.0	3707853	9156.25410878029	0.50677735	8.0
18493.26885474959	1500.0	18.271501265022493	0.0	785519	2344.600082884376	0.12955372	1.5
18495.31225733342	1500.0	20.228098681192154	0.0	681043	2043.4025838303396	0.16742785	1.5
18500.628695495023	4000.0	18.91166051958722	0.0	1955307	5316.438161604938	0.12704521	4.0
18505.135739552665	4000.0	18.404616461945565	0.0	2142800	4507.044057641652	0.5737332	4.0
18514.024495484166	8000.0	13.515860530447007	0.0	4253567	8888.75593149856	0.53199244	8.0
18518.226646423645	4000.0	13.313709590968134	0.0	1985434	4202.1509394788745	0.14635703	4.0
18521.950442962476	4000.0	13.589913052137613	0.0	1830641	3723.796538830522	0.032097824	4.0
18525.299148119695	4000.0	14.241207894917022	0.0	1697030	3348.7051572205905	0.3969994	4.0
18529.05940429536	4000.0	14.48095171925371	0.0	1910697	3760.256175663312	0.5520132	4.0
18535.544131965027	4000.0	11.996224049585326	0.0	2171279	6484.727669668385	0.3397454	4.0
18542.36920642068	4000.0	9.171149593928247	0.0	2042818	6825.074455657079	0.042065218	4.0
18545.015513038714	1500.0	10.524842975898022	0.0	769491	2646.3066180302244	0.69292825	1.5
18551.691656245486	4000.0	7.848699769127254	0.0	2034636	6676.143206770767	0.06219687	4.0

