7966.321673313844	600.0	4.0	0.7545249509511217	247108	754.5249509511217	0.007316736	-14.490499019022435
7966.6708658413545	200.0	7.650807472489977	0.0	98617	349.19252751002307	0.004705182	0.2
7967.041510898081	200.0	11.280162415763883	0.0	106476	370.645056726094	0.004705182	0.2
7967.436051544672	200.0	14.885621769171713	0.0	115230	394.54064659216925	0.004705182	0.2
7967.782626312224	200.0	18.539047001620748	0.0	97658	346.5747675509682	0.004705182	0.2
7968.129201079775	200.0	22.19247223406978	0.0	97658	346.5747675509682	0.004705182	0.2
7968.525275804675	200.0	25.796397509170014	0.0	115792	396.07472489976965	0.004705182	0.2
7968.899191014092	200.0	29.422482299752627	0.0	107674	373.91520941738463	0.004705182	0.2
7969.239342852358	200.0	33.082330461485974	0.0	95305	340.15183826665526	0.004705182	0.2
7969.607119018869	200.0	36.71455429497569	0.0	105425	367.776166510279	0.010082371	0.2
7969.947434637737	200.0	40.374238676106806	0.0	95365	340.3156188688903	0.004705182	0.2
7970.287687474042	200.0	44.0339858398021	0.0	95342	340.2528363047002	0.004705182	0.2
7970.64725823238	200.0	47.67441508146379	0.0	102419	359.57075833830936	0.007982966	0.2
7970.9479989983965	200.0	51.37367431544827	0.0	80867	300.7407660155251	0.004705182	0.2
7971.2538797456455	200.0	55.06779356819927	0.0	82750	305.8807472489977	0.009616672	0.2
7986.638128972311	12000.0	43.683544341532844	0.0	5443841	15384.249226666429	0.06678887	12.0
7986.986296736339	200.0	47.335376577504945	0.0	89871	348.1677640278961	0.004705182	0.2
8000.462384794496	12000.0	37.85928851934772	0.0	4055239	13476.088058157226	0.004705182	12.0
8000.796494878868	200.0	41.52517843497649	0.0	90919	334.1100843712335	0.004705182	0.2
8001.116510250852	200.0	45.20516306299193	0.0	85876	320.0153719845581	0.008601382	0.2
8001.5169630256705	200.0	48.804710288174036	0.0	114656	400.45277481789435	0.029817387	0.2
8001.8701427556125	200.0	52.45153055823185	0.0	97742	353.17972994218036	0.16857006	0.2
8016.245048641725	12000.0	42.07662467211979	0.0	5141915	14374.905886112063	0.004705182	12.0
8016.562666971854	200.0	45.75900634199042	0.0	85752	317.61833012937086	0.004705182	0.2
8016.904681138564	200.0	49.41699217528045	0.0	94556	342.0141667099635	0.004705182	0.2
8027.149667821404	8000.0	43.172005492439624	0.0	3253093	10244.98668284083	0.004705182	8.0
8042.696479761799	12000.0	31.625193552045356	0.0	5138482	15546.81194039427	0.007853707	12.0
8052.600328973527	8000.0	25.721344340317003	0.0	3354913	9903.849211728351	0.004705182	8.0
8052.969838849167	200.0	29.351834464676916	0.0	93993	369.5098756400878	0.035129026	0.2
8053.348866300751	200.0	32.97280701309258	0.0	97083	379.02745158433765	0.06883426	0.2
8053.718342295054	200.0	36.603331018790804	0.0	93982	369.47599430177496	0.09622946	0.2
8064.259412176247	8000.0	30.06226113759748	0.0	3568902	10541.069881193327	0.0074945427	8.0
8066.135582170401	1500.0	32.18609114344347	0.0	633700	1876.1699941540153	0.02671069	1.5
8066.469041399085	200.0	35.85263191475917	0.0	89422	333.4592286842991	0.07930451	0.2
8066.855796168877	200.0	39.465877144966974	0.0	108225	386.75476979220184	0.02953322	0.2
8067.184632463585	200.0	43.13704085025848	0.0	87791	328.8362947084979	0.17200847	0.2
8067.553992416818	200.0	46.76768089702635	0.0	102088	369.35995323212103	0.6065357	0.2
8067.861888039415	200.0	50.45978527442896	0.0	80403	307.8956225973888	0.6490679	0.2
8083.892335661957	12000.0	38.42933765188672	0.0	5257310	16030.447622542239	0.004705182	12.0
8084.267008927138	200.0	42.05466438670592	0.0	101968	374.6732651807969	0.0671855	0.2
8099.878684045502	12000.0	30.4429892683414	0.0	4828747	15611.675118364525	0.010434914	12.0
8106.294863334662	4000.0	28.026809979181383	0.0	1830641	6416.179289160015	0.010356231	4.0
8111.784060149402	4000.0	26.537613164442607	0.0	1697030	5489.19681473878	0.009354549	4.0
8117.5295812761615	4000.0	24.792092037682043	0.0	1910697	5745.521126760564	0.010033198	4.0
8129.096636983622	8000.0	17.225036330220814	0.0	3682991	11567.05570746123	0.004748092	8.0
8135.5908651492655	4000.0	14.730808164578038	0.0	2042818	6494.228165642775	0.106825784	4.0
8140.947714579878	4000.0	13.373958733964619	0.0	1750852	5356.84943061342	0.004705182	4.0
8146.650877311124	4000.0	11.670796002719046	0.0	2034636	5703.162731245574	0.07549596	4.0

