17684.475050694033	600.0	4.0	0.8688208770599737	247108	868.8208770599737	-16.77641754119947
17686.893041995256	1500.0	5.582008698774989	0.0	732405	2417.9913012250113	1.5
17689.028337474287	1500.0	7.446713219743825	0.0	643847	2135.295479031164	1.5
17691.401784663143	1500.0	9.073266030884641	0.0	718451	2373.447188859184	1.5
17693.79389032533	1500.0	10.68116036870037	0.0	724296	2392.105662184271	1.5
17696.332243825032	1500.0	12.142806868997454	0.0	689829	2538.353499702916	1.5
17699.071174077493	1500.0	13.403876616537035	0.0	737903	2738.9302524604195	1.5
17701.962886799607	1500.0	14.512163894423663	0.0	780303	2891.712722113371	1.5
17705.374459759285	1500.0	15.10059093474886	0.0	891463	3411.572959674805	1.5
17708.55733098854	1500.0	15.917719705492717	0.0	763093	3182.871229256143	1.5
17711.765506037464	1500.0	16.709544656571524	0.0	769316	3208.1750489211922	1.5
17714.779891329243	1500.0	17.69515936478873	0.0	744416	3014.385291782795	1.5
17716.57954518085	1500.0	19.89550551317857	0.0	606092	1799.6538516101575	1.5
17718.781863240154	1500.0	21.69318745387938	0.0	748011	2202.318059299191	1.5
17721.002640655388	1500.0	23.472410038643176	0.0	754517	2220.777415236204	1.5
17723.73477003544	1500.0	24.740280658589263	0.0	934743	2732.1293800539083	1.5
17726.248204837622	1500.0	26.22684585640584	0.0	735572	2513.4348021834226	1.5
17729.332009085087	1500.0	27.143041608945083	0.0	772616	3083.8042474607573	1.5
17732.31776211031	1500.0	28.157288583722746	0.0	747396	2985.7530252223355	1.5
17734.97286635291	1500.0	29.502184341121787	0.0	662349	2655.1042426009626	1.5
17737.93509480182	1500.0	30.539955892213424	0.0	835711	2962.2284489083618	1.5
17740.768819990702	1500.0	31.706230703328803	0.0	806394	2833.7251888846204	1.5
17743.612560973328	1500.0	32.862489720701916	0.0	809327	2843.740982626883	1.5
17745.96843583964	1500.0	34.50661485438907	0.0	681795	2355.874866312841	1.5
17748.659661365386	1500.0	35.815389328645786	0.0	855209	2691.2255257432926	1.5
17750.708627435382	1500.0	37.76642325864846	0.0	644861	2048.9660699973283	1.5
17753.213005130892	1500.0	39.26204556314065	0.0	794014	2504.377695507805	1.5
17756.157076152667	1500.0	40.31797454136257	0.0	914284	2944.0710217780847	1.5
17758.927469085353	1500.0	41.54758160867623	0.0	675709	2770.392932686326	1.5
17761.824548094937	1500.0	42.650502599095546	0.0	707527	2897.079009580689	1.5
17764.92049135735	1500.0	43.5545593366842	0.0	757473	3095.943262411348	1.5
17767.81836511312	1500.0	44.65668558091502	0.0	712239	2897.873755769184	1.5
17770.39435250911	1500.0	46.080698184922696	0.0	633700	2575.9873959923198	1.5
17773.448669874084	1500.0	47.026380819948045	0.0	755142	3054.3173649746445	1.5
17776.16892195424	1500.0	48.30612873979444	0.0	670327	2720.2520801536116	1.5
17779.699029728374	1500.0	48.77602096565599	0.0	785519	3530.107774138449	1.5
17782.795915024202	1500.0	49.679135669828305	0.0	681043	3096.8852958276807	1.5
17786.708249454474	1500.0	49.76680123955899	0.0	866245	3912.3344302693117	1.5
17789.623662585447	1500.0	50.8513881085825	0.0	691256	2915.4131309764916	1.5
17792.680953840863	1500.0	51.794096853166806	0.0	725845	3057.2912554156946	1.5
17796.08758957291	1500.0	52.387461121118704	0.0	811013	3406.6357320480943	1.5
17798.95439482408	1500.0	53.520655869947575	0.0	657685	2866.805251171134	1.5
17802.328349036485	1500.0	54.146701657542515	0.0	767059	3373.9542124050568	1.5
17806.05003560886	1500.0	54.425015085170735	0.0	848035	3721.686572371776	1.5
17809.231698822816	1500.0	55.24335187121199	0.0	629438	3181.6632139587423	1.5
17813.395759641528	1500.0	55.07929105249854	0.0	763847	4164.060818713449	1.5
17817.47674524005	1500.0	54.9983054539773	0.0	769491	4080.985598521239	1.5
17819.69207490947	1500.0	56.78297578455445	0.0	808636	2215.3296694228516	1.5

