35549.864782150515	600.0	4.0	0.7370601432536188	247108	737.0601432536188	-14.141202865072376
35550.768332912485	600.0	7.096449238030345	0.0	309722	903.5507619696542	0.6
35552.560322010584	1500.0	9.304460139929867	0.0	643847	1791.9890981004771	1.5
35554.55068313601	1500.0	11.314099014508168	0.0	718451	1990.3611254217008	1.5
35556.556586115745	1500.0	13.308196034766423	0.0	724296	2005.902979741745	1.5
35558.470841346505	1500.0	15.393940804015088	0.0	689829	1914.2552307513338	1.5
35563.5573677936	4000.0	14.30741435691721	0.0	2046450	5086.526447097878	4.0
35568.55808787367	4000.0	13.306694276841915	0.0	2058614	5000.720080075294	4.0
35573.56583965432	4000.0	12.298942496194794	0.0	1857129	5007.751780647122	4.0
35580.12816787331	4000.0	9.736614277207286	0.0	2373154	6562.328218987508	4.0
35584.84908729894	4000.0	9.015694851571372	0.0	2094766	4720.919425635913	4.0
35588.83219091434	4000.0	9.0325912361793	0.0	1761739	3983.103615392072	4.0
35590.30488451652	1500.0	11.559897634002821	0.0	606092	1472.693602176478	1.5
35592.98994655126	1500.0	12.874835599263367	0.0	748011	2685.0620347394542	1.5
35595.69766672017	1500.0	14.167115430354745	0.0	754517	2707.720168908624	1.5
35599.03305133555	1500.0	14.831730814970129	0.0	934743	3335.3846153846157	1.5
35601.780666530736	1500.0	16.08411561978278	0.0	735572	2747.615195187351	1.5
35604.791405269476	1500.0	17.073376881044037	0.0	772616	3010.738738738739	1.5
35607.7064778157	1500.0	18.158304334813597	0.0	747396	2915.0725462304413	1.5
35610.29894438754	1500.0	19.565837762978603	0.0	662349	2592.466571834993	1.5
35613.577717455606	1500.0	20.287064694914974	0.0	835711	3278.773068063632	1.5
35616.7486079043	1500.0	21.11617424621699	0.0	806394	3170.8904486979854	1.5
35619.93074047743	1500.0	21.934041673090956	0.0	809327	3182.132573126033	1.5
35621.99705949573	1500.0	23.867722654795628	0.0	681795	2066.3190182953294	1.5
35624.05122616239	1500.0	25.81355598812896	0.0	855209	2054.1666666666665	1.5
35625.61982496202	1500.0	28.2449571884983	0.0	644861	1568.5987996306558	1.5
35627.53272893247	1500.0	30.332053218045854	0.0	794014	1912.9039704524469	1.5
35632.87247179336	4000.0	28.99231035715853	0.0	2055338	5339.742860887322	4.0
35640.55366000775	4000.0	25.31112214277096	0.0	2165436	7681.188214387574	4.0
35644.96436577639	4000.0	24.90041637412966	0.0	2002600	4410.705768641299	4.0
35649.54825459018	4000.0	24.31652756033706	0.0	2290706	4583.888813792595	4.0
35653.64273185447	4000.0	24.222050296054967	0.0	1947068	4094.4772642820926	4.0
35659.2513604453	4000.0	22.61342170522305	0.0	2544033	5608.628590831919	4.0
35664.79452222054	4000.0	21.070259929985273	0.0	2125133	5543.161775237774	4.0
35670.44560303401	4000.0	19.4191791165189	0.0	1828568	5651.080813466372	4.0
35676.38273831653	4000.0	17.482043833987845	0.0	1785821	5937.135282531057	4.0
35683.02392720311	4000.0	14.840854947413579	0.0	2096494	6641.188886574266	4.0
35687.40195465232	4000.0	14.462827498211091	0.0	1955307	4378.027449202489	4.0
35692.19211690211	4000.0	13.6726652484206	0.0	2142800	4790.16224979049	4.0
35697.24479578653	4000.0	12.619986363997345	0.0	2094647	5052.678884423257	4.0
35702.04247191817	4000.0	11.822310232358992	0.0	1985434	4797.676131638352	4.0
35709.785643399904	4000.0	8.079138750624756	0.0	1830641	7743.171481734236	4.0
35714.975975220696	4000.0	6.888806929832062	0.0	1697030	5190.331820792694	4.0
35716.95375554715	1500.0	8.911026603384798	0.0	848035	1977.7803264472636	1.5
35718.442347236305	1500.0	11.422434914223016	0.0	629438	1488.5916891617828	1.5
35720.23172693056	1500.0	13.63305521997011	0.0	763847	1789.379694252906	1.5
35722.03373708483	1500.0	15.831045065697904	0.0	769491	1802.0101542722075	1.5
35735.68781516051	8000.0	6.176966990016536	0.0	4346302	13654.078075681367	8.0

