17536.497475401593	600.0	4.0	1.032361315187282	247108	1032.361315187282	-20.04722630374564
17537.771152867568	600.0	6.726322534023847	0.0	309722	1273.6774659761531	0.6
17538.962835873706	600.0	9.534639527881488	0.0	288447	1191.6830061423582	0.6
17540.120776858897	600.0	12.376698542695413	0.0	279692	1157.9409851860773	0.6
17542.992234404363	1500.0	13.505240997229917	0.0	724296	2871.4575454654946	1.5
17545.730855143855	1500.0	14.766620257738166	0.0	689829	2738.62073949175	1.5
17547.934640244774	1500.0	16.562835156820277	0.0	737903	2203.7851009178894	1.5
17550.198413136623	1500.0	18.299062264969514	0.0	780303	2263.7728918507632	1.5
17552.773280814294	1500.0	19.724194587300765	0.0	891463	2574.8676776687485	1.5
17554.98888942705	1500.0	21.508585974542548	0.0	763093	2215.6086127582166	1.5
17557.18560167045	1500.0	23.311873731142747	0.0	769316	2196.712243399801	1.5
17561.99185106265	4000.0	22.505624338946102	0.0	1761739	4806.249392196643	4.0
17563.697825140884	1500.0	24.799650260711328	0.0	606092	1705.9740782347715	1.5
17568.317340367947	4000.0	24.180135033648288	0.0	1805063	4619.5152270630415	4.0
17573.32351002202	4000.0	23.173965379578185	0.0	2157416	5006.1696540701005	4.0
17575.537870108787	1500.0	24.959605292810288	0.0	934743	2214.360086767896	1.5
17579.837588951734	4000.0	24.65988644986304	0.0	1835863	4299.718842947246	4.0
17584.97085429901	4000.0	23.526621102586805	0.0	2192675	5133.265347276237	4.0
17592.42948664026	4000.0	20.06798876133775	0.0	2082556	7458.632341249056	4.0
17595.409994071084	1500.0	21.0874813305142	0.0	662349	2980.507430823549	1.5
17598.174700231262	1500.0	22.32277517033797	0.0	835711	2764.7061601762316	1.5
17600.06845191817	1500.0	24.429023483428388	0.0	806394	1893.7516869095816	1.5
17604.307813141742	4000.0	24.18966225985664	0.0	1849252	4239.36122357175	4.0
17608.392218899506	4000.0	24.105256502091745	0.0	1822097	4084.4057577648946	4.0
17612.251378697365	4000.0	24.24609670423404	0.0	1836837	3859.1597978577033	4.0
17616.414507016576	4000.0	24.082968385024095	0.0	1984579	4163.128319209947	4.0
17621.376683152816	4000.0	23.1207922487841	0.0	2068230	4962.176136239997	4.0
17626.53386398992	4000.0	21.963611411681075	0.0	2055338	5157.180837103025	4.0
17631.810681906474	4000.0	20.686793495128363	0.0	2165436	5276.817916552711	4.0
17636.657216671876	4000.0	19.84025872972418	0.0	2002600	4846.534765404183	4.0
17638.51686284996	1500.0	21.980612551643432	0.0	757473	1859.646178080748	1.5
17643.04997586062	4000.0	21.447499540979894	0.0	1947068	4533.113010663541	4.0
17644.579302599523	1500.0	23.91817280207941	0.0	633700	1529.3267389004832	1.5
17649.95905594467	4000.0	22.53841945693152	0.0	2125133	5379.753345147887	4.0
17655.598069435076	4000.0	20.89940596652681	0.0	1828568	5639.013490404713	4.0
17660.446976434592	4000.0	20.050498967009137	0.0	1785821	4848.906999517673	4.0
17662.102553068486	1500.0	22.394922333116718	0.0	681043	1655.5766338924234	1.5
17666.706108881095	4000.0	21.791366520508273	0.0	1955307	4603.555812608444	4.0
17668.38531304535	1500.0	24.112162356251478	0.0	691256	1679.204164256796	1.5
17673.43573660887	4000.0	23.06173879273163	0.0	2094647	5050.423563519846	4.0
17678.232081943293	4000.0	22.26539345830954	0.0	1985434	4796.3453344220925	4.0
17682.54325060902	4000.0	21.95422479258463	0.0	1830641	4311.168665724912	4.0
17686.531038125388	4000.0	21.966437276213718	0.0	1697030	3987.787516370911	4.0
17690.85489808705	4000.0	21.642577314549644	0.0	1910697	4323.859961664071	4.0
17695.549853851022	4000.0	20.94762155058142	0.0	2171279	4694.955763968225	4.0
17700.039493344226	4000.0	20.4579820573759	0.0	2042818	4489.639493205519	4.0
17704.145713126338	4000.0	20.351762275260867	0.0	1750852	4106.219782115037	4.0
17708.904516196275	4000.0	19.592959205324966	0.0	2034636	4758.8030699359	4.0

