18350.874918493857	600.0	4.0	0.8408444145097662	247108	840.8444145097662	-16.21688829019532
18357.434319629236	4000.0	4.0	2.5594011353795834	2104388	6559.401135379583	-47.18802270759167
18359.496721630585	1500.0	5.937597998652939	0.0	643847	2062.402001347061	1.5
18361.793565912376	1500.0	7.640753716858495	0.0	718451	2296.8442817944438	1.5
18364.111032800432	1500.0	9.323286828801963	0.0	724296	2317.466888056532	1.5
18366.32202557952	1500.0	11.112294049715583	0.0	689829	2210.992779086381	1.5
18368.681526680033	1500.0	12.75279294920201	0.0	737903	2359.501100513573	1.5
18371.180177144615	1500.0	14.254142484619912	0.0	780303	2498.650464582099	1.5
18374.05922891274	1500.0	15.375090716497143	0.0	891463	2879.051768122768	1.5
18376.535219336227	1500.0	16.899100293011134	0.0	763093	2475.9904234860082	1.5
18379.030748988094	1500.0	18.403570641140966	0.0	769316	2495.529651870168	1.5
18381.32605020286	1500.0	20.108269426374456	0.0	744416	2295.3012147665113	1.5
18382.797525838516	1500.0	22.636793790720436	0.0	606092	1471.4756356540206	1.5
18384.594821367416	1500.0	24.839498261821852	0.0	748011	1797.2955288985825	1.5
18386.4070534744	1500.0	27.027266154836834	0.0	754517	1812.23210698502	1.5
18388.63305129338	1500.0	28.801268335861913	0.0	934743	2225.9978189749186	1.5
18390.4017891686	1500.0	31.032530460639506	0.0	735572	1768.7378752224072	1.5
18392.245478532357	1500.0	33.188841096883856	0.0	772616	1843.6893637556532	1.5
18394.01919786837	1500.0	35.41512176086891	0.0	747396	1773.719336014957	1.5
18395.60018704745	1500.0	37.83413258178557	0.0	662349	1580.9891790833383	1.5
18397.574042353102	1500.0	39.86027727613716	0.0	835711	1973.8553056484054	1.5
18399.481460629686	1500.0	41.95285899955226	0.0	806394	1907.4182765848961	1.5
18401.395525555185	1500.0	44.03879407405229	0.0	809327	1914.0649254999717	1.5
18403.00894372618	1500.0	46.42537590305467	0.0	681795	1613.4181709976174	1.5
18405.005834862728	1500.0	48.428484766509555	0.0	855209	1996.891136545116	1.5
18406.531245674825	1500.0	50.90307395441144	0.0	644861	1525.4108120981186	1.5
18408.39097250054	1500.0	53.04334712869664	0.0	794014	1859.726825714806	1.5
18410.520276116247	1500.0	54.91404351298982	0.0	914284	2129.3036157068213	1.5
18412.114830561983	1500.0	57.319489067253436	0.0	675709	1594.5544457363799	1.5
18413.782497376396	1500.0	59.65182225284077	0.0	707527	1667.66681441267	1.5
18417.562582664243	1500.0	59.87173696499429	0.0	757473	1780.0852878464818	1.5
18421.74114399294	1500.0	59.69317563629942	0.0	712239	1678.5613286948717	1.5
18425.90766864268	1500.0	59.526650986557954	0.0	633700	1666.524649741469	1.5
18429.67142225749	1500.0	59.7628973717517	0.0	755142	2263.753614806247	1.5
18432.545733998377	1500.0	59.74441559037518	0.0	670327	2018.4817813765185	1.5
18436.451540468734	1500.0	59.838609120017665	0.0	785519	1905.8064703575114	1.5
18440.614510092626	1500.0	59.675639496123544	0.0	681043	1662.9696238941267	1.5
18445.90573262791	1500.0	58.384416960840355	0.0	866245	5291.222535283187	1.5
18452.552229310913	1500.0	55.73792027783533	0.0	691256	6646.496683005028	1.5
18454.770920335184	1500.0	57.51922925356366	0.0	725845	2218.6910242716663	1.5
18457.24055754928	1500.0	59.049592039464734	0.0	811013	2469.6372140989283	1.5
18460.75841619169	1500.0	59.53173339705746	0.0	657685	2017.8586424072778	1.5
18464.57180607983	1500.0	59.718343508916746	0.0	767059	2313.389888140705	1.5
18468.563608635865	1500.0	59.726540952881265	0.0	848035	2491.8025560354786	1.5
18472.433723639686	1500.0	59.85642594905966	0.0	629438	1870.1150038216108	1.5
18476.725008118316	1500.0	59.56514147042731	0.0	763847	2791.284478632352	1.5
18480.550738716	1500.0	59.73941087274666	0.0	769491	2825.7305976806424	1.5
18484.433825189783	1500.0	59.85632439896135	0.0	808636	2883.0864737853117	1.5

