336.4172571976759	600.0	4.0	0.7571589566170553	247108	757.1589566170553	-14.543179132341107
337.3459995547074	600.0	7.071257642968469	0.0	309722	928.742357031531	0.6
339.190356689001	1500.0	9.226900508674877	0.0	643847	1844.3571342935927	1.5
341.23915385275325	1500.0	11.17810334492267	0.0	718451	2048.797163752205	1.5
343.3039682806224	1500.0	13.113288917053453	0.0	724296	2064.8144278692175	1.5
345.2743315464179	1500.0	15.142925651257984	0.0	689829	1970.3632657954684	1.5
347.7799836437667	1500.0	16.637273553909232	0.0	737903	2505.6520973487536	1.5
350.74451947852475	1500.0	17.672737719151133	0.0	780303	2964.535834758098	1.5
354.11997902290807	1500.0	18.297278174767786	0.0	891463	3375.4595443833464	1.5
356.97940504465316	1500.0	19.437852153022703	0.0	763093	2859.4260217450837	1.5
359.6929215187653	1500.0	20.724335678910595	0.0	769316	2713.51647411211	1.5
362.3212005089236	1500.0	22.096056688752274	0.0	744416	2628.278990158323	1.5
364.47596987135404	1500.0	23.941287326321806	0.0	606092	2154.7693624304666	1.5
367.02119471951096	1500.0	25.39606247816488	0.0	748011	2545.224848156924	1.5
368.9520037403152	1500.0	27.465253457360614	0.0	754517	1930.8090208042681	1.5
371.3249020799598	1500.0	29.09235511771599	0.0	934743	2372.8983396446256	1.5
375.90822248408693	4000.0	28.509034713588868	0.0	1835863	4583.320404127125	4.0
383.1328668181853	4000.0	25.284390379490553	0.0	2192675	7224.644334098314	4.0
389.8606258061567	4000.0	22.55663139151917	0.0	2082556	6727.758987971384	4.0
391.83200450723285	1500.0	24.585252690442974	0.0	662349	1971.3787010761903	1.5
394.2984291650116	1500.0	26.118828032664247	0.0	835711	2466.42465777873	1.5
399.890762281086	4000.0	24.52649491658986	0.0	1950922	5592.333116074384	4.0
405.12897639869203	4000.0	23.288280798983823	0.0	1849252	5238.2141176060395	4.0
410.7296010862827	4000.0	21.687656111393185	0.0	1822097	5600.624687590636	4.0
416.7611597829474	4000.0	19.656097414728475	0.0	1836837	6031.55869666471	4.0
422.95774978982956	1500.0	17.4595074078463	0.0	644861	6196.590006882177	1.5
429.36772728150555	1500.0	15.04952991617028	0.0	794014	6409.97749167602	1.5
430.47196488516096	600.0	17.945292312514837	0.0	302611	1104.2376036554408	0.6
432.83901514747265	1500.0	19.57824205020311	0.0	675709	2367.050262311728	1.5
435.31375875891285	1500.0	21.103498438762934	0.0	707527	2474.743611440176	1.5
437.9575529711315	1500.0	22.459704226544282	0.0	757473	2643.79421221865	1.5
440.0642863560568	1500.0	24.35297084161898	0.0	712239	2106.733384925304	1.5
441.9195428605916	1500.0	26.497714337084187	0.0	633700	1855.25650453479	1.5
444.11500877087633	1500.0	28.302248426799494	0.0	755142	2195.465910284694	1.5
449.38896614053715	4000.0	27.028291057138624	0.0	1828568	5273.9573696608695	4.0
454.8882427645296	4000.0	25.529014433146212	0.0	1785821	5499.276623992414	4.0
461.44852523181504	4000.0	22.96873196586073	0.0	2096494	6560.28246728548	4.0
464.2719230267914	1500.0	24.145334170884382	0.0	866245	2823.397794976346	1.5
466.5411306830136	1500.0	25.876126514662218	0.0	691256	2269.207656222165	1.5
468.9421231174913	1500.0	27.47513408018448	0.0	725845	2400.99243447774	1.5
477.6492873128093	4000.0	22.76796988486646	0.0	1985434	8707.164195318019	4.0
480.1160233298544	1500.0	24.301233867821438	0.0	657685	2466.736017045024	1.5
482.5271110998025	1500.0	25.89014609787329	0.0	767059	2411.087769948147	1.5
485.1842844554218	1500.0	27.232972742254002	0.0	848035	2657.1733556192903	1.5
487.1771428193033	1500.0	29.240114378372446	0.0	629438	1992.8583638815553	1.5
494.35801238550675	4000.0	26.05924481216901	0.0	2042818	7180.869566203437	4.0
500.5839053247604	4000.0	23.833351872915337	0.0	1750852	6225.892939253674	4.0
502.9983469825559	1500.0	25.418910215119833	0.0	808636	2414.4416577955003	1.5

