28361.693448641625	600.0	4.0	1.1454938421322125	247108	1145.4938421322124	-22.30987684264425
28363.108924966844	600.0	6.584523674778344	0.0	309722	1415.4763252216565	0.6
28364.43266657894	600.0	9.26078206268359	0.0	288447	1323.741612094753	0.6
28365.718657901332	600.0	11.97479074029159	0.0	279692	1285.9913223920016	0.6
28367.171336910684	600.0	14.522111730940255	0.0	318350	1452.6790093513355	0.6
28368.6782547429	600.0	17.015193898725308	0.0	330929	1506.917832214946	0.6
28370.172275817087	600.0	19.521172824534457	0.0	327938	1494.0210741908534	0.6
28371.40630363121	600.0	22.28714501041166	0.0	274823	1234.027814122799	0.6
28374.85269683395	1500.0	22.840751807673875	0.0	891463	3446.3932027377864	1.5
28377.814331953137	1500.0	23.87911668848577	0.0	763093	2961.635119188105	1.5
28380.7994667183	1500.0	24.89398192332174	0.0	769316	2985.1347651640313	1.5
28383.63431473603	1500.0	26.059133905593622	0.0	744416	2834.848017728115	1.5
28385.944079974815	1500.0	27.749368666808586	0.0	606092	2309.765238785036	1.5
28388.77595415568	1500.0	28.91749448594358	0.0	748011	2831.874180865007	1.5
28391.63176340357	1500.0	30.06168523805321	0.0	754517	2855.809247890368	1.5
28399.280674450587	4000.0	26.41277419103343	0.0	2231719	7648.91104701978	4.0
28405.013555343892	4000.0	24.679893297729354	0.0	1835863	5732.880893304074	4.0
28411.376179222403	4000.0	22.31726941921715	0.0	2192675	6362.623878512204	4.0
28417.42145999104	4000.0	20.271988650581907	0.0	2082556	6045.280768635243	4.0
28423.84848836805	4000.0	17.844960273573946	0.0	2164412	6427.028377007962	4.0
28431.390946076568	4000.0	14.302502565056843	0.0	2379358	7542.457708517103	4.0
28437.08607084432	4000.0	12.607377797303158	0.0	1950922	5695.124767753685	4.0
28442.415146301184	4000.0	11.278302340442206	0.0	1849252	5329.075456860951	4.0
28448.125962718375	4000.0	9.567485923252441	0.0	1822097	5710.816417189764	4.0
28453.86588616288	4000.0	7.827562478747306	0.0	1836837	5739.923444505135	4.0
28460.003241802795	4000.0	5.690206838832005	0.0	1984579	6137.355639915301	4.0
28462.506740782213	1500.0	7.186707859415359	0.0	794014	2503.4989794166463	1.5
28465.217089179136	1500.0	8.476359462490484	0.0	914284	2710.3483969248764	1.5
28467.231866823688	1500.0	10.461581817937073	0.0	675709	2014.7776445534103	1.5
28469.337749892464	1500.0	12.355698749163471	0.0	707527	2105.8830687736	1.5
28471.58664482616	1500.0	14.106803815467451	0.0	757473	2248.894933696022	1.5
28473.756998885725	1500.0	15.936449755901872	0.0	712239	2170.3540595655772	1.5
28475.80615794574	1500.0	17.887290695890222	0.0	633700	2049.159060011653	1.5
28482.48979515685	4000.0	15.203653484781267	0.0	2125133	6683.637211108953	4.0
28488.523053996087	4000.0	13.170394645542604	0.0	1828568	6033.258839238663	4.0
28494.76811035032	4000.0	10.92533829131184	0.0	1785821	6245.056354230765	4.0
28503.74386687434	4000.0	5.949581767290607	0.0	2096494	8975.756524021233	4.0
28506.994094921643	1500.0	6.699353719988518	0.0	866245	3250.2280473020887	1.5
28509.603909418773	1500.0	8.089539222859123	0.0	691256	2609.8144971293946	1.5
28512.34031052584	1500.0	9.35313811578897	0.0	725845	2736.4011070701526	1.5
28515.420235812453	1500.0	10.273212829178538	0.0	811013	3079.9252866104325	1.5
28517.95628902753	1500.0	11.737159614100932	0.0	657685	2536.0532150776057	1.5
28520.900787568786	1500.0	12.792661072847578	0.0	767059	2944.498541253355	1.5
28524.16389143939	1500.0	13.529557202240056	0.0	848035	3263.1038706075205	1.5
28527.07234956443	1500.0	14.621099077204947	0.0	629438	2908.4581250351066	1.5
28530.584791287736	1500.0	15.108657353899888	0.0	763847	3512.441723305061	1.5
28537.79089735166	4000.0	11.902551289975301	0.0	1750852	7206.106063924585	4.0
28545.41700369669	4000.0	8.276444944944664	0.0	2034636	7626.106345030637	4.0

