26566.01629593075	600.0	4.0	0.7863508057312324	247108	786.3508057312324	0.012109701	-15.127016114624649
26566.378189667128	200.0	7.638106263622396	0.0	98617	361.8937363776039	0.004705182	0.2
26566.762548119266	200.0	11.253747811483903	0.0	106476	384.3584521384929	0.004705182	0.2
26567.17192961782	200.0	14.844366312931005	0.0	115230	409.38149855289953	0.004705182	0.2
26567.531082081463	200.0	18.485213849287167	0.0	97658	359.15246364383466	0.004705182	0.2
26567.89023454511	200.0	22.126061385643332	0.0	97658	359.15246364383466	0.004705182	0.2
26568.301222503804	200.0	25.715073426948223	0.0	115792	410.9879586951085	0.004705182	0.2
26568.68900540301	200.0	29.327290527745024	0.0	107674	387.7828992032015	0.004705182	0.2
26569.041431886733	200.0	32.974864044020435	0.0	95305	352.42648372458643	0.004705182	0.2
26569.4227860869	200.0	36.59350984385607	0.0	105425	381.35420016436206	0.008930501	0.2
26569.775384078825	200.0	40.240911851931244	0.0	95365	352.5979919248223	0.004705182	0.2
26570.12791632594	200.0	43.888379604816514	0.0	95342	352.53224711473183	0.004705182	0.2
26570.500677965272	200.0	47.51561796548397	0.0	102419	372.76163933254725	0.0072017065	0.2
26570.81183385908	200.0	51.20446207167613	0.0	80867	311.15589380783933	0.004705182	0.2
26571.128372251904	200.0	54.887923678850896	0.0	82750	316.5383928252403	0.008595547	0.2
26586.36466892507	12000.0	43.65162700568661	0.0	5443841	15236.296673164281	0.12931322	12.0
26586.701423031827	200.0	47.31487289892984	0.0	89871	336.7541067567698	0.004705182	0.2
26598.80461463169	12000.0	39.21168129906639	0.0	4055239	12103.191599863449	0.004705182	12.0
26599.134495076927	200.0	42.88180085382797	0.0	90919	329.88044523842245	0.004705182	0.2
26599.45051541498	200.0	46.565780515776574	0.0	85876	316.0203380513948	0.011644705	0.2
26599.845634282647	200.0	50.17066164811133	0.0	114656	395.11886766524674	0.1818643	0.2
26600.194266960945	200.0	53.822028969809836	0.0	97742	348.6326783014979	0.112286836	0.2
26613.75397097913	12000.0	44.26232495162227	0.0	5141915	13559.70401818756	0.004705182	12.0
26614.048696553105	200.0	47.96759937765166	0.0	85752	294.725573970609	0.004705182	0.2
26614.36546760652	200.0	51.65082832423758	0.0	94556	316.7710534140883	0.004705182	0.2
26623.353235180715	8000.0	46.66306075003739	0.0	3253093	8987.767574200192	0.004705182	8.0
26636.818627139954	12000.0	37.19766879080118	0.0	5138482	13465.391959236207	0.004705182	12.0
26646.042391671075	8000.0	31.9739042596786	0.0	3354913	9223.764531122579	0.004705182	8.0
26646.380047921077	200.0	35.6362480096786	0.0	93993	337.65625000000006	0.27482462	0.2
26670.6336291764	12000.0	15.38266675435696	0.0	5411094	24253.581255321642	0.15274611	12.0
26670.952948005677	200.0	19.063347925079352	0.0	93982	319.3188292776089	0.0111994445	0.2
26680.40300346579	8000.0	13.613292464964065	0.0	3568902	9450.055460115289	0.12874784	8.0
26682.291959754817	1500.0	15.724336175936411	0.0	633700	1888.9562890276538	0.24670339	1.5
26682.627223269537	200.0	19.389072661217412	0.0	89422	335.2635147190009	0.6884271	0.2
26683.01616171735	200.0	23.00013421340296	0.0	108225	388.9384478144514	0.0047165053	0.2
26688.19327786845	4000.0	21.82301806230576	0.0	1785821	5177.116151097199	0.5160951	4.0
26688.56234593202	200.0	25.45394999873729	0.0	102088	369.06806356847056	0.5874801	0.2
26688.87001166663	200.0	29.14628426412504	0.0	80403	307.6657346122536	0.64561415	0.2
26689.195558688185	200.0	32.820737242569805	0.0	86718	325.5470215552331	0.6934087	0.2
26689.56428696483	200.0	36.452008965926616	0.0	101968	368.72827664318834	0.07962146	0.2
26703.5850836636	12000.0	26.431212267159033	0.0	4828747	14020.79669876758	0.018795967	12.0
26709.08707354065	4000.0	24.92922239010629	0.0	1830641	5501.989877052743	0.30103004	4.0
26713.77254532517	4000.0	24.243750605585365	0.0	1697030	4685.471784520922	0.0672876	4.0
26719.141636673052	4000.0	22.874659257702902	0.0	1910697	5369.091347882467	0.032584555	4.0
26731.67044137032	8000.0	14.345854560434887	0.0	3682991	12528.804697268013	0.05577493	8.0
26737.121243085818	4000.0	12.895052844937902	0.0	2042818	5450.801715496985	0.07969891	4.0
26745.20705147711	4000.0	8.809244453644125	0.0	1750852	8085.808391293776	0.004705182	4.0
26749.493337237018	1500.0	8.522958693737701	0.0	808636	4286.285759906425	0.027458116	1.5

