18735.245450465856	600.0	4.0	0.8239790753250663	247108	823.9790753250663	0.16232422	-15.879581506501326
18735.622361065558	200.0	7.623089400297311	0.0	98617	376.91059970268896	0.004705182	0.2
18736.022933107033	200.0	11.222517358824305	0.0	106476	400.57204147300683	0.004705182	0.2
18736.44986120669	200.0	14.79558925916866	0.0	115230	426.9280996556461	0.004705182	0.2
18736.823884502326	200.0	18.42156596353236	0.0	97658	374.023295636302	0.004705182	0.2
18737.197907797963	200.0	22.047542667896053	0.0	97658	374.023295636302	0.004705182	0.2
18737.626527936078	200.0	25.618922529778146	0.0	115792	428.6201381179083	0.004705182	0.2
18738.030706849575	200.0	29.2147436162806	0.0	107674	404.1789134975444	0.004705182	0.2
18740.794674258264	1500.0	30.450776207590838	0.0	891463	2763.9674086897617	0.0079997545	1.5
18753.639328595254	12000.0	21.606121870601793	0.0	5088378	12844.654336989046	0.0057439813	12.0
18753.939590165253	200.0	25.305860300604394	0.0	95365	300.2615699974017	0.004705182	0.2
18755.849291695064	1500.0	27.396158770794898	0.0	744416	1909.7015298094952	0.007504909	1.5
18756.238866637443	200.0	31.00658382841382	0.0	102419	389.57494238107836	0.004705182	0.2
18758.57982859006	1500.0	32.665621875793576	0.0	748011	2340.961952620244	0.004705182	1.5
18760.940455786193	1500.0	34.30499467966254	0.0	754517	2360.6271961310313	0.004705182	1.5
18763.845839849364	1500.0	35.39961061648953	0.0	934743	2905.384063173008	0.004705182	1.5
18766.099639419295	1500.0	37.14581104655749	0.0	735572	2253.7995699320404	0.004705182	1.5
18776.655565410627	12000.0	30.58988505522809	0.0	4055239	10555.9259913294	0.004705182	12.0
18778.416169162996	1500.0	32.829281302856515	0.0	747396	1760.6037523715831	0.004705182	1.5
18779.9855351949	1500.0	35.25991527095432	0.0	662349	1569.3660319021853	0.18446934	1.5
18789.159343343137	8000.0	30.08610712271627	0.0	3690869	9173.808148238055	0.004705182	8.0
18791.689085881306	1500.0	31.556364584552682	0.0	806394	2529.742538163591	0.004705182	1.5
18794.22773857364	1500.0	33.017711892215786	0.0	809327	2538.6526923369033	0.0068411594	1.5
18803.81048093972	8000.0	27.43496952613564	0.0	4032749	9582.742366080141	0.15378535	8.0
18805.789679251957	1500.0	29.455771213899354	0.0	855209	1979.198312236287	0.004705182	1.5
18813.445557940242	8000.0	25.799892525617466	0.0	3253093	7655.878688281886	0.053372707	8.0
18815.3829006303	1500.0	27.862549835558987	0.0	794014	1937.3426900584798	0.13322842	1.5
18822.84835280964	8000.0	24.397097656217724	0.0	3354913	7465.452179341262	0.6888964	8.0
18824.39906385969	1500.0	26.846386606170793	0.0	675709	1550.7110500469319	0.6827903	1.5
18834.76126310952	8000.0	20.484187356341955	0.0	4435580	10362.199249828838	0.0055596316	8.0
18836.631529738766	1500.0	22.613920727096936	0.0	757473	1870.2666292450183	0.004705182	1.5
18846.187835148034	8000.0	17.057615317830066	0.0	3568902	9556.305409266868	0.070915915	8.0
18847.987643796012	1500.0	19.257806669851664	0.0	633700	1799.8086479784051	0.056791726	1.5
18850.149860733247	1500.0	21.09558973261663	0.0	755142	2162.2169372350327	0.2071277	1.5
18859.328096724683	8000.0	15.917353741183058	0.0	3707853	9178.235991433572	0.13556018	8.0
18860.819726439175	1500.0	18.425724026691967	0.0	785519	1491.6297144910934	0.06319354	1.5
18864.66726513226	4000.0	18.578185333608424	0.0	2096494	3847.538693083541	0.2142693	4.0
18872.886491165413	8000.0	14.358959300454368	0.0	3739359	8219.226033154056	0.009004608	8.0
18874.64889092203	1500.0	16.596559543837394	0.0	691256	1762.3997566169762	0.606495	1.5
18884.90864901841	8000.0	10.336801447460942	0.0	4253567	10259.75809637645	0.30693126	8.0
18886.916820435097	1500.0	12.32863003077694	0.0	811013	2008.1714166840025	0.07757451	1.5
18888.510445318097	1500.0	14.735005147771705	0.0	657685	1593.6248830052339	0.67877424	1.5
18896.90088959259	8000.0	10.344560873280987	0.0	3735285	8390.44427449072	0.4990837	8.0
18900.89132404207	4000.0	10.35412642380047	0.0	1910697	3990.4344494805177	0.15689337	4.0
18905.302080730096	4000.0	9.943369735775336	0.0	2171279	4410.7566880251325	0.010236177	4.0
18909.918368985436	4000.0	9.327081480432794	0.0	2042818	4616.288255342543	0.036062777	4.0
18914.680495642184	4000.0	8.564954823682946	0.0	1750852	4762.126656749846	0.027553864	4.0
18920.626629815062	4000.0	6.618820650808499	0.0	2034636	5946.134172874448	0.009168288	4.0

