26931.67898453893	600.0	4.0	0.8091203481724636	247108	809.1203481724635	0.01512785	-15.582406963449271
26932.049965249287	200.0	7.629019289639657	0.0	98617	370.9807103603438	0.004705182	0.2
26932.444134835834	200.0	11.234849703094456	0.0	106476	394.1695865451997	0.004705182	0.2
26932.864134098185	200.0	14.814850440747982	0.0	115230	419.99926234647586	0.004705182	0.2
26933.232285169623	200.0	18.446699369306238	0.0	97658	368.15107144174385	0.004705182	0.2
26933.600436241064	200.0	22.078548297864494	0.0	97658	368.15107144174385	0.004705182	0.2
26934.022093748532	200.0	25.656890790395753	0.0	115792	421.657507468742	0.004705182	0.2
26934.419798170766	200.0	29.259186368162876	0.0	107674	397.7044222328772	0.004705182	0.2
26934.781006447236	200.0	32.897978091690334	0.0	95305	361.2082764725409	0.004705182	0.2
26935.172074938368	200.0	36.50690960056061	0.0	105425	391.0684911297164	0.008255215	0.2
26935.533460251685	200.0	40.145524287242274	0.0	95365	361.3853133183344	0.004705182	0.2
26935.89477770088	200.0	43.78420683804816	0.0	95342	361.3174491941136	0.004705182	0.2
26936.276976646037	200.0	47.402007892892705	0.0	102419	382.1989451554605	0.006743286	0.2
26936.595583956183	200.0	51.08340058274628	0.0	80867	318.6073101464242	0.004705182	0.2
26936.919747272674	200.0	54.75923726625604	0.0	82750	324.16331649024454	0.007935635	0.2
26952.92359914839	12000.0	42.75538539053591	0.0	5443841	16003.851875720127	0.2037422	12.0
26953.216964928222	200.0	46.462019610707145	0.0	89871	293.36577982876565	0.004705182	0.2
26962.817104797505	12000.0	40.86187974142181	0.0	4055239	9600.139869285338	0.004705182	12.0
26963.07520056029	200.0	44.60378397863732	0.0	90919	258.0957627844909	0.004705182	0.2
26963.323417893575	200.0	48.35556664535296	0.0	85876	248.21733328436233	0.050714046	0.2
26974.50797593035	12000.0	41.17100860857577	0.0	5251330	11184.558036777195	0.29894418	12.0
26974.916817530957	200.0	44.76216700797017	0.0	97742	408.84160060558906	0.029248245	0.2
26988.320007060203	12000.0	35.35897747872388	0.0	5141915	13403.189529246292	0.1508878	12.0
26988.568845522972	200.0	39.11013901595484	0.0	85752	248.8384627690339	0.004705182	0.2
26988.835018319944	200.0	42.84396621898698	0.0	94556	266.1727969678698	0.004705182	0.2
26995.2111694727	8000.0	40.46781506623016	0.0	3253093	6376.151152756825	0.0049794996	8.0
27005.02820077295	12000.0	34.65078376597623	0.0	5138482	9817.031300253922	0.004705182	12.0
27011.689122959622	8000.0	31.989861579307604	0.0	3354913	6660.922186668629	0.004705182	8.0
27011.953497522863	200.0	35.72548701606512	0.0	93993	264.3745632424878	0.5691867	0.2
27023.45216493136	12000.0	28.226819607568142	0.0	5411094	11498.667408496976	0.035496652	12.0
27023.72997232162	200.0	31.949012217310443	0.0	93982	277.8073902576987	0.0832376	0.2
27031.321572316356	8000.0	28.357412222572286	0.0	3568902	7591.599994738157	0.023070037	8.0
27032.73534413656	1500.0	30.943640402369443	0.0	633700	1413.7718202028439	0.4485909	1.5
27033.003553926213	200.0	34.675430612711594	0.0	89422	268.20978965784866	0.5196497	0.2
27033.311339085187	200.0	38.36764545373818	0.0	108225	307.7851589734145	0.06517547	0.2
27033.576116048844	200.0	42.10286849008436	0.0	87791	264.7769636538234	0.50812453	0.2
27033.875845774113	200.0	45.80313876481217	0.0	102088	299.72972527219054	0.67680854	0.2
27042.756667168014	8000.0	40.92231737091378	0.0	3739359	8880.821393898384	0.7421976	8.0
27059.828431999264	12000.0	27.8505525396661	0.0	5257310	17071.764831247685	0.004705182	12.0
27060.205861128026	200.0	31.47312341090377	0.0	101968	377.4291287623284	0.115779705	0.2
27071.862293827315	12000.0	23.81669071161374	0.0	4828747	11656.432699290031	0.042935356	12.0
27077.25605855951	4000.0	22.4229259794168	0.0	1830641	5393.764732196941	0.011491731	4.0
27083.825967254954	4000.0	19.853017283972466	0.0	1697030	6569.908695444333	0.072269	4.0
27088.109730233682	4000.0	19.56925430524887	0.0	1910697	4283.762978723597	0.006692335	4.0
27096.37387497606	8000.0	15.305109562867449	0.0	3682991	8264.14474238142	0.007933344	8.0
27102.251878985073	4000.0	13.427105553856043	0.0	2042818	5878.004009011406	0.027822696	4.0
27107.067101194705	4000.0	12.611883344223484	0.0	1750852	4815.222209632559	0.004705182	4.0
27112.415790260544	4000.0	11.263194278385457	0.0	2034636	5348.689065838028	0.08070114	4.0

