3377.447439956519	600.0	4.0	0.9177252309517755	247108	917.7252309517755	-17.754504619035508
3377.861763204252	200.0	7.585676752267141	0.0	98617	414.32324773285876	0.2
3378.3027293878267	200.0	11.144710568692263	0.0	106476	440.96618357487927	0.2
3379.3309182173884	600.0	14.116521739130436	0.0	279692	1028.1888295618273	0.6
3379.741990342145	200.0	17.705449614374096	0.0	97658	411.0721247563353	0.2
3382.1605919185495	1500.0	19.286848037969317	0.0	689829	2418.60157640478	1.5
3384.7421700183886	1500.0	20.705269938130346	0.0	737903	2581.57809983897	1.5
3387.4269917965053	1500.0	22.020448160013554	0.0	780303	2684.8217781167896	1.5
3388.3585374257955	600.0	25.08890253072294	0.0	290723	931.5456292906179	0.6
3403.9481543161205	12000.0	13.49928564039805	0.0	5088378	15589.616890324889	12.0
3404.3356097848077	200.0	17.111830171711016	0.0	95365	387.45546868703155	0.2
3404.722991101806	200.0	20.72444885471255	0.0	95342	387.3813169984686	0.2
3406.75702350287	1500.0	22.69041645364863	0.0	606092	2034.0324010639156	1.5
3412.2207671731835	4000.0	21.226672783334998	0.0	1805063	5463.7436703136345	4.0
3413.0781560140376	600.0	24.369283942480678	0.0	264113	857.3888408543204	0.6
3414.1129197146206	600.0	27.33452024189752	0.0	324375	1034.7637005831602	0.6
3414.4574455521088	200.0	30.989994404409703	0.0	89871	344.5258374878125	0.2
3428.298929085088	12000.0	21.148510871430414	0.0	4055239	13841.483532979286	12.0
3428.621371670335	200.0	24.826068286183258	0.0	90919	322.44258524715843	0.2
3428.930366703834	200.0	28.517073252684376	0.0	85876	308.9950334988834	0.2
3429.7587310916874	600.0	31.688708864830637	0.0	280646	828.3643878537383	0.6
3431.98904341461	1500.0	33.45839654190807	0.0	806394	2230.3123229225694	1.5
3445.9853401216305	12000.0	23.46209983488758	0.0	5141915	13996.296707020492	12.0
3451.4886804492007	4000.0	21.958759507317442	0.0	1822097	5503.340327570139	4.0
3451.8705231530034	200.0	25.57691680351472	0.0	94556	381.84270380272136	0.2
3452.2732844155225	200.0	29.174155540995265	0.0	101109	402.7612625194526	0.2
3452.635763167368	200.0	32.81167678914977	0.0	88490	362.478751845497	0.2
3453.0469742124183	200.0	36.4004657440997	0.0	103756	411.2110450500778	0.2
3453.427019701425	200.0	40.02042025509287	0.0	93993	380.04548900682335	0.2
3453.8169291224376	200.0	43.63051083408015	0.0	97083	389.90942101272896	0.2
3454.1969394971234	200.0	47.25050045939438	0.0	93982	380.01037468576675	0.2
3468.7705906465453	8000.0	36.67684930997253	0.0	3568902	14573.651149421852	8.0
3480.0935805545223	8000.0	29.353859401995834	0.0	3713878	11322.9899079767	8.0
3481.1193312325872	600.0	32.32810872393081	0.0	344336	1025.7506780650256	0.6
3481.496581206838	200.0	35.95085874968011	0.0	108225	377.24997425069523	0.2
3482.333940358141	600.0	39.113499598377196	0.0	275745	837.3591513029148	0.6
3483.1965736537086	600.0	42.25086630280951	0.0	284947	862.6332955676863	0.6
3485.655795681381	1500.0	43.791644275137585	0.0	866245	2459.22202767192	1.5
3502.2805492154425	12000.0	31.166890741075974	0.0	5257310	16624.753534061612	12.0
3504.426938311916	1500.0	33.02050164460254	0.0	725845	2146.389096473435	1.5
3518.8990597037323	12000.0	22.548380252785844	0.0	4828747	14472.1213918167	12.0
3519.2907520349972	200.0	26.156687921520998	0.0	101713	391.69233126484335	0.2
3525.0074953923727	4000.0	24.43994456414532	0.0	1697030	5716.743357375678	4.0
3531.282723366572	4000.0	22.16471658994628	0.0	1910697	6275.227974199039	4.0
3532.1916028923883	600.0	25.255837064130386	0.0	290170	908.8795258158966	0.6
3533.094957887746	600.0	28.352482068772247	0.0	288236	903.3549953581376	0.6
3538.1763204529107	4000.0	27.27111950360764	0.0	1750852	5081.362565164608	4.0
3554.812184041805	12000.0	14.635255914713882	0.0	5646381	16635.863588893757	12.0

