27224.900797450082	600.0	4.0	0.8709196023125088	247108	870.9196023125088	-16.818392046250175
27225.296441291728	200.0	7.604356158354838	0.0	98617	395.64384164516196	0.2
27226.2996748031	600.0	10.601122646982336	0.0	288447	1003.233511372502	0.6
27228.679223903902	1500.0	12.22157354618016	0.0	718451	2379.549100802177	1.5
27235.603146130838	4000.0	9.29765131924529	0.0	2069289	6923.92222693487	4.0
27238.40275582924	1500.0	10.498041620841978	0.0	689829	2799.609698403312	1.5
27241.39189440602	1500.0	11.50890304406295	0.0	737903	2989.138576779026	1.5
27249.49080681084	4000.0	7.409990639243983	0.0	2058614	8098.912404818968	4.0
27250.694346821954	600.0	10.20645062813314	0.0	290723	1203.540011110843	0.6
27253.723427278946	1500.0	11.177370171139348	0.0	763093	3029.0804569937927	1.5
27261.804028570892	4000.0	7.096768879194164	0.0	2094766	8080.601291945184	4.0
27262.972871819802	600.0	9.927925630284202	0.0	285624	1168.8432489099616	0.6
27265.350555906556	1500.0	11.550241543529184	0.0	606092	2377.6840867550172	1.5
27272.010872151714	4000.0	8.889925298370834	0.0	1805063	6660.31624515835	4.0
27273.053690105688	600.0	11.847107344394985	0.0	264113	1042.817953975849	0.6
27280.200261319773	4000.0	8.70053613031101	0.0	2231719	7146.571214083975	4.0
27281.299424075685	600.0	11.601373374398136	0.0	340687	1099.1627559128729	0.6
27288.61467613308	4000.0	8.286121317006476	0.0	2192675	7315.252057391658	4.0
27289.952518476493	600.0	10.948278973591378	0.0	330105	1337.8423434150989	0.6
27292.55635367535	1500.0	12.344443774734508	0.0	662349	2603.835198856871	1.5
27301.960095179682	4000.0	6.940702270403208	0.0	2379358	9403.7415043313	4.0
27302.42852865128	200.0	10.472268798805384	0.0	97742	468.4334715978242	0.2
27305.724850153478	1500.0	11.175947296607227	0.0	809327	3296.3215021981573	1.5
27312.556495181965	4000.0	8.344302268115847	0.0	1822097	6831.645028491379	4.0
27313.92014701806	600.0	10.98065043202298	0.0	346939	1363.6518360928683	0.6
27316.32414541854	1500.0	12.576652031545093	0.0	644861	2403.998400477887	1.5
27322.34029868514	4000.0	10.560498764943004	0.0	2068230	6016.1532666020885	4.0
27325.04444104513	1500.0	11.856356404953049	0.0	914284	2704.142359989955	1.5
27333.197314212302	4000.0	7.703483237780958	0.0	2165436	8152.873167172091	4.0
27334.46977937896	600.0	10.431018071122496	0.0	302752	1272.465166658461	0.6
27337.520982040784	1500.0	11.379815409297608	0.0	757473	3051.202661824889	1.5
27345.17785916891	4000.0	7.722938281172302	0.0	1947068	7656.877128125305	4.0
27346.466976787357	600.0	10.433820662726928	0.0	310713	1289.1176184453743	0.6
27348.906530901168	1500.0	11.994266548913975	0.0	755142	2439.5541138129543	1.5
27354.596172929738	4000.0	10.304624520345286	0.0	1828568	5689.64202856869	4.0
27357.146016998777	1500.0	11.754780451308456	0.0	785519	2549.8440690368293	1.5
27365.850680562915	4000.0	7.050116887170951	0.0	2096494	8704.663564137505	4.0
27367.269707845302	600.0	9.631089604783462	0.0	327462	1419.0272823874905	0.6
27370.082620126002	1500.0	10.818177324081708	0.0	691256	2812.9122807017543	1.5
27373.03228160364	1500.0	11.86851584644395	0.0	725845	2949.661477637757	1.5
27380.178079990295	4000.0	8.722717459788047	0.0	1985434	7145.7983866559025	4.0
27381.198654435255	600.0	11.702143014826085	0.0	302912	1020.5744449619625	0.6
27386.548115699035	4000.0	10.352681751047166	0.0	1697030	5349.461263778917	4.0
27389.07820462454	1500.0	11.822592825541793	0.0	848035	2530.0889255053744	1.5
27395.178769239898	4000.0	9.722028210183838	0.0	2171279	6100.564615357954	4.0
27397.376779048747	1500.0	11.524018401335079	0.0	763847	2198.00980884876	1.5
27402.390345448934	4000.0	10.510452001148783	0.0	1750852	5013.566400186295	4.0
27404.751607196267	1500.0	12.149190253815627	0.0	808636	2361.2617473331575	1.5

