22251.20256445	600.0	4.0	0.8353210430795683	247108	835.3210430795683	-16.106420861591367
22252.229274164394	600.0	6.9732902856051195	0.0	309722	1026.7097143948804	0.6
22253.190953789952	600.0	10.011610660043939	0.0	288447	961.6796255611807	0.6
22255.46700231417	1500.0	11.735562135829591	0.0	718451	2276.0485242143473	1.5
22257.760916919193	1500.0	13.441647530805232	0.0	724296	2293.9146050243576	1.5
22259.949478195344	1500.0	15.253086254656603	0.0	689829	2188.5612761486295	1.5
22262.064196854368	1500.0	17.138367595631156	0.0	737903	2114.7186590254455	1.5
22264.14145297339	1500.0	19.0611114766102	0.0	780303	2077.2561190209567	1.5
22266.503233168558	1500.0	20.699331281441427	0.0	891463	2361.780195168773	1.5
22268.536438735668	1500.0	22.666125714332164	0.0	763093	2033.2055671092626	1.5
22270.58557263424	1500.0	24.616991815755938	0.0	769316	2049.1338985762277	1.5
22275.57089074182	4000.0	23.63167370818181	0.0	1761739	4985.318107574126	4.0
22281.711463416403	4000.0	21.491101033596394	0.0	2131310	6140.572674585414	4.0
22287.74545108828	4000.0	19.457113361713986	0.0	1805063	6033.987671882409	4.0
22290.314220131928	1500.0	20.888344318070803	0.0	754517	2568.7690436431853	1.5
22293.579646872156	1500.0	21.622917577840784	0.0	934743	3265.4267402300184	1.5
22296.221388198173	1500.0	22.98117625182102	0.0	735572	2641.7413260197645	1.5
22298.99214088635	1500.0	24.210423563648977	0.0	772616	2770.7526881720432	1.5
22301.67506109008	1500.0	25.527503359913833	0.0	747396	2682.9202037351442	1.5
22303.989047377923	1500.0	27.213517072074207	0.0	662349	2313.986287839627	1.5
22306.878455088816	1500.0	28.324109361180206	0.0	835711	2889.407710894002	1.5
22313.271557050986	4000.0	25.931007399008834	0.0	1950922	6393.101962171369	4.0
22318.470770864613	4000.0	24.731793585382068	0.0	1849252	5199.2138136267695	4.0
22323.819456528316	4000.0	23.38310792167822	0.0	1822097	5348.685663703847	4.0
22326.67363218317	1500.0	24.528932266824597	0.0	855209	2854.1756548536214	1.5
22328.845469017167	1500.0	26.357095432828977	0.0	644861	2171.836833995621	1.5
22335.35262602283	4000.0	23.849938427170265	0.0	2068230	6507.157005658713	4.0
22338.129380378068	1500.0	25.07318407193015	0.0	914284	2776.7543552401144	1.5
22340.20243854011	1500.0	27.00012590988757	0.0	675709	2073.0581620425846	1.5
22345.92390967679	4000.0	25.278654773204554	0.0	2002600	5721.471136683012	4.0
22348.064885444157	1500.0	27.137679005837835	0.0	757473	2140.9757673667204	1.5
22353.52038740488	4000.0	25.682177045115154	0.0	1947068	5455.501960722683	4.0
22355.58492479894	1500.0	27.61763965105358	0.0	633700	2064.5373940615764	1.5
22362.320133739846	4000.0	24.882430710144217	0.0	2125133	6735.208940909359	4.0
22368.006034943082	4000.0	23.19652950690968	0.0	1828568	5685.901203234537	4.0
22373.59895057981	4000.0	21.603613870179718	0.0	1785821	5592.915636729964	4.0
22376.15631513591	1500.0	23.04624931408105	0.0	681043	2557.3645560986697	1.5
22379.387371177745	1500.0	23.815193272248607	0.0	866245	3231.056041832443	1.5
22381.981886580725	1500.0	25.220677869270315	0.0	691256	2594.5154029782884	1.5
22384.528281407915	1500.0	26.674283042078525	0.0	725845	2546.394827191789	1.5
22387.106300119653	1500.0	28.096264330339412	0.0	811013	2578.0187117391133	1.5
22392.824897124236	4000.0	26.377667325757727	0.0	1830641	5718.597004581681	4.0
22397.662399654233	4000.0	25.5401647957609	0.0	1697030	4837.502529996824	4.0
22402.98859463304	4000.0	24.21396981695425	0.0	1910697	5326.194978806651	4.0
22404.903363619145	1500.0	26.299200830849205	0.0	629438	1914.7689861050442	1.5
22411.312531350835	4000.0	23.890033099157947	0.0	2042818	6409.167731691259	4.0
22416.816125155237	4000.0	22.386439294758777	0.0	1750852	5503.59380439917	4.0
22419.400562932282	1500.0	23.802001517712263	0.0	808636	2584.437777046515	1.5

