18409.693363188948	600.0	4.0	0.9647404224847835	247108	964.7404224847835	-18.69480844969567
18412.39565105146	1500.0	5.297712137486573	0.0	732405	2702.2878625134267	1.5
18414.780867664424	1500.0	6.912495524525599	0.0	643847	2385.2166129609736	1.5
18417.43319491111	1500.0	8.26016827783745	0.0	718451	2652.327246688149	1.5
18420.068871507698	1500.0	9.624491681253124	0.0	724296	2635.6765965843238	1.5
18422.52380458856	1500.0	11.169558600390706	0.0	689829	2454.9330808624177	1.5
18425.144246125765	1500.0	12.549117063187108	0.0	737903	2620.441537203598	1.5
18427.91066175601	1500.0	13.78270143294224	0.0	780303	2766.415630244868	1.5
18430.40887720373	1500.0	15.284485985222032	0.0	891463	2498.2154477202075	1.5
18432.054677962937	1500.0	17.638685226014072	0.0	763093	1645.8007592079614	1.5
18433.71324777929	1500.0	19.980115409660325	0.0	769316	1658.5698163537497	1.5
18435.320724951755	1500.0	22.372638237197002	0.0	744416	1607.477172463322	1.5
18439.7774382399	4000.0	21.91592494905341	0.0	2131310	4456.713288143594	4.0
18445.942518514643	4000.0	19.750844674307295	0.0	1805063	6165.080274746113	4.0
18451.62869660175	4000.0	18.06466658719918	0.0	2157416	5686.178087108118	4.0
18455.507650140844	4000.0	18.185713048105843	0.0	2231719	3878.953539093337	4.0
18458.712756052984	4000.0	18.98060713596345	0.0	1835863	3205.1059121423937	4.0
18463.03657330702	4000.0	18.65678988192675	0.0	2192675	4323.817254036701	4.0
18467.43079561556	4000.0	18.262567573387873	0.0	2082556	4394.222308538874	4.0
18471.949920348463	4000.0	17.743442840488136	0.0	2164412	4519.124732899737	4.0
18479.470907206316	8000.0	14.222455982632459	0.0	3690869	7520.986857855677	8.0
18492.712119007065	8000.0	4.9812441818832704	0.0	3905272	13241.211800749188	8.0
18495.689816823036	1500.0	6.003546365914778	0.0	809327	2977.6978159684927	1.5
18498.21090167803	1500.0	7.482461510920148	0.0	681795	2521.08485499463	1.5
18501.066848981623	1500.0	8.626514207326986	0.0	855209	2855.9473035931624	1.5
18502.397806922432	1500.0	11.29555626651781	0.0	644861	1330.9579408091759	1.5
18504.018104937684	1500.0	13.675258251265443	0.0	794014	1620.2980152523673	1.5
18505.871713250104	1500.0	15.821649938846523	0.0	914284	1853.6083124189188	1.5
18507.262512847577	1500.0	18.430850341373226	0.0	675709	1390.7995974732962	1.5
18508.715035792808	1500.0	20.97832739613868	0.0	707527	1452.5229452345447	1.5
18510.26444837056	1500.0	23.42891481839162	0.0	757473	1549.412577747063	1.5
18511.67987555852	1500.0	26.01348763043048	0.0	712239	1415.4271879611388	1.5
18512.859261848716	1500.0	28.83410134023032	0.0	633700	1179.3862902001606	1.5
18516.62608855702	4000.0	29.067274631926804	0.0	2125133	3766.8267083035153	4.0
18523.73201837135	8000.0	25.9613448176	0.0	3707853	7105.929814326803	8.0
18533.922479232344	8000.0	19.770883956602514	0.0	4086583	10190.460860997488	8.0
18544.48216648838	8000.0	13.21119670056959	0.0	4018228	10559.687256032923	8.0
18548.601848322996	4000.0	13.091514865953608	0.0	1955307	4119.681834615982	4.0
18553.115106727844	4000.0	12.57825646110203	0.0	2142800	4513.258404851576	4.0
18557.54400530565	4000.0	12.149357883296572	0.0	2094647	4428.89857780546	4.0
18561.74615624513	4000.0	11.947206943817699	0.0	1985434	4202.1509394788745	4.0
18565.371184523097	4000.0	12.322178665851661	0.0	1830641	3625.0282779660365	4.0
18568.71988968032	4000.0	12.97347350863107	0.0	1697030	3348.7051572205905	4.0
18572.64371212922	4000.0	13.049651059733641	0.0	1910697	3923.8224488974292	4.0
18579.860501643987	4000.0	9.832861544963109	0.0	2171279	7216.789514770533	4.0
18586.717276857136	4000.0	6.976086331812556	0.0	2042818	6856.775213150553	4.0
18589.36358347517	1500.0	8.329779713782331	0.0	769491	2646.3066180302244	1.5
18592.140441422016	1500.0	9.552921766935015	0.0	808636	2776.8579468473167	1.5

