13596.69340566268	600.0	4.0	1.0144003025075037	247108	1014.4003025075037	0.24278522	-19.688006050150072
13597.146310443715	200.0	7.547095218963439	0.0	98617	452.9047810365609	0.004705182	0.2
13597.62893280564	200.0	11.064472857041572	0.0	106476	482.622361921868	0.004705182	0.2
13598.144657051142	200.0	14.548748611537826	0.0	115230	515.7242455037458	0.004705182	0.2
13598.59393552348	200.0	18.09947013920072	0.0	97658	449.2784723371068	0.004705182	0.2
13599.043213995817	200.0	21.650191666863613	0.0	97658	449.2784723371068	0.004705182	0.2
13599.561063356536	200.0	25.132342306147045	0.0	115792	517.8493607165647	0.004705182	0.2
13600.048215768324	200.0	28.645189894358708	0.0	107674	487.1524117883393	0.004705182	0.2
13603.499143851892	1500.0	29.19426181079101	0.0	891463	3450.928083567698	0.004705182	1.5
13606.46466083249	1500.0	30.22874483019403	0.0	763093	2965.5169805969795	0.005389943	1.5
13607.849338679463	1500.0	32.84406698322049	0.0	769316	1384.6778469735345	0.004705182	1.5
13619.728376738876	12000.0	24.96502892380741	0.0	6760146	11879.038059413082	0.32497466	12.0
13620.007012342165	200.0	28.68639332052006	0.0	102419	278.6356032873524	0.44896206	0.2
13621.537735511212	1500.0	31.155670151473537	0.0	748011	1530.7231690465223	0.004705182	1.5
13623.081076683118	1500.0	33.612328979566335	0.0	754517	1543.3411719071978	0.15400358	1.5
13624.973955540787	1500.0	35.71945012189706	0.0	934743	1892.8788576692768	0.004705182	1.5
13626.480554003781	1500.0	38.21285165890402	0.0	735572	1506.5984629930424	0.004705182	1.5
13628.063784112614	1500.0	40.62962155007086	0.0	772616	1583.2301088331658	0.29825443	1.5
13635.695230506375	8000.0	36.998175156308676	0.0	3873892	7631.446393762184	0.17050461	8.0
13647.311382172567	12000.0	29.382023490115834	0.0	5848459	11616.15166619284	0.004705182	12.0
13649.230787900688	1500.0	31.46261776199522	0.0	835711	1919.405728120615	0.004705182	1.5
13651.085666707742	1500.0	33.607738954940984	0.0	806394	1854.8788070542273	0.38455728	1.5
13659.190657953113	8000.0	29.502747709569746	0.0	3805854	8104.9912453712395	0.004705182	8.0
13660.510440198621	1500.0	32.18296546406179	0.0	681795	1319.7822455079613	0.008196852	1.5
13669.4599904015	8000.0	27.233415261184287	0.0	4925863	8949.550202877495	0.004705182	8.0
13670.657588347794	1500.0	30.035817314888213	0.0	644861	1197.5979462960756	0.008159097	1.5
13678.179274347327	8000.0	26.514131315355897	0.0	4274504	7521.685999532313	0.004705182	8.0
13684.71095257235	8000.0	23.982453090334566	0.0	3354913	6531.678225021335	0.0071950834	8.0
13692.445046256948	8000.0	20.248359405734888	0.0	3811227	7734.093684599675	0.644937	8.0
13693.992925563492	1500.0	22.700480099190628	0.0	707527	1547.8793065442617	0.0933655	1.5
13701.8313987296	8000.0	18.86200693308181	0.0	4025712	7838.473166108818	0.013435604	8.0
13703.183467044608	1500.0	21.509938618073715	0.0	712239	1352.068315008093	0.5855976	1.5
13710.063762326483	8000.0	18.629643336200097	0.0	3713878	6880.295281873618	0.004705182	8.0
13714.341711386325	4000.0	18.351694276358373	0.0	2125133	4277.949059841723	0.9221763	4.0
13722.570597913827	8000.0	14.122807748855436	0.0	3707853	8228.886527502937	0.031161726	8.0
13727.068486465996	4000.0	13.624919196687708	0.0	1785821	4497.888552167728	0.66186494	4.0
13728.803771835408	1500.0	15.88963382727606	0.0	681043	1735.285369411647	0.39674443	1.5
13732.98585035008	4000.0	15.70755531260373	0.0	1955307	4182.078514672331	0.8231506	4.0
13750.850852935539	8000.0	4.0	2.1574472728546605	4857577	17865.00258545839	0.15584312	-35.14894545709321
13751.145898739378	200.0	7.7049541961590675	0.0	101968	295.0458038409322	0.064038604	0.2
13752.936287709552	1500.0	9.914565225987582	0.0	811013	1790.3889701714845	0.004705182	1.5
13756.877025052532	4000.0	9.973827883005784	0.0	1830641	3940.7373429817976	0.55222625	4.0
13760.328494795607	4000.0	10.522358139930901	0.0	1697030	3451.4697430748847	0.23707451	4.0
13763.848015958498	4000.0	11.002836977040777	0.0	1910697	3519.5211628901243	0.0066448133	4.0
13767.836621075394	4000.0	11.014231860144216	0.0	2171279	3988.6051168965596	0.014833491	4.0
13772.867463148943	4000.0	9.983389786594921	0.0	2042818	5030.842073549294	0.6871411	4.0
13777.895119807366	4000.0	8.955733128170337	0.0	1750852	5027.656658424586	0.004705182	4.0
13782.249505990836	4000.0	8.601346944700527	0.0	2034636	4354.38618346981	0.006072727	4.0

