11981.388190935324	600.0	4.0	0.904122563835331	247108	904.122563835331	-17.48245127670662
11983.910813134387	1500.0	5.477377800937988	0.0	732405	2522.622199062012	1.5
11986.13808817347	1500.0	7.250102761855133	0.0	643847	2227.2750390828555	1.5
11988.61417280088	1500.0	8.774018134445022	0.0	718451	2476.0846274101095	1.5
11991.142620286668	1500.0	10.245570648657186	0.0	724296	2528.4474857878376	1.5
11993.858321881853	1500.0	11.5298690534714	0.0	689829	2715.701595185787	1.5
11996.757704821963	1500.0	12.630486113362505	0.0	737903	2899.382940108893	1.5
11999.819089863515	1500.0	13.569101071811259	0.0	780303	3061.3850415512466	1.5
12003.46966730032	1500.0	13.918523635006407	0.0	891463	3650.577436804851	1.5
12006.693525576145	1500.0	14.694665359179854	0.0	763093	3223.858275826553	1.5
12009.943021919746	1500.0	15.445169015581133	0.0	769316	3249.496343598723	1.5
12012.763341849304	1500.0	16.624849086023154	0.0	744416	2820.3199295579802	1.5
12014.844884057768	1500.0	18.543306877560823	0.0	606092	2081.5422084623324	1.5
12017.395095822474	1500.0	19.99309511285494	0.0	748011	2550.2117647058826	1.5
12019.966792829699	1500.0	21.421398105631	0.0	754517	2571.6970072239424	1.5
12023.287167965222	1500.0	22.101022970106136	0.0	934743	3320.3751355248646	1.5
12026.068559385334	1500.0	23.319631549994586	0.0	735572	2781.391420111552	1.5
12028.985995059124	1500.0	24.40219587620479	0.0	772616	2917.435673789795	1.5
12031.810810171479	1500.0	25.57738076384911	0.0	747396	2824.8151123556822	1.5
12034.783613448699	1500.0	26.604577486631285	0.0	662349	2972.8032772178244	1.5
12038.563700891278	1500.0	26.82449004405007	0.0	835711	3780.0874425812167	1.5
12042.213988123554	1500.0	27.174202811773792	0.0	806394	3650.287232276274	1.5
12045.523960715991	1500.0	27.864230219337728	0.0	809327	3309.972592436066	1.5
12048.322441577235	1500.0	29.065749358093708	0.0	681795	2798.4808612440193	1.5
12051.812365819658	1500.0	29.575825115669463	0.0	855209	3489.9242424242425	1.5
12054.407713882329	1500.0	30.98047705299942	0.0	644861	2595.3480626700443	1.5
12057.560523479853	1500.0	31.8276674554762	0.0	794014	3152.80959752322	1.5
12061.178774253847	1500.0	32.20941668148239	0.0	914284	3618.250773993808	1.5
12063.769085391656	1500.0	33.61910554367299	0.0	675709	2590.3111378094054	1.5
12066.31928526946	1500.0	35.068905665869025	0.0	707527	2550.199877803963	1.5
12069.043862383887	1500.0	36.34432855144116	0.0	757473	2724.577114427861	1.5
12071.610513339636	1500.0	37.77767759569358	0.0	712239	2566.650955747578	1.5
12073.96918142403	1500.0	39.419009511298455	0.0	633700	2358.6680843951285	1.5
12076.909770954539	1500.0	40.47841998079203	0.0	755142	2940.589530506428	1.5
12079.529068726635	1500.0	41.859122208696476	0.0	670327	2619.297772095556	1.5
12082.584730823848	1500.0	42.80346011148313	0.0	785519	3055.6620972133437	1.5
12085.11183152939	1500.0	44.276359405940596	0.0	681043	2527.1007055425343	1.5
12088.231287669742	1500.0	45.15690326558972	0.0	866245	3119.4561403508774	1.5
12090.736747318864	1500.0	46.651443616466906	0.0	691256	2505.459649122807	1.5
12093.363571880267	1500.0	48.0246190550634	0.0	725845	2626.824561403509	1.5
12096.701727886253	1500.0	48.68646304907655	0.0	811013	3338.1560059868525	1.5
12099.466361914368	1500.0	49.92182902096215	0.0	657685	2764.6340281143966	1.5
12102.677454600032	1500.0	50.710736335297426	0.0	767059	3211.092685664719	1.5
12106.116681944262	1500.0	51.271508991068465	0.0	848035	3439.2273442289697	1.5
12108.647227726193	1500.0	52.74096320913791	0.0	629438	2530.5457819305543	1.5
12111.70105841943	1500.0	53.68713251589996	0.0	763847	3053.8306932379496	1.5
12114.696891037196	1500.0	54.69129989813375	0.0	769491	2995.8326177662093	1.5
12117.452555601356	1500.0	55.93563533397286	0.0	808636	2755.6645641608934	1.5

