4512.965964417453	600.0	4.0	0.7208714116674501	247108	720.87141166745	0.0068451157	-13.817428233349002
4513.301726335337	200.0	7.664238082116286	0.0	98617	335.76191788371455	0.004705182	0.2
4513.6578704683825	200.0	11.308093949070397	0.0	106476	356.1441330458885	0.004705182	0.2
4514.03671798755	200.0	14.929246429902905	0.0	115230	378.84751916749065	0.004705182	0.2
4514.369992751301	200.0	18.59597166615337	0.0	97658	333.27476374953403	0.004705182	0.2
4514.70326751505	200.0	22.26269690240384	0.0	97658	333.27476374953403	0.004705182	0.2
4515.083572573971	200.0	25.882391843483052	0.0	115792	380.3050589207852	0.004705182	0.2
4515.4428237045695	200.0	29.523140712884768	0.0	107674	359.25113059828504	0.004705182	0.2
4515.76999599316	200.0	33.19596842429449	0.0	95305	327.1722885902777	0.004705182	0.2
4516.123414371257	200.0	36.84255004619649	0.0	105425	353.4183780980014	0.011641217	0.2
4516.450742269075	200.0	40.515222148379884	0.0	95365	327.327897816608	0.004705182	0.2
4516.778010516688	200.0	44.18795390076671	0.0	95342	327.2682476131814	0.004705182	0.2
4517.123632872546	200.0	47.84233154490786	0.0	102419	345.62235585884946	0.009038354	0.2
4517.413360394307	200.0	51.55260402314688	0.0	80867	289.72752176097777	0.004705182	0.2
4517.707971452288	200.0	55.25799296516623	0.0	82750	294.61105798064614	0.010774612	0.2
4535.461434109657	12000.0	41.504530307797104	0.0	5443841	17753.46265736913	0.031869438	12.0
4535.687620785541	200.0	45.27834363191288	0.0	89871	226.18667588422477	0.004705182	0.2
4542.363985678844	12000.0	42.6019787386095	0.0	4055239	6676.364893303376	0.004705182	12.0
4542.591877060766	200.0	46.37408735668744	0.0	90919	227.89138192206423	0.013073481	0.2
4542.811565358195	200.0	50.15439905925853	0.0	85876	219.68829742891128	0.21712282	0.2
4552.3753438067015	12000.0	44.59062061075213	0.0	5251330	9563.778448506398	0.007118258	12.0
4552.634276529814	200.0	48.33168788764001	0.0	97742	258.93272311212814	0.024798447	0.2
4563.267168223616	12000.0	41.69879619383883	0.0	5141915	10632.891693801179	0.004705182	12.0
4563.526399324451	200.0	45.43956509300409	0.0	85752	259.2311008347376	0.004705182	0.2
4563.804031752506	200.0	49.16193266494959	0.0	94556	277.63242805449966	0.004705182	0.2
4570.1195810354075	8000.0	46.84638338204807	0.0	3253093	6315.549282901526	0.006022586	8.0
4580.4582838194665	12000.0	40.507680597988674	0.0	5138482	10338.702784059387	0.004705182	12.0
4586.760258187217	8000.0	38.20570623023868	0.0	3354913	6301.974367749993	0.004705182	8.0
4586.988344248957	200.0	41.97762016849874	0.0	93993	228.0860617399439	0.9683955	0.2
4596.035489402705	12000.0	36.93047501475087	0.0	5411094	9047.145153747872	0.004705182	12.0
4596.332556700681	200.0	40.63340771677472	0.0	93982	297.06729797615264	1.0942123	0.2
4604.655538483168	8000.0	36.31042593428778	0.0	3568902	8322.981782486935	0.012214771	8.0
4611.856392079243	8000.0	33.1095723382125	0.0	3713878	7200.853596075277	0.750259	8.0
4622.325062452843	12000.0	26.640901964613864	0.0	6041881	10468.670373598638	1.0358119	12.0
4622.583797189272	200.0	30.382167228184635	0.0	108225	258.7347364292276	0.5646074	0.2
4625.618029864577	4000.0	31.34793455288024	0.0	1785821	3034.2326753043926	0.26571172	4.0
4626.834142968255	1500.0	34.131821449201865	0.0	681043	1216.1131036783718	0.99118465	1.5
4633.152126119477	8000.0	31.813838297979913	0.0	3739359	6317.983151221953	0.014401132	8.0
4643.332956827055	12000.0	25.63300759040204	0.0	5257310	10180.83070757787	0.004705182	12.0
4643.617160844828	200.0	29.34880357262871	0.0	101968	284.2040177733275	0.6957639	0.2
4651.205829938561	12000.0	25.76013447889626	0.0	4828747	7588.669093732452	0.029287089	12.0
4653.941458570865	4000.0	27.024505846591985	0.0	1830641	2735.628632304275	0.4282725	4.0
4656.685607160968	4000.0	28.280357256488962	0.0	1697030	2744.148590103024	0.05385972	4.0
4660.240036010029	4000.0	28.725928407428285	0.0	1910697	3554.428849060678	0.54686624	4.0
4669.327595907339	12000.0	23.638368510118294	0.0	5626380	9087.559897309991	0.34860104	12.0
4677.621685159871	12000.0	19.344279257585708	0.0	5875126	8294.089252532585	0.17339237	12.0
4687.224917877704	12000.0	13.741046539753151	0.0	5704199	9603.232717832558	0.37691557	12.0
4697.396095173541	12000.0	7.569869243916925	0.0	5646381	10171.177295836227	0.031117063	12.0

