10387.856697032848	600.0	4.0	0.7688147877140717	247108	768.8147877140717	-14.776295754281435
10389.978279638817	1500.0	5.8784173940312545	0.0	732405	2121.582605968745	1.5
10391.853006376217	1500.0	8.00369065663165	0.0	643847	1874.7267373996062	1.5
10393.935692137293	1500.0	9.92100489555567	0.0	718451	2082.685761075977	1.5
10396.034670865147	1500.0	11.82202616770327	0.0	724296	2098.978727852402	1.5
10398.03819538297	1500.0	13.818501649881089	0.0	689829	2003.5245178221799	1.5
10400.177830782373	1500.0	15.678866250477709	0.0	737903	2139.6353994033807	1.5
10402.435813093138	1500.0	17.420883939712397	0.0	780303	2257.9823107653124	1.5
10405.004065278124	1500.0	18.852631754725568	0.0	891463	2568.252184986829	1.5
10407.21401102416	1500.0	20.642686008689942	0.0	763093	2209.945746035623	1.5
10409.560637907132	1500.0	22.296059125717804	0.0	769316	2346.6268829721403	1.5
10411.886702513291	1500.0	23.96999451955891	0.0	744416	2326.064606158894	1.5
10413.795413595906	1500.0	26.061283436943736	0.0	606092	1908.711082615173	1.5
10416.13232509716	1500.0	27.724371935689707	0.0	748011	2336.911501254031	1.5
10418.463014111643	1500.0	29.39368292120734	0.0	754517	2330.689014482365	1.5
10421.000560162222	1500.0	30.856136870629754	0.0	934743	2537.5460505775836	1.5
10423.014462917863	1500.0	32.84223411498948	0.0	735572	2013.9027556402716	1.5
10425.12575857818	1500.0	34.730938454671026	0.0	772616	2111.2956603184516	1.5
10427.170747979564	1500.0	36.68594905328745	0.0	747396	2044.9894013835715	1.5
10429.01197095044	1500.0	38.84472608241239	0.0	662349	1841.2229708750574	1.5
10431.432365468494	1500.0	40.42433156435803	0.0	835711	2420.3945180543647	1.5
10433.770658223993	1500.0	42.0860388088577	0.0	806394	2338.292755500324	1.5
10436.117164796378	1500.0	43.73953223647396	0.0	809327	2346.5065723837365	1.5
10438.10652016018	1500.0	45.750176872673705	0.0	681795	1989.3553638002556	1.5
10440.459291164383	1500.0	47.39740586846937	0.0	855209	2352.7710042043327	1.5
10442.197431140277	1500.0	49.659265892575434	0.0	644861	1738.1399758939333	1.5
10444.319090280494	1500.0	51.53760675235848	0.0	794014	2121.6591402169547	1.5
10446.750001329106	1500.0	53.10669570374458	0.0	914284	2430.911048613901	1.5
10448.567461192506	1500.0	55.28923584034562	0.0	675709	1817.4598633989556	1.5
10450.5250039397	1500.0	57.331693093150875	0.0	707527	1957.5427471947419	1.5
10452.668646773733	1500.0	59.18805025911659	0.0	757473	2143.642834034293	1.5
10456.189055089897	1500.0	59.667641942952514	0.0	712239	2020.408316164076	1.5
10458.263104707632	1500.0	59.861203556465426	0.0	633700	1806.4383864870847	1.5
10462.39508616175	1500.0	59.7292221023461	0.0	755142	2131.9814541193255	1.5
10466.296595986652	1500.0	59.82771227744503	0.0	670327	1901.5098249010719	1.5
10470.515918138704	1500.0	59.60839012539332	0.0	785519	2219.322152051714	1.5
10474.478747734032	1500.0	59.645560530065545	0.0	681043	1962.8295953277811	1.5
10477.011689934454	1500.0	59.67071655867943	0.0	866245	2474.843971386115	1.5
10481.088637844536	1500.0	59.59376864859547	0.0	691256	2076.947910083958	1.5
10484.765508838487	1500.0	59.91689765464404	0.0	725845	2176.870993951431	1.5
10488.683246320028	1500.0	59.99398748040914	0.0	811013	2422.910174234901	1.5
10492.901826201685	1500.0	59.77540759875233	0.0	657685	1718.5798816568047	1.5
10496.89290437048	1500.0	59.784329429957566	0.0	767059	1991.0781687947683	1.5
10500.834410124542	1500.0	59.84282367589439	0.0	848035	2441.5057540631747	1.5
10504.717925104575	1500.0	59.95930869586179	0.0	629438	1883.5149800325928	1.5
10508.384699511824	1500.0	59.690674538164046	0.0	763847	2268.634157697749	1.5
10512.524433844477	1500.0	59.55094020551105	0.0	769491	2139.734332652993	1.5
10516.268949520188	1500.0	59.8064245297992	0.0	808636	2244.515675711848	1.5

