10897.570850926022	600.0	4.0	0.8617090434576299	247108	861.7090434576298	0.22869931	-16.634180869152598
10897.962818975373	200.0	7.6080319506504805	0.0	98617	391.9680493495196	0.004705182	0.2
10898.379648426913	200.0	11.191202499110284	0.0	106476	416.8294515401954	0.004705182	0.2
10898.824170551157	200.0	14.746680374866543	0.0	115230	444.5221242437424	0.004705182	0.2
10899.213104870425	200.0	18.357746055597293	0.0	97658	388.93431926924745	0.004705182	0.2
10899.602039189695	200.0	21.968811736328046	0.0	97658	388.93431926924745	0.004705182	0.2
10900.048339162015	200.0	25.522511764008065	0.0	115792	446.299972319981	0.004705182	0.2
10900.468958403582	200.0	29.101892522440583	0.0	107674	420.61924156747995	0.004705182	0.2
10900.850449170317	200.0	32.72040175570406	0.0	95305	381.4907667365258	0.004705182	0.2
10901.263953856149	200.0	36.30689706987227	0.0	105425	413.50468583178457	0.0070113223	0.2
10901.64563442873	200.0	39.92521649729131	0.0	95365	381.6805725809641	0.004705182	0.2
10902.027242242404	200.0	43.54360868361738	0.0	95342	381.6078136739294	0.004705182	0.2
10902.43123765543	200.0	47.13961327059195	0.0	102419	403.99541302542605	0.0058982666	0.2
10902.767054809132	200.0	50.80379611688876	0.0	80867	335.81715370319114	0.004705182	0.2
10903.108828702922	200.0	54.46202222310095	0.0	82750	341.7738937878129	0.0067272447	0.2
10924.49997541083	12000.0	37.07087551519252	0.0	5443841	21391.146707908432	0.502915	12.0
10924.953707964438	200.0	40.61714296158629	0.0	89871	453.73255360623784	0.004705182	0.2
10941.365349773183	12000.0	28.20550115283907	0.0	4055239	16411.64180874722	0.004705182	12.0
10941.744893468103	200.0	31.82595745792102	0.0	90919	379.5436949180463	0.004705182	0.2
10942.107822386643	200.0	35.46302853938054	0.0	85876	362.9289185404827	0.004705182	0.2
10942.565570512828	200.0	39.00528041319653	0.0	114656	457.74812618400466	0.004705182	0.2
10942.967593410447	200.0	42.60325751557689	0.0	97742	402.02289761963596	0.07734004	0.2
10943.379279433017	200.0	46.19157149300874	0.0	100675	411.6860225681575	0.32593936	0.2
10943.741799818486	200.0	49.829051107538014	0.0	85752	362.5203854707191	0.004705182	0.2
10944.13332605191	200.0	53.437524874114075	0.0	94556	391.5262334239354	0.004705182	0.2
10956.7539729862	8000.0	44.81687793982334	0.0	3253093	12620.646934290728	0.004705182	8.0
10957.212044496788	200.0	48.358806429235614	0.0	88490	458.0715105877327	0.67654234	0.2
10971.631323700749	8000.0	37.9395272252758	0.0	3354913	14419.27920395981	0.004705182	8.0
10972.090041404099	200.0	41.48080952192652	0.0	93993	458.7177033492823	0.013234681	0.2
10972.561209371865	200.0	45.00964155416021	0.0	97083	471.16796776630576	0.10888682	0.2
10973.019882753884	200.0	48.550968172140564	0.0	93982	458.6733820196425	0.055298395	0.2
10987.421236894445	8000.0	38.14961403158113	0.0	3568902	14401.354140559437	0.0047086384	8.0
10990.110901257309	1500.0	39.45994966871745	0.0	633700	2689.6643628636816	0.03269107	1.5
10990.587440155898	200.0	42.98341077012816	0.0	89422	476.5388985892853	0.0761865	0.2
10993.639983045507	1500.0	43.93086788051867	0.0	670327	3052.54288960949	0.3620531	1.5
11001.5454031891	4000.0	40.02544773692495	0.0	1785821	7905.420143593721	0.28629008	4.0
11002.057407420783	200.0	43.51344350524021	0.0	102088	512.0042316847396	0.43120325	0.2
11002.477647568892	200.0	47.093203357131245	0.0	80403	420.24014810896585	0.6216425	0.2
11025.654610818065	12000.0	27.916240107960974	0.0	5257310	23176.96324917027	0.035019968	12.0
11026.165025802893	200.0	31.405825123130477	0.0	101968	510.4149848304973	0.3982119	0.2
11036.48601219906	8000.0	25.084838726962843	0.0	3189942	10320.98639616763	0.026205022	8.0
11041.919545653187	4000.0	23.651305272837018	0.0	1830641	5433.533454125826	0.006131682	4.0
11047.331925857428	4000.0	22.23892506859507	0.0	1697030	5412.380204241948	0.022448668	4.0
11053.183116649992	4000.0	20.387734276030553	0.0	1910697	5851.190792564513	0.0129064135	4.0
11063.567361076097	8000.0	14.003489849927398	0.0	3682991	10384.244426103156	0.12004088	8.0
11068.912949657282	4000.0	12.65790126874073	0.0	2042818	5345.588581186667	0.29910257	4.0
11074.353753018864	4000.0	11.217097907159523	0.0	1750852	5440.803361581207	0.004705182	4.0
11081.062378225455	4000.0	8.50847270056785	0.0	2034636	6708.625206591672	0.20283855	4.0

