24294.872977346356	600.0	4.0	0.8353210430795683	247108	835.3210430795683	-16.106420861591367
24297.191678272902	1500.0	5.681299073454962	0.0	732405	2318.7009265450383	1.5
24299.239688971153	1500.0	7.63328837520298	0.0	643847	2048.010698251982	1.5
24301.51573749537	1500.0	9.357239850988634	0.0	718451	2276.0485242143473	1.5
24303.809652100397	1500.0	11.063325245964275	0.0	724296	2293.9146050243576	1.5
24305.75745409563	1500.0	13.115523250726344	0.0	689829	1947.8019952379307	1.5
24307.726183578918	1500.0	15.146793767443668	0.0	737903	1968.729483282675	1.5
24309.803439697935	1500.0	17.069537648422713	0.0	780303	2077.2561190209567	1.5
24312.165219893104	1500.0	18.70775745325394	0.0	891463	2361.780195168773	1.5
24318.677863794856	4000.0	16.1951135515045	0.0	2373154	6512.643901749439	4.0
24324.671418852464	4000.0	14.201558493897359	0.0	2094766	5993.555057607143	4.0
24330.521029012376	4000.0	12.351948333986034	0.0	1761739	5849.610159911324	4.0
24337.773704363877	4000.0	9.099272982481422	0.0	2131310	7252.675351504613	4.0
24344.140110702305	4000.0	6.73286664405471	0.0	1805063	6366.406338426712	4.0
24346.791908640713	1500.0	8.081068705649166	0.0	754517	2651.7979384055443	1.5
24350.014231994006	1500.0	8.858745352355752	0.0	934743	3222.323353293413	1.5
24352.567002663196	1500.0	10.305974683167813	0.0	735572	2552.7706691879403	1.5
24355.2443040604	1500.0	11.628673285962224	0.0	772616	2677.3013972055887	1.5
24357.434485259302	1500.0	13.438492087060329	0.0	747396	2190.1811989018947	1.5
24359.348040745648	1500.0	15.524936600711321	0.0	662349	1913.5554863490088	1.5
24361.741507647617	1500.0	17.131469698742396	0.0	835711	2393.4669019689263	1.5
24364.053817416123	1500.0	18.819159930238296	0.0	806394	2312.3097685041007	1.5
24369.832930003715	4000.0	17.040047342649764	0.0	1849252	5779.1125875885355	4.0
24375.82355201328	4000.0	15.049425333080384	0.0	1822097	5990.622009569378	4.0
24381.333616483946	4000.0	13.539360862417759	0.0	1836837	5510.064470662624	4.0
24387.17814435702	4000.0	11.694832989342645	0.0	1984579	5844.527873075115	4.0
24392.88550257486	4000.0	9.987474771504024	0.0	2068230	5707.35821783862	4.0
24398.902049640663	4000.0	7.970927705701168	0.0	2055338	6016.547065802856	4.0
24405.763474157702	4000.0	5.109503188662942	0.0	2165436	6861.424517038226	4.0
24408.019792121788	1500.0	6.8531852245783105	0.0	707527	2256.317964084632	1.5
24410.41427688231	1500.0	8.458700464055813	0.0	757473	2394.4847605224963	1.5
24412.670547602655	1500.0	10.202429743713594	0.0	712239	2256.27072034222	1.5
24414.686839711736	1500.0	12.186137634631017	0.0	633700	2016.2921090825757	1.5
24417.134502955556	1500.0	13.738474390811755	0.0	755142	2447.6632438192632	1.5
24419.652886950098	1500.0	15.220090396268159	0.0	670327	2518.383994543595	1.5
24422.59029379334	1500.0	16.282683553026146	0.0	785519	2937.406843242014	1.5
24425.14765834944	1500.0	17.725318996927477	0.0	681043	2557.3645560986697	1.5
24428.179320339015	1500.0	18.693657007350158	0.0	866245	3031.6619895773165	1.5
24430.388472920546	1500.0	20.484504425823186	0.0	691256	2209.1525815269706	1.5
24432.704163830334	1500.0	22.168813516032248	0.0	725845	2315.690909790937	1.5
24438.727788611563	4000.0	20.14518873480644	0.0	1985434	6023.624781225812	4.0
24443.834174073098	4000.0	19.038803273271938	0.0	1830641	5106.385461534502	4.0
24448.7144403163	4000.0	18.158537030066906	0.0	1697030	4880.266243205032	4.0
24454.71426371586	4000.0	16.158713630508405	0.0	1910697	5999.8233995585	4.0
24461.520007787	4000.0	13.352969559368452	0.0	2171279	6805.744071139953	4.0
24468.106440704483	4000.0	10.766536641885192	0.0	2042818	6586.43291748326	4.0
24478.11275017549	4000.0	4.76022717088177	0.0	1750852	10006.309471003422	4.0
24479.393082432063	600.0	7.479894914305858	0.0	308883	1280.3322565759113	0.6

