27957.173671130695	600.0	4.0	0.7105786283891548	247108	710.5786283891548	-13.611572567783096
27957.505325357168	200.0	7.668345773524721	0.0	98617	331.65422647527913	0.2
27958.321394256687	600.0	10.85227687400319	0.0	288447	816.0688995215311	0.6
27960.234762039785	1500.0	12.93890909090909	0.0	718451	1913.367783094099	1.5
27965.595244336433	4000.0	11.578426794258371	0.0	2069289	5360.482296650718	4.0
27971.34741578181	4000.0	9.826255348882045	0.0	1863995	5752.171445376326	4.0
27973.80458487133	1500.0	11.369086259364066	0.0	737903	2457.16908951798	1.5
27981.230066551674	4000.0	7.94360457901966	0.0	2058614	7425.481680344405	4.0
27982.44244105871	600.0	10.731230071984264	0.0	290723	1212.3745070353962	0.6
27985.494710399962	1500.0	11.678960730731038	0.0	763093	3052.269341253226	1.5
27991.275048288186	4000.0	9.898622842510113	0.0	2094766	5780.337888220925	4.0
27993.138988617095	1500.0	12.034682513600188	0.0	744416	1863.9403289099243	1.5
27998.941229993154	4000.0	10.232441137544747	0.0	2131310	5802.241376055441	4.0
28002.151965579633	1500.0	11.021705551063635	0.0	748011	3210.7355864811134	1.5
28010.990429963607	4000.0	6.183241167088845	0.0	2157416	8838.46438397479	4.0
28011.435666031717	200.0	9.73800509897739	0.0	94377	445.2360681114551	0.2
28014.36230689859	1500.0	10.811364232104324	0.0	735572	2926.640866873065	1.5
28017.43230689859	1500.0	11.741364232104324	0.0	772616	3070.0	1.5
28022.384181044556	4000.0	10.789490086138006	0.0	2082556	4951.874145966318	4.0
28023.95076840849	1500.0	13.222902722205788	0.0	662349	1566.5873639322188	1.5
28032.66274658988	8000.0	8.510924540816774	0.0	3690869	8711.978181389015	8.0
28033.498625429336	600.0	11.675045701356009	0.0	310841	835.8788394607657	0.6
28038.075491851818	4000.0	11.09817927887474	0.0	1849252	4576.866422481267	4.0
28042.452366666188	4000.0	10.721304464505867	0.0	1822097	4376.874814368874	4.0
28044.545718637113	1500.0	12.627952493580509	0.0	855209	2093.351970925357	1.5
28049.345409855865	4000.0	11.828261274826943	0.0	1984579	4799.691218753566	4.0
28054.601241559936	4000.0	10.57242957075249	0.0	2068230	5255.8317040744505	4.0
28056.96927534425	1500.0	12.204395786440298	0.0	914284	2368.0337843121924	1.5
28064.091720836834	4000.0	9.081950293854181	0.0	2165436	7122.445492586116	4.0
28066.722286806555	1500.0	10.451384324135363	0.0	707527	2630.565969718818	1.5
28069.68384405861	1500.0	11.489827072079015	0.0	757473	2961.557252056347	1.5
28078.5790925023	4000.0	6.594578628389146	0.0	1947068	8895.248443689869	4.0
28079.10742977898	200.0	10.066241351711218	0.0	99865	528.337276677928	0.2
28081.01056353079	1500.0	12.1631075999005	0.0	755142	1903.1337518107196	1.5
28085.505261744212	4000.0	11.668409386477032	0.0	1828568	4494.698213423467	4.0
28094.053285056856	4000.0	7.120386073832002	0.0	1785821	8548.023312645031	4.0
28099.494659695716	600.0	5.679011434971364	0.0	284947	5441.374638860638	0.6
28099.784671449666	200.0	9.38899968102073	0.0	80403	290.0117539506334	0.2
28101.670224538342	1500.0	11.503446592343701	0.0	691256	1885.5530886770277	1.5
28107.22141952332	4000.0	9.952251607362639	0.0	2094647	5551.1949849810635	4.0
28109.41977658222	1500.0	11.753894548462288	0.0	811013	2198.3570589003525	1.5
28113.738525268356	4000.0	11.435145862327987	0.0	1830641	4318.7486861343	4.0
28117.711409754156	4000.0	11.462261376528906	0.0	1697030	3972.88448579908	4.0
28122.212696890205	4000.0	10.960974240479242	0.0	1910697	4501.287136049666	4.0
28123.761801803266	1500.0	13.411869327420542	0.0	629438	1549.1049130587003	1.5
28135.300645956246	8000.0	5.873025174441808	0.0	3954105	11538.844152978734	8.0
28135.772886910192	200.0	9.400784220494439	0.0	95393	472.24095394736844	0.2
28139.177870462823	1500.0	9.99580066786286	0.0	808636	3404.983552631579	1.5

