5139.09085224471	600.0	4.0	0.925210996622344	247108	925.2109966223439	0.029223612	-17.90421993244688
5139.508162946321	200.0	7.582689298388131	0.0	98617	417.3107016118688	0.004705182	0.2
5139.952354660375	200.0	11.138497584334516	0.0	106476	444.191714053615	0.004705182	0.2
5140.426488654988	200.0	14.664363589721665	0.0	115230	474.13399461285223	0.004705182	0.2
5140.8405191821585	200.0	18.250333062550773	0.0	97658	414.03052717089224	0.004705182	0.2
5141.25454970933	200.0	21.83630253537988	0.0	97658	414.03052717089224	0.004705182	0.2
5141.730605975095	200.0	25.360246269613924	0.0	115792	476.05626576595836	0.004705182	0.2
5142.178895341892	200.0	28.911956902817565	0.0	107674	448.2893667963573	0.004705182	0.2
5145.308065464599	1500.0	29.78278678011031	0.0	891463	3129.170122707256	0.004705182	1.5
5147.998157388152	1500.0	31.092694856556502	0.0	763093	2690.091923553807	0.63502777	1.5
5150.56793974796	1500.0	32.52291249674948	0.0	769316	2569.7823598070277	0.15723577	1.5
5152.977470151449	1500.0	34.11338209326026	0.0	744416	2409.5304034892138	0.015754735	1.5
5154.954137796034	1500.0	36.136714448674994	0.0	606092	1976.6676445852647	0.004705182	1.5
5157.374918175075	1500.0	37.71593406963375	0.0	748011	2420.7803790412486	0.004705182	1.5
5159.792126673473	1500.0	39.29872557123622	0.0	754517	2417.2084983975283	0.004705182	1.5
5162.641838144268	1500.0	40.449014100441005	0.0	934743	2849.711470795215	0.004705182	1.5
5164.901391461058	1500.0	42.18946078365149	0.0	735572	2259.5533167895105	0.036110163	1.5
5167.270708843183	1500.0	43.82014340152623	0.0	772616	2369.317382125264	0.820779	1.5
5178.46482047995	8000.0	36.6260317647589	0.0	3873892	11194.111636767328	0.09840515	8.0
5180.479839908374	1500.0	38.61101233633526	0.0	662349	2015.0194284236393	0.004705182	1.5
5191.838112833086	8000.0	31.25273941162319	0.0	3690869	11358.272924712068	0.58098525	8.0
5192.213869400212	200.0	34.8769828444957	0.0	97742	375.75656712748463	0.6967066	0.2
5194.742804097717	1500.0	36.34804814699017	0.0	809327	2528.934697505532	0.004705182	1.5
5207.801788187548	8000.0	27.289064057160218	0.0	4032749	13058.984089829955	0.004705182	8.0
5210.70242324645	1500.0	28.388428998258153	0.0	855209	2900.6350589020603	0.004705182	1.5
5212.744985017701	1500.0	30.34586722700675	0.0	644861	2042.5617712514027	0.004705182	1.5
5215.241477133426	1500.0	31.849375111281947	0.0	794014	2496.492115724802	0.5220973	1.5
5218.103997438526	1500.0	32.986854806182365	0.0	914284	2862.520305099576	0.004705182	1.5
5230.72846713922	8000.0	24.362385105488624	0.0	3811227	12624.469700693744	0.004705182	8.0
5233.2363897575015	1500.0	25.85446248720698	0.0	707527	2507.9226182816456	0.004705182	1.5
5235.915705160925	1500.0	27.175147083783994	0.0	757473	2679.3154034229833	0.004705182	1.5
5247.626744286266	8000.0	19.464107958443268	0.0	3568902	11711.03912534073	0.74972844	8.0
5249.703160692039	1500.0	21.387691552670134	0.0	633700	2076.416405773131	0.004705182	1.5
5252.190482548278	1500.0	22.900369696431124	0.0	755142	2487.321856239012	0.010629024	1.5
5263.979201355743	8000.0	15.111650888966826	0.0	3707853	11788.718807464298	0.81871074	8.0
5266.408241427513	1500.0	16.68261081719649	0.0	785519	2429.040071770335	0.004705182	1.5
5268.524853269618	1500.0	18.56599897509123	0.0	681043	2116.6118421052633	0.10008895	1.5
5274.5179326287125	4000.0	16.572919615996852	0.0	1955307	5993.079359094377	1.0660813	4.0
5276.707027975776	1500.0	18.38382426893354	0.0	691256	2189.095347063311	0.03396561	1.5
5283.090524006709	4000.0	16.00032823800164	0.0	2094647	6383.496030931903	0.33580747	4.0
5285.525552681845	1500.0	17.565299562865523	0.0	811013	2435.0286751361164	0.6912101	1.5
5290.921388616509	4000.0	16.169463628201274	0.0	1830641	5395.835934664247	0.32901853	4.0
5295.902572816212	4000.0	15.188279428497081	0.0	1697030	4981.184199704195	0.6546555	4.0
5308.859275405527	8000.0	6.231576839182619	0.0	4340973	12956.702589314462	0.677933	8.0
5310.84868841933	1500.0	8.242163825380102	0.0	629438	1989.4130138025178	0.05181618	1.5
5317.425091892209	4000.0	5.665760352501557	0.0	2042818	6576.403472878544	0.24952723	4.0
5319.971755086167	1500.0	7.119097158544071	0.0	769491	2546.6631939574863	0.6814827	1.5
5322.589249799575	1500.0	8.501602445135708	0.0	808636	2617.4947134083627	0.14364858	1.5

