2510.12873488181	600.0	4.0	0.7084836827798886	247108	708.4836827798886	-13.569673655597773
2510.996468274488	600.0	7.132266607321687	0.0	309722	867.7333926783131	0.6
2512.714000583061	1500.0	9.414734298748986	0.0	643847	1717.5323085727002	1.5
2514.621277443288	1500.0	11.507457438522309	0.0	718451	1907.2768602266767	1.5
2516.5434202209512	1500.0	13.585314660859336	0.0	724296	1922.1427776629735	1.5
2518.377901137831	1500.0	15.750833743979397	0.0	689829	1834.4809168799377	1.5
2520.183335129001	1500.0	17.945399752809582	0.0	737903	1805.4339911698146	1.5
2521.400575113698	1500.0	20.728159768112636	0.0	780303	1217.239984696945	1.5
2524.1872177327064	4000.0	21.941517149104058	0.0	1857129	2786.642619008581	4.0
2527.725932640433	4000.0	22.402802241377834	0.0	2373154	3538.7149077262216	4.0
2530.9486967806424	4000.0	23.18003810116816	0.0	2094766	3222.7641402096724	4.0
2534.0089492599727	4000.0	24.119785621838055	0.0	1761739	3060.2524793301054	4.0
2537.6943879269497	4000.0	24.43434695486125	0.0	2131310	3685.4386669768037	4.0
2540.842246803817	4000.0	25.286488077993987	0.0	1805063	3147.858876867269	4.0
2544.7534812374333	4000.0	25.375253644377256	0.0	2157416	3911.2344336167284	4.0
2548.7966662137924	4000.0	25.332068668018177	0.0	2231719	4043.184976359076	4.0
2552.0188147237454	4000.0	26.109920158065133	0.0	1835863	3222.1485099530473	4.0
2555.6538073265465	4000.0	26.47492755526433	0.0	2192675	3634.9926028008026	4.0
2559.1102635614734	4000.0	27.01847132033739	0.0	2082556	3456.4562349269404	4.0
2562.804188932503	4000.0	27.32454594930732	0.0	2164412	3693.92537103007	4.0
2569.2415221510064	8000.0	24.887212730803913	0.0	3690869	6437.333218503408	8.0
2573.916550314318	4000.0	24.2121845674926	0.0	1950922	4675.028163311312	4.0
2579.8007427932794	4000.0	22.327992088531502	0.0	1849252	5884.192478961099	4.0
2583.7097543473224	4000.0	22.418980534488256	0.0	1822097	3909.0115540432457	4.0
2586.9969077897094	4000.0	23.13182709210145	0.0	1836837	3287.153442386809	4.0
2590.542021662927	4000.0	23.5867132188843	0.0	1984579	3545.1138732171507	4.0
2594.8468155675732	4000.0	23.281919314237904	0.0	2068230	4304.793904646395	4.0
2599.345531287176	4000.0	22.783203594635093	0.0	2055338	4498.715719602811	4.0
2604.1353642166855	4000.0	21.993370665126037	0.0	2165436	4789.832929509059	4.0
2608.6207978634984	4000.0	21.50793701831308	0.0	2002600	4485.433646812958	4.0
2616.6846590937685	4000.0	17.44407578804305	0.0	2290706	8063.8612302700285	4.0
2620.8392529152784	1500.0	17.28948196653275	0.0	712239	4154.593821510298	1.5
2623.0305010209863	1500.0	19.098233860825154	0.0	633700	2191.2481057075993	1.5
2624.797709969332	1500.0	21.33102491247923	0.0	755142	1767.2089483459245	1.5
2626.375417304797	1500.0	23.75331757701401	0.0	670327	1577.707335465222	1.5
2628.210497390259	1500.0	25.91823749155228	0.0	785519	1835.0800854617307	1.5
2629.812147416093	1500.0	28.316587465718257	0.0	681043	1601.65002583402	1.5
2634.4994819682624	4000.0	27.629252913549113	0.0	1955307	4687.334552169144	4.0
2640.0015467455905	4000.0	26.12718813622118	0.0	2142800	5502.064777327935	4.0
2645.601219155738	4000.0	24.527515726073325	0.0	2094647	5599.672410147852	4.0
2651.10432788442	4000.0	23.02440699739142	0.0	1985434	5503.108728681906	4.0
2655.9665574016967	4000.0	22.16217748011475	0.0	1830641	4862.229517276669	4.0
2660.384984525974	4000.0	21.743750355837758	0.0	1697030	4418.4271242769955	4.0
2665.3257491187633	4000.0	20.802985763048184	0.0	1910697	4940.764592789574	4.0
2666.9989353304604	1500.0	23.129799551351226	0.0	629438	1673.1862116969612	1.5
2672.2495628912466	4000.0	21.87917199056468	0.0	2042818	5250.627560786547	4.0
2675.2870198713754	4000.0	22.84171501043591	0.0	1750852	3037.4569801287707	4.0
2678.3968654667965	4000.0	23.731869415014998	0.0	2034636	3109.845595420913	4.0

