29569.064672056174	600.0	4.0	0.6337279067813226	247108	633.7279067813226	0.25060236	-12.074558135626452
29569.365656342332	200.0	7.699015713845551	0.0	98617	300.9842861544495	0.004705182	0.2
29569.68425133967	200.0	11.380420716506542	0.0	106476	318.5949973390101	0.004705182	0.2
29570.022462594257	200.0	15.042209461919835	0.0	115230	338.2112545867062	0.004705182	0.2
29570.321297920997	200.0	18.74337413517829	0.0	97658	298.8353267415479	0.004705182	0.2
29570.62013324774	200.0	22.44453880843674	0.0	97658	298.8353267415479	0.004705182	0.2
29570.959603850803	200.0	26.1050682053724	0.0	115792	339.47060306433997	0.004705182	0.2
29571.280883366788	200.0	29.783788689392455	0.0	107674	321.27951597994456	0.004705182	0.2
29586.119857427853	12000.0	18.944814628324515	0.0	6619479	14838.974061067938	0.0063322606	12.0
29586.433609264	200.0	22.631062792178064	0.0	105425	313.7518361464483	0.004705182	0.2
29588.219362430485	1500.0	24.84530962569155	0.0	769316	1785.7531664865164	0.3293689	1.5
29588.51075790179	200.0	28.553914154390863	0.0	95342	291.39547130068456	0.004705182	0.2
29589.966020130043	1500.0	31.098651926135297	0.0	606092	1455.2622282555658	0.004705182	1.5
29591.816905707776	1500.0	33.24776634840124	0.0	748011	1850.8855777340455	0.004705182	1.5
29593.68319397554	1500.0	35.3814780806416	0.0	754517	1866.2882677596438	0.004705182	1.5
29595.97615995811	1500.0	37.08851209807202	0.0	934743	2292.9659825695812	0.004705182	1.5
29613.86857225979	12000.0	23.196099796390726	0.0	5964284	17892.4123016813	0.004705182	12.0
29614.19744452642	200.0	26.867227529764275	0.0	103142	328.8722666264515	0.22279648	0.2
29616.080843108837	1500.0	28.98382894734835	0.0	747396	1883.3985824159251	0.0049956385	1.5
29616.368054087572	200.0	32.69661796861211	0.0	85876	287.21097873623887	0.004705182	0.2
29618.46454873393	1500.0	34.60012332225409	0.0	835711	2096.4946463580154	0.004705182	1.5
29620.702332458648	1500.0	36.36233959753536	0.0	806394	2237.783724718727	0.32058632	1.5
29624.118301750455	1500.0	36.94637030573023	0.0	809327	3415.9692918051364	0.004705182	1.5
29627.008596209067	1500.0	38.05607584711674	0.0	681795	2890.294458613494	0.004705182	1.5
29644.694342730963	12000.0	24.370329325221025	0.0	6078444	17685.74652189571	0.09992964	12.0
29646.314884127005	1500.0	26.749787929177725	0.0	644861	1620.5413960433	0.004705182	1.5
29648.29174474664	1500.0	28.77292730954353	0.0	794014	1976.8606196341918	0.004705182	1.5
29648.61961275709	200.0	32.445059299091874	0.0	103756	327.86801045166106	0.004705182	0.2
29650.313848516704	1500.0	34.75082353948007	0.0	675709	1694.2357596117956	0.18644351	1.5
29668.498258377895	8000.0	20.56641367828898	0.0	4435580	18184.409861191092	0.0051542674	8.0
29671.565433496846	1500.0	21.499238559338078	0.0	757473	3067.175118950902	0.01425143	1.5
29673.421507558218	1500.0	23.64316449796314	0.0	712239	1856.074061374936	0.004705182	1.5
29673.75053581438	200.0	27.31413624180305	0.0	99865	329.02825616009227	0.0065294164	0.2
29675.713594898272	1500.0	29.351077157907348	0.0	755142	1963.059083895703	0.08042198	1.5
29680.353401640474	4000.0	28.711270415703897	0.0	1828568	4639.806742203451	0.26030576	4.0
29682.48579478951	1500.0	30.57887726666751	0.0	785519	2132.393149036386	0.4572569	1.5
29684.411064721095	1500.0	32.65360733508179	0.0	681043	1925.269931585721	0.06898732	1.5
29693.916855181662	8000.0	27.147816874519005	0.0	3739359	9505.790460562785	0.0055807387	8.0
29704.635735711272	8000.0	20.428936344905292	0.0	4857577	10718.880529613716	0.024094945	8.0
29709.8240857349	4000.0	19.240586321279764	0.0	2094647	5188.350023625528	0.13375641	4.0
29714.81439754154	4000.0	18.250274514639422	0.0	1985434	4990.311806640341	0.030192792	4.0
29719.459373618098	4000.0	17.6052984380844	0.0	1830641	4644.9760765550245	0.029791055	4.0
29724.420433725543	4000.0	16.644238330635947	0.0	1697030	4961.060107448453	0.010564294	4.0
29730.892996300037	4000.0	14.171675756142504	0.0	1910697	6472.562574493445	0.011009696	4.0
29733.286382411883	1500.0	15.778289644299795	0.0	629438	2393.386111842709	0.48969	1.5
29741.554234812993	4000.0	11.510437243187544	0.0	2042818	8267.852401112252	0.013667488	4.0
29747.991957194834	4000.0	9.07271486134722	0.0	1750852	6437.722381840323	0.32374498	4.0
29750.98202826996	1500.0	10.082643786223514	0.0	808636	2990.0710751237066	0.11816687	1.5

