6917.988504519428	600.0	4.0	0.8617090434576299	247108	861.7090434576298	-16.634180869152598
6920.385417011025	1500.0	5.603087508402863	0.0	732405	2396.912491597137	1.5
6922.502182403093	1500.0	7.486322116335166	0.0	643847	2116.7653920676976	1.5
6924.854952382135	1500.0	9.133552137292893	0.0	718451	2352.7699790422716	1.5
6927.226212613857	1500.0	10.762291905571592	0.0	724296	2371.260231721302	1.5
6929.878421206964	1500.0	12.110083312463477	0.0	689829	2652.2085931081156	1.5
6932.7765255153545	1500.0	13.211979004073456	0.0	737903	2898.1043083900227	1.5
6935.836558454846	1500.0	14.15194606458187	0.0	780303	3060.032939491586	1.5
6939.2456268918595	1500.0	14.74287762756851	0.0	891463	3409.0684370133595	1.5
6942.090707062165	1500.0	15.897797457263227	0.0	763093	2845.0801703052816	1.5
6944.958336376415	1500.0	17.030168143013746	0.0	769316	2867.629314249479	1.5
6947.7357401267545	1500.0	18.25276439267404	0.0	744416	2777.4037503397044	1.5
6950.1176962948975	1500.0	19.87080822453133	0.0	606092	2381.956168142711	1.5
6953.063501572423	1500.0	20.92500294700631	0.0	748011	2945.805277525023	1.5
6956.034232859238	1500.0	21.954271660190546	0.0	754517	2970.7312868157655	1.5
6959.674685972131	1500.0	22.313818547297803	0.0	934743	3640.453112892742	1.5
6962.527421212201	1500.0	23.46108330722807	0.0	735572	2852.735240069736	1.5
6965.519793638342	1500.0	24.46871088108662	0.0	772616	2992.3724261414504	1.5
6968.417099391534	1500.0	25.57140512789433	0.0	747396	2897.3057531922914	1.5
6970.9637807837635	1500.0	27.024723735665187	0.0	662349	2546.6813922291453	1.5
6974.15224647095	1500.0	27.836258048479024	0.0	835711	3188.4656871861634	1.5
6977.23166622174	1500.0	28.75683829768862	0.0	806394	3079.419750790404	1.5
6980.542641717152	1500.0	29.44586280227687	0.0	809327	3310.975495411749	1.5
6983.571502312399	1500.0	30.417002207029125	0.0	681795	3028.8605952477496	1.5
6987.350403185538	1500.0	30.638101333890962	0.0	855209	3778.9008731381614	1.5
6990.196144513392	1500.0	31.79236000603719	0.0	644861	2845.7413278537706	1.5
6993.631103712694	1500.0	32.35740080673437	0.0	794014	3434.959199302823	1.5
6997.574241537185	1500.0	32.414262982243386	0.0	914284	3943.1378244909815	1.5
7000.316098042733	1500.0	33.672406476695905	0.0	675709	2741.856505547481	1.5
7002.8419609759285	1500.0	35.14654354350085	0.0	707527	2525.862933195057	1.5
7005.540483143416	1500.0	36.44802137601316	0.0	757473	2698.522167487685	1.5
7008.082635074969	1500.0	37.90586944446014	0.0	712239	2542.151931553021	1.5
7010.319478770281	1500.0	39.66902574914836	0.0	633700	2236.8436953117803	1.5
7012.859475105413	1500.0	41.12902941401652	0.0	755142	2539.996335131834	1.5
7015.123172957394	1500.0	42.865331562036474	0.0	670327	2263.6978519800464	1.5
7017.762127248343	1500.0	44.22637727108666	0.0	785519	2638.954290949812	1.5
7020.060734191233	1500.0	45.927770328197525	0.0	681043	2298.606942889138	1.5
7023.356259869524	1500.0	46.632244649905346	0.0	866245	3295.5256782921797	1.5
7026.005149171331	1500.0	47.983355348098314	0.0	691256	2648.889301807033	1.5
7028.782580304326	1500.0	49.20592421510255	0.0	725845	2777.431132995773	1.5
7031.977734900003	1500.0	50.01076961942586	0.0	811013	3195.154595676689	1.5
7034.670187730192	1500.0	51.31831678923718	0.0	657685	2692.4528301886794	1.5
7037.797095376666	1500.0	52.1914091427625	0.0	767059	3126.907646474677	1.5
7041.264597499278	1500.0	52.723907020151195	0.0	848035	3467.502122611307	1.5
7043.923931088726	1500.0	54.06457343070312	0.0	629438	2659.333589448073	1.5
7047.134050694309	1500.0	54.854453825119826	0.0	763847	3210.119605583301	1.5
7050.367298485319	1500.0	55.621206034109456	0.0	769491	3233.247791010372	1.5
7053.850773376524	1500.0	56.13773114290515	0.0	808636	3483.474891204298	1.5

