6227.144466439019	600.0	4.0	0.8903230037711101	247108	890.32300377111	-17.2064600754222
6227.547853879583	200.0	7.596612559435973	0.0	98617	403.3874405640269	0.2
6228.573736811211	600.0	10.570729627807838	0.0	288447	1025.8829316281358	0.6
6231.009700083879	1500.0	12.134766355140188	0.0	718451	2435.9632726676505	1.5
6233.464830433117	1500.0	13.679636005902609	0.0	724296	2455.1303492375796	1.5
6235.806935696274	1500.0	15.337530742744713	0.0	689829	2342.105263157895	1.5
6237.8697343265485	1500.0	17.2747321124696	0.0	737903	2062.7986302751137	1.5
6239.759421088206	1500.0	19.385045350811943	0.0	780303	1889.6867616576556	1.5
6241.9069112678	1500.0	21.237555171218094	0.0	891463	2147.4901795938486	1.5
6243.756684420042	1500.0	23.38778201897643	0.0	763093	1849.7731522416618	1.5
6248.686337643035	4000.0	22.458128795983768	0.0	2094766	4929.653222992662	4.0
6252.829798843282	4000.0	22.31466759573582	0.0	1761739	4143.461200247949	4.0
6257.789834770866	4000.0	21.35463166815237	0.0	2131310	4960.035927583451	4.0
6261.752473474906	4000.0	21.391992964112575	0.0	1805063	3962.638704039793	4.0
6266.473013368702	4000.0	20.671453070316783	0.0	2157416	4720.5398937957925	4.0
6271.37200250798	4000.0	19.772463931037944	0.0	2231719	4898.989139278843	4.0
6275.420149055046	4000.0	19.724317383972128	0.0	1835863	4048.146547065817	4.0
6280.269943298542	4000.0	18.874523140476512	0.0	2192675	4849.794243495616	4.0
6284.905089710025	4000.0	18.239376728993257	0.0	2082556	4635.146411483254	4.0
6286.4338366683305	1500.0	20.710629770688406	0.0	662349	1528.746958304853	1.5
6288.384469192251	1500.0	22.759997246767412	0.0	835711	1950.6325239209937	1.5
6293.178620366457	4000.0	21.96584607256217	0.0	1950922	4794.151174205241	4.0
6297.727099109944	4000.0	21.417367329075045	0.0	1849252	4548.478743487125	4.0
6301.869578344118	4000.0	21.274888094901456	0.0	1822097	4142.4792341735865	4.0
6306.013714196097	4000.0	21.130752242922586	0.0	1836837	4144.13585197887	4.0
6310.674100704064	4000.0	20.470365734955845	0.0	1984579	4660.386507966741	4.0
6315.733138349636	4000.0	19.41132808938394	0.0	2068230	5059.037645571906	4.0
6320.783391034616	4000.0	18.361075404403174	0.0	2055338	5050.252684980766	4.0
6322.506053001312	1500.0	20.638413437708145	0.0	675709	1722.6619666950287	1.5
6327.454413278448	4000.0	19.690053160571885	0.0	2002600	4948.360277136259	4.0
6329.352461859961	1500.0	21.79200457905842	0.0	757473	1898.048581513464	1.5
6333.993341444178	4000.0	21.151124994840576	0.0	1947068	4640.879584217846	4.0
6335.557742293311	1500.0	23.586724145708008	0.0	633700	1564.4008491325671	1.5
6340.659321829549	4000.0	22.485144609470105	0.0	2125133	5101.579536237902	4.0
6345.136371335095	4000.0	22.008095103924404	0.0	1828568	4477.049505545704	4.0
6349.524796690608	4000.0	21.61966974841048	0.0	1785821	4388.42535551392	4.0
6354.835814858249	4000.0	20.308651580769155	0.0	2096494	5311.018167641326	4.0
6359.725421323533	4000.0	19.419045115485527	0.0	1955307	4889.606465283626	4.0
6361.291913447613	1500.0	21.852552991406178	0.0	691256	1566.4921240793506	1.5
6365.876288481213	4000.0	21.268177957805833	0.0	2094647	4584.375033600344	4.0
6370.277437675239	4000.0	20.867028763780343	0.0	1985434	4401.149194025488	4.0
6374.587932793385	4000.0	20.556533645633717	0.0	1830641	4310.495118146629	4.0
6378.589661373893	4000.0	20.554805065126466	0.0	1697030	4001.7285805072506	4.0
6382.5741776353925	4000.0	20.570288803626976	0.0	1910697	3984.516261499492	4.0
6386.897495049372	4000.0	20.246971389646447	0.0	2171279	4323.31741398053	4.0
6391.045595490042	4000.0	20.098870948976582	0.0	2042818	4148.100440669861	4.0
6394.797828825561	4000.0	20.34663761345846	0.0	1750852	3752.2333355181236	4.0
6399.14527013119	4000.0	19.999196307828253	0.0	2034636	4347.441305630204	4.0

