14048.271530981616	600.0	4.0	0.9328317515099224	247108	932.8317515099224	-18.056635030198446
14048.691883009225	200.0	7.579647972389992	0.0	98617	420.35202761000863	0.2
14049.139358419061	200.0	11.132172562553926	0.0	106476	447.4754098360656	0.2
14050.184645735713	600.0	14.08688524590164	0.0	279692	1045.2873166522866	0.6
14050.60168801354	200.0	17.66984296807593	0.0	97658	417.04227782571184	0.2
14053.06246109378	1500.0	19.20906988783434	0.0	689829	2460.7730802415876	1.5
14053.542088358663	200.0	22.729442622950817	0.0	115792	479.6272648835203	0.2
14056.315109928983	1500.0	23.956421052631576	0.0	780303	2773.0215703192407	1.5
14056.724031413021	200.0	27.54749956859361	0.0	95305	408.9214840379638	0.2
14076.392690929784	12000.0	11.878840051830615	0.0	5088378	19668.659516762997	12.0
14076.832490967512	200.0	15.439040014101886	0.0	95365	439.80003772873044	0.2
14077.27220422916	200.0	18.99932675245314	0.0	95342	439.7132616487456	0.2
14077.738618113333	200.0	22.53291286828034	0.0	102419	466.4138841727976	0.2
14078.836947764059	600.0	25.43458321755367	0.0	266809	1098.3296507266705	0.6
14079.945199947917	600.0	28.32633103369597	0.0	264113	1108.2521838577027	0.6
14083.664367770387	1500.0	28.607163211227178	0.0	934743	3719.1678224687935	1.5
14085.07074001167	600.0	31.200790969944357	0.0	340687	1406.3722412828188	0.6
14100.68102221999	12000.0	19.590508761624786	0.0	4055239	15610.282208319572	12.0
14101.072762319423	200.0	23.198768662190535	0.0	90919	391.7400994342534	0.2
14103.423802950318	1500.0	24.847728031297343	0.0	662349	2351.040630893194	1.5
14103.896931700532	200.0	28.374599281083043	0.0	114656	473.128750214298	0.2
14104.31206627965	200.0	31.959464701964237	0.0	97742	415.13457911880687	0.2
14104.73725743343	200.0	35.53427354818402	0.0	100675	425.19115378021604	0.2
14105.84220171596	600.0	38.42932926565359	0.0	298925	1104.9442825304304	0.6
14112.666006779655	4000.0	35.605524201959035	0.0	1836837	6823.805063694552	4.0
14113.146309652493	200.0	39.12522132912109	0.0	101109	480.3028728379482	0.2
14132.307663691023	12000.0	23.96386729058959	0.0	5138482	19161.354038531495	12.0
14145.37681190309	8000.0	14.894719078523108	0.0	3354913	13069.148212066482	8.0
14145.866501344082	200.0	18.405029637529317	0.0	93993	489.6894409937888	0.2
14147.266113417745	600.0	21.0054175638669	0.0	302752	1399.612073662417	0.6
14147.755754912787	200.0	24.515776068824948	0.0	93982	489.64149504195274	0.2
14160.4861840412	8000.0	15.785346940410964	0.0	3568902	12730.429128413984	8.0
14162.926387956562	1500.0	17.345143025049804	0.0	633700	2440.2039153611586	1.5
14163.339438539677	200.0	20.932092441935673	0.0	89422	413.0505831141321	0.2
14165.91605903829	1500.0	22.355471943320715	0.0	670327	2576.6204986149587	1.5
14167.02306618464	600.0	25.248464796971867	0.0	275745	1107.0071463488443	0.6
14169.639598226819	1500.0	26.631932754792114	0.0	681043	2616.5320421797533	1.5
14170.019057711444	200.0	30.252473270167236	0.0	80403	379.4594846248749	0.2
14170.42203729663	200.0	33.84949368498136	0.0	86718	402.97958518587495	0.2
14173.89027583699	1500.0	34.38125514462304	0.0	725845	3468.238540358316	1.5
14193.060825397817	12000.0	19.210705583794386	0.0	4828747	19170.54956082866	12.0
14194.196198957907	600.0	22.075332023704668	0.0	302912	1135.3735600897153	0.6
14200.188809196785	4000.0	20.082721784826546	0.0	1697030	5992.610238878122	4.0
14200.606724402674	200.0	23.664806578938432	0.0	96988	417.9152058881171	0.2
14200.985335149799	200.0	27.286195831813764	0.0	85214	378.6107471246696	0.2
14203.828391760399	1500.0	28.4431392212151	0.0	763847	2843.056610598662	1.5
14206.691864359422	1500.0	29.57966662219177	0.0	769491	2863.4725990233314	1.5
14226.932697608045	12000.0	13.338833373569923	0.0	5646381	20240.833248621846	12.0

