27113.286709862856	600.0	4.0	0.8709196023125088	247108	870.9196023125088	0.0076403455	-16.818392046250175
27113.682353704502	200.0	7.604356158354838	0.0	98617	395.64384164516196	0.004705182	0.2
27114.1031518801	200.0	11.183557982756207	0.0	106476	420.79817559863176	0.004705182	0.2
27114.55196901987	200.0	14.734740842985456	0.0	115230	448.8171397707496	0.004705182	0.2
27114.94454338623	200.0	18.342166476624858	0.0	97658	392.5743663605993	0.004705182	0.2
27115.33711775259	200.0	21.949592110264255	0.0	97658	392.5743663605993	0.004705182	0.2
27115.7877336881	200.0	25.498976174758447	0.0	115792	450.6159355058113	0.004705182	0.2
27116.212366307274	200.0	29.074343555582224	0.0	107674	424.6326191762188	0.004705182	0.2
27116.597409416758	200.0	32.68930044609814	0.0	95305	385.04310948408653	0.004705182	0.2
27117.01484365229	200.0	36.27186621056632	0.0	105425	417.434235531817	0.006831626	0.2
27117.400078804025	200.0	39.88663105883295	0.0	95365	385.2351517333814	0.004705182	0.2
27117.785240339563	200.0	43.50146952329513	0.0	95342	385.16153553781834	0.004705182	0.2
27118.193053258405	200.0	47.09365660445298	0.0	102419	407.8129188421452	0.005774422	0.2
27118.5318846013	200.0	50.75482526155755	0.0	80867	338.83134289543705	0.004705182	0.2
27118.876742870118	200.0	54.40996699273841	0.0	82750	344.8582688191402	0.006554096	0.2
27139.209529542204	12000.0	38.07718032065265	0.0	5443841	20332.786672085756	0.56672055	12.0
27139.636848689082	200.0	41.649861173772145	0.0	89871	427.3191468805101	0.004705182	0.2
27155.172079164622	12000.0	30.11463069823414	0.0	4055239	15535.230475538005	0.004705182	12.0
27155.583522317957	200.0	33.70318754489625	0.0	90919	411.4431533378902	0.004705182	0.2
27155.976581329123	200.0	37.31012853373198	0.0	85876	393.05901116427435	0.004705182	0.2
27156.474557177833	200.0	40.81215268501929	0.0	114656	497.97584871269083	0.004705182	0.2
27156.910873422992	200.0	44.37583643986094	0.0	97742	436.31624515835045	0.07795783	0.2
27157.35788185316	200.0	47.92882800969462	0.0	100675	447.00843016632496	0.57085866	0.2
27157.750488825135	200.0	51.53622103771922	0.0	85752	392.60697197539304	0.004705182	0.2
27158.17519057952	200.0	55.111519283333266	0.0	94556	424.70175438596493	0.004705182	0.2
27169.10633452529	8000.0	48.18037533756541	0.0	3253093	10931.143945767859	0.004705182	8.0
27187.40736622736	12000.0	33.87934363549601	0.0	5138482	18301.0317020694	0.028974138	12.0
27200.3948097777	8000.0	24.891900085154077	0.0	3354913	12987.443550341928	0.007076714	8.0
27200.822577791758	200.0	28.464132071094323	0.0	93993	427.76801405975397	0.004705182	0.2
27201.261778605745	200.0	32.02493125710857	0.0	97083	439.2008139857553	0.004705182	0.2
27201.689505920516	200.0	35.59720394233658	0.0	93982	427.7273147719915	0.027992867	0.2
27212.731894016862	8000.0	28.554815845989204	0.0	3568902	11042.388096347375	0.004705182	8.0
27214.630715098196	1500.0	30.655994764656015	0.0	633700	1898.8210813331898	0.023890125	1.5
27214.967370642986	200.0	34.319339219863565	0.0	89422	336.65554479245145	0.10871248	0.2
27215.41093771758	200.0	37.87577214526956	0.0	108225	443.5670745940103	0.031113166	0.2
27215.836724729543	200.0	41.44998513330559	0.0	87791	425.7870119639604	0.12097807	0.2
27216.318824084574	200.0	44.9678857782763	0.0	102088	482.0993550292945	0.37638107	0.2
27216.715511593804	200.0	48.57119826904485	0.0	80403	396.687509231451	0.15730524	0.2
27236.973082945802	12000.0	32.31362691704746	0.0	5257310	20257.571351997394	0.04325919	12.0
27237.365898208	200.0	35.920811654848244	0.0	101968	392.8152621992139	0.08622016	0.2
27254.497538647134	12000.0	22.789171215713406	0.0	4828747	17131.640439134837	0.56668884	12.0
27261.86175418443	4000.0	19.424955678418293	0.0	1830641	7364.215537295113	0.011818134	4.0
27268.051174517637	4000.0	17.235535345209602	0.0	1697030	6189.420333208693	0.004705182	4.0
27274.06409487162	4000.0	15.222614991227303	0.0	1910697	6012.9203539823	0.024279483	4.0
27276.089709467513	1500.0	17.1970003953389	0.0	629438	2025.6145958884051	0.100330114	1.5
27281.834074925115	4000.0	15.452634937737038	0.0	2042818	5744.365457601859	0.21166757	4.0
27286.779203114278	4000.0	14.50750674857014	0.0	1750852	4945.128189166898	0.004705182	4.0
27292.599161855353	4000.0	12.687548007496348	0.0	2034636	5819.95874107379	0.0726984	4.0

