7027.436470864841	750	4.0	5.804200453932042	450283	5804.200453932042	-24.20806195190778
7029.189956784417	300	6.246514080423596	0.0	155580	1753.4859195764043	-0.15000000000000002
7030.844150164041	300	8.592320700799911	0.0	139857	1654.1933796236847	0.3
7033.87075095197	300	9.565719912870609	0.0	155432	3026.6007879293034	0.3
7035.5459627755445	300	11.890508089296693	0.0	163442	1675.2118235739158	0.3
7036.46167102451	300	14.974799840331706	0.0	126289	915.7082489649871	0.3
7037.607971305877	300	17.828499558964175	0.0	153295	1146.300281367526	0.3
7039.003876678126	300	20.432594186715622	0.0	173849	1395.9053722485558	0.3
7041.475510888416	750	21.96095997642584	0.0	374758	2471.634210289779	0.3
7044.0468674996855	750	23.389603365155022	0.0	362795	2571.35661127082	0.75
7046.302673238802	750	25.133797626039136	0.0	353220	2255.8057391158854	0.75
7050.026914951571	1200	25.40955591327024	0.0	594078	3724.241712768895	0.75
7054.542645660371	1200	24.8938252044704	0.0	624282	4515.73070879984	1.2
7060.295952908208	1200	23.140517956632852	0.0	687371	5753.307247837548	1.2
7062.504285995566	750	24.932184869275652	0.0	337059	2208.3330873572	0.3
7064.814515099327	750	26.621955765513643	0.0	366214	2310.229103762004	0.75
7067.016115271448	750	28.420355593392298	0.0	360831	2201.6001721213474	0.75
7070.217604726128	1200	29.218866138712247	0.0	581493	3201.489454680048	0.75
7074.089586976495	1200	29.346883888344493	0.0	639204	3871.982250367756	1.2
7077.717599427932	1200	29.718871436907715	0.0	586839	3628.012451436773	1.2
7081.295701776169	1200	30.14076908867067	0.0	601738	3578.102348237047	1.2
7085.2509330182265	1200	30.18553784661404	0.0	616206	3955.231242056631	1.2
7089.241496050337	1200	30.19497481450247	0.0	656471	3990.5630321115714	1.2
7094.4176118503565	1200	29.018859014483414	0.0	536667	5176.115800019051	1.2
7103.240376466907	1200	24.196094397933667	0.0	587236	8822.764616549748	1.2
7107.326699984197	750	24.109770880642674	0.0	379700	4086.3235172909904	0.3
7112.257659492727	750	23.17881137211406	0.0	425781	4930.959508528616	0.75
7115.147562516544	300	24.28890834829621	0.0	111155	2889.903023817847	-0.15000000000000002
7117.313423472164	300	26.1230473926759	0.0	153605	2165.8609556203137	0.3
7120.4750827536745	300	26.961388111165824	0.0	149029	3161.6592815100767	0.3
7123.924376979496	300	27.512093885344736	0.0	157421	3449.2942258210865	0.3
7127.1264902978355	300	28.30998056700454	0.0	157488	3202.1133183402	0.3
7128.832244117081	300	30.604226747758545	0.0	143881	1705.7538192459958	0.3
7134.681321564957	750	28.75514929988226	0.0	412837	5849.077447876285	0.3
7138.565921788654	300	28.870549076185053	0.0	179328	3884.600223697207	-0.15000000000000002
7140.463009136263	300	30.9734617285765	0.0	159914	1897.0873476085542	0.3
7145.222934241445	750	30.2135366233948	0.0	321064	4759.9251051817	0.3
7149.862169646951	750	29.57430121788925	0.0	361565	4639.235405505548	0.75
7153.854633140709	750	29.581837724131788	0.0	378327	3992.4634937574615	0.75
7158.284727901415	750	29.151742963424862	0.0	390680	4430.094760706925	0.75
7162.128422269228	750	29.30804859561101	0.0	345516	3843.6943678138514	0.75
7166.61555731939	750	28.820913545450647	0.0	384505	4487.135050160361	0.75
7171.6691699566145	750	27.76730090822635	0.0	372093	5053.612637224298	0.75
7176.491489836187	750	26.944981028653107	0.0	438281	4822.319879573242	0.75
7178.044920689493	300	29.391550175347742	0.0	167025	1553.4308533053627	-0.15000000000000002
7181.290381343993	750	30.146089520847333	0.0	393804	3245.460654500409	0.3
7183.893369809129	750	31.543101055711954	0.0	331053	2602.9884651353796	0.75
7190.906295436292	1200	28.530175428547892	0.0	550906	7012.925627164063	0.75

