5426.562775337418	600.0	4.0	0.9384610039951363	247108	938.4610039951364	0.0073453616	-18.169220079902725
5426.985373913066	200.0	7.577401424352962	0.0	98617	422.5985756470384	0.004705182	0.2
5427.435274903164	200.0	11.127500434253953	0.0	106476	449.9009900990099	0.004705182	0.2
5427.91558756601	200.0	14.64718777140872	0.0	115230	480.3126628452319	0.004705182	0.2
5428.334854545339	200.0	18.22792079207921	0.0	97658	419.26697932951197	0.004705182	0.2
5428.754121524668	200.0	21.808653812749696	0.0	97658	419.26697932951197	0.004705182	0.2
5429.23638659328	200.0	25.326388744137574	0.0	115792	482.26506861212437	0.004705182	0.2
5429.690449473253	200.0	28.872325864165365	0.0	107674	454.0628799722078	0.004705182	0.2
5430.101542056195	200.0	32.46123328122286	0.0	95305	411.09258294250475	0.004705182	0.2
5430.547791839069	200.0	36.01498349834984	0.0	105425	446.2497828730242	0.005771744	0.2
5430.959092863908	200.0	39.60368247351052	0.0	95365	411.30102483932603	0.004705182	0.2
5431.37031398602	200.0	43.19246135139831	0.0	95342	411.2211221122113	0.004705182	0.2
5431.806120829862	200.0	46.75665450755603	0.0	102419	435.80684384227897	0.0050628735	0.2
5432.167055344366	200.0	50.39571999305195	0.0	80867	360.93451450408196	0.004705182	0.2
5432.534531460399	200.0	54.0282438770193	0.0	82750	367.4761160326559	0.005541904	0.2
5432.942400142004	200.0	57.62037519541429	0.0	94377	407.8686816050026	0.74678224	0.2
5434.8346148371575	200.0	59.728160500260564	0.0	89871	392.2146951537259	0.0072422503	0.2
5448.932889912899	12000.0	49.62988542451948	0.0	4055239	14098.275075741081	0.004705182	12.0
5449.493212174009	200.0	53.06956316340874	0.0	90919	560.3222611107442	0.020034747	0.2
5450.026892422309	200.0	56.53588291510919	0.0	85876	533.6802482995445	0.11846935	0.2
5471.691556973256	12000.0	38.871218364161805	0.0	5251330	21664.664550947386	0.12915288	12.0
5472.078909671657	200.0	42.48386566576158	0.0	97742	387.3526984002201	0.004705182	0.2
5472.4754852779615	200.0	46.0872900594568	0.0	100675	396.57560630478366	0.5297183	0.2
5472.825135055879	200.0	49.737640281539264	0.0	85752	349.6497779175347	0.004705182	0.2
5473.202469280162	200.0	53.36030605725563	0.0	94556	377.33422428363673	0.004705182	0.2
5485.771101841613	8000.0	44.79167349580558	0.0	3253093	12568.632561450047	0.004705182	8.0
5500.649259088086	12000.0	33.91351624933196	0.0	5138482	14878.15724647362	0.022747569	12.0
5510.14591307889	8000.0	28.416862258528127	0.0	3354913	9496.65399080384	0.004705182	8.0
5510.520706374979	200.0	32.04206896243874	0.0	93993	374.79329608938554	0.011326051	0.2
5510.905190938343	200.0	35.65758439907503	0.0	97083	384.4845633637166	0.014742179	0.2
5511.279949734775	200.0	39.28282560264261	0.0	93982	374.75879643242183	0.09669177	0.2
5521.994152797723	8000.0	32.5686225396954	0.0	3568902	10714.203062947216	0.0047609643	8.0
5523.8073197521335	1500.0	34.75545558528436	0.0	633700	1813.1669544110357	0.046580438	1.5
5524.131888562923	200.0	38.4308867744948	0.0	89422	324.56881078955917	0.1020791	0.2
5524.507883503181	200.0	42.05489183423737	0.0	108225	375.9949402574315	0.048928104	0.2
5524.827991535522	200.0	45.734783801896036	0.0	87791	320.10803234132754	0.21911289	0.2
5526.770641404755	1500.0	47.792133932663035	0.0	681043	1942.6498692330044	0.71810246	1.5
5538.283712773824	8000.0	40.27906256359411	0.0	3739359	11513.071369068923	0.6727967	8.0
5563.062072238578	12000.0	19.50070309883965	0.0	5257310	24778.35946475446	0.004705182	12.0
5563.425370785176	200.0	23.13740455224221	0.0	101968	363.29854659744046	0.087501846	0.2
5572.949968121071	8000.0	17.612807216346837	0.0	3189942	9524.59733589537	0.3176178	8.0
5578.9705940210815	4000.0	15.592181316336697	0.0	1830641	6020.625900010141	0.021212583	4.0
5584.385394862294	4000.0	14.17738047512538	0.0	1697030	5414.800841211315	0.004705182	4.0
5590.464498045581	4000.0	12.098277291836919	0.0	1910697	6079.103183288461	0.0065965927	4.0
5592.512760402178	1500.0	14.050014935239895	0.0	629438	2048.2623565970252	0.017162979	1.5
5598.980683868475	4000.0	11.582091468943258	0.0	2042818	6467.923466296636	0.08376856	4.0
5604.6530116368795	4000.0	9.909763700539013	0.0	1750852	5672.327768404244	0.004705182	4.0
5612.8480023523125	4000.0	5.714772985105701	0.0	2034636	8194.990715433312	0.4745387	4.0

