10669.880284885066	600.0	4.0	0.4088935472868991	247108	408.8935472868991	-7.577870945737983
10670.935094597826	1500.0	6.945190287240149	0.0	732405	1054.8097127598512	1.5
10673.756090663142	4000.0	8.124194221922753	0.0	2059396	2820.996065317395	4.0
10676.564711361403	4000.0	9.315573523662167	0.0	2050098	2808.6206982605872	4.0
10679.398874721437	4000.0	10.48141016362623	0.0	2069289	2834.1633600359364	4.0
10682.054533901237	4000.0	11.825750983827605	0.0	1863995	2655.659179798625	4.0
10684.986778713865	4000.0	12.893506171200208	0.0	2046450	2932.244812627398	4.0
10687.935977131956	4000.0	13.9443077531093	0.0	2058614	2949.1984180909076	4.0
10690.652002085619	4000.0	15.22828279944628	0.0	1857129	2716.02495366302	4.0
10694.421212854835	4000.0	15.459072030230457	0.0	2373154	3769.210769215822	4.0
10697.757652717644	4000.0	16.122632167420395	0.0	2094766	3336.439862810062	4.0
10701.102112718514	4000.0	16.77817216655068	0.0	1761739	3344.4600008697166	4.0
10711.595064909918	4000.0	10.285219975144845	0.0	2131310	10492.952191405833	4.0
10712.646988995706	1500.0	13.233295889355613	0.0	748011	1051.92408578923	1.5
10713.707366617742	1500.0	16.172918267318728	0.0	754517	1060.3776220368852	1.5
10715.001919927417	1500.0	18.878364957644294	0.0	934743	1294.553309674433	1.5
10716.037681465192	1500.0	21.84260341986991	0.0	735572	1035.761537774385	1.5
10717.121575925923	1500.0	24.75870895913854	0.0	772616	1083.8944607313688	1.5
10722.261154213775	8000.0	23.61913067128782	0.0	3873892	5139.578287850719	8.0
10728.050154313269	8000.0	21.830130571795234	0.0	4303587	5789.000099492588	8.0
10733.19925600978	8000.0	20.681028875283417	0.0	3690869	5149.101696511819	8.0
10738.93763540631	8000.0	18.94264947875355	0.0	3905272	5738.3793965298655	8.0
10744.236076864092	8000.0	17.644208020971107	0.0	3805854	5298.4414577824455	8.0
10749.622325548302	8000.0	16.257959336760578	0.0	4032749	5386.248684210526	8.0
10757.518900968078	8000.0	12.361383916984948	0.0	4925863	7896.5754197756305	8.0
10762.875658468893	8000.0	11.004626416170584	0.0	3253093	5356.757500814366	8.0
10769.159695552295	8000.0	8.720589332769213	0.0	4274504	6284.037083401369	8.0
10773.877894997644	8000.0	8.002389887420831	0.0	3354913	4718.199445348382	8.0
10778.956266459705	8000.0	6.924018425359666	0.0	3811227	5078.371462061165	8.0
10781.662648643165	4000.0	8.217636241899147	0.0	2002600	2706.38218346052	4.0
10783.481419627453	1500.0	10.398865257613403	0.0	757473	1818.7709842857444	1.5
10785.38279894882	1500.0	12.497485936245909	0.0	712239	1901.379321367494	1.5
10787.083333735529	1500.0	14.79695114953726	0.0	633700	1700.5347867086484	1.5
10789.094427123418	1500.0	16.785857761649076	0.0	755142	2011.093387888184	1.5
10790.888626621556	1500.0	18.991658263511084	0.0	670327	1794.1994981379962	1.5
10792.75323395602	1500.0	21.12705092904538	0.0	785519	1864.6073344657004	1.5
10793.951186967204	1500.0	23.929097917862453	0.0	681043	1197.953011182928	1.5
10797.24088348921	4000.0	24.639401395855682	0.0	1955307	3289.6965220067714	4.0
10800.83835553189	4000.0	25.041929353175885	0.0	2142800	3597.472042679799	4.0
10805.417915781034	4000.0	24.46236910403133	0.0	2094647	4579.560249144557	4.0
10810.809047995304	4000.0	23.071236889759945	0.0	1985434	5391.132214271384	4.0
10814.22779238393	4000.0	23.652492501134528	0.0	1830641	3418.7443886254164	4.0
10816.453232850432	4000.0	25.42705203463274	0.0	1697030	2225.4404665017896	4.0
10818.948798080879	4000.0	26.93148680418686	0.0	1910697	2495.565230445879	4.0
10821.773799542647	4000.0	28.10648534241804	0.0	2171279	2825.0014617688194	4.0
10827.281809727529	8000.0	26.598475157536356	0.0	3954105	5508.010184881685	8.0
10835.569910382288	12000.0	22.310374502778707	0.0	5704199	8288.100654757645	12.0
10844.19806854582	12000.0	17.682216339245336	0.0	5646381	8628.15816353337	12.0

