27068.90343739742	600.0	4.0	0.834499446586008	247108	834.499446586008	-16.08998893172016
27069.9291173333	600.0	6.97432006411969	0.0	309722	1025.67993588031	0.6
27071.974987338264	1500.0	8.928450059158047	0.0	643847	2045.870004961643	1.5
27074.24864712224	1500.0	10.654790275180336	0.0	718451	2273.659783977711	1.5
27076.54015355329	1500.0	12.363283844128086	0.0	724296	2291.50643105225	1.5
27078.73036825008	1500.0	14.173069147339001	0.0	689829	2190.2146967890844	1.5
27081.113526144818	1500.0	15.78991125260216	0.0	737903	2383.1578947368425	1.5
27083.629023784397	1500.0	17.274413613025086	0.0	780303	2515.4976395770746	1.5
27086.49147628332	1500.0	18.411961114098006	0.0	891463	2862.452498927081	1.5
27093.1516043559	4000.0	15.751833041523959	0.0	2373154	6660.128072574045	4.0
27098.711608933976	4000.0	14.191828463443155	0.0	2094766	5560.004578080804	4.0
27103.286648915084	4000.0	13.616788482337263	0.0	1761739	4575.039981105893	4.0
27108.79717045342	4000.0	12.106266943998222	0.0	2131310	5510.5215383390405	4.0
27113.459624794523	4000.0	11.4438126028945	0.0	1805063	4662.454341103721	4.0
27119.015126206283	4000.0	9.88831119113726	0.0	2157416	5555.501411757241	4.0
27124.887745661254	4000.0	8.015691736165246	0.0	2231719	5872.619454972013	4.0
27129.760343027578	4000.0	7.14309436984251	0.0	1835863	4872.597366322737	4.0
27135.952435572744	4000.0	4.951001824676217	0.0	2192675	6192.092545166293	4.0
27138.115805666297	1500.0	6.787631731120579	0.0	747396	2163.370093555637	1.5
27140.041244145646	1500.0	8.862193251772686	0.0	662349	1925.438479347895	1.5
27142.445407393923	1500.0	10.458030003493466	0.0	835711	2404.163248279219	1.5
27144.76803827761	1500.0	12.135399119811341	0.0	806394	2322.630883682125	1.5
27147.09882601313	1500.0	13.804611384290242	0.0	809327	2330.7877355211012	1.5
27149.074939480415	1500.0	15.82849791700247	0.0	681795	1976.1134672877702	1.5
27154.418428938574	4000.0	14.485008458842675	0.0	1836837	5343.489458159796	4.0
27160.219108760444	4000.0	12.68432863697623	0.0	1984579	5800.679821866444	4.0
27166.043394276345	4000.0	10.860043121075659	0.0	2068230	5824.28551590057	4.0
27171.779492426194	4000.0	9.12394497122563	0.0	2055338	5736.09814985003	4.0
27177.66689705241	4000.0	7.23654034501041	0.0	2165436	5887.40462621522	4.0
27183.40877237252	4000.0	5.494665024900825	0.0	2002600	5741.875320109585	4.0
27185.743533772307	1500.0	7.159903625112914	0.0	757473	2334.761399787911	1.5
27187.943647630655	1500.0	8.959789766766093	0.0	712239	2200.1138583468214	1.5
27189.909975326886	1500.0	10.993462070537186	0.0	633700	1966.3276962289076	1.5
27192.12493053987	1500.0	12.77850685755149	0.0	755142	2214.955212985697	1.5
27194.044845451004	1500.0	14.858591946414453	0.0	670327	1919.9149111370343	1.5
27196.280939597716	1500.0	16.622497799704785	0.0	785519	2236.094146709668	1.5
27198.230267807416	1500.0	18.673169590001912	0.0	681043	1949.3282097028755	1.5
27203.718018466694	4000.0	17.185418930726822	0.0	1955307	5487.7506592750915	4.0
27209.77306203588	4000.0	15.13037536153895	0.0	2142800	6055.04356918787	4.0
27223.45755594744	4000.0	5.445881449981589	0.0	2094647	13684.493911557362	4.0
27224.316436638903	600.0	8.587000758516856	0.0	315398	858.8806914647323	0.6
27225.144482942345	600.0	11.758954455074967	0.0	302912	828.0463034418891	0.6
27226.03709970419	600.0	14.866337693229003	0.0	329059	892.616761845964	0.6
27226.805941809453	600.0	18.097495587965845	0.0	278938	768.8421052631579	0.6
27228.440349588433	1500.0	20.463087808987606	0.0	629438	1634.4077789782375	1.5
27233.55875430938	4000.0	19.344683088039137	0.0	2042818	5118.40472094847	4.0
27237.947350698072	4000.0	18.956086699346773	0.0	1750852	4388.596388692363	4.0
27252.28607740256	12000.0	8.61735999485775	0.0	5646381	14338.726704489021	12.0

