3298.7232785154633	600.0	4.0	0.7039608616744261	247108	703.960861674426	-13.479217233488521
3299.5853430621373	600.0	7.1379354533259685	0.0	309722	862.0645466740315	0.6
3300.393687100644	600.0	10.329591414818905	0.0	288447	808.3440385070624	0.6
3301.179924297835	600.0	13.543354217628028	0.0	279692	786.2371971908783	0.6
3302.063775004061	600.0	16.659503511402196	0.0	318350	883.8507062258344	0.6
3302.97938835528	600.0	19.743890160183067	0.0	330929	915.6133512191274	0.6
3303.88744927219	600.0	22.8358292432731	0.0	327938	908.0609169099661	0.6
3304.6613919850442	600.0	26.061886530419	0.0	274823	773.9427128540993	0.6
3309.6485838002272	4000.0	25.074694715235772	0.0	1857129	4987.191815183228	4.0
3321.0283985464403	8000.0	17.694879969022924	0.0	3624869	11379.814746212847	8.0
3326.3242869961273	4000.0	16.398991519335727	0.0	2094766	5295.888449687199	4.0
3331.2731937892786	4000.0	15.450084726184068	0.0	1761739	4948.906793151659	4.0
3338.0727271790993	4000.0	12.650551336363579	0.0	2131310	6799.53338982049	4.0
3347.781234688466	4000.0	6.94204382699694	0.0	1805063	9708.507509366638	4.0
3350.831086051596	1500.0	7.892192463867245	0.0	754517	3049.8513631296955	1.5
3353.8082225992584	1500.0	8.91505591620438	0.0	934743	2977.1365476628634	1.5
3356.168049808061	1500.0	10.555228707402103	0.0	735572	2359.827208802278	1.5
3358.642690956386	1500.0	12.080587559076744	0.0	772616	2474.641148325359	1.5
3361.0067596112212	1500.0	13.716518904242129	0.0	747396	2364.068654834612	1.5
3363.09528528262	1500.0	15.627993232843611	0.0	662349	2088.5256713985177	1.5
3365.7095187416726	1500.0	17.013759773790866	0.0	835711	2614.2334590527457	1.5
3368.2348505082514	1500.0	18.48842800721201	0.0	806394	2525.3317665788527	1.5
3370.6621139677386	1500.0	20.061164547724626	0.0	809327	2427.2634594873866	1.5
3375.6178606270464	4000.0	19.10541788841668	0.0	1822097	4955.746659307946	4.0
3380.7090466273858	4000.0	18.01423188807764	0.0	1836837	5091.186000339044	4.0
3386.9582028512787	4000.0	15.765075664184575	0.0	1984579	6249.1562238930655	4.0
3392.6522198426314	4000.0	14.071058672831965	0.0	2068230	5694.01699135261	4.0
3397.5373585082853	4000.0	13.185920007178382	0.0	2055338	4885.138665653584	4.0
3402.888683751222	4000.0	11.834594764241546	0.0	2165436	5351.325242936838	4.0
3408.0681696901393	4000.0	10.655108825324096	0.0	2002600	5179.485938917448	4.0
3413.9131657040953	4000.0	8.810112811367809	0.0	2290706	5844.996013956288	4.0
3418.8542276979474	4000.0	7.8690508175157	0.0	1947068	4941.061993852108	4.0
3426.6107697393804	4000.0	4.1125087760828665	0.0	2544033	7756.542041432834	4.0
3429.1160521674183	1500.0	5.607226348044807	0.0	755142	2505.282428038059	1.5
3432.693348479842	1500.0	6.02993003562139	0.0	670327	3577.296312423418	1.5
3441.126732858467	1500.0	4.0	2.403454343003936	785519	8433.384378625326	-46.56908686007872
3441.5361153952695	200.0	7.590617463198225	0.0	102088	409.38253680177456	0.2
3441.875532213176	200.0	11.251200645291389	0.0	80403	339.41681790683606	0.2
3442.235324106703	200.0	14.891408751764468	0.0	86718	359.7918935269207	0.2
3443.2319831105347	600.0	17.894749747933048	0.0	284107	996.6590038314177	0.6
3444.329601178694	600.0	20.797131679774147	0.0	315398	1097.618068158903	0.6
3445.386933705413	600.0	23.73979915305505	0.0	302912	1057.3325267190967	0.6
3446.5286284019244	600.0	26.598104456543656	0.0	329059	1141.6946965113934	0.6
3447.5086098497973	600.0	29.618123008671102	0.0	278938	979.981447872555	0.6
3453.7935846289847	4000.0	27.333148229483445	0.0	2171279	6284.974779187655	4.0
3458.690912518858	4000.0	26.435820339610345	0.0	2042818	4897.3278898731005	4.0
3464.803506697829	4000.0	24.323226160639663	0.0	1750852	6112.594178970682	4.0
3483.05195244198	12000.0	10.074780416488364	0.0	5646381	18248.4457441513	12.0

