6908.172662507942	600.0	4.0	0.932482373488001	247108	932.482373488001	-18.049647469760018
6909.3211529885475	600.0	6.851509519394553	0.0	309722	1148.4904806054465	0.6
6910.396248182493	600.0	9.776414325449018	0.0	288447	1075.0951939455358	0.6
6912.954787176435	1500.0	11.217875331507793	0.0	718451	2558.5389939412235	1.5
6915.533490468873	1500.0	12.639172039069406	0.0	724296	2578.703292438388	1.5
6917.98921033708	1500.0	14.183452170862795	0.0	689829	2455.7198682066123	1.5
6920.576845526749	1500.0	15.595816981193705	0.0	737903	2587.635189669088	1.5
6923.3085697525685	1500.0	16.86409275537492	0.0	780303	2731.7242258187844	1.5
6926.418051932595	1500.0	17.754610575348583	0.0	891463	3109.482180026337	1.5
6929.200381752085	1500.0	18.972280755858176	0.0	763093	2782.329819490404	1.5
6932.166105817259	1500.0	20.006556690684103	0.0	769316	2965.7240651740713	1.5
6935.0384293432235	1500.0	21.134233164719976	0.0	744416	2872.323525964131	1.5
6937.391895994261	1500.0	22.780766513682583	0.0	606092	2353.466651037393	1.5
6940.022923319184	1500.0	24.14973918875908	0.0	748011	2631.0273249234983	1.5
6942.557086072534	1500.0	25.615576435409892	0.0	754517	2534.16275334919	1.5
6945.67745687207	1500.0	26.495205635873393	0.0	934743	3120.3707995365003	1.5
6951.770469144652	4000.0	24.402193363291275	0.0	1835863	6093.012272582121	4.0
6954.396942725866	1500.0	25.775719782077967	0.0	772616	2626.4735812133076	1.5
6956.940293431397	1500.0	27.232369076547016	0.0	747396	2543.3507055309506	1.5
6959.19582032731	1500.0	28.976842180633305	0.0	662349	2255.52689591371	1.5
6961.973239382806	1500.0	30.199423125137148	0.0	835711	2777.419055496157	1.5
6968.350217858125	4000.0	27.822444649818916	0.0	1950922	6376.978475318231	4.0
6975.325408236213	4000.0	24.847254271730453	0.0	1849252	6975.190378088466	4.0
6977.989310837	1500.0	26.18335167094406	0.0	681795	2663.9026007863945	1.5
6984.424075973973	4000.0	23.748586533969785	0.0	1836837	6434.765136974276	4.0
6986.691992340231	1500.0	25.480670167711672	0.0	644861	2267.916366258111	1.5
6989.466015448547	1500.0	26.706647059396317	0.0	794014	2774.0231083153544	1.5
6992.650545159922	1500.0	27.522117348021105	0.0	914284	3184.529711375212	1.5
6995.024973003725	1500.0	29.147689504218047	0.0	675709	2374.4278438030565	1.5
7002.155489725046	4000.0	26.0171727828971	0.0	2002600	7130.51672132095	4.0
7005.092059362305	1500.0	27.080603145637806	0.0	757473	2936.569637259293	1.5
7007.858043287636	1500.0	28.314619220307236	0.0	712239	2765.9839253305677	1.5
7010.271118528543	1500.0	29.901543979399523	0.0	633700	2413.075240907709	1.5
7012.838052641298	1500.0	31.334609866644033	0.0	755142	2566.9341127554903	1.5
7018.940136086125	4000.0	29.232526421817653	0.0	1828568	6102.08344482638	4.0
7024.085694244088	4000.0	28.086968263854516	0.0	1785821	5145.558157963137	4.0
7026.0259274414175	1500.0	30.146735066524506	0.0	681043	1940.2331973300102	1.5
7031.621165259459	4000.0	28.551497248483084	0.0	1955307	5595.2378180414225	4.0
7038.429215810894	4000.0	25.743446697048565	0.0	2142800	6808.050551434516	4.0
7045.098231093629	4000.0	23.074431414314354	0.0	2094647	6669.015282734214	4.0
7047.731346292841	1500.0	24.441316215101367	0.0	811013	2633.1151992129858	1.5
7053.57653392578	4000.0	22.596128582163438	0.0	1830641	5845.18763293793	4.0
7059.0028784627675	4000.0	21.169784045175625	0.0	1697030	5426.344536987813	4.0
7061.760903026021	1500.0	22.411759481921724	0.0	848035	2758.0245632539013	1.5
7063.836584700086	1500.0	24.336077807857045	0.0	629438	2075.6816740646796	1.5
7066.338420464195	1500.0	25.834242043747974	0.0	763847	2501.8357641090684	1.5
7071.997802435073	4000.0	24.174860072870114	0.0	1750852	5659.381970877863	4.0
7074.716146610118	1500.0	25.45651589782576	0.0	808636	2718.3441750443526	1.5

