22077.781907888617	600.0	4.0	0.6527799266953511	247108	652.7799266953512	-12.455598533907024
22078.579822907377	600.0	7.202084981239225	0.0	309722	797.9150187607748	0.6
22080.152217477615	1500.0	9.629690410998595	0.0	643847	1572.3945702406304	1.5
22081.897539163332	1500.0	11.884368725281412	0.0	718451	1745.3216857171833	1.5
22083.656409170722	1500.0	14.125498717892999	0.0	724296	1758.8700073884133	1.5
22085.33538696202	1500.0	16.44652092659394	0.0	689829	1678.9777912990571	1.5
22087.125797091387	1500.0	18.656110797224276	0.0	737903	1790.410129369667	1.5
22089.115272436462	1500.0	20.66663545214987	0.0	780303	1989.4753450744067	1.5
22093.848346239687	4000.0	19.933561648927146	0.0	1857129	4733.073803222725	4.0
22095.840290992972	1500.0	21.941616895642564	0.0	763093	1991.9447532845802	1.5
22101.150078474846	4000.0	20.63182941376707	0.0	2094766	5309.787481875495	4.0
22105.618039682213	4000.0	20.163868206400824	0.0	1761739	4467.961207366241	4.0
22107.207632297293	1500.0	22.574275591322756	0.0	606092	1589.5926150780679	1.5
22111.84410801132	4000.0	21.937799877293866	0.0	1805063	4636.475714028889	4.0
22113.835608423	1500.0	23.946299465614846	0.0	754517	1991.5004116790171	1.5
22119.512694259636	4000.0	22.269213628976804	0.0	2231719	5677.085836638047	4.0
22124.01612743485	4000.0	21.76578045376409	0.0	1835863	4503.433175212709	4.0
22125.95771255645	1500.0	23.824195332161803	0.0	772616	1941.585121602289	1.5
22131.298078148408	4000.0	22.4838297402055	0.0	2082556	5340.365591956302	4.0
22137.118748185705	4000.0	20.66315970290753	0.0	2164412	5820.670037297969	4.0
22139.39841471217	1500.0	22.383493176445565	0.0	835711	2279.6665264619664	1.5
22144.508670940617	4000.0	21.273236947999372	0.0	1950922	5110.256228446192	4.0
22149.37544240013	4000.0	20.406465488481714	0.0	1849252	4866.77145951766	4.0
22154.37969616677	4000.0	19.402211721844324	0.0	1822097	5004.253766637389	4.0
22156.770915678964	1500.0	21.0109922096492	0.0	855209	2391.219512195122	1.5
22158.593665493165	1500.0	23.188242395447457	0.0	644861	1822.7498142017432	1.5
22164.923040223486	4000.0	20.858867665125388	0.0	2068230	6329.374730322069	4.0
22167.80174385279	1500.0	21.980164035823123	0.0	914284	2878.703629302264	1.5
22169.844738572832	1500.0	23.9371693157823	0.0	675709	2042.9947200408226	1.5
22174.76515189086	4000.0	23.01675599775704	0.0	2002600	4920.413318025258	4.0
22176.676012970078	1500.0	25.105894918537754	0.0	757473	1910.8610792192883	1.5
22181.510292311475	4000.0	24.271615577142217	0.0	1947068	4834.279341395536	4.0
22183.163529650104	1500.0	26.618378238512626	0.0	633700	1653.237338629593	1.5
22188.519430841763	4000.0	25.262477046854233	0.0	2125133	5355.901191658391	4.0
22192.975612219572	4000.0	24.806295669045067	0.0	1828568	4456.181377809169	4.0
22197.2633605776	4000.0	24.51854731102074	0.0	1785821	4287.748358024328	4.0
22203.558735786795	4000.0	22.223172101823415	0.0	2096494	6295.375209197323	4.0
22210.705263904794	4000.0	19.076643983823086	0.0	1955307	7146.528118000329	4.0
22212.61349982122	1500.0	21.16840806739886	0.0	691256	1908.2359164242266	1.5
22214.613216827303	1500.0	23.168691061315815	0.0	725845	1999.717006083047	1.5
22219.944298551716	4000.0	21.837609336904283	0.0	1985434	5331.0817244115315	4.0
22223.793824990244	4000.0	21.98808289837639	0.0	1830641	3849.5264385278947	4.0
22227.262674633916	4000.0	22.519233254703536	0.0	1697030	3468.8496436728533	4.0
22231.22839572118	4000.0	22.55351216744293	0.0	1910697	3965.721087260609	4.0
22236.242139578935	4000.0	21.539768309687368	0.0	2171279	5013.74385775556	4.0
22240.975330958558	4000.0	20.80657693006389	0.0	2042818	4733.191379623476	4.0
22245.325246059077	4000.0	20.45666182954108	0.0	1750852	4349.91510052281	4.0
22250.367243406923	4000.0	19.414664481697102	0.0	2034636	5041.99734784398	4.0

