7840.084797671974	600.0	4.0	0.8527105360877127	247108	852.7105360877127	-16.454210721754254
7840.473174555513	200.0	7.611623116461782	0.0	98617	388.376883538218	0.2
7841.4551527836675	600.0	10.629644888306917	0.0	288447	981.9782281548655	0.6
7843.781760167333	1500.0	12.303037504641663	0.0	718451	2326.607383665253	1.5
7850.412112385115	4000.0	9.672685286860425	0.0	2069289	6630.352217781237	4.0
7852.89454675889	1500.0	11.190250913084796	0.0	689829	2482.43437377563	1.5
7860.018273453903	4000.0	8.066524218071457	0.0	2046450	7123.726695013339	4.0
7860.797668723582	600.0	11.287128948392272	0.0	274823	779.3952696791844	0.6
7865.603864266838	4000.0	10.480933405137035	0.0	1857129	4806.195543255237	4.0
7867.625854691676	1500.0	12.458942980298874	0.0	763093	2021.9904248381608	1.5
7874.446127251851	4000.0	9.638670420123821	0.0	2094766	6820.272560175053	4.0
7877.333456546876	1500.0	10.751341125099424	0.0	744416	2887.329295024395	1.5
7879.699140663122	1500.0	12.385657008852695	0.0	606092	2365.68411624673	1.5
7884.05747469315	4000.0	12.027322978826176	0.0	1805063	4358.334030026519	4.0
7888.973171707845	4000.0	11.111625964130798	0.0	2157416	4915.697014695376	4.0
7894.6258936546565	4000.0	9.458904017318597	0.0	2231719	5652.721946812202	4.0
7896.620074905063	1500.0	11.464722766911988	0.0	735572	1994.1812504066097	1.5
7903.156018078783	4000.0	8.928779593192623	0.0	2192675	6535.943173719364	4.0
7904.466576546665	600.0	11.618221125309768	0.0	330105	1310.5584678828548	0.6
7912.267972678621	4000.0	7.816824993353868	0.0	2164412	7801.3961319559	4.0
7913.190516256818	600.0	10.894281415157039	0.0	280646	922.543578196829	0.6
7915.691438294532	1500.0	12.39335937744243	0.0	806394	2500.9220377146075	1.5
7921.394286779553	4000.0	10.690510892422276	0.0	1849252	5702.848485020153	4.0
7924.100742213655	1500.0	11.984055458320096	0.0	681795	2706.4554341021812	1.5
7931.247362533685	4000.0	8.83743513829089	0.0	1836837	7146.620320029206	4.0
7931.8561430214895	600.0	12.228654650486012	0.0	221407	608.780487804878	0.6
7936.875642081107	4000.0	11.209155590868733	0.0	2068230	5019.499059617278	4.0
7941.9260169719655	4000.0	10.158780700010809	0.0	2055338	5050.374890857925	4.0
7943.873486959701	1500.0	12.21131071227481	0.0	675709	1947.4699877359958	1.5
7949.488111180246	4000.0	10.596686491730011	0.0	2002600	5614.624220544799	4.0
7951.661553910801	1500.0	12.42324376117537	0.0	757473	2173.4427305546437	1.5
7958.446076225778	4000.0	9.638721446197886	0.0	1947068	6784.522314977483	4.0
7960.712238066266	1500.0	11.372559605709734	0.0	633700	2266.161840488152	1.5
7968.406528122674	4000.0	7.678269549301976	0.0	2125133	7694.290056407758	4.0
7969.512824970191	600.0	10.571972701784725	0.0	284451	1106.2968475172506	0.6
7972.433021174041	1500.0	11.651776497935558	0.0	785519	2920.1962038491674	1.5
7980.222491180936	4000.0	7.862306491040591	0.0	2096494	7789.470006894967	4.0
7981.506672288727	600.0	10.578125383249278	0.0	327462	1284.1811077913126	0.6
7983.540259787143	1500.0	12.544537884833394	0.0	691256	2033.5874984158834	1.5
7988.771875625805	4000.0	11.31292204617132	0.0	2094647	5231.615838662076	4.0
7994.172229879742	4000.0	9.912567792233618	0.0	1985434	5400.354253937702	4.0
7996.4482647726845	1500.0	11.63653289929151	0.0	657685	2276.0348929421093	1.5
8002.1947116193805	4000.0	9.89008605259507	0.0	1697030	5746.44684669644	4.0
8005.131809106144	1500.0	10.9529885658314	0.0	848035	2937.0974867636687	1.5
8007.336270238936	1500.0	12.748527433039502	0.0	629438	2204.4611327918997	1.5
8013.898415120302	4000.0	10.186382551673434	0.0	2042818	6562.144881366068	4.0
8015.809419418274	1500.0	12.275378253700472	0.0	769491	1911.004297972963	1.5
8020.730837005759	4000.0	11.353960666216643	0.0	2034636	4921.4175874838265	4.0

