22629.83325456281	600.0	4.0	1.5684903245237558	247108	1568.4903245237558	-30.769806490475116
22634.325000666264	1500.0	4.0	0.4917461034560647	732405	4491.746103456065	-8.334922069121294
22638.283305010817	1500.0	4.041695655447631	0.0	643847	3958.3043445523685	1.5
22640.656403965535	1500.0	5.66859670072954	0.0	718451	2373.098954718091	1.5
22642.93753523109	1500.0	7.387465435178438	0.0	724296	2281.131265551103	1.5
22645.11392148724	1500.0	9.211079179029223	0.0	689829	2176.3862561492147	1.5
22647.43640434541	1500.0	10.888596320855278	0.0	737903	2322.482858173945	1.5
22649.836624439595	1500.0	12.488376226672582	0.0	780303	2400.220094182695	1.5
22652.484895682188	1500.0	13.840104984077556	0.0	891463	2648.2712425950267	1.5
22654.763337801858	1500.0	15.561662864409588	0.0	763093	2278.442119667969	1.5
22657.059708149554	1500.0	17.265292516713455	0.0	769316	2296.3703476961305	1.5
22659.274478017458	1500.0	19.05052264881309	0.0	744416	2214.7698679003656	1.5
22660.8114956114	1500.0	21.513505054871057	0.0	606092	1537.0175939420349	1.5
22662.68968002476	1500.0	23.63532064151108	0.0	748011	1878.1844133599773	1.5
22664.58350456613	1500.0	25.741496100140523	0.0	754517	1893.8245413705547	1.5
22666.910584212146	1500.0	27.414416454122822	0.0	934743	2327.0796460177	1.5
22668.758865835418	1500.0	29.566134830852544	0.0	735572	1848.2816232702799	1.5
22670.702178912252	1500.0	31.622821754017487	0.0	772616	1943.3130768350584	1.5
22672.589720857293	1500.0	33.735279808976834	0.0	747396	1887.5419450406603	1.5
22674.27158064749	1500.0	36.053420018777615	0.0	662349	1681.8597901992202	1.5
22676.372708251107	1500.0	37.95229241516203	0.0	835711	2101.127603615587	1.5
22678.402934074136	1500.0	39.92206659213231	0.0	806394	2030.2258230297168	1.5
22680.503457969204	1500.0	41.82154269706551	0.0	809327	2100.5238950668027	1.5
22682.542990931302	1500.0	43.78200973496743	0.0	681795	2039.532962098078	1.5
22685.080929497857	1500.0	45.24407116841453	0.0	855209	2537.9385665529016	1.5
22687.014311211526	1500.0	47.31068945474469	0.0	644861	1933.3817136698403	1.5
22689.376370489415	1500.0	48.94863017685714	0.0	794014	2362.0592778875516	1.5
22691.819377874657	1500.0	50.50562279161619	0.0	914284	2443.007385240945	1.5
22693.51590658279	1500.0	52.809094083482215	0.0	675709	1696.5287081339711	1.5
22695.288554908147	1500.0	55.036445758123364	0.0	707527	1772.6483253588517	1.5
22697.180691271784	1500.0	57.144309394487	0.0	757473	1892.1363636363637	1.5
22698.964612324417	1500.0	59.360388341855426	0.0	712239	1783.921052631579	1.5
22702.21651782681	1500.0	59.764359633721455	0.0	633700	1596.0287081339713	1.5
22706.455801536937	1500.0	59.52507592359725	0.0	755142	2239.2837101242067	1.5
22710.452561790713	1500.0	59.52831566982189	0.0	670327	1996.7602537753555	1.5
22714.324053146094	1500.0	59.65682431444027	0.0	785519	2371.4913553816223	1.5
22718.396098629724	1500.0	59.58477883081109	0.0	681043	2072.0454836291838	1.5
22722.001335219542	1500.0	59.97954224099221	0.0	866245	2605.2365898188777	1.5
22726.253105224685	1500.0	59.727772235853	0.0	691256	1751.7700051392123	1.5
22730.088527093543	1500.0	59.892350366993604	0.0	725845	1835.4218688593971	1.5
22734.306128706714	1500.0	59.67474875382582	0.0	811013	2217.6016131677866	1.5
22738.278304996427	1500.0	59.70257246410939	0.0	657685	1972.176289716433	1.5
22741.26966503855	1500.0	59.91572442498184	0.0	767059	2286.8480391275425	1.5
22745.301854938687	1500.0	59.88353452484912	0.0	848035	3032.1899001327215	1.5
22749.573062266638	1500.0	59.61232719689716	0.0	629438	2271.207327951959	1.5
22753.390765965712	1500.0	59.79462349782419	0.0	763847	2317.70369907297	1.5
22757.400463467355	1500.0	59.78492599617848	0.0	769491	2009.6975016457166	1.5
22760.05150130582	1500.0	59.677062292846294	0.0	808636	2107.863703332184	1.5

