13249.468200512938	600.0	4.0	0.9847432494279177	247108	984.7432494279177	-19.094864988558353
13250.682194105615	600.0	6.786006407322655	0.0	309722	1213.9935926773455	0.6
13253.119528659392	1500.0	8.34867185354691	0.0	643847	2437.3345537757436	1.5
13255.83001286992	1500.0	9.638187643020595	0.0	718451	2710.4842105263156	1.5
13258.561897538111	1500.0	10.906302974828375	0.0	724296	2731.88466819222	1.5
13260.832052526086	1500.0	12.636147986852016	0.0	689829	2270.1549879763593	1.5
13263.202476411085	1500.0	14.26572410185386	0.0	737903	2370.423884998157	1.5
13265.704508343108	1500.0	15.763692169830659	0.0	780303	2502.031932023202	1.5
13268.5515768437	1500.0	16.916623669238966	0.0	891463	2847.068500591693	1.5
13271.048328327111	1500.0	18.419872185827273	0.0	763093	2496.7514834116923	1.5
13273.583216741781	1500.0	19.884983771156644	0.0	769316	2534.888414670629	1.5
13276.038649222188	1500.0	21.429551290751387	0.0	744416	2455.4324804052567	1.5
13283.01220201367	4000.0	18.455998499269143	0.0	2131310	6973.552791482245	4.0
13289.009107629208	4000.0	16.45909288373166	0.0	1805063	5996.905615537482	4.0
13296.542826378798	4000.0	12.925374134141762	0.0	2157416	7533.718749589897	4.0
13304.557216436218	4000.0	8.910984076721375	0.0	2231719	8014.390057420386	4.0
13311.616338105618	4000.0	5.8518624073226535	0.0	1835863	7059.121669398722	4.0
13315.166332772284	1500.0	6.301867740655987	0.0	772616	3549.994666666667	1.5
13318.603058667019	1500.0	6.865141845919145	0.0	747396	3436.7258947368423	1.5
13321.301752113304	1500.0	8.166448399633186	0.0	662349	2698.693446285959	1.5
13324.286236766953	1500.0	9.181963745985033	0.0	835711	2984.4846536481527	1.5
13327.168831201865	1500.0	10.299369311073983	0.0	806394	2882.59443491105	1.5
13330.061619176755	1500.0	11.40658133618422	0.0	809327	2892.787974889763	1.5
13332.69976926654	1500.0	12.768431246398759	0.0	681795	2638.15008978546	1.5
13336.01797070539	1500.0	13.450229807549839	0.0	855209	3318.201438848921	1.5
13338.53970111054	1500.0	14.928499402400274	0.0	644861	2521.730405149565	1.5
13341.564485497816	1500.0	15.903715015125343	0.0	794014	3024.7843872749304	1.5
13344.889000324705	1500.0	16.57920018823511	0.0	914284	3324.5148268902344	1.5
13347.366885302637	1500.0	18.101315210303554	0.0	675709	2477.8849779315547	1.5
13349.957682649987	1500.0	19.510517862952874	0.0	707527	2590.7973473506777	1.5
13352.700108776015	1500.0	20.768091736925726	0.0	757473	2742.4261260271487	1.5
13355.27089038119	1500.0	22.197310131749997	0.0	712239	2570.78160517573	1.5
13357.567012080788	1500.0	23.901188432152164	0.0	633700	2296.121699597832	1.5
13365.037449392563	4000.0	20.43075112037891	0.0	2125133	7470.437311773252	4.0
13371.444914753392	4000.0	18.02328575954937	0.0	1828568	6407.465360829543	4.0
13377.744307901274	4000.0	15.723892611667255	0.0	1785821	6299.393147882113	4.0
13385.148652085776	4000.0	12.319548427166264	0.0	2096494	7404.344184500992	4.0
13392.059402167792	4000.0	9.408798345150412	0.0	1955307	6910.750082015854	4.0
13399.36014309574	4000.0	6.108057417200285	0.0	2142800	7300.740927950127	4.0
13401.88729657193	1500.0	7.580903941011945	0.0	725845	2527.1534761883395	1.5
13404.716726184608	1500.0	8.751474328332904	0.0	811013	2829.429612679041	1.5
13407.026355814238	1500.0	10.441844698703274	0.0	657685	2309.62962962963	1.5
13409.706776188845	1500.0	11.761424324095257	0.0	767059	2680.4203746080175	1.5
13412.638452051453	1500.0	12.829748461487187	0.0	848035	2931.675862608071	1.5
13414.776910508275	1500.0	14.691290004665522	0.0	629438	2138.4584568216655	1.5
13421.537562117883	4000.0	11.930638395058981	0.0	2042818	6760.651609606542	4.0
13427.375280961092	4000.0	10.092919551848677	0.0	1750852	5837.718843210304	4.0
13434.260538325738	4000.0	7.207662187203172	0.0	2034636	6885.257364645506	4.0

