15854.256769683765	600.0	4.0	1.0823648717168644	247108	1082.3648717168644	-21.047297434337285
15854.736798078451	200.0	7.519971605313863	0.0	98617	480.02839468613735	0.2
15855.986849797344	600.0	10.269919886421256	0.0	288447	1250.0517188926074	0.6
15858.98116274735	1500.0	11.275606936416185	0.0	718451	2994.3129500050704	1.5
15859.457301070035	200.0	14.799468613730857	0.0	97658	476.13832268532605	0.2
15859.93343939272	200.0	18.323330291045533	0.0	97658	476.13832268532605	0.2
15860.483136178036	200.0	21.77363350572964	0.0	115792	549.6967853158909	0.2
15860.9999032402	200.0	25.256866443565563	0.0	107674	516.7670621640807	0.2
15861.46649689196	200.0	28.790272791806107	0.0	95305	466.59365175945646	0.2
15881.995479056222	12000.0	12.26129062754367	0.0	5088378	20528.982164262437	12.0
15882.450221792671	200.0	15.806547891094521	0.0	95365	454.742736449149	0.2
15883.652599178038	600.0	18.604170505727225	0.0	285624	1202.3773853672913	0.6
15884.135061049	200.0	22.12170863476424	0.0	102419	482.4618709629885	0.2
15884.506329979593	200.0	25.750439704173367	0.0	80867	371.26893059087126	0.2
15885.508814207584	600.0	28.747955476183236	0.0	264113	1002.484227990133	0.6
15886.721779345438	600.0	31.534990338328228	0.0	324375	1212.9651378550068	0.6
15887.115677487724	200.0	35.141092196041775	0.0	89871	393.8981422864503	0.2
15902.164464920537	12000.0	24.09230476322837	0.0	4055239	15048.787432813408	12.0
15903.535008829056	600.0	26.72176085471056	0.0	330105	1370.5439085178125	0.6
15906.228079584162	1500.0	28.028690099604894	0.0	662349	2693.0707551056657	1.5
15907.423386208437	600.0	30.833383475328297	0.0	280646	1195.3066242765951	0.6
15910.708051765676	1500.0	31.54871791808928	0.0	806394	3284.6655572390155	1.5
15912.163640052107	600.0	34.09312963165824	0.0	346141	1455.5882864310377	0.6
15914.953140561287	1500.0	35.303629122480636	0.0	681795	2789.5005091776156	1.5
15916.490136187655	600.0	37.76663349611278	0.0	346939	1536.995626367855	0.6
15919.294876990993	1500.0	38.96189269277478	0.0	644861	2804.740803337999	1.5
15938.328013222275	12000.0	23.928756461492853	0.0	5138482	19033.13623128193	12.0
15950.705954753572	8000.0	15.5508149301964	0.0	3354913	12377.941531296452	8.0
15951.13774142024	200.0	19.119028263529735	0.0	93993	431.7866666666667	0.2
15953.865795689246	1500.0	20.390973994523886	0.0	707527	2728.054269005848	1.5
15954.29754118632	200.0	23.959228497447864	0.0	93982	431.7454970760234	0.2
15955.47568013369	600.0	26.781089550079443	0.0	293409	1178.1389473684212	0.6
15958.056994682955	1500.0	28.199775000813194	0.0	633700	2581.314549266249	1.5
15958.492196271833	200.0	31.76457341193534	0.0	89422	435.2015888778551	0.2
15973.279834331288	8000.0	20.976935352481338	0.0	3707853	14787.638059454002	8.0
15974.452055948357	600.0	23.804713735409496	0.0	275745	1172.2216170718425	0.6
15975.660726543	600.0	26.596043140766728	0.0	284947	1208.670594642769	0.6
15976.977830340546	600.0	29.278939343220532	0.0	327462	1317.1037975461957	0.6
15978.195799904664	600.0	32.0609697791009	0.0	309862	1217.969564119632	0.6
15979.319184117487	600.0	34.937585566279274	0.0	284107	1123.384212821631	0.6
15991.948002971973	8000.0	26.30876671179264	0.0	3189942	12628.818854486637	8.0
15993.339487750758	600.0	28.91728193300763	0.0	302912	1391.4847787850088	0.6
15999.993762662742	4000.0	26.263007021023192	0.0	1697030	6654.274911984436	4.0
16000.415495320747	200.0	29.841274363018346	0.0	96988	421.7326580048448	0.2
16001.517895673092	600.0	32.73887401067305	0.0	290170	1102.4003523452984	0.6
16004.289274664505	1500.0	33.96749501926146	0.0	763847	2771.3789914115832	1.5
16010.438617907848	4000.0	31.818151775917975	0.0	1750852	6149.343243343487	4.0
16033.317141466101	12000.0	12.93962821766548	0.0	5646381	22878.5235582525	12.0

