9916.330181056808	600.0	4.0	0.851850694986725	247108	851.8506949867251	0.4173342	-16.4370138997345
9916.718214790995	200.0	7.6119662658129	0.0	98617	388.0337341870998	0.004705182	0.2
9917.13079639337	200.0	11.199384663439014	0.0	106476	412.5816023738872	0.004705182	0.2
9917.57072142851	200.0	14.759459628299235	0.0	115230	439.92503513977823	0.004705182	0.2
9917.955759691824	200.0	18.374421364985167	0.0	97658	385.0382633140715	0.004705182	0.2
9918.340797955138	200.0	21.989383101671095	0.0	97658	385.0382633140715	0.004705182	0.2
9918.78247841742	200.0	25.54770263938779	0.0	115792	441.6804622833047	0.004705182	0.2
9919.198802015735	200.0	29.1313790410745	0.0	107674	416.32359831329063	0.004705182	0.2
9922.063318648563	1500.0	30.266862408246137	0.0	891463	2864.5166328283617	0.004705182	1.5
9936.29989961158	12000.0	20.030281445229164	0.0	5088378	14236.58096301697	0.020380883	12.0
9936.71619512423	200.0	23.613985932578192	0.0	95365	416.29551265097416	0.004705182	0.2
9939.421306646756	1500.0	24.908874410053286	0.0	744416	2705.111522524905	1.0443804	1.5
9939.862477412868	200.0	28.467703643942027	0.0	102419	441.1707661112581	0.004705182	0.2
9942.58026635759	1500.0	29.749914699218408	0.0	748011	2717.7889447236184	0.004705182	1.5
9945.320998086412	1500.0	31.009182970398868	0.0	754517	2740.7317288195363	0.004705182	1.5
9948.246665471537	1500.0	32.08351558527416	0.0	934743	2925.667385124715	0.004705182	1.5
9950.31775853689	1500.0	34.01242251992032	0.0	735572	2071.093065353838	0.004705182	1.5
9961.18282808722	12000.0	27.147352969590486	0.0	4055239	10865.069550329834	0.004705182	12.0
9963.198805033586	1500.0	29.131376023225805	0.0	747396	2015.9769463646815	0.004705182	1.5
9964.99448506726	1500.0	31.335695989551958	0.0	662349	1795.6800336738495	0.004705182	1.5
9967.23927381001	1500.0	33.090907246800235	0.0	835711	2244.7887427517217	0.008485089	1.5
9969.409358856421	1500.0	34.920822200389196	0.0	806394	2170.0850464110417	0.0119225085	1.5
9979.440592371147	8000.0	28.88958868566303	0.0	3805854	10031.233514726166	0.26285687	8.0
9981.363157062722	1500.0	30.967023994088134	0.0	681795	1922.5646915748937	0.004705182	1.5
9983.754376574916	1500.0	32.57580448189301	0.0	855209	2391.219512195122	0.004705182	1.5
10001.359297156492	8000.0	18.970883900317645	0.0	3253093	17604.920581575367	0.004705182	8.0
10004.627868298223	1500.0	19.70231275858635	0.0	794014	3268.5711417312955	0.15426885	1.5
10008.183373883072	1500.0	20.14680717373811	0.0	914284	3555.5055848482352	0.004705182	1.5
10008.528895520107	200.0	23.80128553670356	0.0	93993	345.52163703455216	0.004705182	0.2
10010.607594649682	1500.0	25.72258640712853	0.0	707527	2078.6991295750277	0.004705182	1.5
10017.15862980214	4000.0	23.171551254671744	0.0	2290706	6551.035152456788	0.27493218	4.0
10019.929431741648	1500.0	24.400749315163527	0.0	712239	2770.8019395082156	0.004705182	1.5
10022.801907436378	1500.0	25.528273620432195	0.0	633700	2872.475694731334	0.004705182	1.5
10026.209531992274	1500.0	26.120649064536963	0.0	755142	3407.624555895233	0.18569812	1.5
10028.899922968212	1500.0	27.43025808859714	0.0	670327	2690.390975939824	0.004705182	1.5
10031.209412972292	1500.0	29.12076808451717	0.0	785519	2309.4900040799675	0.35844508	1.5
10042.57828825656	8000.0	21.75189280024988	0.0	4018228	11368.875284267291	0.004705182	8.0
10045.049991448966	1500.0	23.280189607842633	0.0	866245	2471.7031924072476	0.006835598	1.5
10057.507695195764	8000.0	14.82248586104523	0.0	4857577	12457.703746797402	0.15182295	8.0
10058.290538909043	600.0	18.03964214776673	0.0	284107	782.8437132784959	0.7594962	0.6
10063.687716439052	4000.0	16.642464617757796	0.0	1985434	5397.1775300089375	0.19938296	4.0
10068.70239128237	4000.0	15.627789774439512	0.0	1830641	5014.674843318283	0.008310821	4.0
10073.356904389722	4000.0	14.973276667087264	0.0	1697030	4654.513107352248	0.03318777	4.0
10078.587378141323	4000.0	13.74280291548675	0.0	1910697	5230.4737516005125	0.03062098	4.0
10084.610591995404	4000.0	11.719589061403898	0.0	2171279	6023.213854082854	0.023206426	4.0
10086.783789453742	1500.0	13.546391603065569	0.0	763847	2173.1974583383285	0.50849974	1.5
10099.771011448636	4000.0	4.559169608171131	0.0	1750852	12987.221994894438	0.12972271	4.0
10100.198575543644	200.0	8.131605513163175	0.0	110571	427.56409500795667	0.01761086	0.2

