8386.751289715578	600.0	4.0	0.7547436685097959	247108	754.743668509796	-14.494873370195918
8387.100569529899	200.0	7.650720185678203	0.0	98617	349.2798143217967	0.2
8387.9681918932	600.0	10.783097822376952	0.0	288447	867.6223633012493	0.6
8390.009966758378	1500.0	12.741322957198442	0.0	718451	2041.7748651785107	1.5
8395.740288282032	4000.0	11.01100143354495	0.0	2069289	5730.3215236534925	4.0
8401.272372442236	4000.0	9.478917273339125	0.0	1863995	5532.084160205825	4.0
8403.531930492043	1500.0	11.21935922353204	0.0	737903	2259.5580498070854	1.5
8409.843214392571	4000.0	8.908075323004883	0.0	2058614	6311.283900527156	4.0
8410.824279421724	600.0	11.92701029385121	0.0	290723	981.065029153672	0.6
8418.230071584676	4000.0	8.521218130900893	0.0	2373154	7405.792162950316	4.0
8419.309987313414	600.0	11.441302402163256	0.0	329266	1079.9157287376393	0.6
8424.740040267654	4000.0	10.011249447924069	0.0	1761739	5430.052954239187	4.0
8426.660621815285	1500.0	12.090667900293724	0.0	606092	1920.5815476303453	1.5
8432.12471464685	4000.0	10.626575068729478	0.0	1805063	5464.092831564246	4.0
8434.452265891427	1500.0	12.299023824151817	0.0	754517	2327.551244577663	1.5
8440.627697932248	4000.0	10.123591783330705	0.0	2231719	6175.4320408211115	4.0
8442.588745768968	1500.0	12.162543946611668	0.0	735572	1961.0478367190374	1.5
8448.445770312554	4000.0	10.305519403026809	0.0	2192675	5857.024543584859	4.0
8450.823638531841	1500.0	11.927651183738169	0.0	747396	2377.868219288638	1.5
8457.558120959158	4000.0	9.193168756421246	0.0	2164412	6734.482427316923	4.0
8459.892052598685	1500.0	10.859237116895857	0.0	835711	2333.93163952539	1.5
8462.142294310346	1500.0	12.608995405234152	0.0	806394	2250.2417116617044	1.5
8467.199171402406	4000.0	11.552118313175146	0.0	1849252	5056.877092059008	4.0
8473.38994886531	4000.0	9.361340850271084	0.0	1822097	6190.777462904062	4.0
8476.422699992821	1500.0	10.328589722759808	0.0	855209	3032.751127511275	1.5
8478.653075527236	1500.0	12.09821418834433	0.0	644861	2230.3755344154783	1.5
8485.04117899852	4000.0	9.710110717061996	0.0	2068230	6388.103471282335	4.0
8487.909746069945	1500.0	10.841543645634784	0.0	914284	2868.56707142721	1.5
8489.841350606239	1500.0	12.90993910934117	0.0	675709	1931.6045362936152	1.5
8495.292051243181	4000.0	11.459238472398496	0.0	2002600	5450.7006369426745	4.0
8502.636111045005	4000.0	8.115178670574675	0.0	2290706	7344.0598018238215	4.0
8503.793187170366	600.0	10.95810254521332	0.0	293409	1157.0761253613546	0.6
8506.199438719028	1500.0	12.551850996550906	0.0	633700	2406.2515486624143	1.5
8516.402450251679	4000.0	6.348839463900828	0.0	2125133	10203.011532650078	4.0
8517.05169973391	200.0	9.699589981669327	0.0	108225	649.2494822315001	0.2
8520.637558901786	1500.0	10.113730813792355	0.0	785519	3585.8591678769712	1.5
8523.36046164251	1500.0	11.390828073069581	0.0	681043	2722.902740722775	1.5
8530.906027015926	4000.0	7.845262699651663	0.0	1955307	7545.565373417918	4.0
8532.114644754043	600.0	10.636644961534744	0.0	309862	1208.6177381169186	0.6
8534.838407274532	1500.0	11.912882441046673	0.0	725845	2723.7625204880715	1.5
8541.686204142252	4000.0	9.065085573326247	0.0	1985434	6847.796867720426	4.0
8543.775054341744	1500.0	10.976235373834045	0.0	657685	2088.8501994922017	1.5
8546.197979336495	1500.0	12.553310379083841	0.0	767059	2422.9249947502053	1.5
8551.770669930906	4000.0	10.980619784673678	0.0	1910697	5572.690594410164	4.0
8553.519077399056	1500.0	13.23221231652266	0.0	629438	1748.4074681510199	1.5
8564.607673442577	8000.0	6.1436162730030555	0.0	3954105	11088.596043519603	8.0
8564.97082799798	200.0	9.780461717597976	0.0	95393	363.1545554050795	0.2
8567.451098112815	1500.0	11.300191602762068	0.0	808636	2480.270114835909	1.5

