2670.6106273788832	600.0	4.0	0.6769332970981672	247108	676.9332970981671	-12.938665941963345
2672.459881840338	1500.0	6.1507455385451575	0.0	732405	1849.254461454842	1.5
2674.0952087117334	1500.0	8.5154186671498	0.0	643847	1635.3268713953562	1.5
2675.9107548058846	1500.0	10.69987257299876	0.0	718451	1815.5460941510403	1.5
2677.740420536476	1500.0	12.870206842407221	0.0	724296	1829.6657305915392	1.5
2679.486825102107	1500.0	15.123802276776276	0.0	689829	1746.404565630945	1.5
2681.3296959699137	1500.0	17.280931408969774	0.0	737903	1842.8708678065036	1.5
2683.2513362814548	1500.0	19.35929109742859	0.0	780303	1921.640311541185	1.5
2685.4353320331657	1500.0	21.175295345717473	0.0	891463	2183.995751711116	1.5
2687.3163539826583	1500.0	23.29427339622491	0.0	763093	1881.0219494925655	1.5
2689.2120632108854	1500.0	25.39856416799739	0.0	769316	1895.7092282275196	1.5
2691.003600342876	1500.0	27.60702703600712	0.0	744416	1791.537131990267	1.5
2692.0958836890836	1500.0	30.514743689799477	0.0	606092	1092.2833462076453	1.5
2693.425197453463	1500.0	33.185429925420266	0.0	748011	1329.3137643792145	1.5
2694.7653774154664	1500.0	35.845249963416876	0.0	754517	1340.1799620033821	1.5
2698.572752099698	4000.0	36.03787527918548	0.0	2231719	3807.3746842314035	4.0
2702.2723656809108	4000.0	36.33826169797256	0.0	1835863	3699.6135812129132	4.0
2710.779856132279	4000.0	31.830771246604527	0.0	2192675	8507.49045136804	4.0
2713.6986410715617	1500.0	32.91198630732158	0.0	747396	2918.7849392829535	1.5
2716.2865888186275	1500.0	34.32403856025607	0.0	662349	2587.9477470655056	1.5
2719.5309621620577	1500.0	35.07966521682555	0.0	835711	3244.373343430519	1.5
2722.3000678251324	1500.0	36.31055955375105	0.0	806394	2769.1056630745093	1.5
2724.294501887817	1500.0	38.316125491066245	0.0	809327	1994.434062684802	1.5
2725.987263567297	1500.0	40.62336381158665	0.0	681795	1692.7616794795981	1.5
2728.090229859432	1500.0	42.52039751945181	0.0	855209	2102.9662921348317	1.5
2729.695625483323	1500.0	44.91500189556063	0.0	644861	1605.3956238911885	1.5
2731.653837192371	1500.0	46.95679018651273	0.0	794014	1958.2117090479007	1.5
2733.6131081061685	1500.0	48.997519272715465	0.0	914284	1959.2709137972604	1.5
2735.028517881487	1500.0	51.58210949739709	0.0	675709	1415.4097753183712	1.5
2736.506809856437	1500.0	54.1038175224468	0.0	707527	1478.2919749502835	1.5
2738.0838105604976	1500.0	56.52681681838672	0.0	757473	1577.00070406008	1.5
2739.571414903436	1500.0	59.039212475447705	0.0	712239	1487.6043429390186	1.5
2741.2339097465047	1500.0	59.70682546473858	0.0	633700	1332.3870107091243	1.5
2744.944972255324	1500.0	59.995762955919616	0.0	755142	2211.0625088189645	1.5
2749.4166810178467	1500.0	59.52405419339668	0.0	670327	1971.7087625229294	1.5
2753.026918454049	1500.0	59.91381675719497	0.0	785519	2110.2374362017104	1.5
2757.3994807590675	1500.0	59.541254452176176	0.0	681043	1372.562305018801	1.5
2761.1235408755524	1500.0	59.81719433569159	0.0	866245	1724.0601164845855	1.5
2765.3989753992564	1500.0	59.5417598119878	0.0	691256	1775.4345237037865	1.5
2769.32338666883	1500.0	59.617348542413744	0.0	725845	1924.4112695740557	1.5
2772.8846269201317	1500.0	59.976520794105134	0.0	811013	2140.8277483086113	1.5
2777.106993332345	1500.0	59.75415438189139	0.0	657685	2722.3664122137407	1.5
2781.2687892343138	1500.0	59.59235847992273	0.0	767059	3161.795901968662	1.5
2785.123895144996	1500.0	59.7372525692408	0.0	848035	2355.1059106819307	1.5
2789.294690621081	1500.0	59.56645709315563	0.0	629438	1670.795476085171	1.5
2792.746148691454	1500.0	59.55596615994024	0.0	763847	2010.4909332153914	1.5
2796.3136656165466	1500.0	59.98844923484742	0.0	769491	3067.5169250928157	1.5
2800.5331613822405	1500.0	59.7689534691538	0.0	808636	3219.4957656936253	1.5

