1335.5096491975348	600.0	4.0	0.8456031912009604	247108	845.6031912009604	-16.312063824019205
1336.549246424598	600.0	6.9604027729367575	0.0	309722	1039.5972270632433	0.6
1338.6240475554605	1500.0	8.885601642074281	0.0	643847	2074.8011308624764	1.5
1340.9299907799677	1500.0	10.579658417567098	0.0	718451	2305.943224507184	1.5
1343.2540432953622	1500.0	12.25560590217265	0.0	724296	2324.052515394447	1.5
1345.517942159074	1500.0	13.991707038460977	0.0	689829	2263.8988637116736	1.5
1348.2099303894227	1500.0	15.299718808112091	0.0	737903	2691.9882303488857	1.5
1351.0520037948781	1500.0	16.45764540265646	0.0	780303	2842.073405455632	1.5
1354.2875552207317	1500.0	17.222093976803052	0.0	891463	3235.551425853411	1.5
1356.6382984630677	1500.0	18.871350734467	0.0	763093	2350.743242336049	1.5
1358.7110547000152	1500.0	20.798594497519662	0.0	769316	2072.756236947336	1.5
1360.7193125639922	1500.0	22.790336633542584	0.0	744416	2008.2578639770759	1.5
1362.369270309787	1500.0	25.140378887747772	0.0	606092	1649.9577457948162	1.5
1367.1278113382828	4000.0	24.381837859252098	0.0	1805063	4758.541028495672	4.0
1372.808216296424	4000.0	22.701432901110753	0.0	2157416	5680.404958141346	4.0
1375.3147021163993	1500.0	24.19494708113541	0.0	934743	2506.48581997534	1.5
1380.018778774545	4000.0	23.490870422989868	0.0	1835863	4704.076658145544	4.0
1385.5958408700933	4000.0	21.91380832744138	0.0	2192675	5577.062095548487	4.0
1390.1815845496617	4000.0	21.32806464787294	0.0	2082556	4585.74367956844	4.0
1391.6700885369025	1500.0	23.83956066063211	0.0	662349	1488.5039872408295	1.5
1397.0308022864608	4000.0	22.47884691107398	0.0	2379358	5360.713749558129	4.0
1403.2272642529929	4000.0	20.282384944541864	0.0	1950922	6196.461966532116	4.0
1411.607108556793	4000.0	15.90254064074152	0.0	1849252	8379.844303800342	4.0
1415.8809957583617	1500.0	15.628653439172954	0.0	681795	4273.887201568567	1.5
1419.0955675225168	1500.0	16.414081675017666	0.0	855209	3214.571764155288	1.5
1421.2918607497393	1500.0	18.217788447795282	0.0	644861	2196.293227222382	1.5
1423.9776416087457	1500.0	19.53200758878884	0.0	794014	2685.780859006441	1.5
1427.1083664197702	1500.0	20.40128277776425	0.0	914284	3130.7248110245882	1.5
1430.1290284624738	1500.0	21.380620735060596	0.0	675709	3020.6620427036587	1.5
1433.2881613334107	1500.0	22.221487864123564	0.0	707527	3159.1328709370327	1.5
1436.6646574574418	1500.0	22.844991740092556	0.0	757473	3376.496124031008	1.5
1438.7078579065844	1500.0	24.801791290949893	0.0	712239	2043.2004491426621	1.5
1440.349584875455	1500.0	27.160064322079077	0.0	633700	1641.726968870816	1.5
1442.2906005401655	1500.0	29.219048657368575	0.0	755142	1941.0156647105032	1.5
1446.8770293866453	4000.0	28.632619810888897	0.0	1828568	4586.428846479676	4.0
1451.6958959082463	4000.0	27.813753289287845	0.0	1785821	4818.866521601054	4.0
1457.4001986530025	4000.0	26.109450544531718	0.0	2096494	5704.302744756124	4.0
1466.9655538299464	4000.0	20.544095367587847	0.0	1955307	9565.355176943869	4.0
1469.619264934232	1500.0	21.89038426330219	0.0	691256	2653.7111042856573	1.5
1472.1569967184573	1500.0	23.352652479076852	0.0	725845	2537.7317842253406	1.5
1474.9831097694805	1500.0	24.52653942805364	0.0	811013	2826.113051023215	1.5
1477.2900498579406	1500.0	26.219599339593646	0.0	657685	2306.9400884599922	1.5
1481.5276468100453	4000.0	25.982002387488855	0.0	1697030	4237.596952104793	4.0
1486.0267844096059	4000.0	25.482864787928296	0.0	1910697	4499.13759956056	4.0
1487.5625741723952	1500.0	27.94707502513901	0.0	629438	1535.789762789286	1.5
1492.6741136821738	4000.0	26.83553551536046	0.0	2042818	5111.539509778551	4.0
1497.1123805583504	4000.0	26.39726863918391	0.0	1750852	4438.266876176549	4.0
1502.724927865236	4000.0	24.78472133229838	0.0	2034636	5612.547306885531	4.0

