29485.30839795316	600.0	4.0	0.9673814386713051	247108	967.3814386713051	-18.7476287734261
29486.500630474762	600.0	6.807767478397486	0.0	309722	1192.232521602514	0.6
29487.616463041253	600.0	9.691934911906632	0.0	288447	1115.832566490854	0.6
29490.27646887674	1500.0	11.031929076422399	0.0	718451	2660.005835484233	1.5
29492.957464500127	1500.0	12.350933453035573	0.0	724296	2680.9956233868256	1.5
29495.52155779016	1500.0	13.78684016300151	0.0	689829	2564.093290034064	1.5
29498.27766459464	1500.0	15.030733358522612	0.0	737903	2756.106804478898	1.5
29501.18754083563	1500.0	16.12085711753254	0.0	780303	2909.8762409900723	1.5
29504.50055411819	1500.0	16.807843834972132	0.0	891463	3313.0132825604064	1.5
29507.42168079201	1500.0	17.88671716115508	0.0	763093	2921.1266738170502	1.5
29510.38483634444	1500.0	18.923561608722597	0.0	769316	2963.155552432483	1.5
29513.254674491207	1500.0	20.05372346195381	0.0	744416	2869.838146768791	1.5
29515.58496897629	1500.0	21.72342897687164	0.0	606092	2330.294485082166	1.5
29518.20490446016	1500.0	23.10349349300067	0.0	748011	2619.935483870968	1.5
29520.846931624845	1500.0	24.461466328314764	0.0	754517	2642.0271646859087	1.5
29524.100931624846	1500.0	25.207466328314762	0.0	934743	3254.0	1.5
29526.722280204463	1500.0	26.586117748696577	0.0	735572	2621.34857961819	1.5
29529.54290362485	1500.0	27.765494328309043	0.0	772616	2820.6234203875315	1.5
29532.274066663027	1500.0	29.034331290132304	0.0	747396	2731.1630381767395	1.5
29534.703550988837	1500.0	30.60484696432199	0.0	662349	2429.4843258103137	1.5
29538.127811559654	1500.0	31.180586393504424	0.0	835711	3424.260570817564	1.5
29546.5670609977	4000.0	26.74133695546153	0.0	1950922	8439.249438042894	4.0
29549.619317981196	1500.0	27.689079971964848	0.0	809327	3052.2569834966835	1.5
29552.203213131193	1500.0	29.105184821965995	0.0	681795	2583.8951499988525	1.5
29558.80545389743	4000.0	26.50294405572974	0.0	1836837	6602.240766236257	4.0
29561.05674874791	1500.0	28.251649205248878	0.0	644861	2251.2948504808605	1.5
29563.810252819963	1500.0	29.498145133193493	0.0	794014	2753.504072055389	1.5
29567.04121285251	1500.0	30.267185100650167	0.0	914284	3230.960032543324	1.5
29569.82182085091	1500.0	31.486577102248848	0.0	675709	2780.6079984013186	1.5
29577.79460807174	4000.0	27.513789881418358	0.0	2002600	7972.787220830492	4.0
29580.613431601152	1500.0	28.694966352006592	0.0	757473	2818.8235294117653	1.5
29583.268700860604	1500.0	30.039697092554828	0.0	712239	2655.269259451764	1.5
29585.639993712743	1500.0	31.66840424041589	0.0	633700	2371.292852138935	1.5
29588.39483696834	1500.0	32.91356098481613	0.0	755142	2754.8432555997583	1.5
29594.82210298995	4000.0	30.486294963208113	0.0	1828568	6427.2660216080185	4.0
29601.679949920952	4000.0	27.62844803220392	0.0	1785821	6857.846931004194	4.0
29604.476718725957	1500.0	28.83167922719756	0.0	681043	2796.768805006358	1.5
29607.92783723884	1500.0	29.380560714312182	0.0	866245	3451.118512885379	1.5
29610.39647210051	1500.0	30.91192585264015	0.0	691256	2468.63486167203	1.5
29612.98462923936	1500.0	32.323768713793854	0.0	725845	2588.1571388462953	1.5
29619.82232126597	4000.0	29.48607668718065	0.0	1985434	6837.6920266132065	4.0
29625.94541190122	4000.0	27.362986051929248	0.0	1830641	6123.0906352513975	4.0
29631.7811109209	4000.0	25.527287032251653	0.0	1697030	5835.699019677594	4.0
29634.77238176004	1500.0	26.53601619310732	0.0	848035	2991.270839144335	1.5
29637.013217685973	1500.0	28.295180267173446	0.0	629438	2240.835925933872	1.5
29639.705858534402	1500.0	29.60253941874511	0.0	763847	2692.6408484283397	1.5
29645.76235502492	4000.0	27.54604292822818	0.0	1750852	6056.496490516928	4.0
29648.664553669776	1500.0	28.643844283370214	0.0	808636	2902.198644857966	1.5

