908.8112291172307	600.0	4.0	1.0505734485467402	247108	1050.57344854674	-20.411468970934802
909.278570044175	200.0	7.532659073055774	0.0	98617	467.3409269442262	0.2
910.4915119137744	600.0	10.319717203456403	0.0	288447	1212.9418695993716	0.6
913.3933932963353	1500.0	11.417835820895522	0.0	718451	2901.8813825608795	1.5
921.5012811454194	4000.0	7.309947971811424	0.0	2069289	8107.887849084099	4.0
922.8434054779899	600.0	9.967823639240867	0.0	330929	1342.1243325705568	0.6
925.7376808403088	1500.0	11.073548276922025	0.0	737903	2894.275362318841	1.5
934.170739210873	4000.0	6.640489906357932	0.0	2058614	8433.058370564093	4.0
934.6488386260776	200.0	10.162390491153253	0.0	95305	478.0994152046784	0.2
937.9163616001796	1500.0	10.894867517051333	0.0	763093	3267.5229741019216	1.5
941.2738807242055	1500.0	11.537348393025372	0.0	769316	3357.51912402596	1.5
948.8751301771028	4000.0	7.93609894012804	0.0	1761739	7601.249452897332	4.0
950.0644861172889	600.0	10.746742999942004	0.0	294430	1189.3559401860355	0.6
952.9628485333964	1500.0	11.848380583834622	0.0	748011	2898.3624161073826	1.5
961.1156555539185	4000.0	7.695573563312499	0.0	2157416	8152.807020522122	4.0
962.3869241746635	600.0	10.42430494256744	0.0	324375	1271.2686207450593	0.6
965.168315594775	1500.0	11.642913522455888	0.0	735572	2781.391420111552	1.5
973.9659449689749	4000.0	6.8452841482559705	0.0	2192675	8797.629374199918	4.0
974.4340005615803	200.0	10.377228555650534	0.0	90919	468.0555926054366	0.2
977.3410029890886	1500.0	11.47022612814233	0.0	662349	2907.002427508203	1.5
987.8712881321958	4000.0	4.939940985035016	0.0	2379358	10530.285143107314	4.0
988.3835835766894	200.0	8.42764554054143	0.0	97742	512.295444493587	0.2
989.9491158526012	600.0	10.862113264629695	0.0	346141	1565.5322759117348	0.6
992.6970673298072	1500.0	12.114161787423669	0.0	681795	2747.951477206026	1.5
999.9595777815716	4000.0	8.851651335659266	0.0	1836837	7262.510451764402	4.0
1000.8836158078279	600.0	11.927613309403041	0.0	221407	924.0380262562246	0.6
1008.8480312375293	4000.0	7.963197879701579	0.0	2068230	7964.415429701462	4.0
1010.0851905408362	600.0	10.726038576394709	0.0	302611	1237.15930330687	0.6
1012.8543120212859	1500.0	11.956917095945002	0.0	675709	2769.1214804497067	1.5
1020.9421046712202	4000.0	7.869124446010586	0.0	2002600	8087.792649934416	4.0
1022.0276611854566	600.0	10.783567931774176	0.0	240372	1085.5565142364107	0.6
1025.0871952665611	1500.0	11.724033850669775	0.0	712239	3059.5340811044007	1.5
1035.3186683154772	4000.0	5.4925608017536	0.0	2544033	10231.473048916176	4.0
1035.7387890780885	200.0	9.072440039142464	0.0	89422	420.12076261113486	0.2
1038.3684091988512	1500.0	10.442819918379854	0.0	670327	2629.6201207626114	1.5
1041.473404206696	1500.0	11.337824910535037	0.0	785519	3104.995007844816	1.5
1049.9007736231447	4000.0	6.910455494086112	0.0	2096494	8427.369416448924	4.0
1050.3009050154553	200.0	10.51032410177555	0.0	80403	400.1313923105636	0.2
1053.29043337547	1500.0	11.520795741760798	0.0	691256	2989.5283600147513	1.5
1062.227866043032	4000.0	6.5833630741989255	0.0	2094647	8937.432667561872	4.0
1062.7430375135755	200.0	10.068191603655386	0.0	107384	515.1714705435388	0.2
1065.488292566511	1500.0	11.32293655071987	0.0	657685	2745.2550529355153	1.5
1072.4557398128147	4000.0	8.355489304416388	0.0	1697030	6967.4472463034845	4.0
1073.6754543101206	600.0	11.135774807110531	0.0	278938	1219.7144973058555	0.6
1082.5557723064326	4000.0	6.255456810798509	0.0	2171279	8880.317996312022	4.0
1082.9935937832015	200.0	9.817635334029664	0.0	92801	437.82147676884523	0.2
1086.0405920480944	1500.0	10.770637069136662	0.0	769491	3046.998264893002	1.5
1089.2385253428697	1500.0	11.57270377436126	0.0	808636	3197.9332947754	1.5

