22723.465927316116	600.0	4.0	0.8277216937420807	247108	827.7216937420807	0.0069596586	-15.954433874841614
22723.84433153723	200.0	7.621595778883068	0.0	98617	378.40422111693175	0.004705182	0.2
22724.24651623001	200.0	11.21941108610549	0.0	106476	402.18469277757816	0.004705182	0.2
22724.675189566242	200.0	14.790737749872346	0.0	115230	428.6733362331448	0.004705182	0.2
22725.050691958586	200.0	18.41523535752785	0.0	97658	375.5023923444976	0.004705182	0.2
22725.42619435093	200.0	22.03973296518335	0.0	97658	375.5023923444976	0.004705182	0.2
22725.856568237497	200.0	25.609359078616414	0.0	115792	430.3738865669384	0.004705182	0.2
22726.262377946823	200.0	29.203549369291	0.0	107674	405.80970932541567	0.004705182	0.2
22726.630760419353	200.0	32.835166896760406	0.0	95305	368.3824725305899	0.004705182	0.2
22727.029764901454	200.0	36.43616241466044	0.0	105425	399.00448209996784	0.0077676126	0.2
22727.3983289274	200.0	40.06759838871343	0.0	95365	368.5640259470091	0.004705182	0.2
22727.766823357873	200.0	43.69910395824271	0.0	95342	368.49443047071503	0.004705182	0.2
22728.15673201381	200.0	47.30919530230535	0.0	102419	389.90865593736413	0.0064123482	0.2
22728.48142668257	200.0	50.98450063354577	0.0	80867	324.69466875957414	0.004705182	0.2
22728.811819102717	200.0	54.6541082134009	0.0	82750	330.3924201448645	0.007465472	0.2
22729.177393549075	200.0	58.28853376704427	0.0	94377	365.574446356639	0.2890441	0.2
22731.529333333856	200.0	59.93659398226071	0.0	89871	351.9397847835543	0.009910771	0.2
22745.123937452892	12000.0	50.34198986322487	0.0	4055239	13594.604119035841	0.004705182	12.0
22745.492094654328	200.0	53.97383266179072	0.0	90919	368.15720143414615	0.033201676	0.2
22745.844268653498	200.0	57.621658662622686	0.0	85876	352.1739991680368	0.3753507	0.2
22762.527582322557	12000.0	44.93834499356466	0.0	5251330	16683.313669058025	0.0064496095	12.0
22762.915855927917	200.0	48.550071388202944	0.0	97742	388.2736053617189	0.008876002	0.2
22780.64775560681	12000.0	34.818171709313546	0.0	5141915	17731.8996788894	0.008687403	12.0
22780.9948125984	200.0	38.471114717722145	0.0	85752	347.05699159140454	0.004705182	0.2
22781.36928783976	200.0	42.09663947636431	0.0	94556	374.47524135783243	0.004705182	0.2
22792.14330113427	8000.0	35.3226261818531	0.0	3253093	10774.013294511204	0.004705182	8.0
22809.73830301738	12000.0	21.72762429873941	0.0	5138482	17595.001883113695	0.09023995	12.0
22820.371967410712	8000.0	15.093959905408154	0.0	3354913	10633.664393331257	0.009119131	8.0
22820.728432656957	200.0	18.737494659162955	0.0	93993	356.46524624519736	0.0148351155	0.2
22821.093986639717	200.0	22.371940676406552	0.0	97083	365.55398275640204	0.009155772	0.2
22821.450419531237	200.0	26.015507784886804	0.0	93982	356.43289151975296	0.01093673	0.2
22821.879032873883	200.0	29.58689444223923	0.0	118522	428.6133426475725	0.3343686	0.2
22823.82295919335	1500.0	31.642968122773084	0.0	633700	1943.926319466147	0.038140662	1.5
22824.165979580503	200.0	35.299947735619384	0.0	89422	343.0203871537033	0.04022619	0.2
22824.564305958796	200.0	38.90162135732646	0.0	108225	398.3263782929206	0.020746749	0.2
22824.902529022565	200.0	42.56339829355456	0.0	87791	338.2230637718992	0.03459548	0.2
22825.282804405404	200.0	46.183122910720954	0.0	102088	380.2753828336122	0.7098321	0.2
22825.59929685903	200.0	49.866630457092995	0.0	80403	316.49245362795745	0.7809896	0.2
22841.537522130704	12000.0	37.928405185417	0.0	5257310	15938.225271675996	0.006664679	12.0
22841.934494406356	200.0	41.53143290976663	0.0	101968	396.9722756503662	0.2522114	0.2
22858.679690474	12000.0	28.786236842123827	0.0	4828747	16745.1960676428	0.019149015	12.0
22864.81702808128	4000.0	26.648899234844333	0.0	1830641	6137.337607279495	0.00946092	4.0
22870.843696376294	4000.0	24.62223093983026	0.0	1697030	6026.668295014071	0.008636189	4.0
22877.423968590956	4000.0	22.041958725169557	0.0	1910697	6580.272214660707	0.009794182	4.0
22888.213661298083	8000.0	15.252266018046026	0.0	3682991	10789.69270712353	0.037364263	8.0
22894.4506684186	4000.0	13.015258897524607	0.0	2042818	6237.007120521418	0.095366895	4.0
22899.795537253885	4000.0	11.6703900622382	0.0	1750852	5344.868835286408	0.004705182	4.0
22905.986014016406	4000.0	9.47991329971849	0.0	2034636	6190.476762519709	0.16094075	4.0

