10651.976254832283	600.0	4.0	0.4088935472868991	247108	408.8935472868991	0.008455663	-7.577870945737983
10652.187511185588	200.0	7.788743646693785	0.0	98617	211.2563533062148	0.004705182	0.2
10652.409227638884	200.0	11.567027193398387	0.0	106476	221.71645329540067	0.004705182	0.2
10652.64259541109	200.0	15.333659421194048	0.0	115230	233.3677722043373	0.004705182	0.2
10652.85257536334	200.0	19.123679468942626	0.0	97658	209.9799522514204	0.004705182	0.2
10653.062555315591	200.0	22.91369951669121	0.0	97658	209.9799522514204	0.004705182	0.2
10653.29667109342	200.0	26.67958373886352	0.0	115792	234.1157778276892	0.4860678	0.2
10653.519982049804	200.0	30.45627278247777	0.0	107674	223.31095638574865	0.004705182	0.2
10662.416115444476	12000.0	25.56013938780677	0.0	6619479	8896.133394671	0.004705182	12.0
10669.588055025306	12000.0	22.388199806977838	0.0	5088378	7171.939580828935	0.004705182	12.0
10678.22308332963	12000.0	17.753171502651593	0.0	5709459	8635.028304326246	0.004705182	12.0
10678.451298208716	200.0	21.524956623567228	0.0	95342	228.21487908436404	0.004705182	0.2
10678.690514710372	200.0	25.28574012191065	0.0	102419	239.21650165657823	0.5007621	0.2
10679.933342844026	1500.0	28.042911988257337	0.0	748011	1242.8281336533137	0.004705182	1.5
10681.186284946374	1500.0	30.789969885908977	0.0	754517	1252.9421023483578	0.00952797	1.5
10682.719399216267	1500.0	33.256855616017894	0.0	934743	1533.1142698910837	0.004705182	1.5
10687.625158039908	1500.0	32.35109679237656	0.0	735572	4905.758823641334	0.6584192	1.5
10693.05324309336	1500.0	30.92301173892399	0.0	772616	5428.085053452566	0.004705182	1.5
10700.130690855645	12000.0	27.84556397663909	0.0	5385367	7077.447762284897	0.229554	12.0
10707.907121839502	12000.0	24.06913299278154	0.0	5848459	7776.430983857552	0.4378497	12.0
10709.095749173433	1500.0	26.88050565885125	0.0	835711	1188.627333930289	0.041223593	1.5
10710.245485518075	1500.0	29.730769314208928	0.0	806394	1149.7363446423242	0.10179349	1.5
10715.555597601873	8000.0	28.42065723041074	0.0	3805854	5310.112083798186	0.004705182	8.0
10721.478679428947	8000.0	26.497575403337894	0.0	4032749	5923.081827072845	0.049076825	8.0
10722.797798492951	1500.0	29.17845633933239	0.0	855209	1319.1190640055058	0.6967018	1.5
10725.559790232366	4000.0	30.416464599918474	0.0	1984579	2761.9917394139165	0.023496356	4.0
10731.264137600787	8000.0	28.712117231497416	0.0	4274504	5704.347368421053	0.0053296294	8.0
10736.311325064507	8000.0	27.66492976777595	0.0	3354913	5047.187463721469	0.004705182	8.0
10742.826966363464	8000.0	25.149288468819716	0.0	3811227	6515.641298956234	0.004705182	8.0
10749.4937423877	8000.0	22.482512444581836	0.0	4435580	6666.776024237881	0.007903102	8.0
10755.284675689212	8000.0	20.691579143070467	0.0	4025712	5790.93330151137	0.023295796	8.0
10760.04524126762	8000.0	19.931013564664084	0.0	3568902	4760.56557840638	0.057395034	8.0
10765.745007648096	8000.0	18.23124718418812	0.0	3713878	5699.766380475963	0.03140221	8.0
10775.867644038664	8000.0	12.108610793619093	0.0	4271839	10122.636390569027	0.32507303	8.0
10777.048006406572	1500.0	14.928248425711018	0.0	670327	1180.3623679080742	0.015902366	1.5
10780.059486451713	4000.0	15.916768380568923	0.0	1785821	3011.480045142095	0.4247174	4.0
10788.12580841935	8000.0	11.850446412932563	0.0	4018228	8066.321967636361	0.2910004	8.0
10790.52305579446	1500.0	13.453199037823888	0.0	866245	2397.247375108674	0.5536838	1.5
10795.466108904684	4000.0	12.51014592759964	0.0	2142800	4943.0531102242485	0.756719	4.0
10800.923606514494	8000.0	11.052648317789194	0.0	4253567	5457.497609810444	0.23653246	8.0
10803.513656688721	4000.0	12.462598143562152	0.0	1985434	2590.0501742270403	0.2931561	4.0
10806.021701692895	4000.0	13.954553139389953	0.0	1830641	2508.0450041722	0.43160924	4.0
10811.371433905819	8000.0	12.60482092646528	0.0	3735285	5349.732212924672	0.004705182	8.0
10817.75919283365	8000.0	10.217061998636527	0.0	4340973	6387.758927828752	0.06288868	8.0
10821.128355405484	4000.0	10.847899426799488	0.0	2171279	3369.16257183704	0.19122122	4.0
10824.302918797233	4000.0	11.67333603504974	0.0	2042818	3174.5633917497466	0.06168969	4.0
10830.716319947747	8000.0	9.259934884535593	0.0	4201994	6413.401150514149	0.019839812	8.0
10837.523068393142	8000.0	6.453186439140935	0.0	4346302	6806.748445394658	0.34003416	8.0

