32704.18265715259	600.0	4.0	0.7119190627647162	247108	711.9190627647162	0.4507506	-13.638381255294323
32704.514846325797	200.0	7.667810826793676	0.0	98617	332.18917320632283	0.004705182	0.2
32704.86713299449	200.0	11.315524158102514	0.0	106476	352.2866686911631	0.004705182	0.2
32705.241805905127	200.0	14.94085124746272	0.0	115230	374.67291063979417	0.004705182	0.2
32705.57154266732	200.0	18.61111448527179	0.0	97658	329.73676219093136	0.004705182	0.2
32705.90127942951	200.0	22.28137772308086	0.0	97658	329.73676219093136	0.004705182	0.2
32706.277389519495	200.0	25.905267633097324	0.0	115792	376.11008998353765	0.004705182	0.2
32706.63273978401	200.0	29.549917368580886	0.0	107674	355.3502645164384	0.004705182	0.2
32708.992441224065	1500.0	31.190215928524626	0.0	891463	2359.70144005626	0.61312	1.5
32721.361260924885	12000.0	22.82139622770794	0.0	5088378	12368.819700816684	0.004705182	12.0
32721.66255430714	200.0	26.520102845450975	0.0	95365	301.29338225696506	0.004705182	0.2
32723.469963046682	1500.0	28.7126941059113	0.0	744416	1807.4087395396732	0.004705182	1.5
32723.787625154553	200.0	32.395031998037595	0.0	102419	317.66210787370744	0.004705182	0.2
32725.62474573133	1500.0	34.55791142126366	0.0	748011	1837.1205767739264	0.004705182	1.5
32727.492541839492	1500.0	36.69011531309792	0.0	754517	1867.7961081657436	0.004705182	1.5
32729.78737582936	1500.0	38.39528132322735	0.0	934743	2294.833989870568	0.004705182	1.5
32731.61028256158	1500.0	40.57237459100569	0.0	735572	1822.9067322216629	0.004705182	1.5
32741.49921229332	12000.0	34.68344485926409	0.0	4055239	9888.9297317416	0.004705182	12.0
32743.405637439184	1500.0	36.77701971340467	0.0	747396	1906.4251458594251	0.42219856	1.5
32753.86961624576	8000.0	30.313040906825986	0.0	4303587	10463.978806578682	0.10313677	8.0
32756.463112965004	1500.0	31.7195441875851	0.0	835711	2593.496719240887	0.25642547	1.5
32759.685494416084	1500.0	32.49716273650251	0.0	806394	3222.3814510825887	0.004705182	1.5
32762.91930527363	1500.0	33.26335187895606	0.0	809327	3233.810857546458	0.0056697517	1.5
32765.736664062777	1500.0	34.44599308981063	0.0	681795	2817.358789145431	0.0111139715	1.5
32770.16030700608	1500.0	34.02235014650544	0.0	855209	4423.642943305188	0.008708407	1.5
32773.51558349646	1500.0	34.667073656123875	0.0	644861	3355.2764903815632	0.005353453	1.5
32776.624183611246	1500.0	35.558473541342686	0.0	794014	3108.6001147811908	0.004705182	1.5
32779.01349185486	1500.0	37.16916529772825	0.0	914284	2389.308243614435	0.016634645	1.5
32788.360718145224	8000.0	31.821939007363053	0.0	3811227	9347.226290365197	0.004705182	8.0
32790.00864501503	1500.0	34.17401213755696	0.0	707527	1647.9268698060941	0.085515626	1.5
32799.04572715994	8000.0	29.136929992645324	0.0	4025712	9037.082144911632	0.004705182	8.0
32807.773730271925	8000.0	24.408926880658996	0.0	3568902	8728.003111986327	0.1334894	8.0
32810.11205488159	1500.0	26.070602270996883	0.0	633700	2338.3246096621156	0.055197764	1.5
32812.88316386437	1500.0	27.299493288214066	0.0	755142	2771.108982782814	0.008038125	1.5
32815.352016571676	1500.0	28.83064058090623	0.0	670327	2468.852707307838	0.688031	1.5
32825.55233386007	8000.0	22.63032329251717	0.0	4086583	10200.317288389062	0.014723456	8.0
32828.142562405854	1500.0	24.04009474672986	0.0	681043	2590.228545787306	0.29878208	1.5
32832.473550014736	1500.0	23.709107137847518	0.0	866245	4330.987608882346	0.15734927	1.5
32835.94580127225	1500.0	24.236855880333103	0.0	691256	3472.2512575144156	0.8254129	1.5
32844.81478786944	4000.0	19.367869283143236	0.0	2094647	8868.986597189867	0.8143311	4.0
32847.60485362972	1500.0	20.577803522868937	0.0	811013	2790.065760274297	0.014194652	1.5
32851.98497195901	4000.0	20.19768519357289	0.0	1830641	4380.118329296044	0.13477327	4.0
32856.05124223722	4000.0	20.131414915366918	0.0	1697030	4066.2702782059755	0.014122065	4.0
32866.77281566834	8000.0	13.40984148424798	0.0	4340973	10721.573431118937	0.34791005	8.0
32876.92949256454	4000.0	7.253164588045013	0.0	2171279	10156.676896202967	0.5512325	4.0
32878.856345153836	1500.0	9.326311998747038	0.0	763847	1926.8525892979744	1.053402	1.5
32880.724403710825	1500.0	11.458253441758542	0.0	769491	1868.058556988498	0.51829815	1.5
32885.532267077855	4000.0	10.650390074731702	0.0	2034636	4807.863367026839	0.005107044	4.0

