22496.192406215523	600.0	4.0	0.54129671329732	247108	541.29671329732	-10.2259342659464
22497.639646528674	1500.0	6.552759686847356	0.0	732405	1447.2403131526446	1.5
22498.921568380523	1500.0	9.270837834999824	0.0	643847	1281.9218518475307	1.5
22500.342759620653	1500.0	11.849646594873349	0.0	718451	1421.1912401264744	1.5
22501.774862200313	1500.0	14.41754401521427	0.0	724296	1432.102579659079	1.5
22505.334534113415	4000.0	14.857872102112962	0.0	1863995	3559.6719131013083	4.0
22513.213117499636	4000.0	10.979288715891073	0.0	2046450	7878.58338622189	4.0
22516.419786299855	1500.0	11.772619915669445	0.0	780303	3206.668800221627	1.5
22517.821451236843	1500.0	14.370954978679084	0.0	891463	1401.6649369903632	1.5
22519.0327974192	1500.0	17.15960879632178	0.0	763093	1211.3461823573016	1.5
22520.25336969496	1500.0	19.939036520561956	0.0	769316	1220.5722757598223	1.5
22521.43702573647	1500.0	22.755380479049723	0.0	744416	1183.6560415122312	1.5
22522.41560542513	1500.0	25.77680079039146	0.0	606092	978.5796886582655	1.5
22525.171755165677	4000.0	27.020651049842904	0.0	1805063	2756.1497405485547	4.0
22528.46880871017	4000.0	27.723597505348685	0.0	2157416	3297.053544494223	4.0
22531.895811943992	4000.0	28.296594271529496	0.0	2231719	3427.0032338191877	4.0
22534.7291332169	4000.0	29.463272998623275	0.0	1835863	2833.3212729062197	4.0
22539.942438834638	4000.0	28.249967380884538	0.0	2192675	5213.305617738738	4.0
22547.649610698398	4000.0	24.542795517125068	0.0	2082556	7707.171863759467	4.0
22548.52189419122	1500.0	27.670512024302102	0.0	662349	872.2834928229665	1.5
22549.60154849744	1500.0	30.590857718082006	0.0	835711	1079.6543062200958	1.5
22552.015187253422	4000.0	32.17721896210114	0.0	1950922	2413.6387559808613	4.0
22554.307211176867	4000.0	33.885195038656164	0.0	1849252	2292.0239234449764	4.0
22556.5667530429	4000.0	35.62565317262745	0.0	1822097	2259.5418660287082	4.0
22559.270984421008	4000.0	36.92142179451888	0.0	1836837	2704.2313781085727	4.0
22562.574796961617	4000.0	37.61760925390809	0.0	1984579	3303.8125406107865	4.0
22566.01449481737	4000.0	38.17791139815761	0.0	2068230	3439.6978557504876	4.0
22571.86252477663	4000.0	36.329881438896706	0.0	2055338	5848.029959260902	4.0
22580.354739620903	4000.0	31.83766659462431	0.0	2165436	8492.214844272397	4.0
22582.76304056082	1500.0	33.42936565470123	0.0	707527	2408.3009399230787	1.5
22585.335701756605	1500.0	34.85670445892163	0.0	757473	2572.6611957796013	1.5
22587.759508753577	1500.0	36.43289746194501	0.0	712239	2423.8069969766148	1.5
22588.916318824322	1500.0	39.27608739120337	0.0	633700	1156.8100707416347	1.5
22589.947281965688	1500.0	42.245124249837176	0.0	755142	1030.9631413662016	1.5
22590.871436137568	1500.0	45.32097007795615	0.0	670327	924.1541718810261	1.5
22591.940653550773	1500.0	48.25175266475063	0.0	785519	1069.2174132055127	1.5
22594.660804039155	4000.0	49.53160217637176	0.0	2096494	2720.150488378866	4.0
22597.20315534137	4000.0	50.9892508741593	0.0	1955307	2542.3513022124625	4.0
22599.99832025197	4000.0	52.19408596356062	0.0	2142800	2795.164910598685	4.0
22602.752536842567	4000.0	53.43986937296345	0.0	2094647	2754.2165905971724	4.0
22605.367322198923	4000.0	54.82508401660712	0.0	1985434	2614.785356356325	4.0
22607.78448475358	4000.0	56.407921461948796	0.0	1830641	2417.1625546583255	4.0
22610.314222957604	4000.0	57.87818325792876	0.0	1697030	2529.738204020039	4.0
22613.568434833713	4000.0	58.623971381819075	0.0	1910697	3254.2118761096867	4.0
22617.255547624565	4000.0	58.93685859096445	0.0	2171279	3687.1127908546273	4.0
22620.654084065765	4000.0	59.53832214976508	0.0	2042818	3398.5364411993623	4.0
22624.486373937354	4000.0	59.70603227817553	0.0	1750852	2832.289871589558	4.0
22628.264764238287	4000.0	59.92764197724118	0.0	2034636	3278.3903009343408	4.0

