2534.9544179226955	600.0	4.0	0.6668329029002287	247108	666.8329029002286	0.012876911	-12.736658058004574
2535.268613903341	200.0	7.685804019354648	0.0	98617	314.19598064535285	0.004705182	0.2
2535.6014734634086	200.0	11.352944459286967	0.0	106476	332.8595600676819	0.004705182	0.2
2535.9551220518847	200.0	14.9992958708107	0.0	115230	353.6485884762668	0.004705182	0.2
2536.2670405961303	200.0	18.687377326565148	0.0	97658	311.9185442455547	0.004705182	0.2
2536.578959140376	200.0	22.37545878231959	0.0	97658	311.9185442455547	0.004705182	0.2
2536.9339423683273	200.0	26.020475554368158	0.0	115792	354.98322795143525	0.004705182	0.2
2537.269646942792	200.0	29.68477097990323	0.0	107674	335.7045744649271	0.004705182	0.2
2537.5759775747865	200.0	33.37844034790869	0.0	95305	306.33063199453795	0.004705182	0.2
2537.9063412165474	200.0	37.048076706147775	0.0	105425	330.3636417609167	0.01466273	0.2
2538.212814336742	200.0	40.74160358595304	0.0	95365	306.47312019473384	0.004705182	0.2
2538.51923283646	200.0	44.435185086235045	0.0	95342	306.4184997179921	0.004705182	0.2
2538.8424578193917	200.0	48.11196010330394	0.0	102419	323.22498293110107	0.011441908	0.2
2539.1145010408122	200.0	51.83991688188322	0.0	80867	272.0432214207261	0.004705182	0.2
2539.3910160169153	200.0	55.56340190577968	0.0	82750	276.51497610354147	0.013243427	0.2
2552.4164506954344	12000.0	46.53796722726075	0.0	5443841	13025.434678518928	0.009934456	12.0
2552.710419714675	200.0	50.243998208020535	0.0	89871	293.9690192402125	0.004705182	0.2
2562.087495985647	12000.0	44.86692193704877	0.0	4055239	9377.076270971767	0.004705182	12.0
2562.3724300552963	200.0	48.58198786739927	0.0	90919	284.9340696494985	0.005395749	0.2
2563.9453839604016	1500.0	51.0090339622939	0.0	662349	1572.953905105376	0.21201475	1.5
2577.0239098046695	12000.0	41.93050811802608	0.0	5251330	13078.525844267817	0.016062051	12.0
2577.369337255916	200.0	45.585080666779454	0.0	97742	345.42745124662673	0.019670079	0.2
2591.332123135488	12000.0	35.62229478720769	0.0	5141915	13962.785879571758	0.036155563	12.0
2591.641441047607	200.0	39.31297687508856	0.0	85752	309.3179121191356	0.004705182	0.2
2591.9743026076676	200.0	42.98011531502772	0.0	94556	332.86156006083803	0.004705182	0.2
2600.811581497476	8000.0	38.14283642521954	0.0	3253093	8837.27888980818	0.004705182	8.0
2613.7212545082016	12000.0	29.233163414493895	0.0	5138482	12909.673010725643	0.010045506	12.0
2621.8620524076364	8000.0	25.092365515059047	0.0	3354913	8140.79789943485	0.004705182	8.0
2622.1702219089334	200.0	28.78419601376184	0.0	93993	308.16950129720385	0.03356394	0.2
2622.485892434339	200.0	32.46852548835637	0.0	97083	315.67052540547104	0.2923429	0.2
2622.7940352329615	200.0	36.160382689733986	0.0	93982	308.1427986223847	0.089441806	0.2
2631.9144387626857	8000.0	31.039979160009825	0.0	3568902	9120.403529724155	0.060951553	8.0
2633.6563574959873	1500.0	33.29806042670818	0.0	633700	1741.9187333016441	0.049943436	1.5
2633.970872403624	200.0	36.983545519071605	0.0	89422	314.5149076365782	0.066376865	0.2
2634.334699379972	200.0	40.61971854272385	0.0	108225	363.82697634775195	0.03508285	0.2
2634.6449368859135	200.0	44.3094810367821	0.0	87791	310.23750594174635	0.21093339	0.2
2636.511015661176	1500.0	46.44340226151944	0.0	681043	1866.078775262666	0.6776364	1.5
2647.3520945473974	8000.0	39.60232337529774	0.0	3739359	10841.078886221694	0.78845453	8.0
2660.170520052235	12000.0	30.78389787046008	0.0	5257310	12818.425504837664	0.004705182	12.0
2660.487855014849	200.0	34.46656290784625	0.0	101968	317.3349626138314	0.24278553	0.2
2672.457004679879	12000.0	26.497413242815995	0.0	4828747	11969.149665030256	0.014202392	12.0
2677.4512298027757	4000.0	25.503188119919493	0.0	1830641	4994.2251228965	0.012094165	4.0
2681.8047503840103	4000.0	25.149667538684668	0.0	1697030	4353.520581234824	0.088871256	4.0
2686.6820312426867	4000.0	24.272386680008463	0.0	1910697	4877.2808586762085	0.009531065	4.0
2695.951396057157	8000.0	19.00302186553772	0.0	3682991	9269.364814470744	0.013304862	8.0
2701.1800681710292	4000.0	17.7743497516657	0.0	2042818	5228.672113872019	0.030541165	4.0
2705.7023751436436	4000.0	17.25204277905188	0.0	1750852	4522.306972613818	0.004705182	4.0
2710.8205646462807	4000.0	16.133853276414648	0.0	2034636	5118.189502637232	0.45365313	4.0

