18777.268087191816	600.0	4.0	0.8239790753250663	247108	823.9790753250663	-15.879581506501326
18779.55317158675	1500.0	5.7149156050655785	0.0	732405	2285.084394934422	1.5
18781.571630461865	1500.0	7.6964567299550275	0.0	643847	2018.458875110551	1.5
18783.81470292672	1500.0	9.453384265096062	0.0	718451	2243.0724648589658	1.5
18786.075373193737	1500.0	11.19271399808065	0.0	724296	2260.6702670154114	1.5
18787.927655767846	1500.0	13.34043142396958	0.0	689829	1852.2825741110705	1.5
18789.711967342177	1500.0	15.556119849641549	0.0	737903	1784.3115743280307	1.5
18791.594208875795	1500.0	17.67387831602143	0.0	780303	1882.2415336201175	1.5
18793.733193198914	1500.0	19.534893992898755	0.0	891463	2138.9843231226723	1.5
18799.927287925308	4000.0	17.340799266506533	0.0	2373154	6194.094726392223	4.0
18806.338994578877	4000.0	14.929092612937938	0.0	2094766	6411.706653568594	4.0
18811.159130019074	4000.0	14.108957172742517	0.0	1761739	4820.13544019542	4.0
18816.813003834046	4000.0	12.455083357770306	0.0	2131310	5653.873814972213	4.0
18821.045970529532	4000.0	12.222116662283112	0.0	1805063	4232.966695487195	4.0
18825.97716243453	4000.0	11.290924757286975	0.0	2157416	4931.191904996135	4.0
18832.25178184627	4000.0	9.016305345546069	0.0	2231719	6274.619411740908	4.0
18837.880745913517	4000.0	7.387341278300857	0.0	1835863	5628.9640672452115	4.0
18842.830110781382	4000.0	6.437976410434989	0.0	2192675	4949.364867865868	4.0
18847.534929790934	4000.0	5.733157400885799	0.0	2082556	4704.81900954919	4.0
18849.141394666203	1500.0	8.12669252561746	0.0	662349	1606.4648752683395	1.5
18851.176274198366	1500.0	10.091812993453717	0.0	835711	2034.8795321637426	1.5
18853.14257595275	1500.0	12.125511239067754	0.0	806394	1966.301754385965	1.5
18857.548311625265	4000.0	11.719775566553134	0.0	1849252	4405.735672514621	4.0
18861.64534548233	4000.0	11.62274170948866	0.0	1822097	4097.033857064474	4.0
18865.723303883115	4000.0	11.544783308705103	0.0	1836837	4077.9584007835565	4.0
18870.260131869392	4000.0	11.007955322426115	0.0	1984579	4536.827986278987	4.0
18875.228336664284	4000.0	10.039750527531215	0.0	2068230	4968.204794894899	4.0
18880.355068809364	4000.0	8.91301838245364	0.0	2055338	5126.732145077575	4.0
18886.205717710098	4000.0	7.062369481720795	0.0	2165436	5850.648900732845	4.0
18888.171199388977	1500.0	9.09688780284005	0.0	707527	1965.4816788807464	1.5
18890.316488084092	1500.0	10.951599107724327	0.0	757473	2145.2886951157216	1.5
18892.360404948948	1500.0	12.90768224287064	0.0	712239	2043.9168648536865	1.5
18894.187759583074	1500.0	15.080327608741113	0.0	633700	1827.3546341295282	1.5
18896.349976520312	1500.0	16.91811067150608	0.0	755142	2162.2169372350327	1.5
18900.696116113435	4000.0	16.57197107838008	0.0	1828568	4346.139593126001	4.0
18903.98535483123	4000.0	17.282732360586877	0.0	1785821	3289.238717793203	4.0
18907.832893524315	4000.0	17.435193667503334	0.0	2096494	3847.538693083541	4.0
18912.11504209885	4000.0	17.15304509297033	0.0	1955307	4282.148574533007	4.0
18917.41025353785	4000.0	15.857833653968198	0.0	2142800	5295.211439002131	4.0
18922.520109186364	4000.0	14.747978005456712	0.0	2094647	5109.855648511486	4.0
18927.32044916675	4000.0	13.947638025070967	0.0	1985434	4800.339980385747	4.0
18931.627665371587	4000.0	13.640421820232245	0.0	1830641	4307.216204838723	4.0
18935.483300496384	4000.0	13.784786695432132	0.0	1697030	3855.6351248001115	4.0
18939.81431238542	4000.0	13.453774806396467	0.0	1910697	4331.011889035666	4.0
18944.240573747647	4000.0	13.027513444169962	0.0	2171279	4426.2613622265035	4.0
18948.395106645497	4000.0	12.872980546316613	0.0	2042818	4154.532897853349	4.0
18952.568087993142	4000.0	12.699999198672488	0.0	1750852	4172.981347644124	4.0
18965.144584510726	8000.0	4.123502681087428	0.0	4346302	12576.496517585061	8.0

