15400.970760778197	600.0	4.0	0.8301476112776534	247108	830.1476112776534	-16.002952225553067
15403.27412813675	1500.0	5.696632641444997	0.0	732405	2303.367358555003	1.5
15405.308659309672	1500.0	7.662101468523508	0.0	643847	2034.531172921489	1.5
15407.56966640564	1500.0	9.401094372557203	0.0	718451	2261.007095966304	1.5
15409.848417211999	1500.0	11.122343566197396	0.0	724296	2278.7508063598075	1.5
15411.837426288583	1500.0	13.133334489612412	0.0	689829	1989.009076584983	1.5
15413.86170663902	1500.0	15.109054139174365	0.0	737903	2024.2803504380477	1.5
15415.99770558507	1500.0	16.97305519312338	0.0	780303	2135.998946050985	1.5
15418.42659696245	1500.0	18.544163815743758	0.0	891463	2428.89137737962	1.5
15420.517249752122	1500.0	20.453511026072462	0.0	763093	2090.6527896712996	1.5
15422.60252089921	1500.0	22.368239878983957	0.0	769316	2085.271147088506	1.5
15424.617325317664	1500.0	24.353435460530413	0.0	744416	2014.8044184535413	1.5
15426.272613166917	1500.0	26.69814761127765	0.0	606092	1655.2878492527618	1.5
15428.296761315065	1500.0	28.6739994631295	0.0	748011	2024.1481481481483	1.5
15430.337819144825	1500.0	30.632941633369917	0.0	754517	2041.0578297595841	1.5
15432.825618446073	1500.0	32.14514233212231	0.0	934743	2487.7993012476027	1.5
15434.78838152398	1500.0	34.18237925421478	0.0	735572	1962.763077907535	1.5
15436.845962071093	1500.0	36.124798707102315	0.0	772616	2057.580547112462	1.5
15438.838989746666	1500.0	38.131771031530405	0.0	747396	1993.0276755719087	1.5
15440.614331931914	1500.0	40.356428846280046	0.0	662349	1775.34218525036	1.5
15442.90071075286	1500.0	42.07005002533548	0.0	835711	2286.3788209445656	1.5
15445.181905668836	1500.0	43.788855109358344	0.0	806394	2281.1949159771393	1.5
15447.471106726585	1500.0	45.49965405160862	0.0	809327	2289.201057749723	1.5
15449.41218665493	1500.0	47.55857412326264	0.0	681795	1941.0799283459867	1.5
15451.82663073921	1500.0	49.144130038983874	0.0	855209	2414.4440842787685	1.5
15453.718857838367	1500.0	51.25190293982737	0.0	644861	1892.2270991565038	1.5
15456.044134428095	1500.0	52.92662635009919	0.0	794014	2325.2765897281824	1.5
15458.709505040657	1500.0	54.26125573753689	0.0	914284	2665.370612562299	1.5
15460.700244144966	1500.0	56.2705166332281	0.0	675709	1990.739104308791	1.5
15462.769871065024	1500.0	58.200889713169154	0.0	707527	2069.626920058943	1.5
15465.393022890776	1500.0	59.57773788741643	0.0	757473	2123.1518257527223	1.5
15469.39416385979	1500.0	59.57659691840197	0.0	712239	2001.1409690144644	1.5
15471.586305874018	1500.0	59.787301257725616	0.0	633700	1789.2956606763546	1.5
15475.568516620748	1500.0	59.80509051099639	0.0	755142	1982.2107467292221	1.5
15479.83707747847	1500.0	59.53652965327326	0.0	670327	1768.5608577231292	1.5
15483.385984908782	1500.0	59.98762222296074	0.0	785519	2048.9074303125217	1.5
15487.645861577608	1500.0	59.72774555413578	0.0	681043	1759.8766688249625	1.5
15490.141664183573	1500.0	59.51104527972391	0.0	866245	2216.7002744118645	1.5
15494.0844171941	1500.0	59.5682922691976	0.0	691256	1942.7530105263158	1.5
15498.120378457257	1500.0	59.532331006039705	0.0	725845	2035.9612631578946	1.5
15501.855204560143	1500.0	59.79750490315456	0.0	811013	2234.8261028851434	1.5
15506.01579816745	1500.0	59.63691129584863	0.0	657685	1660.593607305936	1.5
15509.939246857668	1500.0	59.71346260562993	0.0	767059	1923.4486902186975	1.5
15513.683950643994	1500.0	59.9687588193038	0.0	848035	2244.70378632613	1.5
15517.888385374707	1500.0	59.764324088591025	0.0	629438	1704.4347307127764	1.5
15521.376835798696	1500.0	59.713010637940194	0.0	763847	2051.3134506508377	1.5
15525.492627256606	1500.0	59.59721918003057	0.0	769491	2115.7914579096187	1.5
15529.211982052644	1500.0	59.87786438399241	0.0	808636	2219.3547960381634	1.5

