6057.442575064349	600.0	4.0	0.6286183690177196	247108	628.6183690177196	0.55661005	-11.972367380354394
6057.741520212614	200.0	7.701054851735191	0.0	98617	298.9451482648091	0.004705182	0.2
6058.057913568797	200.0	11.384661495552749	0.0	106476	316.3933561824414	0.004705182	0.2
6058.393742172735	200.0	15.048832891614747	0.0	115230	335.8286039380022	0.004705182	0.2
6058.690558191162	200.0	18.75201687318745	0.0	97658	296.81601842729685	0.004705182	0.2
6058.987374209591	200.0	22.455200854760154	0.0	97658	296.81601842729685	0.004705182	0.2
6059.324450541337	200.0	26.118124523013307	0.0	115792	337.0763317468467	0.004705182	0.2
6059.643503644699	200.0	29.79907141965116	0.0	107674	319.05310336214916	0.004705182	0.2
6079.943230535324	12000.0	13.499344529026617	0.0	6619479	20299.72689062454	0.005542619	12.0
6080.398617204957	200.0	17.043957859392698	0.0	105425	455.38666963391563	0.004705182	0.2
6080.818183244793	200.0	20.62439181955738	0.0	95365	419.56603983531767	0.004705182	0.2
6081.237667388556	200.0	24.204907675794168	0.0	95342	419.4841437632135	0.004705182	0.2
6083.475778437849	1500.0	25.966796626500745	0.0	606092	2238.1110492934245	0.004705182	1.5
6086.219220298314	1500.0	27.223354766035627	0.0	748011	2743.4418604651164	0.009017273	1.5
6089.057295682837	1500.0	28.385279381512635	0.0	754517	2838.0753845229924	0.004705182	1.5
6092.710386922056	1500.0	28.73218814229339	0.0	934743	3653.0912392192467	0.004705182	1.5
6095.602139317116	1500.0	29.840435747234018	0.0	735572	2891.752395059369	0.40475506	1.5
6098.6637696235575	1500.0	30.778805440792713	0.0	772616	3061.630306441308	0.004705182	1.5
6101.812448830106	1500.0	31.630126234243917	0.0	747396	3148.679206548795	0.004705182	1.5
6104.61193970747	1500.0	32.83063535687986	0.0	662349	2799.490877364058	0.004705182	1.5
6108.123225088158	1500.0	33.31934997619265	0.0	835711	3511.285380687212	0.004705182	1.5
6111.242238018109	1500.0	34.20033704624175	0.0	806394	3119.0129299508985	0.004705182	1.5
6114.337895214197	1500.0	35.10467985015419	0.0	809327	3095.657196087564	0.004705182	1.5
6116.958351665058	1500.0	36.484223399292524	0.0	681795	2620.4564508616677	0.010252396	1.5
6120.278767274836	1500.0	37.1638077895143	0.0	855209	3320.415609778224	0.42961726	1.5
6122.85321303554	1500.0	38.58936202881029	0.0	644861	2574.4457607040113	0.49619952	1.5
6136.139930412562	8000.0	29.302644651788647	0.0	4274504	13286.717377021643	0.10262761	8.0
6138.634997440231	1500.0	30.807577624119098	0.0	914284	2495.0670276695505	0.004705182	1.5
6140.503739314825	1500.0	32.93883574952468	0.0	675709	1868.7418745944217	0.013504437	1.5
6153.258325202244	8000.0	24.184249862106075	0.0	4435580	12754.585887418601	0.004705182	8.0
6155.939760765051	1500.0	25.5028142993002	0.0	757473	2681.4355628058725	0.004705182	1.5
6158.465846452352	1500.0	26.976728611998748	0.0	712239	2526.085687301451	0.004705182	1.5
6160.875224856595	1500.0	28.567350207755332	0.0	633700	2409.378404243415	0.04928627	1.5
6163.8615733603965	1500.0	29.581001703954694	0.0	755142	2986.348503800635	0.004705182	1.5
6178.75972749082	8000.0	18.682847573531188	0.0	3707853	14898.154130423507	0.3083268	8.0
6181.398429456182	1500.0	20.044145608168225	0.0	785519	2638.70196536296	0.004705182	1.5
6183.490744876312	1500.0	21.951830188038954	0.0	681043	2092.3154201292705	0.004705182	1.5
6195.555965621931	8000.0	13.886609442419104	0.0	3739359	12065.220745619852	0.5265825	8.0
6198.079753681502	1500.0	15.362821382849525	0.0	691256	2523.788059569579	0.004705182	1.5
6200.61018291489	1500.0	16.832392149460386	0.0	725845	2530.429233389141	0.4108384	1.5
6203.091583462673	1500.0	18.350991601677425	0.0	811013	2481.4005477829596	0.67451996	1.5
6208.592091272281	4000.0	16.850483792069017	0.0	1830641	5500.507809608409	0.6463527	4.0
6214.422519353575	4000.0	15.020055710775686	0.0	1697030	5830.428081293331	0.004705182	4.0
6221.32117654024	4000.0	12.121398524110358	0.0	1910697	6898.6571866653285	0.47504133	4.0
6223.588766522212	1500.0	13.853808542139335	0.0	629438	2267.589981971023	0.009097958	1.5
6230.776078029202	4000.0	10.666497035148693	0.0	2042818	7187.311506990644	0.016890287	4.0
6233.604137490833	1500.0	11.838437573517515	0.0	769491	2828.0594616311773	0.26978096	1.5
6240.948869420183	4000.0	8.493705644167614	0.0	2034636	7344.7319293498995	0.3801343	4.0

