11755.692990032829	600.0	4.0	0.564045004346176	247108	564.045004346176	0.24097104	-10.68090008692352
11755.966164944988	200.0	7.726825087841726	0.0	98617	273.17491215827425	0.004705182	0.2
11756.25473437974	200.0	11.438255653089458	0.0	106476	288.56943475226797	0.004705182	0.2
11756.560451498777	200.0	15.132538534053207	0.0	115230	305.7171190362508	0.004705182	0.2
11756.831747883492	200.0	18.861242149337055	0.0	97658	271.29638471615186	0.004705182	0.2
11757.10304426821	200.0	22.589945764620904	0.0	97658	271.29638471615186	0.004705182	0.2
11757.409862255257	200.0	26.283127777573732	0.0	115792	306.8179870471713	0.004705182	0.2
11757.700778380182	200.0	29.99221165264872	0.0	107674	290.91612492501315	0.004705182	0.2
11769.967453268575	12000.0	21.725536764256415	0.0	6619479	12266.674888392303	0.004705182	12.0
11770.221087040076	200.0	25.471902992755496	0.0	105425	253.63377150092126	0.06602866	0.2
11771.568141709802	1500.0	28.124848323028175	0.0	769316	1347.0546697273205	0.044896666	1.5
11771.80516889541	200.0	31.887821137422854	0.0	95342	237.02718560531977	0.004705182	0.2
11772.88339550045	1500.0	34.80959453238101	0.0	606092	1078.2266050418439	0.004705182	1.5
11774.195361078388	1500.0	37.497628954442426	0.0	748011	1311.9655779385878	0.010194618	1.5
11787.124282765539	12000.0	28.568707267290993	0.0	6464780	12928.921687151436	0.68942595	12.0
11789.480604338703	1500.0	30.212385694127317	0.0	934743	2356.3215731636787	0.004705182	1.5
11803.648211141437	12000.0	20.044778891394138	0.0	5964284	14167.606802733178	0.004705182	12.0
11803.96494164308	200.0	23.728048389751642	0.0	103142	316.7305016424955	0.004705182	0.2
11805.760357574569	1500.0	25.93263245826307	0.0	747396	1795.4159314885744	0.004705182	1.5
11806.037459323215	200.0	29.65553070961508	0.0	85876	277.10174864798955	0.12967835	0.2
11807.888979888854	1500.0	31.804010143977116	0.0	835711	1851.5205656379612	0.004705182	1.5
11809.598614233897	1500.0	34.094375798935246	0.0	806394	1709.6343450418703	0.004705182	1.5
11811.314175852123	1500.0	36.37881418070681	0.0	809327	1715.5616182284366	0.017416932	1.5
11812.772009204402	1500.0	38.92098082842762	0.0	681795	1457.8333522791863	0.004754264	1.5
11824.616580859534	12000.0	31.076409173296387	0.0	6078444	11844.571655131238	0.008034805	12.0
11825.915254203577	1500.0	33.77773582925406	0.0	644861	1298.673344042332	0.073583186	1.5
11834.633730461454	8000.0	29.059259571376007	0.0	4274504	8718.476257878054	0.004705182	8.0
11841.454566676945	8000.0	26.23842335588541	0.0	3354913	6820.836215490595	0.004891406	8.0
11849.894946752906	8000.0	21.798043279923593	0.0	3811227	8440.380075961817	0.04052271	8.0
11852.051671083775	1500.0	23.641318949054597	0.0	707527	2156.724330868999	0.48126954	1.5
11854.354996284192	1500.0	25.33799374863633	0.0	757473	2303.325200418264	0.009587055	1.5
11856.52555121806	1500.0	27.16743881476977	0.0	712239	2170.554933866559	0.06499407	1.5
11865.429209701682	8000.0	22.263780331146876	0.0	3713878	8903.6584836229	0.004705182	8.0
11867.252859420989	1500.0	24.440130611839006	0.0	755142	1823.6497193078667	0.010619899	1.5
11875.061304727138	8000.0	20.631685305688787	0.0	3707853	7808.445306150218	0.004705182	8.0
11879.24145647223	4000.0	20.451533560599206	0.0	1785821	4180.151745089584	0.48583537	4.0
11891.107549932243	8000.0	12.585440100584506	0.0	4018228	11866.093460014697	0.041037645	8.0
11893.401417834168	1500.0	14.29157219865974	0.0	866245	2293.8679019247666	0.007691282	1.5
11895.24806522655	1500.0	16.44492480627894	0.0	691256	1846.6473923808003	0.38221633	1.5
11900.539793198537	4000.0	15.153196834291846	0.0	2094647	5291.727971987095	0.14647542	4.0
11905.388602157615	4000.0	14.304387875214175	0.0	1985434	4848.808959077672	0.05357338	4.0
11909.671935740556	4000.0	14.021054292271888	0.0	1830641	4283.333582942288	0.12546702	4.0
11917.461502304022	8000.0	10.231487728804398	0.0	3735285	7789.5665634674915	0.6863995	8.0
11921.080999186575	4000.0	10.611990846252347	0.0	1910697	3619.4968825520505	0.641876	4.0
11925.003885848375	4000.0	10.68910418445283	0.0	2171279	3922.8866617995177	0.047290582	4.0
11928.699412938484	4000.0	10.993577094344204	0.0	2042818	3695.527090108626	0.17267777	4.0
11932.593780443405	4000.0	11.099209589421802	0.0	1750852	3894.3675049224025	0.5135497	4.0
11937.136863757318	4000.0	10.556126275510557	0.0	2034636	4543.083313911244	0.477118	4.0

