10449.781079758746	600.0	4.0	0.7248433448045276	247108	724.8433448045276	-13.896866896090552
10450.669318142123	600.0	7.111761616622902	0.0	309722	888.2383833770979	0.6
10451.502038119941	600.0	10.279041638804168	0.0	288447	832.7199778187335	0.6
10453.456879670674	1500.0	12.324200088072676	0.0	718451	1954.8415507314926	1.5
10455.426974104155	1500.0	14.354105654592011	0.0	724296	1970.0944334806647	1.5
10457.30712480629	1500.0	16.473954952457063	0.0	689829	1880.150702134947	1.5
10459.31272753328	1500.0	18.46835222546605	0.0	737903	2005.6027269910135	1.5
10462.443926573002	1500.0	19.337153185745944	0.0	780303	3131.199039720104	1.5
10466.212897994183	1500.0	19.568181764563995	0.0	891463	3768.971421181947	1.5
10469.450660311524	1500.0	20.33041944722273	0.0	763093	3237.7623173412644	1.5
10471.876882880779	1500.0	21.904196877968023	0.0	769316	2426.222569254712	1.5
10474.1088795563	1500.0	23.67220020244812	0.0	744416	2231.9966755199016	1.5
10475.941001983892	1500.0	25.840077774854933	0.0	606092	1832.1224275931847	1.5
10480.981105826882	4000.0	24.799973931864848	0.0	1805063	5040.103842990088	4.0
10482.712737583686	1500.0	27.06834217506187	0.0	754517	1731.6317568029772	1.5
10487.677952857379	4000.0	26.10312690136945	0.0	2231719	4965.215273692419	4.0
10491.854006223082	4000.0	25.927073535666295	0.0	1835863	4176.053365703155	4.0
10497.00670720631	4000.0	24.774372552438997	0.0	2192675	5152.700983227299	4.0
10502.088725425025	4000.0	23.69235433372506	0.0	2082556	5082.018218713937	4.0
10507.869891320684	4000.0	21.9111884380663	0.0	2164412	5781.165895658759	4.0
10510.151194516115	1500.0	23.629885242636373	0.0	835711	2281.3031954299263	1.5
10514.402058555508	4000.0	23.379021203243727	0.0	1950922	4250.864039392647	4.0
10518.317686245422	4000.0	23.463393513329283	0.0	1849252	3915.627689914442	4.0
10522.25746139493	4000.0	23.523618363823818	0.0	1822097	3939.775149505465	4.0
10526.402665350943	4000.0	23.37841440781026	0.0	1836837	4145.203956013556	4.0
10530.87484516974	4000.0	22.906234589012282	0.0	1984579	4472.17981879798	4.0
10535.365321810612	4000.0	22.41575794813954	0.0	2068230	4490.476640872742	4.0
10539.818265083399	4000.0	21.96281467535424	0.0	2055338	4452.943272785298	4.0
10548.219020944334	4000.0	17.562058814417767	0.0	2165436	8400.755860936477	4.0
10551.52430855069	1500.0	18.25677120806244	0.0	707527	3305.2876063553263	1.5
10553.387069869863	1500.0	20.39400988888972	0.0	757473	1862.7613191727223	1.5
10555.143370066975	1500.0	22.63770969177872	0.0	712239	1756.300197111	1.5
10556.71482368705	1500.0	25.066256071702817	0.0	633700	1571.4536200759026	1.5
10558.572098848123	1500.0	27.208980910630768	0.0	755142	1857.2751610720486	1.5
10562.840983136826	4000.0	26.940096621927243	0.0	1828568	4268.884288703528	4.0
10566.685311705432	4000.0	27.095768053321745	0.0	1785821	3844.328568605494	4.0
10571.184507278847	4000.0	26.596572479907607	0.0	2096494	4499.195573414137	4.0
10575.547650611206	4000.0	26.233429147546666	0.0	1955307	4363.143332360942	4.0
10580.366261845173	4000.0	25.414817913579398	0.0	2142800	4818.611233967271	4.0
10585.472863014871	4000.0	24.308216743881378	0.0	2094647	5106.60116969802	4.0
10590.557186334394	4000.0	23.223893424358387	0.0	1985434	5084.323319522992	4.0
10594.891959857423	4000.0	22.88911990132913	0.0	1830641	4334.7735230292565	4.0
10598.707134699913	4000.0	23.07394505883869	0.0	1697030	3815.1748424904395	4.0
10603.015678301424	4000.0	22.765401457327204	0.0	1910697	4308.543601511486	4.0
10608.139665815035	4000.0	21.64141394371559	0.0	2171279	5123.987513611615	4.0
10613.298260431337	4000.0	20.482819327415037	0.0	2042818	5158.594616300554	4.0
10623.017267992893	4000.0	14.76381176585716	0.0	1750852	9719.007561557877	4.0
10624.799659571841	1500.0	16.981420186909787	0.0	808636	1782.3915789473685	1.5

