2537.7663212735206	600.0	4.0	0.9177252309517755	247108	917.7252309517755	-17.754504619035508
2540.329260505659	1500.0	5.437060767861683	0.0	732405	2562.939232138317	1.5
2542.591977685081	1500.0	7.174343588439698	0.0	643847	2262.717179421985	1.5
2545.107611213346	1500.0	8.658710060174592	0.0	718451	2515.6335282651075	1.5
2547.589412884674	1500.0	10.176908388846513	0.0	724296	2481.8016713280786	1.5
2549.6899646466877	1500.0	12.076356626832785	0.0	689829	2100.55176201373	1.5
2551.931328124949	1500.0	13.834993148571915	0.0	737903	2241.363478260869	1.5
2554.296883822889	1500.0	15.469437450631412	0.0	780303	2365.5556979405033	1.5
2556.9880340288387	1500.0	16.778287244681756	0.0	891463	2691.1502059496565	1.5
2559.469779245599	1500.0	18.296542027921234	0.0	763093	2481.7452167605243	1.5
2562.030043612489	1500.0	19.736277661031576	0.0	769316	2560.264366889659	1.5
2564.510030716543	1500.0	21.25629055697741	0.0	744416	2479.987104054163	1.5
2566.544063117607	1500.0	23.222258155913497	0.0	606092	2034.0324010639156	1.5
2568.942772903806	1500.0	24.82354836971445	0.0	748011	2398.7097861990446	1.5
2571.2436143468053	1500.0	26.52270692671513	0.0	754517	2300.841442999319	1.5
2574.0749320678824	1500.0	27.691389205638586	0.0	934743	2831.3177210765466	1.5
2576.320010895675	1500.0	29.44631037784558	0.0	735572	2245.0788277930055	1.5
2578.762188955723	1500.0	31.00413231779728	0.0	772616	2442.178060048303	1.5
2581.544576698373	1500.0	32.22174457514739	0.0	747396	2782.3877426498843	1.5
2584.019456814077	1500.0	33.74686445944379	0.0	662349	2474.8801157036	1.5
2587.1211684138148	1500.0	34.64515285970594	0.0	835711	3101.7115997378587	1.5
2589.7209416310493	1500.0	36.045379642471396	0.0	806394	2599.7732172345395	1.5
2591.959075026603	1500.0	37.80724624691791	0.0	809327	2238.1333955534815	1.5
2593.857134424623	1500.0	39.90918684889785	0.0	681795	1898.059398020066	1.5
2596.2176157419126	1500.0	41.54870553160843	0.0	855209	2360.481317289424	1.5
2598.017187756179	1500.0	43.749133517342244	0.0	644861	1799.5720142661912	1.5
2600.2478431352442	1500.0	45.51847813827705	0.0	794014	2230.655379065193	1.5
2602.833288525485	1500.0	46.93303274803606	0.0	914284	2585.445390240978	1.5
2604.764958246484	1500.0	49.001363027036525	0.0	675709	1931.6697209995377	1.5
2606.7838199794046	1500.0	50.982501294116524	0.0	707527	2018.8617329199994	1.5
2608.9395505358643	1500.0	52.82677073765704	0.0	757473	2155.7305564594863	1.5
2611.229015020264	1500.0	54.537306253257356	0.0	712239	2289.4644843996853	1.5
2613.3319191342257	1500.0	56.434402139295415	0.0	633700	2102.904113961933	1.5
2615.822491737075	1500.0	57.94382953644637	0.0	755142	2490.5726028490485	1.5
2618.0423169635224	1500.0	59.724004309998904	0.0	670327	2219.825226447468	1.5
2622.054604202959	1500.0	59.71171707056197	0.0	785519	3012.287239436944	1.5
2625.83320930467	1500.0	59.93311196885063	0.0	681043	3278.6051017113336	1.5
2629.9484547852276	1500.0	59.8178664882932	0.0	866245	4115.245480557431	1.5
2634.1171175616523	1500.0	59.64920371186882	0.0	691256	2168.6627764243767	1.5
2637.89029264144	1500.0	59.87602863208109	0.0	725845	2273.1750797877366	1.5
2641.8942162574904	1500.0	59.872105016030915	0.0	811013	2503.9236160501673	1.5
2645.7806089515543	1500.0	59.985712321966986	0.0	657685	1886.392694063927	1.5
2649.967407454661	1500.0	59.7989138188599	0.0	767059	2186.798503107083	1.5
2653.882513216067	1500.0	59.88380805745454	0.0	848035	2915.1057614053652	1.5
2658.1268784779354	1500.0	59.639442795586106	0.0	629438	2244.365261868432	1.5
2661.7809657091293	1500.0	59.98535556439186	0.0	763847	2654.0872311942408	1.5
2666.0516094584623	1500.0	59.7147118150591	0.0	769491	2270.643749332764	1.5
2669.9336940817852	1500.0	59.83262719173609	0.0	808636	2382.0846233230136	1.5

