16896.87970228368	600.0	4.0	0.6755665351128252	247108	675.5665351128251	0.012558215	-12.911330702256503
16897.197383722538	200.0	7.682318561142409	0.0	98617	317.6814388575905	0.004705182	0.2
16897.534006504447	200.0	11.345695779230562	0.0	106476	336.6227819118489	0.004705182	0.2
16897.891727710725	200.0	14.98797457295213	0.0	115230	357.7212062784322	0.004705182	0.2
16898.20709781888	200.0	18.672604464796795	0.0	97658	315.370108155334	0.004705182	0.2
16898.522467927032	200.0	22.35723435664146	0.0	97658	315.370108155334	0.004705182	0.2
16898.88154363576	200.0	25.99815864790769	0.0	115792	359.0757087337692	0.004705182	0.2
16899.221053773443	200.0	29.658648510228062	0.0	107674	339.51013767963127	0.004705182	0.2
16916.604193158462	12000.0	16.275509125209616	0.0	6619479	17383.139385018443	0.08128178	12.0
16916.979434087523	200.0	19.900268196149355	0.0	105425	375.2409290602629	0.004705182	0.2
16917.281909368496	200.0	23.59779291517424	0.0	95365	302.4752809751137	0.040282283	0.2
16917.57978725181	200.0	27.299915031863517	0.0	95342	297.87788331071914	0.004705182	0.2
16919.044843596876	1500.0	29.834858686794604	0.0	606092	1465.0563450689137	0.004705182	1.5
16920.834216731204	1500.0	32.045485552466246	0.0	748011	1789.3731343283582	0.004705182	1.5
16922.638457536745	1500.0	34.24124474692457	0.0	754517	1804.2408055416697	0.004705182	1.5
16924.854555230097	1500.0	36.02514705357315	0.0	934743	2216.0976933514253	0.004705182	1.5
16938.179204733453	12000.0	26.700497550215164	0.0	5964284	13324.649503357985	0.004705182	12.0
16940.500417272207	1500.0	28.37928501146215	0.0	772616	2321.212538753014	0.015460985	1.5
16942.74847137232	1500.0	30.13123091134793	0.0	747396	2248.054100114219	0.004705182	1.5
16943.077581367426	200.0	33.80212091624305	0.0	85876	329.10999510488244	0.004939659	0.2
16945.581820539242	1500.0	35.29788174442442	0.0	835711	2504.239171818627	0.004705182	1.5
16955.739471060126	8000.0	29.14023122354012	0.0	3905272	10157.650520884301	0.6616569	8.0
16957.841840574416	1500.0	31.037861709249942	0.0	809327	2102.3695142901765	0.004705182	1.5
16959.72227120089	1500.0	33.157431082773826	0.0	681795	1880.4306264761196	0.004705182	1.5
16973.27939100812	8000.0	23.60031127554507	0.0	4925863	13557.11980722875	0.004705182	8.0
16975.211508477783	1500.0	25.668193805881828	0.0	644861	1932.117469663244	0.004705182	1.5
16977.572011098593	1500.0	27.307691185073327	0.0	794014	2360.5026208085014	0.004705182	1.5
16979.809133009414	1500.0	29.070569274253128	0.0	914284	2237.121910820199	0.5188006	1.5
16988.03702413861	8000.0	24.84267814505924	0.0	3811227	8227.89112919389	0.33298555	8.0
16989.841314760404	1500.0	27.03838752326467	0.0	707527	1804.290621794569	0.28341827	1.5
17000.037454271263	8000.0	20.842248012405435	0.0	4025712	10196.139510859235	0.006956751	8.0
17001.651811422777	1500.0	23.22789086089273	0.0	712239	1614.3571515127037	0.0065376037	1.5
17009.847802313812	8000.0	19.031899969855747	0.0	3713878	8195.990891036987	0.0062386603	8.0
17011.76568974916	1500.0	21.11401253450436	0.0	755142	1917.8874353513843	0.7436182	1.5
17020.67230166723	8000.0	16.207400616440168	0.0	3707853	8906.611918064193	0.09479092	8.0
17022.461577337024	1500.0	18.418124946645527	0.0	785519	1789.2756697946418	0.19361521	1.5
17031.942879289873	8000.0	12.936822993795072	0.0	4018228	9481.301952850454	0.09387722	8.0
17034.49230878779	1500.0	14.38739349587967	0.0	866245	2549.429497915404	0.019063683	1.5
17040.491890625257	4000.0	12.387811658410573	0.0	2142800	5999.581837469094	0.7028389	4.0
17042.352886822042	1500.0	14.526815461624903	0.0	725845	1860.9961967856705	0.12652813	1.5
17047.304519750516	4000.0	13.575182533149869	0.0	1985434	4951.632928475034	0.615387	4.0
17051.563501358345	4000.0	13.316200925321144	0.0	1830641	4258.981607828727	0.10784421	4.0
17055.244100740398	4000.0	13.635601543268127	0.0	1697030	3680.599382053016	0.6889032	4.0
17059.378038760053	4000.0	13.501663523615822	0.0	1910697	4133.938019652305	0.38357648	4.0
17067.229236476323	8000.0	9.650465807341485	0.0	3682991	7851.197716274337	0.131437	8.0
17072.148996723365	4000.0	8.730705560300917	0.0	2042818	4919.760247040567	0.021429328	4.0
17077.052031346233	4000.0	7.82767093743364	0.0	1750852	4903.034622867277	0.015259644	4.0
17082.10303361854	4000.0	6.776668665125194	0.0	2034636	5051.002272308447	0.31493258	4.0

