15674.115386121786	600.0	4.0	0.7804070931283105	247108	780.4070931283105	-15.00814186256621
15676.271327236775	1500.0	5.844058885011249	0.0	732405	2155.941114988751	1.5
15678.176258059288	1500.0	7.9391280624988925	0.0	643847	1904.9308225123564	1.5
15680.292647720753	1500.0	9.822738401034561	0.0	718451	2116.389661464331	1.5
15681.27498434319	600.0	12.840401778596608	0.0	318350	982.3366224379529	0.6
15682.292975095905	600.0	15.822411025881767	0.0	330929	1017.99075271484	0.6
15683.302488107649	600.0	18.812898014136653	0.0	327938	1009.5130117451151	0.6
15683.687681113726	200.0	22.427705008060368	0.0	107674	385.1930060762813	0.2
15692.864377712867	8000.0	17.25100840891778	0.0	3448932	9176.69659914259	8.0
15695.173947299214	1500.0	18.941438822571058	0.0	763093	2309.569586346725	1.5
15695.572880454183	200.0	22.54250566760262	0.0	95365	398.93315496843775	0.2
15696.608104734105	600.0	25.50728138768121	0.0	285624	1035.224279921408	0.6
15698.715083539339	1500.0	27.400302582447317	0.0	606092	2106.978805233895	1.5
15699.68738402845	600.0	30.428002093337327	0.0	266809	972.3004891099871	0.6
15700.65066817209	600.0	33.46471794969785	0.0	264113	963.2841436394799	0.6
15701.046297117367	200.0	37.069089004419645	0.0	94377	395.6289452782074	0.2
15706.693114181355	4000.0	35.42227194043175	0.0	1835863	5646.817063987891	4.0
15717.456211160177	12000.0	28.659174961609416	0.0	4055239	10763.09697882233	12.0
15718.442579461105	600.0	31.67280666068103	0.0	330105	986.368300928389	0.6
15719.376076621023	600.0	34.739309500761344	0.0	310849	933.4971599196884	0.6
15733.155354292761	12000.0	24.960031829024366	0.0	5251330	13779.277671736976	12.0
15733.481936235936	200.0	28.633449885850073	0.0	97742	326.58194317429286	0.2
15746.926090139768	12000.0	19.189295982017192	0.0	5141915	13444.153903832881	12.0
15747.235335252552	200.0	22.880050869235237	0.0	85752	309.2451127819549	0.2
15748.242824642693	600.0	25.872561479093214	0.0	346939	1007.4893901420216	0.6
15748.914723055392	600.0	29.200663066394803	0.0	221407	671.8984126984127	0.6
15762.801267827579	12000.0	19.314118294207926	0.0	5138482	13886.544772186879	12.0
15771.602163966407	8000.0	14.513222155381568	0.0	3354913	8800.896138826358	8.0
15771.92252837576	200.0	18.19285774602839	0.0	93993	320.3644093531734	0.2
15772.776743537108	600.0	21.33864258468136	0.0	302752	854.215161347036	0.6
15773.471436905817	600.0	24.643949215972615	0.0	240372	694.6933687087443	0.6
15783.308396675	8000.0	18.80698944678876	0.0	3568902	9836.959769183859	8.0
15785.159528786726	1500.0	20.955857335062376	0.0	633700	1851.1321117263788	1.5
15787.840854977112	1500.0	22.274531144675937	0.0	755142	2681.3261903864422	1.5
15790.504314449592	1500.0	23.61107167219611	0.0	670327	2663.459472479826	1.5
15791.647043583638	600.0	26.468342538148175	0.0	275745	1142.7291340479346	0.6
15792.825237489456	600.0	29.290148632331	0.0	284947	1178.1939058171745	0.6
15799.882423914065	4000.0	26.232962207720945	0.0	1955307	7057.186424610056	4.0
15800.250721127686	200.0	29.864664994098653	0.0	86718	368.29721362229105	0.2
15801.275245407198	600.0	32.840140714588195	0.0	284107	1024.524279510462	0.6
15811.190769569559	8000.0	26.92461655222722	0.0	3189942	9915.524162360976	8.0
15816.48061215507	4000.0	25.63477396671647	0.0	1830641	5289.8425855107525	4.0
15821.506949703786	4000.0	24.608436417999737	0.0	1697030	5026.337548716731	4.0
15827.131162009475	4000.0	22.984224112311782	0.0	1910697	5624.2123056879545	4.0
15828.862417625149	1500.0	25.25296849663708	0.0	629438	1731.2556156747007	1.5
15830.946279241805	1500.0	27.16910687997861	0.0	763847	2083.861616658469	1.5
15835.619430906012	4000.0	26.495955215771364	0.0	1750852	4673.151664207247	4.0
15853.174404812049	12000.0	12.940981309734914	0.0	5646381	17554.973906036448	12.0

