21640.76339620456	600.0	4.0	0.7731743749780847	247108	773.1743749780848	0.008489597	-14.863487499561694
21641.120031430197	200.0	7.643364774360952	0.0	98617	356.6352256390477	0.004705182	0.2
21641.49871230961	200.0	11.264683894947229	0.0	106476	378.6808794137242	0.004705182	0.2
21641.901949449762	200.0	14.86144675479505	0.0	115230	403.2371401521792	0.004705182	0.2
21642.255894539	200.0	18.507501665556298	0.0	97658	353.9450892387531	0.004705182	0.2
21642.609839628243	200.0	22.153556576317545	0.0	97658	353.9450892387531	0.004705182	0.2
21643.01465326126	200.0	25.748742943300957	0.0	115792	404.8136330165855	0.004705182	0.2
21643.396694707313	200.0	29.36670149724745	0.0	107674	382.0414460535082	0.004705182	0.2
21643.74403928461	200.0	33.01935691994811	0.0	95305	347.3445772993443	0.004705182	0.2
21644.119771954054	200.0	36.64362425049967	0.0	105425	375.7326694484379	0.009374991	0.2
21644.4672848402	200.0	40.29611136435359	0.0	95365	347.5128861460781	0.004705182	0.2
21644.814733207957	200.0	43.94866299659877	0.0	95342	347.4483677548301	0.004705182	0.2
21645.182033604182	200.0	47.58136260037169	0.0	102419	367.3003962270767	0.007503277	0.2
21645.488877462663	200.0	51.274518741891384	0.0	80867	306.8438584803114	0.004705182	0.2
21645.80100341378	200.0	54.962392790771084	0.0	82750	312.1259511203058	0.009025574	0.2
21660.827063934837	12000.0	43.93633226971494	0.0	5443841	15026.060521056139	0.09896147	12.0
21661.150881080794	200.0	47.61251512375726	0.0	89871	323.81714595767767	0.004705182	0.2
21674.48547167639	12000.0	38.27792452816114	0.0	4055239	13334.590595596128	0.004705182	12.0
21674.872831645967	200.0	41.890564558586455	0.0	90919	387.3599695746794	0.004705182	0.2
21675.243143294214	200.0	45.520252910336964	0.0	85876	370.3116482494877	0.0068986365	0.2
21675.71074835665	200.0	49.052647847901675	0.0	114656	467.60506243529335	0.02068187	0.2
21676.121174099855	200.0	52.64222210469983	0.0	97742	410.42574320184247	0.13002704	0.2
21691.395193716988	12000.0	41.368202487566	0.0	5141915	15274.01961713383	0.0047417744	12.0
21691.711104238144	200.0	45.05229196640848	0.0	85752	315.9105211575165	0.004705182	0.2
21692.06571176703	200.0	48.69768443752331	0.0	94556	354.607528885181	0.004705182	0.2
21702.991502463065	8000.0	41.77189374148776	0.0	3253093	10925.790696035549	0.004705182	8.0
21717.253013958576	12000.0	31.510382245975336	0.0	5138482	14261.51149551242	0.034499843	12.0
21728.503667048528	8000.0	24.259729156023926	0.0	3354913	11250.65308995141	0.004705182	8.0
21728.94892777765	200.0	27.81446842690533	0.0	93993	445.2607291185971	0.019472146	0.2
21729.406196376	200.0	31.357199828552037	0.0	97083	457.2685983532898	0.007989279	0.2
21729.851414358658	200.0	34.91198184589351	0.0	93982	445.2179826585384	0.027625049	0.2
21741.044631512315	8000.0	27.718764692234657	0.0	3568902	11193.217153658847	0.012307479	8.0
21743.06958870197	1500.0	29.693807502582917	0.0	633700	2024.9571896517423	0.027089635	1.5
21743.475433517382	200.0	33.28796268716922	0.0	89422	405.84481541369655	0.044802587	0.2
21743.94979458231	200.0	36.813601622239474	0.0	108225	474.361064929741	0.015487162	0.2
21744.349696197016	200.0	40.41370000753634	0.0	87791	399.90161470313603	0.11307854	0.2
21744.801694648355	200.0	43.96170155619379	0.0	102088	451.9984513425494	0.35659847	0.2
21745.17467513072	200.0	47.58872107383254	0.0	80403	372.98048236124714	0.15980342	0.2
21763.67034115109	12000.0	33.09305505346056	0.0	5257310	18495.66602037198	0.037689257	12.0
21764.00921299153	200.0	36.75418321302135	0.0	101968	338.87184043920473	0.069248475	0.2
21776.643107959666	12000.0	28.120288244885767	0.0	4828747	12633.894968135584	0.23055637	12.0
21781.81591410784	4000.0	26.947482096710573	0.0	1830641	5172.806148175195	0.010507979	4.0
21786.537963283725	4000.0	26.225432920827252	0.0	1697030	4722.049175883319	0.02724595	4.0
21791.80162307754	4000.0	24.96177312701282	0.0	1910697	5263.659793814433	0.01590611	4.0
21802.919383849283	8000.0	17.844012355269893	0.0	3682991	11117.760771742925	0.0053039608	8.0
21809.118713107448	4000.0	15.644683097102778	0.0	2042818	6199.329258167116	0.11478636	4.0
21814.553011809963	4000.0	14.210384394585494	0.0	1750852	5434.298702517282	0.004705182	4.0
21821.804956909215	4000.0	10.958439295336746	0.0	2034636	7251.94509924875	0.05440122	4.0

