8628.023998912664	600.0	4.0	0.5360397706956412	247108	536.0397706956412	0.11846969	-10.120795413912825
8628.285997367051	200.0	7.738001545612883	0.0	98617	261.9984543871184	0.004705182	0.2
8628.562499668167	200.0	11.461499244495197	0.0	106476	276.50230111768576	0.004705182	0.2
8628.855157545604	200.0	15.168841367059992	0.0	115230	292.65787743520536	0.004705182	0.2
8629.115386157897	200.0	18.908612754766605	0.0	97658	260.22861229338963	0.004705182	0.2
8629.37561477019	200.0	22.648384142473212	0.0	97658	260.22861229338963	0.004705182	0.2
8629.669309823073	200.0	26.354689089587875	0.0	115792	293.6950528853363	0.004705182	0.2
8629.948023042676	200.0	30.075975869983967	0.0	107674	278.7132196039079	0.004705182	0.2
8643.206041267224	12000.0	20.817957645436763	0.0	6619479	13258.0182245472	0.004705182	12.0
8643.526961070122	200.0	24.497037842537384	0.0	105425	320.91980289937874	0.004705182	0.2
8645.365020914442	1500.0	26.65897799821831	0.0	769316	1838.0598443190745	0.01337755	1.5
8645.662898797753	200.0	30.36110011490759	0.0	95342	297.87788331071914	0.004705182	0.2
8647.127955142822	1500.0	32.89604376983868	0.0	606092	1465.0563450689137	0.004705182	1.5
8648.909393637776	1500.0	35.114605274884454	0.0	748011	1781.4384949542239	0.004705182	1.5
8650.669411450686	1500.0	37.354587461975655	0.0	754517	1760.0178129087924	0.004705182	1.5
8652.830722926095	1500.0	39.19327598656582	0.0	934743	2161.3114754098365	0.004705182	1.5
8664.975700118413	12000.0	31.04829879424745	0.0	5964284	12144.97719231837	0.004705182	12.0
8666.491322360249	1500.0	33.53267655241162	0.0	772616	1515.622241835834	0.004705182	1.5
8674.393387274311	8000.0	29.63061163834829	0.0	3873892	7902.064914063328	0.9490141	8.0
8674.653863020703	200.0	33.370135891957105	0.0	85876	260.47574639118386	0.0053951093	0.2
8676.490181043111	1500.0	35.53381786954895	0.0	835711	1836.3180224081545	0.039230406	1.5
8684.830383987146	8000.0	31.193614925513888	0.0	3905272	8340.202944035062	0.004705182	8.0
8686.62753824846	1500.0	33.39646066419923	0.0	809327	1797.1542613146623	0.0047114324	1.5
8688.154107051421	1500.0	35.869891861239445	0.0	681795	1526.5688029597804	0.58196443	1.5
8698.532659992206	8000.0	29.49133892045307	0.0	4925863	10378.552940786376	0.004705182	8.0
8699.964439769516	1500.0	32.05955914314488	0.0	644861	1431.7797773081966	0.008456021	1.5
8709.10683230675	8000.0	26.917166605910552	0.0	4274504	9142.392537234326	0.004705182	8.0
8715.728543775964	8000.0	24.295455136696837	0.0	3354913	6621.711469213715	0.15650226	8.0
8717.11663137427	1500.0	26.90736753839073	0.0	675709	1388.08759830611	0.015201427	1.5
8725.312023617875	8000.0	22.71197529478504	0.0	4435580	8195.392243605686	0.004705182	8.0
8726.741160673713	1500.0	25.28283823894748	0.0	757473	1429.1370558375636	0.94598323	1.5
8733.819972504456	8000.0	22.204026408204516	0.0	3568902	7078.811830742961	0.00985348	8.0
8742.06960798598	8000.0	17.954390926678663	0.0	3713878	8249.635481525856	0.03755654	8.0
8743.954117215922	1500.0	20.06988169673661	0.0	755142	1884.5092299420517	0.116533905	1.5
8752.341499565793	8000.0	15.682499346866104	0.0	3707853	8387.382349870504	0.11791829	8.0
8755.78355917491	4000.0	16.240439737749416	0.0	1785821	3442.0596091166885	0.7197209	4.0
8759.810504472427	4000.0	16.213494440233323	0.0	2096494	4026.9452975160907	0.43934223	4.0
8767.550520252931	8000.0	12.47347865972792	0.0	3739359	7740.015780505404	0.22509201	8.0
8771.900129848942	4000.0	12.123869063718029	0.0	2142800	4349.609596009891	0.5609832	4.0
8775.841586204368	4000.0	12.182412708293567	0.0	2094647	3941.4563554244637	0.07825186	4.0
8779.581709718053	4000.0	12.442289194605667	0.0	1985434	3740.123513687898	0.1751498	4.0
8783.347243352491	4000.0	12.676755560169314	0.0	1830641	3765.5336344363554	0.12405697	4.0
8791.28687372947	8000.0	8.7371251831888	0.0	3735285	7939.630376980514	0.36256608	8.0
8795.343660679546	4000.0	8.680338233114654	0.0	1910697	4056.786950074147	0.16212672	4.0
8799.94280421312	4000.0	8.081194699540232	0.0	2171279	4599.143533574421	0.024334759	4.0
8804.597531052641	4000.0	7.426467860018529	0.0	2042818	4654.726839521703	0.014523511	4.0
8808.7004551569	4000.0	7.323543755760613	0.0	1750852	4102.924104257916	0.020040374	4.0
8813.871068971332	4000.0	6.1529299413276926	0.0	2034636	5170.613814432921	0.014698557	4.0

