24109.433749949392	600.0	4.0	0.6527799266953511	247108	652.7799266953512	-12.455598533907024
24110.231664968152	600.0	7.202084981239225	0.0	309722	797.9150187607748	0.6
24110.980265950373	600.0	10.45348399901488	0.0	288447	748.600982224347	0.6
24111.70857342426	600.0	13.72517652512785	0.0	279692	728.3074738870298	0.6
24112.01493818008	200.0	17.418811769307663	0.0	97658	306.3647558201863	0.2
24113.69391597138	1500.0	19.739833978008605	0.0	689829	1678.9777912990571	1.5
24118.517451109805	4000.0	18.91629883958451	0.0	2046450	4823.535138424095	4.0
24123.688703623284	4000.0	17.745046326106554	0.0	2058614	5171.252513477956	4.0
24128.42177742651	4000.0	17.01197252288383	0.0	1857129	4733.073803222725	4.0
24134.418973104934	4000.0	15.014776844455591	0.0	2373154	5997.195678428238	4.0
24139.717354847573	4000.0	13.716395101817273	0.0	2094766	5298.381742638318	4.0
24144.26056087709	4000.0	13.173189072303055	0.0	1761739	4543.206029514219	4.0
24149.740041528177	4000.0	11.693708421216856	0.0	2131310	5479.480651086199	4.0
24154.173223015696	4000.0	11.260526933697838	0.0	1805063	4433.1814875190175	4.0
24159.451424355957	4000.0	9.982325593437315	0.0	2157416	5278.201340260523	4.0
24165.397241220377	4000.0	8.036508729016116	0.0	2231719	5945.8168644212	4.0
24170.340774064338	4000.0	7.0929758850542015	0.0	1835863	4943.532843961914	4.0
24176.074366097084	4000.0	5.359383852308528	0.0	2192675	5733.592032745673	4.0
24178.081451538797	1500.0	7.352298410596471	0.0	747396	2007.0854417120572	1.5
24179.869251841763	1500.0	9.564498107634535	0.0	662349	1787.8003029619365	1.5
24182.18314420012	1500.0	11.250605749274907	0.0	835711	2313.8923583596265	1.5
24187.53555011864	4000.0	9.898199830755889	0.0	1950922	5352.405918519019	4.0
24192.877516732988	4000.0	8.556233216408186	0.0	1849252	5341.966614347703	4.0
24198.535115692215	4000.0	6.898634257178048	0.0	1822097	5657.598959230138	4.0
24203.510544015087	4000.0	5.9232059343091015	0.0	1836837	4975.428322868946	4.0
24205.149214629622	1500.0	8.284535319770459	0.0	644861	1638.670614538643	1.5
24207.148397661833	1500.0	10.285352287563075	0.0	794014	1999.1830322073843	1.5
24209.43828103847	1500.0	11.995468910924002	0.0	914284	2289.883376639072	1.5
24211.15288412399	1500.0	14.280865825404385	0.0	675709	1714.6030855196173	1.5
24212.989405971057	1500.0	16.44434397833388	0.0	707527	1836.5218470705067	1.5
24218.756362276916	4000.0	14.677387672474891	0.0	2290706	5766.956305858987	4.0
24223.55158351782	4000.0	13.882166431569733	0.0	1947068	4795.221240905159	4.0
24229.625829681634	4000.0	11.807920267755046	0.0	2544033	6074.246163814686	4.0
24236.580627218784	4000.0	8.853122730607792	0.0	2125133	6954.797537147252	4.0
24242.924717708494	4000.0	6.509032240897941	0.0	1828568	6344.090489709852	4.0
24245.082260686544	1500.0	8.351489262849805	0.0	785519	2157.5429780481354	1.5
24246.963485230317	1500.0	10.470264719078317	0.0	681043	1881.2245437714892	1.5
24249.334532572288	1500.0	12.099217377105294	0.0	866245	2371.047341973023	1.5
24251.24276848871	1500.0	14.19098146068107	0.0	691256	1908.2359164242266	1.5
24252.933463563877	1500.0	16.50028638551491	0.0	725845	1690.6950751661566	1.5
24256.978235726678	4000.0	16.455514222715216	0.0	1985434	4044.7721627996953	4.0
24260.71389714724	4000.0	16.719852802149337	0.0	1830641	3735.6614205658802	4.0
24264.453245422475	4000.0	16.980504526916896	0.0	1697030	3739.348275232441	4.0
24268.874875212005	4000.0	16.558874737386404	0.0	1910697	4421.629789530491	4.0
24273.99908394347	4000.0	15.434666005924697	0.0	2171279	5124.208731461705	4.0
24279.061035259638	4000.0	14.372714689754167	0.0	2042818	5061.951316170531	4.0
24283.398532713323	4000.0	14.035217236069265	0.0	1750852	4337.4974536849	4.0
24294.03765630328	8000.0	7.396093646113124	0.0	4346302	10639.123589956142	8.0

