29602.872927791715	600.0	4.0	0.8091203481724636	247108	809.1203481724635	-15.582406963449271
29605.113972309104	1500.0	5.758955482609818	0.0	732405	2241.0445173901817	1.5
29606.045068093415	600.0	8.827859698299708	0.0	288447	931.0957843101096	0.6
29606.950331251308	600.0	11.922596540404971	0.0	279692	905.2631578947369	0.6
29607.96965924895	600.0	14.903268542765462	0.0	318350	1019.3279976395088	0.6
29608.337810320387	200.0	18.53511747132372	0.0	97658	368.15107144174385	0.2
29609.385428805985	600.0	21.487498985726404	0.0	327938	1047.6184855973152	0.6
29610.276325423845	600.0	24.596602367867813	0.0	274823	890.8966178585918	0.6
29620.41514084952	8000.0	18.45778694219375	0.0	3448932	10138.815425674064	8.0
29630.714111638	8000.0	12.158816153711529	0.0	3624869	10298.970788482222	8.0
29632.943564367368	1500.0	13.929363424343316	0.0	769316	2229.4527293682117	1.5
29633.830694056047	600.0	17.042233735668052	0.0	285624	887.1296886752673	0.6
29634.200115461907	200.0	20.672812329804398	0.0	102419	369.4214058636524	0.2
29634.508634006594	200.0	24.364293785120537	0.0	80867	308.5185446838573	0.2
29635.33497946756	600.0	27.537948324152683	0.0	264113	826.345460967856	0.6
29635.681675334745	200.0	31.191252456967945	0.0	94377	346.6958671847404	0.2
29636.015637892146	200.0	34.85728989956773	0.0	89871	333.96255740021195	0.2
29647.781991635416	12000.0	27.0909361562966	0.0	4055239	11766.353743271131	12.0
29648.13330052422	200.0	30.739627267490604	0.0	90919	351.308888805998	0.2
29648.469560735342	200.0	34.403367056367465	0.0	85876	336.2602111231303	0.2
29659.397107923654	8000.0	27.475819868056504	0.0	3690869	10927.547188310962	8.0
29659.760443733056	200.0	31.11248405865348	0.0	97742	363.3358094030257	0.2
29675.489329563185	12000.0	19.383598228522533	0.0	5141915	15728.885830130946	12.0
29677.749068203637	1500.0	21.12385958807175	0.0	681795	2259.738640450785	1.5
29678.13136928664	200.0	24.74155850506811	0.0	94556	382.3010830036367	0.2
29678.53462069534	200.0	28.33830709636412	0.0	101109	403.25140870399235	0.2
29678.897528420235	200.0	31.97539937147102	0.0	88490	362.9077248930984	0.2
29679.944993552315	600.0	34.927934239392535	0.0	302611	1047.4651320784878	0.6
29680.95543035046	600.0	37.91749744124683	0.0	291029	1010.436798145706	0.6
29697.747407024417	12000.0	25.125520767290695	0.0	5411094	16791.976673956135	12.0
29698.6023630976	600.0	28.270564694106202	0.0	240372	854.9560731844927	0.6
29709.398728254102	8000.0	21.47419953760464	0.0	3568902	10796.365156501559	8.0
29711.23182321226	1500.0	23.64110457944709	0.0	633700	1833.094958157549	1.5
29712.264409144896	600.0	26.60851864680998	0.0	344336	1032.585932637112	0.6
29713.131326635732	600.0	29.74160115597382	0.0	284451	866.9174908361575	0.6
29715.410320578547	1500.0	31.462607213161007	0.0	785519	2278.9939428128114	1.5
29717.48513760372	1500.0	33.38779018798938	0.0	681043	2074.8170251716247	1.5
29717.80064295841	200.0	37.072284833298305	0.0	80403	315.5053546910755	0.2
29733.571370079855	12000.0	25.301557711851913	0.0	5257310	15770.72712144639	12.0
29734.51352503481	600.0	28.35940275689696	0.0	284107	942.1549549549551	0.6
29747.684463045643	12000.0	19.18846474606502	0.0	4828747	13170.938010831938	12.0
29749.656639335357	1500.0	21.216288456348586	0.0	657685	1972.176289716433	1.5
29754.619037335826	4000.0	20.25389045588107	0.0	1697030	4962.398000467517	4.0
29755.501548978787	600.0	23.37137881291989	0.0	278938	882.5116429611782	0.6
29766.24924986146	8000.0	16.623677930246433	0.0	3682991	10747.700882673455	8.0
29767.130322642424	600.0	19.742605149284127	0.0	288236	881.0727809623068	0.6
29769.348911490782	1500.0	21.52401630092561	0.0	769491	2218.58884835852	1.5
29785.521416548945	12000.0	9.351511242764293	0.0	5646381	16172.505058161318	12.0

