9796.283190292057	600.0	4.0	0.6633780414029186	247108	663.3780414029186	-12.667560828058372
9796.596007490645	200.0	7.687182801410591	0.0	98617	312.8171985894088	0.2
9796.927378390561	200.0	11.355811901494695	0.0	106476	331.37089991589573	0.2
9798.70351342959	1500.0	13.579676862467354	0.0	718451	1776.1350390273412	1.5
9799.535081163052	600.0	16.748109129004174	0.0	318350	831.5677334631785	0.6
9799.845634333193	200.0	20.43755595886267	0.0	97658	310.5531701415018	0.2
9800.699837629492	600.0	23.583352662564735	0.0	327938	854.2032962979358	0.6
9802.621994240531	1500.0	25.661196051524943	0.0	780303	1922.1566110397946	1.5
9803.388339540283	600.0	28.894850751774303	0.0	290723	766.3452997506382	0.6
9815.277470729545	12000.0	21.0057195625118	0.0	5088378	11889.131189262502	12.0
9817.179637534877	1500.0	23.103552757179997	0.0	769316	1902.166805331801	1.5
9821.625646022843	4000.0	22.65754426921494	0.0	1761739	4446.008487965057	4.0
9836.984330571015	12000.0	11.298859721044622	0.0	5575398	15358.684548170319	12.0
9837.705910420123	600.0	14.577279871935842	0.0	266809	721.57984910878	0.6
9837.984894459318	200.0	18.298295832740195	0.0	82750	278.9840391956476	0.2
9838.84489986976	600.0	21.43829042229804	0.0	324375	860.0054104421534	0.6
9839.141007357211	200.0	25.14218293484726	0.0	89871	296.10748745078	0.2
9848.782962833571	12000.0	19.500227458488204	0.0	4055239	9641.955476359059	12.0
9849.059935739208	200.0	23.22325455285133	0.0	90919	276.9729056368733	0.2
9850.574892206787	1500.0	25.708298085273842	0.0	662349	1514.956467577485	1.5
9858.812977878642	8000.0	21.47021241341765	0.0	3690869	8238.085671856195	8.0
9859.647114560017	600.0	24.636075732042645	0.0	310841	834.1366813750019	0.6
9868.97144984726	8000.0	19.31174044479968	0.0	3805854	9324.335287242968	8.0
9869.26100356324	200.0	23.022186728820817	0.0	85752	289.5537159788618	0.2
9870.188824683073	600.0	26.094365608986987	0.0	346939	927.8211198338271	0.6
9870.515906578177	200.0	29.76728371388359	0.0	101109	327.0818951033998	0.2
9882.26737609483	12000.0	22.015814197231165	0.0	5138482	11751.469516652425	12.0
9882.55913923997	200.0	25.724051052092506	0.0	103756	291.7631451386585	0.2
9884.018242742788	1500.0	28.264947549273412	0.0	675709	1459.1035028190931	1.5
9895.472693706137	12000.0	20.810496585925517	0.0	5411094	11454.450963347894	12.0
9895.75341076635	200.0	24.529779525712215	0.0	93982	280.7170602133027	0.2
9904.301663494425	8000.0	19.981526797637226	0.0	3568902	8548.252728074987	8.0
9914.22251822482	8000.0	14.060672067241807	0.0	3713878	9920.85473039542	8.0
9914.550632678995	200.0	17.73255761306683	0.0	89422	328.1144541749761	0.2
9915.41988369781	600.0	20.86330659425126	0.0	284451	869.2510188155727	0.6
9915.743472703272	200.0	24.539717588788672	0.0	87791	323.58900546258565	0.2
9916.614099946833	600.0	27.66909034522672	0.0	284947	870.6272435619528	0.6
9921.738031633768	4000.0	26.54515865829254	0.0	1955307	5123.931686934179	4.0
9922.032120417733	200.0	30.25106987432735	0.0	86718	294.08878396519003	0.2
9922.813521766311	600.0	33.46966852574922	0.0	284107	781.4013485781296	0.6
9934.476284276492	12000.0	25.806906015567176	0.0	4828747	11662.762510182043	12.0
9936.087074768478	1500.0	28.196115523582655	0.0	657685	1610.7904919845219	1.5
9939.977263614737	4000.0	28.305926677324692	0.0	1697030	3890.188846257962	4.0
9940.253171758808	200.0	32.030018533253795	0.0	96988	275.90814407089925	0.2
9941.604587092537	1500.0	34.67860319952489	0.0	629438	1351.4153337289015	1.5
9945.810919041382	4000.0	34.472271250679405	0.0	2042818	4206.33194884549	4.0
9960.025946341913	12000.0	24.257243950147778	0.0	5704199	14215.027300531627	12.0
9972.278316048814	12000.0	16.004874243247723	0.0	5646381	12252.369706900054	12.0

