1342.237323152552	600.0	4.0	0.8150439680975664	247108	815.0439680975664	-15.700879361951328
1344.4959247253644	1500.0	5.741398427187715	0.0	732405	2258.601572812285	1.5
1346.4911029216498	1500.0	7.746220230902229	0.0	643847	1995.178196285486	1.5
1348.7081971230666	1500.0	9.529126029485582	0.0	718451	2217.0942014166467	1.5
1350.9426777789627	1500.0	11.294645373589395	0.0	724296	2234.480655896187	1.5
1353.2182723394276	1500.0	13.019050813124489	0.0	689829	2275.594560464908	1.5
1355.7621581443443	1500.0	14.475165008207753	0.0	737903	2543.885804916733	1.5
1358.4476191402123	1500.0	15.789704012339813	0.0	780303	2685.460995867941	1.5
1361.504247547074	1500.0	16.733075605478092	0.0	891463	3056.628406861722	1.5
1363.9207737282893	1500.0	18.31654942426266	0.0	763093	2416.5261812154295	1.5
1366.2851356910242	1500.0	19.952187461527895	0.0	769316	2364.361962734764	1.5
1368.575561049201	1500.0	21.66176210335107	0.0	744416	2290.425358176824	1.5
1370.4552552070215	1500.0	23.782067945530564	0.0	606092	1879.6941578205033	1.5
1372.7755177553342	1500.0	25.461805397217805	0.0	748011	2320.262548312758	1.5
1375.2964810163487	1500.0	26.940842136203187	0.0	754517	2520.9632610146186	1.5
1378.40049945661	1500.0	27.836823695941952	0.0	934743	3104.018440261237	1.5
1380.8601731125132	1500.0	29.377150040038842	0.0	735572	2459.673655903108	1.5
1383.506789430911	1500.0	30.73053372164094	0.0	772616	2646.616318397904	1.5
1386.2857006884717	1500.0	31.951622464080227	0.0	747396	2778.911257560712	1.5
1388.7574999120882	1500.0	33.47982324046372	0.0	662349	2471.7992236165023	1.5
1391.8553242327528	1500.0	34.38199891979929	0.0	835711	3097.82432066444	1.5
1394.780791892738	1500.0	35.456531259813886	0.0	806394	2925.467659985402	1.5
1397.666631852869	1500.0	36.570691299683006	0.0	809327	2885.839960130875	1.5
1400.1103336144777	1500.0	38.126989538074376	0.0	681795	2443.7017616086328	1.5
1403.1552409837655	1500.0	39.082082168786606	0.0	855209	3044.907369287773	1.5
1405.4249863141606	1500.0	40.81233683839151	0.0	644861	2269.7453303950933	1.5
1408.1935402684067	1500.0	42.043782884145216	0.0	794014	2768.5539542462916	1.5
1411.369331858359	1500.0	42.86799129419325	0.0	914284	3175.7915899519608	1.5
1413.737301722706	1500.0	44.50002142984602	0.0	675709	2367.969864347237	1.5
1416.3642813896256	1500.0	45.87304176292666	0.0	707527	2626.97966691936	1.5
1419.1713955409723	1500.0	47.06592761157993	0.0	757473	2807.1141513467296	1.5
1421.8156546710547	1500.0	48.42166848149735	0.0	712239	2644.2591300825816	1.5
1424.1667857250184	1500.0	50.07053742753378	0.0	633700	2351.13105396357	1.5
1426.7201776061213	1500.0	51.5171455464308	0.0	755142	2553.3918811029907	1.5
1428.995766461574	1500.0	53.24155669097828	0.0	670327	2275.588855452517	1.5
1431.648655159398	1500.0	54.58866799315437	0.0	785519	2652.8886978239066	1.5
1433.9593431980477	1500.0	56.27797995450466	0.0	681043	2310.6880386497164	1.5
1436.7612889310435	1500.0	57.47603422150887	0.0	866245	2801.9457329957872	1.5
1438.9972530635973	1500.0	59.240070088955264	0.0	691256	2235.9641325536063	1.5
1442.3410971181781	1500.0	59.896226034374365	0.0	725845	2343.8440545808967	1.5
1446.4241896707003	1500.0	59.81313348185215	0.0	811013	2583.0925525222106	1.5
1450.3374899024116	1500.0	59.899833250140794	0.0	657685	1913.3002317113537	1.5
1454.5556707069552	1500.0	59.68165244559716	0.0	767059	2218.1808045436333	1.5
1458.6074091835521	1500.0	59.62991396900033	0.0	848035	3051.738476596828	1.5
1462.4603639546995	1500.0	59.776959197852904	0.0	629438	2352.954771147423	1.5
1466.2793218878503	1500.0	59.958001264702034	0.0	763847	2818.9579331508726	1.5
1470.364124443137	1500.0	59.87319870941548	0.0	769491	2584.8025552865543	1.5
1474.5763495362135	1500.0	59.660973616338765	0.0	808636	2712.2250930767195	1.5

