24845.72912013019	600.0	4.0	0.5880345394736842	247108	588.0345394736843	-11.160690789473685
24847.31488698874	1500.0	6.414233141447368	0.0	732405	1585.7668585526317	1.5
24848.718585590712	1500.0	9.010534539473683	0.0	643847	1403.6986019736842	1.5
24853.01342522887	4000.0	8.715694901315787	0.0	2050098	4294.839638157895	4.0
24857.42883424807	4000.0	8.300285882116002	0.0	2069289	4415.409019199786	4.0
24861.513119962357	4000.0	8.216000167830288	0.0	1863995	4084.2857142857147	4.0
24866.03140944185	4000.0	7.69771068833751	0.0	2046450	4518.289479492777	4.0
24871.17884494086	4000.0	6.550275189329833	0.0	2058614	5147.435499007677	4.0
24875.830309732628	4000.0	5.898810397563805	0.0	1857129	4651.464791766028	4.0
24877.580712595973	1500.0	8.148407534217348	0.0	763093	1750.402863346456	1.5
24879.341244509415	1500.0	10.387875620776159	0.0	769316	1760.5319134411907	1.5
24881.04738363154	1500.0	12.68173649865178	0.0	744416	1706.1391221243773	1.5
24885.78312258983	4000.0	11.94599754036111	0.0	2131310	4735.738958290669	4.0
24890.401159252608	4000.0	11.327960877584937	0.0	1805063	4618.036662776175	4.0
24895.984859247823	4000.0	9.744260882368177	0.0	2157416	5583.699995216761	4.0
24900.784017735343	4000.0	8.945102394847629	0.0	2231719	4799.158487520548	4.0
24904.692620743604	4000.0	9.036499386584028	0.0	1835863	3908.6030082636007	4.0
24909.53166727888	4000.0	8.197452851311958	0.0	2192675	4839.0465352720685	4.0
24914.247489029924	4000.0	7.481631100265031	0.0	2082556	4715.821751046928	4.0
24919.154455603704	4000.0	6.574664526486847	0.0	2164412	4906.966573778183	4.0
24924.550639988785	4000.0	5.178480141406342	0.0	2379358	5396.184385080505	4.0
24929.012541429885	4000.0	4.716578700304941	0.0	1950922	4461.901441101401	4.0
24933.269753989178	4000.0	4.459366141009706	0.0	1849252	4257.212559295234	4.0
24937.476548545623	4000.0	4.252571584565747	0.0	1822097	4206.79455644396	4.0
24939.540504468485	1500.0	6.188615661700733	0.0	855209	2063.955922865014	1.5
24941.116484749768	1500.0	8.612635380419015	0.0	644861	1575.980281281717	1.5
24943.03847750024	1500.0	10.690642629947796	0.0	794014	1921.9927504712196	1.5
24947.85618711978	4000.0	9.872933010405017	0.0	2055338	4817.7096195427785	4.0
24952.657898804482	4000.0	9.07122132570388	0.0	2165436	4801.711684701137	4.0
24957.104548208936	4000.0	8.62457192125023	0.0	2002600	4446.649404453651	4.0
24962.452108757854	4000.0	7.277011372335193	0.0	2290706	5347.5605489150375	4.0
24967.031659280703	4000.0	6.697460849485807	0.0	1947068	4579.550522849385	4.0
24973.080931016677	4000.0	4.648189113513465	0.0	2544033	6049.271735972343	4.0
24974.936221504202	1500.0	6.792898625988118	0.0	755142	1855.2904875253462	1.5
24976.592117357737	1500.0	9.13700277245143	0.0	670327	1655.8958535366892	1.5
24978.55956116655	1500.0	11.169558963641919	0.0	785519	1967.4438088095103	1.5
24983.971692340147	4000.0	9.757427790041957	0.0	2096494	5412.1311735999625	4.0
24988.86438356167	4000.0	8.864736568518891	0.0	1955307	4892.691221523066	4.0
24993.358432382352	4000.0	8.370687747837048	0.0	2142800	4494.048820681842	4.0
24997.75328870123	4000.0	7.975831428957657	0.0	2094647	4394.8563188793905	4.0
25002.431318231138	4000.0	7.297801899049084	0.0	1985434	4678.029529908574	4.0
25006.82950428451	4000.0	6.8996158456803665	0.0	1830641	4398.186053368717	4.0
25010.4857157244	4000.0	7.2434044057870555	0.0	1697030	3656.2114398933118	4.0
25014.247656227835	4000.0	7.481463902354561	0.0	1910697	3761.9405034324946	4.0
25018.51174197997	4000.0	7.217378150216779	0.0	2171279	4264.085752137782	4.0
25023.259564033397	4000.0	6.469556096791628	0.0	2042818	4747.82205342515	4.0
25027.379020702465	4000.0	6.350099427721692	0.0	1750852	4119.456669069936	4.0
25032.02238845386	4000.0	5.70673167632684	0.0	2034636	4643.367751394852	4.0

