17275.34693121021	600.0	4.0	0.7567185280273857	247108	756.7185280273857	-14.534370560547714
17275.696999160573	200.0	7.649932049636285	0.0	98617	350.0679503637142	0.2
17277.540208745508	1500.0	9.80672246469833	0.0	643847	1843.2095849379546	1.5
17277.93577228851	200.0	13.41115892169448	0.0	115230	395.5635430038511	0.2
17278.28321396588	200.0	17.063717244330334	0.0	97658	347.44167736414204	0.2
17280.25234772711	1500.0	19.09458348309799	0.0	689829	1969.1337612323493	1.5
17281.230423550813	600.0	22.11650765939238	0.0	327938	978.0758237056056	0.6
17283.44732521962	1500.0	23.89960599058622	0.0	780303	2216.901668806162	1.5
17283.788323080127	200.0	27.5586081300813	0.0	95305	340.9978605049209	0.2
17299.415049133924	12000.0	15.931882076284214	0.0	5088378	15626.726053797083	12.0
17299.75178624524	200.0	19.595144964963715	0.0	95365	336.73711132050073	0.2
17304.574656079676	4000.0	18.772275130531085	0.0	1761739	4822.869834432629	4.0
17304.930383633855	200.0	22.416547576351515	0.0	102419	355.7275541795666	0.2
17305.228089920034	200.0	26.11884129017572	0.0	80867	297.7062861757976	0.2
17306.020299273983	600.0	29.32663193622654	0.0	264113	792.2093539491765	0.6
17306.3556828486	200.0	32.99124836160876	0.0	94377	335.3835746177784	0.2
17308.426136102556	1500.0	34.920795107651244	0.0	735572	2070.4532539575157	1.5
17319.44230891131	12000.0	27.90462229889766	0.0	4055239	11016.17280875359	12.0
17320.405917169082	600.0	30.94101404112672	0.0	330105	963.6082577709373	0.6
17320.715785673783	200.0	34.631145536425684	0.0	85876	309.8685047010406	0.2
17334.72330565255	12000.0	24.623625557655302	0.0	5251330	14007.51997877038	12.0
17335.622844920257	600.0	27.724086289949405	0.0	310841	899.539267705896	0.6
17335.96827681559	200.0	31.378654394619346	0.0	100675	345.4318953300596	0.2
17337.760141900184	1500.0	33.58678931002192	0.0	681795	1791.8650845974237	1.5
17338.69616052865	600.0	36.650770681558	0.0	346939	936.0186284639228	0.6
17340.367255876157	1500.0	38.979675334047705	0.0	644861	1671.0953475102935	1.5
17353.72439081983	12000.0	29.622540390375562	0.0	5138482	13357.134943672147	12.0
17362.929867266106	8000.0	24.41706394409674	0.0	3354913	9205.476446278823	8.0
17363.266520962607	200.0	28.080410247598685	0.0	93993	336.6536964980545	0.2
17378.10095705028	12000.0	17.245974159925513	0.0	5411094	14834.43608767317	12.0
17378.827042356108	600.0	20.519888854097907	0.0	240372	726.0853058276077	0.6
17379.22561241675	200.0	24.121318793453156	0.0	118522	398.57006064474945	0.2
17389.444911917384	8000.0	17.902019292821535	0.0	3713878	10219.29950063162	8.0
17390.5210203265	600.0	20.825910883701866	0.0	344336	1076.108409119673	0.6
17390.914097764173	200.0	24.43283344603349	0.0	108225	393.0774376683722	0.2
17391.248062941628	200.0	28.098868268575934	0.0	87791	333.96517745755665	0.2
17391.623387029933	200.0	31.723544180272043	0.0	102088	375.3240883038927	0.2
17391.93597991717	200.0	35.410951293038494	0.0	80403	312.59288723354246	0.2
17406.826793535234	12000.0	24.520137674973082	0.0	5257310	14890.813618065415	12.0
17407.189439320202	200.0	28.157491890003744	0.0	101968	362.6457849693358	0.2
17427.8567414279	12000.0	11.49018978230928	0.0	4828747	20667.302107694464	12.0
17428.20928192016	200.0	15.137649290046927	0.0	101713	352.5404922623528	0.2
17432.834695071357	4000.0	14.512236138848321	0.0	1697030	4625.413151198607	4.0
17433.66181707484	600.0	17.685114135366334	0.0	278938	827.1220034819875	0.6
17435.42773645344	1500.0	19.919194756767162	0.0	629438	1765.9193785991697	1.5
17436.279762702266	600.0	23.067168507938987	0.0	288236	852.0262488281772	0.6
17438.420987386795	1500.0	24.925943823408684	0.0	769491	2141.2246845303007	1.5
17453.684910425578	12000.0	13.662020784629492	0.0	5646381	15263.923038779192	12.0

