30140.688906785894	600.0	4.0	0.54129671329732	247108	541.29671329732	-10.2259342659464
30140.953003205173	200.0	7.735903580720811	0.0	98617	264.09641927918886	0.2
30141.571470810675	600.0	11.117435975218472	0.0	288447	618.4676055023393	0.6
30141.866580075744	200.0	14.822326710147127	0.0	115230	295.1092650713461	0.2
30142.128886251292	200.0	18.560020534599637	0.0	97658	262.3061755474921	0.2
30142.391192426843	200.0	22.297714359052144	0.0	97658	262.3061755474921	0.2
30143.848696306246	1500.0	24.84021047964625	0.0	737903	1457.503879405897	1.5
30145.38535173333	1500.0	27.303555052561578	0.0	780303	1536.6554270846702	1.5
30153.2670199937	8000.0	23.42188679219065	0.0	3448932	7881.668260370924	8.0
30165.88485469824	12000.0	14.804052087648694	0.0	5088378	12617.83470454196	12.0
30166.453017782005	600.0	18.235889003882942	0.0	329266	568.1630837657524	0.6
30166.674369894685	200.0	22.014536891206884	0.0	95342	221.35211267605635	0.2
30175.06470994605	12000.0	17.62419683983807	0.0	5575398	8390.340051368814	12.0
30175.544854671178	600.0	21.1440521147127	0.0	266809	480.1447251253691	0.6
30175.748958340857	200.0	24.93994844503093	0.0	82750	204.10366968177345	0.2
30175.97049951347	200.0	28.718407272419974	0.0	94377	221.5411726109575	0.2
30177.153667906405	1500.0	31.53523887948751	0.0	735572	1183.1683929324647	1.5
30186.482663447707	12000.0	26.206243338184454	0.0	4055239	9328.995541303057	12.0
30189.738173565078	1500.0	26.950733220812314	0.0	747396	3255.5101173721387	1.5
30191.996691412307	1500.0	28.692215373584403	0.0	662349	2258.5178472279094	1.5
30192.213839737666	200.0	32.475067048225554	0.0	114656	217.14832535885168	0.2
30192.410756005607	200.0	36.27815078028297	0.0	97742	196.91626794258374	0.2
30192.611180646756	200.0	40.07772613913465	0.0	100675	200.42464114832535	0.2
30193.048746436227	600.0	43.64016034966096	0.0	298925	437.5657894736842	0.6
30194.151723708954	1500.0	46.53718307693369	0.0	855209	1102.9772727272727	1.5
30198.122983278332	8000.0	46.5659235075557	0.0	3253093	3971.2595693779904	8.0
30205.08053729806	12000.0	43.60836948782624	0.0	5138482	6957.554019729461	12.0
30210.610363483895	8000.0	42.07854330199128	0.0	3354913	5529.826185834958	8.0
30223.54275538017	8000.0	33.146151405714164	0.0	3811227	12932.391896277117	8.0
30224.619039290417	600.0	36.069867495469616	0.0	302752	1076.2839102445446	0.6
30225.490045645696	600.0	39.19886114019103	0.0	240372	871.0063552785834	0.6
30234.47056568954	8000.0	34.21834109635006	0.0	3568902	8980.520043840972	8.0
30235.348594858468	1500.0	37.34031192742055	0.0	633700	878.0291689295018	1.5
30235.86222302939	600.0	40.826683756499754	0.0	344336	513.6281709207968	0.6
30236.07851260933	200.0	44.610394176560675	0.0	108225	216.28957993908057	0.2
30243.810845207125	12000.0	40.878061578766015	0.0	6068110	7732.332597794657	12.0
30252.058191286087	12000.0	36.63071549980269	0.0	6397278	8247.346078963326	12.0
30255.07038317224	4000.0	37.61852361365137	0.0	1955307	3012.191886151315	4.0
30263.85111969601	12000.0	32.83778708988279	0.0	5257310	8780.73652376858	12.0
30265.072127526397	1500.0	35.616779259498536	0.0	725845	1221.0078303842488	1.5
30272.742781368393	12000.0	31.946125417501346	0.0	4828747	7670.65384199719	12.0
30282.046099571635	12000.0	26.642807214262575	0.0	5908928	9303.318203238772	12.0
30282.639442135154	600.0	30.04946465074002	0.0	329059	593.3425635225523	0.6
30283.974424880318	1500.0	32.714481905577365	0.0	848035	1334.9827451626597	1.5
30291.239751253575	12000.0	29.449155532319374	0.0	5626380	7265.326373257986	12.0
30298.410596605296	12000.0	26.27831018059571	0.0	5875126	7170.845351723668	12.0
30306.735595226535	12000.0	21.953311559359353	0.0	5704199	8324.998621236353	12.0
30321.787914852404	12000.0	10.90099193349066	0.0	5646381	15052.319625868693	12.0

