29790.72443166109	600.0	4.0	0.7319139955151036	247108	731.9139955151036	-14.038279910302073
29791.06460050425	200.0	7.659831156839467	0.0	98617	340.16884316053296	0.2
29791.9055739906	600.0	10.81885767049202	0.0	288447	840.9734863474476	0.6
29793.880973014475	1500.0	12.843458646616542	0.0	718451	1975.3990238754784	1.5
29799.420118245973	4000.0	11.30431341511674	0.0	2069289	5539.145231499802	4.0
29804.675755667122	4000.0	10.048675993969184	0.0	1863995	5255.637421147557	4.0
29806.82982776325	1500.0	11.894603897841012	0.0	737903	2154.072096128171	1.5
29812.704407040485	4000.0	10.020024620603293	0.0	2058614	5874.57927723772	4.0
29815.30017675969	1500.0	11.424254901399115	0.0	891463	2595.769719204177	1.5
29822.006586529944	4000.0	8.717845131143914	0.0	2373154	6706.409770255201	4.0
29822.964599929495	600.0	11.759831731590566	0.0	329266	958.0133995533483	0.6
29827.74241400236	4000.0	10.982017658726328	0.0	1761739	4777.814072864238	4.0
29829.43860546265	1500.0	13.28582619844167	0.0	606092	1696.1914602846573	1.5
29846.510719153684	8000.0	4.0	3.786287492593723	5541092	17072.113691035393	-67.72574985187445
29846.89290566941	200.0	7.617813484274433	0.0	82750	382.18651572556723	0.2
29848.15745855205	600.0	10.353260601634181	0.0	324375	1264.552882640252	0.6
29850.923620965892	1500.0	11.587098187793858	0.0	735572	2766.162413840325	1.5
29856.401410412083	4000.0	10.109308741599387	0.0	2192675	5477.789446194471	4.0
29858.270964308198	1500.0	12.239754845485773	0.0	747396	1869.5538961136137	1.5
29863.669208937412	4000.0	10.841510216272402	0.0	2164412	5398.244629213372	4.0
29865.890239152133	1500.0	12.620480001550932	0.0	835711	2221.0302147214707	1.5
29870.96835805755	4000.0	11.542361096134059	0.0	1950922	5078.1189054168735	4.0
29875.83964556859	4000.0	10.671073585095044	0.0	1849252	4871.287511039013	4.0
29877.690053085997	1500.0	12.820666067689134	0.0	681795	1850.4075174059108	1.5
29882.549707122736	4000.0	11.96101203094944	0.0	1836837	4859.654036739693	4.0
29887.876879559324	4000.0	10.633839594363472	0.0	1984579	5327.172436585971	4.0
29890.05623079455	1500.0	12.454488359132537	0.0	794014	2179.351235230935	1.5
29895.686525394452	4000.0	10.824193759234982	0.0	2055338	5630.294599897555	4.0
29897.615187204923	1500.0	12.895531948763384	0.0	675709	1928.661810471598	1.5
29903.065982626973	4000.0	11.444736526713172	0.0	2002600	5450.7954220502115	4.0
29908.546362187295	4000.0	9.964356966390191	0.0	2290706	5480.37956032298	4.0
29910.30547811822	1500.0	12.205241035465455	0.0	712239	1759.1159309247364	1.5
29916.93746963419	4000.0	9.573249519498352	0.0	2544033	6631.991515967103	4.0
29919.06087918635	1500.0	11.449839967340322	0.0	755142	2123.4095521580302	1.5
29924.1391693415	4000.0	10.371549812190056	0.0	1828568	5078.290155150266	4.0
29926.42707883486	1500.0	12.08364031883049	0.0	785519	2287.909493359567	1.5
29932.39983127671	4000.0	10.110887876978195	0.0	2096494	5972.752441852294	4.0
29934.692955332186	1500.0	11.817763821504148	0.0	866245	2293.124055474048	1.5
29940.086451085706	4000.0	10.424268067986077	0.0	2142800	5393.495753518071	4.0
29941.966327100832	1500.0	12.544392052859923	0.0	725845	1879.8760151261547	1.5
29947.070249381442	4000.0	11.4404697722493	0.0	1985434	5103.922280610622	4.0
29951.813263359218	4000.0	10.697455794473644	0.0	1830641	4743.013977775655	4.0
29953.87409932592	1500.0	12.636619827772414	0.0	767059	2060.835966701231	1.5
29959.137759119734	4000.0	11.37296003395798	0.0	1910697	5263.659793814433	4.0
29965.102047409095	4000.0	9.40867174459701	0.0	2171279	5964.28828936097	4.0
29967.24569700469	1500.0	11.265022149000703	0.0	763847	2143.6495955963055	1.5
29972.055891692566	4000.0	10.45482746112606	0.0	1750852	4810.194687874644	4.0
29974.34178554569	1500.0	12.168933607996756	0.0	808636	2285.893853129304	1.5

