25767.256576291315	600.0	4.0	0.8837502795226769	247108	883.7502795226769	-17.075005590453536
25767.65734065878	200.0	7.599235632534406	0.0	98617	400.76436746559335	0.2
25768.67555130707	600.0	10.581024984245085	0.0	288447	1018.2106482893212	0.6
25771.09240479653	1500.0	12.16417149478563	0.0	718451	2416.853489459454	1.5
25777.38807013556	4000.0	9.868506155756576	0.0	2069289	6295.665339029057	4.0
25778.68949282601	1500.0	12.567083465304625	0.0	689829	1301.42269045195	1.5
25782.392971202356	4000.0	12.863605088960062	0.0	2046450	3703.478376344562	4.0
25786.117987359234	4000.0	13.13858893208343	0.0	2058614	3725.016156876632	4.0
25793.93649946932	8000.0	9.320076821997027	0.0	3448932	7818.512110086403	8.0
25795.790670180475	1500.0	11.465906110845873	0.0	763093	1854.1707111511525	1.5
25800.391699630625	4000.0	10.86487666069299	0.0	2094766	4601.029450152882	4.0
25802.029157100387	1500.0	13.227419190931633	0.0	744416	1637.4574697613598	1.5
25811.255491222066	8000.0	8.001085069255062	0.0	4206019	9226.334121676571	8.0
25811.949039182626	600.0	11.307537108692813	0.0	266809	693.5479605622467	0.6
25816.990184372196	4000.0	10.266391919121396	0.0	2157416	5041.145189571416	4.0
25819.201095390043	1500.0	12.055480901274029	0.0	934743	2210.9110178473675	1.5
25823.45268172231	4000.0	11.80389456901056	0.0	1835863	4251.5863322634705	4.0
25828.293775345028	4000.0	10.962800946293093	0.0	2192675	4841.093622717467	4.0
25829.536935768727	1500.0	13.719640522594778	0.0	747396	1243.1604236983144	1.5
25836.31453928593	8000.0	10.942037005392976	0.0	4303587	6777.603517201801	8.0
25837.695142929577	1500.0	13.561433361743102	0.0	835711	1380.603643649875	1.5
25848.387568376627	8000.0	6.869007914691388	0.0	3905272	10692.425447051713	8.0
25848.689968553354	200.0	10.566607737964155	0.0	100675	302.4001767272325	0.2
25850.276115347413	1500.0	12.980460943906609	0.0	681795	1586.146794057547	1.5
25854.41385434338	4000.0	12.842721947938198	0.0	1836837	4137.73899596841	4.0
25859.01515918686	4000.0	12.241417104461489	0.0	1984579	4601.304843476709	4.0
25865.13841861927	4000.0	10.118157672049787	0.0	2068230	6123.259432411703	4.0
25867.889908447243	1500.0	11.366667844079444	0.0	914284	2751.4898279703425	1.5
25872.250491673753	4000.0	11.006084617570433	0.0	2165436	4360.58322650901	4.0
25876.045029118686	4000.0	11.211547172636514	0.0	2002600	3794.5374449339206	4.0
25880.11974178776	4000.0	11.136834503566549	0.0	2290706	4074.712669069967	4.0
25883.207696677735	4000.0	12.048879613589817	0.0	1947068	3087.9548899767306	4.0
25887.217881192406	4000.0	12.038695098918438	0.0	2544033	4010.1845146713786	4.0
25890.650056311584	4000.0	12.606519979737888	0.0	2125133	3432.1751191805515	4.0
25893.68618366202	4000.0	13.570392629301901	0.0	1828568	3036.1273504359865	4.0
25900.6571135723	8000.0	10.599462719022956	0.0	4086583	6970.929910278945	8.0
25902.117734407006	1500.0	13.13884188431703	0.0	681043	1460.620834705927	1.5
25909.702602342662	8000.0	9.553973948661152	0.0	3739359	7584.867935655877	8.0
25910.89392406047	1500.0	12.362652230850015	0.0	691256	1191.3217178111372	1.5
25914.341456063445	4000.0	12.9151202278758	0.0	2094647	3447.532002974217	4.0
25917.61340799367	4000.0	13.643168297649318	0.0	1985434	3271.9519302264825	4.0
25925.05245443901	8000.0	10.20412185230875	0.0	4074581	7439.0464453405675	8.0
25926.586629182486	1500.0	12.669947108831417	0.0	767059	1534.1747434773338	1.5
25930.202837233686	4000.0	13.053739057635356	0.0	1910697	3616.2080511960617	4.0
25935.74797574516	8000.0	11.508600546158425	0.0	3682991	5545.138511476931	8.0
25938.85928462529	4000.0	12.397291666028584	0.0	2042818	3111.3088801298404	4.0
25943.483254542138	4000.0	11.773321749180367	0.0	1750852	4623.969916848219	4.0
25950.534915283002	4000.0	8.721661008317202	0.0	2034636	7051.6607408631635	4.0

