0.6831621662852785	600.0	4.0	0.6831621662852785	247108	683.1621662852784	-13.06324332570557
1.519157894736842	600.0	7.164004271548436	0.0	309722	835.9957284515638	0.6
1.8590535469107552	200.0	10.824108619374524	0.0	106476	339.8956521739131	0.2
3.6927096872616323	1500.0	12.990452479023647	0.0	718451	1833.6561403508772	1.5
5.540632799389779	1500.0	15.1425293668955	0.0	724296	1847.9231121281466	1.5
7.304425934401221	1500.0	17.378736231884062	0.0	689829	1763.7931350114418	1.5
12.044752278046108	4000.0	16.638409888239174	0.0	2046450	4740.326343644888	4.0
16.22496439774934	4000.0	16.458197768535943	0.0	2058614	4180.212119703232	4.0
20.00387193148434	4000.0	16.67929023480094	0.0	1857129	3778.907533735	4.0
24.064035661820576	4000.0	16.619126504464706	0.0	2373154	4060.1637303362368	4.0
27.53963426371511	4000.0	17.14352790257017	0.0	2094766	3475.598601894534	4.0
30.475398814649715	4000.0	18.207763351635567	0.0	1761739	2935.764550934603	4.0
34.16418921366993	4000.0	18.51897295261535	0.0	2131310	3688.790399020217	4.0
37.32184269136092	4000.0	19.361319474924365	0.0	1805063	3157.653477690988	4.0
41.08026214554406	4000.0	19.602900020741224	0.0	2157416	3758.41945418314	4.0
44.70401013821235	4000.0	19.979152028072935	0.0	2231719	3623.7479926682895	4.0
47.69219278444418	4000.0	20.990969381841104	0.0	1835863	2988.1826462318327	4.0
55.28785134082564	8000.0	17.39531082545965	0.0	4260556	7595.658556381455	8.0
62.78674903090732	8000.0	13.896413135377964	0.0	3873892	7498.897690081684	8.0
70.003561286043	8000.0	10.679600880242289	0.0	4303587	7216.812255135674	8.0
75.87621667868302	8000.0	8.806945487602272	0.0	3690869	5872.655392640017	8.0
81.99795787669689	8000.0	6.685204289588397	0.0	3905272	6121.741198013874	8.0
85.41400081179813	4000.0	7.2691613544871485	0.0	1849252	3416.0429351012494	4.0
88.78105623957065	4000.0	7.902105926714633	0.0	1822097	3367.055427772516	4.0
92.16649889321098	4000.0	8.516663273074304	0.0	1836837	3385.4426536403294	4.0
95.65855365240377	4000.0	9.024608513881507	0.0	1984579	3492.054759192796	4.0
99.29442823064193	4000.0	9.388733935643343	0.0	2068230	3635.8745782381643	4.0
102.94241230894363	4000.0	9.74074985734164	0.0	2055338	3647.984078301703	4.0
106.93639610939776	4000.0	9.74676605688751	0.0	2165436	3993.98380045413	4.0
110.6360569808294	4000.0	10.047105185455871	0.0	2002600	3699.660871431638	4.0
114.85850596415851	4000.0	9.824656202126764	0.0	2290706	4222.448983329109	4.0
121.39477053536095	8000.0	7.288391630924322	0.0	3568902	6536.264571202441	8.0
129.02602246723526	8000.0	4.0	0.3428603009499993	3713878	7631.251931874322	1.1427939810000138
130.67694403994176	1500.0	6.349078427293531	0.0	755142	1650.9215727064698	1.5
132.15142500520076	1500.0	8.874597462034533	0.0	670327	1474.4809652589972	1.5
137.5256066813741	4000.0	7.5004157858612	0.0	1785821	5374.181676173333	4.0
143.9662360590385	4000.0	5.059786408196799	0.0	2096494	6440.6293776644015	4.0
146.23881037128442	1500.0	6.7872120959509	0.0	866245	2272.574312245899	1.5
148.06846566370842	1500.0	8.957556803526874	0.0	691256	1829.655292424027	1.5
149.98567003622674	1500.0	11.040352431008563	0.0	725845	1917.2043725183112	1.5
152.11844525651372	1500.0	12.907577210721596	0.0	811013	2132.7752202869665	1.5
153.6638495858452	1500.0	15.362172881390107	0.0	657685	1545.4043293314908	1.5
156.33792817494825	4000.0	16.688094292287108	0.0	1697030	2674.078589102999	4.0
159.33861795530765	4000.0	17.687404511927696	0.0	1910697	3000.689780359412	4.0
162.7376331553153	4000.0	18.28838931192005	0.0	2171279	3399.015200007643	4.0
166.1929967603166	4000.0	18.833025706918747	0.0	2042818	3455.3636050013047	4.0
173.41431111583205	8000.0	15.611711351403319	0.0	4201994	7221.314355515428	8.0
182.78701994102968	12000.0	10.23900252620566	0.0	5646381	9372.70882519766	12.0

