23685.07783370364	600.0	4.0	0.7119190627647162	247108	711.9190627647162	-13.638381255294323
23687.030782702317	1500.0	6.047051001326578	0.0	732405	1952.9489986734222	1.5
23688.757265992226	1500.0	8.320567711413364	0.0	643847	1726.4832899132132	1.5
23690.674531004133	1500.0	10.40330269950613	0.0	718451	1917.2650119072355	1.5
23692.606743192668	1500.0	12.471090510972239	0.0	724296	1932.2121885338918	1.5
23694.450814348387	1500.0	14.627019355251171	0.0	689829	1844.071155721067	1.5
23696.27969109082	1500.0	16.798142612822005	0.0	737903	1828.8767424291673	1.5
23698.170375199825	1500.0	18.907458503817058	0.0	780303	1890.6841090049456	1.5
23700.31900480636	1500.0	20.758828897284882	0.0	891463	2148.6296065321753	1.5
23702.169753308917	1500.0	22.908080394725093	0.0	763093	1850.748502559789	1.5
23704.03494221118	1500.0	25.042891492461166	0.0	769316	1865.1889022639266	1.5
23705.853249297157	1500.0	27.224584406484173	0.0	744416	1818.307085976995	1.5
23707.36935864763	1500.0	29.70847505601176	0.0	606092	1516.1093504724108	1.5
23709.22173906406	1500.0	31.856094639579574	0.0	748011	1852.3804164321893	1.5
23711.089535172225	1500.0	33.988298531413825	0.0	754517	1867.7961081657436	1.5
23713.384369162093	1500.0	35.693464541543264	0.0	934743	2294.833989870568	1.5
23715.207275894314	1500.0	37.870557809321596	0.0	735572	1822.9067322216629	1.5
23717.15907711758	1500.0	39.918756586056396	0.0	772616	1951.8012232651938	1.5
23719.065502263442	1500.0	42.012331440196974	0.0	747396	1906.4251458594251	1.5
23720.764096514595	1500.0	44.31373718904384	0.0	662349	1698.5942511531296	1.5
23722.88633862597	1500.0	46.19149507767139	0.0	835711	2122.242111372453	1.5
23724.9369382533	1500.0	48.1408954503384	0.0	806394	2050.5996273329874	1.5
23726.982979429777	1500.0	50.09485427386278	0.0	809327	2046.0411764756223	1.5
23728.704326364867	1500.0	52.37350733877206	0.0	681795	1721.3469350907285	1.5
23730.84314854897	1500.0	54.234685154666856	0.0	855209	2138.822184105203	1.5
23732.47558091634	1500.0	56.60225278729903	0.0	644861	1632.4323673678193	1.5
23734.467082827206	1500.0	58.61075087643267	0.0	794014	1991.5019108663598	1.5
23737.336104367852	1500.0	59.74172933578645	0.0	914284	2369.0215406462135	1.5
23741.549228408865	1500.0	59.528605294772305	0.0	675709	2713.124041014151	1.5
23745.386341831014	1500.0	59.69149187262369	0.0	707527	2837.1134221486154	1.5
23749.39504802923	1500.0	59.682785674408414	0.0	757473	3508.706198215278	1.5
23753.092540251942	1500.0	59.98529345169239	0.0	712239	3697.4922227160187	1.5
23756.77634445485	1500.0	59.68670415577467	0.0	633700	3298.58929591772	1.5
23760.76369014361	1500.0	59.69935846701769	0.0	755142	1987.3456887569857	1.5
23764.536809204004	1500.0	59.926239406619246	0.0	670327	1773.1190603984467	1.5
23768.57063333652	1500.0	59.8621671684353	0.0	785519	2064.0722381839423	1.5
23772.659869901618	1500.0	59.772930603338345	0.0	681043	1589.236565096953	1.5
23776.65952641131	1500.0	59.77327409364305	0.0	866245	1999.6565096952909	1.5
23780.788153550962	1500.0	59.64464695399021	0.0	691256	1628.6271396528464	1.5
23784.49551748796	1500.0	59.93728301699116	0.0	725845	1707.3639369990472	1.5
23788.28677928341	1500.0	59.53897014215231	0.0	811013	1898.3128748388544	1.5
23792.210579537325	1500.0	59.61516988823779	0.0	657685	2423.8002539145155	1.5
23796.02415728194	1500.0	59.80159214362234	0.0	767059	2813.5777446154534	1.5
23800.314689346345	1500.0	59.51106007921606	0.0	848035	2290.5320644062776	1.5
23803.907397829884	1500.0	59.918351595678445	0.0	629438	1592.7084835376113	1.5
23807.352424080917	1500.0	59.502622203705364	0.0	763847	1915.7293919730835	1.5
23811.208603690782	1500.0	59.64644259384154	0.0	769491	3856.1796098638206	1.5
23815.256882429585	1500.0	59.59816385503649	0.0	808636	4048.2787388050547	1.5

