19706.258770856635	600.0	4.0	0.7364383197741989	247108	736.4383197741989	-14.128766395483979
19707.161542233025	600.0	7.097228623609497	0.0	309722	902.7713763905032	0.6
19708.007796923375	600.0	10.250973933255853	0.0	288447	846.2546903536444	0.6
19708.393903514778	200.0	13.864867341856218	0.0	115230	386.10659139963474	0.2
19709.319595030633	600.0	16.939175826000334	0.0	318350	925.6915158558858	0.6
19711.23211437315	1500.0	19.026656483479993	0.0	689829	1912.519342520339	1.5
19713.27234150249	1500.0	20.986429354142455	0.0	737903	2040.2271293375395	1.5
19718.484742364122	4000.0	19.77402849250556	0.0	2058614	5212.400861636896	4.0
19722.874188782596	4000.0	19.384582074034473	0.0	1857129	4389.446418471089	4.0
19728.830884913274	4000.0	17.427885943358046	0.0	2373154	5956.696130676425	4.0
19734.61228592712	4000.0	15.646484929511212	0.0	2094766	5781.401013846835	4.0
19739.406929149496	4000.0	14.851841707135335	0.0	1761739	4794.643222375877	4.0
19745.13268998127	4000.0	13.126080875361028	0.0	2131310	5725.760831774309	4.0
19749.87525026808	4000.0	12.38352058855294	0.0	1805063	4742.560286808086	4.0
19755.467299322754	4000.0	10.791471533877417	0.0	2157416	5592.0490546755245	4.0
19761.762343935916	4000.0	8.496426920718182	0.0	2231719	6295.044613159234	4.0
19767.040726229305	4000.0	7.218044627326197	0.0	1835863	5278.3822933919855	4.0
19772.281327564953	4000.0	5.977443291678524	0.0	2192675	5240.601335647672	4.0
19774.120372017896	1500.0	8.138398838735098	0.0	747396	1839.0444529434264	1.5
19775.75925289813	1500.0	10.499517958502096	0.0	662349	1638.8808802330027	1.5
19777.919857401826	1500.0	12.338913454805398	0.0	835711	2160.6045036966975	1.5
19783.456123373962	4000.0	10.802647482668148	0.0	1950922	5536.265972137252	4.0
19788.71568344921	4000.0	9.54308740742318	0.0	1849252	5259.560075244968	4.0
19793.92059151095	4000.0	8.338179345685669	0.0	1822097	5204.90806173751	4.0
19799.45104715537	4000.0	6.807723701265529	0.0	1836837	5530.455644420139	4.0
19806.07716709682	4000.0	4.18160375981378	0.0	1984579	6626.11994145175	4.0
19808.617592522056	1500.0	5.641178334580134	0.0	794014	2540.4254252336464	1.5
19811.276036488638	1500.0	6.982734367999249	0.0	914284	2658.4439665808864	1.5
19813.261656399096	1500.0	8.997114457539912	0.0	675709	1985.6199104593368	1.5
19815.337008745133	1500.0	10.921762111504025	0.0	707527	2075.3523460358865	1.5
19817.553217720353	1500.0	12.705553136286344	0.0	757473	2216.2089752176826	1.5
19819.670039752396	1500.0	14.588731104241335	0.0	712239	2116.82203204501	1.5
19821.56948095684	1500.0	16.689289899798247	0.0	633700	1899.4412044430885	1.5
19827.751034602294	4000.0	14.507736254348107	0.0	2125133	6181.553645450142	4.0
19832.65157897803	4000.0	13.607191878609255	0.0	1828568	4900.544375738851	4.0
19837.396123838942	4000.0	12.862647017697673	0.0	1785821	4744.544860911584	4.0
19843.34751466843	4000.0	10.911256188213025	0.0	2096494	5951.390829484649	4.0
19849.000259560773	4000.0	9.258511295870768	0.0	1955307	5652.744892342255	4.0
19855.369779107285	4000.0	6.888991749357221	0.0	2142800	6369.519546513548	4.0
19861.288483965203	4000.0	4.970286891436641	0.0	2094647	5918.704857920579	4.0
19863.49277110607	1500.0	6.76599975056736	0.0	811013	2204.2871408692804	1.5
19865.29544606719	1500.0	8.963324789447608	0.0	657685	1802.674961119751	1.5
19867.384604453047	1500.0	10.874166403591833	0.0	767059	2089.158385855775	1.5
19869.741538883245	1500.0	12.517231973391171	0.0	848035	2356.9344302006616	1.5
19876.00080712821	4000.0	10.257963728429324	0.0	2171279	6259.268244961848	4.0
19881.779519275955	4000.0	8.479251580684481	0.0	2042818	5778.712147744843	4.0
19886.629502078322	4000.0	7.629268778321084	0.0	1750852	4849.982802363398	4.0
19892.23035112266	4000.0	6.028419733983882	0.0	2034636	5600.849044337202	4.0

