13407.26582499573	600.0	4.0	0.8250445663029755	247108	825.0445663029756	0.15452497	-15.90089132605951
13407.643160816486	200.0	7.622664179245104	0.0	98617	377.33582075489477	0.004705182	0.2
13408.044191965786	200.0	11.221633029943277	0.0	106476	401.03114930182596	0.004705182	0.2
13408.471616919147	200.0	14.794208076582432	0.0	115230	427.4249533608458	0.004705182	0.2
13408.846061300777	200.0	18.419763694951662	0.0	97658	374.44438163076865	0.004705182	0.2
13409.220505682408	200.0	22.045319313320896	0.0	97658	374.44438163076865	0.004705182	0.2
13409.649625097485	200.0	25.616199898241845	0.0	115792	429.119415079051	0.004705182	0.2
13410.054268284399	200.0	29.21155671132719	0.0	107674	404.643186914655	0.004705182	0.2
13412.822079541866	1500.0	30.443745453860213	0.0	891463	2767.8112574669763	0.007739741	1.5
13429.70720483251	12000.0	17.55862016321761	0.0	5088378	16885.1252906426	0.0059229117	12.0
13430.068098041396	200.0	21.197726954329703	0.0	95365	360.893208887907	0.004705182	0.2
13430.428923504845	200.0	24.836901490880948	0.0	95342	360.8254634487583	0.19083804	0.2
13430.810593945374	200.0	28.455231050351504	0.0	102419	381.6704405294454	0.004705182	0.2
13433.09382584464	1500.0	30.171999151086027	0.0	748011	2283.2318992654773	0.004705182	1.5
13435.396220866824	1500.0	31.869604128903077	0.0	754517	2302.39502218295	0.004705182	1.5
13438.364002105907	1500.0	32.90182288982074	0.0	934743	2967.781239082327	0.004705182	1.5
13441.183626398837	1500.0	34.08219859689027	0.0	735572	2819.624292930469	0.004705182	1.5
13454.704392018853	12000.0	24.561432976874208	0.0	4055239	13520.765620016067	0.004705182	12.0
13457.022607186931	1500.0	26.243217808797542	0.0	747396	2318.2151680766638	0.31224433	1.5
13459.255965477618	1500.0	28.009859518109938	0.0	662349	2233.3582906876054	0.004705182	1.5
13459.735107358778	200.0	31.530717636949824	0.0	114656	479.141881160114	0.036113694	0.2
13462.622336096187	1500.0	32.64348889954202	0.0	806394	2887.2287374078023	0.004705182	1.5
13465.519775229364	1500.0	33.74604976636389	0.0	809327	2897.4391331781294	0.004705182	1.5
13467.973248391394	1500.0	35.29257660433521	0.0	681795	2453.473162028677	0.004705182	1.5
13470.624992423847	1500.0	36.64083257188177	0.0	855209	2651.744032453445	0.004705182	1.5
13479.931601446264	8000.0	31.334223549465037	0.0	3253093	9306.60902241673	0.18928735	8.0
13481.906312039691	1500.0	33.359512956036156	0.0	794014	1974.7105934288827	0.031478994	1.5
13490.41768733633	8000.0	28.84813765939606	0.0	3354913	8511.375296640095	0.004705182	8.0
13501.47747758865	8000.0	21.78834740707507	0.0	3811227	11059.790252320992	0.3529802	8.0
13503.163007662828	1500.0	24.10281733290014	0.0	707527	1685.5300741749281	0.004705182	1.5
13504.961875892415	1500.0	26.30394910331243	0.0	757473	1798.8682295877124	0.016468698	1.5
13513.475705230505	8000.0	21.79011976522366	0.0	3568902	8513.829338088766	0.112545006	8.0
13520.072242937127	4000.0	19.19358205860053	0.0	2544033	6596.537706623136	0.26591077	4.0
13522.71949789325	1500.0	20.546327102477886	0.0	755142	2647.254956122644	0.02142091	1.5
13525.078407440027	1500.0	22.18741755570016	0.0	670327	2358.909546777724	0.024435284	1.5
13527.828935030704	1500.0	23.436889965023834	0.0	785519	2750.5275906763277	0.7075176	1.5
13542.928630083794	8000.0	12.337194911935276	0.0	4018228	15099.695053088559	0.18142967	8.0
13545.458981019918	1500.0	13.806843975810954	0.0	866245	2530.3509361243214	0.004705182	1.5
13547.494339823377	1500.0	15.771485172352863	0.0	691256	2035.3588034580912	0.004705182	1.5
13556.127137824891	4000.0	11.138687170838008	0.0	2094647	8632.798001514855	0.25798962	4.0
13559.896343664966	1500.0	11.36948133076257	0.0	811013	3769.2058400754368	0.004705182	1.5
13561.578426395658	1500.0	13.68739860007122	0.0	657685	1682.082730691351	0.005326109	1.5
13570.71674006645	8000.0	8.549084929279376	0.0	3735285	9138.313670791844	0.21081151	8.0
13572.766766926705	1500.0	10.499058069025292	0.0	848035	2050.0268602540837	0.004705182	1.5
13577.890754440316	4000.0	9.375070555413677	0.0	2171279	5123.987513611615	0.009205964	4.0
13583.152953708255	4000.0	8.112871287472629	0.0	2042818	5262.199267941048	0.048102282	4.0
13587.98448991261	4000.0	7.281335083120304	0.0	1750852	4831.536204352325	0.56135195	4.0
13595.679005360173	4000.0	4.0	0.4131803644449983	2034636	7694.515447565303	0.59227496	-4.263607288899966

