19893.59645092098	600.0	4.0	1.3660997983215146	247108	1366.0997983215145	-26.721995966430292
19895.288431924168	600.0	6.308018996812178	0.0	309722	1691.9810031878212	0.6
19896.86968493308	600.0	8.726765987899292	0.0	288447	1581.253008912888	0.6
19898.405371615798	600.0	11.191079305185088	0.0	279692	1535.686682714202	0.6
19900.14225796021	600.0	13.454192960770282	0.0	318350	1736.8863444148071	0.6
19901.94461304446	600.0	15.651837876520721	0.0	330929	1802.3550842495608	0.6
19904.289735025453	1500.0	17.306715895526555	0.0	737903	2345.121980994168	1.5
19906.35013666246	1500.0	19.246314258522652	0.0	780303	2060.401637003902	1.5
19908.692661328554	1500.0	20.903789592427035	0.0	891463	2342.524666095619	1.5
19910.709384148264	1500.0	22.887066772719535	0.0	763093	2016.7228197074967	1.5
19912.74190088314	1500.0	24.854550037844373	0.0	769316	2032.5167348751627	1.5
19914.46594475791	1500.0	27.130506163070596	0.0	744416	1724.0438747737758	1.5
19919.082818793355	4000.0	26.5136321276281	0.0	2131310	4616.8740354425	4.0
19923.005217814167	4000.0	26.591233106820265	0.0	1805063	3922.3990208078335	4.0
19928.44149526695	4000.0	25.15495565403596	0.0	2157416	5436.277452784308	4.0
19934.173951981546	4000.0	23.42249893944448	0.0	2231719	5732.456714591478	4.0
19939.22018999869	4000.0	22.37626092230075	0.0	1835863	5046.238017143727	4.0
19944.978647219574	4000.0	20.617803701417074	0.0	2192675	5758.457220883681	4.0
19949.779323850584	4000.0	19.81712707040482	0.0	2082556	4800.676631012255	4.0
19954.78560574258	4000.0	18.810845178406314	0.0	2164412	5006.281891998503	4.0
19960.374733855686	4000.0	17.221717065299792	0.0	2379358	5589.1281131065225	4.0
19965.34510514244	4000.0	16.251345778547226	0.0	1950922	4970.371286752568	4.0
19971.33502864189	4000.0	14.26142227909651	0.0	1849252	5989.923499450714	4.0
19976.731696300332	4000.0	12.86475462065654	0.0	1822097	5396.66765843997	4.0
19981.71908876627	4000.0	11.877362154720126	0.0	1836837	4987.392465936415	4.0
19987.519670810067	4000.0	10.076780110923526	0.0	1984579	5800.582043796599	4.0
19993.953802033786	4000.0	7.642648887205713	0.0	2068230	6434.131223717814	4.0
19996.21415713811	1500.0	9.382293782880655	0.0	914284	2260.355104325057	1.5
19997.820083942246	1500.0	11.776366978742393	0.0	675709	1605.926804138262	1.5
19999.49786407238	1500.0	14.098586848610145	0.0	707527	1677.7801301322495	1.5
20001.288435271093	1500.0	16.308015649897353	0.0	757473	1790.5711987127918	1.5
20005.80373961061	4000.0	15.792711310379245	0.0	1947068	4515.304339518107	4.0
20011.854596854053	4000.0	13.74185406693619	0.0	2544033	6050.857243443055	4.0
20019.129518592435	4000.0	10.466932328554362	0.0	2125133	7274.921738381828	4.0
20026.727778524608	4000.0	6.868672396381261	0.0	1828568	7598.2599321731	4.0
20028.83316028888	1500.0	8.763290632111431	0.0	785519	2105.3817642698295	1.5
20030.66916119132	1500.0	10.927289729671623	0.0	681043	1836.0009024398107	1.5
20032.982686830277	1500.0	12.613764090712007	0.0	866245	2313.525638959616	1.5
20034.84502092639	1500.0	14.751429994602166	0.0	691256	1862.33409610984	1.5
20036.629161043766	1500.0	16.967289877226452	0.0	725845	1784.1401173757117	1.5
20041.201220208335	4000.0	16.395230712657316	0.0	1985434	4572.059164569134	4.0
20045.423059061242	4000.0	16.173391859748584	0.0	1830641	4221.838852908736	4.0
20049.28338783817	4000.0	16.313063082821415	0.0	1697030	3860.3287769271674	4.0
20053.61664715617	4000.0	15.97980376481983	0.0	1910697	4333.2593180015865	4.0
20059.24025183438	4000.0	14.356199086608997	0.0	2171279	5623.604678210832	4.0
20065.064050797566	4000.0	12.532400123424745	0.0	2042818	5823.798963184255	4.0
20069.45990138366	4000.0	12.136549537332288	0.0	1750852	4395.850586092455	4.0
20074.408834842627	4000.0	11.187616078365176	0.0	2034636	4948.933458967112	4.0

