24483.00879494951	600.0	4.0	0.879734617096161	247108	879.734617096161	-16.99469234192322
24485.45913355544	1500.0	5.549661394069339	0.0	732405	2450.3386059306604	1.5
24487.622865097976	1500.0	7.385929851531211	0.0	643847	2163.7315425381285	1.5
24490.02804330098	1500.0	8.980751648529472	0.0	718451	2405.17820300174	1.5
24492.45213812682	1500.0	10.556656822687	0.0	724296	2424.0948258424696	1.5
24494.806918771614	1500.0	12.201876177894707	0.0	689829	2354.780644792293	1.5
24497.32184040171	1500.0	13.686954547800664	0.0	737903	2514.9216300940443	1.5
24499.976672937595	1500.0	15.032122011915497	0.0	780303	2654.8325358851675	1.5
24502.997495332616	1500.0	16.011299616891048	0.0	891463	3020.8223950244483	1.5
24505.581800210166	1500.0	17.42699473934254	0.0	763093	2584.3048775485095	1.5
24508.18652761715	1500.0	18.82226733236055	0.0	769316	2604.7274069819914	1.5
24510.70953865214	1500.0	20.299256297368547	0.0	744416	2523.0110349920005	1.5
24512.77860047271	1500.0	22.23019447679998	0.0	606092	2069.0618205685687	1.5
24515.23523206095	1500.0	23.77356288856223	0.0	748011	2456.6315882377526	1.5
24517.697619525676	1500.0	25.311175423837422	0.0	754517	2462.387464724804	1.5
24520.72907059429	1500.0	26.279724355221	0.0	934743	3031.451068616423	1.5
24523.13163922058	1500.0	27.877155728930862	0.0	735572	2402.5686262901354	1.5
24525.624964773262	1500.0	29.383830176245787	0.0	772616	2493.325552685072	1.5
24528.035161386604	1500.0	30.9736335629057	0.0	747396	2410.196613340089	1.5
24530.18020240455	1500.0	32.82859254495913	0.0	662349	2145.0410179465694	1.5
24532.86574343224	1500.0	34.14305151726958	0.0	835711	2685.54102768955	1.5
24535.504129753208	1500.0	35.504665196303975	0.0	806394	2638.3863209656033	1.5
24538.17849034063	1500.0	36.83030460888186	0.0	809327	2674.360587422115	1.5
24540.444037192156	1500.0	38.56475775736021	0.0	681795	2265.546851521648	1.5
24543.265476095847	1500.0	39.74331885366779	0.0	855209	2821.438903692425	1.5
24545.419076647606	1500.0	41.58971830191094	0.0	644861	2153.6005517568424	1.5
24548.057987357213	1500.0	42.950807592301096	0.0	794014	2638.9107096098455	1.5
24551.084498526066	1500.0	43.924296423449	0.0	914284	3026.511168852096	1.5
24553.34214148536	1500.0	45.66665346415639	0.0	675709	2257.642959292606	1.5
24555.700085220844	1500.0	47.30870972867188	0.0	707527	2357.9437354845145	1.5
24558.21657108792	1500.0	48.792223861597776	0.0	757473	2516.485867074102	1.5
24560.58755737717	1500.0	50.421237572345234	0.0	712239	2370.9862892525434	1.5
24562.705915304072	1500.0	52.30287964544242	0.0	633700	2118.3579269028187	1.5
24565.225989432027	1500.0	53.782805517487624	0.0	755142	2520.0741279547924	1.5
24567.527500233824	1500.0	55.481294715689735	0.0	670327	2301.5108017978832	1.5
24570.210765421587	1500.0	56.79802952792694	0.0	785519	2683.2651877627954	1.5
24572.54778980072	1500.0	58.4610051487973	0.0	681043	2337.024379129642	1.5
24575.485629827992	1500.0	59.52316512152356	0.0	866245	2937.8400272737335	1.5
24579.266424972753	1500.0	59.74236997676184	0.0	691256	2280.795144761715	1.5
24583.15734328934	1500.0	59.85145166017644	0.0	725845	2390.9183165854142	1.5
24587.325717368483	1500.0	59.683077581031895	0.0	811013	2668.37407914454	1.5
24591.0317826276	1500.0	59.97701232191481	0.0	657685	2206.0652591170824	1.5
24595.091415721854	1500.0	59.91737922766287	0.0	767059	2559.633094251945	1.5
24599.39215016045	1500.0	59.61664478906468	0.0	848035	2800.734438598195	1.5
24603.488327614356	1500.0	59.52046733515986	0.0	629438	2096.177453904827	1.5
24607.016138525032	1500.0	59.99265642448269	0.0	763847	2527.8109106771676	1.5
24611.074121014717	1500.0	59.93467393479767	0.0	769491	2557.982489685016	1.5
24615.258161670852	1500.0	59.750633278664026	0.0	808636	2684.0406561336426	1.5

