11717.191044815108	600.0	4.0	0.8277216937420807	247108	827.7216937420807	-15.954433874841614
11717.569449036226	200.0	7.621595778883068	0.0	98617	378.40422111693175	0.2
11718.52225800799	600.0	10.668786807118405	0.0	288447	952.8089717646615	0.6
11718.950931344225	200.0	14.24011347088526	0.0	115230	428.6733362331448	0.2
11719.994223512842	600.0	17.196821302267526	0.0	318350	1043.2921686177356	0.6
11720.369725905186	200.0	20.82131890992303	0.0	97658	375.5023923444976	0.2
11720.800099791752	200.0	24.390945023356092	0.0	115792	430.3738865669384	0.2
11721.71168403443	600.0	27.479360780679695	0.0	274823	911.5842426764	0.6
11722.08006650696	200.0	31.110978308149104	0.0	95305	368.3824725305899	0.2
11735.341280653023	12000.0	21.84976416208427	0.0	5088378	13261.214146064834	12.0
11740.198079132535	4000.0	20.99296568257402	0.0	2094766	4856.798479510249	4.0
11741.932543718387	1500.0	23.258501096723013	0.0	744416	1734.4645858510091	1.5
11743.359583209434	1500.0	25.831461605675518	0.0	606092	1427.039491047492	1.5
11743.619310119742	200.0	29.571734695367287	0.0	80867	259.72691030823296	0.2
11745.376224178444	1500.0	31.8148206366655	0.0	754517	1756.9140587017823	1.5
11745.665977064222	200.0	35.52506775088811	0.0	94377	289.7528857773889	0.2
11745.945715364844	200.0	39.2453294502672	0.0	89871	279.738300620911	0.2
11755.395132942236	12000.0	33.7959118728731	0.0	4055239	9449.417577394102	12.0
11757.218101940474	1500.0	35.97294287463672	0.0	747396	1822.968998236383	1.5
11758.026316138687	600.0	39.1647286764238	0.0	310849	808.2141982129165	0.6
11767.189016929236	8000.0	34.00202788587349	0.0	3690869	9162.70079055031	8.0
11768.033952177939	600.0	37.15709263717313	0.0	310841	844.9352487003599	0.6
11779.47182380433	12000.0	29.719221010781226	0.0	5141915	11437.871626391901	12.0
11788.95492871764	8000.0	24.23611609747292	0.0	4032749	9483.104913308303	8.0
11789.875432624125	600.0	27.315612190986336	0.0	346939	920.5039064865847	0.6
11791.517690512806	1500.0	29.673354302306063	0.0	644861	1642.2578886802737	1.5
11805.670727596818	12000.0	19.520317218294323	0.0	5138482	14153.037084011738	12.0
11814.442752323985	8000.0	14.748292491126914	0.0	3354913	8772.024727167409	8.0
11816.136530274249	1500.0	17.054514540862716	0.0	675709	1693.777950264203	1.5
11816.939584876154	600.0	20.251459938958064	0.0	302752	803.0546019046482	0.6
11817.593658972342	600.0	23.597385842770347	0.0	240372	654.0740961877184	0.6
11828.45774534794	8000.0	16.73329946717192	0.0	3568902	10864.086375598425	8.0
11828.850373013758	200.0	20.3406718013531	0.0	99865	392.6276658188221	0.2
11829.176298510305	200.0	24.014746304807026	0.0	89422	325.92549654607177	0.2
11830.792732627717	1500.0	26.398312187395916	0.0	670327	1616.434117411111	1.5
11831.504758528068	600.0	29.68628628704351	0.0	275745	712.0259003524053	0.6
11833.145754431	1500.0	32.04529038411253	0.0	681043	1640.99590293098	1.5
11833.976319138905	600.0	35.21472567620778	0.0	327462	830.5647079047648	0.6
11846.392258833734	12000.0	26.798785981377694	0.0	5257310	12415.93969483008	12.0
11847.151554688362	600.0	30.03949012674964	0.0	284107	759.2958546280523	0.6
11858.8607684539	12000.0	22.330276361213052	0.0	4828747	11709.213765536593	12.0
11859.671667564138	600.0	25.51937725097327	0.0	302912	810.8991102397829	0.6
11863.94737629395	4000.0	25.24366852116306	0.0	1697030	4275.708729810212	4.0
11864.717229914786	600.0	28.473814900326825	0.0	278938	769.8536208362316	0.6
11866.353920230884	1500.0	30.837124584228206	0.0	629438	1636.6903160986167	1.5
11871.61436918873	4000.0	29.576675626383082	0.0	2042818	5260.448957845124	4.0
11886.19559792603	12000.0	18.995446889083375	0.0	5704199	14581.228737299707	12.0
11900.579619630826	12000.0	8.611425184289116	0.0	5646381	14384.021704794259	12.0

