12451.228693677924	600.0	4.0	0.7789954563937557	247108	778.9954563937557	-14.979909127875114
12452.184805623896	600.0	7.043888054028252	0.0	309722	956.1119459717484	0.6
12454.086058386303	1500.0	9.142635291621731	0.0	643847	1901.2527624065203	1.5
12454.492009980102	200.0	12.736683697823667	0.0	115230	405.95159379806586	0.2
12454.84825558235	200.0	16.380438095574846	0.0	97658	356.2456022488199	0.2
12456.879577824804	1500.0	18.34911585311953	0.0	689829	2031.3222424553153	1.5
12457.88721744788	600.0	21.341476230044375	0.0	327938	1007.6396230751551	0.6
12458.744610443302	600.0	24.48408323462334	0.0	274823	857.392995421035	0.6
12468.838211109589	8000.0	18.390482568334193	0.0	3448932	10093.60066628915	8.0
12469.22679278275	200.0	22.00190089517319	0.0	105425	388.5816731610047	0.2
12470.270562791715	600.0	24.958130886209172	0.0	329266	1043.7700089640161	0.6
12472.431465961527	1500.0	26.797227716396762	0.0	744416	2160.9031698124095	1.5
12472.78500728391	200.0	30.44368639401374	0.0	102419	353.541322383027	0.2
12477.6859811267	4000.0	29.54271255122408	0.0	1805063	4900.973842789657	4.0
12478.47137582181	600.0	32.757317856113325	0.0	264113	785.394695110755	0.6
12478.803438518991	200.0	36.4252551589327	0.0	94377	332.06269718063004	0.2
12479.793347544648	600.0	39.43534613327626	0.0	340687	989.9090256564342	0.6
12491.077079169769	12000.0	32.15161450815539	0.0	4055239	11283.731625120867	12.0
12493.138402798328	1500.0	34.090290879595265	0.0	747396	2061.3236285601215	1.5
12493.438745978034	200.0	37.78994769989098	0.0	85876	300.34317970428816	0.2
12512.244642716763	12000.0	22.984050961160634	0.0	5251330	18805.89673873035	12.0
12512.579943748498	200.0	26.648749929424966	0.0	97742	335.3010317356667	0.2
12525.767986163923	12000.0	17.46070751400016	0.0	5141915	13188.042415424807	12.0
12526.052959795845	200.0	21.1757338820776	0.0	85752	284.9736319225541	0.2
12526.358977693271	200.0	24.869715984651666	0.0	94556	306.0178974259378	0.2
12527.98039365156	1500.0	27.24830002636253	0.0	644861	1621.4159582891375	1.5
12528.271911944881	200.0	30.956781733041947	0.0	88490	291.51829332058503	0.2
12537.108736686516	8000.0	26.119956991406756	0.0	3354913	8836.824741635191	8.0
12537.458419821098	200.0	29.77027385682413	0.0	93993	349.6831345826235	0.2
12553.821931301765	12000.0	17.406762376157836	0.0	5411094	16363.511480666295	12.0
12554.162012592735	200.0	21.06668108518805	0.0	93982	340.081290969784	0.2
12554.570004705782	200.0	24.658688972141714	0.0	118522	407.9921130463359	0.2
12564.840175447458	8000.0	18.38851823046508	0.0	3713878	10270.170741676635	8.0
12565.155864764647	200.0	22.072828913275394	0.0	89422	315.6893171896878	0.2
12570.055416366657	4000.0	21.17327731126567	0.0	1828568	4899.551602009719	4.0
12575.042229088029	4000.0	20.186464589893696	0.0	1785821	4986.812721371977	4.0
12577.154510784474	1500.0	22.07418289344847	0.0	681043	2112.2816964452236	1.5
12577.474439166732	200.0	25.75425451118878	0.0	80403	319.92838225968893	0.2
12577.813211966912	200.0	29.415481711009736	0.0	86718	338.77280017904434	0.2
12578.197491872912	200.0	33.031201805008024	0.0	101968	384.2799060017159	0.2
12591.20147070624	12000.0	24.027222971679155	0.0	4828747	13003.978833328867	12.0
12592.03548722848	600.0	27.193206449439472	0.0	302912	834.0165222396814	0.6
12596.592216368867	4000.0	26.636477309052786	0.0	1697030	4556.7291403866875	4.0
12601.918411347675	4000.0	25.31028233024613	0.0	1910697	5326.194978806651	4.0
12611.631226651618	8000.0	19.597467026302883	0.0	3682991	9712.815303943253	8.0
12613.68374912616	1500.0	21.544944551763265	0.0	763847	2052.522474539615	1.5
12618.348526263293	4000.0	20.88016741462942	0.0	1750852	4664.777137133849	4.0
12633.671882552377	12000.0	9.556811125547036	0.0	5646381	15323.356289082381	12.0

