14964.00947154402	600.0	4.0	0.8748470105745648	247108	874.8470105745648	-16.896940211491295
14964.406682753863	200.0	7.602788790157211	0.0	98617	397.21120984278883	0.2
14965.414500694436	600.0	10.594970849583854	0.0	288447	1007.8179405733586	0.6
14967.805468488254	1500.0	12.204003055767762	0.0	718451	2390.9677938160908	1.5
14974.532014262024	4000.0	9.477457281996594	0.0	2069289	6726.545773771169	4.0
14976.8099281159	1500.0	11.199543428122407	0.0	689829	2277.9138538741863	1.5
14983.410269832848	4000.0	8.599201711173965	0.0	2046450	6600.341716948444	4.0
14984.402234763842	600.0	11.607236780179301	0.0	274823	991.964930994664	0.6
14990.762950046023	4000.0	9.246521497997943	0.0	1857129	6360.715282181357	4.0
14993.423691538308	1500.0	10.585780005713014	0.0	763093	2660.7414922849293	1.5
14995.990422396224	1500.0	12.019049147796176	0.0	769316	2566.7308579168366	1.5
15001.700667877098	4000.0	10.308803666921314	0.0	1761739	5710.245480874863	4.0
15003.717644207869	1500.0	12.291827336151314	0.0	606092	2016.9763307699989	1.5
15008.959292556445	4000.0	11.050178987575892	0.0	1805063	5241.6483485754225	4.0
15015.115887010024	4000.0	8.893584533994765	0.0	2157416	6156.594453581127	4.0
15016.07989314186	600.0	11.929578402160326	0.0	324375	964.0061318344405	0.6
15021.163096684699	4000.0	10.846374859322648	0.0	1835863	5083.203542837677	4.0
15023.348675972724	1500.0	12.660795571296758	0.0	772616	2185.57928802589	1.5
15029.403893145392	4000.0	10.605578398630193	0.0	2082556	6055.217172666563	4.0
15031.410551449182	1500.0	12.598920094839631	0.0	662349	2006.6583037905646	1.5
15038.126808810934	4000.0	9.88266273308695	0.0	2379358	6716.2573617526805	4.0
15040.366696315958	1500.0	11.64277522806485	0.0	806394	2239.8875050220972	1.5
15045.479855865748	4000.0	10.52961567827556	0.0	1849252	5113.159549789291	4.0
15047.729709070187	1500.0	12.27976247383589	0.0	681795	2249.8532044396707	1.5
15053.655552249564	4000.0	10.353919294458876	0.0	1836837	5925.843179377014	4.0
15055.761213058817	1500.0	12.248258485207089	0.0	644861	2105.660809251787	1.5
15062.117491863937	4000.0	9.891979680086177	0.0	2068230	6356.278805120911	4.0
15064.971990488879	1500.0	11.037481055145447	0.0	914284	2854.49862494073	1.5
15070.715208753682	4000.0	9.29426279034359	0.0	2165436	5743.218264801858	4.0
15072.626223537107	1500.0	11.38324800691914	0.0	707527	1911.0147834244492	1.5
15078.821615051522	4000.0	9.187856492503927	0.0	2290706	6195.391514415213	4.0
15080.859122266033	1500.0	11.150349277992452	0.0	712239	2037.5072145114746	1.5
15087.9676072225	4000.0	8.041864321525352	0.0	2544033	7108.4849564671	4.0
15089.009994072465	600.0	10.999477471559416	0.0	344336	1042.386849965937	0.6
15090.96349521663	1500.0	13.045976327394655	0.0	670327	1953.5011441647598	1.5
15103.618426526697	8000.0	4.391045017328533	0.0	4086583	12654.931310066122	8.0
15104.034767849489	200.0	7.97470369453799	0.0	102088	416.3413227905444	0.2
15105.19363120506	600.0	10.81584033896596	0.0	327462	1158.863355572029	0.6
15107.41528450211	1500.0	12.594187041913854	0.0	691256	2221.653297052108	1.5
15113.67361467079	4000.0	10.335856873234713	0.0	2094647	6258.330168679141	4.0
15116.145762887218	1500.0	11.863708656809235	0.0	811013	2472.148216425477	1.5
15121.492346884364	4000.0	10.517124659661452	0.0	1830641	5346.583997147783	4.0
15123.77618318956	1500.0	12.233288354466529	0.0	767059	2283.8363051949223	1.5
15130.214122918404	4000.0	9.795348625623006	0.0	1910697	6437.939728843522	4.0
15132.686059076488	1500.0	11.323412467538263	0.0	629438	2471.936158084743	1.5
15139.60670623023	4000.0	8.402765313795294	0.0	2042818	6920.647153742969	4.0
15140.418246614434	600.0	11.59122492959191	0.0	256094	811.5403842033851	0.6
15146.310246900088	4000.0	9.699224643938836	0.0	2034636	5892.000285653074	4.0

