13178.34873523959	600.0	4.0	1.0144003025075037	247108	1014.4003025075037	-19.688006050150072
13178.801640020625	200.0	7.547095218963439	0.0	98617	452.9047810365609	0.2
13181.316246879038	1500.0	9.032488360551131	0.0	643847	2514.6068584123086	1.5
13182.453858487763	600.0	11.894876751825679	0.0	279692	1137.611608725451	0.6
13182.9031369601	200.0	15.445598279488573	0.0	97658	449.2784723371068	0.2
13183.352415432439	200.0	18.996319807151465	0.0	97658	449.2784723371068	0.2
13183.870264793155	200.0	22.4784704464349	0.0	115792	517.8493607165647	0.2
13184.357417204945	200.0	25.991318034646564	0.0	107674	487.1524117883393	0.2
13185.536740817073	600.0	28.811994422517902	0.0	290723	1179.3236121286602	0.6
13195.588861927097	12000.0	22.75987331249444	0.0	5088378	10052.12111002346	12.0
13195.829605258605	200.0	26.51912998098713	0.0	95365	240.74333150731113	0.2
13196.070309822257	200.0	30.27842541733621	0.0	95342	240.70456365092073	0.2
13197.17191363162	1500.0	33.17682160797293	0.0	606092	1101.60380936328	1.5
13200.571615840865	4000.0	33.77711939872802	0.0	1805063	3399.7022092449115	4.0
13201.163847410116	600.0	37.18488782947786	0.0	264113	592.2315692501637	0.6
13211.818088348393	12000.0	30.53064689120146	0.0	5443841	10654.240938276393	12.0
13212.073275482895	200.0	34.27545975669853	0.0	89871	255.187134502924	0.2
13220.07539151943	12000.0	30.27334372016494	0.0	4055239	8002.116036533589	12.0
13220.807474929925	600.0	33.54126030966826	0.0	330105	732.0834104966851	0.6
13222.195867092598	1500.0	36.152868146995566	0.0	662349	1388.3921626726917	1.5
13233.064423252492	12000.0	29.284311987103194	0.0	5251330	10868.556159892367	12.0
13233.359554074843	200.0	32.98918116475197	0.0	97742	295.1308223512257	0.2
13243.786527824834	12000.0	26.562207414760163	0.0	5141915	10426.973749991808	12.0
13244.022460043634	200.0	30.326275195960086	0.0	85752	235.9322188000773	0.2
13244.274401536319	200.0	34.0743337032735	0.0	94556	251.9414926865858	0.2
13244.538259063966	200.0	37.810476175628	0.0	101109	263.85752764550114	0.2
13253.752478588043	12000.0	32.59625665155051	0.0	5138482	9214.21952407749	12.0
13259.654768585719	8000.0	30.693966653873463	0.0	3354913	5902.289997677046	8.0
13260.29443301283	600.0	34.05430222676321	0.0	291029	639.6644271102512	0.6
13270.862715533809	12000.0	27.486019705782862	0.0	5411094	10568.282520980347	12.0
13271.137696408021	200.0	31.211038831572207	0.0	93982	274.980874210656	0.2
13278.621961394212	8000.0	27.72677384538168	0.0	3568902	7484.264986190531	8.0
13285.512022719638	8000.0	24.836712519954613	0.0	3713878	6890.061325427067	8.0
13286.940716362547	1500.0	27.408018877045645	0.0	755142	1428.6936429089694	1.5
13287.528749627045	600.0	30.81998561254824	0.0	284451	588.0332644974047	0.6
13290.860161325718	4000.0	31.48857391387582	0.0	1785821	3331.411698672422	4.0
13304.405666497478	12000.0	21.94306874211415	0.0	6397278	13545.505171761672	12.0
13313.225433985153	8000.0	17.123301254438896	0.0	3739359	8819.767487675254	8.0
13331.926009314613	12000.0	4.0	1.5772740750215999	5257310	18700.575329460495	-19.545481500431997
13332.221055118454	200.0	7.7049541961590675	0.0	101968	295.0458038409322	0.2
13332.966214937613	600.0	10.959794377001858	0.0	315398	745.1598191572093	0.6
13333.260722958228	200.0	14.665286356386835	0.0	101713	294.5080206150237	0.2
13336.919680871417	4000.0	15.006328443196645	0.0	1697030	3658.9579131901883	4.0
13337.2042240852	200.0	18.721785229414632	0.0	96988	284.54321378201325	0.2
13338.611679764219	1500.0	21.314329550397403	0.0	629438	1407.4556790172276	1.5
13340.302597818181	1500.0	23.62341149643455	0.0	763847	1690.918053962856	1.5
13343.638595417275	4000.0	24.28741389734188	0.0	1750852	3335.9975990926687	4.0
13355.426187992545	12000.0	16.499821322071664	0.0	5646381	11787.592575270217	12.0

