27622.867036588472	600.0	4.0	0.7870708371336087	247108	787.0708371336087	-15.141416742672174
27625.042728417433	1500.0	5.824308171039219	0.0	732405	2175.691828960781	1.5
27626.965021816577	1500.0	7.902014771894057	0.0	643847	1922.2933991451616	1.5
27629.10078589548	1500.0	9.766250692991399	0.0	718451	2135.7640789026595	1.5
27631.25327476291	1500.0	11.613761825562888	0.0	724296	2152.4888674285103	1.5
27633.00509424058	1500.0	13.861942347894315	0.0	689829	1751.819477668572	1.5
27634.342972783088	1500.0	16.524063805384195	0.0	737903	1337.8785425101216	1.5
27635.753129186243	1500.0	19.113907402230563	0.0	780303	1410.156403153633	1.5
27638.998914824428	4000.0	19.86812176404603	0.0	1857129	3245.7856381845304	4.0
27643.107236677148	4000.0	19.759799911325114	0.0	2373154	4108.321852720919	4.0
27646.508045174294	4000.0	20.358991414178632	0.0	2094766	3400.808497146481	4.0
27649.380909790652	4000.0	21.486126797818454	0.0	1761739	2872.864616360178	4.0
27652.83965107157	4000.0	22.027385516905326	0.0	2131310	3458.7412809131265	4.0
27656.693341279333	4000.0	22.173695309141653	0.0	1805063	3853.6902077636737	4.0
27661.402058141553	4000.0	21.46497844692241	0.0	2157416	4708.716862219242	4.0
27665.74067350238	4000.0	21.126363086096994	0.0	2231719	4338.615360825419	4.0
27669.042828347596	4000.0	21.824208240876395	0.0	1835863	3302.154845220596	4.0
27672.97123009394	4000.0	21.895806494534718	0.0	2192675	3928.4017463416776	4.0
27676.77045713615	4000.0	22.096579452321865	0.0	2082556	3799.2270422128527	4.0
27684.656403208617	8000.0	18.210633379854045	0.0	4303587	7885.946072467821	8.0
27692.075482808446	8000.0	14.791553780028032	0.0	3690869	7419.079599826012	8.0
27706.11249589898	8000.0	4.754540689494701	0.0	3905272	14037.013090533332	8.0
27707.651893171602	1500.0	7.215143416869885	0.0	809327	1539.3972726248169	1.5
27708.96132177523	1500.0	9.905714813240898	0.0	681795	1309.428603628987	1.5
27710.583454537544	1500.0	12.283582050928263	0.0	855209	1622.132762312634	1.5
27711.826282893227	1500.0	15.040753695242476	0.0	644861	1242.8283556857884	1.5
27713.33806740805	1500.0	17.528969180422234	0.0	794014	1511.7845148202414	1.5
27725.36739216303	4000.0	9.499644425445222	0.0	2055338	12029.324754977013	4.0
27726.66715230293	1500.0	12.199884285545632	0.0	675709	1299.7601398995882	1.5
27728.024348895695	1500.0	14.84268769277754	0.0	707527	1357.196592768094	1.5
27729.47170580888	1500.0	17.39533077959426	0.0	757473	1447.3569131832799	1.5
27730.837408296607	1500.0	20.02962829186368	0.0	712239	1365.7024877305805	1.5
27732.06133563908	1500.0	22.805700949391742	0.0	633700	1223.9273424719356	1.5
27733.50448473368	1500.0	25.362551854790286	0.0	755142	1443.1490946014553	1.5
27738.46702419499	4000.0	24.400012393478455	0.0	1828568	4962.539461311831	4.0
27744.313317381944	4000.0	22.55371920652334	0.0	1785821	5846.2931869551185	4.0
27754.08199710378	4000.0	16.7850394846868	0.0	2096494	9768.67972183654	4.0
27758.878289467008	4000.0	15.988747121459285	0.0	1955307	4796.292363227514	4.0
27763.548630748857	4000.0	15.318405839610554	0.0	2142800	4670.341281848732	4.0
27767.532488430024	4000.0	15.334548158442551	0.0	2094647	3983.8576811680027	4.0
27770.990836421643	4000.0	15.876200166822766	0.0	1985434	3458.3479916197853	4.0
27774.185793829307	4000.0	16.681242759159336	0.0	1830641	3194.95740766343	4.0
27777.283465337994	4000.0	17.583571250470623	0.0	1697030	3097.6715086887107	4.0
27780.873517694014	4000.0	17.99351889444968	0.0	1910697	3590.052356020943	4.0
27787.630847044715	8000.0	15.236189543749909	0.0	3682991	6757.3293506997725	8.0
27794.659454372715	8000.0	12.207582215747097	0.0	3954105	7028.607328002811	8.0
27801.94407321236	8000.0	8.92296337610318	0.0	4201994	7284.6188396439165	8.0
27809.47311374806	8000.0	5.393922840404263	0.0	4346302	7529.040535698917	8.0

