917.6913953115992	600.0	4.0	1.0505734485467402	247108	1050.57344854674	-20.411468970934802
918.987899632102	600.0	6.703495679497251	0.0	309722	1296.5043205027496	0.6
920.2008415017013	600.0	9.490553809897879	0.0	288447	1212.9418695993716	0.6
921.3793960971453	600.0	12.311999214454046	0.0	279692	1178.5545954438337	0.6
922.7097888701226	600.0	14.981606441476828	0.0	318350	1330.3927729772192	0.6
924.0895885559041	600.0	17.601806755695208	0.0	330929	1379.799685781618	0.6
925.457640401937	600.0	20.233754909662217	0.0	327938	1368.0518460329931	0.6
926.6170708811201	600.0	23.074324430479184	0.0	274823	1159.4304791830323	0.6
927.8250934114888	600.0	25.866301900110432	0.0	290723	1208.0225303687512	0.6
930.8154404747993	1500.0	26.87595483679998	0.0	763093	2990.34706331045	1.5
933.829521329109	1500.0	27.861873982490295	0.0	769316	3014.0808543096878	1.5
936.7486365083614	1500.0	28.942758803237815	0.0	744416	2919.1151792524793	1.5
945.650191119527	4000.0	24.041204192072218	0.0	2131310	8901.554611165595	4.0
953.4073795383796	4000.0	20.284015773219632	0.0	1805063	7757.188418852588	4.0
962.1381340024615	4000.0	15.553261309137813	0.0	2157416	8730.754464081818	4.0
970.558377811362	4000.0	11.133017500237237	0.0	2231719	8420.243808900575	4.0
977.3805927905894	4000.0	8.31080252100984	0.0	1835863	6822.214979227398	4.0
980.6576362253647	1500.0	9.033759086234468	0.0	772616	3277.0434347753726	1.5
983.9276316904593	1500.0	9.7637636211399	0.0	747396	3269.9954650945665	1.5
986.8346341179675	1500.0	10.856761193631698	0.0	662349	2907.002427508203	1.5
988.1124723018713	600.0	13.578923009727943	0.0	280646	1277.8381839037534	0.6
991.751458749386	1500.0	13.939936562213251	0.0	806394	3638.986447514691	1.5
995.4109678161707	1500.0	14.280427495428643	0.0	809327	3659.509066784609	1.5
998.5064255782229	1500.0	15.184969733376452	0.0	681795	3095.4577620521895	1.5
1001.9392370459914	1500.0	15.752158265607974	0.0	855209	3432.8114677684794	1.5
1004.5426610334694	1500.0	17.148734278129986	0.0	644861	2603.4239874779882	1.5
1007.7297398830095	1500.0	17.961655428589776	0.0	794014	3187.0788495402076	1.5
1011.322770827814	1500.0	18.368624483785347	0.0	914284	3593.0309448044272	1.5
1013.9786789548541	1500.0	19.712716356745247	0.0	675709	2655.9081270400993	1.5
1016.7558822618995	1500.0	20.935513049699907	0.0	707527	2777.2033070453413	1.5
1019.7499751811305	1500.0	21.941420130468927	0.0	757473	2994.09291923098	1.5
1022.6644752308767	1500.0	23.026920080722633	0.0	712239	2914.500049746294	1.5
1025.266413346487	1500.0	24.424981965112245	0.0	633700	2601.938115610387	1.5
1028.3516546160124	1500.0	25.339740695586826	0.0	755142	3085.2412695254206	1.5
1036.029529997024	4000.0	21.661865314575437	0.0	1828568	7677.875381011388	4.0
1043.2116809891877	4000.0	18.479714322411606	0.0	1785821	7182.150992163829	4.0
1051.3437289179237	4000.0	14.347666393675508	0.0	2096494	8132.0479287360995	4.0
1059.2089502691742	4000.0	10.482445042425043	0.0	1955307	7865.221351250467	4.0
1068.383291846813	4000.0	5.3081034647861145	0.0	2142800	9174.341577638928	4.0
1071.4717179676065	1500.0	6.219677343992755	0.0	725845	3088.4261207933596	1.5
1074.8383316143318	1500.0	6.853063697267664	0.0	811013	3366.6136467250903	1.5
1077.5835866672674	1500.0	8.107808644332149	0.0	657685	2745.2550529355153	1.5
1080.7777793951655	1500.0	8.913615916434058	0.0	767059	3194.1927278980907	1.5
1084.3227708402994	1500.0	9.368624471300116	0.0	848035	3544.9914451339414	1.5
1086.9745954527766	1500.0	10.71679985882278	0.0	629438	2651.824612477336	1.5
1090.1756026286494	1500.0	11.515792682950055	0.0	763847	3201.007175872724	1.5
1093.2307794493263	1500.0	12.460615862273348	0.0	769491	3055.176820676706	1.5
1101.1571540697164	4000.0	8.534241241883278	0.0	2034636	7926.374620390072	4.0

