7160.437128788829	600.0	4.0	0.5982838041554698	247108	598.2838041554697	0.170926	-11.365676083109395
7160.723967879082	200.0	7.713160909746346	0.0	98617	286.8390902536541	0.004705182	0.2
7161.027290419555	200.0	11.409838369273121	0.0	106476	303.32254047322544	0.004705182	0.2
7161.348973581383	200.0	15.088155207445762	0.0	115230	321.68316182735794	0.004705182	0.2
7161.633801267035	200.0	18.803327521793275	0.0	97658	284.82768565248745	0.004705182	0.2
7161.918628952688	200.0	22.518499836140787	0.0	97658	284.82768565248745	0.004705182	0.2
7162.241490852143	200.0	26.1956379366848	0.0	115792	322.86189945598744	0.004705182	0.2
7162.54732607532	200.0	29.889802713508555	0.0	107674	305.83522317624704	0.004705182	0.2
7183.881919553162	12000.0	12.555209235666396	0.0	6619479	21334.593477842158	0.004705182	12.0
7184.320477498915	200.0	16.116651289913484	0.0	105425	438.5579457529122	0.004705182	0.2
7184.724820667013	200.0	19.712308121815536	0.0	95365	404.34316809795087	0.004705182	0.2
7185.12908561047	200.0	23.308043178358343	0.0	95342	404.264943457189	0.004705182	0.2
7187.270447739541	1500.0	25.166681049287686	0.0	606092	2141.3621290706574	0.004705182	1.5
7189.894486511754	1500.0	26.54264227707444	0.0	748011	2624.0387722132473	0.012376858	1.5
7191.962460431636	1500.0	28.47466835719231	0.0	754517	2067.97391988213	0.005850854	1.5
7193.997631817628	1500.0	30.43949697120125	0.0	934743	2035.1713859910583	0.004705182	1.5
7211.877773905197	12000.0	16.55935488363287	0.0	5964284	17880.14208756838	0.004705182	12.0
7212.184968310252	200.0	20.252160478577593	0.0	103142	307.19440505527484	0.004705182	0.2
7213.911282998359	1500.0	22.525845790470978	0.0	747396	1726.3146881066125	0.16807333	1.5
7214.180444995688	200.0	26.256683793141793	0.0	85876	269.1619973291849	0.004705182	0.2
7216.1012941497	1500.0	28.335834639129374	0.0	835711	1920.8491540124178	0.004705182	1.5
7217.95756574682	1500.0	30.47956304200945	0.0	806394	1856.2715971199252	0.009833249	1.5
7219.820297963184	1500.0	32.616830825645884	0.0	809327	1862.7322163635613	0.004705182	1.5
7221.402111088727	1500.0	35.03501770010381	0.0	681795	1581.8131255420792	0.004705182	1.5
7233.265647538636	12000.0	27.17148125019426	0.0	6078444	11863.536449909549	0.004705182	12.0
7234.738417074684	1500.0	29.69871171414588	0.0	644861	1472.7695360483795	0.004705182	1.5
7244.425827611144	8000.0	24.011301177686377	0.0	4274504	9687.4105364595	0.004705182	8.0
7244.770917033729	200.0	27.666211755100786	0.0	103756	345.0894225855902	0.09958133	0.2
7246.577306916202	1500.0	29.859821872627613	0.0	675709	1806.3898824731732	0.06676464	1.5
7256.813049414668	8000.0	23.624079374161557	0.0	4435580	10235.742498466056	0.004705182	8.0
7258.432315823935	1500.0	26.004812964895148	0.0	757473	1619.2664092664093	0.004705182	1.5
7259.959661891808	1500.0	28.477466897022765	0.0	712239	1527.3460678723836	0.12581079	1.5
7268.317958741481	8000.0	24.11917004734965	0.0	3713878	8358.296849673112	0.004705182	8.0
7273.180561211581	4000.0	23.25656757724867	0.0	2125133	4862.602470100983	1.0307579	4.0
7280.16242355976	8000.0	20.274705229070538	0.0	3707853	6981.862348178137	0.019517418	8.0
7289.6637881324905	8000.0	14.773340656339784	0.0	4086583	9501.364572730752	0.41625148	8.0
7291.459856040142	1500.0	16.97727274868915	0.0	681043	1796.0679076506349	0.02337714	1.5
7296.217052697722	4000.0	16.220076091108925	0.0	1955307	4757.1966575802235	0.16369878	4.0
7301.320613827718	4000.0	15.116514961112442	0.0	2142800	5103.561129996484	0.41849586	4.0
7306.080927364538	4000.0	14.356201424292761	0.0	2094647	4760.313536819681	0.15103391	4.0
7310.487905679892	4000.0	13.949223108939162	0.0	1985434	4406.978315353602	0.18751231	4.0
7316.144958753947	4000.0	12.292170034883776	0.0	1830641	5657.053074055383	0.6442007	4.0
7323.930398821938	4000.0	8.506729966892854	0.0	1697030	7785.440067990922	0.55140436	4.0
7326.714430388928	1500.0	9.722698399902677	0.0	848035	2784.031566990175	0.004705182	1.5
7328.801446869927	1500.0	11.63568191890465	0.0	629438	2087.0164809980274	0.4950371	1.5
7334.7029093750425	4000.0	9.734219413788873	0.0	2042818	5901.462505115777	0.14593332	4.0
7336.331278362027	1500.0	12.105850426805286	0.0	769491	1628.3689869835882	0.4353761	1.5
7345.285095719277	8000.0	7.152033069554749	0.0	4346302	8953.817357250537	0.50318056	8.0

