17265.616024573737	600.0	4.0	0.7248433448045276	247108	724.8433448045276	0.17729916	-13.896866896090552
17265.95337162901	200.0	7.66265294472624	0.0	98617	337.3470552737593	0.004705182	0.2
17266.311227222443	200.0	11.304797351295809	0.0	106476	357.8555934304307	0.004705182	0.2
17266.691926910924	200.0	14.924097662812127	0.0	115230	380.6996884836821	0.004705182	0.2
17267.026771397414	200.0	18.58925317632476	0.0	97658	334.84448648736804	0.004705182	0.2
17267.3616158839	200.0	22.254408689837394	0.0	97658	334.84448648736804	0.004705182	0.2
17267.74378214554	200.0	25.872242428196305	0.0	115792	382.16626164108754	0.004705182	0.2
17268.10476399278	200.0	29.511260580953472	0.0	107674	360.9818472428359	0.004705182	0.2
17270.51109087289	1500.0	31.10493370084648	0.0	891463	2406.326880106992	0.68755454	1.5
17283.503942439238	12000.0	22.112082134496344	0.0	5088378	12992.851566350135	0.004705182	12.0
17283.821678876247	200.0	25.794345697489085	0.0	95365	317.73643700726063	0.004705182	0.2
17285.75744155114	1500.0	27.858583022595813	0.0	744416	1935.7626748932723	0.009697191	1.5
17286.11683536427	200.0	31.499189209466184	0.0	102419	359.39381312962655	0.004705182	0.2
17288.339365976517	1500.0	33.27665859722129	0.0	748011	2222.530612244898	0.004705182	1.5
17290.580531748084	1500.0	35.035492825649506	0.0	754517	2241.1657715717865	0.004705182	1.5
17293.33791950319	1500.0	36.27810507054746	0.0	934743	2757.387755102041	0.004705182	1.5
17295.524821042753	1500.0	38.09120353098427	0.0	735572	2186.9015395631936	0.004705182	1.5
17312.829049813437	12000.0	24.786974760299795	0.0	4055239	17304.228770684473	0.004705182	12.0
17313.305340540257	200.0	28.310684033482755	0.0	90919	476.29072681704264	0.3573009	0.2
17316.2723362905	1500.0	29.34368828323758	0.0	662349	2966.995750245178	0.004705182	1.5
17316.8695406514	200.0	32.74648392233413	0.0	114656	597.204360903453	0.004705182	0.2
17320.682738186195	1500.0	32.933286387540576	0.0	806394	3813.1975347935536	0.004705182	1.5
17324.5095140318	1500.0	33.106510541934256	0.0	809327	3826.7758456063193	0.004705182	1.5
17327.323449667427	1500.0	34.29257490630848	0.0	681795	2813.935635625775	0.004705182	1.5
17329.57330805851	1500.0	36.04271651522683	0.0	855209	2249.858391081651	0.004705182	1.5
17347.04453685812	12000.0	22.571487715614435	0.0	6864763	17471.228799612392	0.601573	12.0
17349.082496941344	1500.0	24.533527632390268	0.0	794014	2037.9600832241658	0.008025964	1.5
17351.417030963075	1500.0	26.198993610659517	0.0	914284	2334.5340217307544	0.004705182	1.5
17351.72880841549	200.0	29.887216158243703	0.0	93993	311.7774524158126	0.004705182	0.2
17353.55350010078	1500.0	32.062524472954344	0.0	707527	1824.6916852893582	0.005718759	1.5
17359.40482870068	4000.0	30.211195873055676	0.0	2290706	5851.328599898668	0.37040818	4.0
17361.353885137345	1500.0	32.26213943638906	0.0	712239	1949.056436666612	0.00505565	1.5
17363.096839656708	1500.0	34.5191849170274	0.0	633700	1742.9545193616639	0.0067945938	1.5
17377.76884983654	8000.0	23.847174737195303	0.0	4271839	14672.010179832096	0.03311081	8.0
17380.880460442	1500.0	24.735564131734282	0.0	670327	3111.610605461021	0.004705182	1.5
17384.513036619283	1500.0	25.102987954448963	0.0	785519	3632.5761772853184	0.004705182	1.5
17393.709634743907	4000.0	19.906389829823972	0.0	2096494	9196.598124624988	1.3337816	4.0
17397.477549171028	1500.0	20.138475402704607	0.0	866245	3767.914427119366	0.004705182	1.5
17399.378149287608	1500.0	22.23787528612369	0.0	691256	1900.600116580918	0.68197966	1.5
17409.338429849555	8000.0	16.277594724177185	0.0	4253567	9960.280561946505	0.13001038	8.0
17411.221858198616	1500.0	18.394166375115994	0.0	811013	1883.4283490611929	0.010872299	1.5
17415.37260660383	4000.0	18.243417969907036	0.0	1830641	4150.748405208957	0.20978822	4.0
17424.559626523987	8000.0	13.05639804974872	0.0	3735285	9187.019920158316	0.6423905	8.0
17426.803671181082	1500.0	14.812353392651431	0.0	848035	2244.0446570972886	0.46309534	1.5
17432.68493618174	4000.0	12.931088391994408	0.0	2171279	5881.265000657024	0.0051694103	4.0
17438.323151979715	4000.0	11.292872594018045	0.0	2042818	5638.215797976363	0.011985357	4.0
17442.921381753153	4000.0	10.694642820579222	0.0	1750852	4598.229773438824	0.06644042	4.0
17448.23626621454	4000.0	9.379758359196618	0.0	2034636	5314.884461382604	0.00494807	4.0

