8204.518509222156	600.0	4.0	0.7715618058106384	247108	771.5618058106384	-14.831236116212768
8204.874500896256	200.0	7.644008325899494	0.0	98617	355.9916741005055	0.2
8205.761754923647	600.0	10.756754298507985	0.0	288447	887.2540273915098	0.6
8207.85242746742	1500.0	12.666081754735792	0.0	718451	2090.6725437721925	1.5
8213.723584522571	4000.0	10.794924699585456	0.0	2069289	5871.157055150338	4.0
8215.623678974222	1500.0	12.894830247935353	0.0	689829	1900.0944516501015	1.5
8221.011120661286	4000.0	11.50738856087199	0.0	2046450	5387.441687063362	4.0
8226.445323888087	4000.0	10.073185334069699	0.0	2058614	5434.203226802292	4.0
8228.854537925352	1500.0	11.663971296804647	0.0	891463	2409.2140372650524	1.5
8235.178202477075	4000.0	9.340306745081893	0.0	2373154	6323.664551722753	4.0
8237.415528659663	1500.0	11.102980562492553	0.0	769316	2237.3261825893405	1.5
8242.435820648376	4000.0	10.08268857377951	0.0	1761739	5020.291988713041	4.0
8244.215431914303	1500.0	12.303077307852455	0.0	606092	1779.6112659270557	1.5
8249.07027331213	4000.0	11.448235910023788	0.0	1805063	4854.841397828666	4.0
8254.813525707457	4000.0	9.704983514696316	0.0	2157416	5743.252395327471	4.0
8258.911865557207	1500.0	9.60664366494699	0.0	934743	4098.3398497493245	1.5
8262.22479380685	1500.0	10.293715415304094	0.0	735572	3312.928249642897	1.5
8265.500833758995	1500.0	11.017675463159748	0.0	772616	3276.039952144346	1.5
8271.174873211694	4000.0	9.343636010461013	0.0	2082556	5674.039452698733	4.0
8273.034036142944	1500.0	11.48447307920944	0.0	662349	1859.162931251574	1.5
8279.616240373509	4000.0	8.90226884864708	0.0	2379358	6582.204230562359	4.0
8280.553910236238	600.0	11.964598985916858	0.0	310841	937.6698627302202	0.6
8285.753667323976	4000.0	10.764841898180494	0.0	1849252	5199.757087736366	4.0
8287.932911045711	1500.0	12.58559817644471	0.0	681795	2179.2437217357838	1.5
8293.66852386203	4000.0	10.849985360126032	0.0	1836837	5735.612816318676	4.0
8295.73404796479	1500.0	12.784461257364558	0.0	644861	2065.524102761474	1.5
8301.048527309757	4000.0	11.469981912398248	0.0	2068230	5314.479344966309	4.0
8306.424629261406	4000.0	10.093879960748534	0.0	2055338	5376.1019516497145	4.0
8308.788008496009	1500.0	11.730500726145172	0.0	675709	2363.3792346033624	1.5
8315.635263712704	4000.0	8.883245509451754	0.0	2002600	6847.255216693419	4.0
8316.467341984278	600.0	12.051167237876031	0.0	240372	832.0782715757243	0.6
8321.809332390332	4000.0	10.709176831822386	0.0	1947068	5341.990406053645	4.0
8323.6019193777	1500.0	12.916589844456666	0.0	633700	1792.5869873657186	1.5
8329.353796609481	4000.0	11.164712612674327	0.0	2125133	5751.87723178234	4.0
8334.256367034917	4000.0	10.262142187237105	0.0	1828568	4902.570425437223	4.0
8336.40805411356	1500.0	12.11045510859468	0.0	785519	2151.687078642425	1.5
8342.417880390409	4000.0	10.10062883174529	0.0	2096494	6009.8262768493905	4.0
8344.954833821477	1500.0	11.56367540067688	0.0	866245	2536.953431068409	1.5
8353.629332778892	4000.0	6.88917644326265	0.0	2142800	8674.498957414231	4.0
8354.16999688551	200.0	10.348512336644173	0.0	101968	540.6641066184775	0.2
8357.606865819858	1500.0	10.911643402295708	0.0	811013	3436.8689343484652	1.5
8359.629482445604	1500.0	12.889026776550354	0.0	657685	2022.6166257453526	1.5
8364.722032058851	4000.0	11.796477163302923	0.0	1697030	5092.54961324743	4.0
8370.35787726484	4000.0	10.160631957314902	0.0	1910697	5635.845205988021	4.0
8372.245698044619	1500.0	12.272811177534619	0.0	629438	1887.820779780283	1.5
8378.157293672228	4000.0	10.361215549927016	0.0	2042818	5911.595627607602	4.0
8380.344586098416	1500.0	12.173923123739597	0.0	769491	2187.29242618742	1.5
8385.996546047067	4000.0	10.521963175087478	0.0	2034636	5651.959948652118	4.0

