22584.00023466315	600.0	4.0	0.7356110503100852	247108	735.6110503100853	-14.112221006201706
22584.9019691506	600.0	7.098265512552648	0.0	309722	901.7344874473519	0.6
22585.747258176565	600.0	10.252976486585084	0.0	288447	845.2890259675654	0.6
22587.733406155206	1500.0	12.266828507942824	0.0	718451	1986.1479786422578	1.5
22589.73506171187	1500.0	14.265172951281794	0.0	724296	2001.6555566610289	1.5
22591.645271641228	1500.0	16.35496302192153	0.0	689829	1910.2099293602628	1.5
22593.683028415016	1500.0	18.317206248134514	0.0	737903	2037.7567737870197	1.5
22595.76924422621	1500.0	20.230990436942978	0.0	780303	2086.215811191535	1.5
22598.135889624355	1500.0	21.86434503879943	0.0	891463	2366.6453981435466	1.5
22600.173259808875	1500.0	23.82697485427629	0.0	763093	2037.3701845231415	1.5
22605.621486809083	4000.0	22.378747854068113	0.0	2094766	5448.227000208177	4.0
22610.205341345238	4000.0	21.794893317909864	0.0	1761739	4583.854536158246	4.0
22611.83480480352	1500.0	24.16542985962846	0.0	606092	1629.4634582814049	1.5
22616.75859786298	4000.0	23.2416368001686	0.0	1805063	4923.793059459861	4.0
22622.943340364396	4000.0	21.056894298753775	0.0	2157416	6184.742501414827	4.0
22625.435929863543	1500.0	22.564304799608703	0.0	934743	2492.589499145071	1.5
22629.636372013694	4000.0	22.363862649457204	0.0	1835863	4200.442150151498	4.0
22631.450444508366	1500.0	24.549790154787697	0.0	772616	1814.0724946695095	1.5
22636.334706151167	4000.0	23.66552851198872	0.0	2082556	4884.261642798975	4.0
22641.717769103863	4000.0	22.282465559291296	0.0	2164412	5383.062952697425	4.0
22643.84535895425	1500.0	24.154875708901574	0.0	835711	2127.5898503897224	1.5
22649.320258319305	4000.0	22.679976343849535	0.0	1950922	5474.899365052037	4.0
22654.688084608286	4000.0	21.312150054867317	0.0	1849252	5367.826288982217	4.0
22658.852398974865	4000.0	21.147835688288506	0.0	1822097	4164.314366578812	4.0
22662.951131386566	4000.0	21.049103276588955	0.0	1836837	4098.732411699553	4.0
22667.440627003874	4000.0	20.55960765928218	0.0	1984579	4489.495617306775	4.0
22669.315642758025	1500.0	22.6845919051317	0.0	794014	1875.015754150477	1.5
22674.042115099954	4000.0	21.95811956320305	0.0	2055338	4726.472341928647	4.0
22678.992780946483	4000.0	21.00745371667749	0.0	2165436	4950.6658465255605	4.0
22683.567450456074	4000.0	20.43278420708261	0.0	2002600	4574.669509594883	4.0
22685.347535743924	1500.0	22.652698919236126	0.0	757473	1780.0852878464818	1.5
22696.62496098416	4000.0	15.375273678994908	0.0	1947068	11277.425240241217	4.0
22698.10229564052	1500.0	17.897939022636812	0.0	633700	1477.3346563580988	1.5
22699.847414919474	1500.0	20.152819743685306	0.0	755142	1745.1192789515028	1.5
22701.405513622634	1500.0	22.594721040525208	0.0	670327	1558.0987031600998	1.5
22705.423322638497	4000.0	22.576912024662693	0.0	1785821	4017.809015862516	4.0
22707.12262015588	1500.0	24.877614507280313	0.0	681043	1699.2975173823784	1.5
22712.163675641834	4000.0	23.83655902132227	0.0	1955307	5041.055485958041	4.0
22718.306350718816	4000.0	21.693883944341405	0.0	2142800	6142.67507698087	4.0
22726.268000688244	4000.0	17.73223397491381	0.0	2094647	7961.649969427591	4.0
22728.32741966548	1500.0	19.6728149976785	0.0	811013	2059.418977235312	1.5
22729.95273216548	1500.0	22.047502497678497	0.0	657685	1625.3125	1.5
22734.020114684277	4000.0	21.980119978881508	0.0	1697030	4067.382518796993	4.0
22741.787562514626	4000.0	18.212672148531272	0.0	1910697	7767.447830350233	4.0
22745.966967407367	1500.0	18.033267255788978	0.0	629438	4179.404892742296	1.5
22748.311418094516	1500.0	19.68881656864311	0.0	763847	2344.4506871458675	1.5
22750.071460669194	1500.0	21.928773993966853	0.0	769491	1760.042574676255	1.5
22751.916969177306	1500.0	24.083265485854465	0.0	808636	1845.5085081123864	1.5

