35306.50261461515	600.0	4.0	0.8037945995423341	247108	803.7945995423341	-15.475891990846682
35308.72787411172	1500.0	5.774740503432494	0.0	732405	2225.2594965675057	1.5
35309.65275319639	600.0	8.849861418764304	0.0	288447	924.8790846681923	0.6
35310.551988345134	600.0	11.950626270022884	0.0	279692	899.2351487414188	0.6
35312.753496079684	1500.0	13.749118535469108	0.0	724296	2201.5077345537757	1.5
35313.11954239547	200.0	17.383072219679633	0.0	97658	366.0463157894737	0.2
35315.36090587373	1500.0	19.141708741418764	0.0	737903	2241.363478260869	1.5
35316.24587942064	600.0	22.256735194508007	0.0	274823	884.9735469107552	0.6
35327.9247314128	8000.0	14.577883202344303	0.0	3448932	11678.851992163705	8.0
35339.190271073145	8000.0	7.312343541991915	0.0	3624869	11265.539660352388	8.0
35340.35000873506	600.0	10.152605880080126	0.0	329266	1159.7376619117888	0.6
35341.3666344114	600.0	13.135980203739742	0.0	285624	1016.6256763403836	0.6
35341.78248946961	200.0	16.72012514553348	0.0	102419	415.8550582062633	0.2
35344.315386665876	1500.0	18.187227949271797	0.0	748011	2532.897196261682	1.5
35346.86961850716	1500.0	19.632996107986344	0.0	754517	2554.2318412854565	1.5
35347.862288413904	600.0	22.640326201243628	0.0	324375	992.6699067427143	0.6
35348.19397062909	200.0	26.30864398606151	0.0	89871	331.6822151821189	0.2
35359.8714162765	12000.0	18.6311983386494	0.0	4055239	11677.445647412109	12.0
35362.24677041677	1500.0	20.255844198375303	0.0	747396	2375.354140274099	1.5
35362.59050722049	200.0	23.91210739465923	0.0	85876	343.73680371607355	0.2
35363.53240902095	600.0	26.970205594206234	0.0	280646	941.9018004529925	0.6
35363.91258791457	200.0	30.59002670058268	0.0	97742	380.17889362355567	0.2
35378.817143010965	12000.0	19.685471604189303	0.0	5141915	14904.555096393373	12.0
35381.130294150185	1500.0	21.372320464964346	0.0	681795	2313.1511392249586	1.5
35381.52000284433	200.0	24.982611770825265	0.0	94556	389.7086941390816	0.2
35382.32519926595	600.0	28.177415349199435	0.0	221407	805.1964216258266	0.6
35383.468580706714	600.0	31.034033908432992	0.0	324657	1143.3814407664436	0.6
35394.34297014177	8000.0	24.159644473377544	0.0	3354913	10874.389435055453	8.0
35394.72176968877	200.0	27.780844926378673	0.0	93993	378.7995469988675	0.2
35395.76420476854	600.0	30.738409846606768	0.0	302752	1042.4350797719098	0.6
35396.14296934703	200.0	34.359645268116374	0.0	93982	378.7645784903936	0.2
35407.66780252529	8000.0	26.834812089853383	0.0	3568902	11524.833178262988	8.0
35408.06866037384	200.0	30.433954241302207	0.0	99865	400.8578485511757	0.2
35410.50791506376	1500.0	31.994699551385896	0.0	755142	2439.254689916311	1.5
35410.92483499761	200.0	35.57777961754019	0.0	108225	416.91993384570486	0.2
35411.86326869739	600.0	38.63934591776395	0.0	275745	938.433699776243	0.6
35412.83034954183	600.0	41.67226507332383	0.0	284947	967.0808444401207	0.6
35419.035819390105	4000.0	39.46679522504497	0.0	1955307	6205.469848278859	4.0
35436.04521715932	12000.0	26.457397455822413	0.0	5257310	17009.397769222553	12.0
35438.18811926778	1500.0	28.314495347361927	0.0	725845	2142.9021084604865	1.5
35452.98356923719	12000.0	17.5190453779495	0.0	4828747	14795.449969412428	12.0
35455.037339728995	1500.0	19.465274886146222	0.0	657685	2053.7704918032787	1.5
35460.25523489238	4000.0	18.24737972276628	0.0	1697030	5217.89516337994	4.0
35460.63851786773	200.0	21.864096747411068	0.0	96988	383.28297535520943	0.2
35461.62588394352	600.0	24.876730671620034	0.0	290170	987.3660757910372	0.6
35461.996074105155	200.0	28.506540509992423	0.0	92801	370.19016162761153	0.2
35464.48228435785	1500.0	30.02033025729048	0.0	769491	2486.210252701937	1.5
35481.35577787947	12000.0	17.146836735674444	0.0	5646381	16873.493521616037	12.0

