35484.5762161573	600.0	4.0	0.891587158223171	247108	891.5871582231711	0.06090449	-17.23174316446342
35484.980108102456	200.0	7.59610805484851	0.0	98617	403.8919451514903	0.004705182	0.2
35485.409811690595	200.0	11.166404466704984	0.0	106476	429.70358814352574	0.004705182	0.2
35485.868266407735	200.0	14.70794974956893	0.0	115230	458.4547171360539	0.004705182	0.2
35486.269008669005	200.0	18.30720748829953	0.0	97658	400.7422612693982	0.004705182	0.2
35486.66975093027	200.0	21.90646522703013	0.0	97658	400.7422612693982	0.004705182	0.2
35487.13005144756	200.0	25.44616470974628	0.0	115792	460.3005172838492	0.004705182	0.2
35487.5636896773	200.0	29.012526480006564	0.0	107674	433.63822973971594	0.004705182	0.2
35487.956703882075	200.0	32.61951227522785	0.0	95305	393.0142047787175	0.004705182	0.2
35488.38295562688	200.0	36.19326053042121	0.0	105425	426.2517448066344	0.0064581903	0.2
35488.77616689218	200.0	39.80004926512849	0.0	95365	393.21126529271703	0.004705182	0.2
35489.16930261761	200.0	43.406913539699474	0.0	95342	393.1357254290172	0.004705182	0.2
35489.58568163066	200.0	46.99053452664422	0.0	102419	416.37901305525907	0.005524377	0.2
35489.931276507086	200.0	50.64493965021758	0.0	80867	345.594876426636	0.004705182	0.2
35490.283055799315	200.0	54.293160357993266	0.0	82750	351.77929222432056	0.006203944	0.2
35490.67302213481	200.0	57.903194022497736	0.0	94377	389.96633549552513	0.6956489	0.2
35493.0481892257	200.0	59.52802693160358	0.0	89871	375.1670908941621	0.008179542	0.2
35505.35985317062	12000.0	51.21636298668321	0.0	4055239	12311.66394492037	0.004705182	12.0
35505.712514739076	200.0	54.86370141823217	0.0	90919	352.66156845104217	0.07748552	0.2
35507.778866515946	1500.0	56.79734964135407	0.0	662349	2066.351776878093	0.5477359	1.5
35522.19827094273	12000.0	46.37794521456864	0.0	5251330	14419.404426785435	0.008280666	12.0
35522.521285565206	200.0	50.054930592095715	0.0	97742	323.01462247292284	0.011650283	0.2
35540.35898157139	12000.0	36.21723458590971	0.0	5141915	17837.696006186	0.004705182	12.0
35540.70128527835	200.0	39.87493087894889	0.0	85752	342.30370696082747	0.004705182	0.2
35541.07051922409	200.0	43.505696933205485	0.0	94556	369.23394574339954	0.004705182	0.2
35553.94493142552	8000.0	34.63128473177844	0.0	3253093	12874.412201427049	0.004705182	8.0
35566.946502515755	12000.0	25.629713641540214	0.0	5138482	13001.571090238225	0.526074	12.0
35576.361538376565	8000.0	20.214677780734988	0.0	3354913	9415.035860805225	0.004705182	8.0
35576.685910096225	200.0	23.890306061068422	0.0	93993	324.37171966656376	0.011943325	0.2
35577.01831548451	200.0	27.557900672790687	0.0	97083	332.40538827773355	0.011325386	0.2
35577.342658605354	200.0	31.233557551944426	0.0	93982	324.34312084626515	0.020295955	0.2
35586.722828570404	8000.0	25.853387586896655	0.0	3568902	9380.169965047766	0.02674496	8.0
35588.52759297009	1500.0	28.048623187209657	0.0	633700	1804.7643996870004	0.02959158	1.5
35588.85097608851	200.0	31.7252400687801	0.0	89422	323.38311842955807	0.022382263	0.2
35589.22553601775	200.0	35.35068013954525	0.0	108225	374.55992923485184	0.015650807	0.2
35589.544479984	200.0	39.03173617329478	0.0	87791	318.9439662504678	0.14470236	0.2
35589.90233661653	200.0	42.67387954076323	0.0	102088	357.8566325315552	0.42590278	0.2
35600.58119152294	8000.0	35.9950246343518	0.0	3739359	10678.854906411425	0.39915258	8.0
35616.24550279959	12000.0	24.330713357699757	0.0	5257310	15664.311276652044	0.0065260595	12.0
35616.6220075975	200.0	27.95420855979339	0.0	101968	376.50479790636814	0.10531587	0.2
35629.925619382004	12000.0	18.650596775289088	0.0	4828747	13303.611784504303	0.6153184	12.0
35635.127188887156	4000.0	17.44902727013084	0.0	1830641	5201.569505158245	0.019466206	4.0
35640.051212376085	4000.0	16.52500378119592	0.0	1697030	4924.023488934925	0.009853451	4.0
35645.65855006073	4000.0	14.917666096551468	0.0	1910697	5607.337684644453	0.005379437	4.0
35647.51702142697	1500.0	17.059194730320183	0.0	629438	1858.471366231285	0.26013887	1.5
35652.594894144786	4000.0	15.981322012500065	0.0	2042818	5077.872717820116	0.025562752	4.0
35656.958455109954	4000.0	15.617761047332936	0.0	1750852	4363.560965167131	0.004705182	4.0
35662.586962435795	4000.0	13.989253721487911	0.0	2034636	5628.507325845025	0.069169916	4.0

