15466.946478322834	600.0	4.0	0.8419587966621057	247108	841.9587966621057	0.08485966	-16.239175933242112
15467.330564352627	200.0	7.615913970205631	0.0	98617	384.08602979436876	0.004705182	0.2
15467.73888364959	200.0	11.20759467324481	0.0	106476	408.3192969608202	0.004705182	0.2
15468.174195950847	200.0	14.772282371986355	0.0	115230	435.3123012584556	0.004705182	0.2
15468.55532489918	200.0	18.391153423654337	0.0	97658	381.1289483320164	0.004705182	0.2
15468.936453847513	200.0	22.010024475322318	0.0	97658	381.1289483320164	0.004705182	0.2
15469.37349907868	200.0	25.572979244155793	0.0	115792	437.04523116652854	0.004705182	0.2
15469.78551241484	200.0	29.160965907995912	0.0	107674	412.01333615987977	0.004705182	0.2
15470.159385875495	200.0	32.78709244733951	0.0	95305	373.87346065640116	0.004705182	0.2
15470.564464408517	200.0	36.3820139143171	0.0	105425	405.07853302241324	0.007431055	0.2
15470.938522879484	200.0	40.00795544335023	0.0	95365	374.0584709668716	0.004705182	0.2
15471.31251042983	200.0	43.633967893002364	0.0	95342	373.98755034785796	0.004705182	0.2
15471.708319946298	200.0	47.23815837653452	0.0	102419	395.80951646784484	0.0061824187	0.2
15472.037673759245	200.0	50.90880456358766	0.0	80867	329.3538129468674	0.004705182	0.2
15472.372833812435	200.0	54.573644510397195	0.0	82750	335.1600531904643	0.007139524	0.2
15491.607899343233	12000.0	39.338578979598076	0.0	5443841	19235.06553079912	0.36957768	12.0
15492.047257567854	200.0	42.89922075497669	0.0	89871	439.35822462138253	0.004705182	0.2
15506.14536194993	12000.0	32.80111637290224	0.0	4055239	14098.104382074443	0.004705182	12.0
15506.5149359606	200.0	36.431542362232605	0.0	90919	369.57401066963934	0.004705182	0.2
15506.868448182911	200.0	40.07803013992191	0.0	85876	353.5122223106935	0.00487868	0.2
15507.313623754215	200.0	43.632854568618455	0.0	114656	445.1755713034477	0.004705182	0.2
15507.704928794425	200.0	47.24154952840825	0.0	97742	391.30504021020784	0.15214893	0.2
15522.947371448354	12000.0	35.99910687448087	0.0	5141915	15242.442653927377	0.21885063	12.0
15523.273158414066	200.0	39.67331990876843	0.0	85752	325.78696571244313	0.004705182	0.2
15523.62417987514	200.0	43.32229844769573	0.0	94556	351.0214610726954	0.004705182	0.2
15532.651320993116	8000.0	38.29515732971789	0.0	3253093	9027.141117977839	0.0048943777	8.0
15546.814921941012	12000.0	28.13155638182205	0.0	5138482	14163.60094789584	0.13770472	12.0
15555.708831229646	8000.0	23.237647093188986	0.0	3354913	8893.909288633067	0.004705182	8.0
15556.032675961624	200.0	26.913802361211165	0.0	93993	323.84473197781887	0.03402486	0.2
15556.364537037603	200.0	30.58194128523101	0.0	97083	331.8610759801537	0.031822696	0.2
15556.688353232434	200.0	34.25812509040013	0.0	93982	323.816194830885	0.05826406	0.2
15566.695082627473	8000.0	28.251395695360443	0.0	3568902	10006.729395039685	0.03931359	8.0
15568.568234862902	1500.0	30.378243459933163	0.0	633700	1873.152235427278	0.03731448	1.5
15568.93369935912	200.0	34.01277896371451	0.0	89422	365.46449621865264	0.04610885	0.2
15569.449343919852	200.0	37.49713440298189	0.0	108225	515.6445607326154	0.017044406	0.2
15569.882734279117	200.0	41.063744043718536	0.0	87791	433.39035926335913	0.090979986	0.2
15572.704177370593	1500.0	42.24230095224224	0.0	681043	2821.4430914763007	0.35482934	1.5
15573.107828371902	200.0	45.83864995093399	0.0	80403	403.651001308242	0.16234067	0.2
15595.009018236928	12000.0	27.93746008590825	0.0	5257310	21901.189865025743	0.06566177	12.0
15595.50144758118	200.0	31.445030741654243	0.0	101968	492.4293442540068	0.17986064	0.2
15605.336349147352	8000.0	25.610129175483774	0.0	3189942	9834.901566170467	0.035494555	8.0
15610.477163741754	4000.0	24.469314581081104	0.0	1830641	5140.814594402668	0.013021132	4.0
15616.27576276031	4000.0	22.67071556252631	0.0	1697030	5798.599018554791	0.030498842	4.0
15622.657236540763	4000.0	20.289241782073532	0.0	1910697	6381.47378045278	0.012627096	4.0
15634.972138882827	8000.0	11.974339440009032	0.0	3682991	12314.902342064499	0.32887754	8.0
15642.506431387166	4000.0	8.440046935669884	0.0	2042818	7534.29250433915	0.63406265	4.0
15649.640984900134	4000.0	5.305493422700856	0.0	1750852	7134.553512969027	0.07512867	4.0
15652.055830760317	1500.0	6.890647562518112	0.0	808636	2414.8458601827438	0.009589861	1.5

