4540.726043848568	600.0	4.0	0.8712203321993196	247108	871.2203321993196	-16.82440664398639
4541.797749271822	600.0	6.9282945767460475	0.0	309722	1071.7054232539524	0.6
4542.801333822553	600.0	9.92471002601561	0.0	288447	1003.5845507304383	0.6
4545.181757276625	1500.0	11.544286571943164	0.0	718451	2380.4234540724437	1.5
4547.580895959835	1500.0	13.145147888733238	0.0	724296	2399.138683209926	1.5
4549.869674026676	1500.0	14.856369821893134	0.0	689829	2288.778066840104	1.5
4551.974378779527	1500.0	16.751665069041422	0.0	737903	2104.7047528517114	1.5
4554.107807726896	1500.0	18.618236121673	0.0	780303	2133.4289473684207	1.5
4556.533762990054	1500.0	20.192280858515105	0.0	891463	2425.955263157895	1.5
4558.621902463738	1500.0	22.104141384830893	0.0	763093	2088.1394736842108	1.5
4560.726418253212	1500.0	23.99962559535721	0.0	769316	2104.515789473684	1.5
4565.46875186332	4000.0	23.25729198524771	0.0	1761739	4742.333610109497	4.0
4571.20253497636	4000.0	21.523508872208993	0.0	2131310	5733.783113038715	4.0
4576.276138960037	4000.0	20.44990488853101	0.0	1805063	5073.603983677986	4.0
4578.443467267666	1500.0	22.28257658090254	0.0	754517	2167.3283076284665	1.5
4581.109380539676	1500.0	23.61666330889203	0.0	934743	2665.9132720105126	1.5
4585.447748812548	4000.0	23.278295036019955	0.0	1835863	4338.368272872076	4.0
4587.318128559384	1500.0	25.407915289184512	0.0	772616	1870.3797468354433	1.5
4592.297395776615	4000.0	24.42864807195228	0.0	2082556	4979.267217232229	4.0
4597.826312777638	4000.0	22.899731070929544	0.0	2164412	5528.917001022736	4.0
4600.010219000595	1500.0	24.71582484797305	0.0	835711	2183.9062229564943	1.5
4604.811498103513	4000.0	23.914545745054244	0.0	1950922	4801.279102918803	4.0
4609.285586258437	4000.0	23.44045759012969	0.0	1849252	4474.088154924558	4.0
4613.975870700952	4000.0	22.750173147614298	0.0	1822097	4690.284442515388	4.0
4619.058490705038	4000.0	21.667553143529055	0.0	1836837	5082.620004085246	4.0
4624.202460052183	4000.0	20.523583796384088	0.0	1984579	5143.9693471449655	4.0
4626.162255858821	1500.0	22.563787989746324	0.0	794014	1959.795806637764	1.5
4631.108184864635	4000.0	21.617858983931253	0.0	2055338	4945.929005815073	4.0
4632.784982265227	1500.0	23.94106158334059	0.0	675709	1676.797400590661	1.5
4637.583504928908	4000.0	23.142538919658445	0.0	2002600	4798.522663682148	4.0
4643.061675941548	4000.0	21.66436790701871	0.0	2290706	5478.171012639733	4.0
4647.734494458428	4000.0	20.99154939013827	0.0	1947068	4672.818516880437	4.0
4649.309290271491	1500.0	23.416753577076204	0.0	633700	1574.7958130620668	1.5
4654.492936764794	4000.0	22.233107083773916	0.0	2125133	5183.646493302285	4.0
4659.100566099819	4000.0	21.625477748748615	0.0	1828568	4607.629335025302	4.0
4663.596272613564	4000.0	21.12977123500376	0.0	1785821	4495.706513744856	4.0
4668.83092555248	4000.0	19.895118296087123	0.0	2096494	5234.652938916634	4.0
4673.832308604961	4000.0	18.89373524360543	0.0	1955307	5001.38305248169	4.0
4675.846872632177	1500.0	20.879171216388837	0.0	691256	2014.564027216596	1.5
4677.958238184643	1500.0	22.767805663923426	0.0	725845	2111.365552465411	1.5
4683.570123594181	4000.0	21.15592025438602	0.0	1985434	5611.885409537405	4.0
4688.499423440209	4000.0	20.226620408356982	0.0	1830641	4929.29984602904	4.0
4693.074792722175	4000.0	19.651251126391454	0.0	1697030	4575.36928196553	4.0
4695.206461126172	1500.0	21.519582722394297	0.0	848035	2131.668403997154	1.5
4696.793578136782	1500.0	23.93246571178418	0.0	629438	1587.1170106101195	1.5
4701.7648712544205	4000.0	22.961172594145044	0.0	2042818	4971.293117639137	4.0
4706.079126303998	4000.0	22.646917544567803	0.0	1750852	4314.255049577241	4.0
4711.115382260638	4000.0	21.610661587927574	0.0	2034636	5036.255956640227	4.0

