20392.106993528087	600.0	4.0	0.5907779758675039	247108	590.7779758675039	0.2807634	-11.215559517350078
20392.390837157778	200.0	7.716156370307211	0.0	98617	283.8436296927887	0.004705182	0.2
20392.69092552302	200.0	11.416068005064208	0.0	106476	300.08836524300443	0.004705182	0.2
20393.009108609604	200.0	15.097884918481771	0.0	115230	318.18308658243546	0.004705182	0.2
20393.29096996402	200.0	18.816023564064803	0.0	97658	281.86135441697024	0.004705182	0.2
20393.572831318437	200.0	22.534162209647832	0.0	97658	281.86135441697024	0.004705182	0.2
20393.892176072077	200.0	26.21481745601116	0.0	115792	319.344753636669	0.004705182	0.2
20394.194740731145	200.0	29.912252796940805	0.0	107674	302.56465907035636	0.004705182	0.2
20410.326438610733	12000.0	17.78055491735346	0.0	6619479	16131.697879587344	0.004705182	12.0
20410.714591846998	200.0	21.392401681086813	0.0	105425	388.1532362666472	0.004705182	0.2
20411.073340088653	200.0	25.033653439430953	0.0	95365	358.74824165585784	0.29965472	0.2
20411.43202110219	200.0	28.674972425893987	0.0	95342	358.68101353696636	0.004705182	0.2
20413.132090358773	1500.0	30.974903169312775	0.0	606092	1700.06925658121	0.004705182	1.5
20414.943071397516	1500.0	33.16392213056587	0.0	748011	1810.9810387469088	0.004705182	1.5
20416.76910804726	1500.0	35.33788548082115	0.0	754517	1826.0366497447246	0.004705182	1.5
20419.01220779994	1500.0	37.094785728141844	0.0	934743	2243.0997526793076	0.004705182	1.5
20428.672009711703	12000.0	31.434983816382942	0.0	5964284	9659.8019117589	0.004705182	12.0
20429.78638809008	1500.0	34.32060543800456	0.0	772616	1114.3783783783783	0.6284163	1.5
20435.433047314164	8000.0	32.67394621392296	0.0	3873892	5646.659224081604	0.16414584	8.0
20442.361258317862	8000.0	29.745735210223234	0.0	4303587	6928.211003699726	0.008073587	8.0
20443.832686814054	1500.0	32.27430671403091	0.0	835711	1471.4284961923306	0.043040078	1.5
20450.792707954774	8000.0	29.314285573312997	0.0	3905272	6960.021140717904	0.004705182	8.0
20457.207003820597	8000.0	26.899989707486625	0.0	3805854	6414.295865826372	0.23208286	8.0
20458.382696870012	1500.0	29.724296658069186	0.0	681795	1175.693049417437	0.26287395	1.5
20465.96487922904	8000.0	26.142114299045673	0.0	4925863	7582.182359023516	0.004705182	8.0
20470.51671523433	8000.0	25.5902782937533	0.0	3253093	4551.83600529237	0.011090023	8.0
20478.758032286278	8000.0	21.348961241804506	0.0	4274504	8241.317051948796	0.007910052	8.0
20481.121993628374	1500.0	22.984999899707052	0.0	914284	2363.9613420974565	1.0320542	1.5
20482.889973768582	1500.0	25.217019759501895	0.0	675709	1767.9801402051555	0.6289754	1.5
20491.383422454717	8000.0	20.72357107336534	0.0	4435580	8493.448686136555	0.005310387	8.0
20497.334516601066	8000.0	18.772476927015575	0.0	4025712	5951.0941463497675	0.86195374	8.0
20501.910912708034	8000.0	18.196080820051574	0.0	3568902	4576.396106963998	0.8090188	8.0
20507.61339207377	8000.0	16.49360145431671	0.0	3713878	5702.479365734865	0.051632818	8.0
20511.375667144162	4000.0	16.731326383924678	0.0	2125133	3762.2750703920296	0.3042744	4.0
20514.70183465151	4000.0	17.405158876572866	0.0	1828568	3326.167507351811	0.5828538	4.0
20523.651249735613	8000.0	12.455743792470857	0.0	4086583	8949.41508410201	0.6382295	8.0
20525.001928281647	1500.0	15.105065246437192	0.0	681043	1350.6785460336644	0.034383435	1.5
20530.901432799736	8000.0	13.205560728350253	0.0	3739359	5899.504518086938	0.12567215	8.0
20534.316238118336	4000.0	13.79075540974974	0.0	2142800	3414.805318600512	0.67285335	4.0
20542.269531236732	8000.0	9.837462291353754	0.0	4253567	7953.293118395989	0.15563518	8.0
20545.616079508138	4000.0	10.490914019948816	0.0	1985434	3346.548271404937	0.084995784	4.0
20547.922205747924	4000.0	12.184787780161622	0.0	1830641	2306.1262397871933	0.16431375	4.0
20552.54444857521	8000.0	11.562544952876804	0.0	3735285	4622.242827284819	0.26577455	8.0
20559.418046448154	8000.0	8.688947079934227	0.0	4340973	6873.597872942577	0.09632326	8.0
20563.5334591025	4000.0	8.573534425588143	0.0	2171279	4115.412654346084	0.019781213	4.0
20566.70172484549	4000.0	9.405268682598301	0.0	2042818	3168.265742989843	0.3469808	4.0
20568.994544422574	4000.0	11.112449105515116	0.0	1750852	2292.819577083185	0.6018674	4.0
20574.56763130457	8000.0	9.539362223519493	0.0	4346302	5573.086881995624	0.0074989875	8.0

