20631.427764972683	600.0	4.0	0.9847432494279177	247108	984.7432494279177	-19.094864988558353
20632.641758565358	600.0	6.786006407322655	0.0	309722	1213.9935926773455	0.6
20633.77785742119	600.0	9.649907551487415	0.0	288447	1136.0988558352403	0.6
20634.881901357123	600.0	12.545863615560641	0.0	279692	1104.0439359267734	0.6
20637.613786025315	1500.0	13.81397894736842	0.0	724296	2731.88466819222	1.5
20640.219475727834	1500.0	15.20828924485126	0.0	689829	2605.6897025171625	1.5
20642.7884779045	1500.0	16.639287068182263	0.0	737903	2569.002176668996	1.5
20645.421303324696	1500.0	18.00646164798842	0.0	780303	2632.825420193841	1.5
20648.41779782435	1500.0	19.009967148336024	0.0	891463	2996.4944996523946	1.5
20650.994319314555	1500.0	20.433445658130324	0.0	763093	2576.521490205701	1.5
20653.818017674672	1500.0	21.609747298010912	0.0	769316	2823.698360119413	1.5
20656.576977638684	1500.0	22.850787333998316	0.0	744416	2758.9599640125953	1.5
20658.838145429956	1500.0	24.58961954272526	0.0	606092	2261.1677912730547	1.5
20664.129675098364	4000.0	23.298089874321107	0.0	1805063	5291.529668404153	4.0
20669.38418768287	4000.0	22.04357728981227	0.0	2157416	5254.512584508838	4.0
20675.485632337077	4000.0	19.942132635605514	0.0	2231719	6101.444654206755	4.0
20680.920637168172	4000.0	18.507127804511498	0.0	1835863	5435.004831094015	4.0
20688.03815991677	4000.0	15.38960505591629	0.0	2192675	7117.522748595209	4.0
20694.686041103905	4000.0	12.741723868778369	0.0	2082556	6647.881187137923	4.0
20701.30122481435	4000.0	10.126540158336972	0.0	2164412	6615.183710441395	4.0
20703.685013152633	1500.0	11.742751820052842	0.0	835711	2383.7883382841314	1.5
20705.899777791357	1500.0	13.527987181326191	0.0	806394	2214.7646387266504	1.5
20708.122306952995	1500.0	15.305458019692145	0.0	809327	2222.5291616340446	1.5
20710.00722099856	1500.0	17.42054397412554	0.0	681795	1884.9140455666045	1.5
20714.94280195754	4000.0	16.484963015143137	0.0	1836837	4935.580958982401	4.0
20720.26174998592	4000.0	15.166014986764981	0.0	1984579	5318.948028378156	4.0
20727.798142314958	4000.0	11.629622657724605	0.0	2068230	7536.392329040375	4.0
20734.947499949893	4000.0	8.480265022791118	0.0	2055338	7149.357634933486	4.0
20736.664491046733	1500.0	10.763273925946589	0.0	675709	1716.991096844528	1.5
20738.458565300265	1500.0	12.969199672418638	0.0	707527	1794.074253527951	1.5
20740.373640098882	1500.0	15.054124873799536	0.0	757473	1915.0747986191025	1.5
20742.179129772434	1500.0	17.248635200248568	0.0	712239	1805.4896735509662	1.5
20744.138323742707	1500.0	19.289441229974656	0.0	633700	1959.193970273914	1.5
20751.856333491793	4000.0	15.571431480890034	0.0	2125133	7718.00974908462	4.0
20757.917859480774	4000.0	13.509905491904115	0.0	1828568	6061.525988985919	4.0
20763.62724817391	4000.0	11.800516798768992	0.0	1785821	5709.3886931351235	4.0
20769.157907734203	4000.0	10.269857238475856	0.0	2096494	5530.659560293138	4.0
20774.416292839185	4000.0	9.011472133493738	0.0	1955307	5258.385104982117	4.0
20776.496671931243	1500.0	10.93109304143369	0.0	691256	2080.3790920600472	1.5
20778.677145796322	1500.0	12.750619176358633	0.0	725845	2180.4738650750587	1.5
20781.104081589412	1500.0	14.323683383267657	0.0	811013	2426.935793090975	1.5
20783.08731182996	1500.0	16.340453142717827	0.0	657685	1983.2302405498283	1.5
20785.105571561533	1500.0	18.322193411145047	0.0	767059	2018.259731572784	1.5
20789.680007315725	4000.0	17.747757656955102	0.0	1910697	4574.435754189944	4.0
20795.355277462648	4000.0	16.07248751003497	0.0	2171279	5675.270146920132	4.0
20803.08431165328	4000.0	12.343453319400538	0.0	2042818	7729.034190634434	4.0
20807.550191373844	4000.0	11.877573598837989	0.0	1750852	4465.87972056255	4.0
20812.252197535727	4000.0	11.175567436953646	0.0	2034636	4702.006161884344	4.0

