6007.271936969263	600.0	4.0	0.6286183690177196	247108	628.6183690177196	-11.972367380354394
6007.5708821175285	200.0	7.701054851735191	0.0	98617	298.9451482648091	0.2
6008.291279525496	600.0	10.980657443767607	0.0	288447	720.3974079675858	0.6
6009.966352998792	1500.0	13.305583970471924	0.0	718451	1675.0734732956832	1.5
6021.132393294819	8000.0	6.139543674445837	0.0	4143114	11166.040296026087	8.0
6021.615127456374	200.0	9.656809512891117	0.0	97658	482.7341615547194	0.2
6024.738183283994	1500.0	10.533753685271137	0.0	737903	3123.055827619981	1.5
6027.933283215803	1500.0	11.338653753461918	0.0	780303	3195.0999318092177	1.5
6034.62596019366	4000.0	8.645976775605014	0.0	1857129	6692.676977856904	4.0
6035.809552493649	600.0	11.462384475616142	0.0	309937	1183.5922999888728	0.6
6043.776735710885	4000.0	7.495201258379119	0.0	2094766	7967.183217237023	4.0
6044.94854448839	600.0	10.323392480874757	0.0	285624	1171.80877750436	0.6
6047.345354579892	1500.0	11.92658238937274	0.0	606092	2396.810091502019	1.5
6054.81158568434	4000.0	8.460351284925236	0.0	1805063	7466.231104447503	4.0
6055.9759881581	600.0	11.295948811164042	0.0	264113	1164.4024737611946	0.6
6064.544348875049	4000.0	6.727588094215671	0.0	2231719	8568.360716948371	4.0
6064.959219857816	200.0	10.31271711144902	0.0	89871	414.8709827666512	0.2
6067.918087114453	1500.0	11.353849854811852	0.0	772616	2958.867256637168	1.5
6076.047512686749	4000.0	7.224424282515288	0.0	2082556	8129.425572296564	4.0
6077.329936108647	600.0	9.942000860616488	0.0	310849	1282.4234218987986	0.6
6079.90711177201	1500.0	11.364825197255188	0.0	835711	2577.175663361301	1.5
6085.14044202361	4000.0	10.131494945653786	0.0	1950922	5233.330251601401	4.0
6087.358266761113	1500.0	11.913670208151311	0.0	809327	2217.8247375024766	1.5
6092.261748758688	4000.0	11.010188210576631	0.0	1822097	4903.481997574679	4.0
6097.207461578011	4000.0	10.064475391252447	0.0	1836837	4945.712819324183	4.0
6099.076425838161	1500.0	12.195511131102371	0.0	644861	1868.9642601500752	1.5
6106.259473833354	4000.0	9.012463135910476	0.0	2068230	7183.047995191895	4.0
6109.551383644026	1500.0	9.720553325238246	0.0	914284	3291.909810672231	1.5
6112.232014838099	1500.0	11.039922131165312	0.0	675709	2680.631194072934	1.5
6120.081679012702	4000.0	7.190257956562169	0.0	2002600	7849.664174603144	4.0
6121.145726296688	600.0	10.126210672576805	0.0	240372	1064.0472839853646	0.6
6124.141527028464	1500.0	11.13040994080084	0.0	712239	2995.8007317759643	1.5
6133.146943346323	4000.0	6.124993622941998	0.0	2544033	9005.416317858842	4.0
6133.491163475593	200.0	9.780773493671454	0.0	89422	344.22012927054476	0.2
6135.5518157378265	1500.0	11.720121231436918	0.0	670327	2060.6522622345337	1.5
6141.180627363337	4000.0	10.091309605926105	0.0	1785821	5628.811625510815	4.0
6143.6683095410735	1500.0	11.60362742818957	0.0	681043	2487.682177736533	1.5
6150.502077945866	4000.0	8.769859023396275	0.0	1955307	6833.768404793295	4.0
6151.499575910187	600.0	11.772361059076193	0.0	309862	997.497964320083	0.6
6157.7818025738925	4000.0	9.490134395370514	0.0	2094647	6282.226663705677	4.0
6160.334826296689	1500.0	10.93711067257353	0.0	811013	2553.0237227969856	1.5
6162.772595560205	1500.0	12.49934140905714	0.0	657685	2437.7692635163903	1.5
6168.936366929881	4000.0	10.335570039381354	0.0	1697030	6163.771369675786	4.0
6171.998711870875	1500.0	11.27322509838756	0.0	848035	3062.3449409937925	1.5
6179.6249168798895	4000.0	7.647020089373072	0.0	2171279	7626.2050090144885	4.0
6180.717238514534	600.0	10.554698454728163	0.0	288236	1092.3216346449085	0.6
6183.545297976165	1500.0	11.726638993096985	0.0	769491	2828.0594616311773	1.5
6190.889463836754	4000.0	8.382473132508709	0.0	2034636	7344.165860588277	4.0

