3619.3804066549737	600.0	4.0	0.8712203321993196	247108	871.2203321993196	-16.82440664398639
3621.805509716811	1500.0	5.574896938162897	0.0	732405	2425.1030618371024	1.5
3623.9470570452077	1500.0	7.433349609765859	0.0	643847	2141.5473283970387	1.5
3626.3274804992802	1500.0	9.052926155693415	0.0	718451	2380.4234540724437	1.5
3628.72661918249	1500.0	10.653787472483488	0.0	724296	2399.138683209926	1.5
3630.6544784280377	1500.0	12.725928226936158	0.0	689829	1927.859245547328	1.5
3632.676328428038	1500.0	14.70407822693616	0.0	737903	2021.8500000000001	1.5
3634.8097573754067	1500.0	16.57064927956774	0.0	780303	2133.4289473684207	1.5
3637.2357126385646	1500.0	18.144694016409844	0.0	891463	2425.955263157895	1.5
3639.323935073974	1500.0	20.056471581000135	0.0	763093	2088.2224354097066	1.5
3641.439903184067	1500.0	21.940503470907178	0.0	769316	2115.9681100929574	1.5
3643.4899743078226	1500.0	23.890432347151844	0.0	744416	2050.071123755334	1.5
3645.1739757633786	1500.0	26.206430891595918	0.0	606092	1684.0014555559233	1.5
3647.2335609299407	1500.0	28.14684572503401	0.0	748011	2059.585166561911	1.5
3649.3103639998403	1500.0	30.07004265513424	0.0	754517	2076.8030698997654	1.5
3651.9581966277756	1500.0	31.422210027198965	0.0	934743	2647.832627935276	1.5
3654.0731146719004	1500.0	33.3072919830742	0.0	735572	2114.9180441247668	1.5
3656.290512832216	1500.0	35.08989382275883	0.0	772616	2217.3981603153748	1.5
3658.4381412989146	1500.0	36.942265356059885	0.0	747396	2147.628466698942	1.5
3660.31131475889	1500.0	39.06909189608426	0.0	662349	1873.1734599756244	1.5
3662.3279042789204	1500.0	41.052502376054136	0.0	835711	2016.589520030125	1.5
3664.2765576404477	1500.0	43.10384901452704	0.0	806394	1948.6533615270982	1.5
3666.2320076303095	1500.0	45.14839902466521	0.0	809327	1955.4499898618315	1.5
3667.8919282629313	1500.0	47.488478392043476	0.0	681795	1659.9206326217304	1.5
3669.95370041483	1500.0	49.426706240144746	0.0	855209	2061.7721518987346	1.5
3671.6091482455195	1500.0	51.771258409455235	0.0	644861	1655.447830689508	1.5
3673.6880820823535	1500.0	53.692324572621004	0.0	794014	2078.9338368342383	1.5
3676.069796188246	1500.0	55.31061046672847	0.0	914284	2381.7141058925345	1.5
3677.850896652411	1500.0	57.52951000256357	0.0	675709	1781.1004641648967	1.5
3679.712099075509	1500.0	59.66830757946546	0.0	707527	1861.202423098104	1.5
3683.659181570488	1500.0	59.721225084486356	0.0	757473	1947.0824949791092	1.5
3687.431563654366	1500.0	59.9488430006085	0.0	712239	1772.3820838778663	1.5
3689.385465282024	1500.0	59.863080852574754	0.0	633700	1585.7621480337414	1.5
3693.522092231027	1500.0	59.726453903572235	0.0	755142	2136.6269490025193	1.5
3697.427725784509	1500.0	59.82082035008956	0.0	670327	1905.6335534826717	1.5
3701.596131983673	1500.0	59.65241415092616	0.0	785519	2168.4061991634035	1.5
3705.288473548859	1500.0	59.960072585739645	0.0	681043	1692.3415651865114	1.5
3707.42122080999	1500.0	59.82927282840422	0.0	866245	2130.7997573354246	1.5
3711.62995700414	1500.0	59.62053663425348	0.0	691256	1708.7361941507377	1.5
3715.420191740393	1500.0	59.83030189800043	0.0	725845	1790.2347362530556	1.5
3719.1629250363126	1500.0	59.83939446714012	0.0	811013	1990.907430860307	1.5
3723.2942975853325	1500.0	59.70802191812051	0.0	657685	1631.3725490196077	1.5
3727.18366571153	1500.0	59.818653791922664	0.0	767059	1889.3681261978477	1.5
3731.3441923547903	1500.0	59.658127148662494	0.0	848035	2160.5266432601607	1.5
3735.482713532772	1500.0	59.519605970680786	0.0	629438	1638.5211779817082	1.5
3739.096977579368	1500.0	59.548281128142214	0.0	763847	1971.3248425385723	1.5
3743.068926253974	1500.0	59.57633245353598	0.0	769491	1971.9486746062237	1.5
3747.13712079873	1500.0	59.508137908779936	0.0	808636	2068.194544756051	1.5

