10838.351327822731	600.0	4.0	0.8282594295879937	247108	828.2594295879937	0.0085425945	-15.965188591759874
10838.72994664595	200.0	7.621381176782301	0.0	98617	378.61882321769906	0.004705182	0.2
10839.132363042929	200.0	11.218964779802798	0.0	106476	402.41639697950376	0.004705182	0.2
10839.561287133089	200.0	14.79004068964212	0.0	115230	428.92409016067677	0.004705182	0.2
10839.937002040637	200.0	18.41432578209277	0.0	97658	375.714907549348	0.004705182	0.2
10840.312716948187	200.0	22.038610874543426	0.0	97658	375.714907549348	0.004705182	0.2
10840.743342811658	200.0	25.607985011071367	0.0	115792	430.62586347205666	0.004705182	0.2
10841.149386832174	200.0	29.201940990556217	0.0	107674	406.0440205151498	0.004705182	0.2
10843.92879598072	1500.0	30.422531842010635	0.0	891463	2779.409148545582	0.00704738	1.5
10854.074654405153	12000.0	24.276673417578102	0.0	5088378	10145.858424432534	0.0065581743	12.0
10855.362419231087	1500.0	26.98890859164302	0.0	769316	1287.764825935084	0.04765968	1.5
10856.61109304089	1500.0	29.740234781838865	0.0	744416	1248.6738098041524	0.004705182	1.5
10857.642609191445	1500.0	32.70871863128351	0.0	606092	1031.5161505553592	0.6905422	1.5
10858.925871475614	1500.0	35.42545634711546	0.0	748011	1283.2622841680502	0.004705182	1.5
10860.325461790968	1500.0	38.02586603176321	0.0	754517	1399.5903153522436	0.004705182	1.5
10862.040253068226	1500.0	40.31107475450464	0.0	934743	1714.7912772585669	0.004705182	1.5
10863.406710083036	1500.0	42.94461773969346	0.0	735572	1366.4570148111713	0.12248882	1.5
10870.161576678644	12000.0	40.1897511440868	0.0	4055239	6754.866595606666	0.004705182	12.0
10877.227168013727	12000.0	37.124159809002315	0.0	5385367	7065.591335084477	0.004705182	12.0
10882.76934148715	8000.0	35.581986335579465	0.0	4303587	5542.173473422848	0.66573703	8.0
10887.484146453638	8000.0	34.867181369092265	0.0	3690869	4714.8049664872	0.004705182	8.0
10892.830553948086	8000.0	33.520773874644306	0.0	3905272	5346.407494447955	0.004705182	8.0
10898.233473204373	8000.0	32.1178546183571	0.0	3805854	5402.919256287206	0.004705182	8.0
10904.620098310674	8000.0	29.731229512056817	0.0	4032749	6386.625106300285	0.004705182	8.0
10912.392309486655	8000.0	25.95901833607568	0.0	4925863	7772.211175981136	0.023831278	8.0
10915.435998830604	4000.0	26.915328992127048	0.0	1984579	3043.689343948629	0.6441548	4.0
10922.135043652066	8000.0	24.216284170663723	0.0	4274504	6699.044821463324	0.006494582	8.0
10927.757892180096	8000.0	22.59343564263382	0.0	3354913	5622.848528029905	0.11912674	8.0
10933.844195153706	8000.0	20.507132669024585	0.0	3811227	6086.302973609238	0.09881287	8.0
10941.550940001425	8000.0	16.8003878213068	0.0	4435580	7706.744847717786	0.4230308	8.0
10948.52274271292	4000.0	13.82858510981209	0.0	2290706	6971.802711494707	0.4519034	4.0
10950.414265129402	1500.0	15.93706269332867	0.0	712239	1891.5224164834208	0.004705182	1.5
10951.44736765711	1500.0	18.903960165621655	0.0	633700	1033.1025277070153	0.05546647	1.5
10957.952333017467	8000.0	16.398994805265954	0.0	4271839	6504.965360355703	0.004705182	8.0
10960.81553393679	4000.0	17.535793885943246	0.0	1828568	2863.200919322706	0.56043315	4.0
10967.483078065105	8000.0	14.868249757628586	0.0	4086583	6667.544128314661	0.0053567397	8.0
10973.961204271865	8000.0	12.390123550868143	0.0	4018228	6478.126206760442	0.32900098	8.0
10977.122945458072	4000.0	13.228382364662878	0.0	1955307	3161.7411862052663	0.10849437	4.0
10980.580192618645	4000.0	13.771135204088786	0.0	2142800	3457.247160574091	0.040716577	4.0
10983.71566392556	4000.0	14.635663897173396	0.0	2094647	3135.471306915391	0.39625013	4.0
10988.441577013364	8000.0	13.90975080936914	0.0	3189942	4725.913087804256	0.0073367753	8.0
10994.94642753845	8000.0	11.404900284281739	0.0	4074581	6504.8505250874005	0.012504524	8.0
10997.837359668145	4000.0	12.513968154586928	0.0	1697030	2890.9321296948115	0.36679158	4.0
11004.487144884371	8000.0	9.864182938359898	0.0	4340973	6649.78521622703	0.031646304	8.0
11007.61455400718	4000.0	10.73677381555288	0.0	2171279	3127.409122807018	0.62031126	4.0
11013.328114376141	8000.0	9.023213446593	0.0	3954105	5713.56036895988	0.1338163	8.0
11019.548182505861	8000.0	6.80314531687255	0.0	4201994	6220.068129720449	0.69679874	8.0
11022.533035514589	4000.0	7.818292308144417	0.0	2034636	2984.853008728133	0.045822527	4.0

