10356.443777382208	600.0	4.0	0.7467444644934991	247108	746.7444644934991	0.21682975	-14.334889289869983
10356.78986483731	200.0	7.653912544899576	0.0	98617	346.08745510042326	0.004705182	0.2
10357.157157371754	200.0	11.286620010455488	0.0	106476	367.29253444408846	0.004705182	0.2
10357.548069866063	200.0	14.895707516146985	0.0	115230	390.9124943085044	0.004705182	0.2
10357.891569756448	200.0	18.552207625760975	0.0	97658	343.49989038600984	0.004705182	0.2
10358.235069646833	200.0	22.20870773537496	0.0	97658	343.49989038600984	0.004705182	0.2
10358.627498524216	200.0	25.81627885799086	0.0	115792	392.4288773841043	0.004705182	0.2
10358.99802349091	200.0	29.445753891296647	0.0	107674	370.5249666942107	0.004705182	0.2
10359.33517453899	200.0	33.108602843218264	0.0	95305	337.1510480783825	0.004705182	0.2
10359.699631275193	200.0	36.744146107016974	0.0	105425	364.456736201285	0.010407925	0.2
10360.036944214702	200.0	40.40683316750704	0.0	95365	337.31293950994115	0.004705182	0.2
10360.37419509583	200.0	44.06958228637919	0.0	95342	337.2508811278437	0.004705182	0.2
10360.73054107131	200.0	47.713236310899	0.0	102419	356.3459754801936	0.008203573	0.2
10361.028735644575	200.0	51.41504173763469	0.0	80867	298.1945732643046	0.004705182	0.2
10361.3320109106	200.0	55.11176647160997	0.0	82750	303.27526602472216	0.009863384	0.2
10375.332208356313	12000.0	45.111569025897	0.0	5443841	14000.197445712969	0.05644063	12.0
10375.63427655498	200.0	48.80950082723132	0.0	89871	302.0681986656783	0.004705182	0.2
10385.537442140314	12000.0	42.90633524189571	0.0	4055239	9903.16558533561	0.004705182	12.0
10385.83694721033	200.0	46.60683017188122	0.0	90919	299.50507001448574	0.004705182	0.2
10386.1242770027	200.0	50.31950037951039	0.0	85876	287.3297923708353	0.07913267	0.2
10399.400023024562	12000.0	41.04375435764743	0.0	5251330	13275.746021862959	0.14540966	12.0
10399.789455553253	200.0	44.654321828957286	0.0	97742	389.4325286901464	0.017731095	0.2
10400.188173400502	200.0	48.25560398170758	0.0	100675	398.7178472497032	0.15884481	0.2
10400.539647876165	200.0	51.90412950604474	0.0	85752	351.4744756628413	0.004705182	0.2
10400.918994136553	200.0	55.52478324565692	0.0	94556	379.34626038781164	0.004705182	0.2
10410.40024978341	8000.0	50.04352759879984	0.0	3253093	9481.255646857082	0.004705182	8.0
10423.86494763178	12000.0	40.57882975042915	0.0	5138482	13464.697848370692	0.004705182	12.0
10433.56185440227	8000.0	34.881922979941606	0.0	3354913	9696.906770487545	0.004705182	8.0
10433.903773661037	200.0	38.54000372117258	0.0	93993	341.9192587690272	0.08283291	0.2
10434.254303460057	200.0	42.18947392215485	0.0	97083	350.52979901772966	0.68332636	0.2
10434.596192066416	200.0	45.84758531579448	0.0	93982	341.8886063603748	0.57944083	0.2
10446.692388411715	8000.0	37.75138897049535	0.0	3568902	12096.196345299135	0.0050615976	8.0
10448.83297673015	1500.0	39.61080065206081	0.0	633700	2140.5883184345344	0.17510128	1.5
10449.124086169011	200.0	43.31969121319872	0.0	89422	291.1094388620837	0.19194992	0.2
10449.45958614688	200.0	46.98419123533143	0.0	108225	335.4999778672923	0.18162423	0.2
10449.746845084805	200.0	50.696932297406306	0.0	87791	287.25893792513244	0.4240815	0.2
10450.0678566971	200.0	54.37592068511233	0.0	102088	321.0116122939814	0.6605519	0.2
10459.017028765324	8000.0	49.42674861688631	0.0	3739359	8949.172068226015	0.27381164	8.0
10473.868160220689	12000.0	38.57561716152291	0.0	5257310	14851.131455363398	0.004705182	12.0
10474.243137168382	200.0	42.20064021382904	0.0	101968	374.9769476938654	0.18570615	0.2
10487.729661098887	12000.0	32.714116283323975	0.0	4828747	13486.523930505069	0.004705182	12.0
10492.219246527295	4000.0	32.2245308549152	0.0	1830641	4489.58542840877	0.007032968	4.0
10496.211313033557	4000.0	32.23246434865503	0.0	1697030	3992.0665062601756	0.28556678	4.0
10500.816803502012	4000.0	31.62697388020036	0.0	1910697	4605.490468454668	0.015979461	4.0
10510.02325687267	8000.0	26.42052050954439	0.0	3682991	9206.453370655972	0.103298925	8.0
10523.695531561683	12000.0	16.748245820528936	0.0	5875126	13672.274689015454	0.6819212	12.0
10527.838363427793	4000.0	16.60541395442112	0.0	1750852	4142.831866107816	0.004705182	4.0
10532.733066202749	4000.0	15.710711179464285	0.0	2034636	4894.702774956837	0.5906858	4.0

