13136.598620370638	600.0	4.0	0.9847432494279177	247108	984.7432494279177	-19.094864988558353
13137.039689478188	200.0	7.558930892448513	0.0	98617	441.0691075514875	0.2
13138.175788334023	600.0	10.422832036613272	0.0	288447	1136.0988558352403	0.6
13140.88627254455	1500.0	11.712347826086956	0.0	718451	2710.4842105263156	1.5
13148.157666672492	4000.0	8.440953698144622	0.0	2069289	7271.394127942335	4.0
13149.264858167633	600.0	11.333762203004264	0.0	330929	1107.1914951403573	0.6
13155.696964012785	4000.0	8.901656357853238	0.0	2046450	6432.105845151027	4.0
13156.640551499464	600.0	11.95806887117459	0.0	274823	943.5874866786463	0.6
13162.646652694095	4000.0	9.951967676543449	0.0	1857129	6006.10119463114	4.0
13165.161683507202	1500.0	11.436936863436411	0.0	763093	2515.0308131070383	1.5
13172.074101251017	4000.0	8.52451911962111	0.0	2094766	6912.417743815302	4.0
13173.090362339706	600.0	11.508258030932083	0.0	285624	1016.261088689025	0.6
13180.363161626787	4000.0	8.235458743852352	0.0	2131310	7272.7992870797325	4.0
13181.369300386712	600.0	11.229319983926981	0.0	266809	1006.1387599253699	0.6
13189.024623807747	4000.0	7.573996562891755	0.0	2157416	7655.3234210352275	4.0
13190.276472348016	600.0	10.32214802262216	0.0	324375	1251.8485402695928	0.6
13193.01382564116	1500.0	11.584794729479395	0.0	735572	2737.3532931427667	1.5
13201.978544629981	4000.0	6.620075740655983	0.0	2192675	8964.718988823412	4.0
13202.466882594894	200.0	10.131737775743703	0.0	90919	488.3379649122807	0.2
13205.521643015947	1500.0	11.07697735469107	0.0	662349	3054.7604210526315	1.5
13214.253745053526	4000.0	6.344875317112601	0.0	2379358	8732.10203757847	4.0
13214.673443991336	200.0	9.925176379301709	0.0	97742	419.69893781089127	0.2
13217.57628529993	1500.0	11.02233507070773	0.0	809327	2902.84130859398	1.5
13224.555554516137	4000.0	8.043065854501748	0.0	1822097	6979.269216205982	4.0
13225.949219794442	600.0	10.649400576198076	0.0	346939	1393.665278303673	0.6
13228.4221580004	1500.0	12.17646237023879	0.0	644861	2472.938205959286	1.5
13235.841674934327	4000.0	8.75694543631105	0.0	2068230	7419.51693392774	4.0
13236.995549000023	600.0	11.603071370615838	0.0	302611	1153.8740656952116	0.6
13244.66080315723	4000.0	7.937817213407629	0.0	2165436	7665.254157208209	4.0
13245.799561681448	600.0	10.79905868919011	0.0	302752	1138.7585242175205	0.6
13248.523888797896	1500.0	12.074731572742362	0.0	757473	2724.327116447748	1.5
13255.340274215012	4000.0	9.258346155625205	0.0	1947068	6816.385417117156	4.0
13257.61272329169	1500.0	10.985897078948303	0.0	633700	2272.4490766769018	1.5
13260.318377578309	1500.0	12.280242792329831	0.0	755142	2705.654286618471	1.5
13266.766643652925	4000.0	9.83197671771401	0.0	1828568	6448.266074615821	4.0
13269.589127356663	1500.0	11.00949301397661	0.0	785519	2822.4837037374	1.5
13277.016062985374	4000.0	7.582557385266882	0.0	2096494	7426.935628709727	4.0
13278.24361801527	600.0	10.355002355370043	0.0	327462	1227.5550298968394	0.6
13280.668751281402	1500.0	11.929869089237519	0.0	691256	2425.1332661325246	1.5
13287.807227724612	4000.0	8.791392646028655	0.0	2094647	7138.476443208863	4.0
13288.950385299873	600.0	11.6482350707687	0.0	315398	1143.1575752599542	0.6
13295.236473951454	4000.0	9.362146419188058	0.0	1830641	6286.088651580643	4.0
13297.916894326061	1500.0	10.681726044580039	0.0	767059	2680.4203746080175	1.5
13300.810413861122	1500.0	11.788206509519885	0.0	848035	2893.5195350601534	1.5
13307.991172982225	4000.0	8.607447388416157	0.0	2171279	7180.75912110373	4.0
13309.013794545843	600.0	11.584825824798374	0.0	288236	1022.6215636177824	0.6
13314.853675562215	4000.0	9.74494480842505	0.0	1750852	5839.881016373324	4.0
13317.594701867722	1500.0	11.0039185029192	0.0	808636	2741.0263055058513	1.5

