15169.569360794967	600.0	4.0	0.904122563835331	247108	904.122563835331	-17.48245127670662
15169.978255427588	200.0	7.591105367378843	0.0	98617	408.89463262115686	0.2
15171.020246464586	600.0	10.549114330380405	0.0	288447	1041.9910369984368	0.6
15172.033038960679	600.0	13.53632183428869	0.0	279692	1012.7924960917144	0.6
15174.528617074278	1500.0	15.040743720687857	0.0	724296	2495.5781136008336	1.5
15176.909245318157	1500.0	16.660115476810837	0.0	689829	2380.6282438770195	1.5
15179.48296867339	1500.0	18.086392121577234	0.0	737903	2573.7233552336033	1.5
15182.54435371494	1500.0	19.02500708002599	0.0	780303	3061.3850415512466	1.5
15186.030459360178	1500.0	19.538901434787665	0.0	891463	3486.1056452383227	1.5
15189.026088360082	1500.0	20.543272434883185	0.0	763093	2995.6289999044798	1.5
15192.24120897992	1500.0	21.328151815045548	0.0	769316	3215.1206198376385	1.5
15195.38812009332	1500.0	22.18124070164561	0.0	744416	3146.911113399938	1.5
15197.965151713466	1500.0	23.604209081499352	0.0	606092	2577.0316201462565	1.5
15200.860651234227	1500.0	24.708709560739358	0.0	748011	2895.4995207599973	1.5
15203.432348241451	1500.0	26.137012553515415	0.0	754517	2571.6970072239424	1.5
15206.599218829686	1500.0	26.97014196528012	0.0	934743	3166.8705882352947	1.5
15209.108352369418	1500.0	28.461008425548435	0.0	735572	2509.133539731682	1.5
15211.923023251904	1500.0	29.646337543062728	0.0	772616	2814.6708824857096	1.5
15219.65121936364	4000.0	25.91814143132678	0.0	2082556	7728.196111735948	4.0
15222.553971420573	1500.0	27.015389374394854	0.0	662349	2902.7520569319286	1.5
15226.334058863154	1500.0	27.235301931813634	0.0	835711	3780.0874425812167	1.5
15229.984346095429	1500.0	27.58501469953736	0.0	806394	3650.287232276274	1.5
15233.335166460798	1500.0	28.234194334170258	0.0	809327	3350.8203653671035	1.5
15236.133647322042	1500.0	29.43571347292624	0.0	681795	2798.4808612440193	1.5
15239.623571564465	1500.0	29.945789230501997	0.0	855209	3489.9242424242425	1.5
15242.229800924631	1500.0	31.339559870336878	0.0	644861	2606.229360165119	1.5
15245.382610522154	1500.0	32.186750272813654	0.0	794014	3152.80959752322	1.5
15249.000861296148	1500.0	32.56849949881985	0.0	914284	3618.250773993808	1.5
15251.626306573631	1500.0	33.94305422133729	0.0	675709	2625.445277482557	1.5
15258.698014699668	4000.0	30.871346095300805	0.0	2002600	7071.708126036485	4.0
15261.446172483093	1500.0	32.12318831187614	0.0	757473	2748.1577834246623	1.5
15268.901953906963	4000.0	28.667406888006074	0.0	1947068	7455.781423870067	4.0
15271.3768048978	1500.0	30.192555897168656	0.0	633700	2474.8509908374176	1.5
15274.106425950433	1500.0	31.462934844537077	0.0	755142	2729.621052631579	1.5
15280.602454020609	4000.0	28.96690677436164	0.0	1828568	6496.028070175439	4.0
15287.831137662213	4000.0	25.738223132756413	0.0	1785821	7228.683641605223	4.0
15290.691117762732	1500.0	26.87824303223852	0.0	681043	2859.9801005178965	1.5
15294.186793575807	1500.0	27.382567219162965	0.0	866245	3495.675813075556	1.5
15296.958010939603	1500.0	28.61134985536512	0.0	691256	2771.2173637978444	1.5
15299.863891174171	1500.0	29.70546962079812	0.0	725845	2905.880234567	1.5
15302.927819556746	1500.0	30.64154123822266	0.0	811013	3063.928382575457	1.5
15309.065157164026	4000.0	28.504203630943163	0.0	1830641	6137.337607279495	4.0
15315.212076222664	4000.0	26.357284572304767	0.0	1697030	6146.919058638396	4.0
15318.575454323087	1500.0	26.993906471881296	0.0	848035	3363.3781004234725	1.5
15321.092479852427	1500.0	28.476880942540703	0.0	629438	2517.025529340593	1.5
15324.011896159765	1500.0	29.557464635200937	0.0	763847	2919.416307339766	1.5
15330.422517388664	4000.0	27.146843406302157	0.0	1750852	6410.621228898783	4.0
15333.39871156461	1500.0	28.17064923035585	0.0	808636	2976.1941759463075	1.5

