13828.94595830305	600.0	4.0	1.032361315187282	247108	1032.361315187282	-20.04722630374564
13831.848668166955	1500.0	5.0972901360953875	0.0	732405	2902.709863904613	1.5
13834.410072960403	1500.0	6.535885342647236	0.0	643847	2561.4047934481514	1.5
13837.259003708325	1500.0	7.686954594724798	0.0	718451	2848.930747922438	1.5
13839.632921820383	1500.0	9.313036482667298	0.0	724296	2373.9181120575004	1.5
13841.643492214464	1500.0	11.302466088586382	0.0	689829	2010.570394080915	1.5
13843.788603547131	1500.0	13.157354755917721	0.0	737903	2145.1113326686605	1.5
13846.052376438984	1500.0	14.893581864066956	0.0	780303	2263.7728918507632	1.5
13848.627244116651	1500.0	16.318714186398207	0.0	891463	2574.8676776687485	1.5
13850.754670745848	1500.0	18.191287557202003	0.0	763093	2127.4266291962076	1.5
13852.898528830052	1500.0	20.047429472998186	0.0	769316	2143.8580842038195	1.5
13854.975587229475	1500.0	21.97037107357497	0.0	744416	2077.0583994232156	1.5
13856.681561307709	1500.0	24.2643969953402	0.0	606092	1705.9740782347715	1.5
13858.768264079294	1500.0	26.17769422375689	0.0	748011	2086.7027715833065	1.5
13860.610600070406	1500.0	28.33535823264361	0.0	754517	1842.3359911132777	1.5
13862.824960157173	1500.0	30.120998145875717	0.0	934743	2214.360086767896	1.5
13864.584540017888	1500.0	32.36141828516102	0.0	735572	1759.5798607146937	1.5
13866.428704876891	1500.0	34.51725342615886	0.0	772616	1844.1648590021694	1.5
13868.215283253418	1500.0	36.730675049631856	0.0	747396	1786.5783765270007	1.5
13869.810404523945	1500.0	39.1355537791057	0.0	662349	1595.1212705261546	1.5
13871.816394210806	1500.0	41.12956409224486	0.0	835711	2005.9896868608305	1.5
13873.754819584587	1500.0	43.19113871846559	0.0	806394	1938.4253737792758	1.5
13875.70000438567	1500.0	45.24595391738242	0.0	809327	1945.1848010831677	1.5
13877.351277395781	1500.0	47.594680907270934	0.0	681795	1651.2730101114857	1.5
13879.402202409465	1500.0	49.5437558935873	0.0	855209	2050.9250136836345	1.5
13881.84579284412	1500.0	51.100165458931976	0.0	644861	2443.5904346553266	1.5
13885.402877443294	1500.0	51.54308085975853	0.0	794014	3557.084599173441	1.5
13889.48663910955	1500.0	51.45931919350241	0.0	914284	4083.761666256124	1.5
13891.41084620064	1500.0	53.535112102411745	0.0	675709	1924.2070910906602	1.5
13893.082224968071	1500.0	55.863733334980346	0.0	707527	1671.378767431399	1.5
13894.86594291679	1500.0	58.080015386262396	0.0	757473	1783.7179487179487	1.5
13897.047919974819	1500.0	59.89803832823271	0.0	712239	1681.9770580296897	1.5
13899.052895233479	1500.0	59.89271219238025	0.0	633700	1505.326135852452	1.5
13903.186545496443	1500.0	59.75906192941524	0.0	755142	1633.6502629650108	1.5
13907.14569500716	1500.0	59.799912418697325	0.0	670327	1459.1495107179137	1.5
13911.351594651427	1500.0	59.594012774430865	0.0	785519	1705.8996442664668	1.5
13915.11393520507	1500.0	59.83167222078803	0.0	681043	1762.340553642834	1.5
13917.714292669574	1500.0	59.61183803573608	0.0	866245	2219.8341850519523	1.5
13921.439601645801	1500.0	59.88652905950806	0.0	691256	1725.3089762280206	1.5
13925.747238431377	1500.0	59.578892273931906	0.0	725845	1807.6367855761507	1.5
13929.750400738805	1500.0	59.575729966502806	0.0	811013	2003.1623074291047	1.5
13933.334583248312	1500.0	59.9915474569971	0.0	657685	1584.1825095057034	1.5
13937.668913560785	1500.0	59.6572171445239	0.0	767059	1834.330312473198	1.5
13941.805664048896	1500.0	59.52046665641341	0.0	848035	2636.7504881104887	1.5
13945.799212975362	1500.0	59.526917729945616	0.0	629438	1993.548926467794	1.5
13949.646976675998	1500.0	59.679154029310055	0.0	763847	2347.763700635558	1.5
13953.507175634933	1500.0	59.81895507037426	0.0	769491	1860.198958935801	1.5
13957.4579356118	1500.0	59.868195093509016	0.0	808636	1950.75997686524	1.5

