14599.079641536906	600.0	4.0	0.6598020266604098	247108	659.8020266604098	-12.596040533208196
14599.391031603043	200.0	7.68860993386224	0.0	98617	311.39006613776013	0.2
14600.147829420937	600.0	10.931812115968384	0.0	288447	756.797817893857	0.6
14601.913567421554	1500.0	13.166074115352465	0.0	718451	1765.7380006159174	1.5
14612.125563508438	8000.0	6.954078028468939	0.0	4143114	10211.996086883526	8.0
14612.46721898343	200.0	10.612422553478567	0.0	97658	341.6554749903712	0.2
14614.524285480406	1500.0	12.555356056501157	0.0	737903	2057.0664969774098	1.5
14620.144792465739	4000.0	10.934849071168454	0.0	2058614	5620.506985332703	4.0
14622.669291600258	1500.0	12.410349936650295	0.0	891463	2524.499134518158	1.5
14629.25159591049	4000.0	9.828045626418694	0.0	2373154	6582.304310231601	4.0
14631.14577975992	1500.0	11.933861776988342	0.0	769316	1894.183849430353	1.5
14635.380273414947	4000.0	11.699368121960266	0.0	1761739	4234.493655028076	4.0
14640.642997404982	4000.0	10.436644131923567	0.0	2131310	5262.723990036699	4.0
14642.756257572833	1500.0	12.323383964073342	0.0	748011	2113.260167850226	1.5
14648.70059381693	4000.0	10.379047719976981	0.0	2157416	5944.336244096362	4.0
14651.360565739044	1500.0	11.719075797865282	0.0	934743	2659.9719221116993	1.5
14656.551276134867	4000.0	10.528365402041011	0.0	1835863	5190.7103958242715	4.0
14658.782099275364	1500.0	12.297542261545143	0.0	772616	2230.823140495868	1.5
14664.278080006658	4000.0	10.801561530250744	0.0	2082556	5495.980731294398	4.0
14666.052907046911	1500.0	13.026734489997423	0.0	662349	1774.8270402533226	1.5
14675.661649867674	8000.0	7.417991669233366	0.0	3690869	9608.742820764057	8.0
14676.549304425234	600.0	10.530337111673157	0.0	310841	887.6545575602073	0.6
14678.732169362956	1500.0	12.347472173950882	0.0	809327	2182.8649377222755	1.5
14683.799491903546	4000.0	11.280149633360248	0.0	1822097	5067.322540590634	4.0
14689.028660030255	4000.0	10.050981506651999	0.0	1836837	5229.1681267082495	4.0
14690.995602292796	1500.0	12.084039244109736	0.0	644861	1966.942262542264	1.5
14697.976027682736	4000.0	9.103613854168957	0.0	2068230	6980.425389940779	4.0
14700.979797679867	1500.0	10.099843857038229	0.0	914284	3003.769997130728	1.5
14702.674949837867	1500.0	12.404691699038917	0.0	675709	1695.152157999313	1.5
14707.541779244622	4000.0	11.53786229228331	0.0	2002600	4866.829406755606	4.0
14713.278926625699	4000.0	9.800714911207361	0.0	2290706	5737.147381075947	4.0
14715.202135631618	1500.0	11.877505905287522	0.0	712239	1923.2090059198397	1.5
14721.97818242636	4000.0	9.10145911054659	0.0	2544033	6776.046794740931	4.0
14724.284754739496	1500.0	10.794886797410811	0.0	755142	2306.5723131357804	1.5
14726.341245967566	1500.0	12.738395569340636	0.0	670327	2056.4912280701756	1.5
14731.650038963251	4000.0	11.42960257365527	0.0	1785821	5308.792995685365	4.0
14737.324046034159	4000.0	9.755595502746058	0.0	2096494	5674.007070909212	4.0
14739.71541952492	1500.0	11.364222011984934	0.0	866245	2391.3734907611233	1.5
14745.38623279407	4000.0	9.693408742837352	0.0	2142800	5670.813269147581	4.0
14747.34119566136	1500.0	11.738445875546425	0.0	725845	1954.9628672909269	1.5
14752.5352526134	4000.0	10.544388923507592	0.0	1985434	5194.056952038835	4.0
14754.284954150933	1500.0	12.794687385973676	0.0	657685	1749.7015375339163	1.5
14758.67329872355	4000.0	12.406342813357329	0.0	1697030	4388.344572616347	4.0
14763.99966197686	4000.0	11.079979560046112	0.0	1910697	5326.363253311216	4.0
14770.90221971449	4000.0	8.177421822418461	0.0	2171279	6902.5577376276515	4.0
14771.887910209382	600.0	11.191731327524511	0.0	288236	985.6904948939513	0.6
14777.51720634601	4000.0	9.5624351908963	0.0	1750852	5629.29613662821	4.0
14780.16104908539	1500.0	10.918592451517732	0.0	808636	2643.842739378567	1.5

